<?xml version="1.0" encoding="UTF-8"?>
<!-- Generated by org.testng.reporters.JUnitReportReporter -->
<testsuite hostname="DLLA1414" name="com.qait.hbp.testBuilder.tests.Launch_Test_Builder_Test" tests="5" failures="0" timestamp="4 Aug 2016 05:16:09 GMT" time="146.518" errors="0">
  <testcase name="Test003_Verify_User_Is_Able_To_Search_The_Product" time="14.406" classname="com.qait.hbp.testBuilder.tests.Launch_Test_Builder_Test"/>
  <testcase name="Test005_Verify_User_Is_Able_To_Navigate_To_Edit_Test_Page" time="14.172" classname="com.qait.hbp.testBuilder.tests.Launch_Test_Builder_Test"/>
  <testcase name="Test002_Verify_User_Is_Able_To_Login_Into_Application" time="17.894" classname="com.qait.hbp.testBuilder.tests.Launch_Test_Builder_Test"/>
  <testcase name="Test004_Verify_User_Is_Able_To_Navigate_To_Test_Builder_Page" time="5.317" classname="com.qait.hbp.testBuilder.tests.Launch_Test_Builder_Test"/>
  <testcase name="Test0001_Launch_Login_URL" time="94.729" classname="com.qait.hbp.testBuilder.tests.Launch_Test_Builder_Test"/>
</testsuite> <!-- com.qait.hbp.testBuilder.tests.Launch_Test_Builder_Test -->
