<?xml version="1.0" encoding="UTF-8"?>
<!-- Generated by org.testng.reporters.JUnitReportReporter -->
<<<<<<< HEAD
<testsuite hostname="DLLA1462" name="com.qait.hbp.ereader.tests.Search_Notes_Test" tests="41" failures="4" timestamp="29 Jul 2016 09:21:30 GMT" time="1308.621" errors="1">
  <testcase name="Test032_Click_Back_Button_For_Handheld" time="30.172" classname="com.qait.hbp.ereader.tests.Search_Notes_Test">
    <error type="java.lang.AssertionError" message="[ASSERT FAILED]: Element bodyElement not found on the eReader/AnnotationHighlights !!!">
      <![CDATA[java.lang.AssertionError: [ASSERT FAILED]: Element bodyElement not found on the eReader/AnnotationHighlights !!!
	at org.testng.Assert.fail(Assert.java:94)
	at com.qait.hbp.automation.getpageobjects.GetPage.element(GetPage.java:387)
	at com.qait.hbp.automation.getpageobjects.GetPage.element(GetPage.java:331)
	at com.qait.hbp.ereader.keywords.AnnotationHighlightActions.click_Back_Button(AnnotationHighlightActions.java:798)
	at com.qait.hbp.ereader.tests.Search_Notes_Test.Test032_Click_Back_Button_For_Handheld(Search_Notes_Test.java:352)
	at sun.reflect.NativeMethodAccessorImpl.invoke0(Native Method)
	at sun.reflect.NativeMethodAccessorImpl.invoke(Unknown Source)
	at sun.reflect.DelegatingMethodAccessorImpl.invoke(Unknown Source)
	at java.lang.reflect.Method.invoke(Unknown Source)
	at org.testng.internal.MethodInvocationHelper.invokeMethod(MethodInvocationHelper.java:84)
	at org.testng.internal.Invoker.invokeMethod(Invoker.java:714)
	at org.testng.internal.Invoker.invokeTestMethod(Invoker.java:901)
	at org.testng.internal.Invoker.invokeTestMethods(Invoker.java:1231)
	at org.testng.internal.TestMethodWorker.invokeTestMethods(TestMethodWorker.java:127)
	at org.testng.internal.TestMethodWorker.run(TestMethodWorker.java:111)
	at org.testng.TestRunner.privateRun(TestRunner.java:767)
	at org.testng.TestRunner.run(TestRunner.java:617)
	at org.testng.SuiteRunner.runTest(SuiteRunner.java:334)
	at org.testng.SuiteRunner.runSequentially(SuiteRunner.java:329)
	at org.testng.SuiteRunner.privateRun(SuiteRunner.java:291)
	at org.testng.SuiteRunner.run(SuiteRunner.java:240)
	at org.testng.SuiteRunnerWorker.runSuite(SuiteRunnerWorker.java:52)
	at org.testng.SuiteRunnerWorker.run(SuiteRunnerWorker.java:86)
	at org.testng.TestNG.runSuitesSequentially(TestNG.java:1224)
	at org.testng.TestNG.runSuitesLocally(TestNG.java:1149)
	at org.testng.TestNG.run(TestNG.java:1057)
	at org.testng.remote.AbstractRemoteTestNG.run(AbstractRemoteTestNG.java:126)
	at org.testng.remote.RemoteTestNG.initAndRun(RemoteTestNG.java:137)
	at org.testng.remote.RemoteTestNG.main(RemoteTestNG.java:58)
]]>
    </error>
  </testcase> <!-- Test032_Click_Back_Button_For_Handheld -->
  <testcase name="Test0031_Delete_all_Notes_From_eReader" time="2.828" classname="com.qait.hbp.ereader.tests.Search_Notes_Test"/>
  <testcase name="Test0012_Verify_User_Is_Able_To_Navigate_to_CoursePacks_Page" time="6.855" classname="com.qait.hbp.ereader.tests.Search_Notes_Test"/>
  <testcase name="Test005_Verify_User_Is_Able_To_Select_Paragraph" time="19.092" classname="com.qait.hbp.ereader.tests.Search_Notes_Test"/>
  <testcase name="Test0201_Verify_User_Is_Able_To_Cancel_Search" time="0.706" classname="com.qait.hbp.ereader.tests.Search_Notes_Test"/>
  <testcase name="Test014_Verify_Notes_Pane_Opens_When_User_Clicks_Notes_Icon" time="1.407" classname="com.qait.hbp.ereader.tests.Search_Notes_Test"/>
  <testcase name="Test00212_Verify_User_Is_Able_To_Sync_Annotations_On_First_Time_Landing" time="181.405" classname="com.qait.hbp.ereader.tests.Search_Notes_Test"/>
  <testcase name="Test0110_Verify_User_Is_Able_To_Highlight_Paragraph" time="1.767" classname="com.qait.hbp.ereader.tests.Search_Notes_Test"/>
  <testcase name="Test0010_Launch_Login_URL" time="10.626" classname="com.qait.hbp.ereader.tests.Search_Notes_Test"/>
  <testcase name="Test017_Verify_Filter_Resets_Back_On_Selecting_All_Four_Colors" time="9.215" classname="com.qait.hbp.ereader.tests.Search_Notes_Test"/>
  <testcase name="Test015_Verify_Result_Is_Displayed_As_Per_The_Filter_Selected" time="6.296" classname="com.qait.hbp.ereader.tests.Search_Notes_Test"/>
  <testcase name="Test030_Verify_That_User_Is_Able_To_Enter_Text_In_Search_Notes_Field" time="30.059" classname="com.qait.hbp.ereader.tests.Search_Notes_Test">
    <failure type="org.openqa.selenium.TimeoutException" message="Timed out after 30 seconds waiting for presence of any elements located by By.xpath: //div[contains(@class,&#039;annotations-wrapper &#039;)]//div[contains(@class,&#039;annotation-card&#039;)]/parent::div
Build info: version: &#039;2.52.0&#039;, revision: &#039;4c2593cfc3689a7fcd7be52549167e5ccc93ad28&#039;, time: &#039;2016-02-11 11:22:43&#039;
System info: host: &#039;DLLA1462&#039;, ip: &#039;10.0.13.14&#039;, os.name: &#039;Windows 8.1&#039;, os.arch: &#039;amd64&#039;, os.version: &#039;6.3&#039;, java.version: &#039;1.8.0_73&#039;
Driver info: io.appium.java_client.android.AndroidDriver
Capabilities [{applicationCacheEnabled=false, rotatable=false, mobileEmulationEnabled=false, chrome={}, takesHeapSnapshot=true, databaseEnabled=false, handlesAlerts=true, hasTouchScreen=true, version=51.0.2704.81, platform=ANDROID, browserConnectionEnabled=false, nativeEvents=true, acceptSslCerts=true, locationContextEnabled=true, webStorageEnabled=true, browserName=chrome, takesScreenshot=true, javascriptEnabled=true, cssSelectorsEnabled=true}]
Session ID: 62e88494c1dbcb366d86a4960534f35b">
      <![CDATA[org.openqa.selenium.TimeoutException: Timed out after 30 seconds waiting for presence of any elements located by By.xpath: //div[contains(@class,'annotations-wrapper ')]//div[contains(@class,'annotation-card')]/parent::div
Build info: version: '2.52.0', revision: '4c2593cfc3689a7fcd7be52549167e5ccc93ad28', time: '2016-02-11 11:22:43'
System info: host: 'DLLA1462', ip: '10.0.13.14', os.name: 'Windows 8.1', os.arch: 'amd64', os.version: '6.3', java.version: '1.8.0_73'
Driver info: io.appium.java_client.android.AndroidDriver
Capabilities [{applicationCacheEnabled=false, rotatable=false, mobileEmulationEnabled=false, chrome={}, takesHeapSnapshot=true, databaseEnabled=false, handlesAlerts=true, hasTouchScreen=true, version=51.0.2704.81, platform=ANDROID, browserConnectionEnabled=false, nativeEvents=true, acceptSslCerts=true, locationContextEnabled=true, webStorageEnabled=true, browserName=chrome, takesScreenshot=true, javascriptEnabled=true, cssSelectorsEnabled=true}]
Session ID: 62e88494c1dbcb366d86a4960534f35b
=======
<<<<<<< HEAD
<testsuite hostname="DLLA1458" name="com.qait.hbp.ereader.tests.Search_Notes_Test" tests="41" failures="3" timestamp="29 Jul 2016 10:01:17 GMT" time="1715.233" errors="1">
  <testcase name="Test017_Verify_Filter_Resets_Back_On_Selecting_All_Four_Colors" time="9.165" classname="com.qait.hbp.ereader.tests.Search_Notes_Test"/>
  <testcase name="Test0031_Delete_all_Notes_From_eReader" time="5.063" classname="com.qait.hbp.ereader.tests.Search_Notes_Test"/>
  <testcase name="Test0191_Verify_On_Clicking_Result_Card_User_Is_Navigated_To_Correct_Location" time="5.279" classname="com.qait.hbp.ereader.tests.Search_Notes_Test"/>
  <testcase name="Test0012_Verify_User_Is_Able_To_Navigate_to_CoursePacks_Page" time="8.247" classname="com.qait.hbp.ereader.tests.Search_Notes_Test"/>
  <testcase name="Test005_Verify_User_Is_Able_To_Select_Paragraph" time="20.322" classname="com.qait.hbp.ereader.tests.Search_Notes_Test"/>
  <testcase name="Test014_Verify_Notes_Pane_Opens_When_User_Clicks_Notes_Icon" time="1.929" classname="com.qait.hbp.ereader.tests.Search_Notes_Test"/>
  <testcase name="Test00212_Verify_User_Is_Able_To_Sync_Annotations_On_First_Time_Landing" time="61.448" classname="com.qait.hbp.ereader.tests.Search_Notes_Test"/>
  <testcase name="Test030_Verify_That_User_Is_Able_To_Enter_Text_In_Search_Notes_Field" time="30.099" classname="com.qait.hbp.ereader.tests.Search_Notes_Test">
    <failure type="org.openqa.selenium.TimeoutException" message="Timed out after 30 seconds waiting for presence of any elements located by By.xpath: //div[contains(@class,&#039;annotations-wrapper &#039;)]//div[contains(@class,&#039;annotation-card&#039;)]/parent::div
Build info: version: &#039;2.52.0&#039;, revision: &#039;4c2593cfc3689a7fcd7be52549167e5ccc93ad28&#039;, time: &#039;2016-02-11 11:22:43&#039;
System info: host: &#039;DLLA1458&#039;, ip: &#039;10.0.22.138&#039;, os.name: &#039;Windows 8.1&#039;, os.arch: &#039;amd64&#039;, os.version: &#039;6.3&#039;, java.version: &#039;1.8.0_91&#039;
Driver info: io.appium.java_client.android.AndroidDriver
Capabilities [{applicationCacheEnabled=false, rotatable=false, mobileEmulationEnabled=false, chrome={}, takesHeapSnapshot=true, databaseEnabled=false, handlesAlerts=true, hasTouchScreen=true, version=51.0.2704.81, platform=ANDROID, browserConnectionEnabled=false, nativeEvents=true, acceptSslCerts=true, locationContextEnabled=true, webStorageEnabled=true, browserName=chrome, takesScreenshot=true, javascriptEnabled=true, cssSelectorsEnabled=true}]
Session ID: 51a5b69d350864e9562a2470b487b139">
      <![CDATA[org.openqa.selenium.TimeoutException: Timed out after 30 seconds waiting for presence of any elements located by By.xpath: //div[contains(@class,'annotations-wrapper ')]//div[contains(@class,'annotation-card')]/parent::div
Build info: version: '2.52.0', revision: '4c2593cfc3689a7fcd7be52549167e5ccc93ad28', time: '2016-02-11 11:22:43'
System info: host: 'DLLA1458', ip: '10.0.22.138', os.name: 'Windows 8.1', os.arch: 'amd64', os.version: '6.3', java.version: '1.8.0_91'
Driver info: io.appium.java_client.android.AndroidDriver
Capabilities [{applicationCacheEnabled=false, rotatable=false, mobileEmulationEnabled=false, chrome={}, takesHeapSnapshot=true, databaseEnabled=false, handlesAlerts=true, hasTouchScreen=true, version=51.0.2704.81, platform=ANDROID, browserConnectionEnabled=false, nativeEvents=true, acceptSslCerts=true, locationContextEnabled=true, webStorageEnabled=true, browserName=chrome, takesScreenshot=true, javascriptEnabled=true, cssSelectorsEnabled=true}]
Session ID: 51a5b69d350864e9562a2470b487b139
>>>>>>> 745e4fc0f1529382b857c58bba83ed3ab4386143
	at org.openqa.selenium.support.ui.WebDriverWait.timeoutException(WebDriverWait.java:80)
	at org.openqa.selenium.support.ui.FluentWait.until(FluentWait.java:261)
	at com.qait.hbp.automation.utils.SeleniumWait.checkPresenceOfElementsInDom(SeleniumWait.java:151)
	at com.qait.hbp.automation.getpageobjects.GetPage.elementsPresent(GetPage.java:366)
	at com.qait.hbp.automation.getpageobjects.GetPage.elementsPresent(GetPage.java:342)
<<<<<<< HEAD
	at com.qait.hbp.ereader.keywords.AnnotationHighlightActions.get_number_Of_Visible_Cards(AnnotationHighlightActions.java:1509)
	at com.qait.hbp.ereader.keywords.AnnotationHighlightActions.is_User_Able_To_Enter_Text_In_Search_Notes_Field(AnnotationHighlightActions.java:888)
=======
	at com.qait.hbp.ereader.keywords.AnnotationHighlightActions.get_number_Of_Visible_Cards(AnnotationHighlightActions.java:1515)
	at com.qait.hbp.ereader.keywords.AnnotationHighlightActions.is_User_Able_To_Enter_Text_In_Search_Notes_Field(AnnotationHighlightActions.java:895)
>>>>>>> 745e4fc0f1529382b857c58bba83ed3ab4386143
	at com.qait.hbp.ereader.tests.Search_Notes_Test.Test030_Verify_That_User_Is_Able_To_Enter_Text_In_Search_Notes_Field(Search_Notes_Test.java:340)
	at sun.reflect.NativeMethodAccessorImpl.invoke0(Native Method)
	at sun.reflect.NativeMethodAccessorImpl.invoke(Unknown Source)
	at sun.reflect.DelegatingMethodAccessorImpl.invoke(Unknown Source)
	at java.lang.reflect.Method.invoke(Unknown Source)
<<<<<<< HEAD
=======
=======
<testsuite hostname="asda0064" name="com.qait.hbp.ereader.tests.Search_Notes_Test" tests="40" failures="4" timestamp="27 Jul 2016 09:02:55 GMT" time="461.605" errors="1">
  <testcase name="Test0231_Select_Pieces_Of_Text_And_Highlight_Them" time="48.124" classname="com.qait.hbp.ereader.tests.Search_Notes_Test"/>
  <testcase name="Test015_Verify_Result_Is_Displayed_As_Per_The_Filter_Selected" time="4.281" classname="com.qait.hbp.ereader.tests.Search_Notes_Test"/>
  <testcase name="Test0073_Verify_User_Is_Able_To_Select_Paragraph" time="6.453" classname="com.qait.hbp.ereader.tests.Search_Notes_Test"/>
  <testcase name="Test0281_Verify_On_Clicking_highlightedText_In_Content_Notes_Pane_Opens_With_Related_Annotation_Text" time="84.344" classname="com.qait.hbp.ereader.tests.Search_Notes_Test">
    <failure type="org.openqa.selenium.TimeoutException" message="Timed out after 30 seconds waiting for visibility of all [[[FirefoxDriver: firefox on LINUX (358f877c-4143-452f-ab4d-589327eb2715)] -&gt; xpath: //p//word], [[FirefoxDriver: firefox on LINUX (358f877c-4143-452f-ab4d-589327eb2715)] -&gt; xpath: //p//word], [[FirefoxDriver: firefox on LINUX (358f877c-4143-452f-ab4d-589327eb2715)] -&gt; xpath: //p//word], [[FirefoxDriver: firefox on LINUX (358f877c-4143-452f-ab4d-589327eb2715)] -&gt; xpath: //p//word], [[FirefoxDriver: firefox on LINUX (358f877c-4143-452f-ab4d-589327eb2715)] -&gt; xpath: //p//word], [[FirefoxDriver: firefox on LINUX (358f877c-4143-452f-ab4d-589327eb2715)] -&gt; xpath: //p//word], [[FirefoxDriver: firefox on LINUX (358f877c-4143-452f-ab4d-589327eb2715)] -&gt; xpath: //p//word], [[FirefoxDriver: firefox on LINUX (358f877c-4143-452f-ab4d-589327eb2715)] -&gt; xpath: //p//word], [[FirefoxDriver: firefox on LINUX (358f877c-4143-452f-ab4d-589327eb2715)] -&gt; xpath: //p//word], [[FirefoxDriver: firefox on LINUX (358f877c-4143-452f-ab4d-589327eb2715)] -&gt; xpath: //p//word], [[FirefoxDriver: firefox on LINUX (358f877c-4143-452f-ab4d-589327eb2715)] -&gt; xpath: //p//word], [[FirefoxDriver: firefox on LINUX (358f877c-4143-452f-ab4d-589327eb2715)] -&gt; xpath: //p//word], [[FirefoxDriver: firefox on LINUX (358f877c-4143-452f-ab4d-589327eb2715)] -&gt; xpath: //p//word], [[FirefoxDriver: firefox on LINUX (358f877c-4143-452f-ab4d-589327eb2715)] -&gt; xpath: //p//word], [[FirefoxDriver: firefox on LINUX (358f877c-4143-452f-ab4d-589327eb2715)] -&gt; xpath: //p//word], [[FirefoxDriver: firefox on LINUX (358f877c-4143-452f-ab4d-589327eb2715)] -&gt; xpath: //p//word], [[FirefoxDriver: firefox on LINUX (358f877c-4143-452f-ab4d-589327eb2715)] -&gt; xpath: //p//word], [[FirefoxDriver: firefox on LINUX (358f877c-4143-452f-ab4d-589327eb2715)] -&gt; xpath: //p//word], [[FirefoxDriver: firefox on LINUX (358f877c-4143-452f-ab4d-589327eb2715)] -&gt; xpath: //p//word], [[FirefoxDriver: firefox on LINUX (358f877c-4143-452f-ab4d-589327eb2715)] -&gt; xpath: //p//word], [[FirefoxDriver: firefox on LINUX (358f877c-4143-452f-ab4d-589327eb2715)] -&gt; xpath: //p//word], [[FirefoxDriver: firefox on LINUX (358f877c-4143-452f-ab4d-589327eb2715)] -&gt; xpath: //p//word], [[FirefoxDriver: firefox on LINUX (358f877c-4143-452f-ab4d-589327eb2715)] -&gt; xpath: //p//word], [[FirefoxDriver: firefox on LINUX (358f877c-4143-452f-ab4d-589327eb2715)] -&gt; xpath: //p//word], [[FirefoxDriver: firefox on LINUX (358f877c-4143-452f-ab4d-589327eb2715)] -&gt; xpath: //p//word], [[FirefoxDriver: firefox on LINUX (358f877c-4143-452f-ab4d-589327eb2715)] -&gt; xpath: //p//word], [[FirefoxDriver: firefox on LINUX (358f877c-4143-452f-ab4d-589327eb2715)] -&gt; xpath: //p//word], [[FirefoxDriver: firefox on LINUX (358f877c-4143-452f-ab4d-589327eb2715)] -&gt; xpath: //p//word], [[FirefoxDriver: firefox on LINUX (358f877c-4143-452f-ab4d-589327eb2715)] -&gt; xpath: //p//word], [[FirefoxDriver: firefox on LINUX (358f877c-4143-452f-ab4d-589327eb2715)] -&gt; xpath: //p//word], [[FirefoxDriver: firefox on LINUX (358f877c-4143-452f-ab4d-589327eb2715)] -&gt; xpath: //p//word], [[FirefoxDriver: firefox on LINUX (358f877c-4143-452f-ab4d-589327eb2715)] -&gt; xpath: //p//word], [[FirefoxDriver: firefox on LINUX (358f877c-4143-452f-ab4d-589327eb2715)] -&gt; xpath: //p//word], [[FirefoxDriver: firefox on LINUX (358f877c-4143-452f-ab4d-589327eb2715)] -&gt; xpath: //p//word], [[FirefoxDriver: firefox on LINUX (358f877c-4143-452f-ab4d-589327eb2715)] -&gt; xpath: //p//word], [[FirefoxDriver: firefox on LINUX (358f877c-4143-452f-ab4d-589327eb2715)] -&gt; xpath: //p//word], [[FirefoxDriver: firefox on LINUX (358f877c-4143-452f-ab4d-589327eb2715)] -&gt; xpath: //p//word], [[FirefoxDriver: firefox on LINUX (358f877c-4143-452f-ab4d-589327eb2715)] -&gt; xpath: //p//word], [[FirefoxDriver: firefox on LINUX (358f877c-4143-452f-ab4d-589327eb2715)] -&gt; xpath: //p//word], [[FirefoxDriver: firefox on LINUX (358f877c-4143-452f-ab4d-589327eb2715)] -&gt; xpath: //p//word], [[FirefoxDriver: firefox on LINUX (358f877c-4143-452f-ab4d-589327eb2715)] -&gt; xpath: //p//word], [[FirefoxDriver: firefox on LINUX (358f877c-4143-452f-ab4d-589327eb2715)] -&gt; xpath: //p//word], [[FirefoxDriver: firefox on LINUX (358f877c-4143-452f-ab4d-589327eb2715)] -&gt; xpath: //p//word], [[FirefoxDriver: firefox on LINUX (358f877c-4143-452f-ab4d-589327eb2715)] -&gt; xpath: //p//word], [[FirefoxDriver: firefox on LINUX (358f877c-4143-452f-ab4d-589327eb2715)] -&gt; xpath: //p//word], [[FirefoxDriver: firefox on LINUX (358f877c-4143-452f-ab4d-589327eb2715)] -&gt; xpath: //p//word], [[FirefoxDriver: firefox on LINUX (358f877c-4143-452f-ab4d-589327eb2715)] -&gt; xpath: //p//word], [[FirefoxDriver: firefox on LINUX (358f877c-4143-452f-ab4d-589327eb2715)] -&gt; xpath: //p//word], [[FirefoxDriver: firefox on LINUX (358f877c-4143-452f-ab4d-589327eb2715)] -&gt; xpath: //p//word], [[FirefoxDriver: firefox on LINUX (358f877c-4143-452f-ab4d-589327eb2715)] -&gt; xpath: //p//word], [[FirefoxDriver: firefox on LINUX (358f877c-4143-452f-ab4d-589327eb2715)] -&gt; xpath: //p//word], [[FirefoxDriver: firefox on LINUX (358f877c-4143-452f-ab4d-589327eb2715)] -&gt; xpath: //p//word], [[FirefoxDriver: firefox on LINUX (358f877c-4143-452f-ab4d-589327eb2715)] -&gt; xpath: //p//word], [[FirefoxDriver: firefox on LINUX (358f877c-4143-452f-ab4d-589327eb2715)] -&gt; xpath: //p//word], [[FirefoxDriver: firefox on LINUX (358f877c-4143-452f-ab4d-589327eb2715)] -&gt; xpath: //p//word], [[FirefoxDriver: firefox on LINUX (358f877c-4143-452f-ab4d-589327eb2715)] -&gt; xpath: //p//word], [[FirefoxDriver: firefox on LINUX (358f877c-4143-452f-ab4d-589327eb2715)] -&gt; xpath: //p//word], [[FirefoxDriver: firefox on LINUX (358f877c-4143-452f-ab4d-589327eb2715)] -&gt; xpath: //p//word], [[FirefoxDriver: firefox on LINUX (358f877c-4143-452f-ab4d-589327eb2715)] -&gt; xpath: //p//word], [[FirefoxDriver: firefox on LINUX (358f877c-4143-452f-ab4d-589327eb2715)] -&gt; xpath: //p//word], [[FirefoxDriver: firefox on LINUX (358f877c-4143-452f-ab4d-589327eb2715)] -&gt; xpath: //p//word], [[FirefoxDriver: firefox on LINUX (358f877c-4143-452f-ab4d-589327eb2715)] -&gt; xpath: //p//word], [[FirefoxDriver: firefox on LINUX (358f877c-4143-452f-ab4d-589327eb2715)] -&gt; xpath: //p//word], [[FirefoxDriver: firefox on LINUX (358f877c-4143-452f-ab4d-589327eb2715)] -&gt; xpath: //p//word], [[FirefoxDriver: firefox on LINUX (358f877c-4143-452f-ab4d-589327eb2715)] -&gt; xpath: //p//word], [[FirefoxDriver: firefox on LINUX (358f877c-4143-452f-ab4d-589327eb2715)] -&gt; xpath: //p//word], [[FirefoxDriver: firefox on LINUX (358f877c-4143-452f-ab4d-589327eb2715)] -&gt; xpath: //p//word], [[FirefoxDriver: firefox on LINUX (358f877c-4143-452f-ab4d-589327eb2715)] -&gt; xpath: //p//word], [[FirefoxDriver: firefox on LINUX (358f877c-4143-452f-ab4d-589327eb2715)] -&gt; xpath: //p//word], [[FirefoxDriver: firefox on LINUX (358f877c-4143-452f-ab4d-589327eb2715)] -&gt; xpath: //p//word], [[FirefoxDriver: firefox on LINUX (358f877c-4143-452f-ab4d-589327eb2715)] -&gt; xpath: //p//word], [[FirefoxDriver: firefox on LINUX (358f877c-4143-452f-ab4d-589327eb2715)] -&gt; xpath: //p//word], [[FirefoxDriver: firefox on LINUX (358f877c-4143-452f-ab4d-589327eb2715)] -&gt; xpath: //p//word], [[FirefoxDriver: firefox on LINUX (358f877c-4143-452f-ab4d-589327eb2715)] -&gt; xpath: //p//word], [[FirefoxDriver: firefox on LINUX (358f877c-4143-452f-ab4d-589327eb2715)] -&gt; xpath: //p//word], [[FirefoxDriver: firefox on LINUX (358f877c-4143-452f-ab4d-589327eb2715)] -&gt; xpath: //p//word], [[FirefoxDriver: firefox on LINUX (358f877c-4143-452f-ab4d-589327eb2715)] -&gt; xpath: //p//word], [[FirefoxDriver: firefox on LINUX (358f877c-4143-452f-ab4d-589327eb2715)] -&gt; xpath: //p//word], [[FirefoxDriver: firefox on LINUX (358f877c-4143-452f-ab4d-589327eb2715)] -&gt; xpath: //p//word], [[FirefoxDriver: firefox on LINUX (358f877c-4143-452f-ab4d-589327eb2715)] -&gt; xpath: //p//word], [[FirefoxDriver: firefox on LINUX (358f877c-4143-452f-ab4d-589327eb2715)] -&gt; xpath: //p//word], [[FirefoxDriver: firefox on LINUX (358f877c-4143-452f-ab4d-589327eb2715)] -&gt; xpath: //p//word], [[FirefoxDriver: firefox on LINUX (358f877c-4143-452f-ab4d-589327eb2715)] -&gt; xpath: //p//word], [[FirefoxDriver: firefox on LINUX (358f877c-4143-452f-ab4d-589327eb2715)] -&gt; xpath: //p//word], [[FirefoxDriver: firefox on LINUX (358f877c-4143-452f-ab4d-589327eb2715)] -&gt; xpath: //p//word], [[FirefoxDriver: firefox on LINUX (358f877c-4143-452f-ab4d-589327eb2715)] -&gt; xpath: //p//word], [[FirefoxDriver: firefox on LINUX (358f877c-4143-452f-ab4d-589327eb2715)] -&gt; xpath: //p//word], [[FirefoxDriver: firefox on LINUX (358f877c-4143-452f-ab4d-589327eb2715)] -&gt; xpath: //p//word], [[FirefoxDriver: firefox on LINUX (358f877c-4143-452f-ab4d-589327eb2715)] -&gt; xpath: //p//word], [[FirefoxDriver: firefox on LINUX (358f877c-4143-452f-ab4d-589327eb2715)] -&gt; xpath: //p//word], [[FirefoxDriver: firefox on LINUX (358f877c-4143-452f-ab4d-589327eb2715)] -&gt; xpath: //p//word], [[FirefoxDriver: firefox on LINUX (358f877c-4143-452f-ab4d-589327eb2715)] -&gt; xpath: //p//word], [[FirefoxDriver: firefox on LINUX (358f877c-4143-452f-ab4d-589327eb2715)] -&gt; xpath: //p//word], [[FirefoxDriver: firefox on LINUX (358f877c-4143-452f-ab4d-589327eb2715)] -&gt; xpath: //p//word], [[FirefoxDriver: firefox on LINUX (358f877c-4143-452f-ab4d-589327eb2715)] -&gt; xpath: //p//word], [[FirefoxDriver: firefox on LINUX (358f877c-4143-452f-ab4d-589327eb2715)] -&gt; xpath: //p//word], [[FirefoxDriver: firefox on LINUX (358f877c-4143-452f-ab4d-589327eb2715)] -&gt; xpath: //p//word], [[FirefoxDriver: firefox on LINUX (358f877c-4143-452f-ab4d-589327eb2715)] -&gt; xpath: //p//word], [[FirefoxDriver: firefox on LINUX (358f877c-4143-452f-ab4d-589327eb2715)] -&gt; xpath: //p//word], [[FirefoxDriver: firefox on LINUX (358f877c-4143-452f-ab4d-589327eb2715)] -&gt; xpath: //p//word], [[FirefoxDriver: firefox on LINUX (358f877c-4143-452f-ab4d-589327eb2715)] -&gt; xpath: //p//word], [[FirefoxDriver: firefox on LINUX (358f877c-4143-452f-ab4d-589327eb2715)] -&gt; xpath: //p//word], [[FirefoxDriver: firefox on LINUX (358f877c-4143-452f-ab4d-589327eb2715)] -&gt; xpath: //p//word], [[FirefoxDriver: firefox on LINUX (358f877c-4143-452f-ab4d-589327eb2715)] -&gt; xpath: //p//word], [[FirefoxDriver: firefox on LINUX (358f877c-4143-452f-ab4d-589327eb2715)] -&gt; xpath: //p//word], [[FirefoxDriver: firefox on LINUX (358f877c-4143-452f-ab4d-589327eb2715)] -&gt; xpath: //p//word], [[FirefoxDriver: firefox on LINUX (358f877c-4143-452f-ab4d-589327eb2715)] -&gt; xpath: //p//word], [[FirefoxDriver: firefox on LINUX (358f877c-4143-452f-ab4d-589327eb2715)] -&gt; xpath: //p//word], [[FirefoxDriver: firefox on LINUX (358f877c-4143-452f-ab4d-589327eb2715)] -&gt; xpath: //p//word], [[FirefoxDriver: firefox on LINUX (358f877c-4143-452f-ab4d-589327eb2715)] -&gt; xpath: //p//word], [[FirefoxDriver: firefox on LINUX (358f877c-4143-452f-ab4d-589327eb2715)] -&gt; xpath: //p//word], [[FirefoxDriver: firefox on LINUX (358f877c-4143-452f-ab4d-589327eb2715)] -&gt; xpath: //p//word], [[FirefoxDriver: firefox on LINUX (358f877c-4143-452f-ab4d-589327eb2715)] -&gt; xpath: //p//word], [[FirefoxDriver: firefox on LINUX (358f877c-4143-452f-ab4d-589327eb2715)] -&gt; xpath: //p//word], [[FirefoxDriver: firefox on LINUX (358f877c-4143-452f-ab4d-589327eb2715)] -&gt; xpath: //p//word], [[FirefoxDriver: firefox on LINUX (358f877c-4143-452f-ab4d-589327eb2715)] -&gt; xpath: //p//word], [[FirefoxDriver: firefox on LINUX (358f877c-4143-452f-ab4d-589327eb2715)] -&gt; xpath: //p//word], [[FirefoxDriver: firefox on LINUX (358f877c-4143-452f-ab4d-589327eb2715)] -&gt; xpath: //p//word], [[FirefoxDriver: firefox on LINUX (358f877c-4143-452f-ab4d-589327eb2715)] -&gt; xpath: //p//word], [[FirefoxDriver: firefox on LINUX (358f877c-4143-452f-ab4d-589327eb2715)] -&gt; xpath: //p//word], [[FirefoxDriver: firefox on LINUX (358f877c-4143-452f-ab4d-589327eb2715)] -&gt; xpath: //p//word], [[FirefoxDriver: firefox on LINUX (358f877c-4143-452f-ab4d-589327eb2715)] -&gt; xpath: //p//word], [[FirefoxDriver: firefox on LINUX (358f877c-4143-452f-ab4d-589327eb2715)] -&gt; xpath: //p//word], [[FirefoxDriver: firefox on LINUX (358f877c-4143-452f-ab4d-589327eb2715)] -&gt; xpath: //p//word], [[FirefoxDriver: firefox on LINUX (358f877c-4143-452f-ab4d-589327eb2715)] -&gt; xpath: //p//word], [[FirefoxDriver: firefox on LINUX (358f877c-4143-452f-ab4d-589327eb2715)] -&gt; xpath: //p//word], [[FirefoxDriver: firefox on LINUX (358f877c-4143-452f-ab4d-589327eb2715)] -&gt; xpath: //p//word], [[FirefoxDriver: firefox on LINUX (358f877c-4143-452f-ab4d-589327eb2715)] -&gt; xpath: //p//word], [[FirefoxDriver: firefox on LINUX (358f877c-4143-452f-ab4d-589327eb2715)] -&gt; xpath: //p//word], [[FirefoxDriver: firefox on LINUX (358f877c-4143-452f-ab4d-589327eb2715)] -&gt; xpath: //p//word], [[FirefoxDriver: firefox on LINUX (358f877c-4143-452f-ab4d-589327eb2715)] -&gt; xpath: //p//word], [[FirefoxDriver: firefox on LINUX (358f877c-4143-452f-ab4d-589327eb2715)] -&gt; xpath: //p//word], [[FirefoxDriver: firefox on LINUX (358f877c-4143-452f-ab4d-589327eb2715)] -&gt; xpath: //p//word], [[FirefoxDriver: firefox on LINUX (358f877c-4143-452f-ab4d-589327eb2715)] -&gt; xpath: //p//word], [[FirefoxDriver: firefox on LINUX (358f877c-4143-452f-ab4d-589327eb2715)] -&gt; xpath: //p//word], [[FirefoxDriver: firefox on LINUX (358f877c-4143-452f-ab4d-589327eb2715)] -&gt; xpath: //p//word], [[FirefoxDriver: firefox on LINUX (358f877c-4143-452f-ab4d-589327eb2715)] -&gt; xpath: //p//word], [[FirefoxDriver: firefox on LINUX (358f877c-4143-452f-ab4d-589327eb2715)] -&gt; xpath: //p//word], [[FirefoxDriver: firefox on LINUX (358f877c-4143-452f-ab4d-589327eb2715)] -&gt; xpath: //p//word], [[FirefoxDriver: firefox on LINUX (358f877c-4143-452f-ab4d-589327eb2715)] -&gt; xpath: //p//word], [[FirefoxDriver: firefox on LINUX (358f877c-4143-452f-ab4d-589327eb2715)] -&gt; xpath: //p//word], [[FirefoxDriver: firefox on LINUX (358f877c-4143-452f-ab4d-589327eb2715)] -&gt; xpath: //p//word], [[FirefoxDriver: firefox on LINUX (358f877c-4143-452f-ab4d-589327eb2715)] -&gt; xpath: //p//word], [[FirefoxDriver: firefox on LINUX (358f877c-4143-452f-ab4d-589327eb2715)] -&gt; xpath: //p//word], [[FirefoxDriver: firefox on LINUX (358f877c-4143-452f-ab4d-589327eb2715)] -&gt; xpath: //p//word], [[FirefoxDriver: firefox on LINUX (358f877c-4143-452f-ab4d-589327eb2715)] -&gt; xpath: //p//word], [[FirefoxDriver: firefox on LINUX (358f877c-4143-452f-ab4d-589327eb2715)] -&gt; xpath: //p//word], [[FirefoxDriver: firefox on LINUX (358f877c-4143-452f-ab4d-589327eb2715)] -&gt; xpath: //p//word], [[FirefoxDriver: firefox on LINUX (358f877c-4143-452f-ab4d-589327eb2715)] -&gt; xpath: //p//word], [[FirefoxDriver: firefox on LINUX (358f877c-4143-452f-ab4d-589327eb2715)] -&gt; xpath: //p//word], [[FirefoxDriver: firefox on LINUX (358f877c-4143-452f-ab4d-589327eb2715)] -&gt; xpath: //p//word], [[FirefoxDriver: firefox on LINUX (358f877c-4143-452f-ab4d-589327eb2715)] -&gt; xpath: //p//word], [[FirefoxDriver: firefox on LINUX (358f877c-4143-452f-ab4d-589327eb2715)] -&gt; xpath: //p//word], [[FirefoxDriver: firefox on LINUX (358f877c-4143-452f-ab4d-589327eb2715)] -&gt; xpath: //p//word], [[FirefoxDriver: firefox on LINUX (358f877c-4143-452f-ab4d-589327eb2715)] -&gt; xpath: //p//word], [[FirefoxDriver: firefox on LINUX (358f877c-4143-452f-ab4d-589327eb2715)] -&gt; xpath: //p//word], [[FirefoxDriver: firefox on LINUX (358f877c-4143-452f-ab4d-589327eb2715)] -&gt; xpath: //p//word], [[FirefoxDriver: firefox on LINUX (358f877c-4143-452f-ab4d-589327eb2715)] -&gt; xpath: //p//word], [[FirefoxDriver: firefox on LINUX (358f877c-4143-452f-ab4d-589327eb2715)] -&gt; xpath: //p//word], [[FirefoxDriver: firefox on LINUX (358f877c-4143-452f-ab4d-589327eb2715)] -&gt; xpath: //p//word], [[FirefoxDriver: firefox on LINUX (358f877c-4143-452f-ab4d-589327eb2715)] -&gt; xpath: //p//word], [[FirefoxDriver: firefox on LINUX (358f877c-4143-452f-ab4d-589327eb2715)] -&gt; xpath: //p//word], [[FirefoxDriver: firefox on LINUX (358f877c-4143-452f-ab4d-589327eb2715)] -&gt; xpath: //p//word], [[FirefoxDriver: firefox on LINUX (358f877c-4143-452f-ab4d-589327eb2715)] -&gt; xpath: //p//word], [[FirefoxDriver: firefox on LINUX (358f877c-4143-452f-ab4d-589327eb2715)] -&gt; xpath: //p//word], [[FirefoxDriver: firefox on LINUX (358f877c-4143-452f-ab4d-589327eb2715)] -&gt; xpath: //p//word], [[FirefoxDriver: firefox on LINUX (358f877c-4143-452f-ab4d-589327eb2715)] -&gt; xpath: //p//word], [[FirefoxDriver: firefox on LINUX (358f877c-4143-452f-ab4d-589327eb2715)] -&gt; xpath: //p//word], [[FirefoxDriver: firefox on LINUX (358f877c-4143-452f-ab4d-589327eb2715)] -&gt; xpath: //p//word], [[FirefoxDriver: firefox on LINUX (358f877c-4143-452f-ab4d-589327eb2715)] -&gt; xpath: //p//word], [[FirefoxDriver: firefox on LINUX (358f877c-4143-452f-ab4d-589327eb2715)] -&gt; xpath: //p//word], [[FirefoxDriver: firefox on LINUX (358f877c-4143-452f-ab4d-589327eb2715)] -&gt; xpath: //p//word], [[FirefoxDriver: firefox on LINUX (358f877c-4143-452f-ab4d-589327eb2715)] -&gt; xpath: //p//word], [[FirefoxDriver: firefox on LINUX (358f877c-4143-452f-ab4d-589327eb2715)] -&gt; xpath: //p//word], [[FirefoxDriver: firefox on LINUX (358f877c-4143-452f-ab4d-589327eb2715)] -&gt; xpath: //p//word], [[FirefoxDriver: firefox on LINUX (358f877c-4143-452f-ab4d-589327eb2715)] -&gt; xpath: //p//word], [[FirefoxDriver: firefox on LINUX (358f877c-4143-452f-ab4d-589327eb2715)] -&gt; xpath: //p//word], [[FirefoxDriver: firefox on LINUX (358f877c-4143-452f-ab4d-589327eb2715)] -&gt; xpath: //p//word], [[FirefoxDriver: firefox on LINUX (358f877c-4143-452f-ab4d-589327eb2715)] -&gt; xpath: //p//word], [[FirefoxDriver: firefox on LINUX (358f877c-4143-452f-ab4d-589327eb2715)] -&gt; xpath: //p//word], [[FirefoxDriver: firefox on LINUX (358f877c-4143-452f-ab4d-589327eb2715)] -&gt; xpath: //p//word], [[FirefoxDriver: firefox on LINUX (358f877c-4143-452f-ab4d-589327eb2715)] -&gt; xpath: //p//word], [[FirefoxDriver: firefox on LINUX (358f877c-4143-452f-ab4d-589327eb2715)] -&gt; xpath: //p//word], [[FirefoxDriver: firefox on LINUX (358f877c-4143-452f-ab4d-589327eb2715)] -&gt; xpath: //p//word], [[FirefoxDriver: firefox on LINUX (358f877c-4143-452f-ab4d-589327eb2715)] -&gt; xpath: //p//word], [[FirefoxDriver: firefox on LINUX (358f877c-4143-452f-ab4d-589327eb2715)] -&gt; xpath: //p//word], [[FirefoxDriver: firefox on LINUX (358f877c-4143-452f-ab4d-589327eb2715)] -&gt; xpath: //p//word], [[FirefoxDriver: firefox on LINUX (358f877c-4143-452f-ab4d-589327eb2715)] -&gt; xpath: //p//word], [[FirefoxDriver: firefox on LINUX (358f877c-4143-452f-ab4d-589327eb2715)] -&gt; xpath: //p//word], [[FirefoxDriver: firefox on LINUX (358f877c-4143-452f-ab4d-589327eb2715)] -&gt; xpath: //p//word], [[FirefoxDriver: firefox on LINUX (358f877c-4143-452f-ab4d-589327eb2715)] -&gt; xpath: //p//word], [[FirefoxDriver: firefox on LINUX (358f877c-4143-452f-ab4d-589327eb2715)] -&gt; xpath: //p//word], [[FirefoxDriver: firefox on LINUX (358f877c-4143-452f-ab4d-589327eb2715)] -&gt; xpath: //p//word], [[FirefoxDriver: firefox on LINUX (358f877c-4143-452f-ab4d-589327eb2715)] -&gt; xpath: //p//word], [[FirefoxDriver: firefox on LINUX (358f877c-4143-452f-ab4d-589327eb2715)] -&gt; xpath: //p//word], [[FirefoxDriver: firefox on LINUX (358f877c-4143-452f-ab4d-589327eb2715)] -&gt; xpath: //p//word], [[FirefoxDriver: firefox on LINUX (358f877c-4143-452f-ab4d-589327eb2715)] -&gt; xpath: //p//word], [[FirefoxDriver: firefox on LINUX (358f877c-4143-452f-ab4d-589327eb2715)] -&gt; xpath: //p//word], [[FirefoxDriver: firefox on LINUX (358f877c-4143-452f-ab4d-589327eb2715)] -&gt; xpath: //p//word], [[FirefoxDriver: firefox on LINUX (358f877c-4143-452f-ab4d-589327eb2715)] -&gt; xpath: //p//word], [[FirefoxDriver: firefox on LINUX (358f877c-4143-452f-ab4d-589327eb2715)] -&gt; xpath: //p//word], [[FirefoxDriver: firefox on LINUX (358f877c-4143-452f-ab4d-589327eb2715)] -&gt; xpath: //p//word], [[FirefoxDriver: firefox on LINUX (358f877c-4143-452f-ab4d-589327eb2715)] -&gt; xpath: //p//word], [[FirefoxDriver: firefox on LINUX (358f877c-4143-452f-ab4d-589327eb2715)] -&gt; xpath: //p//word], [[FirefoxDriver: firefox on LINUX (358f877c-4143-452f-ab4d-589327eb2715)] -&gt; xpath: //p//word], [[FirefoxDriver: firefox on LINUX (358f877c-4143-452f-ab4d-589327eb2715)] -&gt; xpath: //p//word], [[FirefoxDriver: firefox on LINUX (358f877c-4143-452f-ab4d-589327eb2715)] -&gt; xpath: //p//word], [[FirefoxDriver: firefox on LINUX (358f877c-4143-452f-ab4d-589327eb2715)] -&gt; xpath: //p//word], [[FirefoxDriver: firefox on LINUX (358f877c-4143-452f-ab4d-589327eb2715)] -&gt; xpath: //p//word], [[FirefoxDriver: firefox on LINUX (358f877c-4143-452f-ab4d-589327eb2715)] -&gt; xpath: //p//word], [[FirefoxDriver: firefox on LINUX (358f877c-4143-452f-ab4d-589327eb2715)] -&gt; xpath: //p//word], [[FirefoxDriver: firefox on LINUX (358f877c-4143-452f-ab4d-589327eb2715)] -&gt; xpath: //p//word], [[FirefoxDriver: firefox on LINUX (358f877c-4143-452f-ab4d-589327eb2715)] -&gt; xpath: //p//word], [[FirefoxDriver: firefox on LINUX (358f877c-4143-452f-ab4d-589327eb2715)] -&gt; xpath: //p//word], [[FirefoxDriver: firefox on LINUX (358f877c-4143-452f-ab4d-589327eb2715)] -&gt; xpath: //p//word], [[FirefoxDriver: firefox on LINUX (358f877c-4143-452f-ab4d-589327eb2715)] -&gt; xpath: //p//word], [[FirefoxDriver: firefox on LINUX (358f877c-4143-452f-ab4d-589327eb2715)] -&gt; xpath: //p//word], [[FirefoxDriver: firefox on LINUX (358f877c-4143-452f-ab4d-589327eb2715)] -&gt; xpath: //p//word], [[FirefoxDriver: firefox on LINUX (358f877c-4143-452f-ab4d-589327eb2715)] -&gt; xpath: //p//word], [[FirefoxDriver: firefox on LINUX (358f877c-4143-452f-ab4d-589327eb2715)] -&gt; xpath: //p//word], [[FirefoxDriver: firefox on LINUX (358f877c-4143-452f-ab4d-589327eb2715)] -&gt; xpath: //p//word], [[FirefoxDriver: firefox on LINUX (358f877c-4143-452f-ab4d-589327eb2715)] -&gt; xpath: //p//word], [[FirefoxDriver: firefox on LINUX (358f877c-4143-452f-ab4d-589327eb2715)] -&gt; xpath: //p//word], [[FirefoxDriver: firefox on LINUX (358f877c-4143-452f-ab4d-589327eb2715)] -&gt; xpath: //p//word], [[FirefoxDriver: firefox on LINUX (358f877c-4143-452f-ab4d-589327eb2715)] -&gt; xpath: //p//word], [[FirefoxDriver: firefox on LINUX (358f877c-4143-452f-ab4d-589327eb2715)] -&gt; xpath: //p//word], [[FirefoxDriver: firefox on LINUX (358f877c-4143-452f-ab4d-589327eb2715)] -&gt; xpath: //p//word], [[FirefoxDriver: firefox on LINUX (358f877c-4143-452f-ab4d-589327eb2715)] -&gt; xpath: //p//word], [[FirefoxDriver: firefox on LINUX (358f877c-4143-452f-ab4d-589327eb2715)] -&gt; xpath: //p//word], [[FirefoxDriver: firefox on LINUX (358f877c-4143-452f-ab4d-589327eb2715)] -&gt; xpath: //p//word], [[FirefoxDriver: firefox on LINUX (358f877c-4143-452f-ab4d-589327eb2715)] -&gt; xpath: //p//word], [[FirefoxDriver: firefox on LINUX (358f877c-4143-452f-ab4d-589327eb2715)] -&gt; xpath: //p//word], [[FirefoxDriver: firefox on LINUX (358f877c-4143-452f-ab4d-589327eb2715)] -&gt; xpath: //p//word], [[FirefoxDriver: firefox on LINUX (358f877c-4143-452f-ab4d-589327eb2715)] -&gt; xpath: //p//word], [[FirefoxDriver: firefox on LINUX (358f877c-4143-452f-ab4d-589327eb2715)] -&gt; xpath: //p//word], [[FirefoxDriver: firefox on LINUX (358f877c-4143-452f-ab4d-589327eb2715)] -&gt; xpath: //p//word], [[FirefoxDriver: firefox on LINUX (358f877c-4143-452f-ab4d-589327eb2715)] -&gt; xpath: //p//word], [[FirefoxDriver: firefox on LINUX (358f877c-4143-452f-ab4d-589327eb2715)] -&gt; xpath: //p//word], [[FirefoxDriver: firefox on LINUX (358f877c-4143-452f-ab4d-589327eb2715)] -&gt; xpath: //p//word], [[FirefoxDriver: firefox on LINUX (358f877c-4143-452f-ab4d-589327eb2715)] -&gt; xpath: //p//word], [[FirefoxDriver: firefox on LINUX (358f877c-4143-452f-ab4d-589327eb2715)] -&gt; xpath: //p//word], [[FirefoxDriver: firefox on LINUX (358f877c-4143-452f-ab4d-589327eb2715)] -&gt; xpath: //p//word], [[FirefoxDriver: firefox on LINUX (358f877c-4143-452f-ab4d-589327eb2715)] -&gt; xpath: //p//word], [[FirefoxDriver: firefox on LINUX (358f877c-4143-452f-ab4d-589327eb2715)] -&gt; xpath: //p//word], [[FirefoxDriver: firefox on LINUX (358f877c-4143-452f-ab4d-589327eb2715)] -&gt; xpath: //p//word], [[FirefoxDriver: firefox on LINUX (358f877c-4143-452f-ab4d-589327eb2715)] -&gt; xpath: //p//word], [[FirefoxDriver: firefox on LINUX (358f877c-4143-452f-ab4d-589327eb2715)] -&gt; xpath: //p//word], [[FirefoxDriver: firefox on LINUX (358f877c-4143-452f-ab4d-589327eb2715)] -&gt; xpath: //p//word], [[FirefoxDriver: firefox on LINUX (358f877c-4143-452f-ab4d-589327eb2715)] -&gt; xpath: //p//word], [[FirefoxDriver: firefox on LINUX (358f877c-4143-452f-ab4d-589327eb2715)] -&gt; xpath: //p//word], [[FirefoxDriver: firefox on LINUX (358f877c-4143-452f-ab4d-589327eb2715)] -&gt; xpath: //p//word], [[FirefoxDriver: firefox on LINUX (358f877c-4143-452f-ab4d-589327eb2715)] -&gt; xpath: //p//word], [[FirefoxDriver: firefox on LINUX (358f877c-4143-452f-ab4d-589327eb2715)] -&gt; xpath: //p//word], [[FirefoxDriver: firefox on LINUX (358f877c-4143-452f-ab4d-589327eb2715)] -&gt; xpath: //p//word], [[FirefoxDriver: firefox on LINUX (358f877c-4143-452f-ab4d-589327eb2715)] -&gt; xpath: //p//word], [[FirefoxDriver: firefox on LINUX (358f877c-4143-452f-ab4d-589327eb2715)] -&gt; xpath: //p//word], [[FirefoxDriver: firefox on LINUX (358f877c-4143-452f-ab4d-589327eb2715)] -&gt; xpath: //p//word], [[FirefoxDriver: firefox on LINUX (358f877c-4143-452f-ab4d-589327eb2715)] -&gt; xpath: //p//word], [[FirefoxDriver: firefox on LINUX (358f877c-4143-452f-ab4d-589327eb2715)] -&gt; xpath: //p//word], [[FirefoxDriver: firefox on LINUX (358f877c-4143-452f-ab4d-589327eb2715)] -&gt; xpath: //p//word], [[FirefoxDriver: firefox on LINUX (358f877c-4143-452f-ab4d-589327eb2715)] -&gt; xpath: //p//word], [[FirefoxDriver: firefox on LINUX (358f877c-4143-452f-ab4d-589327eb2715)] -&gt; xpath: //p//word], [[FirefoxDriver: firefox on LINUX (358f877c-4143-452f-ab4d-589327eb2715)] -&gt; xpath: //p//word], [[FirefoxDriver: firefox on LINUX (358f877c-4143-452f-ab4d-589327eb2715)] -&gt; xpath: //p//word], [[FirefoxDriver: firefox on LINUX (358f877c-4143-452f-ab4d-589327eb2715)] -&gt; xpath: //p//word], [[FirefoxDriver: firefox on LINUX (358f877c-4143-452f-ab4d-589327eb2715)] -&gt; xpath: //p//word], [[FirefoxDriver: firefox on LINUX (358f877c-4143-452f-ab4d-589327eb2715)] -&gt; xpath: //p//word], [[FirefoxDriver: firefox on LINUX (358f877c-4143-452f-ab4d-589327eb2715)] -&gt; xpath: //p//word], [[FirefoxDriver: firefox on LINUX (358f877c-4143-452f-ab4d-589327eb2715)] -&gt; xpath: //p//word], [[FirefoxDriver: firefox on LINUX (358f877c-4143-452f-ab4d-589327eb2715)] -&gt; xpath: //p//word], [[FirefoxDriver: firefox on LINUX (358f877c-4143-452f-ab4d-589327eb2715)] -&gt; xpath: //p//word], [[FirefoxDriver: firefox on LINUX (358f877c-4143-452f-ab4d-589327eb2715)] -&gt; xpath: //p//word], [[FirefoxDriver: firefox on LINUX (358f877c-4143-452f-ab4d-589327eb2715)] -&gt; xpath: //p//word], [[FirefoxDriver: firefox on LINUX (358f877c-4143-452f-ab4d-589327eb2715)] -&gt; xpath: //p//word], [[FirefoxDriver: firefox on LINUX (358f877c-4143-452f-ab4d-589327eb2715)] -&gt; xpath: //p//word], [[FirefoxDriver: firefox on LINUX (358f877c-4143-452f-ab4d-589327eb2715)] -&gt; xpath: //p//word], [[FirefoxDriver: firefox on LINUX (358f877c-4143-452f-ab4d-589327eb2715)] -&gt; xpath: //p//word], [[FirefoxDriver: firefox on LINUX (358f877c-4143-452f-ab4d-589327eb2715)] -&gt; xpath: //p//word], [[FirefoxDriver: firefox on LINUX (358f877c-4143-452f-ab4d-589327eb2715)] -&gt; xpath: //p//word], [[FirefoxDriver: firefox on LINUX (358f877c-4143-452f-ab4d-589327eb2715)] -&gt; xpath: //p//word], [[FirefoxDriver: firefox on LINUX (358f877c-4143-452f-ab4d-589327eb2715)] -&gt; xpath: //p//word], [[FirefoxDriver: firefox on LINUX (358f877c-4143-452f-ab4d-589327eb2715)] -&gt; xpath: //p//word], [[FirefoxDriver: firefox on LINUX (358f877c-4143-452f-ab4d-589327eb2715)] -&gt; xpath: //p//word], [[FirefoxDriver: firefox on LINUX (358f877c-4143-452f-ab4d-589327eb2715)] -&gt; xpath: //p//word], [[FirefoxDriver: firefox on LINUX (358f877c-4143-452f-ab4d-589327eb2715)] -&gt; xpath: //p//word], [[FirefoxDriver: firefox on LINUX (358f877c-4143-452f-ab4d-589327eb2715)] -&gt; xpath: //p//word], [[FirefoxDriver: firefox on LINUX (358f877c-4143-452f-ab4d-589327eb2715)] -&gt; xpath: //p//word], [[FirefoxDriver: firefox on LINUX (358f877c-4143-452f-ab4d-589327eb2715)] -&gt; xpath: //p//word], [[FirefoxDriver: firefox on LINUX (358f877c-4143-452f-ab4d-589327eb2715)] -&gt; xpath: //p//word], [[FirefoxDriver: firefox on LINUX (358f877c-4143-452f-ab4d-589327eb2715)] -&gt; xpath: //p//word], [[FirefoxDriver: firefox on LINUX (358f877c-4143-452f-ab4d-589327eb2715)] -&gt; xpath: //p//word], [[FirefoxDriver: firefox on LINUX (358f877c-4143-452f-ab4d-589327eb2715)] -&gt; xpath: //p//word], [[FirefoxDriver: firefox on LINUX (358f877c-4143-452f-ab4d-589327eb2715)] -&gt; xpath: //p//word], [[FirefoxDriver: firefox on LINUX (358f877c-4143-452f-ab4d-589327eb2715)] -&gt; xpath: //p//word], [[FirefoxDriver: firefox on LINUX (358f877c-4143-452f-ab4d-589327eb2715)] -&gt; xpath: //p//word], [[FirefoxDriver: firefox on LINUX (358f877c-4143-452f-ab4d-589327eb2715)] -&gt; xpath: //p//word], [[FirefoxDriver: firefox on LINUX (358f877c-4143-452f-ab4d-589327eb2715)] -&gt; xpath: //p//word], [[FirefoxDriver: firefox on LINUX (358f877c-4143-452f-ab4d-589327eb2715)] -&gt; xpath: //p//word], [[FirefoxDriver: firefox on LINUX (358f877c-4143-452f-ab4d-589327eb2715)] -&gt; xpath: //p//word], [[FirefoxDriver: firefox on LINUX (358f877c-4143-452f-ab4d-589327eb2715)] -&gt; xpath: //p//word], [[FirefoxDriver: firefox on LINUX (358f877c-4143-452f-ab4d-589327eb2715)] -&gt; xpath: //p//word], [[FirefoxDriver: firefox on LINUX (358f877c-4143-452f-ab4d-589327eb2715)] -&gt; xpath: //p//word], [[FirefoxDriver: firefox on LINUX (358f877c-4143-452f-ab4d-589327eb2715)] -&gt; xpath: //p//word], [[FirefoxDriver: firefox on LINUX (358f877c-4143-452f-ab4d-589327eb2715)] -&gt; xpath: //p//word], [[FirefoxDriver: firefox on LINUX (358f877c-4143-452f-ab4d-589327eb2715)] -&gt; xpath: //p//word], [[FirefoxDriver: firefox on LINUX (358f877c-4143-452f-ab4d-589327eb2715)] -&gt; xpath: //p//word], [[FirefoxDriver: firefox on LINUX (358f877c-4143-452f-ab4d-589327eb2715)] -&gt; xpath: //p//word], [[FirefoxDriver: firefox on LINUX (358f877c-4143-452f-ab4d-589327eb2715)] -&gt; xpath: //p//word], [[FirefoxDriver: firefox on LINUX (358f877c-4143-452f-ab4d-589327eb2715)] -&gt; xpath: //p//word], [[FirefoxDriver: firefox on LINUX (358f877c-4143-452f-ab4d-589327eb2715)] -&gt; xpath: //p//word], [[FirefoxDriver: firefox on LINUX (358f877c-4143-452f-ab4d-589327eb2715)] -&gt; xpath: //p//word], [[FirefoxDriver: firefox on LINUX (358f877c-4143-452f-ab4d-589327eb2715)] -&gt; xpath: //p//word], [[FirefoxDriver: firefox on LINUX (358f877c-4143-452f-ab4d-589327eb2715)] -&gt; xpath: //p//word], [[FirefoxDriver: firefox on LINUX (358f877c-4143-452f-ab4d-589327eb2715)] -&gt; xpath: //p//word], [[FirefoxDriver: firefox on LINUX (358f877c-4143-452f-ab4d-589327eb2715)] -&gt; xpath: //p//word], [[FirefoxDriver: firefox on LINUX (358f877c-4143-452f-ab4d-589327eb2715)] -&gt; xpath: //p//word], [[FirefoxDriver: firefox on LINUX (358f877c-4143-452f-ab4d-589327eb2715)] -&gt; xpath: //p//word], [[FirefoxDriver: firefox on LINUX (358f877c-4143-452f-ab4d-589327eb2715)] -&gt; xpath: //p//word], [[FirefoxDriver: firefox on LINUX (358f877c-4143-452f-ab4d-589327eb2715)] -&gt; xpath: //p//word], [[FirefoxDriver: firefox on LINUX (358f877c-4143-452f-ab4d-589327eb2715)] -&gt; xpath: //p//word], [[FirefoxDriver: firefox on LINUX (358f877c-4143-452f-ab4d-589327eb2715)] -&gt; xpath: //p//word], [[FirefoxDriver: firefox on LINUX (358f877c-4143-452f-ab4d-589327eb2715)] -&gt; xpath: //p//word], [[FirefoxDriver: firefox on LINUX (358f877c-4143-452f-ab4d-589327eb2715)] -&gt; xpath: //p//word], [[FirefoxDriver: firefox on LINUX (358f877c-4143-452f-ab4d-589327eb2715)] -&gt; xpath: //p//word], [[FirefoxDriver: firefox on LINUX (358f877c-4143-452f-ab4d-589327eb2715)] -&gt; xpath: //p//word], [[FirefoxDriver: firefox on LINUX (358f877c-4143-452f-ab4d-589327eb2715)] -&gt; xpath: //p//word], [[FirefoxDriver: firefox on LINUX (358f877c-4143-452f-ab4d-589327eb2715)] -&gt; xpath: //p//word], [[FirefoxDriver: firefox on LINUX (358f877c-4143-452f-ab4d-589327eb2715)] -&gt; xpath: //p//word], [[FirefoxDriver: firefox on LINUX (358f877c-4143-452f-ab4d-589327eb2715)] -&gt; xpath: //p//word], [[FirefoxDriver: firefox on LINUX (358f877c-4143-452f-ab4d-589327eb2715)] -&gt; xpath: //p//word], [[FirefoxDriver: firefox on LINUX (358f877c-4143-452f-ab4d-589327eb2715)] -&gt; xpath: //p//word], [[FirefoxDriver: firefox on LINUX (358f877c-4143-452f-ab4d-589327eb2715)] -&gt; xpath: //p//word], [[FirefoxDriver: firefox on LINUX (358f877c-4143-452f-ab4d-589327eb2715)] -&gt; xpath: //p//word], [[FirefoxDriver: firefox on LINUX (358f877c-4143-452f-ab4d-589327eb2715)] -&gt; xpath: //p//word], [[FirefoxDriver: firefox on LINUX (358f877c-4143-452f-ab4d-589327eb2715)] -&gt; xpath: //p//word], [[FirefoxDriver: firefox on LINUX (358f877c-4143-452f-ab4d-589327eb2715)] -&gt; xpath: //p//word], [[FirefoxDriver: firefox on LINUX (358f877c-4143-452f-ab4d-589327eb2715)] -&gt; xpath: //p//word], [[FirefoxDriver: firefox on LINUX (358f877c-4143-452f-ab4d-589327eb2715)] -&gt; xpath: //p//word], [[FirefoxDriver: firefox on LINUX (358f877c-4143-452f-ab4d-589327eb2715)] -&gt; xpath: //p//word], [[FirefoxDriver: firefox on LINUX (358f877c-4143-452f-ab4d-589327eb2715)] -&gt; xpath: //p//word], [[FirefoxDriver: firefox on LINUX (358f877c-4143-452f-ab4d-589327eb2715)] -&gt; xpath: //p//word], [[FirefoxDriver: firefox on LINUX (358f877c-4143-452f-ab4d-589327eb2715)] -&gt; xpath: //p//word], [[FirefoxDriver: firefox on LINUX (358f877c-4143-452f-ab4d-589327eb2715)] -&gt; xpath: //p//word], [[FirefoxDriver: firefox on LINUX (358f877c-4143-452f-ab4d-589327eb2715)] -&gt; xpath: //p//word], [[FirefoxDriver: firefox on LINUX (358f877c-4143-452f-ab4d-589327eb2715)] -&gt; xpath: //p//word], [[FirefoxDriver: firefox on LINUX (358f877c-4143-452f-ab4d-589327eb2715)] -&gt; xpath: //p//word], [[FirefoxDriver: firefox on LINUX (358f877c-4143-452f-ab4d-589327eb2715)] -&gt; xpath: //p//word], [[FirefoxDriver: firefox on LINUX (358f877c-4143-452f-ab4d-589327eb2715)] -&gt; xpath: //p//word], [[FirefoxDriver: firefox on LINUX (358f877c-4143-452f-ab4d-589327eb2715)] -&gt; xpath: //p//word], [[FirefoxDriver: firefox on LINUX (358f877c-4143-452f-ab4d-589327eb2715)] -&gt; xpath: //p//word], [[FirefoxDriver: firefox on LINUX (358f877c-4143-452f-ab4d-589327eb2715)] -&gt; xpath: //p//word], [[FirefoxDriver: firefox on LINUX (358f877c-4143-452f-ab4d-589327eb2715)] -&gt; xpath: //p//word], [[FirefoxDriver: firefox on LINUX (358f877c-4143-452f-ab4d-589327eb2715)] -&gt; xpath: //p//word], [[FirefoxDriver: firefox on LINUX (358f877c-4143-452f-ab4d-589327eb2715)] -&gt; xpath: //p//word], [[FirefoxDriver: firefox on LINUX (358f877c-4143-452f-ab4d-589327eb2715)] -&gt; xpath: //p//word], [[FirefoxDriver: firefox on LINUX (358f877c-4143-452f-ab4d-589327eb2715)] -&gt; xpath: //p//word], [[FirefoxDriver: firefox on LINUX (358f877c-4143-452f-ab4d-589327eb2715)] -&gt; xpath: //p//word], [[FirefoxDriver: firefox on LINUX (358f877c-4143-452f-ab4d-589327eb2715)] -&gt; xpath: //p//word], [[FirefoxDriver: firefox on LINUX (358f877c-4143-452f-ab4d-589327eb2715)] -&gt; xpath: //p//word], [[FirefoxDriver: firefox on LINUX (358f877c-4143-452f-ab4d-589327eb2715)] -&gt; xpath: //p//word], [[FirefoxDriver: firefox on LINUX (358f877c-4143-452f-ab4d-589327eb2715)] -&gt; xpath: //p//word], [[FirefoxDriver: firefox on LINUX (358f877c-4143-452f-ab4d-589327eb2715)] -&gt; xpath: //p//word], [[FirefoxDriver: firefox on LINUX (358f877c-4143-452f-ab4d-589327eb2715)] -&gt; xpath: //p//word], [[FirefoxDriver: firefox on LINUX (358f877c-4143-452f-ab4d-589327eb2715)] -&gt; xpath: //p//word], [[FirefoxDriver: firefox on LINUX (358f877c-4143-452f-ab4d-589327eb2715)] -&gt; xpath: //p//word], [[FirefoxDriver: firefox on LINUX (358f877c-4143-452f-ab4d-589327eb2715)] -&gt; xpath: //p//word], [[FirefoxDriver: firefox on LINUX (358f877c-4143-452f-ab4d-589327eb2715)] -&gt; xpath: //p//word], [[FirefoxDriver: firefox on LINUX (358f877c-4143-452f-ab4d-589327eb2715)] -&gt; xpath: //p//word], [[FirefoxDriver: firefox on LINUX (358f877c-4143-452f-ab4d-589327eb2715)] -&gt; xpath: //p//word], [[FirefoxDriver: firefox on LINUX (358f877c-4143-452f-ab4d-589327eb2715)] -&gt; xpath: //p//word], [[FirefoxDriver: firefox on LINUX (358f877c-4143-452f-ab4d-589327eb2715)] -&gt; xpath: //p//word], [[FirefoxDriver: firefox on LINUX (358f877c-4143-452f-ab4d-589327eb2715)] -&gt; xpath: //p//word], [[FirefoxDriver: firefox on LINUX (358f877c-4143-452f-ab4d-589327eb2715)] -&gt; xpath: //p//word], [[FirefoxDriver: firefox on LINUX (358f877c-4143-452f-ab4d-589327eb2715)] -&gt; xpath: //p//word], [[FirefoxDriver: firefox on LINUX (358f877c-4143-452f-ab4d-589327eb2715)] -&gt; xpath: //p//word], [[FirefoxDriver: firefox on LINUX (358f877c-4143-452f-ab4d-589327eb2715)] -&gt; xpath: //p//word], [[FirefoxDriver: firefox on LINUX (358f877c-4143-452f-ab4d-589327eb2715)] -&gt; xpath: //p//word], [[FirefoxDriver: firefox on LINUX (358f877c-4143-452f-ab4d-589327eb2715)] -&gt; xpath: //p//word], [[FirefoxDriver: firefox on LINUX (358f877c-4143-452f-ab4d-589327eb2715)] -&gt; xpath: //p//word], [[FirefoxDriver: firefox on LINUX (358f877c-4143-452f-ab4d-589327eb2715)] -&gt; xpath: //p//word], [[FirefoxDriver: firefox on LINUX (358f877c-4143-452f-ab4d-589327eb2715)] -&gt; xpath: //p//word], [[FirefoxDriver: firefox on LINUX (358f877c-4143-452f-ab4d-589327eb2715)] -&gt; xpath: //p//word], [[FirefoxDriver: firefox on LINUX (358f877c-4143-452f-ab4d-589327eb2715)] -&gt; xpath: //p//word], [[FirefoxDriver: firefox on LINUX (358f877c-4143-452f-ab4d-589327eb2715)] -&gt; xpath: //p//word], [[FirefoxDriver: firefox on LINUX (358f877c-4143-452f-ab4d-589327eb2715)] -&gt; xpath: //p//word], [[FirefoxDriver: firefox on LINUX (358f877c-4143-452f-ab4d-589327eb2715)] -&gt; xpath: //p//word], [[FirefoxDriver: firefox on LINUX (358f877c-4143-452f-ab4d-589327eb2715)] -&gt; xpath: //p//word], [[FirefoxDriver: firefox on LINUX (358f877c-4143-452f-ab4d-589327eb2715)] -&gt; xpath: //p//word], [[FirefoxDriver: firefox on LINUX (358f877c-4143-452f-ab4d-589327eb2715)] -&gt; xpath: //p//word], [[FirefoxDriver: firefox on LINUX (358f877c-4143-452f-ab4d-589327eb2715)] -&gt; xpath: //p//word], [[FirefoxDriver: firefox on LINUX (358f877c-4143-452f-ab4d-589327eb2715)] -&gt; xpath: //p//word], [[FirefoxDriver: firefox on LINUX (358f877c-4143-452f-ab4d-589327eb2715)] -&gt; xpath: //p//word], [[FirefoxDriver: firefox on LINUX (358f877c-4143-452f-ab4d-589327eb2715)] -&gt; xpath: //p//word], [[FirefoxDriver: firefox on LINUX (358f877c-4143-452f-ab4d-589327eb2715)] -&gt; xpath: //p//word], [[FirefoxDriver: firefox on LINUX (358f877c-4143-452f-ab4d-589327eb2715)] -&gt; xpath: //p//word], [[FirefoxDriver: firefox on LINUX (358f877c-4143-452f-ab4d-589327eb2715)] -&gt; xpath: //p//word], [[FirefoxDriver: firefox on LINUX (358f877c-4143-452f-ab4d-589327eb2715)] -&gt; xpath: //p//word], [[FirefoxDriver: firefox on LINUX (358f877c-4143-452f-ab4d-589327eb2715)] -&gt; xpath: //p//word], [[FirefoxDriver: firefox on LINUX (358f877c-4143-452f-ab4d-589327eb2715)] -&gt; xpath: //p//word], [[FirefoxDriver: firefox on LINUX (358f877c-4143-452f-ab4d-589327eb2715)] -&gt; xpath: //p//word], [[FirefoxDriver: firefox on LINUX (358f877c-4143-452f-ab4d-589327eb2715)] -&gt; xpath: //p//word], [[FirefoxDriver: firefox on LINUX (358f877c-4143-452f-ab4d-589327eb2715)] -&gt; xpath: //p//word], [[FirefoxDriver: firefox on LINUX (358f877c-4143-452f-ab4d-589327eb2715)] -&gt; xpath: //p//word], [[FirefoxDriver: firefox on LINUX (358f877c-4143-452f-ab4d-589327eb2715)] -&gt; xpath: //p//word], [[FirefoxDriver: firefox on LINUX (358f877c-4143-452f-ab4d-589327eb2715)] -&gt; xpath: //p//word], [[FirefoxDriver: firefox on LINUX (358f877c-4143-452f-ab4d-589327eb2715)] -&gt; xpath: //p//word], [[FirefoxDriver: firefox on LINUX (358f877c-4143-452f-ab4d-589327eb2715)] -&gt; xpath: //p//word], [[FirefoxDriver: firefox on LINUX (358f877c-4143-452f-ab4d-589327eb2715)] -&gt; xpath: //p//word], [[FirefoxDriver: firefox on LINUX (358f877c-4143-452f-ab4d-589327eb2715)] -&gt; xpath: //p//word], [[FirefoxDriver: firefox on LINUX (358f877c-4143-452f-ab4d-589327eb2715)] -&gt; xpath: //p//word], [[FirefoxDriver: firefox on LINUX (358f877c-4143-452f-ab4d-589327eb2715)] -&gt; xpath: //p//word], [[FirefoxDriver: firefox on LINUX (358f877c-4143-452f-ab4d-589327eb2715)] -&gt; xpath: //p//word], [[FirefoxDriver: firefox on LINUX (358f877c-4143-452f-ab4d-589327eb2715)] -&gt; xpath: //p//word], [[FirefoxDriver: firefox on LINUX (358f877c-4143-452f-ab4d-589327eb2715)] -&gt; xpath: //p//word], [[FirefoxDriver: firefox on LINUX (358f877c-4143-452f-ab4d-589327eb2715)] -&gt; xpath: //p//word], [[FirefoxDriver: firefox on LINUX (358f877c-4143-452f-ab4d-589327eb2715)] -&gt; xpath: //p//word], [[FirefoxDriver: firefox on LINUX (358f877c-4143-452f-ab4d-589327eb2715)] -&gt; xpath: //p//word], [[FirefoxDriver: firefox on LINUX (358f877c-4143-452f-ab4d-589327eb2715)] -&gt; xpath: //p//word], [[FirefoxDriver: firefox on LINUX (358f877c-4143-452f-ab4d-589327eb2715)] -&gt; xpath: //p//word], [[FirefoxDriver: firefox on LINUX (358f877c-4143-452f-ab4d-589327eb2715)] -&gt; xpath: //p//word], [[FirefoxDriver: firefox on LINUX (358f877c-4143-452f-ab4d-589327eb2715)] -&gt; xpath: //p//word], [[FirefoxDriver: firefox on LINUX (358f877c-4143-452f-ab4d-589327eb2715)] -&gt; xpath: //p//word], [[FirefoxDriver: firefox on LINUX (358f877c-4143-452f-ab4d-589327eb2715)] -&gt; xpath: //p//word], [[FirefoxDriver: firefox on LINUX (358f877c-4143-452f-ab4d-589327eb2715)] -&gt; xpath: //p//word], [[FirefoxDriver: firefox on LINUX (358f877c-4143-452f-ab4d-589327eb2715)] -&gt; xpath: //p//word], [[FirefoxDriver: firefox on LINUX (358f877c-4143-452f-ab4d-589327eb2715)] -&gt; xpath: //p//word], [[FirefoxDriver: firefox on LINUX (358f877c-4143-452f-ab4d-589327eb2715)] -&gt; xpath: //p//word], [[FirefoxDriver: firefox on LINUX (358f877c-4143-452f-ab4d-589327eb2715)] -&gt; xpath: //p//word], [[FirefoxDriver: firefox on LINUX (358f877c-4143-452f-ab4d-589327eb2715)] -&gt; xpath: //p//word], [[FirefoxDriver: firefox on LINUX (358f877c-4143-452f-ab4d-589327eb2715)] -&gt; xpath: //p//word], [[FirefoxDriver: firefox on LINUX (358f877c-4143-452f-ab4d-589327eb2715)] -&gt; xpath: //p//word], [[FirefoxDriver: firefox on LINUX (358f877c-4143-452f-ab4d-589327eb2715)] -&gt; xpath: //p//word], [[FirefoxDriver: firefox on LINUX (358f877c-4143-452f-ab4d-589327eb2715)] -&gt; xpath: //p//word], [[FirefoxDriver: firefox on LINUX (358f877c-4143-452f-ab4d-589327eb2715)] -&gt; xpath: //p//word], [[FirefoxDriver: firefox on LINUX (358f877c-4143-452f-ab4d-589327eb2715)] -&gt; xpath: //p//word], [[FirefoxDriver: firefox on LINUX (358f877c-4143-452f-ab4d-589327eb2715)] -&gt; xpath: //p//word], [[FirefoxDriver: firefox on LINUX (358f877c-4143-452f-ab4d-589327eb2715)] -&gt; xpath: //p//word], [[FirefoxDriver: firefox on LINUX (358f877c-4143-452f-ab4d-589327eb2715)] -&gt; xpath: //p//word], [[FirefoxDriver: firefox on LINUX (358f877c-4143-452f-ab4d-589327eb2715)] -&gt; xpath: //p//word], [[FirefoxDriver: firefox on LINUX (358f877c-4143-452f-ab4d-589327eb2715)] -&gt; xpath: //p//word], [[FirefoxDriver: firefox on LINUX (358f877c-4143-452f-ab4d-589327eb2715)] -&gt; xpath: //p//word], [[FirefoxDriver: firefox on LINUX (358f877c-4143-452f-ab4d-589327eb2715)] -&gt; xpath: //p//word], [[FirefoxDriver: firefox on LINUX (358f877c-4143-452f-ab4d-589327eb2715)] -&gt; xpath: //p//word], [[FirefoxDriver: firefox on LINUX (358f877c-4143-452f-ab4d-589327eb2715)] -&gt; xpath: //p//word], [[FirefoxDriver: firefox on LINUX (358f877c-4143-452f-ab4d-589327eb2715)] -&gt; xpath: //p//word], [[FirefoxDriver: firefox on LINUX (358f877c-4143-452f-ab4d-589327eb2715)] -&gt; xpath: //p//word], [[FirefoxDriver: firefox on LINUX (358f877c-4143-452f-ab4d-589327eb2715)] -&gt; xpath: //p//word], [[FirefoxDriver: firefox on LINUX (358f877c-4143-452f-ab4d-589327eb2715)] -&gt; xpath: //p//word], [[FirefoxDriver: firefox on LINUX (358f877c-4143-452f-ab4d-589327eb2715)] -&gt; xpath: //p//word], [[FirefoxDriver: firefox on LINUX (358f877c-4143-452f-ab4d-589327eb2715)] -&gt; xpath: //p//word], [[FirefoxDriver: firefox on LINUX (358f877c-4143-452f-ab4d-589327eb2715)] -&gt; xpath: //p//word], [[FirefoxDriver: firefox on LINUX (358f877c-4143-452f-ab4d-589327eb2715)] -&gt; xpath: //p//word], [[FirefoxDriver: firefox on LINUX (358f877c-4143-452f-ab4d-589327eb2715)] -&gt; xpath: //p//word], [[FirefoxDriver: firefox on LINUX (358f877c-4143-452f-ab4d-589327eb2715)] -&gt; xpath: //p//word], [[FirefoxDriver: firefox on LINUX (358f877c-4143-452f-ab4d-589327eb2715)] -&gt; xpath: //p//word], [[FirefoxDriver: firefox on LINUX (358f877c-4143-452f-ab4d-589327eb2715)] -&gt; xpath: //p//word], [[FirefoxDriver: firefox on LINUX (358f877c-4143-452f-ab4d-589327eb2715)] -&gt; xpath: //p//word], [[FirefoxDriver: firefox on LINUX (358f877c-4143-452f-ab4d-589327eb2715)] -&gt; xpath: //p//word], [[FirefoxDriver: firefox on LINUX (358f877c-4143-452f-ab4d-589327eb2715)] -&gt; xpath: //p//word], [[FirefoxDriver: firefox on LINUX (358f877c-4143-452f-ab4d-589327eb2715)] -&gt; xpath: //p//word], [[FirefoxDriver: firefox on LINUX (358f877c-4143-452f-ab4d-589327eb2715)] -&gt; xpath: //p//word], [[FirefoxDriver: firefox on LINUX (358f877c-4143-452f-ab4d-589327eb2715)] -&gt; xpath: //p//word], [[FirefoxDriver: firefox on LINUX (358f877c-4143-452f-ab4d-589327eb2715)] -&gt; xpath: //p//word], [[FirefoxDriver: firefox on LINUX (358f877c-4143-452f-ab4d-589327eb2715)] -&gt; xpath: //p//word], [[FirefoxDriver: firefox on LINUX (358f877c-4143-452f-ab4d-589327eb2715)] -&gt; xpath: //p//word], [[FirefoxDriver: firefox on LINUX (358f877c-4143-452f-ab4d-589327eb2715)] -&gt; xpath: //p//word], [[FirefoxDriver: firefox on LINUX (358f877c-4143-452f-ab4d-589327eb2715)] -&gt; xpath: //p//word], [[FirefoxDriver: firefox on LINUX (358f877c-4143-452f-ab4d-589327eb2715)] -&gt; xpath: //p//word], [[FirefoxDriver: firefox on LINUX (358f877c-4143-452f-ab4d-589327eb2715)] -&gt; xpath: //p//word], [[FirefoxDriver: firefox on LINUX (358f877c-4143-452f-ab4d-589327eb2715)] -&gt; xpath: //p//word], [[FirefoxDriver: firefox on LINUX (358f877c-4143-452f-ab4d-589327eb2715)] -&gt; xpath: //p//word], [[FirefoxDriver: firefox on LINUX (358f877c-4143-452f-ab4d-589327eb2715)] -&gt; xpath: //p//word], [[FirefoxDriver: firefox on LINUX (358f877c-4143-452f-ab4d-589327eb2715)] -&gt; xpath: //p//word], [[FirefoxDriver: firefox on LINUX (358f877c-4143-452f-ab4d-589327eb2715)] -&gt; xpath: //p//word], [[FirefoxDriver: firefox on LINUX (358f877c-4143-452f-ab4d-589327eb2715)] -&gt; xpath: //p//word], [[FirefoxDriver: firefox on LINUX (358f877c-4143-452f-ab4d-589327eb2715)] -&gt; xpath: //p//word], [[FirefoxDriver: firefox on LINUX (358f877c-4143-452f-ab4d-589327eb2715)] -&gt; xpath: //p//word], [[FirefoxDriver: firefox on LINUX (358f877c-4143-452f-ab4d-589327eb2715)] -&gt; xpath: //p//word], [[FirefoxDriver: firefox on LINUX (358f877c-4143-452f-ab4d-589327eb2715)] -&gt; xpath: //p//word], [[FirefoxDriver: firefox on LINUX (358f877c-4143-452f-ab4d-589327eb2715)] -&gt; xpath: //p//word], [[FirefoxDriver: firefox on LINUX (358f877c-4143-452f-ab4d-589327eb2715)] -&gt; xpath: //p//word], [[FirefoxDriver: firefox on LINUX (358f877c-4143-452f-ab4d-589327eb2715)] -&gt; xpath: //p//word], [[FirefoxDriver: firefox on LINUX (358f877c-4143-452f-ab4d-589327eb2715)] -&gt; xpath: //p//word], [[FirefoxDriver: firefox on LINUX (358f877c-4143-452f-ab4d-589327eb2715)] -&gt; xpath: //p//word], [[FirefoxDriver: firefox on LINUX (358f877c-4143-452f-ab4d-589327eb2715)] -&gt; xpath: //p//word], [[FirefoxDriver: firefox on LINUX (358f877c-4143-452f-ab4d-589327eb2715)] -&gt; xpath: //p//word], [[FirefoxDriver: firefox on LINUX (358f877c-4143-452f-ab4d-589327eb2715)] -&gt; xpath: //p//word], [[FirefoxDriver: firefox on LINUX (358f877c-4143-452f-ab4d-589327eb2715)] -&gt; xpath: //p//word], [[FirefoxDriver: firefox on LINUX (358f877c-4143-452f-ab4d-589327eb2715)] -&gt; xpath: //p//word], [[FirefoxDriver: firefox on LINUX (358f877c-4143-452f-ab4d-589327eb2715)] -&gt; xpath: //p//word], [[FirefoxDriver: firefox on LINUX (358f877c-4143-452f-ab4d-589327eb2715)] -&gt; xpath: //p//word], [[FirefoxDriver: firefox on LINUX (358f877c-4143-452f-ab4d-589327eb2715)] -&gt; xpath: //p//word], [[FirefoxDriver: firefox on LINUX (358f877c-4143-452f-ab4d-589327eb2715)] -&gt; xpath: //p//word], [[FirefoxDriver: firefox on LINUX (358f877c-4143-452f-ab4d-589327eb2715)] -&gt; xpath: //p//word], [[FirefoxDriver: firefox on LINUX (358f877c-4143-452f-ab4d-589327eb2715)] -&gt; xpath: //p//word], [[FirefoxDriver: firefox on LINUX (358f877c-4143-452f-ab4d-589327eb2715)] -&gt; xpath: //p//word], [[FirefoxDriver: firefox on LINUX (358f877c-4143-452f-ab4d-589327eb2715)] -&gt; xpath: //p//word], [[FirefoxDriver: firefox on LINUX (358f877c-4143-452f-ab4d-589327eb2715)] -&gt; xpath: //p//word], [[FirefoxDriver: firefox on LINUX (358f877c-4143-452f-ab4d-589327eb2715)] -&gt; xpath: //p//word], [[FirefoxDriver: firefox on LINUX (358f877c-4143-452f-ab4d-589327eb2715)] -&gt; xpath: //p//word], [[FirefoxDriver: firefox on LINUX (358f877c-4143-452f-ab4d-589327eb2715)] -&gt; xpath: //p//word], [[FirefoxDriver: firefox on LINUX (358f877c-4143-452f-ab4d-589327eb2715)] -&gt; xpath: //p//word], [[FirefoxDriver: firefox on LINUX (358f877c-4143-452f-ab4d-589327eb2715)] -&gt; xpath: //p//word], [[FirefoxDriver: firefox on LINUX (358f877c-4143-452f-ab4d-589327eb2715)] -&gt; xpath: //p//word], [[FirefoxDriver: firefox on LINUX (358f877c-4143-452f-ab4d-589327eb2715)] -&gt; xpath: //p//word], [[FirefoxDriver: firefox on LINUX (358f877c-4143-452f-ab4d-589327eb2715)] -&gt; xpath: //p//word], [[FirefoxDriver: firefox on LINUX (358f877c-4143-452f-ab4d-589327eb2715)] -&gt; xpath: //p//word], [[FirefoxDriver: firefox on LINUX (358f877c-4143-452f-ab4d-589327eb2715)] -&gt; xpath: //p//word], [[FirefoxDriver: firefox on LINUX (358f877c-4143-452f-ab4d-589327eb2715)] -&gt; xpath: //p//word], [[FirefoxDriver: firefox on LINUX (358f877c-4143-452f-ab4d-589327eb2715)] -&gt; xpath: //p//word], [[FirefoxDriver: firefox on LINUX (358f877c-4143-452f-ab4d-589327eb2715)] -&gt; xpath: //p//word], [[FirefoxDriver: firefox on LINUX (358f877c-4143-452f-ab4d-589327eb2715)] -&gt; xpath: //p//word], [[FirefoxDriver: firefox on LINUX (358f877c-4143-452f-ab4d-589327eb2715)] -&gt; xpath: //p//word], [[FirefoxDriver: firefox on LINUX (358f877c-4143-452f-ab4d-589327eb2715)] -&gt; xpath: //p//word], [[FirefoxDriver: firefox on LINUX (358f877c-4143-452f-ab4d-589327eb2715)] -&gt; xpath: //p//word], [[FirefoxDriver: firefox on LINUX (358f877c-4143-452f-ab4d-589327eb2715)] -&gt; xpath: //p//word], [[FirefoxDriver: firefox on LINUX (358f877c-4143-452f-ab4d-589327eb2715)] -&gt; xpath: //p//word], [[FirefoxDriver: firefox on LINUX (358f877c-4143-452f-ab4d-589327eb2715)] -&gt; xpath: //p//word], [[FirefoxDriver: firefox on LINUX (358f877c-4143-452f-ab4d-589327eb2715)] -&gt; xpath: //p//word], [[FirefoxDriver: firefox on LINUX (358f877c-4143-452f-ab4d-589327eb2715)] -&gt; xpath: //p//word], [[FirefoxDriver: firefox on LINUX (358f877c-4143-452f-ab4d-589327eb2715)] -&gt; xpath: //p//word], [[FirefoxDriver: firefox on LINUX (358f877c-4143-452f-ab4d-589327eb2715)] -&gt; xpath: //p//word], [[FirefoxDriver: firefox on LINUX (358f877c-4143-452f-ab4d-589327eb2715)] -&gt; xpath: //p//word], [[FirefoxDriver: firefox on LINUX (358f877c-4143-452f-ab4d-589327eb2715)] -&gt; xpath: //p//word], [[FirefoxDriver: firefox on LINUX (358f877c-4143-452f-ab4d-589327eb2715)] -&gt; xpath: //p//word], [[FirefoxDriver: firefox on LINUX (358f877c-4143-452f-ab4d-589327eb2715)] -&gt; xpath: //p//word], [[FirefoxDriver: firefox on LINUX (358f877c-4143-452f-ab4d-589327eb2715)] -&gt; xpath: //p//word], [[FirefoxDriver: firefox on LINUX (358f877c-4143-452f-ab4d-589327eb2715)] -&gt; xpath: //p//word], [[FirefoxDriver: firefox on LINUX (358f877c-4143-452f-ab4d-589327eb2715)] -&gt; xpath: //p//word], [[FirefoxDriver: firefox on LINUX (358f877c-4143-452f-ab4d-589327eb2715)] -&gt; xpath: //p//word], [[FirefoxDriver: firefox on LINUX (358f877c-4143-452f-ab4d-589327eb2715)] -&gt; xpath: //p//word], [[FirefoxDriver: firefox on LINUX (358f877c-4143-452f-ab4d-589327eb2715)] -&gt; xpath: //p//word], [[FirefoxDriver: firefox on LINUX (358f877c-4143-452f-ab4d-589327eb2715)] -&gt; xpath: //p//word], [[FirefoxDriver: firefox on LINUX (358f877c-4143-452f-ab4d-589327eb2715)] -&gt; xpath: //p//word], [[FirefoxDriver: firefox on LINUX (358f877c-4143-452f-ab4d-589327eb2715)] -&gt; xpath: //p//word], [[FirefoxDriver: firefox on LINUX (358f877c-4143-452f-ab4d-589327eb2715)] -&gt; xpath: //p//word], [[FirefoxDriver: firefox on LINUX (358f877c-4143-452f-ab4d-589327eb2715)] -&gt; xpath: //p//word], [[FirefoxDriver: firefox on LINUX (358f877c-4143-452f-ab4d-589327eb2715)] -&gt; xpath: //p//word], [[FirefoxDriver: firefox on LINUX (358f877c-4143-452f-ab4d-589327eb2715)] -&gt; xpath: //p//word], [[FirefoxDriver: firefox on LINUX (358f877c-4143-452f-ab4d-589327eb2715)] -&gt; xpath: //p//word], [[FirefoxDriver: firefox on LINUX (358f877c-4143-452f-ab4d-589327eb2715)] -&gt; xpath: //p//word], [[FirefoxDriver: firefox on LINUX (358f877c-4143-452f-ab4d-589327eb2715)] -&gt; xpath: //p//word], [[FirefoxDriver: firefox on LINUX (358f877c-4143-452f-ab4d-589327eb2715)] -&gt; xpath: //p//word], [[FirefoxDriver: firefox on LINUX (358f877c-4143-452f-ab4d-589327eb2715)] -&gt; xpath: //p//word], [[FirefoxDriver: firefox on LINUX (358f877c-4143-452f-ab4d-589327eb2715)] -&gt; xpath: //p//word], [[FirefoxDriver: firefox on LINUX (358f877c-4143-452f-ab4d-589327eb2715)] -&gt; xpath: //p//word], [[FirefoxDriver: firefox on LINUX (358f877c-4143-452f-ab4d-589327eb2715)] -&gt; xpath: //p//word], [[FirefoxDriver: firefox on LINUX (358f877c-4143-452f-ab4d-589327eb2715)] -&gt; xpath: //p//word], [[FirefoxDriver: firefox on LINUX (358f877c-4143-452f-ab4d-589327eb2715)] -&gt; xpath: //p//word], [[FirefoxDriver: firefox on LINUX (358f877c-4143-452f-ab4d-589327eb2715)] -&gt; xpath: //p//word], [[FirefoxDriver: firefox on LINUX (358f877c-4143-452f-ab4d-589327eb2715)] -&gt; xpath: //p//word], [[FirefoxDriver: firefox on LINUX (358f877c-4143-452f-ab4d-589327eb2715)] -&gt; xpath: //p//word], [[FirefoxDriver: firefox on LINUX (358f877c-4143-452f-ab4d-589327eb2715)] -&gt; xpath: //p//word], [[FirefoxDriver: firefox on LINUX (358f877c-4143-452f-ab4d-589327eb2715)] -&gt; xpath: //p//word], [[FirefoxDriver: firefox on LINUX (358f877c-4143-452f-ab4d-589327eb2715)] -&gt; xpath: //p//word], [[FirefoxDriver: firefox on LINUX (358f877c-4143-452f-ab4d-589327eb2715)] -&gt; xpath: //p//word], [[FirefoxDriver: firefox on LINUX (358f877c-4143-452f-ab4d-589327eb2715)] -&gt; xpath: //p//word], [[FirefoxDriver: firefox on LINUX (358f877c-4143-452f-ab4d-589327eb2715)] -&gt; xpath: //p//word], [[FirefoxDriver: firefox on LINUX (358f877c-4143-452f-ab4d-589327eb2715)] -&gt; xpath: //p//word], [[FirefoxDriver: firefox on LINUX (358f877c-4143-452f-ab4d-589327eb2715)] -&gt; xpath: //p//word], [[FirefoxDriver: firefox on LINUX (358f877c-4143-452f-ab4d-589327eb2715)] -&gt; xpath: //p//word], [[FirefoxDriver: firefox on LINUX (358f877c-4143-452f-ab4d-589327eb2715)] -&gt; xpath: //p//word], [[FirefoxDriver: firefox on LINUX (358f877c-4143-452f-ab4d-589327eb2715)] -&gt; xpath: //p//word], [[FirefoxDriver: firefox on LINUX (358f877c-4143-452f-ab4d-589327eb2715)] -&gt; xpath: //p//word], [[FirefoxDriver: firefox on LINUX (358f877c-4143-452f-ab4d-589327eb2715)] -&gt; xpath: //p//word], [[FirefoxDriver: firefox on LINUX (358f877c-4143-452f-ab4d-589327eb2715)] -&gt; xpath: //p//word], [[FirefoxDriver: firefox on LINUX (358f877c-4143-452f-ab4d-589327eb2715)] -&gt; xpath: //p//word], [[FirefoxDriver: firefox on LINUX (358f877c-4143-452f-ab4d-589327eb2715)] -&gt; xpath: //p//word], [[FirefoxDriver: firefox on LINUX (358f877c-4143-452f-ab4d-589327eb2715)] -&gt; xpath: //p//word], [[FirefoxDriver: firefox on LINUX (358f877c-4143-452f-ab4d-589327eb2715)] -&gt; xpath: //p//word], [[FirefoxDriver: firefox on LINUX (358f877c-4143-452f-ab4d-589327eb2715)] -&gt; xpath: //p//word], [[FirefoxDriver: firefox on LINUX (358f877c-4143-452f-ab4d-589327eb2715)] -&gt; xpath: //p//word], [[FirefoxDriver: firefox on LINUX (358f877c-4143-452f-ab4d-589327eb2715)] -&gt; xpath: //p//word], [[FirefoxDriver: firefox on LINUX (358f877c-4143-452f-ab4d-589327eb2715)] -&gt; xpath: //p//word], [[FirefoxDriver: firefox on LINUX (358f877c-4143-452f-ab4d-589327eb2715)] -&gt; xpath: //p//word], [[FirefoxDriver: firefox on LINUX (358f877c-4143-452f-ab4d-589327eb2715)] -&gt; xpath: //p//word], [[FirefoxDriver: firefox on LINUX (358f877c-4143-452f-ab4d-589327eb2715)] -&gt; xpath: //p//word], [[FirefoxDriver: firefox on LINUX (358f877c-4143-452f-ab4d-589327eb2715)] -&gt; xpath: //p//word], [[FirefoxDriver: firefox on LINUX (358f877c-4143-452f-ab4d-589327eb2715)] -&gt; xpath: //p//word], [[FirefoxDriver: firefox on LINUX (358f877c-4143-452f-ab4d-589327eb2715)] -&gt; xpath: //p//word], [[FirefoxDriver: firefox on LINUX (358f877c-4143-452f-ab4d-589327eb2715)] -&gt; xpath: //p//word], [[FirefoxDriver: firefox on LINUX (358f877c-4143-452f-ab4d-589327eb2715)] -&gt; xpath: //p//word], [[FirefoxDriver: firefox on LINUX (358f877c-4143-452f-ab4d-589327eb2715)] -&gt; xpath: //p//word], [[FirefoxDriver: firefox on LINUX (358f877c-4143-452f-ab4d-589327eb2715)] -&gt; xpath: //p//word], [[FirefoxDriver: firefox on LINUX (358f877c-4143-452f-ab4d-589327eb2715)] -&gt; xpath: //p//word], [[FirefoxDriver: firefox on LINUX (358f877c-4143-452f-ab4d-589327eb2715)] -&gt; xpath: //p//word], [[FirefoxDriver: firefox on LINUX (358f877c-4143-452f-ab4d-589327eb2715)] -&gt; xpath: //p//word], [[FirefoxDriver: firefox on LINUX (358f877c-4143-452f-ab4d-589327eb2715)] -&gt; xpath: //p//word], [[FirefoxDriver: firefox on LINUX (358f877c-4143-452f-ab4d-589327eb2715)] -&gt; xpath: //p//word], [[FirefoxDriver: firefox on LINUX (358f877c-4143-452f-ab4d-589327eb2715)] -&gt; xpath: //p//word], [[FirefoxDriver: firefox on LINUX (358f877c-4143-452f-ab4d-589327eb2715)] -&gt; xpath: //p//word], [[FirefoxDriver: firefox on LINUX (358f877c-4143-452f-ab4d-589327eb2715)] -&gt; xpath: //p//word], [[FirefoxDriver: firefox on LINUX (358f877c-4143-452f-ab4d-589327eb2715)] -&gt; xpath: //p//word], [[FirefoxDriver: firefox on LINUX (358f877c-4143-452f-ab4d-589327eb2715)] -&gt; xpath: //p//word], [[FirefoxDriver: firefox on LINUX (358f877c-4143-452f-ab4d-589327eb2715)] -&gt; xpath: //p//word], [[FirefoxDriver: firefox on LINUX (358f877c-4143-452f-ab4d-589327eb2715)] -&gt; xpath: //p//word], [[FirefoxDriver: firefox on LINUX (358f877c-4143-452f-ab4d-589327eb2715)] -&gt; xpath: //p//word], [[FirefoxDriver: firefox on LINUX (358f877c-4143-452f-ab4d-589327eb2715)] -&gt; xpath: //p//word], [[FirefoxDriver: firefox on LINUX (358f877c-4143-452f-ab4d-589327eb2715)] -&gt; xpath: //p//word], [[FirefoxDriver: firefox on LINUX (358f877c-4143-452f-ab4d-589327eb2715)] -&gt; xpath: //p//word], [[FirefoxDriver: firefox on LINUX (358f877c-4143-452f-ab4d-589327eb2715)] -&gt; xpath: //p//word], [[FirefoxDriver: firefox on LINUX (358f877c-4143-452f-ab4d-589327eb2715)] -&gt; xpath: //p//word], [[FirefoxDriver: firefox on LINUX (358f877c-4143-452f-ab4d-589327eb2715)] -&gt; xpath: //p//word], [[FirefoxDriver: firefox on LINUX (358f877c-4143-452f-ab4d-589327eb2715)] -&gt; xpath: //p//word], [[FirefoxDriver: firefox on LINUX (358f877c-4143-452f-ab4d-589327eb2715)] -&gt; xpath: //p//word], [[FirefoxDriver: firefox on LINUX (358f877c-4143-452f-ab4d-589327eb2715)] -&gt; xpath: //p//word], [[FirefoxDriver: firefox on LINUX (358f877c-4143-452f-ab4d-589327eb2715)] -&gt; xpath: //p//word], [[FirefoxDriver: firefox on LINUX (358f877c-4143-452f-ab4d-589327eb2715)] -&gt; xpath: //p//word], [[FirefoxDriver: firefox on LINUX (358f877c-4143-452f-ab4d-589327eb2715)] -&gt; xpath: //p//word], [[FirefoxDriver: firefox on LINUX (358f877c-4143-452f-ab4d-589327eb2715)] -&gt; xpath: //p//word], [[FirefoxDriver: firefox on LINUX (358f877c-4143-452f-ab4d-589327eb2715)] -&gt; xpath: //p//word], [[FirefoxDriver: firefox on LINUX (358f877c-4143-452f-ab4d-589327eb2715)] -&gt; xpath: //p//word], [[FirefoxDriver: firefox on LINUX (358f877c-4143-452f-ab4d-589327eb2715)] -&gt; xpath: //p//word], [[FirefoxDriver: firefox on LINUX (358f877c-4143-452f-ab4d-589327eb2715)] -&gt; xpath: //p//word], [[FirefoxDriver: firefox on LINUX (358f877c-4143-452f-ab4d-589327eb2715)] -&gt; xpath: //p//word], [[FirefoxDriver: firefox on LINUX (358f877c-4143-452f-ab4d-589327eb2715)] -&gt; xpath: //p//word], [[FirefoxDriver: firefox on LINUX (358f877c-4143-452f-ab4d-589327eb2715)] -&gt; xpath: //p//word], [[FirefoxDriver: firefox on LINUX (358f877c-4143-452f-ab4d-589327eb2715)] -&gt; xpath: //p//word], [[FirefoxDriver: firefox on LINUX (358f877c-4143-452f-ab4d-589327eb2715)] -&gt; xpath: //p//word], [[FirefoxDriver: firefox on LINUX (358f877c-4143-452f-ab4d-589327eb2715)] -&gt; xpath: //p//word], [[FirefoxDriver: firefox on LINUX (358f877c-4143-452f-ab4d-589327eb2715)] -&gt; xpath: //p//word], [[FirefoxDriver: firefox on LINUX (358f877c-4143-452f-ab4d-589327eb2715)] -&gt; xpath: //p//word], [[FirefoxDriver: firefox on LINUX (358f877c-4143-452f-ab4d-589327eb2715)] -&gt; xpath: //p//word], [[FirefoxDriver: firefox on LINUX (358f877c-4143-452f-ab4d-589327eb2715)] -&gt; xpath: //p//word], [[FirefoxDriver: firefox on LINUX (358f877c-4143-452f-ab4d-589327eb2715)] -&gt; xpath: //p//word], [[FirefoxDriver: firefox on LINUX (358f877c-4143-452f-ab4d-589327eb2715)] -&gt; xpath: //p//word], [[FirefoxDriver: firefox on LINUX (358f877c-4143-452f-ab4d-589327eb2715)] -&gt; xpath: //p//word], [[FirefoxDriver: firefox on LINUX (358f877c-4143-452f-ab4d-589327eb2715)] -&gt; xpath: //p//word], [[FirefoxDriver: firefox on LINUX (358f877c-4143-452f-ab4d-589327eb2715)] -&gt; xpath: //p//word], [[FirefoxDriver: firefox on LINUX (358f877c-4143-452f-ab4d-589327eb2715)] -&gt; xpath: //p//word], [[FirefoxDriver: firefox on LINUX (358f877c-4143-452f-ab4d-589327eb2715)] -&gt; xpath: //p//word], [[FirefoxDriver: firefox on LINUX (358f877c-4143-452f-ab4d-589327eb2715)] -&gt; xpath: //p//word], [[FirefoxDriver: firefox on LINUX (358f877c-4143-452f-ab4d-589327eb2715)] -&gt; xpath: //p//word], [[FirefoxDriver: firefox on LINUX (358f877c-4143-452f-ab4d-589327eb2715)] -&gt; xpath: //p//word], [[FirefoxDriver: firefox on LINUX (358f877c-4143-452f-ab4d-589327eb2715)] -&gt; xpath: //p//word], [[FirefoxDriver: firefox on LINUX (358f877c-4143-452f-ab4d-589327eb2715)] -&gt; xpath: //p//word], [[FirefoxDriver: firefox on LINUX (358f877c-4143-452f-ab4d-589327eb2715)] -&gt; xpath: //p//word], [[FirefoxDriver: firefox on LINUX (358f877c-4143-452f-ab4d-589327eb2715)] -&gt; xpath: //p//word], [[FirefoxDriver: firefox on LINUX (358f877c-4143-452f-ab4d-589327eb2715)] -&gt; xpath: //p//word], [[FirefoxDriver: firefox on LINUX (358f877c-4143-452f-ab4d-589327eb2715)] -&gt; xpath: //p//word], [[FirefoxDriver: firefox on LINUX (358f877c-4143-452f-ab4d-589327eb2715)] -&gt; xpath: //p//word], [[FirefoxDriver: firefox on LINUX (358f877c-4143-452f-ab4d-589327eb2715)] -&gt; xpath: //p//word], [[FirefoxDriver: firefox on LINUX (358f877c-4143-452f-ab4d-589327eb2715)] -&gt; xpath: //p//word], [[FirefoxDriver: firefox on LINUX (358f877c-4143-452f-ab4d-589327eb2715)] -&gt; xpath: //p//word], [[FirefoxDriver: firefox on LINUX (358f877c-4143-452f-ab4d-589327eb2715)] -&gt; xpath: //p//word], [[FirefoxDriver: firefox on LINUX (358f877c-4143-452f-ab4d-589327eb2715)] -&gt; xpath: //p//word], [[FirefoxDriver: firefox on LINUX (358f877c-4143-452f-ab4d-589327eb2715)] -&gt; xpath: //p//word], [[FirefoxDriver: firefox on LINUX (358f877c-4143-452f-ab4d-589327eb2715)] -&gt; xpath: //p//word], [[FirefoxDriver: firefox on LINUX (358f877c-4143-452f-ab4d-589327eb2715)] -&gt; xpath: //p//word], [[FirefoxDriver: firefox on LINUX (358f877c-4143-452f-ab4d-589327eb2715)] -&gt; xpath: //p//word], [[FirefoxDriver: firefox on LINUX (358f877c-4143-452f-ab4d-589327eb2715)] -&gt; xpath: //p//word], [[FirefoxDriver: firefox on LINUX (358f877c-4143-452f-ab4d-589327eb2715)] -&gt; xpath: //p//word], [[FirefoxDriver: firefox on LINUX (358f877c-4143-452f-ab4d-589327eb2715)] -&gt; xpath: //p//word], [[FirefoxDriver: firefox on LINUX (358f877c-4143-452f-ab4d-589327eb2715)] -&gt; xpath: //p//word], [[FirefoxDriver: firefox on LINUX (358f877c-4143-452f-ab4d-589327eb2715)] -&gt; xpath: //p//word], [[FirefoxDriver: firefox on LINUX (358f877c-4143-452f-ab4d-589327eb2715)] -&gt; xpath: //p//word], [[FirefoxDriver: firefox on LINUX (358f877c-4143-452f-ab4d-589327eb2715)] -&gt; xpath: //p//word], [[FirefoxDriver: firefox on LINUX (358f877c-4143-452f-ab4d-589327eb2715)] -&gt; xpath: //p//word], [[FirefoxDriver: firefox on LINUX (358f877c-4143-452f-ab4d-589327eb2715)] -&gt; xpath: //p//word], [[FirefoxDriver: firefox on LINUX (358f877c-4143-452f-ab4d-589327eb2715)] -&gt; xpath: //p//word], [[FirefoxDriver: firefox on LINUX (358f877c-4143-452f-ab4d-589327eb2715)] -&gt; xpath: //p//word], [[FirefoxDriver: firefox on LINUX (358f877c-4143-452f-ab4d-589327eb2715)] -&gt; xpath: //p//word], [[FirefoxDriver: firefox on LINUX (358f877c-4143-452f-ab4d-589327eb2715)] -&gt; xpath: //p//word], [[FirefoxDriver: firefox on LINUX (358f877c-4143-452f-ab4d-589327eb2715)] -&gt; xpath: //p//word], [[FirefoxDriver: firefox on LINUX (358f877c-4143-452f-ab4d-589327eb2715)] -&gt; xpath: //p//word], [[FirefoxDriver: firefox on LINUX (358f877c-4143-452f-ab4d-589327eb2715)] -&gt; xpath: //p//word], [[FirefoxDriver: firefox on LINUX (358f877c-4143-452f-ab4d-589327eb2715)] -&gt; xpath: //p//word], [[FirefoxDriver: firefox on LINUX (358f877c-4143-452f-ab4d-589327eb2715)] -&gt; xpath: //p//word], [[FirefoxDriver: firefox on LINUX (358f877c-4143-452f-ab4d-589327eb2715)] -&gt; xpath: //p//word], [[FirefoxDriver: firefox on LINUX (358f877c-4143-452f-ab4d-589327eb2715)] -&gt; xpath: //p//word], [[FirefoxDriver: firefox on LINUX (358f877c-4143-452f-ab4d-589327eb2715)] -&gt; xpath: //p//word], [[FirefoxDriver: firefox on LINUX (358f877c-4143-452f-ab4d-589327eb2715)] -&gt; xpath: //p//word], [[FirefoxDriver: firefox on LINUX (358f877c-4143-452f-ab4d-589327eb2715)] -&gt; xpath: //p//word], [[FirefoxDriver: firefox on LINUX (358f877c-4143-452f-ab4d-589327eb2715)] -&gt; xpath: //p//word], [[FirefoxDriver: firefox on LINUX (358f877c-4143-452f-ab4d-589327eb2715)] -&gt; xpath: //p//word], [[FirefoxDriver: firefox on LINUX (358f877c-4143-452f-ab4d-589327eb2715)] -&gt; xpath: //p//word], [[FirefoxDriver: firefox on LINUX (358f877c-4143-452f-ab4d-589327eb2715)] -&gt; xpath: //p//word], [[FirefoxDriver: firefox on LINUX (358f877c-4143-452f-ab4d-589327eb2715)] -&gt; xpath: //p//word], [[FirefoxDriver: firefox on LINUX (358f877c-4143-452f-ab4d-589327eb2715)] -&gt; xpath: //p//word], [[FirefoxDriver: firefox on LINUX (358f877c-4143-452f-ab4d-589327eb2715)] -&gt; xpath: //p//word], [[FirefoxDriver: firefox on LINUX (358f877c-4143-452f-ab4d-589327eb2715)] -&gt; xpath: //p//word], [[FirefoxDriver: firefox on LINUX (358f877c-4143-452f-ab4d-589327eb2715)] -&gt; xpath: //p//word], [[FirefoxDriver: firefox on LINUX (358f877c-4143-452f-ab4d-589327eb2715)] -&gt; xpath: //p//word], [[FirefoxDriver: firefox on LINUX (358f877c-4143-452f-ab4d-589327eb2715)] -&gt; xpath: //p//word], [[FirefoxDriver: firefox on LINUX (358f877c-4143-452f-ab4d-589327eb2715)] -&gt; xpath: //p//word], [[FirefoxDriver: firefox on LINUX (358f877c-4143-452f-ab4d-589327eb2715)] -&gt; xpath: //p//word], [[FirefoxDriver: firefox on LINUX (358f877c-4143-452f-ab4d-589327eb2715)] -&gt; xpath: //p//word], [[FirefoxDriver: firefox on LINUX (358f877c-4143-452f-ab4d-589327eb2715)] -&gt; xpath: //p//word], [[FirefoxDriver: firefox on LINUX (358f877c-4143-452f-ab4d-589327eb2715)] -&gt; xpath: //p//word], [[FirefoxDriver: firefox on LINUX (358f877c-4143-452f-ab4d-589327eb2715)] -&gt; xpath: //p//word], [[FirefoxDriver: firefox on LINUX (358f877c-4143-452f-ab4d-589327eb2715)] -&gt; xpath: //p//word], [[FirefoxDriver: firefox on LINUX (358f877c-4143-452f-ab4d-589327eb2715)] -&gt; xpath: //p//word], [[FirefoxDriver: firefox on LINUX (358f877c-4143-452f-ab4d-589327eb2715)] -&gt; xpath: //p//word], [[FirefoxDriver: firefox on LINUX (358f877c-4143-452f-ab4d-589327eb2715)] -&gt; xpath: //p//word], [[FirefoxDriver: firefox on LINUX (358f877c-4143-452f-ab4d-589327eb2715)] -&gt; xpath: //p//word], [[FirefoxDriver: firefox on LINUX (358f877c-4143-452f-ab4d-589327eb2715)] -&gt; xpath: //p//word], [[FirefoxDriver: firefox on LINUX (358f877c-4143-452f-ab4d-589327eb2715)] -&gt; xpath: //p//word], [[FirefoxDriver: firefox on LINUX (358f877c-4143-452f-ab4d-589327eb2715)] -&gt; xpath: //p//word], [[FirefoxDriver: firefox on LINUX (358f877c-4143-452f-ab4d-589327eb2715)] -&gt; xpath: //p//word], [[FirefoxDriver: firefox on LINUX (358f877c-4143-452f-ab4d-589327eb2715)] -&gt; xpath: //p//word], [[FirefoxDriver: firefox on LINUX (358f877c-4143-452f-ab4d-589327eb2715)] -&gt; xpath: //p//word], [[FirefoxDriver: firefox on LINUX (358f877c-4143-452f-ab4d-589327eb2715)] -&gt; xpath: //p//word], [[FirefoxDriver: firefox on LINUX (358f877c-4143-452f-ab4d-589327eb2715)] -&gt; xpath: //p//word], [[FirefoxDriver: firefox on LINUX (358f877c-4143-452f-ab4d-589327eb2715)] -&gt; xpath: //p//word], [[FirefoxDriver: firefox on LINUX (358f877c-4143-452f-ab4d-589327eb2715)] -&gt; xpath: //p//word], [[FirefoxDriver: firefox on LINUX (358f877c-4143-452f-ab4d-589327eb2715)] -&gt; xpath: //p//word], [[FirefoxDriver: firefox on LINUX (358f877c-4143-452f-ab4d-589327eb2715)] -&gt; xpath: //p//word], [[FirefoxDriver: firefox on LINUX (358f877c-4143-452f-ab4d-589327eb2715)] -&gt; xpath: //p//word], [[FirefoxDriver: firefox on LINUX (358f877c-4143-452f-ab4d-589327eb2715)] -&gt; xpath: //p//word], [[FirefoxDriver: firefox on LINUX (358f877c-4143-452f-ab4d-589327eb2715)] -&gt; xpath: //p//word], [[FirefoxDriver: firefox on LINUX (358f877c-4143-452f-ab4d-589327eb2715)] -&gt; xpath: //p//word], [[FirefoxDriver: firefox on LINUX (358f877c-4143-452f-ab4d-589327eb2715)] -&gt; xpath: //p//word], [[FirefoxDriver: firefox on LINUX (358f877c-4143-452f-ab4d-589327eb2715)] -&gt; xpath: //p//word], [[FirefoxDriver: firefox on LINUX (358f877c-4143-452f-ab4d-589327eb2715)] -&gt; xpath: //p//word], [[FirefoxDriver: firefox on LINUX (358f877c-4143-452f-ab4d-589327eb2715)] -&gt; xpath: //p//word], [[FirefoxDriver: firefox on LINUX (358f877c-4143-452f-ab4d-589327eb2715)] -&gt; xpath: //p//word], [[FirefoxDriver: firefox on LINUX (358f877c-4143-452f-ab4d-589327eb2715)] -&gt; xpath: //p//word], [[FirefoxDriver: firefox on LINUX (358f877c-4143-452f-ab4d-589327eb2715)] -&gt; xpath: //p//word], [[FirefoxDriver: firefox on LINUX (358f877c-4143-452f-ab4d-589327eb2715)] -&gt; xpath: //p//word], [[FirefoxDriver: firefox on LINUX (358f877c-4143-452f-ab4d-589327eb2715)] -&gt; xpath: //p//word], [[FirefoxDriver: firefox on LINUX (358f877c-4143-452f-ab4d-589327eb2715)] -&gt; xpath: //p//word], [[FirefoxDriver: firefox on LINUX (358f877c-4143-452f-ab4d-589327eb2715)] -&gt; xpath: //p//word], [[FirefoxDriver: firefox on LINUX (358f877c-4143-452f-ab4d-589327eb2715)] -&gt; xpath: //p//word], [[FirefoxDriver: firefox on LINUX (358f877c-4143-452f-ab4d-589327eb2715)] -&gt; xpath: //p//word], [[FirefoxDriver: firefox on LINUX (358f877c-4143-452f-ab4d-589327eb2715)] -&gt; xpath: //p//word], [[FirefoxDriver: firefox on LINUX (358f877c-4143-452f-ab4d-589327eb2715)] -&gt; xpath: //p//word], [[FirefoxDriver: firefox on LINUX (358f877c-4143-452f-ab4d-589327eb2715)] -&gt; xpath: //p//word], [[FirefoxDriver: firefox on LINUX (358f877c-4143-452f-ab4d-589327eb2715)] -&gt; xpath: //p//word], [[FirefoxDriver: firefox on LINUX (358f877c-4143-452f-ab4d-589327eb2715)] -&gt; xpath: //p//word], [[FirefoxDriver: firefox on LINUX (358f877c-4143-452f-ab4d-589327eb2715)] -&gt; xpath: //p//word], [[FirefoxDriver: firefox on LINUX (358f877c-4143-452f-ab4d-589327eb2715)] -&gt; xpath: //p//word], [[FirefoxDriver: firefox on LINUX (358f877c-4143-452f-ab4d-589327eb2715)] -&gt; xpath: //p//word], [[FirefoxDriver: firefox on LINUX (358f877c-4143-452f-ab4d-589327eb2715)] -&gt; xpath: //p//word], [[FirefoxDriver: firefox on LINUX (358f877c-4143-452f-ab4d-589327eb2715)] -&gt; xpath: //p//word], [[FirefoxDriver: firefox on LINUX (358f877c-4143-452f-ab4d-589327eb2715)] -&gt; xpath: //p//word], [[FirefoxDriver: firefox on LINUX (358f877c-4143-452f-ab4d-589327eb2715)] -&gt; xpath: //p//word], [[FirefoxDriver: firefox on LINUX (358f877c-4143-452f-ab4d-589327eb2715)] -&gt; xpath: //p//word], [[FirefoxDriver: firefox on LINUX (358f877c-4143-452f-ab4d-589327eb2715)] -&gt; xpath: //p//word], [[FirefoxDriver: firefox on LINUX (358f877c-4143-452f-ab4d-589327eb2715)] -&gt; xpath: //p//word], [[FirefoxDriver: firefox on LINUX (358f877c-4143-452f-ab4d-589327eb2715)] -&gt; xpath: //p//word], [[FirefoxDriver: firefox on LINUX (358f877c-4143-452f-ab4d-589327eb2715)] -&gt; xpath: //p//word], [[FirefoxDriver: firefox on LINUX (358f877c-4143-452f-ab4d-589327eb2715)] -&gt; xpath: //p//word], [[FirefoxDriver: firefox on LINUX (358f877c-4143-452f-ab4d-589327eb2715)] -&gt; xpath: //p//word], [[FirefoxDriver: firefox on LINUX (358f877c-4143-452f-ab4d-589327eb2715)] -&gt; xpath: //p//word], [[FirefoxDriver: firefox on LINUX (358f877c-4143-452f-ab4d-589327eb2715)] -&gt; xpath: //p//word], [[FirefoxDriver: firefox on LINUX (358f877c-4143-452f-ab4d-589327eb2715)] -&gt; xpath: //p//word], [[FirefoxDriver: firefox on LINUX (358f877c-4143-452f-ab4d-589327eb2715)] -&gt; xpath: //p//word], [[FirefoxDriver: firefox on LINUX (358f877c-4143-452f-ab4d-589327eb2715)] -&gt; xpath: //p//word], [[FirefoxDriver: firefox on LINUX (358f877c-4143-452f-ab4d-589327eb2715)] -&gt; xpath: //p//word], [[FirefoxDriver: firefox on LINUX (358f877c-4143-452f-ab4d-589327eb2715)] -&gt; xpath: //p//word], [[FirefoxDriver: firefox on LINUX (358f877c-4143-452f-ab4d-589327eb2715)] -&gt; xpath: //p//word], [[FirefoxDriver: firefox on LINUX (358f877c-4143-452f-ab4d-589327eb2715)] -&gt; xpath: //p//word], [[FirefoxDriver: firefox on LINUX (358f877c-4143-452f-ab4d-589327eb2715)] -&gt; xpath: //p//word], [[FirefoxDriver: firefox on LINUX (358f877c-4143-452f-ab4d-589327eb2715)] -&gt; xpath: //p//word], [[FirefoxDriver: firefox on LINUX (358f877c-4143-452f-ab4d-589327eb2715)] -&gt; xpath: //p//word], [[FirefoxDriver: firefox on LINUX (358f877c-4143-452f-ab4d-589327eb2715)] -&gt; xpath: //p//word], [[FirefoxDriver: firefox on LINUX (358f877c-4143-452f-ab4d-589327eb2715)] -&gt; xpath: //p//word], [[FirefoxDriver: firefox on LINUX (358f877c-4143-452f-ab4d-589327eb2715)] -&gt; xpath: //p//word], [[FirefoxDriver: firefox on LINUX (358f877c-4143-452f-ab4d-589327eb2715)] -&gt; xpath: //p//word], [[FirefoxDriver: firefox on LINUX (358f877c-4143-452f-ab4d-589327eb2715)] -&gt; xpath: //p//word], [[FirefoxDriver: firefox on LINUX (358f877c-4143-452f-ab4d-589327eb2715)] -&gt; xpath: //p//word], [[FirefoxDriver: firefox on LINUX (358f877c-4143-452f-ab4d-589327eb2715)] -&gt; xpath: //p//word], [[FirefoxDriver: firefox on LINUX (358f877c-4143-452f-ab4d-589327eb2715)] -&gt; xpath: //p//word], [[FirefoxDriver: firefox on LINUX (358f877c-4143-452f-ab4d-589327eb2715)] -&gt; xpath: //p//word], [[FirefoxDriver: firefox on LINUX (358f877c-4143-452f-ab4d-589327eb2715)] -&gt; xpath: //p//word], [[FirefoxDriver: firefox on LINUX (358f877c-4143-452f-ab4d-589327eb2715)] -&gt; xpath: //p//word], [[FirefoxDriver: firefox on LINUX (358f877c-4143-452f-ab4d-589327eb2715)] -&gt; xpath: //p//word], [[FirefoxDriver: firefox on LINUX (358f877c-4143-452f-ab4d-589327eb2715)] -&gt; xpath: //p//word], [[FirefoxDriver: firefox on LINUX (358f877c-4143-452f-ab4d-589327eb2715)] -&gt; xpath: //p//word], [[FirefoxDriver: firefox on LINUX (358f877c-4143-452f-ab4d-589327eb2715)] -&gt; xpath: //p//word], [[FirefoxDriver: firefox on LINUX (358f877c-4143-452f-ab4d-589327eb2715)] -&gt; xpath: //p//word], [[FirefoxDriver: firefox on LINUX (358f877c-4143-452f-ab4d-589327eb2715)] -&gt; xpath: //p//word], [[FirefoxDriver: firefox on LINUX (358f877c-4143-452f-ab4d-589327eb2715)] -&gt; xpath: //p//word], [[FirefoxDriver: firefox on LINUX (358f877c-4143-452f-ab4d-589327eb2715)] -&gt; xpath: //p//word], [[FirefoxDriver: firefox on LINUX (358f877c-4143-452f-ab4d-589327eb2715)] -&gt; xpath: //p//word], [[FirefoxDriver: firefox on LINUX (358f877c-4143-452f-ab4d-589327eb2715)] -&gt; xpath: //p//word], [[FirefoxDriver: firefox on LINUX (358f877c-4143-452f-ab4d-589327eb2715)] -&gt; xpath: //p//word], [[FirefoxDriver: firefox on LINUX (358f877c-4143-452f-ab4d-589327eb2715)] -&gt; xpath: //p//word], [[FirefoxDriver: firefox on LINUX (358f877c-4143-452f-ab4d-589327eb2715)] -&gt; xpath: //p//word], [[FirefoxDriver: firefox on LINUX (358f877c-4143-452f-ab4d-589327eb2715)] -&gt; xpath: //p//word], [[FirefoxDriver: firefox on LINUX (358f877c-4143-452f-ab4d-589327eb2715)] -&gt; xpath: //p//word], [[FirefoxDriver: firefox on LINUX (358f877c-4143-452f-ab4d-589327eb2715)] -&gt; xpath: //p//word], [[FirefoxDriver: firefox on LINUX (358f877c-4143-452f-ab4d-589327eb2715)] -&gt; xpath: //p//word], [[FirefoxDriver: firefox on LINUX (358f877c-4143-452f-ab4d-589327eb2715)] -&gt; xpath: //p//word], [[FirefoxDriver: firefox on LINUX (358f877c-4143-452f-ab4d-589327eb2715)] -&gt; xpath: //p//word], [[FirefoxDriver: firefox on LINUX (358f877c-4143-452f-ab4d-589327eb2715)] -&gt; xpath: //p//word], [[FirefoxDriver: firefox on LINUX (358f877c-4143-452f-ab4d-589327eb2715)] -&gt; xpath: //p//word], [[FirefoxDriver: firefox on LINUX (358f877c-4143-452f-ab4d-589327eb2715)] -&gt; xpath: //p//word], [[FirefoxDriver: firefox on LINUX (358f877c-4143-452f-ab4d-589327eb2715)] -&gt; xpath: //p//word], [[FirefoxDriver: firefox on LINUX (358f877c-4143-452f-ab4d-589327eb2715)] -&gt; xpath: //p//word], [[FirefoxDriver: firefox on LINUX (358f877c-4143-452f-ab4d-589327eb2715)] -&gt; xpath: //p//word], [[FirefoxDriver: firefox on LINUX (358f877c-4143-452f-ab4d-589327eb2715)] -&gt; xpath: //p//word], [[FirefoxDriver: firefox on LINUX (358f877c-4143-452f-ab4d-589327eb2715)] -&gt; xpath: //p//word], [[FirefoxDriver: firefox on LINUX (358f877c-4143-452f-ab4d-589327eb2715)] -&gt; xpath: //p//word], [[FirefoxDriver: firefox on LINUX (358f877c-4143-452f-ab4d-589327eb2715)] -&gt; xpath: //p//word], [[FirefoxDriver: firefox on LINUX (358f877c-4143-452f-ab4d-589327eb2715)] -&gt; xpath: //p//word], [[FirefoxDriver: firefox on LINUX (358f877c-4143-452f-ab4d-589327eb2715)] -&gt; xpath: //p//word], [[FirefoxDriver: firefox on LINUX (358f877c-4143-452f-ab4d-589327eb2715)] -&gt; xpath: //p//word], [[FirefoxDriver: firefox on LINUX (358f877c-4143-452f-ab4d-589327eb2715)] -&gt; xpath: //p//word], [[FirefoxDriver: firefox on LINUX (358f877c-4143-452f-ab4d-589327eb2715)] -&gt; xpath: //p//word], [[FirefoxDriver: firefox on LINUX (358f877c-4143-452f-ab4d-589327eb2715)] -&gt; xpath: //p//word], [[FirefoxDriver: firefox on LINUX (358f877c-4143-452f-ab4d-589327eb2715)] -&gt; xpath: //p//word], [[FirefoxDriver: firefox on LINUX (358f877c-4143-452f-ab4d-589327eb2715)] -&gt; xpath: //p//word], [[FirefoxDriver: firefox on LINUX (358f877c-4143-452f-ab4d-589327eb2715)] -&gt; xpath: //p//word], [[FirefoxDriver: firefox on LINUX (358f877c-4143-452f-ab4d-589327eb2715)] -&gt; xpath: //p//word], [[FirefoxDriver: firefox on LINUX (358f877c-4143-452f-ab4d-589327eb2715)] -&gt; xpath: //p//word], [[FirefoxDriver: firefox on LINUX (358f877c-4143-452f-ab4d-589327eb2715)] -&gt; xpath: //p//word], [[FirefoxDriver: firefox on LINUX (358f877c-4143-452f-ab4d-589327eb2715)] -&gt; xpath: //p//word], [[FirefoxDriver: firefox on LINUX (358f877c-4143-452f-ab4d-589327eb2715)] -&gt; xpath: //p//word], [[FirefoxDriver: firefox on LINUX (358f877c-4143-452f-ab4d-589327eb2715)] -&gt; xpath: //p//word], [[FirefoxDriver: firefox on LINUX (358f877c-4143-452f-ab4d-589327eb2715)] -&gt; xpath: //p//word], [[FirefoxDriver: firefox on LINUX (358f877c-4143-452f-ab4d-589327eb2715)] -&gt; xpath: //p//word], [[FirefoxDriver: firefox on LINUX (358f877c-4143-452f-ab4d-589327eb2715)] -&gt; xpath: //p//word], [[FirefoxDriver: firefox on LINUX (358f877c-4143-452f-ab4d-589327eb2715)] -&gt; xpath: //p//word], [[FirefoxDriver: firefox on LINUX (358f877c-4143-452f-ab4d-589327eb2715)] -&gt; xpath: //p//word], [[FirefoxDriver: firefox on LINUX (358f877c-4143-452f-ab4d-589327eb2715)] -&gt; xpath: //p//word], [[FirefoxDriver: firefox on LINUX (358f877c-4143-452f-ab4d-589327eb2715)] -&gt; xpath: //p//word], [[FirefoxDriver: firefox on LINUX (358f877c-4143-452f-ab4d-589327eb2715)] -&gt; xpath: //p//word], [[FirefoxDriver: firefox on LINUX (358f877c-4143-452f-ab4d-589327eb2715)] -&gt; xpath: //p//word], [[FirefoxDriver: firefox on LINUX (358f877c-4143-452f-ab4d-589327eb2715)] -&gt; xpath: //p//word], [[FirefoxDriver: firefox on LINUX (358f877c-4143-452f-ab4d-589327eb2715)] -&gt; xpath: //p//word], [[FirefoxDriver: firefox on LINUX (358f877c-4143-452f-ab4d-589327eb2715)] -&gt; xpath: //p//word], [[FirefoxDriver: firefox on LINUX (358f877c-4143-452f-ab4d-589327eb2715)] -&gt; xpath: //p//word], [[FirefoxDriver: firefox on LINUX (358f877c-4143-452f-ab4d-589327eb2715)] -&gt; xpath: //p//word], [[FirefoxDriver: firefox on LINUX (358f877c-4143-452f-ab4d-589327eb2715)] -&gt; xpath: //p//word], [[FirefoxDriver: firefox on LINUX (358f877c-4143-452f-ab4d-589327eb2715)] -&gt; xpath: //p//word], [[FirefoxDriver: firefox on LINUX (358f877c-4143-452f-ab4d-589327eb2715)] -&gt; xpath: //p//word], [[FirefoxDriver: firefox on LINUX (358f877c-4143-452f-ab4d-589327eb2715)] -&gt; xpath: //p//word], [[FirefoxDriver: firefox on LINUX (358f877c-4143-452f-ab4d-589327eb2715)] -&gt; xpath: //p//word], [[FirefoxDriver: firefox on LINUX (358f877c-4143-452f-ab4d-589327eb2715)] -&gt; xpath: //p//word], [[FirefoxDriver: firefox on LINUX (358f877c-4143-452f-ab4d-589327eb2715)] -&gt; xpath: //p//word], [[FirefoxDriver: firefox on LINUX (358f877c-4143-452f-ab4d-589327eb2715)] -&gt; xpath: //p//word], [[FirefoxDriver: firefox on LINUX (358f877c-4143-452f-ab4d-589327eb2715)] -&gt; xpath: //p//word], [[FirefoxDriver: firefox on LINUX (358f877c-4143-452f-ab4d-589327eb2715)] -&gt; xpath: //p//word], [[FirefoxDriver: firefox on LINUX (358f877c-4143-452f-ab4d-589327eb2715)] -&gt; xpath: //p//word], [[FirefoxDriver: firefox on LINUX (358f877c-4143-452f-ab4d-589327eb2715)] -&gt; xpath: //p//word], [[FirefoxDriver: firefox on LINUX (358f877c-4143-452f-ab4d-589327eb2715)] -&gt; xpath: //p//word], [[FirefoxDriver: firefox on LINUX (358f877c-4143-452f-ab4d-589327eb2715)] -&gt; xpath: //p//word], [[FirefoxDriver: firefox on LINUX (358f877c-4143-452f-ab4d-589327eb2715)] -&gt; xpath: //p//word], [[FirefoxDriver: firefox on LINUX (358f877c-4143-452f-ab4d-589327eb2715)] -&gt; xpath: //p//word], [[FirefoxDriver: firefox on LINUX (358f877c-4143-452f-ab4d-589327eb2715)] -&gt; xpath: //p//word], [[FirefoxDriver: firefox on LINUX (358f877c-4143-452f-ab4d-589327eb2715)] -&gt; xpath: //p//word], [[FirefoxDriver: firefox on LINUX (358f877c-4143-452f-ab4d-589327eb2715)] -&gt; xpath: //p//word], [[FirefoxDriver: firefox on LINUX (358f877c-4143-452f-ab4d-589327eb2715)] -&gt; xpath: //p//word], [[FirefoxDriver: firefox on LINUX (358f877c-4143-452f-ab4d-589327eb2715)] -&gt; xpath: //p//word], [[FirefoxDriver: firefox on LINUX (358f877c-4143-452f-ab4d-589327eb2715)] -&gt; xpath: //p//word], [[FirefoxDriver: firefox on LINUX (358f877c-4143-452f-ab4d-589327eb2715)] -&gt; xpath: //p//word], [[FirefoxDriver: firefox on LINUX (358f877c-4143-452f-ab4d-589327eb2715)] -&gt; xpath: //p//word], [[FirefoxDriver: firefox on LINUX (358f877c-4143-452f-ab4d-589327eb2715)] -&gt; xpath: //p//word], [[FirefoxDriver: firefox on LINUX (358f877c-4143-452f-ab4d-589327eb2715)] -&gt; xpath: //p//word], [[FirefoxDriver: firefox on LINUX (358f877c-4143-452f-ab4d-589327eb2715)] -&gt; xpath: //p//word], [[FirefoxDriver: firefox on LINUX (358f877c-4143-452f-ab4d-589327eb2715)] -&gt; xpath: //p//word], [[FirefoxDriver: firefox on LINUX (358f877c-4143-452f-ab4d-589327eb2715)] -&gt; xpath: //p//word], [[FirefoxDriver: firefox on LINUX (358f877c-4143-452f-ab4d-589327eb2715)] -&gt; xpath: //p//word], [[FirefoxDriver: firefox on LINUX (358f877c-4143-452f-ab4d-589327eb2715)] -&gt; xpath: //p//word], [[FirefoxDriver: firefox on LINUX (358f877c-4143-452f-ab4d-589327eb2715)] -&gt; xpath: //p//word], [[FirefoxDriver: firefox on LINUX (358f877c-4143-452f-ab4d-589327eb2715)] -&gt; xpath: //p//word], [[FirefoxDriver: firefox on LINUX (358f877c-4143-452f-ab4d-589327eb2715)] -&gt; xpath: //p//word], [[FirefoxDriver: firefox on LINUX (358f877c-4143-452f-ab4d-589327eb2715)] -&gt; xpath: //p//word], [[FirefoxDriver: firefox on LINUX (358f877c-4143-452f-ab4d-589327eb2715)] -&gt; xpath: //p//word], [[FirefoxDriver: firefox on LINUX (358f877c-4143-452f-ab4d-589327eb2715)] -&gt; xpath: //p//word], [[FirefoxDriver: firefox on LINUX (358f877c-4143-452f-ab4d-589327eb2715)] -&gt; xpath: //p//word], [[FirefoxDriver: firefox on LINUX (358f877c-4143-452f-ab4d-589327eb2715)] -&gt; xpath: //p//word], [[FirefoxDriver: firefox on LINUX (358f877c-4143-452f-ab4d-589327eb2715)] -&gt; xpath: //p//word], [[FirefoxDriver: firefox on LINUX (358f877c-4143-452f-ab4d-589327eb2715)] -&gt; xpath: //p//word], [[FirefoxDriver: firefox on LINUX (358f877c-4143-452f-ab4d-589327eb2715)] -&gt; xpath: //p//word], [[FirefoxDriver: firefox on LINUX (358f877c-4143-452f-ab4d-589327eb2715)] -&gt; xpath: //p//word], [[FirefoxDriver: firefox on LINUX (358f877c-4143-452f-ab4d-589327eb2715)] -&gt; xpath: //p//word], [[FirefoxDriver: firefox on LINUX (358f877c-4143-452f-ab4d-589327eb2715)] -&gt; xpath: //p//word], [[FirefoxDriver: firefox on LINUX (358f877c-4143-452f-ab4d-589327eb2715)] -&gt; xpath: //p//word], [[FirefoxDriver: firefox on LINUX (358f877c-4143-452f-ab4d-589327eb2715)] -&gt; xpath: //p//word], [[FirefoxDriver: firefox on LINUX (358f877c-4143-452f-ab4d-589327eb2715)] -&gt; xpath: //p//word], [[FirefoxDriver: firefox on LINUX (358f877c-4143-452f-ab4d-589327eb2715)] -&gt; xpath: //p//word], [[FirefoxDriver: firefox on LINUX (358f877c-4143-452f-ab4d-589327eb2715)] -&gt; xpath: //p//word], [[FirefoxDriver: firefox on LINUX (358f877c-4143-452f-ab4d-589327eb2715)] -&gt; xpath: //p//word], [[FirefoxDriver: firefox on LINUX (358f877c-4143-452f-ab4d-589327eb2715)] -&gt; xpath: //p//word], [[FirefoxDriver: firefox on LINUX (358f877c-4143-452f-ab4d-589327eb2715)] -&gt; xpath: //p//word], [[FirefoxDriver: firefox on LINUX (358f877c-4143-452f-ab4d-589327eb2715)] -&gt; xpath: //p//word], [[FirefoxDriver: firefox on LINUX (358f877c-4143-452f-ab4d-589327eb2715)] -&gt; xpath: //p//word], [[FirefoxDriver: firefox on LINUX (358f877c-4143-452f-ab4d-589327eb2715)] -&gt; xpath: //p//word], [[FirefoxDriver: firefox on LINUX (358f877c-4143-452f-ab4d-589327eb2715)] -&gt; xpath: //p//word], [[FirefoxDriver: firefox on LINUX (358f877c-4143-452f-ab4d-589327eb2715)] -&gt; xpath: //p//word], [[FirefoxDriver: firefox on LINUX (358f877c-4143-452f-ab4d-589327eb2715)] -&gt; xpath: //p//word], [[FirefoxDriver: firefox on LINUX (358f877c-4143-452f-ab4d-589327eb2715)] -&gt; xpath: //p//word], [[FirefoxDriver: firefox on LINUX (358f877c-4143-452f-ab4d-589327eb2715)] -&gt; xpath: //p//word], [[FirefoxDriver: firefox on LINUX (358f877c-4143-452f-ab4d-589327eb2715)] -&gt; xpath: //p//word], [[FirefoxDriver: firefox on LINUX (358f877c-4143-452f-ab4d-589327eb2715)] -&gt; xpath: //p//word], [[FirefoxDriver: firefox on LINUX (358f877c-4143-452f-ab4d-589327eb2715)] -&gt; xpath: //p//word], [[FirefoxDriver: firefox on LINUX (358f877c-4143-452f-ab4d-589327eb2715)] -&gt; xpath: //p//word], [[FirefoxDriver: firefox on LINUX (358f877c-4143-452f-ab4d-589327eb2715)] -&gt; xpath: //p//word], [[FirefoxDriver: firefox on LINUX (358f877c-4143-452f-ab4d-589327eb2715)] -&gt; xpath: //p//word], [[FirefoxDriver: firefox on LINUX (358f877c-4143-452f-ab4d-589327eb2715)] -&gt; xpath: //p//word], [[FirefoxDriver: firefox on LINUX (358f877c-4143-452f-ab4d-589327eb2715)] -&gt; xpath: //p//word], [[FirefoxDriver: firefox on LINUX (358f877c-4143-452f-ab4d-589327eb2715)] -&gt; xpath: //p//word], [[FirefoxDriver: firefox on LINUX (358f877c-4143-452f-ab4d-589327eb2715)] -&gt; xpath: //p//word], [[FirefoxDriver: firefox on LINUX (358f877c-4143-452f-ab4d-589327eb2715)] -&gt; xpath: //p//word], [[FirefoxDriver: firefox on LINUX (358f877c-4143-452f-ab4d-589327eb2715)] -&gt; xpath: //p//word], [[FirefoxDriver: firefox on LINUX (358f877c-4143-452f-ab4d-589327eb2715)] -&gt; xpath: //p//word], [[FirefoxDriver: firefox on LINUX (358f877c-4143-452f-ab4d-589327eb2715)] -&gt; xpath: //p//word], [[FirefoxDriver: firefox on LINUX (358f877c-4143-452f-ab4d-589327eb2715)] -&gt; xpath: //p//word], [[FirefoxDriver: firefox on LINUX (358f877c-4143-452f-ab4d-589327eb2715)] -&gt; xpath: //p//word], [[FirefoxDriver: firefox on LINUX (358f877c-4143-452f-ab4d-589327eb2715)] -&gt; xpath: //p//word], [[FirefoxDriver: firefox on LINUX (358f877c-4143-452f-ab4d-589327eb2715)] -&gt; xpath: //p//word], [[FirefoxDriver: firefox on LINUX (358f877c-4143-452f-ab4d-589327eb2715)] -&gt; xpath: //p//word], [[FirefoxDriver: firefox on LINUX (358f877c-4143-452f-ab4d-589327eb2715)] -&gt; xpath: //p//word], [[FirefoxDriver: firefox on LINUX (358f877c-4143-452f-ab4d-589327eb2715)] -&gt; xpath: //p//word], [[FirefoxDriver: firefox on LINUX (358f877c-4143-452f-ab4d-589327eb2715)] -&gt; xpath: //p//word], [[FirefoxDriver: firefox on LINUX (358f877c-4143-452f-ab4d-589327eb2715)] -&gt; xpath: //p//word], [[FirefoxDriver: firefox on LINUX (358f877c-4143-452f-ab4d-589327eb2715)] -&gt; xpath: //p//word], [[FirefoxDriver: firefox on LINUX (358f877c-4143-452f-ab4d-589327eb2715)] -&gt; xpath: //p//word], [[FirefoxDriver: firefox on LINUX (358f877c-4143-452f-ab4d-589327eb2715)] -&gt; xpath: //p//word], [[FirefoxDriver: firefox on LINUX (358f877c-4143-452f-ab4d-589327eb2715)] -&gt; xpath: //p//word], [[FirefoxDriver: firefox on LINUX (358f877c-4143-452f-ab4d-589327eb2715)] -&gt; xpath: //p//word], [[FirefoxDriver: firefox on LINUX (358f877c-4143-452f-ab4d-589327eb2715)] -&gt; xpath: //p//word], [[FirefoxDriver: firefox on LINUX (358f877c-4143-452f-ab4d-589327eb2715)] -&gt; xpath: //p//word], [[FirefoxDriver: firefox on LINUX (358f877c-4143-452f-ab4d-589327eb2715)] -&gt; xpath: //p//word], [[FirefoxDriver: firefox on LINUX (358f877c-4143-452f-ab4d-589327eb2715)] -&gt; xpath: //p//word], [[FirefoxDriver: firefox on LINUX (358f877c-4143-452f-ab4d-589327eb2715)] -&gt; xpath: //p//word], [[FirefoxDriver: firefox on LINUX (358f877c-4143-452f-ab4d-589327eb2715)] -&gt; xpath: //p//word], [[FirefoxDriver: firefox on LINUX (358f877c-4143-452f-ab4d-589327eb2715)] -&gt; xpath: //p//word], [[FirefoxDriver: firefox on LINUX (358f877c-4143-452f-ab4d-589327eb2715)] -&gt; xpath: //p//word], [[FirefoxDriver: firefox on LINUX (358f877c-4143-452f-ab4d-589327eb2715)] -&gt; xpath: //p//word], [[FirefoxDriver: firefox on LINUX (358f877c-4143-452f-ab4d-589327eb2715)] -&gt; xpath: //p//word], [[FirefoxDriver: firefox on LINUX (358f877c-4143-452f-ab4d-589327eb2715)] -&gt; xpath: //p//word], [[FirefoxDriver: firefox on LINUX (358f877c-4143-452f-ab4d-589327eb2715)] -&gt; xpath: //p//word], [[FirefoxDriver: firefox on LINUX (358f877c-4143-452f-ab4d-589327eb2715)] -&gt; xpath: //p//word], [[FirefoxDriver: firefox on LINUX (358f877c-4143-452f-ab4d-589327eb2715)] -&gt; xpath: //p//word], [[FirefoxDriver: firefox on LINUX (358f877c-4143-452f-ab4d-589327eb2715)] -&gt; xpath: //p//word], [[FirefoxDriver: firefox on LINUX (358f877c-4143-452f-ab4d-589327eb2715)] -&gt; xpath: //p//word], [[FirefoxDriver: firefox on LINUX (358f877c-4143-452f-ab4d-589327eb2715)] -&gt; xpath: //p//word], [[FirefoxDriver: firefox on LINUX (358f877c-4143-452f-ab4d-589327eb2715)] -&gt; xpath: //p//word], [[FirefoxDriver: firefox on LINUX (358f877c-4143-452f-ab4d-589327eb2715)] -&gt; xpath: //p//word], [[FirefoxDriver: firefox on LINUX (358f877c-4143-452f-ab4d-589327eb2715)] -&gt; xpath: //p//word], [[FirefoxDriver: firefox on LINUX (358f877c-4143-452f-ab4d-589327eb2715)] -&gt; xpath: //p//word], [[FirefoxDriver: firefox on LINUX (358f877c-4143-452f-ab4d-589327eb2715)] -&gt; xpath: //p//word], [[FirefoxDriver: firefox on LINUX (358f877c-4143-452f-ab4d-589327eb2715)] -&gt; xpath: //p//word], [[FirefoxDriver: firefox on LINUX (358f877c-4143-452f-ab4d-589327eb2715)] -&gt; xpath: //p//word], [[FirefoxDriver: firefox on LINUX (358f877c-4143-452f-ab4d-589327eb2715)] -&gt; xpath: //p//word], [[FirefoxDriver: firefox on LINUX (358f877c-4143-452f-ab4d-589327eb2715)] -&gt; xpath: //p//word], [[FirefoxDriver: firefox on LINUX (358f877c-4143-452f-ab4d-589327eb2715)] -&gt; xpath: //p//word], [[FirefoxDriver: firefox on LINUX (358f877c-4143-452f-ab4d-589327eb2715)] -&gt; xpath: //p//word], [[FirefoxDriver: firefox on LINUX (358f877c-4143-452f-ab4d-589327eb2715)] -&gt; xpath: //p//word], [[FirefoxDriver: firefox on LINUX (358f877c-4143-452f-ab4d-589327eb2715)] -&gt; xpath: //p//word], [[FirefoxDriver: firefox on LINUX (358f877c-4143-452f-ab4d-589327eb2715)] -&gt; xpath: //p//word], [[FirefoxDriver: firefox on LINUX (358f877c-4143-452f-ab4d-589327eb2715)] -&gt; xpath: //p//word], [[FirefoxDriver: firefox on LINUX (358f877c-4143-452f-ab4d-589327eb2715)] -&gt; xpath: //p//word], [[FirefoxDriver: firefox on LINUX (358f877c-4143-452f-ab4d-589327eb2715)] -&gt; xpath: //p//word], [[FirefoxDriver: firefox on LINUX (358f877c-4143-452f-ab4d-589327eb2715)] -&gt; xpath: //p//word], [[FirefoxDriver: firefox on LINUX (358f877c-4143-452f-ab4d-589327eb2715)] -&gt; xpath: //p//word], [[FirefoxDriver: firefox on LINUX (358f877c-4143-452f-ab4d-589327eb2715)] -&gt; xpath: //p//word], [[FirefoxDriver: firefox on LINUX (358f877c-4143-452f-ab4d-589327eb2715)] -&gt; xpath: //p//word], [[FirefoxDriver: firefox on LINUX (358f877c-4143-452f-ab4d-589327eb2715)] -&gt; xpath: //p//word], [[FirefoxDriver: firefox on LINUX (358f877c-4143-452f-ab4d-589327eb2715)] -&gt; xpath: //p//word], [[FirefoxDriver: firefox on LINUX (358f877c-4143-452f-ab4d-589327eb2715)] -&gt; xpath: //p//word], [[FirefoxDriver: firefox on LINUX (358f877c-4143-452f-ab4d-589327eb2715)] -&gt; xpath: //p//word], [[FirefoxDriver: firefox on LINUX (358f877c-4143-452f-ab4d-589327eb2715)] -&gt; xpath: //p//word], [[FirefoxDriver: firefox on LINUX (358f877c-4143-452f-ab4d-589327eb2715)] -&gt; xpath: //p//word], [[FirefoxDriver: firefox on LINUX (358f877c-4143-452f-ab4d-589327eb2715)] -&gt; xpath: //p//word], [[FirefoxDriver: firefox on LINUX (358f877c-4143-452f-ab4d-589327eb2715)] -&gt; xpath: //p//word], [[FirefoxDriver: firefox on LINUX (358f877c-4143-452f-ab4d-589327eb2715)] -&gt; xpath: //p//word], [[FirefoxDriver: firefox on LINUX (358f877c-4143-452f-ab4d-589327eb2715)] -&gt; xpath: //p//word], [[FirefoxDriver: firefox on LINUX (358f877c-4143-452f-ab4d-589327eb2715)] -&gt; xpath: //p//word], [[FirefoxDriver: firefox on LINUX (358f877c-4143-452f-ab4d-589327eb2715)] -&gt; xpath: //p//word], [[FirefoxDriver: firefox on LINUX (358f877c-4143-452f-ab4d-589327eb2715)] -&gt; xpath: //p//word], [[FirefoxDriver: firefox on LINUX (358f877c-4143-452f-ab4d-589327eb2715)] -&gt; xpath: //p//word], [[FirefoxDriver: firefox on LINUX (358f877c-4143-452f-ab4d-589327eb2715)] -&gt; xpath: //p//word], [[FirefoxDriver: firefox on LINUX (358f877c-4143-452f-ab4d-589327eb2715)] -&gt; xpath: //p//word], [[FirefoxDriver: firefox on LINUX (358f877c-4143-452f-ab4d-589327eb2715)] -&gt; xpath: //p//word], [[FirefoxDriver: firefox on LINUX (358f877c-4143-452f-ab4d-589327eb2715)] -&gt; xpath: //p//word], [[FirefoxDriver: firefox on LINUX (358f877c-4143-452f-ab4d-589327eb2715)] -&gt; xpath: //p//word], [[FirefoxDriver: firefox on LINUX (358f877c-4143-452f-ab4d-589327eb2715)] -&gt; xpath: //p//word], [[FirefoxDriver: firefox on LINUX (358f877c-4143-452f-ab4d-589327eb2715)] -&gt; xpath: //p//word], [[FirefoxDriver: firefox on LINUX (358f877c-4143-452f-ab4d-589327eb2715)] -&gt; xpath: //p//word], [[FirefoxDriver: firefox on LINUX (358f877c-4143-452f-ab4d-589327eb2715)] -&gt; xpath: //p//word], [[FirefoxDriver: firefox on LINUX (358f877c-4143-452f-ab4d-589327eb2715)] -&gt; xpath: //p//word], [[FirefoxDriver: firefox on LINUX (358f877c-4143-452f-ab4d-589327eb2715)] -&gt; xpath: //p//word], [[FirefoxDriver: firefox on LINUX (358f877c-4143-452f-ab4d-589327eb2715)] -&gt; xpath: //p//word], [[FirefoxDriver: firefox on LINUX (358f877c-4143-452f-ab4d-589327eb2715)] -&gt; xpath: //p//word], [[FirefoxDriver: firefox on LINUX (358f877c-4143-452f-ab4d-589327eb2715)] -&gt; xpath: //p//word], [[FirefoxDriver: firefox on LINUX (358f877c-4143-452f-ab4d-589327eb2715)] -&gt; xpath: //p//word], [[FirefoxDriver: firefox on LINUX (358f877c-4143-452f-ab4d-589327eb2715)] -&gt; xpath: //p//word], [[FirefoxDriver: firefox on LINUX (358f877c-4143-452f-ab4d-589327eb2715)] -&gt; xpath: //p//word], [[FirefoxDriver: firefox on LINUX (358f877c-4143-452f-ab4d-589327eb2715)] -&gt; xpath: //p//word], [[FirefoxDriver: firefox on LINUX (358f877c-4143-452f-ab4d-589327eb2715)] -&gt; xpath: //p//word], [[FirefoxDriver: firefox on LINUX (358f877c-4143-452f-ab4d-589327eb2715)] -&gt; xpath: //p//word], [[FirefoxDriver: firefox on LINUX (358f877c-4143-452f-ab4d-589327eb2715)] -&gt; xpath: //p//word], [[FirefoxDriver: firefox on LINUX (358f877c-4143-452f-ab4d-589327eb2715)] -&gt; xpath: //p//word], [[FirefoxDriver: firefox on LINUX (358f877c-4143-452f-ab4d-589327eb2715)] -&gt; xpath: //p//word], [[FirefoxDriver: firefox on LINUX (358f877c-4143-452f-ab4d-589327eb2715)] -&gt; xpath: //p//word], [[FirefoxDriver: firefox on LINUX (358f877c-4143-452f-ab4d-589327eb2715)] -&gt; xpath: //p//word], [[FirefoxDriver: firefox on LINUX (358f877c-4143-452f-ab4d-589327eb2715)] -&gt; xpath: //p//word], [[FirefoxDriver: firefox on LINUX (358f877c-4143-452f-ab4d-589327eb2715)] -&gt; xpath: //p//word], [[FirefoxDriver: firefox on LINUX (358f877c-4143-452f-ab4d-589327eb2715)] -&gt; xpath: //p//word], [[FirefoxDriver: firefox on LINUX (358f877c-4143-452f-ab4d-589327eb2715)] -&gt; xpath: //p//word], [[FirefoxDriver: firefox on LINUX (358f877c-4143-452f-ab4d-589327eb2715)] -&gt; xpath: //p//word], [[FirefoxDriver: firefox on LINUX (358f877c-4143-452f-ab4d-589327eb2715)] -&gt; xpath: //p//word], [[FirefoxDriver: firefox on LINUX (358f877c-4143-452f-ab4d-589327eb2715)] -&gt; xpath: //p//word], [[FirefoxDriver: firefox on LINUX (358f877c-4143-452f-ab4d-589327eb2715)] -&gt; xpath: //p//word], [[FirefoxDriver: firefox on LINUX (358f877c-4143-452f-ab4d-589327eb2715)] -&gt; xpath: //p//word], [[FirefoxDriver: firefox on LINUX (358f877c-4143-452f-ab4d-589327eb2715)] -&gt; xpath: //p//word], [[FirefoxDriver: firefox on LINUX (358f877c-4143-452f-ab4d-589327eb2715)] -&gt; xpath: //p//word], [[FirefoxDriver: firefox on LINUX (358f877c-4143-452f-ab4d-589327eb2715)] -&gt; xpath: //p//word], [[FirefoxDriver: firefox on LINUX (358f877c-4143-452f-ab4d-589327eb2715)] -&gt; xpath: //p//word], [[FirefoxDriver: firefox on LINUX (358f877c-4143-452f-ab4d-589327eb2715)] -&gt; xpath: //p//word], [[FirefoxDriver: firefox on LINUX (358f877c-4143-452f-ab4d-589327eb2715)] -&gt; xpath: //p//word], [[FirefoxDriver: firefox on LINUX (358f877c-4143-452f-ab4d-589327eb2715)] -&gt; xpath: //p//word], [[FirefoxDriver: firefox on LINUX (358f877c-4143-452f-ab4d-589327eb2715)] -&gt; xpath: //p//word], [[FirefoxDriver: firefox on LINUX (358f877c-4143-452f-ab4d-589327eb2715)] -&gt; xpath: //p//word], [[FirefoxDriver: firefox on LINUX (358f877c-4143-452f-ab4d-589327eb2715)] -&gt; xpath: //p//word], [[FirefoxDriver: firefox on LINUX (358f877c-4143-452f-ab4d-589327eb2715)] -&gt; xpath: //p//word], [[FirefoxDriver: firefox on LINUX (358f877c-4143-452f-ab4d-589327eb2715)] -&gt; xpath: //p//word], [[FirefoxDriver: firefox on LINUX (358f877c-4143-452f-ab4d-589327eb2715)] -&gt; xpath: //p//word], [[FirefoxDriver: firefox on LINUX (358f877c-4143-452f-ab4d-589327eb2715)] -&gt; xpath: //p//word], [[FirefoxDriver: firefox on LINUX (358f877c-4143-452f-ab4d-589327eb2715)] -&gt; xpath: //p//word], [[FirefoxDriver: firefox on LINUX (358f877c-4143-452f-ab4d-589327eb2715)] -&gt; xpath: //p//word], [[FirefoxDriver: firefox on LINUX (358f877c-4143-452f-ab4d-589327eb2715)] -&gt; xpath: //p//word], [[FirefoxDriver: firefox on LINUX (358f877c-4143-452f-ab4d-589327eb2715)] -&gt; xpath: //p//word], [[FirefoxDriver: firefox on LINUX (358f877c-4143-452f-ab4d-589327eb2715)] -&gt; xpath: //p//word], [[FirefoxDriver: firefox on LINUX (358f877c-4143-452f-ab4d-589327eb2715)] -&gt; xpath: //p//word], [[FirefoxDriver: firefox on LINUX (358f877c-4143-452f-ab4d-589327eb2715)] -&gt; xpath: //p//word], [[FirefoxDriver: firefox on LINUX (358f877c-4143-452f-ab4d-589327eb2715)] -&gt; xpath: //p//word], [[FirefoxDriver: firefox on LINUX (358f877c-4143-452f-ab4d-589327eb2715)] -&gt; xpath: //p//word], [[FirefoxDriver: firefox on LINUX (358f877c-4143-452f-ab4d-589327eb2715)] -&gt; xpath: //p//word], [[FirefoxDriver: firefox on LINUX (358f877c-4143-452f-ab4d-589327eb2715)] -&gt; xpath: //p//word], [[FirefoxDriver: firefox on LINUX (358f877c-4143-452f-ab4d-589327eb2715)] -&gt; xpath: //p//word], [[FirefoxDriver: firefox on LINUX (358f877c-4143-452f-ab4d-589327eb2715)] -&gt; xpath: //p//word], [[FirefoxDriver: firefox on LINUX (358f877c-4143-452f-ab4d-589327eb2715)] -&gt; xpath: //p//word], [[FirefoxDriver: firefox on LINUX (358f877c-4143-452f-ab4d-589327eb2715)] -&gt; xpath: //p//word], [[FirefoxDriver: firefox on LINUX (358f877c-4143-452f-ab4d-589327eb2715)] -&gt; xpath: //p//word], [[FirefoxDriver: firefox on LINUX (358f877c-4143-452f-ab4d-589327eb2715)] -&gt; xpath: //p//word], [[FirefoxDriver: firefox on LINUX (358f877c-4143-452f-ab4d-589327eb2715)] -&gt; xpath: //p//word], [[FirefoxDriver: firefox on LINUX (358f877c-4143-452f-ab4d-589327eb2715)] -&gt; xpath: //p//word], [[FirefoxDriver: firefox on LINUX (358f877c-4143-452f-ab4d-589327eb2715)] -&gt; xpath: //p//word], [[FirefoxDriver: firefox on LINUX (358f877c-4143-452f-ab4d-589327eb2715)] -&gt; xpath: //p//word], [[FirefoxDriver: firefox on LINUX (358f877c-4143-452f-ab4d-589327eb2715)] -&gt; xpath: //p//word], [[FirefoxDriver: firefox on LINUX (358f877c-4143-452f-ab4d-589327eb2715)] -&gt; xpath: //p//word], [[FirefoxDriver: firefox on LINUX (358f877c-4143-452f-ab4d-589327eb2715)] -&gt; xpath: //p//word], [[FirefoxDriver: firefox on LINUX (358f877c-4143-452f-ab4d-589327eb2715)] -&gt; xpath: //p//word], [[FirefoxDriver: firefox on LINUX (358f877c-4143-452f-ab4d-589327eb2715)] -&gt; xpath: //p//word], [[FirefoxDriver: firefox on LINUX (358f877c-4143-452f-ab4d-589327eb2715)] -&gt; xpath: //p//word], [[FirefoxDriver: firefox on LINUX (358f877c-4143-452f-ab4d-589327eb2715)] -&gt; xpath: //p//word], [[FirefoxDriver: firefox on LINUX (358f877c-4143-452f-ab4d-589327eb2715)] -&gt; xpath: //p//word], [[FirefoxDriver: firefox on LINUX (358f877c-4143-452f-ab4d-589327eb2715)] -&gt; xpath: //p//word], [[FirefoxDriver: firefox on LINUX (358f877c-4143-452f-ab4d-589327eb2715)] -&gt; xpath: //p//word], [[FirefoxDriver: firefox on LINUX (358f877c-4143-452f-ab4d-589327eb2715)] -&gt; xpath: //p//word], [[FirefoxDriver: firefox on LINUX (358f877c-4143-452f-ab4d-589327eb2715)] -&gt; xpath: //p//word], [[FirefoxDriver: firefox on LINUX (358f877c-4143-452f-ab4d-589327eb2715)] -&gt; xpath: //p//word], [[FirefoxDriver: firefox on LINUX (358f877c-4143-452f-ab4d-589327eb2715)] -&gt; xpath: //p//word], [[FirefoxDriver: firefox on LINUX (358f877c-4143-452f-ab4d-589327eb2715)] -&gt; xpath: //p//word], [[FirefoxDriver: firefox on LINUX (358f877c-4143-452f-ab4d-589327eb2715)] -&gt; xpath: //p//word], [[FirefoxDriver: firefox on LINUX (358f877c-4143-452f-ab4d-589327eb2715)] -&gt; xpath: //p//word], [[FirefoxDriver: firefox on LINUX (358f877c-4143-452f-ab4d-589327eb2715)] -&gt; xpath: //p//word], [[FirefoxDriver: firefox on LINUX (358f877c-4143-452f-ab4d-589327eb2715)] -&gt; xpath: //p//word], [[FirefoxDriver: firefox on LINUX (358f877c-4143-452f-ab4d-589327eb2715)] -&gt; xpath: //p//word], [[FirefoxDriver: firefox on LINUX (358f877c-4143-452f-ab4d-589327eb2715)] -&gt; xpath: //p//word], [[FirefoxDriver: firefox on LINUX (358f877c-4143-452f-ab4d-589327eb2715)] -&gt; xpath: //p//word], [[FirefoxDriver: firefox on LINUX (358f877c-4143-452f-ab4d-589327eb2715)] -&gt; xpath: //p//word], [[FirefoxDriver: firefox on LINUX (358f877c-4143-452f-ab4d-589327eb2715)] -&gt; xpath: //p//word], [[FirefoxDriver: firefox on LINUX (358f877c-4143-452f-ab4d-589327eb2715)] -&gt; xpath: //p//word], [[FirefoxDriver: firefox on LINUX (358f877c-4143-452f-ab4d-589327eb2715)] -&gt; xpath: //p//word], [[FirefoxDriver: firefox on LINUX (358f877c-4143-452f-ab4d-589327eb2715)] -&gt; xpath: //p//word], [[FirefoxDriver: firefox on LINUX (358f877c-4143-452f-ab4d-589327eb2715)] -&gt; xpath: //p//word], [[FirefoxDriver: firefox on LINUX (358f877c-4143-452f-ab4d-589327eb2715)] -&gt; xpath: //p//word], [[FirefoxDriver: firefox on LINUX (358f877c-4143-452f-ab4d-589327eb2715)] -&gt; xpath: //p//word], [[FirefoxDriver: firefox on LINUX (358f877c-4143-452f-ab4d-589327eb2715)] -&gt; xpath: //p//word], [[FirefoxDriver: firefox on LINUX (358f877c-4143-452f-ab4d-589327eb2715)] -&gt; xpath: //p//word], [[FirefoxDriver: firefox on LINUX (358f877c-4143-452f-ab4d-589327eb2715)] -&gt; xpath: //p//word], [[FirefoxDriver: firefox on LINUX (358f877c-4143-452f-ab4d-589327eb2715)] -&gt; xpath: //p//word], [[FirefoxDriver: firefox on LINUX (358f877c-4143-452f-ab4d-589327eb2715)] -&gt; xpath: //p//word], [[FirefoxDriver: firefox on LINUX (358f877c-4143-452f-ab4d-589327eb2715)] -&gt; xpath: //p//word], [[FirefoxDriver: firefox on LINUX (358f877c-4143-452f-ab4d-589327eb2715)] -&gt; xpath: //p//word], [[FirefoxDriver: firefox on LINUX (358f877c-4143-452f-ab4d-589327eb2715)] -&gt; xpath: //p//word], [[FirefoxDriver: firefox on LINUX (358f877c-4143-452f-ab4d-589327eb2715)] -&gt; xpath: //p//word], [[FirefoxDriver: firefox on LINUX (358f877c-4143-452f-ab4d-589327eb2715)] -&gt; xpath: //p//word], [[FirefoxDriver: firefox on LINUX (358f877c-4143-452f-ab4d-589327eb2715)] -&gt; xpath: //p//word], [[FirefoxDriver: firefox on LINUX (358f877c-4143-452f-ab4d-589327eb2715)] -&gt; xpath: //p//word], [[FirefoxDriver: firefox on LINUX (358f877c-4143-452f-ab4d-589327eb2715)] -&gt; xpath: //p//word], [[FirefoxDriver: firefox on LINUX (358f877c-4143-452f-ab4d-589327eb2715)] -&gt; xpath: //p//word], [[FirefoxDriver: firefox on LINUX (358f877c-4143-452f-ab4d-589327eb2715)] -&gt; xpath: //p//word], [[FirefoxDriver: firefox on LINUX (358f877c-4143-452f-ab4d-589327eb2715)] -&gt; xpath: //p//word], [[FirefoxDriver: firefox on LINUX (358f877c-4143-452f-ab4d-589327eb2715)] -&gt; xpath: //p//word], [[FirefoxDriver: firefox on LINUX (358f877c-4143-452f-ab4d-589327eb2715)] -&gt; xpath: //p//word], [[FirefoxDriver: firefox on LINUX (358f877c-4143-452f-ab4d-589327eb2715)] -&gt; xpath: //p//word], [[FirefoxDriver: firefox on LINUX (358f877c-4143-452f-ab4d-589327eb2715)] -&gt; xpath: //p//word], [[FirefoxDriver: firefox on LINUX (358f877c-4143-452f-ab4d-589327eb2715)] -&gt; xpath: //p//word], [[FirefoxDriver: firefox on LINUX (358f877c-4143-452f-ab4d-589327eb2715)] -&gt; xpath: //p//word], [[FirefoxDriver: firefox on LINUX (358f877c-4143-452f-ab4d-589327eb2715)] -&gt; xpath: //p//word], [[FirefoxDriver: firefox on LINUX (358f877c-4143-452f-ab4d-589327eb2715)] -&gt; xpath: //p//word], [[FirefoxDriver: firefox on LINUX (358f877c-4143-452f-ab4d-589327eb2715)] -&gt; xpath: //p//word], [[FirefoxDriver: firefox on LINUX (358f877c-4143-452f-ab4d-589327eb2715)] -&gt; xpath: //p//word], [[FirefoxDriver: firefox on LINUX (358f877c-4143-452f-ab4d-589327eb2715)] -&gt; xpath: //p//word], [[FirefoxDriver: firefox on LINUX (358f877c-4143-452f-ab4d-589327eb2715)] -&gt; xpath: //p//word], [[FirefoxDriver: firefox on LINUX (358f877c-4143-452f-ab4d-589327eb2715)] -&gt; xpath: //p//word], [[FirefoxDriver: firefox on LINUX (358f877c-4143-452f-ab4d-589327eb2715)] -&gt; xpath: //p//word], [[FirefoxDriver: firefox on LINUX (358f877c-4143-452f-ab4d-589327eb2715)] -&gt; xpath: //p//word], [[FirefoxDriver: firefox on LINUX (358f877c-4143-452f-ab4d-589327eb2715)] -&gt; xpath: //p//word], [[FirefoxDriver: firefox on LINUX (358f877c-4143-452f-ab4d-589327eb2715)] -&gt; xpath: //p//word], [[FirefoxDriver: firefox on LINUX (358f877c-4143-452f-ab4d-589327eb2715)] -&gt; xpath: //p//word], [[FirefoxDriver: firefox on LINUX (358f877c-4143-452f-ab4d-589327eb2715)] -&gt; xpath: //p//word], [[FirefoxDriver: firefox on LINUX (358f877c-4143-452f-ab4d-589327eb2715)] -&gt; xpath: //p//word], [[FirefoxDriver: firefox on LINUX (358f877c-4143-452f-ab4d-589327eb2715)] -&gt; xpath: //p//word], [[FirefoxDriver: firefox on LINUX (358f877c-4143-452f-ab4d-589327eb2715)] -&gt; xpath: //p//word], [[FirefoxDriver: firefox on LINUX (358f877c-4143-452f-ab4d-589327eb2715)] -&gt; xpath: //p//word], [[FirefoxDriver: firefox on LINUX (358f877c-4143-452f-ab4d-589327eb2715)] -&gt; xpath: //p//word], [[FirefoxDriver: firefox on LINUX (358f877c-4143-452f-ab4d-589327eb2715)] -&gt; xpath: //p//word], [[FirefoxDriver: firefox on LINUX (358f877c-4143-452f-ab4d-589327eb2715)] -&gt; xpath: //p//word], [[FirefoxDriver: firefox on LINUX (358f877c-4143-452f-ab4d-589327eb2715)] -&gt; xpath: //p//word], [[FirefoxDriver: firefox on LINUX (358f877c-4143-452f-ab4d-589327eb2715)] -&gt; xpath: //p//word], [[FirefoxDriver: firefox on LINUX (358f877c-4143-452f-ab4d-589327eb2715)] -&gt; xpath: //p//word], [[FirefoxDriver: firefox on LINUX (358f877c-4143-452f-ab4d-589327eb2715)] -&gt; xpath: //p//word], [[FirefoxDriver: firefox on LINUX (358f877c-4143-452f-ab4d-589327eb2715)] -&gt; xpath: //p//word], [[FirefoxDriver: firefox on LINUX (358f877c-4143-452f-ab4d-589327eb2715)] -&gt; xpath: //p//word], [[FirefoxDriver: firefox on LINUX (358f877c-4143-452f-ab4d-589327eb2715)] -&gt; xpath: //p//word], [[FirefoxDriver: firefox on LINUX (358f877c-4143-452f-ab4d-589327eb2715)] -&gt; xpath: //p//word], [[FirefoxDriver: firefox on LINUX (358f877c-4143-452f-ab4d-589327eb2715)] -&gt; xpath: //p//word], [[FirefoxDriver: firefox on LINUX (358f877c-4143-452f-ab4d-589327eb2715)] -&gt; xpath: //p//word], [[FirefoxDriver: firefox on LINUX (358f877c-4143-452f-ab4d-589327eb2715)] -&gt; xpath: //p//word], [[FirefoxDriver: firefox on LINUX (358f877c-4143-452f-ab4d-589327eb2715)] -&gt; xpath: //p//word], [[FirefoxDriver: firefox on LINUX (358f877c-4143-452f-ab4d-589327eb2715)] -&gt; xpath: //p//word], [[FirefoxDriver: firefox on LINUX (358f877c-4143-452f-ab4d-589327eb2715)] -&gt; xpath: //p//word], [[FirefoxDriver: firefox on LINUX (358f877c-4143-452f-ab4d-589327eb2715)] -&gt; xpath: //p//word], [[FirefoxDriver: firefox on LINUX (358f877c-4143-452f-ab4d-589327eb2715)] -&gt; xpath: //p//word], [[FirefoxDriver: firefox on LINUX (358f877c-4143-452f-ab4d-589327eb2715)] -&gt; xpath: //p//word], [[FirefoxDriver: firefox on LINUX (358f877c-4143-452f-ab4d-589327eb2715)] -&gt; xpath: //p//word], [[FirefoxDriver: firefox on LINUX (358f877c-4143-452f-ab4d-589327eb2715)] -&gt; xpath: //p//word], [[FirefoxDriver: firefox on LINUX (358f877c-4143-452f-ab4d-589327eb2715)] -&gt; xpath: //p//word], [[FirefoxDriver: firefox on LINUX (358f877c-4143-452f-ab4d-589327eb2715)] -&gt; xpath: //p//word], [[FirefoxDriver: firefox on LINUX (358f877c-4143-452f-ab4d-589327eb2715)] -&gt; xpath: //p//word], [[FirefoxDriver: firefox on LINUX (358f877c-4143-452f-ab4d-589327eb2715)] -&gt; xpath: //p//word], [[FirefoxDriver: firefox on LINUX (358f877c-4143-452f-ab4d-589327eb2715)] -&gt; xpath: //p//word], [[FirefoxDriver: firefox on LINUX (358f877c-4143-452f-ab4d-589327eb2715)] -&gt; xpath: //p//word], [[FirefoxDriver: firefox on LINUX (358f877c-4143-452f-ab4d-589327eb2715)] -&gt; xpath: //p//word], [[FirefoxDriver: firefox on LINUX (358f877c-4143-452f-ab4d-589327eb2715)] -&gt; xpath: //p//word], [[FirefoxDriver: firefox on LINUX (358f877c-4143-452f-ab4d-589327eb2715)] -&gt; xpath: //p//word], [[FirefoxDriver: firefox on LINUX (358f877c-4143-452f-ab4d-589327eb2715)] -&gt; xpath: //p//word], [[FirefoxDriver: firefox on LINUX (358f877c-4143-452f-ab4d-589327eb2715)] -&gt; xpath: //p//word], [[FirefoxDriver: firefox on LINUX (358f877c-4143-452f-ab4d-589327eb2715)] -&gt; xpath: //p//word], [[FirefoxDriver: firefox on LINUX (358f877c-4143-452f-ab4d-589327eb2715)] -&gt; xpath: //p//word], [[FirefoxDriver: firefox on LINUX (358f877c-4143-452f-ab4d-589327eb2715)] -&gt; xpath: //p//word], [[FirefoxDriver: firefox on LINUX (358f877c-4143-452f-ab4d-589327eb2715)] -&gt; xpath: //p//word], [[FirefoxDriver: firefox on LINUX (358f877c-4143-452f-ab4d-589327eb2715)] -&gt; xpath: //p//word], [[FirefoxDriver: firefox on LINUX (358f877c-4143-452f-ab4d-589327eb2715)] -&gt; xpath: //p//word], [[FirefoxDriver: firefox on LINUX (358f877c-4143-452f-ab4d-589327eb2715)] -&gt; xpath: //p//word], [[FirefoxDriver: firefox on LINUX (358f877c-4143-452f-ab4d-589327eb2715)] -&gt; xpath: //p//word], [[FirefoxDriver: firefox on LINUX (358f877c-4143-452f-ab4d-589327eb2715)] -&gt; xpath: //p//word], [[FirefoxDriver: firefox on LINUX (358f877c-4143-452f-ab4d-589327eb2715)] -&gt; xpath: //p//word], [[FirefoxDriver: firefox on LINUX (358f877c-4143-452f-ab4d-589327eb2715)] -&gt; xpath: //p//word], [[FirefoxDriver: firefox on LINUX (358f877c-4143-452f-ab4d-589327eb2715)] -&gt; xpath: //p//word], [[FirefoxDriver: firefox on LINUX (358f877c-4143-452f-ab4d-589327eb2715)] -&gt; xpath: //p//word], [[FirefoxDriver: firefox on LINUX (358f877c-4143-452f-ab4d-589327eb2715)] -&gt; xpath: //p//word], [[FirefoxDriver: firefox on LINUX (358f877c-4143-452f-ab4d-589327eb2715)] -&gt; xpath: //p//word], [[FirefoxDriver: firefox on LINUX (358f877c-4143-452f-ab4d-589327eb2715)] -&gt; xpath: //p//word], [[FirefoxDriver: firefox on LINUX (358f877c-4143-452f-ab4d-589327eb2715)] -&gt; xpath: //p//word], [[FirefoxDriver: firefox on LINUX (358f877c-4143-452f-ab4d-589327eb2715)] -&gt; xpath: //p//word], [[FirefoxDriver: firefox on LINUX (358f877c-4143-452f-ab4d-589327eb2715)] -&gt; xpath: //p//word], [[FirefoxDriver: firefox on LINUX (358f877c-4143-452f-ab4d-589327eb2715)] -&gt; xpath: //p//word], [[FirefoxDriver: firefox on LINUX (358f877c-4143-452f-ab4d-589327eb2715)] -&gt; xpath: //p//word], [[FirefoxDriver: firefox on LINUX (358f877c-4143-452f-ab4d-589327eb2715)] -&gt; xpath: //p//word], [[FirefoxDriver: firefox on LINUX (358f877c-4143-452f-ab4d-589327eb2715)] -&gt; xpath: //p//word], [[FirefoxDriver: firefox on LINUX (358f877c-4143-452f-ab4d-589327eb2715)] -&gt; xpath: //p//word], [[FirefoxDriver: firefox on LINUX (358f877c-4143-452f-ab4d-589327eb2715)] -&gt; xpath: //p//word], [[FirefoxDriver: firefox on LINUX (358f877c-4143-452f-ab4d-589327eb2715)] -&gt; xpath: //p//word], [[FirefoxDriver: firefox on LINUX (358f877c-4143-452f-ab4d-589327eb2715)] -&gt; xpath: //p//word], [[FirefoxDriver: firefox on LINUX (358f877c-4143-452f-ab4d-589327eb2715)] -&gt; xpath: //p//word], [[FirefoxDriver: firefox on LINUX (358f877c-4143-452f-ab4d-589327eb2715)] -&gt; xpath: //p//word], [[FirefoxDriver: firefox on LINUX (358f877c-4143-452f-ab4d-589327eb2715)] -&gt; xpath: //p//word], [[FirefoxDriver: firefox on LINUX (358f877c-4143-452f-ab4d-589327eb2715)] -&gt; xpath: //p//word], [[FirefoxDriver: firefox on LINUX (358f877c-4143-452f-ab4d-589327eb2715)] -&gt; xpath: //p//word], [[FirefoxDriver: firefox on LINUX (358f877c-4143-452f-ab4d-589327eb2715)] -&gt; xpath: //p//word], [[FirefoxDriver: firefox on LINUX (358f877c-4143-452f-ab4d-589327eb2715)] -&gt; xpath: //p//word], [[FirefoxDriver: firefox on LINUX (358f877c-4143-452f-ab4d-589327eb2715)] -&gt; xpath: //p//word], [[FirefoxDriver: firefox on LINUX (358f877c-4143-452f-ab4d-589327eb2715)] -&gt; xpath: //p//word], [[FirefoxDriver: firefox on LINUX (358f877c-4143-452f-ab4d-589327eb2715)] -&gt; xpath: //p//word], [[FirefoxDriver: firefox on LINUX (358f877c-4143-452f-ab4d-589327eb2715)] -&gt; xpath: //p//word], [[FirefoxDriver: firefox on LINUX (358f877c-4143-452f-ab4d-589327eb2715)] -&gt; xpath: //p//word], [[FirefoxDriver: firefox on LINUX (358f877c-4143-452f-ab4d-589327eb2715)] -&gt; xpath: //p//word], [[FirefoxDriver: firefox on LINUX (358f877c-4143-452f-ab4d-589327eb2715)] -&gt; xpath: //p//word], [[FirefoxDriver: firefox on LINUX (358f877c-4143-452f-ab4d-589327eb2715)] -&gt; xpath: //p//word], [[FirefoxDriver: firefox on LINUX (358f877c-4143-452f-ab4d-589327eb2715)] -&gt; xpath: //p//word], [[FirefoxDriver: firefox on LINUX (358f877c-4143-452f-ab4d-589327eb2715)] -&gt; xpath: //p//word], [[FirefoxDriver: firefox on LINUX (358f877c-4143-452f-ab4d-589327eb2715)] -&gt; xpath: //p//word], [[FirefoxDriver: firefox on LINUX (358f877c-4143-452f-ab4d-589327eb2715)] -&gt; xpath: //p//word], [[FirefoxDriver: firefox on LINUX (358f877c-4143-452f-ab4d-589327eb2715)] -&gt; xpath: //p//word], [[FirefoxDriver: firefox on LINUX (358f877c-4143-452f-ab4d-589327eb2715)] -&gt; xpath: //p//word], [[FirefoxDriver: firefox on LINUX (358f877c-4143-452f-ab4d-589327eb2715)] -&gt; xpath: //p//word], [[FirefoxDriver: firefox on LINUX (358f877c-4143-452f-ab4d-589327eb2715)] -&gt; xpath: //p//word], [[FirefoxDriver: firefox on LINUX (358f877c-4143-452f-ab4d-589327eb2715)] -&gt; xpath: //p//word], [[FirefoxDriver: firefox on LINUX (358f877c-4143-452f-ab4d-589327eb2715)] -&gt; xpath: //p//word], [[FirefoxDriver: firefox on LINUX (358f877c-4143-452f-ab4d-589327eb2715)] -&gt; xpath: //p//word], [[FirefoxDriver: firefox on LINUX (358f877c-4143-452f-ab4d-589327eb2715)] -&gt; xpath: //p//word], [[FirefoxDriver: firefox on LINUX (358f877c-4143-452f-ab4d-589327eb2715)] -&gt; xpath: //p//word], [[FirefoxDriver: firefox on LINUX (358f877c-4143-452f-ab4d-589327eb2715)] -&gt; xpath: //p//word], [[FirefoxDriver: firefox on LINUX (358f877c-4143-452f-ab4d-589327eb2715)] -&gt; xpath: //p//word], [[FirefoxDriver: firefox on LINUX (358f877c-4143-452f-ab4d-589327eb2715)] -&gt; xpath: //p//word], [[FirefoxDriver: firefox on LINUX (358f877c-4143-452f-ab4d-589327eb2715)] -&gt; xpath: //p//word], [[FirefoxDriver: firefox on LINUX (358f877c-4143-452f-ab4d-589327eb2715)] -&gt; xpath: //p//word], [[FirefoxDriver: firefox on LINUX (358f877c-4143-452f-ab4d-589327eb2715)] -&gt; xpath: //p//word], [[FirefoxDriver: firefox on LINUX (358f877c-4143-452f-ab4d-589327eb2715)] -&gt; xpath: //p//word], [[FirefoxDriver: firefox on LINUX (358f877c-4143-452f-ab4d-589327eb2715)] -&gt; xpath: //p//word], [[FirefoxDriver: firefox on LINUX (358f877c-4143-452f-ab4d-589327eb2715)] -&gt; xpath: //p//word], [[FirefoxDriver: firefox on LINUX (358f877c-4143-452f-ab4d-589327eb2715)] -&gt; xpath: //p//word], [[FirefoxDriver: firefox on LINUX (358f877c-4143-452f-ab4d-589327eb2715)] -&gt; xpath: //p//word], [[FirefoxDriver: firefox on LINUX (358f877c-4143-452f-ab4d-589327eb2715)] -&gt; xpath: //p//word], [[FirefoxDriver: firefox on LINUX (358f877c-4143-452f-ab4d-589327eb2715)] -&gt; xpath: //p//word], [[FirefoxDriver: firefox on LINUX (358f877c-4143-452f-ab4d-589327eb2715)] -&gt; xpath: //p//word], [[FirefoxDriver: firefox on LINUX (358f877c-4143-452f-ab4d-589327eb2715)] -&gt; xpath: //p//word], [[FirefoxDriver: firefox on LINUX (358f877c-4143-452f-ab4d-589327eb2715)] -&gt; xpath: //p//word], [[FirefoxDriver: firefox on LINUX (358f877c-4143-452f-ab4d-589327eb2715)] -&gt; xpath: //p//word], [[FirefoxDriver: firefox on LINUX (358f877c-4143-452f-ab4d-589327eb2715)] -&gt; xpath: //p//word], [[FirefoxDriver: firefox on LINUX (358f877c-4143-452f-ab4d-589327eb2715)] -&gt; xpath: //p//word], [[FirefoxDriver: firefox on LINUX (358f877c-4143-452f-ab4d-589327eb2715)] -&gt; xpath: //p//word], [[FirefoxDriver: firefox on LINUX (358f877c-4143-452f-ab4d-589327eb2715)] -&gt; xpath: //p//word], [[FirefoxDriver: firefox on LINUX (358f877c-4143-452f-ab4d-589327eb2715)] -&gt; xpath: //p//word], [[FirefoxDriver: firefox on LINUX (358f877c-4143-452f-ab4d-589327eb2715)] -&gt; xpath: //p//word], [[FirefoxDriver: firefox on LINUX (358f877c-4143-452f-ab4d-589327eb2715)] -&gt; xpath: //p//word], [[FirefoxDriver: firefox on LINUX (358f877c-4143-452f-ab4d-589327eb2715)] -&gt; xpath: //p//word], [[FirefoxDriver: firefox on LINUX (358f877c-4143-452f-ab4d-589327eb2715)] -&gt; xpath: //p//word], [[FirefoxDriver: firefox on LINUX (358f877c-4143-452f-ab4d-589327eb2715)] -&gt; xpath: //p//word], [[FirefoxDriver: firefox on LINUX (358f877c-4143-452f-ab4d-589327eb2715)] -&gt; xpath: //p//word], [[FirefoxDriver: firefox on LINUX (358f877c-4143-452f-ab4d-589327eb2715)] -&gt; xpath: //p//word], [[FirefoxDriver: firefox on LINUX (358f877c-4143-452f-ab4d-589327eb2715)] -&gt; xpath: //p//word], [[FirefoxDriver: firefox on LINUX (358f877c-4143-452f-ab4d-589327eb2715)] -&gt; xpath: //p//word], [[FirefoxDriver: firefox on LINUX (358f877c-4143-452f-ab4d-589327eb2715)] -&gt; xpath: //p//word], [[FirefoxDriver: firefox on LINUX (358f877c-4143-452f-ab4d-589327eb2715)] -&gt; xpath: //p//word], [[FirefoxDriver: firefox on LINUX (358f877c-4143-452f-ab4d-589327eb2715)] -&gt; xpath: //p//word], [[FirefoxDriver: firefox on LINUX (358f877c-4143-452f-ab4d-589327eb2715)] -&gt; xpath: //p//word], [[FirefoxDriver: firefox on LINUX (358f877c-4143-452f-ab4d-589327eb2715)] -&gt; xpath: //p//word], [[FirefoxDriver: firefox on LINUX (358f877c-4143-452f-ab4d-589327eb2715)] -&gt; xpath: //p//word], [[FirefoxDriver: firefox on LINUX (358f877c-4143-452f-ab4d-589327eb2715)] -&gt; xpath: //p//word], [[FirefoxDriver: firefox on LINUX (358f877c-4143-452f-ab4d-589327eb2715)] -&gt; xpath: //p//word], [[FirefoxDriver: firefox on LINUX (358f877c-4143-452f-ab4d-589327eb2715)] -&gt; xpath: //p//word], [[FirefoxDriver: firefox on LINUX (358f877c-4143-452f-ab4d-589327eb2715)] -&gt; xpath: //p//word], [[FirefoxDriver: firefox on LINUX (358f877c-4143-452f-ab4d-589327eb2715)] -&gt; xpath: //p//word], [[FirefoxDriver: firefox on LINUX (358f877c-4143-452f-ab4d-589327eb2715)] -&gt; xpath: //p//word], [[FirefoxDriver: firefox on LINUX (358f877c-4143-452f-ab4d-589327eb2715)] -&gt; xpath: //p//word], [[FirefoxDriver: firefox on LINUX (358f877c-4143-452f-ab4d-589327eb2715)] -&gt; xpath: //p//word], [[FirefoxDriver: firefox on LINUX (358f877c-4143-452f-ab4d-589327eb2715)] -&gt; xpath: //p//word], [[FirefoxDriver: firefox on LINUX (358f877c-4143-452f-ab4d-589327eb2715)] -&gt; xpath: //p//word], [[FirefoxDriver: firefox on LINUX (358f877c-4143-452f-ab4d-589327eb2715)] -&gt; xpath: //p//word], [[FirefoxDriver: firefox on LINUX (358f877c-4143-452f-ab4d-589327eb2715)] -&gt; xpath: //p//word], [[FirefoxDriver: firefox on LINUX (358f877c-4143-452f-ab4d-589327eb2715)] -&gt; xpath: //p//word], [[FirefoxDriver: firefox on LINUX (358f877c-4143-452f-ab4d-589327eb2715)] -&gt; xpath: //p//word], [[FirefoxDriver: firefox on LINUX (358f877c-4143-452f-ab4d-589327eb2715)] -&gt; xpath: //p//word], [[FirefoxDriver: firefox on LINUX (358f877c-4143-452f-ab4d-589327eb2715)] -&gt; xpath: //p//word], [[FirefoxDriver: firefox on LINUX (358f877c-4143-452f-ab4d-589327eb2715)] -&gt; xpath: //p//word], [[FirefoxDriver: firefox on LINUX (358f877c-4143-452f-ab4d-589327eb2715)] -&gt; xpath: //p//word], [[FirefoxDriver: firefox on LINUX (358f877c-4143-452f-ab4d-589327eb2715)] -&gt; xpath: //p//word], [[FirefoxDriver: firefox on LINUX (358f877c-4143-452f-ab4d-589327eb2715)] -&gt; xpath: //p//word], [[FirefoxDriver: firefox on LINUX (358f877c-4143-452f-ab4d-589327eb2715)] -&gt; xpath: //p//word], [[FirefoxDriver: firefox on LINUX (358f877c-4143-452f-ab4d-589327eb2715)] -&gt; xpath: //p//word], [[FirefoxDriver: firefox on LINUX (358f877c-4143-452f-ab4d-589327eb2715)] -&gt; xpath: //p//word], [[FirefoxDriver: firefox on LINUX (358f877c-4143-452f-ab4d-589327eb2715)] -&gt; xpath: //p//word], [[FirefoxDriver: firefox on LINUX (358f877c-4143-452f-ab4d-589327eb2715)] -&gt; xpath: //p//word], [[FirefoxDriver: firefox on LINUX (358f877c-4143-452f-ab4d-589327eb2715)] -&gt; xpath: //p//word], [[FirefoxDriver: firefox on LINUX (358f877c-4143-452f-ab4d-589327eb2715)] -&gt; xpath: //p//word], [[FirefoxDriver: firefox on LINUX (358f877c-4143-452f-ab4d-589327eb2715)] -&gt; xpath: //p//word], [[FirefoxDriver: firefox on LINUX (358f877c-4143-452f-ab4d-589327eb2715)] -&gt; xpath: //p//word], [[FirefoxDriver: firefox on LINUX (358f877c-4143-452f-ab4d-589327eb2715)] -&gt; xpath: //p//word], [[FirefoxDriver: firefox on LINUX (358f877c-4143-452f-ab4d-589327eb2715)] -&gt; xpath: //p//word], [[FirefoxDriver: firefox on LINUX (358f877c-4143-452f-ab4d-589327eb2715)] -&gt; xpath: //p//word], [[FirefoxDriver: firefox on LINUX (358f877c-4143-452f-ab4d-589327eb2715)] -&gt; xpath: //p//word], [[FirefoxDriver: firefox on LINUX (358f877c-4143-452f-ab4d-589327eb2715)] -&gt; xpath: //p//word], [[FirefoxDriver: firefox on LINUX (358f877c-4143-452f-ab4d-589327eb2715)] -&gt; xpath: //p//word], [[FirefoxDriver: firefox on LINUX (358f877c-4143-452f-ab4d-589327eb2715)] -&gt; xpath: //p//word], [[FirefoxDriver: firefox on LINUX (358f877c-4143-452f-ab4d-589327eb2715)] -&gt; xpath: //p//word], [[FirefoxDriver: firefox on LINUX (358f877c-4143-452f-ab4d-589327eb2715)] -&gt; xpath: //p//word], [[FirefoxDriver: firefox on LINUX (358f877c-4143-452f-ab4d-589327eb2715)] -&gt; xpath: //p//word], [[FirefoxDriver: firefox on LINUX (358f877c-4143-452f-ab4d-589327eb2715)] -&gt; xpath: //p//word], [[FirefoxDriver: firefox on LINUX (358f877c-4143-452f-ab4d-589327eb2715)] -&gt; xpath: //p//word], [[FirefoxDriver: firefox on LINUX (358f877c-4143-452f-ab4d-589327eb2715)] -&gt; xpath: //p//word], [[FirefoxDriver: firefox on LINUX (358f877c-4143-452f-ab4d-589327eb2715)] -&gt; xpath: //p//word], [[FirefoxDriver: firefox on LINUX (358f877c-4143-452f-ab4d-589327eb2715)] -&gt; xpath: //p//word], [[FirefoxDriver: firefox on LINUX (358f877c-4143-452f-ab4d-589327eb2715)] -&gt; xpath: //p//word], [[FirefoxDriver: firefox on LINUX (358f877c-4143-452f-ab4d-589327eb2715)] -&gt; xpath: //p//word], [[FirefoxDriver: firefox on LINUX (358f877c-4143-452f-ab4d-589327eb2715)] -&gt; xpath: //p//word], [[FirefoxDriver: firefox on LINUX (358f877c-4143-452f-ab4d-589327eb2715)] -&gt; xpath: //p//word], [[FirefoxDriver: firefox on LINUX (358f877c-4143-452f-ab4d-589327eb2715)] -&gt; xpath: //p//word], [[FirefoxDriver: firefox on LINUX (358f877c-4143-452f-ab4d-589327eb2715)] -&gt; xpath: //p//word], [[FirefoxDriver: firefox on LINUX (358f877c-4143-452f-ab4d-589327eb2715)] -&gt; xpath: //p//word], [[FirefoxDriver: firefox on LINUX (358f877c-4143-452f-ab4d-589327eb2715)] -&gt; xpath: //p//word], [[FirefoxDriver: firefox on LINUX (358f877c-4143-452f-ab4d-589327eb2715)] -&gt; xpath: //p//word], [[FirefoxDriver: firefox on LINUX (358f877c-4143-452f-ab4d-589327eb2715)] -&gt; xpath: //p//word], [[FirefoxDriver: firefox on LINUX (358f877c-4143-452f-ab4d-589327eb2715)] -&gt; xpath: //p//word], [[FirefoxDriver: firefox on LINUX (358f877c-4143-452f-ab4d-589327eb2715)] -&gt; xpath: //p//word], [[FirefoxDriver: firefox on LINUX (358f877c-4143-452f-ab4d-589327eb2715)] -&gt; xpath: //p//word], [[FirefoxDriver: firefox on LINUX (358f877c-4143-452f-ab4d-589327eb2715)] -&gt; xpath: //p//word], [[FirefoxDriver: firefox on LINUX (358f877c-4143-452f-ab4d-589327eb2715)] -&gt; xpath: //p//word], [[FirefoxDriver: firefox on LINUX (358f877c-4143-452f-ab4d-589327eb2715)] -&gt; xpath: //p//word], [[FirefoxDriver: firefox on LINUX (358f877c-4143-452f-ab4d-589327eb2715)] -&gt; xpath: //p//word], [[FirefoxDriver: firefox on LINUX (358f877c-4143-452f-ab4d-589327eb2715)] -&gt; xpath: //p//word], [[FirefoxDriver: firefox on LINUX (358f877c-4143-452f-ab4d-589327eb2715)] -&gt; xpath: //p//word], [[FirefoxDriver: firefox on LINUX (358f877c-4143-452f-ab4d-589327eb2715)] -&gt; xpath: //p//word], [[FirefoxDriver: firefox on LINUX (358f877c-4143-452f-ab4d-589327eb2715)] -&gt; xpath: //p//word], [[FirefoxDriver: firefox on LINUX (358f877c-4143-452f-ab4d-589327eb2715)] -&gt; xpath: //p//word], [[FirefoxDriver: firefox on LINUX (358f877c-4143-452f-ab4d-589327eb2715)] -&gt; xpath: //p//word], [[FirefoxDriver: firefox on LINUX (358f877c-4143-452f-ab4d-589327eb2715)] -&gt; xpath: //p//word], [[FirefoxDriver: firefox on LINUX (358f877c-4143-452f-ab4d-589327eb2715)] -&gt; xpath: //p//word], [[FirefoxDriver: firefox on LINUX (358f877c-4143-452f-ab4d-589327eb2715)] -&gt; xpath: //p//word], [[FirefoxDriver: firefox on LINUX (358f877c-4143-452f-ab4d-589327eb2715)] -&gt; xpath: //p//word], [[FirefoxDriver: firefox on LINUX (358f877c-4143-452f-ab4d-589327eb2715)] -&gt; xpath: //p//word], [[FirefoxDriver: firefox on LINUX (358f877c-4143-452f-ab4d-589327eb2715)] -&gt; xpath: //p//word], [[FirefoxDriver: firefox on LINUX (358f877c-4143-452f-ab4d-589327eb2715)] -&gt; xpath: //p//word], [[FirefoxDriver: firefox on LINUX (358f877c-4143-452f-ab4d-589327eb2715)] -&gt; xpath: //p//word], [[FirefoxDriver: firefox on LINUX (358f877c-4143-452f-ab4d-589327eb2715)] -&gt; xpath: //p//word], [[FirefoxDriver: firefox on LINUX (358f877c-4143-452f-ab4d-589327eb2715)] -&gt; xpath: //p//word], [[FirefoxDriver: firefox on LINUX (358f877c-4143-452f-ab4d-589327eb2715)] -&gt; xpath: //p//word], [[FirefoxDriver: firefox on LINUX (358f877c-4143-452f-ab4d-589327eb2715)] -&gt; xpath: //p//word], [[FirefoxDriver: firefox on LINUX (358f877c-4143-452f-ab4d-589327eb2715)] -&gt; xpath: //p//word], [[FirefoxDriver: firefox on LINUX (358f877c-4143-452f-ab4d-589327eb2715)] -&gt; xpath: //p//word], [[FirefoxDriver: firefox on LINUX (358f877c-4143-452f-ab4d-589327eb2715)] -&gt; xpath: //p//word], [[FirefoxDriver: firefox on LINUX (358f877c-4143-452f-ab4d-589327eb2715)] -&gt; xpath: //p//word], [[FirefoxDriver: firefox on LINUX (358f877c-4143-452f-ab4d-589327eb2715)] -&gt; xpath: //p//word], [[FirefoxDriver: firefox on LINUX (358f877c-4143-452f-ab4d-589327eb2715)] -&gt; xpath: //p//word], [[FirefoxDriver: firefox on LINUX (358f877c-4143-452f-ab4d-589327eb2715)] -&gt; xpath: //p//word], [[FirefoxDriver: firefox on LINUX (358f877c-4143-452f-ab4d-589327eb2715)] -&gt; xpath: //p//word], [[FirefoxDriver: firefox on LINUX (358f877c-4143-452f-ab4d-589327eb2715)] -&gt; xpath: //p//word], [[FirefoxDriver: firefox on LINUX (358f877c-4143-452f-ab4d-589327eb2715)] -&gt; xpath: //p//word], [[FirefoxDriver: firefox on LINUX (358f877c-4143-452f-ab4d-589327eb2715)] -&gt; xpath: //p//word], [[FirefoxDriver: firefox on LINUX (358f877c-4143-452f-ab4d-589327eb2715)] -&gt; xpath: //p//word], [[FirefoxDriver: firefox on LINUX (358f877c-4143-452f-ab4d-589327eb2715)] -&gt; xpath: //p//word], [[FirefoxDriver: firefox on LINUX (358f877c-4143-452f-ab4d-589327eb2715)] -&gt; xpath: //p//word], [[FirefoxDriver: firefox on LINUX (358f877c-4143-452f-ab4d-589327eb2715)] -&gt; xpath: //p//word], [[FirefoxDriver: firefox on LINUX (358f877c-4143-452f-ab4d-589327eb2715)] -&gt; xpath: //p//word], [[FirefoxDriver: firefox on LINUX (358f877c-4143-452f-ab4d-589327eb2715)] -&gt; xpath: //p//word], [[FirefoxDriver: firefox on LINUX (358f877c-4143-452f-ab4d-589327eb2715)] -&gt; xpath: //p//word], [[FirefoxDriver: firefox on LINUX (358f877c-4143-452f-ab4d-589327eb2715)] -&gt; xpath: //p//word], [[FirefoxDriver: firefox on LINUX (358f877c-4143-452f-ab4d-589327eb2715)] -&gt; xpath: //p//word], [[FirefoxDriver: firefox on LINUX (358f877c-4143-452f-ab4d-589327eb2715)] -&gt; xpath: //p//word], [[FirefoxDriver: firefox on LINUX (358f877c-4143-452f-ab4d-589327eb2715)] -&gt; xpath: //p//word], [[FirefoxDriver: firefox on LINUX (358f877c-4143-452f-ab4d-589327eb2715)] -&gt; xpath: //p//word], [[FirefoxDriver: firefox on LINUX (358f877c-4143-452f-ab4d-589327eb2715)] -&gt; xpath: //p//word], [[FirefoxDriver: firefox on LINUX (358f877c-4143-452f-ab4d-589327eb2715)] -&gt; xpath: //p//word], [[FirefoxDriver: firefox on LINUX (358f877c-4143-452f-ab4d-589327eb2715)] -&gt; xpath: //p//word], [[FirefoxDriver: firefox on LINUX (358f877c-4143-452f-ab4d-589327eb2715)] -&gt; xpath: //p//word], [[FirefoxDriver: firefox on LINUX (358f877c-4143-452f-ab4d-589327eb2715)] -&gt; xpath: //p//word], [[FirefoxDriver: firefox on LINUX (358f877c-4143-452f-ab4d-589327eb2715)] -&gt; xpath: //p//word], [[FirefoxDriver: firefox on LINUX (358f877c-4143-452f-ab4d-589327eb2715)] -&gt; xpath: //p//word], [[FirefoxDriver: firefox on LINUX (358f877c-4143-452f-ab4d-589327eb2715)] -&gt; xpath: //p//word], [[FirefoxDriver: firefox on LINUX (358f877c-4143-452f-ab4d-589327eb2715)] -&gt; xpath: //p//word], [[FirefoxDriver: firefox on LINUX (358f877c-4143-452f-ab4d-589327eb2715)] -&gt; xpath: //p//word], [[FirefoxDriver: firefox on LINUX (358f877c-4143-452f-ab4d-589327eb2715)] -&gt; xpath: //p//word], [[FirefoxDriver: firefox on LINUX (358f877c-4143-452f-ab4d-589327eb2715)] -&gt; xpath: //p//word], [[FirefoxDriver: firefox on LINUX (358f877c-4143-452f-ab4d-589327eb2715)] -&gt; xpath: //p//word], [[FirefoxDriver: firefox on LINUX (358f877c-4143-452f-ab4d-589327eb2715)] -&gt; xpath: //p//word], [[FirefoxDriver: firefox on LINUX (358f877c-4143-452f-ab4d-589327eb2715)] -&gt; xpath: //p//word], [[FirefoxDriver: firefox on LINUX (358f877c-4143-452f-ab4d-589327eb2715)] -&gt; xpath: //p//word], [[FirefoxDriver: firefox on LINUX (358f877c-4143-452f-ab4d-589327eb2715)] -&gt; xpath: //p//word], [[FirefoxDriver: firefox on LINUX (358f877c-4143-452f-ab4d-589327eb2715)] -&gt; xpath: //p//word], [[FirefoxDriver: firefox on LINUX (358f877c-4143-452f-ab4d-589327eb2715)] -&gt; xpath: //p//word], [[FirefoxDriver: firefox on LINUX (358f877c-4143-452f-ab4d-589327eb2715)] -&gt; xpath: //p//word], [[FirefoxDriver: firefox on LINUX (358f877c-4143-452f-ab4d-589327eb2715)] -&gt; xpath: //p//word], [[FirefoxDriver: firefox on LINUX (358f877c-4143-452f-ab4d-589327eb2715)] -&gt; xpath: //p//word], [[FirefoxDriver: firefox on LINUX (358f877c-4143-452f-ab4d-589327eb2715)] -&gt; xpath: //p//word], [[FirefoxDriver: firefox on LINUX (358f877c-4143-452f-ab4d-589327eb2715)] -&gt; xpath: //p//word], [[FirefoxDriver: firefox on LINUX (358f877c-4143-452f-ab4d-589327eb2715)] -&gt; xpath: //p//word], [[FirefoxDriver: firefox on LINUX (358f877c-4143-452f-ab4d-589327eb2715)] -&gt; xpath: //p//word], [[FirefoxDriver: firefox on LINUX (358f877c-4143-452f-ab4d-589327eb2715)] -&gt; xpath: //p//word], [[FirefoxDriver: firefox on LINUX (358f877c-4143-452f-ab4d-589327eb2715)] -&gt; xpath: //p//word], [[FirefoxDriver: firefox on LINUX (358f877c-4143-452f-ab4d-589327eb2715)] -&gt; xpath: //p//word], [[FirefoxDriver: firefox on LINUX (358f877c-4143-452f-ab4d-589327eb2715)] -&gt; xpath: //p//word], [[FirefoxDriver: firefox on LINUX (358f877c-4143-452f-ab4d-589327eb2715)] -&gt; xpath: //p//word], [[FirefoxDriver: firefox on LINUX (358f877c-4143-452f-ab4d-589327eb2715)] -&gt; xpath: //p//word], [[FirefoxDriver: firefox on LINUX (358f877c-4143-452f-ab4d-589327eb2715)] -&gt; xpath: //p//word], [[FirefoxDriver: firefox on LINUX (358f877c-4143-452f-ab4d-589327eb2715)] -&gt; xpath: //p//word], [[FirefoxDriver: firefox on LINUX (358f877c-4143-452f-ab4d-589327eb2715)] -&gt; xpath: //p//word], [[FirefoxDriver: firefox on LINUX (358f877c-4143-452f-ab4d-589327eb2715)] -&gt; xpath: //p//word], [[FirefoxDriver: firefox on LINUX (358f877c-4143-452f-ab4d-589327eb2715)] -&gt; xpath: //p//word], [[FirefoxDriver: firefox on LINUX (358f877c-4143-452f-ab4d-589327eb2715)] -&gt; xpath: //p//word], [[FirefoxDriver: firefox on LINUX (358f877c-4143-452f-ab4d-589327eb2715)] -&gt; xpath: //p//word], [[FirefoxDriver: firefox on LINUX (358f877c-4143-452f-ab4d-589327eb2715)] -&gt; xpath: //p//word], [[FirefoxDriver: firefox on LINUX (358f877c-4143-452f-ab4d-589327eb2715)] -&gt; xpath: //p//word], [[FirefoxDriver: firefox on LINUX (358f877c-4143-452f-ab4d-589327eb2715)] -&gt; xpath: //p//word], [[FirefoxDriver: firefox on LINUX (358f877c-4143-452f-ab4d-589327eb2715)] -&gt; xpath: //p//word], [[FirefoxDriver: firefox on LINUX (358f877c-4143-452f-ab4d-589327eb2715)] -&gt; xpath: //p//word], [[FirefoxDriver: firefox on LINUX (358f877c-4143-452f-ab4d-589327eb2715)] -&gt; xpath: //p//word], [[FirefoxDriver: firefox on LINUX (358f877c-4143-452f-ab4d-589327eb2715)] -&gt; xpath: //p//word], [[FirefoxDriver: firefox on LINUX (358f877c-4143-452f-ab4d-589327eb2715)] -&gt; xpath: //p//word], [[FirefoxDriver: firefox on LINUX (358f877c-4143-452f-ab4d-589327eb2715)] -&gt; xpath: //p//word], [[FirefoxDriver: firefox on LINUX (358f877c-4143-452f-ab4d-589327eb2715)] -&gt; xpath: //p//word], [[FirefoxDriver: firefox on LINUX (358f877c-4143-452f-ab4d-589327eb2715)] -&gt; xpath: //p//word], [[FirefoxDriver: firefox on LINUX (358f877c-4143-452f-ab4d-589327eb2715)] -&gt; xpath: //p//word], [[FirefoxDriver: firefox on LINUX (358f877c-4143-452f-ab4d-589327eb2715)] -&gt; xpath: //p//word], [[FirefoxDriver: firefox on LINUX (358f877c-4143-452f-ab4d-589327eb2715)] -&gt; xpath: //p//word], [[FirefoxDriver: firefox on LINUX (358f877c-4143-452f-ab4d-589327eb2715)] -&gt; xpath: //p//word], [[FirefoxDriver: firefox on LINUX (358f877c-4143-452f-ab4d-589327eb2715)] -&gt; xpath: //p//word], [[FirefoxDriver: firefox on LINUX (358f877c-4143-452f-ab4d-589327eb2715)] -&gt; xpath: //p//word], [[FirefoxDriver: firefox on LINUX (358f877c-4143-452f-ab4d-589327eb2715)] -&gt; xpath: //p//word], [[FirefoxDriver: firefox on LINUX (358f877c-4143-452f-ab4d-589327eb2715)] -&gt; xpath: //p//word], [[FirefoxDriver: firefox on LINUX (358f877c-4143-452f-ab4d-589327eb2715)] -&gt; xpath: //p//word], [[FirefoxDriver: firefox on LINUX (358f877c-4143-452f-ab4d-589327eb2715)] -&gt; xpath: //p//word], [[FirefoxDriver: firefox on LINUX (358f877c-4143-452f-ab4d-589327eb2715)] -&gt; xpath: //p//word], [[FirefoxDriver: firefox on LINUX (358f877c-4143-452f-ab4d-589327eb2715)] -&gt; xpath: //p//word], [[FirefoxDriver: firefox on LINUX (358f877c-4143-452f-ab4d-589327eb2715)] -&gt; xpath: //p//word], [[FirefoxDriver: firefox on LINUX (358f877c-4143-452f-ab4d-589327eb2715)] -&gt; xpath: //p//word], [[FirefoxDriver: firefox on LINUX (358f877c-4143-452f-ab4d-589327eb2715)] -&gt; xpath: //p//word], [[FirefoxDriver: firefox on LINUX (358f877c-4143-452f-ab4d-589327eb2715)] -&gt; xpath: //p//word], [[FirefoxDriver: firefox on LINUX (358f877c-4143-452f-ab4d-589327eb2715)] -&gt; xpath: //p//word], [[FirefoxDriver: firefox on LINUX (358f877c-4143-452f-ab4d-589327eb2715)] -&gt; xpath: //p//word], [[FirefoxDriver: firefox on LINUX (358f877c-4143-452f-ab4d-589327eb2715)] -&gt; xpath: //p//word], [[FirefoxDriver: firefox on LINUX (358f877c-4143-452f-ab4d-589327eb2715)] -&gt; xpath: //p//word], [[FirefoxDriver: firefox on LINUX (358f877c-4143-452f-ab4d-589327eb2715)] -&gt; xpath: //p//word], [[FirefoxDriver: firefox on LINUX (358f877c-4143-452f-ab4d-589327eb2715)] -&gt; xpath: //p//word], [[FirefoxDriver: firefox on LINUX (358f877c-4143-452f-ab4d-589327eb2715)] -&gt; xpath: //p//word], [[FirefoxDriver: firefox on LINUX (358f877c-4143-452f-ab4d-589327eb2715)] -&gt; xpath: //p//word], [[FirefoxDriver: firefox on LINUX (358f877c-4143-452f-ab4d-589327eb2715)] -&gt; xpath: //p//word], [[FirefoxDriver: firefox on LINUX (358f877c-4143-452f-ab4d-589327eb2715)] -&gt; xpath: //p//word], [[FirefoxDriver: firefox on LINUX (358f877c-4143-452f-ab4d-589327eb2715)] -&gt; xpath: //p//word], [[FirefoxDriver: firefox on LINUX (358f877c-4143-452f-ab4d-589327eb2715)] -&gt; xpath: //p//word], [[FirefoxDriver: firefox on LINUX (358f877c-4143-452f-ab4d-589327eb2715)] -&gt; xpath: //p//word], [[FirefoxDriver: firefox on LINUX (358f877c-4143-452f-ab4d-589327eb2715)] -&gt; xpath: //p//word], [[FirefoxDriver: firefox on LINUX (358f877c-4143-452f-ab4d-589327eb2715)] -&gt; xpath: //p//word], [[FirefoxDriver: firefox on LINUX (358f877c-4143-452f-ab4d-589327eb2715)] -&gt; xpath: //p//word], [[FirefoxDriver: firefox on LINUX (358f877c-4143-452f-ab4d-589327eb2715)] -&gt; xpath: //p//word], [[FirefoxDriver: firefox on LINUX (358f877c-4143-452f-ab4d-589327eb2715)] -&gt; xpath: //p//word], [[FirefoxDriver: firefox on LINUX (358f877c-4143-452f-ab4d-589327eb2715)] -&gt; xpath: //p//word], [[FirefoxDriver: firefox on LINUX (358f877c-4143-452f-ab4d-589327eb2715)] -&gt; xpath: //p//word], [[FirefoxDriver: firefox on LINUX (358f877c-4143-452f-ab4d-589327eb2715)] -&gt; xpath: //p//word], [[FirefoxDriver: firefox on LINUX (358f877c-4143-452f-ab4d-589327eb2715)] -&gt; xpath: //p//word], [[FirefoxDriver: firefox on LINUX (358f877c-4143-452f-ab4d-589327eb2715)] -&gt; xpath: //p//word], [[FirefoxDriver: firefox on LINUX (358f877c-4143-452f-ab4d-589327eb2715)] -&gt; xpath: //p//word], [[FirefoxDriver: firefox on LINUX (358f877c-4143-452f-ab4d-589327eb2715)] -&gt; xpath: //p//word], [[FirefoxDriver: firefox on LINUX (358f877c-4143-452f-ab4d-589327eb2715)] -&gt; xpath: //p//word], [[FirefoxDriver: firefox on LINUX (358f877c-4143-452f-ab4d-589327eb2715)] -&gt; xpath: //p//word], [[FirefoxDriver: firefox on LINUX (358f877c-4143-452f-ab4d-589327eb2715)] -&gt; xpath: //p//word], [[FirefoxDriver: firefox on LINUX (358f877c-4143-452f-ab4d-589327eb2715)] -&gt; xpath: //p//word], [[FirefoxDriver: firefox on LINUX (358f877c-4143-452f-ab4d-589327eb2715)] -&gt; xpath: //p//word], [[FirefoxDriver: firefox on LINUX (358f877c-4143-452f-ab4d-589327eb2715)] -&gt; xpath: //p//word], [[FirefoxDriver: firefox on LINUX (358f877c-4143-452f-ab4d-589327eb2715)] -&gt; xpath: //p//word], [[FirefoxDriver: firefox on LINUX (358f877c-4143-452f-ab4d-589327eb2715)] -&gt; xpath: //p//word], [[FirefoxDriver: firefox on LINUX (358f877c-4143-452f-ab4d-589327eb2715)] -&gt; xpath: //p//word], [[FirefoxDriver: firefox on LINUX (358f877c-4143-452f-ab4d-589327eb2715)] -&gt; xpath: //p//word], [[FirefoxDriver: firefox on LINUX (358f877c-4143-452f-ab4d-589327eb2715)] -&gt; xpath: //p//word], [[FirefoxDriver: firefox on LINUX (358f877c-4143-452f-ab4d-589327eb2715)] -&gt; xpath: //p//word], [[FirefoxDriver: firefox on LINUX (358f877c-4143-452f-ab4d-589327eb2715)] -&gt; xpath: //p//word], [[FirefoxDriver: firefox on LINUX (358f877c-4143-452f-ab4d-589327eb2715)] -&gt; xpath: //p//word], [[FirefoxDriver: firefox on LINUX (358f877c-4143-452f-ab4d-589327eb2715)] -&gt; xpath: //p//word], [[FirefoxDriver: firefox on LINUX (358f877c-4143-452f-ab4d-589327eb2715)] -&gt; xpath: //p//word], [[FirefoxDriver: firefox on LINUX (358f877c-4143-452f-ab4d-589327eb2715)] -&gt; xpath: //p//word], [[FirefoxDriver: firefox on LINUX (358f877c-4143-452f-ab4d-589327eb2715)] -&gt; xpath: //p//word], [[FirefoxDriver: firefox on LINUX (358f877c-4143-452f-ab4d-589327eb2715)] -&gt; xpath: //p//word], [[FirefoxDriver: firefox on LINUX (358f877c-4143-452f-ab4d-589327eb2715)] -&gt; xpath: //p//word], [[FirefoxDriver: firefox on LINUX (358f877c-4143-452f-ab4d-589327eb2715)] -&gt; xpath: //p//word], [[FirefoxDriver: firefox on LINUX (358f877c-4143-452f-ab4d-589327eb2715)] -&gt; xpath: //p//word], [[FirefoxDriver: firefox on LINUX (358f877c-4143-452f-ab4d-589327eb2715)] -&gt; xpath: //p//word], [[FirefoxDriver: firefox on LINUX (358f877c-4143-452f-ab4d-589327eb2715)] -&gt; xpath: //p//word], [[FirefoxDriver: firefox on LINUX (358f877c-4143-452f-ab4d-589327eb2715)] -&gt; xpath: //p//word], [[FirefoxDriver: firefox on LINUX (358f877c-4143-452f-ab4d-589327eb2715)] -&gt; xpath: //p//word], [[FirefoxDriver: firefox on LINUX (358f877c-4143-452f-ab4d-589327eb2715)] -&gt; xpath: //p//word], [[FirefoxDriver: firefox on LINUX (358f877c-4143-452f-ab4d-589327eb2715)] -&gt; xpath: //p//word], [[FirefoxDriver: firefox on LINUX (358f877c-4143-452f-ab4d-589327eb2715)] -&gt; xpath: //p//word], [[FirefoxDriver: firefox on LINUX (358f877c-4143-452f-ab4d-589327eb2715)] -&gt; xpath: //p//word], [[FirefoxDriver: firefox on LINUX (358f877c-4143-452f-ab4d-589327eb2715)] -&gt; xpath: //p//word], [[FirefoxDriver: firefox on LINUX (358f877c-4143-452f-ab4d-589327eb2715)] -&gt; xpath: //p//word], [[FirefoxDriver: firefox on LINUX (358f877c-4143-452f-ab4d-589327eb2715)] -&gt; xpath: //p//word], [[FirefoxDriver: firefox on LINUX (358f877c-4143-452f-ab4d-589327eb2715)] -&gt; xpath: //p//word], [[FirefoxDriver: firefox on LINUX (358f877c-4143-452f-ab4d-589327eb2715)] -&gt; xpath: //p//word], [[FirefoxDriver: firefox on LINUX (358f877c-4143-452f-ab4d-589327eb2715)] -&gt; xpath: //p//word], [[FirefoxDriver: firefox on LINUX (358f877c-4143-452f-ab4d-589327eb2715)] -&gt; xpath: //p//word], [[FirefoxDriver: firefox on LINUX (358f877c-4143-452f-ab4d-589327eb2715)] -&gt; xpath: //p//word], [[FirefoxDriver: firefox on LINUX (358f877c-4143-452f-ab4d-589327eb2715)] -&gt; xpath: //p//word], [[FirefoxDriver: firefox on LINUX (358f877c-4143-452f-ab4d-589327eb2715)] -&gt; xpath: //p//word], [[FirefoxDriver: firefox on LINUX (358f877c-4143-452f-ab4d-589327eb2715)] -&gt; xpath: //p//word], [[FirefoxDriver: firefox on LINUX (358f877c-4143-452f-ab4d-589327eb2715)] -&gt; xpath: //p//word], [[FirefoxDriver: firefox on LINUX (358f877c-4143-452f-ab4d-589327eb2715)] -&gt; xpath: //p//word], [[FirefoxDriver: firefox on LINUX (358f877c-4143-452f-ab4d-589327eb2715)] -&gt; xpath: //p//word], [[FirefoxDriver: firefox on LINUX (358f877c-4143-452f-ab4d-589327eb2715)] -&gt; xpath: //p//word], [[FirefoxDriver: firefox on LINUX (358f877c-4143-452f-ab4d-589327eb2715)] -&gt; xpath: //p//word], [[FirefoxDriver: firefox on LINUX (358f877c-4143-452f-ab4d-589327eb2715)] -&gt; xpath: //p//word], [[FirefoxDriver: firefox on LINUX (358f877c-4143-452f-ab4d-589327eb2715)] -&gt; xpath: //p//word], [[FirefoxDriver: firefox on LINUX (358f877c-4143-452f-ab4d-589327eb2715)] -&gt; xpath: //p//word], [[FirefoxDriver: firefox on LINUX (358f877c-4143-452f-ab4d-589327eb2715)] -&gt; xpath: //p//word], [[FirefoxDriver: firefox on LINUX (358f877c-4143-452f-ab4d-589327eb2715)] -&gt; xpath: //p//word], [[FirefoxDriver: firefox on LINUX (358f877c-4143-452f-ab4d-589327eb2715)] -&gt; xpath: //p//word], [[FirefoxDriver: firefox on LINUX (358f877c-4143-452f-ab4d-589327eb2715)] -&gt; xpath: //p//word], [[FirefoxDriver: firefox on LINUX (358f877c-4143-452f-ab4d-589327eb2715)] -&gt; xpath: //p//word], [[FirefoxDriver: firefox on LINUX (358f877c-4143-452f-ab4d-589327eb2715)] -&gt; xpath: //p//word], [[FirefoxDriver: firefox on LINUX (358f877c-4143-452f-ab4d-589327eb2715)] -&gt; xpath: //p//word], [[FirefoxDriver: firefox on LINUX (358f877c-4143-452f-ab4d-589327eb2715)] -&gt; xpath: //p//word], [[FirefoxDriver: firefox on LINUX (358f877c-4143-452f-ab4d-589327eb2715)] -&gt; xpath: //p//word], [[FirefoxDriver: firefox on LINUX (358f877c-4143-452f-ab4d-589327eb2715)] -&gt; xpath: //p//word], [[FirefoxDriver: firefox on LINUX (358f877c-4143-452f-ab4d-589327eb2715)] -&gt; xpath: //p//word], [[FirefoxDriver: firefox on LINUX (358f877c-4143-452f-ab4d-589327eb2715)] -&gt; xpath: //p//word], [[FirefoxDriver: firefox on LINUX (358f877c-4143-452f-ab4d-589327eb2715)] -&gt; xpath: //p//word], [[FirefoxDriver: firefox on LINUX (358f877c-4143-452f-ab4d-589327eb2715)] -&gt; xpath: //p//word], [[FirefoxDriver: firefox on LINUX (358f877c-4143-452f-ab4d-589327eb2715)] -&gt; xpath: //p//word], [[FirefoxDriver: firefox on LINUX (358f877c-4143-452f-ab4d-589327eb2715)] -&gt; xpath: //p//word], [[FirefoxDriver: firefox on LINUX (358f877c-4143-452f-ab4d-589327eb2715)] -&gt; xpath: //p//word], [[FirefoxDriver: firefox on LINUX (358f877c-4143-452f-ab4d-589327eb2715)] -&gt; xpath: //p//word], [[FirefoxDriver: firefox on LINUX (358f877c-4143-452f-ab4d-589327eb2715)] -&gt; xpath: //p//word], [[FirefoxDriver: firefox on LINUX (358f877c-4143-452f-ab4d-589327eb2715)] -&gt; xpath: //p//word], [[FirefoxDriver: firefox on LINUX (358f877c-4143-452f-ab4d-589327eb2715)] -&gt; xpath: //p//word], [[FirefoxDriver: firefox on LINUX (358f877c-4143-452f-ab4d-589327eb2715)] -&gt; xpath: //p//word], [[FirefoxDriver: firefox on LINUX (358f877c-4143-452f-ab4d-589327eb2715)] -&gt; xpath: //p//word], [[FirefoxDriver: firefox on LINUX (358f877c-4143-452f-ab4d-589327eb2715)] -&gt; xpath: //p//word], [[FirefoxDriver: firefox on LINUX (358f877c-4143-452f-ab4d-589327eb2715)] -&gt; xpath: //p//word], [[FirefoxDriver: firefox on LINUX (358f877c-4143-452f-ab4d-589327eb2715)] -&gt; xpath: //p//word], [[FirefoxDriver: firefox on LINUX (358f877c-4143-452f-ab4d-589327eb2715)] -&gt; xpath: //p//word], [[FirefoxDriver: firefox on LINUX (358f877c-4143-452f-ab4d-589327eb2715)] -&gt; xpath: //p//word], [[FirefoxDriver: firefox on LINUX (358f877c-4143-452f-ab4d-589327eb2715)] -&gt; xpath: //p//word], [[FirefoxDriver: firefox on LINUX (358f877c-4143-452f-ab4d-589327eb2715)] -&gt; xpath: //p//word], [[FirefoxDriver: firefox on LINUX (358f877c-4143-452f-ab4d-589327eb2715)] -&gt; xpath: //p//word], [[FirefoxDriver: firefox on LINUX (358f877c-4143-452f-ab4d-589327eb2715)] -&gt; xpath: //p//word], [[FirefoxDriver: firefox on LINUX (358f877c-4143-452f-ab4d-589327eb2715)] -&gt; xpath: //p//word], [[FirefoxDriver: firefox on LINUX (358f877c-4143-452f-ab4d-589327eb2715)] -&gt; xpath: //p//word], [[FirefoxDriver: firefox on LINUX (358f877c-4143-452f-ab4d-589327eb2715)] -&gt; xpath: //p//word], [[FirefoxDriver: firefox on LINUX (358f877c-4143-452f-ab4d-589327eb2715)] -&gt; xpath: //p//word], [[FirefoxDriver: firefox on LINUX (358f877c-4143-452f-ab4d-589327eb2715)] -&gt; xpath: //p//word], [[FirefoxDriver: firefox on LINUX (358f877c-4143-452f-ab4d-589327eb2715)] -&gt; xpath: //p//word], [[FirefoxDriver: firefox on LINUX (358f877c-4143-452f-ab4d-589327eb2715)] -&gt; xpath: //p//word], [[FirefoxDriver: firefox on LINUX (358f877c-4143-452f-ab4d-589327eb2715)] -&gt; xpath: //p//word], [[FirefoxDriver: firefox on LINUX (358f877c-4143-452f-ab4d-589327eb2715)] -&gt; xpath: //p//word], [[FirefoxDriver: firefox on LINUX (358f877c-4143-452f-ab4d-589327eb2715)] -&gt; xpath: //p//word], [[FirefoxDriver: firefox on LINUX (358f877c-4143-452f-ab4d-589327eb2715)] -&gt; xpath: //p//word], [[FirefoxDriver: firefox on LINUX (358f877c-4143-452f-ab4d-589327eb2715)] -&gt; xpath: //p//word], [[FirefoxDriver: firefox on LINUX (358f877c-4143-452f-ab4d-589327eb2715)] -&gt; xpath: //p//word], [[FirefoxDriver: firefox on LINUX (358f877c-4143-452f-ab4d-589327eb2715)] -&gt; xpath: //p//word], [[FirefoxDriver: firefox on LINUX (358f877c-4143-452f-ab4d-589327eb2715)] -&gt; xpath: //p//word], [[FirefoxDriver: firefox on LINUX (358f877c-4143-452f-ab4d-589327eb2715)] -&gt; xpath: //p//word], [[FirefoxDriver: firefox on LINUX (358f877c-4143-452f-ab4d-589327eb2715)] -&gt; xpath: //p//word], [[FirefoxDriver: firefox on LINUX (358f877c-4143-452f-ab4d-589327eb2715)] -&gt; xpath: //p//word], [[FirefoxDriver: firefox on LINUX (358f877c-4143-452f-ab4d-589327eb2715)] -&gt; xpath: //p//word], [[FirefoxDriver: firefox on LINUX (358f877c-4143-452f-ab4d-589327eb2715)] -&gt; xpath: //p//word], [[FirefoxDriver: firefox on LINUX (358f877c-4143-452f-ab4d-589327eb2715)] -&gt; xpath: //p//word], [[FirefoxDriver: firefox on LINUX (358f877c-4143-452f-ab4d-589327eb2715)] -&gt; xpath: //p//word], [[FirefoxDriver: firefox on LINUX (358f877c-4143-452f-ab4d-589327eb2715)] -&gt; xpath: //p//word], [[FirefoxDriver: firefox on LINUX (358f877c-4143-452f-ab4d-589327eb2715)] -&gt; xpath: //p//word], [[FirefoxDriver: firefox on LINUX (358f877c-4143-452f-ab4d-589327eb2715)] -&gt; xpath: //p//word], [[FirefoxDriver: firefox on LINUX (358f877c-4143-452f-ab4d-589327eb2715)] -&gt; xpath: //p//word], [[FirefoxDriver: firefox on LINUX (358f877c-4143-452f-ab4d-589327eb2715)] -&gt; xpath: //p//word], [[FirefoxDriver: firefox on LINUX (358f877c-4143-452f-ab4d-589327eb2715)] -&gt; xpath: //p//word], [[FirefoxDriver: firefox on LINUX (358f877c-4143-452f-ab4d-589327eb2715)] -&gt; xpath: //p//word], [[FirefoxDriver: firefox on LINUX (358f877c-4143-452f-ab4d-589327eb2715)] -&gt; xpath: //p//word], [[FirefoxDriver: firefox on LINUX (358f877c-4143-452f-ab4d-589327eb2715)] -&gt; xpath: //p//word], [[FirefoxDriver: firefox on LINUX (358f877c-4143-452f-ab4d-589327eb2715)] -&gt; xpath: //p//word], [[FirefoxDriver: firefox on LINUX (358f877c-4143-452f-ab4d-589327eb2715)] -&gt; xpath: //p//word], [[FirefoxDriver: firefox on LINUX (358f877c-4143-452f-ab4d-589327eb2715)] -&gt; xpath: //p//word], [[FirefoxDriver: firefox on LINUX (358f877c-4143-452f-ab4d-589327eb2715)] -&gt; xpath: //p//word], [[FirefoxDriver: firefox on LINUX (358f877c-4143-452f-ab4d-589327eb2715)] -&gt; xpath: //p//word], [[FirefoxDriver: firefox on LINUX (358f877c-4143-452f-ab4d-589327eb2715)] -&gt; xpath: //p//word], [[FirefoxDriver: firefox on LINUX (358f877c-4143-452f-ab4d-589327eb2715)] -&gt; xpath: //p//word], [[FirefoxDriver: firefox on LINUX (358f877c-4143-452f-ab4d-589327eb2715)] -&gt; xpath: //p//word], [[FirefoxDriver: firefox on LINUX (358f877c-4143-452f-ab4d-589327eb2715)] -&gt; xpath: //p//word], [[FirefoxDriver: firefox on LINUX (358f877c-4143-452f-ab4d-589327eb2715)] -&gt; xpath: //p//word], [[FirefoxDriver: firefox on LINUX (358f877c-4143-452f-ab4d-589327eb2715)] -&gt; xpath: //p//word], [[FirefoxDriver: firefox on LINUX (358f877c-4143-452f-ab4d-589327eb2715)] -&gt; xpath: //p//word], [[FirefoxDriver: firefox on LINUX (358f877c-4143-452f-ab4d-589327eb2715)] -&gt; xpath: //p//word], [[FirefoxDriver: firefox on LINUX (358f877c-4143-452f-ab4d-589327eb2715)] -&gt; xpath: //p//word], [[FirefoxDriver: firefox on LINUX (358f877c-4143-452f-ab4d-589327eb2715)] -&gt; xpath: //p//word], [[FirefoxDriver: firefox on LINUX (358f877c-4143-452f-ab4d-589327eb2715)] -&gt; xpath: //p//word], [[FirefoxDriver: firefox on LINUX (358f877c-4143-452f-ab4d-589327eb2715)] -&gt; xpath: //p//word], [[FirefoxDriver: firefox on LINUX (358f877c-4143-452f-ab4d-589327eb2715)] -&gt; xpath: //p//word], [[FirefoxDriver: firefox on LINUX (358f877c-4143-452f-ab4d-589327eb2715)] -&gt; xpath: //p//word], [[FirefoxDriver: firefox on LINUX (358f877c-4143-452f-ab4d-589327eb2715)] -&gt; xpath: //p//word], [[FirefoxDriver: firefox on LINUX (358f877c-4143-452f-ab4d-589327eb2715)] -&gt; xpath: //p//word], [[FirefoxDriver: firefox on LINUX (358f877c-4143-452f-ab4d-589327eb2715)] -&gt; xpath: //p//word], [[FirefoxDriver: firefox on LINUX (358f877c-4143-452f-ab4d-589327eb2715)] -&gt; xpath: //p//word], [[FirefoxDriver: firefox on LINUX (358f877c-4143-452f-ab4d-589327eb2715)] -&gt; xpath: //p//word], [[FirefoxDriver: firefox on LINUX (358f877c-4143-452f-ab4d-589327eb2715)] -&gt; xpath: //p//word], [[FirefoxDriver: firefox on LINUX (358f877c-4143-452f-ab4d-589327eb2715)] -&gt; xpath: //p//word], [[FirefoxDriver: firefox on LINUX (358f877c-4143-452f-ab4d-589327eb2715)] -&gt; xpath: //p//word], [[FirefoxDriver: firefox on LINUX (358f877c-4143-452f-ab4d-589327eb2715)] -&gt; xpath: //p//word], [[FirefoxDriver: firefox on LINUX (358f877c-4143-452f-ab4d-589327eb2715)] -&gt; xpath: //p//word], [[FirefoxDriver: firefox on LINUX (358f877c-4143-452f-ab4d-589327eb2715)] -&gt; xpath: //p//word], [[FirefoxDriver: firefox on LINUX (358f877c-4143-452f-ab4d-589327eb2715)] -&gt; xpath: //p//word], [[FirefoxDriver: firefox on LINUX (358f877c-4143-452f-ab4d-589327eb2715)] -&gt; xpath: //p//word], [[FirefoxDriver: firefox on LINUX (358f877c-4143-452f-ab4d-589327eb2715)] -&gt; xpath: //p//word], [[FirefoxDriver: firefox on LINUX (358f877c-4143-452f-ab4d-589327eb2715)] -&gt; xpath: //p//word], [[FirefoxDriver: firefox on LINUX (358f877c-4143-452f-ab4d-589327eb2715)] -&gt; xpath: //p//word], [[FirefoxDriver: firefox on LINUX (358f877c-4143-452f-ab4d-589327eb2715)] -&gt; xpath: //p//word], [[FirefoxDriver: firefox on LINUX (358f877c-4143-452f-ab4d-589327eb2715)] -&gt; xpath: //p//word], [[FirefoxDriver: firefox on LINUX (358f877c-4143-452f-ab4d-589327eb2715)] -&gt; xpath: //p//word], [[FirefoxDriver: firefox on LINUX (358f877c-4143-452f-ab4d-589327eb2715)] -&gt; xpath: //p//word], [[FirefoxDriver: firefox on LINUX (358f877c-4143-452f-ab4d-589327eb2715)] -&gt; xpath: //p//word], [[FirefoxDriver: firefox on LINUX (358f877c-4143-452f-ab4d-589327eb2715)] -&gt; xpath: //p//word], [[FirefoxDriver: firefox on LINUX (358f877c-4143-452f-ab4d-589327eb2715)] -&gt; xpath: //p//word], [[FirefoxDriver: firefox on LINUX (358f877c-4143-452f-ab4d-589327eb2715)] -&gt; xpath: //p//word], [[FirefoxDriver: firefox on LINUX (358f877c-4143-452f-ab4d-589327eb2715)] -&gt; xpath: //p//word], [[FirefoxDriver: firefox on LINUX (358f877c-4143-452f-ab4d-589327eb2715)] -&gt; xpath: //p//word], [[FirefoxDriver: firefox on LINUX (358f877c-4143-452f-ab4d-589327eb2715)] -&gt; xpath: //p//word], [[FirefoxDriver: firefox on LINUX (358f877c-4143-452f-ab4d-589327eb2715)] -&gt; xpath: //p//word], [[FirefoxDriver: firefox on LINUX (358f877c-4143-452f-ab4d-589327eb2715)] -&gt; xpath: //p//word], [[FirefoxDriver: firefox on LINUX (358f877c-4143-452f-ab4d-589327eb2715)] -&gt; xpath: //p//word], [[FirefoxDriver: firefox on LINUX (358f877c-4143-452f-ab4d-589327eb2715)] -&gt; xpath: //p//word], [[FirefoxDriver: firefox on LINUX (358f877c-4143-452f-ab4d-589327eb2715)] -&gt; xpath: //p//word], [[FirefoxDriver: firefox on LINUX (358f877c-4143-452f-ab4d-589327eb2715)] -&gt; xpath: //p//word], [[FirefoxDriver: firefox on LINUX (358f877c-4143-452f-ab4d-589327eb2715)] -&gt; xpath: //p//word], [[FirefoxDriver: firefox on LINUX (358f877c-4143-452f-ab4d-589327eb2715)] -&gt; xpath: //p//word], [[FirefoxDriver: firefox on LINUX (358f877c-4143-452f-ab4d-589327eb2715)] -&gt; xpath: //p//word], [[FirefoxDriver: firefox on LINUX (358f877c-4143-452f-ab4d-589327eb2715)] -&gt; xpath: //p//word], [[FirefoxDriver: firefox on LINUX (358f877c-4143-452f-ab4d-589327eb2715)] -&gt; xpath: //p//word], [[FirefoxDriver: firefox on LINUX (358f877c-4143-452f-ab4d-589327eb2715)] -&gt; xpath: //p//word], [[FirefoxDriver: firefox on LINUX (358f877c-4143-452f-ab4d-589327eb2715)] -&gt; xpath: //p//word], [[FirefoxDriver: firefox on LINUX (358f877c-4143-452f-ab4d-589327eb2715)] -&gt; xpath: //p//word], [[FirefoxDriver: firefox on LINUX (358f877c-4143-452f-ab4d-589327eb2715)] -&gt; xpath: //p//word], [[FirefoxDriver: firefox on LINUX (358f877c-4143-452f-ab4d-589327eb2715)] -&gt; xpath: //p//word], [[FirefoxDriver: firefox on LINUX (358f877c-4143-452f-ab4d-589327eb2715)] -&gt; xpath: //p//word], [[FirefoxDriver: firefox on LINUX (358f877c-4143-452f-ab4d-589327eb2715)] -&gt; xpath: //p//word], [[FirefoxDriver: firefox on LINUX (358f877c-4143-452f-ab4d-589327eb2715)] -&gt; xpath: //p//word], [[FirefoxDriver: firefox on LINUX (358f877c-4143-452f-ab4d-589327eb2715)] -&gt; xpath: //p//word], [[FirefoxDriver: firefox on LINUX (358f877c-4143-452f-ab4d-589327eb2715)] -&gt; xpath: //p//word], [[FirefoxDriver: firefox on LINUX (358f877c-4143-452f-ab4d-589327eb2715)] -&gt; xpath: //p//word], [[FirefoxDriver: firefox on LINUX (358f877c-4143-452f-ab4d-589327eb2715)] -&gt; xpath: //p//word], [[FirefoxDriver: firefox on LINUX (358f877c-4143-452f-ab4d-589327eb2715)] -&gt; xpath: //p//word], [[FirefoxDriver: firefox on LINUX (358f877c-4143-452f-ab4d-589327eb2715)] -&gt; xpath: //p//word], [[FirefoxDriver: firefox on LINUX (358f877c-4143-452f-ab4d-589327eb2715)] -&gt; xpath: //p//word], [[FirefoxDriver: firefox on LINUX (358f877c-4143-452f-ab4d-589327eb2715)] -&gt; xpath: //p//word], [[FirefoxDriver: firefox on LINUX (358f877c-4143-452f-ab4d-589327eb2715)] -&gt; xpath: //p//word], [[FirefoxDriver: firefox on LINUX (358f877c-4143-452f-ab4d-589327eb2715)] -&gt; xpath: //p//word], [[FirefoxDriver: firefox on LINUX (358f877c-4143-452f-ab4d-589327eb2715)] -&gt; xpath: //p//word], [[FirefoxDriver: firefox on LINUX (358f877c-4143-452f-ab4d-589327eb2715)] -&gt; xpath: //p//word], [[FirefoxDriver: firefox on LINUX (358f877c-4143-452f-ab4d-589327eb2715)] -&gt; xpath: //p//word], [[FirefoxDriver: firefox on LINUX (358f877c-4143-452f-ab4d-589327eb2715)] -&gt; xpath: //p//word], [[FirefoxDriver: firefox on LINUX (358f877c-4143-452f-ab4d-589327eb2715)] -&gt; xpath: //p//word], [[FirefoxDriver: firefox on LINUX (358f877c-4143-452f-ab4d-589327eb2715)] -&gt; xpath: //p//word], [[FirefoxDriver: firefox on LINUX (358f877c-4143-452f-ab4d-589327eb2715)] -&gt; xpath: //p//word], [[FirefoxDriver: firefox on LINUX (358f877c-4143-452f-ab4d-589327eb2715)] -&gt; xpath: //p//word], [[FirefoxDriver: firefox on LINUX (358f877c-4143-452f-ab4d-589327eb2715)] -&gt; xpath: //p//word], [[FirefoxDriver: firefox on LINUX (358f877c-4143-452f-ab4d-589327eb2715)] -&gt; xpath: //p//word], [[FirefoxDriver: firefox on LINUX (358f877c-4143-452f-ab4d-589327eb2715)] -&gt; xpath: //p//word], [[FirefoxDriver: firefox on LINUX (358f877c-4143-452f-ab4d-589327eb2715)] -&gt; xpath: //p//word], [[FirefoxDriver: firefox on LINUX (358f877c-4143-452f-ab4d-589327eb2715)] -&gt; xpath: //p//word], [[FirefoxDriver: firefox on LINUX (358f877c-4143-452f-ab4d-589327eb2715)] -&gt; xpath: //p//word], [[FirefoxDriver: firefox on LINUX (358f877c-4143-452f-ab4d-589327eb2715)] -&gt; xpath: //p//word], [[FirefoxDriver: firefox on LINUX (358f877c-4143-452f-ab4d-589327eb2715)] -&gt; xpath: //p//word], [[FirefoxDriver: firefox on LINUX (358f877c-4143-452f-ab4d-589327eb2715)] -&gt; xpath: //p//word], [[FirefoxDriver: firefox on LINUX (358f877c-4143-452f-ab4d-589327eb2715)] -&gt; xpath: //p//word], [[FirefoxDriver: firefox on LINUX (358f877c-4143-452f-ab4d-589327eb2715)] -&gt; xpath: //p//word], [[FirefoxDriver: firefox on LINUX (358f877c-4143-452f-ab4d-589327eb2715)] -&gt; xpath: //p//word], [[FirefoxDriver: firefox on LINUX (358f877c-4143-452f-ab4d-589327eb2715)] -&gt; xpath: //p//word], [[FirefoxDriver: firefox on LINUX (358f877c-4143-452f-ab4d-589327eb2715)] -&gt; xpath: //p//word], [[FirefoxDriver: firefox on LINUX (358f877c-4143-452f-ab4d-589327eb2715)] -&gt; xpath: //p//word], [[FirefoxDriver: firefox on LINUX (358f877c-4143-452f-ab4d-589327eb2715)] -&gt; xpath: //p//word], [[FirefoxDriver: firefox on LINUX (358f877c-4143-452f-ab4d-589327eb2715)] -&gt; xpath: //p//word], [[FirefoxDriver: firefox on LINUX (358f877c-4143-452f-ab4d-589327eb2715)] -&gt; xpath: //p//word], [[FirefoxDriver: firefox on LINUX (358f877c-4143-452f-ab4d-589327eb2715)] -&gt; xpath: //p//word], [[FirefoxDriver: firefox on LINUX (358f877c-4143-452f-ab4d-589327eb2715)] -&gt; xpath: //p//word], [[FirefoxDriver: firefox on LINUX (358f877c-4143-452f-ab4d-589327eb2715)] -&gt; xpath: //p//word], [[FirefoxDriver: firefox on LINUX (358f877c-4143-452f-ab4d-589327eb2715)] -&gt; xpath: //p//word], [[FirefoxDriver: firefox on LINUX (358f877c-4143-452f-ab4d-589327eb2715)] -&gt; xpath: //p//word], [[FirefoxDriver: firefox on LINUX (358f877c-4143-452f-ab4d-589327eb2715)] -&gt; xpath: //p//word], [[FirefoxDriver: firefox on LINUX (358f877c-4143-452f-ab4d-589327eb2715)] -&gt; xpath: //p//word], [[FirefoxDriver: firefox on LINUX (358f877c-4143-452f-ab4d-589327eb2715)] -&gt; xpath: //p//word], [[FirefoxDriver: firefox on LINUX (358f877c-4143-452f-ab4d-589327eb2715)] -&gt; xpath: //p//word], [[FirefoxDriver: firefox on LINUX (358f877c-4143-452f-ab4d-589327eb2715)] -&gt; xpath: //p//word], [[FirefoxDriver: firefox on LINUX (358f877c-4143-452f-ab4d-589327eb2715)] -&gt; xpath: //p//word], [[FirefoxDriver: firefox on LINUX (358f877c-4143-452f-ab4d-589327eb2715)] -&gt; xpath: //p//word], [[FirefoxDriver: firefox on LINUX (358f877c-4143-452f-ab4d-589327eb2715)] -&gt; xpath: //p//word], [[FirefoxDriver: firefox on LINUX (358f877c-4143-452f-ab4d-589327eb2715)] -&gt; xpath: //p//word], [[FirefoxDriver: firefox on LINUX (358f877c-4143-452f-ab4d-589327eb2715)] -&gt; xpath: //p//word], [[FirefoxDriver: firefox on LINUX (358f877c-4143-452f-ab4d-589327eb2715)] -&gt; xpath: //p//word], [[FirefoxDriver: firefox on LINUX (358f877c-4143-452f-ab4d-589327eb2715)] -&gt; xpath: //p//word], [[FirefoxDriver: firefox on LINUX (358f877c-4143-452f-ab4d-589327eb2715)] -&gt; xpath: //p//word], [[FirefoxDriver: firefox on LINUX (358f877c-4143-452f-ab4d-589327eb2715)] -&gt; xpath: //p//word], [[FirefoxDriver: firefox on LINUX (358f877c-4143-452f-ab4d-589327eb2715)] -&gt; xpath: //p//word], [[FirefoxDriver: firefox on LINUX (358f877c-4143-452f-ab4d-589327eb2715)] -&gt; xpath: //p//word], [[FirefoxDriver: firefox on LINUX (358f877c-4143-452f-ab4d-589327eb2715)] -&gt; xpath: //p//word], [[FirefoxDriver: firefox on LINUX (358f877c-4143-452f-ab4d-589327eb2715)] -&gt; xpath: //p//word], [[FirefoxDriver: firefox on LINUX (358f877c-4143-452f-ab4d-589327eb2715)] -&gt; xpath: //p//word], [[FirefoxDriver: firefox on LINUX (358f877c-4143-452f-ab4d-589327eb2715)] -&gt; xpath: //p//word], [[FirefoxDriver: firefox on LINUX (358f877c-4143-452f-ab4d-589327eb2715)] -&gt; xpath: //p//word], [[FirefoxDriver: firefox on LINUX (358f877c-4143-452f-ab4d-589327eb2715)] -&gt; xpath: //p//word], [[FirefoxDriver: firefox on LINUX (358f877c-4143-452f-ab4d-589327eb2715)] -&gt; xpath: //p//word], [[FirefoxDriver: firefox on LINUX (358f877c-4143-452f-ab4d-589327eb2715)] -&gt; xpath: //p//word], [[FirefoxDriver: firefox on LINUX (358f877c-4143-452f-ab4d-589327eb2715)] -&gt; xpath: //p//word], [[FirefoxDriver: firefox on LINUX (358f877c-4143-452f-ab4d-589327eb2715)] -&gt; xpath: //p//word], [[FirefoxDriver: firefox on LINUX (358f877c-4143-452f-ab4d-589327eb2715)] -&gt; xpath: //p//word], [[FirefoxDriver: firefox on LINUX (358f877c-4143-452f-ab4d-589327eb2715)] -&gt; xpath: //p//word], [[FirefoxDriver: firefox on LINUX (358f877c-4143-452f-ab4d-589327eb2715)] -&gt; xpath: //p//word], [[FirefoxDriver: firefox on LINUX (358f877c-4143-452f-ab4d-589327eb2715)] -&gt; xpath: //p//word], [[FirefoxDriver: firefox on LINUX (358f877c-4143-452f-ab4d-589327eb2715)] -&gt; xpath: //p//word], [[FirefoxDriver: firefox on LINUX (358f877c-4143-452f-ab4d-589327eb2715)] -&gt; xpath: //p//word], [[FirefoxDriver: firefox on LINUX (358f877c-4143-452f-ab4d-589327eb2715)] -&gt; xpath: //p//word], [[FirefoxDriver: firefox on LINUX (358f877c-4143-452f-ab4d-589327eb2715)] -&gt; xpath: //p//word], [[FirefoxDriver: firefox on LINUX (358f877c-4143-452f-ab4d-589327eb2715)] -&gt; xpath: //p//word], [[FirefoxDriver: firefox on LINUX (358f877c-4143-452f-ab4d-589327eb2715)] -&gt; xpath: //p//word], [[FirefoxDriver: firefox on LINUX (358f877c-4143-452f-ab4d-589327eb2715)] -&gt; xpath: //p//word], [[FirefoxDriver: firefox on LINUX (358f877c-4143-452f-ab4d-589327eb2715)] -&gt; xpath: //p//word], [[FirefoxDriver: firefox on LINUX (358f877c-4143-452f-ab4d-589327eb2715)] -&gt; xpath: //p//word], [[FirefoxDriver: firefox on LINUX (358f877c-4143-452f-ab4d-589327eb2715)] -&gt; xpath: //p//word], [[FirefoxDriver: firefox on LINUX (358f877c-4143-452f-ab4d-589327eb2715)] -&gt; xpath: //p//word], [[FirefoxDriver: firefox on LINUX (358f877c-4143-452f-ab4d-589327eb2715)] -&gt; xpath: //p//word], [[FirefoxDriver: firefox on LINUX (358f877c-4143-452f-ab4d-589327eb2715)] -&gt; xpath: //p//word], [[FirefoxDriver: firefox on LINUX (358f877c-4143-452f-ab4d-589327eb2715)] -&gt; xpath: //p//word], [[FirefoxDriver: firefox on LINUX (358f877c-4143-452f-ab4d-589327eb2715)] -&gt; xpath: //p//word], [[FirefoxDriver: firefox on LINUX (358f877c-4143-452f-ab4d-589327eb2715)] -&gt; xpath: //p//word], [[FirefoxDriver: firefox on LINUX (358f877c-4143-452f-ab4d-589327eb2715)] -&gt; xpath: //p//word], [[FirefoxDriver: firefox on LINUX (358f877c-4143-452f-ab4d-589327eb2715)] -&gt; xpath: //p//word], [[FirefoxDriver: firefox on LINUX (358f877c-4143-452f-ab4d-589327eb2715)] -&gt; xpath: //p//word], [[FirefoxDriver: firefox on LINUX (358f877c-4143-452f-ab4d-589327eb2715)] -&gt; xpath: //p//word], [[FirefoxDriver: firefox on LINUX (358f877c-4143-452f-ab4d-589327eb2715)] -&gt; xpath: //p//word], [[FirefoxDriver: firefox on LINUX (358f877c-4143-452f-ab4d-589327eb2715)] -&gt; xpath: //p//word], [[FirefoxDriver: firefox on LINUX (358f877c-4143-452f-ab4d-589327eb2715)] -&gt; xpath: //p//word], [[FirefoxDriver: firefox on LINUX (358f877c-4143-452f-ab4d-589327eb2715)] -&gt; xpath: //p//word], [[FirefoxDriver: firefox on LINUX (358f877c-4143-452f-ab4d-589327eb2715)] -&gt; xpath: //p//word], [[FirefoxDriver: firefox on LINUX (358f877c-4143-452f-ab4d-589327eb2715)] -&gt; xpath: //p//word], [[FirefoxDriver: firefox on LINUX (358f877c-4143-452f-ab4d-589327eb2715)] -&gt; xpath: //p//word], [[FirefoxDriver: firefox on LINUX (358f877c-4143-452f-ab4d-589327eb2715)] -&gt; xpath: //p//word], [[FirefoxDriver: firefox on LINUX (358f877c-4143-452f-ab4d-589327eb2715)] -&gt; xpath: //p//word], [[FirefoxDriver: firefox on LINUX (358f877c-4143-452f-ab4d-589327eb2715)] -&gt; xpath: //p//word], [[FirefoxDriver: firefox on LINUX (358f877c-4143-452f-ab4d-589327eb2715)] -&gt; xpath: //p//word], [[FirefoxDriver: firefox on LINUX (358f877c-4143-452f-ab4d-589327eb2715)] -&gt; xpath: //p//word], [[FirefoxDriver: firefox on LINUX (358f877c-4143-452f-ab4d-589327eb2715)] -&gt; xpath: //p//word], [[FirefoxDriver: firefox on LINUX (358f877c-4143-452f-ab4d-589327eb2715)] -&gt; xpath: //p//word], [[FirefoxDriver: firefox on LINUX (358f877c-4143-452f-ab4d-589327eb2715)] -&gt; xpath: //p//word], [[FirefoxDriver: firefox on LINUX (358f877c-4143-452f-ab4d-589327eb2715)] -&gt; xpath: //p//word], [[FirefoxDriver: firefox on LINUX (358f877c-4143-452f-ab4d-589327eb2715)] -&gt; xpath: //p//word], [[FirefoxDriver: firefox on LINUX (358f877c-4143-452f-ab4d-589327eb2715)] -&gt; xpath: //p//word], [[FirefoxDriver: firefox on LINUX (358f877c-4143-452f-ab4d-589327eb2715)] -&gt; xpath: //p//word], [[FirefoxDriver: firefox on LINUX (358f877c-4143-452f-ab4d-589327eb2715)] -&gt; xpath: //p//word], [[FirefoxDriver: firefox on LINUX (358f877c-4143-452f-ab4d-589327eb2715)] -&gt; xpath: //p//word], [[FirefoxDriver: firefox on LINUX (358f877c-4143-452f-ab4d-589327eb2715)] -&gt; xpath: //p//word], [[FirefoxDriver: firefox on LINUX (358f877c-4143-452f-ab4d-589327eb2715)] -&gt; xpath: //p//word], [[FirefoxDriver: firefox on LINUX (358f877c-4143-452f-ab4d-589327eb2715)] -&gt; xpath: //p//word], [[FirefoxDriver: firefox on LINUX (358f877c-4143-452f-ab4d-589327eb2715)] -&gt; xpath: //p//word], [[FirefoxDriver: firefox on LINUX (358f877c-4143-452f-ab4d-589327eb2715)] -&gt; xpath: //p//word], [[FirefoxDriver: firefox on LINUX (358f877c-4143-452f-ab4d-589327eb2715)] -&gt; xpath: //p//word], [[FirefoxDriver: firefox on LINUX (358f877c-4143-452f-ab4d-589327eb2715)] -&gt; xpath: //p//word], [[FirefoxDriver: firefox on LINUX (358f877c-4143-452f-ab4d-589327eb2715)] -&gt; xpath: //p//word], [[FirefoxDriver: firefox on LINUX (358f877c-4143-452f-ab4d-589327eb2715)] -&gt; xpath: //p//word], [[FirefoxDriver: firefox on LINUX (358f877c-4143-452f-ab4d-589327eb2715)] -&gt; xpath: //p//word], [[FirefoxDriver: firefox on LINUX (358f877c-4143-452f-ab4d-589327eb2715)] -&gt; xpath: //p//word], [[FirefoxDriver: firefox on LINUX (358f877c-4143-452f-ab4d-589327eb2715)] -&gt; xpath: //p//word], [[FirefoxDriver: firefox on LINUX (358f877c-4143-452f-ab4d-589327eb2715)] -&gt; xpath: //p//word], [[FirefoxDriver: firefox on LINUX (358f877c-4143-452f-ab4d-589327eb2715)] -&gt; xpath: //p//word], [[FirefoxDriver: firefox on LINUX (358f877c-4143-452f-ab4d-589327eb2715)] -&gt; xpath: //p//word], [[FirefoxDriver: firefox on LINUX (358f877c-4143-452f-ab4d-589327eb2715)] -&gt; xpath: //p//word], [[FirefoxDriver: firefox on LINUX (358f877c-4143-452f-ab4d-589327eb2715)] -&gt; xpath: //p//word], [[FirefoxDriver: firefox on LINUX (358f877c-4143-452f-ab4d-589327eb2715)] -&gt; xpath: //p//word], [[FirefoxDriver: firefox on LINUX (358f877c-4143-452f-ab4d-589327eb2715)] -&gt; xpath: //p//word], [[FirefoxDriver: firefox on LINUX (358f877c-4143-452f-ab4d-589327eb2715)] -&gt; xpath: //p//word], [[FirefoxDriver: firefox on LINUX (358f877c-4143-452f-ab4d-589327eb2715)] -&gt; xpath: //p//word], [[FirefoxDriver: firefox on LINUX (358f877c-4143-452f-ab4d-589327eb2715)] -&gt; xpath: //p//word], [[FirefoxDriver: firefox on LINUX (358f877c-4143-452f-ab4d-589327eb2715)] -&gt; xpath: //p//word], [[FirefoxDriver: firefox on LINUX (358f877c-4143-452f-ab4d-589327eb2715)] -&gt; xpath: //p//word], [[FirefoxDriver: firefox on LINUX (358f877c-4143-452f-ab4d-589327eb2715)] -&gt; xpath: //p//word], [[FirefoxDriver: firefox on LINUX (358f877c-4143-452f-ab4d-589327eb2715)] -&gt; xpath: //p//word], [[FirefoxDriver: firefox on LINUX (358f877c-4143-452f-ab4d-589327eb2715)] -&gt; xpath: //p//word], [[FirefoxDriver: firefox on LINUX (358f877c-4143-452f-ab4d-589327eb2715)] -&gt; xpath: //p//word], [[FirefoxDriver: firefox on LINUX (358f877c-4143-452f-ab4d-589327eb2715)] -&gt; xpath: //p//word], [[FirefoxDriver: firefox on LINUX (358f877c-4143-452f-ab4d-589327eb2715)] -&gt; xpath: //p//word], [[FirefoxDriver: firefox on LINUX (358f877c-4143-452f-ab4d-589327eb2715)] -&gt; xpath: //p//word], [[FirefoxDriver: firefox on LINUX (358f877c-4143-452f-ab4d-589327eb2715)] -&gt; xpath: //p//word], [[FirefoxDriver: firefox on LINUX (358f877c-4143-452f-ab4d-589327eb2715)] -&gt; xpath: //p//word], [[FirefoxDriver: firefox on LINUX (358f877c-4143-452f-ab4d-589327eb2715)] -&gt; xpath: //p//word], [[FirefoxDriver: firefox on LINUX (358f877c-4143-452f-ab4d-589327eb2715)] -&gt; xpath: //p//word], [[FirefoxDriver: firefox on LINUX (358f877c-4143-452f-ab4d-589327eb2715)] -&gt; xpath: //p//word], [[FirefoxDriver: firefox on LINUX (358f877c-4143-452f-ab4d-589327eb2715)] -&gt; xpath: //p//word], [[FirefoxDriver: firefox on LINUX (358f877c-4143-452f-ab4d-589327eb2715)] -&gt; xpath: //p//word], [[FirefoxDriver: firefox on LINUX (358f877c-4143-452f-ab4d-589327eb2715)] -&gt; xpath: //p//word], [[FirefoxDriver: firefox on LINUX (358f877c-4143-452f-ab4d-589327eb2715)] -&gt; xpath: //p//word], [[FirefoxDriver: firefox on LINUX (358f877c-4143-452f-ab4d-589327eb2715)] -&gt; xpath: //p//word], [[FirefoxDriver: firefox on LINUX (358f877c-4143-452f-ab4d-589327eb2715)] -&gt; xpath: //p//word], [[FirefoxDriver: firefox on LINUX (358f877c-4143-452f-ab4d-589327eb2715)] -&gt; xpath: //p//word], [[FirefoxDriver: firefox on LINUX (358f877c-4143-452f-ab4d-589327eb2715)] -&gt; xpath: //p//word], [[FirefoxDriver: firefox on LINUX (358f877c-4143-452f-ab4d-589327eb2715)] -&gt; xpath: //p//word], [[FirefoxDriver: firefox on LINUX (358f877c-4143-452f-ab4d-589327eb2715)] -&gt; xpath: //p//word], [[FirefoxDriver: firefox on LINUX (358f877c-4143-452f-ab4d-589327eb2715)] -&gt; xpath: //p//word], [[FirefoxDriver: firefox on LINUX (358f877c-4143-452f-ab4d-589327eb2715)] -&gt; xpath: //p//word], [[FirefoxDriver: firefox on LINUX (358f877c-4143-452f-ab4d-589327eb2715)] -&gt; xpath: //p//word], [[FirefoxDriver: firefox on LINUX (358f877c-4143-452f-ab4d-589327eb2715)] -&gt; xpath: //p//word], [[FirefoxDriver: firefox on LINUX (358f877c-4143-452f-ab4d-589327eb2715)] -&gt; xpath: //p//word], [[FirefoxDriver: firefox on LINUX (358f877c-4143-452f-ab4d-589327eb2715)] -&gt; xpath: //p//word], [[FirefoxDriver: firefox on LINUX (358f877c-4143-452f-ab4d-589327eb2715)] -&gt; xpath: //p//word], [[FirefoxDriver: firefox on LINUX (358f877c-4143-452f-ab4d-589327eb2715)] -&gt; xpath: //p//word], [[FirefoxDriver: firefox on LINUX (358f877c-4143-452f-ab4d-589327eb2715)] -&gt; xpath: //p//word], [[FirefoxDriver: firefox on LINUX (358f877c-4143-452f-ab4d-589327eb2715)] -&gt; xpath: //p//word], [[FirefoxDriver: firefox on LINUX (358f877c-4143-452f-ab4d-589327eb2715)] -&gt; xpath: //p//word], [[FirefoxDriver: firefox on LINUX (358f877c-4143-452f-ab4d-589327eb2715)] -&gt; xpath: //p//word], [[FirefoxDriver: firefox on LINUX (358f877c-4143-452f-ab4d-589327eb2715)] -&gt; xpath: //p//word], [[FirefoxDriver: firefox on LINUX (358f877c-4143-452f-ab4d-589327eb2715)] -&gt; xpath: //p//word], [[FirefoxDriver: firefox on LINUX (358f877c-4143-452f-ab4d-589327eb2715)] -&gt; xpath: //p//word], [[FirefoxDriver: firefox on LINUX (358f877c-4143-452f-ab4d-589327eb2715)] -&gt; xpath: //p//word], [[FirefoxDriver: firefox on LINUX (358f877c-4143-452f-ab4d-589327eb2715)] -&gt; xpath: //p//word], [[FirefoxDriver: firefox on LINUX (358f877c-4143-452f-ab4d-589327eb2715)] -&gt; xpath: //p//word], [[FirefoxDriver: firefox on LINUX (358f877c-4143-452f-ab4d-589327eb2715)] -&gt; xpath: //p//word], [[FirefoxDriver: firefox on LINUX (358f877c-4143-452f-ab4d-589327eb2715)] -&gt; xpath: //p//word], [[FirefoxDriver: firefox on LINUX (358f877c-4143-452f-ab4d-589327eb2715)] -&gt; xpath: //p//word], [[FirefoxDriver: firefox on LINUX (358f877c-4143-452f-ab4d-589327eb2715)] -&gt; xpath: //p//word], [[FirefoxDriver: firefox on LINUX (358f877c-4143-452f-ab4d-589327eb2715)] -&gt; xpath: //p//word], [[FirefoxDriver: firefox on LINUX (358f877c-4143-452f-ab4d-589327eb2715)] -&gt; xpath: //p//word], [[FirefoxDriver: firefox on LINUX (358f877c-4143-452f-ab4d-589327eb2715)] -&gt; xpath: //p//word], [[FirefoxDriver: firefox on LINUX (358f877c-4143-452f-ab4d-589327eb2715)] -&gt; xpath: //p//word], [[FirefoxDriver: firefox on LINUX (358f877c-4143-452f-ab4d-589327eb2715)] -&gt; xpath: //p//word], [[FirefoxDriver: firefox on LINUX (358f877c-4143-452f-ab4d-589327eb2715)] -&gt; xpath: //p//word], [[FirefoxDriver: firefox on LINUX (358f877c-4143-452f-ab4d-589327eb2715)] -&gt; xpath: //p//word], [[FirefoxDriver: firefox on LINUX (358f877c-4143-452f-ab4d-589327eb2715)] -&gt; xpath: //p//word], [[FirefoxDriver: firefox on LINUX (358f877c-4143-452f-ab4d-589327eb2715)] -&gt; xpath: //p//word], [[FirefoxDriver: firefox on LINUX (358f877c-4143-452f-ab4d-589327eb2715)] -&gt; xpath: //p//word], [[FirefoxDriver: firefox on LINUX (358f877c-4143-452f-ab4d-589327eb2715)] -&gt; xpath: //p//word], [[FirefoxDriver: firefox on LINUX (358f877c-4143-452f-ab4d-589327eb2715)] -&gt; xpath: //p//word], [[FirefoxDriver: firefox on LINUX (358f877c-4143-452f-ab4d-589327eb2715)] -&gt; xpath: //p//word], [[FirefoxDriver: firefox on LINUX (358f877c-4143-452f-ab4d-589327eb2715)] -&gt; xpath: //p//word], [[FirefoxDriver: firefox on LINUX (358f877c-4143-452f-ab4d-589327eb2715)] -&gt; xpath: //p//word], [[FirefoxDriver: firefox on LINUX (358f877c-4143-452f-ab4d-589327eb2715)] -&gt; xpath: //p//word], [[FirefoxDriver: firefox on LINUX (358f877c-4143-452f-ab4d-589327eb2715)] -&gt; xpath: //p//word], [[FirefoxDriver: firefox on LINUX (358f877c-4143-452f-ab4d-589327eb2715)] -&gt; xpath: //p//word], [[FirefoxDriver: firefox on LINUX (358f877c-4143-452f-ab4d-589327eb2715)] -&gt; xpath: //p//word], [[FirefoxDriver: firefox on LINUX (358f877c-4143-452f-ab4d-589327eb2715)] -&gt; xpath: //p//word], [[FirefoxDriver: firefox on LINUX (358f877c-4143-452f-ab4d-589327eb2715)] -&gt; xpath: //p//word], [[FirefoxDriver: firefox on LINUX (358f877c-4143-452f-ab4d-589327eb2715)] -&gt; xpath: //p//word], [[FirefoxDriver: firefox on LINUX (358f877c-4143-452f-ab4d-589327eb2715)] -&gt; xpath: //p//word], [[FirefoxDriver: firefox on LINUX (358f877c-4143-452f-ab4d-589327eb2715)] -&gt; xpath: //p//word], [[FirefoxDriver: firefox on LINUX (358f877c-4143-452f-ab4d-589327eb2715)] -&gt; xpath: //p//word], [[FirefoxDriver: firefox on LINUX (358f877c-4143-452f-ab4d-589327eb2715)] -&gt; xpath: //p//word], [[FirefoxDriver: firefox on LINUX (358f877c-4143-452f-ab4d-589327eb2715)] -&gt; xpath: //p//word], [[FirefoxDriver: firefox on LINUX (358f877c-4143-452f-ab4d-589327eb2715)] -&gt; xpath: //p//word], [[FirefoxDriver: firefox on LINUX (358f877c-4143-452f-ab4d-589327eb2715)] -&gt; xpath: //p//word], [[FirefoxDriver: firefox on LINUX (358f877c-4143-452f-ab4d-589327eb2715)] -&gt; xpath: //p//word], [[FirefoxDriver: firefox on LINUX (358f877c-4143-452f-ab4d-589327eb2715)] -&gt; xpath: //p//word], [[FirefoxDriver: firefox on LINUX (358f877c-4143-452f-ab4d-589327eb2715)] -&gt; xpath: //p//word], [[FirefoxDriver: firefox on LINUX (358f877c-4143-452f-ab4d-589327eb2715)] -&gt; xpath: //p//word], [[FirefoxDriver: firefox on LINUX (358f877c-4143-452f-ab4d-589327eb2715)] -&gt; xpath: //p//word], [[FirefoxDriver: firefox on LINUX (358f877c-4143-452f-ab4d-589327eb2715)] -&gt; xpath: //p//word], [[FirefoxDriver: firefox on LINUX (358f877c-4143-452f-ab4d-589327eb2715)] -&gt; xpath: //p//word], [[FirefoxDriver: firefox on LINUX (358f877c-4143-452f-ab4d-589327eb2715)] -&gt; xpath: //p//word], [[FirefoxDriver: firefox on LINUX (358f877c-4143-452f-ab4d-589327eb2715)] -&gt; xpath: //p//word], [[FirefoxDriver: firefox on LINUX (358f877c-4143-452f-ab4d-589327eb2715)] -&gt; xpath: //p//word], [[FirefoxDriver: firefox on LINUX (358f877c-4143-452f-ab4d-589327eb2715)] -&gt; xpath: //p//word], [[FirefoxDriver: firefox on LINUX (358f877c-4143-452f-ab4d-589327eb2715)] -&gt; xpath: //p//word], [[FirefoxDriver: firefox on LINUX (358f877c-4143-452f-ab4d-589327eb2715)] -&gt; xpath: //p//word], [[FirefoxDriver: firefox on LINUX (358f877c-4143-452f-ab4d-589327eb2715)] -&gt; xpath: //p//word], [[FirefoxDriver: firefox on LINUX (358f877c-4143-452f-ab4d-589327eb2715)] -&gt; xpath: //p//word], [[FirefoxDriver: firefox on LINUX (358f877c-4143-452f-ab4d-589327eb2715)] -&gt; xpath: //p//word], [[FirefoxDriver: firefox on LINUX (358f877c-4143-452f-ab4d-589327eb2715)] -&gt; xpath: //p//word], [[FirefoxDriver: firefox on LINUX (358f877c-4143-452f-ab4d-589327eb2715)] -&gt; xpath: //p//word], [[FirefoxDriver: firefox on LINUX (358f877c-4143-452f-ab4d-589327eb2715)] -&gt; xpath: //p//word], [[FirefoxDriver: firefox on LINUX (358f877c-4143-452f-ab4d-589327eb2715)] -&gt; xpath: //p//word], [[FirefoxDriver: firefox on LINUX (358f877c-4143-452f-ab4d-589327eb2715)] -&gt; xpath: //p//word], [[FirefoxDriver: firefox on LINUX (358f877c-4143-452f-ab4d-589327eb2715)] -&gt; xpath: //p//word], [[FirefoxDriver: firefox on LINUX (358f877c-4143-452f-ab4d-589327eb2715)] -&gt; xpath: //p//word], [[FirefoxDriver: firefox on LINUX (358f877c-4143-452f-ab4d-589327eb2715)] -&gt; xpath: //p//word], [[FirefoxDriver: firefox on LINUX (358f877c-4143-452f-ab4d-589327eb2715)] -&gt; xpath: //p//word], [[FirefoxDriver: firefox on LINUX (358f877c-4143-452f-ab4d-589327eb2715)] -&gt; xpath: //p//word], [[FirefoxDriver: firefox on LINUX (358f877c-4143-452f-ab4d-589327eb2715)] -&gt; xpath: //p//word], [[FirefoxDriver: firefox on LINUX (358f877c-4143-452f-ab4d-589327eb2715)] -&gt; xpath: //p//word], [[FirefoxDriver: firefox on LINUX (358f877c-4143-452f-ab4d-589327eb2715)] -&gt; xpath: //p//word], [[FirefoxDriver: firefox on LINUX (358f877c-4143-452f-ab4d-589327eb2715)] -&gt; xpath: //p//word], [[FirefoxDriver: firefox on LINUX (358f877c-4143-452f-ab4d-589327eb2715)] -&gt; xpath: //p//word], [[FirefoxDriver: firefox on LINUX (358f877c-4143-452f-ab4d-589327eb2715)] -&gt; xpath: //p//word], [[FirefoxDriver: firefox on LINUX (358f877c-4143-452f-ab4d-589327eb2715)] -&gt; xpath: //p//word], [[FirefoxDriver: firefox on LINUX (358f877c-4143-452f-ab4d-589327eb2715)] -&gt; xpath: //p//word], [[FirefoxDriver: firefox on LINUX (358f877c-4143-452f-ab4d-589327eb2715)] -&gt; xpath: //p//word], [[FirefoxDriver: firefox on LINUX (358f877c-4143-452f-ab4d-589327eb2715)] -&gt; xpath: //p//word], [[FirefoxDriver: firefox on LINUX (358f877c-4143-452f-ab4d-589327eb2715)] -&gt; xpath: //p//word], [[FirefoxDriver: firefox on LINUX (358f877c-4143-452f-ab4d-589327eb2715)] -&gt; xpath: //p//word], [[FirefoxDriver: firefox on LINUX (358f877c-4143-452f-ab4d-589327eb2715)] -&gt; xpath: //p//word], [[FirefoxDriver: firefox on LINUX (358f877c-4143-452f-ab4d-589327eb2715)] -&gt; xpath: //p//word], [[FirefoxDriver: firefox on LINUX (358f877c-4143-452f-ab4d-589327eb2715)] -&gt; xpath: //p//word], [[FirefoxDriver: firefox on LINUX (358f877c-4143-452f-ab4d-589327eb2715)] -&gt; xpath: //p//word], [[FirefoxDriver: firefox on LINUX (358f877c-4143-452f-ab4d-589327eb2715)] -&gt; xpath: //p//word], [[FirefoxDriver: firefox on LINUX (358f877c-4143-452f-ab4d-589327eb2715)] -&gt; xpath: //p//word], [[FirefoxDriver: firefox on LINUX (358f877c-4143-452f-ab4d-589327eb2715)] -&gt; xpath: //p//word], [[FirefoxDriver: firefox on LINUX (358f877c-4143-452f-ab4d-589327eb2715)] -&gt; xpath: //p//word], [[FirefoxDriver: firefox on LINUX (358f877c-4143-452f-ab4d-589327eb2715)] -&gt; xpath: //p//word], [[FirefoxDriver: firefox on LINUX (358f877c-4143-452f-ab4d-589327eb2715)] -&gt; xpath: //p//word], [[FirefoxDriver: firefox on LINUX (358f877c-4143-452f-ab4d-589327eb2715)] -&gt; xpath: //p//word], [[FirefoxDriver: firefox on LINUX (358f877c-4143-452f-ab4d-589327eb2715)] -&gt; xpath: //p//word], [[FirefoxDriver: firefox on LINUX (358f877c-4143-452f-ab4d-589327eb2715)] -&gt; xpath: //p//word], [[FirefoxDriver: firefox on LINUX (358f877c-4143-452f-ab4d-589327eb2715)] -&gt; xpath: //p//word], [[FirefoxDriver: firefox on LINUX (358f877c-4143-452f-ab4d-589327eb2715)] -&gt; xpath: //p//word], [[FirefoxDriver: firefox on LINUX (358f877c-4143-452f-ab4d-589327eb2715)] -&gt; xpath: //p//word], [[FirefoxDriver: firefox on LINUX (358f877c-4143-452f-ab4d-589327eb2715)] -&gt; xpath: //p//word], [[FirefoxDriver: firefox on LINUX (358f877c-4143-452f-ab4d-589327eb2715)] -&gt; xpath: //p//word], [[FirefoxDriver: firefox on LINUX (358f877c-4143-452f-ab4d-589327eb2715)] -&gt; xpath: //p//word], [[FirefoxDriver: firefox on LINUX (358f877c-4143-452f-ab4d-589327eb2715)] -&gt; xpath: //p//word], [[FirefoxDriver: firefox on LINUX (358f877c-4143-452f-ab4d-589327eb2715)] -&gt; xpath: //p//word], [[FirefoxDriver: firefox on LINUX (358f877c-4143-452f-ab4d-589327eb2715)] -&gt; xpath: //p//word], [[FirefoxDriver: firefox on LINUX (358f877c-4143-452f-ab4d-589327eb2715)] -&gt; xpath: //p//word], [[FirefoxDriver: firefox on LINUX (358f877c-4143-452f-ab4d-589327eb2715)] -&gt; xpath: //p//word], [[FirefoxDriver: firefox on LINUX (358f877c-4143-452f-ab4d-589327eb2715)] -&gt; xpath: //p//word], [[FirefoxDriver: firefox on LINUX (358f877c-4143-452f-ab4d-589327eb2715)] -&gt; xpath: //p//word], [[FirefoxDriver: firefox on LINUX (358f877c-4143-452f-ab4d-589327eb2715)] -&gt; xpath: //p//word], [[FirefoxDriver: firefox on LINUX (358f877c-4143-452f-ab4d-589327eb2715)] -&gt; xpath: //p//word], [[FirefoxDriver: firefox on LINUX (358f877c-4143-452f-ab4d-589327eb2715)] -&gt; xpath: //p//word], [[FirefoxDriver: firefox on LINUX (358f877c-4143-452f-ab4d-589327eb2715)] -&gt; xpath: //p//word], [[FirefoxDriver: firefox on LINUX (358f877c-4143-452f-ab4d-589327eb2715)] -&gt; xpath: //p//word], [[FirefoxDriver: firefox on LINUX (358f877c-4143-452f-ab4d-589327eb2715)] -&gt; xpath: //p//word], [[FirefoxDriver: firefox on LINUX (358f877c-4143-452f-ab4d-589327eb2715)] -&gt; xpath: //p//word], [[FirefoxDriver: firefox on LINUX (358f877c-4143-452f-ab4d-589327eb2715)] -&gt; xpath: //p//word], [[FirefoxDriver: firefox on LINUX (358f877c-4143-452f-ab4d-589327eb2715)] -&gt; xpath: //p//word], [[FirefoxDriver: firefox on LINUX (358f877c-4143-452f-ab4d-589327eb2715)] -&gt; xpath: //p//word], [[FirefoxDriver: firefox on LINUX (358f877c-4143-452f-ab4d-589327eb2715)] -&gt; xpath: //p//word], [[FirefoxDriver: firefox on LINUX (358f877c-4143-452f-ab4d-589327eb2715)] -&gt; xpath: //p//word], [[FirefoxDriver: firefox on LINUX (358f877c-4143-452f-ab4d-589327eb2715)] -&gt; xpath: //p//word], [[FirefoxDriver: firefox on LINUX (358f877c-4143-452f-ab4d-589327eb2715)] -&gt; xpath: //p//word], [[FirefoxDriver: firefox on LINUX (358f877c-4143-452f-ab4d-589327eb2715)] -&gt; xpath: //p//word], [[FirefoxDriver: firefox on LINUX (358f877c-4143-452f-ab4d-589327eb2715)] -&gt; xpath: //p//word], [[FirefoxDriver: firefox on LINUX (358f877c-4143-452f-ab4d-589327eb2715)] -&gt; xpath: //p//word], [[FirefoxDriver: firefox on LINUX (358f877c-4143-452f-ab4d-589327eb2715)] -&gt; xpath: //p//word], [[FirefoxDriver: firefox on LINUX (358f877c-4143-452f-ab4d-589327eb2715)] -&gt; xpath: //p//word], [[FirefoxDriver: firefox on LINUX (358f877c-4143-452f-ab4d-589327eb2715)] -&gt; xpath: //p//word], [[FirefoxDriver: firefox on LINUX (358f877c-4143-452f-ab4d-589327eb2715)] -&gt; xpath: //p//word], [[FirefoxDriver: firefox on LINUX (358f877c-4143-452f-ab4d-589327eb2715)] -&gt; xpath: //p//word], [[FirefoxDriver: firefox on LINUX (358f877c-4143-452f-ab4d-589327eb2715)] -&gt; xpath: //p//word], [[FirefoxDriver: firefox on LINUX (358f877c-4143-452f-ab4d-589327eb2715)] -&gt; xpath: //p//word], [[FirefoxDriver: firefox on LINUX (358f877c-4143-452f-ab4d-589327eb2715)] -&gt; xpath: //p//word], [[FirefoxDriver: firefox on LINUX (358f877c-4143-452f-ab4d-589327eb2715)] -&gt; xpath: //p//word], [[FirefoxDriver: firefox on LINUX (358f877c-4143-452f-ab4d-589327eb2715)] -&gt; xpath: //p//word], [[FirefoxDriver: firefox on LINUX (358f877c-4143-452f-ab4d-589327eb2715)] -&gt; xpath: //p//word], [[FirefoxDriver: firefox on LINUX (358f877c-4143-452f-ab4d-589327eb2715)] -&gt; xpath: //p//word], [[FirefoxDriver: firefox on LINUX (358f877c-4143-452f-ab4d-589327eb2715)] -&gt; xpath: //p//word], [[FirefoxDriver: firefox on LINUX (358f877c-4143-452f-ab4d-589327eb2715)] -&gt; xpath: //p//word], [[FirefoxDriver: firefox on LINUX (358f877c-4143-452f-ab4d-589327eb2715)] -&gt; xpath: //p//word], [[FirefoxDriver: firefox on LINUX (358f877c-4143-452f-ab4d-589327eb2715)] -&gt; xpath: //p//word], [[FirefoxDriver: firefox on LINUX (358f877c-4143-452f-ab4d-589327eb2715)] -&gt; xpath: //p//word], [[FirefoxDriver: firefox on LINUX (358f877c-4143-452f-ab4d-589327eb2715)] -&gt; xpath: //p//word], [[FirefoxDriver: firefox on LINUX (358f877c-4143-452f-ab4d-589327eb2715)] -&gt; xpath: //p//word], [[FirefoxDriver: firefox on LINUX (358f877c-4143-452f-ab4d-589327eb2715)] -&gt; xpath: //p//word], [[FirefoxDriver: firefox on LINUX (358f877c-4143-452f-ab4d-589327eb2715)] -&gt; xpath: //p//word], [[FirefoxDriver: firefox on LINUX (358f877c-4143-452f-ab4d-589327eb2715)] -&gt; xpath: //p//word], [[FirefoxDriver: firefox on LINUX (358f877c-4143-452f-ab4d-589327eb2715)] -&gt; xpath: //p//word], [[FirefoxDriver: firefox on LINUX (358f877c-4143-452f-ab4d-589327eb2715)] -&gt; xpath: //p//word], [[FirefoxDriver: firefox on LINUX (358f877c-4143-452f-ab4d-589327eb2715)] -&gt; xpath: //p//word], [[FirefoxDriver: firefox on LINUX (358f877c-4143-452f-ab4d-589327eb2715)] -&gt; xpath: //p//word], [[FirefoxDriver: firefox on LINUX (358f877c-4143-452f-ab4d-589327eb2715)] -&gt; xpath: //p//word], [[FirefoxDriver: firefox on LINUX (358f877c-4143-452f-ab4d-589327eb2715)] -&gt; xpath: //p//word], [[FirefoxDriver: firefox on LINUX (358f877c-4143-452f-ab4d-589327eb2715)] -&gt; xpath: //p//word], [[FirefoxDriver: firefox on LINUX (358f877c-4143-452f-ab4d-589327eb2715)] -&gt; xpath: //p//word], [[FirefoxDriver: firefox on LINUX (358f877c-4143-452f-ab4d-589327eb2715)] -&gt; xpath: //p//word], [[FirefoxDriver: firefox on LINUX (358f877c-4143-452f-ab4d-589327eb2715)] -&gt; xpath: //p//word], [[FirefoxDriver: firefox on LINUX (358f877c-4143-452f-ab4d-589327eb2715)] -&gt; xpath: //p//word], [[FirefoxDriver: firefox on LINUX (358f877c-4143-452f-ab4d-589327eb2715)] -&gt; xpath: //p//word], [[FirefoxDriver: firefox on LINUX (358f877c-4143-452f-ab4d-589327eb2715)] -&gt; xpath: //p//word], [[FirefoxDriver: firefox on LINUX (358f877c-4143-452f-ab4d-589327eb2715)] -&gt; xpath: //p//word], [[FirefoxDriver: firefox on LINUX (358f877c-4143-452f-ab4d-589327eb2715)] -&gt; xpath: //p//word], [[FirefoxDriver: firefox on LINUX (358f877c-4143-452f-ab4d-589327eb2715)] -&gt; xpath: //p//word], [[FirefoxDriver: firefox on LINUX (358f877c-4143-452f-ab4d-589327eb2715)] -&gt; xpath: //p//word], [[FirefoxDriver: firefox on LINUX (358f877c-4143-452f-ab4d-589327eb2715)] -&gt; xpath: //p//word], [[FirefoxDriver: firefox on LINUX (358f877c-4143-452f-ab4d-589327eb2715)] -&gt; xpath: //p//word], [[FirefoxDriver: firefox on LINUX (358f877c-4143-452f-ab4d-589327eb2715)] -&gt; xpath: //p//word], [[FirefoxDriver: firefox on LINUX (358f877c-4143-452f-ab4d-589327eb2715)] -&gt; xpath: //p//word], [[FirefoxDriver: firefox on LINUX (358f877c-4143-452f-ab4d-589327eb2715)] -&gt; xpath: //p//word], [[FirefoxDriver: firefox on LINUX (358f877c-4143-452f-ab4d-589327eb2715)] -&gt; xpath: //p//word], [[FirefoxDriver: firefox on LINUX (358f877c-4143-452f-ab4d-589327eb2715)] -&gt; xpath: //p//word], [[FirefoxDriver: firefox on LINUX (358f877c-4143-452f-ab4d-589327eb2715)] -&gt; xpath: //p//word], [[FirefoxDriver: firefox on LINUX (358f877c-4143-452f-ab4d-589327eb2715)] -&gt; xpath: //p//word], [[FirefoxDriver: firefox on LINUX (358f877c-4143-452f-ab4d-589327eb2715)] -&gt; xpath: //p//word], [[FirefoxDriver: firefox on LINUX (358f877c-4143-452f-ab4d-589327eb2715)] -&gt; xpath: //p//word], [[FirefoxDriver: firefox on LINUX (358f877c-4143-452f-ab4d-589327eb2715)] -&gt; xpath: //p//word], [[FirefoxDriver: firefox on LINUX (358f877c-4143-452f-ab4d-589327eb2715)] -&gt; xpath: //p//word], [[FirefoxDriver: firefox on LINUX (358f877c-4143-452f-ab4d-589327eb2715)] -&gt; xpath: //p//word], [[FirefoxDriver: firefox on LINUX (358f877c-4143-452f-ab4d-589327eb2715)] -&gt; xpath: //p//word], [[FirefoxDriver: firefox on LINUX (358f877c-4143-452f-ab4d-589327eb2715)] -&gt; xpath: //p//word], [[FirefoxDriver: firefox on LINUX (358f877c-4143-452f-ab4d-589327eb2715)] -&gt; xpath: //p//word], [[FirefoxDriver: firefox on LINUX (358f877c-4143-452f-ab4d-589327eb2715)] -&gt; xpath: //p//word], [[FirefoxDriver: firefox on LINUX (358f877c-4143-452f-ab4d-589327eb2715)] -&gt; xpath: //p//word], [[FirefoxDriver: firefox on LINUX (358f877c-4143-452f-ab4d-589327eb2715)] -&gt; xpath: //p//word], [[FirefoxDriver: firefox on LINUX (358f877c-4143-452f-ab4d-589327eb2715)] -&gt; xpath: //p//word], [[FirefoxDriver: firefox on LINUX (358f877c-4143-452f-ab4d-589327eb2715)] -&gt; xpath: //p//word], [[FirefoxDriver: firefox on LINUX (358f877c-4143-452f-ab4d-589327eb2715)] -&gt; xpath: //p//word], [[FirefoxDriver: firefox on LINUX (358f877c-4143-452f-ab4d-589327eb2715)] -&gt; xpath: //p//word], [[FirefoxDriver: firefox on LINUX (358f877c-4143-452f-ab4d-589327eb2715)] -&gt; xpath: //p//word], [[FirefoxDriver: firefox on LINUX (358f877c-4143-452f-ab4d-589327eb2715)] -&gt; xpath: //p//word], [[FirefoxDriver: firefox on LINUX (358f877c-4143-452f-ab4d-589327eb2715)] -&gt; xpath: //p//word], [[FirefoxDriver: firefox on LINUX (358f877c-4143-452f-ab4d-589327eb2715)] -&gt; xpath: //p//word], [[FirefoxDriver: firefox on LINUX (358f877c-4143-452f-ab4d-589327eb2715)] -&gt; xpath: //p//word], [[FirefoxDriver: firefox on LINUX (358f877c-4143-452f-ab4d-589327eb2715)] -&gt; xpath: //p//word], [[FirefoxDriver: firefox on LINUX (358f877c-4143-452f-ab4d-589327eb2715)] -&gt; xpath: //p//word], [[FirefoxDriver: firefox on LINUX (358f877c-4143-452f-ab4d-589327eb2715)] -&gt; xpath: //p//word], [[FirefoxDriver: firefox on LINUX (358f877c-4143-452f-ab4d-589327eb2715)] -&gt; xpath: //p//word], [[FirefoxDriver: firefox on LINUX (358f877c-4143-452f-ab4d-589327eb2715)] -&gt; xpath: //p//word], [[FirefoxDriver: firefox on LINUX (358f877c-4143-452f-ab4d-589327eb2715)] -&gt; xpath: //p//word], [[FirefoxDriver: firefox on LINUX (358f877c-4143-452f-ab4d-589327eb2715)] -&gt; xpath: //p//word], [[FirefoxDriver: firefox on LINUX (358f877c-4143-452f-ab4d-589327eb2715)] -&gt; xpath: //p//word], [[FirefoxDriver: firefox on LINUX (358f877c-4143-452f-ab4d-589327eb2715)] -&gt; xpath: //p//word], [[FirefoxDriver: firefox on LINUX (358f877c-4143-452f-ab4d-589327eb2715)] -&gt; xpath: //p//word], [[FirefoxDriver: firefox on LINUX (358f877c-4143-452f-ab4d-589327eb2715)] -&gt; xpath: //p//word], [[FirefoxDriver: firefox on LINUX (358f877c-4143-452f-ab4d-589327eb2715)] -&gt; xpath: //p//word], [[FirefoxDriver: firefox on LINUX (358f877c-4143-452f-ab4d-589327eb2715)] -&gt; xpath: //p//word], [[FirefoxDriver: firefox on LINUX (358f877c-4143-452f-ab4d-589327eb2715)] -&gt; xpath: //p//word], [[FirefoxDriver: firefox on LINUX (358f877c-4143-452f-ab4d-589327eb2715)] -&gt; xpath: //p//word], [[FirefoxDriver: firefox on LINUX (358f877c-4143-452f-ab4d-589327eb2715)] -&gt; xpath: //p//word], [[FirefoxDriver: firefox on LINUX (358f877c-4143-452f-ab4d-589327eb2715)] -&gt; xpath: //p//word], [[FirefoxDriver: firefox on LINUX (358f877c-4143-452f-ab4d-589327eb2715)] -&gt; xpath: //p//word], [[FirefoxDriver: firefox on LINUX (358f877c-4143-452f-ab4d-589327eb2715)] -&gt; xpath: //p//word], [[FirefoxDriver: firefox on LINUX (358f877c-4143-452f-ab4d-589327eb2715)] -&gt; xpath: //p//word], [[FirefoxDriver: firefox on LINUX (358f877c-4143-452f-ab4d-589327eb2715)] -&gt; xpath: //p//word], [[FirefoxDriver: firefox on LINUX (358f877c-4143-452f-ab4d-589327eb2715)] -&gt; xpath: //p//word], [[FirefoxDriver: firefox on LINUX (358f877c-4143-452f-ab4d-589327eb2715)] -&gt; xpath: //p//word], [[FirefoxDriver: firefox on LINUX (358f877c-4143-452f-ab4d-589327eb2715)] -&gt; xpath: //p//word], [[FirefoxDriver: firefox on LINUX (358f877c-4143-452f-ab4d-589327eb2715)] -&gt; xpath: //p//word], [[FirefoxDriver: firefox on LINUX (358f877c-4143-452f-ab4d-589327eb2715)] -&gt; xpath: //p//word], [[FirefoxDriver: firefox on LINUX (358f877c-4143-452f-ab4d-589327eb2715)] -&gt; xpath: //p//word], [[FirefoxDriver: firefox on LINUX (358f877c-4143-452f-ab4d-589327eb2715)] -&gt; xpath: //p//word], [[FirefoxDriver: firefox on LINUX (358f877c-4143-452f-ab4d-589327eb2715)] -&gt; xpath: //p//word], [[FirefoxDriver: firefox on LINUX (358f877c-4143-452f-ab4d-589327eb2715)] -&gt; xpath: //p//word], [[FirefoxDriver: firefox on LINUX (358f877c-4143-452f-ab4d-589327eb2715)] -&gt; xpath: //p//word], [[FirefoxDriver: firefox on LINUX (358f877c-4143-452f-ab4d-589327eb2715)] -&gt; xpath: //p//word], [[FirefoxDriver: firefox on LINUX (358f877c-4143-452f-ab4d-589327eb2715)] -&gt; xpath: //p//word], [[FirefoxDriver: firefox on LINUX (358f877c-4143-452f-ab4d-589327eb2715)] -&gt; xpath: //p//word], [[FirefoxDriver: firefox on LINUX (358f877c-4143-452f-ab4d-589327eb2715)] -&gt; xpath: //p//word], [[FirefoxDriver: firefox on LINUX (358f877c-4143-452f-ab4d-589327eb2715)] -&gt; xpath: //p//word], [[FirefoxDriver: firefox on LINUX (358f877c-4143-452f-ab4d-589327eb2715)] -&gt; xpath: //p//word], [[FirefoxDriver: firefox on LINUX (358f877c-4143-452f-ab4d-589327eb2715)] -&gt; xpath: //p//word], [[FirefoxDriver: firefox on LINUX (358f877c-4143-452f-ab4d-589327eb2715)] -&gt; xpath: //p//word], [[FirefoxDriver: firefox on LINUX (358f877c-4143-452f-ab4d-589327eb2715)] -&gt; xpath: //p//word], [[FirefoxDriver: firefox on LINUX (358f877c-4143-452f-ab4d-589327eb2715)] -&gt; xpath: //p//word], [[FirefoxDriver: firefox on LINUX (358f877c-4143-452f-ab4d-589327eb2715)] -&gt; xpath: //p//word], [[FirefoxDriver: firefox on LINUX (358f877c-4143-452f-ab4d-589327eb2715)] -&gt; xpath: //p//word], [[FirefoxDriver: firefox on LINUX (358f877c-4143-452f-ab4d-589327eb2715)] -&gt; xpath: //p//word], [[FirefoxDriver: firefox on LINUX (358f877c-4143-452f-ab4d-589327eb2715)] -&gt; xpath: //p//word], [[FirefoxDriver: firefox on LINUX (358f877c-4143-452f-ab4d-589327eb2715)] -&gt; xpath: //p//word], [[FirefoxDriver: firefox on LINUX (358f877c-4143-452f-ab4d-589327eb2715)] -&gt; xpath: //p//word], [[FirefoxDriver: firefox on LINUX (358f877c-4143-452f-ab4d-589327eb2715)] -&gt; xpath: //p//word], [[FirefoxDriver: firefox on LINUX (358f877c-4143-452f-ab4d-589327eb2715)] -&gt; xpath: //p//word], [[FirefoxDriver: firefox on LINUX (358f877c-4143-452f-ab4d-589327eb2715)] -&gt; xpath: //p//word], [[FirefoxDriver: firefox on LINUX (358f877c-4143-452f-ab4d-589327eb2715)] -&gt; xpath: //p//word], [[FirefoxDriver: firefox on LINUX (358f877c-4143-452f-ab4d-589327eb2715)] -&gt; xpath: //p//word], [[FirefoxDriver: firefox on LINUX (358f877c-4143-452f-ab4d-589327eb2715)] -&gt; xpath: //p//word], [[FirefoxDriver: firefox on LINUX (358f877c-4143-452f-ab4d-589327eb2715)] -&gt; xpath: //p//word], [[FirefoxDriver: firefox on LINUX (358f877c-4143-452f-ab4d-589327eb2715)] -&gt; xpath: //p//word], [[FirefoxDriver: firefox on LINUX (358f877c-4143-452f-ab4d-589327eb2715)] -&gt; xpath: //p//word], [[FirefoxDriver: firefox on LINUX (358f877c-4143-452f-ab4d-589327eb2715)] -&gt; xpath: //p//word], [[FirefoxDriver: firefox on LINUX (358f877c-4143-452f-ab4d-589327eb2715)] -&gt; xpath: //p//word], [[FirefoxDriver: firefox on LINUX (358f877c-4143-452f-ab4d-589327eb2715)] -&gt; xpath: //p//word], [[FirefoxDriver: firefox on LINUX (358f877c-4143-452f-ab4d-589327eb2715)] -&gt; xpath: //p//word], [[FirefoxDriver: firefox on LINUX (358f877c-4143-452f-ab4d-589327eb2715)] -&gt; xpath: //p//word], [[FirefoxDriver: firefox on LINUX (358f877c-4143-452f-ab4d-589327eb2715)] -&gt; xpath: //p//word], [[FirefoxDriver: firefox on LINUX (358f877c-4143-452f-ab4d-589327eb2715)] -&gt; xpath: //p//word], [[FirefoxDriver: firefox on LINUX (358f877c-4143-452f-ab4d-589327eb2715)] -&gt; xpath: //p//word], [[FirefoxDriver: firefox on LINUX (358f877c-4143-452f-ab4d-589327eb2715)] -&gt; xpath: //p//word], [[FirefoxDriver: firefox on LINUX (358f877c-4143-452f-ab4d-589327eb2715)] -&gt; xpath: //p//word], [[FirefoxDriver: firefox on LINUX (358f877c-4143-452f-ab4d-589327eb2715)] -&gt; xpath: //p//word], [[FirefoxDriver: firefox on LINUX (358f877c-4143-452f-ab4d-589327eb2715)] -&gt; xpath: //p//word], [[FirefoxDriver: firefox on LINUX (358f877c-4143-452f-ab4d-589327eb2715)] -&gt; xpath: //p//word], [[FirefoxDriver: firefox on LINUX (358f877c-4143-452f-ab4d-589327eb2715)] -&gt; xpath: //p//word], [[FirefoxDriver: firefox on LINUX (358f877c-4143-452f-ab4d-589327eb2715)] -&gt; xpath: //p//word], [[FirefoxDriver: firefox on LINUX (358f877c-4143-452f-ab4d-589327eb2715)] -&gt; xpath: //p//word], [[FirefoxDriver: firefox on LINUX (358f877c-4143-452f-ab4d-589327eb2715)] -&gt; xpath: //p//word], [[FirefoxDriver: firefox on LINUX (358f877c-4143-452f-ab4d-589327eb2715)] -&gt; xpath: //p//word], [[FirefoxDriver: firefox on LINUX (358f877c-4143-452f-ab4d-589327eb2715)] -&gt; xpath: //p//word], [[FirefoxDriver: firefox on LINUX (358f877c-4143-452f-ab4d-589327eb2715)] -&gt; xpath: //p//word], [[FirefoxDriver: firefox on LINUX (358f877c-4143-452f-ab4d-589327eb2715)] -&gt; xpath: //p//word], [[FirefoxDriver: firefox on LINUX (358f877c-4143-452f-ab4d-589327eb2715)] -&gt; xpath: //p//word], [[FirefoxDriver: firefox on LINUX (358f877c-4143-452f-ab4d-589327eb2715)] -&gt; xpath: //p//word], [[FirefoxDriver: firefox on LINUX (358f877c-4143-452f-ab4d-589327eb2715)] -&gt; xpath: //p//word], [[FirefoxDriver: firefox on LINUX (358f877c-4143-452f-ab4d-589327eb2715)] -&gt; xpath: //p//word], [[FirefoxDriver: firefox on LINUX (358f877c-4143-452f-ab4d-589327eb2715)] -&gt; xpath: //p//word], [[FirefoxDriver: firefox on LINUX (358f877c-4143-452f-ab4d-589327eb2715)] -&gt; xpath: //p//word], [[FirefoxDriver: firefox on LINUX (358f877c-4143-452f-ab4d-589327eb2715)] -&gt; xpath: //p//word], [[FirefoxDriver: firefox on LINUX (358f877c-4143-452f-ab4d-589327eb2715)] -&gt; xpath: //p//word], [[FirefoxDriver: firefox on LINUX (358f877c-4143-452f-ab4d-589327eb2715)] -&gt; xpath: //p//word], [[FirefoxDriver: firefox on LINUX (358f877c-4143-452f-ab4d-589327eb2715)] -&gt; xpath: //p//word], [[FirefoxDriver: firefox on LINUX (358f877c-4143-452f-ab4d-589327eb2715)] -&gt; xpath: //p//word], [[FirefoxDriver: firefox on LINUX (358f877c-4143-452f-ab4d-589327eb2715)] -&gt; xpath: //p//word], [[FirefoxDriver: firefox on LINUX (358f877c-4143-452f-ab4d-589327eb2715)] -&gt; xpath: //p//word], [[FirefoxDriver: firefox on LINUX (358f877c-4143-452f-ab4d-589327eb2715)] -&gt; xpath: //p//word], [[FirefoxDriver: firefox on LINUX (358f877c-4143-452f-ab4d-589327eb2715)] -&gt; xpath: //p//word], [[FirefoxDriver: firefox on LINUX (358f877c-4143-452f-ab4d-589327eb2715)] -&gt; xpath: //p//word], [[FirefoxDriver: firefox on LINUX (358f877c-4143-452f-ab4d-589327eb2715)] -&gt; xpath: //p//word], [[FirefoxDriver: firefox on LINUX (358f877c-4143-452f-ab4d-589327eb2715)] -&gt; xpath: //p//word], [[FirefoxDriver: firefox on LINUX (358f877c-4143-452f-ab4d-589327eb2715)] -&gt; xpath: //p//word], [[FirefoxDriver: firefox on LINUX (358f877c-4143-452f-ab4d-589327eb2715)] -&gt; xpath: //p//word], [[FirefoxDriver: firefox on LINUX (358f877c-4143-452f-ab4d-589327eb2715)] -&gt; xpath: //p//word], [[FirefoxDriver: firefox on LINUX (358f877c-4143-452f-ab4d-589327eb2715)] -&gt; xpath: //p//word], [[FirefoxDriver: firefox on LINUX (358f877c-4143-452f-ab4d-589327eb2715)] -&gt; xpath: //p//word], [[FirefoxDriver: firefox on LINUX (358f877c-4143-452f-ab4d-589327eb2715)] -&gt; xpath: //p//word], [[FirefoxDriver: firefox on LINUX (358f877c-4143-452f-ab4d-589327eb2715)] -&gt; xpath: //p//word], [[FirefoxDriver: firefox on LINUX (358f877c-4143-452f-ab4d-589327eb2715)] -&gt; xpath: //p//word], [[FirefoxDriver: firefox on LINUX (358f877c-4143-452f-ab4d-589327eb2715)] -&gt; xpath: //p//word], [[FirefoxDriver: firefox on LINUX (358f877c-4143-452f-ab4d-589327eb2715)] -&gt; xpath: //p//word], [[FirefoxDriver: firefox on LINUX (358f877c-4143-452f-ab4d-589327eb2715)] -&gt; xpath: //p//word], [[FirefoxDriver: firefox on LINUX (358f877c-4143-452f-ab4d-589327eb2715)] -&gt; xpath: //p//word], [[FirefoxDriver: firefox on LINUX (358f877c-4143-452f-ab4d-589327eb2715)] -&gt; xpath: //p//word], [[FirefoxDriver: firefox on LINUX (358f877c-4143-452f-ab4d-589327eb2715)] -&gt; xpath: //p//word], [[FirefoxDriver: firefox on LINUX (358f877c-4143-452f-ab4d-589327eb2715)] -&gt; xpath: //p//word], [[FirefoxDriver: firefox on LINUX (358f877c-4143-452f-ab4d-589327eb2715)] -&gt; xpath: //p//word], [[FirefoxDriver: firefox on LINUX (358f877c-4143-452f-ab4d-589327eb2715)] -&gt; xpath: //p//word], [[FirefoxDriver: firefox on LINUX (358f877c-4143-452f-ab4d-589327eb2715)] -&gt; xpath: //p//word], [[FirefoxDriver: firefox on LINUX (358f877c-4143-452f-ab4d-589327eb2715)] -&gt; xpath: //p//word], [[FirefoxDriver: firefox on LINUX (358f877c-4143-452f-ab4d-589327eb2715)] -&gt; xpath: //p//word], [[FirefoxDriver: firefox on LINUX (358f877c-4143-452f-ab4d-589327eb2715)] -&gt; xpath: //p//word], [[FirefoxDriver: firefox on LINUX (358f877c-4143-452f-ab4d-589327eb2715)] -&gt; xpath: //p//word], [[FirefoxDriver: firefox on LINUX (358f877c-4143-452f-ab4d-589327eb2715)] -&gt; xpath: //p//word], [[FirefoxDriver: firefox on LINUX (358f877c-4143-452f-ab4d-589327eb2715)] -&gt; xpath: //p//word], [[FirefoxDriver: firefox on LINUX (358f877c-4143-452f-ab4d-589327eb2715)] -&gt; xpath: //p//word], [[FirefoxDriver: firefox on LINUX (358f877c-4143-452f-ab4d-589327eb2715)] -&gt; xpath: //p//word], [[FirefoxDriver: firefox on LINUX (358f877c-4143-452f-ab4d-589327eb2715)] -&gt; xpath: //p//word], [[FirefoxDriver: firefox on LINUX (358f877c-4143-452f-ab4d-589327eb2715)] -&gt; xpath: //p//word], [[FirefoxDriver: firefox on LINUX (358f877c-4143-452f-ab4d-589327eb2715)] -&gt; xpath: //p//word], [[FirefoxDriver: firefox on LINUX (358f877c-4143-452f-ab4d-589327eb2715)] -&gt; xpath: //p//word], [[FirefoxDriver: firefox on LINUX (358f877c-4143-452f-ab4d-589327eb2715)] -&gt; xpath: //p//word], [[FirefoxDriver: firefox on LINUX (358f877c-4143-452f-ab4d-589327eb2715)] -&gt; xpath: //p//word], [[FirefoxDriver: firefox on LINUX (358f877c-4143-452f-ab4d-589327eb2715)] -&gt; xpath: //p//word], [[FirefoxDriver: firefox on LINUX (358f877c-4143-452f-ab4d-589327eb2715)] -&gt; xpath: //p//word], [[FirefoxDriver: firefox on LINUX (358f877c-4143-452f-ab4d-589327eb2715)] -&gt; xpath: //p//word], [[FirefoxDriver: firefox on LINUX (358f877c-4143-452f-ab4d-589327eb2715)] -&gt; xpath: //p//word], [[FirefoxDriver: firefox on LINUX (358f877c-4143-452f-ab4d-589327eb2715)] -&gt; xpath: //p//word], [[FirefoxDriver: firefox on LINUX (358f877c-4143-452f-ab4d-589327eb2715)] -&gt; xpath: //p//word], [[FirefoxDriver: firefox on LINUX (358f877c-4143-452f-ab4d-589327eb2715)] -&gt; xpath: //p//word], [[FirefoxDriver: firefox on LINUX (358f877c-4143-452f-ab4d-589327eb2715)] -&gt; xpath: //p//word], [[FirefoxDriver: firefox on LINUX (358f877c-4143-452f-ab4d-589327eb2715)] -&gt; xpath: //p//word], [[FirefoxDriver: firefox on LINUX (358f877c-4143-452f-ab4d-589327eb2715)] -&gt; xpath: //p//word], [[FirefoxDriver: firefox on LINUX (358f877c-4143-452f-ab4d-589327eb2715)] -&gt; xpath: //p//word], [[FirefoxDriver: firefox on LINUX (358f877c-4143-452f-ab4d-589327eb2715)] -&gt; xpath: //p//word], [[FirefoxDriver: firefox on LINUX (358f877c-4143-452f-ab4d-589327eb2715)] -&gt; xpath: //p//word], [[FirefoxDriver: firefox on LINUX (358f877c-4143-452f-ab4d-589327eb2715)] -&gt; xpath: //p//word], [[FirefoxDriver: firefox on LINUX (358f877c-4143-452f-ab4d-589327eb2715)] -&gt; xpath: //p//word], [[FirefoxDriver: firefox on LINUX (358f877c-4143-452f-ab4d-589327eb2715)] -&gt; xpath: //p//word], [[FirefoxDriver: firefox on LINUX (358f877c-4143-452f-ab4d-589327eb2715)] -&gt; xpath: //p//word], [[FirefoxDriver: firefox on LINUX (358f877c-4143-452f-ab4d-589327eb2715)] -&gt; xpath: //p//word], [[FirefoxDriver: firefox on LINUX (358f877c-4143-452f-ab4d-589327eb2715)] -&gt; xpath: //p//word], [[FirefoxDriver: firefox on LINUX (358f877c-4143-452f-ab4d-589327eb2715)] -&gt; xpath: //p//word], [[FirefoxDriver: firefox on LINUX (358f877c-4143-452f-ab4d-589327eb2715)] -&gt; xpath: //p//word], [[FirefoxDriver: firefox on LINUX (358f877c-4143-452f-ab4d-589327eb2715)] -&gt; xpath: //p//word], [[FirefoxDriver: firefox on LINUX (358f877c-4143-452f-ab4d-589327eb2715)] -&gt; xpath: //p//word], [[FirefoxDriver: firefox on LINUX (358f877c-4143-452f-ab4d-589327eb2715)] -&gt; xpath: //p//word], [[FirefoxDriver: firefox on LINUX (358f877c-4143-452f-ab4d-589327eb2715)] -&gt; xpath: //p//word], [[FirefoxDriver: firefox on LINUX (358f877c-4143-452f-ab4d-589327eb2715)] -&gt; xpath: //p//word], [[FirefoxDriver: firefox on LINUX (358f877c-4143-452f-ab4d-589327eb2715)] -&gt; xpath: //p//word], [[FirefoxDriver: firefox on LINUX (358f877c-4143-452f-ab4d-589327eb2715)] -&gt; xpath: //p//word], [[FirefoxDriver: firefox on LINUX (358f877c-4143-452f-ab4d-589327eb2715)] -&gt; xpath: //p//word], [[FirefoxDriver: firefox on LINUX (358f877c-4143-452f-ab4d-589327eb2715)] -&gt; xpath: //p//word], [[FirefoxDriver: firefox on LINUX (358f877c-4143-452f-ab4d-589327eb2715)] -&gt; xpath: //p//word], [[FirefoxDriver: firefox on LINUX (358f877c-4143-452f-ab4d-589327eb2715)] -&gt; xpath: //p//word], [[FirefoxDriver: firefox on LINUX (358f877c-4143-452f-ab4d-589327eb2715)] -&gt; xpath: //p//word], [[FirefoxDriver: firefox on LINUX (358f877c-4143-452f-ab4d-589327eb2715)] -&gt; xpath: //p//word], [[FirefoxDriver: firefox on LINUX (358f877c-4143-452f-ab4d-589327eb2715)] -&gt; xpath: //p//word], [[FirefoxDriver: firefox on LINUX (358f877c-4143-452f-ab4d-589327eb2715)] -&gt; xpath: //p//word], [[FirefoxDriver: firefox on LINUX (358f877c-4143-452f-ab4d-589327eb2715)] -&gt; xpath: //p//word], [[FirefoxDriver: firefox on LINUX (358f877c-4143-452f-ab4d-589327eb2715)] -&gt; xpath: //p//word], [[FirefoxDriver: firefox on LINUX (358f877c-4143-452f-ab4d-589327eb2715)] -&gt; xpath: //p//word], [[FirefoxDriver: firefox on LINUX (358f877c-4143-452f-ab4d-589327eb2715)] -&gt; xpath: //p//word], [[FirefoxDriver: firefox on LINUX (358f877c-4143-452f-ab4d-589327eb2715)] -&gt; xpath: //p//word], [[FirefoxDriver: firefox on LINUX (358f877c-4143-452f-ab4d-589327eb2715)] -&gt; xpath: //p//word], [[FirefoxDriver: firefox on LINUX (358f877c-4143-452f-ab4d-589327eb2715)] -&gt; xpath: //p//word], [[FirefoxDriver: firefox on LINUX (358f877c-4143-452f-ab4d-589327eb2715)] -&gt; xpath: //p//word], [[FirefoxDriver: firefox on LINUX (358f877c-4143-452f-ab4d-589327eb2715)] -&gt; xpath: //p//word], [[FirefoxDriver: firefox on LINUX (358f877c-4143-452f-ab4d-589327eb2715)] -&gt; xpath: //p//word], [[FirefoxDriver: firefox on LINUX (358f877c-4143-452f-ab4d-589327eb2715)] -&gt; xpath: //p//word], [[FirefoxDriver: firefox on LINUX (358f877c-4143-452f-ab4d-589327eb2715)] -&gt; xpath: //p//word], [[FirefoxDriver: firefox on LINUX (358f877c-4143-452f-ab4d-589327eb2715)] -&gt; xpath: //p//word], [[FirefoxDriver: firefox on LINUX (358f877c-4143-452f-ab4d-589327eb2715)] -&gt; xpath: //p//word], [[FirefoxDriver: firefox on LINUX (358f877c-4143-452f-ab4d-589327eb2715)] -&gt; xpath: //p//word], [[FirefoxDriver: firefox on LINUX (358f877c-4143-452f-ab4d-589327eb2715)] -&gt; xpath: //p//word], [[FirefoxDriver: firefox on LINUX (358f877c-4143-452f-ab4d-589327eb2715)] -&gt; xpath: //p//word], [[FirefoxDriver: firefox on LINUX (358f877c-4143-452f-ab4d-589327eb2715)] -&gt; xpath: //p//word], [[FirefoxDriver: firefox on LINUX (358f877c-4143-452f-ab4d-589327eb2715)] -&gt; xpath: //p//word], [[FirefoxDriver: firefox on LINUX (358f877c-4143-452f-ab4d-589327eb2715)] -&gt; xpath: //p//word], [[FirefoxDriver: firefox on LINUX (358f877c-4143-452f-ab4d-589327eb2715)] -&gt; xpath: //p//word], [[FirefoxDriver: firefox on LINUX (358f877c-4143-452f-ab4d-589327eb2715)] -&gt; xpath: //p//word], [[FirefoxDriver: firefox on LINUX (358f877c-4143-452f-ab4d-589327eb2715)] -&gt; xpath: //p//word], [[FirefoxDriver: firefox on LINUX (358f877c-4143-452f-ab4d-589327eb2715)] -&gt; xpath: //p//word], [[FirefoxDriver: firefox on LINUX (358f877c-4143-452f-ab4d-589327eb2715)] -&gt; xpath: //p//word], [[FirefoxDriver: firefox on LINUX (358f877c-4143-452f-ab4d-589327eb2715)] -&gt; xpath: //p//word], [[FirefoxDriver: firefox on LINUX (358f877c-4143-452f-ab4d-589327eb2715)] -&gt; xpath: //p//word], [[FirefoxDriver: firefox on LINUX (358f877c-4143-452f-ab4d-589327eb2715)] -&gt; xpath: //p//word], [[FirefoxDriver: firefox on LINUX (358f877c-4143-452f-ab4d-589327eb2715)] -&gt; xpath: //p//word], [[FirefoxDriver: firefox on LINUX (358f877c-4143-452f-ab4d-589327eb2715)] -&gt; xpath: //p//word], [[FirefoxDriver: firefox on LINUX (358f877c-4143-452f-ab4d-589327eb2715)] -&gt; xpath: //p//word], [[FirefoxDriver: firefox on LINUX (358f877c-4143-452f-ab4d-589327eb2715)] -&gt; xpath: //p//word], [[FirefoxDriver: firefox on LINUX (358f877c-4143-452f-ab4d-589327eb2715)] -&gt; xpath: //p//word], [[FirefoxDriver: firefox on LINUX (358f877c-4143-452f-ab4d-589327eb2715)] -&gt; xpath: //p//word], [[FirefoxDriver: firefox on LINUX (358f877c-4143-452f-ab4d-589327eb2715)] -&gt; xpath: //p//word], [[FirefoxDriver: firefox on LINUX (358f877c-4143-452f-ab4d-589327eb2715)] -&gt; xpath: //p//word], [[FirefoxDriver: firefox on LINUX (358f877c-4143-452f-ab4d-589327eb2715)] -&gt; xpath: //p//word], [[FirefoxDriver: firefox on LINUX (358f877c-4143-452f-ab4d-589327eb2715)] -&gt; xpath: //p//word], [[FirefoxDriver: firefox on LINUX (358f877c-4143-452f-ab4d-589327eb2715)] -&gt; xpath: //p//word], [[FirefoxDriver: firefox on LINUX (358f877c-4143-452f-ab4d-589327eb2715)] -&gt; xpath: //p//word], [[FirefoxDriver: firefox on LINUX (358f877c-4143-452f-ab4d-589327eb2715)] -&gt; xpath: //p//word], [[FirefoxDriver: firefox on LINUX (358f877c-4143-452f-ab4d-589327eb2715)] -&gt; xpath: //p//word], [[FirefoxDriver: firefox on LINUX (358f877c-4143-452f-ab4d-589327eb2715)] -&gt; xpath: //p//word], [[FirefoxDriver: firefox on LINUX (358f877c-4143-452f-ab4d-589327eb2715)] -&gt; xpath: //p//word], [[FirefoxDriver: firefox on LINUX (358f877c-4143-452f-ab4d-589327eb2715)] -&gt; xpath: //p//word], [[FirefoxDriver: firefox on LINUX (358f877c-4143-452f-ab4d-589327eb2715)] -&gt; xpath: //p//word], [[FirefoxDriver: firefox on LINUX (358f877c-4143-452f-ab4d-589327eb2715)] -&gt; xpath: //p//word], [[FirefoxDriver: firefox on LINUX (358f877c-4143-452f-ab4d-589327eb2715)] -&gt; xpath: //p//word], [[FirefoxDriver: firefox on LINUX (358f877c-4143-452f-ab4d-589327eb2715)] -&gt; xpath: //p//word], [[FirefoxDriver: firefox on LINUX (358f877c-4143-452f-ab4d-589327eb2715)] -&gt; xpath: //p//word], [[FirefoxDriver: firefox on LINUX (358f877c-4143-452f-ab4d-589327eb2715)] -&gt; xpath: //p//word], [[FirefoxDriver: firefox on LINUX (358f877c-4143-452f-ab4d-589327eb2715)] -&gt; xpath: //p//word], [[FirefoxDriver: firefox on LINUX (358f877c-4143-452f-ab4d-589327eb2715)] -&gt; xpath: //p//word], [[FirefoxDriver: firefox on LINUX (358f877c-4143-452f-ab4d-589327eb2715)] -&gt; xpath: //p//word], [[FirefoxDriver: firefox on LINUX (358f877c-4143-452f-ab4d-589327eb2715)] -&gt; xpath: //p//word], [[FirefoxDriver: firefox on LINUX (358f877c-4143-452f-ab4d-589327eb2715)] -&gt; xpath: //p//word], [[FirefoxDriver: firefox on LINUX (358f877c-4143-452f-ab4d-589327eb2715)] -&gt; xpath: //p//word], [[FirefoxDriver: firefox on LINUX (358f877c-4143-452f-ab4d-589327eb2715)] -&gt; xpath: //p//word], [[FirefoxDriver: firefox on LINUX (358f877c-4143-452f-ab4d-589327eb2715)] -&gt; xpath: //p//word], [[FirefoxDriver: firefox on LINUX (358f877c-4143-452f-ab4d-589327eb2715)] -&gt; xpath: //p//word], [[FirefoxDriver: firefox on LINUX (358f877c-4143-452f-ab4d-589327eb2715)] -&gt; xpath: //p//word], [[FirefoxDriver: firefox on LINUX (358f877c-4143-452f-ab4d-589327eb2715)] -&gt; xpath: //p//word], [[FirefoxDriver: firefox on LINUX (358f877c-4143-452f-ab4d-589327eb2715)] -&gt; xpath: //p//word], [[FirefoxDriver: firefox on LINUX (358f877c-4143-452f-ab4d-589327eb2715)] -&gt; xpath: //p//word], [[FirefoxDriver: firefox on LINUX (358f877c-4143-452f-ab4d-589327eb2715)] -&gt; xpath: //p//word], [[FirefoxDriver: firefox on LINUX (358f877c-4143-452f-ab4d-589327eb2715)] -&gt; xpath: //p//word], [[FirefoxDriver: firefox on LINUX (358f877c-4143-452f-ab4d-589327eb2715)] -&gt; xpath: //p//word], [[FirefoxDriver: firefox on LINUX (358f877c-4143-452f-ab4d-589327eb2715)] -&gt; xpath: //p//word], [[FirefoxDriver: firefox on LINUX (358f877c-4143-452f-ab4d-589327eb2715)] -&gt; xpath: //p//word], [[FirefoxDriver: firefox on LINUX (358f877c-4143-452f-ab4d-589327eb2715)] -&gt; xpath: //p//word], [[FirefoxDriver: firefox on LINUX (358f877c-4143-452f-ab4d-589327eb2715)] -&gt; xpath: //p//word], [[FirefoxDriver: firefox on LINUX (358f877c-4143-452f-ab4d-589327eb2715)] -&gt; xpath: //p//word], [[FirefoxDriver: firefox on LINUX (358f877c-4143-452f-ab4d-589327eb2715)] -&gt; xpath: //p//word], [[FirefoxDriver: firefox on LINUX (358f877c-4143-452f-ab4d-589327eb2715)] -&gt; xpath: //p//word], [[FirefoxDriver: firefox on LINUX (358f877c-4143-452f-ab4d-589327eb2715)] -&gt; xpath: //p//word], [[FirefoxDriver: firefox on LINUX (358f877c-4143-452f-ab4d-589327eb2715)] -&gt; xpath: //p//word], [[FirefoxDriver: firefox on LINUX (358f877c-4143-452f-ab4d-589327eb2715)] -&gt; xpath: //p//word], [[FirefoxDriver: firefox on LINUX (358f877c-4143-452f-ab4d-589327eb2715)] -&gt; xpath: //p//word], [[FirefoxDriver: firefox on LINUX (358f877c-4143-452f-ab4d-589327eb2715)] -&gt; xpath: //p//word], [[FirefoxDriver: firefox on LINUX (358f877c-4143-452f-ab4d-589327eb2715)] -&gt; xpath: //p//word], [[FirefoxDriver: firefox on LINUX (358f877c-4143-452f-ab4d-589327eb2715)] -&gt; xpath: //p//word], [[FirefoxDriver: firefox on LINUX (358f877c-4143-452f-ab4d-589327eb2715)] -&gt; xpath: //p//word], [[FirefoxDriver: firefox on LINUX (358f877c-4143-452f-ab4d-589327eb2715)] -&gt; xpath: //p//word], [[FirefoxDriver: firefox on LINUX (358f877c-4143-452f-ab4d-589327eb2715)] -&gt; xpath: //p//word], [[FirefoxDriver: firefox on LINUX (358f877c-4143-452f-ab4d-589327eb2715)] -&gt; xpath: //p//word], [[FirefoxDriver: firefox on LINUX (358f877c-4143-452f-ab4d-589327eb2715)] -&gt; xpath: //p//word], [[FirefoxDriver: firefox on LINUX (358f877c-4143-452f-ab4d-589327eb2715)] -&gt; xpath: //p//word], [[FirefoxDriver: firefox on LINUX (358f877c-4143-452f-ab4d-589327eb2715)] -&gt; xpath: //p//word], [[FirefoxDriver: firefox on LINUX (358f877c-4143-452f-ab4d-589327eb2715)] -&gt; xpath: //p//word], [[FirefoxDriver: firefox on LINUX (358f877c-4143-452f-ab4d-589327eb2715)] -&gt; xpath: //p//word], [[FirefoxDriver: firefox on LINUX (358f877c-4143-452f-ab4d-589327eb2715)] -&gt; xpath: //p//word], [[FirefoxDriver: firefox on LINUX (358f877c-4143-452f-ab4d-589327eb2715)] -&gt; xpath: //p//word], [[FirefoxDriver: firefox on LINUX (358f877c-4143-452f-ab4d-589327eb2715)] -&gt; xpath: //p//word], [[FirefoxDriver: firefox on LINUX (358f877c-4143-452f-ab4d-589327eb2715)] -&gt; xpath: //p//word], [[FirefoxDriver: firefox on LINUX (358f877c-4143-452f-ab4d-589327eb2715)] -&gt; xpath: //p//word], [[FirefoxDriver: firefox on LINUX (358f877c-4143-452f-ab4d-589327eb2715)] -&gt; xpath: //p//word], [[FirefoxDriver: firefox on LINUX (358f877c-4143-452f-ab4d-589327eb2715)] -&gt; xpath: //p//word], [[FirefoxDriver: firefox on LINUX (358f877c-4143-452f-ab4d-589327eb2715)] -&gt; xpath: //p//word], [[FirefoxDriver: firefox on LINUX (358f877c-4143-452f-ab4d-589327eb2715)] -&gt; xpath: //p//word], [[FirefoxDriver: firefox on LINUX (358f877c-4143-452f-ab4d-589327eb2715)] -&gt; xpath: //p//word], [[FirefoxDriver: firefox on LINUX (358f877c-4143-452f-ab4d-589327eb2715)] -&gt; xpath: //p//word], [[FirefoxDriver: firefox on LINUX (358f877c-4143-452f-ab4d-589327eb2715)] -&gt; xpath: //p//word], [[FirefoxDriver: firefox on LINUX (358f877c-4143-452f-ab4d-589327eb2715)] -&gt; xpath: //p//word], [[FirefoxDriver: firefox on LINUX (358f877c-4143-452f-ab4d-589327eb2715)] -&gt; xpath: //p//word], [[FirefoxDriver: firefox on LINUX (358f877c-4143-452f-ab4d-589327eb2715)] -&gt; xpath: //p//word], [[FirefoxDriver: firefox on LINUX (358f877c-4143-452f-ab4d-589327eb2715)] -&gt; xpath: //p//word], [[FirefoxDriver: firefox on LINUX (358f877c-4143-452f-ab4d-589327eb2715)] -&gt; xpath: //p//word], [[FirefoxDriver: firefox on LINUX (358f877c-4143-452f-ab4d-589327eb2715)] -&gt; xpath: //p//word], [[FirefoxDriver: firefox on LINUX (358f877c-4143-452f-ab4d-589327eb2715)] -&gt; xpath: //p//word], [[FirefoxDriver: firefox on LINUX (358f877c-4143-452f-ab4d-589327eb2715)] -&gt; xpath: //p//word], [[FirefoxDriver: firefox on LINUX (358f877c-4143-452f-ab4d-589327eb2715)] -&gt; xpath: //p//word], [[FirefoxDriver: firefox on LINUX (358f877c-4143-452f-ab4d-589327eb2715)] -&gt; xpath: //p//word], [[FirefoxDriver: firefox on LINUX (358f877c-4143-452f-ab4d-589327eb2715)] -&gt; xpath: //p//word], [[FirefoxDriver: firefox on LINUX (358f877c-4143-452f-ab4d-589327eb2715)] -&gt; xpath: //p//word], [[FirefoxDriver: firefox on LINUX (358f877c-4143-452f-ab4d-589327eb2715)] -&gt; xpath: //p//word], [[FirefoxDriver: firefox on LINUX (358f877c-4143-452f-ab4d-589327eb2715)] -&gt; xpath: //p//word], [[FirefoxDriver: firefox on LINUX (358f877c-4143-452f-ab4d-589327eb2715)] -&gt; xpath: //p//word], [[FirefoxDriver: firefox on LINUX (358f877c-4143-452f-ab4d-589327eb2715)] -&gt; xpath: //p//word], [[FirefoxDriver: firefox on LINUX (358f877c-4143-452f-ab4d-589327eb2715)] -&gt; xpath: //p//word], [[FirefoxDriver: firefox on LINUX (358f877c-4143-452f-ab4d-589327eb2715)] -&gt; xpath: //p//word], [[FirefoxDriver: firefox on LINUX (358f877c-4143-452f-ab4d-589327eb2715)] -&gt; xpath: //p//word], [[FirefoxDriver: firefox on LINUX (358f877c-4143-452f-ab4d-589327eb2715)] -&gt; xpath: //p//word], [[FirefoxDriver: firefox on LINUX (358f877c-4143-452f-ab4d-589327eb2715)] -&gt; xpath: //p//word], [[FirefoxDriver: firefox on LINUX (358f877c-4143-452f-ab4d-589327eb2715)] -&gt; xpath: //p//word], [[FirefoxDriver: firefox on LINUX (358f877c-4143-452f-ab4d-589327eb2715)] -&gt; xpath: //p//word], [[FirefoxDriver: firefox on LINUX (358f877c-4143-452f-ab4d-589327eb2715)] -&gt; xpath: //p//word], [[FirefoxDriver: firefox on LINUX (358f877c-4143-452f-ab4d-589327eb2715)] -&gt; xpath: //p//word], [[FirefoxDriver: firefox on LINUX (358f877c-4143-452f-ab4d-589327eb2715)] -&gt; xpath: //p//word], [[FirefoxDriver: firefox on LINUX (358f877c-4143-452f-ab4d-589327eb2715)] -&gt; xpath: //p//word], [[FirefoxDriver: firefox on LINUX (358f877c-4143-452f-ab4d-589327eb2715)] -&gt; xpath: //p//word], [[FirefoxDriver: firefox on LINUX (358f877c-4143-452f-ab4d-589327eb2715)] -&gt; xpath: //p//word], [[FirefoxDriver: firefox on LINUX (358f877c-4143-452f-ab4d-589327eb2715)] -&gt; xpath: //p//word], [[FirefoxDriver: firefox on LINUX (358f877c-4143-452f-ab4d-589327eb2715)] -&gt; xpath: //p//word], [[FirefoxDriver: firefox on LINUX (358f877c-4143-452f-ab4d-589327eb2715)] -&gt; xpath: //p//word], [[FirefoxDriver: firefox on LINUX (358f877c-4143-452f-ab4d-589327eb2715)] -&gt; xpath: //p//word], [[FirefoxDriver: firefox on LINUX (358f877c-4143-452f-ab4d-589327eb2715)] -&gt; xpath: //p//word], [[FirefoxDriver: firefox on LINUX (358f877c-4143-452f-ab4d-589327eb2715)] -&gt; xpath: //p//word], [[FirefoxDriver: firefox on LINUX (358f877c-4143-452f-ab4d-589327eb2715)] -&gt; xpath: //p//word], [[FirefoxDriver: firefox on LINUX (358f877c-4143-452f-ab4d-589327eb2715)] -&gt; xpath: //p//word], [[FirefoxDriver: firefox on LINUX (358f877c-4143-452f-ab4d-589327eb2715)] -&gt; xpath: //p//word], [[FirefoxDriver: firefox on LINUX (358f877c-4143-452f-ab4d-589327eb2715)] -&gt; xpath: //p//word], [[FirefoxDriver: firefox on LINUX (358f877c-4143-452f-ab4d-589327eb2715)] -&gt; xpath: //p//word], [[FirefoxDriver: firefox on LINUX (358f877c-4143-452f-ab4d-589327eb2715)] -&gt; xpath: //p//word], [[FirefoxDriver: firefox on LINUX (358f877c-4143-452f-ab4d-589327eb2715)] -&gt; xpath: //p//word], [[FirefoxDriver: firefox on LINUX (358f877c-4143-452f-ab4d-589327eb2715)] -&gt; xpath: //p//word], [[FirefoxDriver: firefox on LINUX (358f877c-4143-452f-ab4d-589327eb2715)] -&gt; xpath: //p//word], [[FirefoxDriver: firefox on LINUX (358f877c-4143-452f-ab4d-589327eb2715)] -&gt; xpath: //p//word], [[FirefoxDriver: firefox on LINUX (358f877c-4143-452f-ab4d-589327eb2715)] -&gt; xpath: //p//word], [[FirefoxDriver: firefox on LINUX (358f877c-4143-452f-ab4d-589327eb2715)] -&gt; xpath: //p//word], [[FirefoxDriver: firefox on LINUX (358f877c-4143-452f-ab4d-589327eb2715)] -&gt; xpath: //p//word], [[FirefoxDriver: firefox on LINUX (358f877c-4143-452f-ab4d-589327eb2715)] -&gt; xpath: //p//word], [[FirefoxDriver: firefox on LINUX (358f877c-4143-452f-ab4d-589327eb2715)] -&gt; xpath: //p//word], [[FirefoxDriver: firefox on LINUX (358f877c-4143-452f-ab4d-589327eb2715)] -&gt; xpath: //p//word], [[FirefoxDriver: firefox on LINUX (358f877c-4143-452f-ab4d-589327eb2715)] -&gt; xpath: //p//word], [[FirefoxDriver: firefox on LINUX (358f877c-4143-452f-ab4d-589327eb2715)] -&gt; xpath: //p//word], [[FirefoxDriver: firefox on LINUX (358f877c-4143-452f-ab4d-589327eb2715)] -&gt; xpath: //p//word], [[FirefoxDriver: firefox on LINUX (358f877c-4143-452f-ab4d-589327eb2715)] -&gt; xpath: //p//word], [[FirefoxDriver: firefox on LINUX (358f877c-4143-452f-ab4d-589327eb2715)] -&gt; xpath: //p//word], [[FirefoxDriver: firefox on LINUX (358f877c-4143-452f-ab4d-589327eb2715)] -&gt; xpath: //p//word], [[FirefoxDriver: firefox on LINUX (358f877c-4143-452f-ab4d-589327eb2715)] -&gt; xpath: //p//word], [[FirefoxDriver: firefox on LINUX (358f877c-4143-452f-ab4d-589327eb2715)] -&gt; xpath: //p//word], [[FirefoxDriver: firefox on LINUX (358f877c-4143-452f-ab4d-589327eb2715)] -&gt; xpath: //p//word], [[FirefoxDriver: firefox on LINUX (358f877c-4143-452f-ab4d-589327eb2715)] -&gt; xpath: //p//word], [[FirefoxDriver: firefox on LINUX (358f877c-4143-452f-ab4d-589327eb2715)] -&gt; xpath: //p//word], [[FirefoxDriver: firefox on LINUX (358f877c-4143-452f-ab4d-589327eb2715)] -&gt; xpath: //p//word], [[FirefoxDriver: firefox on LINUX (358f877c-4143-452f-ab4d-589327eb2715)] -&gt; xpath: //p//word], [[FirefoxDriver: firefox on LINUX (358f877c-4143-452f-ab4d-589327eb2715)] -&gt; xpath: //p//word], [[FirefoxDriver: firefox on LINUX (358f877c-4143-452f-ab4d-589327eb2715)] -&gt; xpath: //p//word], [[FirefoxDriver: firefox on LINUX (358f877c-4143-452f-ab4d-589327eb2715)] -&gt; xpath: //p//word], [[FirefoxDriver: firefox on LINUX (358f877c-4143-452f-ab4d-589327eb2715)] -&gt; xpath: //p//word], [[FirefoxDriver: firefox on LINUX (358f877c-4143-452f-ab4d-589327eb2715)] -&gt; xpath: //p//word], [[FirefoxDriver: firefox on LINUX (358f877c-4143-452f-ab4d-589327eb2715)] -&gt; xpath: //p//word], [[FirefoxDriver: firefox on LINUX (358f877c-4143-452f-ab4d-589327eb2715)] -&gt; xpath: //p//word], [[FirefoxDriver: firefox on LINUX (358f877c-4143-452f-ab4d-589327eb2715)] -&gt; xpath: //p//word], [[FirefoxDriver: firefox on LINUX (358f877c-4143-452f-ab4d-589327eb2715)] -&gt; xpath: //p//word], [[FirefoxDriver: firefox on LINUX (358f877c-4143-452f-ab4d-589327eb2715)] -&gt; xpath: //p//word], [[FirefoxDriver: firefox on LINUX (358f877c-4143-452f-ab4d-589327eb2715)] -&gt; xpath: //p//word], [[FirefoxDriver: firefox on LINUX (358f877c-4143-452f-ab4d-589327eb2715)] -&gt; xpath: //p//word], [[FirefoxDriver: firefox on LINUX (358f877c-4143-452f-ab4d-589327eb2715)] -&gt; xpath: //p//word], [[FirefoxDriver: firefox on LINUX (358f877c-4143-452f-ab4d-589327eb2715)] -&gt; xpath: //p//word], [[FirefoxDriver: firefox on LINUX (358f877c-4143-452f-ab4d-589327eb2715)] -&gt; xpath: //p//word], [[FirefoxDriver: firefox on LINUX (358f877c-4143-452f-ab4d-589327eb2715)] -&gt; xpath: //p//word], [[FirefoxDriver: firefox on LINUX (358f877c-4143-452f-ab4d-589327eb2715)] -&gt; xpath: //p//word], [[FirefoxDriver: firefox on LINUX (358f877c-4143-452f-ab4d-589327eb2715)] -&gt; xpath: //p//word], [[FirefoxDriver: firefox on LINUX (358f877c-4143-452f-ab4d-589327eb2715)] -&gt; xpath: //p//word], [[FirefoxDriver: firefox on LINUX (358f877c-4143-452f-ab4d-589327eb2715)] -&gt; xpath: //p//word], [[FirefoxDriver: firefox on LINUX (358f877c-4143-452f-ab4d-589327eb2715)] -&gt; xpath: //p//word], [[FirefoxDriver: firefox on LINUX (358f877c-4143-452f-ab4d-589327eb2715)] -&gt; xpath: //p//word], [[FirefoxDriver: firefox on LINUX (358f877c-4143-452f-ab4d-589327eb2715)] -&gt; xpath: //p//word], [[FirefoxDriver: firefox on LINUX (358f877c-4143-452f-ab4d-589327eb2715)] -&gt; xpath: //p//word], [[FirefoxDriver: firefox on LINUX (358f877c-4143-452f-ab4d-589327eb2715)] -&gt; xpath: //p//word], [[FirefoxDriver: firefox on LINUX (358f877c-4143-452f-ab4d-589327eb2715)] -&gt; xpath: //p//word], [[FirefoxDriver: firefox on LINUX (358f877c-4143-452f-ab4d-589327eb2715)] -&gt; xpath: //p//word], [[FirefoxDriver: firefox on LINUX (358f877c-4143-452f-ab4d-589327eb2715)] -&gt; xpath: //p//word], [[FirefoxDriver: firefox on LINUX (358f877c-4143-452f-ab4d-589327eb2715)] -&gt; xpath: //p//word], [[FirefoxDriver: firefox on LINUX (358f877c-4143-452f-ab4d-589327eb2715)] -&gt; xpath: //p//word], [[FirefoxDriver: firefox on LINUX (358f877c-4143-452f-ab4d-589327eb2715)] -&gt; xpath: //p//word], [[FirefoxDriver: firefox on LINUX (358f877c-4143-452f-ab4d-589327eb2715)] -&gt; xpath: //p//word], [[FirefoxDriver: firefox on LINUX (358f877c-4143-452f-ab4d-589327eb2715)] -&gt; xpath: //p//word], [[FirefoxDriver: firefox on LINUX (358f877c-4143-452f-ab4d-589327eb2715)] -&gt; xpath: //p//word], [[FirefoxDriver: firefox on LINUX (358f877c-4143-452f-ab4d-589327eb2715)] -&gt; xpath: //p//word], [[FirefoxDriver: firefox on LINUX (358f877c-4143-452f-ab4d-589327eb2715)] -&gt; xpath: //p//word], [[FirefoxDriver: firefox on LINUX (358f877c-4143-452f-ab4d-589327eb2715)] -&gt; xpath: //p//word], [[FirefoxDriver: firefox on LINUX (358f877c-4143-452f-ab4d-589327eb2715)] -&gt; xpath: //p//word], [[FirefoxDriver: firefox on LINUX (358f877c-4143-452f-ab4d-589327eb2715)] -&gt; xpath: //p//word], [[FirefoxDriver: firefox on LINUX (358f877c-4143-452f-ab4d-589327eb2715)] -&gt; xpath: //p//word], [[FirefoxDriver: firefox on LINUX (358f877c-4143-452f-ab4d-589327eb2715)] -&gt; xpath: //p//word], [[FirefoxDriver: firefox on LINUX (358f877c-4143-452f-ab4d-589327eb2715)] -&gt; xpath: //p//word], [[FirefoxDriver: firefox on LINUX (358f877c-4143-452f-ab4d-589327eb2715)] -&gt; xpath: //p//word], [[FirefoxDriver: firefox on LINUX (358f877c-4143-452f-ab4d-589327eb2715)] -&gt; xpath: //p//word], [[FirefoxDriver: firefox on LINUX (358f877c-4143-452f-ab4d-589327eb2715)] -&gt; xpath: //p//word], [[FirefoxDriver: firefox on LINUX (358f877c-4143-452f-ab4d-589327eb2715)] -&gt; xpath: //p//word], [[FirefoxDriver: firefox on LINUX (358f877c-4143-452f-ab4d-589327eb2715)] -&gt; xpath: //p//word], [[FirefoxDriver: firefox on LINUX (358f877c-4143-452f-ab4d-589327eb2715)] -&gt; xpath: //p//word], [[FirefoxDriver: firefox on LINUX (358f877c-4143-452f-ab4d-589327eb2715)] -&gt; xpath: //p//word], [[FirefoxDriver: firefox on LINUX (358f877c-4143-452f-ab4d-589327eb2715)] -&gt; xpath: //p//word], [[FirefoxDriver: firefox on LINUX (358f877c-4143-452f-ab4d-589327eb2715)] -&gt; xpath: //p//word], [[FirefoxDriver: firefox on LINUX (358f877c-4143-452f-ab4d-589327eb2715)] -&gt; xpath: //p//word], [[FirefoxDriver: firefox on LINUX (358f877c-4143-452f-ab4d-589327eb2715)] -&gt; xpath: //p//word], [[FirefoxDriver: firefox on LINUX (358f877c-4143-452f-ab4d-589327eb2715)] -&gt; xpath: //p//word], [[FirefoxDriver: firefox on LINUX (358f877c-4143-452f-ab4d-589327eb2715)] -&gt; xpath: //p//word], [[FirefoxDriver: firefox on LINUX (358f877c-4143-452f-ab4d-589327eb2715)] -&gt; xpath: //p//word], [[FirefoxDriver: firefox on LINUX (358f877c-4143-452f-ab4d-589327eb2715)] -&gt; xpath: //p//word], [[FirefoxDriver: firefox on LINUX (358f877c-4143-452f-ab4d-589327eb2715)] -&gt; xpath: //p//word], [[FirefoxDriver: firefox on LINUX (358f877c-4143-452f-ab4d-589327eb2715)] -&gt; xpath: //p//word], [[FirefoxDriver: firefox on LINUX (358f877c-4143-452f-ab4d-589327eb2715)] -&gt; xpath: //p//word], [[FirefoxDriver: firefox on LINUX (358f877c-4143-452f-ab4d-589327eb2715)] -&gt; xpath: //p//word], [[FirefoxDriver: firefox on LINUX (358f877c-4143-452f-ab4d-589327eb2715)] -&gt; xpath: //p//word], [[FirefoxDriver: firefox on LINUX (358f877c-4143-452f-ab4d-589327eb2715)] -&gt; xpath: //p//word], [[FirefoxDriver: firefox on LINUX (358f877c-4143-452f-ab4d-589327eb2715)] -&gt; xpath: //p//word], [[FirefoxDriver: firefox on LINUX (358f877c-4143-452f-ab4d-589327eb2715)] -&gt; xpath: //p//word], [[FirefoxDriver: firefox on LINUX (358f877c-4143-452f-ab4d-589327eb2715)] -&gt; xpath: //p//word], [[FirefoxDriver: firefox on LINUX (358f877c-4143-452f-ab4d-589327eb2715)] -&gt; xpath: //p//word], [[FirefoxDriver: firefox on LINUX (358f877c-4143-452f-ab4d-589327eb2715)] -&gt; xpath: //p//word], [[FirefoxDriver: firefox on LINUX (358f877c-4143-452f-ab4d-589327eb2715)] -&gt; xpath: //p//word], [[FirefoxDriver: firefox on LINUX (358f877c-4143-452f-ab4d-589327eb2715)] -&gt; xpath: //p//word], [[FirefoxDriver: firefox on LINUX (358f877c-4143-452f-ab4d-589327eb2715)] -&gt; xpath: //p//word], [[FirefoxDriver: firefox on LINUX (358f877c-4143-452f-ab4d-589327eb2715)] -&gt; xpath: //p//word], [[FirefoxDriver: firefox on LINUX (358f877c-4143-452f-ab4d-589327eb2715)] -&gt; xpath: //p//word], [[FirefoxDriver: firefox on LINUX (358f877c-4143-452f-ab4d-589327eb2715)] -&gt; xpath: //p//word], [[FirefoxDriver: firefox on LINUX (358f877c-4143-452f-ab4d-589327eb2715)] -&gt; xpath: //p//word], [[FirefoxDriver: firefox on LINUX (358f877c-4143-452f-ab4d-589327eb2715)] -&gt; xpath: //p//word], [[FirefoxDriver: firefox on LINUX (358f877c-4143-452f-ab4d-589327eb2715)] -&gt; xpath: //p//word], [[FirefoxDriver: firefox on LINUX (358f877c-4143-452f-ab4d-589327eb2715)] -&gt; xpath: //p//word], [[FirefoxDriver: firefox on LINUX (358f877c-4143-452f-ab4d-589327eb2715)] -&gt; xpath: //p//word], [[FirefoxDriver: firefox on LINUX (358f877c-4143-452f-ab4d-589327eb2715)] -&gt; xpath: //p//word], [[FirefoxDriver: firefox on LINUX (358f877c-4143-452f-ab4d-589327eb2715)] -&gt; xpath: //p//word], [[FirefoxDriver: firefox on LINUX (358f877c-4143-452f-ab4d-589327eb2715)] -&gt; xpath: //p//word], [[FirefoxDriver: firefox on LINUX (358f877c-4143-452f-ab4d-589327eb2715)] -&gt; xpath: //p//word], [[FirefoxDriver: firefox on LINUX (358f877c-4143-452f-ab4d-589327eb2715)] -&gt; xpath: //p//word], [[FirefoxDriver: firefox on LINUX (358f877c-4143-452f-ab4d-589327eb2715)] -&gt; xpath: //p//word], [[FirefoxDriver: firefox on LINUX (358f877c-4143-452f-ab4d-589327eb2715)] -&gt; xpath: //p//word], [[FirefoxDriver: firefox on LINUX (358f877c-4143-452f-ab4d-589327eb2715)] -&gt; xpath: //p//word], [[FirefoxDriver: firefox on LINUX (358f877c-4143-452f-ab4d-589327eb2715)] -&gt; xpath: //p//word], [[FirefoxDriver: firefox on LINUX (358f877c-4143-452f-ab4d-589327eb2715)] -&gt; xpath: //p//word], [[FirefoxDriver: firefox on LINUX (358f877c-4143-452f-ab4d-589327eb2715)] -&gt; xpath: //p//word], [[FirefoxDriver: firefox on LINUX (358f877c-4143-452f-ab4d-589327eb2715)] -&gt; xpath: //p//word], [[FirefoxDriver: firefox on LINUX (358f877c-4143-452f-ab4d-589327eb2715)] -&gt; xpath: //p//word], [[FirefoxDriver: firefox on LINUX (358f877c-4143-452f-ab4d-589327eb2715)] -&gt; xpath: //p//word], [[FirefoxDriver: firefox on LINUX (358f877c-4143-452f-ab4d-589327eb2715)] -&gt; xpath: //p//word], [[FirefoxDriver: firefox on LINUX (358f877c-4143-452f-ab4d-589327eb2715)] -&gt; xpath: //p//word], [[FirefoxDriver: firefox on LINUX (358f877c-4143-452f-ab4d-589327eb2715)] -&gt; xpath: //p//word], [[FirefoxDriver: firefox on LINUX (358f877c-4143-452f-ab4d-589327eb2715)] -&gt; xpath: //p//word], [[FirefoxDriver: firefox on LINUX (358f877c-4143-452f-ab4d-589327eb2715)] -&gt; xpath: //p//word], [[FirefoxDriver: firefox on LINUX (358f877c-4143-452f-ab4d-589327eb2715)] -&gt; xpath: //p//word], [[FirefoxDriver: firefox on LINUX (358f877c-4143-452f-ab4d-589327eb2715)] -&gt; xpath: //p//word], [[FirefoxDriver: firefox on LINUX (358f877c-4143-452f-ab4d-589327eb2715)] -&gt; xpath: //p//word], [[FirefoxDriver: firefox on LINUX (358f877c-4143-452f-ab4d-589327eb2715)] -&gt; xpath: //p//word], [[FirefoxDriver: firefox on LINUX (358f877c-4143-452f-ab4d-589327eb2715)] -&gt; xpath: //p//word], [[FirefoxDriver: firefox on LINUX (358f877c-4143-452f-ab4d-589327eb2715)] -&gt; xpath: //p//word], [[FirefoxDriver: firefox on LINUX (358f877c-4143-452f-ab4d-589327eb2715)] -&gt; xpath: //p//word], [[FirefoxDriver: firefox on LINUX (358f877c-4143-452f-ab4d-589327eb2715)] -&gt; xpath: //p//word], [[FirefoxDriver: firefox on LINUX (358f877c-4143-452f-ab4d-589327eb2715)] -&gt; xpath: //p//word], [[FirefoxDriver: firefox on LINUX (358f877c-4143-452f-ab4d-589327eb2715)] -&gt; xpath: //p//word], [[FirefoxDriver: firefox on LINUX (358f877c-4143-452f-ab4d-589327eb2715)] -&gt; xpath: //p//word], [[FirefoxDriver: firefox on LINUX (358f877c-4143-452f-ab4d-589327eb2715)] -&gt; xpath: //p//word], [[FirefoxDriver: firefox on LINUX (358f877c-4143-452f-ab4d-589327eb2715)] -&gt; xpath: //p//word], [[FirefoxDriver: firefox on LINUX (358f877c-4143-452f-ab4d-589327eb2715)] -&gt; xpath: //p//word], [[FirefoxDriver: firefox on LINUX (358f877c-4143-452f-ab4d-589327eb2715)] -&gt; xpath: //p//word], [[FirefoxDriver: firefox on LINUX (358f877c-4143-452f-ab4d-589327eb2715)] -&gt; xpath: //p//word], [[FirefoxDriver: firefox on LINUX (358f877c-4143-452f-ab4d-589327eb2715)] -&gt; xpath: //p//word], [[FirefoxDriver: firefox on LINUX (358f877c-4143-452f-ab4d-589327eb2715)] -&gt; xpath: //p//word], [[FirefoxDriver: firefox on LINUX (358f877c-4143-452f-ab4d-589327eb2715)] -&gt; xpath: //p//word], [[FirefoxDriver: firefox on LINUX (358f877c-4143-452f-ab4d-589327eb2715)] -&gt; xpath: //p//word], [[FirefoxDriver: firefox on LINUX (358f877c-4143-452f-ab4d-589327eb2715)] -&gt; xpath: //p//word], [[FirefoxDriver: firefox on LINUX (358f877c-4143-452f-ab4d-589327eb2715)] -&gt; xpath: //p//word], [[FirefoxDriver: firefox on LINUX (358f877c-4143-452f-ab4d-589327eb2715)] -&gt; xpath: //p//word], [[FirefoxDriver: firefox on LINUX (358f877c-4143-452f-ab4d-589327eb2715)] -&gt; xpath: //p//word], [[FirefoxDriver: firefox on LINUX (358f877c-4143-452f-ab4d-589327eb2715)] -&gt; xpath: //p//word], [[FirefoxDriver: firefox on LINUX (358f877c-4143-452f-ab4d-589327eb2715)] -&gt; xpath: //p//word], [[FirefoxDriver: firefox on LINUX (358f877c-4143-452f-ab4d-589327eb2715)] -&gt; xpath: //p//word], [[FirefoxDriver: firefox on LINUX (358f877c-4143-452f-ab4d-589327eb2715)] -&gt; xpath: //p//word], [[FirefoxDriver: firefox on LINUX (358f877c-4143-452f-ab4d-589327eb2715)] -&gt; xpath: //p//word], [[FirefoxDriver: firefox on LINUX (358f877c-4143-452f-ab4d-589327eb2715)] -&gt; xpath: //p//word], [[FirefoxDriver: firefox on LINUX (358f877c-4143-452f-ab4d-589327eb2715)] -&gt; xpath: //p//word], [[FirefoxDriver: firefox on LINUX (358f877c-4143-452f-ab4d-589327eb2715)] -&gt; xpath: //p//word], [[FirefoxDriver: firefox on LINUX (358f877c-4143-452f-ab4d-589327eb2715)] -&gt; xpath: //p//word], [[FirefoxDriver: firefox on LINUX (358f877c-4143-452f-ab4d-589327eb2715)] -&gt; xpath: //p//word], [[FirefoxDriver: firefox on LINUX (358f877c-4143-452f-ab4d-589327eb2715)] -&gt; xpath: //p//word], [[FirefoxDriver: firefox on LINUX (358f877c-4143-452f-ab4d-589327eb2715)] -&gt; xpath: //p//word], [[FirefoxDriver: firefox on LINUX (358f877c-4143-452f-ab4d-589327eb2715)] -&gt; xpath: //p//word], [[FirefoxDriver: firefox on LINUX (358f877c-4143-452f-ab4d-589327eb2715)] -&gt; xpath: //p//word], [[FirefoxDriver: firefox on LINUX (358f877c-4143-452f-ab4d-589327eb2715)] -&gt; xpath: //p//word], [[FirefoxDriver: firefox on LINUX (358f877c-4143-452f-ab4d-589327eb2715)] -&gt; xpath: //p//word], [[FirefoxDriver: firefox on LINUX (358f877c-4143-452f-ab4d-589327eb2715)] -&gt; xpath: //p//word], [[FirefoxDriver: firefox on LINUX (358f877c-4143-452f-ab4d-589327eb2715)] -&gt; xpath: //p//word], [[FirefoxDriver: firefox on LINUX (358f877c-4143-452f-ab4d-589327eb2715)] -&gt; xpath: //p//word], [[FirefoxDriver: firefox on LINUX (358f877c-4143-452f-ab4d-589327eb2715)] -&gt; xpath: //p//word], [[FirefoxDriver: firefox on LINUX (358f877c-4143-452f-ab4d-589327eb2715)] -&gt; xpath: //p//word], [[FirefoxDriver: firefox on LINUX (358f877c-4143-452f-ab4d-589327eb2715)] -&gt; xpath: //p//word], [[FirefoxDriver: firefox on LINUX (358f877c-4143-452f-ab4d-589327eb2715)] -&gt; xpath: //p//word], [[FirefoxDriver: firefox on LINUX (358f877c-4143-452f-ab4d-589327eb2715)] -&gt; xpath: //p//word], [[FirefoxDriver: firefox on LINUX (358f877c-4143-452f-ab4d-589327eb2715)] -&gt; xpath: //p//word], [[FirefoxDriver: firefox on LINUX (358f877c-4143-452f-ab4d-589327eb2715)] -&gt; xpath: //p//word], [[FirefoxDriver: firefox on LINUX (358f877c-4143-452f-ab4d-589327eb2715)] -&gt; xpath: //p//word], [[FirefoxDriver: firefox on LINUX (358f877c-4143-452f-ab4d-589327eb2715)] -&gt; xpath: //p//word], [[FirefoxDriver: firefox on LINUX (358f877c-4143-452f-ab4d-589327eb2715)] -&gt; xpath: //p//word], [[FirefoxDriver: firefox on LINUX (358f877c-4143-452f-ab4d-589327eb2715)] -&gt; xpath: //p//word], [[FirefoxDriver: firefox on LINUX (358f877c-4143-452f-ab4d-589327eb2715)] -&gt; xpath: //p//word], [[FirefoxDriver: firefox on LINUX (358f877c-4143-452f-ab4d-589327eb2715)] -&gt; xpath: //p//word], [[FirefoxDriver: firefox on LINUX (358f877c-4143-452f-ab4d-589327eb2715)] -&gt; xpath: //p//word], [[FirefoxDriver: firefox on LINUX (358f877c-4143-452f-ab4d-589327eb2715)] -&gt; xpath: //p//word], [[FirefoxDriver: firefox on LINUX (358f877c-4143-452f-ab4d-589327eb2715)] -&gt; xpath: //p//word], [[FirefoxDriver: firefox on LINUX (358f877c-4143-452f-ab4d-589327eb2715)] -&gt; xpath: //p//word], [[FirefoxDriver: firefox on LINUX (358f877c-4143-452f-ab4d-589327eb2715)] -&gt; xpath: //p//word], [[FirefoxDriver: firefox on LINUX (358f877c-4143-452f-ab4d-589327eb2715)] -&gt; xpath: //p//word], [[FirefoxDriver: firefox on LINUX (358f877c-4143-452f-ab4d-589327eb2715)] -&gt; xpath: //p//word], [[FirefoxDriver: firefox on LINUX (358f877c-4143-452f-ab4d-589327eb2715)] -&gt; xpath: //p//word], [[FirefoxDriver: firefox on LINUX (358f877c-4143-452f-ab4d-589327eb2715)] -&gt; xpath: //p//word], [[FirefoxDriver: firefox on LINUX (358f877c-4143-452f-ab4d-589327eb2715)] -&gt; xpath: //p//word], [[FirefoxDriver: firefox on LINUX (358f877c-4143-452f-ab4d-589327eb2715)] -&gt; xpath: //p//word], [[FirefoxDriver: firefox on LINUX (358f877c-4143-452f-ab4d-589327eb2715)] -&gt; xpath: //p//word], [[FirefoxDriver: firefox on LINUX (358f877c-4143-452f-ab4d-589327eb2715)] -&gt; xpath: //p//word], [[FirefoxDriver: firefox on LINUX (358f877c-4143-452f-ab4d-589327eb2715)] -&gt; xpath: //p//word], [[FirefoxDriver: firefox on LINUX (358f877c-4143-452f-ab4d-589327eb2715)] -&gt; xpath: //p//word], [[FirefoxDriver: firefox on LINUX (358f877c-4143-452f-ab4d-589327eb2715)] -&gt; xpath: //p//word], [[FirefoxDriver: firefox on LINUX (358f877c-4143-452f-ab4d-589327eb2715)] -&gt; xpath: //p//word], [[FirefoxDriver: firefox on LINUX (358f877c-4143-452f-ab4d-589327eb2715)] -&gt; xpath: //p//word], [[FirefoxDriver: firefox on LINUX (358f877c-4143-452f-ab4d-589327eb2715)] -&gt; xpath: //p//word], [[FirefoxDriver: firefox on LINUX (358f877c-4143-452f-ab4d-589327eb2715)] -&gt; xpath: //p//word], [[FirefoxDriver: firefox on LINUX (358f877c-4143-452f-ab4d-589327eb2715)] -&gt; xpath: //p//word], [[FirefoxDriver: firefox on LINUX (358f877c-4143-452f-ab4d-589327eb2715)] -&gt; xpath: //p//word], [[FirefoxDriver: firefox on LINUX (358f877c-4143-452f-ab4d-589327eb2715)] -&gt; xpath: //p//word], [[FirefoxDriver: firefox on LINUX (358f877c-4143-452f-ab4d-589327eb2715)] -&gt; xpath: //p//word], [[FirefoxDriver: firefox on LINUX (358f877c-4143-452f-ab4d-589327eb2715)] -&gt; xpath: //p//word], [[FirefoxDriver: firefox on LINUX (358f877c-4143-452f-ab4d-589327eb2715)] -&gt; xpath: //p//word], [[FirefoxDriver: firefox on LINUX (358f877c-4143-452f-ab4d-589327eb2715)] -&gt; xpath: //p//word], [[FirefoxDriver: firefox on LINUX (358f877c-4143-452f-ab4d-589327eb2715)] -&gt; xpath: //p//word], [[FirefoxDriver: firefox on LINUX (358f877c-4143-452f-ab4d-589327eb2715)] -&gt; xpath: //p//word], [[FirefoxDriver: firefox on LINUX (358f877c-4143-452f-ab4d-589327eb2715)] -&gt; xpath: //p//word], [[FirefoxDriver: firefox on LINUX (358f877c-4143-452f-ab4d-589327eb2715)] -&gt; xpath: //p//word], [[FirefoxDriver: firefox on LINUX (358f877c-4143-452f-ab4d-589327eb2715)] -&gt; xpath: //p//word], [[FirefoxDriver: firefox on LINUX (358f877c-4143-452f-ab4d-589327eb2715)] -&gt; xpath: //p//word], [[FirefoxDriver: firefox on LINUX (358f877c-4143-452f-ab4d-589327eb2715)] -&gt; xpath: //p//word], [[FirefoxDriver: firefox on LINUX (358f877c-4143-452f-ab4d-589327eb2715)] -&gt; xpath: //p//word], [[FirefoxDriver: firefox on LINUX (358f877c-4143-452f-ab4d-589327eb2715)] -&gt; xpath: //p//word], [[FirefoxDriver: firefox on LINUX (358f877c-4143-452f-ab4d-589327eb2715)] -&gt; xpath: //p//word], [[FirefoxDriver: firefox on LINUX (358f877c-4143-452f-ab4d-589327eb2715)] -&gt; xpath: //p//word], [[FirefoxDriver: firefox on LINUX (358f877c-4143-452f-ab4d-589327eb2715)] -&gt; xpath: //p//word], [[FirefoxDriver: firefox on LINUX (358f877c-4143-452f-ab4d-589327eb2715)] -&gt; xpath: //p//word], [[FirefoxDriver: firefox on LINUX (358f877c-4143-452f-ab4d-589327eb2715)] -&gt; xpath: //p//word], [[FirefoxDriver: firefox on LINUX (358f877c-4143-452f-ab4d-589327eb2715)] -&gt; xpath: //p//word], [[FirefoxDriver: firefox on LINUX (358f877c-4143-452f-ab4d-589327eb2715)] -&gt; xpath: //p//word], [[FirefoxDriver: firefox on LINUX (358f877c-4143-452f-ab4d-589327eb2715)] -&gt; xpath: //p//word], [[FirefoxDriver: firefox on LINUX (358f877c-4143-452f-ab4d-589327eb2715)] -&gt; xpath: //p//word], [[FirefoxDriver: firefox on LINUX (358f877c-4143-452f-ab4d-589327eb2715)] -&gt; xpath: //p//word], [[FirefoxDriver: firefox on LINUX (358f877c-4143-452f-ab4d-589327eb2715)] -&gt; xpath: //p//word], [[FirefoxDriver: firefox on LINUX (358f877c-4143-452f-ab4d-589327eb2715)] -&gt; xpath: //p//word], [[FirefoxDriver: firefox on LINUX (358f877c-4143-452f-ab4d-589327eb2715)] -&gt; xpath: //p//word], [[FirefoxDriver: firefox on LINUX (358f877c-4143-452f-ab4d-589327eb2715)] -&gt; xpath: //p//word], [[FirefoxDriver: firefox on LINUX (358f877c-4143-452f-ab4d-589327eb2715)] -&gt; xpath: //p//word], [[FirefoxDriver: firefox on LINUX (358f877c-4143-452f-ab4d-589327eb2715)] -&gt; xpath: //p//word], [[FirefoxDriver: firefox on LINUX (358f877c-4143-452f-ab4d-589327eb2715)] -&gt; xpath: //p//word], [[FirefoxDriver: firefox on LINUX (358f877c-4143-452f-ab4d-589327eb2715)] -&gt; xpath: //p//word], [[FirefoxDriver: firefox on LINUX (358f877c-4143-452f-ab4d-589327eb2715)] -&gt; xpath: //p//word], [[FirefoxDriver: firefox on LINUX (358f877c-4143-452f-ab4d-589327eb2715)] -&gt; xpath: //p//word], [[FirefoxDriver: firefox on LINUX (358f877c-4143-452f-ab4d-589327eb2715)] -&gt; xpath: //p//word], [[FirefoxDriver: firefox on LINUX (358f877c-4143-452f-ab4d-589327eb2715)] -&gt; xpath: //p//word], [[FirefoxDriver: firefox on LINUX (358f877c-4143-452f-ab4d-589327eb2715)] -&gt; xpath: //p//word], [[FirefoxDriver: firefox on LINUX (358f877c-4143-452f-ab4d-589327eb2715)] -&gt; xpath: //p//word], [[FirefoxDriver: firefox on LINUX (358f877c-4143-452f-ab4d-589327eb2715)] -&gt; xpath: //p//word], [[FirefoxDriver: firefox on LINUX (358f877c-4143-452f-ab4d-589327eb2715)] -&gt; xpath: //p//word], [[FirefoxDriver: firefox on LINUX (358f877c-4143-452f-ab4d-589327eb2715)] -&gt; xpath: //p//word], [[FirefoxDriver: firefox on LINUX (358f877c-4143-452f-ab4d-589327eb2715)] -&gt; xpath: //p//word], [[FirefoxDriver: firefox on LINUX (358f877c-4143-452f-ab4d-589327eb2715)] -&gt; xpath: //p//word], [[FirefoxDriver: firefox on LINUX (358f877c-4143-452f-ab4d-589327eb2715)] -&gt; xpath: //p//word], [[FirefoxDriver: firefox on LINUX (358f877c-4143-452f-ab4d-589327eb2715)] -&gt; xpath: //p//word], [[FirefoxDriver: firefox on LINUX (358f877c-4143-452f-ab4d-589327eb2715)] -&gt; xpath: //p//word], [[FirefoxDriver: firefox on LINUX (358f877c-4143-452f-ab4d-589327eb2715)] -&gt; xpath: //p//word], [[FirefoxDriver: firefox on LINUX (358f877c-4143-452f-ab4d-589327eb2715)] -&gt; xpath: //p//word], [[FirefoxDriver: firefox on LINUX (358f877c-4143-452f-ab4d-589327eb2715)] -&gt; xpath: //p//word], [[FirefoxDriver: firefox on LINUX (358f877c-4143-452f-ab4d-589327eb2715)] -&gt; xpath: //p//word], [[FirefoxDriver: firefox on LINUX (358f877c-4143-452f-ab4d-589327eb2715)] -&gt; xpath: //p//word], [[FirefoxDriver: firefox on LINUX (358f877c-4143-452f-ab4d-589327eb2715)] -&gt; xpath: //p//word], [[FirefoxDriver: firefox on LINUX (358f877c-4143-452f-ab4d-589327eb2715)] -&gt; xpath: //p//word], [[FirefoxDriver: firefox on LINUX (358f877c-4143-452f-ab4d-589327eb2715)] -&gt; xpath: //p//word], [[FirefoxDriver: firefox on LINUX (358f877c-4143-452f-ab4d-589327eb2715)] -&gt; xpath: //p//word], [[FirefoxDriver: firefox on LINUX (358f877c-4143-452f-ab4d-589327eb2715)] -&gt; xpath: //p//word], [[FirefoxDriver: firefox on LINUX (358f877c-4143-452f-ab4d-589327eb2715)] -&gt; xpath: //p//word], [[FirefoxDriver: firefox on LINUX (358f877c-4143-452f-ab4d-589327eb2715)] -&gt; xpath: //p//word], [[FirefoxDriver: firefox on LINUX (358f877c-4143-452f-ab4d-589327eb2715)] -&gt; xpath: //p//word], [[FirefoxDriver: firefox on LINUX (358f877c-4143-452f-ab4d-589327eb2715)] -&gt; xpath: //p//word], [[FirefoxDriver: firefox on LINUX (358f877c-4143-452f-ab4d-589327eb2715)] -&gt; xpath: //p//word], [[FirefoxDriver: firefox on LINUX (358f877c-4143-452f-ab4d-589327eb2715)] -&gt; xpath: //p//word], [[FirefoxDriver: firefox on LINUX (358f877c-4143-452f-ab4d-589327eb2715)] -&gt; xpath: //p//word], [[FirefoxDriver: firefox on LINUX (358f877c-4143-452f-ab4d-589327eb2715)] -&gt; xpath: //p//word], [[FirefoxDriver: firefox on LINUX (358f877c-4143-452f-ab4d-589327eb2715)] -&gt; xpath: //p//word], [[FirefoxDriver: firefox on LINUX (358f877c-4143-452f-ab4d-589327eb2715)] -&gt; xpath: //p//word], [[FirefoxDriver: firefox on LINUX (358f877c-4143-452f-ab4d-589327eb2715)] -&gt; xpath: //p//word], [[FirefoxDriver: firefox on LINUX (358f877c-4143-452f-ab4d-589327eb2715)] -&gt; xpath: //p//word], [[FirefoxDriver: firefox on LINUX (358f877c-4143-452f-ab4d-589327eb2715)] -&gt; xpath: //p//word], [[FirefoxDriver: firefox on LINUX (358f877c-4143-452f-ab4d-589327eb2715)] -&gt; xpath: //p//word], [[FirefoxDriver: firefox on LINUX (358f877c-4143-452f-ab4d-589327eb2715)] -&gt; xpath: //p//word], [[FirefoxDriver: firefox on LINUX (358f877c-4143-452f-ab4d-589327eb2715)] -&gt; xpath: //p//word], [[FirefoxDriver: firefox on LINUX (358f877c-4143-452f-ab4d-589327eb2715)] -&gt; xpath: //p//word], [[FirefoxDriver: firefox on LINUX (358f877c-4143-452f-ab4d-589327eb2715)] -&gt; xpath: //p//word], [[FirefoxDriver: firefox on LINUX (358f877c-4143-452f-ab4d-589327eb2715)] -&gt; xpath: //p//word], [[FirefoxDriver: firefox on LINUX (358f877c-4143-452f-ab4d-589327eb2715)] -&gt; xpath: //p//word], [[FirefoxDriver: firefox on LINUX (358f877c-4143-452f-ab4d-589327eb2715)] -&gt; xpath: //p//word], [[FirefoxDriver: firefox on LINUX (358f877c-4143-452f-ab4d-589327eb2715)] -&gt; xpath: //p//word], [[FirefoxDriver: firefox on LINUX (358f877c-4143-452f-ab4d-589327eb2715)] -&gt; xpath: //p//word], [[FirefoxDriver: firefox on LINUX (358f877c-4143-452f-ab4d-589327eb2715)] -&gt; xpath: //p//word], [[FirefoxDriver: firefox on LINUX (358f877c-4143-452f-ab4d-589327eb2715)] -&gt; xpath: //p//word], [[FirefoxDriver: firefox on LINUX (358f877c-4143-452f-ab4d-589327eb2715)] -&gt; xpath: //p//word], [[FirefoxDriver: firefox on LINUX (358f877c-4143-452f-ab4d-589327eb2715)] -&gt; xpath: //p//word], [[FirefoxDriver: firefox on LINUX (358f877c-4143-452f-ab4d-589327eb2715)] -&gt; xpath: //p//word], [[FirefoxDriver: firefox on LINUX (358f877c-4143-452f-ab4d-589327eb2715)] -&gt; xpath: //p//word], [[FirefoxDriver: firefox on LINUX (358f877c-4143-452f-ab4d-589327eb2715)] -&gt; xpath: //p//word], [[FirefoxDriver: firefox on LINUX (358f877c-4143-452f-ab4d-589327eb2715)] -&gt; xpath: //p//word], [[FirefoxDriver: firefox on LINUX (358f877c-4143-452f-ab4d-589327eb2715)] -&gt; xpath: //p//word], [[FirefoxDriver: firefox on LINUX (358f877c-4143-452f-ab4d-589327eb2715)] -&gt; xpath: //p//word], [[FirefoxDriver: firefox on LINUX (358f877c-4143-452f-ab4d-589327eb2715)] -&gt; xpath: //p//word], [[FirefoxDriver: firefox on LINUX (358f877c-4143-452f-ab4d-589327eb2715)] -&gt; xpath: //p//word], [[FirefoxDriver: firefox on LINUX (358f877c-4143-452f-ab4d-589327eb2715)] -&gt; xpath: //p//word], [[FirefoxDriver: firefox on LINUX (358f877c-4143-452f-ab4d-589327eb2715)] -&gt; xpath: //p//word], [[FirefoxDriver: firefox on LINUX (358f877c-4143-452f-ab4d-589327eb2715)] -&gt; xpath: //p//word], [[FirefoxDriver: firefox on LINUX (358f877c-4143-452f-ab4d-589327eb2715)] -&gt; xpath: //p//word], [[FirefoxDriver: firefox on LINUX (358f877c-4143-452f-ab4d-589327eb2715)] -&gt; xpath: //p//word], [[FirefoxDriver: firefox on LINUX (358f877c-4143-452f-ab4d-589327eb2715)] -&gt; xpath: //p//word], [[FirefoxDriver: firefox on LINUX (358f877c-4143-452f-ab4d-589327eb2715)] -&gt; xpath: //p//word], [[FirefoxDriver: firefox on LINUX (358f877c-4143-452f-ab4d-589327eb2715)] -&gt; xpath: //p//word], [[FirefoxDriver: firefox on LINUX (358f877c-4143-452f-ab4d-589327eb2715)] -&gt; xpath: //p//word], [[FirefoxDriver: firefox on LINUX (358f877c-4143-452f-ab4d-589327eb2715)] -&gt; xpath: //p//word], [[FirefoxDriver: firefox on LINUX (358f877c-4143-452f-ab4d-589327eb2715)] -&gt; xpath: //p//word], [[FirefoxDriver: firefox on LINUX (358f877c-4143-452f-ab4d-589327eb2715)] -&gt; xpath: //p//word], [[FirefoxDriver: firefox on LINUX (358f877c-4143-452f-ab4d-589327eb2715)] -&gt; xpath: //p//word], [[FirefoxDriver: firefox on LINUX (358f877c-4143-452f-ab4d-589327eb2715)] -&gt; xpath: //p//word], [[FirefoxDriver: firefox on LINUX (358f877c-4143-452f-ab4d-589327eb2715)] -&gt; xpath: //p//word], [[FirefoxDriver: firefox on LINUX (358f877c-4143-452f-ab4d-589327eb2715)] -&gt; xpath: //p//word], [[FirefoxDriver: firefox on LINUX (358f877c-4143-452f-ab4d-589327eb2715)] -&gt; xpath: //p//word], [[FirefoxDriver: firefox on LINUX (358f877c-4143-452f-ab4d-589327eb2715)] -&gt; xpath: //p//word], [[FirefoxDriver: firefox on LINUX (358f877c-4143-452f-ab4d-589327eb2715)] -&gt; xpath: //p//word], [[FirefoxDriver: firefox on LINUX (358f877c-4143-452f-ab4d-589327eb2715)] -&gt; xpath: //p//word], [[FirefoxDriver: firefox on LINUX (358f877c-4143-452f-ab4d-589327eb2715)] -&gt; xpath: //p//word], [[FirefoxDriver: firefox on LINUX (358f877c-4143-452f-ab4d-589327eb2715)] -&gt; xpath: //p//word], [[FirefoxDriver: firefox on LINUX (358f877c-4143-452f-ab4d-589327eb2715)] -&gt; xpath: //p//word], [[FirefoxDriver: firefox on LINUX (358f877c-4143-452f-ab4d-589327eb2715)] -&gt; xpath: //p//word], [[FirefoxDriver: firefox on LINUX (358f877c-4143-452f-ab4d-589327eb2715)] -&gt; xpath: //p//word], [[FirefoxDriver: firefox on LINUX (358f877c-4143-452f-ab4d-589327eb2715)] -&gt; xpath: //p//word], [[FirefoxDriver: firefox on LINUX (358f877c-4143-452f-ab4d-589327eb2715)] -&gt; xpath: //p//word], [[FirefoxDriver: firefox on LINUX (358f877c-4143-452f-ab4d-589327eb2715)] -&gt; xpath: //p//word], [[FirefoxDriver: firefox on LINUX (358f877c-4143-452f-ab4d-589327eb2715)] -&gt; xpath: //p//word], [[FirefoxDriver: firefox on LINUX (358f877c-4143-452f-ab4d-589327eb2715)] -&gt; xpath: //p//word], [[FirefoxDriver: firefox on LINUX (358f877c-4143-452f-ab4d-589327eb2715)] -&gt; xpath: //p//word], [[FirefoxDriver: firefox on LINUX (358f877c-4143-452f-ab4d-589327eb2715)] -&gt; xpath: //p//word], [[FirefoxDriver: firefox on LINUX (358f877c-4143-452f-ab4d-589327eb2715)] -&gt; xpath: //p//word], [[FirefoxDriver: firefox on LINUX (358f877c-4143-452f-ab4d-589327eb2715)] -&gt; xpath: //p//word], [[FirefoxDriver: firefox on LINUX (358f877c-4143-452f-ab4d-589327eb2715)] -&gt; xpath: //p//word], [[FirefoxDriver: firefox on LINUX (358f877c-4143-452f-ab4d-589327eb2715)] -&gt; xpath: //p//word], [[FirefoxDriver: firefox on LINUX (358f877c-4143-452f-ab4d-589327eb2715)] -&gt; xpath: //p//word], [[FirefoxDriver: firefox on LINUX (358f877c-4143-452f-ab4d-589327eb2715)] -&gt; xpath: //p//word], [[FirefoxDriver: firefox on LINUX (358f877c-4143-452f-ab4d-589327eb2715)] -&gt; xpath: //p//word], [[FirefoxDriver: firefox on LINUX (358f877c-4143-452f-ab4d-589327eb2715)] -&gt; xpath: //p//word], [[FirefoxDriver: firefox on LINUX (358f877c-4143-452f-ab4d-589327eb2715)] -&gt; xpath: //p//word], [[FirefoxDriver: firefox on LINUX (358f877c-4143-452f-ab4d-589327eb2715)] -&gt; xpath: //p//word], [[FirefoxDriver: firefox on LINUX (358f877c-4143-452f-ab4d-589327eb2715)] -&gt; xpath: //p//word], [[FirefoxDriver: firefox on LINUX (358f877c-4143-452f-ab4d-589327eb2715)] -&gt; xpath: //p//word], [[FirefoxDriver: firefox on LINUX (358f877c-4143-452f-ab4d-589327eb2715)] -&gt; xpath: //p//word], [[FirefoxDriver: firefox on LINUX (358f877c-4143-452f-ab4d-589327eb2715)] -&gt; xpath: //p//word], [[FirefoxDriver: firefox on LINUX (358f877c-4143-452f-ab4d-589327eb2715)] -&gt; xpath: //p//word], [[FirefoxDriver: firefox on LINUX (358f877c-4143-452f-ab4d-589327eb2715)] -&gt; xpath: //p//word], [[FirefoxDriver: firefox on LINUX (358f877c-4143-452f-ab4d-589327eb2715)] -&gt; xpath: //p//word], [[FirefoxDriver: firefox on LINUX (358f877c-4143-452f-ab4d-589327eb2715)] -&gt; xpath: //p//word], [[FirefoxDriver: firefox on LINUX (358f877c-4143-452f-ab4d-589327eb2715)] -&gt; xpath: //p//word], [[FirefoxDriver: firefox on LINUX (358f877c-4143-452f-ab4d-589327eb2715)] -&gt; xpath: //p//word], [[FirefoxDriver: firefox on LINUX (358f877c-4143-452f-ab4d-589327eb2715)] -&gt; xpath: //p//word], [[FirefoxDriver: firefox on LINUX (358f877c-4143-452f-ab4d-589327eb2715)] -&gt; xpath: //p//word], [[FirefoxDriver: firefox on LINUX (358f877c-4143-452f-ab4d-589327eb2715)] -&gt; xpath: //p//word], [[FirefoxDriver: firefox on LINUX (358f877c-4143-452f-ab4d-589327eb2715)] -&gt; xpath: //p//word], [[FirefoxDriver: firefox on LINUX (358f877c-4143-452f-ab4d-589327eb2715)] -&gt; xpath: //p//word], [[FirefoxDriver: firefox on LINUX (358f877c-4143-452f-ab4d-589327eb2715)] -&gt; xpath: //p//word], [[FirefoxDriver: firefox on LINUX (358f877c-4143-452f-ab4d-589327eb2715)] -&gt; xpath: //p//word], [[FirefoxDriver: firefox on LINUX (358f877c-4143-452f-ab4d-589327eb2715)] -&gt; xpath: //p//word], [[FirefoxDriver: firefox on LINUX (358f877c-4143-452f-ab4d-589327eb2715)] -&gt; xpath: //p//word], [[FirefoxDriver: firefox on LINUX (358f877c-4143-452f-ab4d-589327eb2715)] -&gt; xpath: //p//word], [[FirefoxDriver: firefox on LINUX (358f877c-4143-452f-ab4d-589327eb2715)] -&gt; xpath: //p//word], [[FirefoxDriver: firefox on LINUX (358f877c-4143-452f-ab4d-589327eb2715)] -&gt; xpath: //p//word], [[FirefoxDriver: firefox on LINUX (358f877c-4143-452f-ab4d-589327eb2715)] -&gt; xpath: //p//word], [[FirefoxDriver: firefox on LINUX (358f877c-4143-452f-ab4d-589327eb2715)] -&gt; xpath: //p//word], [[FirefoxDriver: firefox on LINUX (358f877c-4143-452f-ab4d-589327eb2715)] -&gt; xpath: //p//word], [[FirefoxDriver: firefox on LINUX (358f877c-4143-452f-ab4d-589327eb2715)] -&gt; xpath: //p//word], [[FirefoxDriver: firefox on LINUX (358f877c-4143-452f-ab4d-589327eb2715)] -&gt; xpath: //p//word], [[FirefoxDriver: firefox on LINUX (358f877c-4143-452f-ab4d-589327eb2715)] -&gt; xpath: //p//word], [[FirefoxDriver: firefox on LINUX (358f877c-4143-452f-ab4d-589327eb2715)] -&gt; xpath: //p//word], [[FirefoxDriver: firefox on LINUX (358f877c-4143-452f-ab4d-589327eb2715)] -&gt; xpath: //p//word], [[FirefoxDriver: firefox on LINUX (358f877c-4143-452f-ab4d-589327eb2715)] -&gt; xpath: //p//word], [[FirefoxDriver: firefox on LINUX (358f877c-4143-452f-ab4d-589327eb2715)] -&gt; xpath: //p//word], [[FirefoxDriver: firefox on LINUX (358f877c-4143-452f-ab4d-589327eb2715)] -&gt; xpath: //p//word], [[FirefoxDriver: firefox on LINUX (358f877c-4143-452f-ab4d-589327eb2715)] -&gt; xpath: //p//word], [[FirefoxDriver: firefox on LINUX (358f877c-4143-452f-ab4d-589327eb2715)] -&gt; xpath: //p//word], [[FirefoxDriver: firefox on LINUX (358f877c-4143-452f-ab4d-589327eb2715)] -&gt; xpath: //p//word], [[FirefoxDriver: firefox on LINUX (358f877c-4143-452f-ab4d-589327eb2715)] -&gt; xpath: //p//word], [[FirefoxDriver: firefox on LINUX (358f877c-4143-452f-ab4d-589327eb2715)] -&gt; xpath: //p//word], [[FirefoxDriver: firefox on LINUX (358f877c-4143-452f-ab4d-589327eb2715)] -&gt; xpath: //p//word], [[FirefoxDriver: firefox on LINUX (358f877c-4143-452f-ab4d-589327eb2715)] -&gt; xpath: //p//word], [[FirefoxDriver: firefox on LINUX (358f877c-4143-452f-ab4d-589327eb2715)] -&gt; xpath: //p//word], [[FirefoxDriver: firefox on LINUX (358f877c-4143-452f-ab4d-589327eb2715)] -&gt; xpath: //p//word], [[FirefoxDriver: firefox on LINUX (358f877c-4143-452f-ab4d-589327eb2715)] -&gt; xpath: //p//word], [[FirefoxDriver: firefox on LINUX (358f877c-4143-452f-ab4d-589327eb2715)] -&gt; xpath: //p//word], [[FirefoxDriver: firefox on LINUX (358f877c-4143-452f-ab4d-589327eb2715)] -&gt; xpath: //p//word], [[FirefoxDriver: firefox on LINUX (358f877c-4143-452f-ab4d-589327eb2715)] -&gt; xpath: //p//word], [[FirefoxDriver: firefox on LINUX (358f877c-4143-452f-ab4d-589327eb2715)] -&gt; xpath: //p//word], [[FirefoxDriver: firefox on LINUX (358f877c-4143-452f-ab4d-589327eb2715)] -&gt; xpath: //p//word], [[FirefoxDriver: firefox on LINUX (358f877c-4143-452f-ab4d-589327eb2715)] -&gt; xpath: //p//word], [[FirefoxDriver: firefox on LINUX (358f877c-4143-452f-ab4d-589327eb2715)] -&gt; xpath: //p//word], [[FirefoxDriver: firefox on LINUX (358f877c-4143-452f-ab4d-589327eb2715)] -&gt; xpath: //p//word], [[FirefoxDriver: firefox on LINUX (358f877c-4143-452f-ab4d-589327eb2715)] -&gt; xpath: //p//word], [[FirefoxDriver: firefox on LINUX (358f877c-4143-452f-ab4d-589327eb2715)] -&gt; xpath: //p//word], [[FirefoxDriver: firefox on LINUX (358f877c-4143-452f-ab4d-589327eb2715)] -&gt; xpath: //p//word], [[FirefoxDriver: firefox on LINUX (358f877c-4143-452f-ab4d-589327eb2715)] -&gt; xpath: //p//word], [[FirefoxDriver: firefox on LINUX (358f877c-4143-452f-ab4d-589327eb2715)] -&gt; xpath: //p//word], [[FirefoxDriver: firefox on LINUX (358f877c-4143-452f-ab4d-589327eb2715)] -&gt; xpath: //p//word], [[FirefoxDriver: firefox on LINUX (358f877c-4143-452f-ab4d-589327eb2715)] -&gt; xpath: //p//word], [[FirefoxDriver: firefox on LINUX (358f877c-4143-452f-ab4d-589327eb2715)] -&gt; xpath: //p//word], [[FirefoxDriver: firefox on LINUX (358f877c-4143-452f-ab4d-589327eb2715)] -&gt; xpath: //p//word], [[FirefoxDriver: firefox on LINUX (358f877c-4143-452f-ab4d-589327eb2715)] -&gt; xpath: //p//word], [[FirefoxDriver: firefox on LINUX (358f877c-4143-452f-ab4d-589327eb2715)] -&gt; xpath: //p//word], [[FirefoxDriver: firefox on LINUX (358f877c-4143-452f-ab4d-589327eb2715)] -&gt; xpath: //p//word], [[FirefoxDriver: firefox on LINUX (358f877c-4143-452f-ab4d-589327eb2715)] -&gt; xpath: //p//word], [[FirefoxDriver: firefox on LINUX (358f877c-4143-452f-ab4d-589327eb2715)] -&gt; xpath: //p//word], [[FirefoxDriver: firefox on LINUX (358f877c-4143-452f-ab4d-589327eb2715)] -&gt; xpath: //p//word], [[FirefoxDriver: firefox on LINUX (358f877c-4143-452f-ab4d-589327eb2715)] -&gt; xpath: //p//word], [[FirefoxDriver: firefox on LINUX (358f877c-4143-452f-ab4d-589327eb2715)] -&gt; xpath: //p//word], [[FirefoxDriver: firefox on LINUX (358f877c-4143-452f-ab4d-589327eb2715)] -&gt; xpath: //p//word], [[FirefoxDriver: firefox on LINUX (358f877c-4143-452f-ab4d-589327eb2715)] -&gt; xpath: //p//word], [[FirefoxDriver: firefox on LINUX (358f877c-4143-452f-ab4d-589327eb2715)] -&gt; xpath: //p//word], [[FirefoxDriver: firefox on LINUX (358f877c-4143-452f-ab4d-589327eb2715)] -&gt; xpath: //p//word], [[FirefoxDriver: firefox on LINUX (358f877c-4143-452f-ab4d-589327eb2715)] -&gt; xpath: //p//word], [[FirefoxDriver: firefox on LINUX (358f877c-4143-452f-ab4d-589327eb2715)] -&gt; xpath: //p//word], [[FirefoxDriver: firefox on LINUX (358f877c-4143-452f-ab4d-589327eb2715)] -&gt; xpath: //p//word], [[FirefoxDriver: firefox on LINUX (358f877c-4143-452f-ab4d-589327eb2715)] -&gt; xpath: //p//word], [[FirefoxDriver: firefox on LINUX (358f877c-4143-452f-ab4d-589327eb2715)] -&gt; xpath: //p//word], [[FirefoxDriver: firefox on LINUX (358f877c-4143-452f-ab4d-589327eb2715)] -&gt; xpath: //p//word], [[FirefoxDriver: firefox on LINUX (358f877c-4143-452f-ab4d-589327eb2715)] -&gt; xpath: //p//word], [[FirefoxDriver: firefox on LINUX (358f877c-4143-452f-ab4d-589327eb2715)] -&gt; xpath: //p//word], [[FirefoxDriver: firefox on LINUX (358f877c-4143-452f-ab4d-589327eb2715)] -&gt; xpath: //p//word], [[FirefoxDriver: firefox on LINUX (358f877c-4143-452f-ab4d-589327eb2715)] -&gt; xpath: //p//word], [[FirefoxDriver: firefox on LINUX (358f877c-4143-452f-ab4d-589327eb2715)] -&gt; xpath: //p//word], [[FirefoxDriver: firefox on LINUX (358f877c-4143-452f-ab4d-589327eb2715)] -&gt; xpath: //p//word], [[FirefoxDriver: firefox on LINUX (358f877c-4143-452f-ab4d-589327eb2715)] -&gt; xpath: //p//word], [[FirefoxDriver: firefox on LINUX (358f877c-4143-452f-ab4d-589327eb2715)] -&gt; xpath: //p//word], [[FirefoxDriver: firefox on LINUX (358f877c-4143-452f-ab4d-589327eb2715)] -&gt; xpath: //p//word], [[FirefoxDriver: firefox on LINUX (358f877c-4143-452f-ab4d-589327eb2715)] -&gt; xpath: //p//word], [[FirefoxDriver: firefox on LINUX (358f877c-4143-452f-ab4d-589327eb2715)] -&gt; xpath: //p//word], [[FirefoxDriver: firefox on LINUX (358f877c-4143-452f-ab4d-589327eb2715)] -&gt; xpath: //p//word], [[FirefoxDriver: firefox on LINUX (358f877c-4143-452f-ab4d-589327eb2715)] -&gt; xpath: //p//word], [[FirefoxDriver: firefox on LINUX (358f877c-4143-452f-ab4d-589327eb2715)] -&gt; xpath: //p//word], [[FirefoxDriver: firefox on LINUX (358f877c-4143-452f-ab4d-589327eb2715)] -&gt; xpath: //p//word], [[FirefoxDriver: firefox on LINUX (358f877c-4143-452f-ab4d-589327eb2715)] -&gt; xpath: //p//word], [[FirefoxDriver: firefox on LINUX (358f877c-4143-452f-ab4d-589327eb2715)] -&gt; xpath: //p//word], [[FirefoxDriver: firefox on LINUX (358f877c-4143-452f-ab4d-589327eb2715)] -&gt; xpath: //p//word], [[FirefoxDriver: firefox on LINUX (358f877c-4143-452f-ab4d-589327eb2715)] -&gt; xpath: //p//word], [[FirefoxDriver: firefox on LINUX (358f877c-4143-452f-ab4d-589327eb2715)] -&gt; xpath: //p//word], [[FirefoxDriver: firefox on LINUX (358f877c-4143-452f-ab4d-589327eb2715)] -&gt; xpath: //p//word], [[FirefoxDriver: firefox on LINUX (358f877c-4143-452f-ab4d-589327eb2715)] -&gt; xpath: //p//word], [[FirefoxDriver: firefox on LINUX (358f877c-4143-452f-ab4d-589327eb2715)] -&gt; xpath: //p//word], [[FirefoxDriver: firefox on LINUX (358f877c-4143-452f-ab4d-589327eb2715)] -&gt; xpath: //p//word], [[FirefoxDriver: firefox on LINUX (358f877c-4143-452f-ab4d-589327eb2715)] -&gt; xpath: //p//word], [[FirefoxDriver: firefox on LINUX (358f877c-4143-452f-ab4d-589327eb2715)] -&gt; xpath: //p//word], [[FirefoxDriver: firefox on LINUX (358f877c-4143-452f-ab4d-589327eb2715)] -&gt; xpath: //p//word], [[FirefoxDriver: firefox on LINUX (358f877c-4143-452f-ab4d-589327eb2715)] -&gt; xpath: //p//word], [[FirefoxDriver: firefox on LINUX (358f877c-4143-452f-ab4d-589327eb2715)] -&gt; xpath: //p//word], [[FirefoxDriver: firefox on LINUX (358f877c-4143-452f-ab4d-589327eb2715)] -&gt; xpath: //p//word], [[FirefoxDriver: firefox on LINUX (358f877c-4143-452f-ab4d-589327eb2715)] -&gt; xpath: //p//word], [[FirefoxDriver: firefox on LINUX (358f877c-4143-452f-ab4d-589327eb2715)] -&gt; xpath: //p//word], [[FirefoxDriver: firefox on LINUX (358f877c-4143-452f-ab4d-589327eb2715)] -&gt; xpath: //p//word], [[FirefoxDriver: firefox on LINUX (358f877c-4143-452f-ab4d-589327eb2715)] -&gt; xpath: //p//word], [[FirefoxDriver: firefox on LINUX (358f877c-4143-452f-ab4d-589327eb2715)] -&gt; xpath: //p//word], [[FirefoxDriver: firefox on LINUX (358f877c-4143-452f-ab4d-589327eb2715)] -&gt; xpath: //p//word], [[FirefoxDriver: firefox on LINUX (358f877c-4143-452f-ab4d-589327eb2715)] -&gt; xpath: //p//word], [[FirefoxDriver: firefox on LINUX (358f877c-4143-452f-ab4d-589327eb2715)] -&gt; xpath: //p//word], [[FirefoxDriver: firefox on LINUX (358f877c-4143-452f-ab4d-589327eb2715)] -&gt; xpath: //p//word], [[FirefoxDriver: firefox on LINUX (358f877c-4143-452f-ab4d-589327eb2715)] -&gt; xpath: //p//word], [[FirefoxDriver: firefox on LINUX (358f877c-4143-452f-ab4d-589327eb2715)] -&gt; xpath: //p//word], [[FirefoxDriver: firefox on LINUX (358f877c-4143-452f-ab4d-589327eb2715)] -&gt; xpath: //p//word], [[FirefoxDriver: firefox on LINUX (358f877c-4143-452f-ab4d-589327eb2715)] -&gt; xpath: //p//word], [[FirefoxDriver: firefox on LINUX (358f877c-4143-452f-ab4d-589327eb2715)] -&gt; xpath: //p//word], [[FirefoxDriver: firefox on LINUX (358f877c-4143-452f-ab4d-589327eb2715)] -&gt; xpath: //p//word], [[FirefoxDriver: firefox on LINUX (358f877c-4143-452f-ab4d-589327eb2715)] -&gt; xpath: //p//word], [[FirefoxDriver: firefox on LINUX (358f877c-4143-452f-ab4d-589327eb2715)] -&gt; xpath: //p//word], [[FirefoxDriver: firefox on LINUX (358f877c-4143-452f-ab4d-589327eb2715)] -&gt; xpath: //p//word], [[FirefoxDriver: firefox on LINUX (358f877c-4143-452f-ab4d-589327eb2715)] -&gt; xpath: //p//word], [[FirefoxDriver: firefox on LINUX (358f877c-4143-452f-ab4d-589327eb2715)] -&gt; xpath: //p//word], [[FirefoxDriver: firefox on LINUX (358f877c-4143-452f-ab4d-589327eb2715)] -&gt; xpath: //p//word], [[FirefoxDriver: firefox on LINUX (358f877c-4143-452f-ab4d-589327eb2715)] -&gt; xpath: //p//word], [[FirefoxDriver: firefox on LINUX (358f877c-4143-452f-ab4d-589327eb2715)] -&gt; xpath: //p//word], [[FirefoxDriver: firefox on LINUX (358f877c-4143-452f-ab4d-589327eb2715)] -&gt; xpath: //p//word], [[FirefoxDriver: firefox on LINUX (358f877c-4143-452f-ab4d-589327eb2715)] -&gt; xpath: //p//word], [[FirefoxDriver: firefox on LINUX (358f877c-4143-452f-ab4d-589327eb2715)] -&gt; xpath: //p//word], [[FirefoxDriver: firefox on LINUX (358f877c-4143-452f-ab4d-589327eb2715)] -&gt; xpath: //p//word], [[FirefoxDriver: firefox on LINUX (358f877c-4143-452f-ab4d-589327eb2715)] -&gt; xpath: //p//word], [[FirefoxDriver: firefox on LINUX (358f877c-4143-452f-ab4d-589327eb2715)] -&gt; xpath: //p//word], [[FirefoxDriver: firefox on LINUX (358f877c-4143-452f-ab4d-589327eb2715)] -&gt; xpath: //p//word], [[FirefoxDriver: firefox on LINUX (358f877c-4143-452f-ab4d-589327eb2715)] -&gt; xpath: //p//word], [[FirefoxDriver: firefox on LINUX (358f877c-4143-452f-ab4d-589327eb2715)] -&gt; xpath: //p//word], [[FirefoxDriver: firefox on LINUX (358f877c-4143-452f-ab4d-589327eb2715)] -&gt; xpath: //p//word], [[FirefoxDriver: firefox on LINUX (358f877c-4143-452f-ab4d-589327eb2715)] -&gt; xpath: //p//word], [[FirefoxDriver: firefox on LINUX (358f877c-4143-452f-ab4d-589327eb2715)] -&gt; xpath: //p//word], [[FirefoxDriver: firefox on LINUX (358f877c-4143-452f-ab4d-589327eb2715)] -&gt; xpath: //p//word], [[FirefoxDriver: firefox on LINUX (358f877c-4143-452f-ab4d-589327eb2715)] -&gt; xpath: //p//word], [[FirefoxDriver: firefox on LINUX (358f877c-4143-452f-ab4d-589327eb2715)] -&gt; xpath: //p//word], [[FirefoxDriver: firefox on LINUX (358f877c-4143-452f-ab4d-589327eb2715)] -&gt; xpath: //p//word], [[FirefoxDriver: firefox on LINUX (358f877c-4143-452f-ab4d-589327eb2715)] -&gt; xpath: //p//word], [[FirefoxDriver: firefox on LINUX (358f877c-4143-452f-ab4d-589327eb2715)] -&gt; xpath: //p//word], [[FirefoxDriver: firefox on LINUX (358f877c-4143-452f-ab4d-589327eb2715)] -&gt; xpath: //p//word], [[FirefoxDriver: firefox on LINUX (358f877c-4143-452f-ab4d-589327eb2715)] -&gt; xpath: //p//word], [[FirefoxDriver: firefox on LINUX (358f877c-4143-452f-ab4d-589327eb2715)] -&gt; xpath: //p//word], [[FirefoxDriver: firefox on LINUX (358f877c-4143-452f-ab4d-589327eb2715)] -&gt; xpath: //p//word], [[FirefoxDriver: firefox on LINUX (358f877c-4143-452f-ab4d-589327eb2715)] -&gt; xpath: //p//word], [[FirefoxDriver: firefox on LINUX (358f877c-4143-452f-ab4d-589327eb2715)] -&gt; xpath: //p//word], [[FirefoxDriver: firefox on LINUX (358f877c-4143-452f-ab4d-589327eb2715)] -&gt; xpath: //p//word], [[FirefoxDriver: firefox on LINUX (358f877c-4143-452f-ab4d-589327eb2715)] -&gt; xpath: //p//word], [[FirefoxDriver: firefox on LINUX (358f877c-4143-452f-ab4d-589327eb2715)] -&gt; xpath: //p//word], [[FirefoxDriver: firefox on LINUX (358f877c-4143-452f-ab4d-589327eb2715)] -&gt; xpath: //p//word], [[FirefoxDriver: firefox on LINUX (358f877c-4143-452f-ab4d-589327eb2715)] -&gt; xpath: //p//word], [[FirefoxDriver: firefox on LINUX (358f877c-4143-452f-ab4d-589327eb2715)] -&gt; xpath: //p//word], [[FirefoxDriver: firefox on LINUX (358f877c-4143-452f-ab4d-589327eb2715)] -&gt; xpath: //p//word], [[FirefoxDriver: firefox on LINUX (358f877c-4143-452f-ab4d-589327eb2715)] -&gt; xpath: //p//word], [[FirefoxDriver: firefox on LINUX (358f877c-4143-452f-ab4d-589327eb2715)] -&gt; xpath: //p//word], [[FirefoxDriver: firefox on LINUX (358f877c-4143-452f-ab4d-589327eb2715)] -&gt; xpath: //p//word], [[FirefoxDriver: firefox on LINUX (358f877c-4143-452f-ab4d-589327eb2715)] -&gt; xpath: //p//word], [[FirefoxDriver: firefox on LINUX (358f877c-4143-452f-ab4d-589327eb2715)] -&gt; xpath: //p//word], [[FirefoxDriver: firefox on LINUX (358f877c-4143-452f-ab4d-589327eb2715)] -&gt; xpath: //p//word], [[FirefoxDriver: firefox on LINUX (358f877c-4143-452f-ab4d-589327eb2715)] -&gt; xpath: //p//word], [[FirefoxDriver: firefox on LINUX (358f877c-4143-452f-ab4d-589327eb2715)] -&gt; xpath: //p//word], [[FirefoxDriver: firefox on LINUX (358f877c-4143-452f-ab4d-589327eb2715)] -&gt; xpath: //p//word], [[FirefoxDriver: firefox on LINUX (358f877c-4143-452f-ab4d-589327eb2715)] -&gt; xpath: //p//word], [[FirefoxDriver: firefox on LINUX (358f877c-4143-452f-ab4d-589327eb2715)] -&gt; xpath: //p//word], [[FirefoxDriver: firefox on LINUX (358f877c-4143-452f-ab4d-589327eb2715)] -&gt; xpath: //p//word], [[FirefoxDriver: firefox on LINUX (358f877c-4143-452f-ab4d-589327eb2715)] -&gt; xpath: //p//word], [[FirefoxDriver: firefox on LINUX (358f877c-4143-452f-ab4d-589327eb2715)] -&gt; xpath: //p//word], [[FirefoxDriver: firefox on LINUX (358f877c-4143-452f-ab4d-589327eb2715)] -&gt; xpath: //p//word], [[FirefoxDriver: firefox on LINUX (358f877c-4143-452f-ab4d-589327eb2715)] -&gt; xpath: //p//word], [[FirefoxDriver: firefox on LINUX (358f877c-4143-452f-ab4d-589327eb2715)] -&gt; xpath: //p//word], [[FirefoxDriver: firefox on LINUX (358f877c-4143-452f-ab4d-589327eb2715)] -&gt; xpath: //p//word], [[FirefoxDriver: firefox on LINUX (358f877c-4143-452f-ab4d-589327eb2715)] -&gt; xpath: //p//word], [[FirefoxDriver: firefox on LINUX (358f877c-4143-452f-ab4d-589327eb2715)] -&gt; xpath: //p//word], [[FirefoxDriver: firefox on LINUX (358f877c-4143-452f-ab4d-589327eb2715)] -&gt; xpath: //p//word], [[FirefoxDriver: firefox on LINUX (358f877c-4143-452f-ab4d-589327eb2715)] -&gt; xpath: //p//word], [[FirefoxDriver: firefox on LINUX (358f877c-4143-452f-ab4d-589327eb2715)] -&gt; xpath: //p//word], [[FirefoxDriver: firefox on LINUX (358f877c-4143-452f-ab4d-589327eb2715)] -&gt; xpath: //p//word], [[FirefoxDriver: firefox on LINUX (358f877c-4143-452f-ab4d-589327eb2715)] -&gt; xpath: //p//word], [[FirefoxDriver: firefox on LINUX (358f877c-4143-452f-ab4d-589327eb2715)] -&gt; xpath: //p//word], [[FirefoxDriver: firefox on LINUX (358f877c-4143-452f-ab4d-589327eb2715)] -&gt; xpath: //p//word], [[FirefoxDriver: firefox on LINUX (358f877c-4143-452f-ab4d-589327eb2715)] -&gt; xpath: //p//word], [[FirefoxDriver: firefox on LINUX (358f877c-4143-452f-ab4d-589327eb2715)] -&gt; xpath: //p//word], [[FirefoxDriver: firefox on LINUX (358f877c-4143-452f-ab4d-589327eb2715)] -&gt; xpath: //p//word], [[FirefoxDriver: firefox on LINUX (358f877c-4143-452f-ab4d-589327eb2715)] -&gt; xpath: //p//word], [[FirefoxDriver: firefox on LINUX (358f877c-4143-452f-ab4d-589327eb2715)] -&gt; xpath: //p//word], [[FirefoxDriver: firefox on LINUX (358f877c-4143-452f-ab4d-589327eb2715)] -&gt; xpath: //p//word], [[FirefoxDriver: firefox on LINUX (358f877c-4143-452f-ab4d-589327eb2715)] -&gt; xpath: //p//word], [[FirefoxDriver: firefox on LINUX (358f877c-4143-452f-ab4d-589327eb2715)] -&gt; xpath: //p//word], [[FirefoxDriver: firefox on LINUX (358f877c-4143-452f-ab4d-589327eb2715)] -&gt; xpath: //p//word], [[FirefoxDriver: firefox on LINUX (358f877c-4143-452f-ab4d-589327eb2715)] -&gt; xpath: //p//word], [[FirefoxDriver: firefox on LINUX (358f877c-4143-452f-ab4d-589327eb2715)] -&gt; xpath: //p//word], [[FirefoxDriver: firefox on LINUX (358f877c-4143-452f-ab4d-589327eb2715)] -&gt; xpath: //p//word], [[FirefoxDriver: firefox on LINUX (358f877c-4143-452f-ab4d-589327eb2715)] -&gt; xpath: //p//word], [[FirefoxDriver: firefox on LINUX (358f877c-4143-452f-ab4d-589327eb2715)] -&gt; xpath: //p//word], [[FirefoxDriver: firefox on LINUX (358f877c-4143-452f-ab4d-589327eb2715)] -&gt; xpath: //p//word], [[FirefoxDriver: firefox on LINUX (358f877c-4143-452f-ab4d-589327eb2715)] -&gt; xpath: //p//word], [[FirefoxDriver: firefox on LINUX (358f877c-4143-452f-ab4d-589327eb2715)] -&gt; xpath: //p//word], [[FirefoxDriver: firefox on LINUX (358f877c-4143-452f-ab4d-589327eb2715)] -&gt; xpath: //p//word], [[FirefoxDriver: firefox on LINUX (358f877c-4143-452f-ab4d-589327eb2715)] -&gt; xpath: //p//word], [[FirefoxDriver: firefox on LINUX (358f877c-4143-452f-ab4d-589327eb2715)] -&gt; xpath: //p//word], [[FirefoxDriver: firefox on LINUX (358f877c-4143-452f-ab4d-589327eb2715)] -&gt; xpath: //p//word], [[FirefoxDriver: firefox on LINUX (358f877c-4143-452f-ab4d-589327eb2715)] -&gt; xpath: //p//word], [[FirefoxDriver: firefox on LINUX (358f877c-4143-452f-ab4d-589327eb2715)] -&gt; xpath: //p//word], [[FirefoxDriver: firefox on LINUX (358f877c-4143-452f-ab4d-589327eb2715)] -&gt; xpath: //p//word], [[FirefoxDriver: firefox on LINUX (358f877c-4143-452f-ab4d-589327eb2715)] -&gt; xpath: //p//word], [[FirefoxDriver: firefox on LINUX (358f877c-4143-452f-ab4d-589327eb2715)] -&gt; xpath: //p//word], [[FirefoxDriver: firefox on LINUX (358f877c-4143-452f-ab4d-589327eb2715)] -&gt; xpath: //p//word], [[FirefoxDriver: firefox on LINUX (358f877c-4143-452f-ab4d-589327eb2715)] -&gt; xpath: //p//word], [[FirefoxDriver: firefox on LINUX (358f877c-4143-452f-ab4d-589327eb2715)] -&gt; xpath: //p//word], [[FirefoxDriver: firefox on LINUX (358f877c-4143-452f-ab4d-589327eb2715)] -&gt; xpath: //p//word], [[FirefoxDriver: firefox on LINUX (358f877c-4143-452f-ab4d-589327eb2715)] -&gt; xpath: //p//word], [[FirefoxDriver: firefox on LINUX (358f877c-4143-452f-ab4d-589327eb2715)] -&gt; xpath: //p//word], [[FirefoxDriver: firefox on LINUX (358f877c-4143-452f-ab4d-589327eb2715)] -&gt; xpath: //p//word], [[FirefoxDriver: firefox on LINUX (358f877c-4143-452f-ab4d-589327eb2715)] -&gt; xpath: //p//word], [[FirefoxDriver: firefox on LINUX (358f877c-4143-452f-ab4d-589327eb2715)] -&gt; xpath: //p//word], [[FirefoxDriver: firefox on LINUX (358f877c-4143-452f-ab4d-589327eb2715)] -&gt; xpath: //p//word], [[FirefoxDriver: firefox on LINUX (358f877c-4143-452f-ab4d-589327eb2715)] -&gt; xpath: //p//word], [[FirefoxDriver: firefox on LINUX (358f877c-4143-452f-ab4d-589327eb2715)] -&gt; xpath: //p//word], [[FirefoxDriver: firefox on LINUX (358f877c-4143-452f-ab4d-589327eb2715)] -&gt; xpath: //p//word], [[FirefoxDriver: firefox on LINUX (358f877c-4143-452f-ab4d-589327eb2715)] -&gt; xpath: //p//word], [[FirefoxDriver: firefox on LINUX (358f877c-4143-452f-ab4d-589327eb2715)] -&gt; xpath: //p//word], [[FirefoxDriver: firefox on LINUX (358f877c-4143-452f-ab4d-589327eb2715)] -&gt; xpath: //p//word], [[FirefoxDriver: firefox on LINUX (358f877c-4143-452f-ab4d-589327eb2715)] -&gt; xpath: //p//word], [[FirefoxDriver: firefox on LINUX (358f877c-4143-452f-ab4d-589327eb2715)] -&gt; xpath: //p//word], [[FirefoxDriver: firefox on LINUX (358f877c-4143-452f-ab4d-589327eb2715)] -&gt; xpath: //p//word], [[FirefoxDriver: firefox on LINUX (358f877c-4143-452f-ab4d-589327eb2715)] -&gt; xpath: //p//word], [[FirefoxDriver: firefox on LINUX (358f877c-4143-452f-ab4d-589327eb2715)] -&gt; xpath: //p//word], [[FirefoxDriver: firefox on LINUX (358f877c-4143-452f-ab4d-589327eb2715)] -&gt; xpath: //p//word], [[FirefoxDriver: firefox on LINUX (358f877c-4143-452f-ab4d-589327eb2715)] -&gt; xpath: //p//word], [[FirefoxDriver: firefox on LINUX (358f877c-4143-452f-ab4d-589327eb2715)] -&gt; xpath: //p//word], [[FirefoxDriver: firefox on LINUX (358f877c-4143-452f-ab4d-589327eb2715)] -&gt; xpath: //p//word], [[FirefoxDriver: firefox on LINUX (358f877c-4143-452f-ab4d-589327eb2715)] -&gt; xpath: //p//word], [[FirefoxDriver: firefox on LINUX (358f877c-4143-452f-ab4d-589327eb2715)] -&gt; xpath: //p//word], [[FirefoxDriver: firefox on LINUX (358f877c-4143-452f-ab4d-589327eb2715)] -&gt; xpath: //p//word], [[FirefoxDriver: firefox on LINUX (358f877c-4143-452f-ab4d-589327eb2715)] -&gt; xpath: //p//word], [[FirefoxDriver: firefox on LINUX (358f877c-4143-452f-ab4d-589327eb2715)] -&gt; xpath: //p//word], [[FirefoxDriver: firefox on LINUX (358f877c-4143-452f-ab4d-589327eb2715)] -&gt; xpath: //p//word], [[FirefoxDriver: firefox on LINUX (358f877c-4143-452f-ab4d-589327eb2715)] -&gt; xpath: //p//word], [[FirefoxDriver: firefox on LINUX (358f877c-4143-452f-ab4d-589327eb2715)] -&gt; xpath: //p//word], [[FirefoxDriver: firefox on LINUX (358f877c-4143-452f-ab4d-589327eb2715)] -&gt; xpath: //p//word], [[FirefoxDriver: firefox on LINUX (358f877c-4143-452f-ab4d-589327eb2715)] -&gt; xpath: //p//word], [[FirefoxDriver: firefox on LINUX (358f877c-4143-452f-ab4d-589327eb2715)] -&gt; xpath: //p//word], [[FirefoxDriver: firefox on LINUX (358f877c-4143-452f-ab4d-589327eb2715)] -&gt; xpath: //p//word], [[FirefoxDriver: firefox on LINUX (358f877c-4143-452f-ab4d-589327eb2715)] -&gt; xpath: //p//word], [[FirefoxDriver: firefox on LINUX (358f877c-4143-452f-ab4d-589327eb2715)] -&gt; xpath: //p//word], [[FirefoxDriver: firefox on LINUX (358f877c-4143-452f-ab4d-589327eb2715)] -&gt; xpath: //p//word], [[FirefoxDriver: firefox on LINUX (358f877c-4143-452f-ab4d-589327eb2715)] -&gt; xpath: //p//word], [[FirefoxDriver: firefox on LINUX (358f877c-4143-452f-ab4d-589327eb2715)] -&gt; xpath: //p//word], [[FirefoxDriver: firefox on LINUX (358f877c-4143-452f-ab4d-589327eb2715)] -&gt; xpath: //p//word], [[FirefoxDriver: firefox on LINUX (358f877c-4143-452f-ab4d-589327eb2715)] -&gt; xpath: //p//word], [[FirefoxDriver: firefox on LINUX (358f877c-4143-452f-ab4d-589327eb2715)] -&gt; xpath: //p//word], [[FirefoxDriver: firefox on LINUX (358f877c-4143-452f-ab4d-589327eb2715)] -&gt; xpath: //p//word], [[FirefoxDriver: firefox on LINUX (358f877c-4143-452f-ab4d-589327eb2715)] -&gt; xpath: //p//word], [[FirefoxDriver: firefox on LINUX (358f877c-4143-452f-ab4d-589327eb2715)] -&gt; xpath: //p//word], [[FirefoxDriver: firefox on LINUX (358f877c-4143-452f-ab4d-589327eb2715)] -&gt; xpath: //p//word], [[FirefoxDriver: firefox on LINUX (358f877c-4143-452f-ab4d-589327eb2715)] -&gt; xpath: //p//word], [[FirefoxDriver: firefox on LINUX (358f877c-4143-452f-ab4d-589327eb2715)] -&gt; xpath: //p//word], [[FirefoxDriver: firefox on LINUX (358f877c-4143-452f-ab4d-589327eb2715)] -&gt; xpath: //p//word], [[FirefoxDriver: firefox on LINUX (358f877c-4143-452f-ab4d-589327eb2715)] -&gt; xpath: //p//word], [[FirefoxDriver: firefox on LINUX (358f877c-4143-452f-ab4d-589327eb2715)] -&gt; xpath: //p//word], [[FirefoxDriver: firefox on LINUX (358f877c-4143-452f-ab4d-589327eb2715)] -&gt; xpath: //p//word], [[FirefoxDriver: firefox on LINUX (358f877c-4143-452f-ab4d-589327eb2715)] -&gt; xpath: //p//word], [[FirefoxDriver: firefox on LINUX (358f877c-4143-452f-ab4d-589327eb2715)] -&gt; xpath: //p//word], [[FirefoxDriver: firefox on LINUX (358f877c-4143-452f-ab4d-589327eb2715)] -&gt; xpath: //p//word], [[FirefoxDriver: firefox on LINUX (358f877c-4143-452f-ab4d-589327eb2715)] -&gt; xpath: //p//word], [[FirefoxDriver: firefox on LINUX (358f877c-4143-452f-ab4d-589327eb2715)] -&gt; xpath: //p//word], [[FirefoxDriver: firefox on LINUX (358f877c-4143-452f-ab4d-589327eb2715)] -&gt; xpath: //p//word], [[FirefoxDriver: firefox on LINUX (358f877c-4143-452f-ab4d-589327eb2715)] -&gt; xpath: //p//word], [[FirefoxDriver: firefox on LINUX (358f877c-4143-452f-ab4d-589327eb2715)] -&gt; xpath: //p//word], [[FirefoxDriver: firefox on LINUX (358f877c-4143-452f-ab4d-589327eb2715)] -&gt; xpath: //p//word], [[FirefoxDriver: firefox on LINUX (358f877c-4143-452f-ab4d-589327eb2715)] -&gt; xpath: //p//word], [[FirefoxDriver: firefox on LINUX (358f877c-4143-452f-ab4d-589327eb2715)] -&gt; xpath: //p//word], [[FirefoxDriver: firefox on LINUX (358f877c-4143-452f-ab4d-589327eb2715)] -&gt; xpath: //p//word], [[FirefoxDriver: firefox on LINUX (358f877c-4143-452f-ab4d-589327eb2715)] -&gt; xpath: //p//word], [[FirefoxDriver: firefox on LINUX (358f877c-4143-452f-ab4d-589327eb2715)] -&gt; xpath: //p//word], [[FirefoxDriver: firefox on LINUX (358f877c-4143-452f-ab4d-589327eb2715)] -&gt; xpath: //p//word], [[FirefoxDriver: firefox on LINUX (358f877c-4143-452f-ab4d-589327eb2715)] -&gt; xpath: //p//word], [[FirefoxDriver: firefox on LINUX (358f877c-4143-452f-ab4d-589327eb2715)] -&gt; xpath: //p//word], [[FirefoxDriver: firefox on LINUX (358f877c-4143-452f-ab4d-589327eb2715)] -&gt; xpath: //p//word], [[FirefoxDriver: firefox on LINUX (358f877c-4143-452f-ab4d-589327eb2715)] -&gt; xpath: //p//word], [[FirefoxDriver: firefox on LINUX (358f877c-4143-452f-ab4d-589327eb2715)] -&gt; xpath: //p//word], [[FirefoxDriver: firefox on LINUX (358f877c-4143-452f-ab4d-589327eb2715)] -&gt; xpath: //p//word], [[FirefoxDriver: firefox on LINUX (358f877c-4143-452f-ab4d-589327eb2715)] -&gt; xpath: //p//word], [[FirefoxDriver: firefox on LINUX (358f877c-4143-452f-ab4d-589327eb2715)] -&gt; xpath: //p//word], [[FirefoxDriver: firefox on LINUX (358f877c-4143-452f-ab4d-589327eb2715)] -&gt; xpath: //p//word], [[FirefoxDriver: firefox on LINUX (358f877c-4143-452f-ab4d-589327eb2715)] -&gt; xpath: //p//word], [[FirefoxDriver: firefox on LINUX (358f877c-4143-452f-ab4d-589327eb2715)] -&gt; xpath: //p//word], [[FirefoxDriver: firefox on LINUX (358f877c-4143-452f-ab4d-589327eb2715)] -&gt; xpath: //p//word], [[FirefoxDriver: firefox on LINUX (358f877c-4143-452f-ab4d-589327eb2715)] -&gt; xpath: //p//word], [[FirefoxDriver: firefox on LINUX (358f877c-4143-452f-ab4d-589327eb2715)] -&gt; xpath: //p//word], [[FirefoxDriver: firefox on LINUX (358f877c-4143-452f-ab4d-589327eb2715)] -&gt; xpath: //p//word], [[FirefoxDriver: firefox on LINUX (358f877c-4143-452f-ab4d-589327eb2715)] -&gt; xpath: //p//word], [[FirefoxDriver: firefox on LINUX (358f877c-4143-452f-ab4d-589327eb2715)] -&gt; xpath: //p//word], [[FirefoxDriver: firefox on LINUX (358f877c-4143-452f-ab4d-589327eb2715)] -&gt; xpath: //p//word], [[FirefoxDriver: firefox on LINUX (358f877c-4143-452f-ab4d-589327eb2715)] -&gt; xpath: //p//word], [[FirefoxDriver: firefox on LINUX (358f877c-4143-452f-ab4d-589327eb2715)] -&gt; xpath: //p//word], [[FirefoxDriver: firefox on LINUX (358f877c-4143-452f-ab4d-589327eb2715)] -&gt; xpath: //p//word], [[FirefoxDriver: firefox on LINUX (358f877c-4143-452f-ab4d-589327eb2715)] -&gt; xpath: //p//word], [[FirefoxDriver: firefox on LINUX (358f877c-4143-452f-ab4d-589327eb2715)] -&gt; xpath: //p//word], [[FirefoxDriver: firefox on LINUX (358f877c-4143-452f-ab4d-589327eb2715)] -&gt; xpath: //p//word], [[FirefoxDriver: firefox on LINUX (358f877c-4143-452f-ab4d-589327eb2715)] -&gt; xpath: //p//word], [[FirefoxDriver: firefox on LINUX (358f877c-4143-452f-ab4d-589327eb2715)] -&gt; xpath: //p//word], [[FirefoxDriver: firefox on LINUX (358f877c-4143-452f-ab4d-589327eb2715)] -&gt; xpath: //p//word], [[FirefoxDriver: firefox on LINUX (358f877c-4143-452f-ab4d-589327eb2715)] -&gt; xpath: //p//word], [[FirefoxDriver: firefox on LINUX (358f877c-4143-452f-ab4d-589327eb2715)] -&gt; xpath: //p//word], [[FirefoxDriver: firefox on LINUX (358f877c-4143-452f-ab4d-589327eb2715)] -&gt; xpath: //p//word], [[FirefoxDriver: firefox on LINUX (358f877c-4143-452f-ab4d-589327eb2715)] -&gt; xpath: //p//word], [[FirefoxDriver: firefox on LINUX (358f877c-4143-452f-ab4d-589327eb2715)] -&gt; xpath: //p//word], [[FirefoxDriver: firefox on LINUX (358f877c-4143-452f-ab4d-589327eb2715)] -&gt; xpath: //p//word], [[FirefoxDriver: firefox on LINUX (358f877c-4143-452f-ab4d-589327eb2715)] -&gt; xpath: //p//word], [[FirefoxDriver: firefox on LINUX (358f877c-4143-452f-ab4d-589327eb2715)] -&gt; xpath: //p//word], [[FirefoxDriver: firefox on LINUX (358f877c-4143-452f-ab4d-589327eb2715)] -&gt; xpath: //p//word], [[FirefoxDriver: firefox on LINUX (358f877c-4143-452f-ab4d-589327eb2715)] -&gt; xpath: //p//word], [[FirefoxDriver: firefox on LINUX (358f877c-4143-452f-ab4d-589327eb2715)] -&gt; xpath: //p//word], [[FirefoxDriver: firefox on LINUX (358f877c-4143-452f-ab4d-589327eb2715)] -&gt; xpath: //p//word], [[FirefoxDriver: firefox on LINUX (358f877c-4143-452f-ab4d-589327eb2715)] -&gt; xpath: //p//word], [[FirefoxDriver: firefox on LINUX (358f877c-4143-452f-ab4d-589327eb2715)] -&gt; xpath: //p//word], [[FirefoxDriver: firefox on LINUX (358f877c-4143-452f-ab4d-589327eb2715)] -&gt; xpath: //p//word], [[FirefoxDriver: firefox on LINUX (358f877c-4143-452f-ab4d-589327eb2715)] -&gt; xpath: //p//word], [[FirefoxDriver: firefox on LINUX (358f877c-4143-452f-ab4d-589327eb2715)] -&gt; xpath: //p//word], [[FirefoxDriver: firefox on LINUX (358f877c-4143-452f-ab4d-589327eb2715)] -&gt; xpath: //p//word], [[FirefoxDriver: firefox on LINUX (358f877c-4143-452f-ab4d-589327eb2715)] -&gt; xpath: //p//word], [[FirefoxDriver: firefox on LINUX (358f877c-4143-452f-ab4d-589327eb2715)] -&gt; xpath: //p//word], [[FirefoxDriver: firefox on LINUX (358f877c-4143-452f-ab4d-589327eb2715)] -&gt; xpath: //p//word], [[FirefoxDriver: firefox on LINUX (358f877c-4143-452f-ab4d-589327eb2715)] -&gt; xpath: //p//word], [[FirefoxDriver: firefox on LINUX (358f877c-4143-452f-ab4d-589327eb2715)] -&gt; xpath: //p//word], [[FirefoxDriver: firefox on LINUX (358f877c-4143-452f-ab4d-589327eb2715)] -&gt; xpath: //p//word], [[FirefoxDriver: firefox on LINUX (358f877c-4143-452f-ab4d-589327eb2715)] -&gt; xpath: //p//word], [[FirefoxDriver: firefox on LINUX (358f877c-4143-452f-ab4d-589327eb2715)] -&gt; xpath: //p//word], [[FirefoxDriver: firefox on LINUX (358f877c-4143-452f-ab4d-589327eb2715)] -&gt; xpath: //p//word], [[FirefoxDriver: firefox on LINUX (358f877c-4143-452f-ab4d-589327eb2715)] -&gt; xpath: //p//word], [[FirefoxDriver: firefox on LINUX (358f877c-4143-452f-ab4d-589327eb2715)] -&gt; xpath: //p//word], [[FirefoxDriver: firefox on LINUX (358f877c-4143-452f-ab4d-589327eb2715)] -&gt; xpath: //p//word], [[FirefoxDriver: firefox on LINUX (358f877c-4143-452f-ab4d-589327eb2715)] -&gt; xpath: //p//word], [[FirefoxDriver: firefox on LINUX (358f877c-4143-452f-ab4d-589327eb2715)] -&gt; xpath: //p//word], [[FirefoxDriver: firefox on LINUX (358f877c-4143-452f-ab4d-589327eb2715)] -&gt; xpath: //p//word], [[FirefoxDriver: firefox on LINUX (358f877c-4143-452f-ab4d-589327eb2715)] -&gt; xpath: //p//word], [[FirefoxDriver: firefox on LINUX (358f877c-4143-452f-ab4d-589327eb2715)] -&gt; xpath: //p//word], [[FirefoxDriver: firefox on LINUX (358f877c-4143-452f-ab4d-589327eb2715)] -&gt; xpath: //p//word], [[FirefoxDriver: firefox on LINUX (358f877c-4143-452f-ab4d-589327eb2715)] -&gt; xpath: //p//word], [[FirefoxDriver: firefox on LINUX (358f877c-4143-452f-ab4d-589327eb2715)] -&gt; xpath: //p//word], [[FirefoxDriver: firefox on LINUX (358f877c-4143-452f-ab4d-589327eb2715)] -&gt; xpath: //p//word], [[FirefoxDriver: firefox on LINUX (358f877c-4143-452f-ab4d-589327eb2715)] -&gt; xpath: //p//word], [[FirefoxDriver: firefox on LINUX (358f877c-4143-452f-ab4d-589327eb2715)] -&gt; xpath: //p//word], [[FirefoxDriver: firefox on LINUX (358f877c-4143-452f-ab4d-589327eb2715)] -&gt; xpath: //p//word], [[FirefoxDriver: firefox on LINUX (358f877c-4143-452f-ab4d-589327eb2715)] -&gt; xpath: //p//word], [[FirefoxDriver: firefox on LINUX (358f877c-4143-452f-ab4d-589327eb2715)] -&gt; xpath: //p//word], [[FirefoxDriver: firefox on LINUX (358f877c-4143-452f-ab4d-589327eb2715)] -&gt; xpath: //p//word], [[FirefoxDriver: firefox on LINUX (358f877c-4143-452f-ab4d-589327eb2715)] -&gt; xpath: //p//word], [[FirefoxDriver: firefox on LINUX (358f877c-4143-452f-ab4d-589327eb2715)] -&gt; xpath: //p//word], [[FirefoxDriver: firefox on LINUX (358f877c-4143-452f-ab4d-589327eb2715)] -&gt; xpath: //p//word], [[FirefoxDriver: firefox on LINUX (358f877c-4143-452f-ab4d-589327eb2715)] -&gt; xpath: //p//word], [[FirefoxDriver: firefox on LINUX (358f877c-4143-452f-ab4d-589327eb2715)] -&gt; xpath: //p//word], [[FirefoxDriver: firefox on LINUX (358f877c-4143-452f-ab4d-589327eb2715)] -&gt; xpath: //p//word], [[FirefoxDriver: firefox on LINUX (358f877c-4143-452f-ab4d-589327eb2715)] -&gt; xpath: //p//word], [[FirefoxDriver: firefox on LINUX (358f877c-4143-452f-ab4d-589327eb2715)] -&gt; xpath: //p//word], [[FirefoxDriver: firefox on LINUX (358f877c-4143-452f-ab4d-589327eb2715)] -&gt; xpath: //p//word], [[FirefoxDriver: firefox on LINUX (358f877c-4143-452f-ab4d-589327eb2715)] -&gt; xpath: //p//word], [[FirefoxDriver: firefox on LINUX (358f877c-4143-452f-ab4d-589327eb2715)] -&gt; xpath: //p//word], [[FirefoxDriver: firefox on LINUX (358f877c-4143-452f-ab4d-589327eb2715)] -&gt; xpath: //p//word], [[FirefoxDriver: firefox on LINUX (358f877c-4143-452f-ab4d-589327eb2715)] -&gt; xpath: //p//word], [[FirefoxDriver: firefox on LINUX (358f877c-4143-452f-ab4d-589327eb2715)] -&gt; xpath: //p//word], [[FirefoxDriver: firefox on LINUX (358f877c-4143-452f-ab4d-589327eb2715)] -&gt; xpath: //p//word], [[FirefoxDriver: firefox on LINUX (358f877c-4143-452f-ab4d-589327eb2715)] -&gt; xpath: //p//word], [[FirefoxDriver: firefox on LINUX (358f877c-4143-452f-ab4d-589327eb2715)] -&gt; xpath: //p//word], [[FirefoxDriver: firefox on LINUX (358f877c-4143-452f-ab4d-589327eb2715)] -&gt; xpath: //p//word], [[FirefoxDriver: firefox on LINUX (358f877c-4143-452f-ab4d-589327eb2715)] -&gt; xpath: //p//word], [[FirefoxDriver: firefox on LINUX (358f877c-4143-452f-ab4d-589327eb2715)] -&gt; xpath: //p//word], [[FirefoxDriver: firefox on LINUX (358f877c-4143-452f-ab4d-589327eb2715)] -&gt; xpath: //p//word], [[FirefoxDriver: firefox on LINUX (358f877c-4143-452f-ab4d-589327eb2715)] -&gt; xpath: //p//word], [[FirefoxDriver: firefox on LINUX (358f877c-4143-452f-ab4d-589327eb2715)] -&gt; xpath: //p//word], [[FirefoxDriver: firefox on LINUX (358f877c-4143-452f-ab4d-589327eb2715)] -&gt; xpath: //p//word], [[FirefoxDriver: firefox on LINUX (358f877c-4143-452f-ab4d-589327eb2715)] -&gt; xpath: //p//word], [[FirefoxDriver: firefox on LINUX (358f877c-4143-452f-ab4d-589327eb2715)] -&gt; xpath: //p//word], [[FirefoxDriver: firefox on LINUX (358f877c-4143-452f-ab4d-589327eb2715)] -&gt; xpath: //p//word], [[FirefoxDriver: firefox on LINUX (358f877c-4143-452f-ab4d-589327eb2715)] -&gt; xpath: //p//word], [[FirefoxDriver: firefox on LINUX (358f877c-4143-452f-ab4d-589327eb2715)] -&gt; xpath: //p//word], [[FirefoxDriver: firefox on LINUX (358f877c-4143-452f-ab4d-589327eb2715)] -&gt; xpath: //p//word], [[FirefoxDriver: firefox on LINUX (358f877c-4143-452f-ab4d-589327eb2715)] -&gt; xpath: //p//word], [[FirefoxDriver: firefox on LINUX (358f877c-4143-452f-ab4d-589327eb2715)] -&gt; xpath: //p//word], [[FirefoxDriver: firefox on LINUX (358f877c-4143-452f-ab4d-589327eb2715)] -&gt; xpath: //p//word], [[FirefoxDriver: firefox on LINUX (358f877c-4143-452f-ab4d-589327eb2715)] -&gt; xpath: //p//word], [[FirefoxDriver: firefox on LINUX (358f877c-4143-452f-ab4d-589327eb2715)] -&gt; xpath: //p//word], [[FirefoxDriver: firefox on LINUX (358f877c-4143-452f-ab4d-589327eb2715)] -&gt; xpath: //p//word], [[FirefoxDriver: firefox on LINUX (358f877c-4143-452f-ab4d-589327eb2715)] -&gt; xpath: //p//word], [[FirefoxDriver: firefox on LINUX (358f877c-4143-452f-ab4d-589327eb2715)] -&gt; xpath: //p//word], [[FirefoxDriver: firefox on LINUX (358f877c-4143-452f-ab4d-589327eb2715)] -&gt; xpath: //p//word], [[FirefoxDriver: firefox on LINUX (358f877c-4143-452f-ab4d-589327eb2715)] -&gt; xpath: //p//word], [[FirefoxDriver: firefox on LINUX (358f877c-4143-452f-ab4d-589327eb2715)] -&gt; xpath: //p//word], [[FirefoxDriver: firefox on LINUX (358f877c-4143-452f-ab4d-589327eb2715)] -&gt; xpath: //p//word], [[FirefoxDriver: firefox on LINUX (358f877c-4143-452f-ab4d-589327eb2715)] -&gt; xpath: //p//word], [[FirefoxDriver: firefox on LINUX (358f877c-4143-452f-ab4d-589327eb2715)] -&gt; xpath: //p//word], [[FirefoxDriver: firefox on LINUX (358f877c-4143-452f-ab4d-589327eb2715)] -&gt; xpath: //p//word], [[FirefoxDriver: firefox on LINUX (358f877c-4143-452f-ab4d-589327eb2715)] -&gt; xpath: //p//word], [[FirefoxDriver: firefox on LINUX (358f877c-4143-452f-ab4d-589327eb2715)] -&gt; xpath: //p//word], [[FirefoxDriver: firefox on LINUX (358f877c-4143-452f-ab4d-589327eb2715)] -&gt; xpath: //p//word], [[FirefoxDriver: firefox on LINUX (358f877c-4143-452f-ab4d-589327eb2715)] -&gt; xpath: //p//word], [[FirefoxDriver: firefox on LINUX (358f877c-4143-452f-ab4d-589327eb2715)] -&gt; xpath: //p//word], [[FirefoxDriver: firefox on LINUX (358f877c-4143-452f-ab4d-589327eb2715)] -&gt; xpath: //p//word], [[FirefoxDriver: firefox on LINUX (358f877c-4143-452f-ab4d-589327eb2715)] -&gt; xpath: //p//word], [[FirefoxDriver: firefox on LINUX (358f877c-4143-452f-ab4d-589327eb2715)] -&gt; xpath: //p//word], [[FirefoxDriver: firefox on LINUX (358f877c-4143-452f-ab4d-589327eb2715)] -&gt; xpath: //p//word], [[FirefoxDriver: firefox on LINUX (358f877c-4143-452f-ab4d-589327eb2715)] -&gt; xpath: //p//word], [[FirefoxDriver: firefox on LINUX (358f877c-4143-452f-ab4d-589327eb2715)] -&gt; xpath: //p//word], [[FirefoxDriver: firefox on LINUX (358f877c-4143-452f-ab4d-589327eb2715)] -&gt; xpath: //p//word], [[FirefoxDriver: firefox on LINUX (358f877c-4143-452f-ab4d-589327eb2715)] -&gt; xpath: //p//word], [[FirefoxDriver: firefox on LINUX (358f877c-4143-452f-ab4d-589327eb2715)] -&gt; xpath: //p//word], [[FirefoxDriver: firefox on LINUX (358f877c-4143-452f-ab4d-589327eb2715)] -&gt; xpath: //p//word], [[FirefoxDriver: firefox on LINUX (358f877c-4143-452f-ab4d-589327eb2715)] -&gt; xpath: //p//word], [[FirefoxDriver: firefox on LINUX (358f877c-4143-452f-ab4d-589327eb2715)] -&gt; xpath: //p//word], [[FirefoxDriver: firefox on LINUX (358f877c-4143-452f-ab4d-589327eb2715)] -&gt; xpath: //p//word], [[FirefoxDriver: firefox on LINUX (358f877c-4143-452f-ab4d-589327eb2715)] -&gt; xpath: //p//word], [[FirefoxDriver: firefox on LINUX (358f877c-4143-452f-ab4d-589327eb2715)] -&gt; xpath: //p//word], [[FirefoxDriver: firefox on LINUX (358f877c-4143-452f-ab4d-589327eb2715)] -&gt; xpath: //p//word], [[FirefoxDriver: firefox on LINUX (358f877c-4143-452f-ab4d-589327eb2715)] -&gt; xpath: //p//word], [[FirefoxDriver: firefox on LINUX (358f877c-4143-452f-ab4d-589327eb2715)] -&gt; xpath: //p//word], [[FirefoxDriver: firefox on LINUX (358f877c-4143-452f-ab4d-589327eb2715)] -&gt; xpath: //p//word], [[FirefoxDriver: firefox on LINUX (358f877c-4143-452f-ab4d-589327eb2715)] -&gt; xpath: //p//word], [[FirefoxDriver: firefox on LINUX (358f877c-4143-452f-ab4d-589327eb2715)] -&gt; xpath: //p//word], [[FirefoxDriver: firefox on LINUX (358f877c-4143-452f-ab4d-589327eb2715)] -&gt; xpath: //p//word], [[FirefoxDriver: firefox on LINUX (358f877c-4143-452f-ab4d-589327eb2715)] -&gt; xpath: //p//word], [[FirefoxDriver: firefox on LINUX (358f877c-4143-452f-ab4d-589327eb2715)] -&gt; xpath: //p//word], [[FirefoxDriver: firefox on LINUX (358f877c-4143-452f-ab4d-589327eb2715)] -&gt; xpath: //p//word], [[FirefoxDriver: firefox on LINUX (358f877c-4143-452f-ab4d-589327eb2715)] -&gt; xpath: //p//word], [[FirefoxDriver: firefox on LINUX (358f877c-4143-452f-ab4d-589327eb2715)] -&gt; xpath: //p//word], [[FirefoxDriver: firefox on LINUX (358f877c-4143-452f-ab4d-589327eb2715)] -&gt; xpath: //p//word], [[FirefoxDriver: firefox on LINUX (358f877c-4143-452f-ab4d-589327eb2715)] -&gt; xpath: //p//word], [[FirefoxDriver: firefox on LINUX (358f877c-4143-452f-ab4d-589327eb2715)] -&gt; xpath: //p//word], [[FirefoxDriver: firefox on LINUX (358f877c-4143-452f-ab4d-589327eb2715)] -&gt; xpath: //p//word], [[FirefoxDriver: firefox on LINUX (358f877c-4143-452f-ab4d-589327eb2715)] -&gt; xpath: //p//word], [[FirefoxDriver: firefox on LINUX (358f877c-4143-452f-ab4d-589327eb2715)] -&gt; xpath: //p//word], [[FirefoxDriver: firefox on LINUX (358f877c-4143-452f-ab4d-589327eb2715)] -&gt; xpath: //p//word], [[FirefoxDriver: firefox on LINUX (358f877c-4143-452f-ab4d-589327eb2715)] -&gt; xpath: //p//word], [[FirefoxDriver: firefox on LINUX (358f877c-4143-452f-ab4d-589327eb2715)] -&gt; xpath: //p//word], [[FirefoxDriver: firefox on LINUX (358f877c-4143-452f-ab4d-589327eb2715)] -&gt; xpath: //p//word], [[FirefoxDriver: firefox on LINUX (358f877c-4143-452f-ab4d-589327eb2715)] -&gt; xpath: //p//word], [[FirefoxDriver: firefox on LINUX (358f877c-4143-452f-ab4d-589327eb2715)] -&gt; xpath: //p//word], [[FirefoxDriver: firefox on LINUX (358f877c-4143-452f-ab4d-589327eb2715)] -&gt; xpath: //p//word], [[FirefoxDriver: firefox on LINUX (358f877c-4143-452f-ab4d-589327eb2715)] -&gt; xpath: //p//word], [[FirefoxDriver: firefox on LINUX (358f877c-4143-452f-ab4d-589327eb2715)] -&gt; xpath: //p//word], [[FirefoxDriver: firefox on LINUX (358f877c-4143-452f-ab4d-589327eb2715)] -&gt; xpath: //p//word], [[FirefoxDriver: firefox on LINUX (358f877c-4143-452f-ab4d-589327eb2715)] -&gt; xpath: //p//word], [[FirefoxDriver: firefox on LINUX (358f877c-4143-452f-ab4d-589327eb2715)] -&gt; xpath: //p//word], [[FirefoxDriver: firefox on LINUX (358f877c-4143-452f-ab4d-589327eb2715)] -&gt; xpath: //p//word], [[FirefoxDriver: firefox on LINUX (358f877c-4143-452f-ab4d-589327eb2715)] -&gt; xpath: //p//word], [[FirefoxDriver: firefox on LINUX (358f877c-4143-452f-ab4d-589327eb2715)] -&gt; xpath: //p//word], [[FirefoxDriver: firefox on LINUX (358f877c-4143-452f-ab4d-589327eb2715)] -&gt; xpath: //p//word], [[FirefoxDriver: firefox on LINUX (358f877c-4143-452f-ab4d-589327eb2715)] -&gt; xpath: //p//word], [[FirefoxDriver: firefox on LINUX (358f877c-4143-452f-ab4d-589327eb2715)] -&gt; xpath: //p//word], [[FirefoxDriver: firefox on LINUX (358f877c-4143-452f-ab4d-589327eb2715)] -&gt; xpath: //p//word], [[FirefoxDriver: firefox on LINUX (358f877c-4143-452f-ab4d-589327eb2715)] -&gt; xpath: //p//word], [[FirefoxDriver: firefox on LINUX (358f877c-4143-452f-ab4d-589327eb2715)] -&gt; xpath: //p//word], [[FirefoxDriver: firefox on LINUX (358f877c-4143-452f-ab4d-589327eb2715)] -&gt; xpath: //p//word], [[FirefoxDriver: firefox on LINUX (358f877c-4143-452f-ab4d-589327eb2715)] -&gt; xpath: //p//word], [[FirefoxDriver: firefox on LINUX (358f877c-4143-452f-ab4d-589327eb2715)] -&gt; xpath: //p//word], [[FirefoxDriver: firefox on LINUX (358f877c-4143-452f-ab4d-589327eb2715)] -&gt; xpath: //p//word], [[FirefoxDriver: firefox on LINUX (358f877c-4143-452f-ab4d-589327eb2715)] -&gt; xpath: //p//word], [[FirefoxDriver: firefox on LINUX (358f877c-4143-452f-ab4d-589327eb2715)] -&gt; xpath: //p//word], [[FirefoxDriver: firefox on LINUX (358f877c-4143-452f-ab4d-589327eb2715)] -&gt; xpath: //p//word], [[FirefoxDriver: firefox on LINUX (358f877c-4143-452f-ab4d-589327eb2715)] -&gt; xpath: //p//word], [[FirefoxDriver: firefox on LINUX (358f877c-4143-452f-ab4d-589327eb2715)] -&gt; xpath: //p//word], [[FirefoxDriver: firefox on LINUX (358f877c-4143-452f-ab4d-589327eb2715)] -&gt; xpath: //p//word], [[FirefoxDriver: firefox on LINUX (358f877c-4143-452f-ab4d-589327eb2715)] -&gt; xpath: //p//word], [[FirefoxDriver: firefox on LINUX (358f877c-4143-452f-ab4d-589327eb2715)] -&gt; xpath: //p//word], [[FirefoxDriver: firefox on LINUX (358f877c-4143-452f-ab4d-589327eb2715)] -&gt; xpath: //p//word], [[FirefoxDriver: firefox on LINUX (358f877c-4143-452f-ab4d-589327eb2715)] -&gt; xpath: //p//word], [[FirefoxDriver: firefox on LINUX (358f877c-4143-452f-ab4d-589327eb2715)] -&gt; xpath: //p//word], [[FirefoxDriver: firefox on LINUX (358f877c-4143-452f-ab4d-589327eb2715)] -&gt; xpath: //p//word], [[FirefoxDriver: firefox on LINUX (358f877c-4143-452f-ab4d-589327eb2715)] -&gt; xpath: //p//word], [[FirefoxDriver: firefox on LINUX (358f877c-4143-452f-ab4d-589327eb2715)] -&gt; xpath: //p//word], [[FirefoxDriver: firefox on LINUX (358f877c-4143-452f-ab4d-589327eb2715)] -&gt; xpath: //p//word], [[FirefoxDriver: firefox on LINUX (358f877c-4143-452f-ab4d-589327eb2715)] -&gt; xpath: //p//word], [[FirefoxDriver: firefox on LINUX (358f877c-4143-452f-ab4d-589327eb2715)] -&gt; xpath: //p//word], [[FirefoxDriver: firefox on LINUX (358f877c-4143-452f-ab4d-589327eb2715)] -&gt; xpath: //p//word], [[FirefoxDriver: firefox on LINUX (358f877c-4143-452f-ab4d-589327eb2715)] -&gt; xpath: //p//word], [[FirefoxDriver: firefox on LINUX (358f877c-4143-452f-ab4d-589327eb2715)] -&gt; xpath: //p//word], [[FirefoxDriver: firefox on LINUX (358f877c-4143-452f-ab4d-589327eb2715)] -&gt; xpath: //p//word], [[FirefoxDriver: firefox on LINUX (358f877c-4143-452f-ab4d-589327eb2715)] -&gt; xpath: //p//word], [[FirefoxDriver: firefox on LINUX (358f877c-4143-452f-ab4d-589327eb2715)] -&gt; xpath: //p//word], [[FirefoxDriver: firefox on LINUX (358f877c-4143-452f-ab4d-589327eb2715)] -&gt; xpath: //p//word], [[FirefoxDriver: firefox on LINUX (358f877c-4143-452f-ab4d-589327eb2715)] -&gt; xpath: //p//word], [[FirefoxDriver: firefox on LINUX (358f877c-4143-452f-ab4d-589327eb2715)] -&gt; xpath: //p//word], [[FirefoxDriver: firefox on LINUX (358f877c-4143-452f-ab4d-589327eb2715)] -&gt; xpath: //p//word], [[FirefoxDriver: firefox on LINUX (358f877c-4143-452f-ab4d-589327eb2715)] -&gt; xpath: //p//word], [[FirefoxDriver: firefox on LINUX (358f877c-4143-452f-ab4d-589327eb2715)] -&gt; xpath: //p//word], [[FirefoxDriver: firefox on LINUX (358f877c-4143-452f-ab4d-589327eb2715)] -&gt; xpath: //p//word], [[FirefoxDriver: firefox on LINUX (358f877c-4143-452f-ab4d-589327eb2715)] -&gt; xpath: //p//word], [[FirefoxDriver: firefox on LINUX (358f877c-4143-452f-ab4d-589327eb2715)] -&gt; xpath: //p//word], [[FirefoxDriver: firefox on LINUX (358f877c-4143-452f-ab4d-589327eb2715)] -&gt; xpath: //p//word], [[FirefoxDriver: firefox on LINUX (358f877c-4143-452f-ab4d-589327eb2715)] -&gt; xpath: //p//word], [[FirefoxDriver: firefox on LINUX (358f877c-4143-452f-ab4d-589327eb2715)] -&gt; xpath: //p//word], [[FirefoxDriver: firefox on LINUX (358f877c-4143-452f-ab4d-589327eb2715)] -&gt; xpath: //p//word], [[FirefoxDriver: firefox on LINUX (358f877c-4143-452f-ab4d-589327eb2715)] -&gt; xpath: //p//word], [[FirefoxDriver: firefox on LINUX (358f877c-4143-452f-ab4d-589327eb2715)] -&gt; xpath: //p//word], [[FirefoxDriver: firefox on LINUX (358f877c-4143-452f-ab4d-589327eb2715)] -&gt; xpath: //p//word], [[FirefoxDriver: firefox on LINUX (358f877c-4143-452f-ab4d-589327eb2715)] -&gt; xpath: //p//word], [[FirefoxDriver: firefox on LINUX (358f877c-4143-452f-ab4d-589327eb2715)] -&gt; xpath: //p//word], [[FirefoxDriver: firefox on LINUX (358f877c-4143-452f-ab4d-589327eb2715)] -&gt; xpath: //p//word], [[FirefoxDriver: firefox on LINUX (358f877c-4143-452f-ab4d-589327eb2715)] -&gt; xpath: //p//word], [[FirefoxDriver: firefox on LINUX (358f877c-4143-452f-ab4d-589327eb2715)] -&gt; xpath: //p//word], [[FirefoxDriver: firefox on LINUX (358f877c-4143-452f-ab4d-589327eb2715)] -&gt; xpath: //p//word], [[FirefoxDriver: firefox on LINUX (358f877c-4143-452f-ab4d-589327eb2715)] -&gt; xpath: //p//word], [[FirefoxDriver: firefox on LINUX (358f877c-4143-452f-ab4d-589327eb2715)] -&gt; xpath: //p//word], [[FirefoxDriver: firefox on LINUX (358f877c-4143-452f-ab4d-589327eb2715)] -&gt; xpath: //p//word], [[FirefoxDriver: firefox on LINUX (358f877c-4143-452f-ab4d-589327eb2715)] -&gt; xpath: //p//word], [[FirefoxDriver: firefox on LINUX (358f877c-4143-452f-ab4d-589327eb2715)] -&gt; xpath: //p//word], [[FirefoxDriver: firefox on LINUX (358f877c-4143-452f-ab4d-589327eb2715)] -&gt; xpath: //p//word], [[FirefoxDriver: firefox on LINUX (358f877c-4143-452f-ab4d-589327eb2715)] -&gt; xpath: //p//word], [[FirefoxDriver: firefox on LINUX (358f877c-4143-452f-ab4d-589327eb2715)] -&gt; xpath: //p//word], [[FirefoxDriver: firefox on LINUX (358f877c-4143-452f-ab4d-589327eb2715)] -&gt; xpath: //p//word], [[FirefoxDriver: firefox on LINUX (358f877c-4143-452f-ab4d-589327eb2715)] -&gt; xpath: //p//word], [[FirefoxDriver: firefox on LINUX (358f877c-4143-452f-ab4d-589327eb2715)] -&gt; xpath: //p//word], [[FirefoxDriver: firefox on LINUX (358f877c-4143-452f-ab4d-589327eb2715)] -&gt; xpath: //p//word], [[FirefoxDriver: firefox on LINUX (358f877c-4143-452f-ab4d-589327eb2715)] -&gt; xpath: //p//word], [[FirefoxDriver: firefox on LINUX (358f877c-4143-452f-ab4d-589327eb2715)] -&gt; xpath: //p//word], [[FirefoxDriver: firefox on LINUX (358f877c-4143-452f-ab4d-589327eb2715)] -&gt; xpath: //p//word], [[FirefoxDriver: firefox on LINUX (358f877c-4143-452f-ab4d-589327eb2715)] -&gt; xpath: //p//word], [[FirefoxDriver: firefox on LINUX (358f877c-4143-452f-ab4d-589327eb2715)] -&gt; xpath: //p//word], [[FirefoxDriver: firefox on LINUX (358f877c-4143-452f-ab4d-589327eb2715)] -&gt; xpath: //p//word], [[FirefoxDriver: firefox on LINUX (358f877c-4143-452f-ab4d-589327eb2715)] -&gt; xpath: //p//word], [[FirefoxDriver: firefox on LINUX (358f877c-4143-452f-ab4d-589327eb2715)] -&gt; xpath: //p//word], [[FirefoxDriver: firefox on LINUX (358f877c-4143-452f-ab4d-589327eb2715)] -&gt; xpath: //p//word], [[FirefoxDriver: firefox on LINUX (358f877c-4143-452f-ab4d-589327eb2715)] -&gt; xpath: //p//word], [[FirefoxDriver: firefox on LINUX (358f877c-4143-452f-ab4d-589327eb2715)] -&gt; xpath: //p//word], [[FirefoxDriver: firefox on LINUX (358f877c-4143-452f-ab4d-589327eb2715)] -&gt; xpath: //p//word], [[FirefoxDriver: firefox on LINUX (358f877c-4143-452f-ab4d-589327eb2715)] -&gt; xpath: //p//word], [[FirefoxDriver: firefox on LINUX (358f877c-4143-452f-ab4d-589327eb2715)] -&gt; xpath: //p//word], [[FirefoxDriver: firefox on LINUX (358f877c-4143-452f-ab4d-589327eb2715)] -&gt; xpath: //p//word], [[FirefoxDriver: firefox on LINUX (358f877c-4143-452f-ab4d-589327eb2715)] -&gt; xpath: //p//word], [[FirefoxDriver: firefox on LINUX (358f877c-4143-452f-ab4d-589327eb2715)] -&gt; xpath: //p//word], [[FirefoxDriver: firefox on LINUX (358f877c-4143-452f-ab4d-589327eb2715)] -&gt; xpath: //p//word], [[FirefoxDriver: firefox on LINUX (358f877c-4143-452f-ab4d-589327eb2715)] -&gt; xpath: //p//word], [[FirefoxDriver: firefox on LINUX (358f877c-4143-452f-ab4d-589327eb2715)] -&gt; xpath: //p//word], [[FirefoxDriver: firefox on LINUX (358f877c-4143-452f-ab4d-589327eb2715)] -&gt; xpath: //p//word], [[FirefoxDriver: firefox on LINUX (358f877c-4143-452f-ab4d-589327eb2715)] -&gt; xpath: //p//word], [[FirefoxDriver: firefox on LINUX (358f877c-4143-452f-ab4d-589327eb2715)] -&gt; xpath: //p//word], [[FirefoxDriver: firefox on LINUX (358f877c-4143-452f-ab4d-589327eb2715)] -&gt; xpath: //p//word], [[FirefoxDriver: firefox on LINUX (358f877c-4143-452f-ab4d-589327eb2715)] -&gt; xpath: //p//word], [[FirefoxDriver: firefox on LINUX (358f877c-4143-452f-ab4d-589327eb2715)] -&gt; xpath: //p//word], [[FirefoxDriver: firefox on LINUX (358f877c-4143-452f-ab4d-589327eb2715)] -&gt; xpath: //p//word], [[FirefoxDriver: firefox on LINUX (358f877c-4143-452f-ab4d-589327eb2715)] -&gt; xpath: //p//word], [[FirefoxDriver: firefox on LINUX (358f877c-4143-452f-ab4d-589327eb2715)] -&gt; xpath: //p//word], [[FirefoxDriver: firefox on LINUX (358f877c-4143-452f-ab4d-589327eb2715)] -&gt; xpath: //p//word], [[FirefoxDriver: firefox on LINUX (358f877c-4143-452f-ab4d-589327eb2715)] -&gt; xpath: //p//word], [[FirefoxDriver: firefox on LINUX (358f877c-4143-452f-ab4d-589327eb2715)] -&gt; xpath: //p//word], [[FirefoxDriver: firefox on LINUX (358f877c-4143-452f-ab4d-589327eb2715)] -&gt; xpath: //p//word], [[FirefoxDriver: firefox on LINUX (358f877c-4143-452f-ab4d-589327eb2715)] -&gt; xpath: //p//word], [[FirefoxDriver: firefox on LINUX (358f877c-4143-452f-ab4d-589327eb2715)] -&gt; xpath: //p//word], [[FirefoxDriver: firefox on LINUX (358f877c-4143-452f-ab4d-589327eb2715)] -&gt; xpath: //p//word], [[FirefoxDriver: firefox on LINUX (358f877c-4143-452f-ab4d-589327eb2715)] -&gt; xpath: //p//word], [[FirefoxDriver: firefox on LINUX (358f877c-4143-452f-ab4d-589327eb2715)] -&gt; xpath: //p//word], [[FirefoxDriver: firefox on LINUX (358f877c-4143-452f-ab4d-589327eb2715)] -&gt; xpath: //p//word], [[FirefoxDriver: firefox on LINUX (358f877c-4143-452f-ab4d-589327eb2715)] -&gt; xpath: //p//word], [[FirefoxDriver: firefox on LINUX (358f877c-4143-452f-ab4d-589327eb2715)] -&gt; xpath: //p//word], [[FirefoxDriver: firefox on LINUX (358f877c-4143-452f-ab4d-589327eb2715)] -&gt; xpath: //p//word], [[FirefoxDriver: firefox on LINUX (358f877c-4143-452f-ab4d-589327eb2715)] -&gt; xpath: //p//word], [[FirefoxDriver: firefox on LINUX (358f877c-4143-452f-ab4d-589327eb2715)] -&gt; xpath: //p//word], [[FirefoxDriver: firefox on LINUX (358f877c-4143-452f-ab4d-589327eb2715)] -&gt; xpath: //p//word], [[FirefoxDriver: firefox on LINUX (358f877c-4143-452f-ab4d-589327eb2715)] -&gt; xpath: //p//word], [[FirefoxDriver: firefox on LINUX (358f877c-4143-452f-ab4d-589327eb2715)] -&gt; xpath: //p//word], [[FirefoxDriver: firefox on LINUX (358f877c-4143-452f-ab4d-589327eb2715)] -&gt; xpath: //p//word], [[FirefoxDriver: firefox on LINUX (358f877c-4143-452f-ab4d-589327eb2715)] -&gt; xpath: //p//word], [[FirefoxDriver: firefox on LINUX (358f877c-4143-452f-ab4d-589327eb2715)] -&gt; xpath: //p//word], [[FirefoxDriver: firefox on LINUX (358f877c-4143-452f-ab4d-589327eb2715)] -&gt; xpath: //p//word], [[FirefoxDriver: firefox on LINUX (358f877c-4143-452f-ab4d-589327eb2715)] -&gt; xpath: //p//word], [[FirefoxDriver: firefox on LINUX (358f877c-4143-452f-ab4d-589327eb2715)] -&gt; xpath: //p//word], [[FirefoxDriver: firefox on LINUX (358f877c-4143-452f-ab4d-589327eb2715)] -&gt; xpath: //p//word], [[FirefoxDriver: firefox on LINUX (358f877c-4143-452f-ab4d-589327eb2715)] -&gt; xpath: //p//word], [[FirefoxDriver: firefox on LINUX (358f877c-4143-452f-ab4d-589327eb2715)] -&gt; xpath: //p//word], [[FirefoxDriver: firefox on LINUX (358f877c-4143-452f-ab4d-589327eb2715)] -&gt; xpath: //p//word], [[FirefoxDriver: firefox on LINUX (358f877c-4143-452f-ab4d-589327eb2715)] -&gt; xpath: //p//word], [[FirefoxDriver: firefox on LINUX (358f877c-4143-452f-ab4d-589327eb2715)] -&gt; xpath: //p//word], [[FirefoxDriver: firefox on LINUX (358f877c-4143-452f-ab4d-589327eb2715)] -&gt; xpath: //p//word], [[FirefoxDriver: firefox on LINUX (358f877c-4143-452f-ab4d-589327eb2715)] -&gt; xpath: //p//word], [[FirefoxDriver: firefox on LINUX (358f877c-4143-452f-ab4d-589327eb2715)] -&gt; xpath: //p//word], [[FirefoxDriver: firefox on LINUX (358f877c-4143-452f-ab4d-589327eb2715)] -&gt; xpath: //p//word], [[FirefoxDriver: firefox on LINUX (358f877c-4143-452f-ab4d-589327eb2715)] -&gt; xpath: //p//word], [[FirefoxDriver: firefox on LINUX (358f877c-4143-452f-ab4d-589327eb2715)] -&gt; xpath: //p//word], [[FirefoxDriver: firefox on LINUX (358f877c-4143-452f-ab4d-589327eb2715)] -&gt; xpath: //p//word], [[FirefoxDriver: firefox on LINUX (358f877c-4143-452f-ab4d-589327eb2715)] -&gt; xpath: //p//word], [[FirefoxDriver: firefox on LINUX (358f877c-4143-452f-ab4d-589327eb2715)] -&gt; xpath: //p//word], [[FirefoxDriver: firefox on LINUX (358f877c-4143-452f-ab4d-589327eb2715)] -&gt; xpath: //p//word], [[FirefoxDriver: firefox on LINUX (358f877c-4143-452f-ab4d-589327eb2715)] -&gt; xpath: //p//word], [[FirefoxDriver: firefox on LINUX (358f877c-4143-452f-ab4d-589327eb2715)] -&gt; xpath: //p//word], [[FirefoxDriver: firefox on LINUX (358f877c-4143-452f-ab4d-589327eb2715)] -&gt; xpath: //p//word], [[FirefoxDriver: firefox on LINUX (358f877c-4143-452f-ab4d-589327eb2715)] -&gt; xpath: //p//word], [[FirefoxDriver: firefox on LINUX (358f877c-4143-452f-ab4d-589327eb2715)] -&gt; xpath: //p//word], [[FirefoxDriver: firefox on LINUX (358f877c-4143-452f-ab4d-589327eb2715)] -&gt; xpath: //p//word], [[FirefoxDriver: firefox on LINUX (358f877c-4143-452f-ab4d-589327eb2715)] -&gt; xpath: //p//word], [[FirefoxDriver: firefox on LINUX (358f877c-4143-452f-ab4d-589327eb2715)] -&gt; xpath: //p//word], [[FirefoxDriver: firefox on LINUX (358f877c-4143-452f-ab4d-589327eb2715)] -&gt; xpath: //p//word], [[FirefoxDriver: firefox on LINUX (358f877c-4143-452f-ab4d-589327eb2715)] -&gt; xpath: //p//word], [[FirefoxDriver: firefox on LINUX (358f877c-4143-452f-ab4d-589327eb2715)] -&gt; xpath: //p//word], [[FirefoxDriver: firefox on LINUX (358f877c-4143-452f-ab4d-589327eb2715)] -&gt; xpath: //p//word], [[FirefoxDriver: firefox on LINUX (358f877c-4143-452f-ab4d-589327eb2715)] -&gt; xpath: //p//word], [[FirefoxDriver: firefox on LINUX (358f877c-4143-452f-ab4d-589327eb2715)] -&gt; xpath: //p//word], [[FirefoxDriver: firefox on LINUX (358f877c-4143-452f-ab4d-589327eb2715)] -&gt; xpath: //p//word], [[FirefoxDriver: firefox on LINUX (358f877c-4143-452f-ab4d-589327eb2715)] -&gt; xpath: //p//word], [[FirefoxDriver: firefox on LINUX (358f877c-4143-452f-ab4d-589327eb2715)] -&gt; xpath: //p//word], [[FirefoxDriver: firefox on LINUX (358f877c-4143-452f-ab4d-589327eb2715)] -&gt; xpath: //p//word], [[FirefoxDriver: firefox on LINUX (358f877c-4143-452f-ab4d-589327eb2715)] -&gt; xpath: //p//word], [[FirefoxDriver: firefox on LINUX (358f877c-4143-452f-ab4d-589327eb2715)] -&gt; xpath: //p//word], [[FirefoxDriver: firefox on LINUX (358f877c-4143-452f-ab4d-589327eb2715)] -&gt; xpath: //p//word], [[FirefoxDriver: firefox on LINUX (358f877c-4143-452f-ab4d-589327eb2715)] -&gt; xpath: //p//word], [[FirefoxDriver: firefox on LINUX (358f877c-4143-452f-ab4d-589327eb2715)] -&gt; xpath: //p//word], [[FirefoxDriver: firefox on LINUX (358f877c-4143-452f-ab4d-589327eb2715)] -&gt; xpath: //p//word], [[FirefoxDriver: firefox on LINUX (358f877c-4143-452f-ab4d-589327eb2715)] -&gt; xpath: //p//word], [[FirefoxDriver: firefox on LINUX (358f877c-4143-452f-ab4d-589327eb2715)] -&gt; xpath: //p//word], [[FirefoxDriver: firefox on LINUX (358f877c-4143-452f-ab4d-589327eb2715)] -&gt; xpath: //p//word], [[FirefoxDriver: firefox on LINUX (358f877c-4143-452f-ab4d-589327eb2715)] -&gt; xpath: //p//word], [[FirefoxDriver: firefox on LINUX (358f877c-4143-452f-ab4d-589327eb2715)] -&gt; xpath: //p//word], [[FirefoxDriver: firefox on LINUX (358f877c-4143-452f-ab4d-589327eb2715)] -&gt; xpath: //p//word], [[FirefoxDriver: firefox on LINUX (358f877c-4143-452f-ab4d-589327eb2715)] -&gt; xpath: //p//word], [[FirefoxDriver: firefox on LINUX (358f877c-4143-452f-ab4d-589327eb2715)] -&gt; xpath: //p//word], [[FirefoxDriver: firefox on LINUX (358f877c-4143-452f-ab4d-589327eb2715)] -&gt; xpath: //p//word], [[FirefoxDriver: firefox on LINUX (358f877c-4143-452f-ab4d-589327eb2715)] -&gt; xpath: //p//word], [[FirefoxDriver: firefox on LINUX (358f877c-4143-452f-ab4d-589327eb2715)] -&gt; xpath: //p//word], [[FirefoxDriver: firefox on LINUX (358f877c-4143-452f-ab4d-589327eb2715)] -&gt; xpath: //p//word], [[FirefoxDriver: firefox on LINUX (358f877c-4143-452f-ab4d-589327eb2715)] -&gt; xpath: //p//word], [[FirefoxDriver: firefox on LINUX (358f877c-4143-452f-ab4d-589327eb2715)] -&gt; xpath: //p//word], [[FirefoxDriver: firefox on LINUX (358f877c-4143-452f-ab4d-589327eb2715)] -&gt; xpath: //p//word], [[FirefoxDriver: firefox on LINUX (358f877c-4143-452f-ab4d-589327eb2715)] -&gt; xpath: //p//word], [[FirefoxDriver: firefox on LINUX (358f877c-4143-452f-ab4d-589327eb2715)] -&gt; xpath: //p//word], [[FirefoxDriver: firefox on LINUX (358f877c-4143-452f-ab4d-589327eb2715)] -&gt; xpath: //p//word], [[FirefoxDriver: firefox on LINUX (358f877c-4143-452f-ab4d-589327eb2715)] -&gt; xpath: //p//word], [[FirefoxDriver: firefox on LINUX (358f877c-4143-452f-ab4d-589327eb2715)] -&gt; xpath: //p//word], [[FirefoxDriver: firefox on LINUX (358f877c-4143-452f-ab4d-589327eb2715)] -&gt; xpath: //p//word], [[FirefoxDriver: firefox on LINUX (358f877c-4143-452f-ab4d-589327eb2715)] -&gt; xpath: //p//word], [[FirefoxDriver: firefox on LINUX (358f877c-4143-452f-ab4d-589327eb2715)] -&gt; xpath: //p//word], [[FirefoxDriver: firefox on LINUX (358f877c-4143-452f-ab4d-589327eb2715)] -&gt; xpath: //p//word], [[FirefoxDriver: firefox on LINUX (358f877c-4143-452f-ab4d-589327eb2715)] -&gt; xpath: //p//word], [[FirefoxDriver: firefox on LINUX (358f877c-4143-452f-ab4d-589327eb2715)] -&gt; xpath: //p//word], [[FirefoxDriver: firefox on LINUX (358f877c-4143-452f-ab4d-589327eb2715)] -&gt; xpath: //p//word], [[FirefoxDriver: firefox on LINUX (358f877c-4143-452f-ab4d-589327eb2715)] -&gt; xpath: //p//word], [[FirefoxDriver: firefox on LINUX (358f877c-4143-452f-ab4d-589327eb2715)] -&gt; xpath: //p//word], [[FirefoxDriver: firefox on LINUX (358f877c-4143-452f-ab4d-589327eb2715)] -&gt; xpath: //p//word], [[FirefoxDriver: firefox on LINUX (358f877c-4143-452f-ab4d-589327eb2715)] -&gt; xpath: //p//word], [[FirefoxDriver: firefox on LINUX (358f877c-4143-452f-ab4d-589327eb2715)] -&gt; xpath: //p//word], [[FirefoxDriver: firefox on LINUX (358f877c-4143-452f-ab4d-589327eb2715)] -&gt; xpath: //p//word], [[FirefoxDriver: firefox on LINUX (358f877c-4143-452f-ab4d-589327eb2715)] -&gt; xpath: //p//word], [[FirefoxDriver: firefox on LINUX (358f877c-4143-452f-ab4d-589327eb2715)] -&gt; xpath: //p//word], [[FirefoxDriver: firefox on LINUX (358f877c-4143-452f-ab4d-589327eb2715)] -&gt; xpath: //p//word], [[FirefoxDriver: firefox on LINUX (358f877c-4143-452f-ab4d-589327eb2715)] -&gt; xpath: //p//word], [[FirefoxDriver: firefox on LINUX (358f877c-4143-452f-ab4d-589327eb2715)] -&gt; xpath: //p//word], [[FirefoxDriver: firefox on LINUX (358f877c-4143-452f-ab4d-589327eb2715)] -&gt; xpath: //p//word], [[FirefoxDriver: firefox on LINUX (358f877c-4143-452f-ab4d-589327eb2715)] -&gt; xpath: //p//word], [[FirefoxDriver: firefox on LINUX (358f877c-4143-452f-ab4d-589327eb2715)] -&gt; xpath: //p//word], [[FirefoxDriver: firefox on LINUX (358f877c-4143-452f-ab4d-589327eb2715)] -&gt; xpath: //p//word], [[FirefoxDriver: firefox on LINUX (358f877c-4143-452f-ab4d-589327eb2715)] -&gt; xpath: //p//word], [[FirefoxDriver: firefox on LINUX (358f877c-4143-452f-ab4d-589327eb2715)] -&gt; xpath: //p//word], [[FirefoxDriver: firefox on LINUX (358f877c-4143-452f-ab4d-589327eb2715)] -&gt; xpath: //p//word], [[FirefoxDriver: firefox on LINUX (358f877c-4143-452f-ab4d-589327eb2715)] -&gt; xpath: //p//word], [[FirefoxDriver: firefox on LINUX (358f877c-4143-452f-ab4d-589327eb2715)] -&gt; xpath: //p//word], [[FirefoxDriver: firefox on LINUX (358f877c-4143-452f-ab4d-589327eb2715)] -&gt; xpath: //p//word], [[FirefoxDriver: firefox on LINUX (358f877c-4143-452f-ab4d-589327eb2715)] -&gt; xpath: //p//word], [[FirefoxDriver: firefox on LINUX (358f877c-4143-452f-ab4d-589327eb2715)] -&gt; xpath: //p//word], [[FirefoxDriver: firefox on LINUX (358f877c-4143-452f-ab4d-589327eb2715)] -&gt; xpath: //p//word], [[FirefoxDriver: firefox on LINUX (358f877c-4143-452f-ab4d-589327eb2715)] -&gt; xpath: //p//word], [[FirefoxDriver: firefox on LINUX (358f877c-4143-452f-ab4d-589327eb2715)] -&gt; xpath: //p//word], [[FirefoxDriver: firefox on LINUX (358f877c-4143-452f-ab4d-589327eb2715)] -&gt; xpath: //p//word], [[FirefoxDriver: firefox on LINUX (358f877c-4143-452f-ab4d-589327eb2715)] -&gt; xpath: //p//word], [[FirefoxDriver: firefox on LINUX (358f877c-4143-452f-ab4d-589327eb2715)] -&gt; xpath: //p//word], [[FirefoxDriver: firefox on LINUX (358f877c-4143-452f-ab4d-589327eb2715)] -&gt; xpath: //p//word], [[FirefoxDriver: firefox on LINUX (358f877c-4143-452f-ab4d-589327eb2715)] -&gt; xpath: //p//word], [[FirefoxDriver: firefox on LINUX (358f877c-4143-452f-ab4d-589327eb2715)] -&gt; xpath: //p//word], [[FirefoxDriver: firefox on LINUX (358f877c-4143-452f-ab4d-589327eb2715)] -&gt; xpath: //p//word], [[FirefoxDriver: firefox on LINUX (358f877c-4143-452f-ab4d-589327eb2715)] -&gt; xpath: //p//word], [[FirefoxDriver: firefox on LINUX (358f877c-4143-452f-ab4d-589327eb2715)] -&gt; xpath: //p//word], [[FirefoxDriver: firefox on LINUX (358f877c-4143-452f-ab4d-589327eb2715)] -&gt; xpath: //p//word], [[FirefoxDriver: firefox on LINUX (358f877c-4143-452f-ab4d-589327eb2715)] -&gt; xpath: //p//word], [[FirefoxDriver: firefox on LINUX (358f877c-4143-452f-ab4d-589327eb2715)] -&gt; xpath: //p//word], [[FirefoxDriver: firefox on LINUX (358f877c-4143-452f-ab4d-589327eb2715)] -&gt; xpath: //p//word], [[FirefoxDriver: firefox on LINUX (358f877c-4143-452f-ab4d-589327eb2715)] -&gt; xpath: //p//word], [[FirefoxDriver: firefox on LINUX (358f877c-4143-452f-ab4d-589327eb2715)] -&gt; xpath: //p//word], [[FirefoxDriver: firefox on LINUX (358f877c-4143-452f-ab4d-589327eb2715)] -&gt; xpath: //p//word], [[FirefoxDriver: firefox on LINUX (358f877c-4143-452f-ab4d-589327eb2715)] -&gt; xpath: //p//word], [[FirefoxDriver: firefox on LINUX (358f877c-4143-452f-ab4d-589327eb2715)] -&gt; xpath: //p//word], [[FirefoxDriver: firefox on LINUX (358f877c-4143-452f-ab4d-589327eb2715)] -&gt; xpath: //p//word], [[FirefoxDriver: firefox on LINUX (358f877c-4143-452f-ab4d-589327eb2715)] -&gt; xpath: //p//word], [[FirefoxDriver: firefox on LINUX (358f877c-4143-452f-ab4d-589327eb2715)] -&gt; xpath: //p//word], [[FirefoxDriver: firefox on LINUX (358f877c-4143-452f-ab4d-589327eb2715)] -&gt; xpath: //p//word], [[FirefoxDriver: firefox on LINUX (358f877c-4143-452f-ab4d-589327eb2715)] -&gt; xpath: //p//word], [[FirefoxDriver: firefox on LINUX (358f877c-4143-452f-ab4d-589327eb2715)] -&gt; xpath: //p//word], [[FirefoxDriver: firefox on LINUX (358f877c-4143-452f-ab4d-589327eb2715)] -&gt; xpath: //p//word], [[FirefoxDriver: firefox on LINUX (358f877c-4143-452f-ab4d-589327eb2715)] -&gt; xpath: //p//word], [[FirefoxDriver: firefox on LINUX (358f877c-4143-452f-ab4d-589327eb2715)] -&gt; xpath: //p//word], [[FirefoxDriver: firefox on LINUX (358f877c-4143-452f-ab4d-589327eb2715)] -&gt; xpath: //p//word], [[FirefoxDriver: firefox on LINUX (358f877c-4143-452f-ab4d-589327eb2715)] -&gt; xpath: //p//word], [[FirefoxDriver: firefox on LINUX (358f877c-4143-452f-ab4d-589327eb2715)] -&gt; xpath: //p//word], [[FirefoxDriver: firefox on LINUX (358f877c-4143-452f-ab4d-589327eb2715)] -&gt; xpath: //p//word], [[FirefoxDriver: firefox on LINUX (358f877c-4143-452f-ab4d-589327eb2715)] -&gt; xpath: //p//word], [[FirefoxDriver: firefox on LINUX (358f877c-4143-452f-ab4d-589327eb2715)] -&gt; xpath: //p//word], [[FirefoxDriver: firefox on LINUX (358f877c-4143-452f-ab4d-589327eb2715)] -&gt; xpath: //p//word], [[FirefoxDriver: firefox on LINUX (358f877c-4143-452f-ab4d-589327eb2715)] -&gt; xpath: //p//word], [[FirefoxDriver: firefox on LINUX (358f877c-4143-452f-ab4d-589327eb2715)] -&gt; xpath: //p//word], [[FirefoxDriver: firefox on LINUX (358f877c-4143-452f-ab4d-589327eb2715)] -&gt; xpath: //p//word], [[FirefoxDriver: firefox on LINUX (358f877c-4143-452f-ab4d-589327eb2715)] -&gt; xpath: //p//word], [[FirefoxDriver: firefox on LINUX (358f877c-4143-452f-ab4d-589327eb2715)] -&gt; xpath: //p//word], [[FirefoxDriver: firefox on LINUX (358f877c-4143-452f-ab4d-589327eb2715)] -&gt; xpath: //p//word], [[FirefoxDriver: firefox on LINUX (358f877c-4143-452f-ab4d-589327eb2715)] -&gt; xpath: //p//word], [[FirefoxDriver: firefox on LINUX (358f877c-4143-452f-ab4d-589327eb2715)] -&gt; xpath: //p//word], [[FirefoxDriver: firefox on LINUX (358f877c-4143-452f-ab4d-589327eb2715)] -&gt; xpath: //p//word], [[FirefoxDriver: firefox on LINUX (358f877c-4143-452f-ab4d-589327eb2715)] -&gt; xpath: //p//word], [[FirefoxDriver: firefox on LINUX (358f877c-4143-452f-ab4d-589327eb2715)] -&gt; xpath: //p//word], [[FirefoxDriver: firefox on LINUX (358f877c-4143-452f-ab4d-589327eb2715)] -&gt; xpath: //p//word], [[FirefoxDriver: firefox on LINUX (358f877c-4143-452f-ab4d-589327eb2715)] -&gt; xpath: //p//word], [[FirefoxDriver: firefox on LINUX (358f877c-4143-452f-ab4d-589327eb2715)] -&gt; xpath: //p//word], [[FirefoxDriver: firefox on LINUX (358f877c-4143-452f-ab4d-589327eb2715)] -&gt; xpath: //p//word], [[FirefoxDriver: firefox on LINUX (358f877c-4143-452f-ab4d-589327eb2715)] -&gt; xpath: //p//word], [[FirefoxDriver: firefox on LINUX (358f877c-4143-452f-ab4d-589327eb2715)] -&gt; xpath: //p//word], [[FirefoxDriver: firefox on LINUX (358f877c-4143-452f-ab4d-589327eb2715)] -&gt; xpath: //p//word], [[FirefoxDriver: firefox on LINUX (358f877c-4143-452f-ab4d-589327eb2715)] -&gt; xpath: //p//word], [[FirefoxDriver: firefox on LINUX (358f877c-4143-452f-ab4d-589327eb2715)] -&gt; xpath: //p//word], [[FirefoxDriver: firefox on LINUX (358f877c-4143-452f-ab4d-589327eb2715)] -&gt; xpath: //p//word], [[FirefoxDriver: firefox on LINUX (358f877c-4143-452f-ab4d-589327eb2715)] -&gt; xpath: //p//word], [[FirefoxDriver: firefox on LINUX (358f877c-4143-452f-ab4d-589327eb2715)] -&gt; xpath: //p//word], [[FirefoxDriver: firefox on LINUX (358f877c-4143-452f-ab4d-589327eb2715)] -&gt; xpath: //p//word], [[FirefoxDriver: firefox on LINUX (358f877c-4143-452f-ab4d-589327eb2715)] -&gt; xpath: //p//word], [[FirefoxDriver: firefox on LINUX (358f877c-4143-452f-ab4d-589327eb2715)] -&gt; xpath: //p//word], [[FirefoxDriver: firefox on LINUX (358f877c-4143-452f-ab4d-589327eb2715)] -&gt; xpath: //p//word], [[FirefoxDriver: firefox on LINUX (358f877c-4143-452f-ab4d-589327eb2715)] -&gt; xpath: //p//word], [[FirefoxDriver: firefox on LINUX (358f877c-4143-452f-ab4d-589327eb2715)] -&gt; xpath: //p//word], [[FirefoxDriver: firefox on LINUX (358f877c-4143-452f-ab4d-589327eb2715)] -&gt; xpath: //p//word], [[FirefoxDriver: firefox on LINUX (358f877c-4143-452f-ab4d-589327eb2715)] -&gt; xpath: //p//word], [[FirefoxDriver: firefox on LINUX (358f877c-4143-452f-ab4d-589327eb2715)] -&gt; xpath: //p//word], [[FirefoxDriver: firefox on LINUX (358f877c-4143-452f-ab4d-589327eb2715)] -&gt; xpath: //p//word], [[FirefoxDriver: firefox on LINUX (358f877c-4143-452f-ab4d-589327eb2715)] -&gt; xpath: //p//word], [[FirefoxDriver: firefox on LINUX (358f877c-4143-452f-ab4d-589327eb2715)] -&gt; xpath: //p//word], [[FirefoxDriver: firefox on LINUX (358f877c-4143-452f-ab4d-589327eb2715)] -&gt; xpath: //p//word], [[FirefoxDriver: firefox on LINUX (358f877c-4143-452f-ab4d-589327eb2715)] -&gt; xpath: //p//word], [[FirefoxDriver: firefox on LINUX (358f877c-4143-452f-ab4d-589327eb2715)] -&gt; xpath: //p//word], [[FirefoxDriver: firefox on LINUX (358f877c-4143-452f-ab4d-589327eb2715)] -&gt; xpath: //p//word], [[FirefoxDriver: firefox on LINUX (358f877c-4143-452f-ab4d-589327eb2715)] -&gt; xpath: //p//word], [[FirefoxDriver: firefox on LINUX (358f877c-4143-452f-ab4d-589327eb2715)] -&gt; xpath: //p//word], [[FirefoxDriver: firefox on LINUX (358f877c-4143-452f-ab4d-589327eb2715)] -&gt; xpath: //p//word], [[FirefoxDriver: firefox on LINUX (358f877c-4143-452f-ab4d-589327eb2715)] -&gt; xpath: //p//word], [[FirefoxDriver: firefox on LINUX (358f877c-4143-452f-ab4d-589327eb2715)] -&gt; xpath: //p//word], [[FirefoxDriver: firefox on LINUX (358f877c-4143-452f-ab4d-589327eb2715)] -&gt; xpath: //p//word], [[FirefoxDriver: firefox on LINUX (358f877c-4143-452f-ab4d-589327eb2715)] -&gt; xpath: //p//word], [[FirefoxDriver: firefox on LINUX (358f877c-4143-452f-ab4d-589327eb2715)] -&gt; xpath: //p//word], [[FirefoxDriver: firefox on LINUX (358f877c-4143-452f-ab4d-589327eb2715)] -&gt; xpath: //p//word], [[FirefoxDriver: firefox on LINUX (358f877c-4143-452f-ab4d-589327eb2715)] -&gt; xpath: //p//word], [[FirefoxDriver: firefox on LINUX (358f877c-4143-452f-ab4d-589327eb2715)] -&gt; xpath: //p//word], [[FirefoxDriver: firefox on LINUX (358f877c-4143-452f-ab4d-589327eb2715)] -&gt; xpath: //p//word], [[FirefoxDriver: firefox on LINUX (358f877c-4143-452f-ab4d-589327eb2715)] -&gt; xpath: //p//word], [[FirefoxDriver: firefox on LINUX (358f877c-4143-452f-ab4d-589327eb2715)] -&gt; xpath: //p//word], [[FirefoxDriver: firefox on LINUX (358f877c-4143-452f-ab4d-589327eb2715)] -&gt; xpath: //p//word], [[FirefoxDriver: firefox on LINUX (358f877c-4143-452f-ab4d-589327eb2715)] -&gt; xpath: //p//word], [[FirefoxDriver: firefox on LINUX (358f877c-4143-452f-ab4d-589327eb2715)] -&gt; xpath: //p//word], [[FirefoxDriver: firefox on LINUX (358f877c-4143-452f-ab4d-589327eb2715)] -&gt; xpath: //p//word], [[FirefoxDriver: firefox on LINUX (358f877c-4143-452f-ab4d-589327eb2715)] -&gt; xpath: //p//word], [[FirefoxDriver: firefox on LINUX (358f877c-4143-452f-ab4d-589327eb2715)] -&gt; xpath: //p//word], [[FirefoxDriver: firefox on LINUX (358f877c-4143-452f-ab4d-589327eb2715)] -&gt; xpath: //p//word], [[FirefoxDriver: firefox on LINUX (358f877c-4143-452f-ab4d-589327eb2715)] -&gt; xpath: //p//word], [[FirefoxDriver: firefox on LINUX (358f877c-4143-452f-ab4d-589327eb2715)] -&gt; xpath: //p//word], [[FirefoxDriver: firefox on LINUX (358f877c-4143-452f-ab4d-589327eb2715)] -&gt; xpath: //p//word], [[FirefoxDriver: firefox on LINUX (358f877c-4143-452f-ab4d-589327eb2715)] -&gt; xpath: //p//word], [[FirefoxDriver: firefox on LINUX (358f877c-4143-452f-ab4d-589327eb2715)] -&gt; xpath: //p//word], [[FirefoxDriver: firefox on LINUX (358f877c-4143-452f-ab4d-589327eb2715)] -&gt; xpath: //p//word], [[FirefoxDriver: firefox on LINUX (358f877c-4143-452f-ab4d-589327eb2715)] -&gt; xpath: //p//word], [[FirefoxDriver: firefox on LINUX (358f877c-4143-452f-ab4d-589327eb2715)] -&gt; xpath: //p//word], [[FirefoxDriver: firefox on LINUX (358f877c-4143-452f-ab4d-589327eb2715)] -&gt; xpath: //p//word], [[FirefoxDriver: firefox on LINUX (358f877c-4143-452f-ab4d-589327eb2715)] -&gt; xpath: //p//word], [[FirefoxDriver: firefox on LINUX (358f877c-4143-452f-ab4d-589327eb2715)] -&gt; xpath: //p//word], [[FirefoxDriver: firefox on LINUX (358f877c-4143-452f-ab4d-589327eb2715)] -&gt; xpath: //p//word], [[FirefoxDriver: firefox on LINUX (358f877c-4143-452f-ab4d-589327eb2715)] -&gt; xpath: //p//word], [[FirefoxDriver: firefox on LINUX (358f877c-4143-452f-ab4d-589327eb2715)] -&gt; xpath: //p//word], [[FirefoxDriver: firefox on LINUX (358f877c-4143-452f-ab4d-589327eb2715)] -&gt; xpath: //p//word], [[FirefoxDriver: firefox on LINUX (358f877c-4143-452f-ab4d-589327eb2715)] -&gt; xpath: //p//word], [[FirefoxDriver: firefox on LINUX (358f877c-4143-452f-ab4d-589327eb2715)] -&gt; xpath: //p//word], [[FirefoxDriver: firefox on LINUX (358f877c-4143-452f-ab4d-589327eb2715)] -&gt; xpath: //p//word], [[FirefoxDriver: firefox on LINUX (358f877c-4143-452f-ab4d-589327eb2715)] -&gt; xpath: //p//word], [[FirefoxDriver: firefox on LINUX (358f877c-4143-452f-ab4d-589327eb2715)] -&gt; xpath: //p//word], [[FirefoxDriver: firefox on LINUX (358f877c-4143-452f-ab4d-589327eb2715)] -&gt; xpath: //p//word], [[FirefoxDriver: firefox on LINUX (358f877c-4143-452f-ab4d-589327eb2715)] -&gt; xpath: //p//word], [[FirefoxDriver: firefox on LINUX (358f877c-4143-452f-ab4d-589327eb2715)] -&gt; xpath: //p//word], [[FirefoxDriver: firefox on LINUX (358f877c-4143-452f-ab4d-589327eb2715)] -&gt; xpath: //p//word], [[FirefoxDriver: firefox on LINUX (358f877c-4143-452f-ab4d-589327eb2715)] -&gt; xpath: //p//word], [[FirefoxDriver: firefox on LINUX (358f877c-4143-452f-ab4d-589327eb2715)] -&gt; xpath: //p//word], [[FirefoxDriver: firefox on LINUX (358f877c-4143-452f-ab4d-589327eb2715)] -&gt; xpath: //p//word], [[FirefoxDriver: firefox on LINUX (358f877c-4143-452f-ab4d-589327eb2715)] -&gt; xpath: //p//word], [[FirefoxDriver: firefox on LINUX (358f877c-4143-452f-ab4d-589327eb2715)] -&gt; xpath: //p//word], [[FirefoxDriver: firefox on LINUX (358f877c-4143-452f-ab4d-589327eb2715)] -&gt; xpath: //p//word], [[FirefoxDriver: firefox on LINUX (358f877c-4143-452f-ab4d-589327eb2715)] -&gt; xpath: //p//word], [[FirefoxDriver: firefox on LINUX (358f877c-4143-452f-ab4d-589327eb2715)] -&gt; xpath: //p//word], [[FirefoxDriver: firefox on LINUX (358f877c-4143-452f-ab4d-589327eb2715)] -&gt; xpath: //p//word], [[FirefoxDriver: firefox on LINUX (358f877c-4143-452f-ab4d-589327eb2715)] -&gt; xpath: //p//word], [[FirefoxDriver: firefox on LINUX (358f877c-4143-452f-ab4d-589327eb2715)] -&gt; xpath: //p//word], [[FirefoxDriver: firefox on LINUX (358f877c-4143-452f-ab4d-589327eb2715)] -&gt; xpath: //p//word], [[FirefoxDriver: firefox on LINUX (358f877c-4143-452f-ab4d-589327eb2715)] -&gt; xpath: //p//word], [[FirefoxDriver: firefox on LINUX (358f877c-4143-452f-ab4d-589327eb2715)] -&gt; xpath: //p//word], [[FirefoxDriver: firefox on LINUX (358f877c-4143-452f-ab4d-589327eb2715)] -&gt; xpath: //p//word], [[FirefoxDriver: firefox on LINUX (358f877c-4143-452f-ab4d-589327eb2715)] -&gt; xpath: //p//word], [[FirefoxDriver: firefox on LINUX (358f877c-4143-452f-ab4d-589327eb2715)] -&gt; xpath: //p//word], [[FirefoxDriver: firefox on LINUX (358f877c-4143-452f-ab4d-589327eb2715)] -&gt; xpath: //p//word], [[FirefoxDriver: firefox on LINUX (358f877c-4143-452f-ab4d-589327eb2715)] -&gt; xpath: //p//word], [[FirefoxDriver: firefox on LINUX (358f877c-4143-452f-ab4d-589327eb2715)] -&gt; xpath: //p//word], [[FirefoxDriver: firefox on LINUX (358f877c-4143-452f-ab4d-589327eb2715)] -&gt; xpath: //p//word], [[FirefoxDriver: firefox on LINUX (358f877c-4143-452f-ab4d-589327eb2715)] -&gt; xpath: //p//word], [[FirefoxDriver: firefox on LINUX (358f877c-4143-452f-ab4d-589327eb2715)] -&gt; xpath: //p//word], [[FirefoxDriver: firefox on LINUX (358f877c-4143-452f-ab4d-589327eb2715)] -&gt; xpath: //p//word], [[FirefoxDriver: firefox on LINUX (358f877c-4143-452f-ab4d-589327eb2715)] -&gt; xpath: //p//word], [[FirefoxDriver: firefox on LINUX (358f877c-4143-452f-ab4d-589327eb2715)] -&gt; xpath: //p//word], [[FirefoxDriver: firefox on LINUX (358f877c-4143-452f-ab4d-589327eb2715)] -&gt; xpath: //p//word], [[FirefoxDriver: firefox on LINUX (358f877c-4143-452f-ab4d-589327eb2715)] -&gt; xpath: //p//word], [[FirefoxDriver: firefox on LINUX (358f877c-4143-452f-ab4d-589327eb2715)] -&gt; xpath: //p//word], [[FirefoxDriver: firefox on LINUX (358f877c-4143-452f-ab4d-589327eb2715)] -&gt; xpath: //p//word], [[FirefoxDriver: firefox on LINUX (358f877c-4143-452f-ab4d-589327eb2715)] -&gt; xpath: //p//word], [[FirefoxDriver: firefox on LINUX (358f877c-4143-452f-ab4d-589327eb2715)] -&gt; xpath: //p//word], [[FirefoxDriver: firefox on LINUX (358f877c-4143-452f-ab4d-589327eb2715)] -&gt; xpath: //p//word], [[FirefoxDriver: firefox on LINUX (358f877c-4143-452f-ab4d-589327eb2715)] -&gt; xpath: //p//word], [[FirefoxDriver: firefox on LINUX (358f877c-4143-452f-ab4d-589327eb2715)] -&gt; xpath: //p//word], [[FirefoxDriver: firefox on LINUX (358f877c-4143-452f-ab4d-589327eb2715)] -&gt; xpath: //p//word], [[FirefoxDriver: firefox on LINUX (358f877c-4143-452f-ab4d-589327eb2715)] -&gt; xpath: //p//word], [[FirefoxDriver: firefox on LINUX (358f877c-4143-452f-ab4d-589327eb2715)] -&gt; xpath: //p//word], [[FirefoxDriver: firefox on LINUX (358f877c-4143-452f-ab4d-589327eb2715)] -&gt; xpath: //p//word], [[FirefoxDriver: firefox on LINUX (358f877c-4143-452f-ab4d-589327eb2715)] -&gt; xpath: //p//word], [[FirefoxDriver: firefox on LINUX (358f877c-4143-452f-ab4d-589327eb2715)] -&gt; xpath: //p//word], [[FirefoxDriver: firefox on LINUX (358f877c-4143-452f-ab4d-589327eb2715)] -&gt; xpath: //p//word], [[FirefoxDriver: firefox on LINUX (358f877c-4143-452f-ab4d-589327eb2715)] -&gt; xpath: //p//word], [[FirefoxDriver: firefox on LINUX (358f877c-4143-452f-ab4d-589327eb2715)] -&gt; xpath: //p//word], [[FirefoxDriver: firefox on LINUX (358f877c-4143-452f-ab4d-589327eb2715)] -&gt; xpath: //p//word], [[FirefoxDriver: firefox on LINUX (358f877c-4143-452f-ab4d-589327eb2715)] -&gt; xpath: //p//word], [[FirefoxDriver: firefox on LINUX (358f877c-4143-452f-ab4d-589327eb2715)] -&gt; xpath: //p//word], [[FirefoxDriver: firefox on LINUX (358f877c-4143-452f-ab4d-589327eb2715)] -&gt; xpath: //p//word], [[FirefoxDriver: firefox on LINUX (358f877c-4143-452f-ab4d-589327eb2715)] -&gt; xpath: //p//word], [[FirefoxDriver: firefox on LINUX (358f877c-4143-452f-ab4d-589327eb2715)] -&gt; xpath: //p//word], [[FirefoxDriver: firefox on LINUX (358f877c-4143-452f-ab4d-589327eb2715)] -&gt; xpath: //p//word], [[FirefoxDriver: firefox on LINUX (358f877c-4143-452f-ab4d-589327eb2715)] -&gt; xpath: //p//word], [[FirefoxDriver: firefox on LINUX (358f877c-4143-452f-ab4d-589327eb2715)] -&gt; xpath: //p//word], [[FirefoxDriver: firefox on LINUX (358f877c-4143-452f-ab4d-589327eb2715)] -&gt; xpath: //p//word], [[FirefoxDriver: firefox on LINUX (358f877c-4143-452f-ab4d-589327eb2715)] -&gt; xpath: //p//word], [[FirefoxDriver: firefox on LINUX (358f877c-4143-452f-ab4d-589327eb2715)] -&gt; xpath: //p//word], [[FirefoxDriver: firefox on LINUX (358f877c-4143-452f-ab4d-589327eb2715)] -&gt; xpath: //p//word], [[FirefoxDriver: firefox on LINUX (358f877c-4143-452f-ab4d-589327eb2715)] -&gt; xpath: //p//word], [[FirefoxDriver: firefox on LINUX (358f877c-4143-452f-ab4d-589327eb2715)] -&gt; xpath: //p//word], [[FirefoxDriver: firefox on LINUX (358f877c-4143-452f-ab4d-589327eb2715)] -&gt; xpath: //p//word], [[FirefoxDriver: firefox on LINUX (358f877c-4143-452f-ab4d-589327eb2715)] -&gt; xpath: //p//word], [[FirefoxDriver: firefox on LINUX (358f877c-4143-452f-ab4d-589327eb2715)] -&gt; xpath: //p//word], [[FirefoxDriver: firefox on LINUX (358f877c-4143-452f-ab4d-589327eb2715)] -&gt; xpath: //p//word], [[FirefoxDriver: firefox on LINUX (358f877c-4143-452f-ab4d-589327eb2715)] -&gt; xpath: //p//word], [[FirefoxDriver: firefox on LINUX (358f877c-4143-452f-ab4d-589327eb2715)] -&gt; xpath: //p//word], [[FirefoxDriver: firefox on LINUX (358f877c-4143-452f-ab4d-589327eb2715)] -&gt; xpath: //p//word], [[FirefoxDriver: firefox on LINUX (358f877c-4143-452f-ab4d-589327eb2715)] -&gt; xpath: //p//word], [[FirefoxDriver: firefox on LINUX (358f877c-4143-452f-ab4d-589327eb2715)] -&gt; xpath: //p//word], [[FirefoxDriver: firefox on LINUX (358f877c-4143-452f-ab4d-589327eb2715)] -&gt; xpath: //p//word], [[FirefoxDriver: firefox on LINUX (358f877c-4143-452f-ab4d-589327eb2715)] -&gt; xpath: //p//word], [[FirefoxDriver: firefox on LINUX (358f877c-4143-452f-ab4d-589327eb2715)] -&gt; xpath: //p//word], [[FirefoxDriver: firefox on LINUX (358f877c-4143-452f-ab4d-589327eb2715)] -&gt; xpath: //p//word], [[FirefoxDriver: firefox on LINUX (358f877c-4143-452f-ab4d-589327eb2715)] -&gt; xpath: //p//word], [[FirefoxDriver: firefox on LINUX (358f877c-4143-452f-ab4d-589327eb2715)] -&gt; xpath: //p//word], [[FirefoxDriver: firefox on LINUX (358f877c-4143-452f-ab4d-589327eb2715)] -&gt; xpath: //p//word], [[FirefoxDriver: firefox on LINUX (358f877c-4143-452f-ab4d-589327eb2715)] -&gt; xpath: //p//word], [[FirefoxDriver: firefox on LINUX (358f877c-4143-452f-ab4d-589327eb2715)] -&gt; xpath: //p//word], [[FirefoxDriver: firefox on LINUX (358f877c-4143-452f-ab4d-589327eb2715)] -&gt; xpath: //p//word], [[FirefoxDriver: firefox on LINUX (358f877c-4143-452f-ab4d-589327eb2715)] -&gt; xpath: //p//word], [[FirefoxDriver: firefox on LINUX (358f877c-4143-452f-ab4d-589327eb2715)] -&gt; xpath: //p//word], [[FirefoxDriver: firefox on LINUX (358f877c-4143-452f-ab4d-589327eb2715)] -&gt; xpath: //p//word], [[FirefoxDriver: firefox on LINUX (358f877c-4143-452f-ab4d-589327eb2715)] -&gt; xpath: //p//word], [[FirefoxDriver: firefox on LINUX (358f877c-4143-452f-ab4d-589327eb2715)] -&gt; xpath: //p//word], [[FirefoxDriver: firefox on LINUX (358f877c-4143-452f-ab4d-589327eb2715)] -&gt; xpath: //p//word], [[FirefoxDriver: firefox on LINUX (358f877c-4143-452f-ab4d-589327eb2715)] -&gt; xpath: //p//word], [[FirefoxDriver: firefox on LINUX (358f877c-4143-452f-ab4d-589327eb2715)] -&gt; xpath: //p//word], [[FirefoxDriver: firefox on LINUX (358f877c-4143-452f-ab4d-589327eb2715)] -&gt; xpath: //p//word], [[FirefoxDriver: firefox on LINUX (358f877c-4143-452f-ab4d-589327eb2715)] -&gt; xpath: //p//word], [[FirefoxDriver: firefox on LINUX (358f877c-4143-452f-ab4d-589327eb2715)] -&gt; xpath: //p//word], [[FirefoxDriver: firefox on LINUX (358f877c-4143-452f-ab4d-589327eb2715)] -&gt; xpath: //p//word], [[FirefoxDriver: firefox on LINUX (358f877c-4143-452f-ab4d-589327eb2715)] -&gt; xpath: //p//word], [[FirefoxDriver: firefox on LINUX (358f877c-4143-452f-ab4d-589327eb2715)] -&gt; xpath: //p//word], [[FirefoxDriver: firefox on LINUX (358f877c-4143-452f-ab4d-589327eb2715)] -&gt; xpath: //p//word], [[FirefoxDriver: firefox on LINUX (358f877c-4143-452f-ab4d-589327eb2715)] -&gt; xpath: //p//word], [[FirefoxDriver: firefox on LINUX (358f877c-4143-452f-ab4d-589327eb2715)] -&gt; xpath: //p//word], [[FirefoxDriver: firefox on LINUX (358f877c-4143-452f-ab4d-589327eb2715)] -&gt; xpath: //p//word], [[FirefoxDriver: firefox on LINUX (358f877c-4143-452f-ab4d-589327eb2715)] -&gt; xpath: //p//word], [[FirefoxDriver: firefox on LINUX (358f877c-4143-452f-ab4d-589327eb2715)] -&gt; xpath: //p//word], [[FirefoxDriver: firefox on LINUX (358f877c-4143-452f-ab4d-589327eb2715)] -&gt; xpath: //p//word], [[FirefoxDriver: firefox on LINUX (358f877c-4143-452f-ab4d-589327eb2715)] -&gt; xpath: //p//word], [[FirefoxDriver: firefox on LINUX (358f877c-4143-452f-ab4d-589327eb2715)] -&gt; xpath: //p//word], [[FirefoxDriver: firefox on LINUX (358f877c-4143-452f-ab4d-589327eb2715)] -&gt; xpath: //p//word], [[FirefoxDriver: firefox on LINUX (358f877c-4143-452f-ab4d-589327eb2715)] -&gt; xpath: //p//word], [[FirefoxDriver: firefox on LINUX (358f877c-4143-452f-ab4d-589327eb2715)] -&gt; xpath: //p//word], [[FirefoxDriver: firefox on LINUX (358f877c-4143-452f-ab4d-589327eb2715)] -&gt; xpath: //p//word], [[FirefoxDriver: firefox on LINUX (358f877c-4143-452f-ab4d-589327eb2715)] -&gt; xpath: //p//word], [[FirefoxDriver: firefox on LINUX (358f877c-4143-452f-ab4d-589327eb2715)] -&gt; xpath: //p//word], [[FirefoxDriver: firefox on LINUX (358f877c-4143-452f-ab4d-589327eb2715)] -&gt; xpath: //p//word], [[FirefoxDriver: firefox on LINUX (358f877c-4143-452f-ab4d-589327eb2715)] -&gt; xpath: //p//word], [[FirefoxDriver: firefox on LINUX (358f877c-4143-452f-ab4d-589327eb2715)] -&gt; xpath: //p//word], [[FirefoxDriver: firefox on LINUX (358f877c-4143-452f-ab4d-589327eb2715)] -&gt; xpath: //p//word], [[FirefoxDriver: firefox on LINUX (358f877c-4143-452f-ab4d-589327eb2715)] -&gt; xpath: //p//word], [[FirefoxDriver: firefox on LINUX (358f877c-4143-452f-ab4d-589327eb2715)] -&gt; xpath: //p//word], [[FirefoxDriver: firefox on LINUX (358f877c-4143-452f-ab4d-589327eb2715)] -&gt; xpath: //p//word], [[FirefoxDriver: firefox on LINUX (358f877c-4143-452f-ab4d-589327eb2715)] -&gt; xpath: //p//word], [[FirefoxDriver: firefox on LINUX (358f877c-4143-452f-ab4d-589327eb2715)] -&gt; xpath: //p//word], [[FirefoxDriver: firefox on LINUX (358f877c-4143-452f-ab4d-589327eb2715)] -&gt; xpath: //p//word], [[FirefoxDriver: firefox on LINUX (358f877c-4143-452f-ab4d-589327eb2715)] -&gt; xpath: //p//word], [[FirefoxDriver: firefox on LINUX (358f877c-4143-452f-ab4d-589327eb2715)] -&gt; xpath: //p//word], [[FirefoxDriver: firefox on LINUX (358f877c-4143-452f-ab4d-589327eb2715)] -&gt; xpath: //p//word], [[FirefoxDriver: firefox on LINUX (358f877c-4143-452f-ab4d-589327eb2715)] -&gt; xpath: //p//word], [[FirefoxDriver: firefox on LINUX (358f877c-4143-452f-ab4d-589327eb2715)] -&gt; xpath: //p//word], [[FirefoxDriver: firefox on LINUX (358f877c-4143-452f-ab4d-589327eb2715)] -&gt; xpath: //p//word], [[FirefoxDriver: firefox on LINUX (358f877c-4143-452f-ab4d-589327eb2715)] -&gt; xpath: //p//word], [[FirefoxDriver: firefox on LINUX (358f877c-4143-452f-ab4d-589327eb2715)] -&gt; xpath: //p//word], [[FirefoxDriver: firefox on LINUX (358f877c-4143-452f-ab4d-589327eb2715)] -&gt; xpath: //p//word], [[FirefoxDriver: firefox on LINUX (358f877c-4143-452f-ab4d-589327eb2715)] -&gt; xpath: //p//word], [[FirefoxDriver: firefox on LINUX (358f877c-4143-452f-ab4d-589327eb2715)] -&gt; xpath: //p//word], [[FirefoxDriver: firefox on LINUX (358f877c-4143-452f-ab4d-589327eb2715)] -&gt; xpath: //p//word], [[FirefoxDriver: firefox on LINUX (358f877c-4143-452f-ab4d-589327eb2715)] -&gt; xpath: //p//word], [[FirefoxDriver: firefox on LINUX (358f877c-4143-452f-ab4d-589327eb2715)] -&gt; xpath: //p//word], [[FirefoxDriver: firefox on LINUX (358f877c-4143-452f-ab4d-589327eb2715)] -&gt; xpath: //p//word], [[FirefoxDriver: firefox on LINUX (358f877c-4143-452f-ab4d-589327eb2715)] -&gt; xpath: //p//word], [[FirefoxDriver: firefox on LINUX (358f877c-4143-452f-ab4d-589327eb2715)] -&gt; xpath: //p//word], [[FirefoxDriver: firefox on LINUX (358f877c-4143-452f-ab4d-589327eb2715)] -&gt; xpath: //p//word], [[FirefoxDriver: firefox on LINUX (358f877c-4143-452f-ab4d-589327eb2715)] -&gt; xpath: //p//word], [[FirefoxDriver: firefox on LINUX (358f877c-4143-452f-ab4d-589327eb2715)] -&gt; xpath: //p//word], [[FirefoxDriver: firefox on LINUX (358f877c-4143-452f-ab4d-589327eb2715)] -&gt; xpath: //p//word], [[FirefoxDriver: firefox on LINUX (358f877c-4143-452f-ab4d-589327eb2715)] -&gt; xpath: //p//word], [[FirefoxDriver: firefox on LINUX (358f877c-4143-452f-ab4d-589327eb2715)] -&gt; xpath: //p//word], [[FirefoxDriver: firefox on LINUX (358f877c-4143-452f-ab4d-589327eb2715)] -&gt; xpath: //p//word], [[FirefoxDriver: firefox on LINUX (358f877c-4143-452f-ab4d-589327eb2715)] -&gt; xpath: //p//word], [[FirefoxDriver: firefox on LINUX (358f877c-4143-452f-ab4d-589327eb2715)] -&gt; xpath: //p//word], [[FirefoxDriver: firefox on LINUX (358f877c-4143-452f-ab4d-589327eb2715)] -&gt; xpath: //p//word], [[FirefoxDriver: firefox on LINUX (358f877c-4143-452f-ab4d-589327eb2715)] -&gt; xpath: //p//word], [[FirefoxDriver: firefox on LINUX (358f877c-4143-452f-ab4d-589327eb2715)] -&gt; xpath: //p//word], [[FirefoxDriver: firefox on LINUX (358f877c-4143-452f-ab4d-589327eb2715)] -&gt; xpath: //p//word], [[FirefoxDriver: firefox on LINUX (358f877c-4143-452f-ab4d-589327eb2715)] -&gt; xpath: //p//word], [[FirefoxDriver: firefox on LINUX (358f877c-4143-452f-ab4d-589327eb2715)] -&gt; xpath: //p//word], [[FirefoxDriver: firefox on LINUX (358f877c-4143-452f-ab4d-589327eb2715)] -&gt; xpath: //p//word], [[FirefoxDriver: firefox on LINUX (358f877c-4143-452f-ab4d-589327eb2715)] -&gt; xpath: //p//word], [[FirefoxDriver: firefox on LINUX (358f877c-4143-452f-ab4d-589327eb2715)] -&gt; xpath: //p//word], [[FirefoxDriver: firefox on LINUX (358f877c-4143-452f-ab4d-589327eb2715)] -&gt; xpath: //p//word], [[FirefoxDriver: firefox on LINUX (358f877c-4143-452f-ab4d-589327eb2715)] -&gt; xpath: //p//word], [[FirefoxDriver: firefox on LINUX (358f877c-4143-452f-ab4d-589327eb2715)] -&gt; xpath: //p//word], [[FirefoxDriver: firefox on LINUX (358f877c-4143-452f-ab4d-589327eb2715)] -&gt; xpath: //p//word], [[FirefoxDriver: firefox on LINUX (358f877c-4143-452f-ab4d-589327eb2715)] -&gt; xpath: //p//word], [[FirefoxDriver: firefox on LINUX (358f877c-4143-452f-ab4d-589327eb2715)] -&gt; xpath: //p//word], [[FirefoxDriver: firefox on LINUX (358f877c-4143-452f-ab4d-589327eb2715)] -&gt; xpath: //p//word], [[FirefoxDriver: firefox on LINUX (358f877c-4143-452f-ab4d-589327eb2715)] -&gt; xpath: //p//word], [[FirefoxDriver: firefox on LINUX (358f877c-4143-452f-ab4d-589327eb2715)] -&gt; xpath: //p//word], [[FirefoxDriver: firefox on LINUX (358f877c-4143-452f-ab4d-589327eb2715)] -&gt; xpath: //p//word], [[FirefoxDriver: firefox on LINUX (358f877c-4143-452f-ab4d-589327eb2715)] -&gt; xpath: //p//word], [[FirefoxDriver: firefox on LINUX (358f877c-4143-452f-ab4d-589327eb2715)] -&gt; xpath: //p//word], [[FirefoxDriver: firefox on LINUX (358f877c-4143-452f-ab4d-589327eb2715)] -&gt; xpath: //p//word], [[FirefoxDriver: firefox on LINUX (358f877c-4143-452f-ab4d-589327eb2715)] -&gt; xpath: //p//word], [[FirefoxDriver: firefox on LINUX (358f877c-4143-452f-ab4d-589327eb2715)] -&gt; xpath: //p//word], [[FirefoxDriver: firefox on LINUX (358f877c-4143-452f-ab4d-589327eb2715)] -&gt; xpath: //p//word], [[FirefoxDriver: firefox on LINUX (358f877c-4143-452f-ab4d-589327eb2715)] -&gt; xpath: //p//word], [[FirefoxDriver: firefox on LINUX (358f877c-4143-452f-ab4d-589327eb2715)] -&gt; xpath: //p//word], [[FirefoxDriver: firefox on LINUX (358f877c-4143-452f-ab4d-589327eb2715)] -&gt; xpath: //p//word], [[FirefoxDriver: firefox on LINUX (358f877c-4143-452f-ab4d-589327eb2715)] -&gt; xpath: //p//word], [[FirefoxDriver: firefox on LINUX (358f877c-4143-452f-ab4d-589327eb2715)] -&gt; xpath: //p//word], [[FirefoxDriver: firefox on LINUX (358f877c-4143-452f-ab4d-589327eb2715)] -&gt; xpath: //p//word], [[FirefoxDriver: firefox on LINUX (358f877c-4143-452f-ab4d-589327eb2715)] -&gt; xpath: //p//word], [[FirefoxDriver: firefox on LINUX (358f877c-4143-452f-ab4d-589327eb2715)] -&gt; xpath: //p//word], [[FirefoxDriver: firefox on LINUX (358f877c-4143-452f-ab4d-589327eb2715)] -&gt; xpath: //p//word], [[FirefoxDriver: firefox on LINUX (358f877c-4143-452f-ab4d-589327eb2715)] -&gt; xpath: //p//word], [[FirefoxDriver: firefox on LINUX (358f877c-4143-452f-ab4d-589327eb2715)] -&gt; xpath: //p//word], [[FirefoxDriver: firefox on LINUX (358f877c-4143-452f-ab4d-589327eb2715)] -&gt; xpath: //p//word], [[FirefoxDriver: firefox on LINUX (358f877c-4143-452f-ab4d-589327eb2715)] -&gt; xpath: //p//word], [[FirefoxDriver: firefox on LINUX (358f877c-4143-452f-ab4d-589327eb2715)] -&gt; xpath: //p//word], [[FirefoxDriver: firefox on LINUX (358f877c-4143-452f-ab4d-589327eb2715)] -&gt; xpath: //p//word], [[FirefoxDriver: firefox on LINUX (358f877c-4143-452f-ab4d-589327eb2715)] -&gt; xpath: //p//word], [[FirefoxDriver: firefox on LINUX (358f877c-4143-452f-ab4d-589327eb2715)] -&gt; xpath: //p//word], [[FirefoxDriver: firefox on LINUX (358f877c-4143-452f-ab4d-589327eb2715)] -&gt; xpath: //p//word], [[FirefoxDriver: firefox on LINUX (358f877c-4143-452f-ab4d-589327eb2715)] -&gt; xpath: //p//word], [[FirefoxDriver: firefox on LINUX (358f877c-4143-452f-ab4d-589327eb2715)] -&gt; xpath: //p//word], [[FirefoxDriver: firefox on LINUX (358f877c-4143-452f-ab4d-589327eb2715)] -&gt; xpath: //p//word], [[FirefoxDriver: firefox on LINUX (358f877c-4143-452f-ab4d-589327eb2715)] -&gt; xpath: //p//word], [[FirefoxDriver: firefox on LINUX (358f877c-4143-452f-ab4d-589327eb2715)] -&gt; xpath: //p//word], [[FirefoxDriver: firefox on LINUX (358f877c-4143-452f-ab4d-589327eb2715)] -&gt; xpath: //p//word], [[FirefoxDriver: firefox on LINUX (358f877c-4143-452f-ab4d-589327eb2715)] -&gt; xpath: //p//word], [[FirefoxDriver: firefox on LINUX (358f877c-4143-452f-ab4d-589327eb2715)] -&gt; xpath: //p//word], [[FirefoxDriver: firefox on LINUX (358f877c-4143-452f-ab4d-589327eb2715)] -&gt; xpath: //p//word], [[FirefoxDriver: firefox on LINUX (358f877c-4143-452f-ab4d-589327eb2715)] -&gt; xpath: //p//word], [[FirefoxDriver: firefox on LINUX (358f877c-4143-452f-ab4d-589327eb2715)] -&gt; xpath: //p//word], [[FirefoxDriver: firefox on LINUX (358f877c-4143-452f-ab4d-589327eb2715)] -&gt; xpath: //p//word], [[FirefoxDriver: firefox on LINUX (358f877c-4143-452f-ab4d-589327eb2715)] -&gt; xpath: //p//word], [[FirefoxDriver: firefox on LINUX (358f877c-4143-452f-ab4d-589327eb2715)] -&gt; xpath: //p//word], [[FirefoxDriver: firefox on LINUX (358f877c-4143-452f-ab4d-589327eb2715)] -&gt; xpath: //p//word], [[FirefoxDriver: firefox on LINUX (358f877c-4143-452f-ab4d-589327eb2715)] -&gt; xpath: //p//word], [[FirefoxDriver: firefox on LINUX (358f877c-4143-452f-ab4d-589327eb2715)] -&gt; xpath: //p//word], [[FirefoxDriver: firefox on LINUX (358f877c-4143-452f-ab4d-589327eb2715)] -&gt; xpath: //p//word], [[FirefoxDriver: firefox on LINUX (358f877c-4143-452f-ab4d-589327eb2715)] -&gt; xpath: //p//word], [[FirefoxDriver: firefox on LINUX (358f877c-4143-452f-ab4d-589327eb2715)] -&gt; xpath: //p//word], [[FirefoxDriver: firefox on LINUX (358f877c-4143-452f-ab4d-589327eb2715)] -&gt; xpath: //p//word], [[FirefoxDriver: firefox on LINUX (358f877c-4143-452f-ab4d-589327eb2715)] -&gt; xpath: //p//word], [[FirefoxDriver: firefox on LINUX (358f877c-4143-452f-ab4d-589327eb2715)] -&gt; xpath: //p//word], [[FirefoxDriver: firefox on LINUX (358f877c-4143-452f-ab4d-589327eb2715)] -&gt; xpath: //p//word], [[FirefoxDriver: firefox on LINUX (358f877c-4143-452f-ab4d-589327eb2715)] -&gt; xpath: //p//word], [[FirefoxDriver: firefox on LINUX (358f877c-4143-452f-ab4d-589327eb2715)] -&gt; xpath: //p//word], [[FirefoxDriver: firefox on LINUX (358f877c-4143-452f-ab4d-589327eb2715)] -&gt; xpath: //p//word], [[FirefoxDriver: firefox on LINUX (358f877c-4143-452f-ab4d-589327eb2715)] -&gt; xpath: //p//word], [[FirefoxDriver: firefox on LINUX (358f877c-4143-452f-ab4d-589327eb2715)] -&gt; xpath: //p//word], [[FirefoxDriver: firefox on LINUX (358f877c-4143-452f-ab4d-589327eb2715)] -&gt; xpath: //p//word], [[FirefoxDriver: firefox on LINUX (358f877c-4143-452f-ab4d-589327eb2715)] -&gt; xpath: //p//word], [[FirefoxDriver: firefox on LINUX (358f877c-4143-452f-ab4d-589327eb2715)] -&gt; xpath: //p//word], [[FirefoxDriver: firefox on LINUX (358f877c-4143-452f-ab4d-589327eb2715)] -&gt; xpath: //p//word], [[FirefoxDriver: firefox on LINUX (358f877c-4143-452f-ab4d-589327eb2715)] -&gt; xpath: //p//word], [[FirefoxDriver: firefox on LINUX (358f877c-4143-452f-ab4d-589327eb2715)] -&gt; xpath: //p//word], [[FirefoxDriver: firefox on LINUX (358f877c-4143-452f-ab4d-589327eb2715)] -&gt; xpath: //p//word], [[FirefoxDriver: firefox on LINUX (358f877c-4143-452f-ab4d-589327eb2715)] -&gt; xpath: //p//word], [[FirefoxDriver: firefox on LINUX (358f877c-4143-452f-ab4d-589327eb2715)] -&gt; xpath: //p//word], [[FirefoxDriver: firefox on LINUX (358f877c-4143-452f-ab4d-589327eb2715)] -&gt; xpath: //p//word], [[FirefoxDriver: firefox on LINUX (358f877c-4143-452f-ab4d-589327eb2715)] -&gt; xpath: //p//word], [[FirefoxDriver: firefox on LINUX (358f877c-4143-452f-ab4d-589327eb2715)] -&gt; xpath: //p//word], [[FirefoxDriver: firefox on LINUX (358f877c-4143-452f-ab4d-589327eb2715)] -&gt; xpath: //p//word], [[FirefoxDriver: firefox on LINUX (358f877c-4143-452f-ab4d-589327eb2715)] -&gt; xpath: //p//word], [[FirefoxDriver: firefox on LINUX (358f877c-4143-452f-ab4d-589327eb2715)] -&gt; xpath: //p//word], [[FirefoxDriver: firefox on LINUX (358f877c-4143-452f-ab4d-589327eb2715)] -&gt; xpath: //p//word], [[FirefoxDriver: firefox on LINUX (358f877c-4143-452f-ab4d-589327eb2715)] -&gt; xpath: //p//word], [[FirefoxDriver: firefox on LINUX (358f877c-4143-452f-ab4d-589327eb2715)] -&gt; xpath: //p//word], [[FirefoxDriver: firefox on LINUX (358f877c-4143-452f-ab4d-589327eb2715)] -&gt; xpath: //p//word], [[FirefoxDriver: firefox on LINUX (358f877c-4143-452f-ab4d-589327eb2715)] -&gt; xpath: //p//word], [[FirefoxDriver: firefox on LINUX (358f877c-4143-452f-ab4d-589327eb2715)] -&gt; xpath: //p//word], [[FirefoxDriver: firefox on LINUX (358f877c-4143-452f-ab4d-589327eb2715)] -&gt; xpath: //p//word], [[FirefoxDriver: firefox on LINUX (358f877c-4143-452f-ab4d-589327eb2715)] -&gt; xpath: //p//word], [[FirefoxDriver: firefox on LINUX (358f877c-4143-452f-ab4d-589327eb2715)] -&gt; xpath: //p//word], [[FirefoxDriver: firefox on LINUX (358f877c-4143-452f-ab4d-589327eb2715)] -&gt; xpath: //p//word], [[FirefoxDriver: firefox on LINUX (358f877c-4143-452f-ab4d-589327eb2715)] -&gt; xpath: //p//word], [[FirefoxDriver: firefox on LINUX (358f877c-4143-452f-ab4d-589327eb2715)] -&gt; xpath: //p//word], [[FirefoxDriver: firefox on LINUX (358f877c-4143-452f-ab4d-589327eb2715)] -&gt; xpath: //p//word], [[FirefoxDriver: firefox on LINUX (358f877c-4143-452f-ab4d-589327eb2715)] -&gt; xpath: //p//word], [[FirefoxDriver: firefox on LINUX (358f877c-4143-452f-ab4d-589327eb2715)] -&gt; xpath: //p//word], [[FirefoxDriver: firefox on LINUX (358f877c-4143-452f-ab4d-589327eb2715)] -&gt; xpath: //p//word], [[FirefoxDriver: firefox on LINUX (358f877c-4143-452f-ab4d-589327eb2715)] -&gt; xpath: //p//word], [[FirefoxDriver: firefox on LINUX (358f877c-4143-452f-ab4d-589327eb2715)] -&gt; xpath: //p//word], [[FirefoxDriver: firefox on LINUX (358f877c-4143-452f-ab4d-589327eb2715)] -&gt; xpath: //p//word], [[FirefoxDriver: firefox on LINUX (358f877c-4143-452f-ab4d-589327eb2715)] -&gt; xpath: //p//word], [[FirefoxDriver: firefox on LINUX (358f877c-4143-452f-ab4d-589327eb2715)] -&gt; xpath: //p//word], [[FirefoxDriver: firefox on LINUX (358f877c-4143-452f-ab4d-589327eb2715)] -&gt; xpath: //p//word], [[FirefoxDriver: firefox on LINUX (358f877c-4143-452f-ab4d-589327eb2715)] -&gt; xpath: //p//word], [[FirefoxDriver: firefox on LINUX (358f877c-4143-452f-ab4d-589327eb2715)] -&gt; xpath: //p//word], [[FirefoxDriver: firefox on LINUX (358f877c-4143-452f-ab4d-589327eb2715)] -&gt; xpath: //p//word], [[FirefoxDriver: firefox on LINUX (358f877c-4143-452f-ab4d-589327eb2715)] -&gt; xpath: //p//word], [[FirefoxDriver: firefox on LINUX (358f877c-4143-452f-ab4d-589327eb2715)] -&gt; xpath: //p//word], [[FirefoxDriver: firefox on LINUX (358f877c-4143-452f-ab4d-589327eb2715)] -&gt; xpath: //p//word], [[FirefoxDriver: firefox on LINUX (358f877c-4143-452f-ab4d-589327eb2715)] -&gt; xpath: //p//word], [[FirefoxDriver: firefox on LINUX (358f877c-4143-452f-ab4d-589327eb2715)] -&gt; xpath: //p//word], [[FirefoxDriver: firefox on LINUX (358f877c-4143-452f-ab4d-589327eb2715)] -&gt; xpath: //p//word], [[FirefoxDriver: firefox on LINUX (358f877c-4143-452f-ab4d-589327eb2715)] -&gt; xpath: //p//word], [[FirefoxDriver: firefox on LINUX (358f877c-4143-452f-ab4d-589327eb2715)] -&gt; xpath: //p//word], [[FirefoxDriver: firefox on LINUX (358f877c-4143-452f-ab4d-589327eb2715)] -&gt; xpath: //p//word], [[FirefoxDriver: firefox on LINUX (358f877c-4143-452f-ab4d-589327eb2715)] -&gt; xpath: //p//word], [[FirefoxDriver: firefox on LINUX (358f877c-4143-452f-ab4d-589327eb2715)] -&gt; xpath: //p//word], [[FirefoxDriver: firefox on LINUX (358f877c-4143-452f-ab4d-589327eb2715)] -&gt; xpath: //p//word], [[FirefoxDriver: firefox on LINUX (358f877c-4143-452f-ab4d-589327eb2715)] -&gt; xpath: //p//word], [[FirefoxDriver: firefox on LINUX (358f877c-4143-452f-ab4d-589327eb2715)] -&gt; xpath: //p//word], [[FirefoxDriver: firefox on LINUX (358f877c-4143-452f-ab4d-589327eb2715)] -&gt; xpath: //p//word], [[FirefoxDriver: firefox on LINUX (358f877c-4143-452f-ab4d-589327eb2715)] -&gt; xpath: //p//word], [[FirefoxDriver: firefox on LINUX (358f877c-4143-452f-ab4d-589327eb2715)] -&gt; xpath: //p//word], [[FirefoxDriver: firefox on LINUX (358f877c-4143-452f-ab4d-589327eb2715)] -&gt; xpath: //p//word], [[FirefoxDriver: firefox on LINUX (358f877c-4143-452f-ab4d-589327eb2715)] -&gt; xpath: //p//word], [[FirefoxDriver: firefox on LINUX (358f877c-4143-452f-ab4d-589327eb2715)] -&gt; xpath: //p//word], [[FirefoxDriver: firefox on LINUX (358f877c-4143-452f-ab4d-589327eb2715)] -&gt; xpath: //p//word], [[FirefoxDriver: firefox on LINUX (358f877c-4143-452f-ab4d-589327eb2715)] -&gt; xpath: //p//word], [[FirefoxDriver: firefox on LINUX (358f877c-4143-452f-ab4d-589327eb2715)] -&gt; xpath: //p//word], [[FirefoxDriver: firefox on LINUX (358f877c-4143-452f-ab4d-589327eb2715)] -&gt; xpath: //p//word], [[FirefoxDriver: firefox on LINUX (358f877c-4143-452f-ab4d-589327eb2715)] -&gt; xpath: //p//word], [[FirefoxDriver: firefox on LINUX (358f877c-4143-452f-ab4d-589327eb2715)] -&gt; xpath: //p//word], [[FirefoxDriver: firefox on LINUX (358f877c-4143-452f-ab4d-589327eb2715)] -&gt; xpath: //p//word], [[FirefoxDriver: firefox on LINUX (358f877c-4143-452f-ab4d-589327eb2715)] -&gt; xpath: //p//word], [[FirefoxDriver: firefox on LINUX (358f877c-4143-452f-ab4d-589327eb2715)] -&gt; xpath: //p//word], [[FirefoxDriver: firefox on LINUX (358f877c-4143-452f-ab4d-589327eb2715)] -&gt; xpath: //p//word], [[FirefoxDriver: firefox on LINUX (358f877c-4143-452f-ab4d-589327eb2715)] -&gt; xpath: //p//word], [[FirefoxDriver: firefox on LINUX (358f877c-4143-452f-ab4d-589327eb2715)] -&gt; xpath: //p//word], [[FirefoxDriver: firefox on LINUX (358f877c-4143-452f-ab4d-589327eb2715)] -&gt; xpath: //p//word], [[FirefoxDriver: firefox on LINUX (358f877c-4143-452f-ab4d-589327eb2715)] -&gt; xpath: //p//word], [[FirefoxDriver: firefox on LINUX (358f877c-4143-452f-ab4d-589327eb2715)] -&gt; xpath: //p//word], [[FirefoxDriver: firefox on LINUX (358f877c-4143-452f-ab4d-589327eb2715)] -&gt; xpath: //p//word], [[FirefoxDriver: firefox on LINUX (358f877c-4143-452f-ab4d-589327eb2715)] -&gt; xpath: //p//word], [[FirefoxDriver: firefox on LINUX (358f877c-4143-452f-ab4d-589327eb2715)] -&gt; xpath: //p//word], [[FirefoxDriver: firefox on LINUX (358f877c-4143-452f-ab4d-589327eb2715)] -&gt; xpath: //p//word], [[FirefoxDriver: firefox on LINUX (358f877c-4143-452f-ab4d-589327eb2715)] -&gt; xpath: //p//word], [[FirefoxDriver: firefox on LINUX (358f877c-4143-452f-ab4d-589327eb2715)] -&gt; xpath: //p//word], [[FirefoxDriver: firefox on LINUX (358f877c-4143-452f-ab4d-589327eb2715)] -&gt; xpath: //p//word], [[FirefoxDriver: firefox on LINUX (358f877c-4143-452f-ab4d-589327eb2715)] -&gt; xpath: //p//word], [[FirefoxDriver: firefox on LINUX (358f877c-4143-452f-ab4d-589327eb2715)] -&gt; xpath: //p//word], [[FirefoxDriver: firefox on LINUX (358f877c-4143-452f-ab4d-589327eb2715)] -&gt; xpath: //p//word], [[FirefoxDriver: firefox on LINUX (358f877c-4143-452f-ab4d-589327eb2715)] -&gt; xpath: //p//word], [[FirefoxDriver: firefox on LINUX (358f877c-4143-452f-ab4d-589327eb2715)] -&gt; xpath: //p//word], [[FirefoxDriver: firefox on LINUX (358f877c-4143-452f-ab4d-589327eb2715)] -&gt; xpath: //p//word], [[FirefoxDriver: firefox on LINUX (358f877c-4143-452f-ab4d-589327eb2715)] -&gt; xpath: //p//word], [[FirefoxDriver: firefox on LINUX (358f877c-4143-452f-ab4d-589327eb2715)] -&gt; xpath: //p//word], [[FirefoxDriver: firefox on LINUX (358f877c-4143-452f-ab4d-589327eb2715)] -&gt; xpath: //p//word], [[FirefoxDriver: firefox on LINUX (358f877c-4143-452f-ab4d-589327eb2715)] -&gt; xpath: //p//word], [[FirefoxDriver: firefox on LINUX (358f877c-4143-452f-ab4d-589327eb2715)] -&gt; xpath: //p//word], [[FirefoxDriver: firefox on LINUX (358f877c-4143-452f-ab4d-589327eb2715)] -&gt; xpath: //p//word], [[FirefoxDriver: firefox on LINUX (358f877c-4143-452f-ab4d-589327eb2715)] -&gt; xpath: //p//word], [[FirefoxDriver: firefox on LINUX (358f877c-4143-452f-ab4d-589327eb2715)] -&gt; xpath: //p//word], [[FirefoxDriver: firefox on LINUX (358f877c-4143-452f-ab4d-589327eb2715)] -&gt; xpath: //p//word], [[FirefoxDriver: firefox on LINUX (358f877c-4143-452f-ab4d-589327eb2715)] -&gt; xpath: //p//word], [[FirefoxDriver: firefox on LINUX (358f877c-4143-452f-ab4d-589327eb2715)] -&gt; xpath: //p//word], [[FirefoxDriver: firefox on LINUX (358f877c-4143-452f-ab4d-589327eb2715)] -&gt; xpath: //p//word], [[FirefoxDriver: firefox on LINUX (358f877c-4143-452f-ab4d-589327eb2715)] -&gt; xpath: //p//word], [[FirefoxDriver: firefox on LINUX (358f877c-4143-452f-ab4d-589327eb2715)] -&gt; xpath: //p//word], [[FirefoxDriver: firefox on LINUX (358f877c-4143-452f-ab4d-589327eb2715)] -&gt; xpath: //p//word], [[FirefoxDriver: firefox on LINUX (358f877c-4143-452f-ab4d-589327eb2715)] -&gt; xpath: //p//word], [[FirefoxDriver: firefox on LINUX (358f877c-4143-452f-ab4d-589327eb2715)] -&gt; xpath: //p//word], [[FirefoxDriver: firefox on LINUX (358f877c-4143-452f-ab4d-589327eb2715)] -&gt; xpath: //p//word], [[FirefoxDriver: firefox on LINUX (358f877c-4143-452f-ab4d-589327eb2715)] -&gt; xpath: //p//word], [[FirefoxDriver: firefox on LINUX (358f877c-4143-452f-ab4d-589327eb2715)] -&gt; xpath: //p//word], [[FirefoxDriver: firefox on LINUX (358f877c-4143-452f-ab4d-589327eb2715)] -&gt; xpath: //p//word], [[FirefoxDriver: firefox on LINUX (358f877c-4143-452f-ab4d-589327eb2715)] -&gt; xpath: //p//word], [[FirefoxDriver: firefox on LINUX (358f877c-4143-452f-ab4d-589327eb2715)] -&gt; xpath: //p//word], [[FirefoxDriver: firefox on LINUX (358f877c-4143-452f-ab4d-589327eb2715)] -&gt; xpath: //p//word], [[FirefoxDriver: firefox on LINUX (358f877c-4143-452f-ab4d-589327eb2715)] -&gt; xpath: //p//word], [[FirefoxDriver: firefox on LINUX (358f877c-4143-452f-ab4d-589327eb2715)] -&gt; xpath: //p//word], [[FirefoxDriver: firefox on LINUX (358f877c-4143-452f-ab4d-589327eb2715)] -&gt; xpath: //p//word], [[FirefoxDriver: firefox on LINUX (358f877c-4143-452f-ab4d-589327eb2715)] -&gt; xpath: //p//word], [[FirefoxDriver: firefox on LINUX (358f877c-4143-452f-ab4d-589327eb2715)] -&gt; xpath: //p//word], [[FirefoxDriver: firefox on LINUX (358f877c-4143-452f-ab4d-589327eb2715)] -&gt; xpath: //p//word], [[FirefoxDriver: firefox on LINUX (358f877c-4143-452f-ab4d-589327eb2715)] -&gt; xpath: //p//word], [[FirefoxDriver: firefox on LINUX (358f877c-4143-452f-ab4d-589327eb2715)] -&gt; xpath: //p//word], [[FirefoxDriver: firefox on LINUX (358f877c-4143-452f-ab4d-589327eb2715)] -&gt; xpath: //p//word], [[FirefoxDriver: firefox on LINUX (358f877c-4143-452f-ab4d-589327eb2715)] -&gt; xpath: //p//word], [[FirefoxDriver: firefox on LINUX (358f877c-4143-452f-ab4d-589327eb2715)] -&gt; xpath: //p//word], [[FirefoxDriver: firefox on LINUX (358f877c-4143-452f-ab4d-589327eb2715)] -&gt; xpath: //p//word], [[FirefoxDriver: firefox on LINUX (358f877c-4143-452f-ab4d-589327eb2715)] -&gt; xpath: //p//word], [[FirefoxDriver: firefox on LINUX (358f877c-4143-452f-ab4d-589327eb2715)] -&gt; xpath: //p//word], [[FirefoxDriver: firefox on LINUX (358f877c-4143-452f-ab4d-589327eb2715)] -&gt; xpath: //p//word], [[FirefoxDriver: firefox on LINUX (358f877c-4143-452f-ab4d-589327eb2715)] -&gt; xpath: //p//word], [[FirefoxDriver: firefox on LINUX (358f877c-4143-452f-ab4d-589327eb2715)] -&gt; xpath: //p//word], [[FirefoxDriver: firefox on LINUX (358f877c-4143-452f-ab4d-589327eb2715)] -&gt; xpath: //p//word], [[FirefoxDriver: firefox on LINUX (358f877c-4143-452f-ab4d-589327eb2715)] -&gt; xpath: //p//word], [[FirefoxDriver: firefox on LINUX (358f877c-4143-452f-ab4d-589327eb2715)] -&gt; xpath: //p//word], [[FirefoxDriver: firefox on LINUX (358f877c-4143-452f-ab4d-589327eb2715)] -&gt; xpath: //p//word], [[FirefoxDriver: firefox on LINUX (358f877c-4143-452f-ab4d-589327eb2715)] -&gt; xpath: //p//word], [[FirefoxDriver: firefox on LINUX (358f877c-4143-452f-ab4d-589327eb2715)] -&gt; xpath: //p//word], [[FirefoxDriver: firefox on LINUX (358f877c-4143-452f-ab4d-589327eb2715)] -&gt; xpath: //p//word], [[FirefoxDriver: firefox on LINUX (358f877c-4143-452f-ab4d-589327eb2715)] -&gt; xpath: //p//word], [[FirefoxDriver: firefox on LINUX (358f877c-4143-452f-ab4d-589327eb2715)] -&gt; xpath: //p//word], [[FirefoxDriver: firefox on LINUX (358f877c-4143-452f-ab4d-589327eb2715)] -&gt; xpath: //p//word], [[FirefoxDriver: firefox on LINUX (358f877c-4143-452f-ab4d-589327eb2715)] -&gt; xpath: //p//word], [[FirefoxDriver: firefox on LINUX (358f877c-4143-452f-ab4d-589327eb2715)] -&gt; xpath: //p//word], [[FirefoxDriver: firefox on LINUX (358f877c-4143-452f-ab4d-589327eb2715)] -&gt; xpath: //p//word], [[FirefoxDriver: firefox on LINUX (358f877c-4143-452f-ab4d-589327eb2715)] -&gt; xpath: //p//word], [[FirefoxDriver: firefox on LINUX (358f877c-4143-452f-ab4d-589327eb2715)] -&gt; xpath: //p//word], [[FirefoxDriver: firefox on LINUX (358f877c-4143-452f-ab4d-589327eb2715)] -&gt; xpath: //p//word], [[FirefoxDriver: firefox on LINUX (358f877c-4143-452f-ab4d-589327eb2715)] -&gt; xpath: //p//word], [[FirefoxDriver: firefox on LINUX (358f877c-4143-452f-ab4d-589327eb2715)] -&gt; xpath: //p//word], [[FirefoxDriver: firefox on LINUX (358f877c-4143-452f-ab4d-589327eb2715)] -&gt; xpath: //p//word], [[FirefoxDriver: firefox on LINUX (358f877c-4143-452f-ab4d-589327eb2715)] -&gt; xpath: //p//word], [[FirefoxDriver: firefox on LINUX (358f877c-4143-452f-ab4d-589327eb2715)] -&gt; xpath: //p//word], [[FirefoxDriver: firefox on LINUX (358f877c-4143-452f-ab4d-589327eb2715)] -&gt; xpath: //p//word], [[FirefoxDriver: firefox on LINUX (358f877c-4143-452f-ab4d-589327eb2715)] -&gt; xpath: //p//word], [[FirefoxDriver: firefox on LINUX (358f877c-4143-452f-ab4d-589327eb2715)] -&gt; xpath: //p//word], [[FirefoxDriver: firefox on LINUX (358f877c-4143-452f-ab4d-589327eb2715)] -&gt; xpath: //p//word], [[FirefoxDriver: firefox on LINUX (358f877c-4143-452f-ab4d-589327eb2715)] -&gt; xpath: //p//word], [[FirefoxDriver: firefox on LINUX (358f877c-4143-452f-ab4d-589327eb2715)] -&gt; xpath: //p//word], [[FirefoxDriver: firefox on LINUX (358f877c-4143-452f-ab4d-589327eb2715)] -&gt; xpath: //p//word], [[FirefoxDriver: firefox on LINUX (358f877c-4143-452f-ab4d-589327eb2715)] -&gt; xpath: //p//word], [[FirefoxDriver: firefox on LINUX (358f877c-4143-452f-ab4d-589327eb2715)] -&gt; xpath: //p//word], [[FirefoxDriver: firefox on LINUX (358f877c-4143-452f-ab4d-589327eb2715)] -&gt; xpath: //p//word], [[FirefoxDriver: firefox on LINUX (358f877c-4143-452f-ab4d-589327eb2715)] -&gt; xpath: //p//word], [[FirefoxDriver: firefox on LINUX (358f877c-4143-452f-ab4d-589327eb2715)] -&gt; xpath: //p//word], [[FirefoxDriver: firefox on LINUX (358f877c-4143-452f-ab4d-589327eb2715)] -&gt; xpath: //p//word], [[FirefoxDriver: firefox on LINUX (358f877c-4143-452f-ab4d-589327eb2715)] -&gt; xpath: //p//word], [[FirefoxDriver: firefox on LINUX (358f877c-4143-452f-ab4d-589327eb2715)] -&gt; xpath: //p//word], [[FirefoxDriver: firefox on LINUX (358f877c-4143-452f-ab4d-589327eb2715)] -&gt; xpath: //p//word], [[FirefoxDriver: firefox on LINUX (358f877c-4143-452f-ab4d-589327eb2715)] -&gt; xpath: //p//word], [[FirefoxDriver: firefox on LINUX (358f877c-4143-452f-ab4d-589327eb2715)] -&gt; xpath: //p//word], [[FirefoxDriver: firefox on LINUX (358f877c-4143-452f-ab4d-589327eb2715)] -&gt; xpath: //p//word], [[FirefoxDriver: firefox on LINUX (358f877c-4143-452f-ab4d-589327eb2715)] -&gt; xpath: //p//word], [[FirefoxDriver: firefox on LINUX (358f877c-4143-452f-ab4d-589327eb2715)] -&gt; xpath: //p//word], [[FirefoxDriver: firefox on LINUX (358f877c-4143-452f-ab4d-589327eb2715)] -&gt; xpath: //p//word], [[FirefoxDriver: firefox on LINUX (358f877c-4143-452f-ab4d-589327eb2715)] -&gt; xpath: //p//word], [[FirefoxDriver: firefox on LINUX (358f877c-4143-452f-ab4d-589327eb2715)] -&gt; xpath: //p//word], [[FirefoxDriver: firefox on LINUX (358f877c-4143-452f-ab4d-589327eb2715)] -&gt; xpath: //p//word], [[FirefoxDriver: firefox on LINUX (358f877c-4143-452f-ab4d-589327eb2715)] -&gt; xpath: //p//word], [[FirefoxDriver: firefox on LINUX (358f877c-4143-452f-ab4d-589327eb2715)] -&gt; xpath: //p//word], [[FirefoxDriver: firefox on LINUX (358f877c-4143-452f-ab4d-589327eb2715)] -&gt; xpath: //p//word], [[FirefoxDriver: firefox on LINUX (358f877c-4143-452f-ab4d-589327eb2715)] -&gt; xpath: //p//word], [[FirefoxDriver: firefox on LINUX (358f877c-4143-452f-ab4d-589327eb2715)] -&gt; xpath: //p//word], [[FirefoxDriver: firefox on LINUX (358f877c-4143-452f-ab4d-589327eb2715)] -&gt; xpath: //p//word], [[FirefoxDriver: firefox on LINUX (358f877c-4143-452f-ab4d-589327eb2715)] -&gt; xpath: //p//word], [[FirefoxDriver: firefox on LINUX (358f877c-4143-452f-ab4d-589327eb2715)] -&gt; xpath: //p//word], [[FirefoxDriver: firefox on LINUX (358f877c-4143-452f-ab4d-589327eb2715)] -&gt; xpath: //p//word], [[FirefoxDriver: firefox on LINUX (358f877c-4143-452f-ab4d-589327eb2715)] -&gt; xpath: //p//word], [[FirefoxDriver: firefox on LINUX (358f877c-4143-452f-ab4d-589327eb2715)] -&gt; xpath: //p//word], [[FirefoxDriver: firefox on LINUX (358f877c-4143-452f-ab4d-589327eb2715)] -&gt; xpath: //p//word], [[FirefoxDriver: firefox on LINUX (358f877c-4143-452f-ab4d-589327eb2715)] -&gt; xpath: //p//word], [[FirefoxDriver: firefox on LINUX (358f877c-4143-452f-ab4d-589327eb2715)] -&gt; xpath: //p//word], [[FirefoxDriver: firefox on LINUX (358f877c-4143-452f-ab4d-589327eb2715)] -&gt; xpath: //p//word], [[FirefoxDriver: firefox on LINUX (358f877c-4143-452f-ab4d-589327eb2715)] -&gt; xpath: //p//word], [[FirefoxDriver: firefox on LINUX (358f877c-4143-452f-ab4d-589327eb2715)] -&gt; xpath: //p//word], [[FirefoxDriver: firefox on LINUX (358f877c-4143-452f-ab4d-589327eb2715)] -&gt; xpath: //p//word], [[FirefoxDriver: firefox on LINUX (358f877c-4143-452f-ab4d-589327eb2715)] -&gt; xpath: //p//word], [[FirefoxDriver: firefox on LINUX (358f877c-4143-452f-ab4d-589327eb2715)] -&gt; xpath: //p//word], [[FirefoxDriver: firefox on LINUX (358f877c-4143-452f-ab4d-589327eb2715)] -&gt; xpath: //p//word], [[FirefoxDriver: firefox on LINUX (358f877c-4143-452f-ab4d-589327eb2715)] -&gt; xpath: //p//word], [[FirefoxDriver: firefox on LINUX (358f877c-4143-452f-ab4d-589327eb2715)] -&gt; xpath: //p//word], [[FirefoxDriver: firefox on LINUX (358f877c-4143-452f-ab4d-589327eb2715)] -&gt; xpath: //p//word], [[FirefoxDriver: firefox on LINUX (358f877c-4143-452f-ab4d-589327eb2715)] -&gt; xpath: //p//word], [[FirefoxDriver: firefox on LINUX (358f877c-4143-452f-ab4d-589327eb2715)] -&gt; xpath: //p//word], [[FirefoxDriver: firefox on LINUX (358f877c-4143-452f-ab4d-589327eb2715)] -&gt; xpath: //p//word], [[FirefoxDriver: firefox on LINUX (358f877c-4143-452f-ab4d-589327eb2715)] -&gt; xpath: //p//word], [[FirefoxDriver: firefox on LINUX (358f877c-4143-452f-ab4d-589327eb2715)] -&gt; xpath: //p//word], [[FirefoxDriver: firefox on LINUX (358f877c-4143-452f-ab4d-589327eb2715)] -&gt; xpath: //p//word], [[FirefoxDriver: firefox on LINUX (358f877c-4143-452f-ab4d-589327eb2715)] -&gt; xpath: //p//word], [[FirefoxDriver: firefox on LINUX (358f877c-4143-452f-ab4d-589327eb2715)] -&gt; xpath: //p//word], [[FirefoxDriver: firefox on LINUX (358f877c-4143-452f-ab4d-589327eb2715)] -&gt; xpath: //p//word], [[FirefoxDriver: firefox on LINUX (358f877c-4143-452f-ab4d-589327eb2715)] -&gt; xpath: //p//word], [[FirefoxDriver: firefox on LINUX (358f877c-4143-452f-ab4d-589327eb2715)] -&gt; xpath: //p//word], [[FirefoxDriver: firefox on LINUX (358f877c-4143-452f-ab4d-589327eb2715)] -&gt; xpath: //p//word], [[FirefoxDriver: firefox on LINUX (358f877c-4143-452f-ab4d-589327eb2715)] -&gt; xpath: //p//word], [[FirefoxDriver: firefox on LINUX (358f877c-4143-452f-ab4d-589327eb2715)] -&gt; xpath: //p//word], [[FirefoxDriver: firefox on LINUX (358f877c-4143-452f-ab4d-589327eb2715)] -&gt; xpath: //p//word], [[FirefoxDriver: firefox on LINUX (358f877c-4143-452f-ab4d-589327eb2715)] -&gt; xpath: //p//word], [[FirefoxDriver: firefox on LINUX (358f877c-4143-452f-ab4d-589327eb2715)] -&gt; xpath: //p//word], [[FirefoxDriver: firefox on LINUX (358f877c-4143-452f-ab4d-589327eb2715)] -&gt; xpath: //p//word], [[FirefoxDriver: firefox on LINUX (358f877c-4143-452f-ab4d-589327eb2715)] -&gt; xpath: //p//word], [[FirefoxDriver: firefox on LINUX (358f877c-4143-452f-ab4d-589327eb2715)] -&gt; xpath: //p//word], [[FirefoxDriver: firefox on LINUX (358f877c-4143-452f-ab4d-589327eb2715)] -&gt; xpath: //p//word], [[FirefoxDriver: firefox on LINUX (358f877c-4143-452f-ab4d-589327eb2715)] -&gt; xpath: //p//word], [[FirefoxDriver: firefox on LINUX (358f877c-4143-452f-ab4d-589327eb2715)] -&gt; xpath: //p//word], [[FirefoxDriver: firefox on LINUX (358f877c-4143-452f-ab4d-589327eb2715)] -&gt; xpath: //p//word], [[FirefoxDriver: firefox on LINUX (358f877c-4143-452f-ab4d-589327eb2715)] -&gt; xpath: //p//word], [[FirefoxDriver: firefox on LINUX (358f877c-4143-452f-ab4d-589327eb2715)] -&gt; xpath: //p//word], [[FirefoxDriver: firefox on LINUX (358f877c-4143-452f-ab4d-589327eb2715)] -&gt; xpath: //p//word], [[FirefoxDriver: firefox on LINUX (358f877c-4143-452f-ab4d-589327eb2715)] -&gt; xpath: //p//word], [[FirefoxDriver: firefox on LINUX (358f877c-4143-452f-ab4d-589327eb2715)] -&gt; xpath: //p//word], [[FirefoxDriver: firefox on LINUX (358f877c-4143-452f-ab4d-589327eb2715)] -&gt; xpath: //p//word], [[FirefoxDriver: firefox on LINUX (358f877c-4143-452f-ab4d-589327eb2715)] -&gt; xpath: //p//word], [[FirefoxDriver: firefox on LINUX (358f877c-4143-452f-ab4d-589327eb2715)] -&gt; xpath: //p//word], [[FirefoxDriver: firefox on LINUX (358f877c-4143-452f-ab4d-589327eb2715)] -&gt; xpath: //p//word], [[FirefoxDriver: firefox on LINUX (358f877c-4143-452f-ab4d-589327eb2715)] -&gt; xpath: //p//word], [[FirefoxDriver: firefox on LINUX (358f877c-4143-452f-ab4d-589327eb2715)] -&gt; xpath: //p//word], [[FirefoxDriver: firefox on LINUX (358f877c-4143-452f-ab4d-589327eb2715)] -&gt; xpath: //p//word], [[FirefoxDriver: firefox on LINUX (358f877c-4143-452f-ab4d-589327eb2715)] -&gt; xpath: //p//word], [[FirefoxDriver: firefox on LINUX (358f877c-4143-452f-ab4d-589327eb2715)] -&gt; xpath: //p//word], [[FirefoxDriver: firefox on LINUX (358f877c-4143-452f-ab4d-589327eb2715)] -&gt; xpath: //p//word], [[FirefoxDriver: firefox on LINUX (358f877c-4143-452f-ab4d-589327eb2715)] -&gt; xpath: //p//word], [[FirefoxDriver: firefox on LINUX (358f877c-4143-452f-ab4d-589327eb2715)] -&gt; xpath: //p//word], [[FirefoxDriver: firefox on LINUX (358f877c-4143-452f-ab4d-589327eb2715)] -&gt; xpath: //p//word], [[FirefoxDriver: firefox on LINUX (358f877c-4143-452f-ab4d-589327eb2715)] -&gt; xpath: //p//word], [[FirefoxDriver: firefox on LINUX (358f877c-4143-452f-ab4d-589327eb2715)] -&gt; xpath: //p//word], [[FirefoxDriver: firefox on LINUX (358f877c-4143-452f-ab4d-589327eb2715)] -&gt; xpath: //p//word], [[FirefoxDriver: firefox on LINUX (358f877c-4143-452f-ab4d-589327eb2715)] -&gt; xpath: //p//word], [[FirefoxDriver: firefox on LINUX (358f877c-4143-452f-ab4d-589327eb2715)] -&gt; xpath: //p//word], [[FirefoxDriver: firefox on LINUX (358f877c-4143-452f-ab4d-589327eb2715)] -&gt; xpath: //p//word], [[FirefoxDriver: firefox on LINUX (358f877c-4143-452f-ab4d-589327eb2715)] -&gt; xpath: //p//word], [[FirefoxDriver: firefox on LINUX (358f877c-4143-452f-ab4d-589327eb2715)] -&gt; xpath: //p//word], [[FirefoxDriver: firefox on LINUX (358f877c-4143-452f-ab4d-589327eb2715)] -&gt; xpath: //p//word], [[FirefoxDriver: firefox on LINUX (358f877c-4143-452f-ab4d-589327eb2715)] -&gt; xpath: //p//word], [[FirefoxDriver: firefox on LINUX (358f877c-4143-452f-ab4d-589327eb2715)] -&gt; xpath: //p//word], [[FirefoxDriver: firefox on LINUX (358f877c-4143-452f-ab4d-589327eb2715)] -&gt; xpath: //p//word], [[FirefoxDriver: firefox on LINUX (358f877c-4143-452f-ab4d-589327eb2715)] -&gt; xpath: //p//word], [[FirefoxDriver: firefox on LINUX (358f877c-4143-452f-ab4d-589327eb2715)] -&gt; xpath: //p//word], [[FirefoxDriver: firefox on LINUX (358f877c-4143-452f-ab4d-589327eb2715)] -&gt; xpath: //p//word], [[FirefoxDriver: firefox on LINUX (358f877c-4143-452f-ab4d-589327eb2715)] -&gt; xpath: //p//word], [[FirefoxDriver: firefox on LINUX (358f877c-4143-452f-ab4d-589327eb2715)] -&gt; xpath: //p//word], [[FirefoxDriver: firefox on LINUX (358f877c-4143-452f-ab4d-589327eb2715)] -&gt; xpath: //p//word], [[FirefoxDriver: firefox on LINUX (358f877c-4143-452f-ab4d-589327eb2715)] -&gt; xpath: //p//word], [[FirefoxDriver: firefox on LINUX (358f877c-4143-452f-ab4d-589327eb2715)] -&gt; xpath: //p//word], [[FirefoxDriver: firefox on LINUX (358f877c-4143-452f-ab4d-589327eb2715)] -&gt; xpath: //p//word], [[FirefoxDriver: firefox on LINUX (358f877c-4143-452f-ab4d-589327eb2715)] -&gt; xpath: //p//word], [[FirefoxDriver: firefox on LINUX (358f877c-4143-452f-ab4d-589327eb2715)] -&gt; xpath: //p//word], [[FirefoxDriver: firefox on LINUX (358f877c-4143-452f-ab4d-589327eb2715)] -&gt; xpath: //p//word], [[FirefoxDriver: firefox on LINUX (358f877c-4143-452f-ab4d-589327eb2715)] -&gt; xpath: //p//word], [[FirefoxDriver: firefox on LINUX (358f877c-4143-452f-ab4d-589327eb2715)] -&gt; xpath: //p//word], [[FirefoxDriver: firefox on LINUX (358f877c-4143-452f-ab4d-589327eb2715)] -&gt; xpath: //p//word], [[FirefoxDriver: firefox on LINUX (358f877c-4143-452f-ab4d-589327eb2715)] -&gt; xpath: //p//word], [[FirefoxDriver: firefox on LINUX (358f877c-4143-452f-ab4d-589327eb2715)] -&gt; xpath: //p//word], [[FirefoxDriver: firefox on LINUX (358f877c-4143-452f-ab4d-589327eb2715)] -&gt; xpath: //p//word], [[FirefoxDriver: firefox on LINUX (358f877c-4143-452f-ab4d-589327eb2715)] -&gt; xpath: //p//word], [[FirefoxDriver: firefox on LINUX (358f877c-4143-452f-ab4d-589327eb2715)] -&gt; xpath: //p//word], [[FirefoxDriver: firefox on LINUX (358f877c-4143-452f-ab4d-589327eb2715)] -&gt; xpath: //p//word], [[FirefoxDriver: firefox on LINUX (358f877c-4143-452f-ab4d-589327eb2715)] -&gt; xpath: //p//word], [[FirefoxDriver: firefox on LINUX (358f877c-4143-452f-ab4d-589327eb2715)] -&gt; xpath: //p//word], [[FirefoxDriver: firefox on LINUX (358f877c-4143-452f-ab4d-589327eb2715)] -&gt; xpath: //p//word], [[FirefoxDriver: firefox on LINUX (358f877c-4143-452f-ab4d-589327eb2715)] -&gt; xpath: //p//word], [[FirefoxDriver: firefox on LINUX (358f877c-4143-452f-ab4d-589327eb2715)] -&gt; xpath: //p//word], [[FirefoxDriver: firefox on LINUX (358f877c-4143-452f-ab4d-589327eb2715)] -&gt; xpath: //p//word], [[FirefoxDriver: firefox on LINUX (358f877c-4143-452f-ab4d-589327eb2715)] -&gt; xpath: //p//word], [[FirefoxDriver: firefox on LINUX (358f877c-4143-452f-ab4d-589327eb2715)] -&gt; xpath: //p//word], [[FirefoxDriver: firefox on LINUX (358f877c-4143-452f-ab4d-589327eb2715)] -&gt; xpath: //p//word], [[FirefoxDriver: firefox on LINUX (358f877c-4143-452f-ab4d-589327eb2715)] -&gt; xpath: //p//word], [[FirefoxDriver: firefox on LINUX (358f877c-4143-452f-ab4d-589327eb2715)] -&gt; xpath: //p//word], [[FirefoxDriver: firefox on LINUX (358f877c-4143-452f-ab4d-589327eb2715)] -&gt; xpath: //p//word], [[FirefoxDriver: firefox on LINUX (358f877c-4143-452f-ab4d-589327eb2715)] -&gt; xpath: //p//word], [[FirefoxDriver: firefox on LINUX (358f877c-4143-452f-ab4d-589327eb2715)] -&gt; xpath: //p//word], [[FirefoxDriver: firefox on LINUX (358f877c-4143-452f-ab4d-589327eb2715)] -&gt; xpath: //p//word], [[FirefoxDriver: firefox on LINUX (358f877c-4143-452f-ab4d-589327eb2715)] -&gt; xpath: //p//word], [[FirefoxDriver: firefox on LINUX (358f877c-4143-452f-ab4d-589327eb2715)] -&gt; xpath: //p//word], [[FirefoxDriver: firefox on LINUX (358f877c-4143-452f-ab4d-589327eb2715)] -&gt; xpath: //p//word], [[FirefoxDriver: firefox on LINUX (358f877c-4143-452f-ab4d-589327eb2715)] -&gt; xpath: //p//word], [[FirefoxDriver: firefox on LINUX (358f877c-4143-452f-ab4d-589327eb2715)] -&gt; xpath: //p//word], [[FirefoxDriver: firefox on LINUX (358f877c-4143-452f-ab4d-589327eb2715)] -&gt; xpath: //p//word], [[FirefoxDriver: firefox on LINUX (358f877c-4143-452f-ab4d-589327eb2715)] -&gt; xpath: //p//word], [[FirefoxDriver: firefox on LINUX (358f877c-4143-452f-ab4d-589327eb2715)] -&gt; xpath: //p//word], [[FirefoxDriver: firefox on LINUX (358f877c-4143-452f-ab4d-589327eb2715)] -&gt; xpath: //p//word], [[FirefoxDriver: firefox on LINUX (358f877c-4143-452f-ab4d-589327eb2715)] -&gt; xpath: //p//word], [[FirefoxDriver: firefox on LINUX (358f877c-4143-452f-ab4d-589327eb2715)] -&gt; xpath: //p//word], [[FirefoxDriver: firefox on LINUX (358f877c-4143-452f-ab4d-589327eb2715)] -&gt; xpath: //p//word], [[FirefoxDriver: firefox on LINUX (358f877c-4143-452f-ab4d-589327eb2715)] -&gt; xpath: //p//word], [[FirefoxDriver: firefox on LINUX (358f877c-4143-452f-ab4d-589327eb2715)] -&gt; xpath: //p//word], [[FirefoxDriver: firefox on LINUX (358f877c-4143-452f-ab4d-589327eb2715)] -&gt; xpath: //p//word], [[FirefoxDriver: firefox on LINUX (358f877c-4143-452f-ab4d-589327eb2715)] -&gt; xpath: //p//word], [[FirefoxDriver: firefox on LINUX (358f877c-4143-452f-ab4d-589327eb2715)] -&gt; xpath: //p//word], [[FirefoxDriver: firefox on LINUX (358f877c-4143-452f-ab4d-589327eb2715)] -&gt; xpath: //p//word], [[FirefoxDriver: firefox on LINUX (358f877c-4143-452f-ab4d-589327eb2715)] -&gt; xpath: //p//word], [[FirefoxDriver: firefox on LINUX (358f877c-4143-452f-ab4d-589327eb2715)] -&gt; xpath: //p//word], [[FirefoxDriver: firefox on LINUX (358f877c-4143-452f-ab4d-589327eb2715)] -&gt; xpath: //p//word], [[FirefoxDriver: firefox on LINUX (358f877c-4143-452f-ab4d-589327eb2715)] -&gt; xpath: //p//word], [[FirefoxDriver: firefox on LINUX (358f877c-4143-452f-ab4d-589327eb2715)] -&gt; xpath: //p//word], [[FirefoxDriver: firefox on LINUX (358f877c-4143-452f-ab4d-589327eb2715)] -&gt; xpath: //p//word], [[FirefoxDriver: firefox on LINUX (358f877c-4143-452f-ab4d-589327eb2715)] -&gt; xpath: //p//word], [[FirefoxDriver: firefox on LINUX (358f877c-4143-452f-ab4d-589327eb2715)] -&gt; xpath: //p//word], [[FirefoxDriver: firefox on LINUX (358f877c-4143-452f-ab4d-589327eb2715)] -&gt; xpath: //p//word], [[FirefoxDriver: firefox on LINUX (358f877c-4143-452f-ab4d-589327eb2715)] -&gt; xpath: //p//word], [[FirefoxDriver: firefox on LINUX (358f877c-4143-452f-ab4d-589327eb2715)] -&gt; xpath: //p//word], [[FirefoxDriver: firefox on LINUX (358f877c-4143-452f-ab4d-589327eb2715)] -&gt; xpath: //p//word], [[FirefoxDriver: firefox on LINUX (358f877c-4143-452f-ab4d-589327eb2715)] -&gt; xpath: //p//word], [[FirefoxDriver: firefox on LINUX (358f877c-4143-452f-ab4d-589327eb2715)] -&gt; xpath: //p//word], [[FirefoxDriver: firefox on LINUX (358f877c-4143-452f-ab4d-589327eb2715)] -&gt; xpath: //p//word], [[FirefoxDriver: firefox on LINUX (358f877c-4143-452f-ab4d-589327eb2715)] -&gt; xpath: //p//word], [[FirefoxDriver: firefox on LINUX (358f877c-4143-452f-ab4d-589327eb2715)] -&gt; xpath: //p//word], [[FirefoxDriver: firefox on LINUX (358f877c-4143-452f-ab4d-589327eb2715)] -&gt; xpath: //p//word], [[FirefoxDriver: firefox on LINUX (358f877c-4143-452f-ab4d-589327eb2715)] -&gt; xpath: //p//word], [[FirefoxDriver: firefox on LINUX (358f877c-4143-452f-ab4d-589327eb2715)] -&gt; xpath: //p//word], [[FirefoxDriver: firefox on LINUX (358f877c-4143-452f-ab4d-589327eb2715)] -&gt; xpath: //p//word], [[FirefoxDriver: firefox on LINUX (358f877c-4143-452f-ab4d-589327eb2715)] -&gt; xpath: //p//word], [[FirefoxDriver: firefox on LINUX (358f877c-4143-452f-ab4d-589327eb2715)] -&gt; xpath: //p//word], [[FirefoxDriver: firefox on LINUX (358f877c-4143-452f-ab4d-589327eb2715)] -&gt; xpath: //p//word], [[FirefoxDriver: firefox on LINUX (358f877c-4143-452f-ab4d-589327eb2715)] -&gt; xpath: //p//word], [[FirefoxDriver: firefox on LINUX (358f877c-4143-452f-ab4d-589327eb2715)] -&gt; xpath: //p//word], [[FirefoxDriver: firefox on LINUX (358f877c-4143-452f-ab4d-589327eb2715)] -&gt; xpath: //p//word], [[FirefoxDriver: firefox on LINUX (358f877c-4143-452f-ab4d-589327eb2715)] -&gt; xpath: //p//word], [[FirefoxDriver: firefox on LINUX (358f877c-4143-452f-ab4d-589327eb2715)] -&gt; xpath: //p//word], [[FirefoxDriver: firefox on LINUX (358f877c-4143-452f-ab4d-589327eb2715)] -&gt; xpath: //p//word], [[FirefoxDriver: firefox on LINUX (358f877c-4143-452f-ab4d-589327eb2715)] -&gt; xpath: //p//word], [[FirefoxDriver: firefox on LINUX (358f877c-4143-452f-ab4d-589327eb2715)] -&gt; xpath: //p//word], [[FirefoxDriver: firefox on LINUX (358f877c-4143-452f-ab4d-589327eb2715)] -&gt; xpath: //p//word], [[FirefoxDriver: firefox on LINUX (358f877c-4143-452f-ab4d-589327eb2715)] -&gt; xpath: //p//word], [[FirefoxDriver: firefox on LINUX (358f877c-4143-452f-ab4d-589327eb2715)] -&gt; xpath: //p//word], [[FirefoxDriver: firefox on LINUX (358f877c-4143-452f-ab4d-589327eb2715)] -&gt; xpath: //p//word], [[FirefoxDriver: firefox on LINUX (358f877c-4143-452f-ab4d-589327eb2715)] -&gt; xpath: //p//word], [[FirefoxDriver: firefox on LINUX (358f877c-4143-452f-ab4d-589327eb2715)] -&gt; xpath: //p//word], [[FirefoxDriver: firefox on LINUX (358f877c-4143-452f-ab4d-589327eb2715)] -&gt; xpath: //p//word], [[FirefoxDriver: firefox on LINUX (358f877c-4143-452f-ab4d-589327eb2715)] -&gt; xpath: //p//word], [[FirefoxDriver: firefox on LINUX (358f877c-4143-452f-ab4d-589327eb2715)] -&gt; xpath: //p//word], [[FirefoxDriver: firefox on LINUX (358f877c-4143-452f-ab4d-589327eb2715)] -&gt; xpath: //p//word], [[FirefoxDriver: firefox on LINUX (358f877c-4143-452f-ab4d-589327eb2715)] -&gt; xpath: //p//word], [[FirefoxDriver: firefox on LINUX (358f877c-4143-452f-ab4d-589327eb2715)] -&gt; xpath: //p//word], [[FirefoxDriver: firefox on LINUX (358f877c-4143-452f-ab4d-589327eb2715)] -&gt; xpath: //p//word], [[FirefoxDriver: firefox on LINUX (358f877c-4143-452f-ab4d-589327eb2715)] -&gt; xpath: //p//word], [[FirefoxDriver: firefox on LINUX (358f877c-4143-452f-ab4d-589327eb2715)] -&gt; xpath: //p//word], [[FirefoxDriver: firefox on LINUX (358f877c-4143-452f-ab4d-589327eb2715)] -&gt; xpath: //p//word], [[FirefoxDriver: firefox on LINUX (358f877c-4143-452f-ab4d-589327eb2715)] -&gt; xpath: //p//word], [[FirefoxDriver: firefox on LINUX (358f877c-4143-452f-ab4d-589327eb2715)] -&gt; xpath: //p//word], [[FirefoxDriver: firefox on LINUX (358f877c-4143-452f-ab4d-589327eb2715)] -&gt; xpath: //p//word], [[FirefoxDriver: firefox on LINUX (358f877c-4143-452f-ab4d-589327eb2715)] -&gt; xpath: //p//word], [[FirefoxDriver: firefox on LINUX (358f877c-4143-452f-ab4d-589327eb2715)] -&gt; xpath: //p//word], [[FirefoxDriver: firefox on LINUX (358f877c-4143-452f-ab4d-589327eb2715)] -&gt; xpath: //p//word], [[FirefoxDriver: firefox on LINUX (358f877c-4143-452f-ab4d-589327eb2715)] -&gt; xpath: //p//word], [[FirefoxDriver: firefox on LINUX (358f877c-4143-452f-ab4d-589327eb2715)] -&gt; xpath: //p//word], [[FirefoxDriver: firefox on LINUX (358f877c-4143-452f-ab4d-589327eb2715)] -&gt; xpath: //p//word], [[FirefoxDriver: firefox on LINUX (358f877c-4143-452f-ab4d-589327eb2715)] -&gt; xpath: //p//word], [[FirefoxDriver: firefox on LINUX (358f877c-4143-452f-ab4d-589327eb2715)] -&gt; xpath: //p//word], [[FirefoxDriver: firefox on LINUX (358f877c-4143-452f-ab4d-589327eb2715)] -&gt; xpath: //p//word], [[FirefoxDriver: firefox on LINUX (358f877c-4143-452f-ab4d-589327eb2715)] -&gt; xpath: //p//word], [[FirefoxDriver: firefox on LINUX (358f877c-4143-452f-ab4d-589327eb2715)] -&gt; xpath: //p//word], [[FirefoxDriver: firefox on LINUX (358f877c-4143-452f-ab4d-589327eb2715)] -&gt; xpath: //p//word], [[FirefoxDriver: firefox on LINUX (358f877c-4143-452f-ab4d-589327eb2715)] -&gt; xpath: //p//word], [[FirefoxDriver: firefox on LINUX (358f877c-4143-452f-ab4d-589327eb2715)] -&gt; xpath: //p//word], [[FirefoxDriver: firefox on LINUX (358f877c-4143-452f-ab4d-589327eb2715)] -&gt; xpath: //p//word], [[FirefoxDriver: firefox on LINUX (358f877c-4143-452f-ab4d-589327eb2715)] -&gt; xpath: //p//word], [[FirefoxDriver: firefox on LINUX (358f877c-4143-452f-ab4d-589327eb2715)] -&gt; xpath: //p//word], [[FirefoxDriver: firefox on LINUX (358f877c-4143-452f-ab4d-589327eb2715)] -&gt; xpath: //p//word], [[FirefoxDriver: firefox on LINUX (358f877c-4143-452f-ab4d-589327eb2715)] -&gt; xpath: //p//word], [[FirefoxDriver: firefox on LINUX (358f877c-4143-452f-ab4d-589327eb2715)] -&gt; xpath: //p//word], [[FirefoxDriver: firefox on LINUX (358f877c-4143-452f-ab4d-589327eb2715)] -&gt; xpath: //p//word], [[FirefoxDriver: firefox on LINUX (358f877c-4143-452f-ab4d-589327eb2715)] -&gt; xpath: //p//word], [[FirefoxDriver: firefox on LINUX (358f877c-4143-452f-ab4d-589327eb2715)] -&gt; xpath: //p//word], [[FirefoxDriver: firefox on LINUX (358f877c-4143-452f-ab4d-589327eb2715)] -&gt; xpath: //p//word], [[FirefoxDriver: firefox on LINUX (358f877c-4143-452f-ab4d-589327eb2715)] -&gt; xpath: //p//word], [[FirefoxDriver: firefox on LINUX (358f877c-4143-452f-ab4d-589327eb2715)] -&gt; xpath: //p//word], [[FirefoxDriver: firefox on LINUX (358f877c-4143-452f-ab4d-589327eb2715)] -&gt; xpath: //p//word], [[FirefoxDriver: firefox on LINUX (358f877c-4143-452f-ab4d-589327eb2715)] -&gt; xpath: //p//word], [[FirefoxDriver: firefox on LINUX (358f877c-4143-452f-ab4d-589327eb2715)] -&gt; xpath: //p//word], [[FirefoxDriver: firefox on LINUX (358f877c-4143-452f-ab4d-589327eb2715)] -&gt; xpath: //p//word], [[FirefoxDriver: firefox on LINUX (358f877c-4143-452f-ab4d-589327eb2715)] -&gt; xpath: //p//word], [[FirefoxDriver: firefox on LINUX (358f877c-4143-452f-ab4d-589327eb2715)] -&gt; xpath: //p//word], [[FirefoxDriver: firefox on LINUX (358f877c-4143-452f-ab4d-589327eb2715)] -&gt; xpath: //p//word], [[FirefoxDriver: firefox on LINUX (358f877c-4143-452f-ab4d-589327eb2715)] -&gt; xpath: //p//word], [[FirefoxDriver: firefox on LINUX (358f877c-4143-452f-ab4d-589327eb2715)] -&gt; xpath: //p//word], [[FirefoxDriver: firefox on LINUX (358f877c-4143-452f-ab4d-589327eb2715)] -&gt; xpath: //p//word], [[FirefoxDriver: firefox on LINUX (358f877c-4143-452f-ab4d-589327eb2715)] -&gt; xpath: //p//word], [[FirefoxDriver: firefox on LINUX (358f877c-4143-452f-ab4d-589327eb2715)] -&gt; xpath: //p//word], [[FirefoxDriver: firefox on LINUX (358f877c-4143-452f-ab4d-589327eb2715)] -&gt; xpath: //p//word], [[FirefoxDriver: firefox on LINUX (358f877c-4143-452f-ab4d-589327eb2715)] -&gt; xpath: //p//word], [[FirefoxDriver: firefox on LINUX (358f877c-4143-452f-ab4d-589327eb2715)] -&gt; xpath: //p//word], [[FirefoxDriver: firefox on LINUX (358f877c-4143-452f-ab4d-589327eb2715)] -&gt; xpath: //p//word], [[FirefoxDriver: firefox on LINUX (358f877c-4143-452f-ab4d-589327eb2715)] -&gt; xpath: //p//word], [[FirefoxDriver: firefox on LINUX (358f877c-4143-452f-ab4d-589327eb2715)] -&gt; xpath: //p//word], [[FirefoxDriver: firefox on LINUX (358f877c-4143-452f-ab4d-589327eb2715)] -&gt; xpath: //p//word], [[FirefoxDriver: firefox on LINUX (358f877c-4143-452f-ab4d-589327eb2715)] -&gt; xpath: //p//word], [[FirefoxDriver: firefox on LINUX (358f877c-4143-452f-ab4d-589327eb2715)] -&gt; xpath: //p//word], [[FirefoxDriver: firefox on LINUX (358f877c-4143-452f-ab4d-589327eb2715)] -&gt; xpath: //p//word], [[FirefoxDriver: firefox on LINUX (358f877c-4143-452f-ab4d-589327eb2715)] -&gt; xpath: //p//word], [[FirefoxDriver: firefox on LINUX (358f877c-4143-452f-ab4d-589327eb2715)] -&gt; xpath: //p//word], [[FirefoxDriver: firefox on LINUX (358f877c-4143-452f-ab4d-589327eb2715)] -&gt; xpath: //p//word], [[FirefoxDriver: firefox on LINUX (358f877c-4143-452f-ab4d-589327eb2715)] -&gt; xpath: //p//word], [[FirefoxDriver: firefox on LINUX (358f877c-4143-452f-ab4d-589327eb2715)] -&gt; xpath: //p//word], [[FirefoxDriver: firefox on LINUX (358f877c-4143-452f-ab4d-589327eb2715)] -&gt; xpath: //p//word], [[FirefoxDriver: firefox on LINUX (358f877c-4143-452f-ab4d-589327eb2715)] -&gt; xpath: //p//word], [[FirefoxDriver: firefox on LINUX (358f877c-4143-452f-ab4d-589327eb2715)] -&gt; xpath: //p//word], [[FirefoxDriver: firefox on LINUX (358f877c-4143-452f-ab4d-589327eb2715)] -&gt; xpath: //p//word], [[FirefoxDriver: firefox on LINUX (358f877c-4143-452f-ab4d-589327eb2715)] -&gt; xpath: //p//word], [[FirefoxDriver: firefox on LINUX (358f877c-4143-452f-ab4d-589327eb2715)] -&gt; xpath: //p//word], [[FirefoxDriver: firefox on LINUX (358f877c-4143-452f-ab4d-589327eb2715)] -&gt; xpath: //p//word], [[FirefoxDriver: firefox on LINUX (358f877c-4143-452f-ab4d-589327eb2715)] -&gt; xpath: //p//word], [[FirefoxDriver: firefox on LINUX (358f877c-4143-452f-ab4d-589327eb2715)] -&gt; xpath: //p//word], [[FirefoxDriver: firefox on LINUX (358f877c-4143-452f-ab4d-589327eb2715)] -&gt; xpath: //p//word], [[FirefoxDriver: firefox on LINUX (358f877c-4143-452f-ab4d-589327eb2715)] -&gt; xpath: //p//word], [[FirefoxDriver: firefox on LINUX (358f877c-4143-452f-ab4d-589327eb2715)] -&gt; xpath: //p//word], [[FirefoxDriver: firefox on LINUX (358f877c-4143-452f-ab4d-589327eb2715)] -&gt; xpath: //p//word], [[FirefoxDriver: firefox on LINUX (358f877c-4143-452f-ab4d-589327eb2715)] -&gt; xpath: //p//word], [[FirefoxDriver: firefox on LINUX (358f877c-4143-452f-ab4d-589327eb2715)] -&gt; xpath: //p//word], [[FirefoxDriver: firefox on LINUX (358f877c-4143-452f-ab4d-589327eb2715)] -&gt; xpath: //p//word], [[FirefoxDriver: firefox on LINUX (358f877c-4143-452f-ab4d-589327eb2715)] -&gt; xpath: //p//word], [[FirefoxDriver: firefox on LINUX (358f877c-4143-452f-ab4d-589327eb2715)] -&gt; xpath: //p//word], [[FirefoxDriver: firefox on LINUX (358f877c-4143-452f-ab4d-589327eb2715)] -&gt; xpath: //p//word], [[FirefoxDriver: firefox on LINUX (358f877c-4143-452f-ab4d-589327eb2715)] -&gt; xpath: //p//word], [[FirefoxDriver: firefox on LINUX (358f877c-4143-452f-ab4d-589327eb2715)] -&gt; xpath: //p//word], [[FirefoxDriver: firefox on LINUX (358f877c-4143-452f-ab4d-589327eb2715)] -&gt; xpath: //p//word], [[FirefoxDriver: firefox on LINUX (358f877c-4143-452f-ab4d-589327eb2715)] -&gt; xpath: //p//word], [[FirefoxDriver: firefox on LINUX (358f877c-4143-452f-ab4d-589327eb2715)] -&gt; xpath: //p//word], [[FirefoxDriver: firefox on LINUX (358f877c-4143-452f-ab4d-589327eb2715)] -&gt; xpath: //p//word], [[FirefoxDriver: firefox on LINUX (358f877c-4143-452f-ab4d-589327eb2715)] -&gt; xpath: //p//word], [[FirefoxDriver: firefox on LINUX (358f877c-4143-452f-ab4d-589327eb2715)] -&gt; xpath: //p//word], [[FirefoxDriver: firefox on LINUX (358f877c-4143-452f-ab4d-589327eb2715)] -&gt; xpath: //p//word], [[FirefoxDriver: firefox on LINUX (358f877c-4143-452f-ab4d-589327eb2715)] -&gt; xpath: //p//word], [[FirefoxDriver: firefox on LINUX (358f877c-4143-452f-ab4d-589327eb2715)] -&gt; xpath: //p//word], [[FirefoxDriver: firefox on LINUX (358f877c-4143-452f-ab4d-589327eb2715)] -&gt; xpath: //p//word], [[FirefoxDriver: firefox on LINUX (358f877c-4143-452f-ab4d-589327eb2715)] -&gt; xpath: //p//word], [[FirefoxDriver: firefox on LINUX (358f877c-4143-452f-ab4d-589327eb2715)] -&gt; xpath: //p//word], [[FirefoxDriver: firefox on LINUX (358f877c-4143-452f-ab4d-589327eb2715)] -&gt; xpath: //p//word], [[FirefoxDriver: firefox on LINUX (358f877c-4143-452f-ab4d-589327eb2715)] -&gt; xpath: //p//word], [[FirefoxDriver: firefox on LINUX (358f877c-4143-452f-ab4d-589327eb2715)] -&gt; xpath: //p//word], [[FirefoxDriver: firefox on LINUX (358f877c-4143-452f-ab4d-589327eb2715)] -&gt; xpath: //p//word], [[FirefoxDriver: firefox on LINUX (358f877c-4143-452f-ab4d-589327eb2715)] -&gt; xpath: //p//word], [[FirefoxDriver: firefox on LINUX (358f877c-4143-452f-ab4d-589327eb2715)] -&gt; xpath: //p//word], [[FirefoxDriver: firefox on LINUX (358f877c-4143-452f-ab4d-589327eb2715)] -&gt; xpath: //p//word], [[FirefoxDriver: firefox on LINUX (358f877c-4143-452f-ab4d-589327eb2715)] -&gt; xpath: //p//word], [[FirefoxDriver: firefox on LINUX (358f877c-4143-452f-ab4d-589327eb2715)] -&gt; xpath: //p//word], [[FirefoxDriver: firefox on LINUX (358f877c-4143-452f-ab4d-589327eb2715)] -&gt; xpath: //p//word], [[FirefoxDriver: firefox on LINUX (358f877c-4143-452f-ab4d-589327eb2715)] -&gt; xpath: //p//word], [[FirefoxDriver: firefox on LINUX (358f877c-4143-452f-ab4d-589327eb2715)] -&gt; xpath: //p//word], [[FirefoxDriver: firefox on LINUX (358f877c-4143-452f-ab4d-589327eb2715)] -&gt; xpath: //p//word], [[FirefoxDriver: firefox on LINUX (358f877c-4143-452f-ab4d-589327eb2715)] -&gt; xpath: //p//word], [[FirefoxDriver: firefox on LINUX (358f877c-4143-452f-ab4d-589327eb2715)] -&gt; xpath: //p//word], [[FirefoxDriver: firefox on LINUX (358f877c-4143-452f-ab4d-589327eb2715)] -&gt; xpath: //p//word], [[FirefoxDriver: firefox on LINUX (358f877c-4143-452f-ab4d-589327eb2715)] -&gt; xpath: //p//word], [[FirefoxDriver: firefox on LINUX (358f877c-4143-452f-ab4d-589327eb2715)] -&gt; xpath: //p//word], [[FirefoxDriver: firefox on LINUX (358f877c-4143-452f-ab4d-589327eb2715)] -&gt; xpath: //p//word], [[FirefoxDriver: firefox on LINUX (358f877c-4143-452f-ab4d-589327eb2715)] -&gt; xpath: //p//word], [[FirefoxDriver: firefox on LINUX (358f877c-4143-452f-ab4d-589327eb2715)] -&gt; xpath: //p//word], [[FirefoxDriver: firefox on LINUX (358f877c-4143-452f-ab4d-589327eb2715)] -&gt; xpath: //p//word], [[FirefoxDriver: firefox on LINUX (358f877c-4143-452f-ab4d-589327eb2715)] -&gt; xpath: //p//word], [[FirefoxDriver: firefox on LINUX (358f877c-4143-452f-ab4d-589327eb2715)] -&gt; xpath: //p//word], [[FirefoxDriver: firefox on LINUX (358f877c-4143-452f-ab4d-589327eb2715)] -&gt; xpath: //p//word], [[FirefoxDriver: firefox on LINUX (358f877c-4143-452f-ab4d-589327eb2715)] -&gt; xpath: //p//word], [[FirefoxDriver: firefox on LINUX (358f877c-4143-452f-ab4d-589327eb2715)] -&gt; xpath: //p//word], [[FirefoxDriver: firefox on LINUX (358f877c-4143-452f-ab4d-589327eb2715)] -&gt; xpath: //p//word], [[FirefoxDriver: firefox on LINUX (358f877c-4143-452f-ab4d-589327eb2715)] -&gt; xpath: //p//word], [[FirefoxDriver: firefox on LINUX (358f877c-4143-452f-ab4d-589327eb2715)] -&gt; xpath: //p//word], [[FirefoxDriver: firefox on LINUX (358f877c-4143-452f-ab4d-589327eb2715)] -&gt; xpath: //p//word], [[FirefoxDriver: firefox on LINUX (358f877c-4143-452f-ab4d-589327eb2715)] -&gt; xpath: //p//word], [[FirefoxDriver: firefox on LINUX (358f877c-4143-452f-ab4d-589327eb2715)] -&gt; xpath: //p//word], [[FirefoxDriver: firefox on LINUX (358f877c-4143-452f-ab4d-589327eb2715)] -&gt; xpath: //p//word], [[FirefoxDriver: firefox on LINUX (358f877c-4143-452f-ab4d-589327eb2715)] -&gt; xpath: //p//word], [[FirefoxDriver: firefox on LINUX (358f877c-4143-452f-ab4d-589327eb2715)] -&gt; xpath: //p//word], [[FirefoxDriver: firefox on LINUX (358f877c-4143-452f-ab4d-589327eb2715)] -&gt; xpath: //p//word], [[FirefoxDriver: firefox on LINUX (358f877c-4143-452f-ab4d-589327eb2715)] -&gt; xpath: //p//word], [[FirefoxDriver: firefox on LINUX (358f877c-4143-452f-ab4d-589327eb2715)] -&gt; xpath: //p//word], [[FirefoxDriver: firefox on LINUX (358f877c-4143-452f-ab4d-589327eb2715)] -&gt; xpath: //p//word], [[FirefoxDriver: firefox on LINUX (358f877c-4143-452f-ab4d-589327eb2715)] -&gt; xpath: //p//word], [[FirefoxDriver: firefox on LINUX (358f877c-4143-452f-ab4d-589327eb2715)] -&gt; xpath: //p//word], [[FirefoxDriver: firefox on LINUX (358f877c-4143-452f-ab4d-589327eb2715)] -&gt; xpath: //p//word], [[FirefoxDriver: firefox on LINUX (358f877c-4143-452f-ab4d-589327eb2715)] -&gt; xpath: //p//word], [[FirefoxDriver: firefox on LINUX (358f877c-4143-452f-ab4d-589327eb2715)] -&gt; xpath: //p//word], [[FirefoxDriver: firefox on LINUX (358f877c-4143-452f-ab4d-589327eb2715)] -&gt; xpath: //p//word], [[FirefoxDriver: firefox on LINUX (358f877c-4143-452f-ab4d-589327eb2715)] -&gt; xpath: //p//word], [[FirefoxDriver: firefox on LINUX (358f877c-4143-452f-ab4d-589327eb2715)] -&gt; xpath: //p//word], [[FirefoxDriver: firefox on LINUX (358f877c-4143-452f-ab4d-589327eb2715)] -&gt; xpath: //p//word], [[FirefoxDriver: firefox on LINUX (358f877c-4143-452f-ab4d-589327eb2715)] -&gt; xpath: //p//word], [[FirefoxDriver: firefox on LINUX (358f877c-4143-452f-ab4d-589327eb2715)] -&gt; xpath: //p//word], [[FirefoxDriver: firefox on LINUX (358f877c-4143-452f-ab4d-589327eb2715)] -&gt; xpath: //p//word], [[FirefoxDriver: firefox on LINUX (358f877c-4143-452f-ab4d-589327eb2715)] -&gt; xpath: //p//word], [[FirefoxDriver: firefox on LINUX (358f877c-4143-452f-ab4d-589327eb2715)] -&gt; xpath: //p//word], [[FirefoxDriver: firefox on LINUX (358f877c-4143-452f-ab4d-589327eb2715)] -&gt; xpath: //p//word], [[FirefoxDriver: firefox on LINUX (358f877c-4143-452f-ab4d-589327eb2715)] -&gt; xpath: //p//word], [[FirefoxDriver: firefox on LINUX (358f877c-4143-452f-ab4d-589327eb2715)] -&gt; xpath: //p//word], [[FirefoxDriver: firefox on LINUX (358f877c-4143-452f-ab4d-589327eb2715)] -&gt; xpath: //p//word], [[FirefoxDriver: firefox on LINUX (358f877c-4143-452f-ab4d-589327eb2715)] -&gt; xpath: //p//word], [[FirefoxDriver: firefox on LINUX (358f877c-4143-452f-ab4d-589327eb2715)] -&gt; xpath: //p//word], [[FirefoxDriver: firefox on LINUX (358f877c-4143-452f-ab4d-589327eb2715)] -&gt; xpath: //p//word], [[FirefoxDriver: firefox on LINUX (358f877c-4143-452f-ab4d-589327eb2715)] -&gt; xpath: //p//word], [[FirefoxDriver: firefox on LINUX (358f877c-4143-452f-ab4d-589327eb2715)] -&gt; xpath: //p//word], [[FirefoxDriver: firefox on LINUX (358f877c-4143-452f-ab4d-589327eb2715)] -&gt; xpath: //p//word], [[FirefoxDriver: firefox on LINUX (358f877c-4143-452f-ab4d-589327eb2715)] -&gt; xpath: //p//word], [[FirefoxDriver: firefox on LINUX (358f877c-4143-452f-ab4d-589327eb2715)] -&gt; xpath: //p//word], [[FirefoxDriver: firefox on LINUX (358f877c-4143-452f-ab4d-589327eb2715)] -&gt; xpath: //p//word], [[FirefoxDriver: firefox on LINUX (358f877c-4143-452f-ab4d-589327eb2715)] -&gt; xpath: //p//word], [[FirefoxDriver: firefox on LINUX (358f877c-4143-452f-ab4d-589327eb2715)] -&gt; xpath: //p//word], [[FirefoxDriver: firefox on LINUX (358f877c-4143-452f-ab4d-589327eb2715)] -&gt; xpath: //p//word], [[FirefoxDriver: firefox on LINUX (358f877c-4143-452f-ab4d-589327eb2715)] -&gt; xpath: //p//word], [[FirefoxDriver: firefox on LINUX (358f877c-4143-452f-ab4d-589327eb2715)] -&gt; xpath: //p//word], [[FirefoxDriver: firefox on LINUX (358f877c-4143-452f-ab4d-589327eb2715)] -&gt; xpath: //p//word], [[FirefoxDriver: firefox on LINUX (358f877c-4143-452f-ab4d-589327eb2715)] -&gt; xpath: //p//word], [[FirefoxDriver: firefox on LINUX (358f877c-4143-452f-ab4d-589327eb2715)] -&gt; xpath: //p//word], [[FirefoxDriver: firefox on LINUX (358f877c-4143-452f-ab4d-589327eb2715)] -&gt; xpath: //p//word], [[FirefoxDriver: firefox on LINUX (358f877c-4143-452f-ab4d-589327eb2715)] -&gt; xpath: //p//word], [[FirefoxDriver: firefox on LINUX (358f877c-4143-452f-ab4d-589327eb2715)] -&gt; xpath: //p//word], [[FirefoxDriver: firefox on LINUX (358f877c-4143-452f-ab4d-589327eb2715)] -&gt; xpath: //p//word], [[FirefoxDriver: firefox on LINUX (358f877c-4143-452f-ab4d-589327eb2715)] -&gt; xpath: //p//word], [[FirefoxDriver: firefox on LINUX (358f877c-4143-452f-ab4d-589327eb2715)] -&gt; xpath: //p//word], [[FirefoxDriver: firefox on LINUX (358f877c-4143-452f-ab4d-589327eb2715)] -&gt; xpath: //p//word], [[FirefoxDriver: firefox on LINUX (358f877c-4143-452f-ab4d-589327eb2715)] -&gt; xpath: //p//word], [[FirefoxDriver: firefox on LINUX (358f877c-4143-452f-ab4d-589327eb2715)] -&gt; xpath: //p//word], [[FirefoxDriver: firefox on LINUX (358f877c-4143-452f-ab4d-589327eb2715)] -&gt; xpath: //p//word], [[FirefoxDriver: firefox on LINUX (358f877c-4143-452f-ab4d-589327eb2715)] -&gt; xpath: //p//word], [[FirefoxDriver: firefox on LINUX (358f877c-4143-452f-ab4d-589327eb2715)] -&gt; xpath: //p//word], [[FirefoxDriver: firefox on LINUX (358f877c-4143-452f-ab4d-589327eb2715)] -&gt; xpath: //p//word], [[FirefoxDriver: firefox on LINUX (358f877c-4143-452f-ab4d-589327eb2715)] -&gt; xpath: //p//word], [[FirefoxDriver: firefox on LINUX (358f877c-4143-452f-ab4d-589327eb2715)] -&gt; xpath: //p//word], [[FirefoxDriver: firefox on LINUX (358f877c-4143-452f-ab4d-589327eb2715)] -&gt; xpath: //p//word], [[FirefoxDriver: firefox on LINUX (358f877c-4143-452f-ab4d-589327eb2715)] -&gt; xpath: //p//word], [[FirefoxDriver: firefox on LINUX (358f877c-4143-452f-ab4d-589327eb2715)] -&gt; xpath: //p//word], [[FirefoxDriver: firefox on LINUX (358f877c-4143-452f-ab4d-589327eb2715)] -&gt; xpath: //p//word], [[FirefoxDriver: firefox on LINUX (358f877c-4143-452f-ab4d-589327eb2715)] -&gt; xpath: //p//word], [[FirefoxDriver: firefox on LINUX (358f877c-4143-452f-ab4d-589327eb2715)] -&gt; xpath: //p//word], [[FirefoxDriver: firefox on LINUX (358f877c-4143-452f-ab4d-589327eb2715)] -&gt; xpath: //p//word], [[FirefoxDriver: firefox on LINUX (358f877c-4143-452f-ab4d-589327eb2715)] -&gt; xpath: //p//word], [[FirefoxDriver: firefox on LINUX (358f877c-4143-452f-ab4d-589327eb2715)] -&gt; xpath: //p//word], [[FirefoxDriver: firefox on LINUX (358f877c-4143-452f-ab4d-589327eb2715)] -&gt; xpath: //p//word], [[FirefoxDriver: firefox on LINUX (358f877c-4143-452f-ab4d-589327eb2715)] -&gt; xpath: //p//word], [[FirefoxDriver: firefox on LINUX (358f877c-4143-452f-ab4d-589327eb2715)] -&gt; xpath: //p//word], [[FirefoxDriver: firefox on LINUX (358f877c-4143-452f-ab4d-589327eb2715)] -&gt; xpath: //p//word], [[FirefoxDriver: firefox on LINUX (358f877c-4143-452f-ab4d-589327eb2715)] -&gt; xpath: //p//word], [[FirefoxDriver: firefox on LINUX (358f877c-4143-452f-ab4d-589327eb2715)] -&gt; xpath: //p//word], [[FirefoxDriver: firefox on LINUX (358f877c-4143-452f-ab4d-589327eb2715)] -&gt; xpath: //p//word], [[FirefoxDriver: firefox on LINUX (358f877c-4143-452f-ab4d-589327eb2715)] -&gt; xpath: //p//word], [[FirefoxDriver: firefox on LINUX (358f877c-4143-452f-ab4d-589327eb2715)] -&gt; xpath: //p//word], [[FirefoxDriver: firefox on LINUX (358f877c-4143-452f-ab4d-589327eb2715)] -&gt; xpath: //p//word], [[FirefoxDriver: firefox on LINUX (358f877c-4143-452f-ab4d-589327eb2715)] -&gt; xpath: //p//word], [[FirefoxDriver: firefox on LINUX (358f877c-4143-452f-ab4d-589327eb2715)] -&gt; xpath: //p//word], [[FirefoxDriver: firefox on LINUX (358f877c-4143-452f-ab4d-589327eb2715)] -&gt; xpath: //p//word], [[FirefoxDriver: firefox on LINUX (358f877c-4143-452f-ab4d-589327eb2715)] -&gt; xpath: //p//word], [[FirefoxDriver: firefox on LINUX (358f877c-4143-452f-ab4d-589327eb2715)] -&gt; xpath: //p//word], [[FirefoxDriver: firefox on LINUX (358f877c-4143-452f-ab4d-589327eb2715)] -&gt; xpath: //p//word], [[FirefoxDriver: firefox on LINUX (358f877c-4143-452f-ab4d-589327eb2715)] -&gt; xpath: //p//word], [[FirefoxDriver: firefox on LINUX (358f877c-4143-452f-ab4d-589327eb2715)] -&gt; xpath: //p//word], [[FirefoxDriver: firefox on LINUX (358f877c-4143-452f-ab4d-589327eb2715)] -&gt; xpath: //p//word], [[FirefoxDriver: firefox on LINUX (358f877c-4143-452f-ab4d-589327eb2715)] -&gt; xpath: //p//word], [[FirefoxDriver: firefox on LINUX (358f877c-4143-452f-ab4d-589327eb2715)] -&gt; xpath: //p//word], [[FirefoxDriver: firefox on LINUX (358f877c-4143-452f-ab4d-589327eb2715)] -&gt; xpath: //p//word], [[FirefoxDriver: firefox on LINUX (358f877c-4143-452f-ab4d-589327eb2715)] -&gt; xpath: //p//word], [[FirefoxDriver: firefox on LINUX (358f877c-4143-452f-ab4d-589327eb2715)] -&gt; xpath: //p//word], [[FirefoxDriver: firefox on LINUX (358f877c-4143-452f-ab4d-589327eb2715)] -&gt; xpath: //p//word], [[FirefoxDriver: firefox on LINUX (358f877c-4143-452f-ab4d-589327eb2715)] -&gt; xpath: //p//word], [[FirefoxDriver: firefox on LINUX (358f877c-4143-452f-ab4d-589327eb2715)] -&gt; xpath: //p//word], [[FirefoxDriver: firefox on LINUX (358f877c-4143-452f-ab4d-589327eb2715)] -&gt; xpath: //p//word], [[FirefoxDriver: firefox on LINUX (358f877c-4143-452f-ab4d-589327eb2715)] -&gt; xpath: //p//word], [[FirefoxDriver: firefox on LINUX (358f877c-4143-452f-ab4d-589327eb2715)] -&gt; xpath: //p//word], [[FirefoxDriver: firefox on LINUX (358f877c-4143-452f-ab4d-589327eb2715)] -&gt; xpath: //p//word], [[FirefoxDriver: firefox on LINUX (358f877c-4143-452f-ab4d-589327eb2715)] -&gt; xpath: //p//word], [[FirefoxDriver: firefox on LINUX (358f877c-4143-452f-ab4d-589327eb2715)] -&gt; xpath: //p//word], [[FirefoxDriver: firefox on LINUX (358f877c-4143-452f-ab4d-589327eb2715)] -&gt; xpath: //p//word], [[FirefoxDriver: firefox on LINUX (358f877c-4143-452f-ab4d-589327eb2715)] -&gt; xpath: //p//word], [[FirefoxDriver: firefox on LINUX (358f877c-4143-452f-ab4d-589327eb2715)] -&gt; xpath: //p//word], [[FirefoxDriver: firefox on LINUX (358f877c-4143-452f-ab4d-589327eb2715)] -&gt; xpath: //p//word], [[FirefoxDriver: firefox on LINUX (358f877c-4143-452f-ab4d-589327eb2715)] -&gt; xpath: //p//word], [[FirefoxDriver: firefox on LINUX (358f877c-4143-452f-ab4d-589327eb2715)] -&gt; xpath: //p//word], [[FirefoxDriver: firefox on LINUX (358f877c-4143-452f-ab4d-589327eb2715)] -&gt; xpath: //p//word], [[FirefoxDriver: firefox on LINUX (358f877c-4143-452f-ab4d-589327eb2715)] -&gt; xpath: //p//word], [[FirefoxDriver: firefox on LINUX (358f877c-4143-452f-ab4d-589327eb2715)] -&gt; xpath: //p//word], [[FirefoxDriver: firefox on LINUX (358f877c-4143-452f-ab4d-589327eb2715)] -&gt; xpath: //p//word], [[FirefoxDriver: firefox on LINUX (358f877c-4143-452f-ab4d-589327eb2715)] -&gt; xpath: //p//word], [[FirefoxDriver: firefox on LINUX (358f877c-4143-452f-ab4d-589327eb2715)] -&gt; xpath: //p//word], [[FirefoxDriver: firefox on LINUX (358f877c-4143-452f-ab4d-589327eb2715)] -&gt; xpath: //p//word], [[FirefoxDriver: firefox on LINUX (358f877c-4143-452f-ab4d-589327eb2715)] -&gt; xpath: //p//word], [[FirefoxDriver: firefox on LINUX (358f877c-4143-452f-ab4d-589327eb2715)] -&gt; xpath: //p//word], [[FirefoxDriver: firefox on LINUX (358f877c-4143-452f-ab4d-589327eb2715)] -&gt; xpath: //p//word], [[FirefoxDriver: firefox on LINUX (358f877c-4143-452f-ab4d-589327eb2715)] -&gt; xpath: //p//word], [[FirefoxDriver: firefox on LINUX (358f877c-4143-452f-ab4d-589327eb2715)] -&gt; xpath: //p//word], [[FirefoxDriver: firefox on LINUX (358f877c-4143-452f-ab4d-589327eb2715)] -&gt; xpath: //p//word], [[FirefoxDriver: firefox on LINUX (358f877c-4143-452f-ab4d-589327eb2715)] -&gt; xpath: //p//word], [[FirefoxDriver: firefox on LINUX (358f877c-4143-452f-ab4d-589327eb2715)] -&gt; xpath: //p//word], [[FirefoxDriver: firefox on LINUX (358f877c-4143-452f-ab4d-589327eb2715)] -&gt; xpath: //p//word], [[FirefoxDriver: firefox on LINUX (358f877c-4143-452f-ab4d-589327eb2715)] -&gt; xpath: //p//word], [[FirefoxDriver: firefox on LINUX (358f877c-4143-452f-ab4d-589327eb2715)] -&gt; xpath: //p//word], [[FirefoxDriver: firefox on LINUX (358f877c-4143-452f-ab4d-589327eb2715)] -&gt; xpath: //p//word], [[FirefoxDriver: firefox on LINUX (358f877c-4143-452f-ab4d-589327eb2715)] -&gt; xpath: //p//word], [[FirefoxDriver: firefox on LINUX (358f877c-4143-452f-ab4d-589327eb2715)] -&gt; xpath: //p//word], [[FirefoxDriver: firefox on LINUX (358f877c-4143-452f-ab4d-589327eb2715)] -&gt; xpath: //p//word], [[FirefoxDriver: firefox on LINUX (358f877c-4143-452f-ab4d-589327eb2715)] -&gt; xpath: //p//word], [[FirefoxDriver: firefox on LINUX (358f877c-4143-452f-ab4d-589327eb2715)] -&gt; xpath: //p//word], [[FirefoxDriver: firefox on LINUX (358f877c-4143-452f-ab4d-589327eb2715)] -&gt; xpath: //p//word], [[FirefoxDriver: firefox on LINUX (358f877c-4143-452f-ab4d-589327eb2715)] -&gt; xpath: //p//word], [[FirefoxDriver: firefox on LINUX (358f877c-4143-452f-ab4d-589327eb2715)] -&gt; xpath: //p//word], [[FirefoxDriver: firefox on LINUX (358f877c-4143-452f-ab4d-589327eb2715)] -&gt; xpath: //p//word], [[FirefoxDriver: firefox on LINUX (358f877c-4143-452f-ab4d-589327eb2715)] -&gt; xpath: //p//word], [[FirefoxDriver: firefox on LINUX (358f877c-4143-452f-ab4d-589327eb2715)] -&gt; xpath: //p//word], [[FirefoxDriver: firefox on LINUX (358f877c-4143-452f-ab4d-589327eb2715)] -&gt; xpath: //p//word], [[FirefoxDriver: firefox on LINUX (358f877c-4143-452f-ab4d-589327eb2715)] -&gt; xpath: //p//word], [[FirefoxDriver: firefox on LINUX (358f877c-4143-452f-ab4d-589327eb2715)] -&gt; xpath: //p//word], [[FirefoxDriver: firefox on LINUX (358f877c-4143-452f-ab4d-589327eb2715)] -&gt; xpath: //p//word], [[FirefoxDriver: firefox on LINUX (358f877c-4143-452f-ab4d-589327eb2715)] -&gt; xpath: //p//word], [[FirefoxDriver: firefox on LINUX (358f877c-4143-452f-ab4d-589327eb2715)] -&gt; xpath: //p//word], [[FirefoxDriver: firefox on LINUX (358f877c-4143-452f-ab4d-589327eb2715)] -&gt; xpath: //p//word], [[FirefoxDriver: firefox on LINUX (358f877c-4143-452f-ab4d-589327eb2715)] -&gt; xpath: //p//word], [[FirefoxDriver: firefox on LINUX (358f877c-4143-452f-ab4d-589327eb2715)] -&gt; xpath: //p//word], [[FirefoxDriver: firefox on LINUX (358f877c-4143-452f-ab4d-589327eb2715)] -&gt; xpath: //p//word], [[FirefoxDriver: firefox on LINUX (358f877c-4143-452f-ab4d-589327eb2715)] -&gt; xpath: //p//word], [[FirefoxDriver: firefox on LINUX (358f877c-4143-452f-ab4d-589327eb2715)] -&gt; xpath: //p//word], [[FirefoxDriver: firefox on LINUX (358f877c-4143-452f-ab4d-589327eb2715)] -&gt; xpath: //p//word], [[FirefoxDriver: firefox on LINUX (358f877c-4143-452f-ab4d-589327eb2715)] -&gt; xpath: //p//word], [[FirefoxDriver: firefox on LINUX (358f877c-4143-452f-ab4d-589327eb2715)] -&gt; xpath: //p//word], [[FirefoxDriver: firefox on LINUX (358f877c-4143-452f-ab4d-589327eb2715)] -&gt; xpath: //p//word], [[FirefoxDriver: firefox on LINUX (358f877c-4143-452f-ab4d-589327eb2715)] -&gt; xpath: //p//word], [[FirefoxDriver: firefox on LINUX (358f877c-4143-452f-ab4d-589327eb2715)] -&gt; xpath: //p//word], [[FirefoxDriver: firefox on LINUX (358f877c-4143-452f-ab4d-589327eb2715)] -&gt; xpath: //p//word], [[FirefoxDriver: firefox on LINUX (358f877c-4143-452f-ab4d-589327eb2715)] -&gt; xpath: //p//word], [[FirefoxDriver: firefox on LINUX (358f877c-4143-452f-ab4d-589327eb2715)] -&gt; xpath: //p//word], [[FirefoxDriver: firefox on LINUX (358f877c-4143-452f-ab4d-589327eb2715)] -&gt; xpath: //p//word], [[FirefoxDriver: firefox on LINUX (358f877c-4143-452f-ab4d-589327eb2715)] -&gt; xpath: //p//word], [[FirefoxDriver: firefox on LINUX (358f877c-4143-452f-ab4d-589327eb2715)] -&gt; xpath: //p//word], [[FirefoxDriver: firefox on LINUX (358f877c-4143-452f-ab4d-589327eb2715)] -&gt; xpath: //p//word], [[FirefoxDriver: firefox on LINUX (358f877c-4143-452f-ab4d-589327eb2715)] -&gt; xpath: //p//word], [[FirefoxDriver: firefox on LINUX (358f877c-4143-452f-ab4d-589327eb2715)] -&gt; xpath: //p//word], [[FirefoxDriver: firefox on LINUX (358f877c-4143-452f-ab4d-589327eb2715)] -&gt; xpath: //p//word], [[FirefoxDriver: firefox on LINUX (358f877c-4143-452f-ab4d-589327eb2715)] -&gt; xpath: //p//word], [[FirefoxDriver: firefox on LINUX (358f877c-4143-452f-ab4d-589327eb2715)] -&gt; xpath: //p//word], [[FirefoxDriver: firefox on LINUX (358f877c-4143-452f-ab4d-589327eb2715)] -&gt; xpath: //p//word], [[FirefoxDriver: firefox on LINUX (358f877c-4143-452f-ab4d-589327eb2715)] -&gt; xpath: //p//word], [[FirefoxDriver: firefox on LINUX (358f877c-4143-452f-ab4d-589327eb2715)] -&gt; xpath: //p//word], [[FirefoxDriver: firefox on LINUX (358f877c-4143-452f-ab4d-589327eb2715)] -&gt; xpath: //p//word], [[FirefoxDriver: firefox on LINUX (358f877c-4143-452f-ab4d-589327eb2715)] -&gt; xpath: //p//word], [[FirefoxDriver: firefox on LINUX (358f877c-4143-452f-ab4d-589327eb2715)] -&gt; xpath: //p//word], [[FirefoxDriver: firefox on LINUX (358f877c-4143-452f-ab4d-589327eb2715)] -&gt; xpath: //p//word], [[FirefoxDriver: firefox on LINUX (358f877c-4143-452f-ab4d-589327eb2715)] -&gt; xpath: //p//word], [[FirefoxDriver: firefox on LINUX (358f877c-4143-452f-ab4d-589327eb2715)] -&gt; xpath: //p//word], [[FirefoxDriver: firefox on LINUX (358f877c-4143-452f-ab4d-589327eb2715)] -&gt; xpath: //p//word], [[FirefoxDriver: firefox on LINUX (358f877c-4143-452f-ab4d-589327eb2715)] -&gt; xpath: //p//word], [[FirefoxDriver: firefox on LINUX (358f877c-4143-452f-ab4d-589327eb2715)] -&gt; xpath: //p//word], [[FirefoxDriver: firefox on LINUX (358f877c-4143-452f-ab4d-589327eb2715)] -&gt; xpath: //p//word], [[FirefoxDriver: firefox on LINUX (358f877c-4143-452f-ab4d-589327eb2715)] -&gt; xpath: //p//word], [[FirefoxDriver: firefox on LINUX (358f877c-4143-452f-ab4d-589327eb2715)] -&gt; xpath: //p//word], [[FirefoxDriver: firefox on LINUX (358f877c-4143-452f-ab4d-589327eb2715)] -&gt; xpath: //p//word], [[FirefoxDriver: firefox on LINUX (358f877c-4143-452f-ab4d-589327eb2715)] -&gt; xpath: //p//word], [[FirefoxDriver: firefox on LINUX (358f877c-4143-452f-ab4d-589327eb2715)] -&gt; xpath: //p//word], [[FirefoxDriver: firefox on LINUX (358f877c-4143-452f-ab4d-589327eb2715)] -&gt; xpath: //p//word], [[FirefoxDriver: firefox on LINUX (358f877c-4143-452f-ab4d-589327eb2715)] -&gt; xpath: //p//word], [[FirefoxDriver: firefox on LINUX (358f877c-4143-452f-ab4d-589327eb2715)] -&gt; xpath: //p//word], [[FirefoxDriver: firefox on LINUX (358f877c-4143-452f-ab4d-589327eb2715)] -&gt; xpath: //p//word], [[FirefoxDriver: firefox on LINUX (358f877c-4143-452f-ab4d-589327eb2715)] -&gt; xpath: //p//word], [[FirefoxDriver: firefox on LINUX (358f877c-4143-452f-ab4d-589327eb2715)] -&gt; xpath: //p//word], [[FirefoxDriver: firefox on LINUX (358f877c-4143-452f-ab4d-589327eb2715)] -&gt; xpath: //p//word], [[FirefoxDriver: firefox on LINUX (358f877c-4143-452f-ab4d-589327eb2715)] -&gt; xpath: //p//word], [[FirefoxDriver: firefox on LINUX (358f877c-4143-452f-ab4d-589327eb2715)] -&gt; xpath: //p//word], [[FirefoxDriver: firefox on LINUX (358f877c-4143-452f-ab4d-589327eb2715)] -&gt; xpath: //p//word], [[FirefoxDriver: firefox on LINUX (358f877c-4143-452f-ab4d-589327eb2715)] -&gt; xpath: //p//word], [[FirefoxDriver: firefox on LINUX (358f877c-4143-452f-ab4d-589327eb2715)] -&gt; xpath: //p//word], [[FirefoxDriver: firefox on LINUX (358f877c-4143-452f-ab4d-589327eb2715)] -&gt; xpath: //p//word], [[FirefoxDriver: firefox on LINUX (358f877c-4143-452f-ab4d-589327eb2715)] -&gt; xpath: //p//word], [[FirefoxDriver: firefox on LINUX (358f877c-4143-452f-ab4d-589327eb2715)] -&gt; xpath: //p//word], [[FirefoxDriver: firefox on LINUX (358f877c-4143-452f-ab4d-589327eb2715)] -&gt; xpath: //p//word], [[FirefoxDriver: firefox on LINUX (358f877c-4143-452f-ab4d-589327eb2715)] -&gt; xpath: //p//word], [[FirefoxDriver: firefox on LINUX (358f877c-4143-452f-ab4d-589327eb2715)] -&gt; xpath: //p//word], [[FirefoxDriver: firefox on LINUX (358f877c-4143-452f-ab4d-589327eb2715)] -&gt; xpath: //p//word], [[FirefoxDriver: firefox on LINUX (358f877c-4143-452f-ab4d-589327eb2715)] -&gt; xpath: //p//word], [[FirefoxDriver: firefox on LINUX (358f877c-4143-452f-ab4d-589327eb2715)] -&gt; xpath: //p//word], [[FirefoxDriver: firefox on LINUX (358f877c-4143-452f-ab4d-589327eb2715)] -&gt; xpath: //p//word], [[FirefoxDriver: firefox on LINUX (358f877c-4143-452f-ab4d-589327eb2715)] -&gt; xpath: //p//word], [[FirefoxDriver: firefox on LINUX (358f877c-4143-452f-ab4d-589327eb2715)] -&gt; xpath: //p//word], [[FirefoxDriver: firefox on LINUX (358f877c-4143-452f-ab4d-589327eb2715)] -&gt; xpath: //p//word], [[FirefoxDriver: firefox on LINUX (358f877c-4143-452f-ab4d-589327eb2715)] -&gt; xpath: //p//word], [[FirefoxDriver: firefox on LINUX (358f877c-4143-452f-ab4d-589327eb2715)] -&gt; xpath: //p//word], [[FirefoxDriver: firefox on LINUX (358f877c-4143-452f-ab4d-589327eb2715)] -&gt; xpath: //p//word], [[FirefoxDriver: firefox on LINUX (358f877c-4143-452f-ab4d-589327eb2715)] -&gt; xpath: //p//word], [[FirefoxDriver: firefox on LINUX (358f877c-4143-452f-ab4d-589327eb2715)] -&gt; xpath: //p//word], [[FirefoxDriver: firefox on LINUX (358f877c-4143-452f-ab4d-589327eb2715)] -&gt; xpath: //p//word], [[FirefoxDriver: firefox on LINUX (358f877c-4143-452f-ab4d-589327eb2715)] -&gt; xpath: //p//word], [[FirefoxDriver: firefox on LINUX (358f877c-4143-452f-ab4d-589327eb2715)] -&gt; xpath: //p//word], [[FirefoxDriver: firefox on LINUX (358f877c-4143-452f-ab4d-589327eb2715)] -&gt; xpath: //p//word], [[FirefoxDriver: firefox on LINUX (358f877c-4143-452f-ab4d-589327eb2715)] -&gt; xpath: //p//word], [[FirefoxDriver: firefox on LINUX (358f877c-4143-452f-ab4d-589327eb2715)] -&gt; xpath: //p//word], [[FirefoxDriver: firefox on LINUX (358f877c-4143-452f-ab4d-589327eb2715)] -&gt; xpath: //p//word], [[FirefoxDriver: firefox on LINUX (358f877c-4143-452f-ab4d-589327eb2715)] -&gt; xpath: //p//word], [[FirefoxDriver: firefox on LINUX (358f877c-4143-452f-ab4d-589327eb2715)] -&gt; xpath: //p//word], [[FirefoxDriver: firefox on LINUX (358f877c-4143-452f-ab4d-589327eb2715)] -&gt; xpath: //p//word], [[FirefoxDriver: firefox on LINUX (358f877c-4143-452f-ab4d-589327eb2715)] -&gt; xpath: //p//word], [[FirefoxDriver: firefox on LINUX (358f877c-4143-452f-ab4d-589327eb2715)] -&gt; xpath: //p//word], [[FirefoxDriver: firefox on LINUX (358f877c-4143-452f-ab4d-589327eb2715)] -&gt; xpath: //p//word], [[FirefoxDriver: firefox on LINUX (358f877c-4143-452f-ab4d-589327eb2715)] -&gt; xpath: //p//word], [[FirefoxDriver: firefox on LINUX (358f877c-4143-452f-ab4d-589327eb2715)] -&gt; xpath: //p//word], [[FirefoxDriver: firefox on LINUX (358f877c-4143-452f-ab4d-589327eb2715)] -&gt; xpath: //p//word], [[FirefoxDriver: firefox on LINUX (358f877c-4143-452f-ab4d-589327eb2715)] -&gt; xpath: //p//word], [[FirefoxDriver: firefox on LINUX (358f877c-4143-452f-ab4d-589327eb2715)] -&gt; xpath: //p//word], [[FirefoxDriver: firefox on LINUX (358f877c-4143-452f-ab4d-589327eb2715)] -&gt; xpath: //p//word], [[FirefoxDriver: firefox on LINUX (358f877c-4143-452f-ab4d-589327eb2715)] -&gt; xpath: //p//word], [[FirefoxDriver: firefox on LINUX (358f877c-4143-452f-ab4d-589327eb2715)] -&gt; xpath: //p//word], [[FirefoxDriver: firefox on LINUX (358f877c-4143-452f-ab4d-589327eb2715)] -&gt; xpath: //p//word], [[FirefoxDriver: firefox on LINUX (358f877c-4143-452f-ab4d-589327eb2715)] -&gt; xpath: //p//word], [[FirefoxDriver: firefox on LINUX (358f877c-4143-452f-ab4d-589327eb2715)] -&gt; xpath: //p//word], [[FirefoxDriver: firefox on LINUX (358f877c-4143-452f-ab4d-589327eb2715)] -&gt; xpath: //p//word], [[FirefoxDriver: firefox on LINUX (358f877c-4143-452f-ab4d-589327eb2715)] -&gt; xpath: //p//word], [[FirefoxDriver: firefox on LINUX (358f877c-4143-452f-ab4d-589327eb2715)] -&gt; xpath: //p//word], [[FirefoxDriver: firefox on LINUX (358f877c-4143-452f-ab4d-589327eb2715)] -&gt; xpath: //p//word], [[FirefoxDriver: firefox on LINUX (358f877c-4143-452f-ab4d-589327eb2715)] -&gt; xpath: //p//word], [[FirefoxDriver: firefox on LINUX (358f877c-4143-452f-ab4d-589327eb2715)] -&gt; xpath: //p//word], [[FirefoxDriver: firefox on LINUX (358f877c-4143-452f-ab4d-589327eb2715)] -&gt; xpath: //p//word], [[FirefoxDriver: firefox on LINUX (358f877c-4143-452f-ab4d-589327eb2715)] -&gt; xpath: //p//word], [[FirefoxDriver: firefox on LINUX (358f877c-4143-452f-ab4d-589327eb2715)] -&gt; xpath: //p//word], [[FirefoxDriver: firefox on LINUX (358f877c-4143-452f-ab4d-589327eb2715)] -&gt; xpath: //p//word], [[FirefoxDriver: firefox on LINUX (358f877c-4143-452f-ab4d-589327eb2715)] -&gt; xpath: //p//word], [[FirefoxDriver: firefox on LINUX (358f877c-4143-452f-ab4d-589327eb2715)] -&gt; xpath: //p//word], [[FirefoxDriver: firefox on LINUX (358f877c-4143-452f-ab4d-589327eb2715)] -&gt; xpath: //p//word], [[FirefoxDriver: firefox on LINUX (358f877c-4143-452f-ab4d-589327eb2715)] -&gt; xpath: //p//word], [[FirefoxDriver: firefox on LINUX (358f877c-4143-452f-ab4d-589327eb2715)] -&gt; xpath: //p//word], [[FirefoxDriver: firefox on LINUX (358f877c-4143-452f-ab4d-589327eb2715)] -&gt; xpath: //p//word], [[FirefoxDriver: firefox on LINUX (358f877c-4143-452f-ab4d-589327eb2715)] -&gt; xpath: //p//word], [[FirefoxDriver: firefox on LINUX (358f877c-4143-452f-ab4d-589327eb2715)] -&gt; xpath: //p//word], [[FirefoxDriver: firefox on LINUX (358f877c-4143-452f-ab4d-589327eb2715)] -&gt; xpath: //p//word], [[FirefoxDriver: firefox on LINUX (358f877c-4143-452f-ab4d-589327eb2715)] -&gt; xpath: //p//word], [[FirefoxDriver: firefox on LINUX (358f877c-4143-452f-ab4d-589327eb2715)] -&gt; xpath: //p//word], [[FirefoxDriver: firefox on LINUX (358f877c-4143-452f-ab4d-589327eb2715)] -&gt; xpath: //p//word], [[FirefoxDriver: firefox on LINUX (358f877c-4143-452f-ab4d-589327eb2715)] -&gt; xpath: //p//word], [[FirefoxDriver: firefox on LINUX (358f877c-4143-452f-ab4d-589327eb2715)] -&gt; xpath: //p//word], [[FirefoxDriver: firefox on LINUX (358f877c-4143-452f-ab4d-589327eb2715)] -&gt; xpath: //p//word], [[FirefoxDriver: firefox on LINUX (358f877c-4143-452f-ab4d-589327eb2715)] -&gt; xpath: //p//word], [[FirefoxDriver: firefox on LINUX (358f877c-4143-452f-ab4d-589327eb2715)] -&gt; xpath: //p//word], [[FirefoxDriver: firefox on LINUX (358f877c-4143-452f-ab4d-589327eb2715)] -&gt; xpath: //p//word], [[FirefoxDriver: firefox on LINUX (358f877c-4143-452f-ab4d-589327eb2715)] -&gt; xpath: //p//word], [[FirefoxDriver: firefox on LINUX (358f877c-4143-452f-ab4d-589327eb2715)] -&gt; xpath: //p//word], [[FirefoxDriver: firefox on LINUX (358f877c-4143-452f-ab4d-589327eb2715)] -&gt; xpath: //p//word], [[FirefoxDriver: firefox on LINUX (358f877c-4143-452f-ab4d-589327eb2715)] -&gt; xpath: //p//word], [[FirefoxDriver: firefox on LINUX (358f877c-4143-452f-ab4d-589327eb2715)] -&gt; xpath: //p//word], [[FirefoxDriver: firefox on LINUX (358f877c-4143-452f-ab4d-589327eb2715)] -&gt; xpath: //p//word], [[FirefoxDriver: firefox on LINUX (358f877c-4143-452f-ab4d-589327eb2715)] -&gt; xpath: //p//word], [[FirefoxDriver: firefox on LINUX (358f877c-4143-452f-ab4d-589327eb2715)] -&gt; xpath: //p//word], [[FirefoxDriver: firefox on LINUX (358f877c-4143-452f-ab4d-589327eb2715)] -&gt; xpath: //p//word], [[FirefoxDriver: firefox on LINUX (358f877c-4143-452f-ab4d-589327eb2715)] -&gt; xpath: //p//word], [[FirefoxDriver: firefox on LINUX (358f877c-4143-452f-ab4d-589327eb2715)] -&gt; xpath: //p//word], [[FirefoxDriver: firefox on LINUX (358f877c-4143-452f-ab4d-589327eb2715)] -&gt; xpath: //p//word], [[FirefoxDriver: firefox on LINUX (358f877c-4143-452f-ab4d-589327eb2715)] -&gt; xpath: //p//word], [[FirefoxDriver: firefox on LINUX (358f877c-4143-452f-ab4d-589327eb2715)] -&gt; xpath: //p//word], [[FirefoxDriver: firefox on LINUX (358f877c-4143-452f-ab4d-589327eb2715)] -&gt; xpath: //p//word], [[FirefoxDriver: firefox on LINUX (358f877c-4143-452f-ab4d-589327eb2715)] -&gt; xpath: //p//word], [[FirefoxDriver: firefox on LINUX (358f877c-4143-452f-ab4d-589327eb2715)] -&gt; xpath: //p//word], [[FirefoxDriver: firefox on LINUX (358f877c-4143-452f-ab4d-589327eb2715)] -&gt; xpath: //p//word], [[FirefoxDriver: firefox on LINUX (358f877c-4143-452f-ab4d-589327eb2715)] -&gt; xpath: //p//word], [[FirefoxDriver: firefox on LINUX (358f877c-4143-452f-ab4d-589327eb2715)] -&gt; xpath: //p//word], [[FirefoxDriver: firefox on LINUX (358f877c-4143-452f-ab4d-589327eb2715)] -&gt; xpath: //p//word], [[FirefoxDriver: firefox on LINUX (358f877c-4143-452f-ab4d-589327eb2715)] -&gt; xpath: //p//word], [[FirefoxDriver: firefox on LINUX (358f877c-4143-452f-ab4d-589327eb2715)] -&gt; xpath: //p//word], [[FirefoxDriver: firefox on LINUX (358f877c-4143-452f-ab4d-589327eb2715)] -&gt; xpath: //p//word], [[FirefoxDriver: firefox on LINUX (358f877c-4143-452f-ab4d-589327eb2715)] -&gt; xpath: //p//word], [[FirefoxDriver: firefox on LINUX (358f877c-4143-452f-ab4d-589327eb2715)] -&gt; xpath: //p//word], [[FirefoxDriver: firefox on LINUX (358f877c-4143-452f-ab4d-589327eb2715)] -&gt; xpath: //p//word], [[FirefoxDriver: firefox on LINUX (358f877c-4143-452f-ab4d-589327eb2715)] -&gt; xpath: //p//word], [[FirefoxDriver: firefox on LINUX (358f877c-4143-452f-ab4d-589327eb2715)] -&gt; xpath: //p//word], [[FirefoxDriver: firefox on LINUX (358f877c-4143-452f-ab4d-589327eb2715)] -&gt; xpath: //p//word], [[FirefoxDriver: firefox on LINUX (358f877c-4143-452f-ab4d-589327eb2715)] -&gt; xpath: //p//word], [[FirefoxDriver: firefox on LINUX (358f877c-4143-452f-ab4d-589327eb2715)] -&gt; xpath: //p//word], [[FirefoxDriver: firefox on LINUX (358f877c-4143-452f-ab4d-589327eb2715)] -&gt; xpath: //p//word], [[FirefoxDriver: firefox on LINUX (358f877c-4143-452f-ab4d-589327eb2715)] -&gt; xpath: //p//word], [[FirefoxDriver: firefox on LINUX (358f877c-4143-452f-ab4d-589327eb2715)] -&gt; xpath: //p//word], [[FirefoxDriver: firefox on LINUX (358f877c-4143-452f-ab4d-589327eb2715)] -&gt; xpath: //p//word], [[FirefoxDriver: firefox on LINUX (358f877c-4143-452f-ab4d-589327eb2715)] -&gt; xpath: //p//word], [[FirefoxDriver: firefox on LINUX (358f877c-4143-452f-ab4d-589327eb2715)] -&gt; xpath: //p//word], [[FirefoxDriver: firefox on LINUX (358f877c-4143-452f-ab4d-589327eb2715)] -&gt; xpath: //p//word], [[FirefoxDriver: firefox on LINUX (358f877c-4143-452f-ab4d-589327eb2715)] -&gt; xpath: //p//word], [[FirefoxDriver: firefox on LINUX (358f877c-4143-452f-ab4d-589327eb2715)] -&gt; xpath: //p//word], [[FirefoxDriver: firefox on LINUX (358f877c-4143-452f-ab4d-589327eb2715)] -&gt; xpath: //p//word], [[FirefoxDriver: firefox on LINUX (358f877c-4143-452f-ab4d-589327eb2715)] -&gt; xpath: //p//word], [[FirefoxDriver: firefox on LINUX (358f877c-4143-452f-ab4d-589327eb2715)] -&gt; xpath: //p//word], [[FirefoxDriver: firefox on LINUX (358f877c-4143-452f-ab4d-589327eb2715)] -&gt; xpath: //p//word], [[FirefoxDriver: firefox on LINUX (358f877c-4143-452f-ab4d-589327eb2715)] -&gt; xpath: //p//word], [[FirefoxDriver: firefox on LINUX (358f877c-4143-452f-ab4d-589327eb2715)] -&gt; xpath: //p//word], [[FirefoxDriver: firefox on LINUX (358f877c-4143-452f-ab4d-589327eb2715)] -&gt; xpath: //p//word], [[FirefoxDriver: firefox on LINUX (358f877c-4143-452f-ab4d-589327eb2715)] -&gt; xpath: //p//word], [[FirefoxDriver: firefox on LINUX (358f877c-4143-452f-ab4d-589327eb2715)] -&gt; xpath: //p//word], [[FirefoxDriver: firefox on LINUX (358f877c-4143-452f-ab4d-589327eb2715)] -&gt; xpath: //p//word], [[FirefoxDriver: firefox on LINUX (358f877c-4143-452f-ab4d-589327eb2715)] -&gt; xpath: //p//word], [[FirefoxDriver: firefox on LINUX (358f877c-4143-452f-ab4d-589327eb2715)] -&gt; xpath: //p//word], [[FirefoxDriver: firefox on LINUX (358f877c-4143-452f-ab4d-589327eb2715)] -&gt; xpath: //p//word], [[FirefoxDriver: firefox on LINUX (358f877c-4143-452f-ab4d-589327eb2715)] -&gt; xpath: //p//word], [[FirefoxDriver: firefox on LINUX (358f877c-4143-452f-ab4d-589327eb2715)] -&gt; xpath: //p//word], [[FirefoxDriver: firefox on LINUX (358f877c-4143-452f-ab4d-589327eb2715)] -&gt; xpath: //p//word], [[FirefoxDriver: firefox on LINUX (358f877c-4143-452f-ab4d-589327eb2715)] -&gt; xpath: //p//word], [[FirefoxDriver: firefox on LINUX (358f877c-4143-452f-ab4d-589327eb2715)] -&gt; xpath: //p//word], [[FirefoxDriver: firefox on LINUX (358f877c-4143-452f-ab4d-589327eb2715)] -&gt; xpath: //p//word], [[FirefoxDriver: firefox on LINUX (358f877c-4143-452f-ab4d-589327eb2715)] -&gt; xpath: //p//word], [[FirefoxDriver: firefox on LINUX (358f877c-4143-452f-ab4d-589327eb2715)] -&gt; xpath: //p//word], [[FirefoxDriver: firefox on LINUX (358f877c-4143-452f-ab4d-589327eb2715)] -&gt; xpath: //p//word], [[FirefoxDriver: firefox on LINUX (358f877c-4143-452f-ab4d-589327eb2715)] -&gt; xpath: //p//word], [[FirefoxDriver: firefox on LINUX (358f877c-4143-452f-ab4d-589327eb2715)] -&gt; xpath: //p//word], [[FirefoxDriver: firefox on LINUX (358f877c-4143-452f-ab4d-589327eb2715)] -&gt; xpath: //p//word], [[FirefoxDriver: firefox on LINUX (358f877c-4143-452f-ab4d-589327eb2715)] -&gt; xpath: //p//word], [[FirefoxDriver: firefox on LINUX (358f877c-4143-452f-ab4d-589327eb2715)] -&gt; xpath: //p//word], [[FirefoxDriver: firefox on LINUX (358f877c-4143-452f-ab4d-589327eb2715)] -&gt; xpath: //p//word], [[FirefoxDriver: firefox on LINUX (358f877c-4143-452f-ab4d-589327eb2715)] -&gt; xpath: //p//word], [[FirefoxDriver: firefox on LINUX (358f877c-4143-452f-ab4d-589327eb2715)] -&gt; xpath: //p//word], [[FirefoxDriver: firefox on LINUX (358f877c-4143-452f-ab4d-589327eb2715)] -&gt; xpath: //p//word], [[FirefoxDriver: firefox on LINUX (358f877c-4143-452f-ab4d-589327eb2715)] -&gt; xpath: //p//word], [[FirefoxDriver: firefox on LINUX (358f877c-4143-452f-ab4d-589327eb2715)] -&gt; xpath: //p//word], [[FirefoxDriver: firefox on LINUX (358f877c-4143-452f-ab4d-589327eb2715)] -&gt; xpath: //p//word], [[FirefoxDriver: firefox on LINUX (358f877c-4143-452f-ab4d-589327eb2715)] -&gt; xpath: //p//word], [[FirefoxDriver: firefox on LINUX (358f877c-4143-452f-ab4d-589327eb2715)] -&gt; xpath: //p//word], [[FirefoxDriver: firefox on LINUX (358f877c-4143-452f-ab4d-589327eb2715)] -&gt; xpath: //p//word], [[FirefoxDriver: firefox on LINUX (358f877c-4143-452f-ab4d-589327eb2715)] -&gt; xpath: //p//word], [[FirefoxDriver: firefox on LINUX (358f877c-4143-452f-ab4d-589327eb2715)] -&gt; xpath: //p//word], [[FirefoxDriver: firefox on LINUX (358f877c-4143-452f-ab4d-589327eb2715)] -&gt; xpath: //p//word], [[FirefoxDriver: firefox on LINUX (358f877c-4143-452f-ab4d-589327eb2715)] -&gt; xpath: //p//word], [[FirefoxDriver: firefox on LINUX (358f877c-4143-452f-ab4d-589327eb2715)] -&gt; xpath: //p//word], [[FirefoxDriver: firefox on LINUX (358f877c-4143-452f-ab4d-589327eb2715)] -&gt; xpath: //p//word], [[FirefoxDriver: firefox on LINUX (358f877c-4143-452f-ab4d-589327eb2715)] -&gt; xpath: //p//word], [[FirefoxDriver: firefox on LINUX (358f877c-4143-452f-ab4d-589327eb2715)] -&gt; xpath: //p//word], [[FirefoxDriver: firefox on LINUX (358f877c-4143-452f-ab4d-589327eb2715)] -&gt; xpath: //p//word], [[FirefoxDriver: firefox on LINUX (358f877c-4143-452f-ab4d-589327eb2715)] -&gt; xpath: //p//word], [[FirefoxDriver: firefox on LINUX (358f877c-4143-452f-ab4d-589327eb2715)] -&gt; xpath: //p//word], [[FirefoxDriver: firefox on LINUX (358f877c-4143-452f-ab4d-589327eb2715)] -&gt; xpath: //p//word], [[FirefoxDriver: firefox on LINUX (358f877c-4143-452f-ab4d-589327eb2715)] -&gt; xpath: //p//word], [[FirefoxDriver: firefox on LINUX (358f877c-4143-452f-ab4d-589327eb2715)] -&gt; xpath: //p//word], [[FirefoxDriver: firefox on LINUX (358f877c-4143-452f-ab4d-589327eb2715)] -&gt; xpath: //p//word], [[FirefoxDriver: firefox on LINUX (358f877c-4143-452f-ab4d-589327eb2715)] -&gt; xpath: //p//word], [[FirefoxDriver: firefox on LINUX (358f877c-4143-452f-ab4d-589327eb2715)] -&gt; xpath: //p//word], [[FirefoxDriver: firefox on LINUX (358f877c-4143-452f-ab4d-589327eb2715)] -&gt; xpath: //p//word], [[FirefoxDriver: firefox on LINUX (358f877c-4143-452f-ab4d-589327eb2715)] -&gt; xpath: //p//word], [[FirefoxDriver: firefox on LINUX (358f877c-4143-452f-ab4d-589327eb2715)] -&gt; xpath: //p//word], [[FirefoxDriver: firefox on LINUX (358f877c-4143-452f-ab4d-589327eb2715)] -&gt; xpath: //p//word], [[FirefoxDriver: firefox on LINUX (358f877c-4143-452f-ab4d-589327eb2715)] -&gt; xpath: //p//word], [[FirefoxDriver: firefox on LINUX (358f877c-4143-452f-ab4d-589327eb2715)] -&gt; xpath: //p//word], [[FirefoxDriver: firefox on LINUX (358f877c-4143-452f-ab4d-589327eb2715)] -&gt; xpath: //p//word], [[FirefoxDriver: firefox on LINUX (358f877c-4143-452f-ab4d-589327eb2715)] -&gt; xpath: //p//word], [[FirefoxDriver: firefox on LINUX (358f877c-4143-452f-ab4d-589327eb2715)] -&gt; xpath: //p//word], [[FirefoxDriver: firefox on LINUX (358f877c-4143-452f-ab4d-589327eb2715)] -&gt; xpath: //p//word], [[FirefoxDriver: firefox on LINUX (358f877c-4143-452f-ab4d-589327eb2715)] -&gt; xpath: //p//word], [[FirefoxDriver: firefox on LINUX (358f877c-4143-452f-ab4d-589327eb2715)] -&gt; xpath: //p//word], [[FirefoxDriver: firefox on LINUX (358f877c-4143-452f-ab4d-589327eb2715)] -&gt; xpath: //p//word], [[FirefoxDriver: firefox on LINUX (358f877c-4143-452f-ab4d-589327eb2715)] -&gt; xpath: //p//word], [[FirefoxDriver: firefox on LINUX (358f877c-4143-452f-ab4d-589327eb2715)] -&gt; xpath: //p//word], [[FirefoxDriver: firefox on LINUX (358f877c-4143-452f-ab4d-589327eb2715)] -&gt; xpath: //p//word], [[FirefoxDriver: firefox on LINUX (358f877c-4143-452f-ab4d-589327eb2715)] -&gt; xpath: //p//word], [[FirefoxDriver: firefox on LINUX (358f877c-4143-452f-ab4d-589327eb2715)] -&gt; xpath: //p//word], [[FirefoxDriver: firefox on LINUX (358f877c-4143-452f-ab4d-589327eb2715)] -&gt; xpath: //p//word], [[FirefoxDriver: firefox on LINUX (358f877c-4143-452f-ab4d-589327eb2715)] -&gt; xpath: //p//word], [[FirefoxDriver: firefox on LINUX (358f877c-4143-452f-ab4d-589327eb2715)] -&gt; xpath: //p//word], [[FirefoxDriver: firefox on LINUX (358f877c-4143-452f-ab4d-589327eb2715)] -&gt; xpath: //p//word], [[FirefoxDriver: firefox on LINUX (358f877c-4143-452f-ab4d-589327eb2715)] -&gt; xpath: //p//word], [[FirefoxDriver: firefox on LINUX (358f877c-4143-452f-ab4d-589327eb2715)] -&gt; xpath: //p//word], [[FirefoxDriver: firefox on LINUX (358f877c-4143-452f-ab4d-589327eb2715)] -&gt; xpath: //p//word], [[FirefoxDriver: firefox on LINUX (358f877c-4143-452f-ab4d-589327eb2715)] -&gt; xpath: //p//word], [[FirefoxDriver: firefox on LINUX (358f877c-4143-452f-ab4d-589327eb2715)] -&gt; xpath: //p//word], [[FirefoxDriver: firefox on LINUX (358f877c-4143-452f-ab4d-589327eb2715)] -&gt; xpath: //p//word], [[FirefoxDriver: firefox on LINUX (358f877c-4143-452f-ab4d-589327eb2715)] -&gt; xpath: //p//word], [[FirefoxDriver: firefox on LINUX (358f877c-4143-452f-ab4d-589327eb2715)] -&gt; xpath: //p//word], [[FirefoxDriver: firefox on LINUX (358f877c-4143-452f-ab4d-589327eb2715)] -&gt; xpath: //p//word], [[FirefoxDriver: firefox on LINUX (358f877c-4143-452f-ab4d-589327eb2715)] -&gt; xpath: //p//word], [[FirefoxDriver: firefox on LINUX (358f877c-4143-452f-ab4d-589327eb2715)] -&gt; xpath: //p//word], [[FirefoxDriver: firefox on LINUX (358f877c-4143-452f-ab4d-589327eb2715)] -&gt; xpath: //p//word], [[FirefoxDriver: firefox on LINUX (358f877c-4143-452f-ab4d-589327eb2715)] -&gt; xpath: //p//word], [[FirefoxDriver: firefox on LINUX (358f877c-4143-452f-ab4d-589327eb2715)] -&gt; xpath: //p//word], [[FirefoxDriver: firefox on LINUX (358f877c-4143-452f-ab4d-589327eb2715)] -&gt; xpath: //p//word], [[FirefoxDriver: firefox on LINUX (358f877c-4143-452f-ab4d-589327eb2715)] -&gt; xpath: //p//word], [[FirefoxDriver: firefox on LINUX (358f877c-4143-452f-ab4d-589327eb2715)] -&gt; xpath: //p//word], [[FirefoxDriver: firefox on LINUX (358f877c-4143-452f-ab4d-589327eb2715)] -&gt; xpath: //p//word], [[FirefoxDriver: firefox on LINUX (358f877c-4143-452f-ab4d-589327eb2715)] -&gt; xpath: //p//word], [[FirefoxDriver: firefox on LINUX (358f877c-4143-452f-ab4d-589327eb2715)] -&gt; xpath: //p//word], [[FirefoxDriver: firefox on LINUX (358f877c-4143-452f-ab4d-589327eb2715)] -&gt; xpath: //p//word], [[FirefoxDriver: firefox on LINUX (358f877c-4143-452f-ab4d-589327eb2715)] -&gt; xpath: //p//word], [[FirefoxDriver: firefox on LINUX (358f877c-4143-452f-ab4d-589327eb2715)] -&gt; xpath: //p//word], [[FirefoxDriver: firefox on LINUX (358f877c-4143-452f-ab4d-589327eb2715)] -&gt; xpath: //p//word], [[FirefoxDriver: firefox on LINUX (358f877c-4143-452f-ab4d-589327eb2715)] -&gt; xpath: //p//word], [[FirefoxDriver: firefox on LINUX (358f877c-4143-452f-ab4d-589327eb2715)] -&gt; xpath: //p//word], [[FirefoxDriver: firefox on LINUX (358f877c-4143-452f-ab4d-589327eb2715)] -&gt; xpath: //p//word], [[FirefoxDriver: firefox on LINUX (358f877c-4143-452f-ab4d-589327eb2715)] -&gt; xpath: //p//word], [[FirefoxDriver: firefox on LINUX (358f877c-4143-452f-ab4d-589327eb2715)] -&gt; xpath: //p//word], [[FirefoxDriver: firefox on LINUX (358f877c-4143-452f-ab4d-589327eb2715)] -&gt; xpath: //p//word], [[FirefoxDriver: firefox on LINUX (358f877c-4143-452f-ab4d-589327eb2715)] -&gt; xpath: //p//word], [[FirefoxDriver: firefox on LINUX (358f877c-4143-452f-ab4d-589327eb2715)] -&gt; xpath: //p//word], [[FirefoxDriver: firefox on LINUX (358f877c-4143-452f-ab4d-589327eb2715)] -&gt; xpath: //p//word], [[FirefoxDriver: firefox on LINUX (358f877c-4143-452f-ab4d-589327eb2715)] -&gt; xpath: //p//word], [[FirefoxDriver: firefox on LINUX (358f877c-4143-452f-ab4d-589327eb2715)] -&gt; xpath: //p//word], [[FirefoxDriver: firefox on LINUX (358f877c-4143-452f-ab4d-589327eb2715)] -&gt; xpath: //p//word], [[FirefoxDriver: firefox on LINUX (358f877c-4143-452f-ab4d-589327eb2715)] -&gt; xpath: //p//word], [[FirefoxDriver: firefox on LINUX (358f877c-4143-452f-ab4d-589327eb2715)] -&gt; xpath: //p//word], [[FirefoxDriver: firefox on LINUX (358f877c-4143-452f-ab4d-589327eb2715)] -&gt; xpath: //p//word], [[FirefoxDriver: firefox on LINUX (358f877c-4143-452f-ab4d-589327eb2715)] -&gt; xpath: //p//word], [[FirefoxDriver: firefox on LINUX (358f877c-4143-452f-ab4d-589327eb2715)] -&gt; xpath: //p//word], [[FirefoxDriver: firefox on LINUX (358f877c-4143-452f-ab4d-589327eb2715)] -&gt; xpath: //p//word], [[FirefoxDriver: firefox on LINUX (358f877c-4143-452f-ab4d-589327eb2715)] -&gt; xpath: //p//word], [[FirefoxDriver: firefox on LINUX (358f877c-4143-452f-ab4d-589327eb2715)] -&gt; xpath: //p//word], [[FirefoxDriver: firefox on LINUX (358f877c-4143-452f-ab4d-589327eb2715)] -&gt; xpath: //p//word], [[FirefoxDriver: firefox on LINUX (358f877c-4143-452f-ab4d-589327eb2715)] -&gt; xpath: //p//word], [[FirefoxDriver: firefox on LINUX (358f877c-4143-452f-ab4d-589327eb2715)] -&gt; xpath: //p//word], [[FirefoxDriver: firefox on LINUX (358f877c-4143-452f-ab4d-589327eb2715)] -&gt; xpath: //p//word], [[FirefoxDriver: firefox on LINUX (358f877c-4143-452f-ab4d-589327eb2715)] -&gt; xpath: //p//word], [[FirefoxDriver: firefox on LINUX (358f877c-4143-452f-ab4d-589327eb2715)] -&gt; xpath: //p//word], [[FirefoxDriver: firefox on LINUX (358f877c-4143-452f-ab4d-589327eb2715)] -&gt; xpath: //p//word], [[FirefoxDriver: firefox on LINUX (358f877c-4143-452f-ab4d-589327eb2715)] -&gt; xpath: //p//word], [[FirefoxDriver: firefox on LINUX (358f877c-4143-452f-ab4d-589327eb2715)] -&gt; xpath: //p//word], [[FirefoxDriver: firefox on LINUX (358f877c-4143-452f-ab4d-589327eb2715)] -&gt; xpath: //p//word], [[FirefoxDriver: firefox on LINUX (358f877c-4143-452f-ab4d-589327eb2715)] -&gt; xpath: //p//word], [[FirefoxDriver: firefox on LINUX (358f877c-4143-452f-ab4d-589327eb2715)] -&gt; xpath: //p//word], [[FirefoxDriver: firefox on LINUX (358f877c-4143-452f-ab4d-589327eb2715)] -&gt; xpath: //p//word], [[FirefoxDriver: firefox on LINUX (358f877c-4143-452f-ab4d-589327eb2715)] -&gt; xpath: //p//word], [[FirefoxDriver: firefox on LINUX (358f877c-4143-452f-ab4d-589327eb2715)] -&gt; xpath: //p//word], [[FirefoxDriver: firefox on LINUX (358f877c-4143-452f-ab4d-589327eb2715)] -&gt; xpath: //p//word], [[FirefoxDriver: firefox on LINUX (358f877c-4143-452f-ab4d-589327eb2715)] -&gt; xpath: //p//word], [[FirefoxDriver: firefox on LINUX (358f877c-4143-452f-ab4d-589327eb2715)] -&gt; xpath: //p//word], [[FirefoxDriver: firefox on LINUX (358f877c-4143-452f-ab4d-589327eb2715)] -&gt; xpath: //p//word], [[FirefoxDriver: firefox on LINUX (358f877c-4143-452f-ab4d-589327eb2715)] -&gt; xpath: //p//word], [[FirefoxDriver: firefox on LINUX (358f877c-4143-452f-ab4d-589327eb2715)] -&gt; xpath: //p//word], [[FirefoxDriver: firefox on LINUX (358f877c-4143-452f-ab4d-589327eb2715)] -&gt; xpath: //p//word], [[FirefoxDriver: firefox on LINUX (358f877c-4143-452f-ab4d-589327eb2715)] -&gt; xpath: //p//word], [[FirefoxDriver: firefox on LINUX (358f877c-4143-452f-ab4d-589327eb2715)] -&gt; xpath: //p//word], [[FirefoxDriver: firefox on LINUX (358f877c-4143-452f-ab4d-589327eb2715)] -&gt; xpath: //p//word], [[FirefoxDriver: firefox on LINUX (358f877c-4143-452f-ab4d-589327eb2715)] -&gt; xpath: //p//word], [[FirefoxDriver: firefox on LINUX (358f877c-4143-452f-ab4d-589327eb2715)] -&gt; xpath: //p//word], [[FirefoxDriver: firefox on LINUX (358f877c-4143-452f-ab4d-589327eb2715)] -&gt; xpath: //p//word], [[FirefoxDriver: firefox on LINUX (358f877c-4143-452f-ab4d-589327eb2715)] -&gt; xpath: //p//word], [[FirefoxDriver: firefox on LINUX (358f877c-4143-452f-ab4d-589327eb2715)] -&gt; xpath: //p//word], [[FirefoxDriver: firefox on LINUX (358f877c-4143-452f-ab4d-589327eb2715)] -&gt; xpath: //p//word], [[FirefoxDriver: firefox on LINUX (358f877c-4143-452f-ab4d-589327eb2715)] -&gt; xpath: //p//word], [[FirefoxDriver: firefox on LINUX (358f877c-4143-452f-ab4d-589327eb2715)] -&gt; xpath: //p//word], [[FirefoxDriver: firefox on LINUX (358f877c-4143-452f-ab4d-589327eb2715)] -&gt; xpath: //p//word], [[FirefoxDriver: firefox on LINUX (358f877c-4143-452f-ab4d-589327eb2715)] -&gt; xpath: //p//word], [[FirefoxDriver: firefox on LINUX (358f877c-4143-452f-ab4d-589327eb2715)] -&gt; xpath: //p//word], [[FirefoxDriver: firefox on LINUX (358f877c-4143-452f-ab4d-589327eb2715)] -&gt; xpath: //p//word], [[FirefoxDriver: firefox on LINUX (358f877c-4143-452f-ab4d-589327eb2715)] -&gt; xpath: //p//word], [[FirefoxDriver: firefox on LINUX (358f877c-4143-452f-ab4d-589327eb2715)] -&gt; xpath: //p//word], [[FirefoxDriver: firefox on LINUX (358f877c-4143-452f-ab4d-589327eb2715)] -&gt; xpath: //p//word], [[FirefoxDriver: firefox on LINUX (358f877c-4143-452f-ab4d-589327eb2715)] -&gt; xpath: //p//word], [[FirefoxDriver: firefox on LINUX (358f877c-4143-452f-ab4d-589327eb2715)] -&gt; xpath: //p//word], [[FirefoxDriver: firefox on LINUX (358f877c-4143-452f-ab4d-589327eb2715)] -&gt; xpath: //p//word], [[FirefoxDriver: firefox on LINUX (358f877c-4143-452f-ab4d-589327eb2715)] -&gt; xpath: //p//word], [[FirefoxDriver: firefox on LINUX (358f877c-4143-452f-ab4d-589327eb2715)] -&gt; xpath: //p//word], [[FirefoxDriver: firefox on LINUX (358f877c-4143-452f-ab4d-589327eb2715)] -&gt; xpath: //p//word], [[FirefoxDriver: firefox on LINUX (358f877c-4143-452f-ab4d-589327eb2715)] -&gt; xpath: //p//word], [[FirefoxDriver: firefox on LINUX (358f877c-4143-452f-ab4d-589327eb2715)] -&gt; xpath: //p//word], [[FirefoxDriver: firefox on LINUX (358f877c-4143-452f-ab4d-589327eb2715)] -&gt; xpath: //p//word], [[FirefoxDriver: firefox on LINUX (358f877c-4143-452f-ab4d-589327eb2715)] -&gt; xpath: //p//word], [[FirefoxDriver: firefox on LINUX (358f877c-4143-452f-ab4d-589327eb2715)] -&gt; xpath: //p//word], [[FirefoxDriver: firefox on LINUX (358f877c-4143-452f-ab4d-589327eb2715)] -&gt; xpath: //p//word], [[FirefoxDriver: firefox on LINUX (358f877c-4143-452f-ab4d-589327eb2715)] -&gt; xpath: //p//word], [[FirefoxDriver: firefox on LINUX (358f877c-4143-452f-ab4d-589327eb2715)] -&gt; xpath: //p//word], [[FirefoxDriver: firefox on LINUX (358f877c-4143-452f-ab4d-589327eb2715)] -&gt; xpath: //p//word], [[FirefoxDriver: firefox on LINUX (358f877c-4143-452f-ab4d-589327eb2715)] -&gt; xpath: //p//word], [[FirefoxDriver: firefox on LINUX (358f877c-4143-452f-ab4d-589327eb2715)] -&gt; xpath: //p//word], [[FirefoxDriver: firefox on LINUX (358f877c-4143-452f-ab4d-589327eb2715)] -&gt; xpath: //p//word], [[FirefoxDriver: firefox on LINUX (358f877c-4143-452f-ab4d-589327eb2715)] -&gt; xpath: //p//word], [[FirefoxDriver: firefox on LINUX (358f877c-4143-452f-ab4d-589327eb2715)] -&gt; xpath: //p//word], [[FirefoxDriver: firefox on LINUX (358f877c-4143-452f-ab4d-589327eb2715)] -&gt; xpath: //p//word], [[FirefoxDriver: firefox on LINUX (358f877c-4143-452f-ab4d-589327eb2715)] -&gt; xpath: //p//word], [[FirefoxDriver: firefox on LINUX (358f877c-4143-452f-ab4d-589327eb2715)] -&gt; xpath: //p//word], [[FirefoxDriver: firefox on LINUX (358f877c-4143-452f-ab4d-589327eb2715)] -&gt; xpath: //p//word], [[FirefoxDriver: firefox on LINUX (358f877c-4143-452f-ab4d-589327eb2715)] -&gt; xpath: //p//word], [[FirefoxDriver: firefox on LINUX (358f877c-4143-452f-ab4d-589327eb2715)] -&gt; xpath: //p//word], [[FirefoxDriver: firefox on LINUX (358f877c-4143-452f-ab4d-589327eb2715)] -&gt; xpath: //p//word], [[FirefoxDriver: firefox on LINUX (358f877c-4143-452f-ab4d-589327eb2715)] -&gt; xpath: //p//word], [[FirefoxDriver: firefox on LINUX (358f877c-4143-452f-ab4d-589327eb2715)] -&gt; xpath: //p//word], [[FirefoxDriver: firefox on LINUX (358f877c-4143-452f-ab4d-589327eb2715)] -&gt; xpath: //p//word], [[FirefoxDriver: firefox on LINUX (358f877c-4143-452f-ab4d-589327eb2715)] -&gt; xpath: //p//word], [[FirefoxDriver: firefox on LINUX (358f877c-4143-452f-ab4d-589327eb2715)] -&gt; xpath: //p//word], [[FirefoxDriver: firefox on LINUX (358f877c-4143-452f-ab4d-589327eb2715)] -&gt; xpath: //p//word], [[FirefoxDriver: firefox on LINUX (358f877c-4143-452f-ab4d-589327eb2715)] -&gt; xpath: //p//word], [[FirefoxDriver: firefox on LINUX (358f877c-4143-452f-ab4d-589327eb2715)] -&gt; xpath: //p//word], [[FirefoxDriver: firefox on LINUX (358f877c-4143-452f-ab4d-589327eb2715)] -&gt; xpath: //p//word], [[FirefoxDriver: firefox on LINUX (358f877c-4143-452f-ab4d-589327eb2715)] -&gt; xpath: //p//word], [[FirefoxDriver: firefox on LINUX (358f877c-4143-452f-ab4d-589327eb2715)] -&gt; xpath: //p//word], [[FirefoxDriver: firefox on LINUX (358f877c-4143-452f-ab4d-589327eb2715)] -&gt; xpath: //p//word], [[FirefoxDriver: firefox on LINUX (358f877c-4143-452f-ab4d-589327eb2715)] -&gt; xpath: //p//word], [[FirefoxDriver: firefox on LINUX (358f877c-4143-452f-ab4d-589327eb2715)] -&gt; xpath: //p//word], [[FirefoxDriver: firefox on LINUX (358f877c-4143-452f-ab4d-589327eb2715)] -&gt; xpath: //p//word], [[FirefoxDriver: firefox on LINUX (358f877c-4143-452f-ab4d-589327eb2715)] -&gt; xpath: //p//word], [[FirefoxDriver: firefox on LINUX (358f877c-4143-452f-ab4d-589327eb2715)] -&gt; xpath: //p//word], [[FirefoxDriver: firefox on LINUX (358f877c-4143-452f-ab4d-589327eb2715)] -&gt; xpath: //p//word], [[FirefoxDriver: firefox on LINUX (358f877c-4143-452f-ab4d-589327eb2715)] -&gt; xpath: //p//word], [[FirefoxDriver: firefox on LINUX (358f877c-4143-452f-ab4d-589327eb2715)] -&gt; xpath: //p//word], [[FirefoxDriver: firefox on LINUX (358f877c-4143-452f-ab4d-589327eb2715)] -&gt; xpath: //p//word], [[FirefoxDriver: firefox on LINUX (358f877c-4143-452f-ab4d-589327eb2715)] -&gt; xpath: //p//word], [[FirefoxDriver: firefox on LINUX (358f877c-4143-452f-ab4d-589327eb2715)] -&gt; xpath: //p//word], [[FirefoxDriver: firefox on LINUX (358f877c-4143-452f-ab4d-589327eb2715)] -&gt; xpath: //p//word], [[FirefoxDriver: firefox on LINUX (358f877c-4143-452f-ab4d-589327eb2715)] -&gt; xpath: //p//word], [[FirefoxDriver: firefox on LINUX (358f877c-4143-452f-ab4d-589327eb2715)] -&gt; xpath: //p//word], [[FirefoxDriver: firefox on LINUX (358f877c-4143-452f-ab4d-589327eb2715)] -&gt; xpath: //p//word], [[FirefoxDriver: firefox on LINUX (358f877c-4143-452f-ab4d-589327eb2715)] -&gt; xpath: //p//word], [[FirefoxDriver: firefox on LINUX (358f877c-4143-452f-ab4d-589327eb2715)] -&gt; xpath: //p//word], [[FirefoxDriver: firefox on LINUX (358f877c-4143-452f-ab4d-589327eb2715)] -&gt; xpath: //p//word], [[FirefoxDriver: firefox on LINUX (358f877c-4143-452f-ab4d-589327eb2715)] -&gt; xpath: //p//word], [[FirefoxDriver: firefox on LINUX (358f877c-4143-452f-ab4d-589327eb2715)] -&gt; xpath: //p//word], [[FirefoxDriver: firefox on LINUX (358f877c-4143-452f-ab4d-589327eb2715)] -&gt; xpath: //p//word], [[FirefoxDriver: firefox on LINUX (358f877c-4143-452f-ab4d-589327eb2715)] -&gt; xpath: //p//word], [[FirefoxDriver: firefox on LINUX (358f877c-4143-452f-ab4d-589327eb2715)] -&gt; xpath: //p//word], [[FirefoxDriver: firefox on LINUX (358f877c-4143-452f-ab4d-589327eb2715)] -&gt; xpath: //p//word], [[FirefoxDriver: firefox on LINUX (358f877c-4143-452f-ab4d-589327eb2715)] -&gt; xpath: //p//word], [[FirefoxDriver: firefox on LINUX (358f877c-4143-452f-ab4d-589327eb2715)] -&gt; xpath: //p//word], [[FirefoxDriver: firefox on LINUX (358f877c-4143-452f-ab4d-589327eb2715)] -&gt; xpath: //p//word], [[FirefoxDriver: firefox on LINUX (358f877c-4143-452f-ab4d-589327eb2715)] -&gt; xpath: //p//word], [[FirefoxDriver: firefox on LINUX (358f877c-4143-452f-ab4d-589327eb2715)] -&gt; xpath: //p//word], [[FirefoxDriver: firefox on LINUX (358f877c-4143-452f-ab4d-589327eb2715)] -&gt; xpath: //p//word], [[FirefoxDriver: firefox on LINUX (358f877c-4143-452f-ab4d-589327eb2715)] -&gt; xpath: //p//word], [[FirefoxDriver: firefox on LINUX (358f877c-4143-452f-ab4d-589327eb2715)] -&gt; xpath: //p//word], [[FirefoxDriver: firefox on LINUX (358f877c-4143-452f-ab4d-589327eb2715)] -&gt; xpath: //p//word], [[FirefoxDriver: firefox on LINUX (358f877c-4143-452f-ab4d-589327eb2715)] -&gt; xpath: //p//word], [[FirefoxDriver: firefox on LINUX (358f877c-4143-452f-ab4d-589327eb2715)] -&gt; xpath: //p//word], [[FirefoxDriver: firefox on LINUX (358f877c-4143-452f-ab4d-589327eb2715)] -&gt; xpath: //p//word], [[FirefoxDriver: firefox on LINUX (358f877c-4143-452f-ab4d-589327eb2715)] -&gt; xpath: //p//word], [[FirefoxDriver: firefox on LINUX (358f877c-4143-452f-ab4d-589327eb2715)] -&gt; xpath: //p//word], [[FirefoxDriver: firefox on LINUX (358f877c-4143-452f-ab4d-589327eb2715)] -&gt; xpath: //p//word], [[FirefoxDriver: firefox on LINUX (358f877c-4143-452f-ab4d-589327eb2715)] -&gt; xpath: //p//word], [[FirefoxDriver: firefox on LINUX (358f877c-4143-452f-ab4d-589327eb2715)] -&gt; xpath: //p//word], [[FirefoxDriver: firefox on LINUX (358f877c-4143-452f-ab4d-589327eb2715)] -&gt; xpath: //p//word], [[FirefoxDriver: firefox on LINUX (358f877c-4143-452f-ab4d-589327eb2715)] -&gt; xpath: //p//word], [[FirefoxDriver: firefox on LINUX (358f877c-4143-452f-ab4d-589327eb2715)] -&gt; xpath: //p//word], [[FirefoxDriver: firefox on LINUX (358f877c-4143-452f-ab4d-589327eb2715)] -&gt; xpath: //p//word], [[FirefoxDriver: firefox on LINUX (358f877c-4143-452f-ab4d-589327eb2715)] -&gt; xpath: //p//word], [[FirefoxDriver: firefox on LINUX (358f877c-4143-452f-ab4d-589327eb2715)] -&gt; xpath: //p//word], [[FirefoxDriver: firefox on LINUX (358f877c-4143-452f-ab4d-589327eb2715)] -&gt; xpath: //p//word], [[FirefoxDriver: firefox on LINUX (358f877c-4143-452f-ab4d-589327eb2715)] -&gt; xpath: //p//word], [[FirefoxDriver: firefox on LINUX (358f877c-4143-452f-ab4d-589327eb2715)] -&gt; xpath: //p//word], [[FirefoxDriver: firefox on LINUX (358f877c-4143-452f-ab4d-589327eb2715)] -&gt; xpath: //p//word], [[FirefoxDriver: firefox on LINUX (358f877c-4143-452f-ab4d-589327eb2715)] -&gt; xpath: //p//word], [[FirefoxDriver: firefox on LINUX (358f877c-4143-452f-ab4d-589327eb2715)] -&gt; xpath: //p//word], [[FirefoxDriver: firefox on LINUX (358f877c-4143-452f-ab4d-589327eb2715)] -&gt; xpath: //p//word], [[FirefoxDriver: firefox on LINUX (358f877c-4143-452f-ab4d-589327eb2715)] -&gt; xpath: //p//word], [[FirefoxDriver: firefox on LINUX (358f877c-4143-452f-ab4d-589327eb2715)] -&gt; xpath: //p//word], [[FirefoxDriver: firefox on LINUX (358f877c-4143-452f-ab4d-589327eb2715)] -&gt; xpath: //p//word], [[FirefoxDriver: firefox on LINUX (358f877c-4143-452f-ab4d-589327eb2715)] -&gt; xpath: //p//word], [[FirefoxDriver: firefox on LINUX (358f877c-4143-452f-ab4d-589327eb2715)] -&gt; xpath: //p//word], [[FirefoxDriver: firefox on LINUX (358f877c-4143-452f-ab4d-589327eb2715)] -&gt; xpath: //p//word], [[FirefoxDriver: firefox on LINUX (358f877c-4143-452f-ab4d-589327eb2715)] -&gt; xpath: //p//word], [[FirefoxDriver: firefox on LINUX (358f877c-4143-452f-ab4d-589327eb2715)] -&gt; xpath: //p//word], [[FirefoxDriver: firefox on LINUX (358f877c-4143-452f-ab4d-589327eb2715)] -&gt; xpath: //p//word], [[FirefoxDriver: firefox on LINUX (358f877c-4143-452f-ab4d-589327eb2715)] -&gt; xpath: //p//word], [[FirefoxDriver: firefox on LINUX (358f877c-4143-452f-ab4d-589327eb2715)] -&gt; xpath: //p//word], [[FirefoxDriver: firefox on LINUX (358f877c-4143-452f-ab4d-589327eb2715)] -&gt; xpath: //p//word], [[FirefoxDriver: firefox on LINUX (358f877c-4143-452f-ab4d-589327eb2715)] -&gt; xpath: //p//word], [[FirefoxDriver: firefox on LINUX (358f877c-4143-452f-ab4d-589327eb2715)] -&gt; xpath: //p//word], [[FirefoxDriver: firefox on LINUX (358f877c-4143-452f-ab4d-589327eb2715)] -&gt; xpath: //p//word], [[FirefoxDriver: firefox on LINUX (358f877c-4143-452f-ab4d-589327eb2715)] -&gt; xpath: //p//word], [[FirefoxDriver: firefox on LINUX (358f877c-4143-452f-ab4d-589327eb2715)] -&gt; xpath: //p//word], [[FirefoxDriver: firefox on LINUX (358f877c-4143-452f-ab4d-589327eb2715)] -&gt; xpath: //p//word], [[FirefoxDriver: firefox on LINUX (358f877c-4143-452f-ab4d-589327eb2715)] -&gt; xpath: //p//word], [[FirefoxDriver: firefox on LINUX (358f877c-4143-452f-ab4d-589327eb2715)] -&gt; xpath: //p//word], [[FirefoxDriver: firefox on LINUX (358f877c-4143-452f-ab4d-589327eb2715)] -&gt; xpath: //p//word], [[FirefoxDriver: firefox on LINUX (358f877c-4143-452f-ab4d-589327eb2715)] -&gt; xpath: //p//word], [[FirefoxDriver: firefox on LINUX (358f877c-4143-452f-ab4d-589327eb2715)] -&gt; xpath: //p//word], [[FirefoxDriver: firefox on LINUX (358f877c-4143-452f-ab4d-589327eb2715)] -&gt; xpath: //p//word], [[FirefoxDriver: firefox on LINUX (358f877c-4143-452f-ab4d-589327eb2715)] -&gt; xpath: //p//word], [[FirefoxDriver: firefox on LINUX (358f877c-4143-452f-ab4d-589327eb2715)] -&gt; xpath: //p//word], [[FirefoxDriver: firefox on LINUX (358f877c-4143-452f-ab4d-589327eb2715)] -&gt; xpath: //p//word], [[FirefoxDriver: firefox on LINUX (358f877c-4143-452f-ab4d-589327eb2715)] -&gt; xpath: //p//word], [[FirefoxDriver: firefox on LINUX (358f877c-4143-452f-ab4d-589327eb2715)] -&gt; xpath: //p//word], [[FirefoxDriver: firefox on LINUX (358f877c-4143-452f-ab4d-589327eb2715)] -&gt; xpath: //p//word], [[FirefoxDriver: firefox on LINUX (358f877c-4143-452f-ab4d-589327eb2715)] -&gt; xpath: //p//word], [[FirefoxDriver: firefox on LINUX (358f877c-4143-452f-ab4d-589327eb2715)] -&gt; xpath: //p//word], [[FirefoxDriver: firefox on LINUX (358f877c-4143-452f-ab4d-589327eb2715)] -&gt; xpath: //p//word], [[FirefoxDriver: firefox on LINUX (358f877c-4143-452f-ab4d-589327eb2715)] -&gt; xpath: //p//word], [[FirefoxDriver: firefox on LINUX (358f877c-4143-452f-ab4d-589327eb2715)] -&gt; xpath: //p//word], [[FirefoxDriver: firefox on LINUX (358f877c-4143-452f-ab4d-589327eb2715)] -&gt; xpath: //p//word], [[FirefoxDriver: firefox on LINUX (358f877c-4143-452f-ab4d-589327eb2715)] -&gt; xpath: //p//word], [[FirefoxDriver: firefox on LINUX (358f877c-4143-452f-ab4d-589327eb2715)] -&gt; xpath: //p//word], [[FirefoxDriver: firefox on LINUX (358f877c-4143-452f-ab4d-589327eb2715)] -&gt; xpath: //p//word], [[FirefoxDriver: firefox on LINUX (358f877c-4143-452f-ab4d-589327eb2715)] -&gt; xpath: //p//word], [[FirefoxDriver: firefox on LINUX (358f877c-4143-452f-ab4d-589327eb2715)] -&gt; xpath: //p//word], [[FirefoxDriver: firefox on LINUX (358f877c-4143-452f-ab4d-589327eb2715)] -&gt; xpath: //p//word], [[FirefoxDriver: firefox on LINUX (358f877c-4143-452f-ab4d-589327eb2715)] -&gt; xpath: //p//word], [[FirefoxDriver: firefox on LINUX (358f877c-4143-452f-ab4d-589327eb2715)] -&gt; xpath: //p//word], [[FirefoxDriver: firefox on LINUX (358f877c-4143-452f-ab4d-589327eb2715)] -&gt; xpath: //p//word], [[FirefoxDriver: firefox on LINUX (358f877c-4143-452f-ab4d-589327eb2715)] -&gt; xpath: //p//word], [[FirefoxDriver: firefox on LINUX (358f877c-4143-452f-ab4d-589327eb2715)] -&gt; xpath: //p//word], [[FirefoxDriver: firefox on LINUX (358f877c-4143-452f-ab4d-589327eb2715)] -&gt; xpath: //p//word], [[FirefoxDriver: firefox on LINUX (358f877c-4143-452f-ab4d-589327eb2715)] -&gt; xpath: //p//word], [[FirefoxDriver: firefox on LINUX (358f877c-4143-452f-ab4d-589327eb2715)] -&gt; xpath: //p//word], [[FirefoxDriver: firefox on LINUX (358f877c-4143-452f-ab4d-589327eb2715)] -&gt; xpath: //p//word], [[FirefoxDriver: firefox on LINUX (358f877c-4143-452f-ab4d-589327eb2715)] -&gt; xpath: //p//word], [[FirefoxDriver: firefox on LINUX (358f877c-4143-452f-ab4d-589327eb2715)] -&gt; xpath: //p//word], [[FirefoxDriver: firefox on LINUX (358f877c-4143-452f-ab4d-589327eb2715)] -&gt; xpath: //p//word], [[FirefoxDriver: firefox on LINUX (358f877c-4143-452f-ab4d-589327eb2715)] -&gt; xpath: //p//word], [[FirefoxDriver: firefox on LINUX (358f877c-4143-452f-ab4d-589327eb2715)] -&gt; xpath: //p//word], [[FirefoxDriver: firefox on LINUX (358f877c-4143-452f-ab4d-589327eb2715)] -&gt; xpath: //p//word], [[FirefoxDriver: firefox on LINUX (358f877c-4143-452f-ab4d-589327eb2715)] -&gt; xpath: //p//word], [[FirefoxDriver: firefox on LINUX (358f877c-4143-452f-ab4d-589327eb2715)] -&gt; xpath: //p//word], [[FirefoxDriver: firefox on LINUX (358f877c-4143-452f-ab4d-589327eb2715)] -&gt; xpath: //p//word], [[FirefoxDriver: firefox on LINUX (358f877c-4143-452f-ab4d-589327eb2715)] -&gt; xpath: //p//word], [[FirefoxDriver: firefox on LINUX (358f877c-4143-452f-ab4d-589327eb2715)] -&gt; xpath: //p//word], [[FirefoxDriver: firefox on LINUX (358f877c-4143-452f-ab4d-589327eb2715)] -&gt; xpath: //p//word], [[FirefoxDriver: firefox on LINUX (358f877c-4143-452f-ab4d-589327eb2715)] -&gt; xpath: //p//word], [[FirefoxDriver: firefox on LINUX (358f877c-4143-452f-ab4d-589327eb2715)] -&gt; xpath: //p//word], [[FirefoxDriver: firefox on LINUX (358f877c-4143-452f-ab4d-589327eb2715)] -&gt; xpath: //p//word], [[FirefoxDriver: firefox on LINUX (358f877c-4143-452f-ab4d-589327eb2715)] -&gt; xpath: //p//word], [[FirefoxDriver: firefox on LINUX (358f877c-4143-452f-ab4d-589327eb2715)] -&gt; xpath: //p//word], [[FirefoxDriver: firefox on LINUX (358f877c-4143-452f-ab4d-589327eb2715)] -&gt; xpath: //p//word], [[FirefoxDriver: firefox on LINUX (358f877c-4143-452f-ab4d-589327eb2715)] -&gt; xpath: //p//word], [[FirefoxDriver: firefox on LINUX (358f877c-4143-452f-ab4d-589327eb2715)] -&gt; xpath: //p//word], [[FirefoxDriver: firefox on LINUX (358f877c-4143-452f-ab4d-589327eb2715)] -&gt; xpath: //p//word], [[FirefoxDriver: firefox on LINUX (358f877c-4143-452f-ab4d-589327eb2715)] -&gt; xpath: //p//word], [[FirefoxDriver: firefox on LINUX (358f877c-4143-452f-ab4d-589327eb2715)] -&gt; xpath: //p//word], [[FirefoxDriver: firefox on LINUX (358f877c-4143-452f-ab4d-589327eb2715)] -&gt; xpath: //p//word], [[FirefoxDriver: firefox on LINUX (358f877c-4143-452f-ab4d-589327eb2715)] -&gt; xpath: //p//word], [[FirefoxDriver: firefox on LINUX (358f877c-4143-452f-ab4d-589327eb2715)] -&gt; xpath: //p//word], [[FirefoxDriver: firefox on LINUX (358f877c-4143-452f-ab4d-589327eb2715)] -&gt; xpath: //p//word], [[FirefoxDriver: firefox on LINUX (358f877c-4143-452f-ab4d-589327eb2715)] -&gt; xpath: //p//word], [[FirefoxDriver: firefox on LINUX (358f877c-4143-452f-ab4d-589327eb2715)] -&gt; xpath: //p//word], [[FirefoxDriver: firefox on LINUX (358f877c-4143-452f-ab4d-589327eb2715)] -&gt; xpath: //p//word], [[FirefoxDriver: firefox on LINUX (358f877c-4143-452f-ab4d-589327eb2715)] -&gt; xpath: //p//word], [[FirefoxDriver: firefox on LINUX (358f877c-4143-452f-ab4d-589327eb2715)] -&gt; xpath: //p//word], [[FirefoxDriver: firefox on LINUX (358f877c-4143-452f-ab4d-589327eb2715)] -&gt; xpath: //p//word], [[FirefoxDriver: firefox on LINUX (358f877c-4143-452f-ab4d-589327eb2715)] -&gt; xpath: //p//word], [[FirefoxDriver: firefox on LINUX (358f877c-4143-452f-ab4d-589327eb2715)] -&gt; xpath: //p//word], [[FirefoxDriver: firefox on LINUX (358f877c-4143-452f-ab4d-589327eb2715)] -&gt; xpath: //p//word], [[FirefoxDriver: firefox on LINUX (358f877c-4143-452f-ab4d-589327eb2715)] -&gt; xpath: //p//word], [[FirefoxDriver: firefox on LINUX (358f877c-4143-452f-ab4d-589327eb2715)] -&gt; xpath: //p//word], [[FirefoxDriver: firefox on LINUX (358f877c-4143-452f-ab4d-589327eb2715)] -&gt; xpath: //p//word], [[FirefoxDriver: firefox on LINUX (358f877c-4143-452f-ab4d-589327eb2715)] -&gt; xpath: //p//word], [[FirefoxDriver: firefox on LINUX (358f877c-4143-452f-ab4d-589327eb2715)] -&gt; xpath: //p//word], [[FirefoxDriver: firefox on LINUX (358f877c-4143-452f-ab4d-589327eb2715)] -&gt; xpath: //p//word], [[FirefoxDriver: firefox on LINUX (358f877c-4143-452f-ab4d-589327eb2715)] -&gt; xpath: //p//word], [[FirefoxDriver: firefox on LINUX (358f877c-4143-452f-ab4d-589327eb2715)] -&gt; xpath: //p//word], [[FirefoxDriver: firefox on LINUX (358f877c-4143-452f-ab4d-589327eb2715)] -&gt; xpath: //p//word], [[FirefoxDriver: firefox on LINUX (358f877c-4143-452f-ab4d-589327eb2715)] -&gt; xpath: //p//word], [[FirefoxDriver: firefox on LINUX (358f877c-4143-452f-ab4d-589327eb2715)] -&gt; xpath: //p//word], [[FirefoxDriver: firefox on LINUX (358f877c-4143-452f-ab4d-589327eb2715)] -&gt; xpath: //p//word], [[FirefoxDriver: firefox on LINUX (358f877c-4143-452f-ab4d-589327eb2715)] -&gt; xpath: //p//word], [[FirefoxDriver: firefox on LINUX (358f877c-4143-452f-ab4d-589327eb2715)] -&gt; xpath: //p//word], [[FirefoxDriver: firefox on LINUX (358f877c-4143-452f-ab4d-589327eb2715)] -&gt; xpath: //p//word], [[FirefoxDriver: firefox on LINUX (358f877c-4143-452f-ab4d-589327eb2715)] -&gt; xpath: //p//word], [[FirefoxDriver: firefox on LINUX (358f877c-4143-452f-ab4d-589327eb2715)] -&gt; xpath: //p//word], [[FirefoxDriver: firefox on LINUX (358f877c-4143-452f-ab4d-589327eb2715)] -&gt; xpath: //p//word], [[FirefoxDriver: firefox on LINUX (358f877c-4143-452f-ab4d-589327eb2715)] -&gt; xpath: //p//word], [[FirefoxDriver: firefox on LINUX (358f877c-4143-452f-ab4d-589327eb2715)] -&gt; xpath: //p//word], [[FirefoxDriver: firefox on LINUX (358f877c-4143-452f-ab4d-589327eb2715)] -&gt; xpath: //p//word], [[FirefoxDriver: firefox on LINUX (358f877c-4143-452f-ab4d-589327eb2715)] -&gt; xpath: //p//word], [[FirefoxDriver: firefox on LINUX (358f877c-4143-452f-ab4d-589327eb2715)] -&gt; xpath: //p//word], [[FirefoxDriver: firefox on LINUX (358f877c-4143-452f-ab4d-589327eb2715)] -&gt; xpath: //p//word], [[FirefoxDriver: firefox on LINUX (358f877c-4143-452f-ab4d-589327eb2715)] -&gt; xpath: //p//word], [[FirefoxDriver: firefox on LINUX (358f877c-4143-452f-ab4d-589327eb2715)] -&gt; xpath: //p//word], [[FirefoxDriver: firefox on LINUX (358f877c-4143-452f-ab4d-589327eb2715)] -&gt; xpath: //p//word], [[FirefoxDriver: firefox on LINUX (358f877c-4143-452f-ab4d-589327eb2715)] -&gt; xpath: //p//word], [[FirefoxDriver: firefox on LINUX (358f877c-4143-452f-ab4d-589327eb2715)] -&gt; xpath: //p//word], [[FirefoxDriver: firefox on LINUX (358f877c-4143-452f-ab4d-589327eb2715)] -&gt; xpath: //p//word], [[FirefoxDriver: firefox on LINUX (358f877c-4143-452f-ab4d-589327eb2715)] -&gt; xpath: //p//word], [[FirefoxDriver: firefox on LINUX (358f877c-4143-452f-ab4d-589327eb2715)] -&gt; xpath: //p//word], [[FirefoxDriver: firefox on LINUX (358f877c-4143-452f-ab4d-589327eb2715)] -&gt; xpath: //p//word], [[FirefoxDriver: firefox on LINUX (358f877c-4143-452f-ab4d-589327eb2715)] -&gt; xpath: //p//word], [[FirefoxDriver: firefox on LINUX (358f877c-4143-452f-ab4d-589327eb2715)] -&gt; xpath: //p//word], [[FirefoxDriver: firefox on LINUX (358f877c-4143-452f-ab4d-589327eb2715)] -&gt; xpath: //p//word], [[FirefoxDriver: firefox on LINUX (358f877c-4143-452f-ab4d-589327eb2715)] -&gt; xpath: //p//word], [[FirefoxDriver: firefox on LINUX (358f877c-4143-452f-ab4d-589327eb2715)] -&gt; xpath: //p//word], [[FirefoxDriver: firefox on LINUX (358f877c-4143-452f-ab4d-589327eb2715)] -&gt; xpath: //p//word], [[FirefoxDriver: firefox on LINUX (358f877c-4143-452f-ab4d-589327eb2715)] -&gt; xpath: //p//word], [[FirefoxDriver: firefox on LINUX (358f877c-4143-452f-ab4d-589327eb2715)] -&gt; xpath: //p//word], [[FirefoxDriver: firefox on LINUX (358f877c-4143-452f-ab4d-589327eb2715)] -&gt; xpath: //p//word], [[FirefoxDriver: firefox on LINUX (358f877c-4143-452f-ab4d-589327eb2715)] -&gt; xpath: //p//word], [[FirefoxDriver: firefox on LINUX (358f877c-4143-452f-ab4d-589327eb2715)] -&gt; xpath: //p//word], [[FirefoxDriver: firefox on LINUX (358f877c-4143-452f-ab4d-589327eb2715)] -&gt; xpath: //p//word], [[FirefoxDriver: firefox on LINUX (358f877c-4143-452f-ab4d-589327eb2715)] -&gt; xpath: //p//word], [[FirefoxDriver: firefox on LINUX (358f877c-4143-452f-ab4d-589327eb2715)] -&gt; xpath: //p//word], [[FirefoxDriver: firefox on LINUX (358f877c-4143-452f-ab4d-589327eb2715)] -&gt; xpath: //p//word], [[FirefoxDriver: firefox on LINUX (358f877c-4143-452f-ab4d-589327eb2715)] -&gt; xpath: //p//word], [[FirefoxDriver: firefox on LINUX (358f877c-4143-452f-ab4d-589327eb2715)] -&gt; xpath: //p//word], [[FirefoxDriver: firefox on LINUX (358f877c-4143-452f-ab4d-589327eb2715)] -&gt; xpath: //p//word], [[FirefoxDriver: firefox on LINUX (358f877c-4143-452f-ab4d-589327eb2715)] -&gt; xpath: //p//word], [[FirefoxDriver: firefox on LINUX (358f877c-4143-452f-ab4d-589327eb2715)] -&gt; xpath: //p//word], [[FirefoxDriver: firefox on LINUX (358f877c-4143-452f-ab4d-589327eb2715)] -&gt; xpath: //p//word], [[FirefoxDriver: firefox on LINUX (358f877c-4143-452f-ab4d-589327eb2715)] -&gt; xpath: //p//word], [[FirefoxDriver: firefox on LINUX (358f877c-4143-452f-ab4d-589327eb2715)] -&gt; xpath: //p//word], [[FirefoxDriver: firefox on LINUX (358f877c-4143-452f-ab4d-589327eb2715)] -&gt; xpath: //p//word], [[FirefoxDriver: firefox on LINUX (358f877c-4143-452f-ab4d-589327eb2715)] -&gt; xpath: //p//word], [[FirefoxDriver: firefox on LINUX (358f877c-4143-452f-ab4d-589327eb2715)] -&gt; xpath: //p//word], [[FirefoxDriver: firefox on LINUX (358f877c-4143-452f-ab4d-589327eb2715)] -&gt; xpath: //p//word], [[FirefoxDriver: firefox on LINUX (358f877c-4143-452f-ab4d-589327eb2715)] -&gt; xpath: //p//word], [[FirefoxDriver: firefox on LINUX (358f877c-4143-452f-ab4d-589327eb2715)] -&gt; xpath: //p//word], [[FirefoxDriver: firefox on LINUX (358f877c-4143-452f-ab4d-589327eb2715)] -&gt; xpath: //p//word], [[FirefoxDriver: firefox on LINUX (358f877c-4143-452f-ab4d-589327eb2715)] -&gt; xpath: //p//word], [[FirefoxDriver: firefox on LINUX (358f877c-4143-452f-ab4d-589327eb2715)] -&gt; xpath: //p//word], [[FirefoxDriver: firefox on LINUX (358f877c-4143-452f-ab4d-589327eb2715)] -&gt; xpath: //p//word], [[FirefoxDriver: firefox on LINUX (358f877c-4143-452f-ab4d-589327eb2715)] -&gt; xpath: //p//word], [[FirefoxDriver: firefox on LINUX (358f877c-4143-452f-ab4d-589327eb2715)] -&gt; xpath: //p//word], [[FirefoxDriver: firefox on LINUX (358f877c-4143-452f-ab4d-589327eb2715)] -&gt; xpath: //p//word], [[FirefoxDriver: firefox on LINUX (358f877c-4143-452f-ab4d-589327eb2715)] -&gt; xpath: //p//word], [[FirefoxDriver: firefox on LINUX (358f877c-4143-452f-ab4d-589327eb2715)] -&gt; xpath: //p//word], [[FirefoxDriver: firefox on LINUX (358f877c-4143-452f-ab4d-589327eb2715)] -&gt; xpath: //p//word], [[FirefoxDriver: firefox on LINUX (358f877c-4143-452f-ab4d-589327eb2715)] -&gt; xpath: //p//word], [[FirefoxDriver: firefox on LINUX (358f877c-4143-452f-ab4d-589327eb2715)] -&gt; xpath: //p//word], [[FirefoxDriver: firefox on LINUX (358f877c-4143-452f-ab4d-589327eb2715)] -&gt; xpath: //p//word], [[FirefoxDriver: firefox on LINUX (358f877c-4143-452f-ab4d-589327eb2715)] -&gt; xpath: //p//word], [[FirefoxDriver: firefox on LINUX (358f877c-4143-452f-ab4d-589327eb2715)] -&gt; xpath: //p//word], [[FirefoxDriver: firefox on LINUX (358f877c-4143-452f-ab4d-589327eb2715)] -&gt; xpath: //p//word], [[FirefoxDriver: firefox on LINUX (358f877c-4143-452f-ab4d-589327eb2715)] -&gt; xpath: //p//word], [[FirefoxDriver: firefox on LINUX (358f877c-4143-452f-ab4d-589327eb2715)] -&gt; xpath: //p//word], [[FirefoxDriver: firefox on LINUX (358f877c-4143-452f-ab4d-589327eb2715)] -&gt; xpath: //p//word], [[FirefoxDriver: firefox on LINUX (358f877c-4143-452f-ab4d-589327eb2715)] -&gt; xpath: //p//word], [[FirefoxDriver: firefox on LINUX (358f877c-4143-452f-ab4d-589327eb2715)] -&gt; xpath: //p//word], [[FirefoxDriver: firefox on LINUX (358f877c-4143-452f-ab4d-589327eb2715)] -&gt; xpath: //p//word], [[FirefoxDriver: firefox on LINUX (358f877c-4143-452f-ab4d-589327eb2715)] -&gt; xpath: //p//word], [[FirefoxDriver: firefox on LINUX (358f877c-4143-452f-ab4d-589327eb2715)] -&gt; xpath: //p//word], [[FirefoxDriver: firefox on LINUX (358f877c-4143-452f-ab4d-589327eb2715)] -&gt; xpath: //p//word], [[FirefoxDriver: firefox on LINUX (358f877c-4143-452f-ab4d-589327eb2715)] -&gt; xpath: //p//word], [[FirefoxDriver: firefox on LINUX (358f877c-4143-452f-ab4d-589327eb2715)] -&gt; xpath: //p//word], [[FirefoxDriver: firefox on LINUX (358f877c-4143-452f-ab4d-589327eb2715)] -&gt; xpath: //p//word], [[FirefoxDriver: firefox on LINUX (358f877c-4143-452f-ab4d-589327eb2715)] -&gt; xpath: //p//word], [[FirefoxDriver: firefox on LINUX (358f877c-4143-452f-ab4d-589327eb2715)] -&gt; xpath: //p//word], [[FirefoxDriver: firefox on LINUX (358f877c-4143-452f-ab4d-589327eb2715)] -&gt; xpath: //p//word], [[FirefoxDriver: firefox on LINUX (358f877c-4143-452f-ab4d-589327eb2715)] -&gt; xpath: //p//word], [[FirefoxDriver: firefox on LINUX (358f877c-4143-452f-ab4d-589327eb2715)] -&gt; xpath: //p//word], [[FirefoxDriver: firefox on LINUX (358f877c-4143-452f-ab4d-589327eb2715)] -&gt; xpath: //p//word], [[FirefoxDriver: firefox on LINUX (358f877c-4143-452f-ab4d-589327eb2715)] -&gt; xpath: //p//word], [[FirefoxDriver: firefox on LINUX (358f877c-4143-452f-ab4d-589327eb2715)] -&gt; xpath: //p//word], [[FirefoxDriver: firefox on LINUX (358f877c-4143-452f-ab4d-589327eb2715)] -&gt; xpath: //p//word], [[FirefoxDriver: firefox on LINUX (358f877c-4143-452f-ab4d-589327eb2715)] -&gt; xpath: //p//word], [[FirefoxDriver: firefox on LINUX (358f877c-4143-452f-ab4d-589327eb2715)] -&gt; xpath: //p//word], [[FirefoxDriver: firefox on LINUX (358f877c-4143-452f-ab4d-589327eb2715)] -&gt; xpath: //p//word], [[FirefoxDriver: firefox on LINUX (358f877c-4143-452f-ab4d-589327eb2715)] -&gt; xpath: //p//word], [[FirefoxDriver: firefox on LINUX (358f877c-4143-452f-ab4d-589327eb2715)] -&gt; xpath: //p//word], [[FirefoxDriver: firefox on LINUX (358f877c-4143-452f-ab4d-589327eb2715)] -&gt; xpath: //p//word], [[FirefoxDriver: firefox on LINUX (358f877c-4143-452f-ab4d-589327eb2715)] -&gt; xpath: //p//word], [[FirefoxDriver: firefox on LINUX (358f877c-4143-452f-ab4d-589327eb2715)] -&gt; xpath: //p//word], [[FirefoxDriver: firefox on LINUX (358f877c-4143-452f-ab4d-589327eb2715)] -&gt; xpath: //p//word], [[FirefoxDriver: firefox on LINUX (358f877c-4143-452f-ab4d-589327eb2715)] -&gt; xpath: //p//word], [[FirefoxDriver: firefox on LINUX (358f877c-4143-452f-ab4d-589327eb2715)] -&gt; xpath: //p//word], [[FirefoxDriver: firefox on LINUX (358f877c-4143-452f-ab4d-589327eb2715)] -&gt; xpath: //p//word], [[FirefoxDriver: firefox on LINUX (358f877c-4143-452f-ab4d-589327eb2715)] -&gt; xpath: //p//word], [[FirefoxDriver: firefox on LINUX (358f877c-4143-452f-ab4d-589327eb2715)] -&gt; xpath: //p//word], [[FirefoxDriver: firefox on LINUX (358f877c-4143-452f-ab4d-589327eb2715)] -&gt; xpath: //p//word], [[FirefoxDriver: firefox on LINUX (358f877c-4143-452f-ab4d-589327eb2715)] -&gt; xpath: //p//word], [[FirefoxDriver: firefox on LINUX (358f877c-4143-452f-ab4d-589327eb2715)] -&gt; xpath: //p//word], [[FirefoxDriver: firefox on LINUX (358f877c-4143-452f-ab4d-589327eb2715)] -&gt; xpath: //p//word], [[FirefoxDriver: firefox on LINUX (358f877c-4143-452f-ab4d-589327eb2715)] -&gt; xpath: //p//word], [[FirefoxDriver: firefox on LINUX (358f877c-4143-452f-ab4d-589327eb2715)] -&gt; xpath: //p//word], [[FirefoxDriver: firefox on LINUX (358f877c-4143-452f-ab4d-589327eb2715)] -&gt; xpath: //p//word], [[FirefoxDriver: firefox on LINUX (358f877c-4143-452f-ab4d-589327eb2715)] -&gt; xpath: //p//word], [[FirefoxDriver: firefox on LINUX (358f877c-4143-452f-ab4d-589327eb2715)] -&gt; xpath: //p//word], [[FirefoxDriver: firefox on LINUX (358f877c-4143-452f-ab4d-589327eb2715)] -&gt; xpath: //p//word], [[FirefoxDriver: firefox on LINUX (358f877c-4143-452f-ab4d-589327eb2715)] -&gt; xpath: //p//word], [[FirefoxDriver: firefox on LINUX (358f877c-4143-452f-ab4d-589327eb2715)] -&gt; xpath: //p//word], [[FirefoxDriver: firefox on LINUX (358f877c-4143-452f-ab4d-589327eb2715)] -&gt; xpath: //p//word], [[FirefoxDriver: firefox on LINUX (358f877c-4143-452f-ab4d-589327eb2715)] -&gt; xpath: //p//word], [[FirefoxDriver: firefox on LINUX (358f877c-4143-452f-ab4d-589327eb2715)] -&gt; xpath: //p//word], [[FirefoxDriver: firefox on LINUX (358f877c-4143-452f-ab4d-589327eb2715)] -&gt; xpath: //p//word], [[FirefoxDriver: firefox on LINUX (358f877c-4143-452f-ab4d-589327eb2715)] -&gt; xpath: //p//word], [[FirefoxDriver: firefox on LINUX (358f877c-4143-452f-ab4d-589327eb2715)] -&gt; xpath: //p//word], [[FirefoxDriver: firefox on LINUX (358f877c-4143-452f-ab4d-589327eb2715)] -&gt; xpath: //p//word], [[FirefoxDriver: firefox on LINUX (358f877c-4143-452f-ab4d-589327eb2715)] -&gt; xpath: //p//word], [[FirefoxDriver: firefox on LINUX (358f877c-4143-452f-ab4d-589327eb2715)] -&gt; xpath: //p//word], [[FirefoxDriver: firefox on LINUX (358f877c-4143-452f-ab4d-589327eb2715)] -&gt; xpath: //p//word], [[FirefoxDriver: firefox on LINUX (358f877c-4143-452f-ab4d-589327eb2715)] -&gt; xpath: //p//word], [[FirefoxDriver: firefox on LINUX (358f877c-4143-452f-ab4d-589327eb2715)] -&gt; xpath: //p//word], [[FirefoxDriver: firefox on LINUX (358f877c-4143-452f-ab4d-589327eb2715)] -&gt; xpath: //p//word], [[FirefoxDriver: firefox on LINUX (358f877c-4143-452f-ab4d-589327eb2715)] -&gt; xpath: //p//word], [[FirefoxDriver: firefox on LINUX (358f877c-4143-452f-ab4d-589327eb2715)] -&gt; xpath: //p//word], [[FirefoxDriver: firefox on LINUX (358f877c-4143-452f-ab4d-589327eb2715)] -&gt; xpath: //p//word], [[FirefoxDriver: firefox on LINUX (358f877c-4143-452f-ab4d-589327eb2715)] -&gt; xpath: //p//word], [[FirefoxDriver: firefox on LINUX (358f877c-4143-452f-ab4d-589327eb2715)] -&gt; xpath: //p//word], [[FirefoxDriver: firefox on LINUX (358f877c-4143-452f-ab4d-589327eb2715)] -&gt; xpath: //p//word], [[FirefoxDriver: firefox on LINUX (358f877c-4143-452f-ab4d-589327eb2715)] -&gt; xpath: //p//word], [[FirefoxDriver: firefox on LINUX (358f877c-4143-452f-ab4d-589327eb2715)] -&gt; xpath: //p//word], [[FirefoxDriver: firefox on LINUX (358f877c-4143-452f-ab4d-589327eb2715)] -&gt; xpath: //p//word], [[FirefoxDriver: firefox on LINUX (358f877c-4143-452f-ab4d-589327eb2715)] -&gt; xpath: //p//word], [[FirefoxDriver: firefox on LINUX (358f877c-4143-452f-ab4d-589327eb2715)] -&gt; xpath: //p//word], [[FirefoxDriver: firefox on LINUX (358f877c-4143-452f-ab4d-589327eb2715)] -&gt; xpath: //p//word], [[FirefoxDriver: firefox on LINUX (358f877c-4143-452f-ab4d-589327eb2715)] -&gt; xpath: //p//word], [[FirefoxDriver: firefox on LINUX (358f877c-4143-452f-ab4d-589327eb2715)] -&gt; xpath: //p//word], [[FirefoxDriver: firefox on LINUX (358f877c-4143-452f-ab4d-589327eb2715)] -&gt; xpath: //p//word], [[FirefoxDriver: firefox on LINUX (358f877c-4143-452f-ab4d-589327eb2715)] -&gt; xpath: //p//word], [[FirefoxDriver: firefox on LINUX (358f877c-4143-452f-ab4d-589327eb2715)] -&gt; xpath: //p//word], [[FirefoxDriver: firefox on LINUX (358f877c-4143-452f-ab4d-589327eb2715)] -&gt; xpath: //p//word], [[FirefoxDriver: firefox on LINUX (358f877c-4143-452f-ab4d-589327eb2715)] -&gt; xpath: //p//word], [[FirefoxDriver: firefox on LINUX (358f877c-4143-452f-ab4d-589327eb2715)] -&gt; xpath: //p//word], [[FirefoxDriver: firefox on LINUX (358f877c-4143-452f-ab4d-589327eb2715)] -&gt; xpath: //p//word], [[FirefoxDriver: firefox on LINUX (358f877c-4143-452f-ab4d-589327eb2715)] -&gt; xpath: //p//word], [[FirefoxDriver: firefox on LINUX (358f877c-4143-452f-ab4d-589327eb2715)] -&gt; xpath: //p//word], [[FirefoxDriver: firefox on LINUX (358f877c-4143-452f-ab4d-589327eb2715)] -&gt; xpath: //p//word], [[FirefoxDriver: firefox on LINUX (358f877c-4143-452f-ab4d-589327eb2715)] -&gt; xpath: //p//word], [[FirefoxDriver: firefox on LINUX (358f877c-4143-452f-ab4d-589327eb2715)] -&gt; xpath: //p//word], [[FirefoxDriver: firefox on LINUX (358f877c-4143-452f-ab4d-589327eb2715)] -&gt; xpath: //p//word], [[FirefoxDriver: firefox on LINUX (358f877c-4143-452f-ab4d-589327eb2715)] -&gt; xpath: //p//word], [[FirefoxDriver: firefox on LINUX (358f877c-4143-452f-ab4d-589327eb2715)] -&gt; xpath: //p//word], [[FirefoxDriver: firefox on LINUX (358f877c-4143-452f-ab4d-589327eb2715)] -&gt; xpath: //p//word], [[FirefoxDriver: firefox on LINUX (358f877c-4143-452f-ab4d-589327eb2715)] -&gt; xpath: //p//word], [[FirefoxDriver: firefox on LINUX (358f877c-4143-452f-ab4d-589327eb2715)] -&gt; xpath: //p//word], [[FirefoxDriver: firefox on LINUX (358f877c-4143-452f-ab4d-589327eb2715)] -&gt; xpath: //p//word], [[FirefoxDriver: firefox on LINUX (358f877c-4143-452f-ab4d-589327eb2715)] -&gt; xpath: //p//word], [[FirefoxDriver: firefox on LINUX (358f877c-4143-452f-ab4d-589327eb2715)] -&gt; xpath: //p//word], [[FirefoxDriver: firefox on LINUX (358f877c-4143-452f-ab4d-589327eb2715)] -&gt; xpath: //p//word], [[FirefoxDriver: firefox on LINUX (358f877c-4143-452f-ab4d-589327eb2715)] -&gt; xpath: //p//word], [[FirefoxDriver: firefox on LINUX (358f877c-4143-452f-ab4d-589327eb2715)] -&gt; xpath: //p//word], [[FirefoxDriver: firefox on LINUX (358f877c-4143-452f-ab4d-589327eb2715)] -&gt; xpath: //p//word], [[FirefoxDriver: firefox on LINUX (358f877c-4143-452f-ab4d-589327eb2715)] -&gt; xpath: //p//word], [[FirefoxDriver: firefox on LINUX (358f877c-4143-452f-ab4d-589327eb2715)] -&gt; xpath: //p//word], [[FirefoxDriver: firefox on LINUX (358f877c-4143-452f-ab4d-589327eb2715)] -&gt; xpath: //p//word], [[FirefoxDriver: firefox on LINUX (358f877c-4143-452f-ab4d-589327eb2715)] -&gt; xpath: //p//word], [[FirefoxDriver: firefox on LINUX (358f877c-4143-452f-ab4d-589327eb2715)] -&gt; xpath: //p//word], [[FirefoxDriver: firefox on LINUX (358f877c-4143-452f-ab4d-589327eb2715)] -&gt; xpath: //p//word], [[FirefoxDriver: firefox on LINUX (358f877c-4143-452f-ab4d-589327eb2715)] -&gt; xpath: //p//word], [[FirefoxDriver: firefox on LINUX (358f877c-4143-452f-ab4d-589327eb2715)] -&gt; xpath: //p//word], [[FirefoxDriver: firefox on LINUX (358f877c-4143-452f-ab4d-589327eb2715)] -&gt; xpath: //p//word], [[FirefoxDriver: firefox on LINUX (358f877c-4143-452f-ab4d-589327eb2715)] -&gt; xpath: //p//word], [[FirefoxDriver: firefox on LINUX (358f877c-4143-452f-ab4d-589327eb2715)] -&gt; xpath: //p//word], [[FirefoxDriver: firefox on LINUX (358f877c-4143-452f-ab4d-589327eb2715)] -&gt; xpath: //p//word], [[FirefoxDriver: firefox on LINUX (358f877c-4143-452f-ab4d-589327eb2715)] -&gt; xpath: //p//word], [[FirefoxDriver: firefox on LINUX (358f877c-4143-452f-ab4d-589327eb2715)] -&gt; xpath: //p//word], [[FirefoxDriver: firefox on LINUX (358f877c-4143-452f-ab4d-589327eb2715)] -&gt; xpath: //p//word], [[FirefoxDriver: firefox on LINUX (358f877c-4143-452f-ab4d-589327eb2715)] -&gt; xpath: //p//word], [[FirefoxDriver: firefox on LINUX (358f877c-4143-452f-ab4d-589327eb2715)] -&gt; xpath: //p//word], [[FirefoxDriver: firefox on LINUX (358f877c-4143-452f-ab4d-589327eb2715)] -&gt; xpath: //p//word], [[FirefoxDriver: firefox on LINUX (358f877c-4143-452f-ab4d-589327eb2715)] -&gt; xpath: //p//word], [[FirefoxDriver: firefox on LINUX (358f877c-4143-452f-ab4d-589327eb2715)] -&gt; xpath: //p//word], [[FirefoxDriver: firefox on LINUX (358f877c-4143-452f-ab4d-589327eb2715)] -&gt; xpath: //p//word], [[FirefoxDriver: firefox on LINUX (358f877c-4143-452f-ab4d-589327eb2715)] -&gt; xpath: //p//word], [[FirefoxDriver: firefox on LINUX (358f877c-4143-452f-ab4d-589327eb2715)] -&gt; xpath: //p//word], [[FirefoxDriver: firefox on LINUX (358f877c-4143-452f-ab4d-589327eb2715)] -&gt; xpath: //p//word], [[FirefoxDriver: firefox on LINUX (358f877c-4143-452f-ab4d-589327eb2715)] -&gt; xpath: //p//word], [[FirefoxDriver: firefox on LINUX (358f877c-4143-452f-ab4d-589327eb2715)] -&gt; xpath: //p//word], [[FirefoxDriver: firefox on LINUX (358f877c-4143-452f-ab4d-589327eb2715)] -&gt; xpath: //p//word], [[FirefoxDriver: firefox on LINUX (358f877c-4143-452f-ab4d-589327eb2715)] -&gt; xpath: //p//word], [[FirefoxDriver: firefox on LINUX (358f877c-4143-452f-ab4d-589327eb2715)] -&gt; xpath: //p//word], [[FirefoxDriver: firefox on LINUX (358f877c-4143-452f-ab4d-589327eb2715)] -&gt; xpath: //p//word], [[FirefoxDriver: firefox on LINUX (358f877c-4143-452f-ab4d-589327eb2715)] -&gt; xpath: //p//word], [[FirefoxDriver: firefox on LINUX (358f877c-4143-452f-ab4d-589327eb2715)] -&gt; xpath: //p//word], [[FirefoxDriver: firefox on LINUX (358f877c-4143-452f-ab4d-589327eb2715)] -&gt; xpath: //p//word], [[FirefoxDriver: firefox on LINUX (358f877c-4143-452f-ab4d-589327eb2715)] -&gt; xpath: //p//word], [[FirefoxDriver: firefox on LINUX (358f877c-4143-452f-ab4d-589327eb2715)] -&gt; xpath: //p//word], [[FirefoxDriver: firefox on LINUX (358f877c-4143-452f-ab4d-589327eb2715)] -&gt; xpath: //p//word], [[FirefoxDriver: firefox on LINUX (358f877c-4143-452f-ab4d-589327eb2715)] -&gt; xpath: //p//word], [[FirefoxDriver: firefox on LINUX (358f877c-4143-452f-ab4d-589327eb2715)] -&gt; xpath: //p//word], [[FirefoxDriver: firefox on LINUX (358f877c-4143-452f-ab4d-589327eb2715)] -&gt; xpath: //p//word], [[FirefoxDriver: firefox on LINUX (358f877c-4143-452f-ab4d-589327eb2715)] -&gt; xpath: //p//word], [[FirefoxDriver: firefox on LINUX (358f877c-4143-452f-ab4d-589327eb2715)] -&gt; xpath: //p//word], [[FirefoxDriver: firefox on LINUX (358f877c-4143-452f-ab4d-589327eb2715)] -&gt; xpath: //p//word], [[FirefoxDriver: firefox on LINUX (358f877c-4143-452f-ab4d-589327eb2715)] -&gt; xpath: //p//word], [[FirefoxDriver: firefox on LINUX (358f877c-4143-452f-ab4d-589327eb2715)] -&gt; xpath: //p//word], [[FirefoxDriver: firefox on LINUX (358f877c-4143-452f-ab4d-589327eb2715)] -&gt; xpath: //p//word], [[FirefoxDriver: firefox on LINUX (358f877c-4143-452f-ab4d-589327eb2715)] -&gt; xpath: //p//word], [[FirefoxDriver: firefox on LINUX (358f877c-4143-452f-ab4d-589327eb2715)] -&gt; xpath: //p//word], [[FirefoxDriver: firefox on LINUX (358f877c-4143-452f-ab4d-589327eb2715)] -&gt; xpath: //p//word], [[FirefoxDriver: firefox on LINUX (358f877c-4143-452f-ab4d-589327eb2715)] -&gt; xpath: //p//word], [[FirefoxDriver: firefox on LINUX (358f877c-4143-452f-ab4d-589327eb2715)] -&gt; xpath: //p//word], [[FirefoxDriver: firefox on LINUX (358f877c-4143-452f-ab4d-589327eb2715)] -&gt; xpath: //p//word], [[FirefoxDriver: firefox on LINUX (358f877c-4143-452f-ab4d-589327eb2715)] -&gt; xpath: //p//word], [[FirefoxDriver: firefox on LINUX (358f877c-4143-452f-ab4d-589327eb2715)] -&gt; xpath: //p//word], [[FirefoxDriver: firefox on LINUX (358f877c-4143-452f-ab4d-589327eb2715)] -&gt; xpath: //p//word], [[FirefoxDriver: firefox on LINUX (358f877c-4143-452f-ab4d-589327eb2715)] -&gt; xpath: //p//word], [[FirefoxDriver: firefox on LINUX (358f877c-4143-452f-ab4d-589327eb2715)] -&gt; xpath: //p//word], [[FirefoxDriver: firefox on LINUX (358f877c-4143-452f-ab4d-589327eb2715)] -&gt; xpath: //p//word], [[FirefoxDriver: firefox on LINUX (358f877c-4143-452f-ab4d-589327eb2715)] -&gt; xpath: //p//word], [[FirefoxDriver: firefox on LINUX (358f877c-4143-452f-ab4d-589327eb2715)] -&gt; xpath: //p//word], [[FirefoxDriver: firefox on LINUX (358f877c-4143-452f-ab4d-589327eb2715)] -&gt; xpath: //p//word], [[FirefoxDriver: firefox on LINUX (358f877c-4143-452f-ab4d-589327eb2715)] -&gt; xpath: //p//word], [[FirefoxDriver: firefox on LINUX (358f877c-4143-452f-ab4d-589327eb2715)] -&gt; xpath: //p//word], [[FirefoxDriver: firefox on LINUX (358f877c-4143-452f-ab4d-589327eb2715)] -&gt; xpath: //p//word], [[FirefoxDriver: firefox on LINUX (358f877c-4143-452f-ab4d-589327eb2715)] -&gt; xpath: //p//word], [[FirefoxDriver: firefox on LINUX (358f877c-4143-452f-ab4d-589327eb2715)] -&gt; xpath: //p//word], [[FirefoxDriver: firefox on LINUX (358f877c-4143-452f-ab4d-589327eb2715)] -&gt; xpath: //p//word], [[FirefoxDriver: firefox on LINUX (358f877c-4143-452f-ab4d-589327eb2715)] -&gt; xpath: //p//word], [[FirefoxDriver: firefox on LINUX (358f877c-4143-452f-ab4d-589327eb2715)] -&gt; xpath: //p//word], [[FirefoxDriver: firefox on LINUX (358f877c-4143-452f-ab4d-589327eb2715)] -&gt; xpath: //p//word], [[FirefoxDriver: firefox on LINUX (358f877c-4143-452f-ab4d-589327eb2715)] -&gt; xpath: //p//word], [[FirefoxDriver: firefox on LINUX (358f877c-4143-452f-ab4d-589327eb2715)] -&gt; xpath: //p//word], [[FirefoxDriver: firefox on LINUX (358f877c-4143-452f-ab4d-589327eb2715)] -&gt; xpath: //p//word], [[FirefoxDriver: firefox on LINUX (358f877c-4143-452f-ab4d-589327eb2715)] -&gt; xpath: //p//word], [[FirefoxDriver: firefox on LINUX (358f877c-4143-452f-ab4d-589327eb2715)] -&gt; xpath: //p//word], [[FirefoxDriver: firefox on LINUX (358f877c-4143-452f-ab4d-589327eb2715)] -&gt; xpath: //p//word], [[FirefoxDriver: firefox on LINUX (358f877c-4143-452f-ab4d-589327eb2715)] -&gt; xpath: //p//word], [[FirefoxDriver: firefox on LINUX (358f877c-4143-452f-ab4d-589327eb2715)] -&gt; xpath: //p//word], [[FirefoxDriver: firefox on LINUX (358f877c-4143-452f-ab4d-589327eb2715)] -&gt; xpath: //p//word], [[FirefoxDriver: firefox on LINUX (358f877c-4143-452f-ab4d-589327eb2715)] -&gt; xpath: //p//word], [[FirefoxDriver: firefox on LINUX (358f877c-4143-452f-ab4d-589327eb2715)] -&gt; xpath: //p//word], [[FirefoxDriver: firefox on LINUX (358f877c-4143-452f-ab4d-589327eb2715)] -&gt; xpath: //p//word], [[FirefoxDriver: firefox on LINUX (358f877c-4143-452f-ab4d-589327eb2715)] -&gt; xpath: //p//word], [[FirefoxDriver: firefox on LINUX (358f877c-4143-452f-ab4d-589327eb2715)] -&gt; xpath: //p//word], [[FirefoxDriver: firefox on LINUX (358f877c-4143-452f-ab4d-589327eb2715)] -&gt; xpath: //p//word], [[FirefoxDriver: firefox on LINUX (358f877c-4143-452f-ab4d-589327eb2715)] -&gt; xpath: //p//word], [[FirefoxDriver: firefox on LINUX (358f877c-4143-452f-ab4d-589327eb2715)] -&gt; xpath: //p//word], [[FirefoxDriver: firefox on LINUX (358f877c-4143-452f-ab4d-589327eb2715)] -&gt; xpath: //p//word], [[FirefoxDriver: firefox on LINUX (358f877c-4143-452f-ab4d-589327eb2715)] -&gt; xpath: //p//word], [[FirefoxDriver: firefox on LINUX (358f877c-4143-452f-ab4d-589327eb2715)] -&gt; xpath: //p//word], [[FirefoxDriver: firefox on LINUX (358f877c-4143-452f-ab4d-589327eb2715)] -&gt; xpath: //p//word], [[FirefoxDriver: firefox on LINUX (358f877c-4143-452f-ab4d-589327eb2715)] -&gt; xpath: //p//word], [[FirefoxDriver: firefox on LINUX (358f877c-4143-452f-ab4d-589327eb2715)] -&gt; xpath: //p//word], [[FirefoxDriver: firefox on LINUX (358f877c-4143-452f-ab4d-589327eb2715)] -&gt; xpath: //p//word], [[FirefoxDriver: firefox on LINUX (358f877c-4143-452f-ab4d-589327eb2715)] -&gt; xpath: //p//word], [[FirefoxDriver: firefox on LINUX (358f877c-4143-452f-ab4d-589327eb2715)] -&gt; xpath: //p//word], [[FirefoxDriver: firefox on LINUX (358f877c-4143-452f-ab4d-589327eb2715)] -&gt; xpath: //p//word], [[FirefoxDriver: firefox on LINUX (358f877c-4143-452f-ab4d-589327eb2715)] -&gt; xpath: //p//word], [[FirefoxDriver: firefox on LINUX (358f877c-4143-452f-ab4d-589327eb2715)] -&gt; xpath: //p//word], [[FirefoxDriver: firefox on LINUX (358f877c-4143-452f-ab4d-589327eb2715)] -&gt; xpath: //p//word], [[FirefoxDriver: firefox on LINUX (358f877c-4143-452f-ab4d-589327eb2715)] -&gt; xpath: //p//word], [[FirefoxDriver: firefox on LINUX (358f877c-4143-452f-ab4d-589327eb2715)] -&gt; xpath: //p//word], [[FirefoxDriver: firefox on LINUX (358f877c-4143-452f-ab4d-589327eb2715)] -&gt; xpath: //p//word], [[FirefoxDriver: firefox on LINUX (358f877c-4143-452f-ab4d-589327eb2715)] -&gt; xpath: //p//word], [[FirefoxDriver: firefox on LINUX (358f877c-4143-452f-ab4d-589327eb2715)] -&gt; xpath: //p//word], [[FirefoxDriver: firefox on LINUX (358f877c-4143-452f-ab4d-589327eb2715)] -&gt; xpath: //p//word], [[FirefoxDriver: firefox on LINUX (358f877c-4143-452f-ab4d-589327eb2715)] -&gt; xpath: //p//word], [[FirefoxDriver: firefox on LINUX (358f877c-4143-452f-ab4d-589327eb2715)] -&gt; xpath: //p//word], [[FirefoxDriver: firefox on LINUX (358f877c-4143-452f-ab4d-589327eb2715)] -&gt; xpath: //p//word], [[FirefoxDriver: firefox on LINUX (358f877c-4143-452f-ab4d-589327eb2715)] -&gt; xpath: //p//word], [[FirefoxDriver: firefox on LINUX (358f877c-4143-452f-ab4d-589327eb2715)] -&gt; xpath: //p//word], [[FirefoxDriver: firefox on LINUX (358f877c-4143-452f-ab4d-589327eb2715)] -&gt; xpath: //p//word], [[FirefoxDriver: firefox on LINUX (358f877c-4143-452f-ab4d-589327eb2715)] -&gt; xpath: //p//word], [[FirefoxDriver: firefox on LINUX (358f877c-4143-452f-ab4d-589327eb2715)] -&gt; xpath: //p//word], [[FirefoxDriver: firefox on LINUX (358f877c-4143-452f-ab4d-589327eb2715)] -&gt; xpath: //p//word], [[FirefoxDriver: firefox on LINUX (358f877c-4143-452f-ab4d-589327eb2715)] -&gt; xpath: //p//word], [[FirefoxDriver: firefox on LINUX (358f877c-4143-452f-ab4d-589327eb2715)] -&gt; xpath: //p//word], [[FirefoxDriver: firefox on LINUX (358f877c-4143-452f-ab4d-589327eb2715)] -&gt; xpath: //p//word], [[FirefoxDriver: firefox on LINUX (358f877c-4143-452f-ab4d-589327eb2715)] -&gt; xpath: //p//word], [[FirefoxDriver: firefox on LINUX (358f877c-4143-452f-ab4d-589327eb2715)] -&gt; xpath: //p//word], [[FirefoxDriver: firefox on LINUX (358f877c-4143-452f-ab4d-589327eb2715)] -&gt; xpath: //p//word], [[FirefoxDriver: firefox on LINUX (358f877c-4143-452f-ab4d-589327eb2715)] -&gt; xpath: //p//word], [[FirefoxDriver: firefox on LINUX (358f877c-4143-452f-ab4d-589327eb2715)] -&gt; xpath: //p//word], [[FirefoxDriver: firefox on LINUX (358f877c-4143-452f-ab4d-589327eb2715)] -&gt; xpath: //p//word], [[FirefoxDriver: firefox on LINUX (358f877c-4143-452f-ab4d-589327eb2715)] -&gt; xpath: //p//word], [[FirefoxDriver: firefox on LINUX (358f877c-4143-452f-ab4d-589327eb2715)] -&gt; xpath: //p//word], [[FirefoxDriver: firefox on LINUX (358f877c-4143-452f-ab4d-589327eb2715)] -&gt; xpath: //p//word], [[FirefoxDriver: firefox on LINUX (358f877c-4143-452f-ab4d-589327eb2715)] -&gt; xpath: //p//word], [[FirefoxDriver: firefox on LINUX (358f877c-4143-452f-ab4d-589327eb2715)] -&gt; xpath: //p//word], [[FirefoxDriver: firefox on LINUX (358f877c-4143-452f-ab4d-589327eb2715)] -&gt; xpath: //p//word], [[FirefoxDriver: firefox on LINUX (358f877c-4143-452f-ab4d-589327eb2715)] -&gt; xpath: //p//word], [[FirefoxDriver: firefox on LINUX (358f877c-4143-452f-ab4d-589327eb2715)] -&gt; xpath: //p//word], [[FirefoxDriver: firefox on LINUX (358f877c-4143-452f-ab4d-589327eb2715)] -&gt; xpath: //p//word], [[FirefoxDriver: firefox on LINUX (358f877c-4143-452f-ab4d-589327eb2715)] -&gt; xpath: //p//word], [[FirefoxDriver: firefox on LINUX (358f877c-4143-452f-ab4d-589327eb2715)] -&gt; xpath: //p//word], [[FirefoxDriver: firefox on LINUX (358f877c-4143-452f-ab4d-589327eb2715)] -&gt; xpath: //p//word], [[FirefoxDriver: firefox on LINUX (358f877c-4143-452f-ab4d-589327eb2715)] -&gt; xpath: //p//word], [[FirefoxDriver: firefox on LINUX (358f877c-4143-452f-ab4d-589327eb2715)] -&gt; xpath: //p//word], [[FirefoxDriver: firefox on LINUX (358f877c-4143-452f-ab4d-589327eb2715)] -&gt; xpath: //p//word], [[FirefoxDriver: firefox on LINUX (358f877c-4143-452f-ab4d-589327eb2715)] -&gt; xpath: //p//word], [[FirefoxDriver: firefox on LINUX (358f877c-4143-452f-ab4d-589327eb2715)] -&gt; xpath: //p//word], [[FirefoxDriver: firefox on LINUX (358f877c-4143-452f-ab4d-589327eb2715)] -&gt; xpath: //p//word], [[FirefoxDriver: firefox on LINUX (358f877c-4143-452f-ab4d-589327eb2715)] -&gt; xpath: //p//word], [[FirefoxDriver: firefox on LINUX (358f877c-4143-452f-ab4d-589327eb2715)] -&gt; xpath: //p//word], [[FirefoxDriver: firefox on LINUX (358f877c-4143-452f-ab4d-589327eb2715)] -&gt; xpath: //p//word], [[FirefoxDriver: firefox on LINUX (358f877c-4143-452f-ab4d-589327eb2715)] -&gt; xpath: //p//word], [[FirefoxDriver: firefox on LINUX (358f877c-4143-452f-ab4d-589327eb2715)] -&gt; xpath: //p//word], [[FirefoxDriver: firefox on LINUX (358f877c-4143-452f-ab4d-589327eb2715)] -&gt; xpath: //p//word], [[FirefoxDriver: firefox on LINUX (358f877c-4143-452f-ab4d-589327eb2715)] -&gt; xpath: //p//word], [[FirefoxDriver: firefox on LINUX (358f877c-4143-452f-ab4d-589327eb2715)] -&gt; xpath: //p//word], [[FirefoxDriver: firefox on LINUX (358f877c-4143-452f-ab4d-589327eb2715)] -&gt; xpath: //p//word], [[FirefoxDriver: firefox on LINUX (358f877c-4143-452f-ab4d-589327eb2715)] -&gt; xpath: //p//word], [[FirefoxDriver: firefox on LINUX (358f877c-4143-452f-ab4d-589327eb2715)] -&gt; xpath: //p//word], [[FirefoxDriver: firefox on LINUX (358f877c-4143-452f-ab4d-589327eb2715)] -&gt; xpath: //p//word], [[FirefoxDriver: firefox on LINUX (358f877c-4143-452f-ab4d-589327eb2715)] -&gt; xpath: //p//word], [[FirefoxDriver: firefox on LINUX (358f877c-4143-452f-ab4d-589327eb2715)] -&gt; xpath: //p//word], [[FirefoxDriver: firefox on LINUX (358f877c-4143-452f-ab4d-589327eb2715)] -&gt; xpath: //p//word], [[FirefoxDriver: firefox on LINUX (358f877c-4143-452f-ab4d-589327eb2715)] -&gt; xpath: //p//word], [[FirefoxDriver: firefox on LINUX (358f877c-4143-452f-ab4d-589327eb2715)] -&gt; xpath: //p//word], [[FirefoxDriver: firefox on LINUX (358f877c-4143-452f-ab4d-589327eb2715)] -&gt; xpath: //p//word], [[FirefoxDriver: firefox on LINUX (358f877c-4143-452f-ab4d-589327eb2715)] -&gt; xpath: //p//word], [[FirefoxDriver: firefox on LINUX (358f877c-4143-452f-ab4d-589327eb2715)] -&gt; xpath: //p//word], [[FirefoxDriver: firefox on LINUX (358f877c-4143-452f-ab4d-589327eb2715)] -&gt; xpath: //p//word], [[FirefoxDriver: firefox on LINUX (358f877c-4143-452f-ab4d-589327eb2715)] -&gt; xpath: //p//word], [[FirefoxDriver: firefox on LINUX (358f877c-4143-452f-ab4d-589327eb2715)] -&gt; xpath: //p//word], [[FirefoxDriver: firefox on LINUX (358f877c-4143-452f-ab4d-589327eb2715)] -&gt; xpath: //p//word], [[FirefoxDriver: firefox on LINUX (358f877c-4143-452f-ab4d-589327eb2715)] -&gt; xpath: //p//word], [[FirefoxDriver: firefox on LINUX (358f877c-4143-452f-ab4d-589327eb2715)] -&gt; xpath: //p//word], [[FirefoxDriver: firefox on LINUX (358f877c-4143-452f-ab4d-589327eb2715)] -&gt; xpath: //p//word], [[FirefoxDriver: firefox on LINUX (358f877c-4143-452f-ab4d-589327eb2715)] -&gt; xpath: //p//word], [[FirefoxDriver: firefox on LINUX (358f877c-4143-452f-ab4d-589327eb2715)] -&gt; xpath: //p//word], [[FirefoxDriver: firefox on LINUX (358f877c-4143-452f-ab4d-589327eb2715)] -&gt; xpath: //p//word], [[FirefoxDriver: firefox on LINUX (358f877c-4143-452f-ab4d-589327eb2715)] -&gt; xpath: //p//word], [[FirefoxDriver: firefox on LINUX (358f877c-4143-452f-ab4d-589327eb2715)] -&gt; xpath: //p//word], [[FirefoxDriver: firefox on LINUX (358f877c-4143-452f-ab4d-589327eb2715)] -&gt; xpath: //p//word], [[FirefoxDriver: firefox on LINUX (358f877c-4143-452f-ab4d-589327eb2715)] -&gt; xpath: //p//word], [[FirefoxDriver: firefox on LINUX (358f877c-4143-452f-ab4d-589327eb2715)] -&gt; xpath: //p//word], [[FirefoxDriver: firefox on LINUX (358f877c-4143-452f-ab4d-589327eb2715)] -&gt; xpath: //p//word], [[FirefoxDriver: firefox on LINUX (358f877c-4143-452f-ab4d-589327eb2715)] -&gt; xpath: //p//word], [[FirefoxDriver: firefox on LINUX (358f877c-4143-452f-ab4d-589327eb2715)] -&gt; xpath: //p//word], [[FirefoxDriver: firefox on LINUX (358f877c-4143-452f-ab4d-589327eb2715)] -&gt; xpath: //p//word], [[FirefoxDriver: firefox on LINUX (358f877c-4143-452f-ab4d-589327eb2715)] -&gt; xpath: //p//word], [[FirefoxDriver: firefox on LINUX (358f877c-4143-452f-ab4d-589327eb2715)] -&gt; xpath: //p//word], [[FirefoxDriver: firefox on LINUX (358f877c-4143-452f-ab4d-589327eb2715)] -&gt; xpath: //p//word], [[FirefoxDriver: firefox on LINUX (358f877c-4143-452f-ab4d-589327eb2715)] -&gt; xpath: //p//word], [[FirefoxDriver: firefox on LINUX (358f877c-4143-452f-ab4d-589327eb2715)] -&gt; xpath: //p//word], [[FirefoxDriver: firefox on LINUX (358f877c-4143-452f-ab4d-589327eb2715)] -&gt; xpath: //p//word], [[FirefoxDriver: firefox on LINUX (358f877c-4143-452f-ab4d-589327eb2715)] -&gt; xpath: //p//word], [[FirefoxDriver: firefox on LINUX (358f877c-4143-452f-ab4d-589327eb2715)] -&gt; xpath: //p//word], [[FirefoxDriver: firefox on LINUX (358f877c-4143-452f-ab4d-589327eb2715)] -&gt; xpath: //p//word], [[FirefoxDriver: firefox on LINUX (358f877c-4143-452f-ab4d-589327eb2715)] -&gt; xpath: //p//word], [[FirefoxDriver: firefox on LINUX (358f877c-4143-452f-ab4d-589327eb2715)] -&gt; xpath: //p//word], [[FirefoxDriver: firefox on LINUX (358f877c-4143-452f-ab4d-589327eb2715)] -&gt; xpath: //p//word], [[FirefoxDriver: firefox on LINUX (358f877c-4143-452f-ab4d-589327eb2715)] -&gt; xpath: //p//word], [[FirefoxDriver: firefox on LINUX (358f877c-4143-452f-ab4d-589327eb2715)] -&gt; xpath: //p//word], [[FirefoxDriver: firefox on LINUX (358f877c-4143-452f-ab4d-589327eb2715)] -&gt; xpath: //p//word], [[FirefoxDriver: firefox on LINUX (358f877c-4143-452f-ab4d-589327eb2715)] -&gt; xpath: //p//word], [[FirefoxDriver: firefox on LINUX (358f877c-4143-452f-ab4d-589327eb2715)] -&gt; xpath: //p//word], [[FirefoxDriver: firefox on LINUX (358f877c-4143-452f-ab4d-589327eb2715)] -&gt; xpath: //p//word], [[FirefoxDriver: firefox on LINUX (358f877c-4143-452f-ab4d-589327eb2715)] -&gt; xpath: //p//word], [[FirefoxDriver: firefox on LINUX (358f877c-4143-452f-ab4d-589327eb2715)] -&gt; xpath: //p//word], [[FirefoxDriver: firefox on LINUX (358f877c-4143-452f-ab4d-589327eb2715)] -&gt; xpath: //p//word], [[FirefoxDriver: firefox on LINUX (358f877c-4143-452f-ab4d-589327eb2715)] -&gt; xpath: //p//word], [[FirefoxDriver: firefox on LINUX (358f877c-4143-452f-ab4d-589327eb2715)] -&gt; xpath: //p//word], [[FirefoxDriver: firefox on LINUX (358f877c-4143-452f-ab4d-589327eb2715)] -&gt; xpath: //p//word], [[FirefoxDriver: firefox on LINUX (358f877c-4143-452f-ab4d-589327eb2715)] -&gt; xpath: //p//word], [[FirefoxDriver: firefox on LINUX (358f877c-4143-452f-ab4d-589327eb2715)] -&gt; xpath: //p//word], [[FirefoxDriver: firefox on LINUX (358f877c-4143-452f-ab4d-589327eb2715)] -&gt; xpath: //p//word], [[FirefoxDriver: firefox on LINUX (358f877c-4143-452f-ab4d-589327eb2715)] -&gt; xpath: //p//word], [[FirefoxDriver: firefox on LINUX (358f877c-4143-452f-ab4d-589327eb2715)] -&gt; xpath: //p//word], [[FirefoxDriver: firefox on LINUX (358f877c-4143-452f-ab4d-589327eb2715)] -&gt; xpath: //p//word], [[FirefoxDriver: firefox on LINUX (358f877c-4143-452f-ab4d-589327eb2715)] -&gt; xpath: //p//word], [[FirefoxDriver: firefox on LINUX (358f877c-4143-452f-ab4d-589327eb2715)] -&gt; xpath: //p//word], [[FirefoxDriver: firefox on LINUX (358f877c-4143-452f-ab4d-589327eb2715)] -&gt; xpath: //p//word], [[FirefoxDriver: firefox on LINUX (358f877c-4143-452f-ab4d-589327eb2715)] -&gt; xpath: //p//word], [[FirefoxDriver: firefox on LINUX (358f877c-4143-452f-ab4d-589327eb2715)] -&gt; xpath: //p//word], [[FirefoxDriver: firefox on LINUX (358f877c-4143-452f-ab4d-589327eb2715)] -&gt; xpath: //p//word], [[FirefoxDriver: firefox on LINUX (358f877c-4143-452f-ab4d-589327eb2715)] -&gt; xpath: //p//word], [[FirefoxDriver: firefox on LINUX (358f877c-4143-452f-ab4d-589327eb2715)] -&gt; xpath: //p//word], [[FirefoxDriver: firefox on LINUX (358f877c-4143-452f-ab4d-589327eb2715)] -&gt; xpath: //p//word], [[FirefoxDriver: firefox on LINUX (358f877c-4143-452f-ab4d-589327eb2715)] -&gt; xpath: //p//word], [[FirefoxDriver: firefox on LINUX (358f877c-4143-452f-ab4d-589327eb2715)] -&gt; xpath: //p//word], [[FirefoxDriver: firefox on LINUX (358f877c-4143-452f-ab4d-589327eb2715)] -&gt; xpath: //p//word], [[FirefoxDriver: firefox on LINUX (358f877c-4143-452f-ab4d-589327eb2715)] -&gt; xpath: //p//word], [[FirefoxDriver: firefox on LINUX (358f877c-4143-452f-ab4d-589327eb2715)] -&gt; xpath: //p//word], [[FirefoxDriver: firefox on LINUX (358f877c-4143-452f-ab4d-589327eb2715)] -&gt; xpath: //p//word], [[FirefoxDriver: firefox on LINUX (358f877c-4143-452f-ab4d-589327eb2715)] -&gt; xpath: //p//word], [[FirefoxDriver: firefox on LINUX (358f877c-4143-452f-ab4d-589327eb2715)] -&gt; xpath: //p//word], [[FirefoxDriver: firefox on LINUX (358f877c-4143-452f-ab4d-589327eb2715)] -&gt; xpath: //p//word], [[FirefoxDriver: firefox on LINUX (358f877c-4143-452f-ab4d-589327eb2715)] -&gt; xpath: //p//word], [[FirefoxDriver: firefox on LINUX (358f877c-4143-452f-ab4d-589327eb2715)] -&gt; xpath: //p//word], [[FirefoxDriver: firefox on LINUX (358f877c-4143-452f-ab4d-589327eb2715)] -&gt; xpath: //p//word], [[FirefoxDriver: firefox on LINUX (358f877c-4143-452f-ab4d-589327eb2715)] -&gt; xpath: //p//word], [[FirefoxDriver: firefox on LINUX (358f877c-4143-452f-ab4d-589327eb2715)] -&gt; xpath: //p//word], [[FirefoxDriver: firefox on LINUX (358f877c-4143-452f-ab4d-589327eb2715)] -&gt; xpath: //p//word], [[FirefoxDriver: firefox on LINUX (358f877c-4143-452f-ab4d-589327eb2715)] -&gt; xpath: //p//word], [[FirefoxDriver: firefox on LINUX (358f877c-4143-452f-ab4d-589327eb2715)] -&gt; xpath: //p//word], [[FirefoxDriver: firefox on LINUX (358f877c-4143-452f-ab4d-589327eb2715)] -&gt; xpath: //p//word], [[FirefoxDriver: firefox on LINUX (358f877c-4143-452f-ab4d-589327eb2715)] -&gt; xpath: //p//word], [[FirefoxDriver: firefox on LINUX (358f877c-4143-452f-ab4d-589327eb2715)] -&gt; xpath: //p//word], [[FirefoxDriver: firefox on LINUX (358f877c-4143-452f-ab4d-589327eb2715)] -&gt; xpath: //p//word], [[FirefoxDriver: firefox on LINUX (358f877c-4143-452f-ab4d-589327eb2715)] -&gt; xpath: //p//word], [[FirefoxDriver: firefox on LINUX (358f877c-4143-452f-ab4d-589327eb2715)] -&gt; xpath: //p//word], [[FirefoxDriver: firefox on LINUX (358f877c-4143-452f-ab4d-589327eb2715)] -&gt; xpath: //p//word], [[FirefoxDriver: firefox on LINUX (358f877c-4143-452f-ab4d-589327eb2715)] -&gt; xpath: //p//word], [[FirefoxDriver: firefox on LINUX (358f877c-4143-452f-ab4d-589327eb2715)] -&gt; xpath: //p//word], [[FirefoxDriver: firefox on LINUX (358f877c-4143-452f-ab4d-589327eb2715)] -&gt; xpath: //p//word], [[FirefoxDriver: firefox on LINUX (358f877c-4143-452f-ab4d-589327eb2715)] -&gt; xpath: //p//word], [[FirefoxDriver: firefox on LINUX (358f877c-4143-452f-ab4d-589327eb2715)] -&gt; xpath: //p//word], [[FirefoxDriver: firefox on LINUX (358f877c-4143-452f-ab4d-589327eb2715)] -&gt; xpath: //p//word], [[FirefoxDriver: firefox on LINUX (358f877c-4143-452f-ab4d-589327eb2715)] -&gt; xpath: //p//word], [[FirefoxDriver: firefox on LINUX (358f877c-4143-452f-ab4d-589327eb2715)] -&gt; xpath: //p//word], [[FirefoxDriver: firefox on LINUX (358f877c-4143-452f-ab4d-589327eb2715)] -&gt; xpath: //p//word], [[FirefoxDriver: firefox on LINUX (358f877c-4143-452f-ab4d-589327eb2715)] -&gt; xpath: //p//word], [[FirefoxDriver: firefox on LINUX (358f877c-4143-452f-ab4d-589327eb2715)] -&gt; xpath: //p//word], [[FirefoxDriver: firefox on LINUX (358f877c-4143-452f-ab4d-589327eb2715)] -&gt; xpath: //p//word], [[FirefoxDriver: firefox on LINUX (358f877c-4143-452f-ab4d-589327eb2715)] -&gt; xpath: //p//word], [[FirefoxDriver: firefox on LINUX (358f877c-4143-452f-ab4d-589327eb2715)] -&gt; xpath: //p//word], [[FirefoxDriver: firefox on LINUX (358f877c-4143-452f-ab4d-589327eb2715)] -&gt; xpath: //p//word], [[FirefoxDriver: firefox on LINUX (358f877c-4143-452f-ab4d-589327eb2715)] -&gt; xpath: //p//word], [[FirefoxDriver: firefox on LINUX (358f877c-4143-452f-ab4d-589327eb2715)] -&gt; xpath: //p//word], [[FirefoxDriver: firefox on LINUX (358f877c-4143-452f-ab4d-589327eb2715)] -&gt; xpath: //p//word], [[FirefoxDriver: firefox on LINUX (358f877c-4143-452f-ab4d-589327eb2715)] -&gt; xpath: //p//word], [[FirefoxDriver: firefox on LINUX (358f877c-4143-452f-ab4d-589327eb2715)] -&gt; xpath: //p//word], [[FirefoxDriver: firefox on LINUX (358f877c-4143-452f-ab4d-589327eb2715)] -&gt; xpath: //p//word], [[FirefoxDriver: firefox on LINUX (358f877c-4143-452f-ab4d-589327eb2715)] -&gt; xpath: //p//word], [[FirefoxDriver: firefox on LINUX (358f877c-4143-452f-ab4d-589327eb2715)] -&gt; xpath: //p//word], [[FirefoxDriver: firefox on LINUX (358f877c-4143-452f-ab4d-589327eb2715)] -&gt; xpath: //p//word], [[FirefoxDriver: firefox on LINUX (358f877c-4143-452f-ab4d-589327eb2715)] -&gt; xpath: //p//word], [[FirefoxDriver: firefox on LINUX (358f877c-4143-452f-ab4d-589327eb2715)] -&gt; xpath: //p//word], [[FirefoxDriver: firefox on LINUX (358f877c-4143-452f-ab4d-589327eb2715)] -&gt; xpath: //p//word], [[FirefoxDriver: firefox on LINUX (358f877c-4143-452f-ab4d-589327eb2715)] -&gt; xpath: //p//word], [[FirefoxDriver: firefox on LINUX (358f877c-4143-452f-ab4d-589327eb2715)] -&gt; xpath: //p//word], [[FirefoxDriver: firefox on LINUX (358f877c-4143-452f-ab4d-589327eb2715)] -&gt; xpath: //p//word], [[FirefoxDriver: firefox on LINUX (358f877c-4143-452f-ab4d-589327eb2715)] -&gt; xpath: //p//word], [[FirefoxDriver: firefox on LINUX (358f877c-4143-452f-ab4d-589327eb2715)] -&gt; xpath: //p//word], [[FirefoxDriver: firefox on LINUX (358f877c-4143-452f-ab4d-589327eb2715)] -&gt; xpath: //p//word], [[FirefoxDriver: firefox on LINUX (358f877c-4143-452f-ab4d-589327eb2715)] -&gt; xpath: //p//word], [[FirefoxDriver: firefox on LINUX (358f877c-4143-452f-ab4d-589327eb2715)] -&gt; xpath: //p//word], [[FirefoxDriver: firefox on LINUX (358f877c-4143-452f-ab4d-589327eb2715)] -&gt; xpath: //p//word], [[FirefoxDriver: firefox on LINUX (358f877c-4143-452f-ab4d-589327eb2715)] -&gt; xpath: //p//word], [[FirefoxDriver: firefox on LINUX (358f877c-4143-452f-ab4d-589327eb2715)] -&gt; xpath: //p//word], [[FirefoxDriver: firefox on LINUX (358f877c-4143-452f-ab4d-589327eb2715)] -&gt; xpath: //p//word], [[FirefoxDriver: firefox on LINUX (358f877c-4143-452f-ab4d-589327eb2715)] -&gt; xpath: //p//word], [[FirefoxDriver: firefox on LINUX (358f877c-4143-452f-ab4d-589327eb2715)] -&gt; xpath: //p//word], [[FirefoxDriver: firefox on LINUX (358f877c-4143-452f-ab4d-589327eb2715)] -&gt; xpath: //p//word], [[FirefoxDriver: firefox on LINUX (358f877c-4143-452f-ab4d-589327eb2715)] -&gt; xpath: //p//word], [[FirefoxDriver: firefox on LINUX (358f877c-4143-452f-ab4d-589327eb2715)] -&gt; xpath: //p//word], [[FirefoxDriver: firefox on LINUX (358f877c-4143-452f-ab4d-589327eb2715)] -&gt; xpath: //p//word], [[FirefoxDriver: firefox on LINUX (358f877c-4143-452f-ab4d-589327eb2715)] -&gt; xpath: //p//word], [[FirefoxDriver: firefox on LINUX (358f877c-4143-452f-ab4d-589327eb2715)] -&gt; xpath: //p//word], [[FirefoxDriver: firefox on LINUX (358f877c-4143-452f-ab4d-589327eb2715)] -&gt; xpath: //p//word], [[FirefoxDriver: firefox on LINUX (358f877c-4143-452f-ab4d-589327eb2715)] -&gt; xpath: //p//word], [[FirefoxDriver: firefox on LINUX (358f877c-4143-452f-ab4d-589327eb2715)] -&gt; xpath: //p//word], [[FirefoxDriver: firefox on LINUX (358f877c-4143-452f-ab4d-589327eb2715)] -&gt; xpath: //p//word], [[FirefoxDriver: firefox on LINUX (358f877c-4143-452f-ab4d-589327eb2715)] -&gt; xpath: //p//word], [[FirefoxDriver: firefox on LINUX (358f877c-4143-452f-ab4d-589327eb2715)] -&gt; xpath: //p//word], [[FirefoxDriver: firefox on LINUX (358f877c-4143-452f-ab4d-589327eb2715)] -&gt; xpath: //p//word], [[FirefoxDriver: firefox on LINUX (358f877c-4143-452f-ab4d-589327eb2715)] -&gt; xpath: //p//word], [[FirefoxDriver: firefox on LINUX (358f877c-4143-452f-ab4d-589327eb2715)] -&gt; xpath: //p//word], [[FirefoxDriver: firefox on LINUX (358f877c-4143-452f-ab4d-589327eb2715)] -&gt; xpath: //p//word], [[FirefoxDriver: firefox on LINUX (358f877c-4143-452f-ab4d-589327eb2715)] -&gt; xpath: //p//word], [[FirefoxDriver: firefox on LINUX (358f877c-4143-452f-ab4d-589327eb2715)] -&gt; xpath: //p//word], [[FirefoxDriver: firefox on LINUX (358f877c-4143-452f-ab4d-589327eb2715)] -&gt; xpath: //p//word], [[FirefoxDriver: firefox on LINUX (358f877c-4143-452f-ab4d-589327eb2715)] -&gt; xpath: //p//word], [[FirefoxDriver: firefox on LINUX (358f877c-4143-452f-ab4d-589327eb2715)] -&gt; xpath: //p//word], [[FirefoxDriver: firefox on LINUX (358f877c-4143-452f-ab4d-589327eb2715)] -&gt; xpath: //p//word], [[FirefoxDriver: firefox on LINUX (358f877c-4143-452f-ab4d-589327eb2715)] -&gt; xpath: //p//word], [[FirefoxDriver: firefox on LINUX (358f877c-4143-452f-ab4d-589327eb2715)] -&gt; xpath: //p//word], [[FirefoxDriver: firefox on LINUX (358f877c-4143-452f-ab4d-589327eb2715)] -&gt; xpath: //p//word], [[FirefoxDriver: firefox on LINUX (358f877c-4143-452f-ab4d-589327eb2715)] -&gt; xpath: //p//word], [[FirefoxDriver: firefox on LINUX (358f877c-4143-452f-ab4d-589327eb2715)] -&gt; xpath: //p//word], [[FirefoxDriver: firefox on LINUX (358f877c-4143-452f-ab4d-589327eb2715)] -&gt; xpath: //p//word], [[FirefoxDriver: firefox on LINUX (358f877c-4143-452f-ab4d-589327eb2715)] -&gt; xpath: //p//word], [[FirefoxDriver: firefox on LINUX (358f877c-4143-452f-ab4d-589327eb2715)] -&gt; xpath: //p//word], [[FirefoxDriver: firefox on LINUX (358f877c-4143-452f-ab4d-589327eb2715)] -&gt; xpath: //p//word], [[FirefoxDriver: firefox on LINUX (358f877c-4143-452f-ab4d-589327eb2715)] -&gt; xpath: //p//word], [[FirefoxDriver: firefox on LINUX (358f877c-4143-452f-ab4d-589327eb2715)] -&gt; xpath: //p//word], [[FirefoxDriver: firefox on LINUX (358f877c-4143-452f-ab4d-589327eb2715)] -&gt; xpath: //p//word], [[FirefoxDriver: firefox on LINUX (358f877c-4143-452f-ab4d-589327eb2715)] -&gt; xpath: //p//word], [[FirefoxDriver: firefox on LINUX (358f877c-4143-452f-ab4d-589327eb2715)] -&gt; xpath: //p//word], [[FirefoxDriver: firefox on LINUX (358f877c-4143-452f-ab4d-589327eb2715)] -&gt; xpath: //p//word], [[FirefoxDriver: firefox on LINUX (358f877c-4143-452f-ab4d-589327eb2715)] -&gt; xpath: //p//word], [[FirefoxDriver: firefox on LINUX (358f877c-4143-452f-ab4d-589327eb2715)] -&gt; xpath: //p//word], [[FirefoxDriver: firefox on LINUX (358f877c-4143-452f-ab4d-589327eb2715)] -&gt; xpath: //p//word], [[FirefoxDriver: firefox on LINUX (358f877c-4143-452f-ab4d-589327eb2715)] -&gt; xpath: //p//word], [[FirefoxDriver: firefox on LINUX (358f877c-4143-452f-ab4d-589327eb2715)] -&gt; xpath: //p//word], [[FirefoxDriver: firefox on LINUX (358f877c-4143-452f-ab4d-589327eb2715)] -&gt; xpath: //p//word], [[FirefoxDriver: firefox on LINUX (358f877c-4143-452f-ab4d-589327eb2715)] -&gt; xpath: //p//word], [[FirefoxDriver: firefox on LINUX (358f877c-4143-452f-ab4d-589327eb2715)] -&gt; xpath: //p//word], [[FirefoxDriver: firefox on LINUX (358f877c-4143-452f-ab4d-589327eb2715)] -&gt; xpath: //p//word], [[FirefoxDriver: firefox on LINUX (358f877c-4143-452f-ab4d-589327eb2715)] -&gt; xpath: //p//word], [[FirefoxDriver: firefox on LINUX (358f877c-4143-452f-ab4d-589327eb2715)] -&gt; xpath: //p//word], [[FirefoxDriver: firefox on LINUX (358f877c-4143-452f-ab4d-589327eb2715)] -&gt; xpath: //p//word], [[FirefoxDriver: firefox on LINUX (358f877c-4143-452f-ab4d-589327eb2715)] -&gt; xpath: //p//word], [[FirefoxDriver: firefox on LINUX (358f877c-4143-452f-ab4d-589327eb2715)] -&gt; xpath: //p//word], [[FirefoxDriver: firefox on LINUX (358f877c-4143-452f-ab4d-589327eb2715)] -&gt; xpath: //p//word], [[FirefoxDriver: firefox on LINUX (358f877c-4143-452f-ab4d-589327eb2715)] -&gt; xpath: //p//word], [[FirefoxDriver: firefox on LINUX (358f877c-4143-452f-ab4d-589327eb2715)] -&gt; xpath: //p//word], [[FirefoxDriver: firefox on LINUX (358f877c-4143-452f-ab4d-589327eb2715)] -&gt; xpath: //p//word], [[FirefoxDriver: firefox on LINUX (358f877c-4143-452f-ab4d-589327eb2715)] -&gt; xpath: //p//word], [[FirefoxDriver: firefox on LINUX (358f877c-4143-452f-ab4d-589327eb2715)] -&gt; xpath: //p//word], [[FirefoxDriver: firefox on LINUX (358f877c-4143-452f-ab4d-589327eb2715)] -&gt; xpath: //p//word], [[FirefoxDriver: firefox on LINUX (358f877c-4143-452f-ab4d-589327eb2715)] -&gt; xpath: //p//word], [[FirefoxDriver: firefox on LINUX (358f877c-4143-452f-ab4d-589327eb2715)] -&gt; xpath: //p//word], [[FirefoxDriver: firefox on LINUX (358f877c-4143-452f-ab4d-589327eb2715)] -&gt; xpath: //p//word], [[FirefoxDriver: firefox on LINUX (358f877c-4143-452f-ab4d-589327eb2715)] -&gt; xpath: //p//word], [[FirefoxDriver: firefox on LINUX (358f877c-4143-452f-ab4d-589327eb2715)] -&gt; xpath: //p//word], [[FirefoxDriver: firefox on LINUX (358f877c-4143-452f-ab4d-589327eb2715)] -&gt; xpath: //p//word], [[FirefoxDriver: firefox on LINUX (358f877c-4143-452f-ab4d-589327eb2715)] -&gt; xpath: //p//word], [[FirefoxDriver: firefox on LINUX (358f877c-4143-452f-ab4d-589327eb2715)] -&gt; xpath: //p//word], [[FirefoxDriver: firefox on LINUX (358f877c-4143-452f-ab4d-589327eb2715)] -&gt; xpath: //p//word], [[FirefoxDriver: firefox on LINUX (358f877c-4143-452f-ab4d-589327eb2715)] -&gt; xpath: //p//word], [[FirefoxDriver: firefox on LINUX (358f877c-4143-452f-ab4d-589327eb2715)] -&gt; xpath: //p//word], [[FirefoxDriver: firefox on LINUX (358f877c-4143-452f-ab4d-589327eb2715)] -&gt; xpath: //p//word], [[FirefoxDriver: firefox on LINUX (358f877c-4143-452f-ab4d-589327eb2715)] -&gt; xpath: //p//word], [[FirefoxDriver: firefox on LINUX (358f877c-4143-452f-ab4d-589327eb2715)] -&gt; xpath: //p//word], [[FirefoxDriver: firefox on LINUX (358f877c-4143-452f-ab4d-589327eb2715)] -&gt; xpath: //p//word], [[FirefoxDriver: firefox on LINUX (358f877c-4143-452f-ab4d-589327eb2715)] -&gt; xpath: //p//word], [[FirefoxDriver: firefox on LINUX (358f877c-4143-452f-ab4d-589327eb2715)] -&gt; xpath: //p//word], [[FirefoxDriver: firefox on LINUX (358f877c-4143-452f-ab4d-589327eb2715)] -&gt; xpath: //p//word], [[FirefoxDriver: firefox on LINUX (358f877c-4143-452f-ab4d-589327eb2715)] -&gt; xpath: //p//word], [[FirefoxDriver: firefox on LINUX (358f877c-4143-452f-ab4d-589327eb2715)] -&gt; xpath: //p//word], [[FirefoxDriver: firefox on LINUX (358f877c-4143-452f-ab4d-589327eb2715)] -&gt; xpath: //p//word], [[FirefoxDriver: firefox on LINUX (358f877c-4143-452f-ab4d-589327eb2715)] -&gt; xpath: //p//word], [[FirefoxDriver: firefox on LINUX (358f877c-4143-452f-ab4d-589327eb2715)] -&gt; xpath: //p//word], [[FirefoxDriver: firefox on LINUX (358f877c-4143-452f-ab4d-589327eb2715)] -&gt; xpath: //p//word], [[FirefoxDriver: firefox on LINUX (358f877c-4143-452f-ab4d-589327eb2715)] -&gt; xpath: //p//word], [[FirefoxDriver: firefox on LINUX (358f877c-4143-452f-ab4d-589327eb2715)] -&gt; xpath: //p//word], [[FirefoxDriver: firefox on LINUX (358f877c-4143-452f-ab4d-589327eb2715)] -&gt; xpath: //p//word], [[FirefoxDriver: firefox on LINUX (358f877c-4143-452f-ab4d-589327eb2715)] -&gt; xpath: //p//word], [[FirefoxDriver: firefox on LINUX (358f877c-4143-452f-ab4d-589327eb2715)] -&gt; xpath: //p//word], [[FirefoxDriver: firefox on LINUX (358f877c-4143-452f-ab4d-589327eb2715)] -&gt; xpath: //p//word], [[FirefoxDriver: firefox on LINUX (358f877c-4143-452f-ab4d-589327eb2715)] -&gt; xpath: //p//word], [[FirefoxDriver: firefox on LINUX (358f877c-4143-452f-ab4d-589327eb2715)] -&gt; xpath: //p//word], [[FirefoxDriver: firefox on LINUX (358f877c-4143-452f-ab4d-589327eb2715)] -&gt; xpath: //p//word], [[FirefoxDriver: firefox on LINUX (358f877c-4143-452f-ab4d-589327eb2715)] -&gt; xpath: //p//word], [[FirefoxDriver: firefox on LINUX (358f877c-4143-452f-ab4d-589327eb2715)] -&gt; xpath: //p//word], [[FirefoxDriver: firefox on LINUX (358f877c-4143-452f-ab4d-589327eb2715)] -&gt; xpath: //p//word], [[FirefoxDriver: firefox on LINUX (358f877c-4143-452f-ab4d-589327eb2715)] -&gt; xpath: //p//word], [[FirefoxDriver: firefox on LINUX (358f877c-4143-452f-ab4d-589327eb2715)] -&gt; xpath: //p//word], [[FirefoxDriver: firefox on LINUX (358f877c-4143-452f-ab4d-589327eb2715)] -&gt; xpath: //p//word], [[FirefoxDriver: firefox on LINUX (358f877c-4143-452f-ab4d-589327eb2715)] -&gt; xpath: //p//word], [[FirefoxDriver: firefox on LINUX (358f877c-4143-452f-ab4d-589327eb2715)] -&gt; xpath: //p//word], [[FirefoxDriver: firefox on LINUX (358f877c-4143-452f-ab4d-589327eb2715)] -&gt; xpath: //p//word], [[FirefoxDriver: firefox on LINUX (358f877c-4143-452f-ab4d-589327eb2715)] -&gt; xpath: //p//word], [[FirefoxDriver: firefox on LINUX (358f877c-4143-452f-ab4d-589327eb2715)] -&gt; xpath: //p//word], [[FirefoxDriver: firefox on LINUX (358f877c-4143-452f-ab4d-589327eb2715)] -&gt; xpath: //p//word], [[FirefoxDriver: firefox on LINUX (358f877c-4143-452f-ab4d-589327eb2715)] -&gt; xpath: //p//word], [[FirefoxDriver: firefox on LINUX (358f877c-4143-452f-ab4d-589327eb2715)] -&gt; xpath: //p//word], [[FirefoxDriver: firefox on LINUX (358f877c-4143-452f-ab4d-589327eb2715)] -&gt; xpath: //p//word], [[FirefoxDriver: firefox on LINUX (358f877c-4143-452f-ab4d-589327eb2715)] -&gt; xpath: //p//word], [[FirefoxDriver: firefox on LINUX (358f877c-4143-452f-ab4d-589327eb2715)] -&gt; xpath: //p//word], [[FirefoxDriver: firefox on LINUX (358f877c-4143-452f-ab4d-589327eb2715)] -&gt; xpath: //p//word], [[FirefoxDriver: firefox on LINUX (358f877c-4143-452f-ab4d-589327eb2715)] -&gt; xpath: //p//word], [[FirefoxDriver: firefox on LINUX (358f877c-4143-452f-ab4d-589327eb2715)] -&gt; xpath: //p//word], [[FirefoxDriver: firefox on LINUX (358f877c-4143-452f-ab4d-589327eb2715)] -&gt; xpath: //p//word], [[FirefoxDriver: firefox on LINUX (358f877c-4143-452f-ab4d-589327eb2715)] -&gt; xpath: //p//word], [[FirefoxDriver: firefox on LINUX (358f877c-4143-452f-ab4d-589327eb2715)] -&gt; xpath: //p//word], [[FirefoxDriver: firefox on LINUX (358f877c-4143-452f-ab4d-589327eb2715)] -&gt; xpath: //p//word], [[FirefoxDriver: firefox on LINUX (358f877c-4143-452f-ab4d-589327eb2715)] -&gt; xpath: //p//word], [[FirefoxDriver: firefox on LINUX (358f877c-4143-452f-ab4d-589327eb2715)] -&gt; xpath: //p//word], [[FirefoxDriver: firefox on LINUX (358f877c-4143-452f-ab4d-589327eb2715)] -&gt; xpath: //p//word], [[FirefoxDriver: firefox on LINUX (358f877c-4143-452f-ab4d-589327eb2715)] -&gt; xpath: //p//word], [[FirefoxDriver: firefox on LINUX (358f877c-4143-452f-ab4d-589327eb2715)] -&gt; xpath: //p//word], [[FirefoxDriver: firefox on LINUX (358f877c-4143-452f-ab4d-589327eb2715)] -&gt; xpath: //p//word], [[FirefoxDriver: firefox on LINUX (358f877c-4143-452f-ab4d-589327eb2715)] -&gt; xpath: //p//word], [[FirefoxDriver: firefox on LINUX (358f877c-4143-452f-ab4d-589327eb2715)] -&gt; xpath: //p//word], [[FirefoxDriver: firefox on LINUX (358f877c-4143-452f-ab4d-589327eb2715)] -&gt; xpath: //p//word], [[FirefoxDriver: firefox on LINUX (358f877c-4143-452f-ab4d-589327eb2715)] -&gt; xpath: //p//word], [[FirefoxDriver: firefox on LINUX (358f877c-4143-452f-ab4d-589327eb2715)] -&gt; xpath: //p//word], [[FirefoxDriver: firefox on LINUX (358f877c-4143-452f-ab4d-589327eb2715)] -&gt; xpath: //p//word], [[FirefoxDriver: firefox on LINUX (358f877c-4143-452f-ab4d-589327eb2715)] -&gt; xpath: //p//word], [[FirefoxDriver: firefox on LINUX (358f877c-4143-452f-ab4d-589327eb2715)] -&gt; xpath: //p//word], [[FirefoxDriver: firefox on LINUX (358f877c-4143-452f-ab4d-589327eb2715)] -&gt; xpath: //p//word], [[FirefoxDriver: firefox on LINUX (358f877c-4143-452f-ab4d-589327eb2715)] -&gt; xpath: //p//word], [[FirefoxDriver: firefox on LINUX (358f877c-4143-452f-ab4d-589327eb2715)] -&gt; xpath: //p//word], [[FirefoxDriver: firefox on LINUX (358f877c-4143-452f-ab4d-589327eb2715)] -&gt; xpath: //p//word], [[FirefoxDriver: firefox on LINUX (358f877c-4143-452f-ab4d-589327eb2715)] -&gt; xpath: //p//word], [[FirefoxDriver: firefox on LINUX (358f877c-4143-452f-ab4d-589327eb2715)] -&gt; xpath: //p//word], [[FirefoxDriver: firefox on LINUX (358f877c-4143-452f-ab4d-589327eb2715)] -&gt; xpath: //p//word], [[FirefoxDriver: firefox on LINUX (358f877c-4143-452f-ab4d-589327eb2715)] -&gt; xpath: //p//word], [[FirefoxDriver: firefox on LINUX (358f877c-4143-452f-ab4d-589327eb2715)] -&gt; xpath: //p//word], [[FirefoxDriver: firefox on LINUX (358f877c-4143-452f-ab4d-589327eb2715)] -&gt; xpath: //p//word], [[FirefoxDriver: firefox on LINUX (358f877c-4143-452f-ab4d-589327eb2715)] -&gt; xpath: //p//word], [[FirefoxDriver: firefox on LINUX (358f877c-4143-452f-ab4d-589327eb2715)] -&gt; xpath: //p//word], [[FirefoxDriver: firefox on LINUX (358f877c-4143-452f-ab4d-589327eb2715)] -&gt; xpath: //p//word], [[FirefoxDriver: firefox on LINUX (358f877c-4143-452f-ab4d-589327eb2715)] -&gt; xpath: //p//word], [[FirefoxDriver: firefox on LINUX (358f877c-4143-452f-ab4d-589327eb2715)] -&gt; xpath: //p//word], [[FirefoxDriver: firefox on LINUX (358f877c-4143-452f-ab4d-589327eb2715)] -&gt; xpath: //p//word], [[FirefoxDriver: firefox on LINUX (358f877c-4143-452f-ab4d-589327eb2715)] -&gt; xpath: //p//word], [[FirefoxDriver: firefox on LINUX (358f877c-4143-452f-ab4d-589327eb2715)] -&gt; xpath: //p//word], [[FirefoxDriver: firefox on LINUX (358f877c-4143-452f-ab4d-589327eb2715)] -&gt; xpath: //p//word], [[FirefoxDriver: firefox on LINUX (358f877c-4143-452f-ab4d-589327eb2715)] -&gt; xpath: //p//word], [[FirefoxDriver: firefox on LINUX (358f877c-4143-452f-ab4d-589327eb2715)] -&gt; xpath: //p//word], [[FirefoxDriver: firefox on LINUX (358f877c-4143-452f-ab4d-589327eb2715)] -&gt; xpath: //p//word], [[FirefoxDriver: firefox on LINUX (358f877c-4143-452f-ab4d-589327eb2715)] -&gt; xpath: //p//word], [[FirefoxDriver: firefox on LINUX (358f877c-4143-452f-ab4d-589327eb2715)] -&gt; xpath: //p//word], [[FirefoxDriver: firefox on LINUX (358f877c-4143-452f-ab4d-589327eb2715)] -&gt; xpath: //p//word], [[FirefoxDriver: firefox on LINUX (358f877c-4143-452f-ab4d-589327eb2715)] -&gt; xpath: //p//word], [[FirefoxDriver: firefox on LINUX (358f877c-4143-452f-ab4d-589327eb2715)] -&gt; xpath: //p//word], [[FirefoxDriver: firefox on LINUX (358f877c-4143-452f-ab4d-589327eb2715)] -&gt; xpath: //p//word], [[FirefoxDriver: firefox on LINUX (358f877c-4143-452f-ab4d-589327eb2715)] -&gt; xpath: //p//word], [[FirefoxDriver: firefox on LINUX (358f877c-4143-452f-ab4d-589327eb2715)] -&gt; xpath: //p//word], [[FirefoxDriver: firefox on LINUX (358f877c-4143-452f-ab4d-589327eb2715)] -&gt; xpath: //p//word], [[FirefoxDriver: firefox on LINUX (358f877c-4143-452f-ab4d-589327eb2715)] -&gt; xpath: //p//word], [[FirefoxDriver: firefox on LINUX (358f877c-4143-452f-ab4d-589327eb2715)] -&gt; xpath: //p//word], [[FirefoxDriver: firefox on LINUX (358f877c-4143-452f-ab4d-589327eb2715)] -&gt; xpath: //p//word], [[FirefoxDriver: firefox on LINUX (358f877c-4143-452f-ab4d-589327eb2715)] -&gt; xpath: //p//word], [[FirefoxDriver: firefox on LINUX (358f877c-4143-452f-ab4d-589327eb2715)] -&gt; xpath: //p//word], [[FirefoxDriver: firefox on LINUX (358f877c-4143-452f-ab4d-589327eb2715)] -&gt; xpath: //p//word], [[FirefoxDriver: firefox on LINUX (358f877c-4143-452f-ab4d-589327eb2715)] -&gt; xpath: //p//word], [[FirefoxDriver: firefox on LINUX (358f877c-4143-452f-ab4d-589327eb2715)] -&gt; xpath: //p//word], [[FirefoxDriver: firefox on LINUX (358f877c-4143-452f-ab4d-589327eb2715)] -&gt; xpath: //p//word], [[FirefoxDriver: firefox on LINUX (358f877c-4143-452f-ab4d-589327eb2715)] -&gt; xpath: //p//word], [[FirefoxDriver: firefox on LINUX (358f877c-4143-452f-ab4d-589327eb2715)] -&gt; xpath: //p//word], [[FirefoxDriver: firefox on LINUX (358f877c-4143-452f-ab4d-589327eb2715)] -&gt; xpath: //p//word], [[FirefoxDriver: firefox on LINUX (358f877c-4143-452f-ab4d-589327eb2715)] -&gt; xpath: //p//word], [[FirefoxDriver: firefox on LINUX (358f877c-4143-452f-ab4d-589327eb2715)] -&gt; xpath: //p//word], [[FirefoxDriver: firefox on LINUX (358f877c-4143-452f-ab4d-589327eb2715)] -&gt; xpath: //p//word], [[FirefoxDriver: firefox on LINUX (358f877c-4143-452f-ab4d-589327eb2715)] -&gt; xpath: //p//word], [[FirefoxDriver: firefox on LINUX (358f877c-4143-452f-ab4d-589327eb2715)] -&gt; xpath: //p//word], [[FirefoxDriver: firefox on LINUX (358f877c-4143-452f-ab4d-589327eb2715)] -&gt; xpath: //p//word], [[FirefoxDriver: firefox on LINUX (358f877c-4143-452f-ab4d-589327eb2715)] -&gt; xpath: //p//word], [[FirefoxDriver: firefox on LINUX (358f877c-4143-452f-ab4d-589327eb2715)] -&gt; xpath: //p//word], [[FirefoxDriver: firefox on LINUX (358f877c-4143-452f-ab4d-589327eb2715)] -&gt; xpath: //p//word], [[FirefoxDriver: firefox on LINUX (358f877c-4143-452f-ab4d-589327eb2715)] -&gt; xpath: //p//word], [[FirefoxDriver: firefox on LINUX (358f877c-4143-452f-ab4d-589327eb2715)] -&gt; xpath: //p//word], [[FirefoxDriver: firefox on LINUX (358f877c-4143-452f-ab4d-589327eb2715)] -&gt; xpath: //p//word], [[FirefoxDriver: firefox on LINUX (358f877c-4143-452f-ab4d-589327eb2715)] -&gt; xpath: //p//word], [[FirefoxDriver: firefox on LINUX (358f877c-4143-452f-ab4d-589327eb2715)] -&gt; xpath: //p//word], [[FirefoxDriver: firefox on LINUX (358f877c-4143-452f-ab4d-589327eb2715)] -&gt; xpath: //p//word], [[FirefoxDriver: firefox on LINUX (358f877c-4143-452f-ab4d-589327eb2715)] -&gt; xpath: //p//word], [[FirefoxDriver: firefox on LINUX (358f877c-4143-452f-ab4d-589327eb2715)] -&gt; xpath: //p//word], [[FirefoxDriver: firefox on LINUX (358f877c-4143-452f-ab4d-589327eb2715)] -&gt; xpath: //p//word], [[FirefoxDriver: firefox on LINUX (358f877c-4143-452f-ab4d-589327eb2715)] -&gt; xpath: //p//word], [[FirefoxDriver: firefox on LINUX (358f877c-4143-452f-ab4d-589327eb2715)] -&gt; xpath: //p//word], [[FirefoxDriver: firefox on LINUX (358f877c-4143-452f-ab4d-589327eb2715)] -&gt; xpath: //p//word], [[FirefoxDriver: firefox on LINUX (358f877c-4143-452f-ab4d-589327eb2715)] -&gt; xpath: //p//word], [[FirefoxDriver: firefox on LINUX (358f877c-4143-452f-ab4d-589327eb2715)] -&gt; xpath: //p//word], [[FirefoxDriver: firefox on LINUX (358f877c-4143-452f-ab4d-589327eb2715)] -&gt; xpath: //p//word], [[FirefoxDriver: firefox on LINUX (358f877c-4143-452f-ab4d-589327eb2715)] -&gt; xpath: //p//word], [[FirefoxDriver: firefox on LINUX (358f877c-4143-452f-ab4d-589327eb2715)] -&gt; xpath: //p//word], [[FirefoxDriver: firefox on LINUX (358f877c-4143-452f-ab4d-589327eb2715)] -&gt; xpath: //p//word], [[FirefoxDriver: firefox on LINUX (358f877c-4143-452f-ab4d-589327eb2715)] -&gt; xpath: //p//word], [[FirefoxDriver: firefox on LINUX (358f877c-4143-452f-ab4d-589327eb2715)] -&gt; xpath: //p//word], [[FirefoxDriver: firefox on LINUX (358f877c-4143-452f-ab4d-589327eb2715)] -&gt; xpath: //p//word], [[FirefoxDriver: firefox on LINUX (358f877c-4143-452f-ab4d-589327eb2715)] -&gt; xpath: //p//word], [[FirefoxDriver: firefox on LINUX (358f877c-4143-452f-ab4d-589327eb2715)] -&gt; xpath: //p//word], [[FirefoxDriver: firefox on LINUX (358f877c-4143-452f-ab4d-589327eb2715)] -&gt; xpath: //p//word], [[FirefoxDriver: firefox on LINUX (358f877c-4143-452f-ab4d-589327eb2715)] -&gt; xpath: //p//word], [[FirefoxDriver: firefox on LINUX (358f877c-4143-452f-ab4d-589327eb2715)] -&gt; xpath: //p//word], [[FirefoxDriver: firefox on LINUX (358f877c-4143-452f-ab4d-589327eb2715)] -&gt; xpath: //p//word], [[FirefoxDriver: firefox on LINUX (358f877c-4143-452f-ab4d-589327eb2715)] -&gt; xpath: //p//word], [[FirefoxDriver: firefox on LINUX (358f877c-4143-452f-ab4d-589327eb2715)] -&gt; xpath: //p//word], [[FirefoxDriver: firefox on LINUX (358f877c-4143-452f-ab4d-589327eb2715)] -&gt; xpath: //p//word], [[FirefoxDriver: firefox on LINUX (358f877c-4143-452f-ab4d-589327eb2715)] -&gt; xpath: //p//word], [[FirefoxDriver: firefox on LINUX (358f877c-4143-452f-ab4d-589327eb2715)] -&gt; xpath: //p//word], [[FirefoxDriver: firefox on LINUX (358f877c-4143-452f-ab4d-589327eb2715)] -&gt; xpath: //p//word], [[FirefoxDriver: firefox on LINUX (358f877c-4143-452f-ab4d-589327eb2715)] -&gt; xpath: //p//word], [[FirefoxDriver: firefox on LINUX (358f877c-4143-452f-ab4d-589327eb2715)] -&gt; xpath: //p//word], [[FirefoxDriver: firefox on LINUX (358f877c-4143-452f-ab4d-589327eb2715)] -&gt; xpath: //p//word], [[FirefoxDriver: firefox on LINUX (358f877c-4143-452f-ab4d-589327eb2715)] -&gt; xpath: //p//word], [[FirefoxDriver: firefox on LINUX (358f877c-4143-452f-ab4d-589327eb2715)] -&gt; xpath: //p//word], [[FirefoxDriver: firefox on LINUX (358f877c-4143-452f-ab4d-589327eb2715)] -&gt; xpath: //p//word], [[FirefoxDriver: firefox on LINUX (358f877c-4143-452f-ab4d-589327eb2715)] -&gt; xpath: //p//word], [[FirefoxDriver: firefox on LINUX (358f877c-4143-452f-ab4d-589327eb2715)] -&gt; xpath: //p//word], [[FirefoxDriver: firefox on LINUX (358f877c-4143-452f-ab4d-589327eb2715)] -&gt; xpath: //p//word], [[FirefoxDriver: firefox on LINUX (358f877c-4143-452f-ab4d-589327eb2715)] -&gt; xpath: //p//word], [[FirefoxDriver: firefox on LINUX (358f877c-4143-452f-ab4d-589327eb2715)] -&gt; xpath: //p//word], [[FirefoxDriver: firefox on LINUX (358f877c-4143-452f-ab4d-589327eb2715)] -&gt; xpath: //p//word], [[FirefoxDriver: firefox on LINUX (358f877c-4143-452f-ab4d-589327eb2715)] -&gt; xpath: //p//word], [[FirefoxDriver: firefox on LINUX (358f877c-4143-452f-ab4d-589327eb2715)] -&gt; xpath: //p//word], [[FirefoxDriver: firefox on LINUX (358f877c-4143-452f-ab4d-589327eb2715)] -&gt; xpath: //p//word], [[FirefoxDriver: firefox on LINUX (358f877c-4143-452f-ab4d-589327eb2715)] -&gt; xpath: //p//word], [[FirefoxDriver: firefox on LINUX (358f877c-4143-452f-ab4d-589327eb2715)] -&gt; xpath: //p//word], [[FirefoxDriver: firefox on LINUX (358f877c-4143-452f-ab4d-589327eb2715)] -&gt; xpath: //p//word], [[FirefoxDriver: firefox on LINUX (358f877c-4143-452f-ab4d-589327eb2715)] -&gt; xpath: //p//word], [[FirefoxDriver: firefox on LINUX (358f877c-4143-452f-ab4d-589327eb2715)] -&gt; xpath: //p//word], [[FirefoxDriver: firefox on LINUX (358f877c-4143-452f-ab4d-589327eb2715)] -&gt; xpath: //p//word], [[FirefoxDriver: firefox on LINUX (358f877c-4143-452f-ab4d-589327eb2715)] -&gt; xpath: //p//word], [[FirefoxDriver: firefox on LINUX (358f877c-4143-452f-ab4d-589327eb2715)] -&gt; xpath: //p//word], [[FirefoxDriver: firefox on LINUX (358f877c-4143-452f-ab4d-589327eb2715)] -&gt; xpath: //p//word], [[FirefoxDriver: firefox on LINUX (358f877c-4143-452f-ab4d-589327eb2715)] -&gt; xpath: //p//word], [[FirefoxDriver: firefox on LINUX (358f877c-4143-452f-ab4d-589327eb2715)] -&gt; xpath: //p//word], [[FirefoxDriver: firefox on LINUX (358f877c-4143-452f-ab4d-589327eb2715)] -&gt; xpath: //p//word], [[FirefoxDriver: firefox on LINUX (358f877c-4143-452f-ab4d-589327eb2715)] -&gt; xpath: //p//word], [[FirefoxDriver: firefox on LINUX (358f877c-4143-452f-ab4d-589327eb2715)] -&gt; xpath: //p//word], [[FirefoxDriver: firefox on LINUX (358f877c-4143-452f-ab4d-589327eb2715)] -&gt; xpath: //p//word], [[FirefoxDriver: firefox on LINUX (358f877c-4143-452f-ab4d-589327eb2715)] -&gt; xpath: //p//word], [[FirefoxDriver: firefox on LINUX (358f877c-4143-452f-ab4d-589327eb2715)] -&gt; xpath: //p//word], [[FirefoxDriver: firefox on LINUX (358f877c-4143-452f-ab4d-589327eb2715)] -&gt; xpath: //p//word], [[FirefoxDriver: firefox on LINUX (358f877c-4143-452f-ab4d-589327eb2715)] -&gt; xpath: //p//word], [[FirefoxDriver: firefox on LINUX (358f877c-4143-452f-ab4d-589327eb2715)] -&gt; xpath: //p//word], [[FirefoxDriver: firefox on LINUX (358f877c-4143-452f-ab4d-589327eb2715)] -&gt; xpath: //p//word], [[FirefoxDriver: firefox on LINUX (358f877c-4143-452f-ab4d-589327eb2715)] -&gt; xpath: //p//word], [[FirefoxDriver: firefox on LINUX (358f877c-4143-452f-ab4d-589327eb2715)] -&gt; xpath: //p//word], [[FirefoxDriver: firefox on LINUX (358f877c-4143-452f-ab4d-589327eb2715)] -&gt; xpath: //p//word], [[FirefoxDriver: firefox on LINUX (358f877c-4143-452f-ab4d-589327eb2715)] -&gt; xpath: //p//word], [[FirefoxDriver: firefox on LINUX (358f877c-4143-452f-ab4d-589327eb2715)] -&gt; xpath: //p//word], [[FirefoxDriver: firefox on LINUX (358f877c-4143-452f-ab4d-589327eb2715)] -&gt; xpath: //p//word], [[FirefoxDriver: firefox on LINUX (358f877c-4143-452f-ab4d-589327eb2715)] -&gt; xpath: //p//word], [[FirefoxDriver: firefox on LINUX (358f877c-4143-452f-ab4d-589327eb2715)] -&gt; xpath: //p//word], [[FirefoxDriver: firefox on LINUX (358f877c-4143-452f-ab4d-589327eb2715)] -&gt; xpath: //p//word], [[FirefoxDriver: firefox on LINUX (358f877c-4143-452f-ab4d-589327eb2715)] -&gt; xpath: //p//word], [[FirefoxDriver: firefox on LINUX (358f877c-4143-452f-ab4d-589327eb2715)] -&gt; xpath: //p//word], [[FirefoxDriver: firefox on LINUX (358f877c-4143-452f-ab4d-589327eb2715)] -&gt; xpath: //p//word], [[FirefoxDriver: firefox on LINUX (358f877c-4143-452f-ab4d-589327eb2715)] -&gt; xpath: //p//word], [[FirefoxDriver: firefox on LINUX (358f877c-4143-452f-ab4d-589327eb2715)] -&gt; xpath: //p//word], [[FirefoxDriver: firefox on LINUX (358f877c-4143-452f-ab4d-589327eb2715)] -&gt; xpath: //p//word], [[FirefoxDriver: firefox on LINUX (358f877c-4143-452f-ab4d-589327eb2715)] -&gt; xpath: //p//word], [[FirefoxDriver: firefox on LINUX (358f877c-4143-452f-ab4d-589327eb2715)] -&gt; xpath: //p//word], [[FirefoxDriver: firefox on LINUX (358f877c-4143-452f-ab4d-589327eb2715)] -&gt; xpath: //p//word], [[FirefoxDriver: firefox on LINUX (358f877c-4143-452f-ab4d-589327eb2715)] -&gt; xpath: //p//word], [[FirefoxDriver: firefox on LINUX (358f877c-4143-452f-ab4d-589327eb2715)] -&gt; xpath: //p//word], [[FirefoxDriver: firefox on LINUX (358f877c-4143-452f-ab4d-589327eb2715)] -&gt; xpath: //p//word], [[FirefoxDriver: firefox on LINUX (358f877c-4143-452f-ab4d-589327eb2715)] -&gt; xpath: //p//word], [[FirefoxDriver: firefox on LINUX (358f877c-4143-452f-ab4d-589327eb2715)] -&gt; xpath: //p//word], [[FirefoxDriver: firefox on LINUX (358f877c-4143-452f-ab4d-589327eb2715)] -&gt; xpath: //p//word], [[FirefoxDriver: firefox on LINUX (358f877c-4143-452f-ab4d-589327eb2715)] -&gt; xpath: //p//word], [[FirefoxDriver: firefox on LINUX (358f877c-4143-452f-ab4d-589327eb2715)] -&gt; xpath: //p//word], [[FirefoxDriver: firefox on LINUX (358f877c-4143-452f-ab4d-589327eb2715)] -&gt; xpath: //p//word], [[FirefoxDriver: firefox on LINUX (358f877c-4143-452f-ab4d-589327eb2715)] -&gt; xpath: //p//word], [[FirefoxDriver: firefox on LINUX (358f877c-4143-452f-ab4d-589327eb2715)] -&gt; xpath: //p//word], [[FirefoxDriver: firefox on LINUX (358f877c-4143-452f-ab4d-589327eb2715)] -&gt; xpath: //p//word], [[FirefoxDriver: firefox on LINUX (358f877c-4143-452f-ab4d-589327eb2715)] -&gt; xpath: //p//word], [[FirefoxDriver: firefox on LINUX (358f877c-4143-452f-ab4d-589327eb2715)] -&gt; xpath: //p//word], [[FirefoxDriver: firefox on LINUX (358f877c-4143-452f-ab4d-589327eb2715)] -&gt; xpath: //p//word], [[FirefoxDriver: firefox on LINUX (358f877c-4143-452f-ab4d-589327eb2715)] -&gt; xpath: //p//word], [[FirefoxDriver: firefox on LINUX (358f877c-4143-452f-ab4d-589327eb2715)] -&gt; xpath: //p//word], [[FirefoxDriver: firefox on LINUX (358f877c-4143-452f-ab4d-589327eb2715)] -&gt; xpath: //p//word], [[FirefoxDriver: firefox on LINUX (358f877c-4143-452f-ab4d-589327eb2715)] -&gt; xpath: //p//word], [[FirefoxDriver: firefox on LINUX (358f877c-4143-452f-ab4d-589327eb2715)] -&gt; xpath: //p//word], [[FirefoxDriver: firefox on LINUX (358f877c-4143-452f-ab4d-589327eb2715)] -&gt; xpath: //p//word], [[FirefoxDriver: firefox on LINUX (358f877c-4143-452f-ab4d-589327eb2715)] -&gt; xpath: //p//word], [[FirefoxDriver: firefox on LINUX (358f877c-4143-452f-ab4d-589327eb2715)] -&gt; xpath: //p//word], [[FirefoxDriver: firefox on LINUX (358f877c-4143-452f-ab4d-589327eb2715)] -&gt; xpath: //p//word], [[FirefoxDriver: firefox on LINUX (358f877c-4143-452f-ab4d-589327eb2715)] -&gt; xpath: //p//word], [[FirefoxDriver: firefox on LINUX (358f877c-4143-452f-ab4d-589327eb2715)] -&gt; xpath: //p//word], [[FirefoxDriver: firefox on LINUX (358f877c-4143-452f-ab4d-589327eb2715)] -&gt; xpath: //p//word], [[FirefoxDriver: firefox on LINUX (358f877c-4143-452f-ab4d-589327eb2715)] -&gt; xpath: //p//word], [[FirefoxDriver: firefox on LINUX (358f877c-4143-452f-ab4d-589327eb2715)] -&gt; xpath: //p//word], [[FirefoxDriver: firefox on LINUX (358f877c-4143-452f-ab4d-589327eb2715)] -&gt; xpath: //p//word], [[FirefoxDriver: firefox on LINUX (358f877c-4143-452f-ab4d-589327eb2715)] -&gt; xpath: //p//word], [[FirefoxDriver: firefox on LINUX (358f877c-4143-452f-ab4d-589327eb2715)] -&gt; xpath: //p//word], [[FirefoxDriver: firefox on LINUX (358f877c-4143-452f-ab4d-589327eb2715)] -&gt; xpath: //p//word], [[FirefoxDriver: firefox on LINUX (358f877c-4143-452f-ab4d-589327eb2715)] -&gt; xpath: //p//word], [[FirefoxDriver: firefox on LINUX (358f877c-4143-452f-ab4d-589327eb2715)] -&gt; xpath: //p//word], [[FirefoxDriver: firefox on LINUX (358f877c-4143-452f-ab4d-589327eb2715)] -&gt; xpath: //p//word], [[FirefoxDriver: firefox on LINUX (358f877c-4143-452f-ab4d-589327eb2715)] -&gt; xpath: //p//word], [[FirefoxDriver: firefox on LINUX (358f877c-4143-452f-ab4d-589327eb2715)] -&gt; xpath: //p//word], [[FirefoxDriver: firefox on LINUX (358f877c-4143-452f-ab4d-589327eb2715)] -&gt; xpath: //p//word], [[FirefoxDriver: firefox on LINUX (358f877c-4143-452f-ab4d-589327eb2715)] -&gt; xpath: //p//word], [[FirefoxDriver: firefox on LINUX (358f877c-4143-452f-ab4d-589327eb2715)] -&gt; xpath: //p//word], [[FirefoxDriver: firefox on LINUX (358f877c-4143-452f-ab4d-589327eb2715)] -&gt; xpath: //p//word], [[FirefoxDriver: firefox on LINUX (358f877c-4143-452f-ab4d-589327eb2715)] -&gt; xpath: //p//word], [[FirefoxDriver: firefox on LINUX (358f877c-4143-452f-ab4d-589327eb2715)] -&gt; xpath: //p//word], [[FirefoxDriver: firefox on LINUX (358f877c-4143-452f-ab4d-589327eb2715)] -&gt; xpath: //p//word], [[FirefoxDriver: firefox on LINUX (358f877c-4143-452f-ab4d-589327eb2715)] -&gt; xpath: //p//word], [[FirefoxDriver: firefox on LINUX (358f877c-4143-452f-ab4d-589327eb2715)] -&gt; xpath: //p//word], [[FirefoxDriver: firefox on LINUX (358f877c-4143-452f-ab4d-589327eb2715)] -&gt; xpath: //p//word], [[FirefoxDriver: firefox on LINUX (358f877c-4143-452f-ab4d-589327eb2715)] -&gt; xpath: //p//word], [[FirefoxDriver: firefox on LINUX (358f877c-4143-452f-ab4d-589327eb2715)] -&gt; xpath: //p//word], [[FirefoxDriver: firefox on LINUX (358f877c-4143-452f-ab4d-589327eb2715)] -&gt; xpath: //p//word], [[FirefoxDriver: firefox on LINUX (358f877c-4143-452f-ab4d-589327eb2715)] -&gt; xpath: //p//word], [[FirefoxDriver: firefox on LINUX (358f877c-4143-452f-ab4d-589327eb2715)] -&gt; xpath: //p//word], [[FirefoxDriver: firefox on LINUX (358f877c-4143-452f-ab4d-589327eb2715)] -&gt; xpath: //p//word], [[FirefoxDriver: firefox on LINUX (358f877c-4143-452f-ab4d-589327eb2715)] -&gt; xpath: //p//word], [[FirefoxDriver: firefox on LINUX (358f877c-4143-452f-ab4d-589327eb2715)] -&gt; xpath: //p//word], [[FirefoxDriver: firefox on LINUX (358f877c-4143-452f-ab4d-589327eb2715)] -&gt; xpath: //p//word], [[FirefoxDriver: firefox on LINUX (358f877c-4143-452f-ab4d-589327eb2715)] -&gt; xpath: //p//word], [[FirefoxDriver: firefox on LINUX (358f877c-4143-452f-ab4d-589327eb2715)] -&gt; xpath: //p//word], [[FirefoxDriver: firefox on LINUX (358f877c-4143-452f-ab4d-589327eb2715)] -&gt; xpath: //p//word], [[FirefoxDriver: firefox on LINUX (358f877c-4143-452f-ab4d-589327eb2715)] -&gt; xpath: //p//word], [[FirefoxDriver: firefox on LINUX (358f877c-4143-452f-ab4d-589327eb2715)] -&gt; xpath: //p//word], [[FirefoxDriver: firefox on LINUX (358f877c-4143-452f-ab4d-589327eb2715)] -&gt; xpath: //p//word], [[FirefoxDriver: firefox on LINUX (358f877c-4143-452f-ab4d-589327eb2715)] -&gt; xpath: //p//word], [[FirefoxDriver: firefox on LINUX (358f877c-4143-452f-ab4d-589327eb2715)] -&gt; xpath: //p//word], [[FirefoxDriver: firefox on LINUX (358f877c-4143-452f-ab4d-589327eb2715)] -&gt; xpath: //p//word], [[FirefoxDriver: firefox on LINUX (358f877c-4143-452f-ab4d-589327eb2715)] -&gt; xpath: //p//word], [[FirefoxDriver: firefox on LINUX (358f877c-4143-452f-ab4d-589327eb2715)] -&gt; xpath: //p//word], [[FirefoxDriver: firefox on LINUX (358f877c-4143-452f-ab4d-589327eb2715)] -&gt; xpath: //p//word], [[FirefoxDriver: firefox on LINUX (358f877c-4143-452f-ab4d-589327eb2715)] -&gt; xpath: //p//word], [[FirefoxDriver: firefox on LINUX (358f877c-4143-452f-ab4d-589327eb2715)] -&gt; xpath: //p//word], [[FirefoxDriver: firefox on LINUX (358f877c-4143-452f-ab4d-589327eb2715)] -&gt; xpath: //p//word], [[FirefoxDriver: firefox on LINUX (358f877c-4143-452f-ab4d-589327eb2715)] -&gt; xpath: //p//word], [[FirefoxDriver: firefox on LINUX (358f877c-4143-452f-ab4d-589327eb2715)] -&gt; xpath: //p//word], [[FirefoxDriver: firefox on LINUX (358f877c-4143-452f-ab4d-589327eb2715)] -&gt; xpath: //p//word], [[FirefoxDriver: firefox on LINUX (358f877c-4143-452f-ab4d-589327eb2715)] -&gt; xpath: //p//word], [[FirefoxDriver: firefox on LINUX (358f877c-4143-452f-ab4d-589327eb2715)] -&gt; xpath: //p//word], [[FirefoxDriver: firefox on LINUX (358f877c-4143-452f-ab4d-589327eb2715)] -&gt; xpath: //p//word], [[FirefoxDriver: firefox on LINUX (358f877c-4143-452f-ab4d-589327eb2715)] -&gt; xpath: //p//word], [[FirefoxDriver: firefox on LINUX (358f877c-4143-452f-ab4d-589327eb2715)] -&gt; xpath: //p//word], [[FirefoxDriver: firefox on LINUX (358f877c-4143-452f-ab4d-589327eb2715)] -&gt; xpath: //p//word], [[FirefoxDriver: firefox on LINUX (358f877c-4143-452f-ab4d-589327eb2715)] -&gt; xpath: //p//word], [[FirefoxDriver: firefox on LINUX (358f877c-4143-452f-ab4d-589327eb2715)] -&gt; xpath: //p//word], [[FirefoxDriver: firefox on LINUX (358f877c-4143-452f-ab4d-589327eb2715)] -&gt; xpath: //p//word], [[FirefoxDriver: firefox on LINUX (358f877c-4143-452f-ab4d-589327eb2715)] -&gt; xpath: //p//word], [[FirefoxDriver: firefox on LINUX (358f877c-4143-452f-ab4d-589327eb2715)] -&gt; xpath: //p//word], [[FirefoxDriver: firefox on LINUX (358f877c-4143-452f-ab4d-589327eb2715)] -&gt; xpath: //p//word], [[FirefoxDriver: firefox on LINUX (358f877c-4143-452f-ab4d-589327eb2715)] -&gt; xpath: //p//word], [[FirefoxDriver: firefox on LINUX (358f877c-4143-452f-ab4d-589327eb2715)] -&gt; xpath: //p//word], [[FirefoxDriver: firefox on LINUX (358f877c-4143-452f-ab4d-589327eb2715)] -&gt; xpath: //p//word], [[FirefoxDriver: firefox on LINUX (358f877c-4143-452f-ab4d-589327eb2715)] -&gt; xpath: //p//word], [[FirefoxDriver: firefox on LINUX (358f877c-4143-452f-ab4d-589327eb2715)] -&gt; xpath: //p//word], [[FirefoxDriver: firefox on LINUX (358f877c-4143-452f-ab4d-589327eb2715)] -&gt; xpath: //p//word], [[FirefoxDriver: firefox on LINUX (358f877c-4143-452f-ab4d-589327eb2715)] -&gt; xpath: //p//word], [[FirefoxDriver: firefox on LINUX (358f877c-4143-452f-ab4d-589327eb2715)] -&gt; xpath: //p//word], [[FirefoxDriver: firefox on LINUX (358f877c-4143-452f-ab4d-589327eb2715)] -&gt; xpath: //p//word], [[FirefoxDriver: firefox on LINUX (358f877c-4143-452f-ab4d-589327eb2715)] -&gt; xpath: //p//word], [[FirefoxDriver: firefox on LINUX (358f877c-4143-452f-ab4d-589327eb2715)] -&gt; xpath: //p//word], [[FirefoxDriver: firefox on LINUX (358f877c-4143-452f-ab4d-589327eb2715)] -&gt; xpath: //p//word], [[FirefoxDriver: firefox on LINUX (358f877c-4143-452f-ab4d-589327eb2715)] -&gt; xpath: //p//word], [[FirefoxDriver: firefox on LINUX (358f877c-4143-452f-ab4d-589327eb2715)] -&gt; xpath: //p//word], [[FirefoxDriver: firefox on LINUX (358f877c-4143-452f-ab4d-589327eb2715)] -&gt; xpath: //p//word], [[FirefoxDriver: firefox on LINUX (358f877c-4143-452f-ab4d-589327eb2715)] -&gt; xpath: //p//word], [[FirefoxDriver: firefox on LINUX (358f877c-4143-452f-ab4d-589327eb2715)] -&gt; xpath: //p//word], [[FirefoxDriver: firefox on LINUX (358f877c-4143-452f-ab4d-589327eb2715)] -&gt; xpath: //p//word], [[FirefoxDriver: firefox on LINUX (358f877c-4143-452f-ab4d-589327eb2715)] -&gt; xpath: //p//word], [[FirefoxDriver: firefox on LINUX (358f877c-4143-452f-ab4d-589327eb2715)] -&gt; xpath: //p//word], [[FirefoxDriver: firefox on LINUX (358f877c-4143-452f-ab4d-589327eb2715)] -&gt; xpath: //p//word], [[FirefoxDriver: firefox on LINUX (358f877c-4143-452f-ab4d-589327eb2715)] -&gt; xpath: //p//word], [[FirefoxDriver: firefox on LINUX (358f877c-4143-452f-ab4d-589327eb2715)] -&gt; xpath: //p//word], [[FirefoxDriver: firefox on LINUX (358f877c-4143-452f-ab4d-589327eb2715)] -&gt; xpath: //p//word], [[FirefoxDriver: firefox on LINUX (358f877c-4143-452f-ab4d-589327eb2715)] -&gt; xpath: //p//word], [[FirefoxDriver: firefox on LINUX (358f877c-4143-452f-ab4d-589327eb2715)] -&gt; xpath: //p//word], [[FirefoxDriver: firefox on LINUX (358f877c-4143-452f-ab4d-589327eb2715)] -&gt; xpath: //p//word], [[FirefoxDriver: firefox on LINUX (358f877c-4143-452f-ab4d-589327eb2715)] -&gt; xpath: //p//word], [[FirefoxDriver: firefox on LINUX (358f877c-4143-452f-ab4d-589327eb2715)] -&gt; xpath: //p//word], [[FirefoxDriver: firefox on LINUX (358f877c-4143-452f-ab4d-589327eb2715)] -&gt; xpath: //p//word], [[FirefoxDriver: firefox on LINUX (358f877c-4143-452f-ab4d-589327eb2715)] -&gt; xpath: //p//word], [[FirefoxDriver: firefox on LINUX (358f877c-4143-452f-ab4d-589327eb2715)] -&gt; xpath: //p//word], [[FirefoxDriver: firefox on LINUX (358f877c-4143-452f-ab4d-589327eb2715)] -&gt; xpath: //p//word], [[FirefoxDriver: firefox on LINUX (358f877c-4143-452f-ab4d-589327eb2715)] -&gt; xpath: //p//word], [[FirefoxDriver: firefox on LINUX (358f877c-4143-452f-ab4d-589327eb2715)] -&gt; xpath: //p//word], [[FirefoxDriver: firefox on LINUX (358f877c-4143-452f-ab4d-589327eb2715)] -&gt; xpath: //p//word], [[FirefoxDriver: firefox on LINUX (358f877c-4143-452f-ab4d-589327eb2715)] -&gt; xpath: //p//word], [[FirefoxDriver: firefox on LINUX (358f877c-4143-452f-ab4d-589327eb2715)] -&gt; xpath: //p//word], [[FirefoxDriver: firefox on LINUX (358f877c-4143-452f-ab4d-589327eb2715)] -&gt; xpath: //p//word], [[FirefoxDriver: firefox on LINUX (358f877c-4143-452f-ab4d-589327eb2715)] -&gt; xpath: //p//word], [[FirefoxDriver: firefox on LINUX (358f877c-4143-452f-ab4d-589327eb2715)] -&gt; xpath: //p//word], [[FirefoxDriver: firefox on LINUX (358f877c-4143-452f-ab4d-589327eb2715)] -&gt; xpath: //p//word], [[FirefoxDriver: firefox on LINUX (358f877c-4143-452f-ab4d-589327eb2715)] -&gt; xpath: //p//word], [[FirefoxDriver: firefox on LINUX (358f877c-4143-452f-ab4d-589327eb2715)] -&gt; xpath: //p//word], [[FirefoxDriver: firefox on LINUX (358f877c-4143-452f-ab4d-589327eb2715)] -&gt; xpath: //p//word], [[FirefoxDriver: firefox on LINUX (358f877c-4143-452f-ab4d-589327eb2715)] -&gt; xpath: //p//word], [[FirefoxDriver: firefox on LINUX (358f877c-4143-452f-ab4d-589327eb2715)] -&gt; xpath: //p//word], [[FirefoxDriver: firefox on LINUX (358f877c-4143-452f-ab4d-589327eb2715)] -&gt; xpath: //p//word], [[FirefoxDriver: firefox on LINUX (358f877c-4143-452f-ab4d-589327eb2715)] -&gt; xpath: //p//word], [[FirefoxDriver: firefox on LINUX (358f877c-4143-452f-ab4d-589327eb2715)] -&gt; xpath: //p//word], [[FirefoxDriver: firefox on LINUX (358f877c-4143-452f-ab4d-589327eb2715)] -&gt; xpath: //p//word], [[FirefoxDriver: firefox on LINUX (358f877c-4143-452f-ab4d-589327eb2715)] -&gt; xpath: //p//word], [[FirefoxDriver: firefox on LINUX (358f877c-4143-452f-ab4d-589327eb2715)] -&gt; xpath: //p//word], [[FirefoxDriver: firefox on LINUX (358f877c-4143-452f-ab4d-589327eb2715)] -&gt; xpath: //p//word], [[FirefoxDriver: firefox on LINUX (358f877c-4143-452f-ab4d-589327eb2715)] -&gt; xpath: //p//word], [[FirefoxDriver: firefox on LINUX (358f877c-4143-452f-ab4d-589327eb2715)] -&gt; xpath: //p//word], [[FirefoxDriver: firefox on LINUX (358f877c-4143-452f-ab4d-589327eb2715)] -&gt; xpath: //p//word], [[FirefoxDriver: firefox on LINUX (358f877c-4143-452f-ab4d-589327eb2715)] -&gt; xpath: //p//word], [[FirefoxDriver: firefox on LINUX (358f877c-4143-452f-ab4d-589327eb2715)] -&gt; xpath: //p//word], [[FirefoxDriver: firefox on LINUX (358f877c-4143-452f-ab4d-589327eb2715)] -&gt; xpath: //p//word], [[FirefoxDriver: firefox on LINUX (358f877c-4143-452f-ab4d-589327eb2715)] -&gt; xpath: //p//word], [[FirefoxDriver: firefox on LINUX (358f877c-4143-452f-ab4d-589327eb2715)] -&gt; xpath: //p//word], [[FirefoxDriver: firefox on LINUX (358f877c-4143-452f-ab4d-589327eb2715)] -&gt; xpath: //p//word], [[FirefoxDriver: firefox on LINUX (358f877c-4143-452f-ab4d-589327eb2715)] -&gt; xpath: //p//word], [[FirefoxDriver: firefox on LINUX (358f877c-4143-452f-ab4d-589327eb2715)] -&gt; xpath: //p//word], [[FirefoxDriver: firefox on LINUX (358f877c-4143-452f-ab4d-589327eb2715)] -&gt; xpath: //p//word], [[FirefoxDriver: firefox on LINUX (358f877c-4143-452f-ab4d-589327eb2715)] -&gt; xpath: //p//word], [[FirefoxDriver: firefox on LINUX (358f877c-4143-452f-ab4d-589327eb2715)] -&gt; xpath: //p//word], [[FirefoxDriver: firefox on LINUX (358f877c-4143-452f-ab4d-589327eb2715)] -&gt; xpath: //p//word], [[FirefoxDriver: firefox on LINUX (358f877c-4143-452f-ab4d-589327eb2715)] -&gt; xpath: //p//word], [[FirefoxDriver: firefox on LINUX (358f877c-4143-452f-ab4d-589327eb2715)] -&gt; xpath: //p//word], [[FirefoxDriver: firefox on LINUX (358f877c-4143-452f-ab4d-589327eb2715)] -&gt; xpath: //p//word], [[FirefoxDriver: firefox on LINUX (358f877c-4143-452f-ab4d-589327eb2715)] -&gt; xpath: //p//word], [[FirefoxDriver: firefox on LINUX (358f877c-4143-452f-ab4d-589327eb2715)] -&gt; xpath: //p//word], [[FirefoxDriver: firefox on LINUX (358f877c-4143-452f-ab4d-589327eb2715)] -&gt; xpath: //p//word], [[FirefoxDriver: firefox on LINUX (358f877c-4143-452f-ab4d-589327eb2715)] -&gt; xpath: //p//word], [[FirefoxDriver: firefox on LINUX (358f877c-4143-452f-ab4d-589327eb2715)] -&gt; xpath: //p//word], [[FirefoxDriver: firefox on LINUX (358f877c-4143-452f-ab4d-589327eb2715)] -&gt; xpath: //p//word], [[FirefoxDriver: firefox on LINUX (358f877c-4143-452f-ab4d-589327eb2715)] -&gt; xpath: //p//word], [[FirefoxDriver: firefox on LINUX (358f877c-4143-452f-ab4d-589327eb2715)] -&gt; xpath: //p//word], [[FirefoxDriver: firefox on LINUX (358f877c-4143-452f-ab4d-589327eb2715)] -&gt; xpath: //p//word], [[FirefoxDriver: firefox on LINUX (358f877c-4143-452f-ab4d-589327eb2715)] -&gt; xpath: //p//word], [[FirefoxDriver: firefox on LINUX (358f877c-4143-452f-ab4d-589327eb2715)] -&gt; xpath: //p//word], [[FirefoxDriver: firefox on LINUX (358f877c-4143-452f-ab4d-589327eb2715)] -&gt; xpath: //p//word], [[FirefoxDriver: firefox on LINUX (358f877c-4143-452f-ab4d-589327eb2715)] -&gt; xpath: //p//word], [[FirefoxDriver: firefox on LINUX (358f877c-4143-452f-ab4d-589327eb2715)] -&gt; xpath: //p//word], [[FirefoxDriver: firefox on LINUX (358f877c-4143-452f-ab4d-589327eb2715)] -&gt; xpath: //p//word], [[FirefoxDriver: firefox on LINUX (358f877c-4143-452f-ab4d-589327eb2715)] -&gt; xpath: //p//word], [[FirefoxDriver: firefox on LINUX (358f877c-4143-452f-ab4d-589327eb2715)] -&gt; xpath: //p//word], [[FirefoxDriver: firefox on LINUX (358f877c-4143-452f-ab4d-589327eb2715)] -&gt; xpath: //p//word], [[FirefoxDriver: firefox on LINUX (358f877c-4143-452f-ab4d-589327eb2715)] -&gt; xpath: //p//word], [[FirefoxDriver: firefox on LINUX (358f877c-4143-452f-ab4d-589327eb2715)] -&gt; xpath: //p//word], [[FirefoxDriver: firefox on LINUX (358f877c-4143-452f-ab4d-589327eb2715)] -&gt; xpath: //p//word], [[FirefoxDriver: firefox on LINUX (358f877c-4143-452f-ab4d-589327eb2715)] -&gt; xpath: //p//word], [[FirefoxDriver: firefox on LINUX (358f877c-4143-452f-ab4d-589327eb2715)] -&gt; xpath: //p//word], [[FirefoxDriver: firefox on LINUX (358f877c-4143-452f-ab4d-589327eb2715)] -&gt; xpath: //p//word], [[FirefoxDriver: firefox on LINUX (358f877c-4143-452f-ab4d-589327eb2715)] -&gt; xpath: //p//word], [[FirefoxDriver: firefox on LINUX (358f877c-4143-452f-ab4d-589327eb2715)] -&gt; xpath: //p//word], [[FirefoxDriver: firefox on LINUX (358f877c-4143-452f-ab4d-589327eb2715)] -&gt; xpath: //p//word], [[FirefoxDriver: firefox on LINUX (358f877c-4143-452f-ab4d-589327eb2715)] -&gt; xpath: //p//word], [[FirefoxDriver: firefox on LINUX (358f877c-4143-452f-ab4d-589327eb2715)] -&gt; xpath: //p//word], [[FirefoxDriver: firefox on LINUX (358f877c-4143-452f-ab4d-589327eb2715)] -&gt; xpath: //p//word], [[FirefoxDriver: firefox on LINUX (358f877c-4143-452f-ab4d-589327eb2715)] -&gt; xpath: //p//word], [[FirefoxDriver: firefox on LINUX (358f877c-4143-452f-ab4d-589327eb2715)] -&gt; xpath: //p//word], [[FirefoxDriver: firefox on LINUX (358f877c-4143-452f-ab4d-589327eb2715)] -&gt; xpath: //p//word], [[FirefoxDriver: firefox on LINUX (358f877c-4143-452f-ab4d-589327eb2715)] -&gt; xpath: //p//word], [[FirefoxDriver: firefox on LINUX (358f877c-4143-452f-ab4d-589327eb2715)] -&gt; xpath: //p//word], [[FirefoxDriver: firefox on LINUX (358f877c-4143-452f-ab4d-589327eb2715)] -&gt; xpath: //p//word], [[FirefoxDriver: firefox on LINUX (358f877c-4143-452f-ab4d-589327eb2715)] -&gt; xpath: //p//word], [[FirefoxDriver: firefox on LINUX (358f877c-4143-452f-ab4d-589327eb2715)] -&gt; xpath: //p//word], [[FirefoxDriver: firefox on LINUX (358f877c-4143-452f-ab4d-589327eb2715)] -&gt; xpath: //p//word], [[FirefoxDriver: firefox on LINUX (358f877c-4143-452f-ab4d-589327eb2715)] -&gt; xpath: //p//word], [[FirefoxDriver: firefox on LINUX (358f877c-4143-452f-ab4d-589327eb2715)] -&gt; xpath: //p//word], [[FirefoxDriver: firefox on LINUX (358f877c-4143-452f-ab4d-589327eb2715)] -&gt; xpath: //p//word], [[FirefoxDriver: firefox on LINUX (358f877c-4143-452f-ab4d-589327eb2715)] -&gt; xpath: //p//word], [[FirefoxDriver: firefox on LINUX (358f877c-4143-452f-ab4d-589327eb2715)] -&gt; xpath: //p//word], [[FirefoxDriver: firefox on LINUX (358f877c-4143-452f-ab4d-589327eb2715)] -&gt; xpath: //p//word], [[FirefoxDriver: firefox on LINUX (358f877c-4143-452f-ab4d-589327eb2715)] -&gt; xpath: //p//word], [[FirefoxDriver: firefox on LINUX (358f877c-4143-452f-ab4d-589327eb2715)] -&gt; xpath: //p//word], [[FirefoxDriver: firefox on LINUX (358f877c-4143-452f-ab4d-589327eb2715)] -&gt; xpath: //p//word], [[FirefoxDriver: firefox on LINUX (358f877c-4143-452f-ab4d-589327eb2715)] -&gt; xpath: //p//word], [[FirefoxDriver: firefox on LINUX (358f877c-4143-452f-ab4d-589327eb2715)] -&gt; xpath: //p//word], [[FirefoxDriver: firefox on LINUX (358f877c-4143-452f-ab4d-589327eb2715)] -&gt; xpath: //p//word], [[FirefoxDriver: firefox on LINUX (358f877c-4143-452f-ab4d-589327eb2715)] -&gt; xpath: //p//word], [[FirefoxDriver: firefox on LINUX (358f877c-4143-452f-ab4d-589327eb2715)] -&gt; xpath: //p//word], [[FirefoxDriver: firefox on LINUX (358f877c-4143-452f-ab4d-589327eb2715)] -&gt; xpath: //p//word], [[FirefoxDriver: firefox on LINUX (358f877c-4143-452f-ab4d-589327eb2715)] -&gt; xpath: //p//word], [[FirefoxDriver: firefox on LINUX (358f877c-4143-452f-ab4d-589327eb2715)] -&gt; xpath: //p//word], [[FirefoxDriver: firefox on LINUX (358f877c-4143-452f-ab4d-589327eb2715)] -&gt; xpath: //p//word], [[FirefoxDriver: firefox on LINUX (358f877c-4143-452f-ab4d-589327eb2715)] -&gt; xpath: //p//word], [[FirefoxDriver: firefox on LINUX (358f877c-4143-452f-ab4d-589327eb2715)] -&gt; xpath: //p//word], [[FirefoxDriver: firefox on LINUX (358f877c-4143-452f-ab4d-589327eb2715)] -&gt; xpath: //p//word], [[FirefoxDriver: firefox on LINUX (358f877c-4143-452f-ab4d-589327eb2715)] -&gt; xpath: //p//word], [[FirefoxDriver: firefox on LINUX (358f877c-4143-452f-ab4d-589327eb2715)] -&gt; xpath: //p//word], [[FirefoxDriver: firefox on LINUX (358f877c-4143-452f-ab4d-589327eb2715)] -&gt; xpath: //p//word], [[FirefoxDriver: firefox on LINUX (358f877c-4143-452f-ab4d-589327eb2715)] -&gt; xpath: //p//word], [[FirefoxDriver: firefox on LINUX (358f877c-4143-452f-ab4d-589327eb2715)] -&gt; xpath: //p//word], [[FirefoxDriver: firefox on LINUX (358f877c-4143-452f-ab4d-589327eb2715)] -&gt; xpath: //p//word], [[FirefoxDriver: firefox on LINUX (358f877c-4143-452f-ab4d-589327eb2715)] -&gt; xpath: //p//word], [[FirefoxDriver: firefox on LINUX (358f877c-4143-452f-ab4d-589327eb2715)] -&gt; xpath: //p//word], [[FirefoxDriver: firefox on LINUX (358f877c-4143-452f-ab4d-589327eb2715)] -&gt; xpath: //p//word], [[FirefoxDriver: firefox on LINUX (358f877c-4143-452f-ab4d-589327eb2715)] -&gt; xpath: //p//word], [[FirefoxDriver: firefox on LINUX (358f877c-4143-452f-ab4d-589327eb2715)] -&gt; xpath: //p//word], [[FirefoxDriver: firefox on LINUX (358f877c-4143-452f-ab4d-589327eb2715)] -&gt; xpath: //p//word], [[FirefoxDriver: firefox on LINUX (358f877c-4143-452f-ab4d-589327eb2715)] -&gt; xpath: //p//word], [[FirefoxDriver: firefox on LINUX (358f877c-4143-452f-ab4d-589327eb2715)] -&gt; xpath: //p//word], [[FirefoxDriver: firefox on LINUX (358f877c-4143-452f-ab4d-589327eb2715)] -&gt; xpath: //p//word], [[FirefoxDriver: firefox on LINUX (358f877c-4143-452f-ab4d-589327eb2715)] -&gt; xpath: //p//word], [[FirefoxDriver: firefox on LINUX (358f877c-4143-452f-ab4d-589327eb2715)] -&gt; xpath: //p//word], [[FirefoxDriver: firefox on LINUX (358f877c-4143-452f-ab4d-589327eb2715)] -&gt; xpath: //p//word], [[FirefoxDriver: firefox on LINUX (358f877c-4143-452f-ab4d-589327eb2715)] -&gt; xpath: //p//word], [[FirefoxDriver: firefox on LINUX (358f877c-4143-452f-ab4d-589327eb2715)] -&gt; xpath: //p//word], [[FirefoxDriver: firefox on LINUX (358f877c-4143-452f-ab4d-589327eb2715)] -&gt; xpath: //p//word], [[FirefoxDriver: firefox on LINUX (358f877c-4143-452f-ab4d-589327eb2715)] -&gt; xpath: //p//word], [[FirefoxDriver: firefox on LINUX (358f877c-4143-452f-ab4d-589327eb2715)] -&gt; xpath: //p//word], [[FirefoxDriver: firefox on LINUX (358f877c-4143-452f-ab4d-589327eb2715)] -&gt; xpath: //p//word], [[FirefoxDriver: firefox on LINUX (358f877c-4143-452f-ab4d-589327eb2715)] -&gt; xpath: //p//word], [[FirefoxDriver: firefox on LINUX (358f877c-4143-452f-ab4d-589327eb2715)] -&gt; xpath: //p//word], [[FirefoxDriver: firefox on LINUX (358f877c-4143-452f-ab4d-589327eb2715)] -&gt; xpath: //p//word], [[FirefoxDriver: firefox on LINUX (358f877c-4143-452f-ab4d-589327eb2715)] -&gt; xpath: //p//word], [[FirefoxDriver: firefox on LINUX (358f877c-4143-452f-ab4d-589327eb2715)] -&gt; xpath: //p//word], [[FirefoxDriver: firefox on LINUX (358f877c-4143-452f-ab4d-589327eb2715)] -&gt; xpath: //p//word], [[FirefoxDriver: firefox on LINUX (358f877c-4143-452f-ab4d-589327eb2715)] -&gt; xpath: //p//word], [[FirefoxDriver: firefox on LINUX (358f877c-4143-452f-ab4d-589327eb2715)] -&gt; xpath: //p//word], [[FirefoxDriver: firefox on LINUX (358f877c-4143-452f-ab4d-589327eb2715)] -&gt; xpath: //p//word], [[FirefoxDriver: firefox on LINUX (358f877c-4143-452f-ab4d-589327eb2715)] -&gt; xpath: //p//word], [[FirefoxDriver: firefox on LINUX (358f877c-4143-452f-ab4d-589327eb2715)] -&gt; xpath: //p//word], [[FirefoxDriver: firefox on LINUX (358f877c-4143-452f-ab4d-589327eb2715)] -&gt; xpath: //p//word], [[FirefoxDriver: firefox on LINUX (358f877c-4143-452f-ab4d-589327eb2715)] -&gt; xpath: //p//word], [[FirefoxDriver: firefox on LINUX (358f877c-4143-452f-ab4d-589327eb2715)] -&gt; xpath: //p//word], [[FirefoxDriver: firefox on LINUX (358f877c-4143-452f-ab4d-589327eb2715)] -&gt; xpath: //p//word], [[FirefoxDriver: firefox on LINUX (358f877c-4143-452f-ab4d-589327eb2715)] -&gt; xpath: //p//word], [[FirefoxDriver: firefox on LINUX (358f877c-4143-452f-ab4d-589327eb2715)] -&gt; xpath: //p//word], [[FirefoxDriver: firefox on LINUX (358f877c-4143-452f-ab4d-589327eb2715)] -&gt; xpath: //p//word], [[FirefoxDriver: firefox on LINUX (358f877c-4143-452f-ab4d-589327eb2715)] -&gt; xpath: //p//word], [[FirefoxDriver: firefox on LINUX (358f877c-4143-452f-ab4d-589327eb2715)] -&gt; xpath: //p//word], [[FirefoxDriver: firefox on LINUX (358f877c-4143-452f-ab4d-589327eb2715)] -&gt; xpath: //p//word], [[FirefoxDriver: firefox on LINUX (358f877c-4143-452f-ab4d-589327eb2715)] -&gt; xpath: //p//word], [[FirefoxDriver: firefox on LINUX (358f877c-4143-452f-ab4d-589327eb2715)] -&gt; xpath: //p//word], [[FirefoxDriver: firefox on LINUX (358f877c-4143-452f-ab4d-589327eb2715)] -&gt; xpath: //p//word], [[FirefoxDriver: firefox on LINUX (358f877c-4143-452f-ab4d-589327eb2715)] -&gt; xpath: //p//word], [[FirefoxDriver: firefox on LINUX (358f877c-4143-452f-ab4d-589327eb2715)] -&gt; xpath: //p//word], [[FirefoxDriver: firefox on LINUX (358f877c-4143-452f-ab4d-589327eb2715)] -&gt; xpath: //p//word], [[FirefoxDriver: firefox on LINUX (358f877c-4143-452f-ab4d-589327eb2715)] -&gt; xpath: //p//word], [[FirefoxDriver: firefox on LINUX (358f877c-4143-452f-ab4d-589327eb2715)] -&gt; xpath: //p//word], [[FirefoxDriver: firefox on LINUX (358f877c-4143-452f-ab4d-589327eb2715)] -&gt; xpath: //p//word], [[FirefoxDriver: firefox on LINUX (358f877c-4143-452f-ab4d-589327eb2715)] -&gt; xpath: //p//word], [[FirefoxDriver: firefox on LINUX (358f877c-4143-452f-ab4d-589327eb2715)] -&gt; xpath: //p//word], [[FirefoxDriver: firefox on LINUX (358f877c-4143-452f-ab4d-589327eb2715)] -&gt; xpath: //p//word], [[FirefoxDriver: firefox on LINUX (358f877c-4143-452f-ab4d-589327eb2715)] -&gt; xpath: //p//word], [[FirefoxDriver: firefox on LINUX (358f877c-4143-452f-ab4d-589327eb2715)] -&gt; xpath: //p//word], [[FirefoxDriver: firefox on LINUX (358f877c-4143-452f-ab4d-589327eb2715)] -&gt; xpath: //p//word], [[FirefoxDriver: firefox on LINUX (358f877c-4143-452f-ab4d-589327eb2715)] -&gt; xpath: //p//word], [[FirefoxDriver: firefox on LINUX (358f877c-4143-452f-ab4d-589327eb2715)] -&gt; xpath: //p//word], [[FirefoxDriver: firefox on LINUX (358f877c-4143-452f-ab4d-589327eb2715)] -&gt; xpath: //p//word], [[FirefoxDriver: firefox on LINUX (358f877c-4143-452f-ab4d-589327eb2715)] -&gt; xpath: //p//word], [[FirefoxDriver: firefox on LINUX (358f877c-4143-452f-ab4d-589327eb2715)] -&gt; xpath: //p//word], [[FirefoxDriver: firefox on LINUX (358f877c-4143-452f-ab4d-589327eb2715)] -&gt; xpath: //p//word], [[FirefoxDriver: firefox on LINUX (358f877c-4143-452f-ab4d-589327eb2715)] -&gt; xpath: //p//word], [[FirefoxDriver: firefox on LINUX (358f877c-4143-452f-ab4d-589327eb2715)] -&gt; xpath: //p//word], [[FirefoxDriver: firefox on LINUX (358f877c-4143-452f-ab4d-589327eb2715)] -&gt; xpath: //p//word], [[FirefoxDriver: firefox on LINUX (358f877c-4143-452f-ab4d-589327eb2715)] -&gt; xpath: //p//word], [[FirefoxDriver: firefox on LINUX (358f877c-4143-452f-ab4d-589327eb2715)] -&gt; xpath: //p//word], [[FirefoxDriver: firefox on LINUX (358f877c-4143-452f-ab4d-589327eb2715)] -&gt; xpath: //p//word], [[FirefoxDriver: firefox on LINUX (358f877c-4143-452f-ab4d-589327eb2715)] -&gt; xpath: //p//word], [[FirefoxDriver: firefox on LINUX (358f877c-4143-452f-ab4d-589327eb2715)] -&gt; xpath: //p//word], [[FirefoxDriver: firefox on LINUX (358f877c-4143-452f-ab4d-589327eb2715)] -&gt; xpath: //p//word], [[FirefoxDriver: firefox on LINUX (358f877c-4143-452f-ab4d-589327eb2715)] -&gt; xpath: //p//word], [[FirefoxDriver: firefox on LINUX (358f877c-4143-452f-ab4d-589327eb2715)] -&gt; xpath: //p//word], [[FirefoxDriver: firefox on LINUX (358f877c-4143-452f-ab4d-589327eb2715)] -&gt; xpath: //p//word], [[FirefoxDriver: firefox on LINUX (358f877c-4143-452f-ab4d-589327eb2715)] -&gt; xpath: //p//word], [[FirefoxDriver: firefox on LINUX (358f877c-4143-452f-ab4d-589327eb2715)] -&gt; xpath: //p//word], [[FirefoxDriver: firefox on LINUX (358f877c-4143-452f-ab4d-589327eb2715)] -&gt; xpath: //p//word], [[FirefoxDriver: firefox on LINUX (358f877c-4143-452f-ab4d-589327eb2715)] -&gt; xpath: //p//word], [[FirefoxDriver: firefox on LINUX (358f877c-4143-452f-ab4d-589327eb2715)] -&gt; xpath: //p//word], [[FirefoxDriver: firefox on LINUX (358f877c-4143-452f-ab4d-589327eb2715)] -&gt; xpath: //p//word], [[FirefoxDriver: firefox on LINUX (358f877c-4143-452f-ab4d-589327eb2715)] -&gt; xpath: //p//word], [[FirefoxDriver: firefox on LINUX (358f877c-4143-452f-ab4d-589327eb2715)] -&gt; xpath: //p//word], [[FirefoxDriver: firefox on LINUX (358f877c-4143-452f-ab4d-589327eb2715)] -&gt; xpath: //p//word], [[FirefoxDriver: firefox on LINUX (358f877c-4143-452f-ab4d-589327eb2715)] -&gt; xpath: //p//word], [[FirefoxDriver: firefox on LINUX (358f877c-4143-452f-ab4d-589327eb2715)] -&gt; xpath: //p//word], [[FirefoxDriver: firefox on LINUX (358f877c-4143-452f-ab4d-589327eb2715)] -&gt; xpath: //p//word], [[FirefoxDriver: firefox on LINUX (358f877c-4143-452f-ab4d-589327eb2715)] -&gt; xpath: //p//word], [[FirefoxDriver: firefox on LINUX (358f877c-4143-452f-ab4d-589327eb2715)] -&gt; xpath: //p//word], [[FirefoxDriver: firefox on LINUX (358f877c-4143-452f-ab4d-589327eb2715)] -&gt; xpath: //p//word], [[FirefoxDriver: firefox on LINUX (358f877c-4143-452f-ab4d-589327eb2715)] -&gt; xpath: //p//word], [[FirefoxDriver: firefox on LINUX (358f877c-4143-452f-ab4d-589327eb2715)] -&gt; xpath: //p//word], [[FirefoxDriver: firefox on LINUX (358f877c-4143-452f-ab4d-589327eb2715)] -&gt; xpath: //p//word], [[FirefoxDriver: firefox on LINUX (358f877c-4143-452f-ab4d-589327eb2715)] -&gt; xpath: //p//word], [[FirefoxDriver: firefox on LINUX (358f877c-4143-452f-ab4d-589327eb2715)] -&gt; xpath: //p//word], [[FirefoxDriver: firefox on LINUX (358f877c-4143-452f-ab4d-589327eb2715)] -&gt; xpath: //p//word], [[FirefoxDriver: firefox on LINUX (358f877c-4143-452f-ab4d-589327eb2715)] -&gt; xpath: //p//word], [[FirefoxDriver: firefox on LINUX (358f877c-4143-452f-ab4d-589327eb2715)] -&gt; xpath: //p//word], [[FirefoxDriver: firefox on LINUX (358f877c-4143-452f-ab4d-589327eb2715)] -&gt; xpath: //p//word], [[FirefoxDriver: firefox on LINUX (358f877c-4143-452f-ab4d-589327eb2715)] -&gt; xpath: //p//word], [[FirefoxDriver: firefox on LINUX (358f877c-4143-452f-ab4d-589327eb2715)] -&gt; xpath: //p//word], [[FirefoxDriver: firefox on LINUX (358f877c-4143-452f-ab4d-589327eb2715)] -&gt; xpath: //p//word], [[FirefoxDriver: firefox on LINUX (358f877c-4143-452f-ab4d-589327eb2715)] -&gt; xpath: //p//word], [[FirefoxDriver: firefox on LINUX (358f877c-4143-452f-ab4d-589327eb2715)] -&gt; xpath: //p//word], [[FirefoxDriver: firefox on LINUX (358f877c-4143-452f-ab4d-589327eb2715)] -&gt; xpath: //p//word], [[FirefoxDriver: firefox on LINUX (358f877c-4143-452f-ab4d-589327eb2715)] -&gt; xpath: //p//word], [[FirefoxDriver: firefox on LINUX (358f877c-4143-452f-ab4d-589327eb2715)] -&gt; xpath: //p//word], [[FirefoxDriver: firefox on LINUX (358f877c-4143-452f-ab4d-589327eb2715)] -&gt; xpath: //p//word], [[FirefoxDriver: firefox on LINUX (358f877c-4143-452f-ab4d-589327eb2715)] -&gt; xpath: //p//word], [[FirefoxDriver: firefox on LINUX (358f877c-4143-452f-ab4d-589327eb2715)] -&gt; xpath: //p//word], [[FirefoxDriver: firefox on LINUX (358f877c-4143-452f-ab4d-589327eb2715)] -&gt; xpath: //p//word], [[FirefoxDriver: firefox on LINUX (358f877c-4143-452f-ab4d-589327eb2715)] -&gt; xpath: //p//word], [[FirefoxDriver: firefox on LINUX (358f877c-4143-452f-ab4d-589327eb2715)] -&gt; xpath: //p//word], [[FirefoxDriver: firefox on LINUX (358f877c-4143-452f-ab4d-589327eb2715)] -&gt; xpath: //p//word], [[FirefoxDriver: firefox on LINUX (358f877c-4143-452f-ab4d-589327eb2715)] -&gt; xpath: //p//word], [[FirefoxDriver: firefox on LINUX (358f877c-4143-452f-ab4d-589327eb2715)] -&gt; xpath: //p//word], [[FirefoxDriver: firefox on LINUX (358f877c-4143-452f-ab4d-589327eb2715)] -&gt; xpath: //p//word], [[FirefoxDriver: firefox on LINUX (358f877c-4143-452f-ab4d-589327eb2715)] -&gt; xpath: //p//word], [[FirefoxDriver: firefox on LINUX (358f877c-4143-452f-ab4d-589327eb2715)] -&gt; xpath: //p//word], [[FirefoxDriver: firefox on LINUX (358f877c-4143-452f-ab4d-589327eb2715)] -&gt; xpath: //p//word], [[FirefoxDriver: firefox on LINUX (358f877c-4143-452f-ab4d-589327eb2715)] -&gt; xpath: //p//word], [[FirefoxDriver: firefox on LINUX (358f877c-4143-452f-ab4d-589327eb2715)] -&gt; xpath: //p//word], [[FirefoxDriver: firefox on LINUX (358f877c-4143-452f-ab4d-589327eb2715)] -&gt; xpath: //p//word], [[FirefoxDriver: firefox on LINUX (358f877c-4143-452f-ab4d-589327eb2715)] -&gt; xpath: //p//word], [[FirefoxDriver: firefox on LINUX (358f877c-4143-452f-ab4d-589327eb2715)] -&gt; xpath: //p//word], [[FirefoxDriver: firefox on LINUX (358f877c-4143-452f-ab4d-589327eb2715)] -&gt; xpath: //p//word], [[FirefoxDriver: firefox on LINUX (358f877c-4143-452f-ab4d-589327eb2715)] -&gt; xpath: //p//word], [[FirefoxDriver: firefox on LINUX (358f877c-4143-452f-ab4d-589327eb2715)] -&gt; xpath: //p//word], [[FirefoxDriver: firefox on LINUX (358f877c-4143-452f-ab4d-589327eb2715)] -&gt; xpath: //p//word], [[FirefoxDriver: firefox on LINUX (358f877c-4143-452f-ab4d-589327eb2715)] -&gt; xpath: //p//word], [[FirefoxDriver: firefox on LINUX (358f877c-4143-452f-ab4d-589327eb2715)] -&gt; xpath: //p//word], [[FirefoxDriver: firefox on LINUX (358f877c-4143-452f-ab4d-589327eb2715)] -&gt; xpath: //p//word], [[FirefoxDriver: firefox on LINUX (358f877c-4143-452f-ab4d-589327eb2715)] -&gt; xpath: //p//word], [[FirefoxDriver: firefox on LINUX (358f877c-4143-452f-ab4d-589327eb2715)] -&gt; xpath: //p//word], [[FirefoxDriver: firefox on LINUX (358f877c-4143-452f-ab4d-589327eb2715)] -&gt; xpath: //p//word], [[FirefoxDriver: firefox on LINUX (358f877c-4143-452f-ab4d-589327eb2715)] -&gt; xpath: //p//word], [[FirefoxDriver: firefox on LINUX (358f877c-4143-452f-ab4d-589327eb2715)] -&gt; xpath: //p//word], [[FirefoxDriver: firefox on LINUX (358f877c-4143-452f-ab4d-589327eb2715)] -&gt; xpath: //p//word], [[FirefoxDriver: firefox on LINUX (358f877c-4143-452f-ab4d-589327eb2715)] -&gt; xpath: //p//word], [[FirefoxDriver: firefox on LINUX (358f877c-4143-452f-ab4d-589327eb2715)] -&gt; xpath: //p//word], [[FirefoxDriver: firefox on LINUX (358f877c-4143-452f-ab4d-589327eb2715)] -&gt; xpath: //p//word], [[FirefoxDriver: firefox on LINUX (358f877c-4143-452f-ab4d-589327eb2715)] -&gt; xpath: //p//word], [[FirefoxDriver: firefox on LINUX (358f877c-4143-452f-ab4d-589327eb2715)] -&gt; xpath: //p//word], [[FirefoxDriver: firefox on LINUX (358f877c-4143-452f-ab4d-589327eb2715)] -&gt; xpath: //p//word], [[FirefoxDriver: firefox on LINUX (358f877c-4143-452f-ab4d-589327eb2715)] -&gt; xpath: //p//word], [[FirefoxDriver: firefox on LINUX (358f877c-4143-452f-ab4d-589327eb2715)] -&gt; xpath: //p//word], [[FirefoxDriver: firefox on LINUX (358f877c-4143-452f-ab4d-589327eb2715)] -&gt; xpath: //p//word], [[FirefoxDriver: firefox on LINUX (358f877c-4143-452f-ab4d-589327eb2715)] -&gt; xpath: //p//word], [[FirefoxDriver: firefox on LINUX (358f877c-4143-452f-ab4d-589327eb2715)] -&gt; xpath: //p//word], [[FirefoxDriver: firefox on LINUX (358f877c-4143-452f-ab4d-589327eb2715)] -&gt; xpath: //p//word], [[FirefoxDriver: firefox on LINUX (358f877c-4143-452f-ab4d-589327eb2715)] -&gt; xpath: //p//word], [[FirefoxDriver: firefox on LINUX (358f877c-4143-452f-ab4d-589327eb2715)] -&gt; xpath: //p//word], [[FirefoxDriver: firefox on LINUX (358f877c-4143-452f-ab4d-589327eb2715)] -&gt; xpath: //p//word], [[FirefoxDriver: firefox on LINUX (358f877c-4143-452f-ab4d-589327eb2715)] -&gt; xpath: //p//word], [[FirefoxDriver: firefox on LINUX (358f877c-4143-452f-ab4d-589327eb2715)] -&gt; xpath: //p//word], [[FirefoxDriver: firefox on LINUX (358f877c-4143-452f-ab4d-589327eb2715)] -&gt; xpath: //p//word], [[FirefoxDriver: firefox on LINUX (358f877c-4143-452f-ab4d-589327eb2715)] -&gt; xpath: //p//word], [[FirefoxDriver: firefox on LINUX (358f877c-4143-452f-ab4d-589327eb2715)] -&gt; xpath: //p//word], [[FirefoxDriver: firefox on LINUX (358f877c-4143-452f-ab4d-589327eb2715)] -&gt; xpath: //p//word], [[FirefoxDriver: firefox on LINUX (358f877c-4143-452f-ab4d-589327eb2715)] -&gt; xpath: //p//word], [[FirefoxDriver: firefox on LINUX (358f877c-4143-452f-ab4d-589327eb2715)] -&gt; xpath: //p//word], [[FirefoxDriver: firefox on LINUX (358f877c-4143-452f-ab4d-589327eb2715)] -&gt; xpath: //p//word], [[FirefoxDriver: firefox on LINUX (358f877c-4143-452f-ab4d-589327eb2715)] -&gt; xpath: //p//word], [[FirefoxDriver: firefox on LINUX (358f877c-4143-452f-ab4d-589327eb2715)] -&gt; xpath: //p//word], [[FirefoxDriver: firefox on LINUX (358f877c-4143-452f-ab4d-589327eb2715)] -&gt; xpath: //p//word], [[FirefoxDriver: firefox on LINUX (358f877c-4143-452f-ab4d-589327eb2715)] -&gt; xpath: //p//word], [[FirefoxDriver: firefox on LINUX (358f877c-4143-452f-ab4d-589327eb2715)] -&gt; xpath: //p//word], [[FirefoxDriver: firefox on LINUX (358f877c-4143-452f-ab4d-589327eb2715)] -&gt; xpath: //p//word], [[FirefoxDriver: firefox on LINUX (358f877c-4143-452f-ab4d-589327eb2715)] -&gt; xpath: //p//word], [[FirefoxDriver: firefox on LINUX (358f877c-4143-452f-ab4d-589327eb2715)] -&gt; xpath: //p//word], [[FirefoxDriver: firefox on LINUX (358f877c-4143-452f-ab4d-589327eb2715)] -&gt; xpath: //p//word], [[FirefoxDriver: firefox on LINUX (358f877c-4143-452f-ab4d-589327eb2715)] -&gt; xpath: //p//word], [[FirefoxDriver: firefox on LINUX (358f877c-4143-452f-ab4d-589327eb2715)] -&gt; xpath: //p//word], [[FirefoxDriver: firefox on LINUX (358f877c-4143-452f-ab4d-589327eb2715)] -&gt; xpath: //p//word], [[FirefoxDriver: firefox on LINUX (358f877c-4143-452f-ab4d-589327eb2715)] -&gt; xpath: //p//word], [[FirefoxDriver: firefox on LINUX (358f877c-4143-452f-ab4d-589327eb2715)] -&gt; xpath: //p//word], [[FirefoxDriver: firefox on LINUX (358f877c-4143-452f-ab4d-589327eb2715)] -&gt; xpath: //p//word], [[FirefoxDriver: firefox on LINUX (358f877c-4143-452f-ab4d-589327eb2715)] -&gt; xpath: //p//word], [[FirefoxDriver: firefox on LINUX (358f877c-4143-452f-ab4d-589327eb2715)] -&gt; xpath: //p//word], [[FirefoxDriver: firefox on LINUX (358f877c-4143-452f-ab4d-589327eb2715)] -&gt; xpath: //p//word], [[FirefoxDriver: firefox on LINUX (358f877c-4143-452f-ab4d-589327eb2715)] -&gt; xpath: //p//word], [[FirefoxDriver: firefox on LINUX (358f877c-4143-452f-ab4d-589327eb2715)] -&gt; xpath: //p//word], [[FirefoxDriver: firefox on LINUX (358f877c-4143-452f-ab4d-589327eb2715)] -&gt; xpath: //p//word], [[FirefoxDriver: firefox on LINUX (358f877c-4143-452f-ab4d-589327eb2715)] -&gt; xpath: //p//word], [[FirefoxDriver: firefox on LINUX (358f877c-4143-452f-ab4d-589327eb2715)] -&gt; xpath: //p//word], [[FirefoxDriver: firefox on LINUX (358f877c-4143-452f-ab4d-589327eb2715)] -&gt; xpath: //p//word], [[FirefoxDriver: firefox on LINUX (358f877c-4143-452f-ab4d-589327eb2715)] -&gt; xpath: //p//word], [[FirefoxDriver: firefox on LINUX (358f877c-4143-452f-ab4d-589327eb2715)] -&gt; xpath: //p//word], [[FirefoxDriver: firefox on LINUX (358f877c-4143-452f-ab4d-589327eb2715)] -&gt; xpath: //p//word], [[FirefoxDriver: firefox on LINUX (358f877c-4143-452f-ab4d-589327eb2715)] -&gt; xpath: //p//word], [[FirefoxDriver: firefox on LINUX (358f877c-4143-452f-ab4d-589327eb2715)] -&gt; xpath: //p//word], [[FirefoxDriver: firefox on LINUX (358f877c-4143-452f-ab4d-589327eb2715)] -&gt; xpath: //p//word], [[FirefoxDriver: firefox on LINUX (358f877c-4143-452f-ab4d-589327eb2715)] -&gt; xpath: //p//word], [[FirefoxDriver: firefox on LINUX (358f877c-4143-452f-ab4d-589327eb2715)] -&gt; xpath: //p//word], [[FirefoxDriver: firefox on LINUX (358f877c-4143-452f-ab4d-589327eb2715)] -&gt; xpath: //p//word], [[FirefoxDriver: firefox on LINUX (358f877c-4143-452f-ab4d-589327eb2715)] -&gt; xpath: //p//word], [[FirefoxDriver: firefox on LINUX (358f877c-4143-452f-ab4d-589327eb2715)] -&gt; xpath: //p//word], [[FirefoxDriver: firefox on LINUX (358f877c-4143-452f-ab4d-589327eb2715)] -&gt; xpath: //p//word], [[FirefoxDriver: firefox on LINUX (358f877c-4143-452f-ab4d-589327eb2715)] -&gt; xpath: //p//word], [[FirefoxDriver: firefox on LINUX (358f877c-4143-452f-ab4d-589327eb2715)] -&gt; xpath: //p//word], [[FirefoxDriver: firefox on LINUX (358f877c-4143-452f-ab4d-589327eb2715)] -&gt; xpath: //p//word], [[FirefoxDriver: firefox on LINUX (358f877c-4143-452f-ab4d-589327eb2715)] -&gt; xpath: //p//word], [[FirefoxDriver: firefox on LINUX (358f877c-4143-452f-ab4d-589327eb2715)] -&gt; xpath: //p//word], [[FirefoxDriver: firefox on LINUX (358f877c-4143-452f-ab4d-589327eb2715)] -&gt; xpath: //p//word], [[FirefoxDriver: firefox on LINUX (358f877c-4143-452f-ab4d-589327eb2715)] -&gt; xpath: //p//word], [[FirefoxDriver: firefox on LINUX (358f877c-4143-452f-ab4d-589327eb2715)] -&gt; xpath: //p//word], [[FirefoxDriver: firefox on LINUX (358f877c-4143-452f-ab4d-589327eb2715)] -&gt; xpath: //p//word], [[FirefoxDriver: firefox on LINUX (358f877c-4143-452f-ab4d-589327eb2715)] -&gt; xpath: //p//word], [[FirefoxDriver: firefox on LINUX (358f877c-4143-452f-ab4d-589327eb2715)] -&gt; xpath: //p//word], [[FirefoxDriver: firefox on LINUX (358f877c-4143-452f-ab4d-589327eb2715)] -&gt; xpath: //p//word], [[FirefoxDriver: firefox on LINUX (358f877c-4143-452f-ab4d-589327eb2715)] -&gt; xpath: //p//word], [[FirefoxDriver: firefox on LINUX (358f877c-4143-452f-ab4d-589327eb2715)] -&gt; xpath: //p//word], [[FirefoxDriver: firefox on LINUX (358f877c-4143-452f-ab4d-589327eb2715)] -&gt; xpath: //p//word], [[FirefoxDriver: firefox on LINUX (358f877c-4143-452f-ab4d-589327eb2715)] -&gt; xpath: //p//word], [[FirefoxDriver: firefox on LINUX (358f877c-4143-452f-ab4d-589327eb2715)] -&gt; xpath: //p//word], [[FirefoxDriver: firefox on LINUX (358f877c-4143-452f-ab4d-589327eb2715)] -&gt; xpath: //p//word], [[FirefoxDriver: firefox on LINUX (358f877c-4143-452f-ab4d-589327eb2715)] -&gt; xpath: //p//word], [[FirefoxDriver: firefox on LINUX (358f877c-4143-452f-ab4d-589327eb2715)] -&gt; xpath: //p//word], [[FirefoxDriver: firefox on LINUX (358f877c-4143-452f-ab4d-589327eb2715)] -&gt; xpath: //p//word], [[FirefoxDriver: firefox on LINUX (358f877c-4143-452f-ab4d-589327eb2715)] -&gt; xpath: //p//word], [[FirefoxDriver: firefox on LINUX (358f877c-4143-452f-ab4d-589327eb2715)] -&gt; xpath: //p//word], [[FirefoxDriver: firefox on LINUX (358f877c-4143-452f-ab4d-589327eb2715)] -&gt; xpath: //p//word], [[FirefoxDriver: firefox on LINUX (358f877c-4143-452f-ab4d-589327eb2715)] -&gt; xpath: //p//word], [[FirefoxDriver: firefox on LINUX (358f877c-4143-452f-ab4d-589327eb2715)] -&gt; xpath: //p//word], [[FirefoxDriver: firefox on LINUX (358f877c-4143-452f-ab4d-589327eb2715)] -&gt; xpath: //p//word], [[FirefoxDriver: firefox on LINUX (358f877c-4143-452f-ab4d-589327eb2715)] -&gt; xpath: //p//word], [[FirefoxDriver: firefox on LINUX (358f877c-4143-452f-ab4d-589327eb2715)] -&gt; xpath: //p//word], [[FirefoxDriver: firefox on LINUX (358f877c-4143-452f-ab4d-589327eb2715)] -&gt; xpath: //p//word], [[FirefoxDriver: firefox on LINUX (358f877c-4143-452f-ab4d-589327eb2715)] -&gt; xpath: //p//word], [[FirefoxDriver: firefox on LINUX (358f877c-4143-452f-ab4d-589327eb2715)] -&gt; xpath: //p//word], [[FirefoxDriver: firefox on LINUX (358f877c-4143-452f-ab4d-589327eb2715)] -&gt; xpath: //p//word], [[FirefoxDriver: firefox on LINUX (358f877c-4143-452f-ab4d-589327eb2715)] -&gt; xpath: //p//word], [[FirefoxDriver: firefox on LINUX (358f877c-4143-452f-ab4d-589327eb2715)] -&gt; xpath: //p//word], [[FirefoxDriver: firefox on LINUX (358f877c-4143-452f-ab4d-589327eb2715)] -&gt; xpath: //p//word], [[FirefoxDriver: firefox on LINUX (358f877c-4143-452f-ab4d-589327eb2715)] -&gt; xpath: //p//word], [[FirefoxDriver: firefox on LINUX (358f877c-4143-452f-ab4d-589327eb2715)] -&gt; xpath: //p//word], [[FirefoxDriver: firefox on LINUX (358f877c-4143-452f-ab4d-589327eb2715)] -&gt; xpath: //p//word], [[FirefoxDriver: firefox on LINUX (358f877c-4143-452f-ab4d-589327eb2715)] -&gt; xpath: //p//word], [[FirefoxDriver: firefox on LINUX (358f877c-4143-452f-ab4d-589327eb2715)] -&gt; xpath: //p//word], [[FirefoxDriver: firefox on LINUX (358f877c-4143-452f-ab4d-589327eb2715)] -&gt; xpath: //p//word], [[FirefoxDriver: firefox on LINUX (358f877c-4143-452f-ab4d-589327eb2715)] -&gt; xpath: //p//word], [[FirefoxDriver: firefox on LINUX (358f877c-4143-452f-ab4d-589327eb2715)] -&gt; xpath: //p//word], [[FirefoxDriver: firefox on LINUX (358f877c-4143-452f-ab4d-589327eb2715)] -&gt; xpath: //p//word], [[FirefoxDriver: firefox on LINUX (358f877c-4143-452f-ab4d-589327eb2715)] -&gt; xpath: //p//word], [[FirefoxDriver: firefox on LINUX (358f877c-4143-452f-ab4d-589327eb2715)] -&gt; xpath: //p//word], [[FirefoxDriver: firefox on LINUX (358f877c-4143-452f-ab4d-589327eb2715)] -&gt; xpath: //p//word], [[FirefoxDriver: firefox on LINUX (358f877c-4143-452f-ab4d-589327eb2715)] -&gt; xpath: //p//word], [[FirefoxDriver: firefox on LINUX (358f877c-4143-452f-ab4d-589327eb2715)] -&gt; xpath: //p//word], [[FirefoxDriver: firefox on LINUX (358f877c-4143-452f-ab4d-589327eb2715)] -&gt; xpath: //p//word], [[FirefoxDriver: firefox on LINUX (358f877c-4143-452f-ab4d-589327eb2715)] -&gt; xpath: //p//word], [[FirefoxDriver: firefox on LINUX (358f877c-4143-452f-ab4d-589327eb2715)] -&gt; xpath: //p//word], [[FirefoxDriver: firefox on LINUX (358f877c-4143-452f-ab4d-589327eb2715)] -&gt; xpath: //p//word], [[FirefoxDriver: firefox on LINUX (358f877c-4143-452f-ab4d-589327eb2715)] -&gt; xpath: //p//word], [[FirefoxDriver: firefox on LINUX (358f877c-4143-452f-ab4d-589327eb2715)] -&gt; xpath: //p//word], [[FirefoxDriver: firefox on LINUX (358f877c-4143-452f-ab4d-589327eb2715)] -&gt; xpath: //p//word], [[FirefoxDriver: firefox on LINUX (358f877c-4143-452f-ab4d-589327eb2715)] -&gt; xpath: //p//word], [[FirefoxDriver: firefox on LINUX (358f877c-4143-452f-ab4d-589327eb2715)] -&gt; xpath: //p//word], [[FirefoxDriver: firefox on LINUX (358f877c-4143-452f-ab4d-589327eb2715)] -&gt; xpath: //p//word], [[FirefoxDriver: firefox on LINUX (358f877c-4143-452f-ab4d-589327eb2715)] -&gt; xpath: //p//word], [[FirefoxDriver: firefox on LINUX (358f877c-4143-452f-ab4d-589327eb2715)] -&gt; xpath: //p//word], [[FirefoxDriver: firefox on LINUX (358f877c-4143-452f-ab4d-589327eb2715)] -&gt; xpath: //p//word], [[FirefoxDriver: firefox on LINUX (358f877c-4143-452f-ab4d-589327eb2715)] -&gt; xpath: //p//word], [[FirefoxDriver: firefox on LINUX (358f877c-4143-452f-ab4d-589327eb2715)] -&gt; xpath: //p//word], [[FirefoxDriver: firefox on LINUX (358f877c-4143-452f-ab4d-589327eb2715)] -&gt; xpath: //p//word], [[FirefoxDriver: firefox on LINUX (358f877c-4143-452f-ab4d-589327eb2715)] -&gt; xpath: //p//word], [[FirefoxDriver: firefox on LINUX (358f877c-4143-452f-ab4d-589327eb2715)] -&gt; xpath: //p//word], [[FirefoxDriver: firefox on LINUX (358f877c-4143-452f-ab4d-589327eb2715)] -&gt; xpath: //p//word], [[FirefoxDriver: firefox on LINUX (358f877c-4143-452f-ab4d-589327eb2715)] -&gt; xpath: //p//word], [[FirefoxDriver: firefox on LINUX (358f877c-4143-452f-ab4d-589327eb2715)] -&gt; xpath: //p//word], [[FirefoxDriver: firefox on LINUX (358f877c-4143-452f-ab4d-589327eb2715)] -&gt; xpath: //p//word], [[FirefoxDriver: firefox on LINUX (358f877c-4143-452f-ab4d-589327eb2715)] -&gt; xpath: //p//word], [[FirefoxDriver: firefox on LINUX (358f877c-4143-452f-ab4d-589327eb2715)] -&gt; xpath: //p//word], [[FirefoxDriver: firefox on LINUX (358f877c-4143-452f-ab4d-589327eb2715)] -&gt; xpath: //p//word], [[FirefoxDriver: firefox on LINUX (358f877c-4143-452f-ab4d-589327eb2715)] -&gt; xpath: //p//word], [[FirefoxDriver: firefox on LINUX (358f877c-4143-452f-ab4d-589327eb2715)] -&gt; xpath: //p//word], [[FirefoxDriver: firefox on LINUX (358f877c-4143-452f-ab4d-589327eb2715)] -&gt; xpath: //p//word], [[FirefoxDriver: firefox on LINUX (358f877c-4143-452f-ab4d-589327eb2715)] -&gt; xpath: //p//word], [[FirefoxDriver: firefox on LINUX (358f877c-4143-452f-ab4d-589327eb2715)] -&gt; xpath: //p//word], [[FirefoxDriver: firefox on LINUX (358f877c-4143-452f-ab4d-589327eb2715)] -&gt; xpath: //p//word], [[FirefoxDriver: firefox on LINUX (358f877c-4143-452f-ab4d-589327eb2715)] -&gt; xpath: //p//word], [[FirefoxDriver: firefox on LINUX (358f877c-4143-452f-ab4d-589327eb2715)] -&gt; xpath: //p//word], [[FirefoxDriver: firefox on LINUX (358f877c-4143-452f-ab4d-589327eb2715)] -&gt; xpath: //p//word], [[FirefoxDriver: firefox on LINUX (358f877c-4143-452f-ab4d-589327eb2715)] -&gt; xpath: //p//word], [[FirefoxDriver: firefox on LINUX (358f877c-4143-452f-ab4d-589327eb2715)] -&gt; xpath: //p//word], [[FirefoxDriver: firefox on LINUX (358f877c-4143-452f-ab4d-589327eb2715)] -&gt; xpath: //p//word], [[FirefoxDriver: firefox on LINUX (358f877c-4143-452f-ab4d-589327eb2715)] -&gt; xpath: //p//word], [[FirefoxDriver: firefox on LINUX (358f877c-4143-452f-ab4d-589327eb2715)] -&gt; xpath: //p//word], [[FirefoxDriver: firefox on LINUX (358f877c-4143-452f-ab4d-589327eb2715)] -&gt; xpath: //p//word], [[FirefoxDriver: firefox on LINUX (358f877c-4143-452f-ab4d-589327eb2715)] -&gt; xpath: //p//word], [[FirefoxDriver: firefox on LINUX (358f877c-4143-452f-ab4d-589327eb2715)] -&gt; xpath: //p//word], [[FirefoxDriver: firefox on LINUX (358f877c-4143-452f-ab4d-589327eb2715)] -&gt; xpath: //p//word], [[FirefoxDriver: firefox on LINUX (358f877c-4143-452f-ab4d-589327eb2715)] -&gt; xpath: //p//word], [[FirefoxDriver: firefox on LINUX (358f877c-4143-452f-ab4d-589327eb2715)] -&gt; xpath: //p//word], [[FirefoxDriver: firefox on LINUX (358f877c-4143-452f-ab4d-589327eb2715)] -&gt; xpath: //p//word], [[FirefoxDriver: firefox on LINUX (358f877c-4143-452f-ab4d-589327eb2715)] -&gt; xpath: //p//word], [[FirefoxDriver: firefox on LINUX (358f877c-4143-452f-ab4d-589327eb2715)] -&gt; xpath: //p//word], [[FirefoxDriver: firefox on LINUX (358f877c-4143-452f-ab4d-589327eb2715)] -&gt; xpath: //p//word], [[FirefoxDriver: firefox on LINUX (358f877c-4143-452f-ab4d-589327eb2715)] -&gt; xpath: //p//word], [[FirefoxDriver: firefox on LINUX (358f877c-4143-452f-ab4d-589327eb2715)] -&gt; xpath: //p//word], [[FirefoxDriver: firefox on LINUX (358f877c-4143-452f-ab4d-589327eb2715)] -&gt; xpath: //p//word], [[FirefoxDriver: firefox on LINUX (358f877c-4143-452f-ab4d-589327eb2715)] -&gt; xpath: //p//word], [[FirefoxDriver: firefox on LINUX (358f877c-4143-452f-ab4d-589327eb2715)] -&gt; xpath: //p//word], [[FirefoxDriver: firefox on LINUX (358f877c-4143-452f-ab4d-589327eb2715)] -&gt; xpath: //p//word], [[FirefoxDriver: firefox on LINUX (358f877c-4143-452f-ab4d-589327eb2715)] -&gt; xpath: //p//word], [[FirefoxDriver: firefox on LINUX (358f877c-4143-452f-ab4d-589327eb2715)] -&gt; xpath: //p//word], [[FirefoxDriver: firefox on LINUX (358f877c-4143-452f-ab4d-589327eb2715)] -&gt; xpath: //p//word], [[FirefoxDriver: firefox on LINUX (358f877c-4143-452f-ab4d-589327eb2715)] -&gt; xpath: //p//word], [[FirefoxDriver: firefox on LINUX (358f877c-4143-452f-ab4d-589327eb2715)] -&gt; xpath: //p//word], [[FirefoxDriver: firefox on LINUX (358f877c-4143-452f-ab4d-589327eb2715)] -&gt; xpath: //p//word], [[FirefoxDriver: firefox on LINUX (358f877c-4143-452f-ab4d-589327eb2715)] -&gt; xpath: //p//word], [[FirefoxDriver: firefox on LINUX (358f877c-4143-452f-ab4d-589327eb2715)] -&gt; xpath: //p//word], [[FirefoxDriver: firefox on LINUX (358f877c-4143-452f-ab4d-589327eb2715)] -&gt; xpath: //p//word], [[FirefoxDriver: firefox on LINUX (358f877c-4143-452f-ab4d-589327eb2715)] -&gt; xpath: //p//word], [[FirefoxDriver: firefox on LINUX (358f877c-4143-452f-ab4d-589327eb2715)] -&gt; xpath: //p//word], [[FirefoxDriver: firefox on LINUX (358f877c-4143-452f-ab4d-589327eb2715)] -&gt; xpath: //p//word], [[FirefoxDriver: firefox on LINUX (358f877c-4143-452f-ab4d-589327eb2715)] -&gt; xpath: //p//word], [[FirefoxDriver: firefox on LINUX (358f877c-4143-452f-ab4d-589327eb2715)] -&gt; xpath: //p//word], [[FirefoxDriver: firefox on LINUX (358f877c-4143-452f-ab4d-589327eb2715)] -&gt; xpath: //p//word], [[FirefoxDriver: firefox on LINUX (358f877c-4143-452f-ab4d-589327eb2715)] -&gt; xpath: //p//word], [[FirefoxDriver: firefox on LINUX (358f877c-4143-452f-ab4d-589327eb2715)] -&gt; xpath: //p//word], [[FirefoxDriver: firefox on LINUX (358f877c-4143-452f-ab4d-589327eb2715)] -&gt; xpath: //p//word], [[FirefoxDriver: firefox on LINUX (358f877c-4143-452f-ab4d-589327eb2715)] -&gt; xpath: //p//word], [[FirefoxDriver: firefox on LINUX (358f877c-4143-452f-ab4d-589327eb2715)] -&gt; xpath: //p//word], [[FirefoxDriver: firefox on LINUX (358f877c-4143-452f-ab4d-589327eb2715)] -&gt; xpath: //p//word], [[FirefoxDriver: firefox on LINUX (358f877c-4143-452f-ab4d-589327eb2715)] -&gt; xpath: //p//word], [[FirefoxDriver: firefox on LINUX (358f877c-4143-452f-ab4d-589327eb2715)] -&gt; xpath: //p//word], [[FirefoxDriver: firefox on LINUX (358f877c-4143-452f-ab4d-589327eb2715)] -&gt; xpath: //p//word], [[FirefoxDriver: firefox on LINUX (358f877c-4143-452f-ab4d-589327eb2715)] -&gt; xpath: //p//word], [[FirefoxDriver: firefox on LINUX (358f877c-4143-452f-ab4d-589327eb2715)] -&gt; xpath: //p//word], [[FirefoxDriver: firefox on LINUX (358f877c-4143-452f-ab4d-589327eb2715)] -&gt; xpath: //p//word], [[FirefoxDriver: firefox on LINUX (358f877c-4143-452f-ab4d-589327eb2715)] -&gt; xpath: //p//word], [[FirefoxDriver: firefox on LINUX (358f877c-4143-452f-ab4d-589327eb2715)] -&gt; xpath: //p//word], [[FirefoxDriver: firefox on LINUX (358f877c-4143-452f-ab4d-589327eb2715)] -&gt; xpath: //p//word], [[FirefoxDriver: firefox on LINUX (358f877c-4143-452f-ab4d-589327eb2715)] -&gt; xpath: //p//word], [[FirefoxDriver: firefox on LINUX (358f877c-4143-452f-ab4d-589327eb2715)] -&gt; xpath: //p//word], [[FirefoxDriver: firefox on LINUX (358f877c-4143-452f-ab4d-589327eb2715)] -&gt; xpath: //p//word], [[FirefoxDriver: firefox on LINUX (358f877c-4143-452f-ab4d-589327eb2715)] -&gt; xpath: //p//word], [[FirefoxDriver: firefox on LINUX (358f877c-4143-452f-ab4d-589327eb2715)] -&gt; xpath: //p//word], [[FirefoxDriver: firefox on LINUX (358f877c-4143-452f-ab4d-589327eb2715)] -&gt; xpath: //p//word], [[FirefoxDriver: firefox on LINUX (358f877c-4143-452f-ab4d-589327eb2715)] -&gt; xpath: //p//word], [[FirefoxDriver: firefox on LINUX (358f877c-4143-452f-ab4d-589327eb2715)] -&gt; xpath: //p//word], [[FirefoxDriver: firefox on LINUX (358f877c-4143-452f-ab4d-589327eb2715)] -&gt; xpath: //p//word], [[FirefoxDriver: firefox on LINUX (358f877c-4143-452f-ab4d-589327eb2715)] -&gt; xpath: //p//word], [[FirefoxDriver: firefox on LINUX (358f877c-4143-452f-ab4d-589327eb2715)] -&gt; xpath: //p//word], [[FirefoxDriver: firefox on LINUX (358f877c-4143-452f-ab4d-589327eb2715)] -&gt; xpath: //p//word], [[FirefoxDriver: firefox on LINUX (358f877c-4143-452f-ab4d-589327eb2715)] -&gt; xpath: //p//word], [[FirefoxDriver: firefox on LINUX (358f877c-4143-452f-ab4d-589327eb2715)] -&gt; xpath: //p//word], [[FirefoxDriver: firefox on LINUX (358f877c-4143-452f-ab4d-589327eb2715)] -&gt; xpath: //p//word], [[FirefoxDriver: firefox on LINUX (358f877c-4143-452f-ab4d-589327eb2715)] -&gt; xpath: //p//word], [[FirefoxDriver: firefox on LINUX (358f877c-4143-452f-ab4d-589327eb2715)] -&gt; xpath: //p//word], [[FirefoxDriver: firefox on LINUX (358f877c-4143-452f-ab4d-589327eb2715)] -&gt; xpath: //p//word], [[FirefoxDriver: firefox on LINUX (358f877c-4143-452f-ab4d-589327eb2715)] -&gt; xpath: //p//word], [[FirefoxDriver: firefox on LINUX (358f877c-4143-452f-ab4d-589327eb2715)] -&gt; xpath: //p//word], [[FirefoxDriver: firefox on LINUX (358f877c-4143-452f-ab4d-589327eb2715)] -&gt; xpath: //p//word], [[FirefoxDriver: firefox on LINUX (358f877c-4143-452f-ab4d-589327eb2715)] -&gt; xpath: //p//word], [[FirefoxDriver: firefox on LINUX (358f877c-4143-452f-ab4d-589327eb2715)] -&gt; xpath: //p//word], [[FirefoxDriver: firefox on LINUX (358f877c-4143-452f-ab4d-589327eb2715)] -&gt; xpath: //p//word], [[FirefoxDriver: firefox on LINUX (358f877c-4143-452f-ab4d-589327eb2715)] -&gt; xpath: //p//word], [[FirefoxDriver: firefox on LINUX (358f877c-4143-452f-ab4d-589327eb2715)] -&gt; xpath: //p//word], [[FirefoxDriver: firefox on LINUX (358f877c-4143-452f-ab4d-589327eb2715)] -&gt; xpath: //p//word], [[FirefoxDriver: firefox on LINUX (358f877c-4143-452f-ab4d-589327eb2715)] -&gt; xpath: //p//word], [[FirefoxDriver: firefox on LINUX (358f877c-4143-452f-ab4d-589327eb2715)] -&gt; xpath: //p//word], [[FirefoxDriver: firefox on LINUX (358f877c-4143-452f-ab4d-589327eb2715)] -&gt; xpath: //p//word], [[FirefoxDriver: firefox on LINUX (358f877c-4143-452f-ab4d-589327eb2715)] -&gt; xpath: //p//word], [[FirefoxDriver: firefox on LINUX (358f877c-4143-452f-ab4d-589327eb2715)] -&gt; xpath: //p//word], [[FirefoxDriver: firefox on LINUX (358f877c-4143-452f-ab4d-589327eb2715)] -&gt; xpath: //p//word], [[FirefoxDriver: firefox on LINUX (358f877c-4143-452f-ab4d-589327eb2715)] -&gt; xpath: //p//word], [[FirefoxDriver: firefox on LINUX (358f877c-4143-452f-ab4d-589327eb2715)] -&gt; xpath: //p//word], [[FirefoxDriver: firefox on LINUX (358f877c-4143-452f-ab4d-589327eb2715)] -&gt; xpath: //p//word], [[FirefoxDriver: firefox on LINUX (358f877c-4143-452f-ab4d-589327eb2715)] -&gt; xpath: //p//word], [[FirefoxDriver: firefox on LINUX (358f877c-4143-452f-ab4d-589327eb2715)] -&gt; xpath: //p//word], [[FirefoxDriver: firefox on LINUX (358f877c-4143-452f-ab4d-589327eb2715)] -&gt; xpath: //p//word], [[FirefoxDriver: firefox on LINUX (358f877c-4143-452f-ab4d-589327eb2715)] -&gt; xpath: //p//word], [[FirefoxDriver: firefox on LINUX (358f877c-4143-452f-ab4d-589327eb2715)] -&gt; xpath: //p//word], [[FirefoxDriver: firefox on LINUX (358f877c-4143-452f-ab4d-589327eb2715)] -&gt; xpath: //p//word], [[FirefoxDriver: firefox on LINUX (358f877c-4143-452f-ab4d-589327eb2715)] -&gt; xpath: //p//word], [[FirefoxDriver: firefox on LINUX (358f877c-4143-452f-ab4d-589327eb2715)] -&gt; xpath: //p//word], [[FirefoxDriver: firefox on LINUX (358f877c-4143-452f-ab4d-589327eb2715)] -&gt; xpath: //p//word], [[FirefoxDriver: firefox on LINUX (358f877c-4143-452f-ab4d-589327eb2715)] -&gt; xpath: //p//word], [[FirefoxDriver: firefox on LINUX (358f877c-4143-452f-ab4d-589327eb2715)] -&gt; xpath: //p//word], [[FirefoxDriver: firefox on LINUX (358f877c-4143-452f-ab4d-589327eb2715)] -&gt; xpath: //p//word], [[FirefoxDriver: firefox on LINUX (358f877c-4143-452f-ab4d-589327eb2715)] -&gt; xpath: //p//word], [[FirefoxDriver: firefox on LINUX (358f877c-4143-452f-ab4d-589327eb2715)] -&gt; xpath: //p//word], [[FirefoxDriver: firefox on LINUX (358f877c-4143-452f-ab4d-589327eb2715)] -&gt; xpath: //p//word], [[FirefoxDriver: firefox on LINUX (358f877c-4143-452f-ab4d-589327eb2715)] -&gt; xpath: //p//word], [[FirefoxDriver: firefox on LINUX (358f877c-4143-452f-ab4d-589327eb2715)] -&gt; xpath: //p//word], [[FirefoxDriver: firefox on LINUX (358f877c-4143-452f-ab4d-589327eb2715)] -&gt; xpath: //p//word], [[FirefoxDriver: firefox on LINUX (358f877c-4143-452f-ab4d-589327eb2715)] -&gt; xpath: //p//word], [[FirefoxDriver: firefox on LINUX (358f877c-4143-452f-ab4d-589327eb2715)] -&gt; xpath: //p//word], [[FirefoxDriver: firefox on LINUX (358f877c-4143-452f-ab4d-589327eb2715)] -&gt; xpath: //p//word], [[FirefoxDriver: firefox on LINUX (358f877c-4143-452f-ab4d-589327eb2715)] -&gt; xpath: //p//word], [[FirefoxDriver: firefox on LINUX (358f877c-4143-452f-ab4d-589327eb2715)] -&gt; xpath: //p//word], [[FirefoxDriver: firefox on LINUX (358f877c-4143-452f-ab4d-589327eb2715)] -&gt; xpath: //p//word], [[FirefoxDriver: firefox on LINUX (358f877c-4143-452f-ab4d-589327eb2715)] -&gt; xpath: //p//word], [[FirefoxDriver: firefox on LINUX (358f877c-4143-452f-ab4d-589327eb2715)] -&gt; xpath: //p//word], [[FirefoxDriver: firefox on LINUX (358f877c-4143-452f-ab4d-589327eb2715)] -&gt; xpath: //p//word], [[FirefoxDriver: firefox on LINUX (358f877c-4143-452f-ab4d-589327eb2715)] -&gt; xpath: //p//word], [[FirefoxDriver: firefox on LINUX (358f877c-4143-452f-ab4d-589327eb2715)] -&gt; xpath: //p//word], [[FirefoxDriver: firefox on LINUX (358f877c-4143-452f-ab4d-589327eb2715)] -&gt; xpath: //p//word], [[FirefoxDriver: firefox on LINUX (358f877c-4143-452f-ab4d-589327eb2715)] -&gt; xpath: //p//word], [[FirefoxDriver: firefox on LINUX (358f877c-4143-452f-ab4d-589327eb2715)] -&gt; xpath: //p//word], [[FirefoxDriver: firefox on LINUX (358f877c-4143-452f-ab4d-589327eb2715)] -&gt; xpath: //p//word], [[FirefoxDriver: firefox on LINUX (358f877c-4143-452f-ab4d-589327eb2715)] -&gt; xpath: //p//word], [[FirefoxDriver: firefox on LINUX (358f877c-4143-452f-ab4d-589327eb2715)] -&gt; xpath: //p//word], [[FirefoxDriver: firefox on LINUX (358f877c-4143-452f-ab4d-589327eb2715)] -&gt; xpath: //p//word], [[FirefoxDriver: firefox on LINUX (358f877c-4143-452f-ab4d-589327eb2715)] -&gt; xpath: //p//word], [[FirefoxDriver: firefox on LINUX (358f877c-4143-452f-ab4d-589327eb2715)] -&gt; xpath: //p//word], [[FirefoxDriver: firefox on LINUX (358f877c-4143-452f-ab4d-589327eb2715)] -&gt; xpath: //p//word], [[FirefoxDriver: firefox on LINUX (358f877c-4143-452f-ab4d-589327eb2715)] -&gt; xpath: //p//word], [[FirefoxDriver: firefox on LINUX (358f877c-4143-452f-ab4d-589327eb2715)] -&gt; xpath: //p//word], [[FirefoxDriver: firefox on LINUX (358f877c-4143-452f-ab4d-589327eb2715)] -&gt; xpath: //p//word], [[FirefoxDriver: firefox on LINUX (358f877c-4143-452f-ab4d-589327eb2715)] -&gt; xpath: //p//word], [[FirefoxDriver: firefox on LINUX (358f877c-4143-452f-ab4d-589327eb2715)] -&gt; xpath: //p//word], [[FirefoxDriver: firefox on LINUX (358f877c-4143-452f-ab4d-589327eb2715)] -&gt; xpath: //p//word], [[FirefoxDriver: firefox on LINUX (358f877c-4143-452f-ab4d-589327eb2715)] -&gt; xpath: //p//word], [[FirefoxDriver: firefox on LINUX (358f877c-4143-452f-ab4d-589327eb2715)] -&gt; xpath: //p//word], [[FirefoxDriver: firefox on LINUX (358f877c-4143-452f-ab4d-589327eb2715)] -&gt; xpath: //p//word], [[FirefoxDriver: firefox on LINUX (358f877c-4143-452f-ab4d-589327eb2715)] -&gt; xpath: //p//word], [[FirefoxDriver: firefox on LINUX (358f877c-4143-452f-ab4d-589327eb2715)] -&gt; xpath: //p//word], [[FirefoxDriver: firefox on LINUX (358f877c-4143-452f-ab4d-589327eb2715)] -&gt; xpath: //p//word], [[FirefoxDriver: firefox on LINUX (358f877c-4143-452f-ab4d-589327eb2715)] -&gt; xpath: //p//word], [[FirefoxDriver: firefox on LINUX (358f877c-4143-452f-ab4d-589327eb2715)] -&gt; xpath: //p//word], [[FirefoxDriver: firefox on LINUX (358f877c-4143-452f-ab4d-589327eb2715)] -&gt; xpath: //p//word], [[FirefoxDriver: firefox on LINUX (358f877c-4143-452f-ab4d-589327eb2715)] -&gt; xpath: //p//word], [[FirefoxDriver: firefox on LINUX (358f877c-4143-452f-ab4d-589327eb2715)] -&gt; xpath: //p//word], [[FirefoxDriver: firefox on LINUX (358f877c-4143-452f-ab4d-589327eb2715)] -&gt; xpath: //p//word], [[FirefoxDriver: firefox on LINUX (358f877c-4143-452f-ab4d-589327eb2715)] -&gt; xpath: //p//word], [[FirefoxDriver: firefox on LINUX (358f877c-4143-452f-ab4d-589327eb2715)] -&gt; xpath: //p//word], [[FirefoxDriver: firefox on LINUX (358f877c-4143-452f-ab4d-589327eb2715)] -&gt; xpath: //p//word], [[FirefoxDriver: firefox on LINUX (358f877c-4143-452f-ab4d-589327eb2715)] -&gt; xpath: //p//word], [[FirefoxDriver: firefox on LINUX (358f877c-4143-452f-ab4d-589327eb2715)] -&gt; xpath: //p//word], [[FirefoxDriver: firefox on LINUX (358f877c-4143-452f-ab4d-589327eb2715)] -&gt; xpath: //p//word], [[FirefoxDriver: firefox on LINUX (358f877c-4143-452f-ab4d-589327eb2715)] -&gt; xpath: //p//word], [[FirefoxDriver: firefox on LINUX (358f877c-4143-452f-ab4d-589327eb2715)] -&gt; xpath: //p//word], [[FirefoxDriver: firefox on LINUX (358f877c-4143-452f-ab4d-589327eb2715)] -&gt; xpath: //p//word], [[FirefoxDriver: firefox on LINUX (358f877c-4143-452f-ab4d-589327eb2715)] -&gt; xpath: //p//word], [[FirefoxDriver: firefox on LINUX (358f877c-4143-452f-ab4d-589327eb2715)] -&gt; xpath: //p//word], [[FirefoxDriver: firefox on LINUX (358f877c-4143-452f-ab4d-589327eb2715)] -&gt; xpath: //p//word], [[FirefoxDriver: firefox on LINUX (358f877c-4143-452f-ab4d-589327eb2715)] -&gt; xpath: //p//word], [[FirefoxDriver: firefox on LINUX (358f877c-4143-452f-ab4d-589327eb2715)] -&gt; xpath: //p//word], [[FirefoxDriver: firefox on LINUX (358f877c-4143-452f-ab4d-589327eb2715)] -&gt; xpath: //p//word], [[FirefoxDriver: firefox on LINUX (358f877c-4143-452f-ab4d-589327eb2715)] -&gt; xpath: //p//word], [[FirefoxDriver: firefox on LINUX (358f877c-4143-452f-ab4d-589327eb2715)] -&gt; xpath: //p//word], [[FirefoxDriver: firefox on LINUX (358f877c-4143-452f-ab4d-589327eb2715)] -&gt; xpath: //p//word], [[FirefoxDriver: firefox on LINUX (358f877c-4143-452f-ab4d-589327eb2715)] -&gt; xpath: //p//word], [[FirefoxDriver: firefox on LINUX (358f877c-4143-452f-ab4d-589327eb2715)] -&gt; xpath: //p//word], [[FirefoxDriver: firefox on LINUX (358f877c-4143-452f-ab4d-589327eb2715)] -&gt; xpath: //p//word], [[FirefoxDriver: firefox on LINUX (358f877c-4143-452f-ab4d-589327eb2715)] -&gt; xpath: //p//word], [[FirefoxDriver: firefox on LINUX (358f877c-4143-452f-ab4d-589327eb2715)] -&gt; xpath: //p//word], [[FirefoxDriver: firefox on LINUX (358f877c-4143-452f-ab4d-589327eb2715)] -&gt; xpath: //p//word], [[FirefoxDriver: firefox on LINUX (358f877c-4143-452f-ab4d-589327eb2715)] -&gt; xpath: //p//word], [[FirefoxDriver: firefox on LINUX (358f877c-4143-452f-ab4d-589327eb2715)] -&gt; xpath: //p//word], [[FirefoxDriver: firefox on LINUX (358f877c-4143-452f-ab4d-589327eb2715)] -&gt; xpath: //p//word], [[FirefoxDriver: firefox on LINUX (358f877c-4143-452f-ab4d-589327eb2715)] -&gt; xpath: //p//word], [[FirefoxDriver: firefox on LINUX (358f877c-4143-452f-ab4d-589327eb2715)] -&gt; xpath: //p//word], [[FirefoxDriver: firefox on LINUX (358f877c-4143-452f-ab4d-589327eb2715)] -&gt; xpath: //p//word], [[FirefoxDriver: firefox on LINUX (358f877c-4143-452f-ab4d-589327eb2715)] -&gt; xpath: //p//word], [[FirefoxDriver: firefox on LINUX (358f877c-4143-452f-ab4d-589327eb2715)] -&gt; xpath: //p//word], [[FirefoxDriver: firefox on LINUX (358f877c-4143-452f-ab4d-589327eb2715)] -&gt; xpath: //p//word], [[FirefoxDriver: firefox on LINUX (358f877c-4143-452f-ab4d-589327eb2715)] -&gt; xpath: //p//word], [[FirefoxDriver: firefox on LINUX (358f877c-4143-452f-ab4d-589327eb2715)] -&gt; xpath: //p//word], [[FirefoxDriver: firefox on LINUX (358f877c-4143-452f-ab4d-589327eb2715)] -&gt; xpath: //p//word], [[FirefoxDriver: firefox on LINUX (358f877c-4143-452f-ab4d-589327eb2715)] -&gt; xpath: //p//word], [[FirefoxDriver: firefox on LINUX (358f877c-4143-452f-ab4d-589327eb2715)] -&gt; xpath: //p//word], [[FirefoxDriver: firefox on LINUX (358f877c-4143-452f-ab4d-589327eb2715)] -&gt; xpath: //p//word], [[FirefoxDriver: firefox on LINUX (358f877c-4143-452f-ab4d-589327eb2715)] -&gt; xpath: //p//word], [[FirefoxDriver: firefox on LINUX (358f877c-4143-452f-ab4d-589327eb2715)] -&gt; xpath: //p//word], [[FirefoxDriver: firefox on LINUX (358f877c-4143-452f-ab4d-589327eb2715)] -&gt; xpath: //p//word], [[FirefoxDriver: firefox on LINUX (358f877c-4143-452f-ab4d-589327eb2715)] -&gt; xpath: //p//word], [[FirefoxDriver: firefox on LINUX (358f877c-4143-452f-ab4d-589327eb2715)] -&gt; xpath: //p//word], [[FirefoxDriver: firefox on LINUX (358f877c-4143-452f-ab4d-589327eb2715)] -&gt; xpath: //p//word], [[FirefoxDriver: firefox on LINUX (358f877c-4143-452f-ab4d-589327eb2715)] -&gt; xpath: //p//word], [[FirefoxDriver: firefox on LINUX (358f877c-4143-452f-ab4d-589327eb2715)] -&gt; xpath: //p//word], [[FirefoxDriver: firefox on LINUX (358f877c-4143-452f-ab4d-589327eb2715)] -&gt; xpath: //p//word], [[FirefoxDriver: firefox on LINUX (358f877c-4143-452f-ab4d-589327eb2715)] -&gt; xpath: //p//word], [[FirefoxDriver: firefox on LINUX (358f877c-4143-452f-ab4d-589327eb2715)] -&gt; xpath: //p//word], [[FirefoxDriver: firefox on LINUX (358f877c-4143-452f-ab4d-589327eb2715)] -&gt; xpath: //p//word], [[FirefoxDriver: firefox on LINUX (358f877c-4143-452f-ab4d-589327eb2715)] -&gt; xpath: //p//word], [[FirefoxDriver: firefox on LINUX (358f877c-4143-452f-ab4d-589327eb2715)] -&gt; xpath: //p//word], [[FirefoxDriver: firefox on LINUX (358f877c-4143-452f-ab4d-589327eb2715)] -&gt; xpath: //p//word], [[FirefoxDriver: firefox on LINUX (358f877c-4143-452f-ab4d-589327eb2715)] -&gt; xpath: //p//word], [[FirefoxDriver: firefox on LINUX (358f877c-4143-452f-ab4d-589327eb2715)] -&gt; xpath: //p//word], [[FirefoxDriver: firefox on LINUX (358f877c-4143-452f-ab4d-589327eb2715)] -&gt; xpath: //p//word], [[FirefoxDriver: firefox on LINUX (358f877c-4143-452f-ab4d-589327eb2715)] -&gt; xpath: //p//word], [[FirefoxDriver: firefox on LINUX (358f877c-4143-452f-ab4d-589327eb2715)] -&gt; xpath: //p//word], [[FirefoxDriver: firefox on LINUX (358f877c-4143-452f-ab4d-589327eb2715)] -&gt; xpath: //p//word], [[FirefoxDriver: firefox on LINUX (358f877c-4143-452f-ab4d-589327eb2715)] -&gt; xpath: //p//word], [[FirefoxDriver: firefox on LINUX (358f877c-4143-452f-ab4d-589327eb2715)] -&gt; xpath: //p//word], [[FirefoxDriver: firefox on LINUX (358f877c-4143-452f-ab4d-589327eb2715)] -&gt; xpath: //p//word], [[FirefoxDriver: firefox on LINUX (358f877c-4143-452f-ab4d-589327eb2715)] -&gt; xpath: //p//word], [[FirefoxDriver: firefox on LINUX (358f877c-4143-452f-ab4d-589327eb2715)] -&gt; xpath: //p//word], [[FirefoxDriver: firefox on LINUX (358f877c-4143-452f-ab4d-589327eb2715)] -&gt; xpath: //p//word], [[FirefoxDriver: firefox on LINUX (358f877c-4143-452f-ab4d-589327eb2715)] -&gt; xpath: //p//word], [[FirefoxDriver: firefox on LINUX (358f877c-4143-452f-ab4d-589327eb2715)] -&gt; xpath: //p//word], [[FirefoxDriver: firefox on LINUX (358f877c-4143-452f-ab4d-589327eb2715)] -&gt; xpath: //p//word], [[FirefoxDriver: firefox on LINUX (358f877c-4143-452f-ab4d-589327eb2715)] -&gt; xpath: //p//word], [[FirefoxDriver: firefox on LINUX (358f877c-4143-452f-ab4d-589327eb2715)] -&gt; xpath: //p//word], [[FirefoxDriver: firefox on LINUX (358f877c-4143-452f-ab4d-589327eb2715)] -&gt; xpath: //p//word], [[FirefoxDriver: firefox on LINUX (358f877c-4143-452f-ab4d-589327eb2715)] -&gt; xpath: //p//word], [[FirefoxDriver: firefox on LINUX (358f877c-4143-452f-ab4d-589327eb2715)] -&gt; xpath: //p//word], [[FirefoxDriver: firefox on LINUX (358f877c-4143-452f-ab4d-589327eb2715)] -&gt; xpath: //p//word], [[FirefoxDriver: firefox on LINUX (358f877c-4143-452f-ab4d-589327eb2715)] -&gt; xpath: //p//word], [[FirefoxDriver: firefox on LINUX (358f877c-4143-452f-ab4d-589327eb2715)] -&gt; xpath: //p//word], [[FirefoxDriver: firefox on LINUX (358f877c-4143-452f-ab4d-589327eb2715)] -&gt; xpath: //p//word], [[FirefoxDriver: firefox on LINUX (358f877c-4143-452f-ab4d-589327eb2715)] -&gt; xpath: //p//word], [[FirefoxDriver: firefox on LINUX (358f877c-4143-452f-ab4d-589327eb2715)] -&gt; xpath: //p//word], [[FirefoxDriver: firefox on LINUX (358f877c-4143-452f-ab4d-589327eb2715)] -&gt; xpath: //p//word], [[FirefoxDriver: firefox on LINUX (358f877c-4143-452f-ab4d-589327eb2715)] -&gt; xpath: //p//word], [[FirefoxDriver: firefox on LINUX (358f877c-4143-452f-ab4d-589327eb2715)] -&gt; xpath: //p//word], [[FirefoxDriver: firefox on LINUX (358f877c-4143-452f-ab4d-589327eb2715)] -&gt; xpath: //p//word], [[FirefoxDriver: firefox on LINUX (358f877c-4143-452f-ab4d-589327eb2715)] -&gt; xpath: //p//word], [[FirefoxDriver: firefox on LINUX (358f877c-4143-452f-ab4d-589327eb2715)] -&gt; xpath: //p//word], [[FirefoxDriver: firefox on LINUX (358f877c-4143-452f-ab4d-589327eb2715)] -&gt; xpath: //p//word], [[FirefoxDriver: firefox on LINUX (358f877c-4143-452f-ab4d-589327eb2715)] -&gt; xpath: //p//word], [[FirefoxDriver: firefox on LINUX (358f877c-4143-452f-ab4d-589327eb2715)] -&gt; xpath: //p//word], [[FirefoxDriver: firefox on LINUX (358f877c-4143-452f-ab4d-589327eb2715)] -&gt; xpath: //p//word], [[FirefoxDriver: firefox on LINUX (358f877c-4143-452f-ab4d-589327eb2715)] -&gt; xpath: //p//word], [[FirefoxDriver: firefox on LINUX (358f877c-4143-452f-ab4d-589327eb2715)] -&gt; xpath: //p//word], [[FirefoxDriver: firefox on LINUX (358f877c-4143-452f-ab4d-589327eb2715)] -&gt; xpath: //p//word], [[FirefoxDriver: firefox on LINUX (358f877c-4143-452f-ab4d-589327eb2715)] -&gt; xpath: //p//word], [[FirefoxDriver: firefox on LINUX (358f877c-4143-452f-ab4d-589327eb2715)] -&gt; xpath: //p//word], [[FirefoxDriver: firefox on LINUX (358f877c-4143-452f-ab4d-589327eb2715)] -&gt; xpath: //p//word], [[FirefoxDriver: firefox on LINUX (358f877c-4143-452f-ab4d-589327eb2715)] -&gt; xpath: //p//word], [[FirefoxDriver: firefox on LINUX (358f877c-4143-452f-ab4d-589327eb2715)] -&gt; xpath: //p//word], [[FirefoxDriver: firefox on LINUX (358f877c-4143-452f-ab4d-589327eb2715)] -&gt; xpath: //p//word], [[FirefoxDriver: firefox on LINUX (358f877c-4143-452f-ab4d-589327eb2715)] -&gt; xpath: //p//word], [[FirefoxDriver: firefox on LINUX (358f877c-4143-452f-ab4d-589327eb2715)] -&gt; xpath: //p//word], [[FirefoxDriver: firefox on LINUX (358f877c-4143-452f-ab4d-589327eb2715)] -&gt; xpath: //p//word], [[FirefoxDriver: firefox on LINUX (358f877c-4143-452f-ab4d-589327eb2715)] -&gt; xpath: //p//word], [[FirefoxDriver: firefox on LINUX (358f877c-4143-452f-ab4d-589327eb2715)] -&gt; xpath: //p//word], [[FirefoxDriver: firefox on LINUX (358f877c-4143-452f-ab4d-589327eb2715)] -&gt; xpath: //p//word], [[FirefoxDriver: firefox on LINUX (358f877c-4143-452f-ab4d-589327eb2715)] -&gt; xpath: //p//word], [[FirefoxDriver: firefox on LINUX (358f877c-4143-452f-ab4d-589327eb2715)] -&gt; xpath: //p//word], [[FirefoxDriver: firefox on LINUX (358f877c-4143-452f-ab4d-589327eb2715)] -&gt; xpath: //p//word], [[FirefoxDriver: firefox on LINUX (358f877c-4143-452f-ab4d-589327eb2715)] -&gt; xpath: //p//word], [[FirefoxDriver: firefox on LINUX (358f877c-4143-452f-ab4d-589327eb2715)] -&gt; xpath: //p//word], [[FirefoxDriver: firefox on LINUX (358f877c-4143-452f-ab4d-589327eb2715)] -&gt; xpath: //p//word], [[FirefoxDriver: firefox on LINUX (358f877c-4143-452f-ab4d-589327eb2715)] -&gt; xpath: //p//word], [[FirefoxDriver: firefox on LINUX (358f877c-4143-452f-ab4d-589327eb2715)] -&gt; xpath: //p//word], [[FirefoxDriver: firefox on LINUX (358f877c-4143-452f-ab4d-589327eb2715)] -&gt; xpath: //p//word], [[FirefoxDriver: firefox on LINUX (358f877c-4143-452f-ab4d-589327eb2715)] -&gt; xpath: //p//word], [[FirefoxDriver: firefox on LINUX (358f877c-4143-452f-ab4d-589327eb2715)] -&gt; xpath: //p//word], [[FirefoxDriver: firefox on LINUX (358f877c-4143-452f-ab4d-589327eb2715)] -&gt; xpath: //p//word], [[FirefoxDriver: firefox on LINUX (358f877c-4143-452f-ab4d-589327eb2715)] -&gt; xpath: //p//word], [[FirefoxDriver: firefox on LINUX (358f877c-4143-452f-ab4d-589327eb2715)] -&gt; xpath: //p//word], [[FirefoxDriver: firefox on LINUX (358f877c-4143-452f-ab4d-589327eb2715)] -&gt; xpath: //p//word], [[FirefoxDriver: firefox on LINUX (358f877c-4143-452f-ab4d-589327eb2715)] -&gt; xpath: //p//word], [[FirefoxDriver: firefox on LINUX (358f877c-4143-452f-ab4d-589327eb2715)] -&gt; xpath: //p//word], [[FirefoxDriver: firefox on LINUX (358f877c-4143-452f-ab4d-589327eb2715)] -&gt; xpath: //p//word], [[FirefoxDriver: firefox on LINUX (358f877c-4143-452f-ab4d-589327eb2715)] -&gt; xpath: //p//word], [[FirefoxDriver: firefox on LINUX (358f877c-4143-452f-ab4d-589327eb2715)] -&gt; xpath: //p//word], [[FirefoxDriver: firefox on LINUX (358f877c-4143-452f-ab4d-589327eb2715)] -&gt; xpath: //p//word], [[FirefoxDriver: firefox on LINUX (358f877c-4143-452f-ab4d-589327eb2715)] -&gt; xpath: //p//word], [[FirefoxDriver: firefox on LINUX (358f877c-4143-452f-ab4d-589327eb2715)] -&gt; xpath: //p//word], [[FirefoxDriver: firefox on LINUX (358f877c-4143-452f-ab4d-589327eb2715)] -&gt; xpath: //p//word], [[FirefoxDriver: firefox on LINUX (358f877c-4143-452f-ab4d-589327eb2715)] -&gt; xpath: //p//word], [[FirefoxDriver: firefox on LINUX (358f877c-4143-452f-ab4d-589327eb2715)] -&gt; xpath: //p//word], [[FirefoxDriver: firefox on LINUX (358f877c-4143-452f-ab4d-589327eb2715)] -&gt; xpath: //p//word], [[FirefoxDriver: firefox on LINUX (358f877c-4143-452f-ab4d-589327eb2715)] -&gt; xpath: //p//word], [[FirefoxDriver: firefox on LINUX (358f877c-4143-452f-ab4d-589327eb2715)] -&gt; xpath: //p//word], [[FirefoxDriver: firefox on LINUX (358f877c-4143-452f-ab4d-589327eb2715)] -&gt; xpath: //p//word], [[FirefoxDriver: firefox on LINUX (358f877c-4143-452f-ab4d-589327eb2715)] -&gt; xpath: //p//word], [[FirefoxDriver: firefox on LINUX (358f877c-4143-452f-ab4d-589327eb2715)] -&gt; xpath: //p//word], [[FirefoxDriver: firefox on LINUX (358f877c-4143-452f-ab4d-589327eb2715)] -&gt; xpath: //p//word], [[FirefoxDriver: firefox on LINUX (358f877c-4143-452f-ab4d-589327eb2715)] -&gt; xpath: //p//word], [[FirefoxDriver: firefox on LINUX (358f877c-4143-452f-ab4d-589327eb2715)] -&gt; xpath: //p//word], [[FirefoxDriver: firefox on LINUX (358f877c-4143-452f-ab4d-589327eb2715)] -&gt; xpath: //p//word], [[FirefoxDriver: firefox on LINUX (358f877c-4143-452f-ab4d-589327eb2715)] -&gt; xpath: //p//word], [[FirefoxDriver: firefox on LINUX (358f877c-4143-452f-ab4d-589327eb2715)] -&gt; xpath: //p//word], [[FirefoxDriver: firefox on LINUX (358f877c-4143-452f-ab4d-589327eb2715)] -&gt; xpath: //p//word], [[FirefoxDriver: firefox on LINUX (358f877c-4143-452f-ab4d-589327eb2715)] -&gt; xpath: //p//word], [[FirefoxDriver: firefox on LINUX (358f877c-4143-452f-ab4d-589327eb2715)] -&gt; xpath: //p//word], [[FirefoxDriver: firefox on LINUX (358f877c-4143-452f-ab4d-589327eb2715)] -&gt; xpath: //p//word], [[FirefoxDriver: firefox on LINUX (358f877c-4143-452f-ab4d-589327eb2715)] -&gt; xpath: //p//word], [[FirefoxDriver: firefox on LINUX (358f877c-4143-452f-ab4d-589327eb2715)] -&gt; xpath: //p//word], [[FirefoxDriver: firefox on LINUX (358f877c-4143-452f-ab4d-589327eb2715)] -&gt; xpath: //p//word], [[FirefoxDriver: firefox on LINUX (358f877c-4143-452f-ab4d-589327eb2715)] -&gt; xpath: //p//word], [[FirefoxDriver: firefox on LINUX (358f877c-4143-452f-ab4d-589327eb2715)] -&gt; xpath: //p//word], [[FirefoxDriver: firefox on LINUX (358f877c-4143-452f-ab4d-589327eb2715)] -&gt; xpath: //p//word], [[FirefoxDriver: firefox on LINUX (358f877c-4143-452f-ab4d-589327eb2715)] -&gt; xpath: //p//word], [[FirefoxDriver: firefox on LINUX (358f877c-4143-452f-ab4d-589327eb2715)] -&gt; xpath: //p//word], [[FirefoxDriver: firefox on LINUX (358f877c-4143-452f-ab4d-589327eb2715)] -&gt; xpath: //p//word], [[FirefoxDriver: firefox on LINUX (358f877c-4143-452f-ab4d-589327eb2715)] -&gt; xpath: //p//word], [[FirefoxDriver: firefox on LINUX (358f877c-4143-452f-ab4d-589327eb2715)] -&gt; xpath: //p//word], [[FirefoxDriver: firefox on LINUX (358f877c-4143-452f-ab4d-589327eb2715)] -&gt; xpath: //p//word], [[FirefoxDriver: firefox on LINUX (358f877c-4143-452f-ab4d-589327eb2715)] -&gt; xpath: //p//word], [[FirefoxDriver: firefox on LINUX (358f877c-4143-452f-ab4d-589327eb2715)] -&gt; xpath: //p//word], [[FirefoxDriver: firefox on LINUX (358f877c-4143-452f-ab4d-589327eb2715)] -&gt; xpath: //p//word], [[FirefoxDriver: firefox on LINUX (358f877c-4143-452f-ab4d-589327eb2715)] -&gt; xpath: //p//word], [[FirefoxDriver: firefox on LINUX (358f877c-4143-452f-ab4d-589327eb2715)] -&gt; xpath: //p//word], [[FirefoxDriver: firefox on LINUX (358f877c-4143-452f-ab4d-589327eb2715)] -&gt; xpath: //p//word], [[FirefoxDriver: firefox on LINUX (358f877c-4143-452f-ab4d-589327eb2715)] -&gt; xpath: //p//word], [[FirefoxDriver: firefox on LINUX (358f877c-4143-452f-ab4d-589327eb2715)] -&gt; xpath: //p//word], [[FirefoxDriver: firefox on LINUX (358f877c-4143-452f-ab4d-589327eb2715)] -&gt; xpath: //p//word], [[FirefoxDriver: firefox on LINUX (358f877c-4143-452f-ab4d-589327eb2715)] -&gt; xpath: //p//word], [[FirefoxDriver: firefox on LINUX (358f877c-4143-452f-ab4d-589327eb2715)] -&gt; xpath: //p//word], [[FirefoxDriver: firefox on LINUX (358f877c-4143-452f-ab4d-589327eb2715)] -&gt; xpath: //p//word], [[FirefoxDriver: firefox on LINUX (358f877c-4143-452f-ab4d-589327eb2715)] -&gt; xpath: //p//word], [[FirefoxDriver: firefox on LINUX (358f877c-4143-452f-ab4d-589327eb2715)] -&gt; xpath: //p//word], [[FirefoxDriver: firefox on LINUX (358f877c-4143-452f-ab4d-589327eb2715)] -&gt; xpath: //p//word], [[FirefoxDriver: firefox on LINUX (358f877c-4143-452f-ab4d-589327eb2715)] -&gt; xpath: //p//word], [[FirefoxDriver: firefox on LINUX (358f877c-4143-452f-ab4d-589327eb2715)] -&gt; xpath: //p//word], [[FirefoxDriver: firefox on LINUX (358f877c-4143-452f-ab4d-589327eb2715)] -&gt; xpath: //p//word], [[FirefoxDriver: firefox on LINUX (358f877c-4143-452f-ab4d-589327eb2715)] -&gt; xpath: //p//word], [[FirefoxDriver: firefox on LINUX (358f877c-4143-452f-ab4d-589327eb2715)] -&gt; xpath: //p//word], [[FirefoxDriver: firefox on LINUX (358f877c-4143-452f-ab4d-589327eb2715)] -&gt; xpath: //p//word], [[FirefoxDriver: firefox on LINUX (358f877c-4143-452f-ab4d-589327eb2715)] -&gt; xpath: //p//word], [[FirefoxDriver: firefox on LINUX (358f877c-4143-452f-ab4d-589327eb2715)] -&gt; xpath: //p//word], [[FirefoxDriver: firefox on LINUX (358f877c-4143-452f-ab4d-589327eb2715)] -&gt; xpath: //p//word], [[FirefoxDriver: firefox on LINUX (358f877c-4143-452f-ab4d-589327eb2715)] -&gt; xpath: //p//word], [[FirefoxDriver: firefox on LINUX (358f877c-4143-452f-ab4d-589327eb2715)] -&gt; xpath: //p//word], [[FirefoxDriver: firefox on LINUX (358f877c-4143-452f-ab4d-589327eb2715)] -&gt; xpath: //p//word], [[FirefoxDriver: firefox on LINUX (358f877c-4143-452f-ab4d-589327eb2715)] -&gt; xpath: //p//word], [[FirefoxDriver: firefox on LINUX (358f877c-4143-452f-ab4d-589327eb2715)] -&gt; xpath: //p//word], [[FirefoxDriver: firefox on LINUX (358f877c-4143-452f-ab4d-589327eb2715)] -&gt; xpath: //p//word], [[FirefoxDriver: firefox on LINUX (358f877c-4143-452f-ab4d-589327eb2715)] -&gt; xpath: //p//word], [[FirefoxDriver: firefox on LINUX (358f877c-4143-452f-ab4d-589327eb2715)] -&gt; xpath: //p//word], [[FirefoxDriver: firefox on LINUX (358f877c-4143-452f-ab4d-589327eb2715)] -&gt; xpath: //p//word], [[FirefoxDriver: firefox on LINUX (358f877c-4143-452f-ab4d-589327eb2715)] -&gt; xpath: //p//word], [[FirefoxDriver: firefox on LINUX (358f877c-4143-452f-ab4d-589327eb2715)] -&gt; xpath: //p//word], [[FirefoxDriver: firefox on LINUX (358f877c-4143-452f-ab4d-589327eb2715)] -&gt; xpath: //p//word], [[FirefoxDriver: firefox on LINUX (358f877c-4143-452f-ab4d-589327eb2715)] -&gt; xpath: //p//word], [[FirefoxDriver: firefox on LINUX (358f877c-4143-452f-ab4d-589327eb2715)] -&gt; xpath: //p//word], [[FirefoxDriver: firefox on LINUX (358f877c-4143-452f-ab4d-589327eb2715)] -&gt; xpath: //p//word], [[FirefoxDriver: firefox on LINUX (358f877c-4143-452f-ab4d-589327eb2715)] -&gt; xpath: //p//word], [[FirefoxDriver: firefox on LINUX (358f877c-4143-452f-ab4d-589327eb2715)] -&gt; xpath: //p//word], [[FirefoxDriver: firefox on LINUX (358f877c-4143-452f-ab4d-589327eb2715)] -&gt; xpath: //p//word], [[FirefoxDriver: firefox on LINUX (358f877c-4143-452f-ab4d-589327eb2715)] -&gt; xpath: //p//word], [[FirefoxDriver: firefox on LINUX (358f877c-4143-452f-ab4d-589327eb2715)] -&gt; xpath: //p//word], [[FirefoxDriver: firefox on LINUX (358f877c-4143-452f-ab4d-589327eb2715)] -&gt; xpath: //p//word], [[FirefoxDriver: firefox on LINUX (358f877c-4143-452f-ab4d-589327eb2715)] -&gt; xpath: //p//word], [[FirefoxDriver: firefox on LINUX (358f877c-4143-452f-ab4d-589327eb2715)] -&gt; xpath: //p//word], [[FirefoxDriver: firefox on LINUX (358f877c-4143-452f-ab4d-589327eb2715)] -&gt; xpath: //p//word], [[FirefoxDriver: firefox on LINUX (358f877c-4143-452f-ab4d-589327eb2715)] -&gt; xpath: //p//word], [[FirefoxDriver: firefox on LINUX (358f877c-4143-452f-ab4d-589327eb2715)] -&gt; xpath: //p//word], [[FirefoxDriver: firefox on LINUX (358f877c-4143-452f-ab4d-589327eb2715)] -&gt; xpath: //p//word], [[FirefoxDriver: firefox on LINUX (358f877c-4143-452f-ab4d-589327eb2715)] -&gt; xpath: //p//word], [[FirefoxDriver: firefox on LINUX (358f877c-4143-452f-ab4d-589327eb2715)] -&gt; xpath: //p//word], [[FirefoxDriver: firefox on LINUX (358f877c-4143-452f-ab4d-589327eb2715)] -&gt; xpath: //p//word], [[FirefoxDriver: firefox on LINUX (358f877c-4143-452f-ab4d-589327eb2715)] -&gt; xpath: //p//word], [[FirefoxDriver: firefox on LINUX (358f877c-4143-452f-ab4d-589327eb2715)] -&gt; xpath: //p//word], [[FirefoxDriver: firefox on LINUX (358f877c-4143-452f-ab4d-589327eb2715)] -&gt; xpath: //p//word], [[FirefoxDriver: firefox on LINUX (358f877c-4143-452f-ab4d-589327eb2715)] -&gt; xpath: //p//word], [[FirefoxDriver: firefox on LINUX (358f877c-4143-452f-ab4d-589327eb2715)] -&gt; xpath: //p//word], [[FirefoxDriver: firefox on LINUX (358f877c-4143-452f-ab4d-589327eb2715)] -&gt; xpath: //p//word], [[FirefoxDriver: firefox on LINUX (358f877c-4143-452f-ab4d-589327eb2715)] -&gt; xpath: //p//word], [[FirefoxDriver: firefox on LINUX (358f877c-4143-452f-ab4d-589327eb2715)] -&gt; xpath: //p//word], [[FirefoxDriver: firefox on LINUX (358f877c-4143-452f-ab4d-589327eb2715)] -&gt; xpath: //p//word], [[FirefoxDriver: firefox on LINUX (358f877c-4143-452f-ab4d-589327eb2715)] -&gt; xpath: //p//word], [[FirefoxDriver: firefox on LINUX (358f877c-4143-452f-ab4d-589327eb2715)] -&gt; xpath: //p//word], [[FirefoxDriver: firefox on LINUX (358f877c-4143-452f-ab4d-589327eb2715)] -&gt; xpath: //p//word], [[FirefoxDriver: firefox on LINUX (358f877c-4143-452f-ab4d-589327eb2715)] -&gt; xpath: //p//word], [[FirefoxDriver: firefox on LINUX (358f877c-4143-452f-ab4d-589327eb2715)] -&gt; xpath: //p//word], [[FirefoxDriver: firefox on LINUX (358f877c-4143-452f-ab4d-589327eb2715)] -&gt; xpath: //p//word], [[FirefoxDriver: firefox on LINUX (358f877c-4143-452f-ab4d-589327eb2715)] -&gt; xpath: //p//word], [[FirefoxDriver: firefox on LINUX (358f877c-4143-452f-ab4d-589327eb2715)] -&gt; xpath: //p//word], [[FirefoxDriver: firefox on LINUX (358f877c-4143-452f-ab4d-589327eb2715)] -&gt; xpath: //p//word], [[FirefoxDriver: firefox on LINUX (358f877c-4143-452f-ab4d-589327eb2715)] -&gt; xpath: //p//word], [[FirefoxDriver: firefox on LINUX (358f877c-4143-452f-ab4d-589327eb2715)] -&gt; xpath: //p//word], [[FirefoxDriver: firefox on LINUX (358f877c-4143-452f-ab4d-589327eb2715)] -&gt; xpath: //p//word], [[FirefoxDriver: firefox on LINUX (358f877c-4143-452f-ab4d-589327eb2715)] -&gt; xpath: //p//word], [[FirefoxDriver: firefox on LINUX (358f877c-4143-452f-ab4d-589327eb2715)] -&gt; xpath: //p//word], [[FirefoxDriver: firefox on LINUX (358f877c-4143-452f-ab4d-589327eb2715)] -&gt; xpath: //p//word], [[FirefoxDriver: firefox on LINUX (358f877c-4143-452f-ab4d-589327eb2715)] -&gt; xpath: //p//word], [[FirefoxDriver: firefox on LINUX (358f877c-4143-452f-ab4d-589327eb2715)] -&gt; xpath: //p//word], [[FirefoxDriver: firefox on LINUX (358f877c-4143-452f-ab4d-589327eb2715)] -&gt; xpath: //p//word], [[FirefoxDriver: firefox on LINUX (358f877c-4143-452f-ab4d-589327eb2715)] -&gt; xpath: //p//word], [[FirefoxDriver: firefox on LINUX (358f877c-4143-452f-ab4d-589327eb2715)] -&gt; xpath: //p//word], [[FirefoxDriver: firefox on LINUX (358f877c-4143-452f-ab4d-589327eb2715)] -&gt; xpath: //p//word], [[FirefoxDriver: firefox on LINUX (358f877c-4143-452f-ab4d-589327eb2715)] -&gt; xpath: //p//word], [[FirefoxDriver: firefox on LINUX (358f877c-4143-452f-ab4d-589327eb2715)] -&gt; xpath: //p//word], [[FirefoxDriver: firefox on LINUX (358f877c-4143-452f-ab4d-589327eb2715)] -&gt; xpath: //p//word], [[FirefoxDriver: firefox on LINUX (358f877c-4143-452f-ab4d-589327eb2715)] -&gt; xpath: //p//word], [[FirefoxDriver: firefox on LINUX (358f877c-4143-452f-ab4d-589327eb2715)] -&gt; xpath: //p//word], [[FirefoxDriver: firefox on LINUX (358f877c-4143-452f-ab4d-589327eb2715)] -&gt; xpath: //p//word], [[FirefoxDriver: firefox on LINUX (358f877c-4143-452f-ab4d-589327eb2715)] -&gt; xpath: //p//word], [[FirefoxDriver: firefox on LINUX (358f877c-4143-452f-ab4d-589327eb2715)] -&gt; xpath: //p//word], [[FirefoxDriver: firefox on LINUX (358f877c-4143-452f-ab4d-589327eb2715)] -&gt; xpath: //p//word], [[FirefoxDriver: firefox on LINUX (358f877c-4143-452f-ab4d-589327eb2715)] -&gt; xpath: //p//word], [[FirefoxDriver: firefox on LINUX (358f877c-4143-452f-ab4d-589327eb2715)] -&gt; xpath: //p//word], [[FirefoxDriver: firefox on LINUX (358f877c-4143-452f-ab4d-589327eb2715)] -&gt; xpath: //p//word], [[FirefoxDriver: firefox on LINUX (358f877c-4143-452f-ab4d-589327eb2715)] -&gt; xpath: //p//word], [[FirefoxDriver: firefox on LINUX (358f877c-4143-452f-ab4d-589327eb2715)] -&gt; xpath: //p//word], [[FirefoxDriver: firefox on LINUX (358f877c-4143-452f-ab4d-589327eb2715)] -&gt; xpath: //p//word], [[FirefoxDriver: firefox on LINUX (358f877c-4143-452f-ab4d-589327eb2715)] -&gt; xpath: //p//word], [[FirefoxDriver: firefox on LINUX (358f877c-4143-452f-ab4d-589327eb2715)] -&gt; xpath: //p//word], [[FirefoxDriver: firefox on LINUX (358f877c-4143-452f-ab4d-589327eb2715)] -&gt; xpath: //p//word], [[FirefoxDriver: firefox on LINUX (358f877c-4143-452f-ab4d-589327eb2715)] -&gt; xpath: //p//word], [[FirefoxDriver: firefox on LINUX (358f877c-4143-452f-ab4d-589327eb2715)] -&gt; xpath: //p//word], [[FirefoxDriver: firefox on LINUX (358f877c-4143-452f-ab4d-589327eb2715)] -&gt; xpath: //p//word], [[FirefoxDriver: firefox on LINUX (358f877c-4143-452f-ab4d-589327eb2715)] -&gt; xpath: //p//word], [[FirefoxDriver: firefox on LINUX (358f877c-4143-452f-ab4d-589327eb2715)] -&gt; xpath: //p//word], [[FirefoxDriver: firefox on LINUX (358f877c-4143-452f-ab4d-589327eb2715)] -&gt; xpath: //p//word], [[FirefoxDriver: firefox on LINUX (358f877c-4143-452f-ab4d-589327eb2715)] -&gt; xpath: //p//word], [[FirefoxDriver: firefox on LINUX (358f877c-4143-452f-ab4d-589327eb2715)] -&gt; xpath: //p//word], [[FirefoxDriver: firefox on LINUX (358f877c-4143-452f-ab4d-589327eb2715)] -&gt; xpath: //p//word], [[FirefoxDriver: firefox on LINUX (358f877c-4143-452f-ab4d-589327eb2715)] -&gt; xpath: //p//word], [[FirefoxDriver: firefox on LINUX (358f877c-4143-452f-ab4d-589327eb2715)] -&gt; xpath: //p//word], [[FirefoxDriver: firefox on LINUX (358f877c-4143-452f-ab4d-589327eb2715)] -&gt; xpath: //p//word], [[FirefoxDriver: firefox on LINUX (358f877c-4143-452f-ab4d-589327eb2715)] -&gt; xpath: //p//word], [[FirefoxDriver: firefox on LINUX (358f877c-4143-452f-ab4d-589327eb2715)] -&gt; xpath: //p//word], [[FirefoxDriver: firefox on LINUX (358f877c-4143-452f-ab4d-589327eb2715)] -&gt; xpath: //p//word], [[FirefoxDriver: firefox on LINUX (358f877c-4143-452f-ab4d-589327eb2715)] -&gt; xpath: //p//word], [[FirefoxDriver: firefox on LINUX (358f877c-4143-452f-ab4d-589327eb2715)] -&gt; xpath: //p//word], [[FirefoxDriver: firefox on LINUX (358f877c-4143-452f-ab4d-589327eb2715)] -&gt; xpath: //p//word], [[FirefoxDriver: firefox on LINUX (358f877c-4143-452f-ab4d-589327eb2715)] -&gt; xpath: //p//word], [[FirefoxDriver: firefox on LINUX (358f877c-4143-452f-ab4d-589327eb2715)] -&gt; xpath: //p//word], [[FirefoxDriver: firefox on LINUX (358f877c-4143-452f-ab4d-589327eb2715)] -&gt; xpath: //p//word], [[FirefoxDriver: firefox on LINUX (358f877c-4143-452f-ab4d-589327eb2715)] -&gt; xpath: //p//word], [[FirefoxDriver: firefox on LINUX (358f877c-4143-452f-ab4d-589327eb2715)] -&gt; xpath: //p//word], [[FirefoxDriver: firefox on LINUX (358f877c-4143-452f-ab4d-589327eb2715)] -&gt; xpath: //p//word], [[FirefoxDriver: firefox on LINUX (358f877c-4143-452f-ab4d-589327eb2715)] -&gt; xpath: //p//word], [[FirefoxDriver: firefox on LINUX (358f877c-4143-452f-ab4d-589327eb2715)] -&gt; xpath: //p//word], [[FirefoxDriver: firefox on LINUX (358f877c-4143-452f-ab4d-589327eb2715)] -&gt; xpath: //p//word], [[FirefoxDriver: firefox on LINUX (358f877c-4143-452f-ab4d-589327eb2715)] -&gt; xpath: //p//word], [[FirefoxDriver: firefox on LINUX (358f877c-4143-452f-ab4d-589327eb2715)] -&gt; xpath: //p//word], [[FirefoxDriver: firefox on LINUX (358f877c-4143-452f-ab4d-589327eb2715)] -&gt; xpath: //p//word], [[FirefoxDriver: firefox on LINUX (358f877c-4143-452f-ab4d-589327eb2715)] -&gt; xpath: //p//word], [[FirefoxDriver: firefox on LINUX (358f877c-4143-452f-ab4d-589327eb2715)] -&gt; xpath: //p//word], [[FirefoxDriver: firefox on LINUX (358f877c-4143-452f-ab4d-589327eb2715)] -&gt; xpath: //p//word], [[FirefoxDriver: firefox on LINUX (358f877c-4143-452f-ab4d-589327eb2715)] -&gt; xpath: //p//word], [[FirefoxDriver: firefox on LINUX (358f877c-4143-452f-ab4d-589327eb2715)] -&gt; xpath: //p//word], [[FirefoxDriver: firefox on LINUX (358f877c-4143-452f-ab4d-589327eb2715)] -&gt; xpath: //p//word], [[FirefoxDriver: firefox on LINUX (358f877c-4143-452f-ab4d-589327eb2715)] -&gt; xpath: //p//word], [[FirefoxDriver: firefox on LINUX (358f877c-4143-452f-ab4d-589327eb2715)] -&gt; xpath: //p//word], [[FirefoxDriver: firefox on LINUX (358f877c-4143-452f-ab4d-589327eb2715)] -&gt; xpath: //p//word], [[FirefoxDriver: firefox on LINUX (358f877c-4143-452f-ab4d-589327eb2715)] -&gt; xpath: //p//word], [[FirefoxDriver: firefox on LINUX (358f877c-4143-452f-ab4d-589327eb2715)] -&gt; xpath: //p//word], [[FirefoxDriver: firefox on LINUX (358f877c-4143-452f-ab4d-589327eb2715)] -&gt; xpath: //p//word], [[FirefoxDriver: firefox on LINUX (358f877c-4143-452f-ab4d-589327eb2715)] -&gt; xpath: //p//word], [[FirefoxDriver: firefox on LINUX (358f877c-4143-452f-ab4d-589327eb2715)] -&gt; xpath: //p//word], [[FirefoxDriver: firefox on LINUX (358f877c-4143-452f-ab4d-589327eb2715)] -&gt; xpath: //p//word], [[FirefoxDriver: firefox on LINUX (358f877c-4143-452f-ab4d-589327eb2715)] -&gt; xpath: //p//word], [[FirefoxDriver: firefox on LINUX (358f877c-4143-452f-ab4d-589327eb2715)] -&gt; xpath: //p//word], [[FirefoxDriver: firefox on LINUX (358f877c-4143-452f-ab4d-589327eb2715)] -&gt; xpath: //p//word], [[FirefoxDriver: firefox on LINUX (358f877c-4143-452f-ab4d-589327eb2715)] -&gt; xpath: //p//word], [[FirefoxDriver: firefox on LINUX (358f877c-4143-452f-ab4d-589327eb2715)] -&gt; xpath: //p//word], [[FirefoxDriver: firefox on LINUX (358f877c-4143-452f-ab4d-589327eb2715)] -&gt; xpath: //p//word], [[FirefoxDriver: firefox on LINUX (358f877c-4143-452f-ab4d-589327eb2715)] -&gt; xpath: //p//word], [[FirefoxDriver: firefox on LINUX (358f877c-4143-452f-ab4d-589327eb2715)] -&gt; xpath: //p//word], [[FirefoxDriver: firefox on LINUX (358f877c-4143-452f-ab4d-589327eb2715)] -&gt; xpath: //p//word], [[FirefoxDriver: firefox on LINUX (358f877c-4143-452f-ab4d-589327eb2715)] -&gt; xpath: //p//word], [[FirefoxDriver: firefox on LINUX (358f877c-4143-452f-ab4d-589327eb2715)] -&gt; xpath: //p//word], [[FirefoxDriver: firefox on LINUX (358f877c-4143-452f-ab4d-589327eb2715)] -&gt; xpath: //p//word], [[FirefoxDriver: firefox on LINUX (358f877c-4143-452f-ab4d-589327eb2715)] -&gt; xpath: //p//word], [[FirefoxDriver: firefox on LINUX (358f877c-4143-452f-ab4d-589327eb2715)] -&gt; xpath: //p//word], [[FirefoxDriver: firefox on LINUX (358f877c-4143-452f-ab4d-589327eb2715)] -&gt; xpath: //p//word], [[FirefoxDriver: firefox on LINUX (358f877c-4143-452f-ab4d-589327eb2715)] -&gt; xpath: //p//word], [[FirefoxDriver: firefox on LINUX (358f877c-4143-452f-ab4d-589327eb2715)] -&gt; xpath: //p//word], [[FirefoxDriver: firefox on LINUX (358f877c-4143-452f-ab4d-589327eb2715)] -&gt; xpath: //p//word], [[FirefoxDriver: firefox on LINUX (358f877c-4143-452f-ab4d-589327eb2715)] -&gt; xpath: //p//word], [[FirefoxDriver: firefox on LINUX (358f877c-4143-452f-ab4d-589327eb2715)] -&gt; xpath: //p//word], [[FirefoxDriver: firefox on LINUX (358f877c-4143-452f-ab4d-589327eb2715)] -&gt; xpath: //p//word], [[FirefoxDriver: firefox on LINUX (358f877c-4143-452f-ab4d-589327eb2715)] -&gt; xpath: //p//word], [[FirefoxDriver: firefox on LINUX (358f877c-4143-452f-ab4d-589327eb2715)] -&gt; xpath: //p//word], [[FirefoxDriver: firefox on LINUX (358f877c-4143-452f-ab4d-589327eb2715)] -&gt; xpath: //p//word], [[FirefoxDriver: firefox on LINUX (358f877c-4143-452f-ab4d-589327eb2715)] -&gt; xpath: //p//word], [[FirefoxDriver: firefox on LINUX (358f877c-4143-452f-ab4d-589327eb2715)] -&gt; xpath: //p//word], [[FirefoxDriver: firefox on LINUX (358f877c-4143-452f-ab4d-589327eb2715)] -&gt; xpath: //p//word], [[FirefoxDriver: firefox on LINUX (358f877c-4143-452f-ab4d-589327eb2715)] -&gt; xpath: //p//word], [[FirefoxDriver: firefox on LINUX (358f877c-4143-452f-ab4d-589327eb2715)] -&gt; xpath: //p//word], [[FirefoxDriver: firefox on LINUX (358f877c-4143-452f-ab4d-589327eb2715)] -&gt; xpath: //p//word], [[FirefoxDriver: firefox on LINUX (358f877c-4143-452f-ab4d-589327eb2715)] -&gt; xpath: //p//word], [[FirefoxDriver: firefox on LINUX (358f877c-4143-452f-ab4d-589327eb2715)] -&gt; xpath: //p//word], [[FirefoxDriver: firefox on LINUX (358f877c-4143-452f-ab4d-589327eb2715)] -&gt; xpath: //p//word], [[FirefoxDriver: firefox on LINUX (358f877c-4143-452f-ab4d-589327eb2715)] -&gt; xpath: //p//word], [[FirefoxDriver: firefox on LINUX (358f877c-4143-452f-ab4d-589327eb2715)] -&gt; xpath: //p//word], [[FirefoxDriver: firefox on LINUX (358f877c-4143-452f-ab4d-589327eb2715)] -&gt; xpath: //p//word], [[FirefoxDriver: firefox on LINUX (358f877c-4143-452f-ab4d-589327eb2715)] -&gt; xpath: //p//word], [[FirefoxDriver: firefox on LINUX (358f877c-4143-452f-ab4d-589327eb2715)] -&gt; xpath: //p//word], [[FirefoxDriver: firefox on LINUX (358f877c-4143-452f-ab4d-589327eb2715)] -&gt; xpath: //p//word], [[FirefoxDriver: firefox on LINUX (358f877c-4143-452f-ab4d-589327eb2715)] -&gt; xpath: //p//word], [[FirefoxDriver: firefox on LINUX (358f877c-4143-452f-ab4d-589327eb2715)] -&gt; xpath: //p//word], [[FirefoxDriver: firefox on LINUX (358f877c-4143-452f-ab4d-589327eb2715)] -&gt; xpath: //p//word], [[FirefoxDriver: firefox on LINUX (358f877c-4143-452f-ab4d-589327eb2715)] -&gt; xpath: //p//word], [[FirefoxDriver: firefox on LINUX (358f877c-4143-452f-ab4d-589327eb2715)] -&gt; xpath: //p//word], [[FirefoxDriver: firefox on LINUX (358f877c-4143-452f-ab4d-589327eb2715)] -&gt; xpath: //p//word], [[FirefoxDriver: firefox on LINUX (358f877c-4143-452f-ab4d-589327eb2715)] -&gt; xpath: //p//word], [[FirefoxDriver: firefox on LINUX (358f877c-4143-452f-ab4d-589327eb2715)] -&gt; xpath: //p//word], [[FirefoxDriver: firefox on LINUX (358f877c-4143-452f-ab4d-589327eb2715)] -&gt; xpath: //p//word], [[FirefoxDriver: firefox on LINUX (358f877c-4143-452f-ab4d-589327eb2715)] -&gt; xpath: //p//word], [[FirefoxDriver: firefox on LINUX (358f877c-4143-452f-ab4d-589327eb2715)] -&gt; xpath: //p//word], [[FirefoxDriver: firefox on LINUX (358f877c-4143-452f-ab4d-589327eb2715)] -&gt; xpath: //p//word], [[FirefoxDriver: firefox on LINUX (358f877c-4143-452f-ab4d-589327eb2715)] -&gt; xpath: //p//word], [[FirefoxDriver: firefox on LINUX (358f877c-4143-452f-ab4d-589327eb2715)] -&gt; xpath: //p//word], [[FirefoxDriver: firefox on LINUX (358f877c-4143-452f-ab4d-589327eb2715)] -&gt; xpath: //p//word], [[FirefoxDriver: firefox on LINUX (358f877c-4143-452f-ab4d-589327eb2715)] -&gt; xpath: //p//word], [[FirefoxDriver: firefox on LINUX (358f877c-4143-452f-ab4d-589327eb2715)] -&gt; xpath: //p//word], [[FirefoxDriver: firefox on LINUX (358f877c-4143-452f-ab4d-589327eb2715)] -&gt; xpath: //p//word], [[FirefoxDriver: firefox on LINUX (358f877c-4143-452f-ab4d-589327eb2715)] -&gt; xpath: //p//word], [[FirefoxDriver: firefox on LINUX (358f877c-4143-452f-ab4d-589327eb2715)] -&gt; xpath: //p//word], [[FirefoxDriver: firefox on LINUX (358f877c-4143-452f-ab4d-589327eb2715)] -&gt; xpath: //p//word], [[FirefoxDriver: firefox on LINUX (358f877c-4143-452f-ab4d-589327eb2715)] -&gt; xpath: //p//word], [[FirefoxDriver: firefox on LINUX (358f877c-4143-452f-ab4d-589327eb2715)] -&gt; xpath: //p//word], [[FirefoxDriver: firefox on LINUX (358f877c-4143-452f-ab4d-589327eb2715)] -&gt; xpath: //p//word], [[FirefoxDriver: firefox on LINUX (358f877c-4143-452f-ab4d-589327eb2715)] -&gt; xpath: //p//word], [[FirefoxDriver: firefox on LINUX (358f877c-4143-452f-ab4d-589327eb2715)] -&gt; xpath: //p//word], [[FirefoxDriver: firefox on LINUX (358f877c-4143-452f-ab4d-589327eb2715)] -&gt; xpath: //p//word], [[FirefoxDriver: firefox on LINUX (358f877c-4143-452f-ab4d-589327eb2715)] -&gt; xpath: //p//word], [[FirefoxDriver: firefox on LINUX (358f877c-4143-452f-ab4d-589327eb2715)] -&gt; xpath: //p//word], [[FirefoxDriver: firefox on LINUX (358f877c-4143-452f-ab4d-589327eb2715)] -&gt; xpath: //p//word], [[FirefoxDriver: firefox on LINUX (358f877c-4143-452f-ab4d-589327eb2715)] -&gt; xpath: //p//word], [[FirefoxDriver: firefox on LINUX (358f877c-4143-452f-ab4d-589327eb2715)] -&gt; xpath: //p//word], [[FirefoxDriver: firefox on LINUX (358f877c-4143-452f-ab4d-589327eb2715)] -&gt; xpath: //p//word], [[FirefoxDriver: firefox on LINUX (358f877c-4143-452f-ab4d-589327eb2715)] -&gt; xpath: //p//word], [[FirefoxDriver: firefox on LINUX (358f877c-4143-452f-ab4d-589327eb2715)] -&gt; xpath: //p//word], [[FirefoxDriver: firefox on LINUX (358f877c-4143-452f-ab4d-589327eb2715)] -&gt; xpath: //p//word], [[FirefoxDriver: firefox on LINUX (358f877c-4143-452f-ab4d-589327eb2715)] -&gt; xpath: //p//word], [[FirefoxDriver: firefox on LINUX (358f877c-4143-452f-ab4d-589327eb2715)] -&gt; xpath: //p//word], [[FirefoxDriver: firefox on LINUX (358f877c-4143-452f-ab4d-589327eb2715)] -&gt; xpath: //p//word], [[FirefoxDriver: firefox on LINUX (358f877c-4143-452f-ab4d-589327eb2715)] -&gt; xpath: //p//word], [[FirefoxDriver: firefox on LINUX (358f877c-4143-452f-ab4d-589327eb2715)] -&gt; xpath: //p//word], [[FirefoxDriver: firefox on LINUX (358f877c-4143-452f-ab4d-589327eb2715)] -&gt; xpath: //p//word], [[FirefoxDriver: firefox on LINUX (358f877c-4143-452f-ab4d-589327eb2715)] -&gt; xpath: //p//word], [[FirefoxDriver: firefox on LINUX (358f877c-4143-452f-ab4d-589327eb2715)] -&gt; xpath: //p//word], [[FirefoxDriver: firefox on LINUX (358f877c-4143-452f-ab4d-589327eb2715)] -&gt; xpath: //p//word], [[FirefoxDriver: firefox on LINUX (358f877c-4143-452f-ab4d-589327eb2715)] -&gt; xpath: //p//word], [[FirefoxDriver: firefox on LINUX (358f877c-4143-452f-ab4d-589327eb2715)] -&gt; xpath: //p//word], [[FirefoxDriver: firefox on LINUX (358f877c-4143-452f-ab4d-589327eb2715)] -&gt; xpath: //p//word], [[FirefoxDriver: firefox on LINUX (358f877c-4143-452f-ab4d-589327eb2715)] -&gt; xpath: //p//word], [[FirefoxDriver: firefox on LINUX (358f877c-4143-452f-ab4d-589327eb2715)] -&gt; xpath: //p//word], [[FirefoxDriver: firefox on LINUX (358f877c-4143-452f-ab4d-589327eb2715)] -&gt; xpath: //p//word], [[FirefoxDriver: firefox on LINUX (358f877c-4143-452f-ab4d-589327eb2715)] -&gt; xpath: //p//word], [[FirefoxDriver: firefox on LINUX (358f877c-4143-452f-ab4d-589327eb2715)] -&gt; xpath: //p//word], [[FirefoxDriver: firefox on LINUX (358f877c-4143-452f-ab4d-589327eb2715)] -&gt; xpath: //p//word], [[FirefoxDriver: firefox on LINUX (358f877c-4143-452f-ab4d-589327eb2715)] -&gt; xpath: //p//word], [[FirefoxDriver: firefox on LINUX (358f877c-4143-452f-ab4d-589327eb2715)] -&gt; xpath: //p//word], [[FirefoxDriver: firefox on LINUX (358f877c-4143-452f-ab4d-589327eb2715)] -&gt; xpath: //p//word], [[FirefoxDriver: firefox on LINUX (358f877c-4143-452f-ab4d-589327eb2715)] -&gt; xpath: //p//word], [[FirefoxDriver: firefox on LINUX (358f877c-4143-452f-ab4d-589327eb2715)] -&gt; xpath: //p//word], [[FirefoxDriver: firefox on LINUX (358f877c-4143-452f-ab4d-589327eb2715)] -&gt; xpath: //p//word], [[FirefoxDriver: firefox on LINUX (358f877c-4143-452f-ab4d-589327eb2715)] -&gt; xpath: //p//word], [[FirefoxDriver: firefox on LINUX (358f877c-4143-452f-ab4d-589327eb2715)] -&gt; xpath: //p//word], [[FirefoxDriver: firefox on LINUX (358f877c-4143-452f-ab4d-589327eb2715)] -&gt; xpath: //p//word], [[FirefoxDriver: firefox on LINUX (358f877c-4143-452f-ab4d-589327eb2715)] -&gt; xpath: //p//word], [[FirefoxDriver: firefox on LINUX (358f877c-4143-452f-ab4d-589327eb2715)] -&gt; xpath: //p//word], [[FirefoxDriver: firefox on LINUX (358f877c-4143-452f-ab4d-589327eb2715)] -&gt; xpath: //p//word], [[FirefoxDriver: firefox on LINUX (358f877c-4143-452f-ab4d-589327eb2715)] -&gt; xpath: //p//word], [[FirefoxDriver: firefox on LINUX (358f877c-4143-452f-ab4d-589327eb2715)] -&gt; xpath: //p//word], [[FirefoxDriver: firefox on LINUX (358f877c-4143-452f-ab4d-589327eb2715)] -&gt; xpath: //p//word], [[FirefoxDriver: firefox on LINUX (358f877c-4143-452f-ab4d-589327eb2715)] -&gt; xpath: //p//word], [[FirefoxDriver: firefox on LINUX (358f877c-4143-452f-ab4d-589327eb2715)] -&gt; xpath: //p//word], [[FirefoxDriver: firefox on LINUX (358f877c-4143-452f-ab4d-589327eb2715)] -&gt; xpath: //p//word], [[FirefoxDriver: firefox on LINUX (358f877c-4143-452f-ab4d-589327eb2715)] -&gt; xpath: //p//word], [[FirefoxDriver: firefox on LINUX (358f877c-4143-452f-ab4d-589327eb2715)] -&gt; xpath: //p//word], [[FirefoxDriver: firefox on LINUX (358f877c-4143-452f-ab4d-589327eb2715)] -&gt; xpath: //p//word], [[FirefoxDriver: firefox on LINUX (358f877c-4143-452f-ab4d-589327eb2715)] -&gt; xpath: //p//word], [[FirefoxDriver: firefox on LINUX (358f877c-4143-452f-ab4d-589327eb2715)] -&gt; xpath: //p//word], [[FirefoxDriver: firefox on LINUX (358f877c-4143-452f-ab4d-589327eb2715)] -&gt; xpath: //p//word], [[FirefoxDriver: firefox on LINUX (358f877c-4143-452f-ab4d-589327eb2715)] -&gt; xpath: //p//word], [[FirefoxDriver: firefox on LINUX (358f877c-4143-452f-ab4d-589327eb2715)] -&gt; xpath: //p//word], [[FirefoxDriver: firefox on LINUX (358f877c-4143-452f-ab4d-589327eb2715)] -&gt; xpath: //p//word], [[FirefoxDriver: firefox on LINUX (358f877c-4143-452f-ab4d-589327eb2715)] -&gt; xpath: //p//word], [[FirefoxDriver: firefox on LINUX (358f877c-4143-452f-ab4d-589327eb2715)] -&gt; xpath: //p//word], [[FirefoxDriver: firefox on LINUX (358f877c-4143-452f-ab4d-589327eb2715)] -&gt; xpath: //p//word], [[FirefoxDriver: firefox on LINUX (358f877c-4143-452f-ab4d-589327eb2715)] -&gt; xpath: //p//word], [[FirefoxDriver: firefox on LINUX (358f877c-4143-452f-ab4d-589327eb2715)] -&gt; xpath: //p//word], [[FirefoxDriver: firefox on LINUX (358f877c-4143-452f-ab4d-589327eb2715)] -&gt; xpath: //p//word], [[FirefoxDriver: firefox on LINUX (358f877c-4143-452f-ab4d-589327eb2715)] -&gt; xpath: //p//word], [[FirefoxDriver: firefox on LINUX (358f877c-4143-452f-ab4d-589327eb2715)] -&gt; xpath: //p//word], [[FirefoxDriver: firefox on LINUX (358f877c-4143-452f-ab4d-589327eb2715)] -&gt; xpath: //p//word], [[FirefoxDriver: firefox on LINUX (358f877c-4143-452f-ab4d-589327eb2715)] -&gt; xpath: //p//word], [[FirefoxDriver: firefox on LINUX (358f877c-4143-452f-ab4d-589327eb2715)] -&gt; xpath: //p//word], [[FirefoxDriver: firefox on LINUX (358f877c-4143-452f-ab4d-589327eb2715)] -&gt; xpath: //p//word], [[FirefoxDriver: firefox on LINUX (358f877c-4143-452f-ab4d-589327eb2715)] -&gt; xpath: //p//word], [[FirefoxDriver: firefox on LINUX (358f877c-4143-452f-ab4d-589327eb2715)] -&gt; xpath: //p//word], [[FirefoxDriver: firefox on LINUX (358f877c-4143-452f-ab4d-589327eb2715)] -&gt; xpath: //p//word], [[FirefoxDriver: firefox on LINUX (358f877c-4143-452f-ab4d-589327eb2715)] -&gt; xpath: //p//word], [[FirefoxDriver: firefox on LINUX (358f877c-4143-452f-ab4d-589327eb2715)] -&gt; xpath: //p//word], [[FirefoxDriver: firefox on LINUX (358f877c-4143-452f-ab4d-589327eb2715)] -&gt; xpath: //p//word], [[FirefoxDriver: firefox on LINUX (358f877c-4143-452f-ab4d-589327eb2715)] -&gt; xpath: //p//word], [[FirefoxDriver: firefox on LINUX (358f877c-4143-452f-ab4d-589327eb2715)] -&gt; xpath: //p//word], [[FirefoxDriver: firefox on LINUX (358f877c-4143-452f-ab4d-589327eb2715)] -&gt; xpath: //p//word], [[FirefoxDriver: firefox on LINUX (358f877c-4143-452f-ab4d-589327eb2715)] -&gt; xpath: //p//word], [[FirefoxDriver: firefox on LINUX (358f877c-4143-452f-ab4d-589327eb2715)] -&gt; xpath: //p//word], [[FirefoxDriver: firefox on LINUX (358f877c-4143-452f-ab4d-589327eb2715)] -&gt; xpath: //p//word], [[FirefoxDriver: firefox on LINUX (358f877c-4143-452f-ab4d-589327eb2715)] -&gt; xpath: //p//word], [[FirefoxDriver: firefox on LINUX (358f877c-4143-452f-ab4d-589327eb2715)] -&gt; xpath: //p//word], [[FirefoxDriver: firefox on LINUX (358f877c-4143-452f-ab4d-589327eb2715)] -&gt; xpath: //p//word], [[FirefoxDriver: firefox on LINUX (358f877c-4143-452f-ab4d-589327eb2715)] -&gt; xpath: //p//word], [[FirefoxDriver: firefox on LINUX (358f877c-4143-452f-ab4d-589327eb2715)] -&gt; xpath: //p//word], [[FirefoxDriver: firefox on LINUX (358f877c-4143-452f-ab4d-589327eb2715)] -&gt; xpath: //p//word], [[FirefoxDriver: firefox on LINUX (358f877c-4143-452f-ab4d-589327eb2715)] -&gt; xpath: //p//word], [[FirefoxDriver: firefox on LINUX (358f877c-4143-452f-ab4d-589327eb2715)] -&gt; xpath: //p//word], [[FirefoxDriver: firefox on LINUX (358f877c-4143-452f-ab4d-589327eb2715)] -&gt; xpath: //p//word], [[FirefoxDriver: firefox on LINUX (358f877c-4143-452f-ab4d-589327eb2715)] -&gt; xpath: //p//word], [[FirefoxDriver: firefox on LINUX (358f877c-4143-452f-ab4d-589327eb2715)] -&gt; xpath: //p//word], [[FirefoxDriver: firefox on LINUX (358f877c-4143-452f-ab4d-589327eb2715)] -&gt; xpath: //p//word], [[FirefoxDriver: firefox on LINUX (358f877c-4143-452f-ab4d-589327eb2715)] -&gt; xpath: //p//word], [[FirefoxDriver: firefox on LINUX (358f877c-4143-452f-ab4d-589327eb2715)] -&gt; xpath: //p//word], [[FirefoxDriver: firefox on LINUX (358f877c-4143-452f-ab4d-589327eb2715)] -&gt; xpath: //p//word], [[FirefoxDriver: firefox on LINUX (358f877c-4143-452f-ab4d-589327eb2715)] -&gt; xpath: //p//word], [[FirefoxDriver: firefox on LINUX (358f877c-4143-452f-ab4d-589327eb2715)] -&gt; xpath: //p//word], [[FirefoxDriver: firefox on LINUX (358f877c-4143-452f-ab4d-589327eb2715)] -&gt; xpath: //p//word], [[FirefoxDriver: firefox on LINUX (358f877c-4143-452f-ab4d-589327eb2715)] -&gt; xpath: //p//word], [[FirefoxDriver: firefox on LINUX (358f877c-4143-452f-ab4d-589327eb2715)] -&gt; xpath: //p//word], [[FirefoxDriver: firefox on LINUX (358f877c-4143-452f-ab4d-589327eb2715)] -&gt; xpath: //p//word], [[FirefoxDriver: firefox on LINUX (358f877c-4143-452f-ab4d-589327eb2715)] -&gt; xpath: //p//word], [[FirefoxDriver: firefox on LINUX (358f877c-4143-452f-ab4d-589327eb2715)] -&gt; xpath: //p//word], [[FirefoxDriver: firefox on LINUX (358f877c-4143-452f-ab4d-589327eb2715)] -&gt; xpath: //p//word], [[FirefoxDriver: firefox on LINUX (358f877c-4143-452f-ab4d-589327eb2715)] -&gt; xpath: //p//word], [[FirefoxDriver: firefox on LINUX (358f877c-4143-452f-ab4d-589327eb2715)] -&gt; xpath: //p//word], [[FirefoxDriver: firefox on LINUX (358f877c-4143-452f-ab4d-589327eb2715)] -&gt; xpath: //p//word], [[FirefoxDriver: firefox on LINUX (358f877c-4143-452f-ab4d-589327eb2715)] -&gt; xpath: //p//word], [[FirefoxDriver: firefox on LINUX (358f877c-4143-452f-ab4d-589327eb2715)] -&gt; xpath: //p//word], [[FirefoxDriver: firefox on LINUX (358f877c-4143-452f-ab4d-589327eb2715)] -&gt; xpath: //p//word], [[FirefoxDriver: firefox on LINUX (358f877c-4143-452f-ab4d-589327eb2715)] -&gt; xpath: //p//word], [[FirefoxDriver: firefox on LINUX (358f877c-4143-452f-ab4d-589327eb2715)] -&gt; xpath: //p//word], [[FirefoxDriver: firefox on LINUX (358f877c-4143-452f-ab4d-589327eb2715)] -&gt; xpath: //p//word], [[FirefoxDriver: firefox on LINUX (358f877c-4143-452f-ab4d-589327eb2715)] -&gt; xpath: //p//word], [[FirefoxDriver: firefox on LINUX (358f877c-4143-452f-ab4d-589327eb2715)] -&gt; xpath: //p//word], [[FirefoxDriver: firefox on LINUX (358f877c-4143-452f-ab4d-589327eb2715)] -&gt; xpath: //p//word], [[FirefoxDriver: firefox on LINUX (358f877c-4143-452f-ab4d-589327eb2715)] -&gt; xpath: //p//word], [[FirefoxDriver: firefox on LINUX (358f877c-4143-452f-ab4d-589327eb2715)] -&gt; xpath: //p//word], [[FirefoxDriver: firefox on LINUX (358f877c-4143-452f-ab4d-589327eb2715)] -&gt; xpath: //p//word], [[FirefoxDriver: firefox on LINUX (358f877c-4143-452f-ab4d-589327eb2715)] -&gt; xpath: //p//word], [[FirefoxDriver: firefox on LINUX (358f877c-4143-452f-ab4d-589327eb2715)] -&gt; xpath: //p//word], [[FirefoxDriver: firefox on LINUX (358f877c-4143-452f-ab4d-589327eb2715)] -&gt; xpath: //p//word], [[FirefoxDriver: firefox on LINUX (358f877c-4143-452f-ab4d-589327eb2715)] -&gt; xpath: //p//word], [[FirefoxDriver: firefox on LINUX (358f877c-4143-452f-ab4d-589327eb2715)] -&gt; xpath: //p//word], [[FirefoxDriver: firefox on LINUX (358f877c-4143-452f-ab4d-589327eb2715)] -&gt; xpath: //p//word], [[FirefoxDriver: firefox on LINUX (358f877c-4143-452f-ab4d-589327eb2715)] -&gt; xpath: //p//word], [[FirefoxDriver: firefox on LINUX (358f877c-4143-452f-ab4d-589327eb2715)] -&gt; xpath: //p//word], [[FirefoxDriver: firefox on LINUX (358f877c-4143-452f-ab4d-589327eb2715)] -&gt; xpath: //p//word], [[FirefoxDriver: firefox on LINUX (358f877c-4143-452f-ab4d-589327eb2715)] -&gt; xpath: //p//word], [[FirefoxDriver: firefox on LINUX (358f877c-4143-452f-ab4d-589327eb2715)] -&gt; xpath: //p//word], [[FirefoxDriver: firefox on LINUX (358f877c-4143-452f-ab4d-589327eb2715)] -&gt; xpath: //p//word], [[FirefoxDriver: firefox on LINUX (358f877c-4143-452f-ab4d-589327eb2715)] -&gt; xpath: //p//word], [[FirefoxDriver: firefox on LINUX (358f877c-4143-452f-ab4d-589327eb2715)] -&gt; xpath: //p//word], [[FirefoxDriver: firefox on LINUX (358f877c-4143-452f-ab4d-589327eb2715)] -&gt; xpath: //p//word], [[FirefoxDriver: firefox on LINUX (358f877c-4143-452f-ab4d-589327eb2715)] -&gt; xpath: //p//word], [[FirefoxDriver: firefox on LINUX (358f877c-4143-452f-ab4d-589327eb2715)] -&gt; xpath: //p//word], [[FirefoxDriver: firefox on LINUX (358f877c-4143-452f-ab4d-589327eb2715)] -&gt; xpath: //p//word], [[FirefoxDriver: firefox on LINUX (358f877c-4143-452f-ab4d-589327eb2715)] -&gt; xpath: //p//word], [[FirefoxDriver: firefox on LINUX (358f877c-4143-452f-ab4d-589327eb2715)] -&gt; xpath: //p//word], [[FirefoxDriver: firefox on LINUX (358f877c-4143-452f-ab4d-589327eb2715)] -&gt; xpath: //p//word], [[FirefoxDriver: firefox on LINUX (358f877c-4143-452f-ab4d-589327eb2715)] -&gt; xpath: //p//word], [[FirefoxDriver: firefox on LINUX (358f877c-4143-452f-ab4d-589327eb2715)] -&gt; xpath: //p//word], [[FirefoxDriver: firefox on LINUX (358f877c-4143-452f-ab4d-589327eb2715)] -&gt; xpath: //p//word], [[FirefoxDriver: firefox on LINUX (358f877c-4143-452f-ab4d-589327eb2715)] -&gt; xpath: //p//word], [[FirefoxDriver: firefox on LINUX (358f877c-4143-452f-ab4d-589327eb2715)] -&gt; xpath: //p//word], [[FirefoxDriver: firefox on LINUX (358f877c-4143-452f-ab4d-589327eb2715)] -&gt; xpath: //p//word], [[FirefoxDriver: firefox on LINUX (358f877c-4143-452f-ab4d-589327eb2715)] -&gt; xpath: //p//word], [[FirefoxDriver: firefox on LINUX (358f877c-4143-452f-ab4d-589327eb2715)] -&gt; xpath: //p//word], [[FirefoxDriver: firefox on LINUX (358f877c-4143-452f-ab4d-589327eb2715)] -&gt; xpath: //p//word], [[FirefoxDriver: firefox on LINUX (358f877c-4143-452f-ab4d-589327eb2715)] -&gt; xpath: //p//word], [[FirefoxDriver: firefox on LINUX (358f877c-4143-452f-ab4d-589327eb2715)] -&gt; xpath: //p//word], [[FirefoxDriver: firefox on LINUX (358f877c-4143-452f-ab4d-589327eb2715)] -&gt; xpath: //p//word], [[FirefoxDriver: firefox on LINUX (358f877c-4143-452f-ab4d-589327eb2715)] -&gt; xpath: //p//word], [[FirefoxDriver: firefox on LINUX (358f877c-4143-452f-ab4d-589327eb2715)] -&gt; xpath: //p//word], [[FirefoxDriver: firefox on LINUX (358f877c-4143-452f-ab4d-589327eb2715)] -&gt; xpath: //p//word], [[FirefoxDriver: firefox on LINUX (358f877c-4143-452f-ab4d-589327eb2715)] -&gt; xpath: //p//word], [[FirefoxDriver: firefox on LINUX (358f877c-4143-452f-ab4d-589327eb2715)] -&gt; xpath: //p//word], [[FirefoxDriver: firefox on LINUX (358f877c-4143-452f-ab4d-589327eb2715)] -&gt; xpath: //p//word], [[FirefoxDriver: firefox on LINUX (358f877c-4143-452f-ab4d-589327eb2715)] -&gt; xpath: //p//word], [[FirefoxDriver: firefox on LINUX (358f877c-4143-452f-ab4d-589327eb2715)] -&gt; xpath: //p//word], [[FirefoxDriver: firefox on LINUX (358f877c-4143-452f-ab4d-589327eb2715)] -&gt; xpath: //p//word], [[FirefoxDriver: firefox on LINUX (358f877c-4143-452f-ab4d-589327eb2715)] -&gt; xpath: //p//word], [[FirefoxDriver: firefox on LINUX (358f877c-4143-452f-ab4d-589327eb2715)] -&gt; xpath: //p//word], [[FirefoxDriver: firefox on LINUX (358f877c-4143-452f-ab4d-589327eb2715)] -&gt; xpath: //p//word], [[FirefoxDriver: firefox on LINUX (358f877c-4143-452f-ab4d-589327eb2715)] -&gt; xpath: //p//word], [[FirefoxDriver: firefox on LINUX (358f877c-4143-452f-ab4d-589327eb2715)] -&gt; xpath: //p//word], [[FirefoxDriver: firefox on LINUX (358f877c-4143-452f-ab4d-589327eb2715)] -&gt; xpath: //p//word], [[FirefoxDriver: firefox on LINUX (358f877c-4143-452f-ab4d-589327eb2715)] -&gt; xpath: //p//word], [[FirefoxDriver: firefox on LINUX (358f877c-4143-452f-ab4d-589327eb2715)] -&gt; xpath: //p//word], [[FirefoxDriver: firefox on LINUX (358f877c-4143-452f-ab4d-589327eb2715)] -&gt; xpath: //p//word], [[FirefoxDriver: firefox on LINUX (358f877c-4143-452f-ab4d-589327eb2715)] -&gt; xpath: //p//word], [[FirefoxDriver: firefox on LINUX (358f877c-4143-452f-ab4d-589327eb2715)] -&gt; xpath: //p//word], [[FirefoxDriver: firefox on LINUX (358f877c-4143-452f-ab4d-589327eb2715)] -&gt; xpath: //p//word], [[FirefoxDriver: firefox on LINUX (358f877c-4143-452f-ab4d-589327eb2715)] -&gt; xpath: //p//word], [[FirefoxDriver: firefox on LINUX (358f877c-4143-452f-ab4d-589327eb2715)] -&gt; xpath: //p//word], [[FirefoxDriver: firefox on LINUX (358f877c-4143-452f-ab4d-589327eb2715)] -&gt; xpath: //p//word], [[FirefoxDriver: firefox on LINUX (358f877c-4143-452f-ab4d-589327eb2715)] -&gt; xpath: //p//word], [[FirefoxDriver: firefox on LINUX (358f877c-4143-452f-ab4d-589327eb2715)] -&gt; xpath: //p//word], [[FirefoxDriver: firefox on LINUX (358f877c-4143-452f-ab4d-589327eb2715)] -&gt; xpath: //p//word], [[FirefoxDriver: firefox on LINUX (358f877c-4143-452f-ab4d-589327eb2715)] -&gt; xpath: //p//word], [[FirefoxDriver: firefox on LINUX (358f877c-4143-452f-ab4d-589327eb2715)] -&gt; xpath: //p//word], [[FirefoxDriver: firefox on LINUX (358f877c-4143-452f-ab4d-589327eb2715)] -&gt; xpath: //p//word], [[FirefoxDriver: firefox on LINUX (358f877c-4143-452f-ab4d-589327eb2715)] -&gt; xpath: //p//word], [[FirefoxDriver: firefox on LINUX (358f877c-4143-452f-ab4d-589327eb2715)] -&gt; xpath: //p//word], [[FirefoxDriver: firefox on LINUX (358f877c-4143-452f-ab4d-589327eb2715)] -&gt; xpath: //p//word], [[FirefoxDriver: firefox on LINUX (358f877c-4143-452f-ab4d-589327eb2715)] -&gt; xpath: //p//word], [[FirefoxDriver: firefox on LINUX (358f877c-4143-452f-ab4d-589327eb2715)] -&gt; xpath: //p//word], [[FirefoxDriver: firefox on LINUX (358f877c-4143-452f-ab4d-589327eb2715)] -&gt; xpath: //p//word], [[FirefoxDriver: firefox on LINUX (358f877c-4143-452f-ab4d-589327eb2715)] -&gt; xpath: //p//word], [[FirefoxDriver: firefox on LINUX (358f877c-4143-452f-ab4d-589327eb2715)] -&gt; xpath: //p//word], [[FirefoxDriver: firefox on LINUX (358f877c-4143-452f-ab4d-589327eb2715)] -&gt; xpath: //p//word], [[FirefoxDriver: firefox on LINUX (358f877c-4143-452f-ab4d-589327eb2715)] -&gt; xpath: //p//word], [[FirefoxDriver: firefox on LINUX (358f877c-4143-452f-ab4d-589327eb2715)] -&gt; xpath: //p//word], [[FirefoxDriver: firefox on LINUX (358f877c-4143-452f-ab4d-589327eb2715)] -&gt; xpath: //p//word], [[FirefoxDriver: firefox on LINUX (358f877c-4143-452f-ab4d-589327eb2715)] -&gt; xpath: //p//word], [[FirefoxDriver: firefox on LINUX (358f877c-4143-452f-ab4d-589327eb2715)] -&gt; xpath: //p//word], [[FirefoxDriver: firefox on LINUX (358f877c-4143-452f-ab4d-589327eb2715)] -&gt; xpath: //p//word], [[FirefoxDriver: firefox on LINUX (358f877c-4143-452f-ab4d-589327eb2715)] -&gt; xpath: //p//word], [[FirefoxDriver: firefox on LINUX (358f877c-4143-452f-ab4d-589327eb2715)] -&gt; xpath: //p//word], [[FirefoxDriver: firefox on LINUX (358f877c-4143-452f-ab4d-589327eb2715)] -&gt; xpath: //p//word], [[FirefoxDriver: firefox on LINUX (358f877c-4143-452f-ab4d-589327eb2715)] -&gt; xpath: //p//word], [[FirefoxDriver: firefox on LINUX (358f877c-4143-452f-ab4d-589327eb2715)] -&gt; xpath: //p//word], [[FirefoxDriver: firefox on LINUX (358f877c-4143-452f-ab4d-589327eb2715)] -&gt; xpath: //p//word], [[FirefoxDriver: firefox on LINUX (358f877c-4143-452f-ab4d-589327eb2715)] -&gt; xpath: //p//word], [[FirefoxDriver: firefox on LINUX (358f877c-4143-452f-ab4d-589327eb2715)] -&gt; xpath: //p//word], [[FirefoxDriver: firefox on LINUX (358f877c-4143-452f-ab4d-589327eb2715)] -&gt; xpath: //p//word], [[FirefoxDriver: firefox on LINUX (358f877c-4143-452f-ab4d-589327eb2715)] -&gt; xpath: //p//word], [[FirefoxDriver: firefox on LINUX (358f877c-4143-452f-ab4d-589327eb2715)] -&gt; xpath: //p//word], [[FirefoxDriver: firefox on LINUX (358f877c-4143-452f-ab4d-589327eb2715)] -&gt; xpath: //p//word], [[FirefoxDriver: firefox on LINUX (358f877c-4143-452f-ab4d-589327eb2715)] -&gt; xpath: //p//word], [[FirefoxDriver: firefox on LINUX (358f877c-4143-452f-ab4d-589327eb2715)] -&gt; xpath: //p//word], [[FirefoxDriver: firefox on LINUX (358f877c-4143-452f-ab4d-589327eb2715)] -&gt; xpath: //p//word], [[FirefoxDriver: firefox on LINUX (358f877c-4143-452f-ab4d-589327eb2715)] -&gt; xpath: //p//word], [[FirefoxDriver: firefox on LINUX (358f877c-4143-452f-ab4d-589327eb2715)] -&gt; xpath: //p//word], [[FirefoxDriver: firefox on LINUX (358f877c-4143-452f-ab4d-589327eb2715)] -&gt; xpath: //p//word], [[FirefoxDriver: firefox on LINUX (358f877c-4143-452f-ab4d-589327eb2715)] -&gt; xpath: //p//word], [[FirefoxDriver: firefox on LINUX (358f877c-4143-452f-ab4d-589327eb2715)] -&gt; xpath: //p//word], [[FirefoxDriver: firefox on LINUX (358f877c-4143-452f-ab4d-589327eb2715)] -&gt; xpath: //p//word], [[FirefoxDriver: firefox on LINUX (358f877c-4143-452f-ab4d-589327eb2715)] -&gt; xpath: //p//word], [[FirefoxDriver: firefox on LINUX (358f877c-4143-452f-ab4d-589327eb2715)] -&gt; xpath: //p//word], [[FirefoxDriver: firefox on LINUX (358f877c-4143-452f-ab4d-589327eb2715)] -&gt; xpath: //p//word], [[FirefoxDriver: firefox on LINUX (358f877c-4143-452f-ab4d-589327eb2715)] -&gt; xpath: //p//word], [[FirefoxDriver: firefox on LINUX (358f877c-4143-452f-ab4d-589327eb2715)] -&gt; xpath: //p//word], [[FirefoxDriver: firefox on LINUX (358f877c-4143-452f-ab4d-589327eb2715)] -&gt; xpath: //p//word], [[FirefoxDriver: firefox on LINUX (358f877c-4143-452f-ab4d-589327eb2715)] -&gt; xpath: //p//word], [[FirefoxDriver: firefox on LINUX (358f877c-4143-452f-ab4d-589327eb2715)] -&gt; xpath: //p//word], [[FirefoxDriver: firefox on LINUX (358f877c-4143-452f-ab4d-589327eb2715)] -&gt; xpath: //p//word], [[FirefoxDriver: firefox on LINUX (358f877c-4143-452f-ab4d-589327eb2715)] -&gt; xpath: //p//word], [[FirefoxDriver: firefox on LINUX (358f877c-4143-452f-ab4d-589327eb2715)] -&gt; xpath: //p//word], [[FirefoxDriver: firefox on LINUX (358f877c-4143-452f-ab4d-589327eb2715)] -&gt; xpath: //p//word], [[FirefoxDriver: firefox on LINUX (358f877c-4143-452f-ab4d-589327eb2715)] -&gt; xpath: //p//word], [[FirefoxDriver: firefox on LINUX (358f877c-4143-452f-ab4d-589327eb2715)] -&gt; xpath: //p//word], [[FirefoxDriver: firefox on LINUX (358f877c-4143-452f-ab4d-589327eb2715)] -&gt; xpath: //p//word], [[FirefoxDriver: firefox on LINUX (358f877c-4143-452f-ab4d-589327eb2715)] -&gt; xpath: //p//word], [[FirefoxDriver: firefox on LINUX (358f877c-4143-452f-ab4d-589327eb2715)] -&gt; xpath: //p//word], [[FirefoxDriver: firefox on LINUX (358f877c-4143-452f-ab4d-589327eb2715)] -&gt; xpath: //p//word], [[FirefoxDriver: firefox on LINUX (358f877c-4143-452f-ab4d-589327eb2715)] -&gt; xpath: //p//word], [[FirefoxDriver: firefox on LINUX (358f877c-4143-452f-ab4d-589327eb2715)] -&gt; xpath: //p//word], [[FirefoxDriver: firefox on LINUX (358f877c-4143-452f-ab4d-589327eb2715)] -&gt; xpath: //p//word], [[FirefoxDriver: firefox on LINUX (358f877c-4143-452f-ab4d-589327eb2715)] -&gt; xpath: //p//word], [[FirefoxDriver: firefox on LINUX (358f877c-4143-452f-ab4d-589327eb2715)] -&gt; xpath: //p//word], [[FirefoxDriver: firefox on LINUX (358f877c-4143-452f-ab4d-589327eb2715)] -&gt; xpath: //p//word], [[FirefoxDriver: firefox on LINUX (358f877c-4143-452f-ab4d-589327eb2715)] -&gt; xpath: //p//word], [[FirefoxDriver: firefox on LINUX (358f877c-4143-452f-ab4d-589327eb2715)] -&gt; xpath: //p//word], [[FirefoxDriver: firefox on LINUX (358f877c-4143-452f-ab4d-589327eb2715)] -&gt; xpath: //p//word], [[FirefoxDriver: firefox on LINUX (358f877c-4143-452f-ab4d-589327eb2715)] -&gt; xpath: //p//word], [[FirefoxDriver: firefox on LINUX (358f877c-4143-452f-ab4d-589327eb2715)] -&gt; xpath: //p//word], [[FirefoxDriver: firefox on LINUX (358f877c-4143-452f-ab4d-589327eb2715)] -&gt; xpath: //p//word], [[FirefoxDriver: firefox on LINUX (358f877c-4143-452f-ab4d-589327eb2715)] -&gt; xpath: //p//word], [[FirefoxDriver: firefox on LINUX (358f877c-4143-452f-ab4d-589327eb2715)] -&gt; xpath: //p//word], [[FirefoxDriver: firefox on LINUX (358f877c-4143-452f-ab4d-589327eb2715)] -&gt; xpath: //p//word], [[FirefoxDriver: firefox on LINUX (358f877c-4143-452f-ab4d-589327eb2715)] -&gt; xpath: //p//word], [[FirefoxDriver: firefox on LINUX (358f877c-4143-452f-ab4d-589327eb2715)] -&gt; xpath: //p//word], [[FirefoxDriver: firefox on LINUX (358f877c-4143-452f-ab4d-589327eb2715)] -&gt; xpath: //p//word], [[FirefoxDriver: firefox on LINUX (358f877c-4143-452f-ab4d-589327eb2715)] -&gt; xpath: //p//word], [[FirefoxDriver: firefox on LINUX (358f877c-4143-452f-ab4d-589327eb2715)] -&gt; xpath: //p//word], [[FirefoxDriver: firefox on LINUX (358f877c-4143-452f-ab4d-589327eb2715)] -&gt; xpath: //p//word], [[FirefoxDriver: firefox on LINUX (358f877c-4143-452f-ab4d-589327eb2715)] -&gt; xpath: //p//word], [[FirefoxDriver: firefox on LINUX (358f877c-4143-452f-ab4d-589327eb2715)] -&gt; xpath: //p//word], [[FirefoxDriver: firefox on LINUX (358f877c-4143-452f-ab4d-589327eb2715)] -&gt; xpath: //p//word], [[FirefoxDriver: firefox on LINUX (358f877c-4143-452f-ab4d-589327eb2715)] -&gt; xpath: //p//word], [[FirefoxDriver: firefox on LINUX (358f877c-4143-452f-ab4d-589327eb2715)] -&gt; xpath: //p//word], [[FirefoxDriver: firefox on LINUX (358f877c-4143-452f-ab4d-589327eb2715)] -&gt; xpath: //p//word], [[FirefoxDriver: firefox on LINUX (358f877c-4143-452f-ab4d-589327eb2715)] -&gt; xpath: //p//word], [[FirefoxDriver: firefox on LINUX (358f877c-4143-452f-ab4d-589327eb2715)] -&gt; xpath: //p//word], [[FirefoxDriver: firefox on LINUX (358f877c-4143-452f-ab4d-589327eb2715)] -&gt; xpath: //p//word], [[FirefoxDriver: firefox on LINUX (358f877c-4143-452f-ab4d-589327eb2715)] -&gt; xpath: //p//word], [[FirefoxDriver: firefox on LINUX (358f877c-4143-452f-ab4d-589327eb2715)] -&gt; xpath: //p//word], [[FirefoxDriver: firefox on LINUX (358f877c-4143-452f-ab4d-589327eb2715)] -&gt; xpath: //p//word], [[FirefoxDriver: firefox on LINUX (358f877c-4143-452f-ab4d-589327eb2715)] -&gt; xpath: //p//word], [[FirefoxDriver: firefox on LINUX (358f877c-4143-452f-ab4d-589327eb2715)] -&gt; xpath: //p//word], [[FirefoxDriver: firefox on LINUX (358f877c-4143-452f-ab4d-589327eb2715)] -&gt; xpath: //p//word], [[FirefoxDriver: firefox on LINUX (358f877c-4143-452f-ab4d-589327eb2715)] -&gt; xpath: //p//word], [[FirefoxDriver: firefox on LINUX (358f877c-4143-452f-ab4d-589327eb2715)] -&gt; xpath: //p//word], [[FirefoxDriver: firefox on LINUX (358f877c-4143-452f-ab4d-589327eb2715)] -&gt; xpath: //p//word], [[FirefoxDriver: firefox on LINUX (358f877c-4143-452f-ab4d-589327eb2715)] -&gt; xpath: //p//word], [[FirefoxDriver: firefox on LINUX (358f877c-4143-452f-ab4d-589327eb2715)] -&gt; xpath: //p//word], [[FirefoxDriver: firefox on LINUX (358f877c-4143-452f-ab4d-589327eb2715)] -&gt; xpath: //p//word], [[FirefoxDriver: firefox on LINUX (358f877c-4143-452f-ab4d-589327eb2715)] -&gt; xpath: //p//word], [[FirefoxDriver: firefox on LINUX (358f877c-4143-452f-ab4d-589327eb2715)] -&gt; xpath: //p//word], [[FirefoxDriver: firefox on LINUX (358f877c-4143-452f-ab4d-589327eb2715)] -&gt; xpath: //p//word], [[FirefoxDriver: firefox on LINUX (358f877c-4143-452f-ab4d-589327eb2715)] -&gt; xpath: //p//word], [[FirefoxDriver: firefox on LINUX (358f877c-4143-452f-ab4d-589327eb2715)] -&gt; xpath: //p//word], [[FirefoxDriver: firefox on LINUX (358f877c-4143-452f-ab4d-589327eb2715)] -&gt; xpath: //p//word], [[FirefoxDriver: firefox on LINUX (358f877c-4143-452f-ab4d-589327eb2715)] -&gt; xpath: //p//word], [[FirefoxDriver: firefox on LINUX (358f877c-4143-452f-ab4d-589327eb2715)] -&gt; xpath: //p//word], [[FirefoxDriver: firefox on LINUX (358f877c-4143-452f-ab4d-589327eb2715)] -&gt; xpath: //p//word], [[FirefoxDriver: firefox on LINUX (358f877c-4143-452f-ab4d-589327eb2715)] -&gt; xpath: //p//word], [[FirefoxDriver: firefox on LINUX (358f877c-4143-452f-ab4d-589327eb2715)] -&gt; xpath: //p//word], [[FirefoxDriver: firefox on LINUX (358f877c-4143-452f-ab4d-589327eb2715)] -&gt; xpath: //p//word], [[FirefoxDriver: firefox on LINUX (358f877c-4143-452f-ab4d-589327eb2715)] -&gt; xpath: //p//word], [[FirefoxDriver: firefox on LINUX (358f877c-4143-452f-ab4d-589327eb2715)] -&gt; xpath: //p//word], [[FirefoxDriver: firefox on LINUX (358f877c-4143-452f-ab4d-589327eb2715)] -&gt; xpath: //p//word], [[FirefoxDriver: firefox on LINUX (358f877c-4143-452f-ab4d-589327eb2715)] -&gt; xpath: //p//word], [[FirefoxDriver: firefox on LINUX (358f877c-4143-452f-ab4d-589327eb2715)] -&gt; xpath: //p//word], [[FirefoxDriver: firefox on LINUX (358f877c-4143-452f-ab4d-589327eb2715)] -&gt; xpath: //p//word], [[FirefoxDriver: firefox on LINUX (358f877c-4143-452f-ab4d-589327eb2715)] -&gt; xpath: //p//word], [[FirefoxDriver: firefox on LINUX (358f877c-4143-452f-ab4d-589327eb2715)] -&gt; xpath: //p//word], [[FirefoxDriver: firefox on LINUX (358f877c-4143-452f-ab4d-589327eb2715)] -&gt; xpath: //p//word], [[FirefoxDriver: firefox on LINUX (358f877c-4143-452f-ab4d-589327eb2715)] -&gt; xpath: //p//word], [[FirefoxDriver: firefox on LINUX (358f877c-4143-452f-ab4d-589327eb2715)] -&gt; xpath: //p//word], [[FirefoxDriver: firefox on LINUX (358f877c-4143-452f-ab4d-589327eb2715)] -&gt; xpath: //p//word], [[FirefoxDriver: firefox on LINUX (358f877c-4143-452f-ab4d-589327eb2715)] -&gt; xpath: //p//word], [[FirefoxDriver: firefox on LINUX (358f877c-4143-452f-ab4d-589327eb2715)] -&gt; xpath: //p//word], [[FirefoxDriver: firefox on LINUX (358f877c-4143-452f-ab4d-589327eb2715)] -&gt; xpath: //p//word], [[FirefoxDriver: firefox on LINUX (358f877c-4143-452f-ab4d-589327eb2715)] -&gt; xpath: //p//word], [[FirefoxDriver: firefox on LINUX (358f877c-4143-452f-ab4d-589327eb2715)] -&gt; xpath: //p//word], [[FirefoxDriver: firefox on LINUX (358f877c-4143-452f-ab4d-589327eb2715)] -&gt; xpath: //p//word], [[FirefoxDriver: firefox on LINUX (358f877c-4143-452f-ab4d-589327eb2715)] -&gt; xpath: //p//word], [[FirefoxDriver: firefox on LINUX (358f877c-4143-452f-ab4d-589327eb2715)] -&gt; xpath: //p//word], [[FirefoxDriver: firefox on LINUX (358f877c-4143-452f-ab4d-589327eb2715)] -&gt; xpath: //p//word], [[FirefoxDriver: firefox on LINUX (358f877c-4143-452f-ab4d-589327eb2715)] -&gt; xpath: //p//word], [[FirefoxDriver: firefox on LINUX (358f877c-4143-452f-ab4d-589327eb2715)] -&gt; xpath: //p//word], [[FirefoxDriver: firefox on LINUX (358f877c-4143-452f-ab4d-589327eb2715)] -&gt; xpath: //p//word], [[FirefoxDriver: firefox on LINUX (358f877c-4143-452f-ab4d-589327eb2715)] -&gt; xpath: //p//word], [[FirefoxDriver: firefox on LINUX (358f877c-4143-452f-ab4d-589327eb2715)] -&gt; xpath: //p//word], [[FirefoxDriver: firefox on LINUX (358f877c-4143-452f-ab4d-589327eb2715)] -&gt; xpath: //p//word], [[FirefoxDriver: firefox on LINUX (358f877c-4143-452f-ab4d-589327eb2715)] -&gt; xpath: //p//word], [[FirefoxDriver: firefox on LINUX (358f877c-4143-452f-ab4d-589327eb2715)] -&gt; xpath: //p//word], [[FirefoxDriver: firefox on LINUX (358f877c-4143-452f-ab4d-589327eb2715)] -&gt; xpath: //p//word], [[FirefoxDriver: firefox on LINUX (358f877c-4143-452f-ab4d-589327eb2715)] -&gt; xpath: //p//word], [[FirefoxDriver: firefox on LINUX (358f877c-4143-452f-ab4d-589327eb2715)] -&gt; xpath: //p//word], [[FirefoxDriver: firefox on LINUX (358f877c-4143-452f-ab4d-589327eb2715)] -&gt; xpath: //p//word], [[FirefoxDriver: firefox on LINUX (358f877c-4143-452f-ab4d-589327eb2715)] -&gt; xpath: //p//word], [[FirefoxDriver: firefox on LINUX (358f877c-4143-452f-ab4d-589327eb2715)] -&gt; xpath: //p//word], [[FirefoxDriver: firefox on LINUX (358f877c-4143-452f-ab4d-589327eb2715)] -&gt; xpath: //p//word], [[FirefoxDriver: firefox on LINUX (358f877c-4143-452f-ab4d-589327eb2715)] -&gt; xpath: //p//word], [[FirefoxDriver: firefox on LINUX (358f877c-4143-452f-ab4d-589327eb2715)] -&gt; xpath: //p//word], [[FirefoxDriver: firefox on LINUX (358f877c-4143-452f-ab4d-589327eb2715)] -&gt; xpath: //p//word], [[FirefoxDriver: firefox on LINUX (358f877c-4143-452f-ab4d-589327eb2715)] -&gt; xpath: //p//word], [[FirefoxDriver: firefox on LINUX (358f877c-4143-452f-ab4d-589327eb2715)] -&gt; xpath: //p//word], [[FirefoxDriver: firefox on LINUX (358f877c-4143-452f-ab4d-589327eb2715)] -&gt; xpath: //p//word], [[FirefoxDriver: firefox on LINUX (358f877c-4143-452f-ab4d-589327eb2715)] -&gt; xpath: //p//word], [[FirefoxDriver: firefox on LINUX (358f877c-4143-452f-ab4d-589327eb2715)] -&gt; xpath: //p//word], [[FirefoxDriver: firefox on LINUX (358f877c-4143-452f-ab4d-589327eb2715)] -&gt; xpath: //p//word], [[FirefoxDriver: firefox on LINUX (358f877c-4143-452f-ab4d-589327eb2715)] -&gt; xpath: //p//word], [[FirefoxDriver: firefox on LINUX (358f877c-4143-452f-ab4d-589327eb2715)] -&gt; xpath: //p//word], [[FirefoxDriver: firefox on LINUX (358f877c-4143-452f-ab4d-589327eb2715)] -&gt; xpath: //p//word], [[FirefoxDriver: firefox on LINUX (358f877c-4143-452f-ab4d-589327eb2715)] -&gt; xpath: //p//word], [[FirefoxDriver: firefox on LINUX (358f877c-4143-452f-ab4d-589327eb2715)] -&gt; xpath: //p//word], [[FirefoxDriver: firefox on LINUX (358f877c-4143-452f-ab4d-589327eb2715)] -&gt; xpath: //p//word], [[FirefoxDriver: firefox on LINUX (358f877c-4143-452f-ab4d-589327eb2715)] -&gt; xpath: //p//word], [[FirefoxDriver: firefox on LINUX (358f877c-4143-452f-ab4d-589327eb2715)] -&gt; xpath: //p//word], [[FirefoxDriver: firefox on LINUX (358f877c-4143-452f-ab4d-589327eb2715)] -&gt; xpath: //p//word], [[FirefoxDriver: firefox on LINUX (358f877c-4143-452f-ab4d-589327eb2715)] -&gt; xpath: //p//word], [[FirefoxDriver: firefox on LINUX (358f877c-4143-452f-ab4d-589327eb2715)] -&gt; xpath: //p//word], [[FirefoxDriver: firefox on LINUX (358f877c-4143-452f-ab4d-589327eb2715)] -&gt; xpath: //p//word], [[FirefoxDriver: firefox on LINUX (358f877c-4143-452f-ab4d-589327eb2715)] -&gt; xpath: //p//word], [[FirefoxDriver: firefox on LINUX (358f877c-4143-452f-ab4d-589327eb2715)] -&gt; xpath: //p//word], [[FirefoxDriver: firefox on LINUX (358f877c-4143-452f-ab4d-589327eb2715)] -&gt; xpath: //p//word], [[FirefoxDriver: firefox on LINUX (358f877c-4143-452f-ab4d-589327eb2715)] -&gt; xpath: //p//word], [[FirefoxDriver: firefox on LINUX (358f877c-4143-452f-ab4d-589327eb2715)] -&gt; xpath: //p//word], [[FirefoxDriver: firefox on LINUX (358f877c-4143-452f-ab4d-589327eb2715)] -&gt; xpath: //p//word], [[FirefoxDriver: firefox on LINUX (358f877c-4143-452f-ab4d-589327eb2715)] -&gt; xpath: //p//word], [[FirefoxDriver: firefox on LINUX (358f877c-4143-452f-ab4d-589327eb2715)] -&gt; xpath: //p//word], [[FirefoxDriver: firefox on LINUX (358f877c-4143-452f-ab4d-589327eb2715)] -&gt; xpath: //p//word], [[FirefoxDriver: firefox on LINUX (358f877c-4143-452f-ab4d-589327eb2715)] -&gt; xpath: //p//word], [[FirefoxDriver: firefox on LINUX (358f877c-4143-452f-ab4d-589327eb2715)] -&gt; xpath: //p//word], [[FirefoxDriver: firefox on LINUX (358f877c-4143-452f-ab4d-589327eb2715)] -&gt; xpath: //p//word], [[FirefoxDriver: firefox on LINUX (358f877c-4143-452f-ab4d-589327eb2715)] -&gt; xpath: //p//word], [[FirefoxDriver: firefox on LINUX (358f877c-4143-452f-ab4d-589327eb2715)] -&gt; xpath: //p//word], [[FirefoxDriver: firefox on LINUX (358f877c-4143-452f-ab4d-589327eb2715)] -&gt; xpath: //p//word], [[FirefoxDriver: firefox on LINUX (358f877c-4143-452f-ab4d-589327eb2715)] -&gt; xpath: //p//word], [[FirefoxDriver: firefox on LINUX (358f877c-4143-452f-ab4d-589327eb2715)] -&gt; xpath: //p//word], [[FirefoxDriver: firefox on LINUX (358f877c-4143-452f-ab4d-589327eb2715)] -&gt; xpath: //p//word], [[FirefoxDriver: firefox on LINUX (358f877c-4143-452f-ab4d-589327eb2715)] -&gt; xpath: //p//word], [[FirefoxDriver: firefox on LINUX (358f877c-4143-452f-ab4d-589327eb2715)] -&gt; xpath: //p//word], [[FirefoxDriver: firefox on LINUX (358f877c-4143-452f-ab4d-589327eb2715)] -&gt; xpath: //p//word], [[FirefoxDriver: firefox on LINUX (358f877c-4143-452f-ab4d-589327eb2715)] -&gt; xpath: //p//word], [[FirefoxDriver: firefox on LINUX (358f877c-4143-452f-ab4d-589327eb2715)] -&gt; xpath: //p//word], [[FirefoxDriver: firefox on LINUX (358f877c-4143-452f-ab4d-589327eb2715)] -&gt; xpath: //p//word], [[FirefoxDriver: firefox on LINUX (358f877c-4143-452f-ab4d-589327eb2715)] -&gt; xpath: //p//word], [[FirefoxDriver: firefox on LINUX (358f877c-4143-452f-ab4d-589327eb2715)] -&gt; xpath: //p//word], [[FirefoxDriver: firefox on LINUX (358f877c-4143-452f-ab4d-589327eb2715)] -&gt; xpath: //p//word], [[FirefoxDriver: firefox on LINUX (358f877c-4143-452f-ab4d-589327eb2715)] -&gt; xpath: //p//word], [[FirefoxDriver: firefox on LINUX (358f877c-4143-452f-ab4d-589327eb2715)] -&gt; xpath: //p//word], [[FirefoxDriver: firefox on LINUX (358f877c-4143-452f-ab4d-589327eb2715)] -&gt; xpath: //p//word], [[FirefoxDriver: firefox on LINUX (358f877c-4143-452f-ab4d-589327eb2715)] -&gt; xpath: //p//word], [[FirefoxDriver: firefox on LINUX (358f877c-4143-452f-ab4d-589327eb2715)] -&gt; xpath: //p//word], [[FirefoxDriver: firefox on LINUX (358f877c-4143-452f-ab4d-589327eb2715)] -&gt; xpath: //p//word], [[FirefoxDriver: firefox on LINUX (358f877c-4143-452f-ab4d-589327eb2715)] -&gt; xpath: //p//word], [[FirefoxDriver: firefox on LINUX (358f877c-4143-452f-ab4d-589327eb2715)] -&gt; xpath: //p//word], [[FirefoxDriver: firefox on LINUX (358f877c-4143-452f-ab4d-589327eb2715)] -&gt; xpath: //p//word], [[FirefoxDriver: firefox on LINUX (358f877c-4143-452f-ab4d-589327eb2715)] -&gt; xpath: //p//word], [[FirefoxDriver: firefox on LINUX (358f877c-4143-452f-ab4d-589327eb2715)] -&gt; xpath: //p//word], [[FirefoxDriver: firefox on LINUX (358f877c-4143-452f-ab4d-589327eb2715)] -&gt; xpath: //p//word], [[FirefoxDriver: firefox on LINUX (358f877c-4143-452f-ab4d-589327eb2715)] -&gt; xpath: //p//word], [[FirefoxDriver: firefox on LINUX (358f877c-4143-452f-ab4d-589327eb2715)] -&gt; xpath: //p//word], [[FirefoxDriver: firefox on LINUX (358f877c-4143-452f-ab4d-589327eb2715)] -&gt; xpath: //p//word], [[FirefoxDriver: firefox on LINUX (358f877c-4143-452f-ab4d-589327eb2715)] -&gt; xpath: //p//word], [[FirefoxDriver: firefox on LINUX (358f877c-4143-452f-ab4d-589327eb2715)] -&gt; xpath: //p//word], [[FirefoxDriver: firefox on LINUX (358f877c-4143-452f-ab4d-589327eb2715)] -&gt; xpath: //p//word], [[FirefoxDriver: firefox on LINUX (358f877c-4143-452f-ab4d-589327eb2715)] -&gt; xpath: //p//word], [[FirefoxDriver: firefox on LINUX (358f877c-4143-452f-ab4d-589327eb2715)] -&gt; xpath: //p//word], [[FirefoxDriver: firefox on LINUX (358f877c-4143-452f-ab4d-589327eb2715)] -&gt; xpath: //p//word], [[FirefoxDriver: firefox on LINUX (358f877c-4143-452f-ab4d-589327eb2715)] -&gt; xpath: //p//word], [[FirefoxDriver: firefox on LINUX (358f877c-4143-452f-ab4d-589327eb2715)] -&gt; xpath: //p//word], [[FirefoxDriver: firefox on LINUX (358f877c-4143-452f-ab4d-589327eb2715)] -&gt; xpath: //p//word], [[FirefoxDriver: firefox on LINUX (358f877c-4143-452f-ab4d-589327eb2715)] -&gt; xpath: //p//word], [[FirefoxDriver: firefox on LINUX (358f877c-4143-452f-ab4d-589327eb2715)] -&gt; xpath: //p//word], [[FirefoxDriver: firefox on LINUX (358f877c-4143-452f-ab4d-589327eb2715)] -&gt; xpath: //p//word], [[FirefoxDriver: firefox on LINUX (358f877c-4143-452f-ab4d-589327eb2715)] -&gt; xpath: //p//word], [[FirefoxDriver: firefox on LINUX (358f877c-4143-452f-ab4d-589327eb2715)] -&gt; xpath: //p//word], [[FirefoxDriver: firefox on LINUX (358f877c-4143-452f-ab4d-589327eb2715)] -&gt; xpath: //p//word], [[FirefoxDriver: firefox on LINUX (358f877c-4143-452f-ab4d-589327eb2715)] -&gt; xpath: //p//word], [[FirefoxDriver: firefox on LINUX (358f877c-4143-452f-ab4d-589327eb2715)] -&gt; xpath: //p//word], [[FirefoxDriver: firefox on LINUX (358f877c-4143-452f-ab4d-589327eb2715)] -&gt; xpath: //p//word], [[FirefoxDriver: firefox on LINUX (358f877c-4143-452f-ab4d-589327eb2715)] -&gt; xpath: //p//word], [[FirefoxDriver: firefox on LINUX (358f877c-4143-452f-ab4d-589327eb2715)] -&gt; xpath: //p//word], [[FirefoxDriver: firefox on LINUX (358f877c-4143-452f-ab4d-589327eb2715)] -&gt; xpath: //p//word], [[FirefoxDriver: firefox on LINUX (358f877c-4143-452f-ab4d-589327eb2715)] -&gt; xpath: //p//word], [[FirefoxDriver: firefox on LINUX (358f877c-4143-452f-ab4d-589327eb2715)] -&gt; xpath: //p//word], [[FirefoxDriver: firefox on LINUX (358f877c-4143-452f-ab4d-589327eb2715)] -&gt; xpath: //p//word], [[FirefoxDriver: firefox on LINUX (358f877c-4143-452f-ab4d-589327eb2715)] -&gt; xpath: //p//word], [[FirefoxDriver: firefox on LINUX (358f877c-4143-452f-ab4d-589327eb2715)] -&gt; xpath: //p//word], [[FirefoxDriver: firefox on LINUX (358f877c-4143-452f-ab4d-589327eb2715)] -&gt; xpath: //p//word], [[FirefoxDriver: firefox on LINUX (358f877c-4143-452f-ab4d-589327eb2715)] -&gt; xpath: //p//word], [[FirefoxDriver: firefox on LINUX (358f877c-4143-452f-ab4d-589327eb2715)] -&gt; xpath: //p//word], [[FirefoxDriver: firefox on LINUX (358f877c-4143-452f-ab4d-589327eb2715)] -&gt; xpath: //p//word], [[FirefoxDriver: firefox on LINUX (358f877c-4143-452f-ab4d-589327eb2715)] -&gt; xpath: //p//word], [[FirefoxDriver: firefox on LINUX (358f877c-4143-452f-ab4d-589327eb2715)] -&gt; xpath: //p//word], [[FirefoxDriver: firefox on LINUX (358f877c-4143-452f-ab4d-589327eb2715)] -&gt; xpath: //p//word], [[FirefoxDriver: firefox on LINUX (358f877c-4143-452f-ab4d-589327eb2715)] -&gt; xpath: //p//word], [[FirefoxDriver: firefox on LINUX (358f877c-4143-452f-ab4d-589327eb2715)] -&gt; xpath: //p//word], [[FirefoxDriver: firefox on LINUX (358f877c-4143-452f-ab4d-589327eb2715)] -&gt; xpath: //p//word], [[FirefoxDriver: firefox on LINUX (358f877c-4143-452f-ab4d-589327eb2715)] -&gt; xpath: //p//word], [[FirefoxDriver: firefox on LINUX (358f877c-4143-452f-ab4d-589327eb2715)] -&gt; xpath: //p//word], [[FirefoxDriver: firefox on LINUX (358f877c-4143-452f-ab4d-589327eb2715)] -&gt; xpath: //p//word], [[FirefoxDriver: firefox on LINUX (358f877c-4143-452f-ab4d-589327eb2715)] -&gt; xpath: //p//word], [[FirefoxDriver: firefox on LINUX (358f877c-4143-452f-ab4d-589327eb2715)] -&gt; xpath: //p//word], [[FirefoxDriver: firefox on LINUX (358f877c-4143-452f-ab4d-589327eb2715)] -&gt; xpath: //p//word], [[FirefoxDriver: firefox on LINUX (358f877c-4143-452f-ab4d-589327eb2715)] -&gt; xpath: //p//word], [[FirefoxDriver: firefox on LINUX (358f877c-4143-452f-ab4d-589327eb2715)] -&gt; xpath: //p//word], [[FirefoxDriver: firefox on LINUX (358f877c-4143-452f-ab4d-589327eb2715)] -&gt; xpath: //p//word], [[FirefoxDriver: firefox on LINUX (358f877c-4143-452f-ab4d-589327eb2715)] -&gt; xpath: //p//word], [[FirefoxDriver: firefox on LINUX (358f877c-4143-452f-ab4d-589327eb2715)] -&gt; xpath: //p//word], [[FirefoxDriver: firefox on LINUX (358f877c-4143-452f-ab4d-589327eb2715)] -&gt; xpath: //p//word], [[FirefoxDriver: firefox on LINUX (358f877c-4143-452f-ab4d-589327eb2715)] -&gt; xpath: //p//word], [[FirefoxDriver: firefox on LINUX (358f877c-4143-452f-ab4d-589327eb2715)] -&gt; xpath: //p//word], [[FirefoxDriver: firefox on LINUX (358f877c-4143-452f-ab4d-589327eb2715)] -&gt; xpath: //p//word], [[FirefoxDriver: firefox on LINUX (358f877c-4143-452f-ab4d-589327eb2715)] -&gt; xpath: //p//word], [[FirefoxDriver: firefox on LINUX (358f877c-4143-452f-ab4d-589327eb2715)] -&gt; xpath: //p//word], [[FirefoxDriver: firefox on LINUX (358f877c-4143-452f-ab4d-589327eb2715)] -&gt; xpath: //p//word], [[FirefoxDriver: firefox on LINUX (358f877c-4143-452f-ab4d-589327eb2715)] -&gt; xpath: //p//word], [[FirefoxDriver: firefox on LINUX (358f877c-4143-452f-ab4d-589327eb2715)] -&gt; xpath: //p//word], [[FirefoxDriver: firefox on LINUX (358f877c-4143-452f-ab4d-589327eb2715)] -&gt; xpath: //p//word], [[FirefoxDriver: firefox on LINUX (358f877c-4143-452f-ab4d-589327eb2715)] -&gt; xpath: //p//word], [[FirefoxDriver: firefox on LINUX (358f877c-4143-452f-ab4d-589327eb2715)] -&gt; xpath: //p//word], [[FirefoxDriver: firefox on LINUX (358f877c-4143-452f-ab4d-589327eb2715)] -&gt; xpath: //p//word], [[FirefoxDriver: firefox on LINUX (358f877c-4143-452f-ab4d-589327eb2715)] -&gt; xpath: //p//word], [[FirefoxDriver: firefox on LINUX (358f877c-4143-452f-ab4d-589327eb2715)] -&gt; xpath: //p//word], [[FirefoxDriver: firefox on LINUX (358f877c-4143-452f-ab4d-589327eb2715)] -&gt; xpath: //p//word], [[FirefoxDriver: firefox on LINUX (358f877c-4143-452f-ab4d-589327eb2715)] -&gt; xpath: //p//word], [[FirefoxDriver: firefox on LINUX (358f877c-4143-452f-ab4d-589327eb2715)] -&gt; xpath: //p//word], [[FirefoxDriver: firefox on LINUX (358f877c-4143-452f-ab4d-589327eb2715)] -&gt; xpath: //p//word], [[FirefoxDriver: firefox on LINUX (358f877c-4143-452f-ab4d-589327eb2715)] -&gt; xpath: //p//word], [[FirefoxDriver: firefox on LINUX (358f877c-4143-452f-ab4d-589327eb2715)] -&gt; xpath: //p//word], [[FirefoxDriver: firefox on LINUX (358f877c-4143-452f-ab4d-589327eb2715)] -&gt; xpath: //p//word], [[FirefoxDriver: firefox on LINUX (358f877c-4143-452f-ab4d-589327eb2715)] -&gt; xpath: //p//word], [[FirefoxDriver: firefox on LINUX (358f877c-4143-452f-ab4d-589327eb2715)] -&gt; xpath: //p//word], [[FirefoxDriver: firefox on LINUX (358f877c-4143-452f-ab4d-589327eb2715)] -&gt; xpath: //p//word], [[FirefoxDriver: firefox on LINUX (358f877c-4143-452f-ab4d-589327eb2715)] -&gt; xpath: //p//word], [[FirefoxDriver: firefox on LINUX (358f877c-4143-452f-ab4d-589327eb2715)] -&gt; xpath: //p//word], [[FirefoxDriver: firefox on LINUX (358f877c-4143-452f-ab4d-589327eb2715)] -&gt; xpath: //p//word], [[FirefoxDriver: firefox on LINUX (358f877c-4143-452f-ab4d-589327eb2715)] -&gt; xpath: //p//word], [[FirefoxDriver: firefox on LINUX (358f877c-4143-452f-ab4d-589327eb2715)] -&gt; xpath: //p//word], [[FirefoxDriver: firefox on LINUX (358f877c-4143-452f-ab4d-589327eb2715)] -&gt; xpath: //p//word], [[FirefoxDriver: firefox on LINUX (358f877c-4143-452f-ab4d-589327eb2715)] -&gt; xpath: //p//word], [[FirefoxDriver: firefox on LINUX (358f877c-4143-452f-ab4d-589327eb2715)] -&gt; xpath: //p//word], [[FirefoxDriver: firefox on LINUX (358f877c-4143-452f-ab4d-589327eb2715)] -&gt; xpath: //p//word], [[FirefoxDriver: firefox on LINUX (358f877c-4143-452f-ab4d-589327eb2715)] -&gt; xpath: //p//word], [[FirefoxDriver: firefox on LINUX (358f877c-4143-452f-ab4d-589327eb2715)] -&gt; xpath: //p//word], [[FirefoxDriver: firefox on LINUX (358f877c-4143-452f-ab4d-589327eb2715)] -&gt; xpath: //p//word], [[FirefoxDriver: firefox on LINUX (358f877c-4143-452f-ab4d-589327eb2715)] -&gt; xpath: //p//word], [[FirefoxDriver: firefox on LINUX (358f877c-4143-452f-ab4d-589327eb2715)] -&gt; xpath: //p//word], [[FirefoxDriver: firefox on LINUX (358f877c-4143-452f-ab4d-589327eb2715)] -&gt; xpath: //p//word], [[FirefoxDriver: firefox on LINUX (358f877c-4143-452f-ab4d-589327eb2715)] -&gt; xpath: //p//word], [[FirefoxDriver: firefox on LINUX (358f877c-4143-452f-ab4d-589327eb2715)] -&gt; xpath: //p//word], [[FirefoxDriver: firefox on LINUX (358f877c-4143-452f-ab4d-589327eb2715)] -&gt; xpath: //p//word], [[FirefoxDriver: firefox on LINUX (358f877c-4143-452f-ab4d-589327eb2715)] -&gt; xpath: //p//word], [[FirefoxDriver: firefox on LINUX (358f877c-4143-452f-ab4d-589327eb2715)] -&gt; xpath: //p//word], [[FirefoxDriver: firefox on LINUX (358f877c-4143-452f-ab4d-589327eb2715)] -&gt; xpath: //p//word], [[FirefoxDriver: firefox on LINUX (358f877c-4143-452f-ab4d-589327eb2715)] -&gt; xpath: //p//word], [[FirefoxDriver: firefox on LINUX (358f877c-4143-452f-ab4d-589327eb2715)] -&gt; xpath: //p//word], [[FirefoxDriver: firefox on LINUX (358f877c-4143-452f-ab4d-589327eb2715)] -&gt; xpath: //p//word], [[FirefoxDriver: firefox on LINUX (358f877c-4143-452f-ab4d-589327eb2715)] -&gt; xpath: //p//word], [[FirefoxDriver: firefox on LINUX (358f877c-4143-452f-ab4d-589327eb2715)] -&gt; xpath: //p//word], [[FirefoxDriver: firefox on LINUX (358f877c-4143-452f-ab4d-589327eb2715)] -&gt; xpath: //p//word], [[FirefoxDriver: firefox on LINUX (358f877c-4143-452f-ab4d-589327eb2715)] -&gt; xpath: //p//word], [[FirefoxDriver: firefox on LINUX (358f877c-4143-452f-ab4d-589327eb2715)] -&gt; xpath: //p//word], [[FirefoxDriver: firefox on LINUX (358f877c-4143-452f-ab4d-589327eb2715)] -&gt; xpath: //p//word], [[FirefoxDriver: firefox on LINUX (358f877c-4143-452f-ab4d-589327eb2715)] -&gt; xpath: //p//word], [[FirefoxDriver: firefox on LINUX (358f877c-4143-452f-ab4d-589327eb2715)] -&gt; xpath: //p//word], [[FirefoxDriver: firefox on LINUX (358f877c-4143-452f-ab4d-589327eb2715)] -&gt; xpath: //p//word], [[FirefoxDriver: firefox on LINUX (358f877c-4143-452f-ab4d-589327eb2715)] -&gt; xpath: //p//word], [[FirefoxDriver: firefox on LINUX (358f877c-4143-452f-ab4d-589327eb2715)] -&gt; xpath: //p//word], [[FirefoxDriver: firefox on LINUX (358f877c-4143-452f-ab4d-589327eb2715)] -&gt; xpath: //p//word], [[FirefoxDriver: firefox on LINUX (358f877c-4143-452f-ab4d-589327eb2715)] -&gt; xpath: //p//word], [[FirefoxDriver: firefox on LINUX (358f877c-4143-452f-ab4d-589327eb2715)] -&gt; xpath: //p//word], [[FirefoxDriver: firefox on LINUX (358f877c-4143-452f-ab4d-589327eb2715)] -&gt; xpath: //p//word], [[FirefoxDriver: firefox on LINUX (358f877c-4143-452f-ab4d-589327eb2715)] -&gt; xpath: //p//word], [[FirefoxDriver: firefox on LINUX (358f877c-4143-452f-ab4d-589327eb2715)] -&gt; xpath: //p//word], [[FirefoxDriver: firefox on LINUX (358f877c-4143-452f-ab4d-589327eb2715)] -&gt; xpath: //p//word], [[FirefoxDriver: firefox on LINUX (358f877c-4143-452f-ab4d-589327eb2715)] -&gt; xpath: //p//word], [[FirefoxDriver: firefox on LINUX (358f877c-4143-452f-ab4d-589327eb2715)] -&gt; xpath: //p//word], [[FirefoxDriver: firefox on LINUX (358f877c-4143-452f-ab4d-589327eb2715)] -&gt; xpath: //p//word], [[FirefoxDriver: firefox on LINUX (358f877c-4143-452f-ab4d-589327eb2715)] -&gt; xpath: //p//word], [[FirefoxDriver: firefox on LINUX (358f877c-4143-452f-ab4d-589327eb2715)] -&gt; xpath: //p//word], [[FirefoxDriver: firefox on LINUX (358f877c-4143-452f-ab4d-589327eb2715)] -&gt; xpath: //p//word], [[FirefoxDriver: firefox on LINUX (358f877c-4143-452f-ab4d-589327eb2715)] -&gt; xpath: //p//word], [[FirefoxDriver: firefox on LINUX (358f877c-4143-452f-ab4d-589327eb2715)] -&gt; xpath: //p//word], [[FirefoxDriver: firefox on LINUX (358f877c-4143-452f-ab4d-589327eb2715)] -&gt; xpath: //p//word], [[FirefoxDriver: firefox on LINUX (358f877c-4143-452f-ab4d-589327eb2715)] -&gt; xpath: //p//word], [[FirefoxDriver: firefox on LINUX (358f877c-4143-452f-ab4d-589327eb2715)] -&gt; xpath: //p//word], [[FirefoxDriver: firefox on LINUX (358f877c-4143-452f-ab4d-589327eb2715)] -&gt; xpath: //p//word], [[FirefoxDriver: firefox on LINUX (358f877c-4143-452f-ab4d-589327eb2715)] -&gt; xpath: //p//word], [[FirefoxDriver: firefox on LINUX (358f877c-4143-452f-ab4d-589327eb2715)] -&gt; xpath: //p//word], [[FirefoxDriver: firefox on LINUX (358f877c-4143-452f-ab4d-589327eb2715)] -&gt; xpath: //p//word], [[FirefoxDriver: firefox on LINUX (358f877c-4143-452f-ab4d-589327eb2715)] -&gt; xpath: //p//word], [[FirefoxDriver: firefox on LINUX (358f877c-4143-452f-ab4d-589327eb2715)] -&gt; xpath: //p//word], [[FirefoxDriver: firefox on LINUX (358f877c-4143-452f-ab4d-589327eb2715)] -&gt; xpath: //p//word], [[FirefoxDriver: firefox on LINUX (358f877c-4143-452f-ab4d-589327eb2715)] -&gt; xpath: //p//word], [[FirefoxDriver: firefox on LINUX (358f877c-4143-452f-ab4d-589327eb2715)] -&gt; xpath: //p//word], [[FirefoxDriver: firefox on LINUX (358f877c-4143-452f-ab4d-589327eb2715)] -&gt; xpath: //p//word], [[FirefoxDriver: firefox on LINUX (358f877c-4143-452f-ab4d-589327eb2715)] -&gt; xpath: //p//word], [[FirefoxDriver: firefox on LINUX (358f877c-4143-452f-ab4d-589327eb2715)] -&gt; xpath: //p//word], [[FirefoxDriver: firefox on LINUX (358f877c-4143-452f-ab4d-589327eb2715)] -&gt; xpath: //p//word], [[FirefoxDriver: firefox on LINUX (358f877c-4143-452f-ab4d-589327eb2715)] -&gt; xpath: //p//word], [[FirefoxDriver: firefox on LINUX (358f877c-4143-452f-ab4d-589327eb2715)] -&gt; xpath: //p//word], [[FirefoxDriver: firefox on LINUX (358f877c-4143-452f-ab4d-589327eb2715)] -&gt; xpath: //p//word], [[FirefoxDriver: firefox on LINUX (358f877c-4143-452f-ab4d-589327eb2715)] -&gt; xpath: //p//word], [[FirefoxDriver: firefox on LINUX (358f877c-4143-452f-ab4d-589327eb2715)] -&gt; xpath: //p//word], [[FirefoxDriver: firefox on LINUX (358f877c-4143-452f-ab4d-589327eb2715)] -&gt; xpath: //p//word], [[FirefoxDriver: firefox on LINUX (358f877c-4143-452f-ab4d-589327eb2715)] -&gt; xpath: //p//word], [[FirefoxDriver: firefox on LINUX (358f877c-4143-452f-ab4d-589327eb2715)] -&gt; xpath: //p//word], [[FirefoxDriver: firefox on LINUX (358f877c-4143-452f-ab4d-589327eb2715)] -&gt; xpath: //p//word], [[FirefoxDriver: firefox on LINUX (358f877c-4143-452f-ab4d-589327eb2715)] -&gt; xpath: //p//word], [[FirefoxDriver: firefox on LINUX (358f877c-4143-452f-ab4d-589327eb2715)] -&gt; xpath: //p//word], [[FirefoxDriver: firefox on LINUX (358f877c-4143-452f-ab4d-589327eb2715)] -&gt; xpath: //p//word], [[FirefoxDriver: firefox on LINUX (358f877c-4143-452f-ab4d-589327eb2715)] -&gt; xpath: //p//word], [[FirefoxDriver: firefox on LINUX (358f877c-4143-452f-ab4d-589327eb2715)] -&gt; xpath: //p//word], [[FirefoxDriver: firefox on LINUX (358f877c-4143-452f-ab4d-589327eb2715)] -&gt; xpath: //p//word], [[FirefoxDriver: firefox on LINUX (358f877c-4143-452f-ab4d-589327eb2715)] -&gt; xpath: //p//word], [[FirefoxDriver: firefox on LINUX (358f877c-4143-452f-ab4d-589327eb2715)] -&gt; xpath: //p//word], [[FirefoxDriver: firefox on LINUX (358f877c-4143-452f-ab4d-589327eb2715)] -&gt; xpath: //p//word], [[FirefoxDriver: firefox on LINUX (358f877c-4143-452f-ab4d-589327eb2715)] -&gt; xpath: //p//word], [[FirefoxDriver: firefox on LINUX (358f877c-4143-452f-ab4d-589327eb2715)] -&gt; xpath: //p//word], [[FirefoxDriver: firefox on LINUX (358f877c-4143-452f-ab4d-589327eb2715)] -&gt; xpath: //p//word], [[FirefoxDriver: firefox on LINUX (358f877c-4143-452f-ab4d-589327eb2715)] -&gt; xpath: //p//word], [[FirefoxDriver: firefox on LINUX (358f877c-4143-452f-ab4d-589327eb2715)] -&gt; xpath: //p//word], [[FirefoxDriver: firefox on LINUX (358f877c-4143-452f-ab4d-589327eb2715)] -&gt; xpath: //p//word], [[FirefoxDriver: firefox on LINUX (358f877c-4143-452f-ab4d-589327eb2715)] -&gt; xpath: //p//word], [[FirefoxDriver: firefox on LINUX (358f877c-4143-452f-ab4d-589327eb2715)] -&gt; xpath: //p//word], [[FirefoxDriver: firefox on LINUX (358f877c-4143-452f-ab4d-589327eb2715)] -&gt; xpath: //p//word], [[FirefoxDriver: firefox on LINUX (358f877c-4143-452f-ab4d-589327eb2715)] -&gt; xpath: //p//word], [[FirefoxDriver: firefox on LINUX (358f877c-4143-452f-ab4d-589327eb2715)] -&gt; xpath: //p//word], [[FirefoxDriver: firefox on LINUX (358f877c-4143-452f-ab4d-589327eb2715)] -&gt; xpath: //p//word], [[FirefoxDriver: firefox on LINUX (358f877c-4143-452f-ab4d-589327eb2715)] -&gt; xpath: //p//word], [[FirefoxDriver: firefox on LINUX (358f877c-4143-452f-ab4d-589327eb2715)] -&gt; xpath: //p//word], [[FirefoxDriver: firefox on LINUX (358f877c-4143-452f-ab4d-589327eb2715)] -&gt; xpath: //p//word], [[FirefoxDriver: firefox on LINUX (358f877c-4143-452f-ab4d-589327eb2715)] -&gt; xpath: //p//word], [[FirefoxDriver: firefox on LINUX (358f877c-4143-452f-ab4d-589327eb2715)] -&gt; xpath: //p//word], [[FirefoxDriver: firefox on LINUX (358f877c-4143-452f-ab4d-589327eb2715)] -&gt; xpath: //p//word], [[FirefoxDriver: firefox on LINUX (358f877c-4143-452f-ab4d-589327eb2715)] -&gt; xpath: //p//word], [[FirefoxDriver: firefox on LINUX (358f877c-4143-452f-ab4d-589327eb2715)] -&gt; xpath: //p//word], [[FirefoxDriver: firefox on LINUX (358f877c-4143-452f-ab4d-589327eb2715)] -&gt; xpath: //p//word], [[FirefoxDriver: firefox on LINUX (358f877c-4143-452f-ab4d-589327eb2715)] -&gt; xpath: //p//word], [[FirefoxDriver: firefox on LINUX (358f877c-4143-452f-ab4d-589327eb2715)] -&gt; xpath: //p//word], [[FirefoxDriver: firefox on LINUX (358f877c-4143-452f-ab4d-589327eb2715)] -&gt; xpath: //p//word], [[FirefoxDriver: firefox on LINUX (358f877c-4143-452f-ab4d-589327eb2715)] -&gt; xpath: //p//word], [[FirefoxDriver: firefox on LINUX (358f877c-4143-452f-ab4d-589327eb2715)] -&gt; xpath: //p//word], [[FirefoxDriver: firefox on LINUX (358f877c-4143-452f-ab4d-589327eb2715)] -&gt; xpath: //p//word], [[FirefoxDriver: firefox on LINUX (358f877c-4143-452f-ab4d-589327eb2715)] -&gt; xpath: //p//word], [[FirefoxDriver: firefox on LINUX (358f877c-4143-452f-ab4d-589327eb2715)] -&gt; xpath: //p//word], [[FirefoxDriver: firefox on LINUX (358f877c-4143-452f-ab4d-589327eb2715)] -&gt; xpath: //p//word], [[FirefoxDriver: firefox on LINUX (358f877c-4143-452f-ab4d-589327eb2715)] -&gt; xpath: //p//word], [[FirefoxDriver: firefox on LINUX (358f877c-4143-452f-ab4d-589327eb2715)] -&gt; xpath: //p//word], [[FirefoxDriver: firefox on LINUX (358f877c-4143-452f-ab4d-589327eb2715)] -&gt; xpath: //p//word], [[FirefoxDriver: firefox on LINUX (358f877c-4143-452f-ab4d-589327eb2715)] -&gt; xpath: //p//word], [[FirefoxDriver: firefox on LINUX (358f877c-4143-452f-ab4d-589327eb2715)] -&gt; xpath: //p//word], [[FirefoxDriver: firefox on LINUX (358f877c-4143-452f-ab4d-589327eb2715)] -&gt; xpath: //p//word], [[FirefoxDriver: firefox on LINUX (358f877c-4143-452f-ab4d-589327eb2715)] -&gt; xpath: //p//word], [[FirefoxDriver: firefox on LINUX (358f877c-4143-452f-ab4d-589327eb2715)] -&gt; xpath: //p//word], [[FirefoxDriver: firefox on LINUX (358f877c-4143-452f-ab4d-589327eb2715)] -&gt; xpath: //p//word], [[FirefoxDriver: firefox on LINUX (358f877c-4143-452f-ab4d-589327eb2715)] -&gt; xpath: //p//word], [[FirefoxDriver: firefox on LINUX (358f877c-4143-452f-ab4d-589327eb2715)] -&gt; xpath: //p//word], [[FirefoxDriver: firefox on LINUX (358f877c-4143-452f-ab4d-589327eb2715)] -&gt; xpath: //p//word], [[FirefoxDriver: firefox on LINUX (358f877c-4143-452f-ab4d-589327eb2715)] -&gt; xpath: //p//word], [[FirefoxDriver: firefox on LINUX (358f877c-4143-452f-ab4d-589327eb2715)] -&gt; xpath: //p//word], [[FirefoxDriver: firefox on LINUX (358f877c-4143-452f-ab4d-589327eb2715)] -&gt; xpath: //p//word], [[FirefoxDriver: firefox on LINUX (358f877c-4143-452f-ab4d-589327eb2715)] -&gt; xpath: //p//word], [[FirefoxDriver: firefox on LINUX (358f877c-4143-452f-ab4d-589327eb2715)] -&gt; xpath: //p//word], [[FirefoxDriver: firefox on LINUX (358f877c-4143-452f-ab4d-589327eb2715)] -&gt; xpath: //p//word], [[FirefoxDriver: firefox on LINUX (358f877c-4143-452f-ab4d-589327eb2715)] -&gt; xpath: //p//word], [[FirefoxDriver: firefox on LINUX (358f877c-4143-452f-ab4d-589327eb2715)] -&gt; xpath: //p//word], [[FirefoxDriver: firefox on LINUX (358f877c-4143-452f-ab4d-589327eb2715)] -&gt; xpath: //p//word], [[FirefoxDriver: firefox on LINUX (358f877c-4143-452f-ab4d-589327eb2715)] -&gt; xpath: //p//word], [[FirefoxDriver: firefox on LINUX (358f877c-4143-452f-ab4d-589327eb2715)] -&gt; xpath: //p//word], [[FirefoxDriver: firefox on LINUX (358f877c-4143-452f-ab4d-589327eb2715)] -&gt; xpath: //p//word], [[FirefoxDriver: firefox on LINUX (358f877c-4143-452f-ab4d-589327eb2715)] -&gt; xpath: //p//word], [[FirefoxDriver: firefox on LINUX (358f877c-4143-452f-ab4d-589327eb2715)] -&gt; xpath: //p//word], [[FirefoxDriver: firefox on LINUX (358f877c-4143-452f-ab4d-589327eb2715)] -&gt; xpath: //p//word], [[FirefoxDriver: firefox on LINUX (358f877c-4143-452f-ab4d-589327eb2715)] -&gt; xpath: //p//word], [[FirefoxDriver: firefox on LINUX (358f877c-4143-452f-ab4d-589327eb2715)] -&gt; xpath: //p//word], [[FirefoxDriver: firefox on LINUX (358f877c-4143-452f-ab4d-589327eb2715)] -&gt; xpath: //p//word], [[FirefoxDriver: firefox on LINUX (358f877c-4143-452f-ab4d-589327eb2715)] -&gt; xpath: //p//word], [[FirefoxDriver: firefox on LINUX (358f877c-4143-452f-ab4d-589327eb2715)] -&gt; xpath: //p//word], [[FirefoxDriver: firefox on LINUX (358f877c-4143-452f-ab4d-589327eb2715)] -&gt; xpath: //p//word], [[FirefoxDriver: firefox on LINUX (358f877c-4143-452f-ab4d-589327eb2715)] -&gt; xpath: //p//word], [[FirefoxDriver: firefox on LINUX (358f877c-4143-452f-ab4d-589327eb2715)] -&gt; xpath: //p//word], [[FirefoxDriver: firefox on LINUX (358f877c-4143-452f-ab4d-589327eb2715)] -&gt; xpath: //p//word], [[FirefoxDriver: firefox on LINUX (358f877c-4143-452f-ab4d-589327eb2715)] -&gt; xpath: //p//word], [[FirefoxDriver: firefox on LINUX (358f877c-4143-452f-ab4d-589327eb2715)] -&gt; xpath: //p//word], [[FirefoxDriver: firefox on LINUX (358f877c-4143-452f-ab4d-589327eb2715)] -&gt; xpath: //p//word], [[FirefoxDriver: firefox on LINUX (358f877c-4143-452f-ab4d-589327eb2715)] -&gt; xpath: //p//word], [[FirefoxDriver: firefox on LINUX (358f877c-4143-452f-ab4d-589327eb2715)] -&gt; xpath: //p//word], [[FirefoxDriver: firefox on LINUX (358f877c-4143-452f-ab4d-589327eb2715)] -&gt; xpath: //p//word], [[FirefoxDriver: firefox on LINUX (358f877c-4143-452f-ab4d-589327eb2715)] -&gt; xpath: //p//word], [[FirefoxDriver: firefox on LINUX (358f877c-4143-452f-ab4d-589327eb2715)] -&gt; xpath: //p//word], [[FirefoxDriver: firefox on LINUX (358f877c-4143-452f-ab4d-589327eb2715)] -&gt; xpath: //p//word], [[FirefoxDriver: firefox on LINUX (358f877c-4143-452f-ab4d-589327eb2715)] -&gt; xpath: //p//word], [[FirefoxDriver: firefox on LINUX (358f877c-4143-452f-ab4d-589327eb2715)] -&gt; xpath: //p//word], [[FirefoxDriver: firefox on LINUX (358f877c-4143-452f-ab4d-589327eb2715)] -&gt; xpath: //p//word], [[FirefoxDriver: firefox on LINUX (358f877c-4143-452f-ab4d-589327eb2715)] -&gt; xpath: //p//word], [[FirefoxDriver: firefox on LINUX (358f877c-4143-452f-ab4d-589327eb2715)] -&gt; xpath: //p//word], [[FirefoxDriver: firefox on LINUX (358f877c-4143-452f-ab4d-589327eb2715)] -&gt; xpath: //p//word], [[FirefoxDriver: firefox on LINUX (358f877c-4143-452f-ab4d-589327eb2715)] -&gt; xpath: //p//word], [[FirefoxDriver: firefox on LINUX (358f877c-4143-452f-ab4d-589327eb2715)] -&gt; xpath: //p//word], [[FirefoxDriver: firefox on LINUX (358f877c-4143-452f-ab4d-589327eb2715)] -&gt; xpath: //p//word], [[FirefoxDriver: firefox on LINUX (358f877c-4143-452f-ab4d-589327eb2715)] -&gt; xpath: //p//word], [[FirefoxDriver: firefox on LINUX (358f877c-4143-452f-ab4d-589327eb2715)] -&gt; xpath: //p//word], [[FirefoxDriver: firefox on LINUX (358f877c-4143-452f-ab4d-589327eb2715)] -&gt; xpath: //p//word], [[FirefoxDriver: firefox on LINUX (358f877c-4143-452f-ab4d-589327eb2715)] -&gt; xpath: //p//word], [[FirefoxDriver: firefox on LINUX (358f877c-4143-452f-ab4d-589327eb2715)] -&gt; xpath: //p//word], [[FirefoxDriver: firefox on LINUX (358f877c-4143-452f-ab4d-589327eb2715)] -&gt; xpath: //p//word], [[FirefoxDriver: firefox on LINUX (358f877c-4143-452f-ab4d-589327eb2715)] -&gt; xpath: //p//word], [[FirefoxDriver: firefox on LINUX (358f877c-4143-452f-ab4d-589327eb2715)] -&gt; xpath: //p//word], [[FirefoxDriver: firefox on LINUX (358f877c-4143-452f-ab4d-589327eb2715)] -&gt; xpath: //p//word], [[FirefoxDriver: firefox on LINUX (358f877c-4143-452f-ab4d-589327eb2715)] -&gt; xpath: //p//word], [[FirefoxDriver: firefox on LINUX (358f877c-4143-452f-ab4d-589327eb2715)] -&gt; xpath: //p//word], [[FirefoxDriver: firefox on LINUX (358f877c-4143-452f-ab4d-589327eb2715)] -&gt; xpath: //p//word], [[FirefoxDriver: firefox on LINUX (358f877c-4143-452f-ab4d-589327eb2715)] -&gt; xpath: //p//word], [[FirefoxDriver: firefox on LINUX (358f877c-4143-452f-ab4d-589327eb2715)] -&gt; xpath: //p//word], [[FirefoxDriver: firefox on LINUX (358f877c-4143-452f-ab4d-589327eb2715)] -&gt; xpath: //p//word], [[FirefoxDriver: firefox on LINUX (358f877c-4143-452f-ab4d-589327eb2715)] -&gt; xpath: //p//word], [[FirefoxDriver: firefox on LINUX (358f877c-4143-452f-ab4d-589327eb2715)] -&gt; xpath: //p//word], [[FirefoxDriver: firefox on LINUX (358f877c-4143-452f-ab4d-589327eb2715)] -&gt; xpath: //p//word], [[FirefoxDriver: firefox on LINUX (358f877c-4143-452f-ab4d-589327eb2715)] -&gt; xpath: //p//word], [[FirefoxDriver: firefox on LINUX (358f877c-4143-452f-ab4d-589327eb2715)] -&gt; xpath: //p//word], [[FirefoxDriver: firefox on LINUX (358f877c-4143-452f-ab4d-589327eb2715)] -&gt; xpath: //p//word], [[FirefoxDriver: firefox on LINUX (358f877c-4143-452f-ab4d-589327eb2715)] -&gt; xpath: //p//word], [[FirefoxDriver: firefox on LINUX (358f877c-4143-452f-ab4d-589327eb2715)] -&gt; xpath: //p//word], [[FirefoxDriver: firefox on LINUX (358f877c-4143-452f-ab4d-589327eb2715)] -&gt; xpath: //p//word], [[FirefoxDriver: firefox on LINUX (358f877c-4143-452f-ab4d-589327eb2715)] -&gt; xpath: //p//word], [[FirefoxDriver: firefox on LINUX (358f877c-4143-452f-ab4d-589327eb2715)] -&gt; xpath: //p//word], [[FirefoxDriver: firefox on LINUX (358f877c-4143-452f-ab4d-589327eb2715)] -&gt; xpath: //p//word], [[FirefoxDriver: firefox on LINUX (358f877c-4143-452f-ab4d-589327eb2715)] -&gt; xpath: //p//word], [[FirefoxDriver: firefox on LINUX (358f877c-4143-452f-ab4d-589327eb2715)] -&gt; xpath: //p//word], [[FirefoxDriver: firefox on LINUX (358f877c-4143-452f-ab4d-589327eb2715)] -&gt; xpath: //p//word], [[FirefoxDriver: firefox on LINUX (358f877c-4143-452f-ab4d-589327eb2715)] -&gt; xpath: //p//word], [[FirefoxDriver: firefox on LINUX (358f877c-4143-452f-ab4d-589327eb2715)] -&gt; xpath: //p//word], [[FirefoxDriver: firefox on LINUX (358f877c-4143-452f-ab4d-589327eb2715)] -&gt; xpath: //p//word], [[FirefoxDriver: firefox on LINUX (358f877c-4143-452f-ab4d-589327eb2715)] -&gt; xpath: //p//word], [[FirefoxDriver: firefox on LINUX (358f877c-4143-452f-ab4d-589327eb2715)] -&gt; xpath: //p//word], [[FirefoxDriver: firefox on LINUX (358f877c-4143-452f-ab4d-589327eb2715)] -&gt; xpath: //p//word], [[FirefoxDriver: firefox on LINUX (358f877c-4143-452f-ab4d-589327eb2715)] -&gt; xpath: //p//word], [[FirefoxDriver: firefox on LINUX (358f877c-4143-452f-ab4d-589327eb2715)] -&gt; xpath: //p//word], [[FirefoxDriver: firefox on LINUX (358f877c-4143-452f-ab4d-589327eb2715)] -&gt; xpath: //p//word], [[FirefoxDriver: firefox on LINUX (358f877c-4143-452f-ab4d-589327eb2715)] -&gt; xpath: //p//word], [[FirefoxDriver: firefox on LINUX (358f877c-4143-452f-ab4d-589327eb2715)] -&gt; xpath: //p//word], [[FirefoxDriver: firefox on LINUX (358f877c-4143-452f-ab4d-589327eb2715)] -&gt; xpath: //p//word], [[FirefoxDriver: firefox on LINUX (358f877c-4143-452f-ab4d-589327eb2715)] -&gt; xpath: //p//word], [[FirefoxDriver: firefox on LINUX (358f877c-4143-452f-ab4d-589327eb2715)] -&gt; xpath: //p//word], [[FirefoxDriver: firefox on LINUX (358f877c-4143-452f-ab4d-589327eb2715)] -&gt; xpath: //p//word], [[FirefoxDriver: firefox on LINUX (358f877c-4143-452f-ab4d-589327eb2715)] -&gt; xpath: //p//word], [[FirefoxDriver: firefox on LINUX (358f877c-4143-452f-ab4d-589327eb2715)] -&gt; xpath: //p//word], [[FirefoxDriver: firefox on LINUX (358f877c-4143-452f-ab4d-589327eb2715)] -&gt; xpath: //p//word], [[FirefoxDriver: firefox on LINUX (358f877c-4143-452f-ab4d-589327eb2715)] -&gt; xpath: //p//word], [[FirefoxDriver: firefox on LINUX (358f877c-4143-452f-ab4d-589327eb2715)] -&gt; xpath: //p//word], [[FirefoxDriver: firefox on LINUX (358f877c-4143-452f-ab4d-589327eb2715)] -&gt; xpath: //p//word], [[FirefoxDriver: firefox on LINUX (358f877c-4143-452f-ab4d-589327eb2715)] -&gt; xpath: //p//word], [[FirefoxDriver: firefox on LINUX (358f877c-4143-452f-ab4d-589327eb2715)] -&gt; xpath: //p//word], [[FirefoxDriver: firefox on LINUX (358f877c-4143-452f-ab4d-589327eb2715)] -&gt; xpath: //p//word], [[FirefoxDriver: firefox on LINUX (358f877c-4143-452f-ab4d-589327eb2715)] -&gt; xpath: //p//word], [[FirefoxDriver: firefox on LINUX (358f877c-4143-452f-ab4d-589327eb2715)] -&gt; xpath: //p//word], [[FirefoxDriver: firefox on LINUX (358f877c-4143-452f-ab4d-589327eb2715)] -&gt; xpath: //p//word], [[FirefoxDriver: firefox on LINUX (358f877c-4143-452f-ab4d-589327eb2715)] -&gt; xpath: //p//word], [[FirefoxDriver: firefox on LINUX (358f877c-4143-452f-ab4d-589327eb2715)] -&gt; xpath: //p//word], [[FirefoxDriver: firefox on LINUX (358f877c-4143-452f-ab4d-589327eb2715)] -&gt; xpath: //p//word], [[FirefoxDriver: firefox on LINUX (358f877c-4143-452f-ab4d-589327eb2715)] -&gt; xpath: //p//word], [[FirefoxDriver: firefox on LINUX (358f877c-4143-452f-ab4d-589327eb2715)] -&gt; xpath: //p//word], [[FirefoxDriver: firefox on LINUX (358f877c-4143-452f-ab4d-589327eb2715)] -&gt; xpath: //p//word], [[FirefoxDriver: firefox on LINUX (358f877c-4143-452f-ab4d-589327eb2715)] -&gt; xpath: //p//word], [[FirefoxDriver: firefox on LINUX (358f877c-4143-452f-ab4d-589327eb2715)] -&gt; xpath: //p//word], [[FirefoxDriver: firefox on LINUX (358f877c-4143-452f-ab4d-589327eb2715)] -&gt; xpath: //p//word], [[FirefoxDriver: firefox on LINUX (358f877c-4143-452f-ab4d-589327eb2715)] -&gt; xpath: //p//word], [[FirefoxDriver: firefox on LINUX (358f877c-4143-452f-ab4d-589327eb2715)] -&gt; xpath: //p//word], [[FirefoxDriver: firefox on LINUX (358f877c-4143-452f-ab4d-589327eb2715)] -&gt; xpath: //p//word], [[FirefoxDriver: firefox on LINUX (358f877c-4143-452f-ab4d-589327eb2715)] -&gt; xpath: //p//word], [[FirefoxDriver: firefox on LINUX (358f877c-4143-452f-ab4d-589327eb2715)] -&gt; xpath: //p//word], [[FirefoxDriver: firefox on LINUX (358f877c-4143-452f-ab4d-589327eb2715)] -&gt; xpath: //p//word], [[FirefoxDriver: firefox on LINUX (358f877c-4143-452f-ab4d-589327eb2715)] -&gt; xpath: //p//word], [[FirefoxDriver: firefox on LINUX (358f877c-4143-452f-ab4d-589327eb2715)] -&gt; xpath: //p//word], [[FirefoxDriver: firefox on LINUX (358f877c-4143-452f-ab4d-589327eb2715)] -&gt; xpath: //p//word], [[FirefoxDriver: firefox on LINUX (358f877c-4143-452f-ab4d-589327eb2715)] -&gt; xpath: //p//word], [[FirefoxDriver: firefox on LINUX (358f877c-4143-452f-ab4d-589327eb2715)] -&gt; xpath: //p//word], [[FirefoxDriver: firefox on LINUX (358f877c-4143-452f-ab4d-589327eb2715)] -&gt; xpath: //p//word], [[FirefoxDriver: firefox on LINUX (358f877c-4143-452f-ab4d-589327eb2715)] -&gt; xpath: //p//word], [[FirefoxDriver: firefox on LINUX (358f877c-4143-452f-ab4d-589327eb2715)] -&gt; xpath: //p//word], [[FirefoxDriver: firefox on LINUX (358f877c-4143-452f-ab4d-589327eb2715)] -&gt; xpath: //p//word], [[FirefoxDriver: firefox on LINUX (358f877c-4143-452f-ab4d-589327eb2715)] -&gt; xpath: //p//word], [[FirefoxDriver: firefox on LINUX (358f877c-4143-452f-ab4d-589327eb2715)] -&gt; xpath: //p//word], [[FirefoxDriver: firefox on LINUX (358f877c-4143-452f-ab4d-589327eb2715)] -&gt; xpath: //p//word], [[FirefoxDriver: firefox on LINUX (358f877c-4143-452f-ab4d-589327eb2715)] -&gt; xpath: //p//word], [[FirefoxDriver: firefox on LINUX (358f877c-4143-452f-ab4d-589327eb2715)] -&gt; xpath: //p//word], [[FirefoxDriver: firefox on LINUX (358f877c-4143-452f-ab4d-589327eb2715)] -&gt; xpath: //p//word], [[FirefoxDriver: firefox on LINUX (358f877c-4143-452f-ab4d-589327eb2715)] -&gt; xpath: //p//word], [[FirefoxDriver: firefox on LINUX (358f877c-4143-452f-ab4d-589327eb2715)] -&gt; xpath: //p//word], [[FirefoxDriver: firefox on LINUX (358f877c-4143-452f-ab4d-589327eb2715)] -&gt; xpath: //p//word], [[FirefoxDriver: firefox on LINUX (358f877c-4143-452f-ab4d-589327eb2715)] -&gt; xpath: //p//word], [[FirefoxDriver: firefox on LINUX (358f877c-4143-452f-ab4d-589327eb2715)] -&gt; xpath: //p//word], [[FirefoxDriver: firefox on LINUX (358f877c-4143-452f-ab4d-589327eb2715)] -&gt; xpath: //p//word], [[FirefoxDriver: firefox on LINUX (358f877c-4143-452f-ab4d-589327eb2715)] -&gt; xpath: //p//word], [[FirefoxDriver: firefox on LINUX (358f877c-4143-452f-ab4d-589327eb2715)] -&gt; xpath: //p//word], [[FirefoxDriver: firefox on LINUX (358f877c-4143-452f-ab4d-589327eb2715)] -&gt; xpath: //p//word], [[FirefoxDriver: firefox on LINUX (358f877c-4143-452f-ab4d-589327eb2715)] -&gt; xpath: //p//word], [[FirefoxDriver: firefox on LINUX (358f877c-4143-452f-ab4d-589327eb2715)] -&gt; xpath: //p//word], [[FirefoxDriver: firefox on LINUX (358f877c-4143-452f-ab4d-589327eb2715)] -&gt; xpath: //p//word], [[FirefoxDriver: firefox on LINUX (358f877c-4143-452f-ab4d-589327eb2715)] -&gt; xpath: //p//word], [[FirefoxDriver: firefox on LINUX (358f877c-4143-452f-ab4d-589327eb2715)] -&gt; xpath: //p//word], [[FirefoxDriver: firefox on LINUX (358f877c-4143-452f-ab4d-589327eb2715)] -&gt; xpath: //p//word], [[FirefoxDriver: firefox on LINUX (358f877c-4143-452f-ab4d-589327eb2715)] -&gt; xpath: //p//word], [[FirefoxDriver: firefox on LINUX (358f877c-4143-452f-ab4d-589327eb2715)] -&gt; xpath: //p//word], [[FirefoxDriver: firefox on LINUX (358f877c-4143-452f-ab4d-589327eb2715)] -&gt; xpath: //p//word], [[FirefoxDriver: firefox on LINUX (358f877c-4143-452f-ab4d-589327eb2715)] -&gt; xpath: //p//word], [[FirefoxDriver: firefox on LINUX (358f877c-4143-452f-ab4d-589327eb2715)] -&gt; xpath: //p//word], [[FirefoxDriver: firefox on LINUX (358f877c-4143-452f-ab4d-589327eb2715)] -&gt; xpath: //p//word], [[FirefoxDriver: firefox on LINUX (358f877c-4143-452f-ab4d-589327eb2715)] -&gt; xpath: //p//word], [[FirefoxDriver: firefox on LINUX (358f877c-4143-452f-ab4d-589327eb2715)] -&gt; xpath: //p//word], [[FirefoxDriver: firefox on LINUX (358f877c-4143-452f-ab4d-589327eb2715)] -&gt; xpath: //p//word], [[FirefoxDriver: firefox on LINUX (358f877c-4143-452f-ab4d-589327eb2715)] -&gt; xpath: //p//word], [[FirefoxDriver: firefox on LINUX (358f877c-4143-452f-ab4d-589327eb2715)] -&gt; xpath: //p//word], [[FirefoxDriver: firefox on LINUX (358f877c-4143-452f-ab4d-589327eb2715)] -&gt; xpath: //p//word], [[FirefoxDriver: firefox on LINUX (358f877c-4143-452f-ab4d-589327eb2715)] -&gt; xpath: //p//word], [[FirefoxDriver: firefox on LINUX (358f877c-4143-452f-ab4d-589327eb2715)] -&gt; xpath: //p//word], [[FirefoxDriver: firefox on LINUX (358f877c-4143-452f-ab4d-589327eb2715)] -&gt; xpath: //p//word], [[FirefoxDriver: firefox on LINUX (358f877c-4143-452f-ab4d-589327eb2715)] -&gt; xpath: //p//word], [[FirefoxDriver: firefox on LINUX (358f877c-4143-452f-ab4d-589327eb2715)] -&gt; xpath: //p//word], [[FirefoxDriver: firefox on LINUX (358f877c-4143-452f-ab4d-589327eb2715)] -&gt; xpath: //p//word], [[FirefoxDriver: firefox on LINUX (358f877c-4143-452f-ab4d-589327eb2715)] -&gt; xpath: //p//word], [[FirefoxDriver: firefox on LINUX (358f877c-4143-452f-ab4d-589327eb2715)] -&gt; xpath: //p//word], [[FirefoxDriver: firefox on LINUX (358f877c-4143-452f-ab4d-589327eb2715)] -&gt; xpath: //p//word], [[FirefoxDriver: firefox on LINUX (358f877c-4143-452f-ab4d-589327eb2715)] -&gt; xpath: //p//word], [[FirefoxDriver: firefox on LINUX (358f877c-4143-452f-ab4d-589327eb2715)] -&gt; xpath: //p//word], [[FirefoxDriver: firefox on LINUX (358f877c-4143-452f-ab4d-589327eb2715)] -&gt; xpath: //p//word], [[FirefoxDriver: firefox on LINUX (358f877c-4143-452f-ab4d-589327eb2715)] -&gt; xpath: //p//word], [[FirefoxDriver: firefox on LINUX (358f877c-4143-452f-ab4d-589327eb2715)] -&gt; xpath: //p//word], [[FirefoxDriver: firefox on LINUX (358f877c-4143-452f-ab4d-589327eb2715)] -&gt; xpath: //p//word], [[FirefoxDriver: firefox on LINUX (358f877c-4143-452f-ab4d-589327eb2715)] -&gt; xpath: //p//word], [[FirefoxDriver: firefox on LINUX (358f877c-4143-452f-ab4d-589327eb2715)] -&gt; xpath: //p//word], [[FirefoxDriver: firefox on LINUX (358f877c-4143-452f-ab4d-589327eb2715)] -&gt; xpath: //p//word], [[FirefoxDriver: firefox on LINUX (358f877c-4143-452f-ab4d-589327eb2715)] -&gt; xpath: //p//word], [[FirefoxDriver: firefox on LINUX (358f877c-4143-452f-ab4d-589327eb2715)] -&gt; xpath: //p//word], [[FirefoxDriver: firefox on LINUX (358f877c-4143-452f-ab4d-589327eb2715)] -&gt; xpath: //p//word], [[FirefoxDriver: firefox on LINUX (358f877c-4143-452f-ab4d-589327eb2715)] -&gt; xpath: //p//word], [[FirefoxDriver: firefox on LINUX (358f877c-4143-452f-ab4d-589327eb2715)] -&gt; xpath: //p//word], [[FirefoxDriver: firefox on LINUX (358f877c-4143-452f-ab4d-589327eb2715)] -&gt; xpath: //p//word], [[FirefoxDriver: firefox on LINUX (358f877c-4143-452f-ab4d-589327eb2715)] -&gt; xpath: //p//word], [[FirefoxDriver: firefox on LINUX (358f877c-4143-452f-ab4d-589327eb2715)] -&gt; xpath: //p//word], [[FirefoxDriver: firefox on LINUX (358f877c-4143-452f-ab4d-589327eb2715)] -&gt; xpath: //p//word], [[FirefoxDriver: firefox on LINUX (358f877c-4143-452f-ab4d-589327eb2715)] -&gt; xpath: //p//word], [[FirefoxDriver: firefox on LINUX (358f877c-4143-452f-ab4d-589327eb2715)] -&gt; xpath: //p//word], [[FirefoxDriver: firefox on LINUX (358f877c-4143-452f-ab4d-589327eb2715)] -&gt; xpath: //p//word], [[FirefoxDriver: firefox on LINUX (358f877c-4143-452f-ab4d-589327eb2715)] -&gt; xpath: //p//word], [[FirefoxDriver: firefox on LINUX (358f877c-4143-452f-ab4d-589327eb2715)] -&gt; xpath: //p//word], [[FirefoxDriver: firefox on LINUX (358f877c-4143-452f-ab4d-589327eb2715)] -&gt; xpath: //p//word], [[FirefoxDriver: firefox on LINUX (358f877c-4143-452f-ab4d-589327eb2715)] -&gt; xpath: //p//word], [[FirefoxDriver: firefox on LINUX (358f877c-4143-452f-ab4d-589327eb2715)] -&gt; xpath: //p//word], [[FirefoxDriver: firefox on LINUX (358f877c-4143-452f-ab4d-589327eb2715)] -&gt; xpath: //p//word], [[FirefoxDriver: firefox on LINUX (358f877c-4143-452f-ab4d-589327eb2715)] -&gt; xpath: //p//word], [[FirefoxDriver: firefox on LINUX (358f877c-4143-452f-ab4d-589327eb2715)] -&gt; xpath: //p//word], [[FirefoxDriver: firefox on LINUX (358f877c-4143-452f-ab4d-589327eb2715)] -&gt; xpath: //p//word], [[FirefoxDriver: firefox on LINUX (358f877c-4143-452f-ab4d-589327eb2715)] -&gt; xpath: //p//word], [[FirefoxDriver: firefox on LINUX (358f877c-4143-452f-ab4d-589327eb2715)] -&gt; xpath: //p//word], [[FirefoxDriver: firefox on LINUX (358f877c-4143-452f-ab4d-589327eb2715)] -&gt; xpath: //p//word], [[FirefoxDriver: firefox on LINUX (358f877c-4143-452f-ab4d-589327eb2715)] -&gt; xpath: //p//word], [[FirefoxDriver: firefox on LINUX (358f877c-4143-452f-ab4d-589327eb2715)] -&gt; xpath: //p//word], [[FirefoxDriver: firefox on LINUX (358f877c-4143-452f-ab4d-589327eb2715)] -&gt; xpath: //p//word], [[FirefoxDriver: firefox on LINUX (358f877c-4143-452f-ab4d-589327eb2715)] -&gt; xpath: //p//word], [[FirefoxDriver: firefox on LINUX (358f877c-4143-452f-ab4d-589327eb2715)] -&gt; xpath: //p//word], [[FirefoxDriver: firefox on LINUX (358f877c-4143-452f-ab4d-589327eb2715)] -&gt; xpath: //p//word], [[FirefoxDriver: firefox on LINUX (358f877c-4143-452f-ab4d-589327eb2715)] -&gt; xpath: //p//word], [[FirefoxDriver: firefox on LINUX (358f877c-4143-452f-ab4d-589327eb2715)] -&gt; xpath: //p//word], [[FirefoxDriver: firefox on LINUX (358f877c-4143-452f-ab4d-589327eb2715)] -&gt; xpath: //p//word], [[FirefoxDriver: firefox on LINUX (358f877c-4143-452f-ab4d-589327eb2715)] -&gt; xpath: //p//word], [[FirefoxDriver: firefox on LINUX (358f877c-4143-452f-ab4d-589327eb2715)] -&gt; xpath: //p//word], [[FirefoxDriver: firefox on LINUX (358f877c-4143-452f-ab4d-589327eb2715)] -&gt; xpath: //p//word], [[FirefoxDriver: firefox on LINUX (358f877c-4143-452f-ab4d-589327eb2715)] -&gt; xpath: //p//word], [[FirefoxDriver: firefox on LINUX (358f877c-4143-452f-ab4d-589327eb2715)] -&gt; xpath: //p//word], [[FirefoxDriver: firefox on LINUX (358f877c-4143-452f-ab4d-589327eb2715)] -&gt; xpath: //p//word], [[FirefoxDriver: firefox on LINUX (358f877c-4143-452f-ab4d-589327eb2715)] -&gt; xpath: //p//word], [[FirefoxDriver: firefox on LINUX (358f877c-4143-452f-ab4d-589327eb2715)] -&gt; xpath: //p//word], [[FirefoxDriver: firefox on LINUX (358f877c-4143-452f-ab4d-589327eb2715)] -&gt; xpath: //p//word], [[FirefoxDriver: firefox on LINUX (358f877c-4143-452f-ab4d-589327eb2715)] -&gt; xpath: //p//word], [[FirefoxDriver: firefox on LINUX (358f877c-4143-452f-ab4d-589327eb2715)] -&gt; xpath: //p//word], [[FirefoxDriver: firefox on LINUX (358f877c-4143-452f-ab4d-589327eb2715)] -&gt; xpath: //p//word], [[FirefoxDriver: firefox on LINUX (358f877c-4143-452f-ab4d-589327eb2715)] -&gt; xpath: //p//word], [[FirefoxDriver: firefox on LINUX (358f877c-4143-452f-ab4d-589327eb2715)] -&gt; xpath: //p//word], [[FirefoxDriver: firefox on LINUX (358f877c-4143-452f-ab4d-589327eb2715)] -&gt; xpath: //p//word], [[FirefoxDriver: firefox on LINUX (358f877c-4143-452f-ab4d-589327eb2715)] -&gt; xpath: //p//word], [[FirefoxDriver: firefox on LINUX (358f877c-4143-452f-ab4d-589327eb2715)] -&gt; xpath: //p//word], [[FirefoxDriver: firefox on LINUX (358f877c-4143-452f-ab4d-589327eb2715)] -&gt; xpath: //p//word], [[FirefoxDriver: firefox on LINUX (358f877c-4143-452f-ab4d-589327eb2715)] -&gt; xpath: //p//word], [[FirefoxDriver: firefox on LINUX (358f877c-4143-452f-ab4d-589327eb2715)] -&gt; xpath: //p//word], [[FirefoxDriver: firefox on LINUX (358f877c-4143-452f-ab4d-589327eb2715)] -&gt; xpath: //p//word], [[FirefoxDriver: firefox on LINUX (358f877c-4143-452f-ab4d-589327eb2715)] -&gt; xpath: //p//word], [[FirefoxDriver: firefox on LINUX (358f877c-4143-452f-ab4d-589327eb2715)] -&gt; xpath: //p//word], [[FirefoxDriver: firefox on LINUX (358f877c-4143-452f-ab4d-589327eb2715)] -&gt; xpath: //p//word], [[FirefoxDriver: firefox on LINUX (358f877c-4143-452f-ab4d-589327eb2715)] -&gt; xpath: //p//word], [[FirefoxDriver: firefox on LINUX (358f877c-4143-452f-ab4d-589327eb2715)] -&gt; xpath: //p//word], [[FirefoxDriver: firefox on LINUX (358f877c-4143-452f-ab4d-589327eb2715)] -&gt; xpath: //p//word], [[FirefoxDriver: firefox on LINUX (358f877c-4143-452f-ab4d-589327eb2715)] -&gt; xpath: //p//word], [[FirefoxDriver: firefox on LINUX (358f877c-4143-452f-ab4d-589327eb2715)] -&gt; xpath: //p//word], [[FirefoxDriver: firefox on LINUX (358f877c-4143-452f-ab4d-589327eb2715)] -&gt; xpath: //p//word], [[FirefoxDriver: firefox on LINUX (358f877c-4143-452f-ab4d-589327eb2715)] -&gt; xpath: //p//word], [[FirefoxDriver: firefox on LINUX (358f877c-4143-452f-ab4d-589327eb2715)] -&gt; xpath: //p//word], [[FirefoxDriver: firefox on LINUX (358f877c-4143-452f-ab4d-589327eb2715)] -&gt; xpath: //p//word], [[FirefoxDriver: firefox on LINUX (358f877c-4143-452f-ab4d-589327eb2715)] -&gt; xpath: //p//word], [[FirefoxDriver: firefox on LINUX (358f877c-4143-452f-ab4d-589327eb2715)] -&gt; xpath: //p//word], [[FirefoxDriver: firefox on LINUX (358f877c-4143-452f-ab4d-589327eb2715)] -&gt; xpath: //p//word], [[FirefoxDriver: firefox on LINUX (358f877c-4143-452f-ab4d-589327eb2715)] -&gt; xpath: //p//word], [[FirefoxDriver: firefox on LINUX (358f877c-4143-452f-ab4d-589327eb2715)] -&gt; xpath: //p//word], [[FirefoxDriver: firefox on LINUX (358f877c-4143-452f-ab4d-589327eb2715)] -&gt; xpath: //p//word], [[FirefoxDriver: firefox on LINUX (358f877c-4143-452f-ab4d-589327eb2715)] -&gt; xpath: //p//word], [[FirefoxDriver: firefox on LINUX (358f877c-4143-452f-ab4d-589327eb2715)] -&gt; xpath: //p//word], [[FirefoxDriver: firefox on LINUX (358f877c-4143-452f-ab4d-589327eb2715)] -&gt; xpath: //p//word], [[FirefoxDriver: firefox on LINUX (358f877c-4143-452f-ab4d-589327eb2715)] -&gt; xpath: //p//word], [[FirefoxDriver: firefox on LINUX (358f877c-4143-452f-ab4d-589327eb2715)] -&gt; xpath: //p//word], [[FirefoxDriver: firefox on LINUX (358f877c-4143-452f-ab4d-589327eb2715)] -&gt; xpath: //p//word], [[FirefoxDriver: firefox on LINUX (358f877c-4143-452f-ab4d-589327eb2715)] -&gt; xpath: //p//word], [[FirefoxDriver: firefox on LINUX (358f877c-4143-452f-ab4d-589327eb2715)] -&gt; xpath: //p//word], [[FirefoxDriver: firefox on LINUX (358f877c-4143-452f-ab4d-589327eb2715)] -&gt; xpath: //p//word], [[FirefoxDriver: firefox on LINUX (358f877c-4143-452f-ab4d-589327eb2715)] -&gt; xpath: //p//word], [[FirefoxDriver: firefox on LINUX (358f877c-4143-452f-ab4d-589327eb2715)] -&gt; xpath: //p//word], [[FirefoxDriver: firefox on LINUX (358f877c-4143-452f-ab4d-589327eb2715)] -&gt; xpath: //p//word], [[FirefoxDriver: firefox on LINUX (358f877c-4143-452f-ab4d-589327eb2715)] -&gt; xpath: //p//word], [[FirefoxDriver: firefox on LINUX (358f877c-4143-452f-ab4d-589327eb2715)] -&gt; xpath: //p//word], [[FirefoxDriver: firefox on LINUX (358f877c-4143-452f-ab4d-589327eb2715)] -&gt; xpath: //p//word], [[FirefoxDriver: firefox on LINUX (358f877c-4143-452f-ab4d-589327eb2715)] -&gt; xpath: //p//word], [[FirefoxDriver: firefox on LINUX (358f877c-4143-452f-ab4d-589327eb2715)] -&gt; xpath: //p//word], [[FirefoxDriver: firefox on LINUX (358f877c-4143-452f-ab4d-589327eb2715)] -&gt; xpath: //p//word], [[FirefoxDriver: firefox on LINUX (358f877c-4143-452f-ab4d-589327eb2715)] -&gt; xpath: //p//word], [[FirefoxDriver: firefox on LINUX (358f877c-4143-452f-ab4d-589327eb2715)] -&gt; xpath: //p//word], [[FirefoxDriver: firefox on LINUX (358f877c-4143-452f-ab4d-589327eb2715)] -&gt; xpath: //p//word], [[FirefoxDriver: firefox on LINUX (358f877c-4143-452f-ab4d-589327eb2715)] -&gt; xpath: //p//word], [[FirefoxDriver: firefox on LINUX (358f877c-4143-452f-ab4d-589327eb2715)] -&gt; xpath: //p//word], [[FirefoxDriver: firefox on LINUX (358f877c-4143-452f-ab4d-589327eb2715)] -&gt; xpath: //p//word], [[FirefoxDriver: firefox on LINUX (358f877c-4143-452f-ab4d-589327eb2715)] -&gt; xpath: //p//word], [[FirefoxDriver: firefox on LINUX (358f877c-4143-452f-ab4d-589327eb2715)] -&gt; xpath: //p//word], [[FirefoxDriver: firefox on LINUX (358f877c-4143-452f-ab4d-589327eb2715)] -&gt; xpath: //p//word], [[FirefoxDriver: firefox on LINUX (358f877c-4143-452f-ab4d-589327eb2715)] -&gt; xpath: //p//word], [[FirefoxDriver: firefox on LINUX (358f877c-4143-452f-ab4d-589327eb2715)] -&gt; xpath: //p//word], [[FirefoxDriver: firefox on LINUX (358f877c-4143-452f-ab4d-589327eb2715)] -&gt; xpath: //p//word], [[FirefoxDriver: firefox on LINUX (358f877c-4143-452f-ab4d-589327eb2715)] -&gt; xpath: //p//word], [[FirefoxDriver: firefox on LINUX (358f877c-4143-452f-ab4d-589327eb2715)] -&gt; xpath: //p//word], [[FirefoxDriver: firefox on LINUX (358f877c-4143-452f-ab4d-589327eb2715)] -&gt; xpath: //p//word], [[FirefoxDriver: firefox on LINUX (358f877c-4143-452f-ab4d-589327eb2715)] -&gt; xpath: //p//word], [[FirefoxDriver: firefox on LINUX (358f877c-4143-452f-ab4d-589327eb2715)] -&gt; xpath: //p//word], [[FirefoxDriver: firefox on LINUX (358f877c-4143-452f-ab4d-589327eb2715)] -&gt; xpath: //p//word], [[FirefoxDriver: firefox on LINUX (358f877c-4143-452f-ab4d-589327eb2715)] -&gt; xpath: //p//word], [[FirefoxDriver: firefox on LINUX (358f877c-4143-452f-ab4d-589327eb2715)] -&gt; xpath: //p//word], [[FirefoxDriver: firefox on LINUX (358f877c-4143-452f-ab4d-589327eb2715)] -&gt; xpath: //p//word], [[FirefoxDriver: firefox on LINUX (358f877c-4143-452f-ab4d-589327eb2715)] -&gt; xpath: //p//word], [[FirefoxDriver: firefox on LINUX (358f877c-4143-452f-ab4d-589327eb2715)] -&gt; xpath: //p//word], [[FirefoxDriver: firefox on LINUX (358f877c-4143-452f-ab4d-589327eb2715)] -&gt; xpath: //p//word], [[FirefoxDriver: firefox on LINUX (358f877c-4143-452f-ab4d-589327eb2715)] -&gt; xpath: //p//word], [[FirefoxDriver: firefox on LINUX (358f877c-4143-452f-ab4d-589327eb2715)] -&gt; xpath: //p//word], [[FirefoxDriver: firefox on LINUX (358f877c-4143-452f-ab4d-589327eb2715)] -&gt; xpath: //p//word], [[FirefoxDriver: firefox on LINUX (358f877c-4143-452f-ab4d-589327eb2715)] -&gt; xpath: //p//word], [[FirefoxDriver: firefox on LINUX (358f877c-4143-452f-ab4d-589327eb2715)] -&gt; xpath: //p//word], [[FirefoxDriver: firefox on LINUX (358f877c-4143-452f-ab4d-589327eb2715)] -&gt; xpath: //p//word], [[FirefoxDriver: firefox on LINUX (358f877c-4143-452f-ab4d-589327eb2715)] -&gt; xpath: //p//word], [[FirefoxDriver: firefox on LINUX (358f877c-4143-452f-ab4d-589327eb2715)] -&gt; xpath: //p//word], [[FirefoxDriver: firefox on LINUX (358f877c-4143-452f-ab4d-589327eb2715)] -&gt; xpath: //p//word], [[FirefoxDriver: firefox on LINUX (358f877c-4143-452f-ab4d-589327eb2715)] -&gt; xpath: //p//word], [[FirefoxDriver: firefox on LINUX (358f877c-4143-452f-ab4d-589327eb2715)] -&gt; xpath: //p//word], [[FirefoxDriver: firefox on LINUX (358f877c-4143-452f-ab4d-589327eb2715)] -&gt; xpath: //p//word], [[FirefoxDriver: firefox on LINUX (358f877c-4143-452f-ab4d-589327eb2715)] -&gt; xpath: //p//word], [[FirefoxDriver: firefox on LINUX (358f877c-4143-452f-ab4d-589327eb2715)] -&gt; xpath: //p//word], [[FirefoxDriver: firefox on LINUX (358f877c-4143-452f-ab4d-589327eb2715)] -&gt; xpath: //p//word], [[FirefoxDriver: firefox on LINUX (358f877c-4143-452f-ab4d-589327eb2715)] -&gt; xpath: //p//word], [[FirefoxDriver: firefox on LINUX (358f877c-4143-452f-ab4d-589327eb2715)] -&gt; xpath: //p//word], [[FirefoxDriver: firefox on LINUX (358f877c-4143-452f-ab4d-589327eb2715)] -&gt; xpath: //p//word], [[FirefoxDriver: firefox on LINUX (358f877c-4143-452f-ab4d-589327eb2715)] -&gt; xpath: //p//word], [[FirefoxDriver: firefox on LINUX (358f877c-4143-452f-ab4d-589327eb2715)] -&gt; xpath: //p//word], [[FirefoxDriver: firefox on LINUX (358f877c-4143-452f-ab4d-589327eb2715)] -&gt; xpath: //p//word], [[FirefoxDriver: firefox on LINUX (358f877c-4143-452f-ab4d-589327eb2715)] -&gt; xpath: //p//word], [[FirefoxDriver: firefox on LINUX (358f877c-4143-452f-ab4d-589327eb2715)] -&gt; xpath: //p//word], [[FirefoxDriver: firefox on LINUX (358f877c-4143-452f-ab4d-589327eb2715)] -&gt; xpath: //p//word], [[FirefoxDriver: firefox on LINUX (358f877c-4143-452f-ab4d-589327eb2715)] -&gt; xpath: //p//word], [[FirefoxDriver: firefox on LINUX (358f877c-4143-452f-ab4d-589327eb2715)] -&gt; xpath: //p//word], [[FirefoxDriver: firefox on LINUX (358f877c-4143-452f-ab4d-589327eb2715)] -&gt; xpath: //p//word], [[FirefoxDriver: firefox on LINUX (358f877c-4143-452f-ab4d-589327eb2715)] -&gt; xpath: //p//word], [[FirefoxDriver: firefox on LINUX (358f877c-4143-452f-ab4d-589327eb2715)] -&gt; xpath: //p//word], [[FirefoxDriver: firefox on LINUX (358f877c-4143-452f-ab4d-589327eb2715)] -&gt; xpath: //p//word], [[FirefoxDriver: firefox on LINUX (358f877c-4143-452f-ab4d-589327eb2715)] -&gt; xpath: //p//word], [[FirefoxDriver: firefox on LINUX (358f877c-4143-452f-ab4d-589327eb2715)] -&gt; xpath: //p//word], [[FirefoxDriver: firefox on LINUX (358f877c-4143-452f-ab4d-589327eb2715)] -&gt; xpath: //p//word], [[FirefoxDriver: firefox on LINUX (358f877c-4143-452f-ab4d-589327eb2715)] -&gt; xpath: //p//word], [[FirefoxDriver: firefox on LINUX (358f877c-4143-452f-ab4d-589327eb2715)] -&gt; xpath: //p//word], [[FirefoxDriver: firefox on LINUX (358f877c-4143-452f-ab4d-589327eb2715)] -&gt; xpath: //p//word], [[FirefoxDriver: firefox on LINUX (358f877c-4143-452f-ab4d-589327eb2715)] -&gt; xpath: //p//word], [[FirefoxDriver: firefox on LINUX (358f877c-4143-452f-ab4d-589327eb2715)] -&gt; xpath: //p//word], [[FirefoxDriver: firefox on LINUX (358f877c-4143-452f-ab4d-589327eb2715)] -&gt; xpath: //p//word], [[FirefoxDriver: firefox on LINUX (358f877c-4143-452f-ab4d-589327eb2715)] -&gt; xpath: //p//word], [[FirefoxDriver: firefox on LINUX (358f877c-4143-452f-ab4d-589327eb2715)] -&gt; xpath: //p//word], [[FirefoxDriver: firefox on LINUX (358f877c-4143-452f-ab4d-589327eb2715)] -&gt; xpath: //p//word], [[FirefoxDriver: firefox on LINUX (358f877c-4143-452f-ab4d-589327eb2715)] -&gt; xpath: //p//word], [[FirefoxDriver: firefox on LINUX (358f877c-4143-452f-ab4d-589327eb2715)] -&gt; xpath: //p//word], [[FirefoxDriver: firefox on LINUX (358f877c-4143-452f-ab4d-589327eb2715)] -&gt; xpath: //p//word], [[FirefoxDriver: firefox on LINUX (358f877c-4143-452f-ab4d-589327eb2715)] -&gt; xpath: //p//word], [[FirefoxDriver: firefox on LINUX (358f877c-4143-452f-ab4d-589327eb2715)] -&gt; xpath: //p//word], [[FirefoxDriver: firefox on LINUX (358f877c-4143-452f-ab4d-589327eb2715)] -&gt; xpath: //p//word], [[FirefoxDriver: firefox on LINUX (358f877c-4143-452f-ab4d-589327eb2715)] -&gt; xpath: //p//word], [[FirefoxDriver: firefox on LINUX (358f877c-4143-452f-ab4d-589327eb2715)] -&gt; xpath: //p//word], [[FirefoxDriver: firefox on LINUX (358f877c-4143-452f-ab4d-589327eb2715)] -&gt; xpath: //p//word], [[FirefoxDriver: firefox on LINUX (358f877c-4143-452f-ab4d-589327eb2715)] -&gt; xpath: //p//word], [[FirefoxDriver: firefox on LINUX (358f877c-4143-452f-ab4d-589327eb2715)] -&gt; xpath: //p//word], [[FirefoxDriver: firefox on LINUX (358f877c-4143-452f-ab4d-589327eb2715)] -&gt; xpath: //p//word], [[FirefoxDriver: firefox on LINUX (358f877c-4143-452f-ab4d-589327eb2715)] -&gt; xpath: //p//word], [[FirefoxDriver: firefox on LINUX (358f877c-4143-452f-ab4d-589327eb2715)] -&gt; xpath: //p//word], [[FirefoxDriver: firefox on LINUX (358f877c-4143-452f-ab4d-589327eb2715)] -&gt; xpath: //p//word], [[FirefoxDriver: firefox on LINUX (358f877c-4143-452f-ab4d-589327eb2715)] -&gt; xpath: //p//word], [[FirefoxDriver: firefox on LINUX (358f877c-4143-452f-ab4d-589327eb2715)] -&gt; xpath: //p//word], [[FirefoxDriver: firefox on LINUX (358f877c-4143-452f-ab4d-589327eb2715)] -&gt; xpath: //p//word], [[FirefoxDriver: firefox on LINUX (358f877c-4143-452f-ab4d-589327eb2715)] -&gt; xpath: //p//word], [[FirefoxDriver: firefox on LINUX (358f877c-4143-452f-ab4d-589327eb2715)] -&gt; xpath: //p//word], [[FirefoxDriver: firefox on LINUX (358f877c-4143-452f-ab4d-589327eb2715)] -&gt; xpath: //p//word], [[FirefoxDriver: firefox on LINUX (358f877c-4143-452f-ab4d-589327eb2715)] -&gt; xpath: //p//word], [[FirefoxDriver: firefox on LINUX (358f877c-4143-452f-ab4d-589327eb2715)] -&gt; xpath: //p//word], [[FirefoxDriver: firefox on LINUX (358f877c-4143-452f-ab4d-589327eb2715)] -&gt; xpath: //p//word], [[FirefoxDriver: firefox on LINUX (358f877c-4143-452f-ab4d-589327eb2715)] -&gt; xpath: //p//word], [[FirefoxDriver: firefox on LINUX (358f877c-4143-452f-ab4d-589327eb2715)] -&gt; xpath: //p//word], [[FirefoxDriver: firefox on LINUX (358f877c-4143-452f-ab4d-589327eb2715)] -&gt; xpath: //p//word], [[FirefoxDriver: firefox on LINUX (358f877c-4143-452f-ab4d-589327eb2715)] -&gt; xpath: //p//word], [[FirefoxDriver: firefox on LINUX (358f877c-4143-452f-ab4d-589327eb2715)] -&gt; xpath: //p//word], [[FirefoxDriver: firefox on LINUX (358f877c-4143-452f-ab4d-589327eb2715)] -&gt; xpath: //p//word], [[FirefoxDriver: firefox on LINUX (358f877c-4143-452f-ab4d-589327eb2715)] -&gt; xpath: //p//word], [[FirefoxDriver: firefox on LINUX (358f877c-4143-452f-ab4d-589327eb2715)] -&gt; xpath: //p//word], [[FirefoxDriver: firefox on LINUX (358f877c-4143-452f-ab4d-589327eb2715)] -&gt; xpath: //p//word], [[FirefoxDriver: firefox on LINUX (358f877c-4143-452f-ab4d-589327eb2715)] -&gt; xpath: //p//word], [[FirefoxDriver: firefox on LINUX (358f877c-4143-452f-ab4d-589327eb2715)] -&gt; xpath: //p//word], [[FirefoxDriver: firefox on LINUX (358f877c-4143-452f-ab4d-589327eb2715)] -&gt; xpath: //p//word], [[FirefoxDriver: firefox on LINUX (358f877c-4143-452f-ab4d-589327eb2715)] -&gt; xpath: //p//word], [[FirefoxDriver: firefox on LINUX (358f877c-4143-452f-ab4d-589327eb2715)] -&gt; xpath: //p//word], [[FirefoxDriver: firefox on LINUX (358f877c-4143-452f-ab4d-589327eb2715)] -&gt; xpath: //p//word], [[FirefoxDriver: firefox on LINUX (358f877c-4143-452f-ab4d-589327eb2715)] -&gt; xpath: //p//word], [[FirefoxDriver: firefox on LINUX (358f877c-4143-452f-ab4d-589327eb2715)] -&gt; xpath: //p//word], [[FirefoxDriver: firefox on LINUX (358f877c-4143-452f-ab4d-589327eb2715)] -&gt; xpath: //p//word], [[FirefoxDriver: firefox on LINUX (358f877c-4143-452f-ab4d-589327eb2715)] -&gt; xpath: //p//word], [[FirefoxDriver: firefox on LINUX (358f877c-4143-452f-ab4d-589327eb2715)] -&gt; xpath: //p//word], [[FirefoxDriver: firefox on LINUX (358f877c-4143-452f-ab4d-589327eb2715)] -&gt; xpath: //p//word], [[FirefoxDriver: firefox on LINUX (358f877c-4143-452f-ab4d-589327eb2715)] -&gt; xpath: //p//word], [[FirefoxDriver: firefox on LINUX (358f877c-4143-452f-ab4d-589327eb2715)] -&gt; xpath: //p//word], [[FirefoxDriver: firefox on LINUX (358f877c-4143-452f-ab4d-589327eb2715)] -&gt; xpath: //p//word], [[FirefoxDriver: firefox on LINUX (358f877c-4143-452f-ab4d-589327eb2715)] -&gt; xpath: //p//word], [[FirefoxDriver: firefox on LINUX (358f877c-4143-452f-ab4d-589327eb2715)] -&gt; xpath: //p//word], [[FirefoxDriver: firefox on LINUX (358f877c-4143-452f-ab4d-589327eb2715)] -&gt; xpath: //p//word], [[FirefoxDriver: firefox on LINUX (358f877c-4143-452f-ab4d-589327eb2715)] -&gt; xpath: //p//word], [[FirefoxDriver: firefox on LINUX (358f877c-4143-452f-ab4d-589327eb2715)] -&gt; xpath: //p//word], [[FirefoxDriver: firefox on LINUX (358f877c-4143-452f-ab4d-589327eb2715)] -&gt; xpath: //p//word], [[FirefoxDriver: firefox on LINUX (358f877c-4143-452f-ab4d-589327eb2715)] -&gt; xpath: //p//word], [[FirefoxDriver: firefox on LINUX (358f877c-4143-452f-ab4d-589327eb2715)] -&gt; xpath: //p//word], [[FirefoxDriver: firefox on LINUX (358f877c-4143-452f-ab4d-589327eb2715)] -&gt; xpath: //p//word], [[FirefoxDriver: firefox on LINUX (358f877c-4143-452f-ab4d-589327eb2715)] -&gt; xpath: //p//word], [[FirefoxDriver: firefox on LINUX (358f877c-4143-452f-ab4d-589327eb2715)] -&gt; xpath: //p//word], [[FirefoxDriver: firefox on LINUX (358f877c-4143-452f-ab4d-589327eb2715)] -&gt; xpath: //p//word], [[FirefoxDriver: firefox on LINUX (358f877c-4143-452f-ab4d-589327eb2715)] -&gt; xpath: //p//word], [[FirefoxDriver: firefox on LINUX (358f877c-4143-452f-ab4d-589327eb2715)] -&gt; xpath: //p//word], [[FirefoxDriver: firefox on LINUX (358f877c-4143-452f-ab4d-589327eb2715)] -&gt; xpath: //p//word], [[FirefoxDriver: firefox on LINUX (358f877c-4143-452f-ab4d-589327eb2715)] -&gt; xpath: //p//word], [[FirefoxDriver: firefox on LINUX (358f877c-4143-452f-ab4d-589327eb2715)] -&gt; xpath: //p//word], [[FirefoxDriver: firefox on LINUX (358f877c-4143-452f-ab4d-589327eb2715)] -&gt; xpath: //p//word], [[FirefoxDriver: firefox on LINUX (358f877c-4143-452f-ab4d-589327eb2715)] -&gt; xpath: //p//word], [[FirefoxDriver: firefox on LINUX (358f877c-4143-452f-ab4d-589327eb2715)] -&gt; xpath: //p//word], [[FirefoxDriver: firefox on LINUX (358f877c-4143-452f-ab4d-589327eb2715)] -&gt; xpath: //p//word], [[FirefoxDriver: firefox on LINUX (358f877c-4143-452f-ab4d-589327eb2715)] -&gt; xpath: //p//word], [[FirefoxDriver: firefox on LINUX (358f877c-4143-452f-ab4d-589327eb2715)] -&gt; xpath: //p//word], [[FirefoxDriver: firefox on LINUX (358f877c-4143-452f-ab4d-589327eb2715)] -&gt; xpath: //p//word], [[FirefoxDriver: firefox on LINUX (358f877c-4143-452f-ab4d-589327eb2715)] -&gt; xpath: //p//word], [[FirefoxDriver: firefox on LINUX (358f877c-4143-452f-ab4d-589327eb2715)] -&gt; xpath: //p//word], [[FirefoxDriver: firefox on LINUX (358f877c-4143-452f-ab4d-589327eb2715)] -&gt; xpath: //p//word], [[FirefoxDriver: firefox on LINUX (358f877c-4143-452f-ab4d-589327eb2715)] -&gt; xpath: //p//word], [[FirefoxDriver: firefox on LINUX (358f877c-4143-452f-ab4d-589327eb2715)] -&gt; xpath: //p//word], [[FirefoxDriver: firefox on LINUX (358f877c-4143-452f-ab4d-589327eb2715)] -&gt; xpath: //p//word], [[FirefoxDriver: firefox on LINUX (358f877c-4143-452f-ab4d-589327eb2715)] -&gt; xpath: //p//word], [[FirefoxDriver: firefox on LINUX (358f877c-4143-452f-ab4d-589327eb2715)] -&gt; xpath: //p//word], [[FirefoxDriver: firefox on LINUX (358f877c-4143-452f-ab4d-589327eb2715)] -&gt; xpath: //p//word], [[FirefoxDriver: firefox on LINUX (358f877c-4143-452f-ab4d-589327eb2715)] -&gt; xpath: //p//word], [[FirefoxDriver: firefox on LINUX (358f877c-4143-452f-ab4d-589327eb2715)] -&gt; xpath: //p//word], [[FirefoxDriver: firefox on LINUX (358f877c-4143-452f-ab4d-589327eb2715)] -&gt; xpath: //p//word], [[FirefoxDriver: firefox on LINUX (358f877c-4143-452f-ab4d-589327eb2715)] -&gt; xpath: //p//word], [[FirefoxDriver: firefox on LINUX (358f877c-4143-452f-ab4d-589327eb2715)] -&gt; xpath: //p//word], [[FirefoxDriver: firefox on LINUX (358f877c-4143-452f-ab4d-589327eb2715)] -&gt; xpath: //p//word], [[FirefoxDriver: firefox on LINUX (358f877c-4143-452f-ab4d-589327eb2715)] -&gt; xpath: //p//word], [[FirefoxDriver: firefox on LINUX (358f877c-4143-452f-ab4d-589327eb2715)] -&gt; xpath: //p//word], [[FirefoxDriver: firefox on LINUX (358f877c-4143-452f-ab4d-589327eb2715)] -&gt; xpath: //p//word], [[FirefoxDriver: firefox on LINUX (358f877c-4143-452f-ab4d-589327eb2715)] -&gt; xpath: //p//word], [[FirefoxDriver: firefox on LINUX (358f877c-4143-452f-ab4d-589327eb2715)] -&gt; xpath: //p//word], [[FirefoxDriver: firefox on LINUX (358f877c-4143-452f-ab4d-589327eb2715)] -&gt; xpath: //p//word], [[FirefoxDriver: firefox on LINUX (358f877c-4143-452f-ab4d-589327eb2715)] -&gt; xpath: //p//word], [[FirefoxDriver: firefox on LINUX (358f877c-4143-452f-ab4d-589327eb2715)] -&gt; xpath: //p//word], [[FirefoxDriver: firefox on LINUX (358f877c-4143-452f-ab4d-589327eb2715)] -&gt; xpath: //p//word], [[FirefoxDriver: firefox on LINUX (358f877c-4143-452f-ab4d-589327eb2715)] -&gt; xpath: //p//word], [[FirefoxDriver: firefox on LINUX (358f877c-4143-452f-ab4d-589327eb2715)] -&gt; xpath: //p//word], [[FirefoxDriver: firefox on LINUX (358f877c-4143-452f-ab4d-589327eb2715)] -&gt; xpath: //p//word], [[FirefoxDriver: firefox on LINUX (358f877c-4143-452f-ab4d-589327eb2715)] -&gt; xpath: //p//word], [[FirefoxDriver: firefox on LINUX (358f877c-4143-452f-ab4d-589327eb2715)] -&gt; xpath: //p//word], [[FirefoxDriver: firefox on LINUX (358f877c-4143-452f-ab4d-589327eb2715)] -&gt; xpath: //p//word], [[FirefoxDriver: firefox on LINUX (358f877c-4143-452f-ab4d-589327eb2715)] -&gt; xpath: //p//word], [[FirefoxDriver: firefox on LINUX (358f877c-4143-452f-ab4d-589327eb2715)] -&gt; xpath: //p//word], [[FirefoxDriver: firefox on LINUX (358f877c-4143-452f-ab4d-589327eb2715)] -&gt; xpath: //p//word], [[FirefoxDriver: firefox on LINUX (358f877c-4143-452f-ab4d-589327eb2715)] -&gt; xpath: //p//word], [[FirefoxDriver: firefox on LINUX (358f877c-4143-452f-ab4d-589327eb2715)] -&gt; xpath: //p//word], [[FirefoxDriver: firefox on LINUX (358f877c-4143-452f-ab4d-589327eb2715)] -&gt; xpath: //p//word], [[FirefoxDriver: firefox on LINUX (358f877c-4143-452f-ab4d-589327eb2715)] -&gt; xpath: //p//word], [[FirefoxDriver: firefox on LINUX (358f877c-4143-452f-ab4d-589327eb2715)] -&gt; xpath: //p//word], [[FirefoxDriver: firefox on LINUX (358f877c-4143-452f-ab4d-589327eb2715)] -&gt; xpath: //p//word], [[FirefoxDriver: firefox on LINUX (358f877c-4143-452f-ab4d-589327eb2715)] -&gt; xpath: //p//word], [[FirefoxDriver: firefox on LINUX (358f877c-4143-452f-ab4d-589327eb2715)] -&gt; xpath: //p//word]]
Build info: version: &#039;2.52.0&#039;, revision: &#039;4c2593cfc3689a7fcd7be52549167e5ccc93ad28&#039;, time: &#039;2016-02-11 11:22:43&#039;
System info: host: &#039;asda0064&#039;, ip: &#039;127.0.1.1&#039;, os.name: &#039;Linux&#039;, os.arch: &#039;amd64&#039;, os.version: &#039;3.13.0-88-generic&#039;, java.version: &#039;1.8.0_91&#039;
Driver info: org.openqa.selenium.firefox.FirefoxDriver
Capabilities [{applicationCacheEnabled=true, rotatable=false, handlesAlerts=true, databaseEnabled=true, version=46.0, platform=LINUX, nativeEvents=false, acceptSslCerts=true, webStorageEnabled=true, locationContextEnabled=true, browserName=firefox, takesScreenshot=true, javascriptEnabled=true, cssSelectorsEnabled=true}]
Session ID: 358f877c-4143-452f-ab4d-589327eb2715">
      <![CDATA[org.openqa.selenium.TimeoutException: Timed out after 30 seconds waiting for visibility of all [[[FirefoxDriver: firefox on LINUX (358f877c-4143-452f-ab4d-589327eb2715)] -> xpath: //p//word], [[FirefoxDriver: firefox on LINUX (358f877c-4143-452f-ab4d-589327eb2715)] -> xpath: //p//word], [[FirefoxDriver: firefox on LINUX (358f877c-4143-452f-ab4d-589327eb2715)] -> xpath: //p//word], [[FirefoxDriver: firefox on LINUX (358f877c-4143-452f-ab4d-589327eb2715)] -> xpath: //p//word], [[FirefoxDriver: firefox on LINUX (358f877c-4143-452f-ab4d-589327eb2715)] -> xpath: //p//word], [[FirefoxDriver: firefox on LINUX (358f877c-4143-452f-ab4d-589327eb2715)] -> xpath: //p//word], [[FirefoxDriver: firefox on LINUX (358f877c-4143-452f-ab4d-589327eb2715)] -> xpath: //p//word], [[FirefoxDriver: firefox on LINUX (358f877c-4143-452f-ab4d-589327eb2715)] -> xpath: //p//word], [[FirefoxDriver: firefox on LINUX (358f877c-4143-452f-ab4d-589327eb2715)] -> xpath: //p//word], [[FirefoxDriver: firefox on LINUX (358f877c-4143-452f-ab4d-589327eb2715)] -> xpath: //p//word], [[FirefoxDriver: firefox on LINUX (358f877c-4143-452f-ab4d-589327eb2715)] -> xpath: //p//word], [[FirefoxDriver: firefox on LINUX (358f877c-4143-452f-ab4d-589327eb2715)] -> xpath: //p//word], [[FirefoxDriver: firefox on LINUX (358f877c-4143-452f-ab4d-589327eb2715)] -> xpath: //p//word], [[FirefoxDriver: firefox on LINUX (358f877c-4143-452f-ab4d-589327eb2715)] -> xpath: //p//word], [[FirefoxDriver: firefox on LINUX (358f877c-4143-452f-ab4d-589327eb2715)] -> xpath: //p//word], [[FirefoxDriver: firefox on LINUX (358f877c-4143-452f-ab4d-589327eb2715)] -> xpath: //p//word], [[FirefoxDriver: firefox on LINUX (358f877c-4143-452f-ab4d-589327eb2715)] -> xpath: //p//word], [[FirefoxDriver: firefox on LINUX (358f877c-4143-452f-ab4d-589327eb2715)] -> xpath: //p//word], [[FirefoxDriver: firefox on LINUX (358f877c-4143-452f-ab4d-589327eb2715)] -> xpath: //p//word], [[FirefoxDriver: firefox on LINUX (358f877c-4143-452f-ab4d-589327eb2715)] -> xpath: //p//word], [[FirefoxDriver: firefox on LINUX (358f877c-4143-452f-ab4d-589327eb2715)] -> xpath: //p//word], [[FirefoxDriver: firefox on LINUX (358f877c-4143-452f-ab4d-589327eb2715)] -> xpath: //p//word], [[FirefoxDriver: firefox on LINUX (358f877c-4143-452f-ab4d-589327eb2715)] -> xpath: //p//word], [[FirefoxDriver: firefox on LINUX (358f877c-4143-452f-ab4d-589327eb2715)] -> xpath: //p//word], [[FirefoxDriver: firefox on LINUX (358f877c-4143-452f-ab4d-589327eb2715)] -> xpath: //p//word], [[FirefoxDriver: firefox on LINUX (358f877c-4143-452f-ab4d-589327eb2715)] -> xpath: //p//word], [[FirefoxDriver: firefox on LINUX (358f877c-4143-452f-ab4d-589327eb2715)] -> xpath: //p//word], [[FirefoxDriver: firefox on LINUX (358f877c-4143-452f-ab4d-589327eb2715)] -> xpath: //p//word], [[FirefoxDriver: firefox on LINUX (358f877c-4143-452f-ab4d-589327eb2715)] -> xpath: //p//word], [[FirefoxDriver: firefox on LINUX (358f877c-4143-452f-ab4d-589327eb2715)] -> xpath: //p//word], [[FirefoxDriver: firefox on LINUX (358f877c-4143-452f-ab4d-589327eb2715)] -> xpath: //p//word], [[FirefoxDriver: firefox on LINUX (358f877c-4143-452f-ab4d-589327eb2715)] -> xpath: //p//word], [[FirefoxDriver: firefox on LINUX (358f877c-4143-452f-ab4d-589327eb2715)] -> xpath: //p//word], [[FirefoxDriver: firefox on LINUX (358f877c-4143-452f-ab4d-589327eb2715)] -> xpath: //p//word], [[FirefoxDriver: firefox on LINUX (358f877c-4143-452f-ab4d-589327eb2715)] -> xpath: //p//word], [[FirefoxDriver: firefox on LINUX (358f877c-4143-452f-ab4d-589327eb2715)] -> xpath: //p//word], [[FirefoxDriver: firefox on LINUX (358f877c-4143-452f-ab4d-589327eb2715)] -> xpath: //p//word], [[FirefoxDriver: firefox on LINUX (358f877c-4143-452f-ab4d-589327eb2715)] -> xpath: //p//word], [[FirefoxDriver: firefox on LINUX (358f877c-4143-452f-ab4d-589327eb2715)] -> xpath: //p//word], [[FirefoxDriver: firefox on LINUX (358f877c-4143-452f-ab4d-589327eb2715)] -> xpath: //p//word], [[FirefoxDriver: firefox on LINUX (358f877c-4143-452f-ab4d-589327eb2715)] -> xpath: //p//word], [[FirefoxDriver: firefox on LINUX (358f877c-4143-452f-ab4d-589327eb2715)] -> xpath: //p//word], [[FirefoxDriver: firefox on LINUX (358f877c-4143-452f-ab4d-589327eb2715)] -> xpath: //p//word], [[FirefoxDriver: firefox on LINUX (358f877c-4143-452f-ab4d-589327eb2715)] -> xpath: //p//word], [[FirefoxDriver: firefox on LINUX (358f877c-4143-452f-ab4d-589327eb2715)] -> xpath: //p//word], [[FirefoxDriver: firefox on LINUX (358f877c-4143-452f-ab4d-589327eb2715)] -> xpath: //p//word], [[FirefoxDriver: firefox on LINUX (358f877c-4143-452f-ab4d-589327eb2715)] -> xpath: //p//word], [[FirefoxDriver: firefox on LINUX (358f877c-4143-452f-ab4d-589327eb2715)] -> xpath: //p//word], [[FirefoxDriver: firefox on LINUX (358f877c-4143-452f-ab4d-589327eb2715)] -> xpath: //p//word], [[FirefoxDriver: firefox on LINUX (358f877c-4143-452f-ab4d-589327eb2715)] -> xpath: //p//word], [[FirefoxDriver: firefox on LINUX (358f877c-4143-452f-ab4d-589327eb2715)] -> xpath: //p//word], [[FirefoxDriver: firefox on LINUX (358f877c-4143-452f-ab4d-589327eb2715)] -> xpath: //p//word], [[FirefoxDriver: firefox on LINUX (358f877c-4143-452f-ab4d-589327eb2715)] -> xpath: //p//word], [[FirefoxDriver: firefox on LINUX (358f877c-4143-452f-ab4d-589327eb2715)] -> xpath: //p//word], [[FirefoxDriver: firefox on LINUX (358f877c-4143-452f-ab4d-589327eb2715)] -> xpath: //p//word], [[FirefoxDriver: firefox on LINUX (358f877c-4143-452f-ab4d-589327eb2715)] -> xpath: //p//word], [[FirefoxDriver: firefox on LINUX (358f877c-4143-452f-ab4d-589327eb2715)] -> xpath: //p//word], [[FirefoxDriver: firefox on LINUX (358f877c-4143-452f-ab4d-589327eb2715)] -> xpath: //p//word], [[FirefoxDriver: firefox on LINUX (358f877c-4143-452f-ab4d-589327eb2715)] -> xpath: //p//word], [[FirefoxDriver: firefox on LINUX (358f877c-4143-452f-ab4d-589327eb2715)] -> xpath: //p//word], [[FirefoxDriver: firefox on LINUX (358f877c-4143-452f-ab4d-589327eb2715)] -> xpath: //p//word], [[FirefoxDriver: firefox on LINUX (358f877c-4143-452f-ab4d-589327eb2715)] -> xpath: //p//word], [[FirefoxDriver: firefox on LINUX (358f877c-4143-452f-ab4d-589327eb2715)] -> xpath: //p//word], [[FirefoxDriver: firefox on LINUX (358f877c-4143-452f-ab4d-589327eb2715)] -> xpath: //p//word], [[FirefoxDriver: firefox on LINUX (358f877c-4143-452f-ab4d-589327eb2715)] -> xpath: //p//word], [[FirefoxDriver: firefox on LINUX (358f877c-4143-452f-ab4d-589327eb2715)] -> xpath: //p//word], [[FirefoxDriver: firefox on LINUX (358f877c-4143-452f-ab4d-589327eb2715)] -> xpath: //p//word], [[FirefoxDriver: firefox on LINUX (358f877c-4143-452f-ab4d-589327eb2715)] -> xpath: //p//word], [[FirefoxDriver: firefox on LINUX (358f877c-4143-452f-ab4d-589327eb2715)] -> xpath: //p//word], [[FirefoxDriver: firefox on LINUX (358f877c-4143-452f-ab4d-589327eb2715)] -> xpath: //p//word], [[FirefoxDriver: firefox on LINUX (358f877c-4143-452f-ab4d-589327eb2715)] -> xpath: //p//word], [[FirefoxDriver: firefox on LINUX (358f877c-4143-452f-ab4d-589327eb2715)] -> xpath: //p//word], [[FirefoxDriver: firefox on LINUX (358f877c-4143-452f-ab4d-589327eb2715)] -> xpath: //p//word], [[FirefoxDriver: firefox on LINUX (358f877c-4143-452f-ab4d-589327eb2715)] -> xpath: //p//word], [[FirefoxDriver: firefox on LINUX (358f877c-4143-452f-ab4d-589327eb2715)] -> xpath: //p//word], [[FirefoxDriver: firefox on LINUX (358f877c-4143-452f-ab4d-589327eb2715)] -> xpath: //p//word], [[FirefoxDriver: firefox on LINUX (358f877c-4143-452f-ab4d-589327eb2715)] -> xpath: //p//word], [[FirefoxDriver: firefox on LINUX (358f877c-4143-452f-ab4d-589327eb2715)] -> xpath: //p//word], [[FirefoxDriver: firefox on LINUX (358f877c-4143-452f-ab4d-589327eb2715)] -> xpath: //p//word], [[FirefoxDriver: firefox on LINUX (358f877c-4143-452f-ab4d-589327eb2715)] -> xpath: //p//word], [[FirefoxDriver: firefox on LINUX (358f877c-4143-452f-ab4d-589327eb2715)] -> xpath: //p//word], [[FirefoxDriver: firefox on LINUX (358f877c-4143-452f-ab4d-589327eb2715)] -> xpath: //p//word], [[FirefoxDriver: firefox on LINUX (358f877c-4143-452f-ab4d-589327eb2715)] -> xpath: //p//word], [[FirefoxDriver: firefox on LINUX (358f877c-4143-452f-ab4d-589327eb2715)] -> xpath: //p//word], [[FirefoxDriver: firefox on LINUX (358f877c-4143-452f-ab4d-589327eb2715)] -> xpath: //p//word], [[FirefoxDriver: firefox on LINUX (358f877c-4143-452f-ab4d-589327eb2715)] -> xpath: //p//word], [[FirefoxDriver: firefox on LINUX (358f877c-4143-452f-ab4d-589327eb2715)] -> xpath: //p//word], [[FirefoxDriver: firefox on LINUX (358f877c-4143-452f-ab4d-589327eb2715)] -> xpath: //p//word], [[FirefoxDriver: firefox on LINUX (358f877c-4143-452f-ab4d-589327eb2715)] -> xpath: //p//word], [[FirefoxDriver: firefox on LINUX (358f877c-4143-452f-ab4d-589327eb2715)] -> xpath: //p//word], [[FirefoxDriver: firefox on LINUX (358f877c-4143-452f-ab4d-589327eb2715)] -> xpath: //p//word], [[FirefoxDriver: firefox on LINUX (358f877c-4143-452f-ab4d-589327eb2715)] -> xpath: //p//word], [[FirefoxDriver: firefox on LINUX (358f877c-4143-452f-ab4d-589327eb2715)] -> xpath: //p//word], [[FirefoxDriver: firefox on LINUX (358f877c-4143-452f-ab4d-589327eb2715)] -> xpath: //p//word], [[FirefoxDriver: firefox on LINUX (358f877c-4143-452f-ab4d-589327eb2715)] -> xpath: //p//word], [[FirefoxDriver: firefox on LINUX (358f877c-4143-452f-ab4d-589327eb2715)] -> xpath: //p//word], [[FirefoxDriver: firefox on LINUX (358f877c-4143-452f-ab4d-589327eb2715)] -> xpath: //p//word], [[FirefoxDriver: firefox on LINUX (358f877c-4143-452f-ab4d-589327eb2715)] -> xpath: //p//word], [[FirefoxDriver: firefox on LINUX (358f877c-4143-452f-ab4d-589327eb2715)] -> xpath: //p//word], [[FirefoxDriver: firefox on LINUX (358f877c-4143-452f-ab4d-589327eb2715)] -> xpath: //p//word], [[FirefoxDriver: firefox on LINUX (358f877c-4143-452f-ab4d-589327eb2715)] -> xpath: //p//word], [[FirefoxDriver: firefox on LINUX (358f877c-4143-452f-ab4d-589327eb2715)] -> xpath: //p//word], [[FirefoxDriver: firefox on LINUX (358f877c-4143-452f-ab4d-589327eb2715)] -> xpath: //p//word], [[FirefoxDriver: firefox on LINUX (358f877c-4143-452f-ab4d-589327eb2715)] -> xpath: //p//word], [[FirefoxDriver: firefox on LINUX (358f877c-4143-452f-ab4d-589327eb2715)] -> xpath: //p//word], [[FirefoxDriver: firefox on LINUX (358f877c-4143-452f-ab4d-589327eb2715)] -> xpath: //p//word], [[FirefoxDriver: firefox on LINUX (358f877c-4143-452f-ab4d-589327eb2715)] -> xpath: //p//word], [[FirefoxDriver: firefox on LINUX (358f877c-4143-452f-ab4d-589327eb2715)] -> xpath: //p//word], [[FirefoxDriver: firefox on LINUX (358f877c-4143-452f-ab4d-589327eb2715)] -> xpath: //p//word], [[FirefoxDriver: firefox on LINUX (358f877c-4143-452f-ab4d-589327eb2715)] -> xpath: //p//word], [[FirefoxDriver: firefox on LINUX (358f877c-4143-452f-ab4d-589327eb2715)] -> xpath: //p//word], [[FirefoxDriver: firefox on LINUX (358f877c-4143-452f-ab4d-589327eb2715)] -> xpath: //p//word], [[FirefoxDriver: firefox on LINUX (358f877c-4143-452f-ab4d-589327eb2715)] -> xpath: //p//word], [[FirefoxDriver: firefox on LINUX (358f877c-4143-452f-ab4d-589327eb2715)] -> xpath: //p//word], [[FirefoxDriver: firefox on LINUX (358f877c-4143-452f-ab4d-589327eb2715)] -> xpath: //p//word], [[FirefoxDriver: firefox on LINUX (358f877c-4143-452f-ab4d-589327eb2715)] -> xpath: //p//word], [[FirefoxDriver: firefox on LINUX (358f877c-4143-452f-ab4d-589327eb2715)] -> xpath: //p//word], [[FirefoxDriver: firefox on LINUX (358f877c-4143-452f-ab4d-589327eb2715)] -> xpath: //p//word], [[FirefoxDriver: firefox on LINUX (358f877c-4143-452f-ab4d-589327eb2715)] -> xpath: //p//word], [[FirefoxDriver: firefox on LINUX (358f877c-4143-452f-ab4d-589327eb2715)] -> xpath: //p//word], [[FirefoxDriver: firefox on LINUX (358f877c-4143-452f-ab4d-589327eb2715)] -> xpath: //p//word], [[FirefoxDriver: firefox on LINUX (358f877c-4143-452f-ab4d-589327eb2715)] -> xpath: //p//word], [[FirefoxDriver: firefox on LINUX (358f877c-4143-452f-ab4d-589327eb2715)] -> xpath: //p//word], [[FirefoxDriver: firefox on LINUX (358f877c-4143-452f-ab4d-589327eb2715)] -> xpath: //p//word], [[FirefoxDriver: firefox on LINUX (358f877c-4143-452f-ab4d-589327eb2715)] -> xpath: //p//word], [[FirefoxDriver: firefox on LINUX (358f877c-4143-452f-ab4d-589327eb2715)] -> xpath: //p//word], [[FirefoxDriver: firefox on LINUX (358f877c-4143-452f-ab4d-589327eb2715)] -> xpath: //p//word], [[FirefoxDriver: firefox on LINUX (358f877c-4143-452f-ab4d-589327eb2715)] -> xpath: //p//word], [[FirefoxDriver: firefox on LINUX (358f877c-4143-452f-ab4d-589327eb2715)] -> xpath: //p//word], [[FirefoxDriver: firefox on LINUX (358f877c-4143-452f-ab4d-589327eb2715)] -> xpath: //p//word], [[FirefoxDriver: firefox on LINUX (358f877c-4143-452f-ab4d-589327eb2715)] -> xpath: //p//word], [[FirefoxDriver: firefox on LINUX (358f877c-4143-452f-ab4d-589327eb2715)] -> xpath: //p//word], [[FirefoxDriver: firefox on LINUX (358f877c-4143-452f-ab4d-589327eb2715)] -> xpath: //p//word], [[FirefoxDriver: firefox on LINUX (358f877c-4143-452f-ab4d-589327eb2715)] -> xpath: //p//word], [[FirefoxDriver: firefox on LINUX (358f877c-4143-452f-ab4d-589327eb2715)] -> xpath: //p//word], [[FirefoxDriver: firefox on LINUX (358f877c-4143-452f-ab4d-589327eb2715)] -> xpath: //p//word], [[FirefoxDriver: firefox on LINUX (358f877c-4143-452f-ab4d-589327eb2715)] -> xpath: //p//word], [[FirefoxDriver: firefox on LINUX (358f877c-4143-452f-ab4d-589327eb2715)] -> xpath: //p//word], [[FirefoxDriver: firefox on LINUX (358f877c-4143-452f-ab4d-589327eb2715)] -> xpath: //p//word], [[FirefoxDriver: firefox on LINUX (358f877c-4143-452f-ab4d-589327eb2715)] -> xpath: //p//word], [[FirefoxDriver: firefox on LINUX (358f877c-4143-452f-ab4d-589327eb2715)] -> xpath: //p//word], [[FirefoxDriver: firefox on LINUX (358f877c-4143-452f-ab4d-589327eb2715)] -> xpath: //p//word], [[FirefoxDriver: firefox on LINUX (358f877c-4143-452f-ab4d-589327eb2715)] -> xpath: //p//word], [[FirefoxDriver: firefox on LINUX (358f877c-4143-452f-ab4d-589327eb2715)] -> xpath: //p//word], [[FirefoxDriver: firefox on LINUX (358f877c-4143-452f-ab4d-589327eb2715)] -> xpath: //p//word], [[FirefoxDriver: firefox on LINUX (358f877c-4143-452f-ab4d-589327eb2715)] -> xpath: //p//word], [[FirefoxDriver: firefox on LINUX (358f877c-4143-452f-ab4d-589327eb2715)] -> xpath: //p//word], [[FirefoxDriver: firefox on LINUX (358f877c-4143-452f-ab4d-589327eb2715)] -> xpath: //p//word], [[FirefoxDriver: firefox on LINUX (358f877c-4143-452f-ab4d-589327eb2715)] -> xpath: //p//word], [[FirefoxDriver: firefox on LINUX (358f877c-4143-452f-ab4d-589327eb2715)] -> xpath: //p//word], [[FirefoxDriver: firefox on LINUX (358f877c-4143-452f-ab4d-589327eb2715)] -> xpath: //p//word], [[FirefoxDriver: firefox on LINUX (358f877c-4143-452f-ab4d-589327eb2715)] -> xpath: //p//word], [[FirefoxDriver: firefox on LINUX (358f877c-4143-452f-ab4d-589327eb2715)] -> xpath: //p//word], [[FirefoxDriver: firefox on LINUX (358f877c-4143-452f-ab4d-589327eb2715)] -> xpath: //p//word], [[FirefoxDriver: firefox on LINUX (358f877c-4143-452f-ab4d-589327eb2715)] -> xpath: //p//word], [[FirefoxDriver: firefox on LINUX (358f877c-4143-452f-ab4d-589327eb2715)] -> xpath: //p//word], [[FirefoxDriver: firefox on LINUX (358f877c-4143-452f-ab4d-589327eb2715)] -> xpath: //p//word], [[FirefoxDriver: firefox on LINUX (358f877c-4143-452f-ab4d-589327eb2715)] -> xpath: //p//word], [[FirefoxDriver: firefox on LINUX (358f877c-4143-452f-ab4d-589327eb2715)] -> xpath: //p//word], [[FirefoxDriver: firefox on LINUX (358f877c-4143-452f-ab4d-589327eb2715)] -> xpath: //p//word], [[FirefoxDriver: firefox on LINUX (358f877c-4143-452f-ab4d-589327eb2715)] -> xpath: //p//word], [[FirefoxDriver: firefox on LINUX (358f877c-4143-452f-ab4d-589327eb2715)] -> xpath: //p//word], [[FirefoxDriver: firefox on LINUX (358f877c-4143-452f-ab4d-589327eb2715)] -> xpath: //p//word], [[FirefoxDriver: firefox on LINUX (358f877c-4143-452f-ab4d-589327eb2715)] -> xpath: //p//word], [[FirefoxDriver: firefox on LINUX (358f877c-4143-452f-ab4d-589327eb2715)] -> xpath: //p//word], [[FirefoxDriver: firefox on LINUX (358f877c-4143-452f-ab4d-589327eb2715)] -> xpath: //p//word], [[FirefoxDriver: firefox on LINUX (358f877c-4143-452f-ab4d-589327eb2715)] -> xpath: //p//word], [[FirefoxDriver: firefox on LINUX (358f877c-4143-452f-ab4d-589327eb2715)] -> xpath: //p//word], [[FirefoxDriver: firefox on LINUX (358f877c-4143-452f-ab4d-589327eb2715)] -> xpath: //p//word], [[FirefoxDriver: firefox on LINUX (358f877c-4143-452f-ab4d-589327eb2715)] -> xpath: //p//word], [[FirefoxDriver: firefox on LINUX (358f877c-4143-452f-ab4d-589327eb2715)] -> xpath: //p//word], [[FirefoxDriver: firefox on LINUX (358f877c-4143-452f-ab4d-589327eb2715)] -> xpath: //p//word], [[FirefoxDriver: firefox on LINUX (358f877c-4143-452f-ab4d-589327eb2715)] -> xpath: //p//word], [[FirefoxDriver: firefox on LINUX (358f877c-4143-452f-ab4d-589327eb2715)] -> xpath: //p//word], [[FirefoxDriver: firefox on LINUX (358f877c-4143-452f-ab4d-589327eb2715)] -> xpath: //p//word], [[FirefoxDriver: firefox on LINUX (358f877c-4143-452f-ab4d-589327eb2715)] -> xpath: //p//word], [[FirefoxDriver: firefox on LINUX (358f877c-4143-452f-ab4d-589327eb2715)] -> xpath: //p//word], [[FirefoxDriver: firefox on LINUX (358f877c-4143-452f-ab4d-589327eb2715)] -> xpath: //p//word], [[FirefoxDriver: firefox on LINUX (358f877c-4143-452f-ab4d-589327eb2715)] -> xpath: //p//word], [[FirefoxDriver: firefox on LINUX (358f877c-4143-452f-ab4d-589327eb2715)] -> xpath: //p//word], [[FirefoxDriver: firefox on LINUX (358f877c-4143-452f-ab4d-589327eb2715)] -> xpath: //p//word], [[FirefoxDriver: firefox on LINUX (358f877c-4143-452f-ab4d-589327eb2715)] -> xpath: //p//word], [[FirefoxDriver: firefox on LINUX (358f877c-4143-452f-ab4d-589327eb2715)] -> xpath: //p//word], [[FirefoxDriver: firefox on LINUX (358f877c-4143-452f-ab4d-589327eb2715)] -> xpath: //p//word], [[FirefoxDriver: firefox on LINUX (358f877c-4143-452f-ab4d-589327eb2715)] -> xpath: //p//word], [[FirefoxDriver: firefox on LINUX (358f877c-4143-452f-ab4d-589327eb2715)] -> xpath: //p//word], [[FirefoxDriver: firefox on LINUX (358f877c-4143-452f-ab4d-589327eb2715)] -> xpath: //p//word], [[FirefoxDriver: firefox on LINUX (358f877c-4143-452f-ab4d-589327eb2715)] -> xpath: //p//word], [[FirefoxDriver: firefox on LINUX (358f877c-4143-452f-ab4d-589327eb2715)] -> xpath: //p//word], [[FirefoxDriver: firefox on LINUX (358f877c-4143-452f-ab4d-589327eb2715)] -> xpath: //p//word], [[FirefoxDriver: firefox on LINUX (358f877c-4143-452f-ab4d-589327eb2715)] -> xpath: //p//word], [[FirefoxDriver: firefox on LINUX (358f877c-4143-452f-ab4d-589327eb2715)] -> xpath: //p//word], [[FirefoxDriver: firefox on LINUX (358f877c-4143-452f-ab4d-589327eb2715)] -> xpath: //p//word], [[FirefoxDriver: firefox on LINUX (358f877c-4143-452f-ab4d-589327eb2715)] -> xpath: //p//word], [[FirefoxDriver: firefox on LINUX (358f877c-4143-452f-ab4d-589327eb2715)] -> xpath: //p//word], [[FirefoxDriver: firefox on LINUX (358f877c-4143-452f-ab4d-589327eb2715)] -> xpath: //p//word], [[FirefoxDriver: firefox on LINUX (358f877c-4143-452f-ab4d-589327eb2715)] -> xpath: //p//word], [[FirefoxDriver: firefox on LINUX (358f877c-4143-452f-ab4d-589327eb2715)] -> xpath: //p//word], [[FirefoxDriver: firefox on LINUX (358f877c-4143-452f-ab4d-589327eb2715)] -> xpath: //p//word], [[FirefoxDriver: firefox on LINUX (358f877c-4143-452f-ab4d-589327eb2715)] -> xpath: //p//word], [[FirefoxDriver: firefox on LINUX (358f877c-4143-452f-ab4d-589327eb2715)] -> xpath: //p//word], [[FirefoxDriver: firefox on LINUX (358f877c-4143-452f-ab4d-589327eb2715)] -> xpath: //p//word], [[FirefoxDriver: firefox on LINUX (358f877c-4143-452f-ab4d-589327eb2715)] -> xpath: //p//word], [[FirefoxDriver: firefox on LINUX (358f877c-4143-452f-ab4d-589327eb2715)] -> xpath: //p//word], [[FirefoxDriver: firefox on LINUX (358f877c-4143-452f-ab4d-589327eb2715)] -> xpath: //p//word], [[FirefoxDriver: firefox on LINUX (358f877c-4143-452f-ab4d-589327eb2715)] -> xpath: //p//word], [[FirefoxDriver: firefox on LINUX (358f877c-4143-452f-ab4d-589327eb2715)] -> xpath: //p//word], [[FirefoxDriver: firefox on LINUX (358f877c-4143-452f-ab4d-589327eb2715)] -> xpath: //p//word], [[FirefoxDriver: firefox on LINUX (358f877c-4143-452f-ab4d-589327eb2715)] -> xpath: //p//word], [[FirefoxDriver: firefox on LINUX (358f877c-4143-452f-ab4d-589327eb2715)] -> xpath: //p//word], [[FirefoxDriver: firefox on LINUX (358f877c-4143-452f-ab4d-589327eb2715)] -> xpath: //p//word], [[FirefoxDriver: firefox on LINUX (358f877c-4143-452f-ab4d-589327eb2715)] -> xpath: //p//word], [[FirefoxDriver: firefox on LINUX (358f877c-4143-452f-ab4d-589327eb2715)] -> xpath: //p//word], [[FirefoxDriver: firefox on LINUX (358f877c-4143-452f-ab4d-589327eb2715)] -> xpath: //p//word], [[FirefoxDriver: firefox on LINUX (358f877c-4143-452f-ab4d-589327eb2715)] -> xpath: //p//word], [[FirefoxDriver: firefox on LINUX (358f877c-4143-452f-ab4d-589327eb2715)] -> xpath: //p//word], [[FirefoxDriver: firefox on LINUX (358f877c-4143-452f-ab4d-589327eb2715)] -> xpath: //p//word], [[FirefoxDriver: firefox on LINUX (358f877c-4143-452f-ab4d-589327eb2715)] -> xpath: //p//word], [[FirefoxDriver: firefox on LINUX (358f877c-4143-452f-ab4d-589327eb2715)] -> xpath: //p//word], [[FirefoxDriver: firefox on LINUX (358f877c-4143-452f-ab4d-589327eb2715)] -> xpath: //p//word], [[FirefoxDriver: firefox on LINUX (358f877c-4143-452f-ab4d-589327eb2715)] -> xpath: //p//word], [[FirefoxDriver: firefox on LINUX (358f877c-4143-452f-ab4d-589327eb2715)] -> xpath: //p//word], [[FirefoxDriver: firefox on LINUX (358f877c-4143-452f-ab4d-589327eb2715)] -> xpath: //p//word], [[FirefoxDriver: firefox on LINUX (358f877c-4143-452f-ab4d-589327eb2715)] -> xpath: //p//word], [[FirefoxDriver: firefox on LINUX (358f877c-4143-452f-ab4d-589327eb2715)] -> xpath: //p//word], [[FirefoxDriver: firefox on LINUX (358f877c-4143-452f-ab4d-589327eb2715)] -> xpath: //p//word], [[FirefoxDriver: firefox on LINUX (358f877c-4143-452f-ab4d-589327eb2715)] -> xpath: //p//word], [[FirefoxDriver: firefox on LINUX (358f877c-4143-452f-ab4d-589327eb2715)] -> xpath: //p//word], [[FirefoxDriver: firefox on LINUX (358f877c-4143-452f-ab4d-589327eb2715)] -> xpath: //p//word], [[FirefoxDriver: firefox on LINUX (358f877c-4143-452f-ab4d-589327eb2715)] -> xpath: //p//word], [[FirefoxDriver: firefox on LINUX (358f877c-4143-452f-ab4d-589327eb2715)] -> xpath: //p//word], [[FirefoxDriver: firefox on LINUX (358f877c-4143-452f-ab4d-589327eb2715)] -> xpath: //p//word], [[FirefoxDriver: firefox on LINUX (358f877c-4143-452f-ab4d-589327eb2715)] -> xpath: //p//word], [[FirefoxDriver: firefox on LINUX (358f877c-4143-452f-ab4d-589327eb2715)] -> xpath: //p//word], [[FirefoxDriver: firefox on LINUX (358f877c-4143-452f-ab4d-589327eb2715)] -> xpath: //p//word], [[FirefoxDriver: firefox on LINUX (358f877c-4143-452f-ab4d-589327eb2715)] -> xpath: //p//word], [[FirefoxDriver: firefox on LINUX (358f877c-4143-452f-ab4d-589327eb2715)] -> xpath: //p//word], [[FirefoxDriver: firefox on LINUX (358f877c-4143-452f-ab4d-589327eb2715)] -> xpath: //p//word], [[FirefoxDriver: firefox on LINUX (358f877c-4143-452f-ab4d-589327eb2715)] -> xpath: //p//word], [[FirefoxDriver: firefox on LINUX (358f877c-4143-452f-ab4d-589327eb2715)] -> xpath: //p//word], [[FirefoxDriver: firefox on LINUX (358f877c-4143-452f-ab4d-589327eb2715)] -> xpath: //p//word], [[FirefoxDriver: firefox on LINUX (358f877c-4143-452f-ab4d-589327eb2715)] -> xpath: //p//word], [[FirefoxDriver: firefox on LINUX (358f877c-4143-452f-ab4d-589327eb2715)] -> xpath: //p//word], [[FirefoxDriver: firefox on LINUX (358f877c-4143-452f-ab4d-589327eb2715)] -> xpath: //p//word], [[FirefoxDriver: firefox on LINUX (358f877c-4143-452f-ab4d-589327eb2715)] -> xpath: //p//word], [[FirefoxDriver: firefox on LINUX (358f877c-4143-452f-ab4d-589327eb2715)] -> xpath: //p//word], [[FirefoxDriver: firefox on LINUX (358f877c-4143-452f-ab4d-589327eb2715)] -> xpath: //p//word], [[FirefoxDriver: firefox on LINUX (358f877c-4143-452f-ab4d-589327eb2715)] -> xpath: //p//word], [[FirefoxDriver: firefox on LINUX (358f877c-4143-452f-ab4d-589327eb2715)] -> xpath: //p//word], [[FirefoxDriver: firefox on LINUX (358f877c-4143-452f-ab4d-589327eb2715)] -> xpath: //p//word], [[FirefoxDriver: firefox on LINUX (358f877c-4143-452f-ab4d-589327eb2715)] -> xpath: //p//word], [[FirefoxDriver: firefox on LINUX (358f877c-4143-452f-ab4d-589327eb2715)] -> xpath: //p//word], [[FirefoxDriver: firefox on LINUX (358f877c-4143-452f-ab4d-589327eb2715)] -> xpath: //p//word], [[FirefoxDriver: firefox on LINUX (358f877c-4143-452f-ab4d-589327eb2715)] -> xpath: //p//word], [[FirefoxDriver: firefox on LINUX (358f877c-4143-452f-ab4d-589327eb2715)] -> xpath: //p//word], [[FirefoxDriver: firefox on LINUX (358f877c-4143-452f-ab4d-589327eb2715)] -> xpath: //p//word], [[FirefoxDriver: firefox on LINUX (358f877c-4143-452f-ab4d-589327eb2715)] -> xpath: //p//word], [[FirefoxDriver: firefox on LINUX (358f877c-4143-452f-ab4d-589327eb2715)] -> xpath: //p//word], [[FirefoxDriver: firefox on LINUX (358f877c-4143-452f-ab4d-589327eb2715)] -> xpath: //p//word], [[FirefoxDriver: firefox on LINUX (358f877c-4143-452f-ab4d-589327eb2715)] -> xpath: //p//word], [[FirefoxDriver: firefox on LINUX (358f877c-4143-452f-ab4d-589327eb2715)] -> xpath: //p//word], [[FirefoxDriver: firefox on LINUX (358f877c-4143-452f-ab4d-589327eb2715)] -> xpath: //p//word], [[FirefoxDriver: firefox on LINUX (358f877c-4143-452f-ab4d-589327eb2715)] -> xpath: //p//word], [[FirefoxDriver: firefox on LINUX (358f877c-4143-452f-ab4d-589327eb2715)] -> xpath: //p//word], [[FirefoxDriver: firefox on LINUX (358f877c-4143-452f-ab4d-589327eb2715)] -> xpath: //p//word], [[FirefoxDriver: firefox on LINUX (358f877c-4143-452f-ab4d-589327eb2715)] -> xpath: //p//word], [[FirefoxDriver: firefox on LINUX (358f877c-4143-452f-ab4d-589327eb2715)] -> xpath: //p//word], [[FirefoxDriver: firefox on LINUX (358f877c-4143-452f-ab4d-589327eb2715)] -> xpath: //p//word], [[FirefoxDriver: firefox on LINUX (358f877c-4143-452f-ab4d-589327eb2715)] -> xpath: //p//word], [[FirefoxDriver: firefox on LINUX (358f877c-4143-452f-ab4d-589327eb2715)] -> xpath: //p//word], [[FirefoxDriver: firefox on LINUX (358f877c-4143-452f-ab4d-589327eb2715)] -> xpath: //p//word], [[FirefoxDriver: firefox on LINUX (358f877c-4143-452f-ab4d-589327eb2715)] -> xpath: //p//word], [[FirefoxDriver: firefox on LINUX (358f877c-4143-452f-ab4d-589327eb2715)] -> xpath: //p//word], [[FirefoxDriver: firefox on LINUX (358f877c-4143-452f-ab4d-589327eb2715)] -> xpath: //p//word], [[FirefoxDriver: firefox on LINUX (358f877c-4143-452f-ab4d-589327eb2715)] -> xpath: //p//word], [[FirefoxDriver: firefox on LINUX (358f877c-4143-452f-ab4d-589327eb2715)] -> xpath: //p//word], [[FirefoxDriver: firefox on LINUX (358f877c-4143-452f-ab4d-589327eb2715)] -> xpath: //p//word], [[FirefoxDriver: firefox on LINUX (358f877c-4143-452f-ab4d-589327eb2715)] -> xpath: //p//word], [[FirefoxDriver: firefox on LINUX (358f877c-4143-452f-ab4d-589327eb2715)] -> xpath: //p//word], [[FirefoxDriver: firefox on LINUX (358f877c-4143-452f-ab4d-589327eb2715)] -> xpath: //p//word], [[FirefoxDriver: firefox on LINUX (358f877c-4143-452f-ab4d-589327eb2715)] -> xpath: //p//word], [[FirefoxDriver: firefox on LINUX (358f877c-4143-452f-ab4d-589327eb2715)] -> xpath: //p//word], [[FirefoxDriver: firefox on LINUX (358f877c-4143-452f-ab4d-589327eb2715)] -> xpath: //p//word], [[FirefoxDriver: firefox on LINUX (358f877c-4143-452f-ab4d-589327eb2715)] -> xpath: //p//word], [[FirefoxDriver: firefox on LINUX (358f877c-4143-452f-ab4d-589327eb2715)] -> xpath: //p//word], [[FirefoxDriver: firefox on LINUX (358f877c-4143-452f-ab4d-589327eb2715)] -> xpath: //p//word], [[FirefoxDriver: firefox on LINUX (358f877c-4143-452f-ab4d-589327eb2715)] -> xpath: //p//word], [[FirefoxDriver: firefox on LINUX (358f877c-4143-452f-ab4d-589327eb2715)] -> xpath: //p//word], [[FirefoxDriver: firefox on LINUX (358f877c-4143-452f-ab4d-589327eb2715)] -> xpath: //p//word], [[FirefoxDriver: firefox on LINUX (358f877c-4143-452f-ab4d-589327eb2715)] -> xpath: //p//word], [[FirefoxDriver: firefox on LINUX (358f877c-4143-452f-ab4d-589327eb2715)] -> xpath: //p//word], [[FirefoxDriver: firefox on LINUX (358f877c-4143-452f-ab4d-589327eb2715)] -> xpath: //p//word], [[FirefoxDriver: firefox on LINUX (358f877c-4143-452f-ab4d-589327eb2715)] -> xpath: //p//word], [[FirefoxDriver: firefox on LINUX (358f877c-4143-452f-ab4d-589327eb2715)] -> xpath: //p//word], [[FirefoxDriver: firefox on LINUX (358f877c-4143-452f-ab4d-589327eb2715)] -> xpath: //p//word], [[FirefoxDriver: firefox on LINUX (358f877c-4143-452f-ab4d-589327eb2715)] -> xpath: //p//word], [[FirefoxDriver: firefox on LINUX (358f877c-4143-452f-ab4d-589327eb2715)] -> xpath: //p//word], [[FirefoxDriver: firefox on LINUX (358f877c-4143-452f-ab4d-589327eb2715)] -> xpath: //p//word], [[FirefoxDriver: firefox on LINUX (358f877c-4143-452f-ab4d-589327eb2715)] -> xpath: //p//word], [[FirefoxDriver: firefox on LINUX (358f877c-4143-452f-ab4d-589327eb2715)] -> xpath: //p//word], [[FirefoxDriver: firefox on LINUX (358f877c-4143-452f-ab4d-589327eb2715)] -> xpath: //p//word], [[FirefoxDriver: firefox on LINUX (358f877c-4143-452f-ab4d-589327eb2715)] -> xpath: //p//word], [[FirefoxDriver: firefox on LINUX (358f877c-4143-452f-ab4d-589327eb2715)] -> xpath: //p//word], [[FirefoxDriver: firefox on LINUX (358f877c-4143-452f-ab4d-589327eb2715)] -> xpath: //p//word], [[FirefoxDriver: firefox on LINUX (358f877c-4143-452f-ab4d-589327eb2715)] -> xpath: //p//word], [[FirefoxDriver: firefox on LINUX (358f877c-4143-452f-ab4d-589327eb2715)] -> xpath: //p//word], [[FirefoxDriver: firefox on LINUX (358f877c-4143-452f-ab4d-589327eb2715)] -> xpath: //p//word], [[FirefoxDriver: firefox on LINUX (358f877c-4143-452f-ab4d-589327eb2715)] -> xpath: //p//word], [[FirefoxDriver: firefox on LINUX (358f877c-4143-452f-ab4d-589327eb2715)] -> xpath: //p//word], [[FirefoxDriver: firefox on LINUX (358f877c-4143-452f-ab4d-589327eb2715)] -> xpath: //p//word], [[FirefoxDriver: firefox on LINUX (358f877c-4143-452f-ab4d-589327eb2715)] -> xpath: //p//word], [[FirefoxDriver: firefox on LINUX (358f877c-4143-452f-ab4d-589327eb2715)] -> xpath: //p//word], [[FirefoxDriver: firefox on LINUX (358f877c-4143-452f-ab4d-589327eb2715)] -> xpath: //p//word], [[FirefoxDriver: firefox on LINUX (358f877c-4143-452f-ab4d-589327eb2715)] -> xpath: //p//word], [[FirefoxDriver: firefox on LINUX (358f877c-4143-452f-ab4d-589327eb2715)] -> xpath: //p//word], [[FirefoxDriver: firefox on LINUX (358f877c-4143-452f-ab4d-589327eb2715)] -> xpath: //p//word], [[FirefoxDriver: firefox on LINUX (358f877c-4143-452f-ab4d-589327eb2715)] -> xpath: //p//word], [[FirefoxDriver: firefox on LINUX (358f877c-4143-452f-ab4d-589327eb2715)] -> xpath: //p//word], [[FirefoxDriver: firefox on LINUX (358f877c-4143-452f-ab4d-589327eb2715)] -> xpath: //p//word], [[FirefoxDriver: firefox on LINUX (358f877c-4143-452f-ab4d-589327eb2715)] -> xpath: //p//word], [[FirefoxDriver: firefox on LINUX (358f877c-4143-452f-ab4d-589327eb2715)] -> xpath: //p//word], [[FirefoxDriver: firefox on LINUX (358f877c-4143-452f-ab4d-589327eb2715)] -> xpath: //p//word], [[FirefoxDriver: firefox on LINUX (358f877c-4143-452f-ab4d-589327eb2715)] -> xpath: //p//word], [[FirefoxDriver: firefox on LINUX (358f877c-4143-452f-ab4d-589327eb2715)] -> xpath: //p//word], [[FirefoxDriver: firefox on LINUX (358f877c-4143-452f-ab4d-589327eb2715)] -> xpath: //p//word], [[FirefoxDriver: firefox on LINUX (358f877c-4143-452f-ab4d-589327eb2715)] -> xpath: //p//word], [[FirefoxDriver: firefox on LINUX (358f877c-4143-452f-ab4d-589327eb2715)] -> xpath: //p//word], [[FirefoxDriver: firefox on LINUX (358f877c-4143-452f-ab4d-589327eb2715)] -> xpath: //p//word], [[FirefoxDriver: firefox on LINUX (358f877c-4143-452f-ab4d-589327eb2715)] -> xpath: //p//word], [[FirefoxDriver: firefox on LINUX (358f877c-4143-452f-ab4d-589327eb2715)] -> xpath: //p//word], [[FirefoxDriver: firefox on LINUX (358f877c-4143-452f-ab4d-589327eb2715)] -> xpath: //p//word], [[FirefoxDriver: firefox on LINUX (358f877c-4143-452f-ab4d-589327eb2715)] -> xpath: //p//word], [[FirefoxDriver: firefox on LINUX (358f877c-4143-452f-ab4d-589327eb2715)] -> xpath: //p//word], [[FirefoxDriver: firefox on LINUX (358f877c-4143-452f-ab4d-589327eb2715)] -> xpath: //p//word], [[FirefoxDriver: firefox on LINUX (358f877c-4143-452f-ab4d-589327eb2715)] -> xpath: //p//word], [[FirefoxDriver: firefox on LINUX (358f877c-4143-452f-ab4d-589327eb2715)] -> xpath: //p//word], [[FirefoxDriver: firefox on LINUX (358f877c-4143-452f-ab4d-589327eb2715)] -> xpath: //p//word], [[FirefoxDriver: firefox on LINUX (358f877c-4143-452f-ab4d-589327eb2715)] -> xpath: //p//word], [[FirefoxDriver: firefox on LINUX (358f877c-4143-452f-ab4d-589327eb2715)] -> xpath: //p//word], [[FirefoxDriver: firefox on LINUX (358f877c-4143-452f-ab4d-589327eb2715)] -> xpath: //p//word], [[FirefoxDriver: firefox on LINUX (358f877c-4143-452f-ab4d-589327eb2715)] -> xpath: //p//word], [[FirefoxDriver: firefox on LINUX (358f877c-4143-452f-ab4d-589327eb2715)] -> xpath: //p//word], [[FirefoxDriver: firefox on LINUX (358f877c-4143-452f-ab4d-589327eb2715)] -> xpath: //p//word], [[FirefoxDriver: firefox on LINUX (358f877c-4143-452f-ab4d-589327eb2715)] -> xpath: //p//word], [[FirefoxDriver: firefox on LINUX (358f877c-4143-452f-ab4d-589327eb2715)] -> xpath: //p//word], [[FirefoxDriver: firefox on LINUX (358f877c-4143-452f-ab4d-589327eb2715)] -> xpath: //p//word], [[FirefoxDriver: firefox on LINUX (358f877c-4143-452f-ab4d-589327eb2715)] -> xpath: //p//word], [[FirefoxDriver: firefox on LINUX (358f877c-4143-452f-ab4d-589327eb2715)] -> xpath: //p//word], [[FirefoxDriver: firefox on LINUX (358f877c-4143-452f-ab4d-589327eb2715)] -> xpath: //p//word], [[FirefoxDriver: firefox on LINUX (358f877c-4143-452f-ab4d-589327eb2715)] -> xpath: //p//word], [[FirefoxDriver: firefox on LINUX (358f877c-4143-452f-ab4d-589327eb2715)] -> xpath: //p//word], [[FirefoxDriver: firefox on LINUX (358f877c-4143-452f-ab4d-589327eb2715)] -> xpath: //p//word], [[FirefoxDriver: firefox on LINUX (358f877c-4143-452f-ab4d-589327eb2715)] -> xpath: //p//word], [[FirefoxDriver: firefox on LINUX (358f877c-4143-452f-ab4d-589327eb2715)] -> xpath: //p//word], [[FirefoxDriver: firefox on LINUX (358f877c-4143-452f-ab4d-589327eb2715)] -> xpath: //p//word], [[FirefoxDriver: firefox on LINUX (358f877c-4143-452f-ab4d-589327eb2715)] -> xpath: //p//word], [[FirefoxDriver: firefox on LINUX (358f877c-4143-452f-ab4d-589327eb2715)] -> xpath: //p//word], [[FirefoxDriver: firefox on LINUX (358f877c-4143-452f-ab4d-589327eb2715)] -> xpath: //p//word], [[FirefoxDriver: firefox on LINUX (358f877c-4143-452f-ab4d-589327eb2715)] -> xpath: //p//word], [[FirefoxDriver: firefox on LINUX (358f877c-4143-452f-ab4d-589327eb2715)] -> xpath: //p//word], [[FirefoxDriver: firefox on LINUX (358f877c-4143-452f-ab4d-589327eb2715)] -> xpath: //p//word], [[FirefoxDriver: firefox on LINUX (358f877c-4143-452f-ab4d-589327eb2715)] -> xpath: //p//word], [[FirefoxDriver: firefox on LINUX (358f877c-4143-452f-ab4d-589327eb2715)] -> xpath: //p//word], [[FirefoxDriver: firefox on LINUX (358f877c-4143-452f-ab4d-589327eb2715)] -> xpath: //p//word], [[FirefoxDriver: firefox on LINUX (358f877c-4143-452f-ab4d-589327eb2715)] -> xpath: //p//word], [[FirefoxDriver: firefox on LINUX (358f877c-4143-452f-ab4d-589327eb2715)] -> xpath: //p//word], [[FirefoxDriver: firefox on LINUX (358f877c-4143-452f-ab4d-589327eb2715)] -> xpath: //p//word], [[FirefoxDriver: firefox on LINUX (358f877c-4143-452f-ab4d-589327eb2715)] -> xpath: //p//word], [[FirefoxDriver: firefox on LINUX (358f877c-4143-452f-ab4d-589327eb2715)] -> xpath: //p//word], [[FirefoxDriver: firefox on LINUX (358f877c-4143-452f-ab4d-589327eb2715)] -> xpath: //p//word], [[FirefoxDriver: firefox on LINUX (358f877c-4143-452f-ab4d-589327eb2715)] -> xpath: //p//word], [[FirefoxDriver: firefox on LINUX (358f877c-4143-452f-ab4d-589327eb2715)] -> xpath: //p//word], [[FirefoxDriver: firefox on LINUX (358f877c-4143-452f-ab4d-589327eb2715)] -> xpath: //p//word], [[FirefoxDriver: firefox on LINUX (358f877c-4143-452f-ab4d-589327eb2715)] -> xpath: //p//word], [[FirefoxDriver: firefox on LINUX (358f877c-4143-452f-ab4d-589327eb2715)] -> xpath: //p//word], [[FirefoxDriver: firefox on LINUX (358f877c-4143-452f-ab4d-589327eb2715)] -> xpath: //p//word], [[FirefoxDriver: firefox on LINUX (358f877c-4143-452f-ab4d-589327eb2715)] -> xpath: //p//word], [[FirefoxDriver: firefox on LINUX (358f877c-4143-452f-ab4d-589327eb2715)] -> xpath: //p//word], [[FirefoxDriver: firefox on LINUX (358f877c-4143-452f-ab4d-589327eb2715)] -> xpath: //p//word], [[FirefoxDriver: firefox on LINUX (358f877c-4143-452f-ab4d-589327eb2715)] -> xpath: //p//word], [[FirefoxDriver: firefox on LINUX (358f877c-4143-452f-ab4d-589327eb2715)] -> xpath: //p//word], [[FirefoxDriver: firefox on LINUX (358f877c-4143-452f-ab4d-589327eb2715)] -> xpath: //p//word], [[FirefoxDriver: firefox on LINUX (358f877c-4143-452f-ab4d-589327eb2715)] -> xpath: //p//word], [[FirefoxDriver: firefox on LINUX (358f877c-4143-452f-ab4d-589327eb2715)] -> xpath: //p//word], [[FirefoxDriver: firefox on LINUX (358f877c-4143-452f-ab4d-589327eb2715)] -> xpath: //p//word], [[FirefoxDriver: firefox on LINUX (358f877c-4143-452f-ab4d-589327eb2715)] -> xpath: //p//word], [[FirefoxDriver: firefox on LINUX (358f877c-4143-452f-ab4d-589327eb2715)] -> xpath: //p//word], [[FirefoxDriver: firefox on LINUX (358f877c-4143-452f-ab4d-589327eb2715)] -> xpath: //p//word], [[FirefoxDriver: firefox on LINUX (358f877c-4143-452f-ab4d-589327eb2715)] -> xpath: //p//word], [[FirefoxDriver: firefox on LINUX (358f877c-4143-452f-ab4d-589327eb2715)] -> xpath: //p//word], [[FirefoxDriver: firefox on LINUX (358f877c-4143-452f-ab4d-589327eb2715)] -> xpath: //p//word], [[FirefoxDriver: firefox on LINUX (358f877c-4143-452f-ab4d-589327eb2715)] -> xpath: //p//word], [[FirefoxDriver: firefox on LINUX (358f877c-4143-452f-ab4d-589327eb2715)] -> xpath: //p//word], [[FirefoxDriver: firefox on LINUX (358f877c-4143-452f-ab4d-589327eb2715)] -> xpath: //p//word], [[FirefoxDriver: firefox on LINUX (358f877c-4143-452f-ab4d-589327eb2715)] -> xpath: //p//word], [[FirefoxDriver: firefox on LINUX (358f877c-4143-452f-ab4d-589327eb2715)] -> xpath: //p//word], [[FirefoxDriver: firefox on LINUX (358f877c-4143-452f-ab4d-589327eb2715)] -> xpath: //p//word], [[FirefoxDriver: firefox on LINUX (358f877c-4143-452f-ab4d-589327eb2715)] -> xpath: //p//word], [[FirefoxDriver: firefox on LINUX (358f877c-4143-452f-ab4d-589327eb2715)] -> xpath: //p//word], [[FirefoxDriver: firefox on LINUX (358f877c-4143-452f-ab4d-589327eb2715)] -> xpath: //p//word], [[FirefoxDriver: firefox on LINUX (358f877c-4143-452f-ab4d-589327eb2715)] -> xpath: //p//word], [[FirefoxDriver: firefox on LINUX (358f877c-4143-452f-ab4d-589327eb2715)] -> xpath: //p//word], [[FirefoxDriver: firefox on LINUX (358f877c-4143-452f-ab4d-589327eb2715)] -> xpath: //p//word], [[FirefoxDriver: firefox on LINUX (358f877c-4143-452f-ab4d-589327eb2715)] -> xpath: //p//word], [[FirefoxDriver: firefox on LINUX (358f877c-4143-452f-ab4d-589327eb2715)] -> xpath: //p//word], [[FirefoxDriver: firefox on LINUX (358f877c-4143-452f-ab4d-589327eb2715)] -> xpath: //p//word], [[FirefoxDriver: firefox on LINUX (358f877c-4143-452f-ab4d-589327eb2715)] -> xpath: //p//word], [[FirefoxDriver: firefox on LINUX (358f877c-4143-452f-ab4d-589327eb2715)] -> xpath: //p//word], [[FirefoxDriver: firefox on LINUX (358f877c-4143-452f-ab4d-589327eb2715)] -> xpath: //p//word], [[FirefoxDriver: firefox on LINUX (358f877c-4143-452f-ab4d-589327eb2715)] -> xpath: //p//word], [[FirefoxDriver: firefox on LINUX (358f877c-4143-452f-ab4d-589327eb2715)] -> xpath: //p//word], [[FirefoxDriver: firefox on LINUX (358f877c-4143-452f-ab4d-589327eb2715)] -> xpath: //p//word], [[FirefoxDriver: firefox on LINUX (358f877c-4143-452f-ab4d-589327eb2715)] -> xpath: //p//word], [[FirefoxDriver: firefox on LINUX (358f877c-4143-452f-ab4d-589327eb2715)] -> xpath: //p//word], [[FirefoxDriver: firefox on LINUX (358f877c-4143-452f-ab4d-589327eb2715)] -> xpath: //p//word], [[FirefoxDriver: firefox on LINUX (358f877c-4143-452f-ab4d-589327eb2715)] -> xpath: //p//word], [[FirefoxDriver: firefox on LINUX (358f877c-4143-452f-ab4d-589327eb2715)] -> xpath: //p//word], [[FirefoxDriver: firefox on LINUX (358f877c-4143-452f-ab4d-589327eb2715)] -> xpath: //p//word], [[FirefoxDriver: firefox on LINUX (358f877c-4143-452f-ab4d-589327eb2715)] -> xpath: //p//word], [[FirefoxDriver: firefox on LINUX (358f877c-4143-452f-ab4d-589327eb2715)] -> xpath: //p//word], [[FirefoxDriver: firefox on LINUX (358f877c-4143-452f-ab4d-589327eb2715)] -> xpath: //p//word], [[FirefoxDriver: firefox on LINUX (358f877c-4143-452f-ab4d-589327eb2715)] -> xpath: //p//word], [[FirefoxDriver: firefox on LINUX (358f877c-4143-452f-ab4d-589327eb2715)] -> xpath: //p//word], [[FirefoxDriver: firefox on LINUX (358f877c-4143-452f-ab4d-589327eb2715)] -> xpath: //p//word], [[FirefoxDriver: firefox on LINUX (358f877c-4143-452f-ab4d-589327eb2715)] -> xpath: //p//word], [[FirefoxDriver: firefox on LINUX (358f877c-4143-452f-ab4d-589327eb2715)] -> xpath: //p//word], [[FirefoxDriver: firefox on LINUX (358f877c-4143-452f-ab4d-589327eb2715)] -> xpath: //p//word], [[FirefoxDriver: firefox on LINUX (358f877c-4143-452f-ab4d-589327eb2715)] -> xpath: //p//word], [[FirefoxDriver: firefox on LINUX (358f877c-4143-452f-ab4d-589327eb2715)] -> xpath: //p//word], [[FirefoxDriver: firefox on LINUX (358f877c-4143-452f-ab4d-589327eb2715)] -> xpath: //p//word], [[FirefoxDriver: firefox on LINUX (358f877c-4143-452f-ab4d-589327eb2715)] -> xpath: //p//word], [[FirefoxDriver: firefox on LINUX (358f877c-4143-452f-ab4d-589327eb2715)] -> xpath: //p//word], [[FirefoxDriver: firefox on LINUX (358f877c-4143-452f-ab4d-589327eb2715)] -> xpath: //p//word], [[FirefoxDriver: firefox on LINUX (358f877c-4143-452f-ab4d-589327eb2715)] -> xpath: //p//word], [[FirefoxDriver: firefox on LINUX (358f877c-4143-452f-ab4d-589327eb2715)] -> xpath: //p//word], [[FirefoxDriver: firefox on LINUX (358f877c-4143-452f-ab4d-589327eb2715)] -> xpath: //p//word], [[FirefoxDriver: firefox on LINUX (358f877c-4143-452f-ab4d-589327eb2715)] -> xpath: //p//word], [[FirefoxDriver: firefox on LINUX (358f877c-4143-452f-ab4d-589327eb2715)] -> xpath: //p//word], [[FirefoxDriver: firefox on LINUX (358f877c-4143-452f-ab4d-589327eb2715)] -> xpath: //p//word], [[FirefoxDriver: firefox on LINUX (358f877c-4143-452f-ab4d-589327eb2715)] -> xpath: //p//word], [[FirefoxDriver: firefox on LINUX (358f877c-4143-452f-ab4d-589327eb2715)] -> xpath: //p//word], [[FirefoxDriver: firefox on LINUX (358f877c-4143-452f-ab4d-589327eb2715)] -> xpath: //p//word], [[FirefoxDriver: firefox on LINUX (358f877c-4143-452f-ab4d-589327eb2715)] -> xpath: //p//word], [[FirefoxDriver: firefox on LINUX (358f877c-4143-452f-ab4d-589327eb2715)] -> xpath: //p//word], [[FirefoxDriver: firefox on LINUX (358f877c-4143-452f-ab4d-589327eb2715)] -> xpath: //p//word], [[FirefoxDriver: firefox on LINUX (358f877c-4143-452f-ab4d-589327eb2715)] -> xpath: //p//word], [[FirefoxDriver: firefox on LINUX (358f877c-4143-452f-ab4d-589327eb2715)] -> xpath: //p//word], [[FirefoxDriver: firefox on LINUX (358f877c-4143-452f-ab4d-589327eb2715)] -> xpath: //p//word], [[FirefoxDriver: firefox on LINUX (358f877c-4143-452f-ab4d-589327eb2715)] -> xpath: //p//word], [[FirefoxDriver: firefox on LINUX (358f877c-4143-452f-ab4d-589327eb2715)] -> xpath: //p//word], [[FirefoxDriver: firefox on LINUX (358f877c-4143-452f-ab4d-589327eb2715)] -> xpath: //p//word], [[FirefoxDriver: firefox on LINUX (358f877c-4143-452f-ab4d-589327eb2715)] -> xpath: //p//word], [[FirefoxDriver: firefox on LINUX (358f877c-4143-452f-ab4d-589327eb2715)] -> xpath: //p//word], [[FirefoxDriver: firefox on LINUX (358f877c-4143-452f-ab4d-589327eb2715)] -> xpath: //p//word], [[FirefoxDriver: firefox on LINUX (358f877c-4143-452f-ab4d-589327eb2715)] -> xpath: //p//word], [[FirefoxDriver: firefox on LINUX (358f877c-4143-452f-ab4d-589327eb2715)] -> xpath: //p//word], [[FirefoxDriver: firefox on LINUX (358f877c-4143-452f-ab4d-589327eb2715)] -> xpath: //p//word], [[FirefoxDriver: firefox on LINUX (358f877c-4143-452f-ab4d-589327eb2715)] -> xpath: //p//word], [[FirefoxDriver: firefox on LINUX (358f877c-4143-452f-ab4d-589327eb2715)] -> xpath: //p//word], [[FirefoxDriver: firefox on LINUX (358f877c-4143-452f-ab4d-589327eb2715)] -> xpath: //p//word], [[FirefoxDriver: firefox on LINUX (358f877c-4143-452f-ab4d-589327eb2715)] -> xpath: //p//word], [[FirefoxDriver: firefox on LINUX (358f877c-4143-452f-ab4d-589327eb2715)] -> xpath: //p//word], [[FirefoxDriver: firefox on LINUX (358f877c-4143-452f-ab4d-589327eb2715)] -> xpath: //p//word], [[FirefoxDriver: firefox on LINUX (358f877c-4143-452f-ab4d-589327eb2715)] -> xpath: //p//word], [[FirefoxDriver: firefox on LINUX (358f877c-4143-452f-ab4d-589327eb2715)] -> xpath: //p//word], [[FirefoxDriver: firefox on LINUX (358f877c-4143-452f-ab4d-589327eb2715)] -> xpath: //p//word], [[FirefoxDriver: firefox on LINUX (358f877c-4143-452f-ab4d-589327eb2715)] -> xpath: //p//word], [[FirefoxDriver: firefox on LINUX (358f877c-4143-452f-ab4d-589327eb2715)] -> xpath: //p//word], [[FirefoxDriver: firefox on LINUX (358f877c-4143-452f-ab4d-589327eb2715)] -> xpath: //p//word], [[FirefoxDriver: firefox on LINUX (358f877c-4143-452f-ab4d-589327eb2715)] -> xpath: //p//word], [[FirefoxDriver: firefox on LINUX (358f877c-4143-452f-ab4d-589327eb2715)] -> xpath: //p//word], [[FirefoxDriver: firefox on LINUX (358f877c-4143-452f-ab4d-589327eb2715)] -> xpath: //p//word], [[FirefoxDriver: firefox on LINUX (358f877c-4143-452f-ab4d-589327eb2715)] -> xpath: //p//word], [[FirefoxDriver: firefox on LINUX (358f877c-4143-452f-ab4d-589327eb2715)] -> xpath: //p//word], [[FirefoxDriver: firefox on LINUX (358f877c-4143-452f-ab4d-589327eb2715)] -> xpath: //p//word], [[FirefoxDriver: firefox on LINUX (358f877c-4143-452f-ab4d-589327eb2715)] -> xpath: //p//word], [[FirefoxDriver: firefox on LINUX (358f877c-4143-452f-ab4d-589327eb2715)] -> xpath: //p//word], [[FirefoxDriver: firefox on LINUX (358f877c-4143-452f-ab4d-589327eb2715)] -> xpath: //p//word], [[FirefoxDriver: firefox on LINUX (358f877c-4143-452f-ab4d-589327eb2715)] -> xpath: //p//word], [[FirefoxDriver: firefox on LINUX (358f877c-4143-452f-ab4d-589327eb2715)] -> xpath: //p//word], [[FirefoxDriver: firefox on LINUX (358f877c-4143-452f-ab4d-589327eb2715)] -> xpath: //p//word], [[FirefoxDriver: firefox on LINUX (358f877c-4143-452f-ab4d-589327eb2715)] -> xpath: //p//word], [[FirefoxDriver: firefox on LINUX (358f877c-4143-452f-ab4d-589327eb2715)] -> xpath: //p//word], [[FirefoxDriver: firefox on LINUX (358f877c-4143-452f-ab4d-589327eb2715)] -> xpath: //p//word], [[FirefoxDriver: firefox on LINUX (358f877c-4143-452f-ab4d-589327eb2715)] -> xpath: //p//word], [[FirefoxDriver: firefox on LINUX (358f877c-4143-452f-ab4d-589327eb2715)] -> xpath: //p//word], [[FirefoxDriver: firefox on LINUX (358f877c-4143-452f-ab4d-589327eb2715)] -> xpath: //p//word], [[FirefoxDriver: firefox on LINUX (358f877c-4143-452f-ab4d-589327eb2715)] -> xpath: //p//word], [[FirefoxDriver: firefox on LINUX (358f877c-4143-452f-ab4d-589327eb2715)] -> xpath: //p//word], [[FirefoxDriver: firefox on LINUX (358f877c-4143-452f-ab4d-589327eb2715)] -> xpath: //p//word], [[FirefoxDriver: firefox on LINUX (358f877c-4143-452f-ab4d-589327eb2715)] -> xpath: //p//word], [[FirefoxDriver: firefox on LINUX (358f877c-4143-452f-ab4d-589327eb2715)] -> xpath: //p//word], [[FirefoxDriver: firefox on LINUX (358f877c-4143-452f-ab4d-589327eb2715)] -> xpath: //p//word], [[FirefoxDriver: firefox on LINUX (358f877c-4143-452f-ab4d-589327eb2715)] -> xpath: //p//word], [[FirefoxDriver: firefox on LINUX (358f877c-4143-452f-ab4d-589327eb2715)] -> xpath: //p//word], [[FirefoxDriver: firefox on LINUX (358f877c-4143-452f-ab4d-589327eb2715)] -> xpath: //p//word], [[FirefoxDriver: firefox on LINUX (358f877c-4143-452f-ab4d-589327eb2715)] -> xpath: //p//word], [[FirefoxDriver: firefox on LINUX (358f877c-4143-452f-ab4d-589327eb2715)] -> xpath: //p//word], [[FirefoxDriver: firefox on LINUX (358f877c-4143-452f-ab4d-589327eb2715)] -> xpath: //p//word], [[FirefoxDriver: firefox on LINUX (358f877c-4143-452f-ab4d-589327eb2715)] -> xpath: //p//word], [[FirefoxDriver: firefox on LINUX (358f877c-4143-452f-ab4d-589327eb2715)] -> xpath: //p//word], [[FirefoxDriver: firefox on LINUX (358f877c-4143-452f-ab4d-589327eb2715)] -> xpath: //p//word], [[FirefoxDriver: firefox on LINUX (358f877c-4143-452f-ab4d-589327eb2715)] -> xpath: //p//word], [[FirefoxDriver: firefox on LINUX (358f877c-4143-452f-ab4d-589327eb2715)] -> xpath: //p//word], [[FirefoxDriver: firefox on LINUX (358f877c-4143-452f-ab4d-589327eb2715)] -> xpath: //p//word], [[FirefoxDriver: firefox on LINUX (358f877c-4143-452f-ab4d-589327eb2715)] -> xpath: //p//word], [[FirefoxDriver: firefox on LINUX (358f877c-4143-452f-ab4d-589327eb2715)] -> xpath: //p//word], [[FirefoxDriver: firefox on LINUX (358f877c-4143-452f-ab4d-589327eb2715)] -> xpath: //p//word], [[FirefoxDriver: firefox on LINUX (358f877c-4143-452f-ab4d-589327eb2715)] -> xpath: //p//word], [[FirefoxDriver: firefox on LINUX (358f877c-4143-452f-ab4d-589327eb2715)] -> xpath: //p//word], [[FirefoxDriver: firefox on LINUX (358f877c-4143-452f-ab4d-589327eb2715)] -> xpath: //p//word], [[FirefoxDriver: firefox on LINUX (358f877c-4143-452f-ab4d-589327eb2715)] -> xpath: //p//word], [[FirefoxDriver: firefox on LINUX (358f877c-4143-452f-ab4d-589327eb2715)] -> xpath: //p//word], [[FirefoxDriver: firefox on LINUX (358f877c-4143-452f-ab4d-589327eb2715)] -> xpath: //p//word], [[FirefoxDriver: firefox on LINUX (358f877c-4143-452f-ab4d-589327eb2715)] -> xpath: //p//word], [[FirefoxDriver: firefox on LINUX (358f877c-4143-452f-ab4d-589327eb2715)] -> xpath: //p//word], [[FirefoxDriver: firefox on LINUX (358f877c-4143-452f-ab4d-589327eb2715)] -> xpath: //p//word], [[FirefoxDriver: firefox on LINUX (358f877c-4143-452f-ab4d-589327eb2715)] -> xpath: //p//word], [[FirefoxDriver: firefox on LINUX (358f877c-4143-452f-ab4d-589327eb2715)] -> xpath: //p//word], [[FirefoxDriver: firefox on LINUX (358f877c-4143-452f-ab4d-589327eb2715)] -> xpath: //p//word], [[FirefoxDriver: firefox on LINUX (358f877c-4143-452f-ab4d-589327eb2715)] -> xpath: //p//word], [[FirefoxDriver: firefox on LINUX (358f877c-4143-452f-ab4d-589327eb2715)] -> xpath: //p//word], [[FirefoxDriver: firefox on LINUX (358f877c-4143-452f-ab4d-589327eb2715)] -> xpath: //p//word], [[FirefoxDriver: firefox on LINUX (358f877c-4143-452f-ab4d-589327eb2715)] -> xpath: //p//word], [[FirefoxDriver: firefox on LINUX (358f877c-4143-452f-ab4d-589327eb2715)] -> xpath: //p//word], [[FirefoxDriver: firefox on LINUX (358f877c-4143-452f-ab4d-589327eb2715)] -> xpath: //p//word], [[FirefoxDriver: firefox on LINUX (358f877c-4143-452f-ab4d-589327eb2715)] -> xpath: //p//word], [[FirefoxDriver: firefox on LINUX (358f877c-4143-452f-ab4d-589327eb2715)] -> xpath: //p//word], [[FirefoxDriver: firefox on LINUX (358f877c-4143-452f-ab4d-589327eb2715)] -> xpath: //p//word], [[FirefoxDriver: firefox on LINUX (358f877c-4143-452f-ab4d-589327eb2715)] -> xpath: //p//word], [[FirefoxDriver: firefox on LINUX (358f877c-4143-452f-ab4d-589327eb2715)] -> xpath: //p//word], [[FirefoxDriver: firefox on LINUX (358f877c-4143-452f-ab4d-589327eb2715)] -> xpath: //p//word], [[FirefoxDriver: firefox on LINUX (358f877c-4143-452f-ab4d-589327eb2715)] -> xpath: //p//word], [[FirefoxDriver: firefox on LINUX (358f877c-4143-452f-ab4d-589327eb2715)] -> xpath: //p//word], [[FirefoxDriver: firefox on LINUX (358f877c-4143-452f-ab4d-589327eb2715)] -> xpath: //p//word], [[FirefoxDriver: firefox on LINUX (358f877c-4143-452f-ab4d-589327eb2715)] -> xpath: //p//word], [[FirefoxDriver: firefox on LINUX (358f877c-4143-452f-ab4d-589327eb2715)] -> xpath: //p//word], [[FirefoxDriver: firefox on LINUX (358f877c-4143-452f-ab4d-589327eb2715)] -> xpath: //p//word], [[FirefoxDriver: firefox on LINUX (358f877c-4143-452f-ab4d-589327eb2715)] -> xpath: //p//word], [[FirefoxDriver: firefox on LINUX (358f877c-4143-452f-ab4d-589327eb2715)] -> xpath: //p//word], [[FirefoxDriver: firefox on LINUX (358f877c-4143-452f-ab4d-589327eb2715)] -> xpath: //p//word], [[FirefoxDriver: firefox on LINUX (358f877c-4143-452f-ab4d-589327eb2715)] -> xpath: //p//word], [[FirefoxDriver: firefox on LINUX (358f877c-4143-452f-ab4d-589327eb2715)] -> xpath: //p//word], [[FirefoxDriver: firefox on LINUX (358f877c-4143-452f-ab4d-589327eb2715)] -> xpath: //p//word], [[FirefoxDriver: firefox on LINUX (358f877c-4143-452f-ab4d-589327eb2715)] -> xpath: //p//word], [[FirefoxDriver: firefox on LINUX (358f877c-4143-452f-ab4d-589327eb2715)] -> xpath: //p//word], [[FirefoxDriver: firefox on LINUX (358f877c-4143-452f-ab4d-589327eb2715)] -> xpath: //p//word], [[FirefoxDriver: firefox on LINUX (358f877c-4143-452f-ab4d-589327eb2715)] -> xpath: //p//word], [[FirefoxDriver: firefox on LINUX (358f877c-4143-452f-ab4d-589327eb2715)] -> xpath: //p//word], [[FirefoxDriver: firefox on LINUX (358f877c-4143-452f-ab4d-589327eb2715)] -> xpath: //p//word], [[FirefoxDriver: firefox on LINUX (358f877c-4143-452f-ab4d-589327eb2715)] -> xpath: //p//word], [[FirefoxDriver: firefox on LINUX (358f877c-4143-452f-ab4d-589327eb2715)] -> xpath: //p//word], [[FirefoxDriver: firefox on LINUX (358f877c-4143-452f-ab4d-589327eb2715)] -> xpath: //p//word], [[FirefoxDriver: firefox on LINUX (358f877c-4143-452f-ab4d-589327eb2715)] -> xpath: //p//word], [[FirefoxDriver: firefox on LINUX (358f877c-4143-452f-ab4d-589327eb2715)] -> xpath: //p//word], [[FirefoxDriver: firefox on LINUX (358f877c-4143-452f-ab4d-589327eb2715)] -> xpath: //p//word], [[FirefoxDriver: firefox on LINUX (358f877c-4143-452f-ab4d-589327eb2715)] -> xpath: //p//word], [[FirefoxDriver: firefox on LINUX (358f877c-4143-452f-ab4d-589327eb2715)] -> xpath: //p//word], [[FirefoxDriver: firefox on LINUX (358f877c-4143-452f-ab4d-589327eb2715)] -> xpath: //p//word], [[FirefoxDriver: firefox on LINUX (358f877c-4143-452f-ab4d-589327eb2715)] -> xpath: //p//word], [[FirefoxDriver: firefox on LINUX (358f877c-4143-452f-ab4d-589327eb2715)] -> xpath: //p//word], [[FirefoxDriver: firefox on LINUX (358f877c-4143-452f-ab4d-589327eb2715)] -> xpath: //p//word], [[FirefoxDriver: firefox on LINUX (358f877c-4143-452f-ab4d-589327eb2715)] -> xpath: //p//word], [[FirefoxDriver: firefox on LINUX (358f877c-4143-452f-ab4d-589327eb2715)] -> xpath: //p//word], [[FirefoxDriver: firefox on LINUX (358f877c-4143-452f-ab4d-589327eb2715)] -> xpath: //p//word], [[FirefoxDriver: firefox on LINUX (358f877c-4143-452f-ab4d-589327eb2715)] -> xpath: //p//word], [[FirefoxDriver: firefox on LINUX (358f877c-4143-452f-ab4d-589327eb2715)] -> xpath: //p//word], [[FirefoxDriver: firefox on LINUX (358f877c-4143-452f-ab4d-589327eb2715)] -> xpath: //p//word], [[FirefoxDriver: firefox on LINUX (358f877c-4143-452f-ab4d-589327eb2715)] -> xpath: //p//word], [[FirefoxDriver: firefox on LINUX (358f877c-4143-452f-ab4d-589327eb2715)] -> xpath: //p//word], [[FirefoxDriver: firefox on LINUX (358f877c-4143-452f-ab4d-589327eb2715)] -> xpath: //p//word], [[FirefoxDriver: firefox on LINUX (358f877c-4143-452f-ab4d-589327eb2715)] -> xpath: //p//word], [[FirefoxDriver: firefox on LINUX (358f877c-4143-452f-ab4d-589327eb2715)] -> xpath: //p//word], [[FirefoxDriver: firefox on LINUX (358f877c-4143-452f-ab4d-589327eb2715)] -> xpath: //p//word], [[FirefoxDriver: firefox on LINUX (358f877c-4143-452f-ab4d-589327eb2715)] -> xpath: //p//word], [[FirefoxDriver: firefox on LINUX (358f877c-4143-452f-ab4d-589327eb2715)] -> xpath: //p//word], [[FirefoxDriver: firefox on LINUX (358f877c-4143-452f-ab4d-589327eb2715)] -> xpath: //p//word], [[FirefoxDriver: firefox on LINUX (358f877c-4143-452f-ab4d-589327eb2715)] -> xpath: //p//word], [[FirefoxDriver: firefox on LINUX (358f877c-4143-452f-ab4d-589327eb2715)] -> xpath: //p//word], [[FirefoxDriver: firefox on LINUX (358f877c-4143-452f-ab4d-589327eb2715)] -> xpath: //p//word], [[FirefoxDriver: firefox on LINUX (358f877c-4143-452f-ab4d-589327eb2715)] -> xpath: //p//word], [[FirefoxDriver: firefox on LINUX (358f877c-4143-452f-ab4d-589327eb2715)] -> xpath: //p//word], [[FirefoxDriver: firefox on LINUX (358f877c-4143-452f-ab4d-589327eb2715)] -> xpath: //p//word], [[FirefoxDriver: firefox on LINUX (358f877c-4143-452f-ab4d-589327eb2715)] -> xpath: //p//word], [[FirefoxDriver: firefox on LINUX (358f877c-4143-452f-ab4d-589327eb2715)] -> xpath: //p//word], [[FirefoxDriver: firefox on LINUX (358f877c-4143-452f-ab4d-589327eb2715)] -> xpath: //p//word], [[FirefoxDriver: firefox on LINUX (358f877c-4143-452f-ab4d-589327eb2715)] -> xpath: //p//word], [[FirefoxDriver: firefox on LINUX (358f877c-4143-452f-ab4d-589327eb2715)] -> xpath: //p//word], [[FirefoxDriver: firefox on LINUX (358f877c-4143-452f-ab4d-589327eb2715)] -> xpath: //p//word], [[FirefoxDriver: firefox on LINUX (358f877c-4143-452f-ab4d-589327eb2715)] -> xpath: //p//word], [[FirefoxDriver: firefox on LINUX (358f877c-4143-452f-ab4d-589327eb2715)] -> xpath: //p//word], [[FirefoxDriver: firefox on LINUX (358f877c-4143-452f-ab4d-589327eb2715)] -> xpath: //p//word], [[FirefoxDriver: firefox on LINUX (358f877c-4143-452f-ab4d-589327eb2715)] -> xpath: //p//word], [[FirefoxDriver: firefox on LINUX (358f877c-4143-452f-ab4d-589327eb2715)] -> xpath: //p//word], [[FirefoxDriver: firefox on LINUX (358f877c-4143-452f-ab4d-589327eb2715)] -> xpath: //p//word], [[FirefoxDriver: firefox on LINUX (358f877c-4143-452f-ab4d-589327eb2715)] -> xpath: //p//word], [[FirefoxDriver: firefox on LINUX (358f877c-4143-452f-ab4d-589327eb2715)] -> xpath: //p//word], [[FirefoxDriver: firefox on LINUX (358f877c-4143-452f-ab4d-589327eb2715)] -> xpath: //p//word], [[FirefoxDriver: firefox on LINUX (358f877c-4143-452f-ab4d-589327eb2715)] -> xpath: //p//word], [[FirefoxDriver: firefox on LINUX (358f877c-4143-452f-ab4d-589327eb2715)] -> xpath: //p//word], [[FirefoxDriver: firefox on LINUX (358f877c-4143-452f-ab4d-589327eb2715)] -> xpath: //p//word], [[FirefoxDriver: firefox on LINUX (358f877c-4143-452f-ab4d-589327eb2715)] -> xpath: //p//word], [[FirefoxDriver: firefox on LINUX (358f877c-4143-452f-ab4d-589327eb2715)] -> xpath: //p//word], [[FirefoxDriver: firefox on LINUX (358f877c-4143-452f-ab4d-589327eb2715)] -> xpath: //p//word], [[FirefoxDriver: firefox on LINUX (358f877c-4143-452f-ab4d-589327eb2715)] -> xpath: //p//word], [[FirefoxDriver: firefox on LINUX (358f877c-4143-452f-ab4d-589327eb2715)] -> xpath: //p//word], [[FirefoxDriver: firefox on LINUX (358f877c-4143-452f-ab4d-589327eb2715)] -> xpath: //p//word], [[FirefoxDriver: firefox on LINUX (358f877c-4143-452f-ab4d-589327eb2715)] -> xpath: //p//word], [[FirefoxDriver: firefox on LINUX (358f877c-4143-452f-ab4d-589327eb2715)] -> xpath: //p//word], [[FirefoxDriver: firefox on LINUX (358f877c-4143-452f-ab4d-589327eb2715)] -> xpath: //p//word], [[FirefoxDriver: firefox on LINUX (358f877c-4143-452f-ab4d-589327eb2715)] -> xpath: //p//word], [[FirefoxDriver: firefox on LINUX (358f877c-4143-452f-ab4d-589327eb2715)] -> xpath: //p//word], [[FirefoxDriver: firefox on LINUX (358f877c-4143-452f-ab4d-589327eb2715)] -> xpath: //p//word], [[FirefoxDriver: firefox on LINUX (358f877c-4143-452f-ab4d-589327eb2715)] -> xpath: //p//word], [[FirefoxDriver: firefox on LINUX (358f877c-4143-452f-ab4d-589327eb2715)] -> xpath: //p//word], [[FirefoxDriver: firefox on LINUX (358f877c-4143-452f-ab4d-589327eb2715)] -> xpath: //p//word], [[FirefoxDriver: firefox on LINUX (358f877c-4143-452f-ab4d-589327eb2715)] -> xpath: //p//word], [[FirefoxDriver: firefox on LINUX (358f877c-4143-452f-ab4d-589327eb2715)] -> xpath: //p//word], [[FirefoxDriver: firefox on LINUX (358f877c-4143-452f-ab4d-589327eb2715)] -> xpath: //p//word], [[FirefoxDriver: firefox on LINUX (358f877c-4143-452f-ab4d-589327eb2715)] -> xpath: //p//word], [[FirefoxDriver: firefox on LINUX (358f877c-4143-452f-ab4d-589327eb2715)] -> xpath: //p//word], [[FirefoxDriver: firefox on LINUX (358f877c-4143-452f-ab4d-589327eb2715)] -> xpath: //p//word], [[FirefoxDriver: firefox on LINUX (358f877c-4143-452f-ab4d-589327eb2715)] -> xpath: //p//word], [[FirefoxDriver: firefox on LINUX (358f877c-4143-452f-ab4d-589327eb2715)] -> xpath: //p//word], [[FirefoxDriver: firefox on LINUX (358f877c-4143-452f-ab4d-589327eb2715)] -> xpath: //p//word], [[FirefoxDriver: firefox on LINUX (358f877c-4143-452f-ab4d-589327eb2715)] -> xpath: //p//word], [[FirefoxDriver: firefox on LINUX (358f877c-4143-452f-ab4d-589327eb2715)] -> xpath: //p//word], [[FirefoxDriver: firefox on LINUX (358f877c-4143-452f-ab4d-589327eb2715)] -> xpath: //p//word], [[FirefoxDriver: firefox on LINUX (358f877c-4143-452f-ab4d-589327eb2715)] -> xpath: //p//word], [[FirefoxDriver: firefox on LINUX (358f877c-4143-452f-ab4d-589327eb2715)] -> xpath: //p//word], [[FirefoxDriver: firefox on LINUX (358f877c-4143-452f-ab4d-589327eb2715)] -> xpath: //p//word], [[FirefoxDriver: firefox on LINUX (358f877c-4143-452f-ab4d-589327eb2715)] -> xpath: //p//word], [[FirefoxDriver: firefox on LINUX (358f877c-4143-452f-ab4d-589327eb2715)] -> xpath: //p//word], [[FirefoxDriver: firefox on LINUX (358f877c-4143-452f-ab4d-589327eb2715)] -> xpath: //p//word], [[FirefoxDriver: firefox on LINUX (358f877c-4143-452f-ab4d-589327eb2715)] -> xpath: //p//word], [[FirefoxDriver: firefox on LINUX (358f877c-4143-452f-ab4d-589327eb2715)] -> xpath: //p//word], [[FirefoxDriver: firefox on LINUX (358f877c-4143-452f-ab4d-589327eb2715)] -> xpath: //p//word], [[FirefoxDriver: firefox on LINUX (358f877c-4143-452f-ab4d-589327eb2715)] -> xpath: //p//word], [[FirefoxDriver: firefox on LINUX (358f877c-4143-452f-ab4d-589327eb2715)] -> xpath: //p//word], [[FirefoxDriver: firefox on LINUX (358f877c-4143-452f-ab4d-589327eb2715)] -> xpath: //p//word], [[FirefoxDriver: firefox on LINUX (358f877c-4143-452f-ab4d-589327eb2715)] -> xpath: //p//word], [[FirefoxDriver: firefox on LINUX (358f877c-4143-452f-ab4d-589327eb2715)] -> xpath: //p//word], [[FirefoxDriver: firefox on LINUX (358f877c-4143-452f-ab4d-589327eb2715)] -> xpath: //p//word], [[FirefoxDriver: firefox on LINUX (358f877c-4143-452f-ab4d-589327eb2715)] -> xpath: //p//word], [[FirefoxDriver: firefox on LINUX (358f877c-4143-452f-ab4d-589327eb2715)] -> xpath: //p//word], [[FirefoxDriver: firefox on LINUX (358f877c-4143-452f-ab4d-589327eb2715)] -> xpath: //p//word], [[FirefoxDriver: firefox on LINUX (358f877c-4143-452f-ab4d-589327eb2715)] -> xpath: //p//word], [[FirefoxDriver: firefox on LINUX (358f877c-4143-452f-ab4d-589327eb2715)] -> xpath: //p//word], [[FirefoxDriver: firefox on LINUX (358f877c-4143-452f-ab4d-589327eb2715)] -> xpath: //p//word], [[FirefoxDriver: firefox on LINUX (358f877c-4143-452f-ab4d-589327eb2715)] -> xpath: //p//word], [[FirefoxDriver: firefox on LINUX (358f877c-4143-452f-ab4d-589327eb2715)] -> xpath: //p//word], [[FirefoxDriver: firefox on LINUX (358f877c-4143-452f-ab4d-589327eb2715)] -> xpath: //p//word], [[FirefoxDriver: firefox on LINUX (358f877c-4143-452f-ab4d-589327eb2715)] -> xpath: //p//word], [[FirefoxDriver: firefox on LINUX (358f877c-4143-452f-ab4d-589327eb2715)] -> xpath: //p//word], [[FirefoxDriver: firefox on LINUX (358f877c-4143-452f-ab4d-589327eb2715)] -> xpath: //p//word], [[FirefoxDriver: firefox on LINUX (358f877c-4143-452f-ab4d-589327eb2715)] -> xpath: //p//word], [[FirefoxDriver: firefox on LINUX (358f877c-4143-452f-ab4d-589327eb2715)] -> xpath: //p//word], [[FirefoxDriver: firefox on LINUX (358f877c-4143-452f-ab4d-589327eb2715)] -> xpath: //p//word], [[FirefoxDriver: firefox on LINUX (358f877c-4143-452f-ab4d-589327eb2715)] -> xpath: //p//word], [[FirefoxDriver: firefox on LINUX (358f877c-4143-452f-ab4d-589327eb2715)] -> xpath: //p//word], [[FirefoxDriver: firefox on LINUX (358f877c-4143-452f-ab4d-589327eb2715)] -> xpath: //p//word], [[FirefoxDriver: firefox on LINUX (358f877c-4143-452f-ab4d-589327eb2715)] -> xpath: //p//word], [[FirefoxDriver: firefox on LINUX (358f877c-4143-452f-ab4d-589327eb2715)] -> xpath: //p//word], [[FirefoxDriver: firefox on LINUX (358f877c-4143-452f-ab4d-589327eb2715)] -> xpath: //p//word], [[FirefoxDriver: firefox on LINUX (358f877c-4143-452f-ab4d-589327eb2715)] -> xpath: //p//word], [[FirefoxDriver: firefox on LINUX (358f877c-4143-452f-ab4d-589327eb2715)] -> xpath: //p//word], [[FirefoxDriver: firefox on LINUX (358f877c-4143-452f-ab4d-589327eb2715)] -> xpath: //p//word], [[FirefoxDriver: firefox on LINUX (358f877c-4143-452f-ab4d-589327eb2715)] -> xpath: //p//word], [[FirefoxDriver: firefox on LINUX (358f877c-4143-452f-ab4d-589327eb2715)] -> xpath: //p//word], [[FirefoxDriver: firefox on LINUX (358f877c-4143-452f-ab4d-589327eb2715)] -> xpath: //p//word], [[FirefoxDriver: firefox on LINUX (358f877c-4143-452f-ab4d-589327eb2715)] -> xpath: //p//word], [[FirefoxDriver: firefox on LINUX (358f877c-4143-452f-ab4d-589327eb2715)] -> xpath: //p//word], [[FirefoxDriver: firefox on LINUX (358f877c-4143-452f-ab4d-589327eb2715)] -> xpath: //p//word], [[FirefoxDriver: firefox on LINUX (358f877c-4143-452f-ab4d-589327eb2715)] -> xpath: //p//word], [[FirefoxDriver: firefox on LINUX (358f877c-4143-452f-ab4d-589327eb2715)] -> xpath: //p//word], [[FirefoxDriver: firefox on LINUX (358f877c-4143-452f-ab4d-589327eb2715)] -> xpath: //p//word], [[FirefoxDriver: firefox on LINUX (358f877c-4143-452f-ab4d-589327eb2715)] -> xpath: //p//word], [[FirefoxDriver: firefox on LINUX (358f877c-4143-452f-ab4d-589327eb2715)] -> xpath: //p//word], [[FirefoxDriver: firefox on LINUX (358f877c-4143-452f-ab4d-589327eb2715)] -> xpath: //p//word], [[FirefoxDriver: firefox on LINUX (358f877c-4143-452f-ab4d-589327eb2715)] -> xpath: //p//word], [[FirefoxDriver: firefox on LINUX (358f877c-4143-452f-ab4d-589327eb2715)] -> xpath: //p//word], [[FirefoxDriver: firefox on LINUX (358f877c-4143-452f-ab4d-589327eb2715)] -> xpath: //p//word], [[FirefoxDriver: firefox on LINUX (358f877c-4143-452f-ab4d-589327eb2715)] -> xpath: //p//word], [[FirefoxDriver: firefox on LINUX (358f877c-4143-452f-ab4d-589327eb2715)] -> xpath: //p//word], [[FirefoxDriver: firefox on LINUX (358f877c-4143-452f-ab4d-589327eb2715)] -> xpath: //p//word], [[FirefoxDriver: firefox on LINUX (358f877c-4143-452f-ab4d-589327eb2715)] -> xpath: //p//word], [[FirefoxDriver: firefox on LINUX (358f877c-4143-452f-ab4d-589327eb2715)] -> xpath: //p//word], [[FirefoxDriver: firefox on LINUX (358f877c-4143-452f-ab4d-589327eb2715)] -> xpath: //p//word], [[FirefoxDriver: firefox on LINUX (358f877c-4143-452f-ab4d-589327eb2715)] -> xpath: //p//word], [[FirefoxDriver: firefox on LINUX (358f877c-4143-452f-ab4d-589327eb2715)] -> xpath: //p//word], [[FirefoxDriver: firefox on LINUX (358f877c-4143-452f-ab4d-589327eb2715)] -> xpath: //p//word], [[FirefoxDriver: firefox on LINUX (358f877c-4143-452f-ab4d-589327eb2715)] -> xpath: //p//word], [[FirefoxDriver: firefox on LINUX (358f877c-4143-452f-ab4d-589327eb2715)] -> xpath: //p//word], [[FirefoxDriver: firefox on LINUX (358f877c-4143-452f-ab4d-589327eb2715)] -> xpath: //p//word], [[FirefoxDriver: firefox on LINUX (358f877c-4143-452f-ab4d-589327eb2715)] -> xpath: //p//word], [[FirefoxDriver: firefox on LINUX (358f877c-4143-452f-ab4d-589327eb2715)] -> xpath: //p//word], [[FirefoxDriver: firefox on LINUX (358f877c-4143-452f-ab4d-589327eb2715)] -> xpath: //p//word], [[FirefoxDriver: firefox on LINUX (358f877c-4143-452f-ab4d-589327eb2715)] -> xpath: //p//word], [[FirefoxDriver: firefox on LINUX (358f877c-4143-452f-ab4d-589327eb2715)] -> xpath: //p//word], [[FirefoxDriver: firefox on LINUX (358f877c-4143-452f-ab4d-589327eb2715)] -> xpath: //p//word], [[FirefoxDriver: firefox on LINUX (358f877c-4143-452f-ab4d-589327eb2715)] -> xpath: //p//word], [[FirefoxDriver: firefox on LINUX (358f877c-4143-452f-ab4d-589327eb2715)] -> xpath: //p//word], [[FirefoxDriver: firefox on LINUX (358f877c-4143-452f-ab4d-589327eb2715)] -> xpath: //p//word], [[FirefoxDriver: firefox on LINUX (358f877c-4143-452f-ab4d-589327eb2715)] -> xpath: //p//word], [[FirefoxDriver: firefox on LINUX (358f877c-4143-452f-ab4d-589327eb2715)] -> xpath: //p//word], [[FirefoxDriver: firefox on LINUX (358f877c-4143-452f-ab4d-589327eb2715)] -> xpath: //p//word], [[FirefoxDriver: firefox on LINUX (358f877c-4143-452f-ab4d-589327eb2715)] -> xpath: //p//word], [[FirefoxDriver: firefox on LINUX (358f877c-4143-452f-ab4d-589327eb2715)] -> xpath: //p//word], [[FirefoxDriver: firefox on LINUX (358f877c-4143-452f-ab4d-589327eb2715)] -> xpath: //p//word], [[FirefoxDriver: firefox on LINUX (358f877c-4143-452f-ab4d-589327eb2715)] -> xpath: //p//word], [[FirefoxDriver: firefox on LINUX (358f877c-4143-452f-ab4d-589327eb2715)] -> xpath: //p//word], [[FirefoxDriver: firefox on LINUX (358f877c-4143-452f-ab4d-589327eb2715)] -> xpath: //p//word], [[FirefoxDriver: firefox on LINUX (358f877c-4143-452f-ab4d-589327eb2715)] -> xpath: //p//word], [[FirefoxDriver: firefox on LINUX (358f877c-4143-452f-ab4d-589327eb2715)] -> xpath: //p//word], [[FirefoxDriver: firefox on LINUX (358f877c-4143-452f-ab4d-589327eb2715)] -> xpath: //p//word], [[FirefoxDriver: firefox on LINUX (358f877c-4143-452f-ab4d-589327eb2715)] -> xpath: //p//word], [[FirefoxDriver: firefox on LINUX (358f877c-4143-452f-ab4d-589327eb2715)] -> xpath: //p//word], [[FirefoxDriver: firefox on LINUX (358f877c-4143-452f-ab4d-589327eb2715)] -> xpath: //p//word], [[FirefoxDriver: firefox on LINUX (358f877c-4143-452f-ab4d-589327eb2715)] -> xpath: //p//word], [[FirefoxDriver: firefox on LINUX (358f877c-4143-452f-ab4d-589327eb2715)] -> xpath: //p//word], [[FirefoxDriver: firefox on LINUX (358f877c-4143-452f-ab4d-589327eb2715)] -> xpath: //p//word], [[FirefoxDriver: firefox on LINUX (358f877c-4143-452f-ab4d-589327eb2715)] -> xpath: //p//word], [[FirefoxDriver: firefox on LINUX (358f877c-4143-452f-ab4d-589327eb2715)] -> xpath: //p//word], [[FirefoxDriver: firefox on LINUX (358f877c-4143-452f-ab4d-589327eb2715)] -> xpath: //p//word], [[FirefoxDriver: firefox on LINUX (358f877c-4143-452f-ab4d-589327eb2715)] -> xpath: //p//word], [[FirefoxDriver: firefox on LINUX (358f877c-4143-452f-ab4d-589327eb2715)] -> xpath: //p//word], [[FirefoxDriver: firefox on LINUX (358f877c-4143-452f-ab4d-589327eb2715)] -> xpath: //p//word], [[FirefoxDriver: firefox on LINUX (358f877c-4143-452f-ab4d-589327eb2715)] -> xpath: //p//word], [[FirefoxDriver: firefox on LINUX (358f877c-4143-452f-ab4d-589327eb2715)] -> xpath: //p//word], [[FirefoxDriver: firefox on LINUX (358f877c-4143-452f-ab4d-589327eb2715)] -> xpath: //p//word], [[FirefoxDriver: firefox on LINUX (358f877c-4143-452f-ab4d-589327eb2715)] -> xpath: //p//word], [[FirefoxDriver: firefox on LINUX (358f877c-4143-452f-ab4d-589327eb2715)] -> xpath: //p//word], [[FirefoxDriver: firefox on LINUX (358f877c-4143-452f-ab4d-589327eb2715)] -> xpath: //p//word], [[FirefoxDriver: firefox on LINUX (358f877c-4143-452f-ab4d-589327eb2715)] -> xpath: //p//word], [[FirefoxDriver: firefox on LINUX (358f877c-4143-452f-ab4d-589327eb2715)] -> xpath: //p//word], [[FirefoxDriver: firefox on LINUX (358f877c-4143-452f-ab4d-589327eb2715)] -> xpath: //p//word], [[FirefoxDriver: firefox on LINUX (358f877c-4143-452f-ab4d-589327eb2715)] -> xpath: //p//word], [[FirefoxDriver: firefox on LINUX (358f877c-4143-452f-ab4d-589327eb2715)] -> xpath: //p//word], [[FirefoxDriver: firefox on LINUX (358f877c-4143-452f-ab4d-589327eb2715)] -> xpath: //p//word], [[FirefoxDriver: firefox on LINUX (358f877c-4143-452f-ab4d-589327eb2715)] -> xpath: //p//word], [[FirefoxDriver: firefox on LINUX (358f877c-4143-452f-ab4d-589327eb2715)] -> xpath: //p//word], [[FirefoxDriver: firefox on LINUX (358f877c-4143-452f-ab4d-589327eb2715)] -> xpath: //p//word], [[FirefoxDriver: firefox on LINUX (358f877c-4143-452f-ab4d-589327eb2715)] -> xpath: //p//word], [[FirefoxDriver: firefox on LINUX (358f877c-4143-452f-ab4d-589327eb2715)] -> xpath: //p//word], [[FirefoxDriver: firefox on LINUX (358f877c-4143-452f-ab4d-589327eb2715)] -> xpath: //p//word], [[FirefoxDriver: firefox on LINUX (358f877c-4143-452f-ab4d-589327eb2715)] -> xpath: //p//word], [[FirefoxDriver: firefox on LINUX (358f877c-4143-452f-ab4d-589327eb2715)] -> xpath: //p//word], [[FirefoxDriver: firefox on LINUX (358f877c-4143-452f-ab4d-589327eb2715)] -> xpath: //p//word], [[FirefoxDriver: firefox on LINUX (358f877c-4143-452f-ab4d-589327eb2715)] -> xpath: //p//word], [[FirefoxDriver: firefox on LINUX (358f877c-4143-452f-ab4d-589327eb2715)] -> xpath: //p//word], [[FirefoxDriver: firefox on LINUX (358f877c-4143-452f-ab4d-589327eb2715)] -> xpath: //p//word], [[FirefoxDriver: firefox on LINUX (358f877c-4143-452f-ab4d-589327eb2715)] -> xpath: //p//word], [[FirefoxDriver: firefox on LINUX (358f877c-4143-452f-ab4d-589327eb2715)] -> xpath: //p//word], [[FirefoxDriver: firefox on LINUX (358f877c-4143-452f-ab4d-589327eb2715)] -> xpath: //p//word], [[FirefoxDriver: firefox on LINUX (358f877c-4143-452f-ab4d-589327eb2715)] -> xpath: //p//word], [[FirefoxDriver: firefox on LINUX (358f877c-4143-452f-ab4d-589327eb2715)] -> xpath: //p//word], [[FirefoxDriver: firefox on LINUX (358f877c-4143-452f-ab4d-589327eb2715)] -> xpath: //p//word], [[FirefoxDriver: firefox on LINUX (358f877c-4143-452f-ab4d-589327eb2715)] -> xpath: //p//word], [[FirefoxDriver: firefox on LINUX (358f877c-4143-452f-ab4d-589327eb2715)] -> xpath: //p//word], [[FirefoxDriver: firefox on LINUX (358f877c-4143-452f-ab4d-589327eb2715)] -> xpath: //p//word], [[FirefoxDriver: firefox on LINUX (358f877c-4143-452f-ab4d-589327eb2715)] -> xpath: //p//word], [[FirefoxDriver: firefox on LINUX (358f877c-4143-452f-ab4d-589327eb2715)] -> xpath: //p//word], [[FirefoxDriver: firefox on LINUX (358f877c-4143-452f-ab4d-589327eb2715)] -> xpath: //p//word], [[FirefoxDriver: firefox on LINUX (358f877c-4143-452f-ab4d-589327eb2715)] -> xpath: //p//word], [[FirefoxDriver: firefox on LINUX (358f877c-4143-452f-ab4d-589327eb2715)] -> xpath: //p//word], [[FirefoxDriver: firefox on LINUX (358f877c-4143-452f-ab4d-589327eb2715)] -> xpath: //p//word], [[FirefoxDriver: firefox on LINUX (358f877c-4143-452f-ab4d-589327eb2715)] -> xpath: //p//word], [[FirefoxDriver: firefox on LINUX (358f877c-4143-452f-ab4d-589327eb2715)] -> xpath: //p//word], [[FirefoxDriver: firefox on LINUX (358f877c-4143-452f-ab4d-589327eb2715)] -> xpath: //p//word], [[FirefoxDriver: firefox on LINUX (358f877c-4143-452f-ab4d-589327eb2715)] -> xpath: //p//word], [[FirefoxDriver: firefox on LINUX (358f877c-4143-452f-ab4d-589327eb2715)] -> xpath: //p//word], [[FirefoxDriver: firefox on LINUX (358f877c-4143-452f-ab4d-589327eb2715)] -> xpath: //p//word], [[FirefoxDriver: firefox on LINUX (358f877c-4143-452f-ab4d-589327eb2715)] -> xpath: //p//word], [[FirefoxDriver: firefox on LINUX (358f877c-4143-452f-ab4d-589327eb2715)] -> xpath: //p//word], [[FirefoxDriver: firefox on LINUX (358f877c-4143-452f-ab4d-589327eb2715)] -> xpath: //p//word], [[FirefoxDriver: firefox on LINUX (358f877c-4143-452f-ab4d-589327eb2715)] -> xpath: //p//word], [[FirefoxDriver: firefox on LINUX (358f877c-4143-452f-ab4d-589327eb2715)] -> xpath: //p//word], [[FirefoxDriver: firefox on LINUX (358f877c-4143-452f-ab4d-589327eb2715)] -> xpath: //p//word], [[FirefoxDriver: firefox on LINUX (358f877c-4143-452f-ab4d-589327eb2715)] -> xpath: //p//word], [[FirefoxDriver: firefox on LINUX (358f877c-4143-452f-ab4d-589327eb2715)] -> xpath: //p//word], [[FirefoxDriver: firefox on LINUX (358f877c-4143-452f-ab4d-589327eb2715)] -> xpath: //p//word], [[FirefoxDriver: firefox on LINUX (358f877c-4143-452f-ab4d-589327eb2715)] -> xpath: //p//word], [[FirefoxDriver: firefox on LINUX (358f877c-4143-452f-ab4d-589327eb2715)] -> xpath: //p//word], [[FirefoxDriver: firefox on LINUX (358f877c-4143-452f-ab4d-589327eb2715)] -> xpath: //p//word], [[FirefoxDriver: firefox on LINUX (358f877c-4143-452f-ab4d-589327eb2715)] -> xpath: //p//word], [[FirefoxDriver: firefox on LINUX (358f877c-4143-452f-ab4d-589327eb2715)] -> xpath: //p//word], [[FirefoxDriver: firefox on LINUX (358f877c-4143-452f-ab4d-589327eb2715)] -> xpath: //p//word], [[FirefoxDriver: firefox on LINUX (358f877c-4143-452f-ab4d-589327eb2715)] -> xpath: //p//word], [[FirefoxDriver: firefox on LINUX (358f877c-4143-452f-ab4d-589327eb2715)] -> xpath: //p//word], [[FirefoxDriver: firefox on LINUX (358f877c-4143-452f-ab4d-589327eb2715)] -> xpath: //p//word], [[FirefoxDriver: firefox on LINUX (358f877c-4143-452f-ab4d-589327eb2715)] -> xpath: //p//word], [[FirefoxDriver: firefox on LINUX (358f877c-4143-452f-ab4d-589327eb2715)] -> xpath: //p//word], [[FirefoxDriver: firefox on LINUX (358f877c-4143-452f-ab4d-589327eb2715)] -> xpath: //p//word], [[FirefoxDriver: firefox on LINUX (358f877c-4143-452f-ab4d-589327eb2715)] -> xpath: //p//word], [[FirefoxDriver: firefox on LINUX (358f877c-4143-452f-ab4d-589327eb2715)] -> xpath: //p//word], [[FirefoxDriver: firefox on LINUX (358f877c-4143-452f-ab4d-589327eb2715)] -> xpath: //p//word], [[FirefoxDriver: firefox on LINUX (358f877c-4143-452f-ab4d-589327eb2715)] -> xpath: //p//word], [[FirefoxDriver: firefox on LINUX (358f877c-4143-452f-ab4d-589327eb2715)] -> xpath: //p//word], [[FirefoxDriver: firefox on LINUX (358f877c-4143-452f-ab4d-589327eb2715)] -> xpath: //p//word], [[FirefoxDriver: firefox on LINUX (358f877c-4143-452f-ab4d-589327eb2715)] -> xpath: //p//word], [[FirefoxDriver: firefox on LINUX (358f877c-4143-452f-ab4d-589327eb2715)] -> xpath: //p//word], [[FirefoxDriver: firefox on LINUX (358f877c-4143-452f-ab4d-589327eb2715)] -> xpath: //p//word], [[FirefoxDriver: firefox on LINUX (358f877c-4143-452f-ab4d-589327eb2715)] -> xpath: //p//word], [[FirefoxDriver: firefox on LINUX (358f877c-4143-452f-ab4d-589327eb2715)] -> xpath: //p//word], [[FirefoxDriver: firefox on LINUX (358f877c-4143-452f-ab4d-589327eb2715)] -> xpath: //p//word], [[FirefoxDriver: firefox on LINUX (358f877c-4143-452f-ab4d-589327eb2715)] -> xpath: //p//word], [[FirefoxDriver: firefox on LINUX (358f877c-4143-452f-ab4d-589327eb2715)] -> xpath: //p//word], [[FirefoxDriver: firefox on LINUX (358f877c-4143-452f-ab4d-589327eb2715)] -> xpath: //p//word], [[FirefoxDriver: firefox on LINUX (358f877c-4143-452f-ab4d-589327eb2715)] -> xpath: //p//word], [[FirefoxDriver: firefox on LINUX (358f877c-4143-452f-ab4d-589327eb2715)] -> xpath: //p//word], [[FirefoxDriver: firefox on LINUX (358f877c-4143-452f-ab4d-589327eb2715)] -> xpath: //p//word], [[FirefoxDriver: firefox on LINUX (358f877c-4143-452f-ab4d-589327eb2715)] -> xpath: //p//word], [[FirefoxDriver: firefox on LINUX (358f877c-4143-452f-ab4d-589327eb2715)] -> xpath: //p//word], [[FirefoxDriver: firefox on LINUX (358f877c-4143-452f-ab4d-589327eb2715)] -> xpath: //p//word], [[FirefoxDriver: firefox on LINUX (358f877c-4143-452f-ab4d-589327eb2715)] -> xpath: //p//word], [[FirefoxDriver: firefox on LINUX (358f877c-4143-452f-ab4d-589327eb2715)] -> xpath: //p//word], [[FirefoxDriver: firefox on LINUX (358f877c-4143-452f-ab4d-589327eb2715)] -> xpath: //p//word], [[FirefoxDriver: firefox on LINUX (358f877c-4143-452f-ab4d-589327eb2715)] -> xpath: //p//word], [[FirefoxDriver: firefox on LINUX (358f877c-4143-452f-ab4d-589327eb2715)] -> xpath: //p//word], [[FirefoxDriver: firefox on LINUX (358f877c-4143-452f-ab4d-589327eb2715)] -> xpath: //p//word], [[FirefoxDriver: firefox on LINUX (358f877c-4143-452f-ab4d-589327eb2715)] -> xpath: //p//word], [[FirefoxDriver: firefox on LINUX (358f877c-4143-452f-ab4d-589327eb2715)] -> xpath: //p//word], [[FirefoxDriver: firefox on LINUX (358f877c-4143-452f-ab4d-589327eb2715)] -> xpath: //p//word], [[FirefoxDriver: firefox on LINUX (358f877c-4143-452f-ab4d-589327eb2715)] -> xpath: //p//word], [[FirefoxDriver: firefox on LINUX (358f877c-4143-452f-ab4d-589327eb2715)] -> xpath: //p//word], [[FirefoxDriver: firefox on LINUX (358f877c-4143-452f-ab4d-589327eb2715)] -> xpath: //p//word], [[FirefoxDriver: firefox on LINUX (358f877c-4143-452f-ab4d-589327eb2715)] -> xpath: //p//word], [[FirefoxDriver: firefox on LINUX (358f877c-4143-452f-ab4d-589327eb2715)] -> xpath: //p//word], [[FirefoxDriver: firefox on LINUX (358f877c-4143-452f-ab4d-589327eb2715)] -> xpath: //p//word], [[FirefoxDriver: firefox on LINUX (358f877c-4143-452f-ab4d-589327eb2715)] -> xpath: //p//word], [[FirefoxDriver: firefox on LINUX (358f877c-4143-452f-ab4d-589327eb2715)] -> xpath: //p//word], [[FirefoxDriver: firefox on LINUX (358f877c-4143-452f-ab4d-589327eb2715)] -> xpath: //p//word], [[FirefoxDriver: firefox on LINUX (358f877c-4143-452f-ab4d-589327eb2715)] -> xpath: //p//word], [[FirefoxDriver: firefox on LINUX (358f877c-4143-452f-ab4d-589327eb2715)] -> xpath: //p//word], [[FirefoxDriver: firefox on LINUX (358f877c-4143-452f-ab4d-589327eb2715)] -> xpath: //p//word], [[FirefoxDriver: firefox on LINUX (358f877c-4143-452f-ab4d-589327eb2715)] -> xpath: //p//word], [[FirefoxDriver: firefox on LINUX (358f877c-4143-452f-ab4d-589327eb2715)] -> xpath: //p//word], [[FirefoxDriver: firefox on LINUX (358f877c-4143-452f-ab4d-589327eb2715)] -> xpath: //p//word], [[FirefoxDriver: firefox on LINUX (358f877c-4143-452f-ab4d-589327eb2715)] -> xpath: //p//word], [[FirefoxDriver: firefox on LINUX (358f877c-4143-452f-ab4d-589327eb2715)] -> xpath: //p//word], [[FirefoxDriver: firefox on LINUX (358f877c-4143-452f-ab4d-589327eb2715)] -> xpath: //p//word], [[FirefoxDriver: firefox on LINUX (358f877c-4143-452f-ab4d-589327eb2715)] -> xpath: //p//word], [[FirefoxDriver: firefox on LINUX (358f877c-4143-452f-ab4d-589327eb2715)] -> xpath: //p//word], [[FirefoxDriver: firefox on LINUX (358f877c-4143-452f-ab4d-589327eb2715)] -> xpath: //p//word], [[FirefoxDriver: firefox on LINUX (358f877c-4143-452f-ab4d-589327eb2715)] -> xpath: //p//word], [[FirefoxDriver: firefox on LINUX (358f877c-4143-452f-ab4d-589327eb2715)] -> xpath: //p//word], [[FirefoxDriver: firefox on LINUX (358f877c-4143-452f-ab4d-589327eb2715)] -> xpath: //p//word], [[FirefoxDriver: firefox on LINUX (358f877c-4143-452f-ab4d-589327eb2715)] -> xpath: //p//word], [[FirefoxDriver: firefox on LINUX (358f877c-4143-452f-ab4d-589327eb2715)] -> xpath: //p//word], [[FirefoxDriver: firefox on LINUX (358f877c-4143-452f-ab4d-589327eb2715)] -> xpath: //p//word], [[FirefoxDriver: firefox on LINUX (358f877c-4143-452f-ab4d-589327eb2715)] -> xpath: //p//word], [[FirefoxDriver: firefox on LINUX (358f877c-4143-452f-ab4d-589327eb2715)] -> xpath: //p//word], [[FirefoxDriver: firefox on LINUX (358f877c-4143-452f-ab4d-589327eb2715)] -> xpath: //p//word], [[FirefoxDriver: firefox on LINUX (358f877c-4143-452f-ab4d-589327eb2715)] -> xpath: //p//word], [[FirefoxDriver: firefox on LINUX (358f877c-4143-452f-ab4d-589327eb2715)] -> xpath: //p//word], [[FirefoxDriver: firefox on LINUX (358f877c-4143-452f-ab4d-589327eb2715)] -> xpath: //p//word], [[FirefoxDriver: firefox on LINUX (358f877c-4143-452f-ab4d-589327eb2715)] -> xpath: //p//word], [[FirefoxDriver: firefox on LINUX (358f877c-4143-452f-ab4d-589327eb2715)] -> xpath: //p//word], [[FirefoxDriver: firefox on LINUX (358f877c-4143-452f-ab4d-589327eb2715)] -> xpath: //p//word], [[FirefoxDriver: firefox on LINUX (358f877c-4143-452f-ab4d-589327eb2715)] -> xpath: //p//word], [[FirefoxDriver: firefox on LINUX (358f877c-4143-452f-ab4d-589327eb2715)] -> xpath: //p//word], [[FirefoxDriver: firefox on LINUX (358f877c-4143-452f-ab4d-589327eb2715)] -> xpath: //p//word], [[FirefoxDriver: firefox on LINUX (358f877c-4143-452f-ab4d-589327eb2715)] -> xpath: //p//word], [[FirefoxDriver: firefox on LINUX (358f877c-4143-452f-ab4d-589327eb2715)] -> xpath: //p//word], [[FirefoxDriver: firefox on LINUX (358f877c-4143-452f-ab4d-589327eb2715)] -> xpath: //p//word], [[FirefoxDriver: firefox on LINUX (358f877c-4143-452f-ab4d-589327eb2715)] -> xpath: //p//word], [[FirefoxDriver: firefox on LINUX (358f877c-4143-452f-ab4d-589327eb2715)] -> xpath: //p//word], [[FirefoxDriver: firefox on LINUX (358f877c-4143-452f-ab4d-589327eb2715)] -> xpath: //p//word], [[FirefoxDriver: firefox on LINUX (358f877c-4143-452f-ab4d-589327eb2715)] -> xpath: //p//word], [[FirefoxDriver: firefox on LINUX (358f877c-4143-452f-ab4d-589327eb2715)] -> xpath: //p//word], [[FirefoxDriver: firefox on LINUX (358f877c-4143-452f-ab4d-589327eb2715)] -> xpath: //p//word], [[FirefoxDriver: firefox on LINUX (358f877c-4143-452f-ab4d-589327eb2715)] -> xpath: //p//word], [[FirefoxDriver: firefox on LINUX (358f877c-4143-452f-ab4d-589327eb2715)] -> xpath: //p//word], [[FirefoxDriver: firefox on LINUX (358f877c-4143-452f-ab4d-589327eb2715)] -> xpath: //p//word], [[FirefoxDriver: firefox on LINUX (358f877c-4143-452f-ab4d-589327eb2715)] -> xpath: //p//word], [[FirefoxDriver: firefox on LINUX (358f877c-4143-452f-ab4d-589327eb2715)] -> xpath: //p//word], [[FirefoxDriver: firefox on LINUX (358f877c-4143-452f-ab4d-589327eb2715)] -> xpath: //p//word], [[FirefoxDriver: firefox on LINUX (358f877c-4143-452f-ab4d-589327eb2715)] -> xpath: //p//word], [[FirefoxDriver: firefox on LINUX (358f877c-4143-452f-ab4d-589327eb2715)] -> xpath: //p//word], [[FirefoxDriver: firefox on LINUX (358f877c-4143-452f-ab4d-589327eb2715)] -> xpath: //p//word], [[FirefoxDriver: firefox on LINUX (358f877c-4143-452f-ab4d-589327eb2715)] -> xpath: //p//word], [[FirefoxDriver: firefox on LINUX (358f877c-4143-452f-ab4d-589327eb2715)] -> xpath: //p//word], [[FirefoxDriver: firefox on LINUX (358f877c-4143-452f-ab4d-589327eb2715)] -> xpath: //p//word], [[FirefoxDriver: firefox on LINUX (358f877c-4143-452f-ab4d-589327eb2715)] -> xpath: //p//word], [[FirefoxDriver: firefox on LINUX (358f877c-4143-452f-ab4d-589327eb2715)] -> xpath: //p//word], [[FirefoxDriver: firefox on LINUX (358f877c-4143-452f-ab4d-589327eb2715)] -> xpath: //p//word], [[FirefoxDriver: firefox on LINUX (358f877c-4143-452f-ab4d-589327eb2715)] -> xpath: //p//word], [[FirefoxDriver: firefox on LINUX (358f877c-4143-452f-ab4d-589327eb2715)] -> xpath: //p//word], [[FirefoxDriver: firefox on LINUX (358f877c-4143-452f-ab4d-589327eb2715)] -> xpath: //p//word], [[FirefoxDriver: firefox on LINUX (358f877c-4143-452f-ab4d-589327eb2715)] -> xpath: //p//word], [[FirefoxDriver: firefox on LINUX (358f877c-4143-452f-ab4d-589327eb2715)] -> xpath: //p//word], [[FirefoxDriver: firefox on LINUX (358f877c-4143-452f-ab4d-589327eb2715)] -> xpath: //p//word], [[FirefoxDriver: firefox on LINUX (358f877c-4143-452f-ab4d-589327eb2715)] -> xpath: //p//word], [[FirefoxDriver: firefox on LINUX (358f877c-4143-452f-ab4d-589327eb2715)] -> xpath: //p//word], [[FirefoxDriver: firefox on LINUX (358f877c-4143-452f-ab4d-589327eb2715)] -> xpath: //p//word], [[FirefoxDriver: firefox on LINUX (358f877c-4143-452f-ab4d-589327eb2715)] -> xpath: //p//word], [[FirefoxDriver: firefox on LINUX (358f877c-4143-452f-ab4d-589327eb2715)] -> xpath: //p//word], [[FirefoxDriver: firefox on LINUX (358f877c-4143-452f-ab4d-589327eb2715)] -> xpath: //p//word], [[FirefoxDriver: firefox on LINUX (358f877c-4143-452f-ab4d-589327eb2715)] -> xpath: //p//word], [[FirefoxDriver: firefox on LINUX (358f877c-4143-452f-ab4d-589327eb2715)] -> xpath: //p//word], [[FirefoxDriver: firefox on LINUX (358f877c-4143-452f-ab4d-589327eb2715)] -> xpath: //p//word], [[FirefoxDriver: firefox on LINUX (358f877c-4143-452f-ab4d-589327eb2715)] -> xpath: //p//word], [[FirefoxDriver: firefox on LINUX (358f877c-4143-452f-ab4d-589327eb2715)] -> xpath: //p//word], [[FirefoxDriver: firefox on LINUX (358f877c-4143-452f-ab4d-589327eb2715)] -> xpath: //p//word], [[FirefoxDriver: firefox on LINUX (358f877c-4143-452f-ab4d-589327eb2715)] -> xpath: //p//word], [[FirefoxDriver: firefox on LINUX (358f877c-4143-452f-ab4d-589327eb2715)] -> xpath: //p//word], [[FirefoxDriver: firefox on LINUX (358f877c-4143-452f-ab4d-589327eb2715)] -> xpath: //p//word], [[FirefoxDriver: firefox on LINUX (358f877c-4143-452f-ab4d-589327eb2715)] -> xpath: //p//word], [[FirefoxDriver: firefox on LINUX (358f877c-4143-452f-ab4d-589327eb2715)] -> xpath: //p//word], [[FirefoxDriver: firefox on LINUX (358f877c-4143-452f-ab4d-589327eb2715)] -> xpath: //p//word], [[FirefoxDriver: firefox on LINUX (358f877c-4143-452f-ab4d-589327eb2715)] -> xpath: //p//word], [[FirefoxDriver: firefox on LINUX (358f877c-4143-452f-ab4d-589327eb2715)] -> xpath: //p//word], [[FirefoxDriver: firefox on LINUX (358f877c-4143-452f-ab4d-589327eb2715)] -> xpath: //p//word], [[FirefoxDriver: firefox on LINUX (358f877c-4143-452f-ab4d-589327eb2715)] -> xpath: //p//word], [[FirefoxDriver: firefox on LINUX (358f877c-4143-452f-ab4d-589327eb2715)] -> xpath: //p//word], [[FirefoxDriver: firefox on LINUX (358f877c-4143-452f-ab4d-589327eb2715)] -> xpath: //p//word], [[FirefoxDriver: firefox on LINUX (358f877c-4143-452f-ab4d-589327eb2715)] -> xpath: //p//word], [[FirefoxDriver: firefox on LINUX (358f877c-4143-452f-ab4d-589327eb2715)] -> xpath: //p//word], [[FirefoxDriver: firefox on LINUX (358f877c-4143-452f-ab4d-589327eb2715)] -> xpath: //p//word], [[FirefoxDriver: firefox on LINUX (358f877c-4143-452f-ab4d-589327eb2715)] -> xpath: //p//word], [[FirefoxDriver: firefox on LINUX (358f877c-4143-452f-ab4d-589327eb2715)] -> xpath: //p//word], [[FirefoxDriver: firefox on LINUX (358f877c-4143-452f-ab4d-589327eb2715)] -> xpath: //p//word], [[FirefoxDriver: firefox on LINUX (358f877c-4143-452f-ab4d-589327eb2715)] -> xpath: //p//word], [[FirefoxDriver: firefox on LINUX (358f877c-4143-452f-ab4d-589327eb2715)] -> xpath: //p//word], [[FirefoxDriver: firefox on LINUX (358f877c-4143-452f-ab4d-589327eb2715)] -> xpath: //p//word], [[FirefoxDriver: firefox on LINUX (358f877c-4143-452f-ab4d-589327eb2715)] -> xpath: //p//word], [[FirefoxDriver: firefox on LINUX (358f877c-4143-452f-ab4d-589327eb2715)] -> xpath: //p//word], [[FirefoxDriver: firefox on LINUX (358f877c-4143-452f-ab4d-589327eb2715)] -> xpath: //p//word], [[FirefoxDriver: firefox on LINUX (358f877c-4143-452f-ab4d-589327eb2715)] -> xpath: //p//word], [[FirefoxDriver: firefox on LINUX (358f877c-4143-452f-ab4d-589327eb2715)] -> xpath: //p//word], [[FirefoxDriver: firefox on LINUX (358f877c-4143-452f-ab4d-589327eb2715)] -> xpath: //p//word], [[FirefoxDriver: firefox on LINUX (358f877c-4143-452f-ab4d-589327eb2715)] -> xpath: //p//word], [[FirefoxDriver: firefox on LINUX (358f877c-4143-452f-ab4d-589327eb2715)] -> xpath: //p//word], [[FirefoxDriver: firefox on LINUX (358f877c-4143-452f-ab4d-589327eb2715)] -> xpath: //p//word], [[FirefoxDriver: firefox on LINUX (358f877c-4143-452f-ab4d-589327eb2715)] -> xpath: //p//word], [[FirefoxDriver: firefox on LINUX (358f877c-4143-452f-ab4d-589327eb2715)] -> xpath: //p//word], [[FirefoxDriver: firefox on LINUX (358f877c-4143-452f-ab4d-589327eb2715)] -> xpath: //p//word], [[FirefoxDriver: firefox on LINUX (358f877c-4143-452f-ab4d-589327eb2715)] -> xpath: //p//word], [[FirefoxDriver: firefox on LINUX (358f877c-4143-452f-ab4d-589327eb2715)] -> xpath: //p//word], [[FirefoxDriver: firefox on LINUX (358f877c-4143-452f-ab4d-589327eb2715)] -> xpath: //p//word], [[FirefoxDriver: firefox on LINUX (358f877c-4143-452f-ab4d-589327eb2715)] -> xpath: //p//word], [[FirefoxDriver: firefox on LINUX (358f877c-4143-452f-ab4d-589327eb2715)] -> xpath: //p//word], [[FirefoxDriver: firefox on LINUX (358f877c-4143-452f-ab4d-589327eb2715)] -> xpath: //p//word], [[FirefoxDriver: firefox on LINUX (358f877c-4143-452f-ab4d-589327eb2715)] -> xpath: //p//word], [[FirefoxDriver: firefox on LINUX (358f877c-4143-452f-ab4d-589327eb2715)] -> xpath: //p//word], [[FirefoxDriver: firefox on LINUX (358f877c-4143-452f-ab4d-589327eb2715)] -> xpath: //p//word], [[FirefoxDriver: firefox on LINUX (358f877c-4143-452f-ab4d-589327eb2715)] -> xpath: //p//word], [[FirefoxDriver: firefox on LINUX (358f877c-4143-452f-ab4d-589327eb2715)] -> xpath: //p//word], [[FirefoxDriver: firefox on LINUX (358f877c-4143-452f-ab4d-589327eb2715)] -> xpath: //p//word], [[FirefoxDriver: firefox on LINUX (358f877c-4143-452f-ab4d-589327eb2715)] -> xpath: //p//word], [[FirefoxDriver: firefox on LINUX (358f877c-4143-452f-ab4d-589327eb2715)] -> xpath: //p//word], [[FirefoxDriver: firefox on LINUX (358f877c-4143-452f-ab4d-589327eb2715)] -> xpath: //p//word], [[FirefoxDriver: firefox on LINUX (358f877c-4143-452f-ab4d-589327eb2715)] -> xpath: //p//word], [[FirefoxDriver: firefox on LINUX (358f877c-4143-452f-ab4d-589327eb2715)] -> xpath: //p//word], [[FirefoxDriver: firefox on LINUX (358f877c-4143-452f-ab4d-589327eb2715)] -> xpath: //p//word], [[FirefoxDriver: firefox on LINUX (358f877c-4143-452f-ab4d-589327eb2715)] -> xpath: //p//word], [[FirefoxDriver: firefox on LINUX (358f877c-4143-452f-ab4d-589327eb2715)] -> xpath: //p//word], [[FirefoxDriver: firefox on LINUX (358f877c-4143-452f-ab4d-589327eb2715)] -> xpath: //p//word], [[FirefoxDriver: firefox on LINUX (358f877c-4143-452f-ab4d-589327eb2715)] -> xpath: //p//word], [[FirefoxDriver: firefox on LINUX (358f877c-4143-452f-ab4d-589327eb2715)] -> xpath: //p//word], [[FirefoxDriver: firefox on LINUX (358f877c-4143-452f-ab4d-589327eb2715)] -> xpath: //p//word], [[FirefoxDriver: firefox on LINUX (358f877c-4143-452f-ab4d-589327eb2715)] -> xpath: //p//word], [[FirefoxDriver: firefox on LINUX (358f877c-4143-452f-ab4d-589327eb2715)] -> xpath: //p//word], [[FirefoxDriver: firefox on LINUX (358f877c-4143-452f-ab4d-589327eb2715)] -> xpath: //p//word], [[FirefoxDriver: firefox on LINUX (358f877c-4143-452f-ab4d-589327eb2715)] -> xpath: //p//word], [[FirefoxDriver: firefox on LINUX (358f877c-4143-452f-ab4d-589327eb2715)] -> xpath: //p//word], [[FirefoxDriver: firefox on LINUX (358f877c-4143-452f-ab4d-589327eb2715)] -> xpath: //p//word], [[FirefoxDriver: firefox on LINUX (358f877c-4143-452f-ab4d-589327eb2715)] -> xpath: //p//word], [[FirefoxDriver: firefox on LINUX (358f877c-4143-452f-ab4d-589327eb2715)] -> xpath: //p//word], [[FirefoxDriver: firefox on LINUX (358f877c-4143-452f-ab4d-589327eb2715)] -> xpath: //p//word], [[FirefoxDriver: firefox on LINUX (358f877c-4143-452f-ab4d-589327eb2715)] -> xpath: //p//word], [[FirefoxDriver: firefox on LINUX (358f877c-4143-452f-ab4d-589327eb2715)] -> xpath: //p//word], [[FirefoxDriver: firefox on LINUX (358f877c-4143-452f-ab4d-589327eb2715)] -> xpath: //p//word], [[FirefoxDriver: firefox on LINUX (358f877c-4143-452f-ab4d-589327eb2715)] -> xpath: //p//word], [[FirefoxDriver: firefox on LINUX (358f877c-4143-452f-ab4d-589327eb2715)] -> xpath: //p//word], [[FirefoxDriver: firefox on LINUX (358f877c-4143-452f-ab4d-589327eb2715)] -> xpath: //p//word], [[FirefoxDriver: firefox on LINUX (358f877c-4143-452f-ab4d-589327eb2715)] -> xpath: //p//word], [[FirefoxDriver: firefox on LINUX (358f877c-4143-452f-ab4d-589327eb2715)] -> xpath: //p//word], [[FirefoxDriver: firefox on LINUX (358f877c-4143-452f-ab4d-589327eb2715)] -> xpath: //p//word], [[FirefoxDriver: firefox on LINUX (358f877c-4143-452f-ab4d-589327eb2715)] -> xpath: //p//word], [[FirefoxDriver: firefox on LINUX (358f877c-4143-452f-ab4d-589327eb2715)] -> xpath: //p//word], [[FirefoxDriver: firefox on LINUX (358f877c-4143-452f-ab4d-589327eb2715)] -> xpath: //p//word], [[FirefoxDriver: firefox on LINUX (358f877c-4143-452f-ab4d-589327eb2715)] -> xpath: //p//word], [[FirefoxDriver: firefox on LINUX (358f877c-4143-452f-ab4d-589327eb2715)] -> xpath: //p//word], [[FirefoxDriver: firefox on LINUX (358f877c-4143-452f-ab4d-589327eb2715)] -> xpath: //p//word], [[FirefoxDriver: firefox on LINUX (358f877c-4143-452f-ab4d-589327eb2715)] -> xpath: //p//word], [[FirefoxDriver: firefox on LINUX (358f877c-4143-452f-ab4d-589327eb2715)] -> xpath: //p//word], [[FirefoxDriver: firefox on LINUX (358f877c-4143-452f-ab4d-589327eb2715)] -> xpath: //p//word], [[FirefoxDriver: firefox on LINUX (358f877c-4143-452f-ab4d-589327eb2715)] -> xpath: //p//word], [[FirefoxDriver: firefox on LINUX (358f877c-4143-452f-ab4d-589327eb2715)] -> xpath: //p//word], [[FirefoxDriver: firefox on LINUX (358f877c-4143-452f-ab4d-589327eb2715)] -> xpath: //p//word], [[FirefoxDriver: firefox on LINUX (358f877c-4143-452f-ab4d-589327eb2715)] -> xpath: //p//word], [[FirefoxDriver: firefox on LINUX (358f877c-4143-452f-ab4d-589327eb2715)] -> xpath: //p//word], [[FirefoxDriver: firefox on LINUX (358f877c-4143-452f-ab4d-589327eb2715)] -> xpath: //p//word], [[FirefoxDriver: firefox on LINUX (358f877c-4143-452f-ab4d-589327eb2715)] -> xpath: //p//word], [[FirefoxDriver: firefox on LINUX (358f877c-4143-452f-ab4d-589327eb2715)] -> xpath: //p//word], [[FirefoxDriver: firefox on LINUX (358f877c-4143-452f-ab4d-589327eb2715)] -> xpath: //p//word], [[FirefoxDriver: firefox on LINUX (358f877c-4143-452f-ab4d-589327eb2715)] -> xpath: //p//word], [[FirefoxDriver: firefox on LINUX (358f877c-4143-452f-ab4d-589327eb2715)] -> xpath: //p//word], [[FirefoxDriver: firefox on LINUX (358f877c-4143-452f-ab4d-589327eb2715)] -> xpath: //p//word], [[FirefoxDriver: firefox on LINUX (358f877c-4143-452f-ab4d-589327eb2715)] -> xpath: //p//word], [[FirefoxDriver: firefox on LINUX (358f877c-4143-452f-ab4d-589327eb2715)] -> xpath: //p//word], [[FirefoxDriver: firefox on LINUX (358f877c-4143-452f-ab4d-589327eb2715)] -> xpath: //p//word], [[FirefoxDriver: firefox on LINUX (358f877c-4143-452f-ab4d-589327eb2715)] -> xpath: //p//word], [[FirefoxDriver: firefox on LINUX (358f877c-4143-452f-ab4d-589327eb2715)] -> xpath: //p//word], [[FirefoxDriver: firefox on LINUX (358f877c-4143-452f-ab4d-589327eb2715)] -> xpath: //p//word], [[FirefoxDriver: firefox on LINUX (358f877c-4143-452f-ab4d-589327eb2715)] -> xpath: //p//word], [[FirefoxDriver: firefox on LINUX (358f877c-4143-452f-ab4d-589327eb2715)] -> xpath: //p//word], [[FirefoxDriver: firefox on LINUX (358f877c-4143-452f-ab4d-589327eb2715)] -> xpath: //p//word], [[FirefoxDriver: firefox on LINUX (358f877c-4143-452f-ab4d-589327eb2715)] -> xpath: //p//word], [[FirefoxDriver: firefox on LINUX (358f877c-4143-452f-ab4d-589327eb2715)] -> xpath: //p//word], [[FirefoxDriver: firefox on LINUX (358f877c-4143-452f-ab4d-589327eb2715)] -> xpath: //p//word], [[FirefoxDriver: firefox on LINUX (358f877c-4143-452f-ab4d-589327eb2715)] -> xpath: //p//word], [[FirefoxDriver: firefox on LINUX (358f877c-4143-452f-ab4d-589327eb2715)] -> xpath: //p//word], [[FirefoxDriver: firefox on LINUX (358f877c-4143-452f-ab4d-589327eb2715)] -> xpath: //p//word], [[FirefoxDriver: firefox on LINUX (358f877c-4143-452f-ab4d-589327eb2715)] -> xpath: //p//word], [[FirefoxDriver: firefox on LINUX (358f877c-4143-452f-ab4d-589327eb2715)] -> xpath: //p//word], [[FirefoxDriver: firefox on LINUX (358f877c-4143-452f-ab4d-589327eb2715)] -> xpath: //p//word], [[FirefoxDriver: firefox on LINUX (358f877c-4143-452f-ab4d-589327eb2715)] -> xpath: //p//word], [[FirefoxDriver: firefox on LINUX (358f877c-4143-452f-ab4d-589327eb2715)] -> xpath: //p//word], [[FirefoxDriver: firefox on LINUX (358f877c-4143-452f-ab4d-589327eb2715)] -> xpath: //p//word], [[FirefoxDriver: firefox on LINUX (358f877c-4143-452f-ab4d-589327eb2715)] -> xpath: //p//word], [[FirefoxDriver: firefox on LINUX (358f877c-4143-452f-ab4d-589327eb2715)] -> xpath: //p//word], [[FirefoxDriver: firefox on LINUX (358f877c-4143-452f-ab4d-589327eb2715)] -> xpath: //p//word], [[FirefoxDriver: firefox on LINUX (358f877c-4143-452f-ab4d-589327eb2715)] -> xpath: //p//word], [[FirefoxDriver: firefox on LINUX (358f877c-4143-452f-ab4d-589327eb2715)] -> xpath: //p//word], [[FirefoxDriver: firefox on LINUX (358f877c-4143-452f-ab4d-589327eb2715)] -> xpath: //p//word], [[FirefoxDriver: firefox on LINUX (358f877c-4143-452f-ab4d-589327eb2715)] -> xpath: //p//word], [[FirefoxDriver: firefox on LINUX (358f877c-4143-452f-ab4d-589327eb2715)] -> xpath: //p//word], [[FirefoxDriver: firefox on LINUX (358f877c-4143-452f-ab4d-589327eb2715)] -> xpath: //p//word], [[FirefoxDriver: firefox on LINUX (358f877c-4143-452f-ab4d-589327eb2715)] -> xpath: //p//word], [[FirefoxDriver: firefox on LINUX (358f877c-4143-452f-ab4d-589327eb2715)] -> xpath: //p//word], [[FirefoxDriver: firefox on LINUX (358f877c-4143-452f-ab4d-589327eb2715)] -> xpath: //p//word], [[FirefoxDriver: firefox on LINUX (358f877c-4143-452f-ab4d-589327eb2715)] -> xpath: //p//word], [[FirefoxDriver: firefox on LINUX (358f877c-4143-452f-ab4d-589327eb2715)] -> xpath: //p//word], [[FirefoxDriver: firefox on LINUX (358f877c-4143-452f-ab4d-589327eb2715)] -> xpath: //p//word], [[FirefoxDriver: firefox on LINUX (358f877c-4143-452f-ab4d-589327eb2715)] -> xpath: //p//word], [[FirefoxDriver: firefox on LINUX (358f877c-4143-452f-ab4d-589327eb2715)] -> xpath: //p//word], [[FirefoxDriver: firefox on LINUX (358f877c-4143-452f-ab4d-589327eb2715)] -> xpath: //p//word], [[FirefoxDriver: firefox on LINUX (358f877c-4143-452f-ab4d-589327eb2715)] -> xpath: //p//word], [[FirefoxDriver: firefox on LINUX (358f877c-4143-452f-ab4d-589327eb2715)] -> xpath: //p//word], [[FirefoxDriver: firefox on LINUX (358f877c-4143-452f-ab4d-589327eb2715)] -> xpath: //p//word], [[FirefoxDriver: firefox on LINUX (358f877c-4143-452f-ab4d-589327eb2715)] -> xpath: //p//word], [[FirefoxDriver: firefox on LINUX (358f877c-4143-452f-ab4d-589327eb2715)] -> xpath: //p//word], [[FirefoxDriver: firefox on LINUX (358f877c-4143-452f-ab4d-589327eb2715)] -> xpath: //p//word], [[FirefoxDriver: firefox on LINUX (358f877c-4143-452f-ab4d-589327eb2715)] -> xpath: //p//word], [[FirefoxDriver: firefox on LINUX (358f877c-4143-452f-ab4d-589327eb2715)] -> xpath: //p//word], [[FirefoxDriver: firefox on LINUX (358f877c-4143-452f-ab4d-589327eb2715)] -> xpath: //p//word], [[FirefoxDriver: firefox on LINUX (358f877c-4143-452f-ab4d-589327eb2715)] -> xpath: //p//word], [[FirefoxDriver: firefox on LINUX (358f877c-4143-452f-ab4d-589327eb2715)] -> xpath: //p//word], [[FirefoxDriver: firefox on LINUX (358f877c-4143-452f-ab4d-589327eb2715)] -> xpath: //p//word], [[FirefoxDriver: firefox on LINUX (358f877c-4143-452f-ab4d-589327eb2715)] -> xpath: //p//word], [[FirefoxDriver: firefox on LINUX (358f877c-4143-452f-ab4d-589327eb2715)] -> xpath: //p//word], [[FirefoxDriver: firefox on LINUX (358f877c-4143-452f-ab4d-589327eb2715)] -> xpath: //p//word], [[FirefoxDriver: firefox on LINUX (358f877c-4143-452f-ab4d-589327eb2715)] -> xpath: //p//word], [[FirefoxDriver: firefox on LINUX (358f877c-4143-452f-ab4d-589327eb2715)] -> xpath: //p//word], [[FirefoxDriver: firefox on LINUX (358f877c-4143-452f-ab4d-589327eb2715)] -> xpath: //p//word], [[FirefoxDriver: firefox on LINUX (358f877c-4143-452f-ab4d-589327eb2715)] -> xpath: //p//word], [[FirefoxDriver: firefox on LINUX (358f877c-4143-452f-ab4d-589327eb2715)] -> xpath: //p//word], [[FirefoxDriver: firefox on LINUX (358f877c-4143-452f-ab4d-589327eb2715)] -> xpath: //p//word], [[FirefoxDriver: firefox on LINUX (358f877c-4143-452f-ab4d-589327eb2715)] -> xpath: //p//word], [[FirefoxDriver: firefox on LINUX (358f877c-4143-452f-ab4d-589327eb2715)] -> xpath: //p//word], [[FirefoxDriver: firefox on LINUX (358f877c-4143-452f-ab4d-589327eb2715)] -> xpath: //p//word], [[FirefoxDriver: firefox on LINUX (358f877c-4143-452f-ab4d-589327eb2715)] -> xpath: //p//word], [[FirefoxDriver: firefox on LINUX (358f877c-4143-452f-ab4d-589327eb2715)] -> xpath: //p//word], [[FirefoxDriver: firefox on LINUX (358f877c-4143-452f-ab4d-589327eb2715)] -> xpath: //p//word], [[FirefoxDriver: firefox on LINUX (358f877c-4143-452f-ab4d-589327eb2715)] -> xpath: //p//word], [[FirefoxDriver: firefox on LINUX (358f877c-4143-452f-ab4d-589327eb2715)] -> xpath: //p//word], [[FirefoxDriver: firefox on LINUX (358f877c-4143-452f-ab4d-589327eb2715)] -> xpath: //p//word], [[FirefoxDriver: firefox on LINUX (358f877c-4143-452f-ab4d-589327eb2715)] -> xpath: //p//word], [[FirefoxDriver: firefox on LINUX (358f877c-4143-452f-ab4d-589327eb2715)] -> xpath: //p//word], [[FirefoxDriver: firefox on LINUX (358f877c-4143-452f-ab4d-589327eb2715)] -> xpath: //p//word], [[FirefoxDriver: firefox on LINUX (358f877c-4143-452f-ab4d-589327eb2715)] -> xpath: //p//word], [[FirefoxDriver: firefox on LINUX (358f877c-4143-452f-ab4d-589327eb2715)] -> xpath: //p//word], [[FirefoxDriver: firefox on LINUX (358f877c-4143-452f-ab4d-589327eb2715)] -> xpath: //p//word], [[FirefoxDriver: firefox on LINUX (358f877c-4143-452f-ab4d-589327eb2715)] -> xpath: //p//word], [[FirefoxDriver: firefox on LINUX (358f877c-4143-452f-ab4d-589327eb2715)] -> xpath: //p//word], [[FirefoxDriver: firefox on LINUX (358f877c-4143-452f-ab4d-589327eb2715)] -> xpath: //p//word], [[FirefoxDriver: firefox on LINUX (358f877c-4143-452f-ab4d-589327eb2715)] -> xpath: //p//word], [[FirefoxDriver: firefox on LINUX (358f877c-4143-452f-ab4d-589327eb2715)] -> xpath: //p//word], [[FirefoxDriver: firefox on LINUX (358f877c-4143-452f-ab4d-589327eb2715)] -> xpath: //p//word], [[FirefoxDriver: firefox on LINUX (358f877c-4143-452f-ab4d-589327eb2715)] -> xpath: //p//word], [[FirefoxDriver: firefox on LINUX (358f877c-4143-452f-ab4d-589327eb2715)] -> xpath: //p//word], [[FirefoxDriver: firefox on LINUX (358f877c-4143-452f-ab4d-589327eb2715)] -> xpath: //p//word], [[FirefoxDriver: firefox on LINUX (358f877c-4143-452f-ab4d-589327eb2715)] -> xpath: //p//word], [[FirefoxDriver: firefox on LINUX (358f877c-4143-452f-ab4d-589327eb2715)] -> xpath: //p//word], [[FirefoxDriver: firefox on LINUX (358f877c-4143-452f-ab4d-589327eb2715)] -> xpath: //p//word], [[FirefoxDriver: firefox on LINUX (358f877c-4143-452f-ab4d-589327eb2715)] -> xpath: //p//word], [[FirefoxDriver: firefox on LINUX (358f877c-4143-452f-ab4d-589327eb2715)] -> xpath: //p//word], [[FirefoxDriver: firefox on LINUX (358f877c-4143-452f-ab4d-589327eb2715)] -> xpath: //p//word], [[FirefoxDriver: firefox on LINUX (358f877c-4143-452f-ab4d-589327eb2715)] -> xpath: //p//word], [[FirefoxDriver: firefox on LINUX (358f877c-4143-452f-ab4d-589327eb2715)] -> xpath: //p//word], [[FirefoxDriver: firefox on LINUX (358f877c-4143-452f-ab4d-589327eb2715)] -> xpath: //p//word], [[FirefoxDriver: firefox on LINUX (358f877c-4143-452f-ab4d-589327eb2715)] -> xpath: //p//word], [[FirefoxDriver: firefox on LINUX (358f877c-4143-452f-ab4d-589327eb2715)] -> xpath: //p//word], [[FirefoxDriver: firefox on LINUX (358f877c-4143-452f-ab4d-589327eb2715)] -> xpath: //p//word], [[FirefoxDriver: firefox on LINUX (358f877c-4143-452f-ab4d-589327eb2715)] -> xpath: //p//word], [[FirefoxDriver: firefox on LINUX (358f877c-4143-452f-ab4d-589327eb2715)] -> xpath: //p//word], [[FirefoxDriver: firefox on LINUX (358f877c-4143-452f-ab4d-589327eb2715)] -> xpath: //p//word], [[FirefoxDriver: firefox on LINUX (358f877c-4143-452f-ab4d-589327eb2715)] -> xpath: //p//word], [[FirefoxDriver: firefox on LINUX (358f877c-4143-452f-ab4d-589327eb2715)] -> xpath: //p//word], [[FirefoxDriver: firefox on LINUX (358f877c-4143-452f-ab4d-589327eb2715)] -> xpath: //p//word], [[FirefoxDriver: firefox on LINUX (358f877c-4143-452f-ab4d-589327eb2715)] -> xpath: //p//word], [[FirefoxDriver: firefox on LINUX (358f877c-4143-452f-ab4d-589327eb2715)] -> xpath: //p//word], [[FirefoxDriver: firefox on LINUX (358f877c-4143-452f-ab4d-589327eb2715)] -> xpath: //p//word], [[FirefoxDriver: firefox on LINUX (358f877c-4143-452f-ab4d-589327eb2715)] -> xpath: //p//word], [[FirefoxDriver: firefox on LINUX (358f877c-4143-452f-ab4d-589327eb2715)] -> xpath: //p//word], [[FirefoxDriver: firefox on LINUX (358f877c-4143-452f-ab4d-589327eb2715)] -> xpath: //p//word], [[FirefoxDriver: firefox on LINUX (358f877c-4143-452f-ab4d-589327eb2715)] -> xpath: //p//word], [[FirefoxDriver: firefox on LINUX (358f877c-4143-452f-ab4d-589327eb2715)] -> xpath: //p//word], [[FirefoxDriver: firefox on LINUX (358f877c-4143-452f-ab4d-589327eb2715)] -> xpath: //p//word], [[FirefoxDriver: firefox on LINUX (358f877c-4143-452f-ab4d-589327eb2715)] -> xpath: //p//word], [[FirefoxDriver: firefox on LINUX (358f877c-4143-452f-ab4d-589327eb2715)] -> xpath: //p//word], [[FirefoxDriver: firefox on LINUX (358f877c-4143-452f-ab4d-589327eb2715)] -> xpath: //p//word], [[FirefoxDriver: firefox on LINUX (358f877c-4143-452f-ab4d-589327eb2715)] -> xpath: //p//word], [[FirefoxDriver: firefox on LINUX (358f877c-4143-452f-ab4d-589327eb2715)] -> xpath: //p//word], [[FirefoxDriver: firefox on LINUX (358f877c-4143-452f-ab4d-589327eb2715)] -> xpath: //p//word], [[FirefoxDriver: firefox on LINUX (358f877c-4143-452f-ab4d-589327eb2715)] -> xpath: //p//word], [[FirefoxDriver: firefox on LINUX (358f877c-4143-452f-ab4d-589327eb2715)] -> xpath: //p//word], [[FirefoxDriver: firefox on LINUX (358f877c-4143-452f-ab4d-589327eb2715)] -> xpath: //p//word], [[FirefoxDriver: firefox on LINUX (358f877c-4143-452f-ab4d-589327eb2715)] -> xpath: //p//word], [[FirefoxDriver: firefox on LINUX (358f877c-4143-452f-ab4d-589327eb2715)] -> xpath: //p//word], [[FirefoxDriver: firefox on LINUX (358f877c-4143-452f-ab4d-589327eb2715)] -> xpath: //p//word], [[FirefoxDriver: firefox on LINUX (358f877c-4143-452f-ab4d-589327eb2715)] -> xpath: //p//word], [[FirefoxDriver: firefox on LINUX (358f877c-4143-452f-ab4d-589327eb2715)] -> xpath: //p//word], [[FirefoxDriver: firefox on LINUX (358f877c-4143-452f-ab4d-589327eb2715)] -> xpath: //p//word], [[FirefoxDriver: firefox on LINUX (358f877c-4143-452f-ab4d-589327eb2715)] -> xpath: //p//word], [[FirefoxDriver: firefox on LINUX (358f877c-4143-452f-ab4d-589327eb2715)] -> xpath: //p//word], [[FirefoxDriver: firefox on LINUX (358f877c-4143-452f-ab4d-589327eb2715)] -> xpath: //p//word], [[FirefoxDriver: firefox on LINUX (358f877c-4143-452f-ab4d-589327eb2715)] -> xpath: //p//word], [[FirefoxDriver: firefox on LINUX (358f877c-4143-452f-ab4d-589327eb2715)] -> xpath: //p//word], [[FirefoxDriver: firefox on LINUX (358f877c-4143-452f-ab4d-589327eb2715)] -> xpath: //p//word], [[FirefoxDriver: firefox on LINUX (358f877c-4143-452f-ab4d-589327eb2715)] -> xpath: //p//word], [[FirefoxDriver: firefox on LINUX (358f877c-4143-452f-ab4d-589327eb2715)] -> xpath: //p//word], [[FirefoxDriver: firefox on LINUX (358f877c-4143-452f-ab4d-589327eb2715)] -> xpath: //p//word], [[FirefoxDriver: firefox on LINUX (358f877c-4143-452f-ab4d-589327eb2715)] -> xpath: //p//word], [[FirefoxDriver: firefox on LINUX (358f877c-4143-452f-ab4d-589327eb2715)] -> xpath: //p//word], [[FirefoxDriver: firefox on LINUX (358f877c-4143-452f-ab4d-589327eb2715)] -> xpath: //p//word], [[FirefoxDriver: firefox on LINUX (358f877c-4143-452f-ab4d-589327eb2715)] -> xpath: //p//word], [[FirefoxDriver: firefox on LINUX (358f877c-4143-452f-ab4d-589327eb2715)] -> xpath: //p//word], [[FirefoxDriver: firefox on LINUX (358f877c-4143-452f-ab4d-589327eb2715)] -> xpath: //p//word], [[FirefoxDriver: firefox on LINUX (358f877c-4143-452f-ab4d-589327eb2715)] -> xpath: //p//word], [[FirefoxDriver: firefox on LINUX (358f877c-4143-452f-ab4d-589327eb2715)] -> xpath: //p//word], [[FirefoxDriver: firefox on LINUX (358f877c-4143-452f-ab4d-589327eb2715)] -> xpath: //p//word], [[FirefoxDriver: firefox on LINUX (358f877c-4143-452f-ab4d-589327eb2715)] -> xpath: //p//word], [[FirefoxDriver: firefox on LINUX (358f877c-4143-452f-ab4d-589327eb2715)] -> xpath: //p//word], [[FirefoxDriver: firefox on LINUX (358f877c-4143-452f-ab4d-589327eb2715)] -> xpath: //p//word], [[FirefoxDriver: firefox on LINUX (358f877c-4143-452f-ab4d-589327eb2715)] -> xpath: //p//word], [[FirefoxDriver: firefox on LINUX (358f877c-4143-452f-ab4d-589327eb2715)] -> xpath: //p//word], [[FirefoxDriver: firefox on LINUX (358f877c-4143-452f-ab4d-589327eb2715)] -> xpath: //p//word], [[FirefoxDriver: firefox on LINUX (358f877c-4143-452f-ab4d-589327eb2715)] -> xpath: //p//word], [[FirefoxDriver: firefox on LINUX (358f877c-4143-452f-ab4d-589327eb2715)] -> xpath: //p//word], [[FirefoxDriver: firefox on LINUX (358f877c-4143-452f-ab4d-589327eb2715)] -> xpath: //p//word], [[FirefoxDriver: firefox on LINUX (358f877c-4143-452f-ab4d-589327eb2715)] -> xpath: //p//word], [[FirefoxDriver: firefox on LINUX (358f877c-4143-452f-ab4d-589327eb2715)] -> xpath: //p//word], [[FirefoxDriver: firefox on LINUX (358f877c-4143-452f-ab4d-589327eb2715)] -> xpath: //p//word], [[FirefoxDriver: firefox on LINUX (358f877c-4143-452f-ab4d-589327eb2715)] -> xpath: //p//word], [[FirefoxDriver: firefox on LINUX (358f877c-4143-452f-ab4d-589327eb2715)] -> xpath: //p//word], [[FirefoxDriver: firefox on LINUX (358f877c-4143-452f-ab4d-589327eb2715)] -> xpath: //p//word], [[FirefoxDriver: firefox on LINUX (358f877c-4143-452f-ab4d-589327eb2715)] -> xpath: //p//word], [[FirefoxDriver: firefox on LINUX (358f877c-4143-452f-ab4d-589327eb2715)] -> xpath: //p//word], [[FirefoxDriver: firefox on LINUX (358f877c-4143-452f-ab4d-589327eb2715)] -> xpath: //p//word], [[FirefoxDriver: firefox on LINUX (358f877c-4143-452f-ab4d-589327eb2715)] -> xpath: //p//word], [[FirefoxDriver: firefox on LINUX (358f877c-4143-452f-ab4d-589327eb2715)] -> xpath: //p//word], [[FirefoxDriver: firefox on LINUX (358f877c-4143-452f-ab4d-589327eb2715)] -> xpath: //p//word], [[FirefoxDriver: firefox on LINUX (358f877c-4143-452f-ab4d-589327eb2715)] -> xpath: //p//word], [[FirefoxDriver: firefox on LINUX (358f877c-4143-452f-ab4d-589327eb2715)] -> xpath: //p//word], [[FirefoxDriver: firefox on LINUX (358f877c-4143-452f-ab4d-589327eb2715)] -> xpath: //p//word], [[FirefoxDriver: firefox on LINUX (358f877c-4143-452f-ab4d-589327eb2715)] -> xpath: //p//word], [[FirefoxDriver: firefox on LINUX (358f877c-4143-452f-ab4d-589327eb2715)] -> xpath: //p//word], [[FirefoxDriver: firefox on LINUX (358f877c-4143-452f-ab4d-589327eb2715)] -> xpath: //p//word], [[FirefoxDriver: firefox on LINUX (358f877c-4143-452f-ab4d-589327eb2715)] -> xpath: //p//word], [[FirefoxDriver: firefox on LINUX (358f877c-4143-452f-ab4d-589327eb2715)] -> xpath: //p//word], [[FirefoxDriver: firefox on LINUX (358f877c-4143-452f-ab4d-589327eb2715)] -> xpath: //p//word], [[FirefoxDriver: firefox on LINUX (358f877c-4143-452f-ab4d-589327eb2715)] -> xpath: //p//word], [[FirefoxDriver: firefox on LINUX (358f877c-4143-452f-ab4d-589327eb2715)] -> xpath: //p//word], [[FirefoxDriver: firefox on LINUX (358f877c-4143-452f-ab4d-589327eb2715)] -> xpath: //p//word], [[FirefoxDriver: firefox on LINUX (358f877c-4143-452f-ab4d-589327eb2715)] -> xpath: //p//word], [[FirefoxDriver: firefox on LINUX (358f877c-4143-452f-ab4d-589327eb2715)] -> xpath: //p//word], [[FirefoxDriver: firefox on LINUX (358f877c-4143-452f-ab4d-589327eb2715)] -> xpath: //p//word], [[FirefoxDriver: firefox on LINUX (358f877c-4143-452f-ab4d-589327eb2715)] -> xpath: //p//word], [[FirefoxDriver: firefox on LINUX (358f877c-4143-452f-ab4d-589327eb2715)] -> xpath: //p//word], [[FirefoxDriver: firefox on LINUX (358f877c-4143-452f-ab4d-589327eb2715)] -> xpath: //p//word], [[FirefoxDriver: firefox on LINUX (358f877c-4143-452f-ab4d-589327eb2715)] -> xpath: //p//word], [[FirefoxDriver: firefox on LINUX (358f877c-4143-452f-ab4d-589327eb2715)] -> xpath: //p//word], [[FirefoxDriver: firefox on LINUX (358f877c-4143-452f-ab4d-589327eb2715)] -> xpath: //p//word], [[FirefoxDriver: firefox on LINUX (358f877c-4143-452f-ab4d-589327eb2715)] -> xpath: //p//word], [[FirefoxDriver: firefox on LINUX (358f877c-4143-452f-ab4d-589327eb2715)] -> xpath: //p//word], [[FirefoxDriver: firefox on LINUX (358f877c-4143-452f-ab4d-589327eb2715)] -> xpath: //p//word], [[FirefoxDriver: firefox on LINUX (358f877c-4143-452f-ab4d-589327eb2715)] -> xpath: //p//word], [[FirefoxDriver: firefox on LINUX (358f877c-4143-452f-ab4d-589327eb2715)] -> xpath: //p//word], [[FirefoxDriver: firefox on LINUX (358f877c-4143-452f-ab4d-589327eb2715)] -> xpath: //p//word], [[FirefoxDriver: firefox on LINUX (358f877c-4143-452f-ab4d-589327eb2715)] -> xpath: //p//word], [[FirefoxDriver: firefox on LINUX (358f877c-4143-452f-ab4d-589327eb2715)] -> xpath: //p//word], [[FirefoxDriver: firefox on LINUX (358f877c-4143-452f-ab4d-589327eb2715)] -> xpath: //p//word], [[FirefoxDriver: firefox on LINUX (358f877c-4143-452f-ab4d-589327eb2715)] -> xpath: //p//word], [[FirefoxDriver: firefox on LINUX (358f877c-4143-452f-ab4d-589327eb2715)] -> xpath: //p//word], [[FirefoxDriver: firefox on LINUX (358f877c-4143-452f-ab4d-589327eb2715)] -> xpath: //p//word], [[FirefoxDriver: firefox on LINUX (358f877c-4143-452f-ab4d-589327eb2715)] -> xpath: //p//word], [[FirefoxDriver: firefox on LINUX (358f877c-4143-452f-ab4d-589327eb2715)] -> xpath: //p//word], [[FirefoxDriver: firefox on LINUX (358f877c-4143-452f-ab4d-589327eb2715)] -> xpath: //p//word], [[FirefoxDriver: firefox on LINUX (358f877c-4143-452f-ab4d-589327eb2715)] -> xpath: //p//word], [[FirefoxDriver: firefox on LINUX (358f877c-4143-452f-ab4d-589327eb2715)] -> xpath: //p//word], [[FirefoxDriver: firefox on LINUX (358f877c-4143-452f-ab4d-589327eb2715)] -> xpath: //p//word], [[FirefoxDriver: firefox on LINUX (358f877c-4143-452f-ab4d-589327eb2715)] -> xpath: //p//word], [[FirefoxDriver: firefox on LINUX (358f877c-4143-452f-ab4d-589327eb2715)] -> xpath: //p//word], [[FirefoxDriver: firefox on LINUX (358f877c-4143-452f-ab4d-589327eb2715)] -> xpath: //p//word], [[FirefoxDriver: firefox on LINUX (358f877c-4143-452f-ab4d-589327eb2715)] -> xpath: //p//word], [[FirefoxDriver: firefox on LINUX (358f877c-4143-452f-ab4d-589327eb2715)] -> xpath: //p//word], [[FirefoxDriver: firefox on LINUX (358f877c-4143-452f-ab4d-589327eb2715)] -> xpath: //p//word], [[FirefoxDriver: firefox on LINUX (358f877c-4143-452f-ab4d-589327eb2715)] -> xpath: //p//word], [[FirefoxDriver: firefox on LINUX (358f877c-4143-452f-ab4d-589327eb2715)] -> xpath: //p//word], [[FirefoxDriver: firefox on LINUX (358f877c-4143-452f-ab4d-589327eb2715)] -> xpath: //p//word], [[FirefoxDriver: firefox on LINUX (358f877c-4143-452f-ab4d-589327eb2715)] -> xpath: //p//word], [[FirefoxDriver: firefox on LINUX (358f877c-4143-452f-ab4d-589327eb2715)] -> xpath: //p//word], [[FirefoxDriver: firefox on LINUX (358f877c-4143-452f-ab4d-589327eb2715)] -> xpath: //p//word], [[FirefoxDriver: firefox on LINUX (358f877c-4143-452f-ab4d-589327eb2715)] -> xpath: //p//word], [[FirefoxDriver: firefox on LINUX (358f877c-4143-452f-ab4d-589327eb2715)] -> xpath: //p//word], [[FirefoxDriver: firefox on LINUX (358f877c-4143-452f-ab4d-589327eb2715)] -> xpath: //p//word], [[FirefoxDriver: firefox on LINUX (358f877c-4143-452f-ab4d-589327eb2715)] -> xpath: //p//word], [[FirefoxDriver: firefox on LINUX (358f877c-4143-452f-ab4d-589327eb2715)] -> xpath: //p//word], [[FirefoxDriver: firefox on LINUX (358f877c-4143-452f-ab4d-589327eb2715)] -> xpath: //p//word], [[FirefoxDriver: firefox on LINUX (358f877c-4143-452f-ab4d-589327eb2715)] -> xpath: //p//word], [[FirefoxDriver: firefox on LINUX (358f877c-4143-452f-ab4d-589327eb2715)] -> xpath: //p//word], [[FirefoxDriver: firefox on LINUX (358f877c-4143-452f-ab4d-589327eb2715)] -> xpath: //p//word], [[FirefoxDriver: firefox on LINUX (358f877c-4143-452f-ab4d-589327eb2715)] -> xpath: //p//word], [[FirefoxDriver: firefox on LINUX (358f877c-4143-452f-ab4d-589327eb2715)] -> xpath: //p//word], [[FirefoxDriver: firefox on LINUX (358f877c-4143-452f-ab4d-589327eb2715)] -> xpath: //p//word], [[FirefoxDriver: firefox on LINUX (358f877c-4143-452f-ab4d-589327eb2715)] -> xpath: //p//word], [[FirefoxDriver: firefox on LINUX (358f877c-4143-452f-ab4d-589327eb2715)] -> xpath: //p//word], [[FirefoxDriver: firefox on LINUX (358f877c-4143-452f-ab4d-589327eb2715)] -> xpath: //p//word], [[FirefoxDriver: firefox on LINUX (358f877c-4143-452f-ab4d-589327eb2715)] -> xpath: //p//word], [[FirefoxDriver: firefox on LINUX (358f877c-4143-452f-ab4d-589327eb2715)] -> xpath: //p//word], [[FirefoxDriver: firefox on LINUX (358f877c-4143-452f-ab4d-589327eb2715)] -> xpath: //p//word], [[FirefoxDriver: firefox on LINUX (358f877c-4143-452f-ab4d-589327eb2715)] -> xpath: //p//word], [[FirefoxDriver: firefox on LINUX (358f877c-4143-452f-ab4d-589327eb2715)] -> xpath: //p//word], [[FirefoxDriver: firefox on LINUX (358f877c-4143-452f-ab4d-589327eb2715)] -> xpath: //p//word], [[FirefoxDriver: firefox on LINUX (358f877c-4143-452f-ab4d-589327eb2715)] -> xpath: //p//word], [[FirefoxDriver: firefox on LINUX (358f877c-4143-452f-ab4d-589327eb2715)] -> xpath: //p//word], [[FirefoxDriver: firefox on LINUX (358f877c-4143-452f-ab4d-589327eb2715)] -> xpath: //p//word], [[FirefoxDriver: firefox on LINUX (358f877c-4143-452f-ab4d-589327eb2715)] -> xpath: //p//word], [[FirefoxDriver: firefox on LINUX (358f877c-4143-452f-ab4d-589327eb2715)] -> xpath: //p//word], [[FirefoxDriver: firefox on LINUX (358f877c-4143-452f-ab4d-589327eb2715)] -> xpath: //p//word], [[FirefoxDriver: firefox on LINUX (358f877c-4143-452f-ab4d-589327eb2715)] -> xpath: //p//word], [[FirefoxDriver: firefox on LINUX (358f877c-4143-452f-ab4d-589327eb2715)] -> xpath: //p//word], [[FirefoxDriver: firefox on LINUX (358f877c-4143-452f-ab4d-589327eb2715)] -> xpath: //p//word], [[FirefoxDriver: firefox on LINUX (358f877c-4143-452f-ab4d-589327eb2715)] -> xpath: //p//word], [[FirefoxDriver: firefox on LINUX (358f877c-4143-452f-ab4d-589327eb2715)] -> xpath: //p//word], [[FirefoxDriver: firefox on LINUX (358f877c-4143-452f-ab4d-589327eb2715)] -> xpath: //p//word], [[FirefoxDriver: firefox on LINUX (358f877c-4143-452f-ab4d-589327eb2715)] -> xpath: //p//word], [[FirefoxDriver: firefox on LINUX (358f877c-4143-452f-ab4d-589327eb2715)] -> xpath: //p//word], [[FirefoxDriver: firefox on LINUX (358f877c-4143-452f-ab4d-589327eb2715)] -> xpath: //p//word], [[FirefoxDriver: firefox on LINUX (358f877c-4143-452f-ab4d-589327eb2715)] -> xpath: //p//word], [[FirefoxDriver: firefox on LINUX (358f877c-4143-452f-ab4d-589327eb2715)] -> xpath: //p//word], [[FirefoxDriver: firefox on LINUX (358f877c-4143-452f-ab4d-589327eb2715)] -> xpath: //p//word], [[FirefoxDriver: firefox on LINUX (358f877c-4143-452f-ab4d-589327eb2715)] -> xpath: //p//word], [[FirefoxDriver: firefox on LINUX (358f877c-4143-452f-ab4d-589327eb2715)] -> xpath: //p//word], [[FirefoxDriver: firefox on LINUX (358f877c-4143-452f-ab4d-589327eb2715)] -> xpath: //p//word], [[FirefoxDriver: firefox on LINUX (358f877c-4143-452f-ab4d-589327eb2715)] -> xpath: //p//word], [[FirefoxDriver: firefox on LINUX (358f877c-4143-452f-ab4d-589327eb2715)] -> xpath: //p//word], [[FirefoxDriver: firefox on LINUX (358f877c-4143-452f-ab4d-589327eb2715)] -> xpath: //p//word], [[FirefoxDriver: firefox on LINUX (358f877c-4143-452f-ab4d-589327eb2715)] -> xpath: //p//word], [[FirefoxDriver: firefox on LINUX (358f877c-4143-452f-ab4d-589327eb2715)] -> xpath: //p//word], [[FirefoxDriver: firefox on LINUX (358f877c-4143-452f-ab4d-589327eb2715)] -> xpath: //p//word], [[FirefoxDriver: firefox on LINUX (358f877c-4143-452f-ab4d-589327eb2715)] -> xpath: //p//word], [[FirefoxDriver: firefox on LINUX (358f877c-4143-452f-ab4d-589327eb2715)] -> xpath: //p//word], [[FirefoxDriver: firefox on LINUX (358f877c-4143-452f-ab4d-589327eb2715)] -> xpath: //p//word], [[FirefoxDriver: firefox on LINUX (358f877c-4143-452f-ab4d-589327eb2715)] -> xpath: //p//word], [[FirefoxDriver: firefox on LINUX (358f877c-4143-452f-ab4d-589327eb2715)] -> xpath: //p//word], [[FirefoxDriver: firefox on LINUX (358f877c-4143-452f-ab4d-589327eb2715)] -> xpath: //p//word], [[FirefoxDriver: firefox on LINUX (358f877c-4143-452f-ab4d-589327eb2715)] -> xpath: //p//word], [[FirefoxDriver: firefox on LINUX (358f877c-4143-452f-ab4d-589327eb2715)] -> xpath: //p//word], [[FirefoxDriver: firefox on LINUX (358f877c-4143-452f-ab4d-589327eb2715)] -> xpath: //p//word], [[FirefoxDriver: firefox on LINUX (358f877c-4143-452f-ab4d-589327eb2715)] -> xpath: //p//word], [[FirefoxDriver: firefox on LINUX (358f877c-4143-452f-ab4d-589327eb2715)] -> xpath: //p//word], [[FirefoxDriver: firefox on LINUX (358f877c-4143-452f-ab4d-589327eb2715)] -> xpath: //p//word], [[FirefoxDriver: firefox on LINUX (358f877c-4143-452f-ab4d-589327eb2715)] -> xpath: //p//word], [[FirefoxDriver: firefox on LINUX (358f877c-4143-452f-ab4d-589327eb2715)] -> xpath: //p//word], [[FirefoxDriver: firefox on LINUX (358f877c-4143-452f-ab4d-589327eb2715)] -> xpath: //p//word], [[FirefoxDriver: firefox on LINUX (358f877c-4143-452f-ab4d-589327eb2715)] -> xpath: //p//word], [[FirefoxDriver: firefox on LINUX (358f877c-4143-452f-ab4d-589327eb2715)] -> xpath: //p//word], [[FirefoxDriver: firefox on LINUX (358f877c-4143-452f-ab4d-589327eb2715)] -> xpath: //p//word], [[FirefoxDriver: firefox on LINUX (358f877c-4143-452f-ab4d-589327eb2715)] -> xpath: //p//word], [[FirefoxDriver: firefox on LINUX (358f877c-4143-452f-ab4d-589327eb2715)] -> xpath: //p//word], [[FirefoxDriver: firefox on LINUX (358f877c-4143-452f-ab4d-589327eb2715)] -> xpath: //p//word], [[FirefoxDriver: firefox on LINUX (358f877c-4143-452f-ab4d-589327eb2715)] -> xpath: //p//word], [[FirefoxDriver: firefox on LINUX (358f877c-4143-452f-ab4d-589327eb2715)] -> xpath: //p//word], [[FirefoxDriver: firefox on LINUX (358f877c-4143-452f-ab4d-589327eb2715)] -> xpath: //p//word], [[FirefoxDriver: firefox on LINUX (358f877c-4143-452f-ab4d-589327eb2715)] -> xpath: //p//word], [[FirefoxDriver: firefox on LINUX (358f877c-4143-452f-ab4d-589327eb2715)] -> xpath: //p//word], [[FirefoxDriver: firefox on LINUX (358f877c-4143-452f-ab4d-589327eb2715)] -> xpath: //p//word], [[FirefoxDriver: firefox on LINUX (358f877c-4143-452f-ab4d-589327eb2715)] -> xpath: //p//word], [[FirefoxDriver: firefox on LINUX (358f877c-4143-452f-ab4d-589327eb2715)] -> xpath: //p//word], [[FirefoxDriver: firefox on LINUX (358f877c-4143-452f-ab4d-589327eb2715)] -> xpath: //p//word], [[FirefoxDriver: firefox on LINUX (358f877c-4143-452f-ab4d-589327eb2715)] -> xpath: //p//word], [[FirefoxDriver: firefox on LINUX (358f877c-4143-452f-ab4d-589327eb2715)] -> xpath: //p//word], [[FirefoxDriver: firefox on LINUX (358f877c-4143-452f-ab4d-589327eb2715)] -> xpath: //p//word], [[FirefoxDriver: firefox on LINUX (358f877c-4143-452f-ab4d-589327eb2715)] -> xpath: //p//word], [[FirefoxDriver: firefox on LINUX (358f877c-4143-452f-ab4d-589327eb2715)] -> xpath: //p//word], [[FirefoxDriver: firefox on LINUX (358f877c-4143-452f-ab4d-589327eb2715)] -> xpath: //p//word], [[FirefoxDriver: firefox on LINUX (358f877c-4143-452f-ab4d-589327eb2715)] -> xpath: //p//word], [[FirefoxDriver: firefox on LINUX (358f877c-4143-452f-ab4d-589327eb2715)] -> xpath: //p//word], [[FirefoxDriver: firefox on LINUX (358f877c-4143-452f-ab4d-589327eb2715)] -> xpath: //p//word], [[FirefoxDriver: firefox on LINUX (358f877c-4143-452f-ab4d-589327eb2715)] -> xpath: //p//word], [[FirefoxDriver: firefox on LINUX (358f877c-4143-452f-ab4d-589327eb2715)] -> xpath: //p//word], [[FirefoxDriver: firefox on LINUX (358f877c-4143-452f-ab4d-589327eb2715)] -> xpath: //p//word], [[FirefoxDriver: firefox on LINUX (358f877c-4143-452f-ab4d-589327eb2715)] -> xpath: //p//word], [[FirefoxDriver: firefox on LINUX (358f877c-4143-452f-ab4d-589327eb2715)] -> xpath: //p//word], [[FirefoxDriver: firefox on LINUX (358f877c-4143-452f-ab4d-589327eb2715)] -> xpath: //p//word], [[FirefoxDriver: firefox on LINUX (358f877c-4143-452f-ab4d-589327eb2715)] -> xpath: //p//word], [[FirefoxDriver: firefox on LINUX (358f877c-4143-452f-ab4d-589327eb2715)] -> xpath: //p//word], [[FirefoxDriver: firefox on LINUX (358f877c-4143-452f-ab4d-589327eb2715)] -> xpath: //p//word], [[FirefoxDriver: firefox on LINUX (358f877c-4143-452f-ab4d-589327eb2715)] -> xpath: //p//word], [[FirefoxDriver: firefox on LINUX (358f877c-4143-452f-ab4d-589327eb2715)] -> xpath: //p//word], [[FirefoxDriver: firefox on LINUX (358f877c-4143-452f-ab4d-589327eb2715)] -> xpath: //p//word], [[FirefoxDriver: firefox on LINUX (358f877c-4143-452f-ab4d-589327eb2715)] -> xpath: //p//word], [[FirefoxDriver: firefox on LINUX (358f877c-4143-452f-ab4d-589327eb2715)] -> xpath: //p//word], [[FirefoxDriver: firefox on LINUX (358f877c-4143-452f-ab4d-589327eb2715)] -> xpath: //p//word], [[FirefoxDriver: firefox on LINUX (358f877c-4143-452f-ab4d-589327eb2715)] -> xpath: //p//word], [[FirefoxDriver: firefox on LINUX (358f877c-4143-452f-ab4d-589327eb2715)] -> xpath: //p//word], [[FirefoxDriver: firefox on LINUX (358f877c-4143-452f-ab4d-589327eb2715)] -> xpath: //p//word], [[FirefoxDriver: firefox on LINUX (358f877c-4143-452f-ab4d-589327eb2715)] -> xpath: //p//word], [[FirefoxDriver: firefox on LINUX (358f877c-4143-452f-ab4d-589327eb2715)] -> xpath: //p//word], [[FirefoxDriver: firefox on LINUX (358f877c-4143-452f-ab4d-589327eb2715)] -> xpath: //p//word], [[FirefoxDriver: firefox on LINUX (358f877c-4143-452f-ab4d-589327eb2715)] -> xpath: //p//word], [[FirefoxDriver: firefox on LINUX (358f877c-4143-452f-ab4d-589327eb2715)] -> xpath: //p//word], [[FirefoxDriver: firefox on LINUX (358f877c-4143-452f-ab4d-589327eb2715)] -> xpath: //p//word], [[FirefoxDriver: firefox on LINUX (358f877c-4143-452f-ab4d-589327eb2715)] -> xpath: //p//word], [[FirefoxDriver: firefox on LINUX (358f877c-4143-452f-ab4d-589327eb2715)] -> xpath: //p//word], [[FirefoxDriver: firefox on LINUX (358f877c-4143-452f-ab4d-589327eb2715)] -> xpath: //p//word], [[FirefoxDriver: firefox on LINUX (358f877c-4143-452f-ab4d-589327eb2715)] -> xpath: //p//word], [[FirefoxDriver: firefox on LINUX (358f877c-4143-452f-ab4d-589327eb2715)] -> xpath: //p//word], [[FirefoxDriver: firefox on LINUX (358f877c-4143-452f-ab4d-589327eb2715)] -> xpath: //p//word], [[FirefoxDriver: firefox on LINUX (358f877c-4143-452f-ab4d-589327eb2715)] -> xpath: //p//word], [[FirefoxDriver: firefox on LINUX (358f877c-4143-452f-ab4d-589327eb2715)] -> xpath: //p//word], [[FirefoxDriver: firefox on LINUX (358f877c-4143-452f-ab4d-589327eb2715)] -> xpath: //p//word], [[FirefoxDriver: firefox on LINUX (358f877c-4143-452f-ab4d-589327eb2715)] -> xpath: //p//word], [[FirefoxDriver: firefox on LINUX (358f877c-4143-452f-ab4d-589327eb2715)] -> xpath: //p//word], [[FirefoxDriver: firefox on LINUX (358f877c-4143-452f-ab4d-589327eb2715)] -> xpath: //p//word], [[FirefoxDriver: firefox on LINUX (358f877c-4143-452f-ab4d-589327eb2715)] -> xpath: //p//word], [[FirefoxDriver: firefox on LINUX (358f877c-4143-452f-ab4d-589327eb2715)] -> xpath: //p//word], [[FirefoxDriver: firefox on LINUX (358f877c-4143-452f-ab4d-589327eb2715)] -> xpath: //p//word], [[FirefoxDriver: firefox on LINUX (358f877c-4143-452f-ab4d-589327eb2715)] -> xpath: //p//word], [[FirefoxDriver: firefox on LINUX (358f877c-4143-452f-ab4d-589327eb2715)] -> xpath: //p//word], [[FirefoxDriver: firefox on LINUX (358f877c-4143-452f-ab4d-589327eb2715)] -> xpath: //p//word], [[FirefoxDriver: firefox on LINUX (358f877c-4143-452f-ab4d-589327eb2715)] -> xpath: //p//word], [[FirefoxDriver: firefox on LINUX (358f877c-4143-452f-ab4d-589327eb2715)] -> xpath: //p//word], [[FirefoxDriver: firefox on LINUX (358f877c-4143-452f-ab4d-589327eb2715)] -> xpath: //p//word], [[FirefoxDriver: firefox on LINUX (358f877c-4143-452f-ab4d-589327eb2715)] -> xpath: //p//word], [[FirefoxDriver: firefox on LINUX (358f877c-4143-452f-ab4d-589327eb2715)] -> xpath: //p//word], [[FirefoxDriver: firefox on LINUX (358f877c-4143-452f-ab4d-589327eb2715)] -> xpath: //p//word], [[FirefoxDriver: firefox on LINUX (358f877c-4143-452f-ab4d-589327eb2715)] -> xpath: //p//word], [[FirefoxDriver: firefox on LINUX (358f877c-4143-452f-ab4d-589327eb2715)] -> xpath: //p//word], [[FirefoxDriver: firefox on LINUX (358f877c-4143-452f-ab4d-589327eb2715)] -> xpath: //p//word], [[FirefoxDriver: firefox on LINUX (358f877c-4143-452f-ab4d-589327eb2715)] -> xpath: //p//word], [[FirefoxDriver: firefox on LINUX (358f877c-4143-452f-ab4d-589327eb2715)] -> xpath: //p//word], [[FirefoxDriver: firefox on LINUX (358f877c-4143-452f-ab4d-589327eb2715)] -> xpath: //p//word], [[FirefoxDriver: firefox on LINUX (358f877c-4143-452f-ab4d-589327eb2715)] -> xpath: //p//word], [[FirefoxDriver: firefox on LINUX (358f877c-4143-452f-ab4d-589327eb2715)] -> xpath: //p//word], [[FirefoxDriver: firefox on LINUX (358f877c-4143-452f-ab4d-589327eb2715)] -> xpath: //p//word], [[FirefoxDriver: firefox on LINUX (358f877c-4143-452f-ab4d-589327eb2715)] -> xpath: //p//word], [[FirefoxDriver: firefox on LINUX (358f877c-4143-452f-ab4d-589327eb2715)] -> xpath: //p//word], [[FirefoxDriver: firefox on LINUX (358f877c-4143-452f-ab4d-589327eb2715)] -> xpath: //p//word], [[FirefoxDriver: firefox on LINUX (358f877c-4143-452f-ab4d-589327eb2715)] -> xpath: //p//word], [[FirefoxDriver: firefox on LINUX (358f877c-4143-452f-ab4d-589327eb2715)] -> xpath: //p//word], [[FirefoxDriver: firefox on LINUX (358f877c-4143-452f-ab4d-589327eb2715)] -> xpath: //p//word], [[FirefoxDriver: firefox on LINUX (358f877c-4143-452f-ab4d-589327eb2715)] -> xpath: //p//word], [[FirefoxDriver: firefox on LINUX (358f877c-4143-452f-ab4d-589327eb2715)] -> xpath: //p//word], [[FirefoxDriver: firefox on LINUX (358f877c-4143-452f-ab4d-589327eb2715)] -> xpath: //p//word], [[FirefoxDriver: firefox on LINUX (358f877c-4143-452f-ab4d-589327eb2715)] -> xpath: //p//word], [[FirefoxDriver: firefox on LINUX (358f877c-4143-452f-ab4d-589327eb2715)] -> xpath: //p//word], [[FirefoxDriver: firefox on LINUX (358f877c-4143-452f-ab4d-589327eb2715)] -> xpath: //p//word], [[FirefoxDriver: firefox on LINUX (358f877c-4143-452f-ab4d-589327eb2715)] -> xpath: //p//word], [[FirefoxDriver: firefox on LINUX (358f877c-4143-452f-ab4d-589327eb2715)] -> xpath: //p//word], [[FirefoxDriver: firefox on LINUX (358f877c-4143-452f-ab4d-589327eb2715)] -> xpath: //p//word], [[FirefoxDriver: firefox on LINUX (358f877c-4143-452f-ab4d-589327eb2715)] -> xpath: //p//word], [[FirefoxDriver: firefox on LINUX (358f877c-4143-452f-ab4d-589327eb2715)] -> xpath: //p//word], [[FirefoxDriver: firefox on LINUX (358f877c-4143-452f-ab4d-589327eb2715)] -> xpath: //p//word], [[FirefoxDriver: firefox on LINUX (358f877c-4143-452f-ab4d-589327eb2715)] -> xpath: //p//word], [[FirefoxDriver: firefox on LINUX (358f877c-4143-452f-ab4d-589327eb2715)] -> xpath: //p//word], [[FirefoxDriver: firefox on LINUX (358f877c-4143-452f-ab4d-589327eb2715)] -> xpath: //p//word], [[FirefoxDriver: firefox on LINUX (358f877c-4143-452f-ab4d-589327eb2715)] -> xpath: //p//word], [[FirefoxDriver: firefox on LINUX (358f877c-4143-452f-ab4d-589327eb2715)] -> xpath: //p//word], [[FirefoxDriver: firefox on LINUX (358f877c-4143-452f-ab4d-589327eb2715)] -> xpath: //p//word], [[FirefoxDriver: firefox on LINUX (358f877c-4143-452f-ab4d-589327eb2715)] -> xpath: //p//word], [[FirefoxDriver: firefox on LINUX (358f877c-4143-452f-ab4d-589327eb2715)] -> xpath: //p//word], [[FirefoxDriver: firefox on LINUX (358f877c-4143-452f-ab4d-589327eb2715)] -> xpath: //p//word], [[FirefoxDriver: firefox on LINUX (358f877c-4143-452f-ab4d-589327eb2715)] -> xpath: //p//word], [[FirefoxDriver: firefox on LINUX (358f877c-4143-452f-ab4d-589327eb2715)] -> xpath: //p//word], [[FirefoxDriver: firefox on LINUX (358f877c-4143-452f-ab4d-589327eb2715)] -> xpath: //p//word], [[FirefoxDriver: firefox on LINUX (358f877c-4143-452f-ab4d-589327eb2715)] -> xpath: //p//word], [[FirefoxDriver: firefox on LINUX (358f877c-4143-452f-ab4d-589327eb2715)] -> xpath: //p//word], [[FirefoxDriver: firefox on LINUX (358f877c-4143-452f-ab4d-589327eb2715)] -> xpath: //p//word], [[FirefoxDriver: firefox on LINUX (358f877c-4143-452f-ab4d-589327eb2715)] -> xpath: //p//word], [[FirefoxDriver: firefox on LINUX (358f877c-4143-452f-ab4d-589327eb2715)] -> xpath: //p//word], [[FirefoxDriver: firefox on LINUX (358f877c-4143-452f-ab4d-589327eb2715)] -> xpath: //p//word], [[FirefoxDriver: firefox on LINUX (358f877c-4143-452f-ab4d-589327eb2715)] -> xpath: //p//word], [[FirefoxDriver: firefox on LINUX (358f877c-4143-452f-ab4d-589327eb2715)] -> xpath: //p//word], [[FirefoxDriver: firefox on LINUX (358f877c-4143-452f-ab4d-589327eb2715)] -> xpath: //p//word], [[FirefoxDriver: firefox on LINUX (358f877c-4143-452f-ab4d-589327eb2715)] -> xpath: //p//word], [[FirefoxDriver: firefox on LINUX (358f877c-4143-452f-ab4d-589327eb2715)] -> xpath: //p//word], [[FirefoxDriver: firefox on LINUX (358f877c-4143-452f-ab4d-589327eb2715)] -> xpath: //p//word], [[FirefoxDriver: firefox on LINUX (358f877c-4143-452f-ab4d-589327eb2715)] -> xpath: //p//word], [[FirefoxDriver: firefox on LINUX (358f877c-4143-452f-ab4d-589327eb2715)] -> xpath: //p//word], [[FirefoxDriver: firefox on LINUX (358f877c-4143-452f-ab4d-589327eb2715)] -> xpath: //p//word], [[FirefoxDriver: firefox on LINUX (358f877c-4143-452f-ab4d-589327eb2715)] -> xpath: //p//word], [[FirefoxDriver: firefox on LINUX (358f877c-4143-452f-ab4d-589327eb2715)] -> xpath: //p//word], [[FirefoxDriver: firefox on LINUX (358f877c-4143-452f-ab4d-589327eb2715)] -> xpath: //p//word], [[FirefoxDriver: firefox on LINUX (358f877c-4143-452f-ab4d-589327eb2715)] -> xpath: //p//word], [[FirefoxDriver: firefox on LINUX (358f877c-4143-452f-ab4d-589327eb2715)] -> xpath: //p//word], [[FirefoxDriver: firefox on LINUX (358f877c-4143-452f-ab4d-589327eb2715)] -> xpath: //p//word], [[FirefoxDriver: firefox on LINUX (358f877c-4143-452f-ab4d-589327eb2715)] -> xpath: //p//word], [[FirefoxDriver: firefox on LINUX (358f877c-4143-452f-ab4d-589327eb2715)] -> xpath: //p//word], [[FirefoxDriver: firefox on LINUX (358f877c-4143-452f-ab4d-589327eb2715)] -> xpath: //p//word], [[FirefoxDriver: firefox on LINUX (358f877c-4143-452f-ab4d-589327eb2715)] -> xpath: //p//word], [[FirefoxDriver: firefox on LINUX (358f877c-4143-452f-ab4d-589327eb2715)] -> xpath: //p//word], [[FirefoxDriver: firefox on LINUX (358f877c-4143-452f-ab4d-589327eb2715)] -> xpath: //p//word], [[FirefoxDriver: firefox on LINUX (358f877c-4143-452f-ab4d-589327eb2715)] -> xpath: //p//word], [[FirefoxDriver: firefox on LINUX (358f877c-4143-452f-ab4d-589327eb2715)] -> xpath: //p//word], [[FirefoxDriver: firefox on LINUX (358f877c-4143-452f-ab4d-589327eb2715)] -> xpath: //p//word], [[FirefoxDriver: firefox on LINUX (358f877c-4143-452f-ab4d-589327eb2715)] -> xpath: //p//word], [[FirefoxDriver: firefox on LINUX (358f877c-4143-452f-ab4d-589327eb2715)] -> xpath: //p//word], [[FirefoxDriver: firefox on LINUX (358f877c-4143-452f-ab4d-589327eb2715)] -> xpath: //p//word], [[FirefoxDriver: firefox on LINUX (358f877c-4143-452f-ab4d-589327eb2715)] -> xpath: //p//word], [[FirefoxDriver: firefox on LINUX (358f877c-4143-452f-ab4d-589327eb2715)] -> xpath: //p//word], [[FirefoxDriver: firefox on LINUX (358f877c-4143-452f-ab4d-589327eb2715)] -> xpath: //p//word], [[FirefoxDriver: firefox on LINUX (358f877c-4143-452f-ab4d-589327eb2715)] -> xpath: //p//word], [[FirefoxDriver: firefox on LINUX (358f877c-4143-452f-ab4d-589327eb2715)] -> xpath: //p//word], [[FirefoxDriver: firefox on LINUX (358f877c-4143-452f-ab4d-589327eb2715)] -> xpath: //p//word], [[FirefoxDriver: firefox on LINUX (358f877c-4143-452f-ab4d-589327eb2715)] -> xpath: //p//word], [[FirefoxDriver: firefox on LINUX (358f877c-4143-452f-ab4d-589327eb2715)] -> xpath: //p//word], [[FirefoxDriver: firefox on LINUX (358f877c-4143-452f-ab4d-589327eb2715)] -> xpath: //p//word], [[FirefoxDriver: firefox on LINUX (358f877c-4143-452f-ab4d-589327eb2715)] -> xpath: //p//word], [[FirefoxDriver: firefox on LINUX (358f877c-4143-452f-ab4d-589327eb2715)] -> xpath: //p//word], [[FirefoxDriver: firefox on LINUX (358f877c-4143-452f-ab4d-589327eb2715)] -> xpath: //p//word], [[FirefoxDriver: firefox on LINUX (358f877c-4143-452f-ab4d-589327eb2715)] -> xpath: //p//word], [[FirefoxDriver: firefox on LINUX (358f877c-4143-452f-ab4d-589327eb2715)] -> xpath: //p//word], [[FirefoxDriver: firefox on LINUX (358f877c-4143-452f-ab4d-589327eb2715)] -> xpath: //p//word], [[FirefoxDriver: firefox on LINUX (358f877c-4143-452f-ab4d-589327eb2715)] -> xpath: //p//word], [[FirefoxDriver: firefox on LINUX (358f877c-4143-452f-ab4d-589327eb2715)] -> xpath: //p//word], [[FirefoxDriver: firefox on LINUX (358f877c-4143-452f-ab4d-589327eb2715)] -> xpath: //p//word], [[FirefoxDriver: firefox on LINUX (358f877c-4143-452f-ab4d-589327eb2715)] -> xpath: //p//word], [[FirefoxDriver: firefox on LINUX (358f877c-4143-452f-ab4d-589327eb2715)] -> xpath: //p//word], [[FirefoxDriver: firefox on LINUX (358f877c-4143-452f-ab4d-589327eb2715)] -> xpath: //p//word], [[FirefoxDriver: firefox on LINUX (358f877c-4143-452f-ab4d-589327eb2715)] -> xpath: //p//word], [[FirefoxDriver: firefox on LINUX (358f877c-4143-452f-ab4d-589327eb2715)] -> xpath: //p//word], [[FirefoxDriver: firefox on LINUX (358f877c-4143-452f-ab4d-589327eb2715)] -> xpath: //p//word], [[FirefoxDriver: firefox on LINUX (358f877c-4143-452f-ab4d-589327eb2715)] -> xpath: //p//word], [[FirefoxDriver: firefox on LINUX (358f877c-4143-452f-ab4d-589327eb2715)] -> xpath: //p//word], [[FirefoxDriver: firefox on LINUX (358f877c-4143-452f-ab4d-589327eb2715)] -> xpath: //p//word], [[FirefoxDriver: firefox on LINUX (358f877c-4143-452f-ab4d-589327eb2715)] -> xpath: //p//word], [[FirefoxDriver: firefox on LINUX (358f877c-4143-452f-ab4d-589327eb2715)] -> xpath: //p//word], [[FirefoxDriver: firefox on LINUX (358f877c-4143-452f-ab4d-589327eb2715)] -> xpath: //p//word], [[FirefoxDriver: firefox on LINUX (358f877c-4143-452f-ab4d-589327eb2715)] -> xpath: //p//word], [[FirefoxDriver: firefox on LINUX (358f877c-4143-452f-ab4d-589327eb2715)] -> xpath: //p//word], [[FirefoxDriver: firefox on LINUX (358f877c-4143-452f-ab4d-589327eb2715)] -> xpath: //p//word], [[FirefoxDriver: firefox on LINUX (358f877c-4143-452f-ab4d-589327eb2715)] -> xpath: //p//word], [[FirefoxDriver: firefox on LINUX (358f877c-4143-452f-ab4d-589327eb2715)] -> xpath: //p//word], [[FirefoxDriver: firefox on LINUX (358f877c-4143-452f-ab4d-589327eb2715)] -> xpath: //p//word], [[FirefoxDriver: firefox on LINUX (358f877c-4143-452f-ab4d-589327eb2715)] -> xpath: //p//word], [[FirefoxDriver: firefox on LINUX (358f877c-4143-452f-ab4d-589327eb2715)] -> xpath: //p//word], [[FirefoxDriver: firefox on LINUX (358f877c-4143-452f-ab4d-589327eb2715)] -> xpath: //p//word], [[FirefoxDriver: firefox on LINUX (358f877c-4143-452f-ab4d-589327eb2715)] -> xpath: //p//word], [[FirefoxDriver: firefox on LINUX (358f877c-4143-452f-ab4d-589327eb2715)] -> xpath: //p//word], [[FirefoxDriver: firefox on LINUX (358f877c-4143-452f-ab4d-589327eb2715)] -> xpath: //p//word], [[FirefoxDriver: firefox on LINUX (358f877c-4143-452f-ab4d-589327eb2715)] -> xpath: //p//word], [[FirefoxDriver: firefox on LINUX (358f877c-4143-452f-ab4d-589327eb2715)] -> xpath: //p//word], [[FirefoxDriver: firefox on LINUX (358f877c-4143-452f-ab4d-589327eb2715)] -> xpath: //p//word], [[FirefoxDriver: firefox on LINUX (358f877c-4143-452f-ab4d-589327eb2715)] -> xpath: //p//word], [[FirefoxDriver: firefox on LINUX (358f877c-4143-452f-ab4d-589327eb2715)] -> xpath: //p//word], [[FirefoxDriver: firefox on LINUX (358f877c-4143-452f-ab4d-589327eb2715)] -> xpath: //p//word], [[FirefoxDriver: firefox on LINUX (358f877c-4143-452f-ab4d-589327eb2715)] -> xpath: //p//word], [[FirefoxDriver: firefox on LINUX (358f877c-4143-452f-ab4d-589327eb2715)] -> xpath: //p//word], [[FirefoxDriver: firefox on LINUX (358f877c-4143-452f-ab4d-589327eb2715)] -> xpath: //p//word], [[FirefoxDriver: firefox on LINUX (358f877c-4143-452f-ab4d-589327eb2715)] -> xpath: //p//word], [[FirefoxDriver: firefox on LINUX (358f877c-4143-452f-ab4d-589327eb2715)] -> xpath: //p//word], [[FirefoxDriver: firefox on LINUX (358f877c-4143-452f-ab4d-589327eb2715)] -> xpath: //p//word], [[FirefoxDriver: firefox on LINUX (358f877c-4143-452f-ab4d-589327eb2715)] -> xpath: //p//word], [[FirefoxDriver: firefox on LINUX (358f877c-4143-452f-ab4d-589327eb2715)] -> xpath: //p//word], [[FirefoxDriver: firefox on LINUX (358f877c-4143-452f-ab4d-589327eb2715)] -> xpath: //p//word], [[FirefoxDriver: firefox on LINUX (358f877c-4143-452f-ab4d-589327eb2715)] -> xpath: //p//word], [[FirefoxDriver: firefox on LINUX (358f877c-4143-452f-ab4d-589327eb2715)] -> xpath: //p//word], [[FirefoxDriver: firefox on LINUX (358f877c-4143-452f-ab4d-589327eb2715)] -> xpath: //p//word], [[FirefoxDriver: firefox on LINUX (358f877c-4143-452f-ab4d-589327eb2715)] -> xpath: //p//word], [[FirefoxDriver: firefox on LINUX (358f877c-4143-452f-ab4d-589327eb2715)] -> xpath: //p//word], [[FirefoxDriver: firefox on LINUX (358f877c-4143-452f-ab4d-589327eb2715)] -> xpath: //p//word], [[FirefoxDriver: firefox on LINUX (358f877c-4143-452f-ab4d-589327eb2715)] -> xpath: //p//word], [[FirefoxDriver: firefox on LINUX (358f877c-4143-452f-ab4d-589327eb2715)] -> xpath: //p//word], [[FirefoxDriver: firefox on LINUX (358f877c-4143-452f-ab4d-589327eb2715)] -> xpath: //p//word], [[FirefoxDriver: firefox on LINUX (358f877c-4143-452f-ab4d-589327eb2715)] -> xpath: //p//word], [[FirefoxDriver: firefox on LINUX (358f877c-4143-452f-ab4d-589327eb2715)] -> xpath: //p//word], [[FirefoxDriver: firefox on LINUX (358f877c-4143-452f-ab4d-589327eb2715)] -> xpath: //p//word], [[FirefoxDriver: firefox on LINUX (358f877c-4143-452f-ab4d-589327eb2715)] -> xpath: //p//word], [[FirefoxDriver: firefox on LINUX (358f877c-4143-452f-ab4d-589327eb2715)] -> xpath: //p//word], [[FirefoxDriver: firefox on LINUX (358f877c-4143-452f-ab4d-589327eb2715)] -> xpath: //p//word], [[FirefoxDriver: firefox on LINUX (358f877c-4143-452f-ab4d-589327eb2715)] -> xpath: //p//word], [[FirefoxDriver: firefox on LINUX (358f877c-4143-452f-ab4d-589327eb2715)] -> xpath: //p//word], [[FirefoxDriver: firefox on LINUX (358f877c-4143-452f-ab4d-589327eb2715)] -> xpath: //p//word], [[FirefoxDriver: firefox on LINUX (358f877c-4143-452f-ab4d-589327eb2715)] -> xpath: //p//word], [[FirefoxDriver: firefox on LINUX (358f877c-4143-452f-ab4d-589327eb2715)] -> xpath: //p//word], [[FirefoxDriver: firefox on LINUX (358f877c-4143-452f-ab4d-589327eb2715)] -> xpath: //p//word], [[FirefoxDriver: firefox on LINUX (358f877c-4143-452f-ab4d-589327eb2715)] -> xpath: //p//word], [[FirefoxDriver: firefox on LINUX (358f877c-4143-452f-ab4d-589327eb2715)] -> xpath: //p//word], [[FirefoxDriver: firefox on LINUX (358f877c-4143-452f-ab4d-589327eb2715)] -> xpath: //p//word], [[FirefoxDriver: firefox on LINUX (358f877c-4143-452f-ab4d-589327eb2715)] -> xpath: //p//word], [[FirefoxDriver: firefox on LINUX (358f877c-4143-452f-ab4d-589327eb2715)] -> xpath: //p//word], [[FirefoxDriver: firefox on LINUX (358f877c-4143-452f-ab4d-589327eb2715)] -> xpath: //p//word], [[FirefoxDriver: firefox on LINUX (358f877c-4143-452f-ab4d-589327eb2715)] -> xpath: //p//word], [[FirefoxDriver: firefox on LINUX (358f877c-4143-452f-ab4d-589327eb2715)] -> xpath: //p//word], [[FirefoxDriver: firefox on LINUX (358f877c-4143-452f-ab4d-589327eb2715)] -> xpath: //p//word], [[FirefoxDriver: firefox on LINUX (358f877c-4143-452f-ab4d-589327eb2715)] -> xpath: //p//word], [[FirefoxDriver: firefox on LINUX (358f877c-4143-452f-ab4d-589327eb2715)] -> xpath: //p//word], [[FirefoxDriver: firefox on LINUX (358f877c-4143-452f-ab4d-589327eb2715)] -> xpath: //p//word], [[FirefoxDriver: firefox on LINUX (358f877c-4143-452f-ab4d-589327eb2715)] -> xpath: //p//word], [[FirefoxDriver: firefox on LINUX (358f877c-4143-452f-ab4d-589327eb2715)] -> xpath: //p//word], [[FirefoxDriver: firefox on LINUX (358f877c-4143-452f-ab4d-589327eb2715)] -> xpath: //p//word], [[FirefoxDriver: firefox on LINUX (358f877c-4143-452f-ab4d-589327eb2715)] -> xpath: //p//word], [[FirefoxDriver: firefox on LINUX (358f877c-4143-452f-ab4d-589327eb2715)] -> xpath: //p//word], [[FirefoxDriver: firefox on LINUX (358f877c-4143-452f-ab4d-589327eb2715)] -> xpath: //p//word], [[FirefoxDriver: firefox on LINUX (358f877c-4143-452f-ab4d-589327eb2715)] -> xpath: //p//word], [[FirefoxDriver: firefox on LINUX (358f877c-4143-452f-ab4d-589327eb2715)] -> xpath: //p//word], [[FirefoxDriver: firefox on LINUX (358f877c-4143-452f-ab4d-589327eb2715)] -> xpath: //p//word], [[FirefoxDriver: firefox on LINUX (358f877c-4143-452f-ab4d-589327eb2715)] -> xpath: //p//word], [[FirefoxDriver: firefox on LINUX (358f877c-4143-452f-ab4d-589327eb2715)] -> xpath: //p//word], [[FirefoxDriver: firefox on LINUX (358f877c-4143-452f-ab4d-589327eb2715)] -> xpath: //p//word], [[FirefoxDriver: firefox on LINUX (358f877c-4143-452f-ab4d-589327eb2715)] -> xpath: //p//word], [[FirefoxDriver: firefox on LINUX (358f877c-4143-452f-ab4d-589327eb2715)] -> xpath: //p//word], [[FirefoxDriver: firefox on LINUX (358f877c-4143-452f-ab4d-589327eb2715)] -> xpath: //p//word], [[FirefoxDriver: firefox on LINUX (358f877c-4143-452f-ab4d-589327eb2715)] -> xpath: //p//word], [[FirefoxDriver: firefox on LINUX (358f877c-4143-452f-ab4d-589327eb2715)] -> xpath: //p//word], [[FirefoxDriver: firefox on LINUX (358f877c-4143-452f-ab4d-589327eb2715)] -> xpath: //p//word], [[FirefoxDriver: firefox on LINUX (358f877c-4143-452f-ab4d-589327eb2715)] -> xpath: //p//word], [[FirefoxDriver: firefox on LINUX (358f877c-4143-452f-ab4d-589327eb2715)] -> xpath: //p//word], [[FirefoxDriver: firefox on LINUX (358f877c-4143-452f-ab4d-589327eb2715)] -> xpath: //p//word], [[FirefoxDriver: firefox on LINUX (358f877c-4143-452f-ab4d-589327eb2715)] -> xpath: //p//word], [[FirefoxDriver: firefox on LINUX (358f877c-4143-452f-ab4d-589327eb2715)] -> xpath: //p//word], [[FirefoxDriver: firefox on LINUX (358f877c-4143-452f-ab4d-589327eb2715)] -> xpath: //p//word], [[FirefoxDriver: firefox on LINUX (358f877c-4143-452f-ab4d-589327eb2715)] -> xpath: //p//word], [[FirefoxDriver: firefox on LINUX (358f877c-4143-452f-ab4d-589327eb2715)] -> xpath: //p//word], [[FirefoxDriver: firefox on LINUX (358f877c-4143-452f-ab4d-589327eb2715)] -> xpath: //p//word], [[FirefoxDriver: firefox on LINUX (358f877c-4143-452f-ab4d-589327eb2715)] -> xpath: //p//word], [[FirefoxDriver: firefox on LINUX (358f877c-4143-452f-ab4d-589327eb2715)] -> xpath: //p//word], [[FirefoxDriver: firefox on LINUX (358f877c-4143-452f-ab4d-589327eb2715)] -> xpath: //p//word], [[FirefoxDriver: firefox on LINUX (358f877c-4143-452f-ab4d-589327eb2715)] -> xpath: //p//word], [[FirefoxDriver: firefox on LINUX (358f877c-4143-452f-ab4d-589327eb2715)] -> xpath: //p//word], [[FirefoxDriver: firefox on LINUX (358f877c-4143-452f-ab4d-589327eb2715)] -> xpath: //p//word], [[FirefoxDriver: firefox on LINUX (358f877c-4143-452f-ab4d-589327eb2715)] -> xpath: //p//word], [[FirefoxDriver: firefox on LINUX (358f877c-4143-452f-ab4d-589327eb2715)] -> xpath: //p//word], [[FirefoxDriver: firefox on LINUX (358f877c-4143-452f-ab4d-589327eb2715)] -> xpath: //p//word], [[FirefoxDriver: firefox on LINUX (358f877c-4143-452f-ab4d-589327eb2715)] -> xpath: //p//word], [[FirefoxDriver: firefox on LINUX (358f877c-4143-452f-ab4d-589327eb2715)] -> xpath: //p//word], [[FirefoxDriver: firefox on LINUX (358f877c-4143-452f-ab4d-589327eb2715)] -> xpath: //p//word], [[FirefoxDriver: firefox on LINUX (358f877c-4143-452f-ab4d-589327eb2715)] -> xpath: //p//word], [[FirefoxDriver: firefox on LINUX (358f877c-4143-452f-ab4d-589327eb2715)] -> xpath: //p//word], [[FirefoxDriver: firefox on LINUX (358f877c-4143-452f-ab4d-589327eb2715)] -> xpath: //p//word], [[FirefoxDriver: firefox on LINUX (358f877c-4143-452f-ab4d-589327eb2715)] -> xpath: //p//word], [[FirefoxDriver: firefox on LINUX (358f877c-4143-452f-ab4d-589327eb2715)] -> xpath: //p//word], [[FirefoxDriver: firefox on LINUX (358f877c-4143-452f-ab4d-589327eb2715)] -> xpath: //p//word], [[FirefoxDriver: firefox on LINUX (358f877c-4143-452f-ab4d-589327eb2715)] -> xpath: //p//word], [[FirefoxDriver: firefox on LINUX (358f877c-4143-452f-ab4d-589327eb2715)] -> xpath: //p//word], [[FirefoxDriver: firefox on LINUX (358f877c-4143-452f-ab4d-589327eb2715)] -> xpath: //p//word], [[FirefoxDriver: firefox on LINUX (358f877c-4143-452f-ab4d-589327eb2715)] -> xpath: //p//word], [[FirefoxDriver: firefox on LINUX (358f877c-4143-452f-ab4d-589327eb2715)] -> xpath: //p//word], [[FirefoxDriver: firefox on LINUX (358f877c-4143-452f-ab4d-589327eb2715)] -> xpath: //p//word], [[FirefoxDriver: firefox on LINUX (358f877c-4143-452f-ab4d-589327eb2715)] -> xpath: //p//word], [[FirefoxDriver: firefox on LINUX (358f877c-4143-452f-ab4d-589327eb2715)] -> xpath: //p//word], [[FirefoxDriver: firefox on LINUX (358f877c-4143-452f-ab4d-589327eb2715)] -> xpath: //p//word], [[FirefoxDriver: firefox on LINUX (358f877c-4143-452f-ab4d-589327eb2715)] -> xpath: //p//word], [[FirefoxDriver: firefox on LINUX (358f877c-4143-452f-ab4d-589327eb2715)] -> xpath: //p//word], [[FirefoxDriver: firefox on LINUX (358f877c-4143-452f-ab4d-589327eb2715)] -> xpath: //p//word], [[FirefoxDriver: firefox on LINUX (358f877c-4143-452f-ab4d-589327eb2715)] -> xpath: //p//word], [[FirefoxDriver: firefox on LINUX (358f877c-4143-452f-ab4d-589327eb2715)] -> xpath: //p//word], [[FirefoxDriver: firefox on LINUX (358f877c-4143-452f-ab4d-589327eb2715)] -> xpath: //p//word], [[FirefoxDriver: firefox on LINUX (358f877c-4143-452f-ab4d-589327eb2715)] -> xpath: //p//word], [[FirefoxDriver: firefox on LINUX (358f877c-4143-452f-ab4d-589327eb2715)] -> xpath: //p//word], [[FirefoxDriver: firefox on LINUX (358f877c-4143-452f-ab4d-589327eb2715)] -> xpath: //p//word], [[FirefoxDriver: firefox on LINUX (358f877c-4143-452f-ab4d-589327eb2715)] -> xpath: //p//word], [[FirefoxDriver: firefox on LINUX (358f877c-4143-452f-ab4d-589327eb2715)] -> xpath: //p//word], [[FirefoxDriver: firefox on LINUX (358f877c-4143-452f-ab4d-589327eb2715)] -> xpath: //p//word], [[FirefoxDriver: firefox on LINUX (358f877c-4143-452f-ab4d-589327eb2715)] -> xpath: //p//word], [[FirefoxDriver: firefox on LINUX (358f877c-4143-452f-ab4d-589327eb2715)] -> xpath: //p//word], [[FirefoxDriver: firefox on LINUX (358f877c-4143-452f-ab4d-589327eb2715)] -> xpath: //p//word], [[FirefoxDriver: firefox on LINUX (358f877c-4143-452f-ab4d-589327eb2715)] -> xpath: //p//word], [[FirefoxDriver: firefox on LINUX (358f877c-4143-452f-ab4d-589327eb2715)] -> xpath: //p//word], [[FirefoxDriver: firefox on LINUX (358f877c-4143-452f-ab4d-589327eb2715)] -> xpath: //p//word], [[FirefoxDriver: firefox on LINUX (358f877c-4143-452f-ab4d-589327eb2715)] -> xpath: //p//word], [[FirefoxDriver: firefox on LINUX (358f877c-4143-452f-ab4d-589327eb2715)] -> xpath: //p//word], [[FirefoxDriver: firefox on LINUX (358f877c-4143-452f-ab4d-589327eb2715)] -> xpath: //p//word], [[FirefoxDriver: firefox on LINUX (358f877c-4143-452f-ab4d-589327eb2715)] -> xpath: //p//word], [[FirefoxDriver: firefox on LINUX (358f877c-4143-452f-ab4d-589327eb2715)] -> xpath: //p//word], [[FirefoxDriver: firefox on LINUX (358f877c-4143-452f-ab4d-589327eb2715)] -> xpath: //p//word], [[FirefoxDriver: firefox on LINUX (358f877c-4143-452f-ab4d-589327eb2715)] -> xpath: //p//word], [[FirefoxDriver: firefox on LINUX (358f877c-4143-452f-ab4d-589327eb2715)] -> xpath: //p//word], [[FirefoxDriver: firefox on LINUX (358f877c-4143-452f-ab4d-589327eb2715)] -> xpath: //p//word], [[FirefoxDriver: firefox on LINUX (358f877c-4143-452f-ab4d-589327eb2715)] -> xpath: //p//word], [[FirefoxDriver: firefox on LINUX (358f877c-4143-452f-ab4d-589327eb2715)] -> xpath: //p//word], [[FirefoxDriver: firefox on LINUX (358f877c-4143-452f-ab4d-589327eb2715)] -> xpath: //p//word], [[FirefoxDriver: firefox on LINUX (358f877c-4143-452f-ab4d-589327eb2715)] -> xpath: //p//word], [[FirefoxDriver: firefox on LINUX (358f877c-4143-452f-ab4d-589327eb2715)] -> xpath: //p//word], [[FirefoxDriver: firefox on LINUX (358f877c-4143-452f-ab4d-589327eb2715)] -> xpath: //p//word], [[FirefoxDriver: firefox on LINUX (358f877c-4143-452f-ab4d-589327eb2715)] -> xpath: //p//word], [[FirefoxDriver: firefox on LINUX (358f877c-4143-452f-ab4d-589327eb2715)] -> xpath: //p//word], [[FirefoxDriver: firefox on LINUX (358f877c-4143-452f-ab4d-589327eb2715)] -> xpath: //p//word], [[FirefoxDriver: firefox on LINUX (358f877c-4143-452f-ab4d-589327eb2715)] -> xpath: //p//word], [[FirefoxDriver: firefox on LINUX (358f877c-4143-452f-ab4d-589327eb2715)] -> xpath: //p//word], [[FirefoxDriver: firefox on LINUX (358f877c-4143-452f-ab4d-589327eb2715)] -> xpath: //p//word], [[FirefoxDriver: firefox on LINUX (358f877c-4143-452f-ab4d-589327eb2715)] -> xpath: //p//word], [[FirefoxDriver: firefox on LINUX (358f877c-4143-452f-ab4d-589327eb2715)] -> xpath: //p//word], [[FirefoxDriver: firefox on LINUX (358f877c-4143-452f-ab4d-589327eb2715)] -> xpath: //p//word], [[FirefoxDriver: firefox on LINUX (358f877c-4143-452f-ab4d-589327eb2715)] -> xpath: //p//word], [[FirefoxDriver: firefox on LINUX (358f877c-4143-452f-ab4d-589327eb2715)] -> xpath: //p//word], [[FirefoxDriver: firefox on LINUX (358f877c-4143-452f-ab4d-589327eb2715)] -> xpath: //p//word], [[FirefoxDriver: firefox on LINUX (358f877c-4143-452f-ab4d-589327eb2715)] -> xpath: //p//word], [[FirefoxDriver: firefox on LINUX (358f877c-4143-452f-ab4d-589327eb2715)] -> xpath: //p//word], [[FirefoxDriver: firefox on LINUX (358f877c-4143-452f-ab4d-589327eb2715)] -> xpath: //p//word], [[FirefoxDriver: firefox on LINUX (358f877c-4143-452f-ab4d-589327eb2715)] -> xpath: //p//word], [[FirefoxDriver: firefox on LINUX (358f877c-4143-452f-ab4d-589327eb2715)] -> xpath: //p//word], [[FirefoxDriver: firefox on LINUX (358f877c-4143-452f-ab4d-589327eb2715)] -> xpath: //p//word], [[FirefoxDriver: firefox on LINUX (358f877c-4143-452f-ab4d-589327eb2715)] -> xpath: //p//word], [[FirefoxDriver: firefox on LINUX (358f877c-4143-452f-ab4d-589327eb2715)] -> xpath: //p//word], [[FirefoxDriver: firefox on LINUX (358f877c-4143-452f-ab4d-589327eb2715)] -> xpath: //p//word], [[FirefoxDriver: firefox on LINUX (358f877c-4143-452f-ab4d-589327eb2715)] -> xpath: //p//word], [[FirefoxDriver: firefox on LINUX (358f877c-4143-452f-ab4d-589327eb2715)] -> xpath: //p//word], [[FirefoxDriver: firefox on LINUX (358f877c-4143-452f-ab4d-589327eb2715)] -> xpath: //p//word], [[FirefoxDriver: firefox on LINUX (358f877c-4143-452f-ab4d-589327eb2715)] -> xpath: //p//word], [[FirefoxDriver: firefox on LINUX (358f877c-4143-452f-ab4d-589327eb2715)] -> xpath: //p//word], [[FirefoxDriver: firefox on LINUX (358f877c-4143-452f-ab4d-589327eb2715)] -> xpath: //p//word], [[FirefoxDriver: firefox on LINUX (358f877c-4143-452f-ab4d-589327eb2715)] -> xpath: //p//word], [[FirefoxDriver: firefox on LINUX (358f877c-4143-452f-ab4d-589327eb2715)] -> xpath: //p//word], [[FirefoxDriver: firefox on LINUX (358f877c-4143-452f-ab4d-589327eb2715)] -> xpath: //p//word], [[FirefoxDriver: firefox on LINUX (358f877c-4143-452f-ab4d-589327eb2715)] -> xpath: //p//word], [[FirefoxDriver: firefox on LINUX (358f877c-4143-452f-ab4d-589327eb2715)] -> xpath: //p//word], [[FirefoxDriver: firefox on LINUX (358f877c-4143-452f-ab4d-589327eb2715)] -> xpath: //p//word], [[FirefoxDriver: firefox on LINUX (358f877c-4143-452f-ab4d-589327eb2715)] -> xpath: //p//word], [[FirefoxDriver: firefox on LINUX (358f877c-4143-452f-ab4d-589327eb2715)] -> xpath: //p//word], [[FirefoxDriver: firefox on LINUX (358f877c-4143-452f-ab4d-589327eb2715)] -> xpath: //p//word], [[FirefoxDriver: firefox on LINUX (358f877c-4143-452f-ab4d-589327eb2715)] -> xpath: //p//word], [[FirefoxDriver: firefox on LINUX (358f877c-4143-452f-ab4d-589327eb2715)] -> xpath: //p//word], [[FirefoxDriver: firefox on LINUX (358f877c-4143-452f-ab4d-589327eb2715)] -> xpath: //p//word], [[FirefoxDriver: firefox on LINUX (358f877c-4143-452f-ab4d-589327eb2715)] -> xpath: //p//word], [[FirefoxDriver: firefox on LINUX (358f877c-4143-452f-ab4d-589327eb2715)] -> xpath: //p//word], [[FirefoxDriver: firefox on LINUX (358f877c-4143-452f-ab4d-589327eb2715)] -> xpath: //p//word], [[FirefoxDriver: firefox on LINUX (358f877c-4143-452f-ab4d-589327eb2715)] -> xpath: //p//word], [[FirefoxDriver: firefox on LINUX (358f877c-4143-452f-ab4d-589327eb2715)] -> xpath: //p//word], [[FirefoxDriver: firefox on LINUX (358f877c-4143-452f-ab4d-589327eb2715)] -> xpath: //p//word], [[FirefoxDriver: firefox on LINUX (358f877c-4143-452f-ab4d-589327eb2715)] -> xpath: //p//word], [[FirefoxDriver: firefox on LINUX (358f877c-4143-452f-ab4d-589327eb2715)] -> xpath: //p//word], [[FirefoxDriver: firefox on LINUX (358f877c-4143-452f-ab4d-589327eb2715)] -> xpath: //p//word], [[FirefoxDriver: firefox on LINUX (358f877c-4143-452f-ab4d-589327eb2715)] -> xpath: //p//word], [[FirefoxDriver: firefox on LINUX (358f877c-4143-452f-ab4d-589327eb2715)] -> xpath: //p//word], [[FirefoxDriver: firefox on LINUX (358f877c-4143-452f-ab4d-589327eb2715)] -> xpath: //p//word], [[FirefoxDriver: firefox on LINUX (358f877c-4143-452f-ab4d-589327eb2715)] -> xpath: //p//word], [[FirefoxDriver: firefox on LINUX (358f877c-4143-452f-ab4d-589327eb2715)] -> xpath: //p//word], [[FirefoxDriver: firefox on LINUX (358f877c-4143-452f-ab4d-589327eb2715)] -> xpath: //p//word], [[FirefoxDriver: firefox on LINUX (358f877c-4143-452f-ab4d-589327eb2715)] -> xpath: //p//word], [[FirefoxDriver: firefox on LINUX (358f877c-4143-452f-ab4d-589327eb2715)] -> xpath: //p//word], [[FirefoxDriver: firefox on LINUX (358f877c-4143-452f-ab4d-589327eb2715)] -> xpath: //p//word], [[FirefoxDriver: firefox on LINUX (358f877c-4143-452f-ab4d-589327eb2715)] -> xpath: //p//word], [[FirefoxDriver: firefox on LINUX (358f877c-4143-452f-ab4d-589327eb2715)] -> xpath: //p//word], [[FirefoxDriver: firefox on LINUX (358f877c-4143-452f-ab4d-589327eb2715)] -> xpath: //p//word], [[FirefoxDriver: firefox on LINUX (358f877c-4143-452f-ab4d-589327eb2715)] -> xpath: //p//word], [[FirefoxDriver: firefox on LINUX (358f877c-4143-452f-ab4d-589327eb2715)] -> xpath: //p//word], [[FirefoxDriver: firefox on LINUX (358f877c-4143-452f-ab4d-589327eb2715)] -> xpath: //p//word], [[FirefoxDriver: firefox on LINUX (358f877c-4143-452f-ab4d-589327eb2715)] -> xpath: //p//word], [[FirefoxDriver: firefox on LINUX (358f877c-4143-452f-ab4d-589327eb2715)] -> xpath: //p//word], [[FirefoxDriver: firefox on LINUX (358f877c-4143-452f-ab4d-589327eb2715)] -> xpath: //p//word], [[FirefoxDriver: firefox on LINUX (358f877c-4143-452f-ab4d-589327eb2715)] -> xpath: //p//word], [[FirefoxDriver: firefox on LINUX (358f877c-4143-452f-ab4d-589327eb2715)] -> xpath: //p//word], [[FirefoxDriver: firefox on LINUX (358f877c-4143-452f-ab4d-589327eb2715)] -> xpath: //p//word], [[FirefoxDriver: firefox on LINUX (358f877c-4143-452f-ab4d-589327eb2715)] -> xpath: //p//word], [[FirefoxDriver: firefox on LINUX (358f877c-4143-452f-ab4d-589327eb2715)] -> xpath: //p//word], [[FirefoxDriver: firefox on LINUX (358f877c-4143-452f-ab4d-589327eb2715)] -> xpath: //p//word], [[FirefoxDriver: firefox on LINUX (358f877c-4143-452f-ab4d-589327eb2715)] -> xpath: //p//word], [[FirefoxDriver: firefox on LINUX (358f877c-4143-452f-ab4d-589327eb2715)] -> xpath: //p//word], [[FirefoxDriver: firefox on LINUX (358f877c-4143-452f-ab4d-589327eb2715)] -> xpath: //p//word], [[FirefoxDriver: firefox on LINUX (358f877c-4143-452f-ab4d-589327eb2715)] -> xpath: //p//word], [[FirefoxDriver: firefox on LINUX (358f877c-4143-452f-ab4d-589327eb2715)] -> xpath: //p//word], [[FirefoxDriver: firefox on LINUX (358f877c-4143-452f-ab4d-589327eb2715)] -> xpath: //p//word], [[FirefoxDriver: firefox on LINUX (358f877c-4143-452f-ab4d-589327eb2715)] -> xpath: //p//word], [[FirefoxDriver: firefox on LINUX (358f877c-4143-452f-ab4d-589327eb2715)] -> xpath: //p//word], [[FirefoxDriver: firefox on LINUX (358f877c-4143-452f-ab4d-589327eb2715)] -> xpath: //p//word], [[FirefoxDriver: firefox on LINUX (358f877c-4143-452f-ab4d-589327eb2715)] -> xpath: //p//word], [[FirefoxDriver: firefox on LINUX (358f877c-4143-452f-ab4d-589327eb2715)] -> xpath: //p//word], [[FirefoxDriver: firefox on LINUX (358f877c-4143-452f-ab4d-589327eb2715)] -> xpath: //p//word], [[FirefoxDriver: firefox on LINUX (358f877c-4143-452f-ab4d-589327eb2715)] -> xpath: //p//word], [[FirefoxDriver: firefox on LINUX (358f877c-4143-452f-ab4d-589327eb2715)] -> xpath: //p//word], [[FirefoxDriver: firefox on LINUX (358f877c-4143-452f-ab4d-589327eb2715)] -> xpath: //p//word], [[FirefoxDriver: firefox on LINUX (358f877c-4143-452f-ab4d-589327eb2715)] -> xpath: //p//word], [[FirefoxDriver: firefox on LINUX (358f877c-4143-452f-ab4d-589327eb2715)] -> xpath: //p//word], [[FirefoxDriver: firefox on LINUX (358f877c-4143-452f-ab4d-589327eb2715)] -> xpath: //p//word], [[FirefoxDriver: firefox on LINUX (358f877c-4143-452f-ab4d-589327eb2715)] -> xpath: //p//word], [[FirefoxDriver: firefox on LINUX (358f877c-4143-452f-ab4d-589327eb2715)] -> xpath: //p//word], [[FirefoxDriver: firefox on LINUX (358f877c-4143-452f-ab4d-589327eb2715)] -> xpath: //p//word], [[FirefoxDriver: firefox on LINUX (358f877c-4143-452f-ab4d-589327eb2715)] -> xpath: //p//word], [[FirefoxDriver: firefox on LINUX (358f877c-4143-452f-ab4d-589327eb2715)] -> xpath: //p//word], [[FirefoxDriver: firefox on LINUX (358f877c-4143-452f-ab4d-589327eb2715)] -> xpath: //p//word], [[FirefoxDriver: firefox on LINUX (358f877c-4143-452f-ab4d-589327eb2715)] -> xpath: //p//word], [[FirefoxDriver: firefox on LINUX (358f877c-4143-452f-ab4d-589327eb2715)] -> xpath: //p//word], [[FirefoxDriver: firefox on LINUX (358f877c-4143-452f-ab4d-589327eb2715)] -> xpath: //p//word], [[FirefoxDriver: firefox on LINUX (358f877c-4143-452f-ab4d-589327eb2715)] -> xpath: //p//word], [[FirefoxDriver: firefox on LINUX (358f877c-4143-452f-ab4d-589327eb2715)] -> xpath: //p//word], [[FirefoxDriver: firefox on LINUX (358f877c-4143-452f-ab4d-589327eb2715)] -> xpath: //p//word], [[FirefoxDriver: firefox on LINUX (358f877c-4143-452f-ab4d-589327eb2715)] -> xpath: //p//word], [[FirefoxDriver: firefox on LINUX (358f877c-4143-452f-ab4d-589327eb2715)] -> xpath: //p//word], [[FirefoxDriver: firefox on LINUX (358f877c-4143-452f-ab4d-589327eb2715)] -> xpath: //p//word], [[FirefoxDriver: firefox on LINUX (358f877c-4143-452f-ab4d-589327eb2715)] -> xpath: //p//word], [[FirefoxDriver: firefox on LINUX (358f877c-4143-452f-ab4d-589327eb2715)] -> xpath: //p//word], [[FirefoxDriver: firefox on LINUX (358f877c-4143-452f-ab4d-589327eb2715)] -> xpath: //p//word], [[FirefoxDriver: firefox on LINUX (358f877c-4143-452f-ab4d-589327eb2715)] -> xpath: //p//word], [[FirefoxDriver: firefox on LINUX (358f877c-4143-452f-ab4d-589327eb2715)] -> xpath: //p//word], [[FirefoxDriver: firefox on LINUX (358f877c-4143-452f-ab4d-589327eb2715)] -> xpath: //p//word], [[FirefoxDriver: firefox on LINUX (358f877c-4143-452f-ab4d-589327eb2715)] -> xpath: //p//word], [[FirefoxDriver: firefox on LINUX (358f877c-4143-452f-ab4d-589327eb2715)] -> xpath: //p//word], [[FirefoxDriver: firefox on LINUX (358f877c-4143-452f-ab4d-589327eb2715)] -> xpath: //p//word], [[FirefoxDriver: firefox on LINUX (358f877c-4143-452f-ab4d-589327eb2715)] -> xpath: //p//word], [[FirefoxDriver: firefox on LINUX (358f877c-4143-452f-ab4d-589327eb2715)] -> xpath: //p//word], [[FirefoxDriver: firefox on LINUX (358f877c-4143-452f-ab4d-589327eb2715)] -> xpath: //p//word], [[FirefoxDriver: firefox on LINUX (358f877c-4143-452f-ab4d-589327eb2715)] -> xpath: //p//word], [[FirefoxDriver: firefox on LINUX (358f877c-4143-452f-ab4d-589327eb2715)] -> xpath: //p//word], [[FirefoxDriver: firefox on LINUX (358f877c-4143-452f-ab4d-589327eb2715)] -> xpath: //p//word], [[FirefoxDriver: firefox on LINUX (358f877c-4143-452f-ab4d-589327eb2715)] -> xpath: //p//word], [[FirefoxDriver: firefox on LINUX (358f877c-4143-452f-ab4d-589327eb2715)] -> xpath: //p//word], [[FirefoxDriver: firefox on LINUX (358f877c-4143-452f-ab4d-589327eb2715)] -> xpath: //p//word], [[FirefoxDriver: firefox on LINUX (358f877c-4143-452f-ab4d-589327eb2715)] -> xpath: //p//word], [[FirefoxDriver: firefox on LINUX (358f877c-4143-452f-ab4d-589327eb2715)] -> xpath: //p//word], [[FirefoxDriver: firefox on LINUX (358f877c-4143-452f-ab4d-589327eb2715)] -> xpath: //p//word], [[FirefoxDriver: firefox on LINUX (358f877c-4143-452f-ab4d-589327eb2715)] -> xpath: //p//word], [[FirefoxDriver: firefox on LINUX (358f877c-4143-452f-ab4d-589327eb2715)] -> xpath: //p//word], [[FirefoxDriver: firefox on LINUX (358f877c-4143-452f-ab4d-589327eb2715)] -> xpath: //p//word], [[FirefoxDriver: firefox on LINUX (358f877c-4143-452f-ab4d-589327eb2715)] -> xpath: //p//word], [[FirefoxDriver: firefox on LINUX (358f877c-4143-452f-ab4d-589327eb2715)] -> xpath: //p//word], [[FirefoxDriver: firefox on LINUX (358f877c-4143-452f-ab4d-589327eb2715)] -> xpath: //p//word], [[FirefoxDriver: firefox on LINUX (358f877c-4143-452f-ab4d-589327eb2715)] -> xpath: //p//word], [[FirefoxDriver: firefox on LINUX (358f877c-4143-452f-ab4d-589327eb2715)] -> xpath: //p//word], [[FirefoxDriver: firefox on LINUX (358f877c-4143-452f-ab4d-589327eb2715)] -> xpath: //p//word], [[FirefoxDriver: firefox on LINUX (358f877c-4143-452f-ab4d-589327eb2715)] -> xpath: //p//word], [[FirefoxDriver: firefox on LINUX (358f877c-4143-452f-ab4d-589327eb2715)] -> xpath: //p//word], [[FirefoxDriver: firefox on LINUX (358f877c-4143-452f-ab4d-589327eb2715)] -> xpath: //p//word], [[FirefoxDriver: firefox on LINUX (358f877c-4143-452f-ab4d-589327eb2715)] -> xpath: //p//word], [[FirefoxDriver: firefox on LINUX (358f877c-4143-452f-ab4d-589327eb2715)] -> xpath: //p//word], [[FirefoxDriver: firefox on LINUX (358f877c-4143-452f-ab4d-589327eb2715)] -> xpath: //p//word], [[FirefoxDriver: firefox on LINUX (358f877c-4143-452f-ab4d-589327eb2715)] -> xpath: //p//word], [[FirefoxDriver: firefox on LINUX (358f877c-4143-452f-ab4d-589327eb2715)] -> xpath: //p//word], [[FirefoxDriver: firefox on LINUX (358f877c-4143-452f-ab4d-589327eb2715)] -> xpath: //p//word], [[FirefoxDriver: firefox on LINUX (358f877c-4143-452f-ab4d-589327eb2715)] -> xpath: //p//word], [[FirefoxDriver: firefox on LINUX (358f877c-4143-452f-ab4d-589327eb2715)] -> xpath: //p//word], [[FirefoxDriver: firefox on LINUX (358f877c-4143-452f-ab4d-589327eb2715)] -> xpath: //p//word], [[FirefoxDriver: firefox on LINUX (358f877c-4143-452f-ab4d-589327eb2715)] -> xpath: //p//word], [[FirefoxDriver: firefox on LINUX (358f877c-4143-452f-ab4d-589327eb2715)] -> xpath: //p//word], [[FirefoxDriver: firefox on LINUX (358f877c-4143-452f-ab4d-589327eb2715)] -> xpath: //p//word], [[FirefoxDriver: firefox on LINUX (358f877c-4143-452f-ab4d-589327eb2715)] -> xpath: //p//word], [[FirefoxDriver: firefox on LINUX (358f877c-4143-452f-ab4d-589327eb2715)] -> xpath: //p//word], [[FirefoxDriver: firefox on LINUX (358f877c-4143-452f-ab4d-589327eb2715)] -> xpath: //p//word], [[FirefoxDriver: firefox on LINUX (358f877c-4143-452f-ab4d-589327eb2715)] -> xpath: //p//word], [[FirefoxDriver: firefox on LINUX (358f877c-4143-452f-ab4d-589327eb2715)] -> xpath: //p//word], [[FirefoxDriver: firefox on LINUX (358f877c-4143-452f-ab4d-589327eb2715)] -> xpath: //p//word], [[FirefoxDriver: firefox on LINUX (358f877c-4143-452f-ab4d-589327eb2715)] -> xpath: //p//word], [[FirefoxDriver: firefox on LINUX (358f877c-4143-452f-ab4d-589327eb2715)] -> xpath: //p//word], [[FirefoxDriver: firefox on LINUX (358f877c-4143-452f-ab4d-589327eb2715)] -> xpath: //p//word], [[FirefoxDriver: firefox on LINUX (358f877c-4143-452f-ab4d-589327eb2715)] -> xpath: //p//word], [[FirefoxDriver: firefox on LINUX (358f877c-4143-452f-ab4d-589327eb2715)] -> xpath: //p//word], [[FirefoxDriver: firefox on LINUX (358f877c-4143-452f-ab4d-589327eb2715)] -> xpath: //p//word], [[FirefoxDriver: firefox on LINUX (358f877c-4143-452f-ab4d-589327eb2715)] -> xpath: //p//word], [[FirefoxDriver: firefox on LINUX (358f877c-4143-452f-ab4d-589327eb2715)] -> xpath: //p//word], [[FirefoxDriver: firefox on LINUX (358f877c-4143-452f-ab4d-589327eb2715)] -> xpath: //p//word], [[FirefoxDriver: firefox on LINUX (358f877c-4143-452f-ab4d-589327eb2715)] -> xpath: //p//word], [[FirefoxDriver: firefox on LINUX (358f877c-4143-452f-ab4d-589327eb2715)] -> xpath: //p//word], [[FirefoxDriver: firefox on LINUX (358f877c-4143-452f-ab4d-589327eb2715)] -> xpath: //p//word], [[FirefoxDriver: firefox on LINUX (358f877c-4143-452f-ab4d-589327eb2715)] -> xpath: //p//word], [[FirefoxDriver: firefox on LINUX (358f877c-4143-452f-ab4d-589327eb2715)] -> xpath: //p//word], [[FirefoxDriver: firefox on LINUX (358f877c-4143-452f-ab4d-589327eb2715)] -> xpath: //p//word], [[FirefoxDriver: firefox on LINUX (358f877c-4143-452f-ab4d-589327eb2715)] -> xpath: //p//word], [[FirefoxDriver: firefox on LINUX (358f877c-4143-452f-ab4d-589327eb2715)] -> xpath: //p//word], [[FirefoxDriver: firefox on LINUX (358f877c-4143-452f-ab4d-589327eb2715)] -> xpath: //p//word], [[FirefoxDriver: firefox on LINUX (358f877c-4143-452f-ab4d-589327eb2715)] -> xpath: //p//word], [[FirefoxDriver: firefox on LINUX (358f877c-4143-452f-ab4d-589327eb2715)] -> xpath: //p//word], [[FirefoxDriver: firefox on LINUX (358f877c-4143-452f-ab4d-589327eb2715)] -> xpath: //p//word], [[FirefoxDriver: firefox on LINUX (358f877c-4143-452f-ab4d-589327eb2715)] -> xpath: //p//word], [[FirefoxDriver: firefox on LINUX (358f877c-4143-452f-ab4d-589327eb2715)] -> xpath: //p//word], [[FirefoxDriver: firefox on LINUX (358f877c-4143-452f-ab4d-589327eb2715)] -> xpath: //p//word], [[FirefoxDriver: firefox on LINUX (358f877c-4143-452f-ab4d-589327eb2715)] -> xpath: //p//word], [[FirefoxDriver: firefox on LINUX (358f877c-4143-452f-ab4d-589327eb2715)] -> xpath: //p//word], [[FirefoxDriver: firefox on LINUX (358f877c-4143-452f-ab4d-589327eb2715)] -> xpath: //p//word], [[FirefoxDriver: firefox on LINUX (358f877c-4143-452f-ab4d-589327eb2715)] -> xpath: //p//word], [[FirefoxDriver: firefox on LINUX (358f877c-4143-452f-ab4d-589327eb2715)] -> xpath: //p//word], [[FirefoxDriver: firefox on LINUX (358f877c-4143-452f-ab4d-589327eb2715)] -> xpath: //p//word], [[FirefoxDriver: firefox on LINUX (358f877c-4143-452f-ab4d-589327eb2715)] -> xpath: //p//word], [[FirefoxDriver: firefox on LINUX (358f877c-4143-452f-ab4d-589327eb2715)] -> xpath: //p//word], [[FirefoxDriver: firefox on LINUX (358f877c-4143-452f-ab4d-589327eb2715)] -> xpath: //p//word], [[FirefoxDriver: firefox on LINUX (358f877c-4143-452f-ab4d-589327eb2715)] -> xpath: //p//word], [[FirefoxDriver: firefox on LINUX (358f877c-4143-452f-ab4d-589327eb2715)] -> xpath: //p//word], [[FirefoxDriver: firefox on LINUX (358f877c-4143-452f-ab4d-589327eb2715)] -> xpath: //p//word], [[FirefoxDriver: firefox on LINUX (358f877c-4143-452f-ab4d-589327eb2715)] -> xpath: //p//word], [[FirefoxDriver: firefox on LINUX (358f877c-4143-452f-ab4d-589327eb2715)] -> xpath: //p//word], [[FirefoxDriver: firefox on LINUX (358f877c-4143-452f-ab4d-589327eb2715)] -> xpath: //p//word], [[FirefoxDriver: firefox on LINUX (358f877c-4143-452f-ab4d-589327eb2715)] -> xpath: //p//word], [[FirefoxDriver: firefox on LINUX (358f877c-4143-452f-ab4d-589327eb2715)] -> xpath: //p//word], [[FirefoxDriver: firefox on LINUX (358f877c-4143-452f-ab4d-589327eb2715)] -> xpath: //p//word], [[FirefoxDriver: firefox on LINUX (358f877c-4143-452f-ab4d-589327eb2715)] -> xpath: //p//word], [[FirefoxDriver: firefox on LINUX (358f877c-4143-452f-ab4d-589327eb2715)] -> xpath: //p//word], [[FirefoxDriver: firefox on LINUX (358f877c-4143-452f-ab4d-589327eb2715)] -> xpath: //p//word], [[FirefoxDriver: firefox on LINUX (358f877c-4143-452f-ab4d-589327eb2715)] -> xpath: //p//word], [[FirefoxDriver: firefox on LINUX (358f877c-4143-452f-ab4d-589327eb2715)] -> xpath: //p//word], [[FirefoxDriver: firefox on LINUX (358f877c-4143-452f-ab4d-589327eb2715)] -> xpath: //p//word], [[FirefoxDriver: firefox on LINUX (358f877c-4143-452f-ab4d-589327eb2715)] -> xpath: //p//word], [[FirefoxDriver: firefox on LINUX (358f877c-4143-452f-ab4d-589327eb2715)] -> xpath: //p//word], [[FirefoxDriver: firefox on LINUX (358f877c-4143-452f-ab4d-589327eb2715)] -> xpath: //p//word], [[FirefoxDriver: firefox on LINUX (358f877c-4143-452f-ab4d-589327eb2715)] -> xpath: //p//word], [[FirefoxDriver: firefox on LINUX (358f877c-4143-452f-ab4d-589327eb2715)] -> xpath: //p//word], [[FirefoxDriver: firefox on LINUX (358f877c-4143-452f-ab4d-589327eb2715)] -> xpath: //p//word], [[FirefoxDriver: firefox on LINUX (358f877c-4143-452f-ab4d-589327eb2715)] -> xpath: //p//word], [[FirefoxDriver: firefox on LINUX (358f877c-4143-452f-ab4d-589327eb2715)] -> xpath: //p//word], [[FirefoxDriver: firefox on LINUX (358f877c-4143-452f-ab4d-589327eb2715)] -> xpath: //p//word], [[FirefoxDriver: firefox on LINUX (358f877c-4143-452f-ab4d-589327eb2715)] -> xpath: //p//word], [[FirefoxDriver: firefox on LINUX (358f877c-4143-452f-ab4d-589327eb2715)] -> xpath: //p//word], [[FirefoxDriver: firefox on LINUX (358f877c-4143-452f-ab4d-589327eb2715)] -> xpath: //p//word], [[FirefoxDriver: firefox on LINUX (358f877c-4143-452f-ab4d-589327eb2715)] -> xpath: //p//word], [[FirefoxDriver: firefox on LINUX (358f877c-4143-452f-ab4d-589327eb2715)] -> xpath: //p//word], [[FirefoxDriver: firefox on LINUX (358f877c-4143-452f-ab4d-589327eb2715)] -> xpath: //p//word], [[FirefoxDriver: firefox on LINUX (358f877c-4143-452f-ab4d-589327eb2715)] -> xpath: //p//word], [[FirefoxDriver: firefox on LINUX (358f877c-4143-452f-ab4d-589327eb2715)] -> xpath: //p//word], [[FirefoxDriver: firefox on LINUX (358f877c-4143-452f-ab4d-589327eb2715)] -> xpath: //p//word], [[FirefoxDriver: firefox on LINUX (358f877c-4143-452f-ab4d-589327eb2715)] -> xpath: //p//word], [[FirefoxDriver: firefox on LINUX (358f877c-4143-452f-ab4d-589327eb2715)] -> xpath: //p//word], [[FirefoxDriver: firefox on LINUX (358f877c-4143-452f-ab4d-589327eb2715)] -> xpath: //p//word], [[FirefoxDriver: firefox on LINUX (358f877c-4143-452f-ab4d-589327eb2715)] -> xpath: //p//word], [[FirefoxDriver: firefox on LINUX (358f877c-4143-452f-ab4d-589327eb2715)] -> xpath: //p//word], [[FirefoxDriver: firefox on LINUX (358f877c-4143-452f-ab4d-589327eb2715)] -> xpath: //p//word], [[FirefoxDriver: firefox on LINUX (358f877c-4143-452f-ab4d-589327eb2715)] -> xpath: //p//word], [[FirefoxDriver: firefox on LINUX (358f877c-4143-452f-ab4d-589327eb2715)] -> xpath: //p//word], [[FirefoxDriver: firefox on LINUX (358f877c-4143-452f-ab4d-589327eb2715)] -> xpath: //p//word], [[FirefoxDriver: firefox on LINUX (358f877c-4143-452f-ab4d-589327eb2715)] -> xpath: //p//word], [[FirefoxDriver: firefox on LINUX (358f877c-4143-452f-ab4d-589327eb2715)] -> xpath: //p//word], [[FirefoxDriver: firefox on LINUX (358f877c-4143-452f-ab4d-589327eb2715)] -> xpath: //p//word], [[FirefoxDriver: firefox on LINUX (358f877c-4143-452f-ab4d-589327eb2715)] -> xpath: //p//word], [[FirefoxDriver: firefox on LINUX (358f877c-4143-452f-ab4d-589327eb2715)] -> xpath: //p//word], [[FirefoxDriver: firefox on LINUX (358f877c-4143-452f-ab4d-589327eb2715)] -> xpath: //p//word], [[FirefoxDriver: firefox on LINUX (358f877c-4143-452f-ab4d-589327eb2715)] -> xpath: //p//word], [[FirefoxDriver: firefox on LINUX (358f877c-4143-452f-ab4d-589327eb2715)] -> xpath: //p//word], [[FirefoxDriver: firefox on LINUX (358f877c-4143-452f-ab4d-589327eb2715)] -> xpath: //p//word], [[FirefoxDriver: firefox on LINUX (358f877c-4143-452f-ab4d-589327eb2715)] -> xpath: //p//word], [[FirefoxDriver: firefox on LINUX (358f877c-4143-452f-ab4d-589327eb2715)] -> xpath: //p//word], [[FirefoxDriver: firefox on LINUX (358f877c-4143-452f-ab4d-589327eb2715)] -> xpath: //p//word], [[FirefoxDriver: firefox on LINUX (358f877c-4143-452f-ab4d-589327eb2715)] -> xpath: //p//word], [[FirefoxDriver: firefox on LINUX (358f877c-4143-452f-ab4d-589327eb2715)] -> xpath: //p//word], [[FirefoxDriver: firefox on LINUX (358f877c-4143-452f-ab4d-589327eb2715)] -> xpath: //p//word], [[FirefoxDriver: firefox on LINUX (358f877c-4143-452f-ab4d-589327eb2715)] -> xpath: //p//word], [[FirefoxDriver: firefox on LINUX (358f877c-4143-452f-ab4d-589327eb2715)] -> xpath: //p//word], [[FirefoxDriver: firefox on LINUX (358f877c-4143-452f-ab4d-589327eb2715)] -> xpath: //p//word], [[FirefoxDriver: firefox on LINUX (358f877c-4143-452f-ab4d-589327eb2715)] -> xpath: //p//word], [[FirefoxDriver: firefox on LINUX (358f877c-4143-452f-ab4d-589327eb2715)] -> xpath: //p//word], [[FirefoxDriver: firefox on LINUX (358f877c-4143-452f-ab4d-589327eb2715)] -> xpath: //p//word], [[FirefoxDriver: firefox on LINUX (358f877c-4143-452f-ab4d-589327eb2715)] -> xpath: //p//word], [[FirefoxDriver: firefox on LINUX (358f877c-4143-452f-ab4d-589327eb2715)] -> xpath: //p//word], [[FirefoxDriver: firefox on LINUX (358f877c-4143-452f-ab4d-589327eb2715)] -> xpath: //p//word], [[FirefoxDriver: firefox on LINUX (358f877c-4143-452f-ab4d-589327eb2715)] -> xpath: //p//word], [[FirefoxDriver: firefox on LINUX (358f877c-4143-452f-ab4d-589327eb2715)] -> xpath: //p//word], [[FirefoxDriver: firefox on LINUX (358f877c-4143-452f-ab4d-589327eb2715)] -> xpath: //p//word], [[FirefoxDriver: firefox on LINUX (358f877c-4143-452f-ab4d-589327eb2715)] -> xpath: //p//word], [[FirefoxDriver: firefox on LINUX (358f877c-4143-452f-ab4d-589327eb2715)] -> xpath: //p//word], [[FirefoxDriver: firefox on LINUX (358f877c-4143-452f-ab4d-589327eb2715)] -> xpath: //p//word], [[FirefoxDriver: firefox on LINUX (358f877c-4143-452f-ab4d-589327eb2715)] -> xpath: //p//word], [[FirefoxDriver: firefox on LINUX (358f877c-4143-452f-ab4d-589327eb2715)] -> xpath: //p//word], [[FirefoxDriver: firefox on LINUX (358f877c-4143-452f-ab4d-589327eb2715)] -> xpath: //p//word], [[FirefoxDriver: firefox on LINUX (358f877c-4143-452f-ab4d-589327eb2715)] -> xpath: //p//word], [[FirefoxDriver: firefox on LINUX (358f877c-4143-452f-ab4d-589327eb2715)] -> xpath: //p//word], [[FirefoxDriver: firefox on LINUX (358f877c-4143-452f-ab4d-589327eb2715)] -> xpath: //p//word], [[FirefoxDriver: firefox on LINUX (358f877c-4143-452f-ab4d-589327eb2715)] -> xpath: //p//word], [[FirefoxDriver: firefox on LINUX (358f877c-4143-452f-ab4d-589327eb2715)] -> xpath: //p//word], [[FirefoxDriver: firefox on LINUX (358f877c-4143-452f-ab4d-589327eb2715)] -> xpath: //p//word], [[FirefoxDriver: firefox on LINUX (358f877c-4143-452f-ab4d-589327eb2715)] -> xpath: //p//word], [[FirefoxDriver: firefox on LINUX (358f877c-4143-452f-ab4d-589327eb2715)] -> xpath: //p//word], [[FirefoxDriver: firefox on LINUX (358f877c-4143-452f-ab4d-589327eb2715)] -> xpath: //p//word], [[FirefoxDriver: firefox on LINUX (358f877c-4143-452f-ab4d-589327eb2715)] -> xpath: //p//word], [[FirefoxDriver: firefox on LINUX (358f877c-4143-452f-ab4d-589327eb2715)] -> xpath: //p//word], [[FirefoxDriver: firefox on LINUX (358f877c-4143-452f-ab4d-589327eb2715)] -> xpath: //p//word], [[FirefoxDriver: firefox on LINUX (358f877c-4143-452f-ab4d-589327eb2715)] -> xpath: //p//word], [[FirefoxDriver: firefox on LINUX (358f877c-4143-452f-ab4d-589327eb2715)] -> xpath: //p//word], [[FirefoxDriver: firefox on LINUX (358f877c-4143-452f-ab4d-589327eb2715)] -> xpath: //p//word], [[FirefoxDriver: firefox on LINUX (358f877c-4143-452f-ab4d-589327eb2715)] -> xpath: //p//word], [[FirefoxDriver: firefox on LINUX (358f877c-4143-452f-ab4d-589327eb2715)] -> xpath: //p//word], [[FirefoxDriver: firefox on LINUX (358f877c-4143-452f-ab4d-589327eb2715)] -> xpath: //p//word], [[FirefoxDriver: firefox on LINUX (358f877c-4143-452f-ab4d-589327eb2715)] -> xpath: //p//word], [[FirefoxDriver: firefox on LINUX (358f877c-4143-452f-ab4d-589327eb2715)] -> xpath: //p//word], [[FirefoxDriver: firefox on LINUX (358f877c-4143-452f-ab4d-589327eb2715)] -> xpath: //p//word], [[FirefoxDriver: firefox on LINUX (358f877c-4143-452f-ab4d-589327eb2715)] -> xpath: //p//word], [[FirefoxDriver: firefox on LINUX (358f877c-4143-452f-ab4d-589327eb2715)] -> xpath: //p//word], [[FirefoxDriver: firefox on LINUX (358f877c-4143-452f-ab4d-589327eb2715)] -> xpath: //p//word], [[FirefoxDriver: firefox on LINUX (358f877c-4143-452f-ab4d-589327eb2715)] -> xpath: //p//word], [[FirefoxDriver: firefox on LINUX (358f877c-4143-452f-ab4d-589327eb2715)] -> xpath: //p//word], [[FirefoxDriver: firefox on LINUX (358f877c-4143-452f-ab4d-589327eb2715)] -> xpath: //p//word], [[FirefoxDriver: firefox on LINUX (358f877c-4143-452f-ab4d-589327eb2715)] -> xpath: //p//word], [[FirefoxDriver: firefox on LINUX (358f877c-4143-452f-ab4d-589327eb2715)] -> xpath: //p//word], [[FirefoxDriver: firefox on LINUX (358f877c-4143-452f-ab4d-589327eb2715)] -> xpath: //p//word], [[FirefoxDriver: firefox on LINUX (358f877c-4143-452f-ab4d-589327eb2715)] -> xpath: //p//word], [[FirefoxDriver: firefox on LINUX (358f877c-4143-452f-ab4d-589327eb2715)] -> xpath: //p//word], [[FirefoxDriver: firefox on LINUX (358f877c-4143-452f-ab4d-589327eb2715)] -> xpath: //p//word], [[FirefoxDriver: firefox on LINUX (358f877c-4143-452f-ab4d-589327eb2715)] -> xpath: //p//word], [[FirefoxDriver: firefox on LINUX (358f877c-4143-452f-ab4d-589327eb2715)] -> xpath: //p//word], [[FirefoxDriver: firefox on LINUX (358f877c-4143-452f-ab4d-589327eb2715)] -> xpath: //p//word], [[FirefoxDriver: firefox on LINUX (358f877c-4143-452f-ab4d-589327eb2715)] -> xpath: //p//word], [[FirefoxDriver: firefox on LINUX (358f877c-4143-452f-ab4d-589327eb2715)] -> xpath: //p//word], [[FirefoxDriver: firefox on LINUX (358f877c-4143-452f-ab4d-589327eb2715)] -> xpath: //p//word], [[FirefoxDriver: firefox on LINUX (358f877c-4143-452f-ab4d-589327eb2715)] -> xpath: //p//word], [[FirefoxDriver: firefox on LINUX (358f877c-4143-452f-ab4d-589327eb2715)] -> xpath: //p//word], [[FirefoxDriver: firefox on LINUX (358f877c-4143-452f-ab4d-589327eb2715)] -> xpath: //p//word], [[FirefoxDriver: firefox on LINUX (358f877c-4143-452f-ab4d-589327eb2715)] -> xpath: //p//word], [[FirefoxDriver: firefox on LINUX (358f877c-4143-452f-ab4d-589327eb2715)] -> xpath: //p//word], [[FirefoxDriver: firefox on LINUX (358f877c-4143-452f-ab4d-589327eb2715)] -> xpath: //p//word], [[FirefoxDriver: firefox on LINUX (358f877c-4143-452f-ab4d-589327eb2715)] -> xpath: //p//word], [[FirefoxDriver: firefox on LINUX (358f877c-4143-452f-ab4d-589327eb2715)] -> xpath: //p//word], [[FirefoxDriver: firefox on LINUX (358f877c-4143-452f-ab4d-589327eb2715)] -> xpath: //p//word], [[FirefoxDriver: firefox on LINUX (358f877c-4143-452f-ab4d-589327eb2715)] -> xpath: //p//word], [[FirefoxDriver: firefox on LINUX (358f877c-4143-452f-ab4d-589327eb2715)] -> xpath: //p//word], [[FirefoxDriver: firefox on LINUX (358f877c-4143-452f-ab4d-589327eb2715)] -> xpath: //p//word], [[FirefoxDriver: firefox on LINUX (358f877c-4143-452f-ab4d-589327eb2715)] -> xpath: //p//word], [[FirefoxDriver: firefox on LINUX (358f877c-4143-452f-ab4d-589327eb2715)] -> xpath: //p//word], [[FirefoxDriver: firefox on LINUX (358f877c-4143-452f-ab4d-589327eb2715)] -> xpath: //p//word], [[FirefoxDriver: firefox on LINUX (358f877c-4143-452f-ab4d-589327eb2715)] -> xpath: //p//word], [[FirefoxDriver: firefox on LINUX (358f877c-4143-452f-ab4d-589327eb2715)] -> xpath: //p//word], [[FirefoxDriver: firefox on LINUX (358f877c-4143-452f-ab4d-589327eb2715)] -> xpath: //p//word], [[FirefoxDriver: firefox on LINUX (358f877c-4143-452f-ab4d-589327eb2715)] -> xpath: //p//word], [[FirefoxDriver: firefox on LINUX (358f877c-4143-452f-ab4d-589327eb2715)] -> xpath: //p//word], [[FirefoxDriver: firefox on LINUX (358f877c-4143-452f-ab4d-589327eb2715)] -> xpath: //p//word], [[FirefoxDriver: firefox on LINUX (358f877c-4143-452f-ab4d-589327eb2715)] -> xpath: //p//word], [[FirefoxDriver: firefox on LINUX (358f877c-4143-452f-ab4d-589327eb2715)] -> xpath: //p//word], [[FirefoxDriver: firefox on LINUX (358f877c-4143-452f-ab4d-589327eb2715)] -> xpath: //p//word], [[FirefoxDriver: firefox on LINUX (358f877c-4143-452f-ab4d-589327eb2715)] -> xpath: //p//word], [[FirefoxDriver: firefox on LINUX (358f877c-4143-452f-ab4d-589327eb2715)] -> xpath: //p//word], [[FirefoxDriver: firefox on LINUX (358f877c-4143-452f-ab4d-589327eb2715)] -> xpath: //p//word], [[FirefoxDriver: firefox on LINUX (358f877c-4143-452f-ab4d-589327eb2715)] -> xpath: //p//word], [[FirefoxDriver: firefox on LINUX (358f877c-4143-452f-ab4d-589327eb2715)] -> xpath: //p//word], [[FirefoxDriver: firefox on LINUX (358f877c-4143-452f-ab4d-589327eb2715)] -> xpath: //p//word], [[FirefoxDriver: firefox on LINUX (358f877c-4143-452f-ab4d-589327eb2715)] -> xpath: //p//word], [[FirefoxDriver: firefox on LINUX (358f877c-4143-452f-ab4d-589327eb2715)] -> xpath: //p//word], [[FirefoxDriver: firefox on LINUX (358f877c-4143-452f-ab4d-589327eb2715)] -> xpath: //p//word], [[FirefoxDriver: firefox on LINUX (358f877c-4143-452f-ab4d-589327eb2715)] -> xpath: //p//word], [[FirefoxDriver: firefox on LINUX (358f877c-4143-452f-ab4d-589327eb2715)] -> xpath: //p//word], [[FirefoxDriver: firefox on LINUX (358f877c-4143-452f-ab4d-589327eb2715)] -> xpath: //p//word], [[FirefoxDriver: firefox on LINUX (358f877c-4143-452f-ab4d-589327eb2715)] -> xpath: //p//word], [[FirefoxDriver: firefox on LINUX (358f877c-4143-452f-ab4d-589327eb2715)] -> xpath: //p//word], [[FirefoxDriver: firefox on LINUX (358f877c-4143-452f-ab4d-589327eb2715)] -> xpath: //p//word], [[FirefoxDriver: firefox on LINUX (358f877c-4143-452f-ab4d-589327eb2715)] -> xpath: //p//word], [[FirefoxDriver: firefox on LINUX (358f877c-4143-452f-ab4d-589327eb2715)] -> xpath: //p//word], [[FirefoxDriver: firefox on LINUX (358f877c-4143-452f-ab4d-589327eb2715)] -> xpath: //p//word], [[FirefoxDriver: firefox on LINUX (358f877c-4143-452f-ab4d-589327eb2715)] -> xpath: //p//word], [[FirefoxDriver: firefox on LINUX (358f877c-4143-452f-ab4d-589327eb2715)] -> xpath: //p//word], [[FirefoxDriver: firefox on LINUX (358f877c-4143-452f-ab4d-589327eb2715)] -> xpath: //p//word], [[FirefoxDriver: firefox on LINUX (358f877c-4143-452f-ab4d-589327eb2715)] -> xpath: //p//word], [[FirefoxDriver: firefox on LINUX (358f877c-4143-452f-ab4d-589327eb2715)] -> xpath: //p//word], [[FirefoxDriver: firefox on LINUX (358f877c-4143-452f-ab4d-589327eb2715)] -> xpath: //p//word], [[FirefoxDriver: firefox on LINUX (358f877c-4143-452f-ab4d-589327eb2715)] -> xpath: //p//word], [[FirefoxDriver: firefox on LINUX (358f877c-4143-452f-ab4d-589327eb2715)] -> xpath: //p//word], [[FirefoxDriver: firefox on LINUX (358f877c-4143-452f-ab4d-589327eb2715)] -> xpath: //p//word], [[FirefoxDriver: firefox on LINUX (358f877c-4143-452f-ab4d-589327eb2715)] -> xpath: //p//word], [[FirefoxDriver: firefox on LINUX (358f877c-4143-452f-ab4d-589327eb2715)] -> xpath: //p//word], [[FirefoxDriver: firefox on LINUX (358f877c-4143-452f-ab4d-589327eb2715)] -> xpath: //p//word], [[FirefoxDriver: firefox on LINUX (358f877c-4143-452f-ab4d-589327eb2715)] -> xpath: //p//word], [[FirefoxDriver: firefox on LINUX (358f877c-4143-452f-ab4d-589327eb2715)] -> xpath: //p//word], [[FirefoxDriver: firefox on LINUX (358f877c-4143-452f-ab4d-589327eb2715)] -> xpath: //p//word], [[FirefoxDriver: firefox on LINUX (358f877c-4143-452f-ab4d-589327eb2715)] -> xpath: //p//word], [[FirefoxDriver: firefox on LINUX (358f877c-4143-452f-ab4d-589327eb2715)] -> xpath: //p//word], [[FirefoxDriver: firefox on LINUX (358f877c-4143-452f-ab4d-589327eb2715)] -> xpath: //p//word], [[FirefoxDriver: firefox on LINUX (358f877c-4143-452f-ab4d-589327eb2715)] -> xpath: //p//word], [[FirefoxDriver: firefox on LINUX (358f877c-4143-452f-ab4d-589327eb2715)] -> xpath: //p//word], [[FirefoxDriver: firefox on LINUX (358f877c-4143-452f-ab4d-589327eb2715)] -> xpath: //p//word], [[FirefoxDriver: firefox on LINUX (358f877c-4143-452f-ab4d-589327eb2715)] -> xpath: //p//word], [[FirefoxDriver: firefox on LINUX (358f877c-4143-452f-ab4d-589327eb2715)] -> xpath: //p//word], [[FirefoxDriver: firefox on LINUX (358f877c-4143-452f-ab4d-589327eb2715)] -> xpath: //p//word], [[FirefoxDriver: firefox on LINUX (358f877c-4143-452f-ab4d-589327eb2715)] -> xpath: //p//word], [[FirefoxDriver: firefox on LINUX (358f877c-4143-452f-ab4d-589327eb2715)] -> xpath: //p//word], [[FirefoxDriver: firefox on LINUX (358f877c-4143-452f-ab4d-589327eb2715)] -> xpath: //p//word], [[FirefoxDriver: firefox on LINUX (358f877c-4143-452f-ab4d-589327eb2715)] -> xpath: //p//word], [[FirefoxDriver: firefox on LINUX (358f877c-4143-452f-ab4d-589327eb2715)] -> xpath: //p//word], [[FirefoxDriver: firefox on LINUX (358f877c-4143-452f-ab4d-589327eb2715)] -> xpath: //p//word], [[FirefoxDriver: firefox on LINUX (358f877c-4143-452f-ab4d-589327eb2715)] -> xpath: //p//word], [[FirefoxDriver: firefox on LINUX (358f877c-4143-452f-ab4d-589327eb2715)] -> xpath: //p//word], [[FirefoxDriver: firefox on LINUX (358f877c-4143-452f-ab4d-589327eb2715)] -> xpath: //p//word], [[FirefoxDriver: firefox on LINUX (358f877c-4143-452f-ab4d-589327eb2715)] -> xpath: //p//word], [[FirefoxDriver: firefox on LINUX (358f877c-4143-452f-ab4d-589327eb2715)] -> xpath: //p//word], [[FirefoxDriver: firefox on LINUX (358f877c-4143-452f-ab4d-589327eb2715)] -> xpath: //p//word], [[FirefoxDriver: firefox on LINUX (358f877c-4143-452f-ab4d-589327eb2715)] -> xpath: //p//word], [[FirefoxDriver: firefox on LINUX (358f877c-4143-452f-ab4d-589327eb2715)] -> xpath: //p//word], [[FirefoxDriver: firefox on LINUX (358f877c-4143-452f-ab4d-589327eb2715)] -> xpath: //p//word], [[FirefoxDriver: firefox on LINUX (358f877c-4143-452f-ab4d-589327eb2715)] -> xpath: //p//word], [[FirefoxDriver: firefox on LINUX (358f877c-4143-452f-ab4d-589327eb2715)] -> xpath: //p//word], [[FirefoxDriver: firefox on LINUX (358f877c-4143-452f-ab4d-589327eb2715)] -> xpath: //p//word], [[FirefoxDriver: firefox on LINUX (358f877c-4143-452f-ab4d-589327eb2715)] -> xpath: //p//word], [[FirefoxDriver: firefox on LINUX (358f877c-4143-452f-ab4d-589327eb2715)] -> xpath: //p//word], [[FirefoxDriver: firefox on LINUX (358f877c-4143-452f-ab4d-589327eb2715)] -> xpath: //p//word], [[FirefoxDriver: firefox on LINUX (358f877c-4143-452f-ab4d-589327eb2715)] -> xpath: //p//word], [[FirefoxDriver: firefox on LINUX (358f877c-4143-452f-ab4d-589327eb2715)] -> xpath: //p//word], [[FirefoxDriver: firefox on LINUX (358f877c-4143-452f-ab4d-589327eb2715)] -> xpath: //p//word], [[FirefoxDriver: firefox on LINUX (358f877c-4143-452f-ab4d-589327eb2715)] -> xpath: //p//word], [[FirefoxDriver: firefox on LINUX (358f877c-4143-452f-ab4d-589327eb2715)] -> xpath: //p//word], [[FirefoxDriver: firefox on LINUX (358f877c-4143-452f-ab4d-589327eb2715)] -> xpath: //p//word], [[FirefoxDriver: firefox on LINUX (358f877c-4143-452f-ab4d-589327eb2715)] -> xpath: //p//word], [[FirefoxDriver: firefox on LINUX (358f877c-4143-452f-ab4d-589327eb2715)] -> xpath: //p//word], [[FirefoxDriver: firefox on LINUX (358f877c-4143-452f-ab4d-589327eb2715)] -> xpath: //p//word], [[FirefoxDriver: firefox on LINUX (358f877c-4143-452f-ab4d-589327eb2715)] -> xpath: //p//word], [[FirefoxDriver: firefox on LINUX (358f877c-4143-452f-ab4d-589327eb2715)] -> xpath: //p//word], [[FirefoxDriver: firefox on LINUX (358f877c-4143-452f-ab4d-589327eb2715)] -> xpath: //p//word], [[FirefoxDriver: firefox on LINUX (358f877c-4143-452f-ab4d-589327eb2715)] -> xpath: //p//word], [[FirefoxDriver: firefox on LINUX (358f877c-4143-452f-ab4d-589327eb2715)] -> xpath: //p//word], [[FirefoxDriver: firefox on LINUX (358f877c-4143-452f-ab4d-589327eb2715)] -> xpath: //p//word], [[FirefoxDriver: firefox on LINUX (358f877c-4143-452f-ab4d-589327eb2715)] -> xpath: //p//word], [[FirefoxDriver: firefox on LINUX (358f877c-4143-452f-ab4d-589327eb2715)] -> xpath: //p//word], [[FirefoxDriver: firefox on LINUX (358f877c-4143-452f-ab4d-589327eb2715)] -> xpath: //p//word], [[FirefoxDriver: firefox on LINUX (358f877c-4143-452f-ab4d-589327eb2715)] -> xpath: //p//word], [[FirefoxDriver: firefox on LINUX (358f877c-4143-452f-ab4d-589327eb2715)] -> xpath: //p//word], [[FirefoxDriver: firefox on LINUX (358f877c-4143-452f-ab4d-589327eb2715)] -> xpath: //p//word], [[FirefoxDriver: firefox on LINUX (358f877c-4143-452f-ab4d-589327eb2715)] -> xpath: //p//word], [[FirefoxDriver: firefox on LINUX (358f877c-4143-452f-ab4d-589327eb2715)] -> xpath: //p//word], [[FirefoxDriver: firefox on LINUX (358f877c-4143-452f-ab4d-589327eb2715)] -> xpath: //p//word], [[FirefoxDriver: firefox on LINUX (358f877c-4143-452f-ab4d-589327eb2715)] -> xpath: //p//word], [[FirefoxDriver: firefox on LINUX (358f877c-4143-452f-ab4d-589327eb2715)] -> xpath: //p//word], [[FirefoxDriver: firefox on LINUX (358f877c-4143-452f-ab4d-589327eb2715)] -> xpath: //p//word], [[FirefoxDriver: firefox on LINUX (358f877c-4143-452f-ab4d-589327eb2715)] -> xpath: //p//word], [[FirefoxDriver: firefox on LINUX (358f877c-4143-452f-ab4d-589327eb2715)] -> xpath: //p//word], [[FirefoxDriver: firefox on LINUX (358f877c-4143-452f-ab4d-589327eb2715)] -> xpath: //p//word], [[FirefoxDriver: firefox on LINUX (358f877c-4143-452f-ab4d-589327eb2715)] -> xpath: //p//word], [[FirefoxDriver: firefox on LINUX (358f877c-4143-452f-ab4d-589327eb2715)] -> xpath: //p//word], [[FirefoxDriver: firefox on LINUX (358f877c-4143-452f-ab4d-589327eb2715)] -> xpath: //p//word], [[FirefoxDriver: firefox on LINUX (358f877c-4143-452f-ab4d-589327eb2715)] -> xpath: //p//word], [[FirefoxDriver: firefox on LINUX (358f877c-4143-452f-ab4d-589327eb2715)] -> xpath: //p//word], [[FirefoxDriver: firefox on LINUX (358f877c-4143-452f-ab4d-589327eb2715)] -> xpath: //p//word], [[FirefoxDriver: firefox on LINUX (358f877c-4143-452f-ab4d-589327eb2715)] -> xpath: //p//word], [[FirefoxDriver: firefox on LINUX (358f877c-4143-452f-ab4d-589327eb2715)] -> xpath: //p//word], [[FirefoxDriver: firefox on LINUX (358f877c-4143-452f-ab4d-589327eb2715)] -> xpath: //p//word], [[FirefoxDriver: firefox on LINUX (358f877c-4143-452f-ab4d-589327eb2715)] -> xpath: //p//word], [[FirefoxDriver: firefox on LINUX (358f877c-4143-452f-ab4d-589327eb2715)] -> xpath: //p//word], [[FirefoxDriver: firefox on LINUX (358f877c-4143-452f-ab4d-589327eb2715)] -> xpath: //p//word], [[FirefoxDriver: firefox on LINUX (358f877c-4143-452f-ab4d-589327eb2715)] -> xpath: //p//word], [[FirefoxDriver: firefox on LINUX (358f877c-4143-452f-ab4d-589327eb2715)] -> xpath: //p//word], [[FirefoxDriver: firefox on LINUX (358f877c-4143-452f-ab4d-589327eb2715)] -> xpath: //p//word], [[FirefoxDriver: firefox on LINUX (358f877c-4143-452f-ab4d-589327eb2715)] -> xpath: //p//word], [[FirefoxDriver: firefox on LINUX (358f877c-4143-452f-ab4d-589327eb2715)] -> xpath: //p//word], [[FirefoxDriver: firefox on LINUX (358f877c-4143-452f-ab4d-589327eb2715)] -> xpath: //p//word], [[FirefoxDriver: firefox on LINUX (358f877c-4143-452f-ab4d-589327eb2715)] -> xpath: //p//word], [[FirefoxDriver: firefox on LINUX (358f877c-4143-452f-ab4d-589327eb2715)] -> xpath: //p//word], [[FirefoxDriver: firefox on LINUX (358f877c-4143-452f-ab4d-589327eb2715)] -> xpath: //p//word], [[FirefoxDriver: firefox on LINUX (358f877c-4143-452f-ab4d-589327eb2715)] -> xpath: //p//word], [[FirefoxDriver: firefox on LINUX (358f877c-4143-452f-ab4d-589327eb2715)] -> xpath: //p//word], [[FirefoxDriver: firefox on LINUX (358f877c-4143-452f-ab4d-589327eb2715)] -> xpath: //p//word], [[FirefoxDriver: firefox on LINUX (358f877c-4143-452f-ab4d-589327eb2715)] -> xpath: //p//word], [[FirefoxDriver: firefox on LINUX (358f877c-4143-452f-ab4d-589327eb2715)] -> xpath: //p//word], [[FirefoxDriver: firefox on LINUX (358f877c-4143-452f-ab4d-589327eb2715)] -> xpath: //p//word], [[FirefoxDriver: firefox on LINUX (358f877c-4143-452f-ab4d-589327eb2715)] -> xpath: //p//word], [[FirefoxDriver: firefox on LINUX (358f877c-4143-452f-ab4d-589327eb2715)] -> xpath: //p//word], [[FirefoxDriver: firefox on LINUX (358f877c-4143-452f-ab4d-589327eb2715)] -> xpath: //p//word], [[FirefoxDriver: firefox on LINUX (358f877c-4143-452f-ab4d-589327eb2715)] -> xpath: //p//word], [[FirefoxDriver: firefox on LINUX (358f877c-4143-452f-ab4d-589327eb2715)] -> xpath: //p//word], [[FirefoxDriver: firefox on LINUX (358f877c-4143-452f-ab4d-589327eb2715)] -> xpath: //p//word], [[FirefoxDriver: firefox on LINUX (358f877c-4143-452f-ab4d-589327eb2715)] -> xpath: //p//word], [[FirefoxDriver: firefox on LINUX (358f877c-4143-452f-ab4d-589327eb2715)] -> xpath: //p//word], [[FirefoxDriver: firefox on LINUX (358f877c-4143-452f-ab4d-589327eb2715)] -> xpath: //p//word], [[FirefoxDriver: firefox on LINUX (358f877c-4143-452f-ab4d-589327eb2715)] -> xpath: //p//word], [[FirefoxDriver: firefox on LINUX (358f877c-4143-452f-ab4d-589327eb2715)] -> xpath: //p//word], [[FirefoxDriver: firefox on LINUX (358f877c-4143-452f-ab4d-589327eb2715)] -> xpath: //p//word], [[FirefoxDriver: firefox on LINUX (358f877c-4143-452f-ab4d-589327eb2715)] -> xpath: //p//word], [[FirefoxDriver: firefox on LINUX (358f877c-4143-452f-ab4d-589327eb2715)] -> xpath: //p//word], [[FirefoxDriver: firefox on LINUX (358f877c-4143-452f-ab4d-589327eb2715)] -> xpath: //p//word], [[FirefoxDriver: firefox on LINUX (358f877c-4143-452f-ab4d-589327eb2715)] -> xpath: //p//word], [[FirefoxDriver: firefox on LINUX (358f877c-4143-452f-ab4d-589327eb2715)] -> xpath: //p//word], [[FirefoxDriver: firefox on LINUX (358f877c-4143-452f-ab4d-589327eb2715)] -> xpath: //p//word], [[FirefoxDriver: firefox on LINUX (358f877c-4143-452f-ab4d-589327eb2715)] -> xpath: //p//word], [[FirefoxDriver: firefox on LINUX (358f877c-4143-452f-ab4d-589327eb2715)] -> xpath: //p//word], [[FirefoxDriver: firefox on LINUX (358f877c-4143-452f-ab4d-589327eb2715)] -> xpath: //p//word], [[FirefoxDriver: firefox on LINUX (358f877c-4143-452f-ab4d-589327eb2715)] -> xpath: //p//word], [[FirefoxDriver: firefox on LINUX (358f877c-4143-452f-ab4d-589327eb2715)] -> xpath: //p//word], [[FirefoxDriver: firefox on LINUX (358f877c-4143-452f-ab4d-589327eb2715)] -> xpath: //p//word], [[FirefoxDriver: firefox on LINUX (358f877c-4143-452f-ab4d-589327eb2715)] -> xpath: //p//word], [[FirefoxDriver: firefox on LINUX (358f877c-4143-452f-ab4d-589327eb2715)] -> xpath: //p//word], [[FirefoxDriver: firefox on LINUX (358f877c-4143-452f-ab4d-589327eb2715)] -> xpath: //p//word], [[FirefoxDriver: firefox on LINUX (358f877c-4143-452f-ab4d-589327eb2715)] -> xpath: //p//word], [[FirefoxDriver: firefox on LINUX (358f877c-4143-452f-ab4d-589327eb2715)] -> xpath: //p//word], [[FirefoxDriver: firefox on LINUX (358f877c-4143-452f-ab4d-589327eb2715)] -> xpath: //p//word], [[FirefoxDriver: firefox on LINUX (358f877c-4143-452f-ab4d-589327eb2715)] -> xpath: //p//word], [[FirefoxDriver: firefox on LINUX (358f877c-4143-452f-ab4d-589327eb2715)] -> xpath: //p//word], [[FirefoxDriver: firefox on LINUX (358f877c-4143-452f-ab4d-589327eb2715)] -> xpath: //p//word], [[FirefoxDriver: firefox on LINUX (358f877c-4143-452f-ab4d-589327eb2715)] -> xpath: //p//word], [[FirefoxDriver: firefox on LINUX (358f877c-4143-452f-ab4d-589327eb2715)] -> xpath: //p//word], [[FirefoxDriver: firefox on LINUX (358f877c-4143-452f-ab4d-589327eb2715)] -> xpath: //p//word], [[FirefoxDriver: firefox on LINUX (358f877c-4143-452f-ab4d-589327eb2715)] -> xpath: //p//word], [[FirefoxDriver: firefox on LINUX (358f877c-4143-452f-ab4d-589327eb2715)] -> xpath: //p//word], [[FirefoxDriver: firefox on LINUX (358f877c-4143-452f-ab4d-589327eb2715)] -> xpath: //p//word], [[FirefoxDriver: firefox on LINUX (358f877c-4143-452f-ab4d-589327eb2715)] -> xpath: //p//word], [[FirefoxDriver: firefox on LINUX (358f877c-4143-452f-ab4d-589327eb2715)] -> xpath: //p//word], [[FirefoxDriver: firefox on LINUX (358f877c-4143-452f-ab4d-589327eb2715)] -> xpath: //p//word], [[FirefoxDriver: firefox on LINUX (358f877c-4143-452f-ab4d-589327eb2715)] -> xpath: //p//word], [[FirefoxDriver: firefox on LINUX (358f877c-4143-452f-ab4d-589327eb2715)] -> xpath: //p//word], [[FirefoxDriver: firefox on LINUX (358f877c-4143-452f-ab4d-589327eb2715)] -> xpath: //p//word], [[FirefoxDriver: firefox on LINUX (358f877c-4143-452f-ab4d-589327eb2715)] -> xpath: //p//word], [[FirefoxDriver: firefox on LINUX (358f877c-4143-452f-ab4d-589327eb2715)] -> xpath: //p//word], [[FirefoxDriver: firefox on LINUX (358f877c-4143-452f-ab4d-589327eb2715)] -> xpath: //p//word], [[FirefoxDriver: firefox on LINUX (358f877c-4143-452f-ab4d-589327eb2715)] -> xpath: //p//word], [[FirefoxDriver: firefox on LINUX (358f877c-4143-452f-ab4d-589327eb2715)] -> xpath: //p//word], [[FirefoxDriver: firefox on LINUX (358f877c-4143-452f-ab4d-589327eb2715)] -> xpath: //p//word], [[FirefoxDriver: firefox on LINUX (358f877c-4143-452f-ab4d-589327eb2715)] -> xpath: //p//word], [[FirefoxDriver: firefox on LINUX (358f877c-4143-452f-ab4d-589327eb2715)] -> xpath: //p//word], [[FirefoxDriver: firefox on LINUX (358f877c-4143-452f-ab4d-589327eb2715)] -> xpath: //p//word], [[FirefoxDriver: firefox on LINUX (358f877c-4143-452f-ab4d-589327eb2715)] -> xpath: //p//word], [[FirefoxDriver: firefox on LINUX (358f877c-4143-452f-ab4d-589327eb2715)] -> xpath: //p//word], [[FirefoxDriver: firefox on LINUX (358f877c-4143-452f-ab4d-589327eb2715)] -> xpath: //p//word], [[FirefoxDriver: firefox on LINUX (358f877c-4143-452f-ab4d-589327eb2715)] -> xpath: //p//word], [[FirefoxDriver: firefox on LINUX (358f877c-4143-452f-ab4d-589327eb2715)] -> xpath: //p//word], [[FirefoxDriver: firefox on LINUX (358f877c-4143-452f-ab4d-589327eb2715)] -> xpath: //p//word], [[FirefoxDriver: firefox on LINUX (358f877c-4143-452f-ab4d-589327eb2715)] -> xpath: //p//word], [[FirefoxDriver: firefox on LINUX (358f877c-4143-452f-ab4d-589327eb2715)] -> xpath: //p//word], [[FirefoxDriver: firefox on LINUX (358f877c-4143-452f-ab4d-589327eb2715)] -> xpath: //p//word], [[FirefoxDriver: firefox on LINUX (358f877c-4143-452f-ab4d-589327eb2715)] -> xpath: //p//word], [[FirefoxDriver: firefox on LINUX (358f877c-4143-452f-ab4d-589327eb2715)] -> xpath: //p//word], [[FirefoxDriver: firefox on LINUX (358f877c-4143-452f-ab4d-589327eb2715)] -> xpath: //p//word], [[FirefoxDriver: firefox on LINUX (358f877c-4143-452f-ab4d-589327eb2715)] -> xpath: //p//word], [[FirefoxDriver: firefox on LINUX (358f877c-4143-452f-ab4d-589327eb2715)] -> xpath: //p//word], [[FirefoxDriver: firefox on LINUX (358f877c-4143-452f-ab4d-589327eb2715)] -> xpath: //p//word], [[FirefoxDriver: firefox on LINUX (358f877c-4143-452f-ab4d-589327eb2715)] -> xpath: //p//word], [[FirefoxDriver: firefox on LINUX (358f877c-4143-452f-ab4d-589327eb2715)] -> xpath: //p//word], [[FirefoxDriver: firefox on LINUX (358f877c-4143-452f-ab4d-589327eb2715)] -> xpath: //p//word], [[FirefoxDriver: firefox on LINUX (358f877c-4143-452f-ab4d-589327eb2715)] -> xpath: //p//word], [[FirefoxDriver: firefox on LINUX (358f877c-4143-452f-ab4d-589327eb2715)] -> xpath: //p//word], [[FirefoxDriver: firefox on LINUX (358f877c-4143-452f-ab4d-589327eb2715)] -> xpath: //p//word], [[FirefoxDriver: firefox on LINUX (358f877c-4143-452f-ab4d-589327eb2715)] -> xpath: //p//word], [[FirefoxDriver: firefox on LINUX (358f877c-4143-452f-ab4d-589327eb2715)] -> xpath: //p//word], [[FirefoxDriver: firefox on LINUX (358f877c-4143-452f-ab4d-589327eb2715)] -> xpath: //p//word], [[FirefoxDriver: firefox on LINUX (358f877c-4143-452f-ab4d-589327eb2715)] -> xpath: //p//word], [[FirefoxDriver: firefox on LINUX (358f877c-4143-452f-ab4d-589327eb2715)] -> xpath: //p//word], [[FirefoxDriver: firefox on LINUX (358f877c-4143-452f-ab4d-589327eb2715)] -> xpath: //p//word], [[FirefoxDriver: firefox on LINUX (358f877c-4143-452f-ab4d-589327eb2715)] -> xpath: //p//word], [[FirefoxDriver: firefox on LINUX (358f877c-4143-452f-ab4d-589327eb2715)] -> xpath: //p//word], [[FirefoxDriver: firefox on LINUX (358f877c-4143-452f-ab4d-589327eb2715)] -> xpath: //p//word], [[FirefoxDriver: firefox on LINUX (358f877c-4143-452f-ab4d-589327eb2715)] -> xpath: //p//word], [[FirefoxDriver: firefox on LINUX (358f877c-4143-452f-ab4d-589327eb2715)] -> xpath: //p//word], [[FirefoxDriver: firefox on LINUX (358f877c-4143-452f-ab4d-589327eb2715)] -> xpath: //p//word], [[FirefoxDriver: firefox on LINUX (358f877c-4143-452f-ab4d-589327eb2715)] -> xpath: //p//word], [[FirefoxDriver: firefox on LINUX (358f877c-4143-452f-ab4d-589327eb2715)] -> xpath: //p//word], [[FirefoxDriver: firefox on LINUX (358f877c-4143-452f-ab4d-589327eb2715)] -> xpath: //p//word], [[FirefoxDriver: firefox on LINUX (358f877c-4143-452f-ab4d-589327eb2715)] -> xpath: //p//word], [[FirefoxDriver: firefox on LINUX (358f877c-4143-452f-ab4d-589327eb2715)] -> xpath: //p//word], [[FirefoxDriver: firefox on LINUX (358f877c-4143-452f-ab4d-589327eb2715)] -> xpath: //p//word], [[FirefoxDriver: firefox on LINUX (358f877c-4143-452f-ab4d-589327eb2715)] -> xpath: //p//word], [[FirefoxDriver: firefox on LINUX (358f877c-4143-452f-ab4d-589327eb2715)] -> xpath: //p//word], [[FirefoxDriver: firefox on LINUX (358f877c-4143-452f-ab4d-589327eb2715)] -> xpath: //p//word], [[FirefoxDriver: firefox on LINUX (358f877c-4143-452f-ab4d-589327eb2715)] -> xpath: //p//word], [[FirefoxDriver: firefox on LINUX (358f877c-4143-452f-ab4d-589327eb2715)] -> xpath: //p//word], [[FirefoxDriver: firefox on LINUX (358f877c-4143-452f-ab4d-589327eb2715)] -> xpath: //p//word], [[FirefoxDriver: firefox on LINUX (358f877c-4143-452f-ab4d-589327eb2715)] -> xpath: //p//word], [[FirefoxDriver: firefox on LINUX (358f877c-4143-452f-ab4d-589327eb2715)] -> xpath: //p//word], [[FirefoxDriver: firefox on LINUX (358f877c-4143-452f-ab4d-589327eb2715)] -> xpath: //p//word], [[FirefoxDriver: firefox on LINUX (358f877c-4143-452f-ab4d-589327eb2715)] -> xpath: //p//word], [[FirefoxDriver: firefox on LINUX (358f877c-4143-452f-ab4d-589327eb2715)] -> xpath: //p//word], [[FirefoxDriver: firefox on LINUX (358f877c-4143-452f-ab4d-589327eb2715)] -> xpath: //p//word], [[FirefoxDriver: firefox on LINUX (358f877c-4143-452f-ab4d-589327eb2715)] -> xpath: //p//word], [[FirefoxDriver: firefox on LINUX (358f877c-4143-452f-ab4d-589327eb2715)] -> xpath: //p//word], [[FirefoxDriver: firefox on LINUX (358f877c-4143-452f-ab4d-589327eb2715)] -> xpath: //p//word], [[FirefoxDriver: firefox on LINUX (358f877c-4143-452f-ab4d-589327eb2715)] -> xpath: //p//word], [[FirefoxDriver: firefox on LINUX (358f877c-4143-452f-ab4d-589327eb2715)] -> xpath: //p//word], [[FirefoxDriver: firefox on LINUX (358f877c-4143-452f-ab4d-589327eb2715)] -> xpath: //p//word], [[FirefoxDriver: firefox on LINUX (358f877c-4143-452f-ab4d-589327eb2715)] -> xpath: //p//word], [[FirefoxDriver: firefox on LINUX (358f877c-4143-452f-ab4d-589327eb2715)] -> xpath: //p//word], [[FirefoxDriver: firefox on LINUX (358f877c-4143-452f-ab4d-589327eb2715)] -> xpath: //p//word], [[FirefoxDriver: firefox on LINUX (358f877c-4143-452f-ab4d-589327eb2715)] -> xpath: //p//word], [[FirefoxDriver: firefox on LINUX (358f877c-4143-452f-ab4d-589327eb2715)] -> xpath: //p//word], [[FirefoxDriver: firefox on LINUX (358f877c-4143-452f-ab4d-589327eb2715)] -> xpath: //p//word], [[FirefoxDriver: firefox on LINUX (358f877c-4143-452f-ab4d-589327eb2715)] -> xpath: //p//word], [[FirefoxDriver: firefox on LINUX (358f877c-4143-452f-ab4d-589327eb2715)] -> xpath: //p//word], [[FirefoxDriver: firefox on LINUX (358f877c-4143-452f-ab4d-589327eb2715)] -> xpath: //p//word], [[FirefoxDriver: firefox on LINUX (358f877c-4143-452f-ab4d-589327eb2715)] -> xpath: //p//word], [[FirefoxDriver: firefox on LINUX (358f877c-4143-452f-ab4d-589327eb2715)] -> xpath: //p//word], [[FirefoxDriver: firefox on LINUX (358f877c-4143-452f-ab4d-589327eb2715)] -> xpath: //p//word], [[FirefoxDriver: firefox on LINUX (358f877c-4143-452f-ab4d-589327eb2715)] -> xpath: //p//word], [[FirefoxDriver: firefox on LINUX (358f877c-4143-452f-ab4d-589327eb2715)] -> xpath: //p//word], [[FirefoxDriver: firefox on LINUX (358f877c-4143-452f-ab4d-589327eb2715)] -> xpath: //p//word], [[FirefoxDriver: firefox on LINUX (358f877c-4143-452f-ab4d-589327eb2715)] -> xpath: //p//word], [[FirefoxDriver: firefox on LINUX (358f877c-4143-452f-ab4d-589327eb2715)] -> xpath: //p//word], [[FirefoxDriver: firefox on LINUX (358f877c-4143-452f-ab4d-589327eb2715)] -> xpath: //p//word], [[FirefoxDriver: firefox on LINUX (358f877c-4143-452f-ab4d-589327eb2715)] -> xpath: //p//word], [[FirefoxDriver: firefox on LINUX (358f877c-4143-452f-ab4d-589327eb2715)] -> xpath: //p//word], [[FirefoxDriver: firefox on LINUX (358f877c-4143-452f-ab4d-589327eb2715)] -> xpath: //p//word], [[FirefoxDriver: firefox on LINUX (358f877c-4143-452f-ab4d-589327eb2715)] -> xpath: //p//word], [[FirefoxDriver: firefox on LINUX (358f877c-4143-452f-ab4d-589327eb2715)] -> xpath: //p//word], [[FirefoxDriver: firefox on LINUX (358f877c-4143-452f-ab4d-589327eb2715)] -> xpath: //p//word], [[FirefoxDriver: firefox on LINUX (358f877c-4143-452f-ab4d-589327eb2715)] -> xpath: //p//word], [[FirefoxDriver: firefox on LINUX (358f877c-4143-452f-ab4d-589327eb2715)] -> xpath: //p//word], [[FirefoxDriver: firefox on LINUX (358f877c-4143-452f-ab4d-589327eb2715)] -> xpath: //p//word], [[FirefoxDriver: firefox on LINUX (358f877c-4143-452f-ab4d-589327eb2715)] -> xpath: //p//word], [[FirefoxDriver: firefox on LINUX (358f877c-4143-452f-ab4d-589327eb2715)] -> xpath: //p//word], [[FirefoxDriver: firefox on LINUX (358f877c-4143-452f-ab4d-589327eb2715)] -> xpath: //p//word], [[FirefoxDriver: firefox on LINUX (358f877c-4143-452f-ab4d-589327eb2715)] -> xpath: //p//word], [[FirefoxDriver: firefox on LINUX (358f877c-4143-452f-ab4d-589327eb2715)] -> xpath: //p//word], [[FirefoxDriver: firefox on LINUX (358f877c-4143-452f-ab4d-589327eb2715)] -> xpath: //p//word], [[FirefoxDriver: firefox on LINUX (358f877c-4143-452f-ab4d-589327eb2715)] -> xpath: //p//word], [[FirefoxDriver: firefox on LINUX (358f877c-4143-452f-ab4d-589327eb2715)] -> xpath: //p//word], [[FirefoxDriver: firefox on LINUX (358f877c-4143-452f-ab4d-589327eb2715)] -> xpath: //p//word], [[FirefoxDriver: firefox on LINUX (358f877c-4143-452f-ab4d-589327eb2715)] -> xpath: //p//word], [[FirefoxDriver: firefox on LINUX (358f877c-4143-452f-ab4d-589327eb2715)] -> xpath: //p//word], [[FirefoxDriver: firefox on LINUX (358f877c-4143-452f-ab4d-589327eb2715)] -> xpath: //p//word], [[FirefoxDriver: firefox on LINUX (358f877c-4143-452f-ab4d-589327eb2715)] -> xpath: //p//word], [[FirefoxDriver: firefox on LINUX (358f877c-4143-452f-ab4d-589327eb2715)] -> xpath: //p//word], [[FirefoxDriver: firefox on LINUX (358f877c-4143-452f-ab4d-589327eb2715)] -> xpath: //p//word], [[FirefoxDriver: firefox on LINUX (358f877c-4143-452f-ab4d-589327eb2715)] -> xpath: //p//word], [[FirefoxDriver: firefox on LINUX (358f877c-4143-452f-ab4d-589327eb2715)] -> xpath: //p//word], [[FirefoxDriver: firefox on LINUX (358f877c-4143-452f-ab4d-589327eb2715)] -> xpath: //p//word], [[FirefoxDriver: firefox on LINUX (358f877c-4143-452f-ab4d-589327eb2715)] -> xpath: //p//word], [[FirefoxDriver: firefox on LINUX (358f877c-4143-452f-ab4d-589327eb2715)] -> xpath: //p//word], [[FirefoxDriver: firefox on LINUX (358f877c-4143-452f-ab4d-589327eb2715)] -> xpath: //p//word], [[FirefoxDriver: firefox on LINUX (358f877c-4143-452f-ab4d-589327eb2715)] -> xpath: //p//word], [[FirefoxDriver: firefox on LINUX (358f877c-4143-452f-ab4d-589327eb2715)] -> xpath: //p//word], [[FirefoxDriver: firefox on LINUX (358f877c-4143-452f-ab4d-589327eb2715)] -> xpath: //p//word], [[FirefoxDriver: firefox on LINUX (358f877c-4143-452f-ab4d-589327eb2715)] -> xpath: //p//word], [[FirefoxDriver: firefox on LINUX (358f877c-4143-452f-ab4d-589327eb2715)] -> xpath: //p//word], [[FirefoxDriver: firefox on LINUX (358f877c-4143-452f-ab4d-589327eb2715)] -> xpath: //p//word], [[FirefoxDriver: firefox on LINUX (358f877c-4143-452f-ab4d-589327eb2715)] -> xpath: //p//word], [[FirefoxDriver: firefox on LINUX (358f877c-4143-452f-ab4d-589327eb2715)] -> xpath: //p//word], [[FirefoxDriver: firefox on LINUX (358f877c-4143-452f-ab4d-589327eb2715)] -> xpath: //p//word], [[FirefoxDriver: firefox on LINUX (358f877c-4143-452f-ab4d-589327eb2715)] -> xpath: //p//word], [[FirefoxDriver: firefox on LINUX (358f877c-4143-452f-ab4d-589327eb2715)] -> xpath: //p//word], [[FirefoxDriver: firefox on LINUX (358f877c-4143-452f-ab4d-589327eb2715)] -> xpath: //p//word], [[FirefoxDriver: firefox on LINUX (358f877c-4143-452f-ab4d-589327eb2715)] -> xpath: //p//word], [[FirefoxDriver: firefox on LINUX (358f877c-4143-452f-ab4d-589327eb2715)] -> xpath: //p//word], [[FirefoxDriver: firefox on LINUX (358f877c-4143-452f-ab4d-589327eb2715)] -> xpath: //p//word], [[FirefoxDriver: firefox on LINUX (358f877c-4143-452f-ab4d-589327eb2715)] -> xpath: //p//word], [[FirefoxDriver: firefox on LINUX (358f877c-4143-452f-ab4d-589327eb2715)] -> xpath: //p//word], [[FirefoxDriver: firefox on LINUX (358f877c-4143-452f-ab4d-589327eb2715)] -> xpath: //p//word], [[FirefoxDriver: firefox on LINUX (358f877c-4143-452f-ab4d-589327eb2715)] -> xpath: //p//word], [[FirefoxDriver: firefox on LINUX (358f877c-4143-452f-ab4d-589327eb2715)] -> xpath: //p//word], [[FirefoxDriver: firefox on LINUX (358f877c-4143-452f-ab4d-589327eb2715)] -> xpath: //p//word], [[FirefoxDriver: firefox on LINUX (358f877c-4143-452f-ab4d-589327eb2715)] -> xpath: //p//word], [[FirefoxDriver: firefox on LINUX (358f877c-4143-452f-ab4d-589327eb2715)] -> xpath: //p//word], [[FirefoxDriver: firefox on LINUX (358f877c-4143-452f-ab4d-589327eb2715)] -> xpath: //p//word], [[FirefoxDriver: firefox on LINUX (358f877c-4143-452f-ab4d-589327eb2715)] -> xpath: //p//word], [[FirefoxDriver: firefox on LINUX (358f877c-4143-452f-ab4d-589327eb2715)] -> xpath: //p//word], [[FirefoxDriver: firefox on LINUX (358f877c-4143-452f-ab4d-589327eb2715)] -> xpath: //p//word], [[FirefoxDriver: firefox on LINUX (358f877c-4143-452f-ab4d-589327eb2715)] -> xpath: //p//word], [[FirefoxDriver: firefox on LINUX (358f877c-4143-452f-ab4d-589327eb2715)] -> xpath: //p//word], [[FirefoxDriver: firefox on LINUX (358f877c-4143-452f-ab4d-589327eb2715)] -> xpath: //p//word], [[FirefoxDriver: firefox on LINUX (358f877c-4143-452f-ab4d-589327eb2715)] -> xpath: //p//word], [[FirefoxDriver: firefox on LINUX (358f877c-4143-452f-ab4d-589327eb2715)] -> xpath: //p//word], [[FirefoxDriver: firefox on LINUX (358f877c-4143-452f-ab4d-589327eb2715)] -> xpath: //p//word], [[FirefoxDriver: firefox on LINUX (358f877c-4143-452f-ab4d-589327eb2715)] -> xpath: //p//word], [[FirefoxDriver: firefox on LINUX (358f877c-4143-452f-ab4d-589327eb2715)] -> xpath: //p//word], [[FirefoxDriver: firefox on LINUX (358f877c-4143-452f-ab4d-589327eb2715)] -> xpath: //p//word], [[FirefoxDriver: firefox on LINUX (358f877c-4143-452f-ab4d-589327eb2715)] -> xpath: //p//word], [[FirefoxDriver: firefox on LINUX (358f877c-4143-452f-ab4d-589327eb2715)] -> xpath: //p//word], [[FirefoxDriver: firefox on LINUX (358f877c-4143-452f-ab4d-589327eb2715)] -> xpath: //p//word], [[FirefoxDriver: firefox on LINUX (358f877c-4143-452f-ab4d-589327eb2715)] -> xpath: //p//word], [[FirefoxDriver: firefox on LINUX (358f877c-4143-452f-ab4d-589327eb2715)] -> xpath: //p//word], [[FirefoxDriver: firefox on LINUX (358f877c-4143-452f-ab4d-589327eb2715)] -> xpath: //p//word], [[FirefoxDriver: firefox on LINUX (358f877c-4143-452f-ab4d-589327eb2715)] -> xpath: //p//word], [[FirefoxDriver: firefox on LINUX (358f877c-4143-452f-ab4d-589327eb2715)] -> xpath: //p//word], [[FirefoxDriver: firefox on LINUX (358f877c-4143-452f-ab4d-589327eb2715)] -> xpath: //p//word], [[FirefoxDriver: firefox on LINUX (358f877c-4143-452f-ab4d-589327eb2715)] -> xpath: //p//word], [[FirefoxDriver: firefox on LINUX (358f877c-4143-452f-ab4d-589327eb2715)] -> xpath: //p//word], [[FirefoxDriver: firefox on LINUX (358f877c-4143-452f-ab4d-589327eb2715)] -> xpath: //p//word], [[FirefoxDriver: firefox on LINUX (358f877c-4143-452f-ab4d-589327eb2715)] -> xpath: //p//word], [[FirefoxDriver: firefox on LINUX (358f877c-4143-452f-ab4d-589327eb2715)] -> xpath: //p//word], [[FirefoxDriver: firefox on LINUX (358f877c-4143-452f-ab4d-589327eb2715)] -> xpath: //p//word], [[FirefoxDriver: firefox on LINUX (358f877c-4143-452f-ab4d-589327eb2715)] -> xpath: //p//word], [[FirefoxDriver: firefox on LINUX (358f877c-4143-452f-ab4d-589327eb2715)] -> xpath: //p//word], [[FirefoxDriver: firefox on LINUX (358f877c-4143-452f-ab4d-589327eb2715)] -> xpath: //p//word], [[FirefoxDriver: firefox on LINUX (358f877c-4143-452f-ab4d-589327eb2715)] -> xpath: //p//word], [[FirefoxDriver: firefox on LINUX (358f877c-4143-452f-ab4d-589327eb2715)] -> xpath: //p//word], [[FirefoxDriver: firefox on LINUX (358f877c-4143-452f-ab4d-589327eb2715)] -> xpath: //p//word], [[FirefoxDriver: firefox on LINUX (358f877c-4143-452f-ab4d-589327eb2715)] -> xpath: //p//word], [[FirefoxDriver: firefox on LINUX (358f877c-4143-452f-ab4d-589327eb2715)] -> xpath: //p//word], [[FirefoxDriver: firefox on LINUX (358f877c-4143-452f-ab4d-589327eb2715)] -> xpath: //p//word], [[FirefoxDriver: firefox on LINUX (358f877c-4143-452f-ab4d-589327eb2715)] -> xpath: //p//word], [[FirefoxDriver: firefox on LINUX (358f877c-4143-452f-ab4d-589327eb2715)] -> xpath: //p//word], [[FirefoxDriver: firefox on LINUX (358f877c-4143-452f-ab4d-589327eb2715)] -> xpath: //p//word], [[FirefoxDriver: firefox on LINUX (358f877c-4143-452f-ab4d-589327eb2715)] -> xpath: //p//word], [[FirefoxDriver: firefox on LINUX (358f877c-4143-452f-ab4d-589327eb2715)] -> xpath: //p//word], [[FirefoxDriver: firefox on LINUX (358f877c-4143-452f-ab4d-589327eb2715)] -> xpath: //p//word], [[FirefoxDriver: firefox on LINUX (358f877c-4143-452f-ab4d-589327eb2715)] -> xpath: //p//word], [[FirefoxDriver: firefox on LINUX (358f877c-4143-452f-ab4d-589327eb2715)] -> xpath: //p//word], [[FirefoxDriver: firefox on LINUX (358f877c-4143-452f-ab4d-589327eb2715)] -> xpath: //p//word], [[FirefoxDriver: firefox on LINUX (358f877c-4143-452f-ab4d-589327eb2715)] -> xpath: //p//word], [[FirefoxDriver: firefox on LINUX (358f877c-4143-452f-ab4d-589327eb2715)] -> xpath: //p//word], [[FirefoxDriver: firefox on LINUX (358f877c-4143-452f-ab4d-589327eb2715)] -> xpath: //p//word], [[FirefoxDriver: firefox on LINUX (358f877c-4143-452f-ab4d-589327eb2715)] -> xpath: //p//word], [[FirefoxDriver: firefox on LINUX (358f877c-4143-452f-ab4d-589327eb2715)] -> xpath: //p//word], [[FirefoxDriver: firefox on LINUX (358f877c-4143-452f-ab4d-589327eb2715)] -> xpath: //p//word], [[FirefoxDriver: firefox on LINUX (358f877c-4143-452f-ab4d-589327eb2715)] -> xpath: //p//word], [[FirefoxDriver: firefox on LINUX (358f877c-4143-452f-ab4d-589327eb2715)] -> xpath: //p//word], [[FirefoxDriver: firefox on LINUX (358f877c-4143-452f-ab4d-589327eb2715)] -> xpath: //p//word], [[FirefoxDriver: firefox on LINUX (358f877c-4143-452f-ab4d-589327eb2715)] -> xpath: //p//word], [[FirefoxDriver: firefox on LINUX (358f877c-4143-452f-ab4d-589327eb2715)] -> xpath: //p//word], [[FirefoxDriver: firefox on LINUX (358f877c-4143-452f-ab4d-589327eb2715)] -> xpath: //p//word], [[FirefoxDriver: firefox on LINUX (358f877c-4143-452f-ab4d-589327eb2715)] -> xpath: //p//word], [[FirefoxDriver: firefox on LINUX (358f877c-4143-452f-ab4d-589327eb2715)] -> xpath: //p//word], [[FirefoxDriver: firefox on LINUX (358f877c-4143-452f-ab4d-589327eb2715)] -> xpath: //p//word], [[FirefoxDriver: firefox on LINUX (358f877c-4143-452f-ab4d-589327eb2715)] -> xpath: //p//word], [[FirefoxDriver: firefox on LINUX (358f877c-4143-452f-ab4d-589327eb2715)] -> xpath: //p//word], [[FirefoxDriver: firefox on LINUX (358f877c-4143-452f-ab4d-589327eb2715)] -> xpath: //p//word], [[FirefoxDriver: firefox on LINUX (358f877c-4143-452f-ab4d-589327eb2715)] -> xpath: //p//word], [[FirefoxDriver: firefox on LINUX (358f877c-4143-452f-ab4d-589327eb2715)] -> xpath: //p//word], [[FirefoxDriver: firefox on LINUX (358f877c-4143-452f-ab4d-589327eb2715)] -> xpath: //p//word], [[FirefoxDriver: firefox on LINUX (358f877c-4143-452f-ab4d-589327eb2715)] -> xpath: //p//word], [[FirefoxDriver: firefox on LINUX (358f877c-4143-452f-ab4d-589327eb2715)] -> xpath: //p//word], [[FirefoxDriver: firefox on LINUX (358f877c-4143-452f-ab4d-589327eb2715)] -> xpath: //p//word], [[FirefoxDriver: firefox on LINUX (358f877c-4143-452f-ab4d-589327eb2715)] -> xpath: //p//word], [[FirefoxDriver: firefox on LINUX (358f877c-4143-452f-ab4d-589327eb2715)] -> xpath: //p//word], [[FirefoxDriver: firefox on LINUX (358f877c-4143-452f-ab4d-589327eb2715)] -> xpath: //p//word], [[FirefoxDriver: firefox on LINUX (358f877c-4143-452f-ab4d-589327eb2715)] -> xpath: //p//word], [[FirefoxDriver: firefox on LINUX (358f877c-4143-452f-ab4d-589327eb2715)] -> xpath: //p//word], [[FirefoxDriver: firefox on LINUX (358f877c-4143-452f-ab4d-589327eb2715)] -> xpath: //p//word], [[FirefoxDriver: firefox on LINUX (358f877c-4143-452f-ab4d-589327eb2715)] -> xpath: //p//word], [[FirefoxDriver: firefox on LINUX (358f877c-4143-452f-ab4d-589327eb2715)] -> xpath: //p//word], [[FirefoxDriver: firefox on LINUX (358f877c-4143-452f-ab4d-589327eb2715)] -> xpath: //p//word], [[FirefoxDriver: firefox on LINUX (358f877c-4143-452f-ab4d-589327eb2715)] -> xpath: //p//word], [[FirefoxDriver: firefox on LINUX (358f877c-4143-452f-ab4d-589327eb2715)] -> xpath: //p//word], [[FirefoxDriver: firefox on LINUX (358f877c-4143-452f-ab4d-589327eb2715)] -> xpath: //p//word], [[FirefoxDriver: firefox on LINUX (358f877c-4143-452f-ab4d-589327eb2715)] -> xpath: //p//word], [[FirefoxDriver: firefox on LINUX (358f877c-4143-452f-ab4d-589327eb2715)] -> xpath: //p//word], [[FirefoxDriver: firefox on LINUX (358f877c-4143-452f-ab4d-589327eb2715)] -> xpath: //p//word], [[FirefoxDriver: firefox on LINUX (358f877c-4143-452f-ab4d-589327eb2715)] -> xpath: //p//word], [[FirefoxDriver: firefox on LINUX (358f877c-4143-452f-ab4d-589327eb2715)] -> xpath: //p//word], [[FirefoxDriver: firefox on LINUX (358f877c-4143-452f-ab4d-589327eb2715)] -> xpath: //p//word], [[FirefoxDriver: firefox on LINUX (358f877c-4143-452f-ab4d-589327eb2715)] -> xpath: //p//word], [[FirefoxDriver: firefox on LINUX (358f877c-4143-452f-ab4d-589327eb2715)] -> xpath: //p//word], [[FirefoxDriver: firefox on LINUX (358f877c-4143-452f-ab4d-589327eb2715)] -> xpath: //p//word], [[FirefoxDriver: firefox on LINUX (358f877c-4143-452f-ab4d-589327eb2715)] -> xpath: //p//word], [[FirefoxDriver: firefox on LINUX (358f877c-4143-452f-ab4d-589327eb2715)] -> xpath: //p//word], [[FirefoxDriver: firefox on LINUX (358f877c-4143-452f-ab4d-589327eb2715)] -> xpath: //p//word], [[FirefoxDriver: firefox on LINUX (358f877c-4143-452f-ab4d-589327eb2715)] -> xpath: //p//word], [[FirefoxDriver: firefox on LINUX (358f877c-4143-452f-ab4d-589327eb2715)] -> xpath: //p//word], [[FirefoxDriver: firefox on LINUX (358f877c-4143-452f-ab4d-589327eb2715)] -> xpath: //p//word], [[FirefoxDriver: firefox on LINUX (358f877c-4143-452f-ab4d-589327eb2715)] -> xpath: //p//word], [[FirefoxDriver: firefox on LINUX (358f877c-4143-452f-ab4d-589327eb2715)] -> xpath: //p//word], [[FirefoxDriver: firefox on LINUX (358f877c-4143-452f-ab4d-589327eb2715)] -> xpath: //p//word], [[FirefoxDriver: firefox on LINUX (358f877c-4143-452f-ab4d-589327eb2715)] -> xpath: //p//word], [[FirefoxDriver: firefox on LINUX (358f877c-4143-452f-ab4d-589327eb2715)] -> xpath: //p//word], [[FirefoxDriver: firefox on LINUX (358f877c-4143-452f-ab4d-589327eb2715)] -> xpath: //p//word], [[FirefoxDriver: firefox on LINUX (358f877c-4143-452f-ab4d-589327eb2715)] -> xpath: //p//word], [[FirefoxDriver: firefox on LINUX (358f877c-4143-452f-ab4d-589327eb2715)] -> xpath: //p//word], [[FirefoxDriver: firefox on LINUX (358f877c-4143-452f-ab4d-589327eb2715)] -> xpath: //p//word], [[FirefoxDriver: firefox on LINUX (358f877c-4143-452f-ab4d-589327eb2715)] -> xpath: //p//word], [[FirefoxDriver: firefox on LINUX (358f877c-4143-452f-ab4d-589327eb2715)] -> xpath: //p//word], [[FirefoxDriver: firefox on LINUX (358f877c-4143-452f-ab4d-589327eb2715)] -> xpath: //p//word], [[FirefoxDriver: firefox on LINUX (358f877c-4143-452f-ab4d-589327eb2715)] -> xpath: //p//word], [[FirefoxDriver: firefox on LINUX (358f877c-4143-452f-ab4d-589327eb2715)] -> xpath: //p//word], [[FirefoxDriver: firefox on LINUX (358f877c-4143-452f-ab4d-589327eb2715)] -> xpath: //p//word], [[FirefoxDriver: firefox on LINUX (358f877c-4143-452f-ab4d-589327eb2715)] -> xpath: //p//word], [[FirefoxDriver: firefox on LINUX (358f877c-4143-452f-ab4d-589327eb2715)] -> xpath: //p//word], [[FirefoxDriver: firefox on LINUX (358f877c-4143-452f-ab4d-589327eb2715)] -> xpath: //p//word], [[FirefoxDriver: firefox on LINUX (358f877c-4143-452f-ab4d-589327eb2715)] -> xpath: //p//word], [[FirefoxDriver: firefox on LINUX (358f877c-4143-452f-ab4d-589327eb2715)] -> xpath: //p//word], [[FirefoxDriver: firefox on LINUX (358f877c-4143-452f-ab4d-589327eb2715)] -> xpath: //p//word], [[FirefoxDriver: firefox on LINUX (358f877c-4143-452f-ab4d-589327eb2715)] -> xpath: //p//word], [[FirefoxDriver: firefox on LINUX (358f877c-4143-452f-ab4d-589327eb2715)] -> xpath: //p//word], [[FirefoxDriver: firefox on LINUX (358f877c-4143-452f-ab4d-589327eb2715)] -> xpath: //p//word], [[FirefoxDriver: firefox on LINUX (358f877c-4143-452f-ab4d-589327eb2715)] -> xpath: //p//word], [[FirefoxDriver: firefox on LINUX (358f877c-4143-452f-ab4d-589327eb2715)] -> xpath: //p//word], [[FirefoxDriver: firefox on LINUX (358f877c-4143-452f-ab4d-589327eb2715)] -> xpath: //p//word], [[FirefoxDriver: firefox on LINUX (358f877c-4143-452f-ab4d-589327eb2715)] -> xpath: //p//word], [[FirefoxDriver: firefox on LINUX (358f877c-4143-452f-ab4d-589327eb2715)] -> xpath: //p//word], [[FirefoxDriver: firefox on LINUX (358f877c-4143-452f-ab4d-589327eb2715)] -> xpath: //p//word], [[FirefoxDriver: firefox on LINUX (358f877c-4143-452f-ab4d-589327eb2715)] -> xpath: //p//word], [[FirefoxDriver: firefox on LINUX (358f877c-4143-452f-ab4d-589327eb2715)] -> xpath: //p//word], [[FirefoxDriver: firefox on LINUX (358f877c-4143-452f-ab4d-589327eb2715)] -> xpath: //p//word], [[FirefoxDriver: firefox on LINUX (358f877c-4143-452f-ab4d-589327eb2715)] -> xpath: //p//word], [[FirefoxDriver: firefox on LINUX (358f877c-4143-452f-ab4d-589327eb2715)] -> xpath: //p//word], [[FirefoxDriver: firefox on LINUX (358f877c-4143-452f-ab4d-589327eb2715)] -> xpath: //p//word], [[FirefoxDriver: firefox on LINUX (358f877c-4143-452f-ab4d-589327eb2715)] -> xpath: //p//word], [[FirefoxDriver: firefox on LINUX (358f877c-4143-452f-ab4d-589327eb2715)] -> xpath: //p//word], [[FirefoxDriver: firefox on LINUX (358f877c-4143-452f-ab4d-589327eb2715)] -> xpath: //p//word], [[FirefoxDriver: firefox on LINUX (358f877c-4143-452f-ab4d-589327eb2715)] -> xpath: //p//word], [[FirefoxDriver: firefox on LINUX (358f877c-4143-452f-ab4d-589327eb2715)] -> xpath: //p//word], [[FirefoxDriver: firefox on LINUX (358f877c-4143-452f-ab4d-589327eb2715)] -> xpath: //p//word], [[FirefoxDriver: firefox on LINUX (358f877c-4143-452f-ab4d-589327eb2715)] -> xpath: //p//word], [[FirefoxDriver: firefox on LINUX (358f877c-4143-452f-ab4d-589327eb2715)] -> xpath: //p//word], [[FirefoxDriver: firefox on LINUX (358f877c-4143-452f-ab4d-589327eb2715)] -> xpath: //p//word], [[FirefoxDriver: firefox on LINUX (358f877c-4143-452f-ab4d-589327eb2715)] -> xpath: //p//word], [[FirefoxDriver: firefox on LINUX (358f877c-4143-452f-ab4d-589327eb2715)] -> xpath: //p//word], [[FirefoxDriver: firefox on LINUX (358f877c-4143-452f-ab4d-589327eb2715)] -> xpath: //p//word], [[FirefoxDriver: firefox on LINUX (358f877c-4143-452f-ab4d-589327eb2715)] -> xpath: //p//word], [[FirefoxDriver: firefox on LINUX (358f877c-4143-452f-ab4d-589327eb2715)] -> xpath: //p//word], [[FirefoxDriver: firefox on LINUX (358f877c-4143-452f-ab4d-589327eb2715)] -> xpath: //p//word], [[FirefoxDriver: firefox on LINUX (358f877c-4143-452f-ab4d-589327eb2715)] -> xpath: //p//word], [[FirefoxDriver: firefox on LINUX (358f877c-4143-452f-ab4d-589327eb2715)] -> xpath: //p//word], [[FirefoxDriver: firefox on LINUX (358f877c-4143-452f-ab4d-589327eb2715)] -> xpath: //p//word], [[FirefoxDriver: firefox on LINUX (358f877c-4143-452f-ab4d-589327eb2715)] -> xpath: //p//word], [[FirefoxDriver: firefox on LINUX (358f877c-4143-452f-ab4d-589327eb2715)] -> xpath: //p//word], [[FirefoxDriver: firefox on LINUX (358f877c-4143-452f-ab4d-589327eb2715)] -> xpath: //p//word], [[FirefoxDriver: firefox on LINUX (358f877c-4143-452f-ab4d-589327eb2715)] -> xpath: //p//word], [[FirefoxDriver: firefox on LINUX (358f877c-4143-452f-ab4d-589327eb2715)] -> xpath: //p//word], [[FirefoxDriver: firefox on LINUX (358f877c-4143-452f-ab4d-589327eb2715)] -> xpath: //p//word], [[FirefoxDriver: firefox on LINUX (358f877c-4143-452f-ab4d-589327eb2715)] -> xpath: //p//word], [[FirefoxDriver: firefox on LINUX (358f877c-4143-452f-ab4d-589327eb2715)] -> xpath: //p//word], [[FirefoxDriver: firefox on LINUX (358f877c-4143-452f-ab4d-589327eb2715)] -> xpath: //p//word], [[FirefoxDriver: firefox on LINUX (358f877c-4143-452f-ab4d-589327eb2715)] -> xpath: //p//word], [[FirefoxDriver: firefox on LINUX (358f877c-4143-452f-ab4d-589327eb2715)] -> xpath: //p//word], [[FirefoxDriver: firefox on LINUX (358f877c-4143-452f-ab4d-589327eb2715)] -> xpath: //p//word], [[FirefoxDriver: firefox on LINUX (358f877c-4143-452f-ab4d-589327eb2715)] -> xpath: //p//word], [[FirefoxDriver: firefox on LINUX (358f877c-4143-452f-ab4d-589327eb2715)] -> xpath: //p//word], [[FirefoxDriver: firefox on LINUX (358f877c-4143-452f-ab4d-589327eb2715)] -> xpath: //p//word], [[FirefoxDriver: firefox on LINUX (358f877c-4143-452f-ab4d-589327eb2715)] -> xpath: //p//word], [[FirefoxDriver: firefox on LINUX (358f877c-4143-452f-ab4d-589327eb2715)] -> xpath: //p//word], [[FirefoxDriver: firefox on LINUX (358f877c-4143-452f-ab4d-589327eb2715)] -> xpath: //p//word], [[FirefoxDriver: firefox on LINUX (358f877c-4143-452f-ab4d-589327eb2715)] -> xpath: //p//word], [[FirefoxDriver: firefox on LINUX (358f877c-4143-452f-ab4d-589327eb2715)] -> xpath: //p//word], [[FirefoxDriver: firefox on LINUX (358f877c-4143-452f-ab4d-589327eb2715)] -> xpath: //p//word], [[FirefoxDriver: firefox on LINUX (358f877c-4143-452f-ab4d-589327eb2715)] -> xpath: //p//word], [[FirefoxDriver: firefox on LINUX (358f877c-4143-452f-ab4d-589327eb2715)] -> xpath: //p//word], [[FirefoxDriver: firefox on LINUX (358f877c-4143-452f-ab4d-589327eb2715)] -> xpath: //p//word], [[FirefoxDriver: firefox on LINUX (358f877c-4143-452f-ab4d-589327eb2715)] -> xpath: //p//word], [[FirefoxDriver: firefox on LINUX (358f877c-4143-452f-ab4d-589327eb2715)] -> xpath: //p//word], [[FirefoxDriver: firefox on LINUX (358f877c-4143-452f-ab4d-589327eb2715)] -> xpath: //p//word], [[FirefoxDriver: firefox on LINUX (358f877c-4143-452f-ab4d-589327eb2715)] -> xpath: //p//word], [[FirefoxDriver: firefox on LINUX (358f877c-4143-452f-ab4d-589327eb2715)] -> xpath: //p//word], [[FirefoxDriver: firefox on LINUX (358f877c-4143-452f-ab4d-589327eb2715)] -> xpath: //p//word], [[FirefoxDriver: firefox on LINUX (358f877c-4143-452f-ab4d-589327eb2715)] -> xpath: //p//word], [[FirefoxDriver: firefox on LINUX (358f877c-4143-452f-ab4d-589327eb2715)] -> xpath: //p//word], [[FirefoxDriver: firefox on LINUX (358f877c-4143-452f-ab4d-589327eb2715)] -> xpath: //p//word], [[FirefoxDriver: firefox on LINUX (358f877c-4143-452f-ab4d-589327eb2715)] -> xpath: //p//word], [[FirefoxDriver: firefox on LINUX (358f877c-4143-452f-ab4d-589327eb2715)] -> xpath: //p//word], [[FirefoxDriver: firefox on LINUX (358f877c-4143-452f-ab4d-589327eb2715)] -> xpath: //p//word], [[FirefoxDriver: firefox on LINUX (358f877c-4143-452f-ab4d-589327eb2715)] -> xpath: //p//word], [[FirefoxDriver: firefox on LINUX (358f877c-4143-452f-ab4d-589327eb2715)] -> xpath: //p//word], [[FirefoxDriver: firefox on LINUX (358f877c-4143-452f-ab4d-589327eb2715)] -> xpath: //p//word], [[FirefoxDriver: firefox on LINUX (358f877c-4143-452f-ab4d-589327eb2715)] -> xpath: //p//word], [[FirefoxDriver: firefox on LINUX (358f877c-4143-452f-ab4d-589327eb2715)] -> xpath: //p//word], [[FirefoxDriver: firefox on LINUX (358f877c-4143-452f-ab4d-589327eb2715)] -> xpath: //p//word], [[FirefoxDriver: firefox on LINUX (358f877c-4143-452f-ab4d-589327eb2715)] -> xpath: //p//word], [[FirefoxDriver: firefox on LINUX (358f877c-4143-452f-ab4d-589327eb2715)] -> xpath: //p//word], [[FirefoxDriver: firefox on LINUX (358f877c-4143-452f-ab4d-589327eb2715)] -> xpath: //p//word], [[FirefoxDriver: firefox on LINUX (358f877c-4143-452f-ab4d-589327eb2715)] -> xpath: //p//word], [[FirefoxDriver: firefox on LINUX (358f877c-4143-452f-ab4d-589327eb2715)] -> xpath: //p//word], [[FirefoxDriver: firefox on LINUX (358f877c-4143-452f-ab4d-589327eb2715)] -> xpath: //p//word], [[FirefoxDriver: firefox on LINUX (358f877c-4143-452f-ab4d-589327eb2715)] -> xpath: //p//word], [[FirefoxDriver: firefox on LINUX (358f877c-4143-452f-ab4d-589327eb2715)] -> xpath: //p//word], [[FirefoxDriver: firefox on LINUX (358f877c-4143-452f-ab4d-589327eb2715)] -> xpath: //p//word], [[FirefoxDriver: firefox on LINUX (358f877c-4143-452f-ab4d-589327eb2715)] -> xpath: //p//word], [[FirefoxDriver: firefox on LINUX (358f877c-4143-452f-ab4d-589327eb2715)] -> xpath: //p//word], [[FirefoxDriver: firefox on LINUX (358f877c-4143-452f-ab4d-589327eb2715)] -> xpath: //p//word], [[FirefoxDriver: firefox on LINUX (358f877c-4143-452f-ab4d-589327eb2715)] -> xpath: //p//word], [[FirefoxDriver: firefox on LINUX (358f877c-4143-452f-ab4d-589327eb2715)] -> xpath: //p//word], [[FirefoxDriver: firefox on LINUX (358f877c-4143-452f-ab4d-589327eb2715)] -> xpath: //p//word], [[FirefoxDriver: firefox on LINUX (358f877c-4143-452f-ab4d-589327eb2715)] -> xpath: //p//word], [[FirefoxDriver: firefox on LINUX (358f877c-4143-452f-ab4d-589327eb2715)] -> xpath: //p//word], [[FirefoxDriver: firefox on LINUX (358f877c-4143-452f-ab4d-589327eb2715)] -> xpath: //p//word], [[FirefoxDriver: firefox on LINUX (358f877c-4143-452f-ab4d-589327eb2715)] -> xpath: //p//word], [[FirefoxDriver: firefox on LINUX (358f877c-4143-452f-ab4d-589327eb2715)] -> xpath: //p//word], [[FirefoxDriver: firefox on LINUX (358f877c-4143-452f-ab4d-589327eb2715)] -> xpath: //p//word], [[FirefoxDriver: firefox on LINUX (358f877c-4143-452f-ab4d-589327eb2715)] -> xpath: //p//word], [[FirefoxDriver: firefox on LINUX (358f877c-4143-452f-ab4d-589327eb2715)] -> xpath: //p//word], [[FirefoxDriver: firefox on LINUX (358f877c-4143-452f-ab4d-589327eb2715)] -> xpath: //p//word], [[FirefoxDriver: firefox on LINUX (358f877c-4143-452f-ab4d-589327eb2715)] -> xpath: //p//word], [[FirefoxDriver: firefox on LINUX (358f877c-4143-452f-ab4d-589327eb2715)] -> xpath: //p//word], [[FirefoxDriver: firefox on LINUX (358f877c-4143-452f-ab4d-589327eb2715)] -> xpath: //p//word], [[FirefoxDriver: firefox on LINUX (358f877c-4143-452f-ab4d-589327eb2715)] -> xpath: //p//word], [[FirefoxDriver: firefox on LINUX (358f877c-4143-452f-ab4d-589327eb2715)] -> xpath: //p//word], [[FirefoxDriver: firefox on LINUX (358f877c-4143-452f-ab4d-589327eb2715)] -> xpath: //p//word], [[FirefoxDriver: firefox on LINUX (358f877c-4143-452f-ab4d-589327eb2715)] -> xpath: //p//word], [[FirefoxDriver: firefox on LINUX (358f877c-4143-452f-ab4d-589327eb2715)] -> xpath: //p//word], [[FirefoxDriver: firefox on LINUX (358f877c-4143-452f-ab4d-589327eb2715)] -> xpath: //p//word], [[FirefoxDriver: firefox on LINUX (358f877c-4143-452f-ab4d-589327eb2715)] -> xpath: //p//word], [[FirefoxDriver: firefox on LINUX (358f877c-4143-452f-ab4d-589327eb2715)] -> xpath: //p//word], [[FirefoxDriver: firefox on LINUX (358f877c-4143-452f-ab4d-589327eb2715)] -> xpath: //p//word], [[FirefoxDriver: firefox on LINUX (358f877c-4143-452f-ab4d-589327eb2715)] -> xpath: //p//word], [[FirefoxDriver: firefox on LINUX (358f877c-4143-452f-ab4d-589327eb2715)] -> xpath: //p//word], [[FirefoxDriver: firefox on LINUX (358f877c-4143-452f-ab4d-589327eb2715)] -> xpath: //p//word], [[FirefoxDriver: firefox on LINUX (358f877c-4143-452f-ab4d-589327eb2715)] -> xpath: //p//word], [[FirefoxDriver: firefox on LINUX (358f877c-4143-452f-ab4d-589327eb2715)] -> xpath: //p//word], [[FirefoxDriver: firefox on LINUX (358f877c-4143-452f-ab4d-589327eb2715)] -> xpath: //p//word], [[FirefoxDriver: firefox on LINUX (358f877c-4143-452f-ab4d-589327eb2715)] -> xpath: //p//word], [[FirefoxDriver: firefox on LINUX (358f877c-4143-452f-ab4d-589327eb2715)] -> xpath: //p//word], [[FirefoxDriver: firefox on LINUX (358f877c-4143-452f-ab4d-589327eb2715)] -> xpath: //p//word], [[FirefoxDriver: firefox on LINUX (358f877c-4143-452f-ab4d-589327eb2715)] -> xpath: //p//word], [[FirefoxDriver: firefox on LINUX (358f877c-4143-452f-ab4d-589327eb2715)] -> xpath: //p//word], [[FirefoxDriver: firefox on LINUX (358f877c-4143-452f-ab4d-589327eb2715)] -> xpath: //p//word], [[FirefoxDriver: firefox on LINUX (358f877c-4143-452f-ab4d-589327eb2715)] -> xpath: //p//word], [[FirefoxDriver: firefox on LINUX (358f877c-4143-452f-ab4d-589327eb2715)] -> xpath: //p//word], [[FirefoxDriver: firefox on LINUX (358f877c-4143-452f-ab4d-589327eb2715)] -> xpath: //p//word], [[FirefoxDriver: firefox on LINUX (358f877c-4143-452f-ab4d-589327eb2715)] -> xpath: //p//word], [[FirefoxDriver: firefox on LINUX (358f877c-4143-452f-ab4d-589327eb2715)] -> xpath: //p//word], [[FirefoxDriver: firefox on LINUX (358f877c-4143-452f-ab4d-589327eb2715)] -> xpath: //p//word], [[FirefoxDriver: firefox on LINUX (358f877c-4143-452f-ab4d-589327eb2715)] -> xpath: //p//word], [[FirefoxDriver: firefox on LINUX (358f877c-4143-452f-ab4d-589327eb2715)] -> xpath: //p//word], [[FirefoxDriver: firefox on LINUX (358f877c-4143-452f-ab4d-589327eb2715)] -> xpath: //p//word], [[FirefoxDriver: firefox on LINUX (358f877c-4143-452f-ab4d-589327eb2715)] -> xpath: //p//word], [[FirefoxDriver: firefox on LINUX (358f877c-4143-452f-ab4d-589327eb2715)] -> xpath: //p//word], [[FirefoxDriver: firefox on LINUX (358f877c-4143-452f-ab4d-589327eb2715)] -> xpath: //p//word], [[FirefoxDriver: firefox on LINUX (358f877c-4143-452f-ab4d-589327eb2715)] -> xpath: //p//word], [[FirefoxDriver: firefox on LINUX (358f877c-4143-452f-ab4d-589327eb2715)] -> xpath: //p//word], [[FirefoxDriver: firefox on LINUX (358f877c-4143-452f-ab4d-589327eb2715)] -> xpath: //p//word], [[FirefoxDriver: firefox on LINUX (358f877c-4143-452f-ab4d-589327eb2715)] -> xpath: //p//word], [[FirefoxDriver: firefox on LINUX (358f877c-4143-452f-ab4d-589327eb2715)] -> xpath: //p//word], [[FirefoxDriver: firefox on LINUX (358f877c-4143-452f-ab4d-589327eb2715)] -> xpath: //p//word], [[FirefoxDriver: firefox on LINUX (358f877c-4143-452f-ab4d-589327eb2715)] -> xpath: //p//word], [[FirefoxDriver: firefox on LINUX (358f877c-4143-452f-ab4d-589327eb2715)] -> xpath: //p//word], [[FirefoxDriver: firefox on LINUX (358f877c-4143-452f-ab4d-589327eb2715)] -> xpath: //p//word], [[FirefoxDriver: firefox on LINUX (358f877c-4143-452f-ab4d-589327eb2715)] -> xpath: //p//word], [[FirefoxDriver: firefox on LINUX (358f877c-4143-452f-ab4d-589327eb2715)] -> xpath: //p//word], [[FirefoxDriver: firefox on LINUX (358f877c-4143-452f-ab4d-589327eb2715)] -> xpath: //p//word], [[FirefoxDriver: firefox on LINUX (358f877c-4143-452f-ab4d-589327eb2715)] -> xpath: //p//word], [[FirefoxDriver: firefox on LINUX (358f877c-4143-452f-ab4d-589327eb2715)] -> xpath: //p//word], [[FirefoxDriver: firefox on LINUX (358f877c-4143-452f-ab4d-589327eb2715)] -> xpath: //p//word], [[FirefoxDriver: firefox on LINUX (358f877c-4143-452f-ab4d-589327eb2715)] -> xpath: //p//word], [[FirefoxDriver: firefox on LINUX (358f877c-4143-452f-ab4d-589327eb2715)] -> xpath: //p//word], [[FirefoxDriver: firefox on LINUX (358f877c-4143-452f-ab4d-589327eb2715)] -> xpath: //p//word], [[FirefoxDriver: firefox on LINUX (358f877c-4143-452f-ab4d-589327eb2715)] -> xpath: //p//word], [[FirefoxDriver: firefox on LINUX (358f877c-4143-452f-ab4d-589327eb2715)] -> xpath: //p//word], [[FirefoxDriver: firefox on LINUX (358f877c-4143-452f-ab4d-589327eb2715)] -> xpath: //p//word], [[FirefoxDriver: firefox on LINUX (358f877c-4143-452f-ab4d-589327eb2715)] -> xpath: //p//word], [[FirefoxDriver: firefox on LINUX (358f877c-4143-452f-ab4d-589327eb2715)] -> xpath: //p//word], [[FirefoxDriver: firefox on LINUX (358f877c-4143-452f-ab4d-589327eb2715)] -> xpath: //p//word], [[FirefoxDriver: firefox on LINUX (358f877c-4143-452f-ab4d-589327eb2715)] -> xpath: //p//word], [[FirefoxDriver: firefox on LINUX (358f877c-4143-452f-ab4d-589327eb2715)] -> xpath: //p//word], [[FirefoxDriver: firefox on LINUX (358f877c-4143-452f-ab4d-589327eb2715)] -> xpath: //p//word], [[FirefoxDriver: firefox on LINUX (358f877c-4143-452f-ab4d-589327eb2715)] -> xpath: //p//word], [[FirefoxDriver: firefox on LINUX (358f877c-4143-452f-ab4d-589327eb2715)] -> xpath: //p//word], [[FirefoxDriver: firefox on LINUX (358f877c-4143-452f-ab4d-589327eb2715)] -> xpath: //p//word], [[FirefoxDriver: firefox on LINUX (358f877c-4143-452f-ab4d-589327eb2715)] -> xpath: //p//word], [[FirefoxDriver: firefox on LINUX (358f877c-4143-452f-ab4d-589327eb2715)] -> xpath: //p//word], [[FirefoxDriver: firefox on LINUX (358f877c-4143-452f-ab4d-589327eb2715)] -> xpath: //p//word], [[FirefoxDriver: firefox on LINUX (358f877c-4143-452f-ab4d-589327eb2715)] -> xpath: //p//word], [[FirefoxDriver: firefox on LINUX (358f877c-4143-452f-ab4d-589327eb2715)] -> xpath: //p//word], [[FirefoxDriver: firefox on LINUX (358f877c-4143-452f-ab4d-589327eb2715)] -> xpath: //p//word], [[FirefoxDriver: firefox on LINUX (358f877c-4143-452f-ab4d-589327eb2715)] -> xpath: //p//word], [[FirefoxDriver: firefox on LINUX (358f877c-4143-452f-ab4d-589327eb2715)] -> xpath: //p//word], [[FirefoxDriver: firefox on LINUX (358f877c-4143-452f-ab4d-589327eb2715)] -> xpath: //p//word], [[FirefoxDriver: firefox on LINUX (358f877c-4143-452f-ab4d-589327eb2715)] -> xpath: //p//word], [[FirefoxDriver: firefox on LINUX (358f877c-4143-452f-ab4d-589327eb2715)] -> xpath: //p//word], [[FirefoxDriver: firefox on LINUX (358f877c-4143-452f-ab4d-589327eb2715)] -> xpath: //p//word], [[FirefoxDriver: firefox on LINUX (358f877c-4143-452f-ab4d-589327eb2715)] -> xpath: //p//word], [[FirefoxDriver: firefox on LINUX (358f877c-4143-452f-ab4d-589327eb2715)] -> xpath: //p//word], [[FirefoxDriver: firefox on LINUX (358f877c-4143-452f-ab4d-589327eb2715)] -> xpath: //p//word], [[FirefoxDriver: firefox on LINUX (358f877c-4143-452f-ab4d-589327eb2715)] -> xpath: //p//word], [[FirefoxDriver: firefox on LINUX (358f877c-4143-452f-ab4d-589327eb2715)] -> xpath: //p//word], [[FirefoxDriver: firefox on LINUX (358f877c-4143-452f-ab4d-589327eb2715)] -> xpath: //p//word], [[FirefoxDriver: firefox on LINUX (358f877c-4143-452f-ab4d-589327eb2715)] -> xpath: //p//word], [[FirefoxDriver: firefox on LINUX (358f877c-4143-452f-ab4d-589327eb2715)] -> xpath: //p//word], [[FirefoxDriver: firefox on LINUX (358f877c-4143-452f-ab4d-589327eb2715)] -> xpath: //p//word], [[FirefoxDriver: firefox on LINUX (358f877c-4143-452f-ab4d-589327eb2715)] -> xpath: //p//word], [[FirefoxDriver: firefox on LINUX (358f877c-4143-452f-ab4d-589327eb2715)] -> xpath: //p//word], [[FirefoxDriver: firefox on LINUX (358f877c-4143-452f-ab4d-589327eb2715)] -> xpath: //p//word], [[FirefoxDriver: firefox on LINUX (358f877c-4143-452f-ab4d-589327eb2715)] -> xpath: //p//word], [[FirefoxDriver: firefox on LINUX (358f877c-4143-452f-ab4d-589327eb2715)] -> xpath: //p//word], [[FirefoxDriver: firefox on LINUX (358f877c-4143-452f-ab4d-589327eb2715)] -> xpath: //p//word], [[FirefoxDriver: firefox on LINUX (358f877c-4143-452f-ab4d-589327eb2715)] -> xpath: //p//word], [[FirefoxDriver: firefox on LINUX (358f877c-4143-452f-ab4d-589327eb2715)] -> xpath: //p//word], [[FirefoxDriver: firefox on LINUX (358f877c-4143-452f-ab4d-589327eb2715)] -> xpath: //p//word], [[FirefoxDriver: firefox on LINUX (358f877c-4143-452f-ab4d-589327eb2715)] -> xpath: //p//word], [[FirefoxDriver: firefox on LINUX (358f877c-4143-452f-ab4d-589327eb2715)] -> xpath: //p//word], [[FirefoxDriver: firefox on LINUX (358f877c-4143-452f-ab4d-589327eb2715)] -> xpath: //p//word], [[FirefoxDriver: firefox on LINUX (358f877c-4143-452f-ab4d-589327eb2715)] -> xpath: //p//word], [[FirefoxDriver: firefox on LINUX (358f877c-4143-452f-ab4d-589327eb2715)] -> xpath: //p//word], [[FirefoxDriver: firefox on LINUX (358f877c-4143-452f-ab4d-589327eb2715)] -> xpath: //p//word], [[FirefoxDriver: firefox on LINUX (358f877c-4143-452f-ab4d-589327eb2715)] -> xpath: //p//word], [[FirefoxDriver: firefox on LINUX (358f877c-4143-452f-ab4d-589327eb2715)] -> xpath: //p//word], [[FirefoxDriver: firefox on LINUX (358f877c-4143-452f-ab4d-589327eb2715)] -> xpath: //p//word], [[FirefoxDriver: firefox on LINUX (358f877c-4143-452f-ab4d-589327eb2715)] -> xpath: //p//word], [[FirefoxDriver: firefox on LINUX (358f877c-4143-452f-ab4d-589327eb2715)] -> xpath: //p//word], [[FirefoxDriver: firefox on LINUX (358f877c-4143-452f-ab4d-589327eb2715)] -> xpath: //p//word], [[FirefoxDriver: firefox on LINUX (358f877c-4143-452f-ab4d-589327eb2715)] -> xpath: //p//word], [[FirefoxDriver: firefox on LINUX (358f877c-4143-452f-ab4d-589327eb2715)] -> xpath: //p//word], [[FirefoxDriver: firefox on LINUX (358f877c-4143-452f-ab4d-589327eb2715)] -> xpath: //p//word], [[FirefoxDriver: firefox on LINUX (358f877c-4143-452f-ab4d-589327eb2715)] -> xpath: //p//word], [[FirefoxDriver: firefox on LINUX (358f877c-4143-452f-ab4d-589327eb2715)] -> xpath: //p//word], [[FirefoxDriver: firefox on LINUX (358f877c-4143-452f-ab4d-589327eb2715)] -> xpath: //p//word], [[FirefoxDriver: firefox on LINUX (358f877c-4143-452f-ab4d-589327eb2715)] -> xpath: //p//word], [[FirefoxDriver: firefox on LINUX (358f877c-4143-452f-ab4d-589327eb2715)] -> xpath: //p//word], [[FirefoxDriver: firefox on LINUX (358f877c-4143-452f-ab4d-589327eb2715)] -> xpath: //p//word], [[FirefoxDriver: firefox on LINUX (358f877c-4143-452f-ab4d-589327eb2715)] -> xpath: //p//word], [[FirefoxDriver: firefox on LINUX (358f877c-4143-452f-ab4d-589327eb2715)] -> xpath: //p//word], [[FirefoxDriver: firefox on LINUX (358f877c-4143-452f-ab4d-589327eb2715)] -> xpath: //p//word], [[FirefoxDriver: firefox on LINUX (358f877c-4143-452f-ab4d-589327eb2715)] -> xpath: //p//word], [[FirefoxDriver: firefox on LINUX (358f877c-4143-452f-ab4d-589327eb2715)] -> xpath: //p//word], [[FirefoxDriver: firefox on LINUX (358f877c-4143-452f-ab4d-589327eb2715)] -> xpath: //p//word], [[FirefoxDriver: firefox on LINUX (358f877c-4143-452f-ab4d-589327eb2715)] -> xpath: //p//word], [[FirefoxDriver: firefox on LINUX (358f877c-4143-452f-ab4d-589327eb2715)] -> xpath: //p//word], [[FirefoxDriver: firefox on LINUX (358f877c-4143-452f-ab4d-589327eb2715)] -> xpath: //p//word], [[FirefoxDriver: firefox on LINUX (358f877c-4143-452f-ab4d-589327eb2715)] -> xpath: //p//word], [[FirefoxDriver: firefox on LINUX (358f877c-4143-452f-ab4d-589327eb2715)] -> xpath: //p//word], [[FirefoxDriver: firefox on LINUX (358f877c-4143-452f-ab4d-589327eb2715)] -> xpath: //p//word], [[FirefoxDriver: firefox on LINUX (358f877c-4143-452f-ab4d-589327eb2715)] -> xpath: //p//word], [[FirefoxDriver: firefox on LINUX (358f877c-4143-452f-ab4d-589327eb2715)] -> xpath: //p//word], [[FirefoxDriver: firefox on LINUX (358f877c-4143-452f-ab4d-589327eb2715)] -> xpath: //p//word], [[FirefoxDriver: firefox on LINUX (358f877c-4143-452f-ab4d-589327eb2715)] -> xpath: //p//word], [[FirefoxDriver: firefox on LINUX (358f877c-4143-452f-ab4d-589327eb2715)] -> xpath: //p//word], [[FirefoxDriver: firefox on LINUX (358f877c-4143-452f-ab4d-589327eb2715)] -> xpath: //p//word], [[FirefoxDriver: firefox on LINUX (358f877c-4143-452f-ab4d-589327eb2715)] -> xpath: //p//word], [[FirefoxDriver: firefox on LINUX (358f877c-4143-452f-ab4d-589327eb2715)] -> xpath: //p//word], [[FirefoxDriver: firefox on LINUX (358f877c-4143-452f-ab4d-589327eb2715)] -> xpath: //p//word], [[FirefoxDriver: firefox on LINUX (358f877c-4143-452f-ab4d-589327eb2715)] -> xpath: //p//word], [[FirefoxDriver: firefox on LINUX (358f877c-4143-452f-ab4d-589327eb2715)] -> xpath: //p//word], [[FirefoxDriver: firefox on LINUX (358f877c-4143-452f-ab4d-589327eb2715)] -> xpath: //p//word], [[FirefoxDriver: firefox on LINUX (358f877c-4143-452f-ab4d-589327eb2715)] -> xpath: //p//word], [[FirefoxDriver: firefox on LINUX (358f877c-4143-452f-ab4d-589327eb2715)] -> xpath: //p//word], [[FirefoxDriver: firefox on LINUX (358f877c-4143-452f-ab4d-589327eb2715)] -> xpath: //p//word], [[FirefoxDriver: firefox on LINUX (358f877c-4143-452f-ab4d-589327eb2715)] -> xpath: //p//word], [[FirefoxDriver: firefox on LINUX (358f877c-4143-452f-ab4d-589327eb2715)] -> xpath: //p//word], [[FirefoxDriver: firefox on LINUX (358f877c-4143-452f-ab4d-589327eb2715)] -> xpath: //p//word], [[FirefoxDriver: firefox on LINUX (358f877c-4143-452f-ab4d-589327eb2715)] -> xpath: //p//word], [[FirefoxDriver: firefox on LINUX (358f877c-4143-452f-ab4d-589327eb2715)] -> xpath: //p//word], [[FirefoxDriver: firefox on LINUX (358f877c-4143-452f-ab4d-589327eb2715)] -> xpath: //p//word], [[FirefoxDriver: firefox on LINUX (358f877c-4143-452f-ab4d-589327eb2715)] -> xpath: //p//word], [[FirefoxDriver: firefox on LINUX (358f877c-4143-452f-ab4d-589327eb2715)] -> xpath: //p//word], [[FirefoxDriver: firefox on LINUX (358f877c-4143-452f-ab4d-589327eb2715)] -> xpath: //p//word], [[FirefoxDriver: firefox on LINUX (358f877c-4143-452f-ab4d-589327eb2715)] -> xpath: //p//word], [[FirefoxDriver: firefox on LINUX (358f877c-4143-452f-ab4d-589327eb2715)] -> xpath: //p//word], [[FirefoxDriver: firefox on LINUX (358f877c-4143-452f-ab4d-589327eb2715)] -> xpath: //p//word], [[FirefoxDriver: firefox on LINUX (358f877c-4143-452f-ab4d-589327eb2715)] -> xpath: //p//word], [[FirefoxDriver: firefox on LINUX (358f877c-4143-452f-ab4d-589327eb2715)] -> xpath: //p//word], [[FirefoxDriver: firefox on LINUX (358f877c-4143-452f-ab4d-589327eb2715)] -> xpath: //p//word], [[FirefoxDriver: firefox on LINUX (358f877c-4143-452f-ab4d-589327eb2715)] -> xpath: //p//word], [[FirefoxDriver: firefox on LINUX (358f877c-4143-452f-ab4d-589327eb2715)] -> xpath: //p//word], [[FirefoxDriver: firefox on LINUX (358f877c-4143-452f-ab4d-589327eb2715)] -> xpath: //p//word], [[FirefoxDriver: firefox on LINUX (358f877c-4143-452f-ab4d-589327eb2715)] -> xpath: //p//word], [[FirefoxDriver: firefox on LINUX (358f877c-4143-452f-ab4d-589327eb2715)] -> xpath: //p//word], [[FirefoxDriver: firefox on LINUX (358f877c-4143-452f-ab4d-589327eb2715)] -> xpath: //p//word], [[FirefoxDriver: firefox on LINUX (358f877c-4143-452f-ab4d-589327eb2715)] -> xpath: //p//word], [[FirefoxDriver: firefox on LINUX (358f877c-4143-452f-ab4d-589327eb2715)] -> xpath: //p//word], [[FirefoxDriver: firefox on LINUX (358f877c-4143-452f-ab4d-589327eb2715)] -> xpath: //p//word], [[FirefoxDriver: firefox on LINUX (358f877c-4143-452f-ab4d-589327eb2715)] -> xpath: //p//word], [[FirefoxDriver: firefox on LINUX (358f877c-4143-452f-ab4d-589327eb2715)] -> xpath: //p//word], [[FirefoxDriver: firefox on LINUX (358f877c-4143-452f-ab4d-589327eb2715)] -> xpath: //p//word], [[FirefoxDriver: firefox on LINUX (358f877c-4143-452f-ab4d-589327eb2715)] -> xpath: //p//word], [[FirefoxDriver: firefox on LINUX (358f877c-4143-452f-ab4d-589327eb2715)] -> xpath: //p//word], [[FirefoxDriver: firefox on LINUX (358f877c-4143-452f-ab4d-589327eb2715)] -> xpath: //p//word], [[FirefoxDriver: firefox on LINUX (358f877c-4143-452f-ab4d-589327eb2715)] -> xpath: //p//word], [[FirefoxDriver: firefox on LINUX (358f877c-4143-452f-ab4d-589327eb2715)] -> xpath: //p//word], [[FirefoxDriver: firefox on LINUX (358f877c-4143-452f-ab4d-589327eb2715)] -> xpath: //p//word], [[FirefoxDriver: firefox on LINUX (358f877c-4143-452f-ab4d-589327eb2715)] -> xpath: //p//word], [[FirefoxDriver: firefox on LINUX (358f877c-4143-452f-ab4d-589327eb2715)] -> xpath: //p//word], [[FirefoxDriver: firefox on LINUX (358f877c-4143-452f-ab4d-589327eb2715)] -> xpath: //p//word], [[FirefoxDriver: firefox on LINUX (358f877c-4143-452f-ab4d-589327eb2715)] -> xpath: //p//word], [[FirefoxDriver: firefox on LINUX (358f877c-4143-452f-ab4d-589327eb2715)] -> xpath: //p//word], [[FirefoxDriver: firefox on LINUX (358f877c-4143-452f-ab4d-589327eb2715)] -> xpath: //p//word], [[FirefoxDriver: firefox on LINUX (358f877c-4143-452f-ab4d-589327eb2715)] -> xpath: //p//word], [[FirefoxDriver: firefox on LINUX (358f877c-4143-452f-ab4d-589327eb2715)] -> xpath: //p//word], [[FirefoxDriver: firefox on LINUX (358f877c-4143-452f-ab4d-589327eb2715)] -> xpath: //p//word], [[FirefoxDriver: firefox on LINUX (358f877c-4143-452f-ab4d-589327eb2715)] -> xpath: //p//word], [[FirefoxDriver: firefox on LINUX (358f877c-4143-452f-ab4d-589327eb2715)] -> xpath: //p//word], [[FirefoxDriver: firefox on LINUX (358f877c-4143-452f-ab4d-589327eb2715)] -> xpath: //p//word], [[FirefoxDriver: firefox on LINUX (358f877c-4143-452f-ab4d-589327eb2715)] -> xpath: //p//word], [[FirefoxDriver: firefox on LINUX (358f877c-4143-452f-ab4d-589327eb2715)] -> xpath: //p//word], [[FirefoxDriver: firefox on LINUX (358f877c-4143-452f-ab4d-589327eb2715)] -> xpath: //p//word], [[FirefoxDriver: firefox on LINUX (358f877c-4143-452f-ab4d-589327eb2715)] -> xpath: //p//word], [[FirefoxDriver: firefox on LINUX (358f877c-4143-452f-ab4d-589327eb2715)] -> xpath: //p//word], [[FirefoxDriver: firefox on LINUX (358f877c-4143-452f-ab4d-589327eb2715)] -> xpath: //p//word], [[FirefoxDriver: firefox on LINUX (358f877c-4143-452f-ab4d-589327eb2715)] -> xpath: //p//word], [[FirefoxDriver: firefox on LINUX (358f877c-4143-452f-ab4d-589327eb2715)] -> xpath: //p//word], [[FirefoxDriver: firefox on LINUX (358f877c-4143-452f-ab4d-589327eb2715)] -> xpath: //p//word], [[FirefoxDriver: firefox on LINUX (358f877c-4143-452f-ab4d-589327eb2715)] -> xpath: //p//word], [[FirefoxDriver: firefox on LINUX (358f877c-4143-452f-ab4d-589327eb2715)] -> xpath: //p//word], [[FirefoxDriver: firefox on LINUX (358f877c-4143-452f-ab4d-589327eb2715)] -> xpath: //p//word], [[FirefoxDriver: firefox on LINUX (358f877c-4143-452f-ab4d-589327eb2715)] -> xpath: //p//word], [[FirefoxDriver: firefox on LINUX (358f877c-4143-452f-ab4d-589327eb2715)] -> xpath: //p//word], [[FirefoxDriver: firefox on LINUX (358f877c-4143-452f-ab4d-589327eb2715)] -> xpath: //p//word], [[FirefoxDriver: firefox on LINUX (358f877c-4143-452f-ab4d-589327eb2715)] -> xpath: //p//word], [[FirefoxDriver: firefox on LINUX (358f877c-4143-452f-ab4d-589327eb2715)] -> xpath: //p//word], [[FirefoxDriver: firefox on LINUX (358f877c-4143-452f-ab4d-589327eb2715)] -> xpath: //p//word], [[FirefoxDriver: firefox on LINUX (358f877c-4143-452f-ab4d-589327eb2715)] -> xpath: //p//word], [[FirefoxDriver: firefox on LINUX (358f877c-4143-452f-ab4d-589327eb2715)] -> xpath: //p//word], [[FirefoxDriver: firefox on LINUX (358f877c-4143-452f-ab4d-589327eb2715)] -> xpath: //p//word], [[FirefoxDriver: firefox on LINUX (358f877c-4143-452f-ab4d-589327eb2715)] -> xpath: //p//word], [[FirefoxDriver: firefox on LINUX (358f877c-4143-452f-ab4d-589327eb2715)] -> xpath: //p//word], [[FirefoxDriver: firefox on LINUX (358f877c-4143-452f-ab4d-589327eb2715)] -> xpath: //p//word], [[FirefoxDriver: firefox on LINUX (358f877c-4143-452f-ab4d-589327eb2715)] -> xpath: //p//word], [[FirefoxDriver: firefox on LINUX (358f877c-4143-452f-ab4d-589327eb2715)] -> xpath: //p//word], [[FirefoxDriver: firefox on LINUX (358f877c-4143-452f-ab4d-589327eb2715)] -> xpath: //p//word], [[FirefoxDriver: firefox on LINUX (358f877c-4143-452f-ab4d-589327eb2715)] -> xpath: //p//word], [[FirefoxDriver: firefox on LINUX (358f877c-4143-452f-ab4d-589327eb2715)] -> xpath: //p//word], [[FirefoxDriver: firefox on LINUX (358f877c-4143-452f-ab4d-589327eb2715)] -> xpath: //p//word], [[FirefoxDriver: firefox on LINUX (358f877c-4143-452f-ab4d-589327eb2715)] -> xpath: //p//word], [[FirefoxDriver: firefox on LINUX (358f877c-4143-452f-ab4d-589327eb2715)] -> xpath: //p//word], [[FirefoxDriver: firefox on LINUX (358f877c-4143-452f-ab4d-589327eb2715)] -> xpath: //p//word], [[FirefoxDriver: firefox on LINUX (358f877c-4143-452f-ab4d-589327eb2715)] -> xpath: //p//word], [[FirefoxDriver: firefox on LINUX (358f877c-4143-452f-ab4d-589327eb2715)] -> xpath: //p//word], [[FirefoxDriver: firefox on LINUX (358f877c-4143-452f-ab4d-589327eb2715)] -> xpath: //p//word], [[FirefoxDriver: firefox on LINUX (358f877c-4143-452f-ab4d-589327eb2715)] -> xpath: //p//word], [[FirefoxDriver: firefox on LINUX (358f877c-4143-452f-ab4d-589327eb2715)] -> xpath: //p//word], [[FirefoxDriver: firefox on LINUX (358f877c-4143-452f-ab4d-589327eb2715)] -> xpath: //p//word], [[FirefoxDriver: firefox on LINUX (358f877c-4143-452f-ab4d-589327eb2715)] -> xpath: //p//word], [[FirefoxDriver: firefox on LINUX (358f877c-4143-452f-ab4d-589327eb2715)] -> xpath: //p//word], [[FirefoxDriver: firefox on LINUX (358f877c-4143-452f-ab4d-589327eb2715)] -> xpath: //p//word], [[FirefoxDriver: firefox on LINUX (358f877c-4143-452f-ab4d-589327eb2715)] -> xpath: //p//word], [[FirefoxDriver: firefox on LINUX (358f877c-4143-452f-ab4d-589327eb2715)] -> xpath: //p//word], [[FirefoxDriver: firefox on LINUX (358f877c-4143-452f-ab4d-589327eb2715)] -> xpath: //p//word], [[FirefoxDriver: firefox on LINUX (358f877c-4143-452f-ab4d-589327eb2715)] -> xpath: //p//word], [[FirefoxDriver: firefox on LINUX (358f877c-4143-452f-ab4d-589327eb2715)] -> xpath: //p//word], [[FirefoxDriver: firefox on LINUX (358f877c-4143-452f-ab4d-589327eb2715)] -> xpath: //p//word], [[FirefoxDriver: firefox on LINUX (358f877c-4143-452f-ab4d-589327eb2715)] -> xpath: //p//word], [[FirefoxDriver: firefox on LINUX (358f877c-4143-452f-ab4d-589327eb2715)] -> xpath: //p//word], [[FirefoxDriver: firefox on LINUX (358f877c-4143-452f-ab4d-589327eb2715)] -> xpath: //p//word], [[FirefoxDriver: firefox on LINUX (358f877c-4143-452f-ab4d-589327eb2715)] -> xpath: //p//word], [[FirefoxDriver: firefox on LINUX (358f877c-4143-452f-ab4d-589327eb2715)] -> xpath: //p//word], [[FirefoxDriver: firefox on LINUX (358f877c-4143-452f-ab4d-589327eb2715)] -> xpath: //p//word], [[FirefoxDriver: firefox on LINUX (358f877c-4143-452f-ab4d-589327eb2715)] -> xpath: //p//word], [[FirefoxDriver: firefox on LINUX (358f877c-4143-452f-ab4d-589327eb2715)] -> xpath: //p//word], [[FirefoxDriver: firefox on LINUX (358f877c-4143-452f-ab4d-589327eb2715)] -> xpath: //p//word], [[FirefoxDriver: firefox on LINUX (358f877c-4143-452f-ab4d-589327eb2715)] -> xpath: //p//word], [[FirefoxDriver: firefox on LINUX (358f877c-4143-452f-ab4d-589327eb2715)] -> xpath: //p//word], [[FirefoxDriver: firefox on LINUX (358f877c-4143-452f-ab4d-589327eb2715)] -> xpath: //p//word], [[FirefoxDriver: firefox on LINUX (358f877c-4143-452f-ab4d-589327eb2715)] -> xpath: //p//word], [[FirefoxDriver: firefox on LINUX (358f877c-4143-452f-ab4d-589327eb2715)] -> xpath: //p//word], [[FirefoxDriver: firefox on LINUX (358f877c-4143-452f-ab4d-589327eb2715)] -> xpath: //p//word], [[FirefoxDriver: firefox on LINUX (358f877c-4143-452f-ab4d-589327eb2715)] -> xpath: //p//word], [[FirefoxDriver: firefox on LINUX (358f877c-4143-452f-ab4d-589327eb2715)] -> xpath: //p//word], [[FirefoxDriver: firefox on LINUX (358f877c-4143-452f-ab4d-589327eb2715)] -> xpath: //p//word], [[FirefoxDriver: firefox on LINUX (358f877c-4143-452f-ab4d-589327eb2715)] -> xpath: //p//word], [[FirefoxDriver: firefox on LINUX (358f877c-4143-452f-ab4d-589327eb2715)] -> xpath: //p//word], [[FirefoxDriver: firefox on LINUX (358f877c-4143-452f-ab4d-589327eb2715)] -> xpath: //p//word], [[FirefoxDriver: firefox on LINUX (358f877c-4143-452f-ab4d-589327eb2715)] -> xpath: //p//word], [[FirefoxDriver: firefox on LINUX (358f877c-4143-452f-ab4d-589327eb2715)] -> xpath: //p//word], [[FirefoxDriver: firefox on LINUX (358f877c-4143-452f-ab4d-589327eb2715)] -> xpath: //p//word], [[FirefoxDriver: firefox on LINUX (358f877c-4143-452f-ab4d-589327eb2715)] -> xpath: //p//word], [[FirefoxDriver: firefox on LINUX (358f877c-4143-452f-ab4d-589327eb2715)] -> xpath: //p//word], [[FirefoxDriver: firefox on LINUX (358f877c-4143-452f-ab4d-589327eb2715)] -> xpath: //p//word], [[FirefoxDriver: firefox on LINUX (358f877c-4143-452f-ab4d-589327eb2715)] -> xpath: //p//word], [[FirefoxDriver: firefox on LINUX (358f877c-4143-452f-ab4d-589327eb2715)] -> xpath: //p//word], [[FirefoxDriver: firefox on LINUX (358f877c-4143-452f-ab4d-589327eb2715)] -> xpath: //p//word], [[FirefoxDriver: firefox on LINUX (358f877c-4143-452f-ab4d-589327eb2715)] -> xpath: //p//word], [[FirefoxDriver: firefox on LINUX (358f877c-4143-452f-ab4d-589327eb2715)] -> xpath: //p//word], [[FirefoxDriver: firefox on LINUX (358f877c-4143-452f-ab4d-589327eb2715)] -> xpath: //p//word], [[FirefoxDriver: firefox on LINUX (358f877c-4143-452f-ab4d-589327eb2715)] -> xpath: //p//word], [[FirefoxDriver: firefox on LINUX (358f877c-4143-452f-ab4d-589327eb2715)] -> xpath: //p//word], [[FirefoxDriver: firefox on LINUX (358f877c-4143-452f-ab4d-589327eb2715)] -> xpath: //p//word], [[FirefoxDriver: firefox on LINUX (358f877c-4143-452f-ab4d-589327eb2715)] -> xpath: //p//word], [[FirefoxDriver: firefox on LINUX (358f877c-4143-452f-ab4d-589327eb2715)] -> xpath: //p//word], [[FirefoxDriver: firefox on LINUX (358f877c-4143-452f-ab4d-589327eb2715)] -> xpath: //p//word], [[FirefoxDriver: firefox on LINUX (358f877c-4143-452f-ab4d-589327eb2715)] -> xpath: //p//word], [[FirefoxDriver: firefox on LINUX (358f877c-4143-452f-ab4d-589327eb2715)] -> xpath: //p//word], [[FirefoxDriver: firefox on LINUX (358f877c-4143-452f-ab4d-589327eb2715)] -> xpath: //p//word], [[FirefoxDriver: firefox on LINUX (358f877c-4143-452f-ab4d-589327eb2715)] -> xpath: //p//word], [[FirefoxDriver: firefox on LINUX (358f877c-4143-452f-ab4d-589327eb2715)] -> xpath: //p//word], [[FirefoxDriver: firefox on LINUX (358f877c-4143-452f-ab4d-589327eb2715)] -> xpath: //p//word], [[FirefoxDriver: firefox on LINUX (358f877c-4143-452f-ab4d-589327eb2715)] -> xpath: //p//word], [[FirefoxDriver: firefox on LINUX (358f877c-4143-452f-ab4d-589327eb2715)] -> xpath: //p//word], [[FirefoxDriver: firefox on LINUX (358f877c-4143-452f-ab4d-589327eb2715)] -> xpath: //p//word], [[FirefoxDriver: firefox on LINUX (358f877c-4143-452f-ab4d-589327eb2715)] -> xpath: //p//word], [[FirefoxDriver: firefox on LINUX (358f877c-4143-452f-ab4d-589327eb2715)] -> xpath: //p//word], [[FirefoxDriver: firefox on LINUX (358f877c-4143-452f-ab4d-589327eb2715)] -> xpath: //p//word], [[FirefoxDriver: firefox on LINUX (358f877c-4143-452f-ab4d-589327eb2715)] -> xpath: //p//word], [[FirefoxDriver: firefox on LINUX (358f877c-4143-452f-ab4d-589327eb2715)] -> xpath: //p//word], [[FirefoxDriver: firefox on LINUX (358f877c-4143-452f-ab4d-589327eb2715)] -> xpath: //p//word], [[FirefoxDriver: firefox on LINUX (358f877c-4143-452f-ab4d-589327eb2715)] -> xpath: //p//word], [[FirefoxDriver: firefox on LINUX (358f877c-4143-452f-ab4d-589327eb2715)] -> xpath: //p//word], [[FirefoxDriver: firefox on LINUX (358f877c-4143-452f-ab4d-589327eb2715)] -> xpath: //p//word], [[FirefoxDriver: firefox on LINUX (358f877c-4143-452f-ab4d-589327eb2715)] -> xpath: //p//word], [[FirefoxDriver: firefox on LINUX (358f877c-4143-452f-ab4d-589327eb2715)] -> xpath: //p//word], [[FirefoxDriver: firefox on LINUX (358f877c-4143-452f-ab4d-589327eb2715)] -> xpath: //p//word], [[FirefoxDriver: firefox on LINUX (358f877c-4143-452f-ab4d-589327eb2715)] -> xpath: //p//word], [[FirefoxDriver: firefox on LINUX (358f877c-4143-452f-ab4d-589327eb2715)] -> xpath: //p//word], [[FirefoxDriver: firefox on LINUX (358f877c-4143-452f-ab4d-589327eb2715)] -> xpath: //p//word], [[FirefoxDriver: firefox on LINUX (358f877c-4143-452f-ab4d-589327eb2715)] -> xpath: //p//word], [[FirefoxDriver: firefox on LINUX (358f877c-4143-452f-ab4d-589327eb2715)] -> xpath: //p//word], [[FirefoxDriver: firefox on LINUX (358f877c-4143-452f-ab4d-589327eb2715)] -> xpath: //p//word], [[FirefoxDriver: firefox on LINUX (358f877c-4143-452f-ab4d-589327eb2715)] -> xpath: //p//word], [[FirefoxDriver: firefox on LINUX (358f877c-4143-452f-ab4d-589327eb2715)] -> xpath: //p//word], [[FirefoxDriver: firefox on LINUX (358f877c-4143-452f-ab4d-589327eb2715)] -> xpath: //p//word], [[FirefoxDriver: firefox on LINUX (358f877c-4143-452f-ab4d-589327eb2715)] -> xpath: //p//word], [[FirefoxDriver: firefox on LINUX (358f877c-4143-452f-ab4d-589327eb2715)] -> xpath: //p//word], [[FirefoxDriver: firefox on LINUX (358f877c-4143-452f-ab4d-589327eb2715)] -> xpath: //p//word], [[FirefoxDriver: firefox on LINUX (358f877c-4143-452f-ab4d-589327eb2715)] -> xpath: //p//word], [[FirefoxDriver: firefox on LINUX (358f877c-4143-452f-ab4d-589327eb2715)] -> xpath: //p//word], [[FirefoxDriver: firefox on LINUX (358f877c-4143-452f-ab4d-589327eb2715)] -> xpath: //p//word], [[FirefoxDriver: firefox on LINUX (358f877c-4143-452f-ab4d-589327eb2715)] -> xpath: //p//word], [[FirefoxDriver: firefox on LINUX (358f877c-4143-452f-ab4d-589327eb2715)] -> xpath: //p//word], [[FirefoxDriver: firefox on LINUX (358f877c-4143-452f-ab4d-589327eb2715)] -> xpath: //p//word], [[FirefoxDriver: firefox on LINUX (358f877c-4143-452f-ab4d-589327eb2715)] -> xpath: //p//word], [[FirefoxDriver: firefox on LINUX (358f877c-4143-452f-ab4d-589327eb2715)] -> xpath: //p//word], [[FirefoxDriver: firefox on LINUX (358f877c-4143-452f-ab4d-589327eb2715)] -> xpath: //p//word], [[FirefoxDriver: firefox on LINUX (358f877c-4143-452f-ab4d-589327eb2715)] -> xpath: //p//word], [[FirefoxDriver: firefox on LINUX (358f877c-4143-452f-ab4d-589327eb2715)] -> xpath: //p//word], [[FirefoxDriver: firefox on LINUX (358f877c-4143-452f-ab4d-589327eb2715)] -> xpath: //p//word], [[FirefoxDriver: firefox on LINUX (358f877c-4143-452f-ab4d-589327eb2715)] -> xpath: //p//word], [[FirefoxDriver: firefox on LINUX (358f877c-4143-452f-ab4d-589327eb2715)] -> xpath: //p//word], [[FirefoxDriver: firefox on LINUX (358f877c-4143-452f-ab4d-589327eb2715)] -> xpath: //p//word], [[FirefoxDriver: firefox on LINUX (358f877c-4143-452f-ab4d-589327eb2715)] -> xpath: //p//word], [[FirefoxDriver: firefox on LINUX (358f877c-4143-452f-ab4d-589327eb2715)] -> xpath: //p//word], [[FirefoxDriver: firefox on LINUX (358f877c-4143-452f-ab4d-589327eb2715)] -> xpath: //p//word], [[FirefoxDriver: firefox on LINUX (358f877c-4143-452f-ab4d-589327eb2715)] -> xpath: //p//word], [[FirefoxDriver: firefox on LINUX (358f877c-4143-452f-ab4d-589327eb2715)] -> xpath: //p//word], [[FirefoxDriver: firefox on LINUX (358f877c-4143-452f-ab4d-589327eb2715)] -> xpath: //p//word], [[FirefoxDriver: firefox on LINUX (358f877c-4143-452f-ab4d-589327eb2715)] -> xpath: //p//word], [[FirefoxDriver: firefox on LINUX (358f877c-4143-452f-ab4d-589327eb2715)] -> xpath: //p//word], [[FirefoxDriver: firefox on LINUX (358f877c-4143-452f-ab4d-589327eb2715)] -> xpath: //p//word], [[FirefoxDriver: firefox on LINUX (358f877c-4143-452f-ab4d-589327eb2715)] -> xpath: //p//word], [[FirefoxDriver: firefox on LINUX (358f877c-4143-452f-ab4d-589327eb2715)] -> xpath: //p//word], [[FirefoxDriver: firefox on LINUX (358f877c-4143-452f-ab4d-589327eb2715)] -> xpath: //p//word], [[FirefoxDriver: firefox on LINUX (358f877c-4143-452f-ab4d-589327eb2715)] -> xpath: //p//word], [[FirefoxDriver: firefox on LINUX (358f877c-4143-452f-ab4d-589327eb2715)] -> xpath: //p//word], [[FirefoxDriver: firefox on LINUX (358f877c-4143-452f-ab4d-589327eb2715)] -> xpath: //p//word], [[FirefoxDriver: firefox on LINUX (358f877c-4143-452f-ab4d-589327eb2715)] -> xpath: //p//word], [[FirefoxDriver: firefox on LINUX (358f877c-4143-452f-ab4d-589327eb2715)] -> xpath: //p//word], [[FirefoxDriver: firefox on LINUX (358f877c-4143-452f-ab4d-589327eb2715)] -> xpath: //p//word], [[FirefoxDriver: firefox on LINUX (358f877c-4143-452f-ab4d-589327eb2715)] -> xpath: //p//word], [[FirefoxDriver: firefox on LINUX (358f877c-4143-452f-ab4d-589327eb2715)] -> xpath: //p//word], [[FirefoxDriver: firefox on LINUX (358f877c-4143-452f-ab4d-589327eb2715)] -> xpath: //p//word], [[FirefoxDriver: firefox on LINUX (358f877c-4143-452f-ab4d-589327eb2715)] -> xpath: //p//word], [[FirefoxDriver: firefox on LINUX (358f877c-4143-452f-ab4d-589327eb2715)] -> xpath: //p//word], [[FirefoxDriver: firefox on LINUX (358f877c-4143-452f-ab4d-589327eb2715)] -> xpath: //p//word], [[FirefoxDriver: firefox on LINUX (358f877c-4143-452f-ab4d-589327eb2715)] -> xpath: //p//word], [[FirefoxDriver: firefox on LINUX (358f877c-4143-452f-ab4d-589327eb2715)] -> xpath: //p//word], [[FirefoxDriver: firefox on LINUX (358f877c-4143-452f-ab4d-589327eb2715)] -> xpath: //p//word], [[FirefoxDriver: firefox on LINUX (358f877c-4143-452f-ab4d-589327eb2715)] -> xpath: //p//word], [[FirefoxDriver: firefox on LINUX (358f877c-4143-452f-ab4d-589327eb2715)] -> xpath: //p//word], [[FirefoxDriver: firefox on LINUX (358f877c-4143-452f-ab4d-589327eb2715)] -> xpath: //p//word], [[FirefoxDriver: firefox on LINUX (358f877c-4143-452f-ab4d-589327eb2715)] -> xpath: //p//word], [[FirefoxDriver: firefox on LINUX (358f877c-4143-452f-ab4d-589327eb2715)] -> xpath: //p//word], [[FirefoxDriver: firefox on LINUX (358f877c-4143-452f-ab4d-589327eb2715)] -> xpath: //p//word], [[FirefoxDriver: firefox on LINUX (358f877c-4143-452f-ab4d-589327eb2715)] -> xpath: //p//word], [[FirefoxDriver: firefox on LINUX (358f877c-4143-452f-ab4d-589327eb2715)] -> xpath: //p//word], [[FirefoxDriver: firefox on LINUX (358f877c-4143-452f-ab4d-589327eb2715)] -> xpath: //p//word], [[FirefoxDriver: firefox on LINUX (358f877c-4143-452f-ab4d-589327eb2715)] -> xpath: //p//word], [[FirefoxDriver: firefox on LINUX (358f877c-4143-452f-ab4d-589327eb2715)] -> xpath: //p//word], [[FirefoxDriver: firefox on LINUX (358f877c-4143-452f-ab4d-589327eb2715)] -> xpath: //p//word], [[FirefoxDriver: firefox on LINUX (358f877c-4143-452f-ab4d-589327eb2715)] -> xpath: //p//word], [[FirefoxDriver: firefox on LINUX (358f877c-4143-452f-ab4d-589327eb2715)] -> xpath: //p//word], [[FirefoxDriver: firefox on LINUX (358f877c-4143-452f-ab4d-589327eb2715)] -> xpath: //p//word], [[FirefoxDriver: firefox on LINUX (358f877c-4143-452f-ab4d-589327eb2715)] -> xpath: //p//word], [[FirefoxDriver: firefox on LINUX (358f877c-4143-452f-ab4d-589327eb2715)] -> xpath: //p//word], [[FirefoxDriver: firefox on LINUX (358f877c-4143-452f-ab4d-589327eb2715)] -> xpath: //p//word], [[FirefoxDriver: firefox on LINUX (358f877c-4143-452f-ab4d-589327eb2715)] -> xpath: //p//word], [[FirefoxDriver: firefox on LINUX (358f877c-4143-452f-ab4d-589327eb2715)] -> xpath: //p//word], [[FirefoxDriver: firefox on LINUX (358f877c-4143-452f-ab4d-589327eb2715)] -> xpath: //p//word], [[FirefoxDriver: firefox on LINUX (358f877c-4143-452f-ab4d-589327eb2715)] -> xpath: //p//word], [[FirefoxDriver: firefox on LINUX (358f877c-4143-452f-ab4d-589327eb2715)] -> xpath: //p//word], [[FirefoxDriver: firefox on LINUX (358f877c-4143-452f-ab4d-589327eb2715)] -> xpath: //p//word], [[FirefoxDriver: firefox on LINUX (358f877c-4143-452f-ab4d-589327eb2715)] -> xpath: //p//word], [[FirefoxDriver: firefox on LINUX (358f877c-4143-452f-ab4d-589327eb2715)] -> xpath: //p//word], [[FirefoxDriver: firefox on LINUX (358f877c-4143-452f-ab4d-589327eb2715)] -> xpath: //p//word], [[FirefoxDriver: firefox on LINUX (358f877c-4143-452f-ab4d-589327eb2715)] -> xpath: //p//word], [[FirefoxDriver: firefox on LINUX (358f877c-4143-452f-ab4d-589327eb2715)] -> xpath: //p//word], [[FirefoxDriver: firefox on LINUX (358f877c-4143-452f-ab4d-589327eb2715)] -> xpath: //p//word], [[FirefoxDriver: firefox on LINUX (358f877c-4143-452f-ab4d-589327eb2715)] -> xpath: //p//word], [[FirefoxDriver: firefox on LINUX (358f877c-4143-452f-ab4d-589327eb2715)] -> xpath: //p//word], [[FirefoxDriver: firefox on LINUX (358f877c-4143-452f-ab4d-589327eb2715)] -> xpath: //p//word], [[FirefoxDriver: firefox on LINUX (358f877c-4143-452f-ab4d-589327eb2715)] -> xpath: //p//word], [[FirefoxDriver: firefox on LINUX (358f877c-4143-452f-ab4d-589327eb2715)] -> xpath: //p//word], [[FirefoxDriver: firefox on LINUX (358f877c-4143-452f-ab4d-589327eb2715)] -> xpath: //p//word], [[FirefoxDriver: firefox on LINUX (358f877c-4143-452f-ab4d-589327eb2715)] -> xpath: //p//word], [[FirefoxDriver: firefox on LINUX (358f877c-4143-452f-ab4d-589327eb2715)] -> xpath: //p//word], [[FirefoxDriver: firefox on LINUX (358f877c-4143-452f-ab4d-589327eb2715)] -> xpath: //p//word], [[FirefoxDriver: firefox on LINUX (358f877c-4143-452f-ab4d-589327eb2715)] -> xpath: //p//word], [[FirefoxDriver: firefox on LINUX (358f877c-4143-452f-ab4d-589327eb2715)] -> xpath: //p//word], [[FirefoxDriver: firefox on LINUX (358f877c-4143-452f-ab4d-589327eb2715)] -> xpath: //p//word], [[FirefoxDriver: firefox on LINUX (358f877c-4143-452f-ab4d-589327eb2715)] -> xpath: //p//word], [[FirefoxDriver: firefox on LINUX (358f877c-4143-452f-ab4d-589327eb2715)] -> xpath: //p//word], [[FirefoxDriver: firefox on LINUX (358f877c-4143-452f-ab4d-589327eb2715)] -> xpath: //p//word], [[FirefoxDriver: firefox on LINUX (358f877c-4143-452f-ab4d-589327eb2715)] -> xpath: //p//word], [[FirefoxDriver: firefox on LINUX (358f877c-4143-452f-ab4d-589327eb2715)] -> xpath: //p//word], [[FirefoxDriver: firefox on LINUX (358f877c-4143-452f-ab4d-589327eb2715)] -> xpath: //p//word], [[FirefoxDriver: firefox on LINUX (358f877c-4143-452f-ab4d-589327eb2715)] -> xpath: //p//word], [[FirefoxDriver: firefox on LINUX (358f877c-4143-452f-ab4d-589327eb2715)] -> xpath: //p//word], [[FirefoxDriver: firefox on LINUX (358f877c-4143-452f-ab4d-589327eb2715)] -> xpath: //p//word], [[FirefoxDriver: firefox on LINUX (358f877c-4143-452f-ab4d-589327eb2715)] -> xpath: //p//word], [[FirefoxDriver: firefox on LINUX (358f877c-4143-452f-ab4d-589327eb2715)] -> xpath: //p//word], [[FirefoxDriver: firefox on LINUX (358f877c-4143-452f-ab4d-589327eb2715)] -> xpath: //p//word], [[FirefoxDriver: firefox on LINUX (358f877c-4143-452f-ab4d-589327eb2715)] -> xpath: //p//word], [[FirefoxDriver: firefox on LINUX (358f877c-4143-452f-ab4d-589327eb2715)] -> xpath: //p//word], [[FirefoxDriver: firefox on LINUX (358f877c-4143-452f-ab4d-589327eb2715)] -> xpath: //p//word], [[FirefoxDriver: firefox on LINUX (358f877c-4143-452f-ab4d-589327eb2715)] -> xpath: //p//word], [[FirefoxDriver: firefox on LINUX (358f877c-4143-452f-ab4d-589327eb2715)] -> xpath: //p//word], [[FirefoxDriver: firefox on LINUX (358f877c-4143-452f-ab4d-589327eb2715)] -> xpath: //p//word], [[FirefoxDriver: firefox on LINUX (358f877c-4143-452f-ab4d-589327eb2715)] -> xpath: //p//word], [[FirefoxDriver: firefox on LINUX (358f877c-4143-452f-ab4d-589327eb2715)] -> xpath: //p//word], [[FirefoxDriver: firefox on LINUX (358f877c-4143-452f-ab4d-589327eb2715)] -> xpath: //p//word], [[FirefoxDriver: firefox on LINUX (358f877c-4143-452f-ab4d-589327eb2715)] -> xpath: //p//word], [[FirefoxDriver: firefox on LINUX (358f877c-4143-452f-ab4d-589327eb2715)] -> xpath: //p//word], [[FirefoxDriver: firefox on LINUX (358f877c-4143-452f-ab4d-589327eb2715)] -> xpath: //p//word], [[FirefoxDriver: firefox on LINUX (358f877c-4143-452f-ab4d-589327eb2715)] -> xpath: //p//word], [[FirefoxDriver: firefox on LINUX (358f877c-4143-452f-ab4d-589327eb2715)] -> xpath: //p//word], [[FirefoxDriver: firefox on LINUX (358f877c-4143-452f-ab4d-589327eb2715)] -> xpath: //p//word], [[FirefoxDriver: firefox on LINUX (358f877c-4143-452f-ab4d-589327eb2715)] -> xpath: //p//word], [[FirefoxDriver: firefox on LINUX (358f877c-4143-452f-ab4d-589327eb2715)] -> xpath: //p//word], [[FirefoxDriver: firefox on LINUX (358f877c-4143-452f-ab4d-589327eb2715)] -> xpath: //p//word], [[FirefoxDriver: firefox on LINUX (358f877c-4143-452f-ab4d-589327eb2715)] -> xpath: //p//word], [[FirefoxDriver: firefox on LINUX (358f877c-4143-452f-ab4d-589327eb2715)] -> xpath: //p//word], [[FirefoxDriver: firefox on LINUX (358f877c-4143-452f-ab4d-589327eb2715)] -> xpath: //p//word], [[FirefoxDriver: firefox on LINUX (358f877c-4143-452f-ab4d-589327eb2715)] -> xpath: //p//word], [[FirefoxDriver: firefox on LINUX (358f877c-4143-452f-ab4d-589327eb2715)] -> xpath: //p//word], [[FirefoxDriver: firefox on LINUX (358f877c-4143-452f-ab4d-589327eb2715)] -> xpath: //p//word], [[FirefoxDriver: firefox on LINUX (358f877c-4143-452f-ab4d-589327eb2715)] -> xpath: //p//word], [[FirefoxDriver: firefox on LINUX (358f877c-4143-452f-ab4d-589327eb2715)] -> xpath: //p//word], [[FirefoxDriver: firefox on LINUX (358f877c-4143-452f-ab4d-589327eb2715)] -> xpath: //p//word], [[FirefoxDriver: firefox on LINUX (358f877c-4143-452f-ab4d-589327eb2715)] -> xpath: //p//word], [[FirefoxDriver: firefox on LINUX (358f877c-4143-452f-ab4d-589327eb2715)] -> xpath: //p//word], [[FirefoxDriver: firefox on LINUX (358f877c-4143-452f-ab4d-589327eb2715)] -> xpath: //p//word], [[FirefoxDriver: firefox on LINUX (358f877c-4143-452f-ab4d-589327eb2715)] -> xpath: //p//word], [[FirefoxDriver: firefox on LINUX (358f877c-4143-452f-ab4d-589327eb2715)] -> xpath: //p//word], [[FirefoxDriver: firefox on LINUX (358f877c-4143-452f-ab4d-589327eb2715)] -> xpath: //p//word], [[FirefoxDriver: firefox on LINUX (358f877c-4143-452f-ab4d-589327eb2715)] -> xpath: //p//word], [[FirefoxDriver: firefox on LINUX (358f877c-4143-452f-ab4d-589327eb2715)] -> xpath: //p//word], [[FirefoxDriver: firefox on LINUX (358f877c-4143-452f-ab4d-589327eb2715)] -> xpath: //p//word], [[FirefoxDriver: firefox on LINUX (358f877c-4143-452f-ab4d-589327eb2715)] -> xpath: //p//word], [[FirefoxDriver: firefox on LINUX (358f877c-4143-452f-ab4d-589327eb2715)] -> xpath: //p//word], [[FirefoxDriver: firefox on LINUX (358f877c-4143-452f-ab4d-589327eb2715)] -> xpath: //p//word], [[FirefoxDriver: firefox on LINUX (358f877c-4143-452f-ab4d-589327eb2715)] -> xpath: //p//word], [[FirefoxDriver: firefox on LINUX (358f877c-4143-452f-ab4d-589327eb2715)] -> xpath: //p//word], [[FirefoxDriver: firefox on LINUX (358f877c-4143-452f-ab4d-589327eb2715)] -> xpath: //p//word], [[FirefoxDriver: firefox on LINUX (358f877c-4143-452f-ab4d-589327eb2715)] -> xpath: //p//word], [[FirefoxDriver: firefox on LINUX (358f877c-4143-452f-ab4d-589327eb2715)] -> xpath: //p//word], [[FirefoxDriver: firefox on LINUX (358f877c-4143-452f-ab4d-589327eb2715)] -> xpath: //p//word], [[FirefoxDriver: firefox on LINUX (358f877c-4143-452f-ab4d-589327eb2715)] -> xpath: //p//word], [[FirefoxDriver: firefox on LINUX (358f877c-4143-452f-ab4d-589327eb2715)] -> xpath: //p//word], [[FirefoxDriver: firefox on LINUX (358f877c-4143-452f-ab4d-589327eb2715)] -> xpath: //p//word], [[FirefoxDriver: firefox on LINUX (358f877c-4143-452f-ab4d-589327eb2715)] -> xpath: //p//word], [[FirefoxDriver: firefox on LINUX (358f877c-4143-452f-ab4d-589327eb2715)] -> xpath: //p//word], [[FirefoxDriver: firefox on LINUX (358f877c-4143-452f-ab4d-589327eb2715)] -> xpath: //p//word], [[FirefoxDriver: firefox on LINUX (358f877c-4143-452f-ab4d-589327eb2715)] -> xpath: //p//word], [[FirefoxDriver: firefox on LINUX (358f877c-4143-452f-ab4d-589327eb2715)] -> xpath: //p//word], [[FirefoxDriver: firefox on LINUX (358f877c-4143-452f-ab4d-589327eb2715)] -> xpath: //p//word], [[FirefoxDriver: firefox on LINUX (358f877c-4143-452f-ab4d-589327eb2715)] -> xpath: //p//word], [[FirefoxDriver: firefox on LINUX (358f877c-4143-452f-ab4d-589327eb2715)] -> xpath: //p//word], [[FirefoxDriver: firefox on LINUX (358f877c-4143-452f-ab4d-589327eb2715)] -> xpath: //p//word], [[FirefoxDriver: firefox on LINUX (358f877c-4143-452f-ab4d-589327eb2715)] -> xpath: //p//word], [[FirefoxDriver: firefox on LINUX (358f877c-4143-452f-ab4d-589327eb2715)] -> xpath: //p//word], [[FirefoxDriver: firefox on LINUX (358f877c-4143-452f-ab4d-589327eb2715)] -> xpath: //p//word], [[FirefoxDriver: firefox on LINUX (358f877c-4143-452f-ab4d-589327eb2715)] -> xpath: //p//word], [[FirefoxDriver: firefox on LINUX (358f877c-4143-452f-ab4d-589327eb2715)] -> xpath: //p//word], [[FirefoxDriver: firefox on LINUX (358f877c-4143-452f-ab4d-589327eb2715)] -> xpath: //p//word], [[FirefoxDriver: firefox on LINUX (358f877c-4143-452f-ab4d-589327eb2715)] -> xpath: //p//word], [[FirefoxDriver: firefox on LINUX (358f877c-4143-452f-ab4d-589327eb2715)] -> xpath: //p//word], [[FirefoxDriver: firefox on LINUX (358f877c-4143-452f-ab4d-589327eb2715)] -> xpath: //p//word], [[FirefoxDriver: firefox on LINUX (358f877c-4143-452f-ab4d-589327eb2715)] -> xpath: //p//word], [[FirefoxDriver: firefox on LINUX (358f877c-4143-452f-ab4d-589327eb2715)] -> xpath: //p//word], [[FirefoxDriver: firefox on LINUX (358f877c-4143-452f-ab4d-589327eb2715)] -> xpath: //p//word], [[FirefoxDriver: firefox on LINUX (358f877c-4143-452f-ab4d-589327eb2715)] -> xpath: //p//word], [[FirefoxDriver: firefox on LINUX (358f877c-4143-452f-ab4d-589327eb2715)] -> xpath: //p//word], [[FirefoxDriver: firefox on LINUX (358f877c-4143-452f-ab4d-589327eb2715)] -> xpath: //p//word], [[FirefoxDriver: firefox on LINUX (358f877c-4143-452f-ab4d-589327eb2715)] -> xpath: //p//word], [[FirefoxDriver: firefox on LINUX (358f877c-4143-452f-ab4d-589327eb2715)] -> xpath: //p//word], [[FirefoxDriver: firefox on LINUX (358f877c-4143-452f-ab4d-589327eb2715)] -> xpath: //p//word], [[FirefoxDriver: firefox on LINUX (358f877c-4143-452f-ab4d-589327eb2715)] -> xpath: //p//word], [[FirefoxDriver: firefox on LINUX (358f877c-4143-452f-ab4d-589327eb2715)] -> xpath: //p//word], [[FirefoxDriver: firefox on LINUX (358f877c-4143-452f-ab4d-589327eb2715)] -> xpath: //p//word], [[FirefoxDriver: firefox on LINUX (358f877c-4143-452f-ab4d-589327eb2715)] -> xpath: //p//word], [[FirefoxDriver: firefox on LINUX (358f877c-4143-452f-ab4d-589327eb2715)] -> xpath: //p//word], [[FirefoxDriver: firefox on LINUX (358f877c-4143-452f-ab4d-589327eb2715)] -> xpath: //p//word], [[FirefoxDriver: firefox on LINUX (358f877c-4143-452f-ab4d-589327eb2715)] -> xpath: //p//word], [[FirefoxDriver: firefox on LINUX (358f877c-4143-452f-ab4d-589327eb2715)] -> xpath: //p//word], [[FirefoxDriver: firefox on LINUX (358f877c-4143-452f-ab4d-589327eb2715)] -> xpath: //p//word], [[FirefoxDriver: firefox on LINUX (358f877c-4143-452f-ab4d-589327eb2715)] -> xpath: //p//word], [[FirefoxDriver: firefox on LINUX (358f877c-4143-452f-ab4d-589327eb2715)] -> xpath: //p//word], [[FirefoxDriver: firefox on LINUX (358f877c-4143-452f-ab4d-589327eb2715)] -> xpath: //p//word], [[FirefoxDriver: firefox on LINUX (358f877c-4143-452f-ab4d-589327eb2715)] -> xpath: //p//word], [[FirefoxDriver: firefox on LINUX (358f877c-4143-452f-ab4d-589327eb2715)] -> xpath: //p//word], [[FirefoxDriver: firefox on LINUX (358f877c-4143-452f-ab4d-589327eb2715)] -> xpath: //p//word], [[FirefoxDriver: firefox on LINUX (358f877c-4143-452f-ab4d-589327eb2715)] -> xpath: //p//word], [[FirefoxDriver: firefox on LINUX (358f877c-4143-452f-ab4d-589327eb2715)] -> xpath: //p//word], [[FirefoxDriver: firefox on LINUX (358f877c-4143-452f-ab4d-589327eb2715)] -> xpath: //p//word], [[FirefoxDriver: firefox on LINUX (358f877c-4143-452f-ab4d-589327eb2715)] -> xpath: //p//word], [[FirefoxDriver: firefox on LINUX (358f877c-4143-452f-ab4d-589327eb2715)] -> xpath: //p//word], [[FirefoxDriver: firefox on LINUX (358f877c-4143-452f-ab4d-589327eb2715)] -> xpath: //p//word], [[FirefoxDriver: firefox on LINUX (358f877c-4143-452f-ab4d-589327eb2715)] -> xpath: //p//word], [[FirefoxDriver: firefox on LINUX (358f877c-4143-452f-ab4d-589327eb2715)] -> xpath: //p//word], [[FirefoxDriver: firefox on LINUX (358f877c-4143-452f-ab4d-589327eb2715)] -> xpath: //p//word], [[FirefoxDriver: firefox on LINUX (358f877c-4143-452f-ab4d-589327eb2715)] -> xpath: //p//word], [[FirefoxDriver: firefox on LINUX (358f877c-4143-452f-ab4d-589327eb2715)] -> xpath: //p//word], [[FirefoxDriver: firefox on LINUX (358f877c-4143-452f-ab4d-589327eb2715)] -> xpath: //p//word], [[FirefoxDriver: firefox on LINUX (358f877c-4143-452f-ab4d-589327eb2715)] -> xpath: //p//word], [[FirefoxDriver: firefox on LINUX (358f877c-4143-452f-ab4d-589327eb2715)] -> xpath: //p//word], [[FirefoxDriver: firefox on LINUX (358f877c-4143-452f-ab4d-589327eb2715)] -> xpath: //p//word], [[FirefoxDriver: firefox on LINUX (358f877c-4143-452f-ab4d-589327eb2715)] -> xpath: //p//word], [[FirefoxDriver: firefox on LINUX (358f877c-4143-452f-ab4d-589327eb2715)] -> xpath: //p//word], [[FirefoxDriver: firefox on LINUX (358f877c-4143-452f-ab4d-589327eb2715)] -> xpath: //p//word], [[FirefoxDriver: firefox on LINUX (358f877c-4143-452f-ab4d-589327eb2715)] -> xpath: //p//word], [[FirefoxDriver: firefox on LINUX (358f877c-4143-452f-ab4d-589327eb2715)] -> xpath: //p//word], [[FirefoxDriver: firefox on LINUX (358f877c-4143-452f-ab4d-589327eb2715)] -> xpath: //p//word], [[FirefoxDriver: firefox on LINUX (358f877c-4143-452f-ab4d-589327eb2715)] -> xpath: //p//word], [[FirefoxDriver: firefox on LINUX (358f877c-4143-452f-ab4d-589327eb2715)] -> xpath: //p//word], [[FirefoxDriver: firefox on LINUX (358f877c-4143-452f-ab4d-589327eb2715)] -> xpath: //p//word], [[FirefoxDriver: firefox on LINUX (358f877c-4143-452f-ab4d-589327eb2715)] -> xpath: //p//word], [[FirefoxDriver: firefox on LINUX (358f877c-4143-452f-ab4d-589327eb2715)] -> xpath: //p//word], [[FirefoxDriver: firefox on LINUX (358f877c-4143-452f-ab4d-589327eb2715)] -> xpath: //p//word], [[FirefoxDriver: firefox on LINUX (358f877c-4143-452f-ab4d-589327eb2715)] -> xpath: //p//word], [[FirefoxDriver: firefox on LINUX (358f877c-4143-452f-ab4d-589327eb2715)] -> xpath: //p//word], [[FirefoxDriver: firefox on LINUX (358f877c-4143-452f-ab4d-589327eb2715)] -> xpath: //p//word], [[FirefoxDriver: firefox on LINUX (358f877c-4143-452f-ab4d-589327eb2715)] -> xpath: //p//word], [[FirefoxDriver: firefox on LINUX (358f877c-4143-452f-ab4d-589327eb2715)] -> xpath: //p//word], [[FirefoxDriver: firefox on LINUX (358f877c-4143-452f-ab4d-589327eb2715)] -> xpath: //p//word], [[FirefoxDriver: firefox on LINUX (358f877c-4143-452f-ab4d-589327eb2715)] -> xpath: //p//word], [[FirefoxDriver: firefox on LINUX (358f877c-4143-452f-ab4d-589327eb2715)] -> xpath: //p//word], [[FirefoxDriver: firefox on LINUX (358f877c-4143-452f-ab4d-589327eb2715)] -> xpath: //p//word], [[FirefoxDriver: firefox on LINUX (358f877c-4143-452f-ab4d-589327eb2715)] -> xpath: //p//word], [[FirefoxDriver: firefox on LINUX (358f877c-4143-452f-ab4d-589327eb2715)] -> xpath: //p//word], [[FirefoxDriver: firefox on LINUX (358f877c-4143-452f-ab4d-589327eb2715)] -> xpath: //p//word], [[FirefoxDriver: firefox on LINUX (358f877c-4143-452f-ab4d-589327eb2715)] -> xpath: //p//word], [[FirefoxDriver: firefox on LINUX (358f877c-4143-452f-ab4d-589327eb2715)] -> xpath: //p//word], [[FirefoxDriver: firefox on LINUX (358f877c-4143-452f-ab4d-589327eb2715)] -> xpath: //p//word], [[FirefoxDriver: firefox on LINUX (358f877c-4143-452f-ab4d-589327eb2715)] -> xpath: //p//word], [[FirefoxDriver: firefox on LINUX (358f877c-4143-452f-ab4d-589327eb2715)] -> xpath: //p//word], [[FirefoxDriver: firefox on LINUX (358f877c-4143-452f-ab4d-589327eb2715)] -> xpath: //p//word], [[FirefoxDriver: firefox on LINUX (358f877c-4143-452f-ab4d-589327eb2715)] -> xpath: //p//word], [[FirefoxDriver: firefox on LINUX (358f877c-4143-452f-ab4d-589327eb2715)] -> xpath: //p//word], [[FirefoxDriver: firefox on LINUX (358f877c-4143-452f-ab4d-589327eb2715)] -> xpath: //p//word], [[FirefoxDriver: firefox on LINUX (358f877c-4143-452f-ab4d-589327eb2715)] -> xpath: //p//word], [[FirefoxDriver: firefox on LINUX (358f877c-4143-452f-ab4d-589327eb2715)] -> xpath: //p//word], [[FirefoxDriver: firefox on LINUX (358f877c-4143-452f-ab4d-589327eb2715)] -> xpath: //p//word], [[FirefoxDriver: firefox on LINUX (358f877c-4143-452f-ab4d-589327eb2715)] -> xpath: //p//word], [[FirefoxDriver: firefox on LINUX (358f877c-4143-452f-ab4d-589327eb2715)] -> xpath: //p//word], [[FirefoxDriver: firefox on LINUX (358f877c-4143-452f-ab4d-589327eb2715)] -> xpath: //p//word], [[FirefoxDriver: firefox on LINUX (358f877c-4143-452f-ab4d-589327eb2715)] -> xpath: //p//word], [[FirefoxDriver: firefox on LINUX (358f877c-4143-452f-ab4d-589327eb2715)] -> xpath: //p//word], [[FirefoxDriver: firefox on LINUX (358f877c-4143-452f-ab4d-589327eb2715)] -> xpath: //p//word], [[FirefoxDriver: firefox on LINUX (358f877c-4143-452f-ab4d-589327eb2715)] -> xpath: //p//word], [[FirefoxDriver: firefox on LINUX (358f877c-4143-452f-ab4d-589327eb2715)] -> xpath: //p//word], [[FirefoxDriver: firefox on LINUX (358f877c-4143-452f-ab4d-589327eb2715)] -> xpath: //p//word], [[FirefoxDriver: firefox on LINUX (358f877c-4143-452f-ab4d-589327eb2715)] -> xpath: //p//word], [[FirefoxDriver: firefox on LINUX (358f877c-4143-452f-ab4d-589327eb2715)] -> xpath: //p//word], [[FirefoxDriver: firefox on LINUX (358f877c-4143-452f-ab4d-589327eb2715)] -> xpath: //p//word], [[FirefoxDriver: firefox on LINUX (358f877c-4143-452f-ab4d-589327eb2715)] -> xpath: //p//word], [[FirefoxDriver: firefox on LINUX (358f877c-4143-452f-ab4d-589327eb2715)] -> xpath: //p//word], [[FirefoxDriver: firefox on LINUX (358f877c-4143-452f-ab4d-589327eb2715)] -> xpath: //p//word], [[FirefoxDriver: firefox on LINUX (358f877c-4143-452f-ab4d-589327eb2715)] -> xpath: //p//word], [[FirefoxDriver: firefox on LINUX (358f877c-4143-452f-ab4d-589327eb2715)] -> xpath: //p//word], [[FirefoxDriver: firefox on LINUX (358f877c-4143-452f-ab4d-589327eb2715)] -> xpath: //p//word], [[FirefoxDriver: firefox on LINUX (358f877c-4143-452f-ab4d-589327eb2715)] -> xpath: //p//word], [[FirefoxDriver: firefox on LINUX (358f877c-4143-452f-ab4d-589327eb2715)] -> xpath: //p//word], [[FirefoxDriver: firefox on LINUX (358f877c-4143-452f-ab4d-589327eb2715)] -> xpath: //p//word], [[FirefoxDriver: firefox on LINUX (358f877c-4143-452f-ab4d-589327eb2715)] -> xpath: //p//word], [[FirefoxDriver: firefox on LINUX (358f877c-4143-452f-ab4d-589327eb2715)] -> xpath: //p//word], [[FirefoxDriver: firefox on LINUX (358f877c-4143-452f-ab4d-589327eb2715)] -> xpath: //p//word], [[FirefoxDriver: firefox on LINUX (358f877c-4143-452f-ab4d-589327eb2715)] -> xpath: //p//word], [[FirefoxDriver: firefox on LINUX (358f877c-4143-452f-ab4d-589327eb2715)] -> xpath: //p//word], [[FirefoxDriver: firefox on LINUX (358f877c-4143-452f-ab4d-589327eb2715)] -> xpath: //p//word], [[FirefoxDriver: firefox on LINUX (358f877c-4143-452f-ab4d-589327eb2715)] -> xpath: //p//word], [[FirefoxDriver: firefox on LINUX (358f877c-4143-452f-ab4d-589327eb2715)] -> xpath: //p//word], [[FirefoxDriver: firefox on LINUX (358f877c-4143-452f-ab4d-589327eb2715)] -> xpath: //p//word], [[FirefoxDriver: firefox on LINUX (358f877c-4143-452f-ab4d-589327eb2715)] -> xpath: //p//word], [[FirefoxDriver: firefox on LINUX (358f877c-4143-452f-ab4d-589327eb2715)] -> xpath: //p//word], [[FirefoxDriver: firefox on LINUX (358f877c-4143-452f-ab4d-589327eb2715)] -> xpath: //p//word], [[FirefoxDriver: firefox on LINUX (358f877c-4143-452f-ab4d-589327eb2715)] -> xpath: //p//word], [[FirefoxDriver: firefox on LINUX (358f877c-4143-452f-ab4d-589327eb2715)] -> xpath: //p//word], [[FirefoxDriver: firefox on LINUX (358f877c-4143-452f-ab4d-589327eb2715)] -> xpath: //p//word], [[FirefoxDriver: firefox on LINUX (358f877c-4143-452f-ab4d-589327eb2715)] -> xpath: //p//word], [[FirefoxDriver: firefox on LINUX (358f877c-4143-452f-ab4d-589327eb2715)] -> xpath: //p//word], [[FirefoxDriver: firefox on LINUX (358f877c-4143-452f-ab4d-589327eb2715)] -> xpath: //p//word], [[FirefoxDriver: firefox on LINUX (358f877c-4143-452f-ab4d-589327eb2715)] -> xpath: //p//word], [[FirefoxDriver: firefox on LINUX (358f877c-4143-452f-ab4d-589327eb2715)] -> xpath: //p//word], [[FirefoxDriver: firefox on LINUX (358f877c-4143-452f-ab4d-589327eb2715)] -> xpath: //p//word], [[FirefoxDriver: firefox on LINUX (358f877c-4143-452f-ab4d-589327eb2715)] -> xpath: //p//word], [[FirefoxDriver: firefox on LINUX (358f877c-4143-452f-ab4d-589327eb2715)] -> xpath: //p//word], [[FirefoxDriver: firefox on LINUX (358f877c-4143-452f-ab4d-589327eb2715)] -> xpath: //p//word], [[FirefoxDriver: firefox on LINUX (358f877c-4143-452f-ab4d-589327eb2715)] -> xpath: //p//word], [[FirefoxDriver: firefox on LINUX (358f877c-4143-452f-ab4d-589327eb2715)] -> xpath: //p//word], [[FirefoxDriver: firefox on LINUX (358f877c-4143-452f-ab4d-589327eb2715)] -> xpath: //p//word], [[FirefoxDriver: firefox on LINUX (358f877c-4143-452f-ab4d-589327eb2715)] -> xpath: //p//word], [[FirefoxDriver: firefox on LINUX (358f877c-4143-452f-ab4d-589327eb2715)] -> xpath: //p//word], [[FirefoxDriver: firefox on LINUX (358f877c-4143-452f-ab4d-589327eb2715)] -> xpath: //p//word], [[FirefoxDriver: firefox on LINUX (358f877c-4143-452f-ab4d-589327eb2715)] -> xpath: //p//word], [[FirefoxDriver: firefox on LINUX (358f877c-4143-452f-ab4d-589327eb2715)] -> xpath: //p//word], [[FirefoxDriver: firefox on LINUX (358f877c-4143-452f-ab4d-589327eb2715)] -> xpath: //p//word], [[FirefoxDriver: firefox on LINUX (358f877c-4143-452f-ab4d-589327eb2715)] -> xpath: //p//word], [[FirefoxDriver: firefox on LINUX (358f877c-4143-452f-ab4d-589327eb2715)] -> xpath: //p//word], [[FirefoxDriver: firefox on LINUX (358f877c-4143-452f-ab4d-589327eb2715)] -> xpath: //p//word], [[FirefoxDriver: firefox on LINUX (358f877c-4143-452f-ab4d-589327eb2715)] -> xpath: //p//word], [[FirefoxDriver: firefox on LINUX (358f877c-4143-452f-ab4d-589327eb2715)] -> xpath: //p//word], [[FirefoxDriver: firefox on LINUX (358f877c-4143-452f-ab4d-589327eb2715)] -> xpath: //p//word], [[FirefoxDriver: firefox on LINUX (358f877c-4143-452f-ab4d-589327eb2715)] -> xpath: //p//word], [[FirefoxDriver: firefox on LINUX (358f877c-4143-452f-ab4d-589327eb2715)] -> xpath: //p//word], [[FirefoxDriver: firefox on LINUX (358f877c-4143-452f-ab4d-589327eb2715)] -> xpath: //p//word], [[FirefoxDriver: firefox on LINUX (358f877c-4143-452f-ab4d-589327eb2715)] -> xpath: //p//word], [[FirefoxDriver: firefox on LINUX (358f877c-4143-452f-ab4d-589327eb2715)] -> xpath: //p//word], [[FirefoxDriver: firefox on LINUX (358f877c-4143-452f-ab4d-589327eb2715)] -> xpath: //p//word], [[FirefoxDriver: firefox on LINUX (358f877c-4143-452f-ab4d-589327eb2715)] -> xpath: //p//word], [[FirefoxDriver: firefox on LINUX (358f877c-4143-452f-ab4d-589327eb2715)] -> xpath: //p//word], [[FirefoxDriver: firefox on LINUX (358f877c-4143-452f-ab4d-589327eb2715)] -> xpath: //p//word], [[FirefoxDriver: firefox on LINUX (358f877c-4143-452f-ab4d-589327eb2715)] -> xpath: //p//word], [[FirefoxDriver: firefox on LINUX (358f877c-4143-452f-ab4d-589327eb2715)] -> xpath: //p//word], [[FirefoxDriver: firefox on LINUX (358f877c-4143-452f-ab4d-589327eb2715)] -> xpath: //p//word], [[FirefoxDriver: firefox on LINUX (358f877c-4143-452f-ab4d-589327eb2715)] -> xpath: //p//word], [[FirefoxDriver: firefox on LINUX (358f877c-4143-452f-ab4d-589327eb2715)] -> xpath: //p//word], [[FirefoxDriver: firefox on LINUX (358f877c-4143-452f-ab4d-589327eb2715)] -> xpath: //p//word], [[FirefoxDriver: firefox on LINUX (358f877c-4143-452f-ab4d-589327eb2715)] -> xpath: //p//word], [[FirefoxDriver: firefox on LINUX (358f877c-4143-452f-ab4d-589327eb2715)] -> xpath: //p//word], [[FirefoxDriver: firefox on LINUX (358f877c-4143-452f-ab4d-589327eb2715)] -> xpath: //p//word], [[FirefoxDriver: firefox on LINUX (358f877c-4143-452f-ab4d-589327eb2715)] -> xpath: //p//word], [[FirefoxDriver: firefox on LINUX (358f877c-4143-452f-ab4d-589327eb2715)] -> xpath: //p//word], [[FirefoxDriver: firefox on LINUX (358f877c-4143-452f-ab4d-589327eb2715)] -> xpath: //p//word], [[FirefoxDriver: firefox on LINUX (358f877c-4143-452f-ab4d-589327eb2715)] -> xpath: //p//word], [[FirefoxDriver: firefox on LINUX (358f877c-4143-452f-ab4d-589327eb2715)] -> xpath: //p//word], [[FirefoxDriver: firefox on LINUX (358f877c-4143-452f-ab4d-589327eb2715)] -> xpath: //p//word], [[FirefoxDriver: firefox on LINUX (358f877c-4143-452f-ab4d-589327eb2715)] -> xpath: //p//word], [[FirefoxDriver: firefox on LINUX (358f877c-4143-452f-ab4d-589327eb2715)] -> xpath: //p//word], [[FirefoxDriver: firefox on LINUX (358f877c-4143-452f-ab4d-589327eb2715)] -> xpath: //p//word], [[FirefoxDriver: firefox on LINUX (358f877c-4143-452f-ab4d-589327eb2715)] -> xpath: //p//word], [[FirefoxDriver: firefox on LINUX (358f877c-4143-452f-ab4d-589327eb2715)] -> xpath: //p//word], [[FirefoxDriver: firefox on LINUX (358f877c-4143-452f-ab4d-589327eb2715)] -> xpath: //p//word], [[FirefoxDriver: firefox on LINUX (358f877c-4143-452f-ab4d-589327eb2715)] -> xpath: //p//word], [[FirefoxDriver: firefox on LINUX (358f877c-4143-452f-ab4d-589327eb2715)] -> xpath: //p//word], [[FirefoxDriver: firefox on LINUX (358f877c-4143-452f-ab4d-589327eb2715)] -> xpath: //p//word], [[FirefoxDriver: firefox on LINUX (358f877c-4143-452f-ab4d-589327eb2715)] -> xpath: //p//word], [[FirefoxDriver: firefox on LINUX (358f877c-4143-452f-ab4d-589327eb2715)] -> xpath: //p//word], [[FirefoxDriver: firefox on LINUX (358f877c-4143-452f-ab4d-589327eb2715)] -> xpath: //p//word], [[FirefoxDriver: firefox on LINUX (358f877c-4143-452f-ab4d-589327eb2715)] -> xpath: //p//word], [[FirefoxDriver: firefox on LINUX (358f877c-4143-452f-ab4d-589327eb2715)] -> xpath: //p//word], [[FirefoxDriver: firefox on LINUX (358f877c-4143-452f-ab4d-589327eb2715)] -> xpath: //p//word], [[FirefoxDriver: firefox on LINUX (358f877c-4143-452f-ab4d-589327eb2715)] -> xpath: //p//word], [[FirefoxDriver: firefox on LINUX (358f877c-4143-452f-ab4d-589327eb2715)] -> xpath: //p//word], [[FirefoxDriver: firefox on LINUX (358f877c-4143-452f-ab4d-589327eb2715)] -> xpath: //p//word], [[FirefoxDriver: firefox on LINUX (358f877c-4143-452f-ab4d-589327eb2715)] -> xpath: //p//word], [[FirefoxDriver: firefox on LINUX (358f877c-4143-452f-ab4d-589327eb2715)] -> xpath: //p//word], [[FirefoxDriver: firefox on LINUX (358f877c-4143-452f-ab4d-589327eb2715)] -> xpath: //p//word], [[FirefoxDriver: firefox on LINUX (358f877c-4143-452f-ab4d-589327eb2715)] -> xpath: //p//word], [[FirefoxDriver: firefox on LINUX (358f877c-4143-452f-ab4d-589327eb2715)] -> xpath: //p//word], [[FirefoxDriver: firefox on LINUX (358f877c-4143-452f-ab4d-589327eb2715)] -> xpath: //p//word], [[FirefoxDriver: firefox on LINUX (358f877c-4143-452f-ab4d-589327eb2715)] -> xpath: //p//word], [[FirefoxDriver: firefox on LINUX (358f877c-4143-452f-ab4d-589327eb2715)] -> xpath: //p//word], [[FirefoxDriver: firefox on LINUX (358f877c-4143-452f-ab4d-589327eb2715)] -> xpath: //p//word], [[FirefoxDriver: firefox on LINUX (358f877c-4143-452f-ab4d-589327eb2715)] -> xpath: //p//word], [[FirefoxDriver: firefox on LINUX (358f877c-4143-452f-ab4d-589327eb2715)] -> xpath: //p//word], [[FirefoxDriver: firefox on LINUX (358f877c-4143-452f-ab4d-589327eb2715)] -> xpath: //p//word], [[FirefoxDriver: firefox on LINUX (358f877c-4143-452f-ab4d-589327eb2715)] -> xpath: //p//word], [[FirefoxDriver: firefox on LINUX (358f877c-4143-452f-ab4d-589327eb2715)] -> xpath: //p//word], [[FirefoxDriver: firefox on LINUX (358f877c-4143-452f-ab4d-589327eb2715)] -> xpath: //p//word], [[FirefoxDriver: firefox on LINUX (358f877c-4143-452f-ab4d-589327eb2715)] -> xpath: //p//word], [[FirefoxDriver: firefox on LINUX (358f877c-4143-452f-ab4d-589327eb2715)] -> xpath: //p//word], [[FirefoxDriver: firefox on LINUX (358f877c-4143-452f-ab4d-589327eb2715)] -> xpath: //p//word], [[FirefoxDriver: firefox on LINUX (358f877c-4143-452f-ab4d-589327eb2715)] -> xpath: //p//word], [[FirefoxDriver: firefox on LINUX (358f877c-4143-452f-ab4d-589327eb2715)] -> xpath: //p//word], [[FirefoxDriver: firefox on LINUX (358f877c-4143-452f-ab4d-589327eb2715)] -> xpath: //p//word], [[FirefoxDriver: firefox on LINUX (358f877c-4143-452f-ab4d-589327eb2715)] -> xpath: //p//word], [[FirefoxDriver: firefox on LINUX (358f877c-4143-452f-ab4d-589327eb2715)] -> xpath: //p//word], [[FirefoxDriver: firefox on LINUX (358f877c-4143-452f-ab4d-589327eb2715)] -> xpath: //p//word], [[FirefoxDriver: firefox on LINUX (358f877c-4143-452f-ab4d-589327eb2715)] -> xpath: //p//word], [[FirefoxDriver: firefox on LINUX (358f877c-4143-452f-ab4d-589327eb2715)] -> xpath: //p//word], [[FirefoxDriver: firefox on LINUX (358f877c-4143-452f-ab4d-589327eb2715)] -> xpath: //p//word], [[FirefoxDriver: firefox on LINUX (358f877c-4143-452f-ab4d-589327eb2715)] -> xpath: //p//word], [[FirefoxDriver: firefox on LINUX (358f877c-4143-452f-ab4d-589327eb2715)] -> xpath: //p//word], [[FirefoxDriver: firefox on LINUX (358f877c-4143-452f-ab4d-589327eb2715)] -> xpath: //p//word], [[FirefoxDriver: firefox on LINUX (358f877c-4143-452f-ab4d-589327eb2715)] -> xpath: //p//word], [[FirefoxDriver: firefox on LINUX (358f877c-4143-452f-ab4d-589327eb2715)] -> xpath: //p//word], [[FirefoxDriver: firefox on LINUX (358f877c-4143-452f-ab4d-589327eb2715)] -> xpath: //p//word], [[FirefoxDriver: firefox on LINUX (358f877c-4143-452f-ab4d-589327eb2715)] -> xpath: //p//word], [[FirefoxDriver: firefox on LINUX (358f877c-4143-452f-ab4d-589327eb2715)] -> xpath: //p//word], [[FirefoxDriver: firefox on LINUX (358f877c-4143-452f-ab4d-589327eb2715)] -> xpath: //p//word], [[FirefoxDriver: firefox on LINUX (358f877c-4143-452f-ab4d-589327eb2715)] -> xpath: //p//word], [[FirefoxDriver: firefox on LINUX (358f877c-4143-452f-ab4d-589327eb2715)] -> xpath: //p//word], [[FirefoxDriver: firefox on LINUX (358f877c-4143-452f-ab4d-589327eb2715)] -> xpath: //p//word], [[FirefoxDriver: firefox on LINUX (358f877c-4143-452f-ab4d-589327eb2715)] -> xpath: //p//word], [[FirefoxDriver: firefox on LINUX (358f877c-4143-452f-ab4d-589327eb2715)] -> xpath: //p//word], [[FirefoxDriver: firefox on LINUX (358f877c-4143-452f-ab4d-589327eb2715)] -> xpath: //p//word], [[FirefoxDriver: firefox on LINUX (358f877c-4143-452f-ab4d-589327eb2715)] -> xpath: //p//word], [[FirefoxDriver: firefox on LINUX (358f877c-4143-452f-ab4d-589327eb2715)] -> xpath: //p//word], [[FirefoxDriver: firefox on LINUX (358f877c-4143-452f-ab4d-589327eb2715)] -> xpath: //p//word], [[FirefoxDriver: firefox on LINUX (358f877c-4143-452f-ab4d-589327eb2715)] -> xpath: //p//word], [[FirefoxDriver: firefox on LINUX (358f877c-4143-452f-ab4d-589327eb2715)] -> xpath: //p//word], [[FirefoxDriver: firefox on LINUX (358f877c-4143-452f-ab4d-589327eb2715)] -> xpath: //p//word], [[FirefoxDriver: firefox on LINUX (358f877c-4143-452f-ab4d-589327eb2715)] -> xpath: //p//word], [[FirefoxDriver: firefox on LINUX (358f877c-4143-452f-ab4d-589327eb2715)] -> xpath: //p//word], [[FirefoxDriver: firefox on LINUX (358f877c-4143-452f-ab4d-589327eb2715)] -> xpath: //p//word], [[FirefoxDriver: firefox on LINUX (358f877c-4143-452f-ab4d-589327eb2715)] -> xpath: //p//word], [[FirefoxDriver: firefox on LINUX (358f877c-4143-452f-ab4d-589327eb2715)] -> xpath: //p//word], [[FirefoxDriver: firefox on LINUX (358f877c-4143-452f-ab4d-589327eb2715)] -> xpath: //p//word], [[FirefoxDriver: firefox on LINUX (358f877c-4143-452f-ab4d-589327eb2715)] -> xpath: //p//word], [[FirefoxDriver: firefox on LINUX (358f877c-4143-452f-ab4d-589327eb2715)] -> xpath: //p//word], [[FirefoxDriver: firefox on LINUX (358f877c-4143-452f-ab4d-589327eb2715)] -> xpath: //p//word], [[FirefoxDriver: firefox on LINUX (358f877c-4143-452f-ab4d-589327eb2715)] -> xpath: //p//word], [[FirefoxDriver: firefox on LINUX (358f877c-4143-452f-ab4d-589327eb2715)] -> xpath: //p//word], [[FirefoxDriver: firefox on LINUX (358f877c-4143-452f-ab4d-589327eb2715)] -> xpath: //p//word], [[FirefoxDriver: firefox on LINUX (358f877c-4143-452f-ab4d-589327eb2715)] -> xpath: //p//word], [[FirefoxDriver: firefox on LINUX (358f877c-4143-452f-ab4d-589327eb2715)] -> xpath: //p//word], [[FirefoxDriver: firefox on LINUX (358f877c-4143-452f-ab4d-589327eb2715)] -> xpath: //p//word], [[FirefoxDriver: firefox on LINUX (358f877c-4143-452f-ab4d-589327eb2715)] -> xpath: //p//word], [[FirefoxDriver: firefox on LINUX (358f877c-4143-452f-ab4d-589327eb2715)] -> xpath: //p//word], [[FirefoxDriver: firefox on LINUX (358f877c-4143-452f-ab4d-589327eb2715)] -> xpath: //p//word], [[FirefoxDriver: firefox on LINUX (358f877c-4143-452f-ab4d-589327eb2715)] -> xpath: //p//word], [[FirefoxDriver: firefox on LINUX (358f877c-4143-452f-ab4d-589327eb2715)] -> xpath: //p//word], [[FirefoxDriver: firefox on LINUX (358f877c-4143-452f-ab4d-589327eb2715)] -> xpath: //p//word], [[FirefoxDriver: firefox on LINUX (358f877c-4143-452f-ab4d-589327eb2715)] -> xpath: //p//word], [[FirefoxDriver: firefox on LINUX (358f877c-4143-452f-ab4d-589327eb2715)] -> xpath: //p//word], [[FirefoxDriver: firefox on LINUX (358f877c-4143-452f-ab4d-589327eb2715)] -> xpath: //p//word], [[FirefoxDriver: firefox on LINUX (358f877c-4143-452f-ab4d-589327eb2715)] -> xpath: //p//word], [[FirefoxDriver: firefox on LINUX (358f877c-4143-452f-ab4d-589327eb2715)] -> xpath: //p//word], [[FirefoxDriver: firefox on LINUX (358f877c-4143-452f-ab4d-589327eb2715)] -> xpath: //p//word], [[FirefoxDriver: firefox on LINUX (358f877c-4143-452f-ab4d-589327eb2715)] -> xpath: //p//word], [[FirefoxDriver: firefox on LINUX (358f877c-4143-452f-ab4d-589327eb2715)] -> xpath: //p//word], [[FirefoxDriver: firefox on LINUX (358f877c-4143-452f-ab4d-589327eb2715)] -> xpath: //p//word], [[FirefoxDriver: firefox on LINUX (358f877c-4143-452f-ab4d-589327eb2715)] -> xpath: //p//word], [[FirefoxDriver: firefox on LINUX (358f877c-4143-452f-ab4d-589327eb2715)] -> xpath: //p//word], [[FirefoxDriver: firefox on LINUX (358f877c-4143-452f-ab4d-589327eb2715)] -> xpath: //p//word], [[FirefoxDriver: firefox on LINUX (358f877c-4143-452f-ab4d-589327eb2715)] -> xpath: //p//word], [[FirefoxDriver: firefox on LINUX (358f877c-4143-452f-ab4d-589327eb2715)] -> xpath: //p//word], [[FirefoxDriver: firefox on LINUX (358f877c-4143-452f-ab4d-589327eb2715)] -> xpath: //p//word], [[FirefoxDriver: firefox on LINUX (358f877c-4143-452f-ab4d-589327eb2715)] -> xpath: //p//word], [[FirefoxDriver: firefox on LINUX (358f877c-4143-452f-ab4d-589327eb2715)] -> xpath: //p//word], [[FirefoxDriver: firefox on LINUX (358f877c-4143-452f-ab4d-589327eb2715)] -> xpath: //p//word], [[FirefoxDriver: firefox on LINUX (358f877c-4143-452f-ab4d-589327eb2715)] -> xpath: //p//word], [[FirefoxDriver: firefox on LINUX (358f877c-4143-452f-ab4d-589327eb2715)] -> xpath: //p//word], [[FirefoxDriver: firefox on LINUX (358f877c-4143-452f-ab4d-589327eb2715)] -> xpath: //p//word], [[FirefoxDriver: firefox on LINUX (358f877c-4143-452f-ab4d-589327eb2715)] -> xpath: //p//word], [[FirefoxDriver: firefox on LINUX (358f877c-4143-452f-ab4d-589327eb2715)] -> xpath: //p//word], [[FirefoxDriver: firefox on LINUX (358f877c-4143-452f-ab4d-589327eb2715)] -> xpath: //p//word], [[FirefoxDriver: firefox on LINUX (358f877c-4143-452f-ab4d-589327eb2715)] -> xpath: //p//word], [[FirefoxDriver: firefox on LINUX (358f877c-4143-452f-ab4d-589327eb2715)] -> xpath: //p//word], [[FirefoxDriver: firefox on LINUX (358f877c-4143-452f-ab4d-589327eb2715)] -> xpath: //p//word], [[FirefoxDriver: firefox on LINUX (358f877c-4143-452f-ab4d-589327eb2715)] -> xpath: //p//word], [[FirefoxDriver: firefox on LINUX (358f877c-4143-452f-ab4d-589327eb2715)] -> xpath: //p//word], [[FirefoxDriver: firefox on LINUX (358f877c-4143-452f-ab4d-589327eb2715)] -> xpath: //p//word], [[FirefoxDriver: firefox on LINUX (358f877c-4143-452f-ab4d-589327eb2715)] -> xpath: //p//word], [[FirefoxDriver: firefox on LINUX (358f877c-4143-452f-ab4d-589327eb2715)] -> xpath: //p//word], [[FirefoxDriver: firefox on LINUX (358f877c-4143-452f-ab4d-589327eb2715)] -> xpath: //p//word], [[FirefoxDriver: firefox on LINUX (358f877c-4143-452f-ab4d-589327eb2715)] -> xpath: //p//word], [[FirefoxDriver: firefox on LINUX (358f877c-4143-452f-ab4d-589327eb2715)] -> xpath: //p//word], [[FirefoxDriver: firefox on LINUX (358f877c-4143-452f-ab4d-589327eb2715)] -> xpath: //p//word], [[FirefoxDriver: firefox on LINUX (358f877c-4143-452f-ab4d-589327eb2715)] -> xpath: //p//word], [[FirefoxDriver: firefox on LINUX (358f877c-4143-452f-ab4d-589327eb2715)] -> xpath: //p//word], [[FirefoxDriver: firefox on LINUX (358f877c-4143-452f-ab4d-589327eb2715)] -> xpath: //p//word], [[FirefoxDriver: firefox on LINUX (358f877c-4143-452f-ab4d-589327eb2715)] -> xpath: //p//word], [[FirefoxDriver: firefox on LINUX (358f877c-4143-452f-ab4d-589327eb2715)] -> xpath: //p//word], [[FirefoxDriver: firefox on LINUX (358f877c-4143-452f-ab4d-589327eb2715)] -> xpath: //p//word], [[FirefoxDriver: firefox on LINUX (358f877c-4143-452f-ab4d-589327eb2715)] -> xpath: //p//word], [[FirefoxDriver: firefox on LINUX (358f877c-4143-452f-ab4d-589327eb2715)] -> xpath: //p//word], [[FirefoxDriver: firefox on LINUX (358f877c-4143-452f-ab4d-589327eb2715)] -> xpath: //p//word], [[FirefoxDriver: firefox on LINUX (358f877c-4143-452f-ab4d-589327eb2715)] -> xpath: //p//word], [[FirefoxDriver: firefox on LINUX (358f877c-4143-452f-ab4d-589327eb2715)] -> xpath: //p//word], [[FirefoxDriver: firefox on LINUX (358f877c-4143-452f-ab4d-589327eb2715)] -> xpath: //p//word], [[FirefoxDriver: firefox on LINUX (358f877c-4143-452f-ab4d-589327eb2715)] -> xpath: //p//word], [[FirefoxDriver: firefox on LINUX (358f877c-4143-452f-ab4d-589327eb2715)] -> xpath: //p//word], [[FirefoxDriver: firefox on LINUX (358f877c-4143-452f-ab4d-589327eb2715)] -> xpath: //p//word], [[FirefoxDriver: firefox on LINUX (358f877c-4143-452f-ab4d-589327eb2715)] -> xpath: //p//word], [[FirefoxDriver: firefox on LINUX (358f877c-4143-452f-ab4d-589327eb2715)] -> xpath: //p//word], [[FirefoxDriver: firefox on LINUX (358f877c-4143-452f-ab4d-589327eb2715)] -> xpath: //p//word], [[FirefoxDriver: firefox on LINUX (358f877c-4143-452f-ab4d-589327eb2715)] -> xpath: //p//word], [[FirefoxDriver: firefox on LINUX (358f877c-4143-452f-ab4d-589327eb2715)] -> xpath: //p//word], [[FirefoxDriver: firefox on LINUX (358f877c-4143-452f-ab4d-589327eb2715)] -> xpath: //p//word], [[FirefoxDriver: firefox on LINUX (358f877c-4143-452f-ab4d-589327eb2715)] -> xpath: //p//word], [[FirefoxDriver: firefox on LINUX (358f877c-4143-452f-ab4d-589327eb2715)] -> xpath: //p//word], [[FirefoxDriver: firefox on LINUX (358f877c-4143-452f-ab4d-589327eb2715)] -> xpath: //p//word], [[FirefoxDriver: firefox on LINUX (358f877c-4143-452f-ab4d-589327eb2715)] -> xpath: //p//word], [[FirefoxDriver: firefox on LINUX (358f877c-4143-452f-ab4d-589327eb2715)] -> xpath: //p//word], [[FirefoxDriver: firefox on LINUX (358f877c-4143-452f-ab4d-589327eb2715)] -> xpath: //p//word], [[FirefoxDriver: firefox on LINUX (358f877c-4143-452f-ab4d-589327eb2715)] -> xpath: //p//word], [[FirefoxDriver: firefox on LINUX (358f877c-4143-452f-ab4d-589327eb2715)] -> xpath: //p//word], [[FirefoxDriver: firefox on LINUX (358f877c-4143-452f-ab4d-589327eb2715)] -> xpath: //p//word], [[FirefoxDriver: firefox on LINUX (358f877c-4143-452f-ab4d-589327eb2715)] -> xpath: //p//word], [[FirefoxDriver: firefox on LINUX (358f877c-4143-452f-ab4d-589327eb2715)] -> xpath: //p//word], [[FirefoxDriver: firefox on LINUX (358f877c-4143-452f-ab4d-589327eb2715)] -> xpath: //p//word], [[FirefoxDriver: firefox on LINUX (358f877c-4143-452f-ab4d-589327eb2715)] -> xpath: //p//word], [[FirefoxDriver: firefox on LINUX (358f877c-4143-452f-ab4d-589327eb2715)] -> xpath: //p//word], [[FirefoxDriver: firefox on LINUX (358f877c-4143-452f-ab4d-589327eb2715)] -> xpath: //p//word], [[FirefoxDriver: firefox on LINUX (358f877c-4143-452f-ab4d-589327eb2715)] -> xpath: //p//word], [[FirefoxDriver: firefox on LINUX (358f877c-4143-452f-ab4d-589327eb2715)] -> xpath: //p//word], [[FirefoxDriver: firefox on LINUX (358f877c-4143-452f-ab4d-589327eb2715)] -> xpath: //p//word], [[FirefoxDriver: firefox on LINUX (358f877c-4143-452f-ab4d-589327eb2715)] -> xpath: //p//word], [[FirefoxDriver: firefox on LINUX (358f877c-4143-452f-ab4d-589327eb2715)] -> xpath: //p//word], [[FirefoxDriver: firefox on LINUX (358f877c-4143-452f-ab4d-589327eb2715)] -> xpath: //p//word], [[FirefoxDriver: firefox on LINUX (358f877c-4143-452f-ab4d-589327eb2715)] -> xpath: //p//word], [[FirefoxDriver: firefox on LINUX (358f877c-4143-452f-ab4d-589327eb2715)] -> xpath: //p//word], [[FirefoxDriver: firefox on LINUX (358f877c-4143-452f-ab4d-589327eb2715)] -> xpath: //p//word], [[FirefoxDriver: firefox on LINUX (358f877c-4143-452f-ab4d-589327eb2715)] -> xpath: //p//word], [[FirefoxDriver: firefox on LINUX (358f877c-4143-452f-ab4d-589327eb2715)] -> xpath: //p//word], [[FirefoxDriver: firefox on LINUX (358f877c-4143-452f-ab4d-589327eb2715)] -> xpath: //p//word], [[FirefoxDriver: firefox on LINUX (358f877c-4143-452f-ab4d-589327eb2715)] -> xpath: //p//word], [[FirefoxDriver: firefox on LINUX (358f877c-4143-452f-ab4d-589327eb2715)] -> xpath: //p//word], [[FirefoxDriver: firefox on LINUX (358f877c-4143-452f-ab4d-589327eb2715)] -> xpath: //p//word], [[FirefoxDriver: firefox on LINUX (358f877c-4143-452f-ab4d-589327eb2715)] -> xpath: //p//word], [[FirefoxDriver: firefox on LINUX (358f877c-4143-452f-ab4d-589327eb2715)] -> xpath: //p//word], [[FirefoxDriver: firefox on LINUX (358f877c-4143-452f-ab4d-589327eb2715)] -> xpath: //p//word], [[FirefoxDriver: firefox on LINUX (358f877c-4143-452f-ab4d-589327eb2715)] -> xpath: //p//word], [[FirefoxDriver: firefox on LINUX (358f877c-4143-452f-ab4d-589327eb2715)] -> xpath: //p//word], [[FirefoxDriver: firefox on LINUX (358f877c-4143-452f-ab4d-589327eb2715)] -> xpath: //p//word], [[FirefoxDriver: firefox on LINUX (358f877c-4143-452f-ab4d-589327eb2715)] -> xpath: //p//word], [[FirefoxDriver: firefox on LINUX (358f877c-4143-452f-ab4d-589327eb2715)] -> xpath: //p//word], [[FirefoxDriver: firefox on LINUX (358f877c-4143-452f-ab4d-589327eb2715)] -> xpath: //p//word], [[FirefoxDriver: firefox on LINUX (358f877c-4143-452f-ab4d-589327eb2715)] -> xpath: //p//word], [[FirefoxDriver: firefox on LINUX (358f877c-4143-452f-ab4d-589327eb2715)] -> xpath: //p//word], [[FirefoxDriver: firefox on LINUX (358f877c-4143-452f-ab4d-589327eb2715)] -> xpath: //p//word], [[FirefoxDriver: firefox on LINUX (358f877c-4143-452f-ab4d-589327eb2715)] -> xpath: //p//word], [[FirefoxDriver: firefox on LINUX (358f877c-4143-452f-ab4d-589327eb2715)] -> xpath: //p//word], [[FirefoxDriver: firefox on LINUX (358f877c-4143-452f-ab4d-589327eb2715)] -> xpath: //p//word], [[FirefoxDriver: firefox on LINUX (358f877c-4143-452f-ab4d-589327eb2715)] -> xpath: //p//word], [[FirefoxDriver: firefox on LINUX (358f877c-4143-452f-ab4d-589327eb2715)] -> xpath: //p//word], [[FirefoxDriver: firefox on LINUX (358f877c-4143-452f-ab4d-589327eb2715)] -> xpath: //p//word], [[FirefoxDriver: firefox on LINUX (358f877c-4143-452f-ab4d-589327eb2715)] -> xpath: //p//word], [[FirefoxDriver: firefox on LINUX (358f877c-4143-452f-ab4d-589327eb2715)] -> xpath: //p//word], [[FirefoxDriver: firefox on LINUX (358f877c-4143-452f-ab4d-589327eb2715)] -> xpath: //p//word], [[FirefoxDriver: firefox on LINUX (358f877c-4143-452f-ab4d-589327eb2715)] -> xpath: //p//word], [[FirefoxDriver: firefox on LINUX (358f877c-4143-452f-ab4d-589327eb2715)] -> xpath: //p//word], [[FirefoxDriver: firefox on LINUX (358f877c-4143-452f-ab4d-589327eb2715)] -> xpath: //p//word], [[FirefoxDriver: firefox on LINUX (358f877c-4143-452f-ab4d-589327eb2715)] -> xpath: //p//word], [[FirefoxDriver: firefox on LINUX (358f877c-4143-452f-ab4d-589327eb2715)] -> xpath: //p//word], [[FirefoxDriver: firefox on LINUX (358f877c-4143-452f-ab4d-589327eb2715)] -> xpath: //p//word], [[FirefoxDriver: firefox on LINUX (358f877c-4143-452f-ab4d-589327eb2715)] -> xpath: //p//word], [[FirefoxDriver: firefox on LINUX (358f877c-4143-452f-ab4d-589327eb2715)] -> xpath: //p//word], [[FirefoxDriver: firefox on LINUX (358f877c-4143-452f-ab4d-589327eb2715)] -> xpath: //p//word], [[FirefoxDriver: firefox on LINUX (358f877c-4143-452f-ab4d-589327eb2715)] -> xpath: //p//word], [[FirefoxDriver: firefox on LINUX (358f877c-4143-452f-ab4d-589327eb2715)] -> xpath: //p//word], [[FirefoxDriver: firefox on LINUX (358f877c-4143-452f-ab4d-589327eb2715)] -> xpath: //p//word], [[FirefoxDriver: firefox on LINUX (358f877c-4143-452f-ab4d-589327eb2715)] -> xpath: //p//word], [[FirefoxDriver: firefox on LINUX (358f877c-4143-452f-ab4d-589327eb2715)] -> xpath: //p//word], [[FirefoxDriver: firefox on LINUX (358f877c-4143-452f-ab4d-589327eb2715)] -> xpath: //p//word], [[FirefoxDriver: firefox on LINUX (358f877c-4143-452f-ab4d-589327eb2715)] -> xpath: //p//word], [[FirefoxDriver: firefox on LINUX (358f877c-4143-452f-ab4d-589327eb2715)] -> xpath: //p//word], [[FirefoxDriver: firefox on LINUX (358f877c-4143-452f-ab4d-589327eb2715)] -> xpath: //p//word], [[FirefoxDriver: firefox on LINUX (358f877c-4143-452f-ab4d-589327eb2715)] -> xpath: //p//word], [[FirefoxDriver: firefox on LINUX (358f877c-4143-452f-ab4d-589327eb2715)] -> xpath: //p//word], [[FirefoxDriver: firefox on LINUX (358f877c-4143-452f-ab4d-589327eb2715)] -> xpath: //p//word], [[FirefoxDriver: firefox on LINUX (358f877c-4143-452f-ab4d-589327eb2715)] -> xpath: //p//word], [[FirefoxDriver: firefox on LINUX (358f877c-4143-452f-ab4d-589327eb2715)] -> xpath: //p//word], [[FirefoxDriver: firefox on LINUX (358f877c-4143-452f-ab4d-589327eb2715)] -> xpath: //p//word], [[FirefoxDriver: firefox on LINUX (358f877c-4143-452f-ab4d-589327eb2715)] -> xpath: //p//word], [[FirefoxDriver: firefox on LINUX (358f877c-4143-452f-ab4d-589327eb2715)] -> xpath: //p//word], [[FirefoxDriver: firefox on LINUX (358f877c-4143-452f-ab4d-589327eb2715)] -> xpath: //p//word], [[FirefoxDriver: firefox on LINUX (358f877c-4143-452f-ab4d-589327eb2715)] -> xpath: //p//word], [[FirefoxDriver: firefox on LINUX (358f877c-4143-452f-ab4d-589327eb2715)] -> xpath: //p//word], [[FirefoxDriver: firefox on LINUX (358f877c-4143-452f-ab4d-589327eb2715)] -> xpath: //p//word], [[FirefoxDriver: firefox on LINUX (358f877c-4143-452f-ab4d-589327eb2715)] -> xpath: //p//word], [[FirefoxDriver: firefox on LINUX (358f877c-4143-452f-ab4d-589327eb2715)] -> xpath: //p//word], [[FirefoxDriver: firefox on LINUX (358f877c-4143-452f-ab4d-589327eb2715)] -> xpath: //p//word], [[FirefoxDriver: firefox on LINUX (358f877c-4143-452f-ab4d-589327eb2715)] -> xpath: //p//word], [[FirefoxDriver: firefox on LINUX (358f877c-4143-452f-ab4d-589327eb2715)] -> xpath: //p//word], [[FirefoxDriver: firefox on LINUX (358f877c-4143-452f-ab4d-589327eb2715)] -> xpath: //p//word], [[FirefoxDriver: firefox on LINUX (358f877c-4143-452f-ab4d-589327eb2715)] -> xpath: //p//word], [[FirefoxDriver: firefox on LINUX (358f877c-4143-452f-ab4d-589327eb2715)] -> xpath: //p//word], [[FirefoxDriver: firefox on LINUX (358f877c-4143-452f-ab4d-589327eb2715)] -> xpath: //p//word], [[FirefoxDriver: firefox on LINUX (358f877c-4143-452f-ab4d-589327eb2715)] -> xpath: //p//word], [[FirefoxDriver: firefox on LINUX (358f877c-4143-452f-ab4d-589327eb2715)] -> xpath: //p//word], [[FirefoxDriver: firefox on LINUX (358f877c-4143-452f-ab4d-589327eb2715)] -> xpath: //p//word], [[FirefoxDriver: firefox on LINUX (358f877c-4143-452f-ab4d-589327eb2715)] -> xpath: //p//word], [[FirefoxDriver: firefox on LINUX (358f877c-4143-452f-ab4d-589327eb2715)] -> xpath: //p//word], [[FirefoxDriver: firefox on LINUX (358f877c-4143-452f-ab4d-589327eb2715)] -> xpath: //p//word], [[FirefoxDriver: firefox on LINUX (358f877c-4143-452f-ab4d-589327eb2715)] -> xpath: //p//word], [[FirefoxDriver: firefox on LINUX (358f877c-4143-452f-ab4d-589327eb2715)] -> xpath: //p//word], [[FirefoxDriver: firefox on LINUX (358f877c-4143-452f-ab4d-589327eb2715)] -> xpath: //p//word], [[FirefoxDriver: firefox on LINUX (358f877c-4143-452f-ab4d-589327eb2715)] -> xpath: //p//word], [[FirefoxDriver: firefox on LINUX (358f877c-4143-452f-ab4d-589327eb2715)] -> xpath: //p//word], [[FirefoxDriver: firefox on LINUX (358f877c-4143-452f-ab4d-589327eb2715)] -> xpath: //p//word], [[FirefoxDriver: firefox on LINUX (358f877c-4143-452f-ab4d-589327eb2715)] -> xpath: //p//word], [[FirefoxDriver: firefox on LINUX (358f877c-4143-452f-ab4d-589327eb2715)] -> xpath: //p//word], [[FirefoxDriver: firefox on LINUX (358f877c-4143-452f-ab4d-589327eb2715)] -> xpath: //p//word], [[FirefoxDriver: firefox on LINUX (358f877c-4143-452f-ab4d-589327eb2715)] -> xpath: //p//word], [[FirefoxDriver: firefox on LINUX (358f877c-4143-452f-ab4d-589327eb2715)] -> xpath: //p//word], [[FirefoxDriver: firefox on LINUX (358f877c-4143-452f-ab4d-589327eb2715)] -> xpath: //p//word], [[FirefoxDriver: firefox on LINUX (358f877c-4143-452f-ab4d-589327eb2715)] -> xpath: //p//word], [[FirefoxDriver: firefox on LINUX (358f877c-4143-452f-ab4d-589327eb2715)] -> xpath: //p//word], [[FirefoxDriver: firefox on LINUX (358f877c-4143-452f-ab4d-589327eb2715)] -> xpath: //p//word], [[FirefoxDriver: firefox on LINUX (358f877c-4143-452f-ab4d-589327eb2715)] -> xpath: //p//word], [[FirefoxDriver: firefox on LINUX (358f877c-4143-452f-ab4d-589327eb2715)] -> xpath: //p//word], [[FirefoxDriver: firefox on LINUX (358f877c-4143-452f-ab4d-589327eb2715)] -> xpath: //p//word], [[FirefoxDriver: firefox on LINUX (358f877c-4143-452f-ab4d-589327eb2715)] -> xpath: //p//word], [[FirefoxDriver: firefox on LINUX (358f877c-4143-452f-ab4d-589327eb2715)] -> xpath: //p//word], [[FirefoxDriver: firefox on LINUX (358f877c-4143-452f-ab4d-589327eb2715)] -> xpath: //p//word], [[FirefoxDriver: firefox on LINUX (358f877c-4143-452f-ab4d-589327eb2715)] -> xpath: //p//word], [[FirefoxDriver: firefox on LINUX (358f877c-4143-452f-ab4d-589327eb2715)] -> xpath: //p//word], [[FirefoxDriver: firefox on LINUX (358f877c-4143-452f-ab4d-589327eb2715)] -> xpath: //p//word], [[FirefoxDriver: firefox on LINUX (358f877c-4143-452f-ab4d-589327eb2715)] -> xpath: //p//word], [[FirefoxDriver: firefox on LINUX (358f877c-4143-452f-ab4d-589327eb2715)] -> xpath: //p//word], [[FirefoxDriver: firefox on LINUX (358f877c-4143-452f-ab4d-589327eb2715)] -> xpath: //p//word], [[FirefoxDriver: firefox on LINUX (358f877c-4143-452f-ab4d-589327eb2715)] -> xpath: //p//word], [[FirefoxDriver: firefox on LINUX (358f877c-4143-452f-ab4d-589327eb2715)] -> xpath: //p//word], [[FirefoxDriver: firefox on LINUX (358f877c-4143-452f-ab4d-589327eb2715)] -> xpath: //p//word], [[FirefoxDriver: firefox on LINUX (358f877c-4143-452f-ab4d-589327eb2715)] -> xpath: //p//word], [[FirefoxDriver: firefox on LINUX (358f877c-4143-452f-ab4d-589327eb2715)] -> xpath: //p//word], [[FirefoxDriver: firefox on LINUX (358f877c-4143-452f-ab4d-589327eb2715)] -> xpath: //p//word], [[FirefoxDriver: firefox on LINUX (358f877c-4143-452f-ab4d-589327eb2715)] -> xpath: //p//word], [[FirefoxDriver: firefox on LINUX (358f877c-4143-452f-ab4d-589327eb2715)] -> xpath: //p//word], [[FirefoxDriver: firefox on LINUX (358f877c-4143-452f-ab4d-589327eb2715)] -> xpath: //p//word], [[FirefoxDriver: firefox on LINUX (358f877c-4143-452f-ab4d-589327eb2715)] -> xpath: //p//word], [[FirefoxDriver: firefox on LINUX (358f877c-4143-452f-ab4d-589327eb2715)] -> xpath: //p//word], [[FirefoxDriver: firefox on LINUX (358f877c-4143-452f-ab4d-589327eb2715)] -> xpath: //p//word], [[FirefoxDriver: firefox on LINUX (358f877c-4143-452f-ab4d-589327eb2715)] -> xpath: //p//word], [[FirefoxDriver: firefox on LINUX (358f877c-4143-452f-ab4d-589327eb2715)] -> xpath: //p//word], [[FirefoxDriver: firefox on LINUX (358f877c-4143-452f-ab4d-589327eb2715)] -> xpath: //p//word], [[FirefoxDriver: firefox on LINUX (358f877c-4143-452f-ab4d-589327eb2715)] -> xpath: //p//word], [[FirefoxDriver: firefox on LINUX (358f877c-4143-452f-ab4d-589327eb2715)] -> xpath: //p//word], [[FirefoxDriver: firefox on LINUX (358f877c-4143-452f-ab4d-589327eb2715)] -> xpath: //p//word], [[FirefoxDriver: firefox on LINUX (358f877c-4143-452f-ab4d-589327eb2715)] -> xpath: //p//word], [[FirefoxDriver: firefox on LINUX (358f877c-4143-452f-ab4d-589327eb2715)] -> xpath: //p//word], [[FirefoxDriver: firefox on LINUX (358f877c-4143-452f-ab4d-589327eb2715)] -> xpath: //p//word], [[FirefoxDriver: firefox on LINUX (358f877c-4143-452f-ab4d-589327eb2715)] -> xpath: //p//word], [[FirefoxDriver: firefox on LINUX (358f877c-4143-452f-ab4d-589327eb2715)] -> xpath: //p//word], [[FirefoxDriver: firefox on LINUX (358f877c-4143-452f-ab4d-589327eb2715)] -> xpath: //p//word], [[FirefoxDriver: firefox on LINUX (358f877c-4143-452f-ab4d-589327eb2715)] -> xpath: //p//word], [[FirefoxDriver: firefox on LINUX (358f877c-4143-452f-ab4d-589327eb2715)] -> xpath: //p//word], [[FirefoxDriver: firefox on LINUX (358f877c-4143-452f-ab4d-589327eb2715)] -> xpath: //p//word], [[FirefoxDriver: firefox on LINUX (358f877c-4143-452f-ab4d-589327eb2715)] -> xpath: //p//word], [[FirefoxDriver: firefox on LINUX (358f877c-4143-452f-ab4d-589327eb2715)] -> xpath: //p//word], [[FirefoxDriver: firefox on LINUX (358f877c-4143-452f-ab4d-589327eb2715)] -> xpath: //p//word], [[FirefoxDriver: firefox on LINUX (358f877c-4143-452f-ab4d-589327eb2715)] -> xpath: //p//word], [[FirefoxDriver: firefox on LINUX (358f877c-4143-452f-ab4d-589327eb2715)] -> xpath: //p//word], [[FirefoxDriver: firefox on LINUX (358f877c-4143-452f-ab4d-589327eb2715)] -> xpath: //p//word], [[FirefoxDriver: firefox on LINUX (358f877c-4143-452f-ab4d-589327eb2715)] -> xpath: //p//word], [[FirefoxDriver: firefox on LINUX (358f877c-4143-452f-ab4d-589327eb2715)] -> xpath: //p//word], [[FirefoxDriver: firefox on LINUX (358f877c-4143-452f-ab4d-589327eb2715)] -> xpath: //p//word], [[FirefoxDriver: firefox on LINUX (358f877c-4143-452f-ab4d-589327eb2715)] -> xpath: //p//word], [[FirefoxDriver: firefox on LINUX (358f877c-4143-452f-ab4d-589327eb2715)] -> xpath: //p//word], [[FirefoxDriver: firefox on LINUX (358f877c-4143-452f-ab4d-589327eb2715)] -> xpath: //p//word], [[FirefoxDriver: firefox on LINUX (358f877c-4143-452f-ab4d-589327eb2715)] -> xpath: //p//word], [[FirefoxDriver: firefox on LINUX (358f877c-4143-452f-ab4d-589327eb2715)] -> xpath: //p//word], [[FirefoxDriver: firefox on LINUX (358f877c-4143-452f-ab4d-589327eb2715)] -> xpath: //p//word], [[FirefoxDriver: firefox on LINUX (358f877c-4143-452f-ab4d-589327eb2715)] -> xpath: //p//word], [[FirefoxDriver: firefox on LINUX (358f877c-4143-452f-ab4d-589327eb2715)] -> xpath: //p//word], [[FirefoxDriver: firefox on LINUX (358f877c-4143-452f-ab4d-589327eb2715)] -> xpath: //p//word], [[FirefoxDriver: firefox on LINUX (358f877c-4143-452f-ab4d-589327eb2715)] -> xpath: //p//word], [[FirefoxDriver: firefox on LINUX (358f877c-4143-452f-ab4d-589327eb2715)] -> xpath: //p//word], [[FirefoxDriver: firefox on LINUX (358f877c-4143-452f-ab4d-589327eb2715)] -> xpath: //p//word], [[FirefoxDriver: firefox on LINUX (358f877c-4143-452f-ab4d-589327eb2715)] -> xpath: //p//word], [[FirefoxDriver: firefox on LINUX (358f877c-4143-452f-ab4d-589327eb2715)] -> xpath: //p//word], [[FirefoxDriver: firefox on LINUX (358f877c-4143-452f-ab4d-589327eb2715)] -> xpath: //p//word], [[FirefoxDriver: firefox on LINUX (358f877c-4143-452f-ab4d-589327eb2715)] -> xpath: //p//word], [[FirefoxDriver: firefox on LINUX (358f877c-4143-452f-ab4d-589327eb2715)] -> xpath: //p//word], [[FirefoxDriver: firefox on LINUX (358f877c-4143-452f-ab4d-589327eb2715)] -> xpath: //p//word], [[FirefoxDriver: firefox on LINUX (358f877c-4143-452f-ab4d-589327eb2715)] -> xpath: //p//word], [[FirefoxDriver: firefox on LINUX (358f877c-4143-452f-ab4d-589327eb2715)] -> xpath: //p//word], [[FirefoxDriver: firefox on LINUX (358f877c-4143-452f-ab4d-589327eb2715)] -> xpath: //p//word], [[FirefoxDriver: firefox on LINUX (358f877c-4143-452f-ab4d-589327eb2715)] -> xpath: //p//word], [[FirefoxDriver: firefox on LINUX (358f877c-4143-452f-ab4d-589327eb2715)] -> xpath: //p//word], [[FirefoxDriver: firefox on LINUX (358f877c-4143-452f-ab4d-589327eb2715)] -> xpath: //p//word], [[FirefoxDriver: firefox on LINUX (358f877c-4143-452f-ab4d-589327eb2715)] -> xpath: //p//word], [[FirefoxDriver: firefox on LINUX (358f877c-4143-452f-ab4d-589327eb2715)] -> xpath: //p//word], [[FirefoxDriver: firefox on LINUX (358f877c-4143-452f-ab4d-589327eb2715)] -> xpath: //p//word], [[FirefoxDriver: firefox on LINUX (358f877c-4143-452f-ab4d-589327eb2715)] -> xpath: //p//word], [[FirefoxDriver: firefox on LINUX (358f877c-4143-452f-ab4d-589327eb2715)] -> xpath: //p//word], [[FirefoxDriver: firefox on LINUX (358f877c-4143-452f-ab4d-589327eb2715)] -> xpath: //p//word], [[FirefoxDriver: firefox on LINUX (358f877c-4143-452f-ab4d-589327eb2715)] -> xpath: //p//word], [[FirefoxDriver: firefox on LINUX (358f877c-4143-452f-ab4d-589327eb2715)] -> xpath: //p//word], [[FirefoxDriver: firefox on LINUX (358f877c-4143-452f-ab4d-589327eb2715)] -> xpath: //p//word], [[FirefoxDriver: firefox on LINUX (358f877c-4143-452f-ab4d-589327eb2715)] -> xpath: //p//word], [[FirefoxDriver: firefox on LINUX (358f877c-4143-452f-ab4d-589327eb2715)] -> xpath: //p//word], [[FirefoxDriver: firefox on LINUX (358f877c-4143-452f-ab4d-589327eb2715)] -> xpath: //p//word], [[FirefoxDriver: firefox on LINUX (358f877c-4143-452f-ab4d-589327eb2715)] -> xpath: //p//word], [[FirefoxDriver: firefox on LINUX (358f877c-4143-452f-ab4d-589327eb2715)] -> xpath: //p//word], [[FirefoxDriver: firefox on LINUX (358f877c-4143-452f-ab4d-589327eb2715)] -> xpath: //p//word], [[FirefoxDriver: firefox on LINUX (358f877c-4143-452f-ab4d-589327eb2715)] -> xpath: //p//word], [[FirefoxDriver: firefox on LINUX (358f877c-4143-452f-ab4d-589327eb2715)] -> xpath: //p//word], [[FirefoxDriver: firefox on LINUX (358f877c-4143-452f-ab4d-589327eb2715)] -> xpath: //p//word], [[FirefoxDriver: firefox on LINUX (358f877c-4143-452f-ab4d-589327eb2715)] -> xpath: //p//word], [[FirefoxDriver: firefox on LINUX (358f877c-4143-452f-ab4d-589327eb2715)] -> xpath: //p//word], [[FirefoxDriver: firefox on LINUX (358f877c-4143-452f-ab4d-589327eb2715)] -> xpath: //p//word], [[FirefoxDriver: firefox on LINUX (358f877c-4143-452f-ab4d-589327eb2715)] -> xpath: //p//word], [[FirefoxDriver: firefox on LINUX (358f877c-4143-452f-ab4d-589327eb2715)] -> xpath: //p//word], [[FirefoxDriver: firefox on LINUX (358f877c-4143-452f-ab4d-589327eb2715)] -> xpath: //p//word], [[FirefoxDriver: firefox on LINUX (358f877c-4143-452f-ab4d-589327eb2715)] -> xpath: //p//word], [[FirefoxDriver: firefox on LINUX (358f877c-4143-452f-ab4d-589327eb2715)] -> xpath: //p//word], [[FirefoxDriver: firefox on LINUX (358f877c-4143-452f-ab4d-589327eb2715)] -> xpath: //p//word], [[FirefoxDriver: firefox on LINUX (358f877c-4143-452f-ab4d-589327eb2715)] -> xpath: //p//word], [[FirefoxDriver: firefox on LINUX (358f877c-4143-452f-ab4d-589327eb2715)] -> xpath: //p//word], [[FirefoxDriver: firefox on LINUX (358f877c-4143-452f-ab4d-589327eb2715)] -> xpath: //p//word], [[FirefoxDriver: firefox on LINUX (358f877c-4143-452f-ab4d-589327eb2715)] -> xpath: //p//word], [[FirefoxDriver: firefox on LINUX (358f877c-4143-452f-ab4d-589327eb2715)] -> xpath: //p//word], [[FirefoxDriver: firefox on LINUX (358f877c-4143-452f-ab4d-589327eb2715)] -> xpath: //p//word], [[FirefoxDriver: firefox on LINUX (358f877c-4143-452f-ab4d-589327eb2715)] -> xpath: //p//word], [[FirefoxDriver: firefox on LINUX (358f877c-4143-452f-ab4d-589327eb2715)] -> xpath: //p//word], [[FirefoxDriver: firefox on LINUX (358f877c-4143-452f-ab4d-589327eb2715)] -> xpath: //p//word], [[FirefoxDriver: firefox on LINUX (358f877c-4143-452f-ab4d-589327eb2715)] -> xpath: //p//word], [[FirefoxDriver: firefox on LINUX (358f877c-4143-452f-ab4d-589327eb2715)] -> xpath: //p//word], [[FirefoxDriver: firefox on LINUX (358f877c-4143-452f-ab4d-589327eb2715)] -> xpath: //p//word], [[FirefoxDriver: firefox on LINUX (358f877c-4143-452f-ab4d-589327eb2715)] -> xpath: //p//word], [[FirefoxDriver: firefox on LINUX (358f877c-4143-452f-ab4d-589327eb2715)] -> xpath: //p//word], [[FirefoxDriver: firefox on LINUX (358f877c-4143-452f-ab4d-589327eb2715)] -> xpath: //p//word], [[FirefoxDriver: firefox on LINUX (358f877c-4143-452f-ab4d-589327eb2715)] -> xpath: //p//word], [[FirefoxDriver: firefox on LINUX (358f877c-4143-452f-ab4d-589327eb2715)] -> xpath: //p//word], [[FirefoxDriver: firefox on LINUX (358f877c-4143-452f-ab4d-589327eb2715)] -> xpath: //p//word], [[FirefoxDriver: firefox on LINUX (358f877c-4143-452f-ab4d-589327eb2715)] -> xpath: //p//word], [[FirefoxDriver: firefox on LINUX (358f877c-4143-452f-ab4d-589327eb2715)] -> xpath: //p//word], [[FirefoxDriver: firefox on LINUX (358f877c-4143-452f-ab4d-589327eb2715)] -> xpath: //p//word], [[FirefoxDriver: firefox on LINUX (358f877c-4143-452f-ab4d-589327eb2715)] -> xpath: //p//word], [[FirefoxDriver: firefox on LINUX (358f877c-4143-452f-ab4d-589327eb2715)] -> xpath: //p//word], [[FirefoxDriver: firefox on LINUX (358f877c-4143-452f-ab4d-589327eb2715)] -> xpath: //p//word], [[FirefoxDriver: firefox on LINUX (358f877c-4143-452f-ab4d-589327eb2715)] -> xpath: //p//word], [[FirefoxDriver: firefox on LINUX (358f877c-4143-452f-ab4d-589327eb2715)] -> xpath: //p//word], [[FirefoxDriver: firefox on LINUX (358f877c-4143-452f-ab4d-589327eb2715)] -> xpath: //p//word], [[FirefoxDriver: firefox on LINUX (358f877c-4143-452f-ab4d-589327eb2715)] -> xpath: //p//word], [[FirefoxDriver: firefox on LINUX (358f877c-4143-452f-ab4d-589327eb2715)] -> xpath: //p//word], [[FirefoxDriver: firefox on LINUX (358f877c-4143-452f-ab4d-589327eb2715)] -> xpath: //p//word], [[FirefoxDriver: firefox on LINUX (358f877c-4143-452f-ab4d-589327eb2715)] -> xpath: //p//word], [[FirefoxDriver: firefox on LINUX (358f877c-4143-452f-ab4d-589327eb2715)] -> xpath: //p//word], [[FirefoxDriver: firefox on LINUX (358f877c-4143-452f-ab4d-589327eb2715)] -> xpath: //p//word], [[FirefoxDriver: firefox on LINUX (358f877c-4143-452f-ab4d-589327eb2715)] -> xpath: //p//word], [[FirefoxDriver: firefox on LINUX (358f877c-4143-452f-ab4d-589327eb2715)] -> xpath: //p//word], [[FirefoxDriver: firefox on LINUX (358f877c-4143-452f-ab4d-589327eb2715)] -> xpath: //p//word], [[FirefoxDriver: firefox on LINUX (358f877c-4143-452f-ab4d-589327eb2715)] -> xpath: //p//word], [[FirefoxDriver: firefox on LINUX (358f877c-4143-452f-ab4d-589327eb2715)] -> xpath: //p//word], [[FirefoxDriver: firefox on LINUX (358f877c-4143-452f-ab4d-589327eb2715)] -> xpath: //p//word], [[FirefoxDriver: firefox on LINUX (358f877c-4143-452f-ab4d-589327eb2715)] -> xpath: //p//word], [[FirefoxDriver: firefox on LINUX (358f877c-4143-452f-ab4d-589327eb2715)] -> xpath: //p//word], [[FirefoxDriver: firefox on LINUX (358f877c-4143-452f-ab4d-589327eb2715)] -> xpath: //p//word], [[FirefoxDriver: firefox on LINUX (358f877c-4143-452f-ab4d-589327eb2715)] -> xpath: //p//word], [[FirefoxDriver: firefox on LINUX (358f877c-4143-452f-ab4d-589327eb2715)] -> xpath: //p//word], [[FirefoxDriver: firefox on LINUX (358f877c-4143-452f-ab4d-589327eb2715)] -> xpath: //p//word], [[FirefoxDriver: firefox on LINUX (358f877c-4143-452f-ab4d-589327eb2715)] -> xpath: //p//word], [[FirefoxDriver: firefox on LINUX (358f877c-4143-452f-ab4d-589327eb2715)] -> xpath: //p//word], [[FirefoxDriver: firefox on LINUX (358f877c-4143-452f-ab4d-589327eb2715)] -> xpath: //p//word], [[FirefoxDriver: firefox on LINUX (358f877c-4143-452f-ab4d-589327eb2715)] -> xpath: //p//word], [[FirefoxDriver: firefox on LINUX (358f877c-4143-452f-ab4d-589327eb2715)] -> xpath: //p//word], [[FirefoxDriver: firefox on LINUX (358f877c-4143-452f-ab4d-589327eb2715)] -> xpath: //p//word], [[FirefoxDriver: firefox on LINUX (358f877c-4143-452f-ab4d-589327eb2715)] -> xpath: //p//word], [[FirefoxDriver: firefox on LINUX (358f877c-4143-452f-ab4d-589327eb2715)] -> xpath: //p//word], [[FirefoxDriver: firefox on LINUX (358f877c-4143-452f-ab4d-589327eb2715)] -> xpath: //p//word], [[FirefoxDriver: firefox on LINUX (358f877c-4143-452f-ab4d-589327eb2715)] -> xpath: //p//word], [[FirefoxDriver: firefox on LINUX (358f877c-4143-452f-ab4d-589327eb2715)] -> xpath: //p//word], [[FirefoxDriver: firefox on LINUX (358f877c-4143-452f-ab4d-589327eb2715)] -> xpath: //p//word], [[FirefoxDriver: firefox on LINUX (358f877c-4143-452f-ab4d-589327eb2715)] -> xpath: //p//word], [[FirefoxDriver: firefox on LINUX (358f877c-4143-452f-ab4d-589327eb2715)] -> xpath: //p//word], [[FirefoxDriver: firefox on LINUX (358f877c-4143-452f-ab4d-589327eb2715)] -> xpath: //p//word], [[FirefoxDriver: firefox on LINUX (358f877c-4143-452f-ab4d-589327eb2715)] -> xpath: //p//word], [[FirefoxDriver: firefox on LINUX (358f877c-4143-452f-ab4d-589327eb2715)] -> xpath: //p//word], [[FirefoxDriver: firefox on LINUX (358f877c-4143-452f-ab4d-589327eb2715)] -> xpath: //p//word], [[FirefoxDriver: firefox on LINUX (358f877c-4143-452f-ab4d-589327eb2715)] -> xpath: //p//word], [[FirefoxDriver: firefox on LINUX (358f877c-4143-452f-ab4d-589327eb2715)] -> xpath: //p//word], [[FirefoxDriver: firefox on LINUX (358f877c-4143-452f-ab4d-589327eb2715)] -> xpath: //p//word], [[FirefoxDriver: firefox on LINUX (358f877c-4143-452f-ab4d-589327eb2715)] -> xpath: //p//word], [[FirefoxDriver: firefox on LINUX (358f877c-4143-452f-ab4d-589327eb2715)] -> xpath: //p//word], [[FirefoxDriver: firefox on LINUX (358f877c-4143-452f-ab4d-589327eb2715)] -> xpath: //p//word], [[FirefoxDriver: firefox on LINUX (358f877c-4143-452f-ab4d-589327eb2715)] -> xpath: //p//word], [[FirefoxDriver: firefox on LINUX (358f877c-4143-452f-ab4d-589327eb2715)] -> xpath: //p//word], [[FirefoxDriver: firefox on LINUX (358f877c-4143-452f-ab4d-589327eb2715)] -> xpath: //p//word], [[FirefoxDriver: firefox on LINUX (358f877c-4143-452f-ab4d-589327eb2715)] -> xpath: //p//word], [[FirefoxDriver: firefox on LINUX (358f877c-4143-452f-ab4d-589327eb2715)] -> xpath: //p//word], [[FirefoxDriver: firefox on LINUX (358f877c-4143-452f-ab4d-589327eb2715)] -> xpath: //p//word], [[FirefoxDriver: firefox on LINUX (358f877c-4143-452f-ab4d-589327eb2715)] -> xpath: //p//word], [[FirefoxDriver: firefox on LINUX (358f877c-4143-452f-ab4d-589327eb2715)] -> xpath: //p//word], [[FirefoxDriver: firefox on LINUX (358f877c-4143-452f-ab4d-589327eb2715)] -> xpath: //p//word], [[FirefoxDriver: firefox on LINUX (358f877c-4143-452f-ab4d-589327eb2715)] -> xpath: //p//word], [[FirefoxDriver: firefox on LINUX (358f877c-4143-452f-ab4d-589327eb2715)] -> xpath: //p//word], [[FirefoxDriver: firefox on LINUX (358f877c-4143-452f-ab4d-589327eb2715)] -> xpath: //p//word], [[FirefoxDriver: firefox on LINUX (358f877c-4143-452f-ab4d-589327eb2715)] -> xpath: //p//word], [[FirefoxDriver: firefox on LINUX (358f877c-4143-452f-ab4d-589327eb2715)] -> xpath: //p//word], [[FirefoxDriver: firefox on LINUX (358f877c-4143-452f-ab4d-589327eb2715)] -> xpath: //p//word], [[FirefoxDriver: firefox on LINUX (358f877c-4143-452f-ab4d-589327eb2715)] -> xpath: //p//word], [[FirefoxDriver: firefox on LINUX (358f877c-4143-452f-ab4d-589327eb2715)] -> xpath: //p//word], [[FirefoxDriver: firefox on LINUX (358f877c-4143-452f-ab4d-589327eb2715)] -> xpath: //p//word], [[FirefoxDriver: firefox on LINUX (358f877c-4143-452f-ab4d-589327eb2715)] -> xpath: //p//word], [[FirefoxDriver: firefox on LINUX (358f877c-4143-452f-ab4d-589327eb2715)] -> xpath: //p//word], [[FirefoxDriver: firefox on LINUX (358f877c-4143-452f-ab4d-589327eb2715)] -> xpath: //p//word], [[FirefoxDriver: firefox on LINUX (358f877c-4143-452f-ab4d-589327eb2715)] -> xpath: //p//word], [[FirefoxDriver: firefox on LINUX (358f877c-4143-452f-ab4d-589327eb2715)] -> xpath: //p//word], [[FirefoxDriver: firefox on LINUX (358f877c-4143-452f-ab4d-589327eb2715)] -> xpath: //p//word], [[FirefoxDriver: firefox on LINUX (358f877c-4143-452f-ab4d-589327eb2715)] -> xpath: //p//word], [[FirefoxDriver: firefox on LINUX (358f877c-4143-452f-ab4d-589327eb2715)] -> xpath: //p//word], [[FirefoxDriver: firefox on LINUX (358f877c-4143-452f-ab4d-589327eb2715)] -> xpath: //p//word], [[FirefoxDriver: firefox on LINUX (358f877c-4143-452f-ab4d-589327eb2715)] -> xpath: //p//word], [[FirefoxDriver: firefox on LINUX (358f877c-4143-452f-ab4d-589327eb2715)] -> xpath: //p//word], [[FirefoxDriver: firefox on LINUX (358f877c-4143-452f-ab4d-589327eb2715)] -> xpath: //p//word], [[FirefoxDriver: firefox on LINUX (358f877c-4143-452f-ab4d-589327eb2715)] -> xpath: //p//word], [[FirefoxDriver: firefox on LINUX (358f877c-4143-452f-ab4d-589327eb2715)] -> xpath: //p//word], [[FirefoxDriver: firefox on LINUX (358f877c-4143-452f-ab4d-589327eb2715)] -> xpath: //p//word], [[FirefoxDriver: firefox on LINUX (358f877c-4143-452f-ab4d-589327eb2715)] -> xpath: //p//word], [[FirefoxDriver: firefox on LINUX (358f877c-4143-452f-ab4d-589327eb2715)] -> xpath: //p//word], [[FirefoxDriver: firefox on LINUX (358f877c-4143-452f-ab4d-589327eb2715)] -> xpath: //p//word], [[FirefoxDriver: firefox on LINUX (358f877c-4143-452f-ab4d-589327eb2715)] -> xpath: //p//word], [[FirefoxDriver: firefox on LINUX (358f877c-4143-452f-ab4d-589327eb2715)] -> xpath: //p//word], [[FirefoxDriver: firefox on LINUX (358f877c-4143-452f-ab4d-589327eb2715)] -> xpath: //p//word], [[FirefoxDriver: firefox on LINUX (358f877c-4143-452f-ab4d-589327eb2715)] -> xpath: //p//word], [[FirefoxDriver: firefox on LINUX (358f877c-4143-452f-ab4d-589327eb2715)] -> xpath: //p//word], [[FirefoxDriver: firefox on LINUX (358f877c-4143-452f-ab4d-589327eb2715)] -> xpath: //p//word], [[FirefoxDriver: firefox on LINUX (358f877c-4143-452f-ab4d-589327eb2715)] -> xpath: //p//word], [[FirefoxDriver: firefox on LINUX (358f877c-4143-452f-ab4d-589327eb2715)] -> xpath: //p//word], [[FirefoxDriver: firefox on LINUX (358f877c-4143-452f-ab4d-589327eb2715)] -> xpath: //p//word], [[FirefoxDriver: firefox on LINUX (358f877c-4143-452f-ab4d-589327eb2715)] -> xpath: //p//word], [[FirefoxDriver: firefox on LINUX (358f877c-4143-452f-ab4d-589327eb2715)] -> xpath: //p//word], [[FirefoxDriver: firefox on LINUX (358f877c-4143-452f-ab4d-589327eb2715)] -> xpath: //p//word], [[FirefoxDriver: firefox on LINUX (358f877c-4143-452f-ab4d-589327eb2715)] -> xpath: //p//word], [[FirefoxDriver: firefox on LINUX (358f877c-4143-452f-ab4d-589327eb2715)] -> xpath: //p//word], [[FirefoxDriver: firefox on LINUX (358f877c-4143-452f-ab4d-589327eb2715)] -> xpath: //p//word], [[FirefoxDriver: firefox on LINUX (358f877c-4143-452f-ab4d-589327eb2715)] -> xpath: //p//word], [[FirefoxDriver: firefox on LINUX (358f877c-4143-452f-ab4d-589327eb2715)] -> xpath: //p//word], [[FirefoxDriver: firefox on LINUX (358f877c-4143-452f-ab4d-589327eb2715)] -> xpath: //p//word], [[FirefoxDriver: firefox on LINUX (358f877c-4143-452f-ab4d-589327eb2715)] -> xpath: //p//word], [[FirefoxDriver: firefox on LINUX (358f877c-4143-452f-ab4d-589327eb2715)] -> xpath: //p//word], [[FirefoxDriver: firefox on LINUX (358f877c-4143-452f-ab4d-589327eb2715)] -> xpath: //p//word], [[FirefoxDriver: firefox on LINUX (358f877c-4143-452f-ab4d-589327eb2715)] -> xpath: //p//word], [[FirefoxDriver: firefox on LINUX (358f877c-4143-452f-ab4d-589327eb2715)] -> xpath: //p//word], [[FirefoxDriver: firefox on LINUX (358f877c-4143-452f-ab4d-589327eb2715)] -> xpath: //p//word], [[FirefoxDriver: firefox on LINUX (358f877c-4143-452f-ab4d-589327eb2715)] -> xpath: //p//word], [[FirefoxDriver: firefox on LINUX (358f877c-4143-452f-ab4d-589327eb2715)] -> xpath: //p//word], [[FirefoxDriver: firefox on LINUX (358f877c-4143-452f-ab4d-589327eb2715)] -> xpath: //p//word], [[FirefoxDriver: firefox on LINUX (358f877c-4143-452f-ab4d-589327eb2715)] -> xpath: //p//word], [[FirefoxDriver: firefox on LINUX (358f877c-4143-452f-ab4d-589327eb2715)] -> xpath: //p//word], [[FirefoxDriver: firefox on LINUX (358f877c-4143-452f-ab4d-589327eb2715)] -> xpath: //p//word], [[FirefoxDriver: firefox on LINUX (358f877c-4143-452f-ab4d-589327eb2715)] -> xpath: //p//word], [[FirefoxDriver: firefox on LINUX (358f877c-4143-452f-ab4d-589327eb2715)] -> xpath: //p//word], [[FirefoxDriver: firefox on LINUX (358f877c-4143-452f-ab4d-589327eb2715)] -> xpath: //p//word], [[FirefoxDriver: firefox on LINUX (358f877c-4143-452f-ab4d-589327eb2715)] -> xpath: //p//word], [[FirefoxDriver: firefox on LINUX (358f877c-4143-452f-ab4d-589327eb2715)] -> xpath: //p//word], [[FirefoxDriver: firefox on LINUX (358f877c-4143-452f-ab4d-589327eb2715)] -> xpath: //p//word], [[FirefoxDriver: firefox on LINUX (358f877c-4143-452f-ab4d-589327eb2715)] -> xpath: //p//word], [[FirefoxDriver: firefox on LINUX (358f877c-4143-452f-ab4d-589327eb2715)] -> xpath: //p//word], [[FirefoxDriver: firefox on LINUX (358f877c-4143-452f-ab4d-589327eb2715)] -> xpath: //p//word], [[FirefoxDriver: firefox on LINUX (358f877c-4143-452f-ab4d-589327eb2715)] -> xpath: //p//word], [[FirefoxDriver: firefox on LINUX (358f877c-4143-452f-ab4d-589327eb2715)] -> xpath: //p//word], [[FirefoxDriver: firefox on LINUX (358f877c-4143-452f-ab4d-589327eb2715)] -> xpath: //p//word], [[FirefoxDriver: firefox on LINUX (358f877c-4143-452f-ab4d-589327eb2715)] -> xpath: //p//word], [[FirefoxDriver: firefox on LINUX (358f877c-4143-452f-ab4d-589327eb2715)] -> xpath: //p//word], [[FirefoxDriver: firefox on LINUX (358f877c-4143-452f-ab4d-589327eb2715)] -> xpath: //p//word], [[FirefoxDriver: firefox on LINUX (358f877c-4143-452f-ab4d-589327eb2715)] -> xpath: //p//word], [[FirefoxDriver: firefox on LINUX (358f877c-4143-452f-ab4d-589327eb2715)] -> xpath: //p//word], [[FirefoxDriver: firefox on LINUX (358f877c-4143-452f-ab4d-589327eb2715)] -> xpath: //p//word], [[FirefoxDriver: firefox on LINUX (358f877c-4143-452f-ab4d-589327eb2715)] -> xpath: //p//word], [[FirefoxDriver: firefox on LINUX (358f877c-4143-452f-ab4d-589327eb2715)] -> xpath: //p//word], [[FirefoxDriver: firefox on LINUX (358f877c-4143-452f-ab4d-589327eb2715)] -> xpath: //p//word], [[FirefoxDriver: firefox on LINUX (358f877c-4143-452f-ab4d-589327eb2715)] -> xpath: //p//word], [[FirefoxDriver: firefox on LINUX (358f877c-4143-452f-ab4d-589327eb2715)] -> xpath: //p//word], [[FirefoxDriver: firefox on LINUX (358f877c-4143-452f-ab4d-589327eb2715)] -> xpath: //p//word], [[FirefoxDriver: firefox on LINUX (358f877c-4143-452f-ab4d-589327eb2715)] -> xpath: //p//word], [[FirefoxDriver: firefox on LINUX (358f877c-4143-452f-ab4d-589327eb2715)] -> xpath: //p//word], [[FirefoxDriver: firefox on LINUX (358f877c-4143-452f-ab4d-589327eb2715)] -> xpath: //p//word], [[FirefoxDriver: firefox on LINUX (358f877c-4143-452f-ab4d-589327eb2715)] -> xpath: //p//word], [[FirefoxDriver: firefox on LINUX (358f877c-4143-452f-ab4d-589327eb2715)] -> xpath: //p//word], [[FirefoxDriver: firefox on LINUX (358f877c-4143-452f-ab4d-589327eb2715)] -> xpath: //p//word], [[FirefoxDriver: firefox on LINUX (358f877c-4143-452f-ab4d-589327eb2715)] -> xpath: //p//word], [[FirefoxDriver: firefox on LINUX (358f877c-4143-452f-ab4d-589327eb2715)] -> xpath: //p//word], [[FirefoxDriver: firefox on LINUX (358f877c-4143-452f-ab4d-589327eb2715)] -> xpath: //p//word], [[FirefoxDriver: firefox on LINUX (358f877c-4143-452f-ab4d-589327eb2715)] -> xpath: //p//word], [[FirefoxDriver: firefox on LINUX (358f877c-4143-452f-ab4d-589327eb2715)] -> xpath: //p//word], [[FirefoxDriver: firefox on LINUX (358f877c-4143-452f-ab4d-589327eb2715)] -> xpath: //p//word], [[FirefoxDriver: firefox on LINUX (358f877c-4143-452f-ab4d-589327eb2715)] -> xpath: //p//word], [[FirefoxDriver: firefox on LINUX (358f877c-4143-452f-ab4d-589327eb2715)] -> xpath: //p//word], [[FirefoxDriver: firefox on LINUX (358f877c-4143-452f-ab4d-589327eb2715)] -> xpath: //p//word], [[FirefoxDriver: firefox on LINUX (358f877c-4143-452f-ab4d-589327eb2715)] -> xpath: //p//word], [[FirefoxDriver: firefox on LINUX (358f877c-4143-452f-ab4d-589327eb2715)] -> xpath: //p//word], [[FirefoxDriver: firefox on LINUX (358f877c-4143-452f-ab4d-589327eb2715)] -> xpath: //p//word], [[FirefoxDriver: firefox on LINUX (358f877c-4143-452f-ab4d-589327eb2715)] -> xpath: //p//word], [[FirefoxDriver: firefox on LINUX (358f877c-4143-452f-ab4d-589327eb2715)] -> xpath: //p//word], [[FirefoxDriver: firefox on LINUX (358f877c-4143-452f-ab4d-589327eb2715)] -> xpath: //p//word], [[FirefoxDriver: firefox on LINUX (358f877c-4143-452f-ab4d-589327eb2715)] -> xpath: //p//word], [[FirefoxDriver: firefox on LINUX (358f877c-4143-452f-ab4d-589327eb2715)] -> xpath: //p//word], [[FirefoxDriver: firefox on LINUX (358f877c-4143-452f-ab4d-589327eb2715)] -> xpath: //p//word], [[FirefoxDriver: firefox on LINUX (358f877c-4143-452f-ab4d-589327eb2715)] -> xpath: //p//word], [[FirefoxDriver: firefox on LINUX (358f877c-4143-452f-ab4d-589327eb2715)] -> xpath: //p//word], [[FirefoxDriver: firefox on LINUX (358f877c-4143-452f-ab4d-589327eb2715)] -> xpath: //p//word], [[FirefoxDriver: firefox on LINUX (358f877c-4143-452f-ab4d-589327eb2715)] -> xpath: //p//word], [[FirefoxDriver: firefox on LINUX (358f877c-4143-452f-ab4d-589327eb2715)] -> xpath: //p//word], [[FirefoxDriver: firefox on LINUX (358f877c-4143-452f-ab4d-589327eb2715)] -> xpath: //p//word], [[FirefoxDriver: firefox on LINUX (358f877c-4143-452f-ab4d-589327eb2715)] -> xpath: //p//word], [[FirefoxDriver: firefox on LINUX (358f877c-4143-452f-ab4d-589327eb2715)] -> xpath: //p//word], [[FirefoxDriver: firefox on LINUX (358f877c-4143-452f-ab4d-589327eb2715)] -> xpath: //p//word], [[FirefoxDriver: firefox on LINUX (358f877c-4143-452f-ab4d-589327eb2715)] -> xpath: //p//word], [[FirefoxDriver: firefox on LINUX (358f877c-4143-452f-ab4d-589327eb2715)] -> xpath: //p//word], [[FirefoxDriver: firefox on LINUX (358f877c-4143-452f-ab4d-589327eb2715)] -> xpath: //p//word], [[FirefoxDriver: firefox on LINUX (358f877c-4143-452f-ab4d-589327eb2715)] -> xpath: //p//word], [[FirefoxDriver: firefox on LINUX (358f877c-4143-452f-ab4d-589327eb2715)] -> xpath: //p//word], [[FirefoxDriver: firefox on LINUX (358f877c-4143-452f-ab4d-589327eb2715)] -> xpath: //p//word], [[FirefoxDriver: firefox on LINUX (358f877c-4143-452f-ab4d-589327eb2715)] -> xpath: //p//word], [[FirefoxDriver: firefox on LINUX (358f877c-4143-452f-ab4d-589327eb2715)] -> xpath: //p//word], [[FirefoxDriver: firefox on LINUX (358f877c-4143-452f-ab4d-589327eb2715)] -> xpath: //p//word], [[FirefoxDriver: firefox on LINUX (358f877c-4143-452f-ab4d-589327eb2715)] -> xpath: //p//word], [[FirefoxDriver: firefox on LINUX (358f877c-4143-452f-ab4d-589327eb2715)] -> xpath: //p//word], [[FirefoxDriver: firefox on LINUX (358f877c-4143-452f-ab4d-589327eb2715)] -> xpath: //p//word], [[FirefoxDriver: firefox on LINUX (358f877c-4143-452f-ab4d-589327eb2715)] -> xpath: //p//word], [[FirefoxDriver: firefox on LINUX (358f877c-4143-452f-ab4d-589327eb2715)] -> xpath: //p//word], [[FirefoxDriver: firefox on LINUX (358f877c-4143-452f-ab4d-589327eb2715)] -> xpath: //p//word], [[FirefoxDriver: firefox on LINUX (358f877c-4143-452f-ab4d-589327eb2715)] -> xpath: //p//word], [[FirefoxDriver: firefox on LINUX (358f877c-4143-452f-ab4d-589327eb2715)] -> xpath: //p//word], [[FirefoxDriver: firefox on LINUX (358f877c-4143-452f-ab4d-589327eb2715)] -> xpath: //p//word], [[FirefoxDriver: firefox on LINUX (358f877c-4143-452f-ab4d-589327eb2715)] -> xpath: //p//word], [[FirefoxDriver: firefox on LINUX (358f877c-4143-452f-ab4d-589327eb2715)] -> xpath: //p//word], [[FirefoxDriver: firefox on LINUX (358f877c-4143-452f-ab4d-589327eb2715)] -> xpath: //p//word], [[FirefoxDriver: firefox on LINUX (358f877c-4143-452f-ab4d-589327eb2715)] -> xpath: //p//word], [[FirefoxDriver: firefox on LINUX (358f877c-4143-452f-ab4d-589327eb2715)] -> xpath: //p//word], [[FirefoxDriver: firefox on LINUX (358f877c-4143-452f-ab4d-589327eb2715)] -> xpath: //p//word], [[FirefoxDriver: firefox on LINUX (358f877c-4143-452f-ab4d-589327eb2715)] -> xpath: //p//word], [[FirefoxDriver: firefox on LINUX (358f877c-4143-452f-ab4d-589327eb2715)] -> xpath: //p//word], [[FirefoxDriver: firefox on LINUX (358f877c-4143-452f-ab4d-589327eb2715)] -> xpath: //p//word], [[FirefoxDriver: firefox on LINUX (358f877c-4143-452f-ab4d-589327eb2715)] -> xpath: //p//word], [[FirefoxDriver: firefox on LINUX (358f877c-4143-452f-ab4d-589327eb2715)] -> xpath: //p//word], [[FirefoxDriver: firefox on LINUX (358f877c-4143-452f-ab4d-589327eb2715)] -> xpath: //p//word], [[FirefoxDriver: firefox on LINUX (358f877c-4143-452f-ab4d-589327eb2715)] -> xpath: //p//word], [[FirefoxDriver: firefox on LINUX (358f877c-4143-452f-ab4d-589327eb2715)] -> xpath: //p//word], [[FirefoxDriver: firefox on LINUX (358f877c-4143-452f-ab4d-589327eb2715)] -> xpath: //p//word], [[FirefoxDriver: firefox on LINUX (358f877c-4143-452f-ab4d-589327eb2715)] -> xpath: //p//word], [[FirefoxDriver: firefox on LINUX (358f877c-4143-452f-ab4d-589327eb2715)] -> xpath: //p//word], [[FirefoxDriver: firefox on LINUX (358f877c-4143-452f-ab4d-589327eb2715)] -> xpath: //p//word], [[FirefoxDriver: firefox on LINUX (358f877c-4143-452f-ab4d-589327eb2715)] -> xpath: //p//word], [[FirefoxDriver: firefox on LINUX (358f877c-4143-452f-ab4d-589327eb2715)] -> xpath: //p//word], [[FirefoxDriver: firefox on LINUX (358f877c-4143-452f-ab4d-589327eb2715)] -> xpath: //p//word], [[FirefoxDriver: firefox on LINUX (358f877c-4143-452f-ab4d-589327eb2715)] -> xpath: //p//word], [[FirefoxDriver: firefox on LINUX (358f877c-4143-452f-ab4d-589327eb2715)] -> xpath: //p//word], [[FirefoxDriver: firefox on LINUX (358f877c-4143-452f-ab4d-589327eb2715)] -> xpath: //p//word], [[FirefoxDriver: firefox on LINUX (358f877c-4143-452f-ab4d-589327eb2715)] -> xpath: //p//word], [[FirefoxDriver: firefox on LINUX (358f877c-4143-452f-ab4d-589327eb2715)] -> xpath: //p//word], [[FirefoxDriver: firefox on LINUX (358f877c-4143-452f-ab4d-589327eb2715)] -> xpath: //p//word], [[FirefoxDriver: firefox on LINUX (358f877c-4143-452f-ab4d-589327eb2715)] -> xpath: //p//word], [[FirefoxDriver: firefox on LINUX (358f877c-4143-452f-ab4d-589327eb2715)] -> xpath: //p//word], [[FirefoxDriver: firefox on LINUX (358f877c-4143-452f-ab4d-589327eb2715)] -> xpath: //p//word], [[FirefoxDriver: firefox on LINUX (358f877c-4143-452f-ab4d-589327eb2715)] -> xpath: //p//word], [[FirefoxDriver: firefox on LINUX (358f877c-4143-452f-ab4d-589327eb2715)] -> xpath: //p//word], [[FirefoxDriver: firefox on LINUX (358f877c-4143-452f-ab4d-589327eb2715)] -> xpath: //p//word], [[FirefoxDriver: firefox on LINUX (358f877c-4143-452f-ab4d-589327eb2715)] -> xpath: //p//word], [[FirefoxDriver: firefox on LINUX (358f877c-4143-452f-ab4d-589327eb2715)] -> xpath: //p//word], [[FirefoxDriver: firefox on LINUX (358f877c-4143-452f-ab4d-589327eb2715)] -> xpath: //p//word], [[FirefoxDriver: firefox on LINUX (358f877c-4143-452f-ab4d-589327eb2715)] -> xpath: //p//word], [[FirefoxDriver: firefox on LINUX (358f877c-4143-452f-ab4d-589327eb2715)] -> xpath: //p//word], [[FirefoxDriver: firefox on LINUX (358f877c-4143-452f-ab4d-589327eb2715)] -> xpath: //p//word], [[FirefoxDriver: firefox on LINUX (358f877c-4143-452f-ab4d-589327eb2715)] -> xpath: //p//word], [[FirefoxDriver: firefox on LINUX (358f877c-4143-452f-ab4d-589327eb2715)] -> xpath: //p//word], [[FirefoxDriver: firefox on LINUX (358f877c-4143-452f-ab4d-589327eb2715)] -> xpath: //p//word], [[FirefoxDriver: firefox on LINUX (358f877c-4143-452f-ab4d-589327eb2715)] -> xpath: //p//word], [[FirefoxDriver: firefox on LINUX (358f877c-4143-452f-ab4d-589327eb2715)] -> xpath: //p//word], [[FirefoxDriver: firefox on LINUX (358f877c-4143-452f-ab4d-589327eb2715)] -> xpath: //p//word], [[FirefoxDriver: firefox on LINUX (358f877c-4143-452f-ab4d-589327eb2715)] -> xpath: //p//word], [[FirefoxDriver: firefox on LINUX (358f877c-4143-452f-ab4d-589327eb2715)] -> xpath: //p//word], [[FirefoxDriver: firefox on LINUX (358f877c-4143-452f-ab4d-589327eb2715)] -> xpath: //p//word], [[FirefoxDriver: firefox on LINUX (358f877c-4143-452f-ab4d-589327eb2715)] -> xpath: //p//word], [[FirefoxDriver: firefox on LINUX (358f877c-4143-452f-ab4d-589327eb2715)] -> xpath: //p//word], [[FirefoxDriver: firefox on LINUX (358f877c-4143-452f-ab4d-589327eb2715)] -> xpath: //p//word], [[FirefoxDriver: firefox on LINUX (358f877c-4143-452f-ab4d-589327eb2715)] -> xpath: //p//word], [[FirefoxDriver: firefox on LINUX (358f877c-4143-452f-ab4d-589327eb2715)] -> xpath: //p//word], [[FirefoxDriver: firefox on LINUX (358f877c-4143-452f-ab4d-589327eb2715)] -> xpath: //p//word], [[FirefoxDriver: firefox on LINUX (358f877c-4143-452f-ab4d-589327eb2715)] -> xpath: //p//word], [[FirefoxDriver: firefox on LINUX (358f877c-4143-452f-ab4d-589327eb2715)] -> xpath: //p//word], [[FirefoxDriver: firefox on LINUX (358f877c-4143-452f-ab4d-589327eb2715)] -> xpath: //p//word], [[FirefoxDriver: firefox on LINUX (358f877c-4143-452f-ab4d-589327eb2715)] -> xpath: //p//word], [[FirefoxDriver: firefox on LINUX (358f877c-4143-452f-ab4d-589327eb2715)] -> xpath: //p//word], [[FirefoxDriver: firefox on LINUX (358f877c-4143-452f-ab4d-589327eb2715)] -> xpath: //p//word], [[FirefoxDriver: firefox on LINUX (358f877c-4143-452f-ab4d-589327eb2715)] -> xpath: //p//word], [[FirefoxDriver: firefox on LINUX (358f877c-4143-452f-ab4d-589327eb2715)] -> xpath: //p//word], [[FirefoxDriver: firefox on LINUX (358f877c-4143-452f-ab4d-589327eb2715)] -> xpath: //p//word], [[FirefoxDriver: firefox on LINUX (358f877c-4143-452f-ab4d-589327eb2715)] -> xpath: //p//word], [[FirefoxDriver: firefox on LINUX (358f877c-4143-452f-ab4d-589327eb2715)] -> xpath: //p//word], [[FirefoxDriver: firefox on LINUX (358f877c-4143-452f-ab4d-589327eb2715)] -> xpath: //p//word], [[FirefoxDriver: firefox on LINUX (358f877c-4143-452f-ab4d-589327eb2715)] -> xpath: //p//word], [[FirefoxDriver: firefox on LINUX (358f877c-4143-452f-ab4d-589327eb2715)] -> xpath: //p//word], [[FirefoxDriver: firefox on LINUX (358f877c-4143-452f-ab4d-589327eb2715)] -> xpath: //p//word], [[FirefoxDriver: firefox on LINUX (358f877c-4143-452f-ab4d-589327eb2715)] -> xpath: //p//word], [[FirefoxDriver: firefox on LINUX (358f877c-4143-452f-ab4d-589327eb2715)] -> xpath: //p//word], [[FirefoxDriver: firefox on LINUX (358f877c-4143-452f-ab4d-589327eb2715)] -> xpath: //p//word], [[FirefoxDriver: firefox on LINUX (358f877c-4143-452f-ab4d-589327eb2715)] -> xpath: //p//word], [[FirefoxDriver: firefox on LINUX (358f877c-4143-452f-ab4d-589327eb2715)] -> xpath: //p//word], [[FirefoxDriver: firefox on LINUX (358f877c-4143-452f-ab4d-589327eb2715)] -> xpath: //p//word], [[FirefoxDriver: firefox on LINUX (358f877c-4143-452f-ab4d-589327eb2715)] -> xpath: //p//word], [[FirefoxDriver: firefox on LINUX (358f877c-4143-452f-ab4d-589327eb2715)] -> xpath: //p//word], [[FirefoxDriver: firefox on LINUX (358f877c-4143-452f-ab4d-589327eb2715)] -> xpath: //p//word], [[FirefoxDriver: firefox on LINUX (358f877c-4143-452f-ab4d-589327eb2715)] -> xpath: //p//word], [[FirefoxDriver: firefox on LINUX (358f877c-4143-452f-ab4d-589327eb2715)] -> xpath: //p//word], [[FirefoxDriver: firefox on LINUX (358f877c-4143-452f-ab4d-589327eb2715)] -> xpath: //p//word], [[FirefoxDriver: firefox on LINUX (358f877c-4143-452f-ab4d-589327eb2715)] -> xpath: //p//word], [[FirefoxDriver: firefox on LINUX (358f877c-4143-452f-ab4d-589327eb2715)] -> xpath: //p//word], [[FirefoxDriver: firefox on LINUX (358f877c-4143-452f-ab4d-589327eb2715)] -> xpath: //p//word], [[FirefoxDriver: firefox on LINUX (358f877c-4143-452f-ab4d-589327eb2715)] -> xpath: //p//word], [[FirefoxDriver: firefox on LINUX (358f877c-4143-452f-ab4d-589327eb2715)] -> xpath: //p//word], [[FirefoxDriver: firefox on LINUX (358f877c-4143-452f-ab4d-589327eb2715)] -> xpath: //p//word], [[FirefoxDriver: firefox on LINUX (358f877c-4143-452f-ab4d-589327eb2715)] -> xpath: //p//word], [[FirefoxDriver: firefox on LINUX (358f877c-4143-452f-ab4d-589327eb2715)] -> xpath: //p//word], [[FirefoxDriver: firefox on LINUX (358f877c-4143-452f-ab4d-589327eb2715)] -> xpath: //p//word], [[FirefoxDriver: firefox on LINUX (358f877c-4143-452f-ab4d-589327eb2715)] -> xpath: //p//word], [[FirefoxDriver: firefox on LINUX (358f877c-4143-452f-ab4d-589327eb2715)] -> xpath: //p//word], [[FirefoxDriver: firefox on LINUX (358f877c-4143-452f-ab4d-589327eb2715)] -> xpath: //p//word], [[FirefoxDriver: firefox on LINUX (358f877c-4143-452f-ab4d-589327eb2715)] -> xpath: //p//word], [[FirefoxDriver: firefox on LINUX (358f877c-4143-452f-ab4d-589327eb2715)] -> xpath: //p//word], [[FirefoxDriver: firefox on LINUX (358f877c-4143-452f-ab4d-589327eb2715)] -> xpath: //p//word], [[FirefoxDriver: firefox on LINUX (358f877c-4143-452f-ab4d-589327eb2715)] -> xpath: //p//word], [[FirefoxDriver: firefox on LINUX (358f877c-4143-452f-ab4d-589327eb2715)] -> xpath: //p//word], [[FirefoxDriver: firefox on LINUX (358f877c-4143-452f-ab4d-589327eb2715)] -> xpath: //p//word], [[FirefoxDriver: firefox on LINUX (358f877c-4143-452f-ab4d-589327eb2715)] -> xpath: //p//word], [[FirefoxDriver: firefox on LINUX (358f877c-4143-452f-ab4d-589327eb2715)] -> xpath: //p//word], [[FirefoxDriver: firefox on LINUX (358f877c-4143-452f-ab4d-589327eb2715)] -> xpath: //p//word], [[FirefoxDriver: firefox on LINUX (358f877c-4143-452f-ab4d-589327eb2715)] -> xpath: //p//word], [[FirefoxDriver: firefox on LINUX (358f877c-4143-452f-ab4d-589327eb2715)] -> xpath: //p//word], [[FirefoxDriver: firefox on LINUX (358f877c-4143-452f-ab4d-589327eb2715)] -> xpath: //p//word], [[FirefoxDriver: firefox on LINUX (358f877c-4143-452f-ab4d-589327eb2715)] -> xpath: //p//word], [[FirefoxDriver: firefox on LINUX (358f877c-4143-452f-ab4d-589327eb2715)] -> xpath: //p//word], [[FirefoxDriver: firefox on LINUX (358f877c-4143-452f-ab4d-589327eb2715)] -> xpath: //p//word], [[FirefoxDriver: firefox on LINUX (358f877c-4143-452f-ab4d-589327eb2715)] -> xpath: //p//word], [[FirefoxDriver: firefox on LINUX (358f877c-4143-452f-ab4d-589327eb2715)] -> xpath: //p//word], [[FirefoxDriver: firefox on LINUX (358f877c-4143-452f-ab4d-589327eb2715)] -> xpath: //p//word], [[FirefoxDriver: firefox on LINUX (358f877c-4143-452f-ab4d-589327eb2715)] -> xpath: //p//word], [[FirefoxDriver: firefox on LINUX (358f877c-4143-452f-ab4d-589327eb2715)] -> xpath: //p//word], [[FirefoxDriver: firefox on LINUX (358f877c-4143-452f-ab4d-589327eb2715)] -> xpath: //p//word], [[FirefoxDriver: firefox on LINUX (358f877c-4143-452f-ab4d-589327eb2715)] -> xpath: //p//word], [[FirefoxDriver: firefox on LINUX (358f877c-4143-452f-ab4d-589327eb2715)] -> xpath: //p//word], [[FirefoxDriver: firefox on LINUX (358f877c-4143-452f-ab4d-589327eb2715)] -> xpath: //p//word], [[FirefoxDriver: firefox on LINUX (358f877c-4143-452f-ab4d-589327eb2715)] -> xpath: //p//word], [[FirefoxDriver: firefox on LINUX (358f877c-4143-452f-ab4d-589327eb2715)] -> xpath: //p//word], [[FirefoxDriver: firefox on LINUX (358f877c-4143-452f-ab4d-589327eb2715)] -> xpath: //p//word], [[FirefoxDriver: firefox on LINUX (358f877c-4143-452f-ab4d-589327eb2715)] -> xpath: //p//word], [[FirefoxDriver: firefox on LINUX (358f877c-4143-452f-ab4d-589327eb2715)] -> xpath: //p//word], [[FirefoxDriver: firefox on LINUX (358f877c-4143-452f-ab4d-589327eb2715)] -> xpath: //p//word], [[FirefoxDriver: firefox on LINUX (358f877c-4143-452f-ab4d-589327eb2715)] -> xpath: //p//word], [[FirefoxDriver: firefox on LINUX (358f877c-4143-452f-ab4d-589327eb2715)] -> xpath: //p//word], [[FirefoxDriver: firefox on LINUX (358f877c-4143-452f-ab4d-589327eb2715)] -> xpath: //p//word], [[FirefoxDriver: firefox on LINUX (358f877c-4143-452f-ab4d-589327eb2715)] -> xpath: //p//word], [[FirefoxDriver: firefox on LINUX (358f877c-4143-452f-ab4d-589327eb2715)] -> xpath: //p//word], [[FirefoxDriver: firefox on LINUX (358f877c-4143-452f-ab4d-589327eb2715)] -> xpath: //p//word], [[FirefoxDriver: firefox on LINUX (358f877c-4143-452f-ab4d-589327eb2715)] -> xpath: //p//word], [[FirefoxDriver: firefox on LINUX (358f877c-4143-452f-ab4d-589327eb2715)] -> xpath: //p//word], [[FirefoxDriver: firefox on LINUX (358f877c-4143-452f-ab4d-589327eb2715)] -> xpath: //p//word], [[FirefoxDriver: firefox on LINUX (358f877c-4143-452f-ab4d-589327eb2715)] -> xpath: //p//word], [[FirefoxDriver: firefox on LINUX (358f877c-4143-452f-ab4d-589327eb2715)] -> xpath: //p//word], [[FirefoxDriver: firefox on LINUX (358f877c-4143-452f-ab4d-589327eb2715)] -> xpath: //p//word], [[FirefoxDriver: firefox on LINUX (358f877c-4143-452f-ab4d-589327eb2715)] -> xpath: //p//word], [[FirefoxDriver: firefox on LINUX (358f877c-4143-452f-ab4d-589327eb2715)] -> xpath: //p//word], [[FirefoxDriver: firefox on LINUX (358f877c-4143-452f-ab4d-589327eb2715)] -> xpath: //p//word], [[FirefoxDriver: firefox on LINUX (358f877c-4143-452f-ab4d-589327eb2715)] -> xpath: //p//word], [[FirefoxDriver: firefox on LINUX (358f877c-4143-452f-ab4d-589327eb2715)] -> xpath: //p//word], [[FirefoxDriver: firefox on LINUX (358f877c-4143-452f-ab4d-589327eb2715)] -> xpath: //p//word], [[FirefoxDriver: firefox on LINUX (358f877c-4143-452f-ab4d-589327eb2715)] -> xpath: //p//word], [[FirefoxDriver: firefox on LINUX (358f877c-4143-452f-ab4d-589327eb2715)] -> xpath: //p//word], [[FirefoxDriver: firefox on LINUX (358f877c-4143-452f-ab4d-589327eb2715)] -> xpath: //p//word], [[FirefoxDriver: firefox on LINUX (358f877c-4143-452f-ab4d-589327eb2715)] -> xpath: //p//word], [[FirefoxDriver: firefox on LINUX (358f877c-4143-452f-ab4d-589327eb2715)] -> xpath: //p//word], [[FirefoxDriver: firefox on LINUX (358f877c-4143-452f-ab4d-589327eb2715)] -> xpath: //p//word], [[FirefoxDriver: firefox on LINUX (358f877c-4143-452f-ab4d-589327eb2715)] -> xpath: //p//word], [[FirefoxDriver: firefox on LINUX (358f877c-4143-452f-ab4d-589327eb2715)] -> xpath: //p//word], [[FirefoxDriver: firefox on LINUX (358f877c-4143-452f-ab4d-589327eb2715)] -> xpath: //p//word], [[FirefoxDriver: firefox on LINUX (358f877c-4143-452f-ab4d-589327eb2715)] -> xpath: //p//word], [[FirefoxDriver: firefox on LINUX (358f877c-4143-452f-ab4d-589327eb2715)] -> xpath: //p//word], [[FirefoxDriver: firefox on LINUX (358f877c-4143-452f-ab4d-589327eb2715)] -> xpath: //p//word], [[FirefoxDriver: firefox on LINUX (358f877c-4143-452f-ab4d-589327eb2715)] -> xpath: //p//word], [[FirefoxDriver: firefox on LINUX (358f877c-4143-452f-ab4d-589327eb2715)] -> xpath: //p//word], [[FirefoxDriver: firefox on LINUX (358f877c-4143-452f-ab4d-589327eb2715)] -> xpath: //p//word], [[FirefoxDriver: firefox on LINUX (358f877c-4143-452f-ab4d-589327eb2715)] -> xpath: //p//word], [[FirefoxDriver: firefox on LINUX (358f877c-4143-452f-ab4d-589327eb2715)] -> xpath: //p//word], [[FirefoxDriver: firefox on LINUX (358f877c-4143-452f-ab4d-589327eb2715)] -> xpath: //p//word], [[FirefoxDriver: firefox on LINUX (358f877c-4143-452f-ab4d-589327eb2715)] -> xpath: //p//word], [[FirefoxDriver: firefox on LINUX (358f877c-4143-452f-ab4d-589327eb2715)] -> xpath: //p//word], [[FirefoxDriver: firefox on LINUX (358f877c-4143-452f-ab4d-589327eb2715)] -> xpath: //p//word], [[FirefoxDriver: firefox on LINUX (358f877c-4143-452f-ab4d-589327eb2715)] -> xpath: //p//word], [[FirefoxDriver: firefox on LINUX (358f877c-4143-452f-ab4d-589327eb2715)] -> xpath: //p//word], [[FirefoxDriver: firefox on LINUX (358f877c-4143-452f-ab4d-589327eb2715)] -> xpath: //p//word], [[FirefoxDriver: firefox on LINUX (358f877c-4143-452f-ab4d-589327eb2715)] -> xpath: //p//word], [[FirefoxDriver: firefox on LINUX (358f877c-4143-452f-ab4d-589327eb2715)] -> xpath: //p//word], [[FirefoxDriver: firefox on LINUX (358f877c-4143-452f-ab4d-589327eb2715)] -> xpath: //p//word], [[FirefoxDriver: firefox on LINUX (358f877c-4143-452f-ab4d-589327eb2715)] -> xpath: //p//word], [[FirefoxDriver: firefox on LINUX (358f877c-4143-452f-ab4d-589327eb2715)] -> xpath: //p//word], [[FirefoxDriver: firefox on LINUX (358f877c-4143-452f-ab4d-589327eb2715)] -> xpath: //p//word], [[FirefoxDriver: firefox on LINUX (358f877c-4143-452f-ab4d-589327eb2715)] -> xpath: //p//word], [[FirefoxDriver: firefox on LINUX (358f877c-4143-452f-ab4d-589327eb2715)] -> xpath: //p//word], [[FirefoxDriver: firefox on LINUX (358f877c-4143-452f-ab4d-589327eb2715)] -> xpath: //p//word], [[FirefoxDriver: firefox on LINUX (358f877c-4143-452f-ab4d-589327eb2715)] -> xpath: //p//word], [[FirefoxDriver: firefox on LINUX (358f877c-4143-452f-ab4d-589327eb2715)] -> xpath: //p//word], [[FirefoxDriver: firefox on LINUX (358f877c-4143-452f-ab4d-589327eb2715)] -> xpath: //p//word], [[FirefoxDriver: firefox on LINUX (358f877c-4143-452f-ab4d-589327eb2715)] -> xpath: //p//word], [[FirefoxDriver: firefox on LINUX (358f877c-4143-452f-ab4d-589327eb2715)] -> xpath: //p//word], [[FirefoxDriver: firefox on LINUX (358f877c-4143-452f-ab4d-589327eb2715)] -> xpath: //p//word], [[FirefoxDriver: firefox on LINUX (358f877c-4143-452f-ab4d-589327eb2715)] -> xpath: //p//word], [[FirefoxDriver: firefox on LINUX (358f877c-4143-452f-ab4d-589327eb2715)] -> xpath: //p//word], [[FirefoxDriver: firefox on LINUX (358f877c-4143-452f-ab4d-589327eb2715)] -> xpath: //p//word], [[FirefoxDriver: firefox on LINUX (358f877c-4143-452f-ab4d-589327eb2715)] -> xpath: //p//word], [[FirefoxDriver: firefox on LINUX (358f877c-4143-452f-ab4d-589327eb2715)] -> xpath: //p//word], [[FirefoxDriver: firefox on LINUX (358f877c-4143-452f-ab4d-589327eb2715)] -> xpath: //p//word], [[FirefoxDriver: firefox on LINUX (358f877c-4143-452f-ab4d-589327eb2715)] -> xpath: //p//word], [[FirefoxDriver: firefox on LINUX (358f877c-4143-452f-ab4d-589327eb2715)] -> xpath: //p//word], [[FirefoxDriver: firefox on LINUX (358f877c-4143-452f-ab4d-589327eb2715)] -> xpath: //p//word], [[FirefoxDriver: firefox on LINUX (358f877c-4143-452f-ab4d-589327eb2715)] -> xpath: //p//word], [[FirefoxDriver: firefox on LINUX (358f877c-4143-452f-ab4d-589327eb2715)] -> xpath: //p//word], [[FirefoxDriver: firefox on LINUX (358f877c-4143-452f-ab4d-589327eb2715)] -> xpath: //p//word], [[FirefoxDriver: firefox on LINUX (358f877c-4143-452f-ab4d-589327eb2715)] -> xpath: //p//word], [[FirefoxDriver: firefox on LINUX (358f877c-4143-452f-ab4d-589327eb2715)] -> xpath: //p//word], [[FirefoxDriver: firefox on LINUX (358f877c-4143-452f-ab4d-589327eb2715)] -> xpath: //p//word], [[FirefoxDriver: firefox on LINUX (358f877c-4143-452f-ab4d-589327eb2715)] -> xpath: //p//word], [[FirefoxDriver: firefox on LINUX (358f877c-4143-452f-ab4d-589327eb2715)] -> xpath: //p//word], [[FirefoxDriver: firefox on LINUX (358f877c-4143-452f-ab4d-589327eb2715)] -> xpath: //p//word], [[FirefoxDriver: firefox on LINUX (358f877c-4143-452f-ab4d-589327eb2715)] -> xpath: //p//word], [[FirefoxDriver: firefox on LINUX (358f877c-4143-452f-ab4d-589327eb2715)] -> xpath: //p//word], [[FirefoxDriver: firefox on LINUX (358f877c-4143-452f-ab4d-589327eb2715)] -> xpath: //p//word], [[FirefoxDriver: firefox on LINUX (358f877c-4143-452f-ab4d-589327eb2715)] -> xpath: //p//word], [[FirefoxDriver: firefox on LINUX (358f877c-4143-452f-ab4d-589327eb2715)] -> xpath: //p//word], [[FirefoxDriver: firefox on LINUX (358f877c-4143-452f-ab4d-589327eb2715)] -> xpath: //p//word], [[FirefoxDriver: firefox on LINUX (358f877c-4143-452f-ab4d-589327eb2715)] -> xpath: //p//word], [[FirefoxDriver: firefox on LINUX (358f877c-4143-452f-ab4d-589327eb2715)] -> xpath: //p//word], [[FirefoxDriver: firefox on LINUX (358f877c-4143-452f-ab4d-589327eb2715)] -> xpath: //p//word], [[FirefoxDriver: firefox on LINUX (358f877c-4143-452f-ab4d-589327eb2715)] -> xpath: //p//word], [[FirefoxDriver: firefox on LINUX (358f877c-4143-452f-ab4d-589327eb2715)] -> xpath: //p//word], [[FirefoxDriver: firefox on LINUX (358f877c-4143-452f-ab4d-589327eb2715)] -> xpath: //p//word], [[FirefoxDriver: firefox on LINUX (358f877c-4143-452f-ab4d-589327eb2715)] -> xpath: //p//word], [[FirefoxDriver: firefox on LINUX (358f877c-4143-452f-ab4d-589327eb2715)] -> xpath: //p//word], [[FirefoxDriver: firefox on LINUX (358f877c-4143-452f-ab4d-589327eb2715)] -> xpath: //p//word], [[FirefoxDriver: firefox on LINUX (358f877c-4143-452f-ab4d-589327eb2715)] -> xpath: //p//word], [[FirefoxDriver: firefox on LINUX (358f877c-4143-452f-ab4d-589327eb2715)] -> xpath: //p//word], [[FirefoxDriver: firefox on LINUX (358f877c-4143-452f-ab4d-589327eb2715)] -> xpath: //p//word], [[FirefoxDriver: firefox on LINUX (358f877c-4143-452f-ab4d-589327eb2715)] -> xpath: //p//word], [[FirefoxDriver: firefox on LINUX (358f877c-4143-452f-ab4d-589327eb2715)] -> xpath: //p//word], [[FirefoxDriver: firefox on LINUX (358f877c-4143-452f-ab4d-589327eb2715)] -> xpath: //p//word], [[FirefoxDriver: firefox on LINUX (358f877c-4143-452f-ab4d-589327eb2715)] -> xpath: //p//word], [[FirefoxDriver: firefox on LINUX (358f877c-4143-452f-ab4d-589327eb2715)] -> xpath: //p//word], [[FirefoxDriver: firefox on LINUX (358f877c-4143-452f-ab4d-589327eb2715)] -> xpath: //p//word], [[FirefoxDriver: firefox on LINUX (358f877c-4143-452f-ab4d-589327eb2715)] -> xpath: //p//word], [[FirefoxDriver: firefox on LINUX (358f877c-4143-452f-ab4d-589327eb2715)] -> xpath: //p//word], [[FirefoxDriver: firefox on LINUX (358f877c-4143-452f-ab4d-589327eb2715)] -> xpath: //p//word], [[FirefoxDriver: firefox on LINUX (358f877c-4143-452f-ab4d-589327eb2715)] -> xpath: //p//word], [[FirefoxDriver: firefox on LINUX (358f877c-4143-452f-ab4d-589327eb2715)] -> xpath: //p//word], [[FirefoxDriver: firefox on LINUX (358f877c-4143-452f-ab4d-589327eb2715)] -> xpath: //p//word], [[FirefoxDriver: firefox on LINUX (358f877c-4143-452f-ab4d-589327eb2715)] -> xpath: //p//word], [[FirefoxDriver: firefox on LINUX (358f877c-4143-452f-ab4d-589327eb2715)] -> xpath: //p//word], [[FirefoxDriver: firefox on LINUX (358f877c-4143-452f-ab4d-589327eb2715)] -> xpath: //p//word], [[FirefoxDriver: firefox on LINUX (358f877c-4143-452f-ab4d-589327eb2715)] -> xpath: //p//word], [[FirefoxDriver: firefox on LINUX (358f877c-4143-452f-ab4d-589327eb2715)] -> xpath: //p//word], [[FirefoxDriver: firefox on LINUX (358f877c-4143-452f-ab4d-589327eb2715)] -> xpath: //p//word], [[FirefoxDriver: firefox on LINUX (358f877c-4143-452f-ab4d-589327eb2715)] -> xpath: //p//word], [[FirefoxDriver: firefox on LINUX (358f877c-4143-452f-ab4d-589327eb2715)] -> xpath: //p//word], [[FirefoxDriver: firefox on LINUX (358f877c-4143-452f-ab4d-589327eb2715)] -> xpath: //p//word], [[FirefoxDriver: firefox on LINUX (358f877c-4143-452f-ab4d-589327eb2715)] -> xpath: //p//word], [[FirefoxDriver: firefox on LINUX (358f877c-4143-452f-ab4d-589327eb2715)] -> xpath: //p//word], [[FirefoxDriver: firefox on LINUX (358f877c-4143-452f-ab4d-589327eb2715)] -> xpath: //p//word], [[FirefoxDriver: firefox on LINUX (358f877c-4143-452f-ab4d-589327eb2715)] -> xpath: //p//word], [[FirefoxDriver: firefox on LINUX (358f877c-4143-452f-ab4d-589327eb2715)] -> xpath: //p//word], [[FirefoxDriver: firefox on LINUX (358f877c-4143-452f-ab4d-589327eb2715)] -> xpath: //p//word], [[FirefoxDriver: firefox on LINUX (358f877c-4143-452f-ab4d-589327eb2715)] -> xpath: //p//word], [[FirefoxDriver: firefox on LINUX (358f877c-4143-452f-ab4d-589327eb2715)] -> xpath: //p//word], [[FirefoxDriver: firefox on LINUX (358f877c-4143-452f-ab4d-589327eb2715)] -> xpath: //p//word], [[FirefoxDriver: firefox on LINUX (358f877c-4143-452f-ab4d-589327eb2715)] -> xpath: //p//word], [[FirefoxDriver: firefox on LINUX (358f877c-4143-452f-ab4d-589327eb2715)] -> xpath: //p//word], [[FirefoxDriver: firefox on LINUX (358f877c-4143-452f-ab4d-589327eb2715)] -> xpath: //p//word], [[FirefoxDriver: firefox on LINUX (358f877c-4143-452f-ab4d-589327eb2715)] -> xpath: //p//word], [[FirefoxDriver: firefox on LINUX (358f877c-4143-452f-ab4d-589327eb2715)] -> xpath: //p//word], [[FirefoxDriver: firefox on LINUX (358f877c-4143-452f-ab4d-589327eb2715)] -> xpath: //p//word], [[FirefoxDriver: firefox on LINUX (358f877c-4143-452f-ab4d-589327eb2715)] -> xpath: //p//word], [[FirefoxDriver: firefox on LINUX (358f877c-4143-452f-ab4d-589327eb2715)] -> xpath: //p//word], [[FirefoxDriver: firefox on LINUX (358f877c-4143-452f-ab4d-589327eb2715)] -> xpath: //p//word], [[FirefoxDriver: firefox on LINUX (358f877c-4143-452f-ab4d-589327eb2715)] -> xpath: //p//word], [[FirefoxDriver: firefox on LINUX (358f877c-4143-452f-ab4d-589327eb2715)] -> xpath: //p//word], [[FirefoxDriver: firefox on LINUX (358f877c-4143-452f-ab4d-589327eb2715)] -> xpath: //p//word], [[FirefoxDriver: firefox on LINUX (358f877c-4143-452f-ab4d-589327eb2715)] -> xpath: //p//word], [[FirefoxDriver: firefox on LINUX (358f877c-4143-452f-ab4d-589327eb2715)] -> xpath: //p//word], [[FirefoxDriver: firefox on LINUX (358f877c-4143-452f-ab4d-589327eb2715)] -> xpath: //p//word], [[FirefoxDriver: firefox on LINUX (358f877c-4143-452f-ab4d-589327eb2715)] -> xpath: //p//word], [[FirefoxDriver: firefox on LINUX (358f877c-4143-452f-ab4d-589327eb2715)] -> xpath: //p//word], [[FirefoxDriver: firefox on LINUX (358f877c-4143-452f-ab4d-589327eb2715)] -> xpath: //p//word], [[FirefoxDriver: firefox on LINUX (358f877c-4143-452f-ab4d-589327eb2715)] -> xpath: //p//word], [[FirefoxDriver: firefox on LINUX (358f877c-4143-452f-ab4d-589327eb2715)] -> xpath: //p//word], [[FirefoxDriver: firefox on LINUX (358f877c-4143-452f-ab4d-589327eb2715)] -> xpath: //p//word], [[FirefoxDriver: firefox on LINUX (358f877c-4143-452f-ab4d-589327eb2715)] -> xpath: //p//word], [[FirefoxDriver: firefox on LINUX (358f877c-4143-452f-ab4d-589327eb2715)] -> xpath: //p//word], [[FirefoxDriver: firefox on LINUX (358f877c-4143-452f-ab4d-589327eb2715)] -> xpath: //p//word], [[FirefoxDriver: firefox on LINUX (358f877c-4143-452f-ab4d-589327eb2715)] -> xpath: //p//word], [[FirefoxDriver: firefox on LINUX (358f877c-4143-452f-ab4d-589327eb2715)] -> xpath: //p//word], [[FirefoxDriver: firefox on LINUX (358f877c-4143-452f-ab4d-589327eb2715)] -> xpath: //p//word], [[FirefoxDriver: firefox on LINUX (358f877c-4143-452f-ab4d-589327eb2715)] -> xpath: //p//word], [[FirefoxDriver: firefox on LINUX (358f877c-4143-452f-ab4d-589327eb2715)] -> xpath: //p//word], [[FirefoxDriver: firefox on LINUX (358f877c-4143-452f-ab4d-589327eb2715)] -> xpath: //p//word], [[FirefoxDriver: firefox on LINUX (358f877c-4143-452f-ab4d-589327eb2715)] -> xpath: //p//word], [[FirefoxDriver: firefox on LINUX (358f877c-4143-452f-ab4d-589327eb2715)] -> xpath: //p//word], [[FirefoxDriver: firefox on LINUX (358f877c-4143-452f-ab4d-589327eb2715)] -> xpath: //p//word], [[FirefoxDriver: firefox on LINUX (358f877c-4143-452f-ab4d-589327eb2715)] -> xpath: //p//word], [[FirefoxDriver: firefox on LINUX (358f877c-4143-452f-ab4d-589327eb2715)] -> xpath: //p//word], [[FirefoxDriver: firefox on LINUX (358f877c-4143-452f-ab4d-589327eb2715)] -> xpath: //p//word], [[FirefoxDriver: firefox on LINUX (358f877c-4143-452f-ab4d-589327eb2715)] -> xpath: //p//word], [[FirefoxDriver: firefox on LINUX (358f877c-4143-452f-ab4d-589327eb2715)] -> xpath: //p//word], [[FirefoxDriver: firefox on LINUX (358f877c-4143-452f-ab4d-589327eb2715)] -> xpath: //p//word], [[FirefoxDriver: firefox on LINUX (358f877c-4143-452f-ab4d-589327eb2715)] -> xpath: //p//word], [[FirefoxDriver: firefox on LINUX (358f877c-4143-452f-ab4d-589327eb2715)] -> xpath: //p//word], [[FirefoxDriver: firefox on LINUX (358f877c-4143-452f-ab4d-589327eb2715)] -> xpath: //p//word], [[FirefoxDriver: firefox on LINUX (358f877c-4143-452f-ab4d-589327eb2715)] -> xpath: //p//word], [[FirefoxDriver: firefox on LINUX (358f877c-4143-452f-ab4d-589327eb2715)] -> xpath: //p//word], [[FirefoxDriver: firefox on LINUX (358f877c-4143-452f-ab4d-589327eb2715)] -> xpath: //p//word], [[FirefoxDriver: firefox on LINUX (358f877c-4143-452f-ab4d-589327eb2715)] -> xpath: //p//word], [[FirefoxDriver: firefox on LINUX (358f877c-4143-452f-ab4d-589327eb2715)] -> xpath: //p//word], [[FirefoxDriver: firefox on LINUX (358f877c-4143-452f-ab4d-589327eb2715)] -> xpath: //p//word], [[FirefoxDriver: firefox on LINUX (358f877c-4143-452f-ab4d-589327eb2715)] -> xpath: //p//word], [[FirefoxDriver: firefox on LINUX (358f877c-4143-452f-ab4d-589327eb2715)] -> xpath: //p//word], [[FirefoxDriver: firefox on LINUX (358f877c-4143-452f-ab4d-589327eb2715)] -> xpath: //p//word], [[FirefoxDriver: firefox on LINUX (358f877c-4143-452f-ab4d-589327eb2715)] -> xpath: //p//word], [[FirefoxDriver: firefox on LINUX (358f877c-4143-452f-ab4d-589327eb2715)] -> xpath: //p//word], [[FirefoxDriver: firefox on LINUX (358f877c-4143-452f-ab4d-589327eb2715)] -> xpath: //p//word], [[FirefoxDriver: firefox on LINUX (358f877c-4143-452f-ab4d-589327eb2715)] -> xpath: //p//word], [[FirefoxDriver: firefox on LINUX (358f877c-4143-452f-ab4d-589327eb2715)] -> xpath: //p//word], [[FirefoxDriver: firefox on LINUX (358f877c-4143-452f-ab4d-589327eb2715)] -> xpath: //p//word], [[FirefoxDriver: firefox on LINUX (358f877c-4143-452f-ab4d-589327eb2715)] -> xpath: //p//word], [[FirefoxDriver: firefox on LINUX (358f877c-4143-452f-ab4d-589327eb2715)] -> xpath: //p//word], [[FirefoxDriver: firefox on LINUX (358f877c-4143-452f-ab4d-589327eb2715)] -> xpath: //p//word], [[FirefoxDriver: firefox on LINUX (358f877c-4143-452f-ab4d-589327eb2715)] -> xpath: //p//word], [[FirefoxDriver: firefox on LINUX (358f877c-4143-452f-ab4d-589327eb2715)] -> xpath: //p//word], [[FirefoxDriver: firefox on LINUX (358f877c-4143-452f-ab4d-589327eb2715)] -> xpath: //p//word], [[FirefoxDriver: firefox on LINUX (358f877c-4143-452f-ab4d-589327eb2715)] -> xpath: //p//word], [[FirefoxDriver: firefox on LINUX (358f877c-4143-452f-ab4d-589327eb2715)] -> xpath: //p//word], [[FirefoxDriver: firefox on LINUX (358f877c-4143-452f-ab4d-589327eb2715)] -> xpath: //p//word], [[FirefoxDriver: firefox on LINUX (358f877c-4143-452f-ab4d-589327eb2715)] -> xpath: //p//word], [[FirefoxDriver: firefox on LINUX (358f877c-4143-452f-ab4d-589327eb2715)] -> xpath: //p//word], [[FirefoxDriver: firefox on LINUX (358f877c-4143-452f-ab4d-589327eb2715)] -> xpath: //p//word], [[FirefoxDriver: firefox on LINUX (358f877c-4143-452f-ab4d-589327eb2715)] -> xpath: //p//word], [[FirefoxDriver: firefox on LINUX (358f877c-4143-452f-ab4d-589327eb2715)] -> xpath: //p//word], [[FirefoxDriver: firefox on LINUX (358f877c-4143-452f-ab4d-589327eb2715)] -> xpath: //p//word], [[FirefoxDriver: firefox on LINUX (358f877c-4143-452f-ab4d-589327eb2715)] -> xpath: //p//word], [[FirefoxDriver: firefox on LINUX (358f877c-4143-452f-ab4d-589327eb2715)] -> xpath: //p//word], [[FirefoxDriver: firefox on LINUX (358f877c-4143-452f-ab4d-589327eb2715)] -> xpath: //p//word], [[FirefoxDriver: firefox on LINUX (358f877c-4143-452f-ab4d-589327eb2715)] -> xpath: //p//word], [[FirefoxDriver: firefox on LINUX (358f877c-4143-452f-ab4d-589327eb2715)] -> xpath: //p//word], [[FirefoxDriver: firefox on LINUX (358f877c-4143-452f-ab4d-589327eb2715)] -> xpath: //p//word], [[FirefoxDriver: firefox on LINUX (358f877c-4143-452f-ab4d-589327eb2715)] -> xpath: //p//word], [[FirefoxDriver: firefox on LINUX (358f877c-4143-452f-ab4d-589327eb2715)] -> xpath: //p//word], [[FirefoxDriver: firefox on LINUX (358f877c-4143-452f-ab4d-589327eb2715)] -> xpath: //p//word], [[FirefoxDriver: firefox on LINUX (358f877c-4143-452f-ab4d-589327eb2715)] -> xpath: //p//word], [[FirefoxDriver: firefox on LINUX (358f877c-4143-452f-ab4d-589327eb2715)] -> xpath: //p//word], [[FirefoxDriver: firefox on LINUX (358f877c-4143-452f-ab4d-589327eb2715)] -> xpath: //p//word], [[FirefoxDriver: firefox on LINUX (358f877c-4143-452f-ab4d-589327eb2715)] -> xpath: //p//word], [[FirefoxDriver: firefox on LINUX (358f877c-4143-452f-ab4d-589327eb2715)] -> xpath: //p//word], [[FirefoxDriver: firefox on LINUX (358f877c-4143-452f-ab4d-589327eb2715)] -> xpath: //p//word], [[FirefoxDriver: firefox on LINUX (358f877c-4143-452f-ab4d-589327eb2715)] -> xpath: //p//word], [[FirefoxDriver: firefox on LINUX (358f877c-4143-452f-ab4d-589327eb2715)] -> xpath: //p//word], [[FirefoxDriver: firefox on LINUX (358f877c-4143-452f-ab4d-589327eb2715)] -> xpath: //p//word], [[FirefoxDriver: firefox on LINUX (358f877c-4143-452f-ab4d-589327eb2715)] -> xpath: //p//word], [[FirefoxDriver: firefox on LINUX (358f877c-4143-452f-ab4d-589327eb2715)] -> xpath: //p//word], [[FirefoxDriver: firefox on LINUX (358f877c-4143-452f-ab4d-589327eb2715)] -> xpath: //p//word], [[FirefoxDriver: firefox on LINUX (358f877c-4143-452f-ab4d-589327eb2715)] -> xpath: //p//word], [[FirefoxDriver: firefox on LINUX (358f877c-4143-452f-ab4d-589327eb2715)] -> xpath: //p//word], [[FirefoxDriver: firefox on LINUX (358f877c-4143-452f-ab4d-589327eb2715)] -> xpath: //p//word], [[FirefoxDriver: firefox on LINUX (358f877c-4143-452f-ab4d-589327eb2715)] -> xpath: //p//word], [[FirefoxDriver: firefox on LINUX (358f877c-4143-452f-ab4d-589327eb2715)] -> xpath: //p//word], [[FirefoxDriver: firefox on LINUX (358f877c-4143-452f-ab4d-589327eb2715)] -> xpath: //p//word], [[FirefoxDriver: firefox on LINUX (358f877c-4143-452f-ab4d-589327eb2715)] -> xpath: //p//word], [[FirefoxDriver: firefox on LINUX (358f877c-4143-452f-ab4d-589327eb2715)] -> xpath: //p//word], [[FirefoxDriver: firefox on LINUX (358f877c-4143-452f-ab4d-589327eb2715)] -> xpath: //p//word], [[FirefoxDriver: firefox on LINUX (358f877c-4143-452f-ab4d-589327eb2715)] -> xpath: //p//word], [[FirefoxDriver: firefox on LINUX (358f877c-4143-452f-ab4d-589327eb2715)] -> xpath: //p//word], [[FirefoxDriver: firefox on LINUX (358f877c-4143-452f-ab4d-589327eb2715)] -> xpath: //p//word], [[FirefoxDriver: firefox on LINUX (358f877c-4143-452f-ab4d-589327eb2715)] -> xpath: //p//word], [[FirefoxDriver: firefox on LINUX (358f877c-4143-452f-ab4d-589327eb2715)] -> xpath: //p//word], [[FirefoxDriver: firefox on LINUX (358f877c-4143-452f-ab4d-589327eb2715)] -> xpath: //p//word], [[FirefoxDriver: firefox on LINUX (358f877c-4143-452f-ab4d-589327eb2715)] -> xpath: //p//word], [[FirefoxDriver: firefox on LINUX (358f877c-4143-452f-ab4d-589327eb2715)] -> xpath: //p//word], [[FirefoxDriver: firefox on LINUX (358f877c-4143-452f-ab4d-589327eb2715)] -> xpath: //p//word], [[FirefoxDriver: firefox on LINUX (358f877c-4143-452f-ab4d-589327eb2715)] -> xpath: //p//word], [[FirefoxDriver: firefox on LINUX (358f877c-4143-452f-ab4d-589327eb2715)] -> xpath: //p//word], [[FirefoxDriver: firefox on LINUX (358f877c-4143-452f-ab4d-589327eb2715)] -> xpath: //p//word], [[FirefoxDriver: firefox on LINUX (358f877c-4143-452f-ab4d-589327eb2715)] -> xpath: //p//word], [[FirefoxDriver: firefox on LINUX (358f877c-4143-452f-ab4d-589327eb2715)] -> xpath: //p//word], [[FirefoxDriver: firefox on LINUX (358f877c-4143-452f-ab4d-589327eb2715)] -> xpath: //p//word], [[FirefoxDriver: firefox on LINUX (358f877c-4143-452f-ab4d-589327eb2715)] -> xpath: //p//word], [[FirefoxDriver: firefox on LINUX (358f877c-4143-452f-ab4d-589327eb2715)] -> xpath: //p//word], [[FirefoxDriver: firefox on LINUX (358f877c-4143-452f-ab4d-589327eb2715)] -> xpath: //p//word], [[FirefoxDriver: firefox on LINUX (358f877c-4143-452f-ab4d-589327eb2715)] -> xpath: //p//word], [[FirefoxDriver: firefox on LINUX (358f877c-4143-452f-ab4d-589327eb2715)] -> xpath: //p//word], [[FirefoxDriver: firefox on LINUX (358f877c-4143-452f-ab4d-589327eb2715)] -> xpath: //p//word], [[FirefoxDriver: firefox on LINUX (358f877c-4143-452f-ab4d-589327eb2715)] -> xpath: //p//word], [[FirefoxDriver: firefox on LINUX (358f877c-4143-452f-ab4d-589327eb2715)] -> xpath: //p//word], [[FirefoxDriver: firefox on LINUX (358f877c-4143-452f-ab4d-589327eb2715)] -> xpath: //p//word], [[FirefoxDriver: firefox on LINUX (358f877c-4143-452f-ab4d-589327eb2715)] -> xpath: //p//word], [[FirefoxDriver: firefox on LINUX (358f877c-4143-452f-ab4d-589327eb2715)] -> xpath: //p//word], [[FirefoxDriver: firefox on LINUX (358f877c-4143-452f-ab4d-589327eb2715)] -> xpath: //p//word], [[FirefoxDriver: firefox on LINUX (358f877c-4143-452f-ab4d-589327eb2715)] -> xpath: //p//word], [[FirefoxDriver: firefox on LINUX (358f877c-4143-452f-ab4d-589327eb2715)] -> xpath: //p//word], [[FirefoxDriver: firefox on LINUX (358f877c-4143-452f-ab4d-589327eb2715)] -> xpath: //p//word], [[FirefoxDriver: firefox on LINUX (358f877c-4143-452f-ab4d-589327eb2715)] -> xpath: //p//word], [[FirefoxDriver: firefox on LINUX (358f877c-4143-452f-ab4d-589327eb2715)] -> xpath: //p//word], [[FirefoxDriver: firefox on LINUX (358f877c-4143-452f-ab4d-589327eb2715)] -> xpath: //p//word], [[FirefoxDriver: firefox on LINUX (358f877c-4143-452f-ab4d-589327eb2715)] -> xpath: //p//word], [[FirefoxDriver: firefox on LINUX (358f877c-4143-452f-ab4d-589327eb2715)] -> xpath: //p//word], [[FirefoxDriver: firefox on LINUX (358f877c-4143-452f-ab4d-589327eb2715)] -> xpath: //p//word], [[FirefoxDriver: firefox on LINUX (358f877c-4143-452f-ab4d-589327eb2715)] -> xpath: //p//word], [[FirefoxDriver: firefox on LINUX (358f877c-4143-452f-ab4d-589327eb2715)] -> xpath: //p//word], [[FirefoxDriver: firefox on LINUX (358f877c-4143-452f-ab4d-589327eb2715)] -> xpath: //p//word], [[FirefoxDriver: firefox on LINUX (358f877c-4143-452f-ab4d-589327eb2715)] -> xpath: //p//word], [[FirefoxDriver: firefox on LINUX (358f877c-4143-452f-ab4d-589327eb2715)] -> xpath: //p//word], [[FirefoxDriver: firefox on LINUX (358f877c-4143-452f-ab4d-589327eb2715)] -> xpath: //p//word], [[FirefoxDriver: firefox on LINUX (358f877c-4143-452f-ab4d-589327eb2715)] -> xpath: //p//word], [[FirefoxDriver: firefox on LINUX (358f877c-4143-452f-ab4d-589327eb2715)] -> xpath: //p//word], [[FirefoxDriver: firefox on LINUX (358f877c-4143-452f-ab4d-589327eb2715)] -> xpath: //p//word], [[FirefoxDriver: firefox on LINUX (358f877c-4143-452f-ab4d-589327eb2715)] -> xpath: //p//word], [[FirefoxDriver: firefox on LINUX (358f877c-4143-452f-ab4d-589327eb2715)] -> xpath: //p//word], [[FirefoxDriver: firefox on LINUX (358f877c-4143-452f-ab4d-589327eb2715)] -> xpath: //p//word], [[FirefoxDriver: firefox on LINUX (358f877c-4143-452f-ab4d-589327eb2715)] -> xpath: //p//word], [[FirefoxDriver: firefox on LINUX (358f877c-4143-452f-ab4d-589327eb2715)] -> xpath: //p//word], [[FirefoxDriver: firefox on LINUX (358f877c-4143-452f-ab4d-589327eb2715)] -> xpath: //p//word], [[FirefoxDriver: firefox on LINUX (358f877c-4143-452f-ab4d-589327eb2715)] -> xpath: //p//word], [[FirefoxDriver: firefox on LINUX (358f877c-4143-452f-ab4d-589327eb2715)] -> xpath: //p//word], [[FirefoxDriver: firefox on LINUX (358f877c-4143-452f-ab4d-589327eb2715)] -> xpath: //p//word], [[FirefoxDriver: firefox on LINUX (358f877c-4143-452f-ab4d-589327eb2715)] -> xpath: //p//word], [[FirefoxDriver: firefox on LINUX (358f877c-4143-452f-ab4d-589327eb2715)] -> xpath: //p//word], [[FirefoxDriver: firefox on LINUX (358f877c-4143-452f-ab4d-589327eb2715)] -> xpath: //p//word], [[FirefoxDriver: firefox on LINUX (358f877c-4143-452f-ab4d-589327eb2715)] -> xpath: //p//word], [[FirefoxDriver: firefox on LINUX (358f877c-4143-452f-ab4d-589327eb2715)] -> xpath: //p//word], [[FirefoxDriver: firefox on LINUX (358f877c-4143-452f-ab4d-589327eb2715)] -> xpath: //p//word], [[FirefoxDriver: firefox on LINUX (358f877c-4143-452f-ab4d-589327eb2715)] -> xpath: //p//word], [[FirefoxDriver: firefox on LINUX (358f877c-4143-452f-ab4d-589327eb2715)] -> xpath: //p//word], [[FirefoxDriver: firefox on LINUX (358f877c-4143-452f-ab4d-589327eb2715)] -> xpath: //p//word], [[FirefoxDriver: firefox on LINUX (358f877c-4143-452f-ab4d-589327eb2715)] -> xpath: //p//word], [[FirefoxDriver: firefox on LINUX (358f877c-4143-452f-ab4d-589327eb2715)] -> xpath: //p//word], [[FirefoxDriver: firefox on LINUX (358f877c-4143-452f-ab4d-589327eb2715)] -> xpath: //p//word], [[FirefoxDriver: firefox on LINUX (358f877c-4143-452f-ab4d-589327eb2715)] -> xpath: //p//word], [[FirefoxDriver: firefox on LINUX (358f877c-4143-452f-ab4d-589327eb2715)] -> xpath: //p//word], [[FirefoxDriver: firefox on LINUX (358f877c-4143-452f-ab4d-589327eb2715)] -> xpath: //p//word], [[FirefoxDriver: firefox on LINUX (358f877c-4143-452f-ab4d-589327eb2715)] -> xpath: //p//word], [[FirefoxDriver: firefox on LINUX (358f877c-4143-452f-ab4d-589327eb2715)] -> xpath: //p//word], [[FirefoxDriver: firefox on LINUX (358f877c-4143-452f-ab4d-589327eb2715)] -> xpath: //p//word], [[FirefoxDriver: firefox on LINUX (358f877c-4143-452f-ab4d-589327eb2715)] -> xpath: //p//word], [[FirefoxDriver: firefox on LINUX (358f877c-4143-452f-ab4d-589327eb2715)] -> xpath: //p//word], [[FirefoxDriver: firefox on LINUX (358f877c-4143-452f-ab4d-589327eb2715)] -> xpath: //p//word], [[FirefoxDriver: firefox on LINUX (358f877c-4143-452f-ab4d-589327eb2715)] -> xpath: //p//word], [[FirefoxDriver: firefox on LINUX (358f877c-4143-452f-ab4d-589327eb2715)] -> xpath: //p//word], [[FirefoxDriver: firefox on LINUX (358f877c-4143-452f-ab4d-589327eb2715)] -> xpath: //p//word], [[FirefoxDriver: firefox on LINUX (358f877c-4143-452f-ab4d-589327eb2715)] -> xpath: //p//word], [[FirefoxDriver: firefox on LINUX (358f877c-4143-452f-ab4d-589327eb2715)] -> xpath: //p//word], [[FirefoxDriver: firefox on LINUX (358f877c-4143-452f-ab4d-589327eb2715)] -> xpath: //p//word], [[FirefoxDriver: firefox on LINUX (358f877c-4143-452f-ab4d-589327eb2715)] -> xpath: //p//word], [[FirefoxDriver: firefox on LINUX (358f877c-4143-452f-ab4d-589327eb2715)] -> xpath: //p//word], [[FirefoxDriver: firefox on LINUX (358f877c-4143-452f-ab4d-589327eb2715)] -> xpath: //p//word], [[FirefoxDriver: firefox on LINUX (358f877c-4143-452f-ab4d-589327eb2715)] -> xpath: //p//word], [[FirefoxDriver: firefox on LINUX (358f877c-4143-452f-ab4d-589327eb2715)] -> xpath: //p//word], [[FirefoxDriver: firefox on LINUX (358f877c-4143-452f-ab4d-589327eb2715)] -> xpath: //p//word], [[FirefoxDriver: firefox on LINUX (358f877c-4143-452f-ab4d-589327eb2715)] -> xpath: //p//word], [[FirefoxDriver: firefox on LINUX (358f877c-4143-452f-ab4d-589327eb2715)] -> xpath: //p//word], [[FirefoxDriver: firefox on LINUX (358f877c-4143-452f-ab4d-589327eb2715)] -> xpath: //p//word], [[FirefoxDriver: firefox on LINUX (358f877c-4143-452f-ab4d-589327eb2715)] -> xpath: //p//word], [[FirefoxDriver: firefox on LINUX (358f877c-4143-452f-ab4d-589327eb2715)] -> xpath: //p//word], [[FirefoxDriver: firefox on LINUX (358f877c-4143-452f-ab4d-589327eb2715)] -> xpath: //p//word], [[FirefoxDriver: firefox on LINUX (358f877c-4143-452f-ab4d-589327eb2715)] -> xpath: //p//word], [[FirefoxDriver: firefox on LINUX (358f877c-4143-452f-ab4d-589327eb2715)] -> xpath: //p//word], [[FirefoxDriver: firefox on LINUX (358f877c-4143-452f-ab4d-589327eb2715)] -> xpath: //p//word], [[FirefoxDriver: firefox on LINUX (358f877c-4143-452f-ab4d-589327eb2715)] -> xpath: //p//word], [[FirefoxDriver: firefox on LINUX (358f877c-4143-452f-ab4d-589327eb2715)] -> xpath: //p//word], [[FirefoxDriver: firefox on LINUX (358f877c-4143-452f-ab4d-589327eb2715)] -> xpath: //p//word], [[FirefoxDriver: firefox on LINUX (358f877c-4143-452f-ab4d-589327eb2715)] -> xpath: //p//word], [[FirefoxDriver: firefox on LINUX (358f877c-4143-452f-ab4d-589327eb2715)] -> xpath: //p//word], [[FirefoxDriver: firefox on LINUX (358f877c-4143-452f-ab4d-589327eb2715)] -> xpath: //p//word], [[FirefoxDriver: firefox on LINUX (358f877c-4143-452f-ab4d-589327eb2715)] -> xpath: //p//word], [[FirefoxDriver: firefox on LINUX (358f877c-4143-452f-ab4d-589327eb2715)] -> xpath: //p//word], [[FirefoxDriver: firefox on LINUX (358f877c-4143-452f-ab4d-589327eb2715)] -> xpath: //p//word], [[FirefoxDriver: firefox on LINUX (358f877c-4143-452f-ab4d-589327eb2715)] -> xpath: //p//word], [[FirefoxDriver: firefox on LINUX (358f877c-4143-452f-ab4d-589327eb2715)] -> xpath: //p//word], [[FirefoxDriver: firefox on LINUX (358f877c-4143-452f-ab4d-589327eb2715)] -> xpath: //p//word], [[FirefoxDriver: firefox on LINUX (358f877c-4143-452f-ab4d-589327eb2715)] -> xpath: //p//word], [[FirefoxDriver: firefox on LINUX (358f877c-4143-452f-ab4d-589327eb2715)] -> xpath: //p//word], [[FirefoxDriver: firefox on LINUX (358f877c-4143-452f-ab4d-589327eb2715)] -> xpath: //p//word], [[FirefoxDriver: firefox on LINUX (358f877c-4143-452f-ab4d-589327eb2715)] -> xpath: //p//word], [[FirefoxDriver: firefox on LINUX (358f877c-4143-452f-ab4d-589327eb2715)] -> xpath: //p//word], [[FirefoxDriver: firefox on LINUX (358f877c-4143-452f-ab4d-589327eb2715)] -> xpath: //p//word], [[FirefoxDriver: firefox on LINUX (358f877c-4143-452f-ab4d-589327eb2715)] -> xpath: //p//word], [[FirefoxDriver: firefox on LINUX (358f877c-4143-452f-ab4d-589327eb2715)] -> xpath: //p//word], [[FirefoxDriver: firefox on LINUX (358f877c-4143-452f-ab4d-589327eb2715)] -> xpath: //p//word], [[FirefoxDriver: firefox on LINUX (358f877c-4143-452f-ab4d-589327eb2715)] -> xpath: //p//word], [[FirefoxDriver: firefox on LINUX (358f877c-4143-452f-ab4d-589327eb2715)] -> xpath: //p//word], [[FirefoxDriver: firefox on LINUX (358f877c-4143-452f-ab4d-589327eb2715)] -> xpath: //p//word], [[FirefoxDriver: firefox on LINUX (358f877c-4143-452f-ab4d-589327eb2715)] -> xpath: //p//word], [[FirefoxDriver: firefox on LINUX (358f877c-4143-452f-ab4d-589327eb2715)] -> xpath: //p//word], [[FirefoxDriver: firefox on LINUX (358f877c-4143-452f-ab4d-589327eb2715)] -> xpath: //p//word], [[FirefoxDriver: firefox on LINUX (358f877c-4143-452f-ab4d-589327eb2715)] -> xpath: //p//word], [[FirefoxDriver: firefox on LINUX (358f877c-4143-452f-ab4d-589327eb2715)] -> xpath: //p//word], [[FirefoxDriver: firefox on LINUX (358f877c-4143-452f-ab4d-589327eb2715)] -> xpath: //p//word], [[FirefoxDriver: firefox on LINUX (358f877c-4143-452f-ab4d-589327eb2715)] -> xpath: //p//word], [[FirefoxDriver: firefox on LINUX (358f877c-4143-452f-ab4d-589327eb2715)] -> xpath: //p//word], [[FirefoxDriver: firefox on LINUX (358f877c-4143-452f-ab4d-589327eb2715)] -> xpath: //p//word], [[FirefoxDriver: firefox on LINUX (358f877c-4143-452f-ab4d-589327eb2715)] -> xpath: //p//word], [[FirefoxDriver: firefox on LINUX (358f877c-4143-452f-ab4d-589327eb2715)] -> xpath: //p//word], [[FirefoxDriver: firefox on LINUX (358f877c-4143-452f-ab4d-589327eb2715)] -> xpath: //p//word], [[FirefoxDriver: firefox on LINUX (358f877c-4143-452f-ab4d-589327eb2715)] -> xpath: //p//word], [[FirefoxDriver: firefox on LINUX (358f877c-4143-452f-ab4d-589327eb2715)] -> xpath: //p//word], [[FirefoxDriver: firefox on LINUX (358f877c-4143-452f-ab4d-589327eb2715)] -> xpath: //p//word], [[FirefoxDriver: firefox on LINUX (358f877c-4143-452f-ab4d-589327eb2715)] -> xpath: //p//word], [[FirefoxDriver: firefox on LINUX (358f877c-4143-452f-ab4d-589327eb2715)] -> xpath: //p//word], [[FirefoxDriver: firefox on LINUX (358f877c-4143-452f-ab4d-589327eb2715)] -> xpath: //p//word], [[FirefoxDriver: firefox on LINUX (358f877c-4143-452f-ab4d-589327eb2715)] -> xpath: //p//word], [[FirefoxDriver: firefox on LINUX (358f877c-4143-452f-ab4d-589327eb2715)] -> xpath: //p//word], [[FirefoxDriver: firefox on LINUX (358f877c-4143-452f-ab4d-589327eb2715)] -> xpath: //p//word], [[FirefoxDriver: firefox on LINUX (358f877c-4143-452f-ab4d-589327eb2715)] -> xpath: //p//word], [[FirefoxDriver: firefox on LINUX (358f877c-4143-452f-ab4d-589327eb2715)] -> xpath: //p//word], [[FirefoxDriver: firefox on LINUX (358f877c-4143-452f-ab4d-589327eb2715)] -> xpath: //p//word], [[FirefoxDriver: firefox on LINUX (358f877c-4143-452f-ab4d-589327eb2715)] -> xpath: //p//word], [[FirefoxDriver: firefox on LINUX (358f877c-4143-452f-ab4d-589327eb2715)] -> xpath: //p//word], [[FirefoxDriver: firefox on LINUX (358f877c-4143-452f-ab4d-589327eb2715)] -> xpath: //p//word], [[FirefoxDriver: firefox on LINUX (358f877c-4143-452f-ab4d-589327eb2715)] -> xpath: //p//word], [[FirefoxDriver: firefox on LINUX (358f877c-4143-452f-ab4d-589327eb2715)] -> xpath: //p//word], [[FirefoxDriver: firefox on LINUX (358f877c-4143-452f-ab4d-589327eb2715)] -> xpath: //p//word], [[FirefoxDriver: firefox on LINUX (358f877c-4143-452f-ab4d-589327eb2715)] -> xpath: //p//word], [[FirefoxDriver: firefox on LINUX (358f877c-4143-452f-ab4d-589327eb2715)] -> xpath: //p//word], [[FirefoxDriver: firefox on LINUX (358f877c-4143-452f-ab4d-589327eb2715)] -> xpath: //p//word], [[FirefoxDriver: firefox on LINUX (358f877c-4143-452f-ab4d-589327eb2715)] -> xpath: //p//word], [[FirefoxDriver: firefox on LINUX (358f877c-4143-452f-ab4d-589327eb2715)] -> xpath: //p//word], [[FirefoxDriver: firefox on LINUX (358f877c-4143-452f-ab4d-589327eb2715)] -> xpath: //p//word], [[FirefoxDriver: firefox on LINUX (358f877c-4143-452f-ab4d-589327eb2715)] -> xpath: //p//word], [[FirefoxDriver: firefox on LINUX (358f877c-4143-452f-ab4d-589327eb2715)] -> xpath: //p//word], [[FirefoxDriver: firefox on LINUX (358f877c-4143-452f-ab4d-589327eb2715)] -> xpath: //p//word], [[FirefoxDriver: firefox on LINUX (358f877c-4143-452f-ab4d-589327eb2715)] -> xpath: //p//word], [[FirefoxDriver: firefox on LINUX (358f877c-4143-452f-ab4d-589327eb2715)] -> xpath: //p//word], [[FirefoxDriver: firefox on LINUX (358f877c-4143-452f-ab4d-589327eb2715)] -> xpath: //p//word], [[FirefoxDriver: firefox on LINUX (358f877c-4143-452f-ab4d-589327eb2715)] -> xpath: //p//word], [[FirefoxDriver: firefox on LINUX (358f877c-4143-452f-ab4d-589327eb2715)] -> xpath: //p//word], [[FirefoxDriver: firefox on LINUX (358f877c-4143-452f-ab4d-589327eb2715)] -> xpath: //p//word], [[FirefoxDriver: firefox on LINUX (358f877c-4143-452f-ab4d-589327eb2715)] -> xpath: //p//word], [[FirefoxDriver: firefox on LINUX (358f877c-4143-452f-ab4d-589327eb2715)] -> xpath: //p//word], [[FirefoxDriver: firefox on LINUX (358f877c-4143-452f-ab4d-589327eb2715)] -> xpath: //p//word], [[FirefoxDriver: firefox on LINUX (358f877c-4143-452f-ab4d-589327eb2715)] -> xpath: //p//word], [[FirefoxDriver: firefox on LINUX (358f877c-4143-452f-ab4d-589327eb2715)] -> xpath: //p//word], [[FirefoxDriver: firefox on LINUX (358f877c-4143-452f-ab4d-589327eb2715)] -> xpath: //p//word], [[FirefoxDriver: firefox on LINUX (358f877c-4143-452f-ab4d-589327eb2715)] -> xpath: //p//word], [[FirefoxDriver: firefox on LINUX (358f877c-4143-452f-ab4d-589327eb2715)] -> xpath: //p//word], [[FirefoxDriver: firefox on LINUX (358f877c-4143-452f-ab4d-589327eb2715)] -> xpath: //p//word], [[FirefoxDriver: firefox on LINUX (358f877c-4143-452f-ab4d-589327eb2715)] -> xpath: //p//word], [[FirefoxDriver: firefox on LINUX (358f877c-4143-452f-ab4d-589327eb2715)] -> xpath: //p//word], [[FirefoxDriver: firefox on LINUX (358f877c-4143-452f-ab4d-589327eb2715)] -> xpath: //p//word], [[FirefoxDriver: firefox on LINUX (358f877c-4143-452f-ab4d-589327eb2715)] -> xpath: //p//word], [[FirefoxDriver: firefox on LINUX (358f877c-4143-452f-ab4d-589327eb2715)] -> xpath: //p//word], [[FirefoxDriver: firefox on LINUX (358f877c-4143-452f-ab4d-589327eb2715)] -> xpath: //p//word], [[FirefoxDriver: firefox on LINUX (358f877c-4143-452f-ab4d-589327eb2715)] -> xpath: //p//word], [[FirefoxDriver: firefox on LINUX (358f877c-4143-452f-ab4d-589327eb2715)] -> xpath: //p//word], [[FirefoxDriver: firefox on LINUX (358f877c-4143-452f-ab4d-589327eb2715)] -> xpath: //p//word], [[FirefoxDriver: firefox on LINUX (358f877c-4143-452f-ab4d-589327eb2715)] -> xpath: //p//word], [[FirefoxDriver: firefox on LINUX (358f877c-4143-452f-ab4d-589327eb2715)] -> xpath: //p//word], [[FirefoxDriver: firefox on LINUX (358f877c-4143-452f-ab4d-589327eb2715)] -> xpath: //p//word], [[FirefoxDriver: firefox on LINUX (358f877c-4143-452f-ab4d-589327eb2715)] -> xpath: //p//word], [[FirefoxDriver: firefox on LINUX (358f877c-4143-452f-ab4d-589327eb2715)] -> xpath: //p//word], [[FirefoxDriver: firefox on LINUX (358f877c-4143-452f-ab4d-589327eb2715)] -> xpath: //p//word], [[FirefoxDriver: firefox on LINUX (358f877c-4143-452f-ab4d-589327eb2715)] -> xpath: //p//word], [[FirefoxDriver: firefox on LINUX (358f877c-4143-452f-ab4d-589327eb2715)] -> xpath: //p//word], [[FirefoxDriver: firefox on LINUX (358f877c-4143-452f-ab4d-589327eb2715)] -> xpath: //p//word], [[FirefoxDriver: firefox on LINUX (358f877c-4143-452f-ab4d-589327eb2715)] -> xpath: //p//word], [[FirefoxDriver: firefox on LINUX (358f877c-4143-452f-ab4d-589327eb2715)] -> xpath: //p//word], [[FirefoxDriver: firefox on LINUX (358f877c-4143-452f-ab4d-589327eb2715)] -> xpath: //p//word], [[FirefoxDriver: firefox on LINUX (358f877c-4143-452f-ab4d-589327eb2715)] -> xpath: //p//word], [[FirefoxDriver: firefox on LINUX (358f877c-4143-452f-ab4d-589327eb2715)] -> xpath: //p//word], [[FirefoxDriver: firefox on LINUX (358f877c-4143-452f-ab4d-589327eb2715)] -> xpath: //p//word], [[FirefoxDriver: firefox on LINUX (358f877c-4143-452f-ab4d-589327eb2715)] -> xpath: //p//word], [[FirefoxDriver: firefox on LINUX (358f877c-4143-452f-ab4d-589327eb2715)] -> xpath: //p//word], [[FirefoxDriver: firefox on LINUX (358f877c-4143-452f-ab4d-589327eb2715)] -> xpath: //p//word], [[FirefoxDriver: firefox on LINUX (358f877c-4143-452f-ab4d-589327eb2715)] -> xpath: //p//word], [[FirefoxDriver: firefox on LINUX (358f877c-4143-452f-ab4d-589327eb2715)] -> xpath: //p//word], [[FirefoxDriver: firefox on LINUX (358f877c-4143-452f-ab4d-589327eb2715)] -> xpath: //p//word], [[FirefoxDriver: firefox on LINUX (358f877c-4143-452f-ab4d-589327eb2715)] -> xpath: //p//word], [[FirefoxDriver: firefox on LINUX (358f877c-4143-452f-ab4d-589327eb2715)] -> xpath: //p//word], [[FirefoxDriver: firefox on LINUX (358f877c-4143-452f-ab4d-589327eb2715)] -> xpath: //p//word], [[FirefoxDriver: firefox on LINUX (358f877c-4143-452f-ab4d-589327eb2715)] -> xpath: //p//word], [[FirefoxDriver: firefox on LINUX (358f877c-4143-452f-ab4d-589327eb2715)] -> xpath: //p//word], [[FirefoxDriver: firefox on LINUX (358f877c-4143-452f-ab4d-589327eb2715)] -> xpath: //p//word], [[FirefoxDriver: firefox on LINUX (358f877c-4143-452f-ab4d-589327eb2715)] -> xpath: //p//word], [[FirefoxDriver: firefox on LINUX (358f877c-4143-452f-ab4d-589327eb2715)] -> xpath: //p//word], [[FirefoxDriver: firefox on LINUX (358f877c-4143-452f-ab4d-589327eb2715)] -> xpath: //p//word], [[FirefoxDriver: firefox on LINUX (358f877c-4143-452f-ab4d-589327eb2715)] -> xpath: //p//word], [[FirefoxDriver: firefox on LINUX (358f877c-4143-452f-ab4d-589327eb2715)] -> xpath: //p//word], [[FirefoxDriver: firefox on LINUX (358f877c-4143-452f-ab4d-589327eb2715)] -> xpath: //p//word], [[FirefoxDriver: firefox on LINUX (358f877c-4143-452f-ab4d-589327eb2715)] -> xpath: //p//word], [[FirefoxDriver: firefox on LINUX (358f877c-4143-452f-ab4d-589327eb2715)] -> xpath: //p//word], [[FirefoxDriver: firefox on LINUX (358f877c-4143-452f-ab4d-589327eb2715)] -> xpath: //p//word], [[FirefoxDriver: firefox on LINUX (358f877c-4143-452f-ab4d-589327eb2715)] -> xpath: //p//word], [[FirefoxDriver: firefox on LINUX (358f877c-4143-452f-ab4d-589327eb2715)] -> xpath: //p//word], [[FirefoxDriver: firefox on LINUX (358f877c-4143-452f-ab4d-589327eb2715)] -> xpath: //p//word], [[FirefoxDriver: firefox on LINUX (358f877c-4143-452f-ab4d-589327eb2715)] -> xpath: //p//word], [[FirefoxDriver: firefox on LINUX (358f877c-4143-452f-ab4d-589327eb2715)] -> xpath: //p//word], [[FirefoxDriver: firefox on LINUX (358f877c-4143-452f-ab4d-589327eb2715)] -> xpath: //p//word], [[FirefoxDriver: firefox on LINUX (358f877c-4143-452f-ab4d-589327eb2715)] -> xpath: //p//word], [[FirefoxDriver: firefox on LINUX (358f877c-4143-452f-ab4d-589327eb2715)] -> xpath: //p//word], [[FirefoxDriver: firefox on LINUX (358f877c-4143-452f-ab4d-589327eb2715)] -> xpath: //p//word], [[FirefoxDriver: firefox on LINUX (358f877c-4143-452f-ab4d-589327eb2715)] -> xpath: //p//word], [[FirefoxDriver: firefox on LINUX (358f877c-4143-452f-ab4d-589327eb2715)] -> xpath: //p//word], [[FirefoxDriver: firefox on LINUX (358f877c-4143-452f-ab4d-589327eb2715)] -> xpath: //p//word], [[FirefoxDriver: firefox on LINUX (358f877c-4143-452f-ab4d-589327eb2715)] -> xpath: //p//word], [[FirefoxDriver: firefox on LINUX (358f877c-4143-452f-ab4d-589327eb2715)] -> xpath: //p//word], [[FirefoxDriver: firefox on LINUX (358f877c-4143-452f-ab4d-589327eb2715)] -> xpath: //p//word], [[FirefoxDriver: firefox on LINUX (358f877c-4143-452f-ab4d-589327eb2715)] -> xpath: //p//word], [[FirefoxDriver: firefox on LINUX (358f877c-4143-452f-ab4d-589327eb2715)] -> xpath: //p//word], [[FirefoxDriver: firefox on LINUX (358f877c-4143-452f-ab4d-589327eb2715)] -> xpath: //p//word], [[FirefoxDriver: firefox on LINUX (358f877c-4143-452f-ab4d-589327eb2715)] -> xpath: //p//word], [[FirefoxDriver: firefox on LINUX (358f877c-4143-452f-ab4d-589327eb2715)] -> xpath: //p//word], [[FirefoxDriver: firefox on LINUX (358f877c-4143-452f-ab4d-589327eb2715)] -> xpath: //p//word], [[FirefoxDriver: firefox on LINUX (358f877c-4143-452f-ab4d-589327eb2715)] -> xpath: //p//word], [[FirefoxDriver: firefox on LINUX (358f877c-4143-452f-ab4d-589327eb2715)] -> xpath: //p//word], [[FirefoxDriver: firefox on LINUX (358f877c-4143-452f-ab4d-589327eb2715)] -> xpath: //p//word], [[FirefoxDriver: firefox on LINUX (358f877c-4143-452f-ab4d-589327eb2715)] -> xpath: //p//word], [[FirefoxDriver: firefox on LINUX (358f877c-4143-452f-ab4d-589327eb2715)] -> xpath: //p//word], [[FirefoxDriver: firefox on LINUX (358f877c-4143-452f-ab4d-589327eb2715)] -> xpath: //p//word], [[FirefoxDriver: firefox on LINUX (358f877c-4143-452f-ab4d-589327eb2715)] -> xpath: //p//word], [[FirefoxDriver: firefox on LINUX (358f877c-4143-452f-ab4d-589327eb2715)] -> xpath: //p//word], [[FirefoxDriver: firefox on LINUX (358f877c-4143-452f-ab4d-589327eb2715)] -> xpath: //p//word], [[FirefoxDriver: firefox on LINUX (358f877c-4143-452f-ab4d-589327eb2715)] -> xpath: //p//word], [[FirefoxDriver: firefox on LINUX (358f877c-4143-452f-ab4d-589327eb2715)] -> xpath: //p//word], [[FirefoxDriver: firefox on LINUX (358f877c-4143-452f-ab4d-589327eb2715)] -> xpath: //p//word], [[FirefoxDriver: firefox on LINUX (358f877c-4143-452f-ab4d-589327eb2715)] -> xpath: //p//word], [[FirefoxDriver: firefox on LINUX (358f877c-4143-452f-ab4d-589327eb2715)] -> xpath: //p//word], [[FirefoxDriver: firefox on LINUX (358f877c-4143-452f-ab4d-589327eb2715)] -> xpath: //p//word], [[FirefoxDriver: firefox on LINUX (358f877c-4143-452f-ab4d-589327eb2715)] -> xpath: //p//word], [[FirefoxDriver: firefox on LINUX (358f877c-4143-452f-ab4d-589327eb2715)] -> xpath: //p//word], [[FirefoxDriver: firefox on LINUX (358f877c-4143-452f-ab4d-589327eb2715)] -> xpath: //p//word], [[FirefoxDriver: firefox on LINUX (358f877c-4143-452f-ab4d-589327eb2715)] -> xpath: //p//word], [[FirefoxDriver: firefox on LINUX (358f877c-4143-452f-ab4d-589327eb2715)] -> xpath: //p//word], [[FirefoxDriver: firefox on LINUX (358f877c-4143-452f-ab4d-589327eb2715)] -> xpath: //p//word], [[FirefoxDriver: firefox on LINUX (358f877c-4143-452f-ab4d-589327eb2715)] -> xpath: //p//word], [[FirefoxDriver: firefox on LINUX (358f877c-4143-452f-ab4d-589327eb2715)] -> xpath: //p//word], [[FirefoxDriver: firefox on LINUX (358f877c-4143-452f-ab4d-589327eb2715)] -> xpath: //p//word], [[FirefoxDriver: firefox on LINUX (358f877c-4143-452f-ab4d-589327eb2715)] -> xpath: //p//word], [[FirefoxDriver: firefox on LINUX (358f877c-4143-452f-ab4d-589327eb2715)] -> xpath: //p//word], [[FirefoxDriver: firefox on LINUX (358f877c-4143-452f-ab4d-589327eb2715)] -> xpath: //p//word], [[FirefoxDriver: firefox on LINUX (358f877c-4143-452f-ab4d-589327eb2715)] -> xpath: //p//word], [[FirefoxDriver: firefox on LINUX (358f877c-4143-452f-ab4d-589327eb2715)] -> xpath: //p//word], [[FirefoxDriver: firefox on LINUX (358f877c-4143-452f-ab4d-589327eb2715)] -> xpath: //p//word], [[FirefoxDriver: firefox on LINUX (358f877c-4143-452f-ab4d-589327eb2715)] -> xpath: //p//word], [[FirefoxDriver: firefox on LINUX (358f877c-4143-452f-ab4d-589327eb2715)] -> xpath: //p//word], [[FirefoxDriver: firefox on LINUX (358f877c-4143-452f-ab4d-589327eb2715)] -> xpath: //p//word], [[FirefoxDriver: firefox on LINUX (358f877c-4143-452f-ab4d-589327eb2715)] -> xpath: //p//word], [[FirefoxDriver: firefox on LINUX (358f877c-4143-452f-ab4d-589327eb2715)] -> xpath: //p//word], [[FirefoxDriver: firefox on LINUX (358f877c-4143-452f-ab4d-589327eb2715)] -> xpath: //p//word], [[FirefoxDriver: firefox on LINUX (358f877c-4143-452f-ab4d-589327eb2715)] -> xpath: //p//word], [[FirefoxDriver: firefox on LINUX (358f877c-4143-452f-ab4d-589327eb2715)] -> xpath: //p//word], [[FirefoxDriver: firefox on LINUX (358f877c-4143-452f-ab4d-589327eb2715)] -> xpath: //p//word], [[FirefoxDriver: firefox on LINUX (358f877c-4143-452f-ab4d-589327eb2715)] -> xpath: //p//word], [[FirefoxDriver: firefox on LINUX (358f877c-4143-452f-ab4d-589327eb2715)] -> xpath: //p//word], [[FirefoxDriver: firefox on LINUX (358f877c-4143-452f-ab4d-589327eb2715)] -> xpath: //p//word], [[FirefoxDriver: firefox on LINUX (358f877c-4143-452f-ab4d-589327eb2715)] -> xpath: //p//word], [[FirefoxDriver: firefox on LINUX (358f877c-4143-452f-ab4d-589327eb2715)] -> xpath: //p//word], [[FirefoxDriver: firefox on LINUX (358f877c-4143-452f-ab4d-589327eb2715)] -> xpath: //p//word], [[FirefoxDriver: firefox on LINUX (358f877c-4143-452f-ab4d-589327eb2715)] -> xpath: //p//word], [[FirefoxDriver: firefox on LINUX (358f877c-4143-452f-ab4d-589327eb2715)] -> xpath: //p//word], [[FirefoxDriver: firefox on LINUX (358f877c-4143-452f-ab4d-589327eb2715)] -> xpath: //p//word], [[FirefoxDriver: firefox on LINUX (358f877c-4143-452f-ab4d-589327eb2715)] -> xpath: //p//word], [[FirefoxDriver: firefox on LINUX (358f877c-4143-452f-ab4d-589327eb2715)] -> xpath: //p//word], [[FirefoxDriver: firefox on LINUX (358f877c-4143-452f-ab4d-589327eb2715)] -> xpath: //p//word], [[FirefoxDriver: firefox on LINUX (358f877c-4143-452f-ab4d-589327eb2715)] -> xpath: //p//word], [[FirefoxDriver: firefox on LINUX (358f877c-4143-452f-ab4d-589327eb2715)] -> xpath: //p//word], [[FirefoxDriver: firefox on LINUX (358f877c-4143-452f-ab4d-589327eb2715)] -> xpath: //p//word], [[FirefoxDriver: firefox on LINUX (358f877c-4143-452f-ab4d-589327eb2715)] -> xpath: //p//word], [[FirefoxDriver: firefox on LINUX (358f877c-4143-452f-ab4d-589327eb2715)] -> xpath: //p//word], [[FirefoxDriver: firefox on LINUX (358f877c-4143-452f-ab4d-589327eb2715)] -> xpath: //p//word], [[FirefoxDriver: firefox on LINUX (358f877c-4143-452f-ab4d-589327eb2715)] -> xpath: //p//word], [[FirefoxDriver: firefox on LINUX (358f877c-4143-452f-ab4d-589327eb2715)] -> xpath: //p//word], [[FirefoxDriver: firefox on LINUX (358f877c-4143-452f-ab4d-589327eb2715)] -> xpath: //p//word], [[FirefoxDriver: firefox on LINUX (358f877c-4143-452f-ab4d-589327eb2715)] -> xpath: //p//word], [[FirefoxDriver: firefox on LINUX (358f877c-4143-452f-ab4d-589327eb2715)] -> xpath: //p//word], [[FirefoxDriver: firefox on LINUX (358f877c-4143-452f-ab4d-589327eb2715)] -> xpath: //p//word], [[FirefoxDriver: firefox on LINUX (358f877c-4143-452f-ab4d-589327eb2715)] -> xpath: //p//word], [[FirefoxDriver: firefox on LINUX (358f877c-4143-452f-ab4d-589327eb2715)] -> xpath: //p//word], [[FirefoxDriver: firefox on LINUX (358f877c-4143-452f-ab4d-589327eb2715)] -> xpath: //p//word], [[FirefoxDriver: firefox on LINUX (358f877c-4143-452f-ab4d-589327eb2715)] -> xpath: //p//word], [[FirefoxDriver: firefox on LINUX (358f877c-4143-452f-ab4d-589327eb2715)] -> xpath: //p//word], [[FirefoxDriver: firefox on LINUX (358f877c-4143-452f-ab4d-589327eb2715)] -> xpath: //p//word], [[FirefoxDriver: firefox on LINUX (358f877c-4143-452f-ab4d-589327eb2715)] -> xpath: //p//word], [[FirefoxDriver: firefox on LINUX (358f877c-4143-452f-ab4d-589327eb2715)] -> xpath: //p//word], [[FirefoxDriver: firefox on LINUX (358f877c-4143-452f-ab4d-589327eb2715)] -> xpath: //p//word], [[FirefoxDriver: firefox on LINUX (358f877c-4143-452f-ab4d-589327eb2715)] -> xpath: //p//word], [[FirefoxDriver: firefox on LINUX (358f877c-4143-452f-ab4d-589327eb2715)] -> xpath: //p//word], [[FirefoxDriver: firefox on LINUX (358f877c-4143-452f-ab4d-589327eb2715)] -> xpath: //p//word], [[FirefoxDriver: firefox on LINUX (358f877c-4143-452f-ab4d-589327eb2715)] -> xpath: //p//word], [[FirefoxDriver: firefox on LINUX (358f877c-4143-452f-ab4d-589327eb2715)] -> xpath: //p//word], [[FirefoxDriver: firefox on LINUX (358f877c-4143-452f-ab4d-589327eb2715)] -> xpath: //p//word], [[FirefoxDriver: firefox on LINUX (358f877c-4143-452f-ab4d-589327eb2715)] -> xpath: //p//word], [[FirefoxDriver: firefox on LINUX (358f877c-4143-452f-ab4d-589327eb2715)] -> xpath: //p//word], [[FirefoxDriver: firefox on LINUX (358f877c-4143-452f-ab4d-589327eb2715)] -> xpath: //p//word], [[FirefoxDriver: firefox on LINUX (358f877c-4143-452f-ab4d-589327eb2715)] -> xpath: //p//word], [[FirefoxDriver: firefox on LINUX (358f877c-4143-452f-ab4d-589327eb2715)] -> xpath: //p//word], [[FirefoxDriver: firefox on LINUX (358f877c-4143-452f-ab4d-589327eb2715)] -> xpath: //p//word], [[FirefoxDriver: firefox on LINUX (358f877c-4143-452f-ab4d-589327eb2715)] -> xpath: //p//word], [[FirefoxDriver: firefox on LINUX (358f877c-4143-452f-ab4d-589327eb2715)] -> xpath: //p//word], [[FirefoxDriver: firefox on LINUX (358f877c-4143-452f-ab4d-589327eb2715)] -> xpath: //p//word], [[FirefoxDriver: firefox on LINUX (358f877c-4143-452f-ab4d-589327eb2715)] -> xpath: //p//word], [[FirefoxDriver: firefox on LINUX (358f877c-4143-452f-ab4d-589327eb2715)] -> xpath: //p//word], [[FirefoxDriver: firefox on LINUX (358f877c-4143-452f-ab4d-589327eb2715)] -> xpath: //p//word], [[FirefoxDriver: firefox on LINUX (358f877c-4143-452f-ab4d-589327eb2715)] -> xpath: //p//word], [[FirefoxDriver: firefox on LINUX (358f877c-4143-452f-ab4d-589327eb2715)] -> xpath: //p//word], [[FirefoxDriver: firefox on LINUX (358f877c-4143-452f-ab4d-589327eb2715)] -> xpath: //p//word], [[FirefoxDriver: firefox on LINUX (358f877c-4143-452f-ab4d-589327eb2715)] -> xpath: //p//word], [[FirefoxDriver: firefox on LINUX (358f877c-4143-452f-ab4d-589327eb2715)] -> xpath: //p//word], [[FirefoxDriver: firefox on LINUX (358f877c-4143-452f-ab4d-589327eb2715)] -> xpath: //p//word], [[FirefoxDriver: firefox on LINUX (358f877c-4143-452f-ab4d-589327eb2715)] -> xpath: //p//word], [[FirefoxDriver: firefox on LINUX (358f877c-4143-452f-ab4d-589327eb2715)] -> xpath: //p//word], [[FirefoxDriver: firefox on LINUX (358f877c-4143-452f-ab4d-589327eb2715)] -> xpath: //p//word], [[FirefoxDriver: firefox on LINUX (358f877c-4143-452f-ab4d-589327eb2715)] -> xpath: //p//word], [[FirefoxDriver: firefox on LINUX (358f877c-4143-452f-ab4d-589327eb2715)] -> xpath: //p//word], [[FirefoxDriver: firefox on LINUX (358f877c-4143-452f-ab4d-589327eb2715)] -> xpath: //p//word], [[FirefoxDriver: firefox on LINUX (358f877c-4143-452f-ab4d-589327eb2715)] -> xpath: //p//word], [[FirefoxDriver: firefox on LINUX (358f877c-4143-452f-ab4d-589327eb2715)] -> xpath: //p//word], [[FirefoxDriver: firefox on LINUX (358f877c-4143-452f-ab4d-589327eb2715)] -> xpath: //p//word], [[FirefoxDriver: firefox on LINUX (358f877c-4143-452f-ab4d-589327eb2715)] -> xpath: //p//word], [[FirefoxDriver: firefox on LINUX (358f877c-4143-452f-ab4d-589327eb2715)] -> xpath: //p//word], [[FirefoxDriver: firefox on LINUX (358f877c-4143-452f-ab4d-589327eb2715)] -> xpath: //p//word], [[FirefoxDriver: firefox on LINUX (358f877c-4143-452f-ab4d-589327eb2715)] -> xpath: //p//word], [[FirefoxDriver: firefox on LINUX (358f877c-4143-452f-ab4d-589327eb2715)] -> xpath: //p//word], [[FirefoxDriver: firefox on LINUX (358f877c-4143-452f-ab4d-589327eb2715)] -> xpath: //p//word], [[FirefoxDriver: firefox on LINUX (358f877c-4143-452f-ab4d-589327eb2715)] -> xpath: //p//word], [[FirefoxDriver: firefox on LINUX (358f877c-4143-452f-ab4d-589327eb2715)] -> xpath: //p//word], [[FirefoxDriver: firefox on LINUX (358f877c-4143-452f-ab4d-589327eb2715)] -> xpath: //p//word], [[FirefoxDriver: firefox on LINUX (358f877c-4143-452f-ab4d-589327eb2715)] -> xpath: //p//word], [[FirefoxDriver: firefox on LINUX (358f877c-4143-452f-ab4d-589327eb2715)] -> xpath: //p//word], [[FirefoxDriver: firefox on LINUX (358f877c-4143-452f-ab4d-589327eb2715)] -> xpath: //p//word], [[FirefoxDriver: firefox on LINUX (358f877c-4143-452f-ab4d-589327eb2715)] -> xpath: //p//word], [[FirefoxDriver: firefox on LINUX (358f877c-4143-452f-ab4d-589327eb2715)] -> xpath: //p//word], [[FirefoxDriver: firefox on LINUX (358f877c-4143-452f-ab4d-589327eb2715)] -> xpath: //p//word], [[FirefoxDriver: firefox on LINUX (358f877c-4143-452f-ab4d-589327eb2715)] -> xpath: //p//word], [[FirefoxDriver: firefox on LINUX (358f877c-4143-452f-ab4d-589327eb2715)] -> xpath: //p//word], [[FirefoxDriver: firefox on LINUX (358f877c-4143-452f-ab4d-589327eb2715)] -> xpath: //p//word], [[FirefoxDriver: firefox on LINUX (358f877c-4143-452f-ab4d-589327eb2715)] -> xpath: //p//word], [[FirefoxDriver: firefox on LINUX (358f877c-4143-452f-ab4d-589327eb2715)] -> xpath: //p//word], [[FirefoxDriver: firefox on LINUX (358f877c-4143-452f-ab4d-589327eb2715)] -> xpath: //p//word], [[FirefoxDriver: firefox on LINUX (358f877c-4143-452f-ab4d-589327eb2715)] -> xpath: //p//word], [[FirefoxDriver: firefox on LINUX (358f877c-4143-452f-ab4d-589327eb2715)] -> xpath: //p//word], [[FirefoxDriver: firefox on LINUX (358f877c-4143-452f-ab4d-589327eb2715)] -> xpath: //p//word], [[FirefoxDriver: firefox on LINUX (358f877c-4143-452f-ab4d-589327eb2715)] -> xpath: //p//word], [[FirefoxDriver: firefox on LINUX (358f877c-4143-452f-ab4d-589327eb2715)] -> xpath: //p//word], [[FirefoxDriver: firefox on LINUX (358f877c-4143-452f-ab4d-589327eb2715)] -> xpath: //p//word], [[FirefoxDriver: firefox on LINUX (358f877c-4143-452f-ab4d-589327eb2715)] -> xpath: //p//word], [[FirefoxDriver: firefox on LINUX (358f877c-4143-452f-ab4d-589327eb2715)] -> xpath: //p//word], [[FirefoxDriver: firefox on LINUX (358f877c-4143-452f-ab4d-589327eb2715)] -> xpath: //p//word], [[FirefoxDriver: firefox on LINUX (358f877c-4143-452f-ab4d-589327eb2715)] -> xpath: //p//word], [[FirefoxDriver: firefox on LINUX (358f877c-4143-452f-ab4d-589327eb2715)] -> xpath: //p//word], [[FirefoxDriver: firefox on LINUX (358f877c-4143-452f-ab4d-589327eb2715)] -> xpath: //p//word], [[FirefoxDriver: firefox on LINUX (358f877c-4143-452f-ab4d-589327eb2715)] -> xpath: //p//word], [[FirefoxDriver: firefox on LINUX (358f877c-4143-452f-ab4d-589327eb2715)] -> xpath: //p//word], [[FirefoxDriver: firefox on LINUX (358f877c-4143-452f-ab4d-589327eb2715)] -> xpath: //p//word], [[FirefoxDriver: firefox on LINUX (358f877c-4143-452f-ab4d-589327eb2715)] -> xpath: //p//word], [[FirefoxDriver: firefox on LINUX (358f877c-4143-452f-ab4d-589327eb2715)] -> xpath: //p//word], [[FirefoxDriver: firefox on LINUX (358f877c-4143-452f-ab4d-589327eb2715)] -> xpath: //p//word], [[FirefoxDriver: firefox on LINUX (358f877c-4143-452f-ab4d-589327eb2715)] -> xpath: //p//word], [[FirefoxDriver: firefox on LINUX (358f877c-4143-452f-ab4d-589327eb2715)] -> xpath: //p//word], [[FirefoxDriver: firefox on LINUX (358f877c-4143-452f-ab4d-589327eb2715)] -> xpath: //p//word], [[FirefoxDriver: firefox on LINUX (358f877c-4143-452f-ab4d-589327eb2715)] -> xpath: //p//word], [[FirefoxDriver: firefox on LINUX (358f877c-4143-452f-ab4d-589327eb2715)] -> xpath: //p//word], [[FirefoxDriver: firefox on LINUX (358f877c-4143-452f-ab4d-589327eb2715)] -> xpath: //p//word], [[FirefoxDriver: firefox on LINUX (358f877c-4143-452f-ab4d-589327eb2715)] -> xpath: //p//word], [[FirefoxDriver: firefox on LINUX (358f877c-4143-452f-ab4d-589327eb2715)] -> xpath: //p//word], [[FirefoxDriver: firefox on LINUX (358f877c-4143-452f-ab4d-589327eb2715)] -> xpath: //p//word], [[FirefoxDriver: firefox on LINUX (358f877c-4143-452f-ab4d-589327eb2715)] -> xpath: //p//word], [[FirefoxDriver: firefox on LINUX (358f877c-4143-452f-ab4d-589327eb2715)] -> xpath: //p//word], [[FirefoxDriver: firefox on LINUX (358f877c-4143-452f-ab4d-589327eb2715)] -> xpath: //p//word], [[FirefoxDriver: firefox on LINUX (358f877c-4143-452f-ab4d-589327eb2715)] -> xpath: //p//word], [[FirefoxDriver: firefox on LINUX (358f877c-4143-452f-ab4d-589327eb2715)] -> xpath: //p//word], [[FirefoxDriver: firefox on LINUX (358f877c-4143-452f-ab4d-589327eb2715)] -> xpath: //p//word], [[FirefoxDriver: firefox on LINUX (358f877c-4143-452f-ab4d-589327eb2715)] -> xpath: //p//word], [[FirefoxDriver: firefox on LINUX (358f877c-4143-452f-ab4d-589327eb2715)] -> xpath: //p//word], [[FirefoxDriver: firefox on LINUX (358f877c-4143-452f-ab4d-589327eb2715)] -> xpath: //p//word], [[FirefoxDriver: firefox on LINUX (358f877c-4143-452f-ab4d-589327eb2715)] -> xpath: //p//word], [[FirefoxDriver: firefox on LINUX (358f877c-4143-452f-ab4d-589327eb2715)] -> xpath: //p//word], [[FirefoxDriver: firefox on LINUX (358f877c-4143-452f-ab4d-589327eb2715)] -> xpath: //p//word], [[FirefoxDriver: firefox on LINUX (358f877c-4143-452f-ab4d-589327eb2715)] -> xpath: //p//word], [[FirefoxDriver: firefox on LINUX (358f877c-4143-452f-ab4d-589327eb2715)] -> xpath: //p//word], [[FirefoxDriver: firefox on LINUX (358f877c-4143-452f-ab4d-589327eb2715)] -> xpath: //p//word], [[FirefoxDriver: firefox on LINUX (358f877c-4143-452f-ab4d-589327eb2715)] -> xpath: //p//word], [[FirefoxDriver: firefox on LINUX (358f877c-4143-452f-ab4d-589327eb2715)] -> xpath: //p//word], [[FirefoxDriver: firefox on LINUX (358f877c-4143-452f-ab4d-589327eb2715)] -> xpath: //p//word], [[FirefoxDriver: firefox on LINUX (358f877c-4143-452f-ab4d-589327eb2715)] -> xpath: //p//word], [[FirefoxDriver: firefox on LINUX (358f877c-4143-452f-ab4d-589327eb2715)] -> xpath: //p//word], [[FirefoxDriver: firefox on LINUX (358f877c-4143-452f-ab4d-589327eb2715)] -> xpath: //p//word], [[FirefoxDriver: firefox on LINUX (358f877c-4143-452f-ab4d-589327eb2715)] -> xpath: //p//word], [[FirefoxDriver: firefox on LINUX (358f877c-4143-452f-ab4d-589327eb2715)] -> xpath: //p//word], [[FirefoxDriver: firefox on LINUX (358f877c-4143-452f-ab4d-589327eb2715)] -> xpath: //p//word], [[FirefoxDriver: firefox on LINUX (358f877c-4143-452f-ab4d-589327eb2715)] -> xpath: //p//word], [[FirefoxDriver: firefox on LINUX (358f877c-4143-452f-ab4d-589327eb2715)] -> xpath: //p//word], [[FirefoxDriver: firefox on LINUX (358f877c-4143-452f-ab4d-589327eb2715)] -> xpath: //p//word], [[FirefoxDriver: firefox on LINUX (358f877c-4143-452f-ab4d-589327eb2715)] -> xpath: //p//word], [[FirefoxDriver: firefox on LINUX (358f877c-4143-452f-ab4d-589327eb2715)] -> xpath: //p//word], [[FirefoxDriver: firefox on LINUX (358f877c-4143-452f-ab4d-589327eb2715)] -> xpath: //p//word], [[FirefoxDriver: firefox on LINUX (358f877c-4143-452f-ab4d-589327eb2715)] -> xpath: //p//word], [[FirefoxDriver: firefox on LINUX (358f877c-4143-452f-ab4d-589327eb2715)] -> xpath: //p//word], [[FirefoxDriver: firefox on LINUX (358f877c-4143-452f-ab4d-589327eb2715)] -> xpath: //p//word], [[FirefoxDriver: firefox on LINUX (358f877c-4143-452f-ab4d-589327eb2715)] -> xpath: //p//word], [[FirefoxDriver: firefox on LINUX (358f877c-4143-452f-ab4d-589327eb2715)] -> xpath: //p//word], [[FirefoxDriver: firefox on LINUX (358f877c-4143-452f-ab4d-589327eb2715)] -> xpath: //p//word], [[FirefoxDriver: firefox on LINUX (358f877c-4143-452f-ab4d-589327eb2715)] -> xpath: //p//word], [[FirefoxDriver: firefox on LINUX (358f877c-4143-452f-ab4d-589327eb2715)] -> xpath: //p//word], [[FirefoxDriver: firefox on LINUX (358f877c-4143-452f-ab4d-589327eb2715)] -> xpath: //p//word], [[FirefoxDriver: firefox on LINUX (358f877c-4143-452f-ab4d-589327eb2715)] -> xpath: //p//word], [[FirefoxDriver: firefox on LINUX (358f877c-4143-452f-ab4d-589327eb2715)] -> xpath: //p//word], [[FirefoxDriver: firefox on LINUX (358f877c-4143-452f-ab4d-589327eb2715)] -> xpath: //p//word], [[FirefoxDriver: firefox on LINUX (358f877c-4143-452f-ab4d-589327eb2715)] -> xpath: //p//word], [[FirefoxDriver: firefox on LINUX (358f877c-4143-452f-ab4d-589327eb2715)] -> xpath: //p//word], [[FirefoxDriver: firefox on LINUX (358f877c-4143-452f-ab4d-589327eb2715)] -> xpath: //p//word], [[FirefoxDriver: firefox on LINUX (358f877c-4143-452f-ab4d-589327eb2715)] -> xpath: //p//word], [[FirefoxDriver: firefox on LINUX (358f877c-4143-452f-ab4d-589327eb2715)] -> xpath: //p//word], [[FirefoxDriver: firefox on LINUX (358f877c-4143-452f-ab4d-589327eb2715)] -> xpath: //p//word], [[FirefoxDriver: firefox on LINUX (358f877c-4143-452f-ab4d-589327eb2715)] -> xpath: //p//word], [[FirefoxDriver: firefox on LINUX (358f877c-4143-452f-ab4d-589327eb2715)] -> xpath: //p//word], [[FirefoxDriver: firefox on LINUX (358f877c-4143-452f-ab4d-589327eb2715)] -> xpath: //p//word], [[FirefoxDriver: firefox on LINUX (358f877c-4143-452f-ab4d-589327eb2715)] -> xpath: //p//word], [[FirefoxDriver: firefox on LINUX (358f877c-4143-452f-ab4d-589327eb2715)] -> xpath: //p//word], [[FirefoxDriver: firefox on LINUX (358f877c-4143-452f-ab4d-589327eb2715)] -> xpath: //p//word], [[FirefoxDriver: firefox on LINUX (358f877c-4143-452f-ab4d-589327eb2715)] -> xpath: //p//word], [[FirefoxDriver: firefox on LINUX (358f877c-4143-452f-ab4d-589327eb2715)] -> xpath: //p//word], [[FirefoxDriver: firefox on LINUX (358f877c-4143-452f-ab4d-589327eb2715)] -> xpath: //p//word], [[FirefoxDriver: firefox on LINUX (358f877c-4143-452f-ab4d-589327eb2715)] -> xpath: //p//word], [[FirefoxDriver: firefox on LINUX (358f877c-4143-452f-ab4d-589327eb2715)] -> xpath: //p//word], [[FirefoxDriver: firefox on LINUX (358f877c-4143-452f-ab4d-589327eb2715)] -> xpath: //p//word], [[FirefoxDriver: firefox on LINUX (358f877c-4143-452f-ab4d-589327eb2715)] -> xpath: //p//word], [[FirefoxDriver: firefox on LINUX (358f877c-4143-452f-ab4d-589327eb2715)] -> xpath: //p//word], [[FirefoxDriver: firefox on LINUX (358f877c-4143-452f-ab4d-589327eb2715)] -> xpath: //p//word], [[FirefoxDriver: firefox on LINUX (358f877c-4143-452f-ab4d-589327eb2715)] -> xpath: //p//word], [[FirefoxDriver: firefox on LINUX (358f877c-4143-452f-ab4d-589327eb2715)] -> xpath: //p//word], [[FirefoxDriver: firefox on LINUX (358f877c-4143-452f-ab4d-589327eb2715)] -> xpath: //p//word], [[FirefoxDriver: firefox on LINUX (358f877c-4143-452f-ab4d-589327eb2715)] -> xpath: //p//word], [[FirefoxDriver: firefox on LINUX (358f877c-4143-452f-ab4d-589327eb2715)] -> xpath: //p//word], [[FirefoxDriver: firefox on LINUX (358f877c-4143-452f-ab4d-589327eb2715)] -> xpath: //p//word], [[FirefoxDriver: firefox on LINUX (358f877c-4143-452f-ab4d-589327eb2715)] -> xpath: //p//word], [[FirefoxDriver: firefox on LINUX (358f877c-4143-452f-ab4d-589327eb2715)] -> xpath: //p//word], [[FirefoxDriver: firefox on LINUX (358f877c-4143-452f-ab4d-589327eb2715)] -> xpath: //p//word], [[FirefoxDriver: firefox on LINUX (358f877c-4143-452f-ab4d-589327eb2715)] -> xpath: //p//word], [[FirefoxDriver: firefox on LINUX (358f877c-4143-452f-ab4d-589327eb2715)] -> xpath: //p//word], [[FirefoxDriver: firefox on LINUX (358f877c-4143-452f-ab4d-589327eb2715)] -> xpath: //p//word], [[FirefoxDriver: firefox on LINUX (358f877c-4143-452f-ab4d-589327eb2715)] -> xpath: //p//word], [[FirefoxDriver: firefox on LINUX (358f877c-4143-452f-ab4d-589327eb2715)] -> xpath: //p//word], [[FirefoxDriver: firefox on LINUX (358f877c-4143-452f-ab4d-589327eb2715)] -> xpath: //p//word], [[FirefoxDriver: firefox on LINUX (358f877c-4143-452f-ab4d-589327eb2715)] -> xpath: //p//word], [[FirefoxDriver: firefox on LINUX (358f877c-4143-452f-ab4d-589327eb2715)] -> xpath: //p//word], [[FirefoxDriver: firefox on LINUX (358f877c-4143-452f-ab4d-589327eb2715)] -> xpath: //p//word], [[FirefoxDriver: firefox on LINUX (358f877c-4143-452f-ab4d-589327eb2715)] -> xpath: //p//word], [[FirefoxDriver: firefox on LINUX (358f877c-4143-452f-ab4d-589327eb2715)] -> xpath: //p//word], [[FirefoxDriver: firefox on LINUX (358f877c-4143-452f-ab4d-589327eb2715)] -> xpath: //p//word], [[FirefoxDriver: firefox on LINUX (358f877c-4143-452f-ab4d-589327eb2715)] -> xpath: //p//word], [[FirefoxDriver: firefox on LINUX (358f877c-4143-452f-ab4d-589327eb2715)] -> xpath: //p//word], [[FirefoxDriver: firefox on LINUX (358f877c-4143-452f-ab4d-589327eb2715)] -> xpath: //p//word], [[FirefoxDriver: firefox on LINUX (358f877c-4143-452f-ab4d-589327eb2715)] -> xpath: //p//word], [[FirefoxDriver: firefox on LINUX (358f877c-4143-452f-ab4d-589327eb2715)] -> xpath: //p//word], [[FirefoxDriver: firefox on LINUX (358f877c-4143-452f-ab4d-589327eb2715)] -> xpath: //p//word], [[FirefoxDriver: firefox on LINUX (358f877c-4143-452f-ab4d-589327eb2715)] -> xpath: //p//word], [[FirefoxDriver: firefox on LINUX (358f877c-4143-452f-ab4d-589327eb2715)] -> xpath: //p//word], [[FirefoxDriver: firefox on LINUX (358f877c-4143-452f-ab4d-589327eb2715)] -> xpath: //p//word], [[FirefoxDriver: firefox on LINUX (358f877c-4143-452f-ab4d-589327eb2715)] -> xpath: //p//word], [[FirefoxDriver: firefox on LINUX (358f877c-4143-452f-ab4d-589327eb2715)] -> xpath: //p//word], [[FirefoxDriver: firefox on LINUX (358f877c-4143-452f-ab4d-589327eb2715)] -> xpath: //p//word], [[FirefoxDriver: firefox on LINUX (358f877c-4143-452f-ab4d-589327eb2715)] -> xpath: //p//word], [[FirefoxDriver: firefox on LINUX (358f877c-4143-452f-ab4d-589327eb2715)] -> xpath: //p//word], [[FirefoxDriver: firefox on LINUX (358f877c-4143-452f-ab4d-589327eb2715)] -> xpath: //p//word], [[FirefoxDriver: firefox on LINUX (358f877c-4143-452f-ab4d-589327eb2715)] -> xpath: //p//word], [[FirefoxDriver: firefox on LINUX (358f877c-4143-452f-ab4d-589327eb2715)] -> xpath: //p//word], [[FirefoxDriver: firefox on LINUX (358f877c-4143-452f-ab4d-589327eb2715)] -> xpath: //p//word], [[FirefoxDriver: firefox on LINUX (358f877c-4143-452f-ab4d-589327eb2715)] -> xpath: //p//word], [[FirefoxDriver: firefox on LINUX (358f877c-4143-452f-ab4d-589327eb2715)] -> xpath: //p//word], [[FirefoxDriver: firefox on LINUX (358f877c-4143-452f-ab4d-589327eb2715)] -> xpath: //p//word], [[FirefoxDriver: firefox on LINUX (358f877c-4143-452f-ab4d-589327eb2715)] -> xpath: //p//word], [[FirefoxDriver: firefox on LINUX (358f877c-4143-452f-ab4d-589327eb2715)] -> xpath: //p//word], [[FirefoxDriver: firefox on LINUX (358f877c-4143-452f-ab4d-589327eb2715)] -> xpath: //p//word], [[FirefoxDriver: firefox on LINUX (358f877c-4143-452f-ab4d-589327eb2715)] -> xpath: //p//word], [[FirefoxDriver: firefox on LINUX (358f877c-4143-452f-ab4d-589327eb2715)] -> xpath: //p//word], [[FirefoxDriver: firefox on LINUX (358f877c-4143-452f-ab4d-589327eb2715)] -> xpath: //p//word], [[FirefoxDriver: firefox on LINUX (358f877c-4143-452f-ab4d-589327eb2715)] -> xpath: //p//word], [[FirefoxDriver: firefox on LINUX (358f877c-4143-452f-ab4d-589327eb2715)] -> xpath: //p//word], [[FirefoxDriver: firefox on LINUX (358f877c-4143-452f-ab4d-589327eb2715)] -> xpath: //p//word], [[FirefoxDriver: firefox on LINUX (358f877c-4143-452f-ab4d-589327eb2715)] -> xpath: //p//word], [[FirefoxDriver: firefox on LINUX (358f877c-4143-452f-ab4d-589327eb2715)] -> xpath: //p//word], [[FirefoxDriver: firefox on LINUX (358f877c-4143-452f-ab4d-589327eb2715)] -> xpath: //p//word], [[FirefoxDriver: firefox on LINUX (358f877c-4143-452f-ab4d-589327eb2715)] -> xpath: //p//word], [[FirefoxDriver: firefox on LINUX (358f877c-4143-452f-ab4d-589327eb2715)] -> xpath: //p//word], [[FirefoxDriver: firefox on LINUX (358f877c-4143-452f-ab4d-589327eb2715)] -> xpath: //p//word], [[FirefoxDriver: firefox on LINUX (358f877c-4143-452f-ab4d-589327eb2715)] -> xpath: //p//word], [[FirefoxDriver: firefox on LINUX (358f877c-4143-452f-ab4d-589327eb2715)] -> xpath: //p//word], [[FirefoxDriver: firefox on LINUX (358f877c-4143-452f-ab4d-589327eb2715)] -> xpath: //p//word], [[FirefoxDriver: firefox on LINUX (358f877c-4143-452f-ab4d-589327eb2715)] -> xpath: //p//word], [[FirefoxDriver: firefox on LINUX (358f877c-4143-452f-ab4d-589327eb2715)] -> xpath: //p//word], [[FirefoxDriver: firefox on LINUX (358f877c-4143-452f-ab4d-589327eb2715)] -> xpath: //p//word], [[FirefoxDriver: firefox on LINUX (358f877c-4143-452f-ab4d-589327eb2715)] -> xpath: //p//word], [[FirefoxDriver: firefox on LINUX (358f877c-4143-452f-ab4d-589327eb2715)] -> xpath: //p//word], [[FirefoxDriver: firefox on LINUX (358f877c-4143-452f-ab4d-589327eb2715)] -> xpath: //p//word], [[FirefoxDriver: firefox on LINUX (358f877c-4143-452f-ab4d-589327eb2715)] -> xpath: //p//word], [[FirefoxDriver: firefox on LINUX (358f877c-4143-452f-ab4d-589327eb2715)] -> xpath: //p//word], [[FirefoxDriver: firefox on LINUX (358f877c-4143-452f-ab4d-589327eb2715)] -> xpath: //p//word], [[FirefoxDriver: firefox on LINUX (358f877c-4143-452f-ab4d-589327eb2715)] -> xpath: //p//word], [[FirefoxDriver: firefox on LINUX (358f877c-4143-452f-ab4d-589327eb2715)] -> xpath: //p//word], [[FirefoxDriver: firefox on LINUX (358f877c-4143-452f-ab4d-589327eb2715)] -> xpath: //p//word], [[FirefoxDriver: firefox on LINUX (358f877c-4143-452f-ab4d-589327eb2715)] -> xpath: //p//word], [[FirefoxDriver: firefox on LINUX (358f877c-4143-452f-ab4d-589327eb2715)] -> xpath: //p//word], [[FirefoxDriver: firefox on LINUX (358f877c-4143-452f-ab4d-589327eb2715)] -> xpath: //p//word], [[FirefoxDriver: firefox on LINUX (358f877c-4143-452f-ab4d-589327eb2715)] -> xpath: //p//word], [[FirefoxDriver: firefox on LINUX (358f877c-4143-452f-ab4d-589327eb2715)] -> xpath: //p//word], [[FirefoxDriver: firefox on LINUX (358f877c-4143-452f-ab4d-589327eb2715)] -> xpath: //p//word], [[FirefoxDriver: firefox on LINUX (358f877c-4143-452f-ab4d-589327eb2715)] -> xpath: //p//word], [[FirefoxDriver: firefox on LINUX (358f877c-4143-452f-ab4d-589327eb2715)] -> xpath: //p//word], [[FirefoxDriver: firefox on LINUX (358f877c-4143-452f-ab4d-589327eb2715)] -> xpath: //p//word], [[FirefoxDriver: firefox on LINUX (358f877c-4143-452f-ab4d-589327eb2715)] -> xpath: //p//word], [[FirefoxDriver: firefox on LINUX (358f877c-4143-452f-ab4d-589327eb2715)] -> xpath: //p//word], [[FirefoxDriver: firefox on LINUX (358f877c-4143-452f-ab4d-589327eb2715)] -> xpath: //p//word], [[FirefoxDriver: firefox on LINUX (358f877c-4143-452f-ab4d-589327eb2715)] -> xpath: //p//word], [[FirefoxDriver: firefox on LINUX (358f877c-4143-452f-ab4d-589327eb2715)] -> xpath: //p//word], [[FirefoxDriver: firefox on LINUX (358f877c-4143-452f-ab4d-589327eb2715)] -> xpath: //p//word], [[FirefoxDriver: firefox on LINUX (358f877c-4143-452f-ab4d-589327eb2715)] -> xpath: //p//word], [[FirefoxDriver: firefox on LINUX (358f877c-4143-452f-ab4d-589327eb2715)] -> xpath: //p//word], [[FirefoxDriver: firefox on LINUX (358f877c-4143-452f-ab4d-589327eb2715)] -> xpath: //p//word], [[FirefoxDriver: firefox on LINUX (358f877c-4143-452f-ab4d-589327eb2715)] -> xpath: //p//word], [[FirefoxDriver: firefox on LINUX (358f877c-4143-452f-ab4d-589327eb2715)] -> xpath: //p//word], [[FirefoxDriver: firefox on LINUX (358f877c-4143-452f-ab4d-589327eb2715)] -> xpath: //p//word], [[FirefoxDriver: firefox on LINUX (358f877c-4143-452f-ab4d-589327eb2715)] -> xpath: //p//word], [[FirefoxDriver: firefox on LINUX (358f877c-4143-452f-ab4d-589327eb2715)] -> xpath: //p//word], [[FirefoxDriver: firefox on LINUX (358f877c-4143-452f-ab4d-589327eb2715)] -> xpath: //p//word], [[FirefoxDriver: firefox on LINUX (358f877c-4143-452f-ab4d-589327eb2715)] -> xpath: //p//word], [[FirefoxDriver: firefox on LINUX (358f877c-4143-452f-ab4d-589327eb2715)] -> xpath: //p//word], [[FirefoxDriver: firefox on LINUX (358f877c-4143-452f-ab4d-589327eb2715)] -> xpath: //p//word], [[FirefoxDriver: firefox on LINUX (358f877c-4143-452f-ab4d-589327eb2715)] -> xpath: //p//word], [[FirefoxDriver: firefox on LINUX (358f877c-4143-452f-ab4d-589327eb2715)] -> xpath: //p//word], [[FirefoxDriver: firefox on LINUX (358f877c-4143-452f-ab4d-589327eb2715)] -> xpath: //p//word], [[FirefoxDriver: firefox on LINUX (358f877c-4143-452f-ab4d-589327eb2715)] -> xpath: //p//word], [[FirefoxDriver: firefox on LINUX (358f877c-4143-452f-ab4d-589327eb2715)] -> xpath: //p//word], [[FirefoxDriver: firefox on LINUX (358f877c-4143-452f-ab4d-589327eb2715)] -> xpath: //p//word], [[FirefoxDriver: firefox on LINUX (358f877c-4143-452f-ab4d-589327eb2715)] -> xpath: //p//word], [[FirefoxDriver: firefox on LINUX (358f877c-4143-452f-ab4d-589327eb2715)] -> xpath: //p//word], [[FirefoxDriver: firefox on LINUX (358f877c-4143-452f-ab4d-589327eb2715)] -> xpath: //p//word], [[FirefoxDriver: firefox on LINUX (358f877c-4143-452f-ab4d-589327eb2715)] -> xpath: //p//word], [[FirefoxDriver: firefox on LINUX (358f877c-4143-452f-ab4d-589327eb2715)] -> xpath: //p//word], [[FirefoxDriver: firefox on LINUX (358f877c-4143-452f-ab4d-589327eb2715)] -> xpath: //p//word], [[FirefoxDriver: firefox on LINUX (358f877c-4143-452f-ab4d-589327eb2715)] -> xpath: //p//word], [[FirefoxDriver: firefox on LINUX (358f877c-4143-452f-ab4d-589327eb2715)] -> xpath: //p//word], [[FirefoxDriver: firefox on LINUX (358f877c-4143-452f-ab4d-589327eb2715)] -> xpath: //p//word], [[FirefoxDriver: firefox on LINUX (358f877c-4143-452f-ab4d-589327eb2715)] -> xpath: //p//word], [[FirefoxDriver: firefox on LINUX (358f877c-4143-452f-ab4d-589327eb2715)] -> xpath: //p//word], [[FirefoxDriver: firefox on LINUX (358f877c-4143-452f-ab4d-589327eb2715)] -> xpath: //p//word], [[FirefoxDriver: firefox on LINUX (358f877c-4143-452f-ab4d-589327eb2715)] -> xpath: //p//word], [[FirefoxDriver: firefox on LINUX (358f877c-4143-452f-ab4d-589327eb2715)] -> xpath: //p//word], [[FirefoxDriver: firefox on LINUX (358f877c-4143-452f-ab4d-589327eb2715)] -> xpath: //p//word], [[FirefoxDriver: firefox on LINUX (358f877c-4143-452f-ab4d-589327eb2715)] -> xpath: //p//word], [[FirefoxDriver: firefox on LINUX (358f877c-4143-452f-ab4d-589327eb2715)] -> xpath: //p//word], [[FirefoxDriver: firefox on LINUX (358f877c-4143-452f-ab4d-589327eb2715)] -> xpath: //p//word], [[FirefoxDriver: firefox on LINUX (358f877c-4143-452f-ab4d-589327eb2715)] -> xpath: //p//word], [[FirefoxDriver: firefox on LINUX (358f877c-4143-452f-ab4d-589327eb2715)] -> xpath: //p//word], [[FirefoxDriver: firefox on LINUX (358f877c-4143-452f-ab4d-589327eb2715)] -> xpath: //p//word], [[FirefoxDriver: firefox on LINUX (358f877c-4143-452f-ab4d-589327eb2715)] -> xpath: //p//word], [[FirefoxDriver: firefox on LINUX (358f877c-4143-452f-ab4d-589327eb2715)] -> xpath: //p//word], [[FirefoxDriver: firefox on LINUX (358f877c-4143-452f-ab4d-589327eb2715)] -> xpath: //p//word], [[FirefoxDriver: firefox on LINUX (358f877c-4143-452f-ab4d-589327eb2715)] -> xpath: //p//word], [[FirefoxDriver: firefox on LINUX (358f877c-4143-452f-ab4d-589327eb2715)] -> xpath: //p//word], [[FirefoxDriver: firefox on LINUX (358f877c-4143-452f-ab4d-589327eb2715)] -> xpath: //p//word], [[FirefoxDriver: firefox on LINUX (358f877c-4143-452f-ab4d-589327eb2715)] -> xpath: //p//word], [[FirefoxDriver: firefox on LINUX (358f877c-4143-452f-ab4d-589327eb2715)] -> xpath: //p//word], [[FirefoxDriver: firefox on LINUX (358f877c-4143-452f-ab4d-589327eb2715)] -> xpath: //p//word], [[FirefoxDriver: firefox on LINUX (358f877c-4143-452f-ab4d-589327eb2715)] -> xpath: //p//word], [[FirefoxDriver: firefox on LINUX (358f877c-4143-452f-ab4d-589327eb2715)] -> xpath: //p//word], [[FirefoxDriver: firefox on LINUX (358f877c-4143-452f-ab4d-589327eb2715)] -> xpath: //p//word], [[FirefoxDriver: firefox on LINUX (358f877c-4143-452f-ab4d-589327eb2715)] -> xpath: //p//word], [[FirefoxDriver: firefox on LINUX (358f877c-4143-452f-ab4d-589327eb2715)] -> xpath: //p//word], [[FirefoxDriver: firefox on LINUX (358f877c-4143-452f-ab4d-589327eb2715)] -> xpath: //p//word], [[FirefoxDriver: firefox on LINUX (358f877c-4143-452f-ab4d-589327eb2715)] -> xpath: //p//word], [[FirefoxDriver: firefox on LINUX (358f877c-4143-452f-ab4d-589327eb2715)] -> xpath: //p//word], [[FirefoxDriver: firefox on LINUX (358f877c-4143-452f-ab4d-589327eb2715)] -> xpath: //p//word], [[FirefoxDriver: firefox on LINUX (358f877c-4143-452f-ab4d-589327eb2715)] -> xpath: //p//word], [[FirefoxDriver: firefox on LINUX (358f877c-4143-452f-ab4d-589327eb2715)] -> xpath: //p//word], [[FirefoxDriver: firefox on LINUX (358f877c-4143-452f-ab4d-589327eb2715)] -> xpath: //p//word], [[FirefoxDriver: firefox on LINUX (358f877c-4143-452f-ab4d-589327eb2715)] -> xpath: //p//word], [[FirefoxDriver: firefox on LINUX (358f877c-4143-452f-ab4d-589327eb2715)] -> xpath: //p//word], [[FirefoxDriver: firefox on LINUX (358f877c-4143-452f-ab4d-589327eb2715)] -> xpath: //p//word], [[FirefoxDriver: firefox on LINUX (358f877c-4143-452f-ab4d-589327eb2715)] -> xpath: //p//word], [[FirefoxDriver: firefox on LINUX (358f877c-4143-452f-ab4d-589327eb2715)] -> xpath: //p//word], [[FirefoxDriver: firefox on LINUX (358f877c-4143-452f-ab4d-589327eb2715)] -> xpath: //p//word], [[FirefoxDriver: firefox on LINUX (358f877c-4143-452f-ab4d-589327eb2715)] -> xpath: //p//word], [[FirefoxDriver: firefox on LINUX (358f877c-4143-452f-ab4d-589327eb2715)] -> xpath: //p//word], [[FirefoxDriver: firefox on LINUX (358f877c-4143-452f-ab4d-589327eb2715)] -> xpath: //p//word], [[FirefoxDriver: firefox on LINUX (358f877c-4143-452f-ab4d-589327eb2715)] -> xpath: //p//word], [[FirefoxDriver: firefox on LINUX (358f877c-4143-452f-ab4d-589327eb2715)] -> xpath: //p//word], [[FirefoxDriver: firefox on LINUX (358f877c-4143-452f-ab4d-589327eb2715)] -> xpath: //p//word], [[FirefoxDriver: firefox on LINUX (358f877c-4143-452f-ab4d-589327eb2715)] -> xpath: //p//word], [[FirefoxDriver: firefox on LINUX (358f877c-4143-452f-ab4d-589327eb2715)] -> xpath: //p//word], [[FirefoxDriver: firefox on LINUX (358f877c-4143-452f-ab4d-589327eb2715)] -> xpath: //p//word], [[FirefoxDriver: firefox on LINUX (358f877c-4143-452f-ab4d-589327eb2715)] -> xpath: //p//word], [[FirefoxDriver: firefox on LINUX (358f877c-4143-452f-ab4d-589327eb2715)] -> xpath: //p//word], [[FirefoxDriver: firefox on LINUX (358f877c-4143-452f-ab4d-589327eb2715)] -> xpath: //p//word], [[FirefoxDriver: firefox on LINUX (358f877c-4143-452f-ab4d-589327eb2715)] -> xpath: //p//word], [[FirefoxDriver: firefox on LINUX (358f877c-4143-452f-ab4d-589327eb2715)] -> xpath: //p//word], [[FirefoxDriver: firefox on LINUX (358f877c-4143-452f-ab4d-589327eb2715)] -> xpath: //p//word], [[FirefoxDriver: firefox on LINUX (358f877c-4143-452f-ab4d-589327eb2715)] -> xpath: //p//word], [[FirefoxDriver: firefox on LINUX (358f877c-4143-452f-ab4d-589327eb2715)] -> xpath: //p//word], [[FirefoxDriver: firefox on LINUX (358f877c-4143-452f-ab4d-589327eb2715)] -> xpath: //p//word], [[FirefoxDriver: firefox on LINUX (358f877c-4143-452f-ab4d-589327eb2715)] -> xpath: //p//word], [[FirefoxDriver: firefox on LINUX (358f877c-4143-452f-ab4d-589327eb2715)] -> xpath: //p//word], [[FirefoxDriver: firefox on LINUX (358f877c-4143-452f-ab4d-589327eb2715)] -> xpath: //p//word], [[FirefoxDriver: firefox on LINUX (358f877c-4143-452f-ab4d-589327eb2715)] -> xpath: //p//word], [[FirefoxDriver: firefox on LINUX (358f877c-4143-452f-ab4d-589327eb2715)] -> xpath: //p//word], [[FirefoxDriver: firefox on LINUX (358f877c-4143-452f-ab4d-589327eb2715)] -> xpath: //p//word], [[FirefoxDriver: firefox on LINUX (358f877c-4143-452f-ab4d-589327eb2715)] -> xpath: //p//word], [[FirefoxDriver: firefox on LINUX (358f877c-4143-452f-ab4d-589327eb2715)] -> xpath: //p//word], [[FirefoxDriver: firefox on LINUX (358f877c-4143-452f-ab4d-589327eb2715)] -> xpath: //p//word], [[FirefoxDriver: firefox on LINUX (358f877c-4143-452f-ab4d-589327eb2715)] -> xpath: //p//word], [[FirefoxDriver: firefox on LINUX (358f877c-4143-452f-ab4d-589327eb2715)] -> xpath: //p//word], [[FirefoxDriver: firefox on LINUX (358f877c-4143-452f-ab4d-589327eb2715)] -> xpath: //p//word], [[FirefoxDriver: firefox on LINUX (358f877c-4143-452f-ab4d-589327eb2715)] -> xpath: //p//word], [[FirefoxDriver: firefox on LINUX (358f877c-4143-452f-ab4d-589327eb2715)] -> xpath: //p//word], [[FirefoxDriver: firefox on LINUX (358f877c-4143-452f-ab4d-589327eb2715)] -> xpath: //p//word], [[FirefoxDriver: firefox on LINUX (358f877c-4143-452f-ab4d-589327eb2715)] -> xpath: //p//word], [[FirefoxDriver: firefox on LINUX (358f877c-4143-452f-ab4d-589327eb2715)] -> xpath: //p//word], [[FirefoxDriver: firefox on LINUX (358f877c-4143-452f-ab4d-589327eb2715)] -> xpath: //p//word], [[FirefoxDriver: firefox on LINUX (358f877c-4143-452f-ab4d-589327eb2715)] -> xpath: //p//word], [[FirefoxDriver: firefox on LINUX (358f877c-4143-452f-ab4d-589327eb2715)] -> xpath: //p//word], [[FirefoxDriver: firefox on LINUX (358f877c-4143-452f-ab4d-589327eb2715)] -> xpath: //p//word], [[FirefoxDriver: firefox on LINUX (358f877c-4143-452f-ab4d-589327eb2715)] -> xpath: //p//word], [[FirefoxDriver: firefox on LINUX (358f877c-4143-452f-ab4d-589327eb2715)] -> xpath: //p//word], [[FirefoxDriver: firefox on LINUX (358f877c-4143-452f-ab4d-589327eb2715)] -> xpath: //p//word], [[FirefoxDriver: firefox on LINUX (358f877c-4143-452f-ab4d-589327eb2715)] -> xpath: //p//word], [[FirefoxDriver: firefox on LINUX (358f877c-4143-452f-ab4d-589327eb2715)] -> xpath: //p//word], [[FirefoxDriver: firefox on LINUX (358f877c-4143-452f-ab4d-589327eb2715)] -> xpath: //p//word], [[FirefoxDriver: firefox on LINUX (358f877c-4143-452f-ab4d-589327eb2715)] -> xpath: //p//word], [[FirefoxDriver: firefox on LINUX (358f877c-4143-452f-ab4d-589327eb2715)] -> xpath: //p//word], [[FirefoxDriver: firefox on LINUX (358f877c-4143-452f-ab4d-589327eb2715)] -> xpath: //p//word], [[FirefoxDriver: firefox on LINUX (358f877c-4143-452f-ab4d-589327eb2715)] -> xpath: //p//word], [[FirefoxDriver: firefox on LINUX (358f877c-4143-452f-ab4d-589327eb2715)] -> xpath: //p//word], [[FirefoxDriver: firefox on LINUX (358f877c-4143-452f-ab4d-589327eb2715)] -> xpath: //p//word], [[FirefoxDriver: firefox on LINUX (358f877c-4143-452f-ab4d-589327eb2715)] -> xpath: //p//word], [[FirefoxDriver: firefox on LINUX (358f877c-4143-452f-ab4d-589327eb2715)] -> xpath: //p//word], [[FirefoxDriver: firefox on LINUX (358f877c-4143-452f-ab4d-589327eb2715)] -> xpath: //p//word], [[FirefoxDriver: firefox on LINUX (358f877c-4143-452f-ab4d-589327eb2715)] -> xpath: //p//word], [[FirefoxDriver: firefox on LINUX (358f877c-4143-452f-ab4d-589327eb2715)] -> xpath: //p//word], [[FirefoxDriver: firefox on LINUX (358f877c-4143-452f-ab4d-589327eb2715)] -> xpath: //p//word], [[FirefoxDriver: firefox on LINUX (358f877c-4143-452f-ab4d-589327eb2715)] -> xpath: //p//word], [[FirefoxDriver: firefox on LINUX (358f877c-4143-452f-ab4d-589327eb2715)] -> xpath: //p//word], [[FirefoxDriver: firefox on LINUX (358f877c-4143-452f-ab4d-589327eb2715)] -> xpath: //p//word], [[FirefoxDriver: firefox on LINUX (358f877c-4143-452f-ab4d-589327eb2715)] -> xpath: //p//word], [[FirefoxDriver: firefox on LINUX (358f877c-4143-452f-ab4d-589327eb2715)] -> xpath: //p//word], [[FirefoxDriver: firefox on LINUX (358f877c-4143-452f-ab4d-589327eb2715)] -> xpath: //p//word], [[FirefoxDriver: firefox on LINUX (358f877c-4143-452f-ab4d-589327eb2715)] -> xpath: //p//word], [[FirefoxDriver: firefox on LINUX (358f877c-4143-452f-ab4d-589327eb2715)] -> xpath: //p//word], [[FirefoxDriver: firefox on LINUX (358f877c-4143-452f-ab4d-589327eb2715)] -> xpath: //p//word], [[FirefoxDriver: firefox on LINUX (358f877c-4143-452f-ab4d-589327eb2715)] -> xpath: //p//word], [[FirefoxDriver: firefox on LINUX (358f877c-4143-452f-ab4d-589327eb2715)] -> xpath: //p//word], [[FirefoxDriver: firefox on LINUX (358f877c-4143-452f-ab4d-589327eb2715)] -> xpath: //p//word], [[FirefoxDriver: firefox on LINUX (358f877c-4143-452f-ab4d-589327eb2715)] -> xpath: //p//word], [[FirefoxDriver: firefox on LINUX (358f877c-4143-452f-ab4d-589327eb2715)] -> xpath: //p//word], [[FirefoxDriver: firefox on LINUX (358f877c-4143-452f-ab4d-589327eb2715)] -> xpath: //p//word], [[FirefoxDriver: firefox on LINUX (358f877c-4143-452f-ab4d-589327eb2715)] -> xpath: //p//word], [[FirefoxDriver: firefox on LINUX (358f877c-4143-452f-ab4d-589327eb2715)] -> xpath: //p//word], [[FirefoxDriver: firefox on LINUX (358f877c-4143-452f-ab4d-589327eb2715)] -> xpath: //p//word], [[FirefoxDriver: firefox on LINUX (358f877c-4143-452f-ab4d-589327eb2715)] -> xpath: //p//word], [[FirefoxDriver: firefox on LINUX (358f877c-4143-452f-ab4d-589327eb2715)] -> xpath: //p//word], [[FirefoxDriver: firefox on LINUX (358f877c-4143-452f-ab4d-589327eb2715)] -> xpath: //p//word], [[FirefoxDriver: firefox on LINUX (358f877c-4143-452f-ab4d-589327eb2715)] -> xpath: //p//word], [[FirefoxDriver: firefox on LINUX (358f877c-4143-452f-ab4d-589327eb2715)] -> xpath: //p//word], [[FirefoxDriver: firefox on LINUX (358f877c-4143-452f-ab4d-589327eb2715)] -> xpath: //p//word], [[FirefoxDriver: firefox on LINUX (358f877c-4143-452f-ab4d-589327eb2715)] -> xpath: //p//word], [[FirefoxDriver: firefox on LINUX (358f877c-4143-452f-ab4d-589327eb2715)] -> xpath: //p//word], [[FirefoxDriver: firefox on LINUX (358f877c-4143-452f-ab4d-589327eb2715)] -> xpath: //p//word], [[FirefoxDriver: firefox on LINUX (358f877c-4143-452f-ab4d-589327eb2715)] -> xpath: //p//word], [[FirefoxDriver: firefox on LINUX (358f877c-4143-452f-ab4d-589327eb2715)] -> xpath: //p//word], [[FirefoxDriver: firefox on LINUX (358f877c-4143-452f-ab4d-589327eb2715)] -> xpath: //p//word], [[FirefoxDriver: firefox on LINUX (358f877c-4143-452f-ab4d-589327eb2715)] -> xpath: //p//word], [[FirefoxDriver: firefox on LINUX (358f877c-4143-452f-ab4d-589327eb2715)] -> xpath: //p//word], [[FirefoxDriver: firefox on LINUX (358f877c-4143-452f-ab4d-589327eb2715)] -> xpath: //p//word], [[FirefoxDriver: firefox on LINUX (358f877c-4143-452f-ab4d-589327eb2715)] -> xpath: //p//word], [[FirefoxDriver: firefox on LINUX (358f877c-4143-452f-ab4d-589327eb2715)] -> xpath: //p//word], [[FirefoxDriver: firefox on LINUX (358f877c-4143-452f-ab4d-589327eb2715)] -> xpath: //p//word], [[FirefoxDriver: firefox on LINUX (358f877c-4143-452f-ab4d-589327eb2715)] -> xpath: //p//word], [[FirefoxDriver: firefox on LINUX (358f877c-4143-452f-ab4d-589327eb2715)] -> xpath: //p//word], [[FirefoxDriver: firefox on LINUX (358f877c-4143-452f-ab4d-589327eb2715)] -> xpath: //p//word], [[FirefoxDriver: firefox on LINUX (358f877c-4143-452f-ab4d-589327eb2715)] -> xpath: //p//word], [[FirefoxDriver: firefox on LINUX (358f877c-4143-452f-ab4d-589327eb2715)] -> xpath: //p//word], [[FirefoxDriver: firefox on LINUX (358f877c-4143-452f-ab4d-589327eb2715)] -> xpath: //p//word], [[FirefoxDriver: firefox on LINUX (358f877c-4143-452f-ab4d-589327eb2715)] -> xpath: //p//word], [[FirefoxDriver: firefox on LINUX (358f877c-4143-452f-ab4d-589327eb2715)] -> xpath: //p//word], [[FirefoxDriver: firefox on LINUX (358f877c-4143-452f-ab4d-589327eb2715)] -> xpath: //p//word], [[FirefoxDriver: firefox on LINUX (358f877c-4143-452f-ab4d-589327eb2715)] -> xpath: //p//word], [[FirefoxDriver: firefox on LINUX (358f877c-4143-452f-ab4d-589327eb2715)] -> xpath: //p//word], [[FirefoxDriver: firefox on LINUX (358f877c-4143-452f-ab4d-589327eb2715)] -> xpath: //p//word], [[FirefoxDriver: firefox on LINUX (358f877c-4143-452f-ab4d-589327eb2715)] -> xpath: //p//word], [[FirefoxDriver: firefox on LINUX (358f877c-4143-452f-ab4d-589327eb2715)] -> xpath: //p//word], [[FirefoxDriver: firefox on LINUX (358f877c-4143-452f-ab4d-589327eb2715)] -> xpath: //p//word], [[FirefoxDriver: firefox on LINUX (358f877c-4143-452f-ab4d-589327eb2715)] -> xpath: //p//word], [[FirefoxDriver: firefox on LINUX (358f877c-4143-452f-ab4d-589327eb2715)] -> xpath: //p//word], [[FirefoxDriver: firefox on LINUX (358f877c-4143-452f-ab4d-589327eb2715)] -> xpath: //p//word], [[FirefoxDriver: firefox on LINUX (358f877c-4143-452f-ab4d-589327eb2715)] -> xpath: //p//word], [[FirefoxDriver: firefox on LINUX (358f877c-4143-452f-ab4d-589327eb2715)] -> xpath: //p//word], [[FirefoxDriver: firefox on LINUX (358f877c-4143-452f-ab4d-589327eb2715)] -> xpath: //p//word], [[FirefoxDriver: firefox on LINUX (358f877c-4143-452f-ab4d-589327eb2715)] -> xpath: //p//word], [[FirefoxDriver: firefox on LINUX (358f877c-4143-452f-ab4d-589327eb2715)] -> xpath: //p//word], [[FirefoxDriver: firefox on LINUX (358f877c-4143-452f-ab4d-589327eb2715)] -> xpath: //p//word], [[FirefoxDriver: firefox on LINUX (358f877c-4143-452f-ab4d-589327eb2715)] -> xpath: //p//word], [[FirefoxDriver: firefox on LINUX (358f877c-4143-452f-ab4d-589327eb2715)] -> xpath: //p//word], [[FirefoxDriver: firefox on LINUX (358f877c-4143-452f-ab4d-589327eb2715)] -> xpath: //p//word], [[FirefoxDriver: firefox on LINUX (358f877c-4143-452f-ab4d-589327eb2715)] -> xpath: //p//word], [[FirefoxDriver: firefox on LINUX (358f877c-4143-452f-ab4d-589327eb2715)] -> xpath: //p//word], [[FirefoxDriver: firefox on LINUX (358f877c-4143-452f-ab4d-589327eb2715)] -> xpath: //p//word], [[FirefoxDriver: firefox on LINUX (358f877c-4143-452f-ab4d-589327eb2715)] -> xpath: //p//word], [[FirefoxDriver: firefox on LINUX (358f877c-4143-452f-ab4d-589327eb2715)] -> xpath: //p//word], [[FirefoxDriver: firefox on LINUX (358f877c-4143-452f-ab4d-589327eb2715)] -> xpath: //p//word], [[FirefoxDriver: firefox on LINUX (358f877c-4143-452f-ab4d-589327eb2715)] -> xpath: //p//word], [[FirefoxDriver: firefox on LINUX (358f877c-4143-452f-ab4d-589327eb2715)] -> xpath: //p//word], [[FirefoxDriver: firefox on LINUX (358f877c-4143-452f-ab4d-589327eb2715)] -> xpath: //p//word], [[FirefoxDriver: firefox on LINUX (358f877c-4143-452f-ab4d-589327eb2715)] -> xpath: //p//word], [[FirefoxDriver: firefox on LINUX (358f877c-4143-452f-ab4d-589327eb2715)] -> xpath: //p//word], [[FirefoxDriver: firefox on LINUX (358f877c-4143-452f-ab4d-589327eb2715)] -> xpath: //p//word], [[FirefoxDriver: firefox on LINUX (358f877c-4143-452f-ab4d-589327eb2715)] -> xpath: //p//word], [[FirefoxDriver: firefox on LINUX (358f877c-4143-452f-ab4d-589327eb2715)] -> xpath: //p//word], [[FirefoxDriver: firefox on LINUX (358f877c-4143-452f-ab4d-589327eb2715)] -> xpath: //p//word], [[FirefoxDriver: firefox on LINUX (358f877c-4143-452f-ab4d-589327eb2715)] -> xpath: //p//word], [[FirefoxDriver: firefox on LINUX (358f877c-4143-452f-ab4d-589327eb2715)] -> xpath: //p//word], [[FirefoxDriver: firefox on LINUX (358f877c-4143-452f-ab4d-589327eb2715)] -> xpath: //p//word], [[FirefoxDriver: firefox on LINUX (358f877c-4143-452f-ab4d-589327eb2715)] -> xpath: //p//word], [[FirefoxDriver: firefox on LINUX (358f877c-4143-452f-ab4d-589327eb2715)] -> xpath: //p//word], [[FirefoxDriver: firefox on LINUX (358f877c-4143-452f-ab4d-589327eb2715)] -> xpath: //p//word], [[FirefoxDriver: firefox on LINUX (358f877c-4143-452f-ab4d-589327eb2715)] -> xpath: //p//word], [[FirefoxDriver: firefox on LINUX (358f877c-4143-452f-ab4d-589327eb2715)] -> xpath: //p//word], [[FirefoxDriver: firefox on LINUX (358f877c-4143-452f-ab4d-589327eb2715)] -> xpath: //p//word], [[FirefoxDriver: firefox on LINUX (358f877c-4143-452f-ab4d-589327eb2715)] -> xpath: //p//word], [[FirefoxDriver: firefox on LINUX (358f877c-4143-452f-ab4d-589327eb2715)] -> xpath: //p//word], [[FirefoxDriver: firefox on LINUX (358f877c-4143-452f-ab4d-589327eb2715)] -> xpath: //p//word], [[FirefoxDriver: firefox on LINUX (358f877c-4143-452f-ab4d-589327eb2715)] -> xpath: //p//word], [[FirefoxDriver: firefox on LINUX (358f877c-4143-452f-ab4d-589327eb2715)] -> xpath: //p//word], [[FirefoxDriver: firefox on LINUX (358f877c-4143-452f-ab4d-589327eb2715)] -> xpath: //p//word], [[FirefoxDriver: firefox on LINUX (358f877c-4143-452f-ab4d-589327eb2715)] -> xpath: //p//word], [[FirefoxDriver: firefox on LINUX (358f877c-4143-452f-ab4d-589327eb2715)] -> xpath: //p//word], [[FirefoxDriver: firefox on LINUX (358f877c-4143-452f-ab4d-589327eb2715)] -> xpath: //p//word], [[FirefoxDriver: firefox on LINUX (358f877c-4143-452f-ab4d-589327eb2715)] -> xpath: //p//word], [[FirefoxDriver: firefox on LINUX (358f877c-4143-452f-ab4d-589327eb2715)] -> xpath: //p//word], [[FirefoxDriver: firefox on LINUX (358f877c-4143-452f-ab4d-589327eb2715)] -> xpath: //p//word], [[FirefoxDriver: firefox on LINUX (358f877c-4143-452f-ab4d-589327eb2715)] -> xpath: //p//word], [[FirefoxDriver: firefox on LINUX (358f877c-4143-452f-ab4d-589327eb2715)] -> xpath: //p//word], [[FirefoxDriver: firefox on LINUX (358f877c-4143-452f-ab4d-589327eb2715)] -> xpath: //p//word], [[FirefoxDriver: firefox on LINUX (358f877c-4143-452f-ab4d-589327eb2715)] -> xpath: //p//word], [[FirefoxDriver: firefox on LINUX (358f877c-4143-452f-ab4d-589327eb2715)] -> xpath: //p//word], [[FirefoxDriver: firefox on LINUX (358f877c-4143-452f-ab4d-589327eb2715)] -> xpath: //p//word], [[FirefoxDriver: firefox on LINUX (358f877c-4143-452f-ab4d-589327eb2715)] -> xpath: //p//word], [[FirefoxDriver: firefox on LINUX (358f877c-4143-452f-ab4d-589327eb2715)] -> xpath: //p//word], [[FirefoxDriver: firefox on LINUX (358f877c-4143-452f-ab4d-589327eb2715)] -> xpath: //p//word], [[FirefoxDriver: firefox on LINUX (358f877c-4143-452f-ab4d-589327eb2715)] -> xpath: //p//word], [[FirefoxDriver: firefox on LINUX (358f877c-4143-452f-ab4d-589327eb2715)] -> xpath: //p//word], [[FirefoxDriver: firefox on LINUX (358f877c-4143-452f-ab4d-589327eb2715)] -> xpath: //p//word], [[FirefoxDriver: firefox on LINUX (358f877c-4143-452f-ab4d-589327eb2715)] -> xpath: //p//word], [[FirefoxDriver: firefox on LINUX (358f877c-4143-452f-ab4d-589327eb2715)] -> xpath: //p//word], [[FirefoxDriver: firefox on LINUX (358f877c-4143-452f-ab4d-589327eb2715)] -> xpath: //p//word], [[FirefoxDriver: firefox on LINUX (358f877c-4143-452f-ab4d-589327eb2715)] -> xpath: //p//word], [[FirefoxDriver: firefox on LINUX (358f877c-4143-452f-ab4d-589327eb2715)] -> xpath: //p//word], [[FirefoxDriver: firefox on LINUX (358f877c-4143-452f-ab4d-589327eb2715)] -> xpath: //p//word], [[FirefoxDriver: firefox on LINUX (358f877c-4143-452f-ab4d-589327eb2715)] -> xpath: //p//word], [[FirefoxDriver: firefox on LINUX (358f877c-4143-452f-ab4d-589327eb2715)] -> xpath: //p//word], [[FirefoxDriver: firefox on LINUX (358f877c-4143-452f-ab4d-589327eb2715)] -> xpath: //p//word], [[FirefoxDriver: firefox on LINUX (358f877c-4143-452f-ab4d-589327eb2715)] -> xpath: //p//word], [[FirefoxDriver: firefox on LINUX (358f877c-4143-452f-ab4d-589327eb2715)] -> xpath: //p//word], [[FirefoxDriver: firefox on LINUX (358f877c-4143-452f-ab4d-589327eb2715)] -> xpath: //p//word], [[FirefoxDriver: firefox on LINUX (358f877c-4143-452f-ab4d-589327eb2715)] -> xpath: //p//word], [[FirefoxDriver: firefox on LINUX (358f877c-4143-452f-ab4d-589327eb2715)] -> xpath: //p//word], [[FirefoxDriver: firefox on LINUX (358f877c-4143-452f-ab4d-589327eb2715)] -> xpath: //p//word], [[FirefoxDriver: firefox on LINUX (358f877c-4143-452f-ab4d-589327eb2715)] -> xpath: //p//word], [[FirefoxDriver: firefox on LINUX (358f877c-4143-452f-ab4d-589327eb2715)] -> xpath: //p//word], [[FirefoxDriver: firefox on LINUX (358f877c-4143-452f-ab4d-589327eb2715)] -> xpath: //p//word], [[FirefoxDriver: firefox on LINUX (358f877c-4143-452f-ab4d-589327eb2715)] -> xpath: //p//word], [[FirefoxDriver: firefox on LINUX (358f877c-4143-452f-ab4d-589327eb2715)] -> xpath: //p//word], [[FirefoxDriver: firefox on LINUX (358f877c-4143-452f-ab4d-589327eb2715)] -> xpath: //p//word], [[FirefoxDriver: firefox on LINUX (358f877c-4143-452f-ab4d-589327eb2715)] -> xpath: //p//word], [[FirefoxDriver: firefox on LINUX (358f877c-4143-452f-ab4d-589327eb2715)] -> xpath: //p//word], [[FirefoxDriver: firefox on LINUX (358f877c-4143-452f-ab4d-589327eb2715)] -> xpath: //p//word], [[FirefoxDriver: firefox on LINUX (358f877c-4143-452f-ab4d-589327eb2715)] -> xpath: //p//word], [[FirefoxDriver: firefox on LINUX (358f877c-4143-452f-ab4d-589327eb2715)] -> xpath: //p//word], [[FirefoxDriver: firefox on LINUX (358f877c-4143-452f-ab4d-589327eb2715)] -> xpath: //p//word], [[FirefoxDriver: firefox on LINUX (358f877c-4143-452f-ab4d-589327eb2715)] -> xpath: //p//word], [[FirefoxDriver: firefox on LINUX (358f877c-4143-452f-ab4d-589327eb2715)] -> xpath: //p//word], [[FirefoxDriver: firefox on LINUX (358f877c-4143-452f-ab4d-589327eb2715)] -> xpath: //p//word], [[FirefoxDriver: firefox on LINUX (358f877c-4143-452f-ab4d-589327eb2715)] -> xpath: //p//word], [[FirefoxDriver: firefox on LINUX (358f877c-4143-452f-ab4d-589327eb2715)] -> xpath: //p//word], [[FirefoxDriver: firefox on LINUX (358f877c-4143-452f-ab4d-589327eb2715)] -> xpath: //p//word], [[FirefoxDriver: firefox on LINUX (358f877c-4143-452f-ab4d-589327eb2715)] -> xpath: //p//word], [[FirefoxDriver: firefox on LINUX (358f877c-4143-452f-ab4d-589327eb2715)] -> xpath: //p//word], [[FirefoxDriver: firefox on LINUX (358f877c-4143-452f-ab4d-589327eb2715)] -> xpath: //p//word], [[FirefoxDriver: firefox on LINUX (358f877c-4143-452f-ab4d-589327eb2715)] -> xpath: //p//word], [[FirefoxDriver: firefox on LINUX (358f877c-4143-452f-ab4d-589327eb2715)] -> xpath: //p//word], [[FirefoxDriver: firefox on LINUX (358f877c-4143-452f-ab4d-589327eb2715)] -> xpath: //p//word], [[FirefoxDriver: firefox on LINUX (358f877c-4143-452f-ab4d-589327eb2715)] -> xpath: //p//word], [[FirefoxDriver: firefox on LINUX (358f877c-4143-452f-ab4d-589327eb2715)] -> xpath: //p//word], [[FirefoxDriver: firefox on LINUX (358f877c-4143-452f-ab4d-589327eb2715)] -> xpath: //p//word], [[FirefoxDriver: firefox on LINUX (358f877c-4143-452f-ab4d-589327eb2715)] -> xpath: //p//word], [[FirefoxDriver: firefox on LINUX (358f877c-4143-452f-ab4d-589327eb2715)] -> xpath: //p//word], [[FirefoxDriver: firefox on LINUX (358f877c-4143-452f-ab4d-589327eb2715)] -> xpath: //p//word], [[FirefoxDriver: firefox on LINUX (358f877c-4143-452f-ab4d-589327eb2715)] -> xpath: //p//word], [[FirefoxDriver: firefox on LINUX (358f877c-4143-452f-ab4d-589327eb2715)] -> xpath: //p//word], [[FirefoxDriver: firefox on LINUX (358f877c-4143-452f-ab4d-589327eb2715)] -> xpath: //p//word], [[FirefoxDriver: firefox on LINUX (358f877c-4143-452f-ab4d-589327eb2715)] -> xpath: //p//word], [[FirefoxDriver: firefox on LINUX (358f877c-4143-452f-ab4d-589327eb2715)] -> xpath: //p//word], [[FirefoxDriver: firefox on LINUX (358f877c-4143-452f-ab4d-589327eb2715)] -> xpath: //p//word], [[FirefoxDriver: firefox on LINUX (358f877c-4143-452f-ab4d-589327eb2715)] -> xpath: //p//word], [[FirefoxDriver: firefox on LINUX (358f877c-4143-452f-ab4d-589327eb2715)] -> xpath: //p//word], [[FirefoxDriver: firefox on LINUX (358f877c-4143-452f-ab4d-589327eb2715)] -> xpath: //p//word], [[FirefoxDriver: firefox on LINUX (358f877c-4143-452f-ab4d-589327eb2715)] -> xpath: //p//word], [[FirefoxDriver: firefox on LINUX (358f877c-4143-452f-ab4d-589327eb2715)] -> xpath: //p//word], [[FirefoxDriver: firefox on LINUX (358f877c-4143-452f-ab4d-589327eb2715)] -> xpath: //p//word], [[FirefoxDriver: firefox on LINUX (358f877c-4143-452f-ab4d-589327eb2715)] -> xpath: //p//word], [[FirefoxDriver: firefox on LINUX (358f877c-4143-452f-ab4d-589327eb2715)] -> xpath: //p//word], [[FirefoxDriver: firefox on LINUX (358f877c-4143-452f-ab4d-589327eb2715)] -> xpath: //p//word], [[FirefoxDriver: firefox on LINUX (358f877c-4143-452f-ab4d-589327eb2715)] -> xpath: //p//word], [[FirefoxDriver: firefox on LINUX (358f877c-4143-452f-ab4d-589327eb2715)] -> xpath: //p//word], [[FirefoxDriver: firefox on LINUX (358f877c-4143-452f-ab4d-589327eb2715)] -> xpath: //p//word], [[FirefoxDriver: firefox on LINUX (358f877c-4143-452f-ab4d-589327eb2715)] -> xpath: //p//word], [[FirefoxDriver: firefox on LINUX (358f877c-4143-452f-ab4d-589327eb2715)] -> xpath: //p//word], [[FirefoxDriver: firefox on LINUX (358f877c-4143-452f-ab4d-589327eb2715)] -> xpath: //p//word], [[FirefoxDriver: firefox on LINUX (358f877c-4143-452f-ab4d-589327eb2715)] -> xpath: //p//word], [[FirefoxDriver: firefox on LINUX (358f877c-4143-452f-ab4d-589327eb2715)] -> xpath: //p//word], [[FirefoxDriver: firefox on LINUX (358f877c-4143-452f-ab4d-589327eb2715)] -> xpath: //p//word], [[FirefoxDriver: firefox on LINUX (358f877c-4143-452f-ab4d-589327eb2715)] -> xpath: //p//word], [[FirefoxDriver: firefox on LINUX (358f877c-4143-452f-ab4d-589327eb2715)] -> xpath: //p//word], [[FirefoxDriver: firefox on LINUX (358f877c-4143-452f-ab4d-589327eb2715)] -> xpath: //p//word], [[FirefoxDriver: firefox on LINUX (358f877c-4143-452f-ab4d-589327eb2715)] -> xpath: //p//word], [[FirefoxDriver: firefox on LINUX (358f877c-4143-452f-ab4d-589327eb2715)] -> xpath: //p//word], [[FirefoxDriver: firefox on LINUX (358f877c-4143-452f-ab4d-589327eb2715)] -> xpath: //p//word], [[FirefoxDriver: firefox on LINUX (358f877c-4143-452f-ab4d-589327eb2715)] -> xpath: //p//word], [[FirefoxDriver: firefox on LINUX (358f877c-4143-452f-ab4d-589327eb2715)] -> xpath: //p//word], [[FirefoxDriver: firefox on LINUX (358f877c-4143-452f-ab4d-589327eb2715)] -> xpath: //p//word], [[FirefoxDriver: firefox on LINUX (358f877c-4143-452f-ab4d-589327eb2715)] -> xpath: //p//word], [[FirefoxDriver: firefox on LINUX (358f877c-4143-452f-ab4d-589327eb2715)] -> xpath: //p//word], [[FirefoxDriver: firefox on LINUX (358f877c-4143-452f-ab4d-589327eb2715)] -> xpath: //p//word], [[FirefoxDriver: firefox on LINUX (358f877c-4143-452f-ab4d-589327eb2715)] -> xpath: //p//word], [[FirefoxDriver: firefox on LINUX (358f877c-4143-452f-ab4d-589327eb2715)] -> xpath: //p//word], [[FirefoxDriver: firefox on LINUX (358f877c-4143-452f-ab4d-589327eb2715)] -> xpath: //p//word], [[FirefoxDriver: firefox on LINUX (358f877c-4143-452f-ab4d-589327eb2715)] -> xpath: //p//word], [[FirefoxDriver: firefox on LINUX (358f877c-4143-452f-ab4d-589327eb2715)] -> xpath: //p//word], [[FirefoxDriver: firefox on LINUX (358f877c-4143-452f-ab4d-589327eb2715)] -> xpath: //p//word], [[FirefoxDriver: firefox on LINUX (358f877c-4143-452f-ab4d-589327eb2715)] -> xpath: //p//word], [[FirefoxDriver: firefox on LINUX (358f877c-4143-452f-ab4d-589327eb2715)] -> xpath: //p//word], [[FirefoxDriver: firefox on LINUX (358f877c-4143-452f-ab4d-589327eb2715)] -> xpath: //p//word], [[FirefoxDriver: firefox on LINUX (358f877c-4143-452f-ab4d-589327eb2715)] -> xpath: //p//word], [[FirefoxDriver: firefox on LINUX (358f877c-4143-452f-ab4d-589327eb2715)] -> xpath: //p//word], [[FirefoxDriver: firefox on LINUX (358f877c-4143-452f-ab4d-589327eb2715)] -> xpath: //p//word], [[FirefoxDriver: firefox on LINUX (358f877c-4143-452f-ab4d-589327eb2715)] -> xpath: //p//word], [[FirefoxDriver: firefox on LINUX (358f877c-4143-452f-ab4d-589327eb2715)] -> xpath: //p//word], [[FirefoxDriver: firefox on LINUX (358f877c-4143-452f-ab4d-589327eb2715)] -> xpath: //p//word], [[FirefoxDriver: firefox on LINUX (358f877c-4143-452f-ab4d-589327eb2715)] -> xpath: //p//word], [[FirefoxDriver: firefox on LINUX (358f877c-4143-452f-ab4d-589327eb2715)] -> xpath: //p//word], [[FirefoxDriver: firefox on LINUX (358f877c-4143-452f-ab4d-589327eb2715)] -> xpath: //p//word], [[FirefoxDriver: firefox on LINUX (358f877c-4143-452f-ab4d-589327eb2715)] -> xpath: //p//word], [[FirefoxDriver: firefox on LINUX (358f877c-4143-452f-ab4d-589327eb2715)] -> xpath: //p//word], [[FirefoxDriver: firefox on LINUX (358f877c-4143-452f-ab4d-589327eb2715)] -> xpath: //p//word], [[FirefoxDriver: firefox on LINUX (358f877c-4143-452f-ab4d-589327eb2715)] -> xpath: //p//word], [[FirefoxDriver: firefox on LINUX (358f877c-4143-452f-ab4d-589327eb2715)] -> xpath: //p//word], [[FirefoxDriver: firefox on LINUX (358f877c-4143-452f-ab4d-589327eb2715)] -> xpath: //p//word], [[FirefoxDriver: firefox on LINUX (358f877c-4143-452f-ab4d-589327eb2715)] -> xpath: //p//word], [[FirefoxDriver: firefox on LINUX (358f877c-4143-452f-ab4d-589327eb2715)] -> xpath: //p//word], [[FirefoxDriver: firefox on LINUX (358f877c-4143-452f-ab4d-589327eb2715)] -> xpath: //p//word], [[FirefoxDriver: firefox on LINUX (358f877c-4143-452f-ab4d-589327eb2715)] -> xpath: //p//word], [[FirefoxDriver: firefox on LINUX (358f877c-4143-452f-ab4d-589327eb2715)] -> xpath: //p//word], [[FirefoxDriver: firefox on LINUX (358f877c-4143-452f-ab4d-589327eb2715)] -> xpath: //p//word], [[FirefoxDriver: firefox on LINUX (358f877c-4143-452f-ab4d-589327eb2715)] -> xpath: //p//word], [[FirefoxDriver: firefox on LINUX (358f877c-4143-452f-ab4d-589327eb2715)] -> xpath: //p//word], [[FirefoxDriver: firefox on LINUX (358f877c-4143-452f-ab4d-589327eb2715)] -> xpath: //p//word], [[FirefoxDriver: firefox on LINUX (358f877c-4143-452f-ab4d-589327eb2715)] -> xpath: //p//word], [[FirefoxDriver: firefox on LINUX (358f877c-4143-452f-ab4d-589327eb2715)] -> xpath: //p//word], [[FirefoxDriver: firefox on LINUX (358f877c-4143-452f-ab4d-589327eb2715)] -> xpath: //p//word], [[FirefoxDriver: firefox on LINUX (358f877c-4143-452f-ab4d-589327eb2715)] -> xpath: //p//word], [[FirefoxDriver: firefox on LINUX (358f877c-4143-452f-ab4d-589327eb2715)] -> xpath: //p//word], [[FirefoxDriver: firefox on LINUX (358f877c-4143-452f-ab4d-589327eb2715)] -> xpath: //p//word], [[FirefoxDriver: firefox on LINUX (358f877c-4143-452f-ab4d-589327eb2715)] -> xpath: //p//word], [[FirefoxDriver: firefox on LINUX (358f877c-4143-452f-ab4d-589327eb2715)] -> xpath: //p//word], [[FirefoxDriver: firefox on LINUX (358f877c-4143-452f-ab4d-589327eb2715)] -> xpath: //p//word], [[FirefoxDriver: firefox on LINUX (358f877c-4143-452f-ab4d-589327eb2715)] -> xpath: //p//word], [[FirefoxDriver: firefox on LINUX (358f877c-4143-452f-ab4d-589327eb2715)] -> xpath: //p//word], [[FirefoxDriver: firefox on LINUX (358f877c-4143-452f-ab4d-589327eb2715)] -> xpath: //p//word], [[FirefoxDriver: firefox on LINUX (358f877c-4143-452f-ab4d-589327eb2715)] -> xpath: //p//word], [[FirefoxDriver: firefox on LINUX (358f877c-4143-452f-ab4d-589327eb2715)] -> xpath: //p//word], [[FirefoxDriver: firefox on LINUX (358f877c-4143-452f-ab4d-589327eb2715)] -> xpath: //p//word], [[FirefoxDriver: firefox on LINUX (358f877c-4143-452f-ab4d-589327eb2715)] -> xpath: //p//word], [[FirefoxDriver: firefox on LINUX (358f877c-4143-452f-ab4d-589327eb2715)] -> xpath: //p//word], [[FirefoxDriver: firefox on LINUX (358f877c-4143-452f-ab4d-589327eb2715)] -> xpath: //p//word], [[FirefoxDriver: firefox on LINUX (358f877c-4143-452f-ab4d-589327eb2715)] -> xpath: //p//word], [[FirefoxDriver: firefox on LINUX (358f877c-4143-452f-ab4d-589327eb2715)] -> xpath: //p//word], [[FirefoxDriver: firefox on LINUX (358f877c-4143-452f-ab4d-589327eb2715)] -> xpath: //p//word], [[FirefoxDriver: firefox on LINUX (358f877c-4143-452f-ab4d-589327eb2715)] -> xpath: //p//word], [[FirefoxDriver: firefox on LINUX (358f877c-4143-452f-ab4d-589327eb2715)] -> xpath: //p//word], [[FirefoxDriver: firefox on LINUX (358f877c-4143-452f-ab4d-589327eb2715)] -> xpath: //p//word], [[FirefoxDriver: firefox on LINUX (358f877c-4143-452f-ab4d-589327eb2715)] -> xpath: //p//word], [[FirefoxDriver: firefox on LINUX (358f877c-4143-452f-ab4d-589327eb2715)] -> xpath: //p//word], [[FirefoxDriver: firefox on LINUX (358f877c-4143-452f-ab4d-589327eb2715)] -> xpath: //p//word], [[FirefoxDriver: firefox on LINUX (358f877c-4143-452f-ab4d-589327eb2715)] -> xpath: //p//word], [[FirefoxDriver: firefox on LINUX (358f877c-4143-452f-ab4d-589327eb2715)] -> xpath: //p//word], [[FirefoxDriver: firefox on LINUX (358f877c-4143-452f-ab4d-589327eb2715)] -> xpath: //p//word], [[FirefoxDriver: firefox on LINUX (358f877c-4143-452f-ab4d-589327eb2715)] -> xpath: //p//word], [[FirefoxDriver: firefox on LINUX (358f877c-4143-452f-ab4d-589327eb2715)] -> xpath: //p//word], [[FirefoxDriver: firefox on LINUX (358f877c-4143-452f-ab4d-589327eb2715)] -> xpath: //p//word], [[FirefoxDriver: firefox on LINUX (358f877c-4143-452f-ab4d-589327eb2715)] -> xpath: //p//word], [[FirefoxDriver: firefox on LINUX (358f877c-4143-452f-ab4d-589327eb2715)] -> xpath: //p//word], [[FirefoxDriver: firefox on LINUX (358f877c-4143-452f-ab4d-589327eb2715)] -> xpath: //p//word], [[FirefoxDriver: firefox on LINUX (358f877c-4143-452f-ab4d-589327eb2715)] -> xpath: //p//word], [[FirefoxDriver: firefox on LINUX (358f877c-4143-452f-ab4d-589327eb2715)] -> xpath: //p//word], [[FirefoxDriver: firefox on LINUX (358f877c-4143-452f-ab4d-589327eb2715)] -> xpath: //p//word], [[FirefoxDriver: firefox on LINUX (358f877c-4143-452f-ab4d-589327eb2715)] -> xpath: //p//word], [[FirefoxDriver: firefox on LINUX (358f877c-4143-452f-ab4d-589327eb2715)] -> xpath: //p//word], [[FirefoxDriver: firefox on LINUX (358f877c-4143-452f-ab4d-589327eb2715)] -> xpath: //p//word], [[FirefoxDriver: firefox on LINUX (358f877c-4143-452f-ab4d-589327eb2715)] -> xpath: //p//word], [[FirefoxDriver: firefox on LINUX (358f877c-4143-452f-ab4d-589327eb2715)] -> xpath: //p//word], [[FirefoxDriver: firefox on LINUX (358f877c-4143-452f-ab4d-589327eb2715)] -> xpath: //p//word], [[FirefoxDriver: firefox on LINUX (358f877c-4143-452f-ab4d-589327eb2715)] -> xpath: //p//word], [[FirefoxDriver: firefox on LINUX (358f877c-4143-452f-ab4d-589327eb2715)] -> xpath: //p//word], [[FirefoxDriver: firefox on LINUX (358f877c-4143-452f-ab4d-589327eb2715)] -> xpath: //p//word], [[FirefoxDriver: firefox on LINUX (358f877c-4143-452f-ab4d-589327eb2715)] -> xpath: //p//word], [[FirefoxDriver: firefox on LINUX (358f877c-4143-452f-ab4d-589327eb2715)] -> xpath: //p//word], [[FirefoxDriver: firefox on LINUX (358f877c-4143-452f-ab4d-589327eb2715)] -> xpath: //p//word], [[FirefoxDriver: firefox on LINUX (358f877c-4143-452f-ab4d-589327eb2715)] -> xpath: //p//word], [[FirefoxDriver: firefox on LINUX (358f877c-4143-452f-ab4d-589327eb2715)] -> xpath: //p//word], [[FirefoxDriver: firefox on LINUX (358f877c-4143-452f-ab4d-589327eb2715)] -> xpath: //p//word], [[FirefoxDriver: firefox on LINUX (358f877c-4143-452f-ab4d-589327eb2715)] -> xpath: //p//word], [[FirefoxDriver: firefox on LINUX (358f877c-4143-452f-ab4d-589327eb2715)] -> xpath: //p//word], [[FirefoxDriver: firefox on LINUX (358f877c-4143-452f-ab4d-589327eb2715)] -> xpath: //p//word], [[FirefoxDriver: firefox on LINUX (358f877c-4143-452f-ab4d-589327eb2715)] -> xpath: //p//word], [[FirefoxDriver: firefox on LINUX (358f877c-4143-452f-ab4d-589327eb2715)] -> xpath: //p//word], [[FirefoxDriver: firefox on LINUX (358f877c-4143-452f-ab4d-589327eb2715)] -> xpath: //p//word], [[FirefoxDriver: firefox on LINUX (358f877c-4143-452f-ab4d-589327eb2715)] -> xpath: //p//word], [[FirefoxDriver: firefox on LINUX (358f877c-4143-452f-ab4d-589327eb2715)] -> xpath: //p//word], [[FirefoxDriver: firefox on LINUX (358f877c-4143-452f-ab4d-589327eb2715)] -> xpath: //p//word], [[FirefoxDriver: firefox on LINUX (358f877c-4143-452f-ab4d-589327eb2715)] -> xpath: //p//word], [[FirefoxDriver: firefox on LINUX (358f877c-4143-452f-ab4d-589327eb2715)] -> xpath: //p//word], [[FirefoxDriver: firefox on LINUX (358f877c-4143-452f-ab4d-589327eb2715)] -> xpath: //p//word], [[FirefoxDriver: firefox on LINUX (358f877c-4143-452f-ab4d-589327eb2715)] -> xpath: //p//word], [[FirefoxDriver: firefox on LINUX (358f877c-4143-452f-ab4d-589327eb2715)] -> xpath: //p//word], [[FirefoxDriver: firefox on LINUX (358f877c-4143-452f-ab4d-589327eb2715)] -> xpath: //p//word], [[FirefoxDriver: firefox on LINUX (358f877c-4143-452f-ab4d-589327eb2715)] -> xpath: //p//word], [[FirefoxDriver: firefox on LINUX (358f877c-4143-452f-ab4d-589327eb2715)] -> xpath: //p//word], [[FirefoxDriver: firefox on LINUX (358f877c-4143-452f-ab4d-589327eb2715)] -> xpath: //p//word], [[FirefoxDriver: firefox on LINUX (358f877c-4143-452f-ab4d-589327eb2715)] -> xpath: //p//word], [[FirefoxDriver: firefox on LINUX (358f877c-4143-452f-ab4d-589327eb2715)] -> xpath: //p//word], [[FirefoxDriver: firefox on LINUX (358f877c-4143-452f-ab4d-589327eb2715)] -> xpath: //p//word], [[FirefoxDriver: firefox on LINUX (358f877c-4143-452f-ab4d-589327eb2715)] -> xpath: //p//word], [[FirefoxDriver: firefox on LINUX (358f877c-4143-452f-ab4d-589327eb2715)] -> xpath: //p//word], [[FirefoxDriver: firefox on LINUX (358f877c-4143-452f-ab4d-589327eb2715)] -> xpath: //p//word], [[FirefoxDriver: firefox on LINUX (358f877c-4143-452f-ab4d-589327eb2715)] -> xpath: //p//word], [[FirefoxDriver: firefox on LINUX (358f877c-4143-452f-ab4d-589327eb2715)] -> xpath: //p//word], [[FirefoxDriver: firefox on LINUX (358f877c-4143-452f-ab4d-589327eb2715)] -> xpath: //p//word], [[FirefoxDriver: firefox on LINUX (358f877c-4143-452f-ab4d-589327eb2715)] -> xpath: //p//word], [[FirefoxDriver: firefox on LINUX (358f877c-4143-452f-ab4d-589327eb2715)] -> xpath: //p//word], [[FirefoxDriver: firefox on LINUX (358f877c-4143-452f-ab4d-589327eb2715)] -> xpath: //p//word], [[FirefoxDriver: firefox on LINUX (358f877c-4143-452f-ab4d-589327eb2715)] -> xpath: //p//word], [[FirefoxDriver: firefox on LINUX (358f877c-4143-452f-ab4d-589327eb2715)] -> xpath: //p//word], [[FirefoxDriver: firefox on LINUX (358f877c-4143-452f-ab4d-589327eb2715)] -> xpath: //p//word], [[FirefoxDriver: firefox on LINUX (358f877c-4143-452f-ab4d-589327eb2715)] -> xpath: //p//word], [[FirefoxDriver: firefox on LINUX (358f877c-4143-452f-ab4d-589327eb2715)] -> xpath: //p//word], [[FirefoxDriver: firefox on LINUX (358f877c-4143-452f-ab4d-589327eb2715)] -> xpath: //p//word], [[FirefoxDriver: firefox on LINUX (358f877c-4143-452f-ab4d-589327eb2715)] -> xpath: //p//word], [[FirefoxDriver: firefox on LINUX (358f877c-4143-452f-ab4d-589327eb2715)] -> xpath: //p//word], [[FirefoxDriver: firefox on LINUX (358f877c-4143-452f-ab4d-589327eb2715)] -> xpath: //p//word], [[FirefoxDriver: firefox on LINUX (358f877c-4143-452f-ab4d-589327eb2715)] -> xpath: //p//word], [[FirefoxDriver: firefox on LINUX (358f877c-4143-452f-ab4d-589327eb2715)] -> xpath: //p//word], [[FirefoxDriver: firefox on LINUX (358f877c-4143-452f-ab4d-589327eb2715)] -> xpath: //p//word], [[FirefoxDriver: firefox on LINUX (358f877c-4143-452f-ab4d-589327eb2715)] -> xpath: //p//word], [[FirefoxDriver: firefox on LINUX (358f877c-4143-452f-ab4d-589327eb2715)] -> xpath: //p//word], [[FirefoxDriver: firefox on LINUX (358f877c-4143-452f-ab4d-589327eb2715)] -> xpath: //p//word], [[FirefoxDriver: firefox on LINUX (358f877c-4143-452f-ab4d-589327eb2715)] -> xpath: //p//word], [[FirefoxDriver: firefox on LINUX (358f877c-4143-452f-ab4d-589327eb2715)] -> xpath: //p//word], [[FirefoxDriver: firefox on LINUX (358f877c-4143-452f-ab4d-589327eb2715)] -> xpath: //p//word], [[FirefoxDriver: firefox on LINUX (358f877c-4143-452f-ab4d-589327eb2715)] -> xpath: //p//word], [[FirefoxDriver: firefox on LINUX (358f877c-4143-452f-ab4d-589327eb2715)] -> xpath: //p//word], [[FirefoxDriver: firefox on LINUX (358f877c-4143-452f-ab4d-589327eb2715)] -> xpath: //p//word], [[FirefoxDriver: firefox on LINUX (358f877c-4143-452f-ab4d-589327eb2715)] -> xpath: //p//word], [[FirefoxDriver: firefox on LINUX (358f877c-4143-452f-ab4d-589327eb2715)] -> xpath: //p//word], [[FirefoxDriver: firefox on LINUX (358f877c-4143-452f-ab4d-589327eb2715)] -> xpath: //p//word], [[FirefoxDriver: firefox on LINUX (358f877c-4143-452f-ab4d-589327eb2715)] -> xpath: //p//word], [[FirefoxDriver: firefox on LINUX (358f877c-4143-452f-ab4d-589327eb2715)] -> xpath: //p//word], [[FirefoxDriver: firefox on LINUX (358f877c-4143-452f-ab4d-589327eb2715)] -> xpath: //p//word], [[FirefoxDriver: firefox on LINUX (358f877c-4143-452f-ab4d-589327eb2715)] -> xpath: //p//word], [[FirefoxDriver: firefox on LINUX (358f877c-4143-452f-ab4d-589327eb2715)] -> xpath: //p//word], [[FirefoxDriver: firefox on LINUX (358f877c-4143-452f-ab4d-589327eb2715)] -> xpath: //p//word], [[FirefoxDriver: firefox on LINUX (358f877c-4143-452f-ab4d-589327eb2715)] -> xpath: //p//word], [[FirefoxDriver: firefox on LINUX (358f877c-4143-452f-ab4d-589327eb2715)] -> xpath: //p//word], [[FirefoxDriver: firefox on LINUX (358f877c-4143-452f-ab4d-589327eb2715)] -> xpath: //p//word], [[FirefoxDriver: firefox on LINUX (358f877c-4143-452f-ab4d-589327eb2715)] -> xpath: //p//word], [[FirefoxDriver: firefox on LINUX (358f877c-4143-452f-ab4d-589327eb2715)] -> xpath: //p//word], [[FirefoxDriver: firefox on LINUX (358f877c-4143-452f-ab4d-589327eb2715)] -> xpath: //p//word], [[FirefoxDriver: firefox on LINUX (358f877c-4143-452f-ab4d-589327eb2715)] -> xpath: //p//word], [[FirefoxDriver: firefox on LINUX (358f877c-4143-452f-ab4d-589327eb2715)] -> xpath: //p//word], [[FirefoxDriver: firefox on LINUX (358f877c-4143-452f-ab4d-589327eb2715)] -> xpath: //p//word], [[FirefoxDriver: firefox on LINUX (358f877c-4143-452f-ab4d-589327eb2715)] -> xpath: //p//word], [[FirefoxDriver: firefox on LINUX (358f877c-4143-452f-ab4d-589327eb2715)] -> xpath: //p//word], [[FirefoxDriver: firefox on LINUX (358f877c-4143-452f-ab4d-589327eb2715)] -> xpath: //p//word], [[FirefoxDriver: firefox on LINUX (358f877c-4143-452f-ab4d-589327eb2715)] -> xpath: //p//word], [[FirefoxDriver: firefox on LINUX (358f877c-4143-452f-ab4d-589327eb2715)] -> xpath: //p//word], [[FirefoxDriver: firefox on LINUX (358f877c-4143-452f-ab4d-589327eb2715)] -> xpath: //p//word], [[FirefoxDriver: firefox on LINUX (358f877c-4143-452f-ab4d-589327eb2715)] -> xpath: //p//word], [[FirefoxDriver: firefox on LINUX (358f877c-4143-452f-ab4d-589327eb2715)] -> xpath: //p//word], [[FirefoxDriver: firefox on LINUX (358f877c-4143-452f-ab4d-589327eb2715)] -> xpath: //p//word], [[FirefoxDriver: firefox on LINUX (358f877c-4143-452f-ab4d-589327eb2715)] -> xpath: //p//word], [[FirefoxDriver: firefox on LINUX (358f877c-4143-452f-ab4d-589327eb2715)] -> xpath: //p//word], [[FirefoxDriver: firefox on LINUX (358f877c-4143-452f-ab4d-589327eb2715)] -> xpath: //p//word], [[FirefoxDriver: firefox on LINUX (358f877c-4143-452f-ab4d-589327eb2715)] -> xpath: //p//word], [[FirefoxDriver: firefox on LINUX (358f877c-4143-452f-ab4d-589327eb2715)] -> xpath: //p//word], [[FirefoxDriver: firefox on LINUX (358f877c-4143-452f-ab4d-589327eb2715)] -> xpath: //p//word], [[FirefoxDriver: firefox on LINUX (358f877c-4143-452f-ab4d-589327eb2715)] -> xpath: //p//word], [[FirefoxDriver: firefox on LINUX (358f877c-4143-452f-ab4d-589327eb2715)] -> xpath: //p//word], [[FirefoxDriver: firefox on LINUX (358f877c-4143-452f-ab4d-589327eb2715)] -> xpath: //p//word], [[FirefoxDriver: firefox on LINUX (358f877c-4143-452f-ab4d-589327eb2715)] -> xpath: //p//word], [[FirefoxDriver: firefox on LINUX (358f877c-4143-452f-ab4d-589327eb2715)] -> xpath: //p//word], [[FirefoxDriver: firefox on LINUX (358f877c-4143-452f-ab4d-589327eb2715)] -> xpath: //p//word], [[FirefoxDriver: firefox on LINUX (358f877c-4143-452f-ab4d-589327eb2715)] -> xpath: //p//word], [[FirefoxDriver: firefox on LINUX (358f877c-4143-452f-ab4d-589327eb2715)] -> xpath: //p//word], [[FirefoxDriver: firefox on LINUX (358f877c-4143-452f-ab4d-589327eb2715)] -> xpath: //p//word], [[FirefoxDriver: firefox on LINUX (358f877c-4143-452f-ab4d-589327eb2715)] -> xpath: //p//word], [[FirefoxDriver: firefox on LINUX (358f877c-4143-452f-ab4d-589327eb2715)] -> xpath: //p//word], [[FirefoxDriver: firefox on LINUX (358f877c-4143-452f-ab4d-589327eb2715)] -> xpath: //p//word], [[FirefoxDriver: firefox on LINUX (358f877c-4143-452f-ab4d-589327eb2715)] -> xpath: //p//word], [[FirefoxDriver: firefox on LINUX (358f877c-4143-452f-ab4d-589327eb2715)] -> xpath: //p//word], [[FirefoxDriver: firefox on LINUX (358f877c-4143-452f-ab4d-589327eb2715)] -> xpath: //p//word], [[FirefoxDriver: firefox on LINUX (358f877c-4143-452f-ab4d-589327eb2715)] -> xpath: //p//word], [[FirefoxDriver: firefox on LINUX (358f877c-4143-452f-ab4d-589327eb2715)] -> xpath: //p//word], [[FirefoxDriver: firefox on LINUX (358f877c-4143-452f-ab4d-589327eb2715)] -> xpath: //p//word], [[FirefoxDriver: firefox on LINUX (358f877c-4143-452f-ab4d-589327eb2715)] -> xpath: //p//word], [[FirefoxDriver: firefox on LINUX (358f877c-4143-452f-ab4d-589327eb2715)] -> xpath: //p//word], [[FirefoxDriver: firefox on LINUX (358f877c-4143-452f-ab4d-589327eb2715)] -> xpath: //p//word], [[FirefoxDriver: firefox on LINUX (358f877c-4143-452f-ab4d-589327eb2715)] -> xpath: //p//word], [[FirefoxDriver: firefox on LINUX (358f877c-4143-452f-ab4d-589327eb2715)] -> xpath: //p//word], [[FirefoxDriver: firefox on LINUX (358f877c-4143-452f-ab4d-589327eb2715)] -> xpath: //p//word], [[FirefoxDriver: firefox on LINUX (358f877c-4143-452f-ab4d-589327eb2715)] -> xpath: //p//word], [[FirefoxDriver: firefox on LINUX (358f877c-4143-452f-ab4d-589327eb2715)] -> xpath: //p//word], [[FirefoxDriver: firefox on LINUX (358f877c-4143-452f-ab4d-589327eb2715)] -> xpath: //p//word], [[FirefoxDriver: firefox on LINUX (358f877c-4143-452f-ab4d-589327eb2715)] -> xpath: //p//word], [[FirefoxDriver: firefox on LINUX (358f877c-4143-452f-ab4d-589327eb2715)] -> xpath: //p//word], [[FirefoxDriver: firefox on LINUX (358f877c-4143-452f-ab4d-589327eb2715)] -> xpath: //p//word], [[FirefoxDriver: firefox on LINUX (358f877c-4143-452f-ab4d-589327eb2715)] -> xpath: //p//word], [[FirefoxDriver: firefox on LINUX (358f877c-4143-452f-ab4d-589327eb2715)] -> xpath: //p//word], [[FirefoxDriver: firefox on LINUX (358f877c-4143-452f-ab4d-589327eb2715)] -> xpath: //p//word], [[FirefoxDriver: firefox on LINUX (358f877c-4143-452f-ab4d-589327eb2715)] -> xpath: //p//word], [[FirefoxDriver: firefox on LINUX (358f877c-4143-452f-ab4d-589327eb2715)] -> xpath: //p//word], [[FirefoxDriver: firefox on LINUX (358f877c-4143-452f-ab4d-589327eb2715)] -> xpath: //p//word], [[FirefoxDriver: firefox on LINUX (358f877c-4143-452f-ab4d-589327eb2715)] -> xpath: //p//word], [[FirefoxDriver: firefox on LINUX (358f877c-4143-452f-ab4d-589327eb2715)] -> xpath: //p//word], [[FirefoxDriver: firefox on LINUX (358f877c-4143-452f-ab4d-589327eb2715)] -> xpath: //p//word], [[FirefoxDriver: firefox on LINUX (358f877c-4143-452f-ab4d-589327eb2715)] -> xpath: //p//word], [[FirefoxDriver: firefox on LINUX (358f877c-4143-452f-ab4d-589327eb2715)] -> xpath: //p//word], [[FirefoxDriver: firefox on LINUX (358f877c-4143-452f-ab4d-589327eb2715)] -> xpath: //p//word], [[FirefoxDriver: firefox on LINUX (358f877c-4143-452f-ab4d-589327eb2715)] -> xpath: //p//word], [[FirefoxDriver: firefox on LINUX (358f877c-4143-452f-ab4d-589327eb2715)] -> xpath: //p//word], [[FirefoxDriver: firefox on LINUX (358f877c-4143-452f-ab4d-589327eb2715)] -> xpath: //p//word], [[FirefoxDriver: firefox on LINUX (358f877c-4143-452f-ab4d-589327eb2715)] -> xpath: //p//word], [[FirefoxDriver: firefox on LINUX (358f877c-4143-452f-ab4d-589327eb2715)] -> xpath: //p//word], [[FirefoxDriver: firefox on LINUX (358f877c-4143-452f-ab4d-589327eb2715)] -> xpath: //p//word], [[FirefoxDriver: firefox on LINUX (358f877c-4143-452f-ab4d-589327eb2715)] -> xpath: //p//word], [[FirefoxDriver: firefox on LINUX (358f877c-4143-452f-ab4d-589327eb2715)] -> xpath: //p//word], [[FirefoxDriver: firefox on LINUX (358f877c-4143-452f-ab4d-589327eb2715)] -> xpath: //p//word], [[FirefoxDriver: firefox on LINUX (358f877c-4143-452f-ab4d-589327eb2715)] -> xpath: //p//word], [[FirefoxDriver: firefox on LINUX (358f877c-4143-452f-ab4d-589327eb2715)] -> xpath: //p//word], [[FirefoxDriver: firefox on LINUX (358f877c-4143-452f-ab4d-589327eb2715)] -> xpath: //p//word], [[FirefoxDriver: firefox on LINUX (358f877c-4143-452f-ab4d-589327eb2715)] -> xpath: //p//word], [[FirefoxDriver: firefox on LINUX (358f877c-4143-452f-ab4d-589327eb2715)] -> xpath: //p//word], [[FirefoxDriver: firefox on LINUX (358f877c-4143-452f-ab4d-589327eb2715)] -> xpath: //p//word], [[FirefoxDriver: firefox on LINUX (358f877c-4143-452f-ab4d-589327eb2715)] -> xpath: //p//word], [[FirefoxDriver: firefox on LINUX (358f877c-4143-452f-ab4d-589327eb2715)] -> xpath: //p//word], [[FirefoxDriver: firefox on LINUX (358f877c-4143-452f-ab4d-589327eb2715)] -> xpath: //p//word], [[FirefoxDriver: firefox on LINUX (358f877c-4143-452f-ab4d-589327eb2715)] -> xpath: //p//word], [[FirefoxDriver: firefox on LINUX (358f877c-4143-452f-ab4d-589327eb2715)] -> xpath: //p//word], [[FirefoxDriver: firefox on LINUX (358f877c-4143-452f-ab4d-589327eb2715)] -> xpath: //p//word], [[FirefoxDriver: firefox on LINUX (358f877c-4143-452f-ab4d-589327eb2715)] -> xpath: //p//word], [[FirefoxDriver: firefox on LINUX (358f877c-4143-452f-ab4d-589327eb2715)] -> xpath: //p//word], [[FirefoxDriver: firefox on LINUX (358f877c-4143-452f-ab4d-589327eb2715)] -> xpath: //p//word], [[FirefoxDriver: firefox on LINUX (358f877c-4143-452f-ab4d-589327eb2715)] -> xpath: //p//word], [[FirefoxDriver: firefox on LINUX (358f877c-4143-452f-ab4d-589327eb2715)] -> xpath: //p//word], [[FirefoxDriver: firefox on LINUX (358f877c-4143-452f-ab4d-589327eb2715)] -> xpath: //p//word], [[FirefoxDriver: firefox on LINUX (358f877c-4143-452f-ab4d-589327eb2715)] -> xpath: //p//word], [[FirefoxDriver: firefox on LINUX (358f877c-4143-452f-ab4d-589327eb2715)] -> xpath: //p//word], [[FirefoxDriver: firefox on LINUX (358f877c-4143-452f-ab4d-589327eb2715)] -> xpath: //p//word], [[FirefoxDriver: firefox on LINUX (358f877c-4143-452f-ab4d-589327eb2715)] -> xpath: //p//word], [[FirefoxDriver: firefox on LINUX (358f877c-4143-452f-ab4d-589327eb2715)] -> xpath: //p//word], [[FirefoxDriver: firefox on LINUX (358f877c-4143-452f-ab4d-589327eb2715)] -> xpath: //p//word], [[FirefoxDriver: firefox on LINUX (358f877c-4143-452f-ab4d-589327eb2715)] -> xpath: //p//word], [[FirefoxDriver: firefox on LINUX (358f877c-4143-452f-ab4d-589327eb2715)] -> xpath: //p//word], [[FirefoxDriver: firefox on LINUX (358f877c-4143-452f-ab4d-589327eb2715)] -> xpath: //p//word], [[FirefoxDriver: firefox on LINUX (358f877c-4143-452f-ab4d-589327eb2715)] -> xpath: //p//word], [[FirefoxDriver: firefox on LINUX (358f877c-4143-452f-ab4d-589327eb2715)] -> xpath: //p//word], [[FirefoxDriver: firefox on LINUX (358f877c-4143-452f-ab4d-589327eb2715)] -> xpath: //p//word], [[FirefoxDriver: firefox on LINUX (358f877c-4143-452f-ab4d-589327eb2715)] -> xpath: //p//word], [[FirefoxDriver: firefox on LINUX (358f877c-4143-452f-ab4d-589327eb2715)] -> xpath: //p//word], [[FirefoxDriver: firefox on LINUX (358f877c-4143-452f-ab4d-589327eb2715)] -> xpath: //p//word], [[FirefoxDriver: firefox on LINUX (358f877c-4143-452f-ab4d-589327eb2715)] -> xpath: //p//word], [[FirefoxDriver: firefox on LINUX (358f877c-4143-452f-ab4d-589327eb2715)] -> xpath: //p//word], [[FirefoxDriver: firefox on LINUX (358f877c-4143-452f-ab4d-589327eb2715)] -> xpath: //p//word], [[FirefoxDriver: firefox on LINUX (358f877c-4143-452f-ab4d-589327eb2715)] -> xpath: //p//word], [[FirefoxDriver: firefox on LINUX (358f877c-4143-452f-ab4d-589327eb2715)] -> xpath: //p//word], [[FirefoxDriver: firefox on LINUX (358f877c-4143-452f-ab4d-589327eb2715)] -> xpath: //p//word], [[FirefoxDriver: firefox on LINUX (358f877c-4143-452f-ab4d-589327eb2715)] -> xpath: //p//word], [[FirefoxDriver: firefox on LINUX (358f877c-4143-452f-ab4d-589327eb2715)] -> xpath: //p//word], [[FirefoxDriver: firefox on LINUX (358f877c-4143-452f-ab4d-589327eb2715)] -> xpath: //p//word], [[FirefoxDriver: firefox on LINUX (358f877c-4143-452f-ab4d-589327eb2715)] -> xpath: //p//word], [[FirefoxDriver: firefox on LINUX (358f877c-4143-452f-ab4d-589327eb2715)] -> xpath: //p//word], [[FirefoxDriver: firefox on LINUX (358f877c-4143-452f-ab4d-589327eb2715)] -> xpath: //p//word], [[FirefoxDriver: firefox on LINUX (358f877c-4143-452f-ab4d-589327eb2715)] -> xpath: //p//word], [[FirefoxDriver: firefox on LINUX (358f877c-4143-452f-ab4d-589327eb2715)] -> xpath: //p//word], [[FirefoxDriver: firefox on LINUX (358f877c-4143-452f-ab4d-589327eb2715)] -> xpath: //p//word], [[FirefoxDriver: firefox on LINUX (358f877c-4143-452f-ab4d-589327eb2715)] -> xpath: //p//word], [[FirefoxDriver: firefox on LINUX (358f877c-4143-452f-ab4d-589327eb2715)] -> xpath: //p//word], [[FirefoxDriver: firefox on LINUX (358f877c-4143-452f-ab4d-589327eb2715)] -> xpath: //p//word], [[FirefoxDriver: firefox on LINUX (358f877c-4143-452f-ab4d-589327eb2715)] -> xpath: //p//word], [[FirefoxDriver: firefox on LINUX (358f877c-4143-452f-ab4d-589327eb2715)] -> xpath: //p//word], [[FirefoxDriver: firefox on LINUX (358f877c-4143-452f-ab4d-589327eb2715)] -> xpath: //p//word], [[FirefoxDriver: firefox on LINUX (358f877c-4143-452f-ab4d-589327eb2715)] -> xpath: //p//word], [[FirefoxDriver: firefox on LINUX (358f877c-4143-452f-ab4d-589327eb2715)] -> xpath: //p//word], [[FirefoxDriver: firefox on LINUX (358f877c-4143-452f-ab4d-589327eb2715)] -> xpath: //p//word], [[FirefoxDriver: firefox on LINUX (358f877c-4143-452f-ab4d-589327eb2715)] -> xpath: //p//word], [[FirefoxDriver: firefox on LINUX (358f877c-4143-452f-ab4d-589327eb2715)] -> xpath: //p//word], [[FirefoxDriver: firefox on LINUX (358f877c-4143-452f-ab4d-589327eb2715)] -> xpath: //p//word], [[FirefoxDriver: firefox on LINUX (358f877c-4143-452f-ab4d-589327eb2715)] -> xpath: //p//word], [[FirefoxDriver: firefox on LINUX (358f877c-4143-452f-ab4d-589327eb2715)] -> xpath: //p//word], [[FirefoxDriver: firefox on LINUX (358f877c-4143-452f-ab4d-589327eb2715)] -> xpath: //p//word], [[FirefoxDriver: firefox on LINUX (358f877c-4143-452f-ab4d-589327eb2715)] -> xpath: //p//word], [[FirefoxDriver: firefox on LINUX (358f877c-4143-452f-ab4d-589327eb2715)] -> xpath: //p//word], [[FirefoxDriver: firefox on LINUX (358f877c-4143-452f-ab4d-589327eb2715)] -> xpath: //p//word], [[FirefoxDriver: firefox on LINUX (358f877c-4143-452f-ab4d-589327eb2715)] -> xpath: //p//word], [[FirefoxDriver: firefox on LINUX (358f877c-4143-452f-ab4d-589327eb2715)] -> xpath: //p//word], [[FirefoxDriver: firefox on LINUX (358f877c-4143-452f-ab4d-589327eb2715)] -> xpath: //p//word], [[FirefoxDriver: firefox on LINUX (358f877c-4143-452f-ab4d-589327eb2715)] -> xpath: //p//word], [[FirefoxDriver: firefox on LINUX (358f877c-4143-452f-ab4d-589327eb2715)] -> xpath: //p//word], [[FirefoxDriver: firefox on LINUX (358f877c-4143-452f-ab4d-589327eb2715)] -> xpath: //p//word], [[FirefoxDriver: firefox on LINUX (358f877c-4143-452f-ab4d-589327eb2715)] -> xpath: //p//word], [[FirefoxDriver: firefox on LINUX (358f877c-4143-452f-ab4d-589327eb2715)] -> xpath: //p//word], [[FirefoxDriver: firefox on LINUX (358f877c-4143-452f-ab4d-589327eb2715)] -> xpath: //p//word], [[FirefoxDriver: firefox on LINUX (358f877c-4143-452f-ab4d-589327eb2715)] -> xpath: //p//word], [[FirefoxDriver: firefox on LINUX (358f877c-4143-452f-ab4d-589327eb2715)] -> xpath: //p//word], [[FirefoxDriver: firefox on LINUX (358f877c-4143-452f-ab4d-589327eb2715)] -> xpath: //p//word], [[FirefoxDriver: firefox on LINUX (358f877c-4143-452f-ab4d-589327eb2715)] -> xpath: //p//word], [[FirefoxDriver: firefox on LINUX (358f877c-4143-452f-ab4d-589327eb2715)] -> xpath: //p//word], [[FirefoxDriver: firefox on LINUX (358f877c-4143-452f-ab4d-589327eb2715)] -> xpath: //p//word], [[FirefoxDriver: firefox on LINUX (358f877c-4143-452f-ab4d-589327eb2715)] -> xpath: //p//word], [[FirefoxDriver: firefox on LINUX (358f877c-4143-452f-ab4d-589327eb2715)] -> xpath: //p//word], [[FirefoxDriver: firefox on LINUX (358f877c-4143-452f-ab4d-589327eb2715)] -> xpath: //p//word], [[FirefoxDriver: firefox on LINUX (358f877c-4143-452f-ab4d-589327eb2715)] -> xpath: //p//word], [[FirefoxDriver: firefox on LINUX (358f877c-4143-452f-ab4d-589327eb2715)] -> xpath: //p//word], [[FirefoxDriver: firefox on LINUX (358f877c-4143-452f-ab4d-589327eb2715)] -> xpath: //p//word], [[FirefoxDriver: firefox on LINUX (358f877c-4143-452f-ab4d-589327eb2715)] -> xpath: //p//word], [[FirefoxDriver: firefox on LINUX (358f877c-4143-452f-ab4d-589327eb2715)] -> xpath: //p//word], [[FirefoxDriver: firefox on LINUX (358f877c-4143-452f-ab4d-589327eb2715)] -> xpath: //p//word], [[FirefoxDriver: firefox on LINUX (358f877c-4143-452f-ab4d-589327eb2715)] -> xpath: //p//word], [[FirefoxDriver: firefox on LINUX (358f877c-4143-452f-ab4d-589327eb2715)] -> xpath: //p//word], [[FirefoxDriver: firefox on LINUX (358f877c-4143-452f-ab4d-589327eb2715)] -> xpath: //p//word], [[FirefoxDriver: firefox on LINUX (358f877c-4143-452f-ab4d-589327eb2715)] -> xpath: //p//word], [[FirefoxDriver: firefox on LINUX (358f877c-4143-452f-ab4d-589327eb2715)] -> xpath: //p//word], [[FirefoxDriver: firefox on LINUX (358f877c-4143-452f-ab4d-589327eb2715)] -> xpath: //p//word], [[FirefoxDriver: firefox on LINUX (358f877c-4143-452f-ab4d-589327eb2715)] -> xpath: //p//word], [[FirefoxDriver: firefox on LINUX (358f877c-4143-452f-ab4d-589327eb2715)] -> xpath: //p//word], [[FirefoxDriver: firefox on LINUX (358f877c-4143-452f-ab4d-589327eb2715)] -> xpath: //p//word], [[FirefoxDriver: firefox on LINUX (358f877c-4143-452f-ab4d-589327eb2715)] -> xpath: //p//word], [[FirefoxDriver: firefox on LINUX (358f877c-4143-452f-ab4d-589327eb2715)] -> xpath: //p//word], [[FirefoxDriver: firefox on LINUX (358f877c-4143-452f-ab4d-589327eb2715)] -> xpath: //p//word], [[FirefoxDriver: firefox on LINUX (358f877c-4143-452f-ab4d-589327eb2715)] -> xpath: //p//word], [[FirefoxDriver: firefox on LINUX (358f877c-4143-452f-ab4d-589327eb2715)] -> xpath: //p//word], [[FirefoxDriver: firefox on LINUX (358f877c-4143-452f-ab4d-589327eb2715)] -> xpath: //p//word], [[FirefoxDriver: firefox on LINUX (358f877c-4143-452f-ab4d-589327eb2715)] -> xpath: //p//word], [[FirefoxDriver: firefox on LINUX (358f877c-4143-452f-ab4d-589327eb2715)] -> xpath: //p//word], [[FirefoxDriver: firefox on LINUX (358f877c-4143-452f-ab4d-589327eb2715)] -> xpath: //p//word], [[FirefoxDriver: firefox on LINUX (358f877c-4143-452f-ab4d-589327eb2715)] -> xpath: //p//word], [[FirefoxDriver: firefox on LINUX (358f877c-4143-452f-ab4d-589327eb2715)] -> xpath: //p//word], [[FirefoxDriver: firefox on LINUX (358f877c-4143-452f-ab4d-589327eb2715)] -> xpath: //p//word], [[FirefoxDriver: firefox on LINUX (358f877c-4143-452f-ab4d-589327eb2715)] -> xpath: //p//word], [[FirefoxDriver: firefox on LINUX (358f877c-4143-452f-ab4d-589327eb2715)] -> xpath: //p//word], [[FirefoxDriver: firefox on LINUX (358f877c-4143-452f-ab4d-589327eb2715)] -> xpath: //p//word], [[FirefoxDriver: firefox on LINUX (358f877c-4143-452f-ab4d-589327eb2715)] -> xpath: //p//word], [[FirefoxDriver: firefox on LINUX (358f877c-4143-452f-ab4d-589327eb2715)] -> xpath: //p//word], [[FirefoxDriver: firefox on LINUX (358f877c-4143-452f-ab4d-589327eb2715)] -> xpath: //p//word], [[FirefoxDriver: firefox on LINUX (358f877c-4143-452f-ab4d-589327eb2715)] -> xpath: //p//word], [[FirefoxDriver: firefox on LINUX (358f877c-4143-452f-ab4d-589327eb2715)] -> xpath: //p//word], [[FirefoxDriver: firefox on LINUX (358f877c-4143-452f-ab4d-589327eb2715)] -> xpath: //p//word], [[FirefoxDriver: firefox on LINUX (358f877c-4143-452f-ab4d-589327eb2715)] -> xpath: //p//word], [[FirefoxDriver: firefox on LINUX (358f877c-4143-452f-ab4d-589327eb2715)] -> xpath: //p//word], [[FirefoxDriver: firefox on LINUX (358f877c-4143-452f-ab4d-589327eb2715)] -> xpath: //p//word], [[FirefoxDriver: firefox on LINUX (358f877c-4143-452f-ab4d-589327eb2715)] -> xpath: //p//word], [[FirefoxDriver: firefox on LINUX (358f877c-4143-452f-ab4d-589327eb2715)] -> xpath: //p//word], [[FirefoxDriver: firefox on LINUX (358f877c-4143-452f-ab4d-589327eb2715)] -> xpath: //p//word], [[FirefoxDriver: firefox on LINUX (358f877c-4143-452f-ab4d-589327eb2715)] -> xpath: //p//word], [[FirefoxDriver: firefox on LINUX (358f877c-4143-452f-ab4d-589327eb2715)] -> xpath: //p//word], [[FirefoxDriver: firefox on LINUX (358f877c-4143-452f-ab4d-589327eb2715)] -> xpath: //p//word], [[FirefoxDriver: firefox on LINUX (358f877c-4143-452f-ab4d-589327eb2715)] -> xpath: //p//word], [[FirefoxDriver: firefox on LINUX (358f877c-4143-452f-ab4d-589327eb2715)] -> xpath: //p//word], [[FirefoxDriver: firefox on LINUX (358f877c-4143-452f-ab4d-589327eb2715)] -> xpath: //p//word], [[FirefoxDriver: firefox on LINUX (358f877c-4143-452f-ab4d-589327eb2715)] -> xpath: //p//word], [[FirefoxDriver: firefox on LINUX (358f877c-4143-452f-ab4d-589327eb2715)] -> xpath: //p//word], [[FirefoxDriver: firefox on LINUX (358f877c-4143-452f-ab4d-589327eb2715)] -> xpath: //p//word], [[FirefoxDriver: firefox on LINUX (358f877c-4143-452f-ab4d-589327eb2715)] -> xpath: //p//word], [[FirefoxDriver: firefox on LINUX (358f877c-4143-452f-ab4d-589327eb2715)] -> xpath: //p//word], [[FirefoxDriver: firefox on LINUX (358f877c-4143-452f-ab4d-589327eb2715)] -> xpath: //p//word], [[FirefoxDriver: firefox on LINUX (358f877c-4143-452f-ab4d-589327eb2715)] -> xpath: //p//word], [[FirefoxDriver: firefox on LINUX (358f877c-4143-452f-ab4d-589327eb2715)] -> xpath: //p//word], [[FirefoxDriver: firefox on LINUX (358f877c-4143-452f-ab4d-589327eb2715)] -> xpath: //p//word], [[FirefoxDriver: firefox on LINUX (358f877c-4143-452f-ab4d-589327eb2715)] -> xpath: //p//word], [[FirefoxDriver: firefox on LINUX (358f877c-4143-452f-ab4d-589327eb2715)] -> xpath: //p//word], [[FirefoxDriver: firefox on LINUX (358f877c-4143-452f-ab4d-589327eb2715)] -> xpath: //p//word], [[FirefoxDriver: firefox on LINUX (358f877c-4143-452f-ab4d-589327eb2715)] -> xpath: //p//word], [[FirefoxDriver: firefox on LINUX (358f877c-4143-452f-ab4d-589327eb2715)] -> xpath: //p//word], [[FirefoxDriver: firefox on LINUX (358f877c-4143-452f-ab4d-589327eb2715)] -> xpath: //p//word], [[FirefoxDriver: firefox on LINUX (358f877c-4143-452f-ab4d-589327eb2715)] -> xpath: //p//word], [[FirefoxDriver: firefox on LINUX (358f877c-4143-452f-ab4d-589327eb2715)] -> xpath: //p//word], [[FirefoxDriver: firefox on LINUX (358f877c-4143-452f-ab4d-589327eb2715)] -> xpath: //p//word], [[FirefoxDriver: firefox on LINUX (358f877c-4143-452f-ab4d-589327eb2715)] -> xpath: //p//word], [[FirefoxDriver: firefox on LINUX (358f877c-4143-452f-ab4d-589327eb2715)] -> xpath: //p//word], [[FirefoxDriver: firefox on LINUX (358f877c-4143-452f-ab4d-589327eb2715)] -> xpath: //p//word], [[FirefoxDriver: firefox on LINUX (358f877c-4143-452f-ab4d-589327eb2715)] -> xpath: //p//word], [[FirefoxDriver: firefox on LINUX (358f877c-4143-452f-ab4d-589327eb2715)] -> xpath: //p//word], [[FirefoxDriver: firefox on LINUX (358f877c-4143-452f-ab4d-589327eb2715)] -> xpath: //p//word], [[FirefoxDriver: firefox on LINUX (358f877c-4143-452f-ab4d-589327eb2715)] -> xpath: //p//word], [[FirefoxDriver: firefox on LINUX (358f877c-4143-452f-ab4d-589327eb2715)] -> xpath: //p//word], [[FirefoxDriver: firefox on LINUX (358f877c-4143-452f-ab4d-589327eb2715)] -> xpath: //p//word], [[FirefoxDriver: firefox on LINUX (358f877c-4143-452f-ab4d-589327eb2715)] -> xpath: //p//word], [[FirefoxDriver: firefox on LINUX (358f877c-4143-452f-ab4d-589327eb2715)] -> xpath: //p//word], [[FirefoxDriver: firefox on LINUX (358f877c-4143-452f-ab4d-589327eb2715)] -> xpath: //p//word], [[FirefoxDriver: firefox on LINUX (358f877c-4143-452f-ab4d-589327eb2715)] -> xpath: //p//word], [[FirefoxDriver: firefox on LINUX (358f877c-4143-452f-ab4d-589327eb2715)] -> xpath: //p//word], [[FirefoxDriver: firefox on LINUX (358f877c-4143-452f-ab4d-589327eb2715)] -> xpath: //p//word], [[FirefoxDriver: firefox on LINUX (358f877c-4143-452f-ab4d-589327eb2715)] -> xpath: //p//word], [[FirefoxDriver: firefox on LINUX (358f877c-4143-452f-ab4d-589327eb2715)] -> xpath: //p//word], [[FirefoxDriver: firefox on LINUX (358f877c-4143-452f-ab4d-589327eb2715)] -> xpath: //p//word], [[FirefoxDriver: firefox on LINUX (358f877c-4143-452f-ab4d-589327eb2715)] -> xpath: //p//word], [[FirefoxDriver: firefox on LINUX (358f877c-4143-452f-ab4d-589327eb2715)] -> xpath: //p//word], [[FirefoxDriver: firefox on LINUX (358f877c-4143-452f-ab4d-589327eb2715)] -> xpath: //p//word], [[FirefoxDriver: firefox on LINUX (358f877c-4143-452f-ab4d-589327eb2715)] -> xpath: //p//word], [[FirefoxDriver: firefox on LINUX (358f877c-4143-452f-ab4d-589327eb2715)] -> xpath: //p//word], [[FirefoxDriver: firefox on LINUX (358f877c-4143-452f-ab4d-589327eb2715)] -> xpath: //p//word], [[FirefoxDriver: firefox on LINUX (358f877c-4143-452f-ab4d-589327eb2715)] -> xpath: //p//word], [[FirefoxDriver: firefox on LINUX (358f877c-4143-452f-ab4d-589327eb2715)] -> xpath: //p//word], [[FirefoxDriver: firefox on LINUX (358f877c-4143-452f-ab4d-589327eb2715)] -> xpath: //p//word], [[FirefoxDriver: firefox on LINUX (358f877c-4143-452f-ab4d-589327eb2715)] -> xpath: //p//word], [[FirefoxDriver: firefox on LINUX (358f877c-4143-452f-ab4d-589327eb2715)] -> xpath: //p//word], [[FirefoxDriver: firefox on LINUX (358f877c-4143-452f-ab4d-589327eb2715)] -> xpath: //p//word], [[FirefoxDriver: firefox on LINUX (358f877c-4143-452f-ab4d-589327eb2715)] -> xpath: //p//word], [[FirefoxDriver: firefox on LINUX (358f877c-4143-452f-ab4d-589327eb2715)] -> xpath: //p//word], [[FirefoxDriver: firefox on LINUX (358f877c-4143-452f-ab4d-589327eb2715)] -> xpath: //p//word], [[FirefoxDriver: firefox on LINUX (358f877c-4143-452f-ab4d-589327eb2715)] -> xpath: //p//word], [[FirefoxDriver: firefox on LINUX (358f877c-4143-452f-ab4d-589327eb2715)] -> xpath: //p//word], [[FirefoxDriver: firefox on LINUX (358f877c-4143-452f-ab4d-589327eb2715)] -> xpath: //p//word], [[FirefoxDriver: firefox on LINUX (358f877c-4143-452f-ab4d-589327eb2715)] -> xpath: //p//word], [[FirefoxDriver: firefox on LINUX (358f877c-4143-452f-ab4d-589327eb2715)] -> xpath: //p//word], [[FirefoxDriver: firefox on LINUX (358f877c-4143-452f-ab4d-589327eb2715)] -> xpath: //p//word], [[FirefoxDriver: firefox on LINUX (358f877c-4143-452f-ab4d-589327eb2715)] -> xpath: //p//word], [[FirefoxDriver: firefox on LINUX (358f877c-4143-452f-ab4d-589327eb2715)] -> xpath: //p//word], [[FirefoxDriver: firefox on LINUX (358f877c-4143-452f-ab4d-589327eb2715)] -> xpath: //p//word], [[FirefoxDriver: firefox on LINUX (358f877c-4143-452f-ab4d-589327eb2715)] -> xpath: //p//word], [[FirefoxDriver: firefox on LINUX (358f877c-4143-452f-ab4d-589327eb2715)] -> xpath: //p//word], [[FirefoxDriver: firefox on LINUX (358f877c-4143-452f-ab4d-589327eb2715)] -> xpath: //p//word], [[FirefoxDriver: firefox on LINUX (358f877c-4143-452f-ab4d-589327eb2715)] -> xpath: //p//word], [[FirefoxDriver: firefox on LINUX (358f877c-4143-452f-ab4d-589327eb2715)] -> xpath: //p//word], [[FirefoxDriver: firefox on LINUX (358f877c-4143-452f-ab4d-589327eb2715)] -> xpath: //p//word], [[FirefoxDriver: firefox on LINUX (358f877c-4143-452f-ab4d-589327eb2715)] -> xpath: //p//word], [[FirefoxDriver: firefox on LINUX (358f877c-4143-452f-ab4d-589327eb2715)] -> xpath: //p//word], [[FirefoxDriver: firefox on LINUX (358f877c-4143-452f-ab4d-589327eb2715)] -> xpath: //p//word], [[FirefoxDriver: firefox on LINUX (358f877c-4143-452f-ab4d-589327eb2715)] -> xpath: //p//word], [[FirefoxDriver: firefox on LINUX (358f877c-4143-452f-ab4d-589327eb2715)] -> xpath: //p//word], [[FirefoxDriver: firefox on LINUX (358f877c-4143-452f-ab4d-589327eb2715)] -> xpath: //p//word], [[FirefoxDriver: firefox on LINUX (358f877c-4143-452f-ab4d-589327eb2715)] -> xpath: //p//word], [[FirefoxDriver: firefox on LINUX (358f877c-4143-452f-ab4d-589327eb2715)] -> xpath: //p//word], [[FirefoxDriver: firefox on LINUX (358f877c-4143-452f-ab4d-589327eb2715)] -> xpath: //p//word], [[FirefoxDriver: firefox on LINUX (358f877c-4143-452f-ab4d-589327eb2715)] -> xpath: //p//word], [[FirefoxDriver: firefox on LINUX (358f877c-4143-452f-ab4d-589327eb2715)] -> xpath: //p//word], [[FirefoxDriver: firefox on LINUX (358f877c-4143-452f-ab4d-589327eb2715)] -> xpath: //p//word], [[FirefoxDriver: firefox on LINUX (358f877c-4143-452f-ab4d-589327eb2715)] -> xpath: //p//word], [[FirefoxDriver: firefox on LINUX (358f877c-4143-452f-ab4d-589327eb2715)] -> xpath: //p//word], [[FirefoxDriver: firefox on LINUX (358f877c-4143-452f-ab4d-589327eb2715)] -> xpath: //p//word], [[FirefoxDriver: firefox on LINUX (358f877c-4143-452f-ab4d-589327eb2715)] -> xpath: //p//word], [[FirefoxDriver: firefox on LINUX (358f877c-4143-452f-ab4d-589327eb2715)] -> xpath: //p//word], [[FirefoxDriver: firefox on LINUX (358f877c-4143-452f-ab4d-589327eb2715)] -> xpath: //p//word], [[FirefoxDriver: firefox on LINUX (358f877c-4143-452f-ab4d-589327eb2715)] -> xpath: //p//word], [[FirefoxDriver: firefox on LINUX (358f877c-4143-452f-ab4d-589327eb2715)] -> xpath: //p//word], [[FirefoxDriver: firefox on LINUX (358f877c-4143-452f-ab4d-589327eb2715)] -> xpath: //p//word], [[FirefoxDriver: firefox on LINUX (358f877c-4143-452f-ab4d-589327eb2715)] -> xpath: //p//word], [[FirefoxDriver: firefox on LINUX (358f877c-4143-452f-ab4d-589327eb2715)] -> xpath: //p//word], [[FirefoxDriver: firefox on LINUX (358f877c-4143-452f-ab4d-589327eb2715)] -> xpath: //p//word], [[FirefoxDriver: firefox on LINUX (358f877c-4143-452f-ab4d-589327eb2715)] -> xpath: //p//word], [[FirefoxDriver: firefox on LINUX (358f877c-4143-452f-ab4d-589327eb2715)] -> xpath: //p//word], [[FirefoxDriver: firefox on LINUX (358f877c-4143-452f-ab4d-589327eb2715)] -> xpath: //p//word], [[FirefoxDriver: firefox on LINUX (358f877c-4143-452f-ab4d-589327eb2715)] -> xpath: //p//word], [[FirefoxDriver: firefox on LINUX (358f877c-4143-452f-ab4d-589327eb2715)] -> xpath: //p//word], [[FirefoxDriver: firefox on LINUX (358f877c-4143-452f-ab4d-589327eb2715)] -> xpath: //p//word], [[FirefoxDriver: firefox on LINUX (358f877c-4143-452f-ab4d-589327eb2715)] -> xpath: //p//word], [[FirefoxDriver: firefox on LINUX (358f877c-4143-452f-ab4d-589327eb2715)] -> xpath: //p//word], [[FirefoxDriver: firefox on LINUX (358f877c-4143-452f-ab4d-589327eb2715)] -> xpath: //p//word], [[FirefoxDriver: firefox on LINUX (358f877c-4143-452f-ab4d-589327eb2715)] -> xpath: //p//word], [[FirefoxDriver: firefox on LINUX (358f877c-4143-452f-ab4d-589327eb2715)] -> xpath: //p//word], [[FirefoxDriver: firefox on LINUX (358f877c-4143-452f-ab4d-589327eb2715)] -> xpath: //p//word], [[FirefoxDriver: firefox on LINUX (358f877c-4143-452f-ab4d-589327eb2715)] -> xpath: //p//word], [[FirefoxDriver: firefox on LINUX (358f877c-4143-452f-ab4d-589327eb2715)] -> xpath: //p//word], [[FirefoxDriver: firefox on LINUX (358f877c-4143-452f-ab4d-589327eb2715)] -> xpath: //p//word], [[FirefoxDriver: firefox on LINUX (358f877c-4143-452f-ab4d-589327eb2715)] -> xpath: //p//word], [[FirefoxDriver: firefox on LINUX (358f877c-4143-452f-ab4d-589327eb2715)] -> xpath: //p//word], [[FirefoxDriver: firefox on LINUX (358f877c-4143-452f-ab4d-589327eb2715)] -> xpath: //p//word], [[FirefoxDriver: firefox on LINUX (358f877c-4143-452f-ab4d-589327eb2715)] -> xpath: //p//word], [[FirefoxDriver: firefox on LINUX (358f877c-4143-452f-ab4d-589327eb2715)] -> xpath: //p//word], [[FirefoxDriver: firefox on LINUX (358f877c-4143-452f-ab4d-589327eb2715)] -> xpath: //p//word], [[FirefoxDriver: firefox on LINUX (358f877c-4143-452f-ab4d-589327eb2715)] -> xpath: //p//word], [[FirefoxDriver: firefox on LINUX (358f877c-4143-452f-ab4d-589327eb2715)] -> xpath: //p//word], [[FirefoxDriver: firefox on LINUX (358f877c-4143-452f-ab4d-589327eb2715)] -> xpath: //p//word], [[FirefoxDriver: firefox on LINUX (358f877c-4143-452f-ab4d-589327eb2715)] -> xpath: //p//word], [[FirefoxDriver: firefox on LINUX (358f877c-4143-452f-ab4d-589327eb2715)] -> xpath: //p//word], [[FirefoxDriver: firefox on LINUX (358f877c-4143-452f-ab4d-589327eb2715)] -> xpath: //p//word], [[FirefoxDriver: firefox on LINUX (358f877c-4143-452f-ab4d-589327eb2715)] -> xpath: //p//word], [[FirefoxDriver: firefox on LINUX (358f877c-4143-452f-ab4d-589327eb2715)] -> xpath: //p//word], [[FirefoxDriver: firefox on LINUX (358f877c-4143-452f-ab4d-589327eb2715)] -> xpath: //p//word], [[FirefoxDriver: firefox on LINUX (358f877c-4143-452f-ab4d-589327eb2715)] -> xpath: //p//word], [[FirefoxDriver: firefox on LINUX (358f877c-4143-452f-ab4d-589327eb2715)] -> xpath: //p//word], [[FirefoxDriver: firefox on LINUX (358f877c-4143-452f-ab4d-589327eb2715)] -> xpath: //p//word], [[FirefoxDriver: firefox on LINUX (358f877c-4143-452f-ab4d-589327eb2715)] -> xpath: //p//word], [[FirefoxDriver: firefox on LINUX (358f877c-4143-452f-ab4d-589327eb2715)] -> xpath: //p//word], [[FirefoxDriver: firefox on LINUX (358f877c-4143-452f-ab4d-589327eb2715)] -> xpath: //p//word], [[FirefoxDriver: firefox on LINUX (358f877c-4143-452f-ab4d-589327eb2715)] -> xpath: //p//word], [[FirefoxDriver: firefox on LINUX (358f877c-4143-452f-ab4d-589327eb2715)] -> xpath: //p//word], [[FirefoxDriver: firefox on LINUX (358f877c-4143-452f-ab4d-589327eb2715)] -> xpath: //p//word], [[FirefoxDriver: firefox on LINUX (358f877c-4143-452f-ab4d-589327eb2715)] -> xpath: //p//word], [[FirefoxDriver: firefox on LINUX (358f877c-4143-452f-ab4d-589327eb2715)] -> xpath: //p//word], [[FirefoxDriver: firefox on LINUX (358f877c-4143-452f-ab4d-589327eb2715)] -> xpath: //p//word], [[FirefoxDriver: firefox on LINUX (358f877c-4143-452f-ab4d-589327eb2715)] -> xpath: //p//word], [[FirefoxDriver: firefox on LINUX (358f877c-4143-452f-ab4d-589327eb2715)] -> xpath: //p//word], [[FirefoxDriver: firefox on LINUX (358f877c-4143-452f-ab4d-589327eb2715)] -> xpath: //p//word], [[FirefoxDriver: firefox on LINUX (358f877c-4143-452f-ab4d-589327eb2715)] -> xpath: //p//word], [[FirefoxDriver: firefox on LINUX (358f877c-4143-452f-ab4d-589327eb2715)] -> xpath: //p//word], [[FirefoxDriver: firefox on LINUX (358f877c-4143-452f-ab4d-589327eb2715)] -> xpath: //p//word], [[FirefoxDriver: firefox on LINUX (358f877c-4143-452f-ab4d-589327eb2715)] -> xpath: //p//word], [[FirefoxDriver: firefox on LINUX (358f877c-4143-452f-ab4d-589327eb2715)] -> xpath: //p//word], [[FirefoxDriver: firefox on LINUX (358f877c-4143-452f-ab4d-589327eb2715)] -> xpath: //p//word], [[FirefoxDriver: firefox on LINUX (358f877c-4143-452f-ab4d-589327eb2715)] -> xpath: //p//word], [[FirefoxDriver: firefox on LINUX (358f877c-4143-452f-ab4d-589327eb2715)] -> xpath: //p//word], [[FirefoxDriver: firefox on LINUX (358f877c-4143-452f-ab4d-589327eb2715)] -> xpath: //p//word], [[FirefoxDriver: firefox on LINUX (358f877c-4143-452f-ab4d-589327eb2715)] -> xpath: //p//word], [[FirefoxDriver: firefox on LINUX (358f877c-4143-452f-ab4d-589327eb2715)] -> xpath: //p//word], [[FirefoxDriver: firefox on LINUX (358f877c-4143-452f-ab4d-589327eb2715)] -> xpath: //p//word], [[FirefoxDriver: firefox on LINUX (358f877c-4143-452f-ab4d-589327eb2715)] -> xpath: //p//word], [[FirefoxDriver: firefox on LINUX (358f877c-4143-452f-ab4d-589327eb2715)] -> xpath: //p//word], [[FirefoxDriver: firefox on LINUX (358f877c-4143-452f-ab4d-589327eb2715)] -> xpath: //p//word], [[FirefoxDriver: firefox on LINUX (358f877c-4143-452f-ab4d-589327eb2715)] -> xpath: //p//word], [[FirefoxDriver: firefox on LINUX (358f877c-4143-452f-ab4d-589327eb2715)] -> xpath: //p//word], [[FirefoxDriver: firefox on LINUX (358f877c-4143-452f-ab4d-589327eb2715)] -> xpath: //p//word], [[FirefoxDriver: firefox on LINUX (358f877c-4143-452f-ab4d-589327eb2715)] -> xpath: //p//word], [[FirefoxDriver: firefox on LINUX (358f877c-4143-452f-ab4d-589327eb2715)] -> xpath: //p//word], [[FirefoxDriver: firefox on LINUX (358f877c-4143-452f-ab4d-589327eb2715)] -> xpath: //p//word], [[FirefoxDriver: firefox on LINUX (358f877c-4143-452f-ab4d-589327eb2715)] -> xpath: //p//word], [[FirefoxDriver: firefox on LINUX (358f877c-4143-452f-ab4d-589327eb2715)] -> xpath: //p//word], [[FirefoxDriver: firefox on LINUX (358f877c-4143-452f-ab4d-589327eb2715)] -> xpath: //p//word], [[FirefoxDriver: firefox on LINUX (358f877c-4143-452f-ab4d-589327eb2715)] -> xpath: //p//word], [[FirefoxDriver: firefox on LINUX (358f877c-4143-452f-ab4d-589327eb2715)] -> xpath: //p//word], [[FirefoxDriver: firefox on LINUX (358f877c-4143-452f-ab4d-589327eb2715)] -> xpath: //p//word], [[FirefoxDriver: firefox on LINUX (358f877c-4143-452f-ab4d-589327eb2715)] -> xpath: //p//word], [[FirefoxDriver: firefox on LINUX (358f877c-4143-452f-ab4d-589327eb2715)] -> xpath: //p//word], [[FirefoxDriver: firefox on LINUX (358f877c-4143-452f-ab4d-589327eb2715)] -> xpath: //p//word], [[FirefoxDriver: firefox on LINUX (358f877c-4143-452f-ab4d-589327eb2715)] -> xpath: //p//word], [[FirefoxDriver: firefox on LINUX (358f877c-4143-452f-ab4d-589327eb2715)] -> xpath: //p//word], [[FirefoxDriver: firefox on LINUX (358f877c-4143-452f-ab4d-589327eb2715)] -> xpath: //p//word], [[FirefoxDriver: firefox on LINUX (358f877c-4143-452f-ab4d-589327eb2715)] -> xpath: //p//word], [[FirefoxDriver: firefox on LINUX (358f877c-4143-452f-ab4d-589327eb2715)] -> xpath: //p//word], [[FirefoxDriver: firefox on LINUX (358f877c-4143-452f-ab4d-589327eb2715)] -> xpath: //p//word], [[FirefoxDriver: firefox on LINUX (358f877c-4143-452f-ab4d-589327eb2715)] -> xpath: //p//word], [[FirefoxDriver: firefox on LINUX (358f877c-4143-452f-ab4d-589327eb2715)] -> xpath: //p//word], [[FirefoxDriver: firefox on LINUX (358f877c-4143-452f-ab4d-589327eb2715)] -> xpath: //p//word], [[FirefoxDriver: firefox on LINUX (358f877c-4143-452f-ab4d-589327eb2715)] -> xpath: //p//word], [[FirefoxDriver: firefox on LINUX (358f877c-4143-452f-ab4d-589327eb2715)] -> xpath: //p//word], [[FirefoxDriver: firefox on LINUX (358f877c-4143-452f-ab4d-589327eb2715)] -> xpath: //p//word], [[FirefoxDriver: firefox on LINUX (358f877c-4143-452f-ab4d-589327eb2715)] -> xpath: //p//word], [[FirefoxDriver: firefox on LINUX (358f877c-4143-452f-ab4d-589327eb2715)] -> xpath: //p//word], [[FirefoxDriver: firefox on LINUX (358f877c-4143-452f-ab4d-589327eb2715)] -> xpath: //p//word], [[FirefoxDriver: firefox on LINUX (358f877c-4143-452f-ab4d-589327eb2715)] -> xpath: //p//word], [[FirefoxDriver: firefox on LINUX (358f877c-4143-452f-ab4d-589327eb2715)] -> xpath: //p//word], [[FirefoxDriver: firefox on LINUX (358f877c-4143-452f-ab4d-589327eb2715)] -> xpath: //p//word], [[FirefoxDriver: firefox on LINUX (358f877c-4143-452f-ab4d-589327eb2715)] -> xpath: //p//word], [[FirefoxDriver: firefox on LINUX (358f877c-4143-452f-ab4d-589327eb2715)] -> xpath: //p//word], [[FirefoxDriver: firefox on LINUX (358f877c-4143-452f-ab4d-589327eb2715)] -> xpath: //p//word], [[FirefoxDriver: firefox on LINUX (358f877c-4143-452f-ab4d-589327eb2715)] -> xpath: //p//word], [[FirefoxDriver: firefox on LINUX (358f877c-4143-452f-ab4d-589327eb2715)] -> xpath: //p//word], [[FirefoxDriver: firefox on LINUX (358f877c-4143-452f-ab4d-589327eb2715)] -> xpath: //p//word], [[FirefoxDriver: firefox on LINUX (358f877c-4143-452f-ab4d-589327eb2715)] -> xpath: //p//word], [[FirefoxDriver: firefox on LINUX (358f877c-4143-452f-ab4d-589327eb2715)] -> xpath: //p//word], [[FirefoxDriver: firefox on LINUX (358f877c-4143-452f-ab4d-589327eb2715)] -> xpath: //p//word], [[FirefoxDriver: firefox on LINUX (358f877c-4143-452f-ab4d-589327eb2715)] -> xpath: //p//word], [[FirefoxDriver: firefox on LINUX (358f877c-4143-452f-ab4d-589327eb2715)] -> xpath: //p//word], [[FirefoxDriver: firefox on LINUX (358f877c-4143-452f-ab4d-589327eb2715)] -> xpath: //p//word], [[FirefoxDriver: firefox on LINUX (358f877c-4143-452f-ab4d-589327eb2715)] -> xpath: //p//word], [[FirefoxDriver: firefox on LINUX (358f877c-4143-452f-ab4d-589327eb2715)] -> xpath: //p//word], [[FirefoxDriver: firefox on LINUX (358f877c-4143-452f-ab4d-589327eb2715)] -> xpath: //p//word], [[FirefoxDriver: firefox on LINUX (358f877c-4143-452f-ab4d-589327eb2715)] -> xpath: //p//word], [[FirefoxDriver: firefox on LINUX (358f877c-4143-452f-ab4d-589327eb2715)] -> xpath: //p//word], [[FirefoxDriver: firefox on LINUX (358f877c-4143-452f-ab4d-589327eb2715)] -> xpath: //p//word], [[FirefoxDriver: firefox on LINUX (358f877c-4143-452f-ab4d-589327eb2715)] -> xpath: //p//word], [[FirefoxDriver: firefox on LINUX (358f877c-4143-452f-ab4d-589327eb2715)] -> xpath: //p//word], [[FirefoxDriver: firefox on LINUX (358f877c-4143-452f-ab4d-589327eb2715)] -> xpath: //p//word], [[FirefoxDriver: firefox on LINUX (358f877c-4143-452f-ab4d-589327eb2715)] -> xpath: //p//word], [[FirefoxDriver: firefox on LINUX (358f877c-4143-452f-ab4d-589327eb2715)] -> xpath: //p//word], [[FirefoxDriver: firefox on LINUX (358f877c-4143-452f-ab4d-589327eb2715)] -> xpath: //p//word], [[FirefoxDriver: firefox on LINUX (358f877c-4143-452f-ab4d-589327eb2715)] -> xpath: //p//word], [[FirefoxDriver: firefox on LINUX (358f877c-4143-452f-ab4d-589327eb2715)] -> xpath: //p//word], [[FirefoxDriver: firefox on LINUX (358f877c-4143-452f-ab4d-589327eb2715)] -> xpath: //p//word], [[FirefoxDriver: firefox on LINUX (358f877c-4143-452f-ab4d-589327eb2715)] -> xpath: //p//word], [[FirefoxDriver: firefox on LINUX (358f877c-4143-452f-ab4d-589327eb2715)] -> xpath: //p//word], [[FirefoxDriver: firefox on LINUX (358f877c-4143-452f-ab4d-589327eb2715)] -> xpath: //p//word], [[FirefoxDriver: firefox on LINUX (358f877c-4143-452f-ab4d-589327eb2715)] -> xpath: //p//word], [[FirefoxDriver: firefox on LINUX (358f877c-4143-452f-ab4d-589327eb2715)] -> xpath: //p//word], [[FirefoxDriver: firefox on LINUX (358f877c-4143-452f-ab4d-589327eb2715)] -> xpath: //p//word], [[FirefoxDriver: firefox on LINUX (358f877c-4143-452f-ab4d-589327eb2715)] -> xpath: //p//word], [[FirefoxDriver: firefox on LINUX (358f877c-4143-452f-ab4d-589327eb2715)] -> xpath: //p//word], [[FirefoxDriver: firefox on LINUX (358f877c-4143-452f-ab4d-589327eb2715)] -> xpath: //p//word], [[FirefoxDriver: firefox on LINUX (358f877c-4143-452f-ab4d-589327eb2715)] -> xpath: //p//word], [[FirefoxDriver: firefox on LINUX (358f877c-4143-452f-ab4d-589327eb2715)] -> xpath: //p//word], [[FirefoxDriver: firefox on LINUX (358f877c-4143-452f-ab4d-589327eb2715)] -> xpath: //p//word], [[FirefoxDriver: firefox on LINUX (358f877c-4143-452f-ab4d-589327eb2715)] -> xpath: //p//word], [[FirefoxDriver: firefox on LINUX (358f877c-4143-452f-ab4d-589327eb2715)] -> xpath: //p//word], [[FirefoxDriver: firefox on LINUX (358f877c-4143-452f-ab4d-589327eb2715)] -> xpath: //p//word], [[FirefoxDriver: firefox on LINUX (358f877c-4143-452f-ab4d-589327eb2715)] -> xpath: //p//word], [[FirefoxDriver: firefox on LINUX (358f877c-4143-452f-ab4d-589327eb2715)] -> xpath: //p//word], [[FirefoxDriver: firefox on LINUX (358f877c-4143-452f-ab4d-589327eb2715)] -> xpath: //p//word], [[FirefoxDriver: firefox on LINUX (358f877c-4143-452f-ab4d-589327eb2715)] -> xpath: //p//word], [[FirefoxDriver: firefox on LINUX (358f877c-4143-452f-ab4d-589327eb2715)] -> xpath: //p//word], [[FirefoxDriver: firefox on LINUX (358f877c-4143-452f-ab4d-589327eb2715)] -> xpath: //p//word], [[FirefoxDriver: firefox on LINUX (358f877c-4143-452f-ab4d-589327eb2715)] -> xpath: //p//word], [[FirefoxDriver: firefox on LINUX (358f877c-4143-452f-ab4d-589327eb2715)] -> xpath: //p//word], [[FirefoxDriver: firefox on LINUX (358f877c-4143-452f-ab4d-589327eb2715)] -> xpath: //p//word], [[FirefoxDriver: firefox on LINUX (358f877c-4143-452f-ab4d-589327eb2715)] -> xpath: //p//word], [[FirefoxDriver: firefox on LINUX (358f877c-4143-452f-ab4d-589327eb2715)] -> xpath: //p//word], [[FirefoxDriver: firefox on LINUX (358f877c-4143-452f-ab4d-589327eb2715)] -> xpath: //p//word], [[FirefoxDriver: firefox on LINUX (358f877c-4143-452f-ab4d-589327eb2715)] -> xpath: //p//word], [[FirefoxDriver: firefox on LINUX (358f877c-4143-452f-ab4d-589327eb2715)] -> xpath: //p//word], [[FirefoxDriver: firefox on LINUX (358f877c-4143-452f-ab4d-589327eb2715)] -> xpath: //p//word], [[FirefoxDriver: firefox on LINUX (358f877c-4143-452f-ab4d-589327eb2715)] -> xpath: //p//word], [[FirefoxDriver: firefox on LINUX (358f877c-4143-452f-ab4d-589327eb2715)] -> xpath: //p//word], [[FirefoxDriver: firefox on LINUX (358f877c-4143-452f-ab4d-589327eb2715)] -> xpath: //p//word], [[FirefoxDriver: firefox on LINUX (358f877c-4143-452f-ab4d-589327eb2715)] -> xpath: //p//word], [[FirefoxDriver: firefox on LINUX (358f877c-4143-452f-ab4d-589327eb2715)] -> xpath: //p//word], [[FirefoxDriver: firefox on LINUX (358f877c-4143-452f-ab4d-589327eb2715)] -> xpath: //p//word], [[FirefoxDriver: firefox on LINUX (358f877c-4143-452f-ab4d-589327eb2715)] -> xpath: //p//word], [[FirefoxDriver: firefox on LINUX (358f877c-4143-452f-ab4d-589327eb2715)] -> xpath: //p//word], [[FirefoxDriver: firefox on LINUX (358f877c-4143-452f-ab4d-589327eb2715)] -> xpath: //p//word], [[FirefoxDriver: firefox on LINUX (358f877c-4143-452f-ab4d-589327eb2715)] -> xpath: //p//word], [[FirefoxDriver: firefox on LINUX (358f877c-4143-452f-ab4d-589327eb2715)] -> xpath: //p//word], [[FirefoxDriver: firefox on LINUX (358f877c-4143-452f-ab4d-589327eb2715)] -> xpath: //p//word], [[FirefoxDriver: firefox on LINUX (358f877c-4143-452f-ab4d-589327eb2715)] -> xpath: //p//word], [[FirefoxDriver: firefox on LINUX (358f877c-4143-452f-ab4d-589327eb2715)] -> xpath: //p//word], [[FirefoxDriver: firefox on LINUX (358f877c-4143-452f-ab4d-589327eb2715)] -> xpath: //p//word], [[FirefoxDriver: firefox on LINUX (358f877c-4143-452f-ab4d-589327eb2715)] -> xpath: //p//word], [[FirefoxDriver: firefox on LINUX (358f877c-4143-452f-ab4d-589327eb2715)] -> xpath: //p//word], [[FirefoxDriver: firefox on LINUX (358f877c-4143-452f-ab4d-589327eb2715)] -> xpath: //p//word], [[FirefoxDriver: firefox on LINUX (358f877c-4143-452f-ab4d-589327eb2715)] -> xpath: //p//word], [[FirefoxDriver: firefox on LINUX (358f877c-4143-452f-ab4d-589327eb2715)] -> xpath: //p//word], [[FirefoxDriver: firefox on LINUX (358f877c-4143-452f-ab4d-589327eb2715)] -> xpath: //p//word], [[FirefoxDriver: firefox on LINUX (358f877c-4143-452f-ab4d-589327eb2715)] -> xpath: //p//word], [[FirefoxDriver: firefox on LINUX (358f877c-4143-452f-ab4d-589327eb2715)] -> xpath: //p//word], [[FirefoxDriver: firefox on LINUX (358f877c-4143-452f-ab4d-589327eb2715)] -> xpath: //p//word], [[FirefoxDriver: firefox on LINUX (358f877c-4143-452f-ab4d-589327eb2715)] -> xpath: //p//word], [[FirefoxDriver: firefox on LINUX (358f877c-4143-452f-ab4d-589327eb2715)] -> xpath: //p//word], [[FirefoxDriver: firefox on LINUX (358f877c-4143-452f-ab4d-589327eb2715)] -> xpath: //p//word], [[FirefoxDriver: firefox on LINUX (358f877c-4143-452f-ab4d-589327eb2715)] -> xpath: //p//word], [[FirefoxDriver: firefox on LINUX (358f877c-4143-452f-ab4d-589327eb2715)] -> xpath: //p//word], [[FirefoxDriver: firefox on LINUX (358f877c-4143-452f-ab4d-589327eb2715)] -> xpath: //p//word], [[FirefoxDriver: firefox on LINUX (358f877c-4143-452f-ab4d-589327eb2715)] -> xpath: //p//word], [[FirefoxDriver: firefox on LINUX (358f877c-4143-452f-ab4d-589327eb2715)] -> xpath: //p//word], [[FirefoxDriver: firefox on LINUX (358f877c-4143-452f-ab4d-589327eb2715)] -> xpath: //p//word], [[FirefoxDriver: firefox on LINUX (358f877c-4143-452f-ab4d-589327eb2715)] -> xpath: //p//word], [[FirefoxDriver: firefox on LINUX (358f877c-4143-452f-ab4d-589327eb2715)] -> xpath: //p//word], [[FirefoxDriver: firefox on LINUX (358f877c-4143-452f-ab4d-589327eb2715)] -> xpath: //p//word], [[FirefoxDriver: firefox on LINUX (358f877c-4143-452f-ab4d-589327eb2715)] -> xpath: //p//word], [[FirefoxDriver: firefox on LINUX (358f877c-4143-452f-ab4d-589327eb2715)] -> xpath: //p//word], [[FirefoxDriver: firefox on LINUX (358f877c-4143-452f-ab4d-589327eb2715)] -> xpath: //p//word], [[FirefoxDriver: firefox on LINUX (358f877c-4143-452f-ab4d-589327eb2715)] -> xpath: //p//word], [[FirefoxDriver: firefox on LINUX (358f877c-4143-452f-ab4d-589327eb2715)] -> xpath: //p//word], [[FirefoxDriver: firefox on LINUX (358f877c-4143-452f-ab4d-589327eb2715)] -> xpath: //p//word], [[FirefoxDriver: firefox on LINUX (358f877c-4143-452f-ab4d-589327eb2715)] -> xpath: //p//word], [[FirefoxDriver: firefox on LINUX (358f877c-4143-452f-ab4d-589327eb2715)] -> xpath: //p//word], [[FirefoxDriver: firefox on LINUX (358f877c-4143-452f-ab4d-589327eb2715)] -> xpath: //p//word], [[FirefoxDriver: firefox on LINUX (358f877c-4143-452f-ab4d-589327eb2715)] -> xpath: //p//word], [[FirefoxDriver: firefox on LINUX (358f877c-4143-452f-ab4d-589327eb2715)] -> xpath: //p//word], [[FirefoxDriver: firefox on LINUX (358f877c-4143-452f-ab4d-589327eb2715)] -> xpath: //p//word], [[FirefoxDriver: firefox on LINUX (358f877c-4143-452f-ab4d-589327eb2715)] -> xpath: //p//word], [[FirefoxDriver: firefox on LINUX (358f877c-4143-452f-ab4d-589327eb2715)] -> xpath: //p//word], [[FirefoxDriver: firefox on LINUX (358f877c-4143-452f-ab4d-589327eb2715)] -> xpath: //p//word], [[FirefoxDriver: firefox on LINUX (358f877c-4143-452f-ab4d-589327eb2715)] -> xpath: //p//word], [[FirefoxDriver: firefox on LINUX (358f877c-4143-452f-ab4d-589327eb2715)] -> xpath: //p//word], [[FirefoxDriver: firefox on LINUX (358f877c-4143-452f-ab4d-589327eb2715)] -> xpath: //p//word], [[FirefoxDriver: firefox on LINUX (358f877c-4143-452f-ab4d-589327eb2715)] -> xpath: //p//word], [[FirefoxDriver: firefox on LINUX (358f877c-4143-452f-ab4d-589327eb2715)] -> xpath: //p//word], [[FirefoxDriver: firefox on LINUX (358f877c-4143-452f-ab4d-589327eb2715)] -> xpath: //p//word], [[FirefoxDriver: firefox on LINUX (358f877c-4143-452f-ab4d-589327eb2715)] -> xpath: //p//word], [[FirefoxDriver: firefox on LINUX (358f877c-4143-452f-ab4d-589327eb2715)] -> xpath: //p//word], [[FirefoxDriver: firefox on LINUX (358f877c-4143-452f-ab4d-589327eb2715)] -> xpath: //p//word], [[FirefoxDriver: firefox on LINUX (358f877c-4143-452f-ab4d-589327eb2715)] -> xpath: //p//word], [[FirefoxDriver: firefox on LINUX (358f877c-4143-452f-ab4d-589327eb2715)] -> xpath: //p//word], [[FirefoxDriver: firefox on LINUX (358f877c-4143-452f-ab4d-589327eb2715)] -> xpath: //p//word], [[FirefoxDriver: firefox on LINUX (358f877c-4143-452f-ab4d-589327eb2715)] -> xpath: //p//word], [[FirefoxDriver: firefox on LINUX (358f877c-4143-452f-ab4d-589327eb2715)] -> xpath: //p//word], [[FirefoxDriver: firefox on LINUX (358f877c-4143-452f-ab4d-589327eb2715)] -> xpath: //p//word], [[FirefoxDriver: firefox on LINUX (358f877c-4143-452f-ab4d-589327eb2715)] -> xpath: //p//word], [[FirefoxDriver: firefox on LINUX (358f877c-4143-452f-ab4d-589327eb2715)] -> xpath: //p//word], [[FirefoxDriver: firefox on LINUX (358f877c-4143-452f-ab4d-589327eb2715)] -> xpath: //p//word], [[FirefoxDriver: firefox on LINUX (358f877c-4143-452f-ab4d-589327eb2715)] -> xpath: //p//word], [[FirefoxDriver: firefox on LINUX (358f877c-4143-452f-ab4d-589327eb2715)] -> xpath: //p//word], [[FirefoxDriver: firefox on LINUX (358f877c-4143-452f-ab4d-589327eb2715)] -> xpath: //p//word], [[FirefoxDriver: firefox on LINUX (358f877c-4143-452f-ab4d-589327eb2715)] -> xpath: //p//word], [[FirefoxDriver: firefox on LINUX (358f877c-4143-452f-ab4d-589327eb2715)] -> xpath: //p//word], [[FirefoxDriver: firefox on LINUX (358f877c-4143-452f-ab4d-589327eb2715)] -> xpath: //p//word], [[FirefoxDriver: firefox on LINUX (358f877c-4143-452f-ab4d-589327eb2715)] -> xpath: //p//word], [[FirefoxDriver: firefox on LINUX (358f877c-4143-452f-ab4d-589327eb2715)] -> xpath: //p//word], [[FirefoxDriver: firefox on LINUX (358f877c-4143-452f-ab4d-589327eb2715)] -> xpath: //p//word], [[FirefoxDriver: firefox on LINUX (358f877c-4143-452f-ab4d-589327eb2715)] -> xpath: //p//word], [[FirefoxDriver: firefox on LINUX (358f877c-4143-452f-ab4d-589327eb2715)] -> xpath: //p//word], [[FirefoxDriver: firefox on LINUX (358f877c-4143-452f-ab4d-589327eb2715)] -> xpath: //p//word], [[FirefoxDriver: firefox on LINUX (358f877c-4143-452f-ab4d-589327eb2715)] -> xpath: //p//word], [[FirefoxDriver: firefox on LINUX (358f877c-4143-452f-ab4d-589327eb2715)] -> xpath: //p//word], [[FirefoxDriver: firefox on LINUX (358f877c-4143-452f-ab4d-589327eb2715)] -> xpath: //p//word], [[FirefoxDriver: firefox on LINUX (358f877c-4143-452f-ab4d-589327eb2715)] -> xpath: //p//word], [[FirefoxDriver: firefox on LINUX (358f877c-4143-452f-ab4d-589327eb2715)] -> xpath: //p//word], [[FirefoxDriver: firefox on LINUX (358f877c-4143-452f-ab4d-589327eb2715)] -> xpath: //p//word], [[FirefoxDriver: firefox on LINUX (358f877c-4143-452f-ab4d-589327eb2715)] -> xpath: //p//word], [[FirefoxDriver: firefox on LINUX (358f877c-4143-452f-ab4d-589327eb2715)] -> xpath: //p//word], [[FirefoxDriver: firefox on LINUX (358f877c-4143-452f-ab4d-589327eb2715)] -> xpath: //p//word], [[FirefoxDriver: firefox on LINUX (358f877c-4143-452f-ab4d-589327eb2715)] -> xpath: //p//word], [[FirefoxDriver: firefox on LINUX (358f877c-4143-452f-ab4d-589327eb2715)] -> xpath: //p//word], [[FirefoxDriver: firefox on LINUX (358f877c-4143-452f-ab4d-589327eb2715)] -> xpath: //p//word], [[FirefoxDriver: firefox on LINUX (358f877c-4143-452f-ab4d-589327eb2715)] -> xpath: //p//word], [[FirefoxDriver: firefox on LINUX (358f877c-4143-452f-ab4d-589327eb2715)] -> xpath: //p//word], [[FirefoxDriver: firefox on LINUX (358f877c-4143-452f-ab4d-589327eb2715)] -> xpath: //p//word], [[FirefoxDriver: firefox on LINUX (358f877c-4143-452f-ab4d-589327eb2715)] -> xpath: //p//word], [[FirefoxDriver: firefox on LINUX (358f877c-4143-452f-ab4d-589327eb2715)] -> xpath: //p//word], [[FirefoxDriver: firefox on LINUX (358f877c-4143-452f-ab4d-589327eb2715)] -> xpath: //p//word], [[FirefoxDriver: firefox on LINUX (358f877c-4143-452f-ab4d-589327eb2715)] -> xpath: //p//word], [[FirefoxDriver: firefox on LINUX (358f877c-4143-452f-ab4d-589327eb2715)] -> xpath: //p//word], [[FirefoxDriver: firefox on LINUX (358f877c-4143-452f-ab4d-589327eb2715)] -> xpath: //p//word], [[FirefoxDriver: firefox on LINUX (358f877c-4143-452f-ab4d-589327eb2715)] -> xpath: //p//word], [[FirefoxDriver: firefox on LINUX (358f877c-4143-452f-ab4d-589327eb2715)] -> xpath: //p//word], [[FirefoxDriver: firefox on LINUX (358f877c-4143-452f-ab4d-589327eb2715)] -> xpath: //p//word], [[FirefoxDriver: firefox on LINUX (358f877c-4143-452f-ab4d-589327eb2715)] -> xpath: //p//word], [[FirefoxDriver: firefox on LINUX (358f877c-4143-452f-ab4d-589327eb2715)] -> xpath: //p//word], [[FirefoxDriver: firefox on LINUX (358f877c-4143-452f-ab4d-589327eb2715)] -> xpath: //p//word], [[FirefoxDriver: firefox on LINUX (358f877c-4143-452f-ab4d-589327eb2715)] -> xpath: //p//word], [[FirefoxDriver: firefox on LINUX (358f877c-4143-452f-ab4d-589327eb2715)] -> xpath: //p//word], [[FirefoxDriver: firefox on LINUX (358f877c-4143-452f-ab4d-589327eb2715)] -> xpath: //p//word], [[FirefoxDriver: firefox on LINUX (358f877c-4143-452f-ab4d-589327eb2715)] -> xpath: //p//word], [[FirefoxDriver: firefox on LINUX (358f877c-4143-452f-ab4d-589327eb2715)] -> xpath: //p//word], [[FirefoxDriver: firefox on LINUX (358f877c-4143-452f-ab4d-589327eb2715)] -> xpath: //p//word], [[FirefoxDriver: firefox on LINUX (358f877c-4143-452f-ab4d-589327eb2715)] -> xpath: //p//word], [[FirefoxDriver: firefox on LINUX (358f877c-4143-452f-ab4d-589327eb2715)] -> xpath: //p//word], [[FirefoxDriver: firefox on LINUX (358f877c-4143-452f-ab4d-589327eb2715)] -> xpath: //p//word], [[FirefoxDriver: firefox on LINUX (358f877c-4143-452f-ab4d-589327eb2715)] -> xpath: //p//word], [[FirefoxDriver: firefox on LINUX (358f877c-4143-452f-ab4d-589327eb2715)] -> xpath: //p//word], [[FirefoxDriver: firefox on LINUX (358f877c-4143-452f-ab4d-589327eb2715)] -> xpath: //p//word], [[FirefoxDriver: firefox on LINUX (358f877c-4143-452f-ab4d-589327eb2715)] -> xpath: //p//word], [[FirefoxDriver: firefox on LINUX (358f877c-4143-452f-ab4d-589327eb2715)] -> xpath: //p//word], [[FirefoxDriver: firefox on LINUX (358f877c-4143-452f-ab4d-589327eb2715)] -> xpath: //p//word], [[FirefoxDriver: firefox on LINUX (358f877c-4143-452f-ab4d-589327eb2715)] -> xpath: //p//word], [[FirefoxDriver: firefox on LINUX (358f877c-4143-452f-ab4d-589327eb2715)] -> xpath: //p//word], [[FirefoxDriver: firefox on LINUX (358f877c-4143-452f-ab4d-589327eb2715)] -> xpath: //p//word], [[FirefoxDriver: firefox on LINUX (358f877c-4143-452f-ab4d-589327eb2715)] -> xpath: //p//word], [[FirefoxDriver: firefox on LINUX (358f877c-4143-452f-ab4d-589327eb2715)] -> xpath: //p//word], [[FirefoxDriver: firefox on LINUX (358f877c-4143-452f-ab4d-589327eb2715)] -> xpath: //p//word], [[FirefoxDriver: firefox on LINUX (358f877c-4143-452f-ab4d-589327eb2715)] -> xpath: //p//word], [[FirefoxDriver: firefox on LINUX (358f877c-4143-452f-ab4d-589327eb2715)] -> xpath: //p//word], [[FirefoxDriver: firefox on LINUX (358f877c-4143-452f-ab4d-589327eb2715)] -> xpath: //p//word], [[FirefoxDriver: firefox on LINUX (358f877c-4143-452f-ab4d-589327eb2715)] -> xpath: //p//word], [[FirefoxDriver: firefox on LINUX (358f877c-4143-452f-ab4d-589327eb2715)] -> xpath: //p//word], [[FirefoxDriver: firefox on LINUX (358f877c-4143-452f-ab4d-589327eb2715)] -> xpath: //p//word], [[FirefoxDriver: firefox on LINUX (358f877c-4143-452f-ab4d-589327eb2715)] -> xpath: //p//word], [[FirefoxDriver: firefox on LINUX (358f877c-4143-452f-ab4d-589327eb2715)] -> xpath: //p//word], [[FirefoxDriver: firefox on LINUX (358f877c-4143-452f-ab4d-589327eb2715)] -> xpath: //p//word], [[FirefoxDriver: firefox on LINUX (358f877c-4143-452f-ab4d-589327eb2715)] -> xpath: //p//word], [[FirefoxDriver: firefox on LINUX (358f877c-4143-452f-ab4d-589327eb2715)] -> xpath: //p//word], [[FirefoxDriver: firefox on LINUX (358f877c-4143-452f-ab4d-589327eb2715)] -> xpath: //p//word], [[FirefoxDriver: firefox on LINUX (358f877c-4143-452f-ab4d-589327eb2715)] -> xpath: //p//word], [[FirefoxDriver: firefox on LINUX (358f877c-4143-452f-ab4d-589327eb2715)] -> xpath: //p//word], [[FirefoxDriver: firefox on LINUX (358f877c-4143-452f-ab4d-589327eb2715)] -> xpath: //p//word], [[FirefoxDriver: firefox on LINUX (358f877c-4143-452f-ab4d-589327eb2715)] -> xpath: //p//word], [[FirefoxDriver: firefox on LINUX (358f877c-4143-452f-ab4d-589327eb2715)] -> xpath: //p//word], [[FirefoxDriver: firefox on LINUX (358f877c-4143-452f-ab4d-589327eb2715)] -> xpath: //p//word], [[FirefoxDriver: firefox on LINUX (358f877c-4143-452f-ab4d-589327eb2715)] -> xpath: //p//word], [[FirefoxDriver: firefox on LINUX (358f877c-4143-452f-ab4d-589327eb2715)] -> xpath: //p//word], [[FirefoxDriver: firefox on LINUX (358f877c-4143-452f-ab4d-589327eb2715)] -> xpath: //p//word], [[FirefoxDriver: firefox on LINUX (358f877c-4143-452f-ab4d-589327eb2715)] -> xpath: //p//word], [[FirefoxDriver: firefox on LINUX (358f877c-4143-452f-ab4d-589327eb2715)] -> xpath: //p//word], [[FirefoxDriver: firefox on LINUX (358f877c-4143-452f-ab4d-589327eb2715)] -> xpath: //p//word], [[FirefoxDriver: firefox on LINUX (358f877c-4143-452f-ab4d-589327eb2715)] -> xpath: //p//word], [[FirefoxDriver: firefox on LINUX (358f877c-4143-452f-ab4d-589327eb2715)] -> xpath: //p//word], [[FirefoxDriver: firefox on LINUX (358f877c-4143-452f-ab4d-589327eb2715)] -> xpath: //p//word], [[FirefoxDriver: firefox on LINUX (358f877c-4143-452f-ab4d-589327eb2715)] -> xpath: //p//word], [[FirefoxDriver: firefox on LINUX (358f877c-4143-452f-ab4d-589327eb2715)] -> xpath: //p//word], [[FirefoxDriver: firefox on LINUX (358f877c-4143-452f-ab4d-589327eb2715)] -> xpath: //p//word], [[FirefoxDriver: firefox on LINUX (358f877c-4143-452f-ab4d-589327eb2715)] -> xpath: //p//word], [[FirefoxDriver: firefox on LINUX (358f877c-4143-452f-ab4d-589327eb2715)] -> xpath: //p//word], [[FirefoxDriver: firefox on LINUX (358f877c-4143-452f-ab4d-589327eb2715)] -> xpath: //p//word], [[FirefoxDriver: firefox on LINUX (358f877c-4143-452f-ab4d-589327eb2715)] -> xpath: //p//word], [[FirefoxDriver: firefox on LINUX (358f877c-4143-452f-ab4d-589327eb2715)] -> xpath: //p//word], [[FirefoxDriver: firefox on LINUX (358f877c-4143-452f-ab4d-589327eb2715)] -> xpath: //p//word], [[FirefoxDriver: firefox on LINUX (358f877c-4143-452f-ab4d-589327eb2715)] -> xpath: //p//word], [[FirefoxDriver: firefox on LINUX (358f877c-4143-452f-ab4d-589327eb2715)] -> xpath: //p//word], [[FirefoxDriver: firefox on LINUX (358f877c-4143-452f-ab4d-589327eb2715)] -> xpath: //p//word], [[FirefoxDriver: firefox on LINUX (358f877c-4143-452f-ab4d-589327eb2715)] -> xpath: //p//word], [[FirefoxDriver: firefox on LINUX (358f877c-4143-452f-ab4d-589327eb2715)] -> xpath: //p//word], [[FirefoxDriver: firefox on LINUX (358f877c-4143-452f-ab4d-589327eb2715)] -> xpath: //p//word], [[FirefoxDriver: firefox on LINUX (358f877c-4143-452f-ab4d-589327eb2715)] -> xpath: //p//word], [[FirefoxDriver: firefox on LINUX (358f877c-4143-452f-ab4d-589327eb2715)] -> xpath: //p//word], [[FirefoxDriver: firefox on LINUX (358f877c-4143-452f-ab4d-589327eb2715)] -> xpath: //p//word], [[FirefoxDriver: firefox on LINUX (358f877c-4143-452f-ab4d-589327eb2715)] -> xpath: //p//word], [[FirefoxDriver: firefox on LINUX (358f877c-4143-452f-ab4d-589327eb2715)] -> xpath: //p//word], [[FirefoxDriver: firefox on LINUX (358f877c-4143-452f-ab4d-589327eb2715)] -> xpath: //p//word], [[FirefoxDriver: firefox on LINUX (358f877c-4143-452f-ab4d-589327eb2715)] -> xpath: //p//word], [[FirefoxDriver: firefox on LINUX (358f877c-4143-452f-ab4d-589327eb2715)] -> xpath: //p//word], [[FirefoxDriver: firefox on LINUX (358f877c-4143-452f-ab4d-589327eb2715)] -> xpath: //p//word], [[FirefoxDriver: firefox on LINUX (358f877c-4143-452f-ab4d-589327eb2715)] -> xpath: //p//word], [[FirefoxDriver: firefox on LINUX (358f877c-4143-452f-ab4d-589327eb2715)] -> xpath: //p//word], [[FirefoxDriver: firefox on LINUX (358f877c-4143-452f-ab4d-589327eb2715)] -> xpath: //p//word], [[FirefoxDriver: firefox on LINUX (358f877c-4143-452f-ab4d-589327eb2715)] -> xpath: //p//word], [[FirefoxDriver: firefox on LINUX (358f877c-4143-452f-ab4d-589327eb2715)] -> xpath: //p//word], [[FirefoxDriver: firefox on LINUX (358f877c-4143-452f-ab4d-589327eb2715)] -> xpath: //p//word], [[FirefoxDriver: firefox on LINUX (358f877c-4143-452f-ab4d-589327eb2715)] -> xpath: //p//word], [[FirefoxDriver: firefox on LINUX (358f877c-4143-452f-ab4d-589327eb2715)] -> xpath: //p//word], [[FirefoxDriver: firefox on LINUX (358f877c-4143-452f-ab4d-589327eb2715)] -> xpath: //p//word], [[FirefoxDriver: firefox on LINUX (358f877c-4143-452f-ab4d-589327eb2715)] -> xpath: //p//word], [[FirefoxDriver: firefox on LINUX (358f877c-4143-452f-ab4d-589327eb2715)] -> xpath: //p//word], [[FirefoxDriver: firefox on LINUX (358f877c-4143-452f-ab4d-589327eb2715)] -> xpath: //p//word], [[FirefoxDriver: firefox on LINUX (358f877c-4143-452f-ab4d-589327eb2715)] -> xpath: //p//word], [[FirefoxDriver: firefox on LINUX (358f877c-4143-452f-ab4d-589327eb2715)] -> xpath: //p//word], [[FirefoxDriver: firefox on LINUX (358f877c-4143-452f-ab4d-589327eb2715)] -> xpath: //p//word], [[FirefoxDriver: firefox on LINUX (358f877c-4143-452f-ab4d-589327eb2715)] -> xpath: //p//word], [[FirefoxDriver: firefox on LINUX (358f877c-4143-452f-ab4d-589327eb2715)] -> xpath: //p//word], [[FirefoxDriver: firefox on LINUX (358f877c-4143-452f-ab4d-589327eb2715)] -> xpath: //p//word], [[FirefoxDriver: firefox on LINUX (358f877c-4143-452f-ab4d-589327eb2715)] -> xpath: //p//word], [[FirefoxDriver: firefox on LINUX (358f877c-4143-452f-ab4d-589327eb2715)] -> xpath: //p//word], [[FirefoxDriver: firefox on LINUX (358f877c-4143-452f-ab4d-589327eb2715)] -> xpath: //p//word], [[FirefoxDriver: firefox on LINUX (358f877c-4143-452f-ab4d-589327eb2715)] -> xpath: //p//word], [[FirefoxDriver: firefox on LINUX (358f877c-4143-452f-ab4d-589327eb2715)] -> xpath: //p//word], [[FirefoxDriver: firefox on LINUX (358f877c-4143-452f-ab4d-589327eb2715)] -> xpath: //p//word], [[FirefoxDriver: firefox on LINUX (358f877c-4143-452f-ab4d-589327eb2715)] -> xpath: //p//word], [[FirefoxDriver: firefox on LINUX (358f877c-4143-452f-ab4d-589327eb2715)] -> xpath: //p//word], [[FirefoxDriver: firefox on LINUX (358f877c-4143-452f-ab4d-589327eb2715)] -> xpath: //p//word], [[FirefoxDriver: firefox on LINUX (358f877c-4143-452f-ab4d-589327eb2715)] -> xpath: //p//word], [[FirefoxDriver: firefox on LINUX (358f877c-4143-452f-ab4d-589327eb2715)] -> xpath: //p//word], [[FirefoxDriver: firefox on LINUX (358f877c-4143-452f-ab4d-589327eb2715)] -> xpath: //p//word], [[FirefoxDriver: firefox on LINUX (358f877c-4143-452f-ab4d-589327eb2715)] -> xpath: //p//word], [[FirefoxDriver: firefox on LINUX (358f877c-4143-452f-ab4d-589327eb2715)] -> xpath: //p//word], [[FirefoxDriver: firefox on LINUX (358f877c-4143-452f-ab4d-589327eb2715)] -> xpath: //p//word], [[FirefoxDriver: firefox on LINUX (358f877c-4143-452f-ab4d-589327eb2715)] -> xpath: //p//word], [[FirefoxDriver: firefox on LINUX (358f877c-4143-452f-ab4d-589327eb2715)] -> xpath: //p//word], [[FirefoxDriver: firefox on LINUX (358f877c-4143-452f-ab4d-589327eb2715)] -> xpath: //p//word], [[FirefoxDriver: firefox on LINUX (358f877c-4143-452f-ab4d-589327eb2715)] -> xpath: //p//word], [[FirefoxDriver: firefox on LINUX (358f877c-4143-452f-ab4d-589327eb2715)] -> xpath: //p//word], [[FirefoxDriver: firefox on LINUX (358f877c-4143-452f-ab4d-589327eb2715)] -> xpath: //p//word], [[FirefoxDriver: firefox on LINUX (358f877c-4143-452f-ab4d-589327eb2715)] -> xpath: //p//word], [[FirefoxDriver: firefox on LINUX (358f877c-4143-452f-ab4d-589327eb2715)] -> xpath: //p//word], [[FirefoxDriver: firefox on LINUX (358f877c-4143-452f-ab4d-589327eb2715)] -> xpath: //p//word], [[FirefoxDriver: firefox on LINUX (358f877c-4143-452f-ab4d-589327eb2715)] -> xpath: //p//word], [[FirefoxDriver: firefox on LINUX (358f877c-4143-452f-ab4d-589327eb2715)] -> xpath: //p//word], [[FirefoxDriver: firefox on LINUX (358f877c-4143-452f-ab4d-589327eb2715)] -> xpath: //p//word], [[FirefoxDriver: firefox on LINUX (358f877c-4143-452f-ab4d-589327eb2715)] -> xpath: //p//word], [[FirefoxDriver: firefox on LINUX (358f877c-4143-452f-ab4d-589327eb2715)] -> xpath: //p//word], [[FirefoxDriver: firefox on LINUX (358f877c-4143-452f-ab4d-589327eb2715)] -> xpath: //p//word], [[FirefoxDriver: firefox on LINUX (358f877c-4143-452f-ab4d-589327eb2715)] -> xpath: //p//word], [[FirefoxDriver: firefox on LINUX (358f877c-4143-452f-ab4d-589327eb2715)] -> xpath: //p//word], [[FirefoxDriver: firefox on LINUX (358f877c-4143-452f-ab4d-589327eb2715)] -> xpath: //p//word], [[FirefoxDriver: firefox on LINUX (358f877c-4143-452f-ab4d-589327eb2715)] -> xpath: //p//word], [[FirefoxDriver: firefox on LINUX (358f877c-4143-452f-ab4d-589327eb2715)] -> xpath: //p//word], [[FirefoxDriver: firefox on LINUX (358f877c-4143-452f-ab4d-589327eb2715)] -> xpath: //p//word], [[FirefoxDriver: firefox on LINUX (358f877c-4143-452f-ab4d-589327eb2715)] -> xpath: //p//word], [[FirefoxDriver: firefox on LINUX (358f877c-4143-452f-ab4d-589327eb2715)] -> xpath: //p//word], [[FirefoxDriver: firefox on LINUX (358f877c-4143-452f-ab4d-589327eb2715)] -> xpath: //p//word], [[FirefoxDriver: firefox on LINUX (358f877c-4143-452f-ab4d-589327eb2715)] -> xpath: //p//word], [[FirefoxDriver: firefox on LINUX (358f877c-4143-452f-ab4d-589327eb2715)] -> xpath: //p//word], [[FirefoxDriver: firefox on LINUX (358f877c-4143-452f-ab4d-589327eb2715)] -> xpath: //p//word], [[FirefoxDriver: firefox on LINUX (358f877c-4143-452f-ab4d-589327eb2715)] -> xpath: //p//word], [[FirefoxDriver: firefox on LINUX (358f877c-4143-452f-ab4d-589327eb2715)] -> xpath: //p//word], [[FirefoxDriver: firefox on LINUX (358f877c-4143-452f-ab4d-589327eb2715)] -> xpath: //p//word], [[FirefoxDriver: firefox on LINUX (358f877c-4143-452f-ab4d-589327eb2715)] -> xpath: //p//word], [[FirefoxDriver: firefox on LINUX (358f877c-4143-452f-ab4d-589327eb2715)] -> xpath: //p//word], [[FirefoxDriver: firefox on LINUX (358f877c-4143-452f-ab4d-589327eb2715)] -> xpath: //p//word], [[FirefoxDriver: firefox on LINUX (358f877c-4143-452f-ab4d-589327eb2715)] -> xpath: //p//word], [[FirefoxDriver: firefox on LINUX (358f877c-4143-452f-ab4d-589327eb2715)] -> xpath: //p//word], [[FirefoxDriver: firefox on LINUX (358f877c-4143-452f-ab4d-589327eb2715)] -> xpath: //p//word], [[FirefoxDriver: firefox on LINUX (358f877c-4143-452f-ab4d-589327eb2715)] -> xpath: //p//word], [[FirefoxDriver: firefox on LINUX (358f877c-4143-452f-ab4d-589327eb2715)] -> xpath: //p//word], [[FirefoxDriver: firefox on LINUX (358f877c-4143-452f-ab4d-589327eb2715)] -> xpath: //p//word], [[FirefoxDriver: firefox on LINUX (358f877c-4143-452f-ab4d-589327eb2715)] -> xpath: //p//word], [[FirefoxDriver: firefox on LINUX (358f877c-4143-452f-ab4d-589327eb2715)] -> xpath: //p//word], [[FirefoxDriver: firefox on LINUX (358f877c-4143-452f-ab4d-589327eb2715)] -> xpath: //p//word], [[FirefoxDriver: firefox on LINUX (358f877c-4143-452f-ab4d-589327eb2715)] -> xpath: //p//word], [[FirefoxDriver: firefox on LINUX (358f877c-4143-452f-ab4d-589327eb2715)] -> xpath: //p//word], [[FirefoxDriver: firefox on LINUX (358f877c-4143-452f-ab4d-589327eb2715)] -> xpath: //p//word], [[FirefoxDriver: firefox on LINUX (358f877c-4143-452f-ab4d-589327eb2715)] -> xpath: //p//word], [[FirefoxDriver: firefox on LINUX (358f877c-4143-452f-ab4d-589327eb2715)] -> xpath: //p//word], [[FirefoxDriver: firefox on LINUX (358f877c-4143-452f-ab4d-589327eb2715)] -> xpath: //p//word], [[FirefoxDriver: firefox on LINUX (358f877c-4143-452f-ab4d-589327eb2715)] -> xpath: //p//word], [[FirefoxDriver: firefox on LINUX (358f877c-4143-452f-ab4d-589327eb2715)] -> xpath: //p//word], [[FirefoxDriver: firefox on LINUX (358f877c-4143-452f-ab4d-589327eb2715)] -> xpath: //p//word], [[FirefoxDriver: firefox on LINUX (358f877c-4143-452f-ab4d-589327eb2715)] -> xpath: //p//word], [[FirefoxDriver: firefox on LINUX (358f877c-4143-452f-ab4d-589327eb2715)] -> xpath: //p//word], [[FirefoxDriver: firefox on LINUX (358f877c-4143-452f-ab4d-589327eb2715)] -> xpath: //p//word], [[FirefoxDriver: firefox on LINUX (358f877c-4143-452f-ab4d-589327eb2715)] -> xpath: //p//word], [[FirefoxDriver: firefox on LINUX (358f877c-4143-452f-ab4d-589327eb2715)] -> xpath: //p//word], [[FirefoxDriver: firefox on LINUX (358f877c-4143-452f-ab4d-589327eb2715)] -> xpath: //p//word], [[FirefoxDriver: firefox on LINUX (358f877c-4143-452f-ab4d-589327eb2715)] -> xpath: //p//word], [[FirefoxDriver: firefox on LINUX (358f877c-4143-452f-ab4d-589327eb2715)] -> xpath: //p//word], [[FirefoxDriver: firefox on LINUX (358f877c-4143-452f-ab4d-589327eb2715)] -> xpath: //p//word], [[FirefoxDriver: firefox on LINUX (358f877c-4143-452f-ab4d-589327eb2715)] -> xpath: //p//word], [[FirefoxDriver: firefox on LINUX (358f877c-4143-452f-ab4d-589327eb2715)] -> xpath: //p//word], [[FirefoxDriver: firefox on LINUX (358f877c-4143-452f-ab4d-589327eb2715)] -> xpath: //p//word], [[FirefoxDriver: firefox on LINUX (358f877c-4143-452f-ab4d-589327eb2715)] -> xpath: //p//word], [[FirefoxDriver: firefox on LINUX (358f877c-4143-452f-ab4d-589327eb2715)] -> xpath: //p//word], [[FirefoxDriver: firefox on LINUX (358f877c-4143-452f-ab4d-589327eb2715)] -> xpath: //p//word], [[FirefoxDriver: firefox on LINUX (358f877c-4143-452f-ab4d-589327eb2715)] -> xpath: //p//word], [[FirefoxDriver: firefox on LINUX (358f877c-4143-452f-ab4d-589327eb2715)] -> xpath: //p//word], [[FirefoxDriver: firefox on LINUX (358f877c-4143-452f-ab4d-589327eb2715)] -> xpath: //p//word], [[FirefoxDriver: firefox on LINUX (358f877c-4143-452f-ab4d-589327eb2715)] -> xpath: //p//word], [[FirefoxDriver: firefox on LINUX (358f877c-4143-452f-ab4d-589327eb2715)] -> xpath: //p//word], [[FirefoxDriver: firefox on LINUX (358f877c-4143-452f-ab4d-589327eb2715)] -> xpath: //p//word], [[FirefoxDriver: firefox on LINUX (358f877c-4143-452f-ab4d-589327eb2715)] -> xpath: //p//word], [[FirefoxDriver: firefox on LINUX (358f877c-4143-452f-ab4d-589327eb2715)] -> xpath: //p//word], [[FirefoxDriver: firefox on LINUX (358f877c-4143-452f-ab4d-589327eb2715)] -> xpath: //p//word], [[FirefoxDriver: firefox on LINUX (358f877c-4143-452f-ab4d-589327eb2715)] -> xpath: //p//word], [[FirefoxDriver: firefox on LINUX (358f877c-4143-452f-ab4d-589327eb2715)] -> xpath: //p//word], [[FirefoxDriver: firefox on LINUX (358f877c-4143-452f-ab4d-589327eb2715)] -> xpath: //p//word], [[FirefoxDriver: firefox on LINUX (358f877c-4143-452f-ab4d-589327eb2715)] -> xpath: //p//word], [[FirefoxDriver: firefox on LINUX (358f877c-4143-452f-ab4d-589327eb2715)] -> xpath: //p//word], [[FirefoxDriver: firefox on LINUX (358f877c-4143-452f-ab4d-589327eb2715)] -> xpath: //p//word], [[FirefoxDriver: firefox on LINUX (358f877c-4143-452f-ab4d-589327eb2715)] -> xpath: //p//word], [[FirefoxDriver: firefox on LINUX (358f877c-4143-452f-ab4d-589327eb2715)] -> xpath: //p//word], [[FirefoxDriver: firefox on LINUX (358f877c-4143-452f-ab4d-589327eb2715)] -> xpath: //p//word], [[FirefoxDriver: firefox on LINUX (358f877c-4143-452f-ab4d-589327eb2715)] -> xpath: //p//word], [[FirefoxDriver: firefox on LINUX (358f877c-4143-452f-ab4d-589327eb2715)] -> xpath: //p//word], [[FirefoxDriver: firefox on LINUX (358f877c-4143-452f-ab4d-589327eb2715)] -> xpath: //p//word], [[FirefoxDriver: firefox on LINUX (358f877c-4143-452f-ab4d-589327eb2715)] -> xpath: //p//word], [[FirefoxDriver: firefox on LINUX (358f877c-4143-452f-ab4d-589327eb2715)] -> xpath: //p//word], [[FirefoxDriver: firefox on LINUX (358f877c-4143-452f-ab4d-589327eb2715)] -> xpath: //p//word], [[FirefoxDriver: firefox on LINUX (358f877c-4143-452f-ab4d-589327eb2715)] -> xpath: //p//word], [[FirefoxDriver: firefox on LINUX (358f877c-4143-452f-ab4d-589327eb2715)] -> xpath: //p//word], [[FirefoxDriver: firefox on LINUX (358f877c-4143-452f-ab4d-589327eb2715)] -> xpath: //p//word], [[FirefoxDriver: firefox on LINUX (358f877c-4143-452f-ab4d-589327eb2715)] -> xpath: //p//word], [[FirefoxDriver: firefox on LINUX (358f877c-4143-452f-ab4d-589327eb2715)] -> xpath: //p//word], [[FirefoxDriver: firefox on LINUX (358f877c-4143-452f-ab4d-589327eb2715)] -> xpath: //p//word], [[FirefoxDriver: firefox on LINUX (358f877c-4143-452f-ab4d-589327eb2715)] -> xpath: //p//word], [[FirefoxDriver: firefox on LINUX (358f877c-4143-452f-ab4d-589327eb2715)] -> xpath: //p//word], [[FirefoxDriver: firefox on LINUX (358f877c-4143-452f-ab4d-589327eb2715)] -> xpath: //p//word], [[FirefoxDriver: firefox on LINUX (358f877c-4143-452f-ab4d-589327eb2715)] -> xpath: //p//word], [[FirefoxDriver: firefox on LINUX (358f877c-4143-452f-ab4d-589327eb2715)] -> xpath: //p//word], [[FirefoxDriver: firefox on LINUX (358f877c-4143-452f-ab4d-589327eb2715)] -> xpath: //p//word], [[FirefoxDriver: firefox on LINUX (358f877c-4143-452f-ab4d-589327eb2715)] -> xpath: //p//word], [[FirefoxDriver: firefox on LINUX (358f877c-4143-452f-ab4d-589327eb2715)] -> xpath: //p//word], [[FirefoxDriver: firefox on LINUX (358f877c-4143-452f-ab4d-589327eb2715)] -> xpath: //p//word], [[FirefoxDriver: firefox on LINUX (358f877c-4143-452f-ab4d-589327eb2715)] -> xpath: //p//word], [[FirefoxDriver: firefox on LINUX (358f877c-4143-452f-ab4d-589327eb2715)] -> xpath: //p//word], [[FirefoxDriver: firefox on LINUX (358f877c-4143-452f-ab4d-589327eb2715)] -> xpath: //p//word], [[FirefoxDriver: firefox on LINUX (358f877c-4143-452f-ab4d-589327eb2715)] -> xpath: //p//word], [[FirefoxDriver: firefox on LINUX (358f877c-4143-452f-ab4d-589327eb2715)] -> xpath: //p//word], [[FirefoxDriver: firefox on LINUX (358f877c-4143-452f-ab4d-589327eb2715)] -> xpath: //p//word], [[FirefoxDriver: firefox on LINUX (358f877c-4143-452f-ab4d-589327eb2715)] -> xpath: //p//word], [[FirefoxDriver: firefox on LINUX (358f877c-4143-452f-ab4d-589327eb2715)] -> xpath: //p//word], [[FirefoxDriver: firefox on LINUX (358f877c-4143-452f-ab4d-589327eb2715)] -> xpath: //p//word], [[FirefoxDriver: firefox on LINUX (358f877c-4143-452f-ab4d-589327eb2715)] -> xpath: //p//word], [[FirefoxDriver: firefox on LINUX (358f877c-4143-452f-ab4d-589327eb2715)] -> xpath: //p//word], [[FirefoxDriver: firefox on LINUX (358f877c-4143-452f-ab4d-589327eb2715)] -> xpath: //p//word], [[FirefoxDriver: firefox on LINUX (358f877c-4143-452f-ab4d-589327eb2715)] -> xpath: //p//word], [[FirefoxDriver: firefox on LINUX (358f877c-4143-452f-ab4d-589327eb2715)] -> xpath: //p//word], [[FirefoxDriver: firefox on LINUX (358f877c-4143-452f-ab4d-589327eb2715)] -> xpath: //p//word], [[FirefoxDriver: firefox on LINUX (358f877c-4143-452f-ab4d-589327eb2715)] -> xpath: //p//word], [[FirefoxDriver: firefox on LINUX (358f877c-4143-452f-ab4d-589327eb2715)] -> xpath: //p//word], [[FirefoxDriver: firefox on LINUX (358f877c-4143-452f-ab4d-589327eb2715)] -> xpath: //p//word], [[FirefoxDriver: firefox on LINUX (358f877c-4143-452f-ab4d-589327eb2715)] -> xpath: //p//word], [[FirefoxDriver: firefox on LINUX (358f877c-4143-452f-ab4d-589327eb2715)] -> xpath: //p//word], [[FirefoxDriver: firefox on LINUX (358f877c-4143-452f-ab4d-589327eb2715)] -> xpath: //p//word], [[FirefoxDriver: firefox on LINUX (358f877c-4143-452f-ab4d-589327eb2715)] -> xpath: //p//word], [[FirefoxDriver: firefox on LINUX (358f877c-4143-452f-ab4d-589327eb2715)] -> xpath: //p//word], [[FirefoxDriver: firefox on LINUX (358f877c-4143-452f-ab4d-589327eb2715)] -> xpath: //p//word], [[FirefoxDriver: firefox on LINUX (358f877c-4143-452f-ab4d-589327eb2715)] -> xpath: //p//word], [[FirefoxDriver: firefox on LINUX (358f877c-4143-452f-ab4d-589327eb2715)] -> xpath: //p//word], [[FirefoxDriver: firefox on LINUX (358f877c-4143-452f-ab4d-589327eb2715)] -> xpath: //p//word], [[FirefoxDriver: firefox on LINUX (358f877c-4143-452f-ab4d-589327eb2715)] -> xpath: //p//word], [[FirefoxDriver: firefox on LINUX (358f877c-4143-452f-ab4d-589327eb2715)] -> xpath: //p//word], [[FirefoxDriver: firefox on LINUX (358f877c-4143-452f-ab4d-589327eb2715)] -> xpath: //p//word], [[FirefoxDriver: firefox on LINUX (358f877c-4143-452f-ab4d-589327eb2715)] -> xpath: //p//word], [[FirefoxDriver: firefox on LINUX (358f877c-4143-452f-ab4d-589327eb2715)] -> xpath: //p//word], [[FirefoxDriver: firefox on LINUX (358f877c-4143-452f-ab4d-589327eb2715)] -> xpath: //p//word], [[FirefoxDriver: firefox on LINUX (358f877c-4143-452f-ab4d-589327eb2715)] -> xpath: //p//word], [[FirefoxDriver: firefox on LINUX (358f877c-4143-452f-ab4d-589327eb2715)] -> xpath: //p//word], [[FirefoxDriver: firefox on LINUX (358f877c-4143-452f-ab4d-589327eb2715)] -> xpath: //p//word], [[FirefoxDriver: firefox on LINUX (358f877c-4143-452f-ab4d-589327eb2715)] -> xpath: //p//word], [[FirefoxDriver: firefox on LINUX (358f877c-4143-452f-ab4d-589327eb2715)] -> xpath: //p//word], [[FirefoxDriver: firefox on LINUX (358f877c-4143-452f-ab4d-589327eb2715)] -> xpath: //p//word], [[FirefoxDriver: firefox on LINUX (358f877c-4143-452f-ab4d-589327eb2715)] -> xpath: //p//word], [[FirefoxDriver: firefox on LINUX (358f877c-4143-452f-ab4d-589327eb2715)] -> xpath: //p//word], [[FirefoxDriver: firefox on LINUX (358f877c-4143-452f-ab4d-589327eb2715)] -> xpath: //p//word], [[FirefoxDriver: firefox on LINUX (358f877c-4143-452f-ab4d-589327eb2715)] -> xpath: //p//word], [[FirefoxDriver: firefox on LINUX (358f877c-4143-452f-ab4d-589327eb2715)] -> xpath: //p//word], [[FirefoxDriver: firefox on LINUX (358f877c-4143-452f-ab4d-589327eb2715)] -> xpath: //p//word], [[FirefoxDriver: firefox on LINUX (358f877c-4143-452f-ab4d-589327eb2715)] -> xpath: //p//word], [[FirefoxDriver: firefox on LINUX (358f877c-4143-452f-ab4d-589327eb2715)] -> xpath: //p//word], [[FirefoxDriver: firefox on LINUX (358f877c-4143-452f-ab4d-589327eb2715)] -> xpath: //p//word], [[FirefoxDriver: firefox on LINUX (358f877c-4143-452f-ab4d-589327eb2715)] -> xpath: //p//word], [[FirefoxDriver: firefox on LINUX (358f877c-4143-452f-ab4d-589327eb2715)] -> xpath: //p//word], [[FirefoxDriver: firefox on LINUX (358f877c-4143-452f-ab4d-589327eb2715)] -> xpath: //p//word], [[FirefoxDriver: firefox on LINUX (358f877c-4143-452f-ab4d-589327eb2715)] -> xpath: //p//word], [[FirefoxDriver: firefox on LINUX (358f877c-4143-452f-ab4d-589327eb2715)] -> xpath: //p//word], [[FirefoxDriver: firefox on LINUX (358f877c-4143-452f-ab4d-589327eb2715)] -> xpath: //p//word], [[FirefoxDriver: firefox on LINUX (358f877c-4143-452f-ab4d-589327eb2715)] -> xpath: //p//word], [[FirefoxDriver: firefox on LINUX (358f877c-4143-452f-ab4d-589327eb2715)] -> xpath: //p//word], [[FirefoxDriver: firefox on LINUX (358f877c-4143-452f-ab4d-589327eb2715)] -> xpath: //p//word], [[FirefoxDriver: firefox on LINUX (358f877c-4143-452f-ab4d-589327eb2715)] -> xpath: //p//word], [[FirefoxDriver: firefox on LINUX (358f877c-4143-452f-ab4d-589327eb2715)] -> xpath: //p//word], [[FirefoxDriver: firefox on LINUX (358f877c-4143-452f-ab4d-589327eb2715)] -> xpath: //p//word], [[FirefoxDriver: firefox on LINUX (358f877c-4143-452f-ab4d-589327eb2715)] -> xpath: //p//word], [[FirefoxDriver: firefox on LINUX (358f877c-4143-452f-ab4d-589327eb2715)] -> xpath: //p//word], [[FirefoxDriver: firefox on LINUX (358f877c-4143-452f-ab4d-589327eb2715)] -> xpath: //p//word], [[FirefoxDriver: firefox on LINUX (358f877c-4143-452f-ab4d-589327eb2715)] -> xpath: //p//word], [[FirefoxDriver: firefox on LINUX (358f877c-4143-452f-ab4d-589327eb2715)] -> xpath: //p//word], [[FirefoxDriver: firefox on LINUX (358f877c-4143-452f-ab4d-589327eb2715)] -> xpath: //p//word], [[FirefoxDriver: firefox on LINUX (358f877c-4143-452f-ab4d-589327eb2715)] -> xpath: //p//word], [[FirefoxDriver: firefox on LINUX (358f877c-4143-452f-ab4d-589327eb2715)] -> xpath: //p//word], [[FirefoxDriver: firefox on LINUX (358f877c-4143-452f-ab4d-589327eb2715)] -> xpath: //p//word], [[FirefoxDriver: firefox on LINUX (358f877c-4143-452f-ab4d-589327eb2715)] -> xpath: //p//word], [[FirefoxDriver: firefox on LINUX (358f877c-4143-452f-ab4d-589327eb2715)] -> xpath: //p//word], [[FirefoxDriver: firefox on LINUX (358f877c-4143-452f-ab4d-589327eb2715)] -> xpath: //p//word], [[FirefoxDriver: firefox on LINUX (358f877c-4143-452f-ab4d-589327eb2715)] -> xpath: //p//word], [[FirefoxDriver: firefox on LINUX (358f877c-4143-452f-ab4d-589327eb2715)] -> xpath: //p//word], [[FirefoxDriver: firefox on LINUX (358f877c-4143-452f-ab4d-589327eb2715)] -> xpath: //p//word], [[FirefoxDriver: firefox on LINUX (358f877c-4143-452f-ab4d-589327eb2715)] -> xpath: //p//word], [[FirefoxDriver: firefox on LINUX (358f877c-4143-452f-ab4d-589327eb2715)] -> xpath: //p//word], [[FirefoxDriver: firefox on LINUX (358f877c-4143-452f-ab4d-589327eb2715)] -> xpath: //p//word], [[FirefoxDriver: firefox on LINUX (358f877c-4143-452f-ab4d-589327eb2715)] -> xpath: //p//word], [[FirefoxDriver: firefox on LINUX (358f877c-4143-452f-ab4d-589327eb2715)] -> xpath: //p//word], [[FirefoxDriver: firefox on LINUX (358f877c-4143-452f-ab4d-589327eb2715)] -> xpath: //p//word], [[FirefoxDriver: firefox on LINUX (358f877c-4143-452f-ab4d-589327eb2715)] -> xpath: //p//word], [[FirefoxDriver: firefox on LINUX (358f877c-4143-452f-ab4d-589327eb2715)] -> xpath: //p//word], [[FirefoxDriver: firefox on LINUX (358f877c-4143-452f-ab4d-589327eb2715)] -> xpath: //p//word], [[FirefoxDriver: firefox on LINUX (358f877c-4143-452f-ab4d-589327eb2715)] -> xpath: //p//word], [[FirefoxDriver: firefox on LINUX (358f877c-4143-452f-ab4d-589327eb2715)] -> xpath: //p//word], [[FirefoxDriver: firefox on LINUX (358f877c-4143-452f-ab4d-589327eb2715)] -> xpath: //p//word], [[FirefoxDriver: firefox on LINUX (358f877c-4143-452f-ab4d-589327eb2715)] -> xpath: //p//word], [[FirefoxDriver: firefox on LINUX (358f877c-4143-452f-ab4d-589327eb2715)] -> xpath: //p//word], [[FirefoxDriver: firefox on LINUX (358f877c-4143-452f-ab4d-589327eb2715)] -> xpath: //p//word], [[FirefoxDriver: firefox on LINUX (358f877c-4143-452f-ab4d-589327eb2715)] -> xpath: //p//word], [[FirefoxDriver: firefox on LINUX (358f877c-4143-452f-ab4d-589327eb2715)] -> xpath: //p//word], [[FirefoxDriver: firefox on LINUX (358f877c-4143-452f-ab4d-589327eb2715)] -> xpath: //p//word], [[FirefoxDriver: firefox on LINUX (358f877c-4143-452f-ab4d-589327eb2715)] -> xpath: //p//word], [[FirefoxDriver: firefox on LINUX (358f877c-4143-452f-ab4d-589327eb2715)] -> xpath: //p//word], [[FirefoxDriver: firefox on LINUX (358f877c-4143-452f-ab4d-589327eb2715)] -> xpath: //p//word], [[FirefoxDriver: firefox on LINUX (358f877c-4143-452f-ab4d-589327eb2715)] -> xpath: //p//word], [[FirefoxDriver: firefox on LINUX (358f877c-4143-452f-ab4d-589327eb2715)] -> xpath: //p//word], [[FirefoxDriver: firefox on LINUX (358f877c-4143-452f-ab4d-589327eb2715)] -> xpath: //p//word], [[FirefoxDriver: firefox on LINUX (358f877c-4143-452f-ab4d-589327eb2715)] -> xpath: //p//word], [[FirefoxDriver: firefox on LINUX (358f877c-4143-452f-ab4d-589327eb2715)] -> xpath: //p//word], [[FirefoxDriver: firefox on LINUX (358f877c-4143-452f-ab4d-589327eb2715)] -> xpath: //p//word], [[FirefoxDriver: firefox on LINUX (358f877c-4143-452f-ab4d-589327eb2715)] -> xpath: //p//word], [[FirefoxDriver: firefox on LINUX (358f877c-4143-452f-ab4d-589327eb2715)] -> xpath: //p//word], [[FirefoxDriver: firefox on LINUX (358f877c-4143-452f-ab4d-589327eb2715)] -> xpath: //p//word], [[FirefoxDriver: firefox on LINUX (358f877c-4143-452f-ab4d-589327eb2715)] -> xpath: //p//word], [[FirefoxDriver: firefox on LINUX (358f877c-4143-452f-ab4d-589327eb2715)] -> xpath: //p//word], [[FirefoxDriver: firefox on LINUX (358f877c-4143-452f-ab4d-589327eb2715)] -> xpath: //p//word], [[FirefoxDriver: firefox on LINUX (358f877c-4143-452f-ab4d-589327eb2715)] -> xpath: //p//word], [[FirefoxDriver: firefox on LINUX (358f877c-4143-452f-ab4d-589327eb2715)] -> xpath: //p//word], [[FirefoxDriver: firefox on LINUX (358f877c-4143-452f-ab4d-589327eb2715)] -> xpath: //p//word], [[FirefoxDriver: firefox on LINUX (358f877c-4143-452f-ab4d-589327eb2715)] -> xpath: //p//word], [[FirefoxDriver: firefox on LINUX (358f877c-4143-452f-ab4d-589327eb2715)] -> xpath: //p//word], [[FirefoxDriver: firefox on LINUX (358f877c-4143-452f-ab4d-589327eb2715)] -> xpath: //p//word], [[FirefoxDriver: firefox on LINUX (358f877c-4143-452f-ab4d-589327eb2715)] -> xpath: //p//word], [[FirefoxDriver: firefox on LINUX (358f877c-4143-452f-ab4d-589327eb2715)] -> xpath: //p//word], [[FirefoxDriver: firefox on LINUX (358f877c-4143-452f-ab4d-589327eb2715)] -> xpath: //p//word], [[FirefoxDriver: firefox on LINUX (358f877c-4143-452f-ab4d-589327eb2715)] -> xpath: //p//word], [[FirefoxDriver: firefox on LINUX (358f877c-4143-452f-ab4d-589327eb2715)] -> xpath: //p//word], [[FirefoxDriver: firefox on LINUX (358f877c-4143-452f-ab4d-589327eb2715)] -> xpath: //p//word], [[FirefoxDriver: firefox on LINUX (358f877c-4143-452f-ab4d-589327eb2715)] -> xpath: //p//word], [[FirefoxDriver: firefox on LINUX (358f877c-4143-452f-ab4d-589327eb2715)] -> xpath: //p//word], [[FirefoxDriver: firefox on LINUX (358f877c-4143-452f-ab4d-589327eb2715)] -> xpath: //p//word], [[FirefoxDriver: firefox on LINUX (358f877c-4143-452f-ab4d-589327eb2715)] -> xpath: //p//word], [[FirefoxDriver: firefox on LINUX (358f877c-4143-452f-ab4d-589327eb2715)] -> xpath: //p//word], [[FirefoxDriver: firefox on LINUX (358f877c-4143-452f-ab4d-589327eb2715)] -> xpath: //p//word], [[FirefoxDriver: firefox on LINUX (358f877c-4143-452f-ab4d-589327eb2715)] -> xpath: //p//word], [[FirefoxDriver: firefox on LINUX (358f877c-4143-452f-ab4d-589327eb2715)] -> xpath: //p//word], [[FirefoxDriver: firefox on LINUX (358f877c-4143-452f-ab4d-589327eb2715)] -> xpath: //p//word], [[FirefoxDriver: firefox on LINUX (358f877c-4143-452f-ab4d-589327eb2715)] -> xpath: //p//word], [[FirefoxDriver: firefox on LINUX (358f877c-4143-452f-ab4d-589327eb2715)] -> xpath: //p//word], [[FirefoxDriver: firefox on LINUX (358f877c-4143-452f-ab4d-589327eb2715)] -> xpath: //p//word], [[FirefoxDriver: firefox on LINUX (358f877c-4143-452f-ab4d-589327eb2715)] -> xpath: //p//word], [[FirefoxDriver: firefox on LINUX (358f877c-4143-452f-ab4d-589327eb2715)] -> xpath: //p//word], [[FirefoxDriver: firefox on LINUX (358f877c-4143-452f-ab4d-589327eb2715)] -> xpath: //p//word], [[FirefoxDriver: firefox on LINUX (358f877c-4143-452f-ab4d-589327eb2715)] -> xpath: //p//word], [[FirefoxDriver: firefox on LINUX (358f877c-4143-452f-ab4d-589327eb2715)] -> xpath: //p//word], [[FirefoxDriver: firefox on LINUX (358f877c-4143-452f-ab4d-589327eb2715)] -> xpath: //p//word], [[FirefoxDriver: firefox on LINUX (358f877c-4143-452f-ab4d-589327eb2715)] -> xpath: //p//word], [[FirefoxDriver: firefox on LINUX (358f877c-4143-452f-ab4d-589327eb2715)] -> xpath: //p//word], [[FirefoxDriver: firefox on LINUX (358f877c-4143-452f-ab4d-589327eb2715)] -> xpath: //p//word], [[FirefoxDriver: firefox on LINUX (358f877c-4143-452f-ab4d-589327eb2715)] -> xpath: //p//word], [[FirefoxDriver: firefox on LINUX (358f877c-4143-452f-ab4d-589327eb2715)] -> xpath: //p//word], [[FirefoxDriver: firefox on LINUX (358f877c-4143-452f-ab4d-589327eb2715)] -> xpath: //p//word], [[FirefoxDriver: firefox on LINUX (358f877c-4143-452f-ab4d-589327eb2715)] -> xpath: //p//word], [[FirefoxDriver: firefox on LINUX (358f877c-4143-452f-ab4d-589327eb2715)] -> xpath: //p//word], [[FirefoxDriver: firefox on LINUX (358f877c-4143-452f-ab4d-589327eb2715)] -> xpath: //p//word], [[FirefoxDriver: firefox on LINUX (358f877c-4143-452f-ab4d-589327eb2715)] -> xpath: //p//word], [[FirefoxDriver: firefox on LINUX (358f877c-4143-452f-ab4d-589327eb2715)] -> xpath: //p//word], [[FirefoxDriver: firefox on LINUX (358f877c-4143-452f-ab4d-589327eb2715)] -> xpath: //p//word], [[FirefoxDriver: firefox on LINUX (358f877c-4143-452f-ab4d-589327eb2715)] -> xpath: //p//word], [[FirefoxDriver: firefox on LINUX (358f877c-4143-452f-ab4d-589327eb2715)] -> xpath: //p//word], [[FirefoxDriver: firefox on LINUX (358f877c-4143-452f-ab4d-589327eb2715)] -> xpath: //p//word], [[FirefoxDriver: firefox on LINUX (358f877c-4143-452f-ab4d-589327eb2715)] -> xpath: //p//word], [[FirefoxDriver: firefox on LINUX (358f877c-4143-452f-ab4d-589327eb2715)] -> xpath: //p//word], [[FirefoxDriver: firefox on LINUX (358f877c-4143-452f-ab4d-589327eb2715)] -> xpath: //p//word], [[FirefoxDriver: firefox on LINUX (358f877c-4143-452f-ab4d-589327eb2715)] -> xpath: //p//word], [[FirefoxDriver: firefox on LINUX (358f877c-4143-452f-ab4d-589327eb2715)] -> xpath: //p//word], [[FirefoxDriver: firefox on LINUX (358f877c-4143-452f-ab4d-589327eb2715)] -> xpath: //p//word], [[FirefoxDriver: firefox on LINUX (358f877c-4143-452f-ab4d-589327eb2715)] -> xpath: //p//word], [[FirefoxDriver: firefox on LINUX (358f877c-4143-452f-ab4d-589327eb2715)] -> xpath: //p//word], [[FirefoxDriver: firefox on LINUX (358f877c-4143-452f-ab4d-589327eb2715)] -> xpath: //p//word], [[FirefoxDriver: firefox on LINUX (358f877c-4143-452f-ab4d-589327eb2715)] -> xpath: //p//word], [[FirefoxDriver: firefox on LINUX (358f877c-4143-452f-ab4d-589327eb2715)] -> xpath: //p//word], [[FirefoxDriver: firefox on LINUX (358f877c-4143-452f-ab4d-589327eb2715)] -> xpath: //p//word], [[FirefoxDriver: firefox on LINUX (358f877c-4143-452f-ab4d-589327eb2715)] -> xpath: //p//word], [[FirefoxDriver: firefox on LINUX (358f877c-4143-452f-ab4d-589327eb2715)] -> xpath: //p//word], [[FirefoxDriver: firefox on LINUX (358f877c-4143-452f-ab4d-589327eb2715)] -> xpath: //p//word], [[FirefoxDriver: firefox on LINUX (358f877c-4143-452f-ab4d-589327eb2715)] -> xpath: //p//word], [[FirefoxDriver: firefox on LINUX (358f877c-4143-452f-ab4d-589327eb2715)] -> xpath: //p//word], [[FirefoxDriver: firefox on LINUX (358f877c-4143-452f-ab4d-589327eb2715)] -> xpath: //p//word], [[FirefoxDriver: firefox on LINUX (358f877c-4143-452f-ab4d-589327eb2715)] -> xpath: //p//word], [[FirefoxDriver: firefox on LINUX (358f877c-4143-452f-ab4d-589327eb2715)] -> xpath: //p//word], [[FirefoxDriver: firefox on LINUX (358f877c-4143-452f-ab4d-589327eb2715)] -> xpath: //p//word], [[FirefoxDriver: firefox on LINUX (358f877c-4143-452f-ab4d-589327eb2715)] -> xpath: //p//word], [[FirefoxDriver: firefox on LINUX (358f877c-4143-452f-ab4d-589327eb2715)] -> xpath: //p//word], [[FirefoxDriver: firefox on LINUX (358f877c-4143-452f-ab4d-589327eb2715)] -> xpath: //p//word], [[FirefoxDriver: firefox on LINUX (358f877c-4143-452f-ab4d-589327eb2715)] -> xpath: //p//word], [[FirefoxDriver: firefox on LINUX (358f877c-4143-452f-ab4d-589327eb2715)] -> xpath: //p//word], [[FirefoxDriver: firefox on LINUX (358f877c-4143-452f-ab4d-589327eb2715)] -> xpath: //p//word], [[FirefoxDriver: firefox on LINUX (358f877c-4143-452f-ab4d-589327eb2715)] -> xpath: //p//word], [[FirefoxDriver: firefox on LINUX (358f877c-4143-452f-ab4d-589327eb2715)] -> xpath: //p//word], [[FirefoxDriver: firefox on LINUX (358f877c-4143-452f-ab4d-589327eb2715)] -> xpath: //p//word], [[FirefoxDriver: firefox on LINUX (358f877c-4143-452f-ab4d-589327eb2715)] -> xpath: //p//word], [[FirefoxDriver: firefox on LINUX (358f877c-4143-452f-ab4d-589327eb2715)] -> xpath: //p//word], [[FirefoxDriver: firefox on LINUX (358f877c-4143-452f-ab4d-589327eb2715)] -> xpath: //p//word], [[FirefoxDriver: firefox on LINUX (358f877c-4143-452f-ab4d-589327eb2715)] -> xpath: //p//word], [[FirefoxDriver: firefox on LINUX (358f877c-4143-452f-ab4d-589327eb2715)] -> xpath: //p//word], [[FirefoxDriver: firefox on LINUX (358f877c-4143-452f-ab4d-589327eb2715)] -> xpath: //p//word], [[FirefoxDriver: firefox on LINUX (358f877c-4143-452f-ab4d-589327eb2715)] -> xpath: //p//word], [[FirefoxDriver: firefox on LINUX (358f877c-4143-452f-ab4d-589327eb2715)] -> xpath: //p//word], [[FirefoxDriver: firefox on LINUX (358f877c-4143-452f-ab4d-589327eb2715)] -> xpath: //p//word], [[FirefoxDriver: firefox on LINUX (358f877c-4143-452f-ab4d-589327eb2715)] -> xpath: //p//word], [[FirefoxDriver: firefox on LINUX (358f877c-4143-452f-ab4d-589327eb2715)] -> xpath: //p//word], [[FirefoxDriver: firefox on LINUX (358f877c-4143-452f-ab4d-589327eb2715)] -> xpath: //p//word], [[FirefoxDriver: firefox on LINUX (358f877c-4143-452f-ab4d-589327eb2715)] -> xpath: //p//word], [[FirefoxDriver: firefox on LINUX (358f877c-4143-452f-ab4d-589327eb2715)] -> xpath: //p//word], [[FirefoxDriver: firefox on LINUX (358f877c-4143-452f-ab4d-589327eb2715)] -> xpath: //p//word], [[FirefoxDriver: firefox on LINUX (358f877c-4143-452f-ab4d-589327eb2715)] -> xpath: //p//word], [[FirefoxDriver: firefox on LINUX (358f877c-4143-452f-ab4d-589327eb2715)] -> xpath: //p//word], [[FirefoxDriver: firefox on LINUX (358f877c-4143-452f-ab4d-589327eb2715)] -> xpath: //p//word], [[FirefoxDriver: firefox on LINUX (358f877c-4143-452f-ab4d-589327eb2715)] -> xpath: //p//word], [[FirefoxDriver: firefox on LINUX (358f877c-4143-452f-ab4d-589327eb2715)] -> xpath: //p//word], [[FirefoxDriver: firefox on LINUX (358f877c-4143-452f-ab4d-589327eb2715)] -> xpath: //p//word], [[FirefoxDriver: firefox on LINUX (358f877c-4143-452f-ab4d-589327eb2715)] -> xpath: //p//word], [[FirefoxDriver: firefox on LINUX (358f877c-4143-452f-ab4d-589327eb2715)] -> xpath: //p//word], [[FirefoxDriver: firefox on LINUX (358f877c-4143-452f-ab4d-589327eb2715)] -> xpath: //p//word], [[FirefoxDriver: firefox on LINUX (358f877c-4143-452f-ab4d-589327eb2715)] -> xpath: //p//word], [[FirefoxDriver: firefox on LINUX (358f877c-4143-452f-ab4d-589327eb2715)] -> xpath: //p//word], [[FirefoxDriver: firefox on LINUX (358f877c-4143-452f-ab4d-589327eb2715)] -> xpath: //p//word], [[FirefoxDriver: firefox on LINUX (358f877c-4143-452f-ab4d-589327eb2715)] -> xpath: //p//word], [[FirefoxDriver: firefox on LINUX (358f877c-4143-452f-ab4d-589327eb2715)] -> xpath: //p//word], [[FirefoxDriver: firefox on LINUX (358f877c-4143-452f-ab4d-589327eb2715)] -> xpath: //p//word], [[FirefoxDriver: firefox on LINUX (358f877c-4143-452f-ab4d-589327eb2715)] -> xpath: //p//word], [[FirefoxDriver: firefox on LINUX (358f877c-4143-452f-ab4d-589327eb2715)] -> xpath: //p//word], [[FirefoxDriver: firefox on LINUX (358f877c-4143-452f-ab4d-589327eb2715)] -> xpath: //p//word], [[FirefoxDriver: firefox on LINUX (358f877c-4143-452f-ab4d-589327eb2715)] -> xpath: //p//word], [[FirefoxDriver: firefox on LINUX (358f877c-4143-452f-ab4d-589327eb2715)] -> xpath: //p//word], [[FirefoxDriver: firefox on LINUX (358f877c-4143-452f-ab4d-589327eb2715)] -> xpath: //p//word], [[FirefoxDriver: firefox on LINUX (358f877c-4143-452f-ab4d-589327eb2715)] -> xpath: //p//word], [[FirefoxDriver: firefox on LINUX (358f877c-4143-452f-ab4d-589327eb2715)] -> xpath: //p//word], [[FirefoxDriver: firefox on LINUX (358f877c-4143-452f-ab4d-589327eb2715)] -> xpath: //p//word], [[FirefoxDriver: firefox on LINUX (358f877c-4143-452f-ab4d-589327eb2715)] -> xpath: //p//word], [[FirefoxDriver: firefox on LINUX (358f877c-4143-452f-ab4d-589327eb2715)] -> xpath: //p//word], [[FirefoxDriver: firefox on LINUX (358f877c-4143-452f-ab4d-589327eb2715)] -> xpath: //p//word], [[FirefoxDriver: firefox on LINUX (358f877c-4143-452f-ab4d-589327eb2715)] -> xpath: //p//word], [[FirefoxDriver: firefox on LINUX (358f877c-4143-452f-ab4d-589327eb2715)] -> xpath: //p//word], [[FirefoxDriver: firefox on LINUX (358f877c-4143-452f-ab4d-589327eb2715)] -> xpath: //p//word], [[FirefoxDriver: firefox on LINUX (358f877c-4143-452f-ab4d-589327eb2715)] -> xpath: //p//word], [[FirefoxDriver: firefox on LINUX (358f877c-4143-452f-ab4d-589327eb2715)] -> xpath: //p//word], [[FirefoxDriver: firefox on LINUX (358f877c-4143-452f-ab4d-589327eb2715)] -> xpath: //p//word], [[FirefoxDriver: firefox on LINUX (358f877c-4143-452f-ab4d-589327eb2715)] -> xpath: //p//word], [[FirefoxDriver: firefox on LINUX (358f877c-4143-452f-ab4d-589327eb2715)] -> xpath: //p//word], [[FirefoxDriver: firefox on LINUX (358f877c-4143-452f-ab4d-589327eb2715)] -> xpath: //p//word], [[FirefoxDriver: firefox on LINUX (358f877c-4143-452f-ab4d-589327eb2715)] -> xpath: //p//word], [[FirefoxDriver: firefox on LINUX (358f877c-4143-452f-ab4d-589327eb2715)] -> xpath: //p//word], [[FirefoxDriver: firefox on LINUX (358f877c-4143-452f-ab4d-589327eb2715)] -> xpath: //p//word], [[FirefoxDriver: firefox on LINUX (358f877c-4143-452f-ab4d-589327eb2715)] -> xpath: //p//word], [[FirefoxDriver: firefox on LINUX (358f877c-4143-452f-ab4d-589327eb2715)] -> xpath: //p//word], [[FirefoxDriver: firefox on LINUX (358f877c-4143-452f-ab4d-589327eb2715)] -> xpath: //p//word], [[FirefoxDriver: firefox on LINUX (358f877c-4143-452f-ab4d-589327eb2715)] -> xpath: //p//word], [[FirefoxDriver: firefox on LINUX (358f877c-4143-452f-ab4d-589327eb2715)] -> xpath: //p//word], [[FirefoxDriver: firefox on LINUX (358f877c-4143-452f-ab4d-589327eb2715)] -> xpath: //p//word], [[FirefoxDriver: firefox on LINUX (358f877c-4143-452f-ab4d-589327eb2715)] -> xpath: //p//word], [[FirefoxDriver: firefox on LINUX (358f877c-4143-452f-ab4d-589327eb2715)] -> xpath: //p//word], [[FirefoxDriver: firefox on LINUX (358f877c-4143-452f-ab4d-589327eb2715)] -> xpath: //p//word], [[FirefoxDriver: firefox on LINUX (358f877c-4143-452f-ab4d-589327eb2715)] -> xpath: //p//word], [[FirefoxDriver: firefox on LINUX (358f877c-4143-452f-ab4d-589327eb2715)] -> xpath: //p//word], [[FirefoxDriver: firefox on LINUX (358f877c-4143-452f-ab4d-589327eb2715)] -> xpath: //p//word], [[FirefoxDriver: firefox on LINUX (358f877c-4143-452f-ab4d-589327eb2715)] -> xpath: //p//word], [[FirefoxDriver: firefox on LINUX (358f877c-4143-452f-ab4d-589327eb2715)] -> xpath: //p//word], [[FirefoxDriver: firefox on LINUX (358f877c-4143-452f-ab4d-589327eb2715)] -> xpath: //p//word], [[FirefoxDriver: firefox on LINUX (358f877c-4143-452f-ab4d-589327eb2715)] -> xpath: //p//word], [[FirefoxDriver: firefox on LINUX (358f877c-4143-452f-ab4d-589327eb2715)] -> xpath: //p//word], [[FirefoxDriver: firefox on LINUX (358f877c-4143-452f-ab4d-589327eb2715)] -> xpath: //p//word], [[FirefoxDriver: firefox on LINUX (358f877c-4143-452f-ab4d-589327eb2715)] -> xpath: //p//word], [[FirefoxDriver: firefox on LINUX (358f877c-4143-452f-ab4d-589327eb2715)] -> xpath: //p//word], [[FirefoxDriver: firefox on LINUX (358f877c-4143-452f-ab4d-589327eb2715)] -> xpath: //p//word], [[FirefoxDriver: firefox on LINUX (358f877c-4143-452f-ab4d-589327eb2715)] -> xpath: //p//word], [[FirefoxDriver: firefox on LINUX (358f877c-4143-452f-ab4d-589327eb2715)] -> xpath: //p//word], [[FirefoxDriver: firefox on LINUX (358f877c-4143-452f-ab4d-589327eb2715)] -> xpath: //p//word], [[FirefoxDriver: firefox on LINUX (358f877c-4143-452f-ab4d-589327eb2715)] -> xpath: //p//word], [[FirefoxDriver: firefox on LINUX (358f877c-4143-452f-ab4d-589327eb2715)] -> xpath: //p//word], [[FirefoxDriver: firefox on LINUX (358f877c-4143-452f-ab4d-589327eb2715)] -> xpath: //p//word], [[FirefoxDriver: firefox on LINUX (358f877c-4143-452f-ab4d-589327eb2715)] -> xpath: //p//word], [[FirefoxDriver: firefox on LINUX (358f877c-4143-452f-ab4d-589327eb2715)] -> xpath: //p//word], [[FirefoxDriver: firefox on LINUX (358f877c-4143-452f-ab4d-589327eb2715)] -> xpath: //p//word], [[FirefoxDriver: firefox on LINUX (358f877c-4143-452f-ab4d-589327eb2715)] -> xpath: //p//word], [[FirefoxDriver: firefox on LINUX (358f877c-4143-452f-ab4d-589327eb2715)] -> xpath: //p//word], [[FirefoxDriver: firefox on LINUX (358f877c-4143-452f-ab4d-589327eb2715)] -> xpath: //p//word], [[FirefoxDriver: firefox on LINUX (358f877c-4143-452f-ab4d-589327eb2715)] -> xpath: //p//word], [[FirefoxDriver: firefox on LINUX (358f877c-4143-452f-ab4d-589327eb2715)] -> xpath: //p//word], [[FirefoxDriver: firefox on LINUX (358f877c-4143-452f-ab4d-589327eb2715)] -> xpath: //p//word], [[FirefoxDriver: firefox on LINUX (358f877c-4143-452f-ab4d-589327eb2715)] -> xpath: //p//word], [[FirefoxDriver: firefox on LINUX (358f877c-4143-452f-ab4d-589327eb2715)] -> xpath: //p//word], [[FirefoxDriver: firefox on LINUX (358f877c-4143-452f-ab4d-589327eb2715)] -> xpath: //p//word], [[FirefoxDriver: firefox on LINUX (358f877c-4143-452f-ab4d-589327eb2715)] -> xpath: //p//word], [[FirefoxDriver: firefox on LINUX (358f877c-4143-452f-ab4d-589327eb2715)] -> xpath: //p//word], [[FirefoxDriver: firefox on LINUX (358f877c-4143-452f-ab4d-589327eb2715)] -> xpath: //p//word], [[FirefoxDriver: firefox on LINUX (358f877c-4143-452f-ab4d-589327eb2715)] -> xpath: //p//word], [[FirefoxDriver: firefox on LINUX (358f877c-4143-452f-ab4d-589327eb2715)] -> xpath: //p//word], [[FirefoxDriver: firefox on LINUX (358f877c-4143-452f-ab4d-589327eb2715)] -> xpath: //p//word], [[FirefoxDriver: firefox on LINUX (358f877c-4143-452f-ab4d-589327eb2715)] -> xpath: //p//word], [[FirefoxDriver: firefox on LINUX (358f877c-4143-452f-ab4d-589327eb2715)] -> xpath: //p//word], [[FirefoxDriver: firefox on LINUX (358f877c-4143-452f-ab4d-589327eb2715)] -> xpath: //p//word], [[FirefoxDriver: firefox on LINUX (358f877c-4143-452f-ab4d-589327eb2715)] -> xpath: //p//word], [[FirefoxDriver: firefox on LINUX (358f877c-4143-452f-ab4d-589327eb2715)] -> xpath: //p//word], [[FirefoxDriver: firefox on LINUX (358f877c-4143-452f-ab4d-589327eb2715)] -> xpath: //p//word], [[FirefoxDriver: firefox on LINUX (358f877c-4143-452f-ab4d-589327eb2715)] -> xpath: //p//word], [[FirefoxDriver: firefox on LINUX (358f877c-4143-452f-ab4d-589327eb2715)] -> xpath: //p//word], [[FirefoxDriver: firefox on LINUX (358f877c-4143-452f-ab4d-589327eb2715)] -> xpath: //p//word], [[FirefoxDriver: firefox on LINUX (358f877c-4143-452f-ab4d-589327eb2715)] -> xpath: //p//word], [[FirefoxDriver: firefox on LINUX (358f877c-4143-452f-ab4d-589327eb2715)] -> xpath: //p//word], [[FirefoxDriver: firefox on LINUX (358f877c-4143-452f-ab4d-589327eb2715)] -> xpath: //p//word], [[FirefoxDriver: firefox on LINUX (358f877c-4143-452f-ab4d-589327eb2715)] -> xpath: //p//word], [[FirefoxDriver: firefox on LINUX (358f877c-4143-452f-ab4d-589327eb2715)] -> xpath: //p//word], [[FirefoxDriver: firefox on LINUX (358f877c-4143-452f-ab4d-589327eb2715)] -> xpath: //p//word], [[FirefoxDriver: firefox on LINUX (358f877c-4143-452f-ab4d-589327eb2715)] -> xpath: //p//word], [[FirefoxDriver: firefox on LINUX (358f877c-4143-452f-ab4d-589327eb2715)] -> xpath: //p//word], [[FirefoxDriver: firefox on LINUX (358f877c-4143-452f-ab4d-589327eb2715)] -> xpath: //p//word], [[FirefoxDriver: firefox on LINUX (358f877c-4143-452f-ab4d-589327eb2715)] -> xpath: //p//word], [[FirefoxDriver: firefox on LINUX (358f877c-4143-452f-ab4d-589327eb2715)] -> xpath: //p//word], [[FirefoxDriver: firefox on LINUX (358f877c-4143-452f-ab4d-589327eb2715)] -> xpath: //p//word], [[FirefoxDriver: firefox on LINUX (358f877c-4143-452f-ab4d-589327eb2715)] -> xpath: //p//word], [[FirefoxDriver: firefox on LINUX (358f877c-4143-452f-ab4d-589327eb2715)] -> xpath: //p//word], [[FirefoxDriver: firefox on LINUX (358f877c-4143-452f-ab4d-589327eb2715)] -> xpath: //p//word], [[FirefoxDriver: firefox on LINUX (358f877c-4143-452f-ab4d-589327eb2715)] -> xpath: //p//word], [[FirefoxDriver: firefox on LINUX (358f877c-4143-452f-ab4d-589327eb2715)] -> xpath: //p//word], [[FirefoxDriver: firefox on LINUX (358f877c-4143-452f-ab4d-589327eb2715)] -> xpath: //p//word], [[FirefoxDriver: firefox on LINUX (358f877c-4143-452f-ab4d-589327eb2715)] -> xpath: //p//word], [[FirefoxDriver: firefox on LINUX (358f877c-4143-452f-ab4d-589327eb2715)] -> xpath: //p//word], [[FirefoxDriver: firefox on LINUX (358f877c-4143-452f-ab4d-589327eb2715)] -> xpath: //p//word], [[FirefoxDriver: firefox on LINUX (358f877c-4143-452f-ab4d-589327eb2715)] -> xpath: //p//word], [[FirefoxDriver: firefox on LINUX (358f877c-4143-452f-ab4d-589327eb2715)] -> xpath: //p//word], [[FirefoxDriver: firefox on LINUX (358f877c-4143-452f-ab4d-589327eb2715)] -> xpath: //p//word], [[FirefoxDriver: firefox on LINUX (358f877c-4143-452f-ab4d-589327eb2715)] -> xpath: //p//word], [[FirefoxDriver: firefox on LINUX (358f877c-4143-452f-ab4d-589327eb2715)] -> xpath: //p//word], [[FirefoxDriver: firefox on LINUX (358f877c-4143-452f-ab4d-589327eb2715)] -> xpath: //p//word], [[FirefoxDriver: firefox on LINUX (358f877c-4143-452f-ab4d-589327eb2715)] -> xpath: //p//word], [[FirefoxDriver: firefox on LINUX (358f877c-4143-452f-ab4d-589327eb2715)] -> xpath: //p//word], [[FirefoxDriver: firefox on LINUX (358f877c-4143-452f-ab4d-589327eb2715)] -> xpath: //p//word], [[FirefoxDriver: firefox on LINUX (358f877c-4143-452f-ab4d-589327eb2715)] -> xpath: //p//word], [[FirefoxDriver: firefox on LINUX (358f877c-4143-452f-ab4d-589327eb2715)] -> xpath: //p//word], [[FirefoxDriver: firefox on LINUX (358f877c-4143-452f-ab4d-589327eb2715)] -> xpath: //p//word], [[FirefoxDriver: firefox on LINUX (358f877c-4143-452f-ab4d-589327eb2715)] -> xpath: //p//word], [[FirefoxDriver: firefox on LINUX (358f877c-4143-452f-ab4d-589327eb2715)] -> xpath: //p//word], [[FirefoxDriver: firefox on LINUX (358f877c-4143-452f-ab4d-589327eb2715)] -> xpath: //p//word], [[FirefoxDriver: firefox on LINUX (358f877c-4143-452f-ab4d-589327eb2715)] -> xpath: //p//word], [[FirefoxDriver: firefox on LINUX (358f877c-4143-452f-ab4d-589327eb2715)] -> xpath: //p//word], [[FirefoxDriver: firefox on LINUX (358f877c-4143-452f-ab4d-589327eb2715)] -> xpath: //p//word], [[FirefoxDriver: firefox on LINUX (358f877c-4143-452f-ab4d-589327eb2715)] -> xpath: //p//word], [[FirefoxDriver: firefox on LINUX (358f877c-4143-452f-ab4d-589327eb2715)] -> xpath: //p//word], [[FirefoxDriver: firefox on LINUX (358f877c-4143-452f-ab4d-589327eb2715)] -> xpath: //p//word], [[FirefoxDriver: firefox on LINUX (358f877c-4143-452f-ab4d-589327eb2715)] -> xpath: //p//word], [[FirefoxDriver: firefox on LINUX (358f877c-4143-452f-ab4d-589327eb2715)] -> xpath: //p//word], [[FirefoxDriver: firefox on LINUX (358f877c-4143-452f-ab4d-589327eb2715)] -> xpath: //p//word], [[FirefoxDriver: firefox on LINUX (358f877c-4143-452f-ab4d-589327eb2715)] -> xpath: //p//word], [[FirefoxDriver: firefox on LINUX (358f877c-4143-452f-ab4d-589327eb2715)] -> xpath: //p//word], [[FirefoxDriver: firefox on LINUX (358f877c-4143-452f-ab4d-589327eb2715)] -> xpath: //p//word], [[FirefoxDriver: firefox on LINUX (358f877c-4143-452f-ab4d-589327eb2715)] -> xpath: //p//word], [[FirefoxDriver: firefox on LINUX (358f877c-4143-452f-ab4d-589327eb2715)] -> xpath: //p//word], [[FirefoxDriver: firefox on LINUX (358f877c-4143-452f-ab4d-589327eb2715)] -> xpath: //p//word], [[FirefoxDriver: firefox on LINUX (358f877c-4143-452f-ab4d-589327eb2715)] -> xpath: //p//word], [[FirefoxDriver: firefox on LINUX (358f877c-4143-452f-ab4d-589327eb2715)] -> xpath: //p//word], [[FirefoxDriver: firefox on LINUX (358f877c-4143-452f-ab4d-589327eb2715)] -> xpath: //p//word], [[FirefoxDriver: firefox on LINUX (358f877c-4143-452f-ab4d-589327eb2715)] -> xpath: //p//word], [[FirefoxDriver: firefox on LINUX (358f877c-4143-452f-ab4d-589327eb2715)] -> xpath: //p//word], [[FirefoxDriver: firefox on LINUX (358f877c-4143-452f-ab4d-589327eb2715)] -> xpath: //p//word], [[FirefoxDriver: firefox on LINUX (358f877c-4143-452f-ab4d-589327eb2715)] -> xpath: //p//word], [[FirefoxDriver: firefox on LINUX (358f877c-4143-452f-ab4d-589327eb2715)] -> xpath: //p//word], [[FirefoxDriver: firefox on LINUX (358f877c-4143-452f-ab4d-589327eb2715)] -> xpath: //p//word], [[FirefoxDriver: firefox on LINUX (358f877c-4143-452f-ab4d-589327eb2715)] -> xpath: //p//word], [[FirefoxDriver: firefox on LINUX (358f877c-4143-452f-ab4d-589327eb2715)] -> xpath: //p//word], [[FirefoxDriver: firefox on LINUX (358f877c-4143-452f-ab4d-589327eb2715)] -> xpath: //p//word], [[FirefoxDriver: firefox on LINUX (358f877c-4143-452f-ab4d-589327eb2715)] -> xpath: //p//word], [[FirefoxDriver: firefox on LINUX (358f877c-4143-452f-ab4d-589327eb2715)] -> xpath: //p//word], [[FirefoxDriver: firefox on LINUX (358f877c-4143-452f-ab4d-589327eb2715)] -> xpath: //p//word], [[FirefoxDriver: firefox on LINUX (358f877c-4143-452f-ab4d-589327eb2715)] -> xpath: //p//word], [[FirefoxDriver: firefox on LINUX (358f877c-4143-452f-ab4d-589327eb2715)] -> xpath: //p//word], [[FirefoxDriver: firefox on LINUX (358f877c-4143-452f-ab4d-589327eb2715)] -> xpath: //p//word], [[FirefoxDriver: firefox on LINUX (358f877c-4143-452f-ab4d-589327eb2715)] -> xpath: //p//word], [[FirefoxDriver: firefox on LINUX (358f877c-4143-452f-ab4d-589327eb2715)] -> xpath: //p//word], [[FirefoxDriver: firefox on LINUX (358f877c-4143-452f-ab4d-589327eb2715)] -> xpath: //p//word], [[FirefoxDriver: firefox on LINUX (358f877c-4143-452f-ab4d-589327eb2715)] -> xpath: //p//word], [[FirefoxDriver: firefox on LINUX (358f877c-4143-452f-ab4d-589327eb2715)] -> xpath: //p//word], [[FirefoxDriver: firefox on LINUX (358f877c-4143-452f-ab4d-589327eb2715)] -> xpath: //p//word], [[FirefoxDriver: firefox on LINUX (358f877c-4143-452f-ab4d-589327eb2715)] -> xpath: //p//word], [[FirefoxDriver: firefox on LINUX (358f877c-4143-452f-ab4d-589327eb2715)] -> xpath: //p//word], [[FirefoxDriver: firefox on LINUX (358f877c-4143-452f-ab4d-589327eb2715)] -> xpath: //p//word], [[FirefoxDriver: firefox on LINUX (358f877c-4143-452f-ab4d-589327eb2715)] -> xpath: //p//word], [[FirefoxDriver: firefox on LINUX (358f877c-4143-452f-ab4d-589327eb2715)] -> xpath: //p//word], [[FirefoxDriver: firefox on LINUX (358f877c-4143-452f-ab4d-589327eb2715)] -> xpath: //p//word], [[FirefoxDriver: firefox on LINUX (358f877c-4143-452f-ab4d-589327eb2715)] -> xpath: //p//word], [[FirefoxDriver: firefox on LINUX (358f877c-4143-452f-ab4d-589327eb2715)] -> xpath: //p//word], [[FirefoxDriver: firefox on LINUX (358f877c-4143-452f-ab4d-589327eb2715)] -> xpath: //p//word], [[FirefoxDriver: firefox on LINUX (358f877c-4143-452f-ab4d-589327eb2715)] -> xpath: //p//word], [[FirefoxDriver: firefox on LINUX (358f877c-4143-452f-ab4d-589327eb2715)] -> xpath: //p//word], [[FirefoxDriver: firefox on LINUX (358f877c-4143-452f-ab4d-589327eb2715)] -> xpath: //p//word], [[FirefoxDriver: firefox on LINUX (358f877c-4143-452f-ab4d-589327eb2715)] -> xpath: //p//word], [[FirefoxDriver: firefox on LINUX (358f877c-4143-452f-ab4d-589327eb2715)] -> xpath: //p//word], [[FirefoxDriver: firefox on LINUX (358f877c-4143-452f-ab4d-589327eb2715)] -> xpath: //p//word], [[FirefoxDriver: firefox on LINUX (358f877c-4143-452f-ab4d-589327eb2715)] -> xpath: //p//word], [[FirefoxDriver: firefox on LINUX (358f877c-4143-452f-ab4d-589327eb2715)] -> xpath: //p//word], [[FirefoxDriver: firefox on LINUX (358f877c-4143-452f-ab4d-589327eb2715)] -> xpath: //p//word], [[FirefoxDriver: firefox on LINUX (358f877c-4143-452f-ab4d-589327eb2715)] -> xpath: //p//word], [[FirefoxDriver: firefox on LINUX (358f877c-4143-452f-ab4d-589327eb2715)] -> xpath: //p//word], [[FirefoxDriver: firefox on LINUX (358f877c-4143-452f-ab4d-589327eb2715)] -> xpath: //p//word], [[FirefoxDriver: firefox on LINUX (358f877c-4143-452f-ab4d-589327eb2715)] -> xpath: //p//word], [[FirefoxDriver: firefox on LINUX (358f877c-4143-452f-ab4d-589327eb2715)] -> xpath: //p//word], [[FirefoxDriver: firefox on LINUX (358f877c-4143-452f-ab4d-589327eb2715)] -> xpath: //p//word], [[FirefoxDriver: firefox on LINUX (358f877c-4143-452f-ab4d-589327eb2715)] -> xpath: //p//word], [[FirefoxDriver: firefox on LINUX (358f877c-4143-452f-ab4d-589327eb2715)] -> xpath: //p//word], [[FirefoxDriver: firefox on LINUX (358f877c-4143-452f-ab4d-589327eb2715)] -> xpath: //p//word], [[FirefoxDriver: firefox on LINUX (358f877c-4143-452f-ab4d-589327eb2715)] -> xpath: //p//word], [[FirefoxDriver: firefox on LINUX (358f877c-4143-452f-ab4d-589327eb2715)] -> xpath: //p//word], [[FirefoxDriver: firefox on LINUX (358f877c-4143-452f-ab4d-589327eb2715)] -> xpath: //p//word], [[FirefoxDriver: firefox on LINUX (358f877c-4143-452f-ab4d-589327eb2715)] -> xpath: //p//word], [[FirefoxDriver: firefox on LINUX (358f877c-4143-452f-ab4d-589327eb2715)] -> xpath: //p//word], [[FirefoxDriver: firefox on LINUX (358f877c-4143-452f-ab4d-589327eb2715)] -> xpath: //p//word], [[FirefoxDriver: firefox on LINUX (358f877c-4143-452f-ab4d-589327eb2715)] -> xpath: //p//word], [[FirefoxDriver: firefox on LINUX (358f877c-4143-452f-ab4d-589327eb2715)] -> xpath: //p//word], [[FirefoxDriver: firefox on LINUX (358f877c-4143-452f-ab4d-589327eb2715)] -> xpath: //p//word], [[FirefoxDriver: firefox on LINUX (358f877c-4143-452f-ab4d-589327eb2715)] -> xpath: //p//word], [[FirefoxDriver: firefox on LINUX (358f877c-4143-452f-ab4d-589327eb2715)] -> xpath: //p//word], [[FirefoxDriver: firefox on LINUX (358f877c-4143-452f-ab4d-589327eb2715)] -> xpath: //p//word], [[FirefoxDriver: firefox on LINUX (358f877c-4143-452f-ab4d-589327eb2715)] -> xpath: //p//word], [[FirefoxDriver: firefox on LINUX (358f877c-4143-452f-ab4d-589327eb2715)] -> xpath: //p//word], [[FirefoxDriver: firefox on LINUX (358f877c-4143-452f-ab4d-589327eb2715)] -> xpath: //p//word], [[FirefoxDriver: firefox on LINUX (358f877c-4143-452f-ab4d-589327eb2715)] -> xpath: //p//word], [[FirefoxDriver: firefox on LINUX (358f877c-4143-452f-ab4d-589327eb2715)] -> xpath: //p//word], [[FirefoxDriver: firefox on LINUX (358f877c-4143-452f-ab4d-589327eb2715)] -> xpath: //p//word], [[FirefoxDriver: firefox on LINUX (358f877c-4143-452f-ab4d-589327eb2715)] -> xpath: //p//word], [[FirefoxDriver: firefox on LINUX (358f877c-4143-452f-ab4d-589327eb2715)] -> xpath: //p//word], [[FirefoxDriver: firefox on LINUX (358f877c-4143-452f-ab4d-589327eb2715)] -> xpath: //p//word], [[FirefoxDriver: firefox on LINUX (358f877c-4143-452f-ab4d-589327eb2715)] -> xpath: //p//word], [[FirefoxDriver: firefox on LINUX (358f877c-4143-452f-ab4d-589327eb2715)] -> xpath: //p//word], [[FirefoxDriver: firefox on LINUX (358f877c-4143-452f-ab4d-589327eb2715)] -> xpath: //p//word], [[FirefoxDriver: firefox on LINUX (358f877c-4143-452f-ab4d-589327eb2715)] -> xpath: //p//word], [[FirefoxDriver: firefox on LINUX (358f877c-4143-452f-ab4d-589327eb2715)] -> xpath: //p//word], [[FirefoxDriver: firefox on LINUX (358f877c-4143-452f-ab4d-589327eb2715)] -> xpath: //p//word], [[FirefoxDriver: firefox on LINUX (358f877c-4143-452f-ab4d-589327eb2715)] -> xpath: //p//word], [[FirefoxDriver: firefox on LINUX (358f877c-4143-452f-ab4d-589327eb2715)] -> xpath: //p//word], [[FirefoxDriver: firefox on LINUX (358f877c-4143-452f-ab4d-589327eb2715)] -> xpath: //p//word], [[FirefoxDriver: firefox on LINUX (358f877c-4143-452f-ab4d-589327eb2715)] -> xpath: //p//word], [[FirefoxDriver: firefox on LINUX (358f877c-4143-452f-ab4d-589327eb2715)] -> xpath: //p//word], [[FirefoxDriver: firefox on LINUX (358f877c-4143-452f-ab4d-589327eb2715)] -> xpath: //p//word], [[FirefoxDriver: firefox on LINUX (358f877c-4143-452f-ab4d-589327eb2715)] -> xpath: //p//word], [[FirefoxDriver: firefox on LINUX (358f877c-4143-452f-ab4d-589327eb2715)] -> xpath: //p//word], [[FirefoxDriver: firefox on LINUX (358f877c-4143-452f-ab4d-589327eb2715)] -> xpath: //p//word], [[FirefoxDriver: firefox on LINUX (358f877c-4143-452f-ab4d-589327eb2715)] -> xpath: //p//word], [[FirefoxDriver: firefox on LINUX (358f877c-4143-452f-ab4d-589327eb2715)] -> xpath: //p//word], [[FirefoxDriver: firefox on LINUX (358f877c-4143-452f-ab4d-589327eb2715)] -> xpath: //p//word], [[FirefoxDriver: firefox on LINUX (358f877c-4143-452f-ab4d-589327eb2715)] -> xpath: //p//word], [[FirefoxDriver: firefox on LINUX (358f877c-4143-452f-ab4d-589327eb2715)] -> xpath: //p//word], [[FirefoxDriver: firefox on LINUX (358f877c-4143-452f-ab4d-589327eb2715)] -> xpath: //p//word], [[FirefoxDriver: firefox on LINUX (358f877c-4143-452f-ab4d-589327eb2715)] -> xpath: //p//word], [[FirefoxDriver: firefox on LINUX (358f877c-4143-452f-ab4d-589327eb2715)] -> xpath: //p//word], [[FirefoxDriver: firefox on LINUX (358f877c-4143-452f-ab4d-589327eb2715)] -> xpath: //p//word], [[FirefoxDriver: firefox on LINUX (358f877c-4143-452f-ab4d-589327eb2715)] -> xpath: //p//word], [[FirefoxDriver: firefox on LINUX (358f877c-4143-452f-ab4d-589327eb2715)] -> xpath: //p//word], [[FirefoxDriver: firefox on LINUX (358f877c-4143-452f-ab4d-589327eb2715)] -> xpath: //p//word], [[FirefoxDriver: firefox on LINUX (358f877c-4143-452f-ab4d-589327eb2715)] -> xpath: //p//word], [[FirefoxDriver: firefox on LINUX (358f877c-4143-452f-ab4d-589327eb2715)] -> xpath: //p//word], [[FirefoxDriver: firefox on LINUX (358f877c-4143-452f-ab4d-589327eb2715)] -> xpath: //p//word], [[FirefoxDriver: firefox on LINUX (358f877c-4143-452f-ab4d-589327eb2715)] -> xpath: //p//word], [[FirefoxDriver: firefox on LINUX (358f877c-4143-452f-ab4d-589327eb2715)] -> xpath: //p//word], [[FirefoxDriver: firefox on LINUX (358f877c-4143-452f-ab4d-589327eb2715)] -> xpath: //p//word], [[FirefoxDriver: firefox on LINUX (358f877c-4143-452f-ab4d-589327eb2715)] -> xpath: //p//word], [[FirefoxDriver: firefox on LINUX (358f877c-4143-452f-ab4d-589327eb2715)] -> xpath: //p//word], [[FirefoxDriver: firefox on LINUX (358f877c-4143-452f-ab4d-589327eb2715)] -> xpath: //p//word], [[FirefoxDriver: firefox on LINUX (358f877c-4143-452f-ab4d-589327eb2715)] -> xpath: //p//word], [[FirefoxDriver: firefox on LINUX (358f877c-4143-452f-ab4d-589327eb2715)] -> xpath: //p//word], [[FirefoxDriver: firefox on LINUX (358f877c-4143-452f-ab4d-589327eb2715)] -> xpath: //p//word], [[FirefoxDriver: firefox on LINUX (358f877c-4143-452f-ab4d-589327eb2715)] -> xpath: //p//word], [[FirefoxDriver: firefox on LINUX (358f877c-4143-452f-ab4d-589327eb2715)] -> xpath: //p//word], [[FirefoxDriver: firefox on LINUX (358f877c-4143-452f-ab4d-589327eb2715)] -> xpath: //p//word], [[FirefoxDriver: firefox on LINUX (358f877c-4143-452f-ab4d-589327eb2715)] -> xpath: //p//word], [[FirefoxDriver: firefox on LINUX (358f877c-4143-452f-ab4d-589327eb2715)] -> xpath: //p//word], [[FirefoxDriver: firefox on LINUX (358f877c-4143-452f-ab4d-589327eb2715)] -> xpath: //p//word], [[FirefoxDriver: firefox on LINUX (358f877c-4143-452f-ab4d-589327eb2715)] -> xpath: //p//word], [[FirefoxDriver: firefox on LINUX (358f877c-4143-452f-ab4d-589327eb2715)] -> xpath: //p//word], [[FirefoxDriver: firefox on LINUX (358f877c-4143-452f-ab4d-589327eb2715)] -> xpath: //p//word], [[FirefoxDriver: firefox on LINUX (358f877c-4143-452f-ab4d-589327eb2715)] -> xpath: //p//word], [[FirefoxDriver: firefox on LINUX (358f877c-4143-452f-ab4d-589327eb2715)] -> xpath: //p//word], [[FirefoxDriver: firefox on LINUX (358f877c-4143-452f-ab4d-589327eb2715)] -> xpath: //p//word], [[FirefoxDriver: firefox on LINUX (358f877c-4143-452f-ab4d-589327eb2715)] -> xpath: //p//word], [[FirefoxDriver: firefox on LINUX (358f877c-4143-452f-ab4d-589327eb2715)] -> xpath: //p//word], [[FirefoxDriver: firefox on LINUX (358f877c-4143-452f-ab4d-589327eb2715)] -> xpath: //p//word], [[FirefoxDriver: firefox on LINUX (358f877c-4143-452f-ab4d-589327eb2715)] -> xpath: //p//word], [[FirefoxDriver: firefox on LINUX (358f877c-4143-452f-ab4d-589327eb2715)] -> xpath: //p//word], [[FirefoxDriver: firefox on LINUX (358f877c-4143-452f-ab4d-589327eb2715)] -> xpath: //p//word], [[FirefoxDriver: firefox on LINUX (358f877c-4143-452f-ab4d-589327eb2715)] -> xpath: //p//word], [[FirefoxDriver: firefox on LINUX (358f877c-4143-452f-ab4d-589327eb2715)] -> xpath: //p//word], [[FirefoxDriver: firefox on LINUX (358f877c-4143-452f-ab4d-589327eb2715)] -> xpath: //p//word], [[FirefoxDriver: firefox on LINUX (358f877c-4143-452f-ab4d-589327eb2715)] -> xpath: //p//word], [[FirefoxDriver: firefox on LINUX (358f877c-4143-452f-ab4d-589327eb2715)] -> xpath: //p//word], [[FirefoxDriver: firefox on LINUX (358f877c-4143-452f-ab4d-589327eb2715)] -> xpath: //p//word], [[FirefoxDriver: firefox on LINUX (358f877c-4143-452f-ab4d-589327eb2715)] -> xpath: //p//word], [[FirefoxDriver: firefox on LINUX (358f877c-4143-452f-ab4d-589327eb2715)] -> xpath: //p//word], [[FirefoxDriver: firefox on LINUX (358f877c-4143-452f-ab4d-589327eb2715)] -> xpath: //p//word], [[FirefoxDriver: firefox on LINUX (358f877c-4143-452f-ab4d-589327eb2715)] -> xpath: //p//word], [[FirefoxDriver: firefox on LINUX (358f877c-4143-452f-ab4d-589327eb2715)] -> xpath: //p//word], [[FirefoxDriver: firefox on LINUX (358f877c-4143-452f-ab4d-589327eb2715)] -> xpath: //p//word], [[FirefoxDriver: firefox on LINUX (358f877c-4143-452f-ab4d-589327eb2715)] -> xpath: //p//word], [[FirefoxDriver: firefox on LINUX (358f877c-4143-452f-ab4d-589327eb2715)] -> xpath: //p//word], [[FirefoxDriver: firefox on LINUX (358f877c-4143-452f-ab4d-589327eb2715)] -> xpath: //p//word], [[FirefoxDriver: firefox on LINUX (358f877c-4143-452f-ab4d-589327eb2715)] -> xpath: //p//word], [[FirefoxDriver: firefox on LINUX (358f877c-4143-452f-ab4d-589327eb2715)] -> xpath: //p//word], [[FirefoxDriver: firefox on LINUX (358f877c-4143-452f-ab4d-589327eb2715)] -> xpath: //p//word], [[FirefoxDriver: firefox on LINUX (358f877c-4143-452f-ab4d-589327eb2715)] -> xpath: //p//word], [[FirefoxDriver: firefox on LINUX (358f877c-4143-452f-ab4d-589327eb2715)] -> xpath: //p//word], [[FirefoxDriver: firefox on LINUX (358f877c-4143-452f-ab4d-589327eb2715)] -> xpath: //p//word], [[FirefoxDriver: firefox on LINUX (358f877c-4143-452f-ab4d-589327eb2715)] -> xpath: //p//word], [[FirefoxDriver: firefox on LINUX (358f877c-4143-452f-ab4d-589327eb2715)] -> xpath: //p//word], [[FirefoxDriver: firefox on LINUX (358f877c-4143-452f-ab4d-589327eb2715)] -> xpath: //p//word], [[FirefoxDriver: firefox on LINUX (358f877c-4143-452f-ab4d-589327eb2715)] -> xpath: //p//word], [[FirefoxDriver: firefox on LINUX (358f877c-4143-452f-ab4d-589327eb2715)] -> xpath: //p//word], [[FirefoxDriver: firefox on LINUX (358f877c-4143-452f-ab4d-589327eb2715)] -> xpath: //p//word], [[FirefoxDriver: firefox on LINUX (358f877c-4143-452f-ab4d-589327eb2715)] -> xpath: //p//word], [[FirefoxDriver: firefox on LINUX (358f877c-4143-452f-ab4d-589327eb2715)] -> xpath: //p//word], [[FirefoxDriver: firefox on LINUX (358f877c-4143-452f-ab4d-589327eb2715)] -> xpath: //p//word], [[FirefoxDriver: firefox on LINUX (358f877c-4143-452f-ab4d-589327eb2715)] -> xpath: //p//word], [[FirefoxDriver: firefox on LINUX (358f877c-4143-452f-ab4d-589327eb2715)] -> xpath: //p//word], [[FirefoxDriver: firefox on LINUX (358f877c-4143-452f-ab4d-589327eb2715)] -> xpath: //p//word], [[FirefoxDriver: firefox on LINUX (358f877c-4143-452f-ab4d-589327eb2715)] -> xpath: //p//word], [[FirefoxDriver: firefox on LINUX (358f877c-4143-452f-ab4d-589327eb2715)] -> xpath: //p//word], [[FirefoxDriver: firefox on LINUX (358f877c-4143-452f-ab4d-589327eb2715)] -> xpath: //p//word], [[FirefoxDriver: firefox on LINUX (358f877c-4143-452f-ab4d-589327eb2715)] -> xpath: //p//word], [[FirefoxDriver: firefox on LINUX (358f877c-4143-452f-ab4d-589327eb2715)] -> xpath: //p//word], [[FirefoxDriver: firefox on LINUX (358f877c-4143-452f-ab4d-589327eb2715)] -> xpath: //p//word], [[FirefoxDriver: firefox on LINUX (358f877c-4143-452f-ab4d-589327eb2715)] -> xpath: //p//word], [[FirefoxDriver: firefox on LINUX (358f877c-4143-452f-ab4d-589327eb2715)] -> xpath: //p//word], [[FirefoxDriver: firefox on LINUX (358f877c-4143-452f-ab4d-589327eb2715)] -> xpath: //p//word], [[FirefoxDriver: firefox on LINUX (358f877c-4143-452f-ab4d-589327eb2715)] -> xpath: //p//word], [[FirefoxDriver: firefox on LINUX (358f877c-4143-452f-ab4d-589327eb2715)] -> xpath: //p//word], [[FirefoxDriver: firefox on LINUX (358f877c-4143-452f-ab4d-589327eb2715)] -> xpath: //p//word], [[FirefoxDriver: firefox on LINUX (358f877c-4143-452f-ab4d-589327eb2715)] -> xpath: //p//word], [[FirefoxDriver: firefox on LINUX (358f877c-4143-452f-ab4d-589327eb2715)] -> xpath: //p//word], [[FirefoxDriver: firefox on LINUX (358f877c-4143-452f-ab4d-589327eb2715)] -> xpath: //p//word], [[FirefoxDriver: firefox on LINUX (358f877c-4143-452f-ab4d-589327eb2715)] -> xpath: //p//word], [[FirefoxDriver: firefox on LINUX (358f877c-4143-452f-ab4d-589327eb2715)] -> xpath: //p//word], [[FirefoxDriver: firefox on LINUX (358f877c-4143-452f-ab4d-589327eb2715)] -> xpath: //p//word], [[FirefoxDriver: firefox on LINUX (358f877c-4143-452f-ab4d-589327eb2715)] -> xpath: //p//word], [[FirefoxDriver: firefox on LINUX (358f877c-4143-452f-ab4d-589327eb2715)] -> xpath: //p//word], [[FirefoxDriver: firefox on LINUX (358f877c-4143-452f-ab4d-589327eb2715)] -> xpath: //p//word], [[FirefoxDriver: firefox on LINUX (358f877c-4143-452f-ab4d-589327eb2715)] -> xpath: //p//word], [[FirefoxDriver: firefox on LINUX (358f877c-4143-452f-ab4d-589327eb2715)] -> xpath: //p//word], [[FirefoxDriver: firefox on LINUX (358f877c-4143-452f-ab4d-589327eb2715)] -> xpath: //p//word], [[FirefoxDriver: firefox on LINUX (358f877c-4143-452f-ab4d-589327eb2715)] -> xpath: //p//word], [[FirefoxDriver: firefox on LINUX (358f877c-4143-452f-ab4d-589327eb2715)] -> xpath: //p//word], [[FirefoxDriver: firefox on LINUX (358f877c-4143-452f-ab4d-589327eb2715)] -> xpath: //p//word], [[FirefoxDriver: firefox on LINUX (358f877c-4143-452f-ab4d-589327eb2715)] -> xpath: //p//word], [[FirefoxDriver: firefox on LINUX (358f877c-4143-452f-ab4d-589327eb2715)] -> xpath: //p//word], [[FirefoxDriver: firefox on LINUX (358f877c-4143-452f-ab4d-589327eb2715)] -> xpath: //p//word], [[FirefoxDriver: firefox on LINUX (358f877c-4143-452f-ab4d-589327eb2715)] -> xpath: //p//word], [[FirefoxDriver: firefox on LINUX (358f877c-4143-452f-ab4d-589327eb2715)] -> xpath: //p//word], [[FirefoxDriver: firefox on LINUX (358f877c-4143-452f-ab4d-589327eb2715)] -> xpath: //p//word], [[FirefoxDriver: firefox on LINUX (358f877c-4143-452f-ab4d-589327eb2715)] -> xpath: //p//word], [[FirefoxDriver: firefox on LINUX (358f877c-4143-452f-ab4d-589327eb2715)] -> xpath: //p//word], [[FirefoxDriver: firefox on LINUX (358f877c-4143-452f-ab4d-589327eb2715)] -> xpath: //p//word], [[FirefoxDriver: firefox on LINUX (358f877c-4143-452f-ab4d-589327eb2715)] -> xpath: //p//word], [[FirefoxDriver: firefox on LINUX (358f877c-4143-452f-ab4d-589327eb2715)] -> xpath: //p//word], [[FirefoxDriver: firefox on LINUX (358f877c-4143-452f-ab4d-589327eb2715)] -> xpath: //p//word], [[FirefoxDriver: firefox on LINUX (358f877c-4143-452f-ab4d-589327eb2715)] -> xpath: //p//word], [[FirefoxDriver: firefox on LINUX (358f877c-4143-452f-ab4d-589327eb2715)] -> xpath: //p//word], [[FirefoxDriver: firefox on LINUX (358f877c-4143-452f-ab4d-589327eb2715)] -> xpath: //p//word], [[FirefoxDriver: firefox on LINUX (358f877c-4143-452f-ab4d-589327eb2715)] -> xpath: //p//word], [[FirefoxDriver: firefox on LINUX (358f877c-4143-452f-ab4d-589327eb2715)] -> xpath: //p//word], [[FirefoxDriver: firefox on LINUX (358f877c-4143-452f-ab4d-589327eb2715)] -> xpath: //p//word], [[FirefoxDriver: firefox on LINUX (358f877c-4143-452f-ab4d-589327eb2715)] -> xpath: //p//word], [[FirefoxDriver: firefox on LINUX (358f877c-4143-452f-ab4d-589327eb2715)] -> xpath: //p//word], [[FirefoxDriver: firefox on LINUX (358f877c-4143-452f-ab4d-589327eb2715)] -> xpath: //p//word], [[FirefoxDriver: firefox on LINUX (358f877c-4143-452f-ab4d-589327eb2715)] -> xpath: //p//word], [[FirefoxDriver: firefox on LINUX (358f877c-4143-452f-ab4d-589327eb2715)] -> xpath: //p//word], [[FirefoxDriver: firefox on LINUX (358f877c-4143-452f-ab4d-589327eb2715)] -> xpath: //p//word], [[FirefoxDriver: firefox on LINUX (358f877c-4143-452f-ab4d-589327eb2715)] -> xpath: //p//word], [[FirefoxDriver: firefox on LINUX (358f877c-4143-452f-ab4d-589327eb2715)] -> xpath: //p//word], [[FirefoxDriver: firefox on LINUX (358f877c-4143-452f-ab4d-589327eb2715)] -> xpath: //p//word], [[FirefoxDriver: firefox on LINUX (358f877c-4143-452f-ab4d-589327eb2715)] -> xpath: //p//word], [[FirefoxDriver: firefox on LINUX (358f877c-4143-452f-ab4d-589327eb2715)] -> xpath: //p//word], [[FirefoxDriver: firefox on LINUX (358f877c-4143-452f-ab4d-589327eb2715)] -> xpath: //p//word], [[FirefoxDriver: firefox on LINUX (358f877c-4143-452f-ab4d-589327eb2715)] -> xpath: //p//word], [[FirefoxDriver: firefox on LINUX (358f877c-4143-452f-ab4d-589327eb2715)] -> xpath: //p//word], [[FirefoxDriver: firefox on LINUX (358f877c-4143-452f-ab4d-589327eb2715)] -> xpath: //p//word], [[FirefoxDriver: firefox on LINUX (358f877c-4143-452f-ab4d-589327eb2715)] -> xpath: //p//word], [[FirefoxDriver: firefox on LINUX (358f877c-4143-452f-ab4d-589327eb2715)] -> xpath: //p//word], [[FirefoxDriver: firefox on LINUX (358f877c-4143-452f-ab4d-589327eb2715)] -> xpath: //p//word], [[FirefoxDriver: firefox on LINUX (358f877c-4143-452f-ab4d-589327eb2715)] -> xpath: //p//word], [[FirefoxDriver: firefox on LINUX (358f877c-4143-452f-ab4d-589327eb2715)] -> xpath: //p//word], [[FirefoxDriver: firefox on LINUX (358f877c-4143-452f-ab4d-589327eb2715)] -> xpath: //p//word], [[FirefoxDriver: firefox on LINUX (358f877c-4143-452f-ab4d-589327eb2715)] -> xpath: //p//word], [[FirefoxDriver: firefox on LINUX (358f877c-4143-452f-ab4d-589327eb2715)] -> xpath: //p//word], [[FirefoxDriver: firefox on LINUX (358f877c-4143-452f-ab4d-589327eb2715)] -> xpath: //p//word], [[FirefoxDriver: firefox on LINUX (358f877c-4143-452f-ab4d-589327eb2715)] -> xpath: //p//word], [[FirefoxDriver: firefox on LINUX (358f877c-4143-452f-ab4d-589327eb2715)] -> xpath: //p//word], [[FirefoxDriver: firefox on LINUX (358f877c-4143-452f-ab4d-589327eb2715)] -> xpath: //p//word], [[FirefoxDriver: firefox on LINUX (358f877c-4143-452f-ab4d-589327eb2715)] -> xpath: //p//word], [[FirefoxDriver: firefox on LINUX (358f877c-4143-452f-ab4d-589327eb2715)] -> xpath: //p//word], [[FirefoxDriver: firefox on LINUX (358f877c-4143-452f-ab4d-589327eb2715)] -> xpath: //p//word], [[FirefoxDriver: firefox on LINUX (358f877c-4143-452f-ab4d-589327eb2715)] -> xpath: //p//word], [[FirefoxDriver: firefox on LINUX (358f877c-4143-452f-ab4d-589327eb2715)] -> xpath: //p//word], [[FirefoxDriver: firefox on LINUX (358f877c-4143-452f-ab4d-589327eb2715)] -> xpath: //p//word], [[FirefoxDriver: firefox on LINUX (358f877c-4143-452f-ab4d-589327eb2715)] -> xpath: //p//word], [[FirefoxDriver: firefox on LINUX (358f877c-4143-452f-ab4d-589327eb2715)] -> xpath: //p//word], [[FirefoxDriver: firefox on LINUX (358f877c-4143-452f-ab4d-589327eb2715)] -> xpath: //p//word], [[FirefoxDriver: firefox on LINUX (358f877c-4143-452f-ab4d-589327eb2715)] -> xpath: //p//word], [[FirefoxDriver: firefox on LINUX (358f877c-4143-452f-ab4d-589327eb2715)] -> xpath: //p//word], [[FirefoxDriver: firefox on LINUX (358f877c-4143-452f-ab4d-589327eb2715)] -> xpath: //p//word], [[FirefoxDriver: firefox on LINUX (358f877c-4143-452f-ab4d-589327eb2715)] -> xpath: //p//word], [[FirefoxDriver: firefox on LINUX (358f877c-4143-452f-ab4d-589327eb2715)] -> xpath: //p//word], [[FirefoxDriver: firefox on LINUX (358f877c-4143-452f-ab4d-589327eb2715)] -> xpath: //p//word], [[FirefoxDriver: firefox on LINUX (358f877c-4143-452f-ab4d-589327eb2715)] -> xpath: //p//word], [[FirefoxDriver: firefox on LINUX (358f877c-4143-452f-ab4d-589327eb2715)] -> xpath: //p//word], [[FirefoxDriver: firefox on LINUX (358f877c-4143-452f-ab4d-589327eb2715)] -> xpath: //p//word], [[FirefoxDriver: firefox on LINUX (358f877c-4143-452f-ab4d-589327eb2715)] -> xpath: //p//word], [[FirefoxDriver: firefox on LINUX (358f877c-4143-452f-ab4d-589327eb2715)] -> xpath: //p//word], [[FirefoxDriver: firefox on LINUX (358f877c-4143-452f-ab4d-589327eb2715)] -> xpath: //p//word], [[FirefoxDriver: firefox on LINUX (358f877c-4143-452f-ab4d-589327eb2715)] -> xpath: //p//word], [[FirefoxDriver: firefox on LINUX (358f877c-4143-452f-ab4d-589327eb2715)] -> xpath: //p//word], [[FirefoxDriver: firefox on LINUX (358f877c-4143-452f-ab4d-589327eb2715)] -> xpath: //p//word], [[FirefoxDriver: firefox on LINUX (358f877c-4143-452f-ab4d-589327eb2715)] -> xpath: //p//word], [[FirefoxDriver: firefox on LINUX (358f877c-4143-452f-ab4d-589327eb2715)] -> xpath: //p//word], [[FirefoxDriver: firefox on LINUX (358f877c-4143-452f-ab4d-589327eb2715)] -> xpath: //p//word], [[FirefoxDriver: firefox on LINUX (358f877c-4143-452f-ab4d-589327eb2715)] -> xpath: //p//word], [[FirefoxDriver: firefox on LINUX (358f877c-4143-452f-ab4d-589327eb2715)] -> xpath: //p//word], [[FirefoxDriver: firefox on LINUX (358f877c-4143-452f-ab4d-589327eb2715)] -> xpath: //p//word], [[FirefoxDriver: firefox on LINUX (358f877c-4143-452f-ab4d-589327eb2715)] -> xpath: //p//word], [[FirefoxDriver: firefox on LINUX (358f877c-4143-452f-ab4d-589327eb2715)] -> xpath: //p//word], [[FirefoxDriver: firefox on LINUX (358f877c-4143-452f-ab4d-589327eb2715)] -> xpath: //p//word], [[FirefoxDriver: firefox on LINUX (358f877c-4143-452f-ab4d-589327eb2715)] -> xpath: //p//word], [[FirefoxDriver: firefox on LINUX (358f877c-4143-452f-ab4d-589327eb2715)] -> xpath: //p//word], [[FirefoxDriver: firefox on LINUX (358f877c-4143-452f-ab4d-589327eb2715)] -> xpath: //p//word], [[FirefoxDriver: firefox on LINUX (358f877c-4143-452f-ab4d-589327eb2715)] -> xpath: //p//word], [[FirefoxDriver: firefox on LINUX (358f877c-4143-452f-ab4d-589327eb2715)] -> xpath: //p//word], [[FirefoxDriver: firefox on LINUX (358f877c-4143-452f-ab4d-589327eb2715)] -> xpath: //p//word], [[FirefoxDriver: firefox on LINUX (358f877c-4143-452f-ab4d-589327eb2715)] -> xpath: //p//word], [[FirefoxDriver: firefox on LINUX (358f877c-4143-452f-ab4d-589327eb2715)] -> xpath: //p//word], [[FirefoxDriver: firefox on LINUX (358f877c-4143-452f-ab4d-589327eb2715)] -> xpath: //p//word], [[FirefoxDriver: firefox on LINUX (358f877c-4143-452f-ab4d-589327eb2715)] -> xpath: //p//word], [[FirefoxDriver: firefox on LINUX (358f877c-4143-452f-ab4d-589327eb2715)] -> xpath: //p//word], [[FirefoxDriver: firefox on LINUX (358f877c-4143-452f-ab4d-589327eb2715)] -> xpath: //p//word], [[FirefoxDriver: firefox on LINUX (358f877c-4143-452f-ab4d-589327eb2715)] -> xpath: //p//word], [[FirefoxDriver: firefox on LINUX (358f877c-4143-452f-ab4d-589327eb2715)] -> xpath: //p//word], [[FirefoxDriver: firefox on LINUX (358f877c-4143-452f-ab4d-589327eb2715)] -> xpath: //p//word], [[FirefoxDriver: firefox on LINUX (358f877c-4143-452f-ab4d-589327eb2715)] -> xpath: //p//word], [[FirefoxDriver: firefox on LINUX (358f877c-4143-452f-ab4d-589327eb2715)] -> xpath: //p//word], [[FirefoxDriver: firefox on LINUX (358f877c-4143-452f-ab4d-589327eb2715)] -> xpath: //p//word], [[FirefoxDriver: firefox on LINUX (358f877c-4143-452f-ab4d-589327eb2715)] -> xpath: //p//word], [[FirefoxDriver: firefox on LINUX (358f877c-4143-452f-ab4d-589327eb2715)] -> xpath: //p//word], [[FirefoxDriver: firefox on LINUX (358f877c-4143-452f-ab4d-589327eb2715)] -> xpath: //p//word], [[FirefoxDriver: firefox on LINUX (358f877c-4143-452f-ab4d-589327eb2715)] -> xpath: //p//word], [[FirefoxDriver: firefox on LINUX (358f877c-4143-452f-ab4d-589327eb2715)] -> xpath: //p//word], [[FirefoxDriver: firefox on LINUX (358f877c-4143-452f-ab4d-589327eb2715)] -> xpath: //p//word], [[FirefoxDriver: firefox on LINUX (358f877c-4143-452f-ab4d-589327eb2715)] -> xpath: //p//word], [[FirefoxDriver: firefox on LINUX (358f877c-4143-452f-ab4d-589327eb2715)] -> xpath: //p//word], [[FirefoxDriver: firefox on LINUX (358f877c-4143-452f-ab4d-589327eb2715)] -> xpath: //p//word], [[FirefoxDriver: firefox on LINUX (358f877c-4143-452f-ab4d-589327eb2715)] -> xpath: //p//word], [[FirefoxDriver: firefox on LINUX (358f877c-4143-452f-ab4d-589327eb2715)] -> xpath: //p//word], [[FirefoxDriver: firefox on LINUX (358f877c-4143-452f-ab4d-589327eb2715)] -> xpath: //p//word], [[FirefoxDriver: firefox on LINUX (358f877c-4143-452f-ab4d-589327eb2715)] -> xpath: //p//word], [[FirefoxDriver: firefox on LINUX (358f877c-4143-452f-ab4d-589327eb2715)] -> xpath: //p//word], [[FirefoxDriver: firefox on LINUX (358f877c-4143-452f-ab4d-589327eb2715)] -> xpath: //p//word], [[FirefoxDriver: firefox on LINUX (358f877c-4143-452f-ab4d-589327eb2715)] -> xpath: //p//word], [[FirefoxDriver: firefox on LINUX (358f877c-4143-452f-ab4d-589327eb2715)] -> xpath: //p//word], [[FirefoxDriver: firefox on LINUX (358f877c-4143-452f-ab4d-589327eb2715)] -> xpath: //p//word], [[FirefoxDriver: firefox on LINUX (358f877c-4143-452f-ab4d-589327eb2715)] -> xpath: //p//word], [[FirefoxDriver: firefox on LINUX (358f877c-4143-452f-ab4d-589327eb2715)] -> xpath: //p//word], [[FirefoxDriver: firefox on LINUX (358f877c-4143-452f-ab4d-589327eb2715)] -> xpath: //p//word], [[FirefoxDriver: firefox on LINUX (358f877c-4143-452f-ab4d-589327eb2715)] -> xpath: //p//word], [[FirefoxDriver: firefox on LINUX (358f877c-4143-452f-ab4d-589327eb2715)] -> xpath: //p//word], [[FirefoxDriver: firefox on LINUX (358f877c-4143-452f-ab4d-589327eb2715)] -> xpath: //p//word], [[FirefoxDriver: firefox on LINUX (358f877c-4143-452f-ab4d-589327eb2715)] -> xpath: //p//word], [[FirefoxDriver: firefox on LINUX (358f877c-4143-452f-ab4d-589327eb2715)] -> xpath: //p//word], [[FirefoxDriver: firefox on LINUX (358f877c-4143-452f-ab4d-589327eb2715)] -> xpath: //p//word], [[FirefoxDriver: firefox on LINUX (358f877c-4143-452f-ab4d-589327eb2715)] -> xpath: //p//word], [[FirefoxDriver: firefox on LINUX (358f877c-4143-452f-ab4d-589327eb2715)] -> xpath: //p//word], [[FirefoxDriver: firefox on LINUX (358f877c-4143-452f-ab4d-589327eb2715)] -> xpath: //p//word], [[FirefoxDriver: firefox on LINUX (358f877c-4143-452f-ab4d-589327eb2715)] -> xpath: //p//word], [[FirefoxDriver: firefox on LINUX (358f877c-4143-452f-ab4d-589327eb2715)] -> xpath: //p//word], [[FirefoxDriver: firefox on LINUX (358f877c-4143-452f-ab4d-589327eb2715)] -> xpath: //p//word], [[FirefoxDriver: firefox on LINUX (358f877c-4143-452f-ab4d-589327eb2715)] -> xpath: //p//word], [[FirefoxDriver: firefox on LINUX (358f877c-4143-452f-ab4d-589327eb2715)] -> xpath: //p//word], [[FirefoxDriver: firefox on LINUX (358f877c-4143-452f-ab4d-589327eb2715)] -> xpath: //p//word], [[FirefoxDriver: firefox on LINUX (358f877c-4143-452f-ab4d-589327eb2715)] -> xpath: //p//word], [[FirefoxDriver: firefox on LINUX (358f877c-4143-452f-ab4d-589327eb2715)] -> xpath: //p//word], [[FirefoxDriver: firefox on LINUX (358f877c-4143-452f-ab4d-589327eb2715)] -> xpath: //p//word], [[FirefoxDriver: firefox on LINUX (358f877c-4143-452f-ab4d-589327eb2715)] -> xpath: //p//word], [[FirefoxDriver: firefox on LINUX (358f877c-4143-452f-ab4d-589327eb2715)] -> xpath: //p//word], [[FirefoxDriver: firefox on LINUX (358f877c-4143-452f-ab4d-589327eb2715)] -> xpath: //p//word], [[FirefoxDriver: firefox on LINUX (358f877c-4143-452f-ab4d-589327eb2715)] -> xpath: //p//word], [[FirefoxDriver: firefox on LINUX (358f877c-4143-452f-ab4d-589327eb2715)] -> xpath: //p//word], [[FirefoxDriver: firefox on LINUX (358f877c-4143-452f-ab4d-589327eb2715)] -> xpath: //p//word], [[FirefoxDriver: firefox on LINUX (358f877c-4143-452f-ab4d-589327eb2715)] -> xpath: //p//word], [[FirefoxDriver: firefox on LINUX (358f877c-4143-452f-ab4d-589327eb2715)] -> xpath: //p//word], [[FirefoxDriver: firefox on LINUX (358f877c-4143-452f-ab4d-589327eb2715)] -> xpath: //p//word], [[FirefoxDriver: firefox on LINUX (358f877c-4143-452f-ab4d-589327eb2715)] -> xpath: //p//word], [[FirefoxDriver: firefox on LINUX (358f877c-4143-452f-ab4d-589327eb2715)] -> xpath: //p//word], [[FirefoxDriver: firefox on LINUX (358f877c-4143-452f-ab4d-589327eb2715)] -> xpath: //p//word], [[FirefoxDriver: firefox on LINUX (358f877c-4143-452f-ab4d-589327eb2715)] -> xpath: //p//word], [[FirefoxDriver: firefox on LINUX (358f877c-4143-452f-ab4d-589327eb2715)] -> xpath: //p//word], [[FirefoxDriver: firefox on LINUX (358f877c-4143-452f-ab4d-589327eb2715)] -> xpath: //p//word], [[FirefoxDriver: firefox on LINUX (358f877c-4143-452f-ab4d-589327eb2715)] -> xpath: //p//word], [[FirefoxDriver: firefox on LINUX (358f877c-4143-452f-ab4d-589327eb2715)] -> xpath: //p//word], [[FirefoxDriver: firefox on LINUX (358f877c-4143-452f-ab4d-589327eb2715)] -> xpath: //p//word], [[FirefoxDriver: firefox on LINUX (358f877c-4143-452f-ab4d-589327eb2715)] -> xpath: //p//word], [[FirefoxDriver: firefox on LINUX (358f877c-4143-452f-ab4d-589327eb2715)] -> xpath: //p//word], [[FirefoxDriver: firefox on LINUX (358f877c-4143-452f-ab4d-589327eb2715)] -> xpath: //p//word], [[FirefoxDriver: firefox on LINUX (358f877c-4143-452f-ab4d-589327eb2715)] -> xpath: //p//word], [[FirefoxDriver: firefox on LINUX (358f877c-4143-452f-ab4d-589327eb2715)] -> xpath: //p//word], [[FirefoxDriver: firefox on LINUX (358f877c-4143-452f-ab4d-589327eb2715)] -> xpath: //p//word], [[FirefoxDriver: firefox on LINUX (358f877c-4143-452f-ab4d-589327eb2715)] -> xpath: //p//word], [[FirefoxDriver: firefox on LINUX (358f877c-4143-452f-ab4d-589327eb2715)] -> xpath: //p//word], [[FirefoxDriver: firefox on LINUX (358f877c-4143-452f-ab4d-589327eb2715)] -> xpath: //p//word], [[FirefoxDriver: firefox on LINUX (358f877c-4143-452f-ab4d-589327eb2715)] -> xpath: //p//word], [[FirefoxDriver: firefox on LINUX (358f877c-4143-452f-ab4d-589327eb2715)] -> xpath: //p//word], [[FirefoxDriver: firefox on LINUX (358f877c-4143-452f-ab4d-589327eb2715)] -> xpath: //p//word], [[FirefoxDriver: firefox on LINUX (358f877c-4143-452f-ab4d-589327eb2715)] -> xpath: //p//word], [[FirefoxDriver: firefox on LINUX (358f877c-4143-452f-ab4d-589327eb2715)] -> xpath: //p//word], [[FirefoxDriver: firefox on LINUX (358f877c-4143-452f-ab4d-589327eb2715)] -> xpath: //p//word], [[FirefoxDriver: firefox on LINUX (358f877c-4143-452f-ab4d-589327eb2715)] -> xpath: //p//word], [[FirefoxDriver: firefox on LINUX (358f877c-4143-452f-ab4d-589327eb2715)] -> xpath: //p//word], [[FirefoxDriver: firefox on LINUX (358f877c-4143-452f-ab4d-589327eb2715)] -> xpath: //p//word], [[FirefoxDriver: firefox on LINUX (358f877c-4143-452f-ab4d-589327eb2715)] -> xpath: //p//word], [[FirefoxDriver: firefox on LINUX (358f877c-4143-452f-ab4d-589327eb2715)] -> xpath: //p//word], [[FirefoxDriver: firefox on LINUX (358f877c-4143-452f-ab4d-589327eb2715)] -> xpath: //p//word], [[FirefoxDriver: firefox on LINUX (358f877c-4143-452f-ab4d-589327eb2715)] -> xpath: //p//word], [[FirefoxDriver: firefox on LINUX (358f877c-4143-452f-ab4d-589327eb2715)] -> xpath: //p//word], [[FirefoxDriver: firefox on LINUX (358f877c-4143-452f-ab4d-589327eb2715)] -> xpath: //p//word], [[FirefoxDriver: firefox on LINUX (358f877c-4143-452f-ab4d-589327eb2715)] -> xpath: //p//word], [[FirefoxDriver: firefox on LINUX (358f877c-4143-452f-ab4d-589327eb2715)] -> xpath: //p//word], [[FirefoxDriver: firefox on LINUX (358f877c-4143-452f-ab4d-589327eb2715)] -> xpath: //p//word], [[FirefoxDriver: firefox on LINUX (358f877c-4143-452f-ab4d-589327eb2715)] -> xpath: //p//word], [[FirefoxDriver: firefox on LINUX (358f877c-4143-452f-ab4d-589327eb2715)] -> xpath: //p//word], [[FirefoxDriver: firefox on LINUX (358f877c-4143-452f-ab4d-589327eb2715)] -> xpath: //p//word], [[FirefoxDriver: firefox on LINUX (358f877c-4143-452f-ab4d-589327eb2715)] -> xpath: //p//word], [[FirefoxDriver: firefox on LINUX (358f877c-4143-452f-ab4d-589327eb2715)] -> xpath: //p//word], [[FirefoxDriver: firefox on LINUX (358f877c-4143-452f-ab4d-589327eb2715)] -> xpath: //p//word], [[FirefoxDriver: firefox on LINUX (358f877c-4143-452f-ab4d-589327eb2715)] -> xpath: //p//word], [[FirefoxDriver: firefox on LINUX (358f877c-4143-452f-ab4d-589327eb2715)] -> xpath: //p//word], [[FirefoxDriver: firefox on LINUX (358f877c-4143-452f-ab4d-589327eb2715)] -> xpath: //p//word], [[FirefoxDriver: firefox on LINUX (358f877c-4143-452f-ab4d-589327eb2715)] -> xpath: //p//word], [[FirefoxDriver: firefox on LINUX (358f877c-4143-452f-ab4d-589327eb2715)] -> xpath: //p//word], [[FirefoxDriver: firefox on LINUX (358f877c-4143-452f-ab4d-589327eb2715)] -> xpath: //p//word], [[FirefoxDriver: firefox on LINUX (358f877c-4143-452f-ab4d-589327eb2715)] -> xpath: //p//word], [[FirefoxDriver: firefox on LINUX (358f877c-4143-452f-ab4d-589327eb2715)] -> xpath: //p//word], [[FirefoxDriver: firefox on LINUX (358f877c-4143-452f-ab4d-589327eb2715)] -> xpath: //p//word], [[FirefoxDriver: firefox on LINUX (358f877c-4143-452f-ab4d-589327eb2715)] -> xpath: //p//word], [[FirefoxDriver: firefox on LINUX (358f877c-4143-452f-ab4d-589327eb2715)] -> xpath: //p//word], [[FirefoxDriver: firefox on LINUX (358f877c-4143-452f-ab4d-589327eb2715)] -> xpath: //p//word], [[FirefoxDriver: firefox on LINUX (358f877c-4143-452f-ab4d-589327eb2715)] -> xpath: //p//word], [[FirefoxDriver: firefox on LINUX (358f877c-4143-452f-ab4d-589327eb2715)] -> xpath: //p//word], [[FirefoxDriver: firefox on LINUX (358f877c-4143-452f-ab4d-589327eb2715)] -> xpath: //p//word], [[FirefoxDriver: firefox on LINUX (358f877c-4143-452f-ab4d-589327eb2715)] -> xpath: //p//word], [[FirefoxDriver: firefox on LINUX (358f877c-4143-452f-ab4d-589327eb2715)] -> xpath: //p//word], [[FirefoxDriver: firefox on LINUX (358f877c-4143-452f-ab4d-589327eb2715)] -> xpath: //p//word], [[FirefoxDriver: firefox on LINUX (358f877c-4143-452f-ab4d-589327eb2715)] -> xpath: //p//word], [[FirefoxDriver: firefox on LINUX (358f877c-4143-452f-ab4d-589327eb2715)] -> xpath: //p//word], [[FirefoxDriver: firefox on LINUX (358f877c-4143-452f-ab4d-589327eb2715)] -> xpath: //p//word], [[FirefoxDriver: firefox on LINUX (358f877c-4143-452f-ab4d-589327eb2715)] -> xpath: //p//word], [[FirefoxDriver: firefox on LINUX (358f877c-4143-452f-ab4d-589327eb2715)] -> xpath: //p//word], [[FirefoxDriver: firefox on LINUX (358f877c-4143-452f-ab4d-589327eb2715)] -> xpath: //p//word], [[FirefoxDriver: firefox on LINUX (358f877c-4143-452f-ab4d-589327eb2715)] -> xpath: //p//word], [[FirefoxDriver: firefox on LINUX (358f877c-4143-452f-ab4d-589327eb2715)] -> xpath: //p//word], [[FirefoxDriver: firefox on LINUX (358f877c-4143-452f-ab4d-589327eb2715)] -> xpath: //p//word], [[FirefoxDriver: firefox on LINUX (358f877c-4143-452f-ab4d-589327eb2715)] -> xpath: //p//word], [[FirefoxDriver: firefox on LINUX (358f877c-4143-452f-ab4d-589327eb2715)] -> xpath: //p//word], [[FirefoxDriver: firefox on LINUX (358f877c-4143-452f-ab4d-589327eb2715)] -> xpath: //p//word], [[FirefoxDriver: firefox on LINUX (358f877c-4143-452f-ab4d-589327eb2715)] -> xpath: //p//word], [[FirefoxDriver: firefox on LINUX (358f877c-4143-452f-ab4d-589327eb2715)] -> xpath: //p//word], [[FirefoxDriver: firefox on LINUX (358f877c-4143-452f-ab4d-589327eb2715)] -> xpath: //p//word], [[FirefoxDriver: firefox on LINUX (358f877c-4143-452f-ab4d-589327eb2715)] -> xpath: //p//word], [[FirefoxDriver: firefox on LINUX (358f877c-4143-452f-ab4d-589327eb2715)] -> xpath: //p//word], [[FirefoxDriver: firefox on LINUX (358f877c-4143-452f-ab4d-589327eb2715)] -> xpath: //p//word], [[FirefoxDriver: firefox on LINUX (358f877c-4143-452f-ab4d-589327eb2715)] -> xpath: //p//word], [[FirefoxDriver: firefox on LINUX (358f877c-4143-452f-ab4d-589327eb2715)] -> xpath: //p//word], [[FirefoxDriver: firefox on LINUX (358f877c-4143-452f-ab4d-589327eb2715)] -> xpath: //p//word], [[FirefoxDriver: firefox on LINUX (358f877c-4143-452f-ab4d-589327eb2715)] -> xpath: //p//word], [[FirefoxDriver: firefox on LINUX (358f877c-4143-452f-ab4d-589327eb2715)] -> xpath: //p//word], [[FirefoxDriver: firefox on LINUX (358f877c-4143-452f-ab4d-589327eb2715)] -> xpath: //p//word], [[FirefoxDriver: firefox on LINUX (358f877c-4143-452f-ab4d-589327eb2715)] -> xpath: //p//word], [[FirefoxDriver: firefox on LINUX (358f877c-4143-452f-ab4d-589327eb2715)] -> xpath: //p//word], [[FirefoxDriver: firefox on LINUX (358f877c-4143-452f-ab4d-589327eb2715)] -> xpath: //p//word], [[FirefoxDriver: firefox on LINUX (358f877c-4143-452f-ab4d-589327eb2715)] -> xpath: //p//word], [[FirefoxDriver: firefox on LINUX (358f877c-4143-452f-ab4d-589327eb2715)] -> xpath: //p//word], [[FirefoxDriver: firefox on LINUX (358f877c-4143-452f-ab4d-589327eb2715)] -> xpath: //p//word], [[FirefoxDriver: firefox on LINUX (358f877c-4143-452f-ab4d-589327eb2715)] -> xpath: //p//word], [[FirefoxDriver: firefox on LINUX (358f877c-4143-452f-ab4d-589327eb2715)] -> xpath: //p//word], [[FirefoxDriver: firefox on LINUX (358f877c-4143-452f-ab4d-589327eb2715)] -> xpath: //p//word], [[FirefoxDriver: firefox on LINUX (358f877c-4143-452f-ab4d-589327eb2715)] -> xpath: //p//word], [[FirefoxDriver: firefox on LINUX (358f877c-4143-452f-ab4d-589327eb2715)] -> xpath: //p//word], [[FirefoxDriver: firefox on LINUX (358f877c-4143-452f-ab4d-589327eb2715)] -> xpath: //p//word], [[FirefoxDriver: firefox on LINUX (358f877c-4143-452f-ab4d-589327eb2715)] -> xpath: //p//word], [[FirefoxDriver: firefox on LINUX (358f877c-4143-452f-ab4d-589327eb2715)] -> xpath: //p//word], [[FirefoxDriver: firefox on LINUX (358f877c-4143-452f-ab4d-589327eb2715)] -> xpath: //p//word], [[FirefoxDriver: firefox on LINUX (358f877c-4143-452f-ab4d-589327eb2715)] -> xpath: //p//word], [[FirefoxDriver: firefox on LINUX (358f877c-4143-452f-ab4d-589327eb2715)] -> xpath: //p//word], [[FirefoxDriver: firefox on LINUX (358f877c-4143-452f-ab4d-589327eb2715)] -> xpath: //p//word], [[FirefoxDriver: firefox on LINUX (358f877c-4143-452f-ab4d-589327eb2715)] -> xpath: //p//word], [[FirefoxDriver: firefox on LINUX (358f877c-4143-452f-ab4d-589327eb2715)] -> xpath: //p//word], [[FirefoxDriver: firefox on LINUX (358f877c-4143-452f-ab4d-589327eb2715)] -> xpath: //p//word], [[FirefoxDriver: firefox on LINUX (358f877c-4143-452f-ab4d-589327eb2715)] -> xpath: //p//word], [[FirefoxDriver: firefox on LINUX (358f877c-4143-452f-ab4d-589327eb2715)] -> xpath: //p//word], [[FirefoxDriver: firefox on LINUX (358f877c-4143-452f-ab4d-589327eb2715)] -> xpath: //p//word], [[FirefoxDriver: firefox on LINUX (358f877c-4143-452f-ab4d-589327eb2715)] -> xpath: //p//word], [[FirefoxDriver: firefox on LINUX (358f877c-4143-452f-ab4d-589327eb2715)] -> xpath: //p//word], [[FirefoxDriver: firefox on LINUX (358f877c-4143-452f-ab4d-589327eb2715)] -> xpath: //p//word], [[FirefoxDriver: firefox on LINUX (358f877c-4143-452f-ab4d-589327eb2715)] -> xpath: //p//word], [[FirefoxDriver: firefox on LINUX (358f877c-4143-452f-ab4d-589327eb2715)] -> xpath: //p//word], [[FirefoxDriver: firefox on LINUX (358f877c-4143-452f-ab4d-589327eb2715)] -> xpath: //p//word], [[FirefoxDriver: firefox on LINUX (358f877c-4143-452f-ab4d-589327eb2715)] -> xpath: //p//word], [[FirefoxDriver: firefox on LINUX (358f877c-4143-452f-ab4d-589327eb2715)] -> xpath: //p//word], [[FirefoxDriver: firefox on LINUX (358f877c-4143-452f-ab4d-589327eb2715)] -> xpath: //p//word], [[FirefoxDriver: firefox on LINUX (358f877c-4143-452f-ab4d-589327eb2715)] -> xpath: //p//word], [[FirefoxDriver: firefox on LINUX (358f877c-4143-452f-ab4d-589327eb2715)] -> xpath: //p//word], [[FirefoxDriver: firefox on LINUX (358f877c-4143-452f-ab4d-589327eb2715)] -> xpath: //p//word], [[FirefoxDriver: firefox on LINUX (358f877c-4143-452f-ab4d-589327eb2715)] -> xpath: //p//word], [[FirefoxDriver: firefox on LINUX (358f877c-4143-452f-ab4d-589327eb2715)] -> xpath: //p//word], [[FirefoxDriver: firefox on LINUX (358f877c-4143-452f-ab4d-589327eb2715)] -> xpath: //p//word], [[FirefoxDriver: firefox on LINUX (358f877c-4143-452f-ab4d-589327eb2715)] -> xpath: //p//word], [[FirefoxDriver: firefox on LINUX (358f877c-4143-452f-ab4d-589327eb2715)] -> xpath: //p//word], [[FirefoxDriver: firefox on LINUX (358f877c-4143-452f-ab4d-589327eb2715)] -> xpath: //p//word], [[FirefoxDriver: firefox on LINUX (358f877c-4143-452f-ab4d-589327eb2715)] -> xpath: //p//word], [[FirefoxDriver: firefox on LINUX (358f877c-4143-452f-ab4d-589327eb2715)] -> xpath: //p//word], [[FirefoxDriver: firefox on LINUX (358f877c-4143-452f-ab4d-589327eb2715)] -> xpath: //p//word], [[FirefoxDriver: firefox on LINUX (358f877c-4143-452f-ab4d-589327eb2715)] -> xpath: //p//word], [[FirefoxDriver: firefox on LINUX (358f877c-4143-452f-ab4d-589327eb2715)] -> xpath: //p//word], [[FirefoxDriver: firefox on LINUX (358f877c-4143-452f-ab4d-589327eb2715)] -> xpath: //p//word], [[FirefoxDriver: firefox on LINUX (358f877c-4143-452f-ab4d-589327eb2715)] -> xpath: //p//word], [[FirefoxDriver: firefox on LINUX (358f877c-4143-452f-ab4d-589327eb2715)] -> xpath: //p//word], [[FirefoxDriver: firefox on LINUX (358f877c-4143-452f-ab4d-589327eb2715)] -> xpath: //p//word], [[FirefoxDriver: firefox on LINUX (358f877c-4143-452f-ab4d-589327eb2715)] -> xpath: //p//word], [[FirefoxDriver: firefox on LINUX (358f877c-4143-452f-ab4d-589327eb2715)] -> xpath: //p//word], [[FirefoxDriver: firefox on LINUX (358f877c-4143-452f-ab4d-589327eb2715)] -> xpath: //p//word], [[FirefoxDriver: firefox on LINUX (358f877c-4143-452f-ab4d-589327eb2715)] -> xpath: //p//word], [[FirefoxDriver: firefox on LINUX (358f877c-4143-452f-ab4d-589327eb2715)] -> xpath: //p//word], [[FirefoxDriver: firefox on LINUX (358f877c-4143-452f-ab4d-589327eb2715)] -> xpath: //p//word], [[FirefoxDriver: firefox on LINUX (358f877c-4143-452f-ab4d-589327eb2715)] -> xpath: //p//word], [[FirefoxDriver: firefox on LINUX (358f877c-4143-452f-ab4d-589327eb2715)] -> xpath: //p//word], [[FirefoxDriver: firefox on LINUX (358f877c-4143-452f-ab4d-589327eb2715)] -> xpath: //p//word], [[FirefoxDriver: firefox on LINUX (358f877c-4143-452f-ab4d-589327eb2715)] -> xpath: //p//word], [[FirefoxDriver: firefox on LINUX (358f877c-4143-452f-ab4d-589327eb2715)] -> xpath: //p//word], [[FirefoxDriver: firefox on LINUX (358f877c-4143-452f-ab4d-589327eb2715)] -> xpath: //p//word], [[FirefoxDriver: firefox on LINUX (358f877c-4143-452f-ab4d-589327eb2715)] -> xpath: //p//word], [[FirefoxDriver: firefox on LINUX (358f877c-4143-452f-ab4d-589327eb2715)] -> xpath: //p//word], [[FirefoxDriver: firefox on LINUX (358f877c-4143-452f-ab4d-589327eb2715)] -> xpath: //p//word], [[FirefoxDriver: firefox on LINUX (358f877c-4143-452f-ab4d-589327eb2715)] -> xpath: //p//word], [[FirefoxDriver: firefox on LINUX (358f877c-4143-452f-ab4d-589327eb2715)] -> xpath: //p//word], [[FirefoxDriver: firefox on LINUX (358f877c-4143-452f-ab4d-589327eb2715)] -> xpath: //p//word], [[FirefoxDriver: firefox on LINUX (358f877c-4143-452f-ab4d-589327eb2715)] -> xpath: //p//word], [[FirefoxDriver: firefox on LINUX (358f877c-4143-452f-ab4d-589327eb2715)] -> xpath: //p//word], [[FirefoxDriver: firefox on LINUX (358f877c-4143-452f-ab4d-589327eb2715)] -> xpath: //p//word], [[FirefoxDriver: firefox on LINUX (358f877c-4143-452f-ab4d-589327eb2715)] -> xpath: //p//word], [[FirefoxDriver: firefox on LINUX (358f877c-4143-452f-ab4d-589327eb2715)] -> xpath: //p//word], [[FirefoxDriver: firefox on LINUX (358f877c-4143-452f-ab4d-589327eb2715)] -> xpath: //p//word], [[FirefoxDriver: firefox on LINUX (358f877c-4143-452f-ab4d-589327eb2715)] -> xpath: //p//word], [[FirefoxDriver: firefox on LINUX (358f877c-4143-452f-ab4d-589327eb2715)] -> xpath: //p//word], [[FirefoxDriver: firefox on LINUX (358f877c-4143-452f-ab4d-589327eb2715)] -> xpath: //p//word], [[FirefoxDriver: firefox on LINUX (358f877c-4143-452f-ab4d-589327eb2715)] -> xpath: //p//word], [[FirefoxDriver: firefox on LINUX (358f877c-4143-452f-ab4d-589327eb2715)] -> xpath: //p//word], [[FirefoxDriver: firefox on LINUX (358f877c-4143-452f-ab4d-589327eb2715)] -> xpath: //p//word], [[FirefoxDriver: firefox on LINUX (358f877c-4143-452f-ab4d-589327eb2715)] -> xpath: //p//word], [[FirefoxDriver: firefox on LINUX (358f877c-4143-452f-ab4d-589327eb2715)] -> xpath: //p//word], [[FirefoxDriver: firefox on LINUX (358f877c-4143-452f-ab4d-589327eb2715)] -> xpath: //p//word], [[FirefoxDriver: firefox on LINUX (358f877c-4143-452f-ab4d-589327eb2715)] -> xpath: //p//word], [[FirefoxDriver: firefox on LINUX (358f877c-4143-452f-ab4d-589327eb2715)] -> xpath: //p//word], [[FirefoxDriver: firefox on LINUX (358f877c-4143-452f-ab4d-589327eb2715)] -> xpath: //p//word], [[FirefoxDriver: firefox on LINUX (358f877c-4143-452f-ab4d-589327eb2715)] -> xpath: //p//word], [[FirefoxDriver: firefox on LINUX (358f877c-4143-452f-ab4d-589327eb2715)] -> xpath: //p//word], [[FirefoxDriver: firefox on LINUX (358f877c-4143-452f-ab4d-589327eb2715)] -> xpath: //p//word], [[FirefoxDriver: firefox on LINUX (358f877c-4143-452f-ab4d-589327eb2715)] -> xpath: //p//word], [[FirefoxDriver: firefox on LINUX (358f877c-4143-452f-ab4d-589327eb2715)] -> xpath: //p//word], [[FirefoxDriver: firefox on LINUX (358f877c-4143-452f-ab4d-589327eb2715)] -> xpath: //p//word], [[FirefoxDriver: firefox on LINUX (358f877c-4143-452f-ab4d-589327eb2715)] -> xpath: //p//word], [[FirefoxDriver: firefox on LINUX (358f877c-4143-452f-ab4d-589327eb2715)] -> xpath: //p//word], [[FirefoxDriver: firefox on LINUX (358f877c-4143-452f-ab4d-589327eb2715)] -> xpath: //p//word], [[FirefoxDriver: firefox on LINUX (358f877c-4143-452f-ab4d-589327eb2715)] -> xpath: //p//word], [[FirefoxDriver: firefox on LINUX (358f877c-4143-452f-ab4d-589327eb2715)] -> xpath: //p//word], [[FirefoxDriver: firefox on LINUX (358f877c-4143-452f-ab4d-589327eb2715)] -> xpath: //p//word], [[FirefoxDriver: firefox on LINUX (358f877c-4143-452f-ab4d-589327eb2715)] -> xpath: //p//word], [[FirefoxDriver: firefox on LINUX (358f877c-4143-452f-ab4d-589327eb2715)] -> xpath: //p//word], [[FirefoxDriver: firefox on LINUX (358f877c-4143-452f-ab4d-589327eb2715)] -> xpath: //p//word], [[FirefoxDriver: firefox on LINUX (358f877c-4143-452f-ab4d-589327eb2715)] -> xpath: //p//word], [[FirefoxDriver: firefox on LINUX (358f877c-4143-452f-ab4d-589327eb2715)] -> xpath: //p//word], [[FirefoxDriver: firefox on LINUX (358f877c-4143-452f-ab4d-589327eb2715)] -> xpath: //p//word], [[FirefoxDriver: firefox on LINUX (358f877c-4143-452f-ab4d-589327eb2715)] -> xpath: //p//word], [[FirefoxDriver: firefox on LINUX (358f877c-4143-452f-ab4d-589327eb2715)] -> xpath: //p//word], [[FirefoxDriver: firefox on LINUX (358f877c-4143-452f-ab4d-589327eb2715)] -> xpath: //p//word], [[FirefoxDriver: firefox on LINUX (358f877c-4143-452f-ab4d-589327eb2715)] -> xpath: //p//word], [[FirefoxDriver: firefox on LINUX (358f877c-4143-452f-ab4d-589327eb2715)] -> xpath: //p//word], [[FirefoxDriver: firefox on LINUX (358f877c-4143-452f-ab4d-589327eb2715)] -> xpath: //p//word], [[FirefoxDriver: firefox on LINUX (358f877c-4143-452f-ab4d-589327eb2715)] -> xpath: //p//word], [[FirefoxDriver: firefox on LINUX (358f877c-4143-452f-ab4d-589327eb2715)] -> xpath: //p//word], [[FirefoxDriver: firefox on LINUX (358f877c-4143-452f-ab4d-589327eb2715)] -> xpath: //p//word], [[FirefoxDriver: firefox on LINUX (358f877c-4143-452f-ab4d-589327eb2715)] -> xpath: //p//word], [[FirefoxDriver: firefox on LINUX (358f877c-4143-452f-ab4d-589327eb2715)] -> xpath: //p//word], [[FirefoxDriver: firefox on LINUX (358f877c-4143-452f-ab4d-589327eb2715)] -> xpath: //p//word], [[FirefoxDriver: firefox on LINUX (358f877c-4143-452f-ab4d-589327eb2715)] -> xpath: //p//word], [[FirefoxDriver: firefox on LINUX (358f877c-4143-452f-ab4d-589327eb2715)] -> xpath: //p//word], [[FirefoxDriver: firefox on LINUX (358f877c-4143-452f-ab4d-589327eb2715)] -> xpath: //p//word], [[FirefoxDriver: firefox on LINUX (358f877c-4143-452f-ab4d-589327eb2715)] -> xpath: //p//word], [[FirefoxDriver: firefox on LINUX (358f877c-4143-452f-ab4d-589327eb2715)] -> xpath: //p//word], [[FirefoxDriver: firefox on LINUX (358f877c-4143-452f-ab4d-589327eb2715)] -> xpath: //p//word], [[FirefoxDriver: firefox on LINUX (358f877c-4143-452f-ab4d-589327eb2715)] -> xpath: //p//word], [[FirefoxDriver: firefox on LINUX (358f877c-4143-452f-ab4d-589327eb2715)] -> xpath: //p//word], [[FirefoxDriver: firefox on LINUX (358f877c-4143-452f-ab4d-589327eb2715)] -> xpath: //p//word], [[FirefoxDriver: firefox on LINUX (358f877c-4143-452f-ab4d-589327eb2715)] -> xpath: //p//word], [[FirefoxDriver: firefox on LINUX (358f877c-4143-452f-ab4d-589327eb2715)] -> xpath: //p//word], [[FirefoxDriver: firefox on LINUX (358f877c-4143-452f-ab4d-589327eb2715)] -> xpath: //p//word], [[FirefoxDriver: firefox on LINUX (358f877c-4143-452f-ab4d-589327eb2715)] -> xpath: //p//word], [[FirefoxDriver: firefox on LINUX (358f877c-4143-452f-ab4d-589327eb2715)] -> xpath: //p//word], [[FirefoxDriver: firefox on LINUX (358f877c-4143-452f-ab4d-589327eb2715)] -> xpath: //p//word], [[FirefoxDriver: firefox on LINUX (358f877c-4143-452f-ab4d-589327eb2715)] -> xpath: //p//word], [[FirefoxDriver: firefox on LINUX (358f877c-4143-452f-ab4d-589327eb2715)] -> xpath: //p//word], [[FirefoxDriver: firefox on LINUX (358f877c-4143-452f-ab4d-589327eb2715)] -> xpath: //p//word], [[FirefoxDriver: firefox on LINUX (358f877c-4143-452f-ab4d-589327eb2715)] -> xpath: //p//word], [[FirefoxDriver: firefox on LINUX (358f877c-4143-452f-ab4d-589327eb2715)] -> xpath: //p//word], [[FirefoxDriver: firefox on LINUX (358f877c-4143-452f-ab4d-589327eb2715)] -> xpath: //p//word], [[FirefoxDriver: firefox on LINUX (358f877c-4143-452f-ab4d-589327eb2715)] -> xpath: //p//word], [[FirefoxDriver: firefox on LINUX (358f877c-4143-452f-ab4d-589327eb2715)] -> xpath: //p//word], [[FirefoxDriver: firefox on LINUX (358f877c-4143-452f-ab4d-589327eb2715)] -> xpath: //p//word], [[FirefoxDriver: firefox on LINUX (358f877c-4143-452f-ab4d-589327eb2715)] -> xpath: //p//word], [[FirefoxDriver: firefox on LINUX (358f877c-4143-452f-ab4d-589327eb2715)] -> xpath: //p//word], [[FirefoxDriver: firefox on LINUX (358f877c-4143-452f-ab4d-589327eb2715)] -> xpath: //p//word], [[FirefoxDriver: firefox on LINUX (358f877c-4143-452f-ab4d-589327eb2715)] -> xpath: //p//word], [[FirefoxDriver: firefox on LINUX (358f877c-4143-452f-ab4d-589327eb2715)] -> xpath: //p//word], [[FirefoxDriver: firefox on LINUX (358f877c-4143-452f-ab4d-589327eb2715)] -> xpath: //p//word], [[FirefoxDriver: firefox on LINUX (358f877c-4143-452f-ab4d-589327eb2715)] -> xpath: //p//word], [[FirefoxDriver: firefox on LINUX (358f877c-4143-452f-ab4d-589327eb2715)] -> xpath: //p//word], [[FirefoxDriver: firefox on LINUX (358f877c-4143-452f-ab4d-589327eb2715)] -> xpath: //p//word], [[FirefoxDriver: firefox on LINUX (358f877c-4143-452f-ab4d-589327eb2715)] -> xpath: //p//word], [[FirefoxDriver: firefox on LINUX (358f877c-4143-452f-ab4d-589327eb2715)] -> xpath: //p//word], [[FirefoxDriver: firefox on LINUX (358f877c-4143-452f-ab4d-589327eb2715)] -> xpath: //p//word], [[FirefoxDriver: firefox on LINUX (358f877c-4143-452f-ab4d-589327eb2715)] -> xpath: //p//word], [[FirefoxDriver: firefox on LINUX (358f877c-4143-452f-ab4d-589327eb2715)] -> xpath: //p//word], [[FirefoxDriver: firefox on LINUX (358f877c-4143-452f-ab4d-589327eb2715)] -> xpath: //p//word], [[FirefoxDriver: firefox on LINUX (358f877c-4143-452f-ab4d-589327eb2715)] -> xpath: //p//word], [[FirefoxDriver: firefox on LINUX (358f877c-4143-452f-ab4d-589327eb2715)] -> xpath: //p//word], [[FirefoxDriver: firefox on LINUX (358f877c-4143-452f-ab4d-589327eb2715)] -> xpath: //p//word], [[FirefoxDriver: firefox on LINUX (358f877c-4143-452f-ab4d-589327eb2715)] -> xpath: //p//word], [[FirefoxDriver: firefox on LINUX (358f877c-4143-452f-ab4d-589327eb2715)] -> xpath: //p//word], [[FirefoxDriver: firefox on LINUX (358f877c-4143-452f-ab4d-589327eb2715)] -> xpath: //p//word], [[FirefoxDriver: firefox on LINUX (358f877c-4143-452f-ab4d-589327eb2715)] -> xpath: //p//word], [[FirefoxDriver: firefox on LINUX (358f877c-4143-452f-ab4d-589327eb2715)] -> xpath: //p//word], [[FirefoxDriver: firefox on LINUX (358f877c-4143-452f-ab4d-589327eb2715)] -> xpath: //p//word], [[FirefoxDriver: firefox on LINUX (358f877c-4143-452f-ab4d-589327eb2715)] -> xpath: //p//word], [[FirefoxDriver: firefox on LINUX (358f877c-4143-452f-ab4d-589327eb2715)] -> xpath: //p//word], [[FirefoxDriver: firefox on LINUX (358f877c-4143-452f-ab4d-589327eb2715)] -> xpath: //p//word], [[FirefoxDriver: firefox on LINUX (358f877c-4143-452f-ab4d-589327eb2715)] -> xpath: //p//word], [[FirefoxDriver: firefox on LINUX (358f877c-4143-452f-ab4d-589327eb2715)] -> xpath: //p//word], [[FirefoxDriver: firefox on LINUX (358f877c-4143-452f-ab4d-589327eb2715)] -> xpath: //p//word], [[FirefoxDriver: firefox on LINUX (358f877c-4143-452f-ab4d-589327eb2715)] -> xpath: //p//word], [[FirefoxDriver: firefox on LINUX (358f877c-4143-452f-ab4d-589327eb2715)] -> xpath: //p//word], [[FirefoxDriver: firefox on LINUX (358f877c-4143-452f-ab4d-589327eb2715)] -> xpath: //p//word], [[FirefoxDriver: firefox on LINUX (358f877c-4143-452f-ab4d-589327eb2715)] -> xpath: //p//word], [[FirefoxDriver: firefox on LINUX (358f877c-4143-452f-ab4d-589327eb2715)] -> xpath: //p//word], [[FirefoxDriver: firefox on LINUX (358f877c-4143-452f-ab4d-589327eb2715)] -> xpath: //p//word], [[FirefoxDriver: firefox on LINUX (358f877c-4143-452f-ab4d-589327eb2715)] -> xpath: //p//word], [[FirefoxDriver: firefox on LINUX (358f877c-4143-452f-ab4d-589327eb2715)] -> xpath: //p//word], [[FirefoxDriver: firefox on LINUX (358f877c-4143-452f-ab4d-589327eb2715)] -> xpath: //p//word], [[FirefoxDriver: firefox on LINUX (358f877c-4143-452f-ab4d-589327eb2715)] -> xpath: //p//word], [[FirefoxDriver: firefox on LINUX (358f877c-4143-452f-ab4d-589327eb2715)] -> xpath: //p//word], [[FirefoxDriver: firefox on LINUX (358f877c-4143-452f-ab4d-589327eb2715)] -> xpath: //p//word], [[FirefoxDriver: firefox on LINUX (358f877c-4143-452f-ab4d-589327eb2715)] -> xpath: //p//word], [[FirefoxDriver: firefox on LINUX (358f877c-4143-452f-ab4d-589327eb2715)] -> xpath: //p//word], [[FirefoxDriver: firefox on LINUX (358f877c-4143-452f-ab4d-589327eb2715)] -> xpath: //p//word], [[FirefoxDriver: firefox on LINUX (358f877c-4143-452f-ab4d-589327eb2715)] -> xpath: //p//word], [[FirefoxDriver: firefox on LINUX (358f877c-4143-452f-ab4d-589327eb2715)] -> xpath: //p//word], [[FirefoxDriver: firefox on LINUX (358f877c-4143-452f-ab4d-589327eb2715)] -> xpath: //p//word], [[FirefoxDriver: firefox on LINUX (358f877c-4143-452f-ab4d-589327eb2715)] -> xpath: //p//word], [[FirefoxDriver: firefox on LINUX (358f877c-4143-452f-ab4d-589327eb2715)] -> xpath: //p//word], [[FirefoxDriver: firefox on LINUX (358f877c-4143-452f-ab4d-589327eb2715)] -> xpath: //p//word], [[FirefoxDriver: firefox on LINUX (358f877c-4143-452f-ab4d-589327eb2715)] -> xpath: //p//word], [[FirefoxDriver: firefox on LINUX (358f877c-4143-452f-ab4d-589327eb2715)] -> xpath: //p//word], [[FirefoxDriver: firefox on LINUX (358f877c-4143-452f-ab4d-589327eb2715)] -> xpath: //p//word], [[FirefoxDriver: firefox on LINUX (358f877c-4143-452f-ab4d-589327eb2715)] -> xpath: //p//word], [[FirefoxDriver: firefox on LINUX (358f877c-4143-452f-ab4d-589327eb2715)] -> xpath: //p//word], [[FirefoxDriver: firefox on LINUX (358f877c-4143-452f-ab4d-589327eb2715)] -> xpath: //p//word], [[FirefoxDriver: firefox on LINUX (358f877c-4143-452f-ab4d-589327eb2715)] -> xpath: //p//word], [[FirefoxDriver: firefox on LINUX (358f877c-4143-452f-ab4d-589327eb2715)] -> xpath: //p//word], [[FirefoxDriver: firefox on LINUX (358f877c-4143-452f-ab4d-589327eb2715)] -> xpath: //p//word], [[FirefoxDriver: firefox on LINUX (358f877c-4143-452f-ab4d-589327eb2715)] -> xpath: //p//word], [[FirefoxDriver: firefox on LINUX (358f877c-4143-452f-ab4d-589327eb2715)] -> xpath: //p//word], [[FirefoxDriver: firefox on LINUX (358f877c-4143-452f-ab4d-589327eb2715)] -> xpath: //p//word], [[FirefoxDriver: firefox on LINUX (358f877c-4143-452f-ab4d-589327eb2715)] -> xpath: //p//word], [[FirefoxDriver: firefox on LINUX (358f877c-4143-452f-ab4d-589327eb2715)] -> xpath: //p//word], [[FirefoxDriver: firefox on LINUX (358f877c-4143-452f-ab4d-589327eb2715)] -> xpath: //p//word], [[FirefoxDriver: firefox on LINUX (358f877c-4143-452f-ab4d-589327eb2715)] -> xpath: //p//word], [[FirefoxDriver: firefox on LINUX (358f877c-4143-452f-ab4d-589327eb2715)] -> xpath: //p//word], [[FirefoxDriver: firefox on LINUX (358f877c-4143-452f-ab4d-589327eb2715)] -> xpath: //p//word], [[FirefoxDriver: firefox on LINUX (358f877c-4143-452f-ab4d-589327eb2715)] -> xpath: //p//word], [[FirefoxDriver: firefox on LINUX (358f877c-4143-452f-ab4d-589327eb2715)] -> xpath: //p//word], [[FirefoxDriver: firefox on LINUX (358f877c-4143-452f-ab4d-589327eb2715)] -> xpath: //p//word], [[FirefoxDriver: firefox on LINUX (358f877c-4143-452f-ab4d-589327eb2715)] -> xpath: //p//word], [[FirefoxDriver: firefox on LINUX (358f877c-4143-452f-ab4d-589327eb2715)] -> xpath: //p//word], [[FirefoxDriver: firefox on LINUX (358f877c-4143-452f-ab4d-589327eb2715)] -> xpath: //p//word], [[FirefoxDriver: firefox on LINUX (358f877c-4143-452f-ab4d-589327eb2715)] -> xpath: //p//word], [[FirefoxDriver: firefox on LINUX (358f877c-4143-452f-ab4d-589327eb2715)] -> xpath: //p//word], [[FirefoxDriver: firefox on LINUX (358f877c-4143-452f-ab4d-589327eb2715)] -> xpath: //p//word], [[FirefoxDriver: firefox on LINUX (358f877c-4143-452f-ab4d-589327eb2715)] -> xpath: //p//word], [[FirefoxDriver: firefox on LINUX (358f877c-4143-452f-ab4d-589327eb2715)] -> xpath: //p//word], [[FirefoxDriver: firefox on LINUX (358f877c-4143-452f-ab4d-589327eb2715)] -> xpath: //p//word], [[FirefoxDriver: firefox on LINUX (358f877c-4143-452f-ab4d-589327eb2715)] -> xpath: //p//word], [[FirefoxDriver: firefox on LINUX (358f877c-4143-452f-ab4d-589327eb2715)] -> xpath: //p//word], [[FirefoxDriver: firefox on LINUX (358f877c-4143-452f-ab4d-589327eb2715)] -> xpath: //p//word], [[FirefoxDriver: firefox on LINUX (358f877c-4143-452f-ab4d-589327eb2715)] -> xpath: //p//word], [[FirefoxDriver: firefox on LINUX (358f877c-4143-452f-ab4d-589327eb2715)] -> xpath: //p//word], [[FirefoxDriver: firefox on LINUX (358f877c-4143-452f-ab4d-589327eb2715)] -> xpath: //p//word], [[FirefoxDriver: firefox on LINUX (358f877c-4143-452f-ab4d-589327eb2715)] -> xpath: //p//word], [[FirefoxDriver: firefox on LINUX (358f877c-4143-452f-ab4d-589327eb2715)] -> xpath: //p//word], [[FirefoxDriver: firefox on LINUX (358f877c-4143-452f-ab4d-589327eb2715)] -> xpath: //p//word], [[FirefoxDriver: firefox on LINUX (358f877c-4143-452f-ab4d-589327eb2715)] -> xpath: //p//word], [[FirefoxDriver: firefox on LINUX (358f877c-4143-452f-ab4d-589327eb2715)] -> xpath: //p//word], [[FirefoxDriver: firefox on LINUX (358f877c-4143-452f-ab4d-589327eb2715)] -> xpath: //p//word], [[FirefoxDriver: firefox on LINUX (358f877c-4143-452f-ab4d-589327eb2715)] -> xpath: //p//word], [[FirefoxDriver: firefox on LINUX (358f877c-4143-452f-ab4d-589327eb2715)] -> xpath: //p//word], [[FirefoxDriver: firefox on LINUX (358f877c-4143-452f-ab4d-589327eb2715)] -> xpath: //p//word], [[FirefoxDriver: firefox on LINUX (358f877c-4143-452f-ab4d-589327eb2715)] -> xpath: //p//word], [[FirefoxDriver: firefox on LINUX (358f877c-4143-452f-ab4d-589327eb2715)] -> xpath: //p//word], [[FirefoxDriver: firefox on LINUX (358f877c-4143-452f-ab4d-589327eb2715)] -> xpath: //p//word], [[FirefoxDriver: firefox on LINUX (358f877c-4143-452f-ab4d-589327eb2715)] -> xpath: //p//word], [[FirefoxDriver: firefox on LINUX (358f877c-4143-452f-ab4d-589327eb2715)] -> xpath: //p//word], [[FirefoxDriver: firefox on LINUX (358f877c-4143-452f-ab4d-589327eb2715)] -> xpath: //p//word], [[FirefoxDriver: firefox on LINUX (358f877c-4143-452f-ab4d-589327eb2715)] -> xpath: //p//word], [[FirefoxDriver: firefox on LINUX (358f877c-4143-452f-ab4d-589327eb2715)] -> xpath: //p//word], [[FirefoxDriver: firefox on LINUX (358f877c-4143-452f-ab4d-589327eb2715)] -> xpath: //p//word], [[FirefoxDriver: firefox on LINUX (358f877c-4143-452f-ab4d-589327eb2715)] -> xpath: //p//word], [[FirefoxDriver: firefox on LINUX (358f877c-4143-452f-ab4d-589327eb2715)] -> xpath: //p//word], [[FirefoxDriver: firefox on LINUX (358f877c-4143-452f-ab4d-589327eb2715)] -> xpath: //p//word], [[FirefoxDriver: firefox on LINUX (358f877c-4143-452f-ab4d-589327eb2715)] -> xpath: //p//word], [[FirefoxDriver: firefox on LINUX (358f877c-4143-452f-ab4d-589327eb2715)] -> xpath: //p//word], [[FirefoxDriver: firefox on LINUX (358f877c-4143-452f-ab4d-589327eb2715)] -> xpath: //p//word], [[FirefoxDriver: firefox on LINUX (358f877c-4143-452f-ab4d-589327eb2715)] -> xpath: //p//word], [[FirefoxDriver: firefox on LINUX (358f877c-4143-452f-ab4d-589327eb2715)] -> xpath: //p//word], [[FirefoxDriver: firefox on LINUX (358f877c-4143-452f-ab4d-589327eb2715)] -> xpath: //p//word], [[FirefoxDriver: firefox on LINUX (358f877c-4143-452f-ab4d-589327eb2715)] -> xpath: //p//word], [[FirefoxDriver: firefox on LINUX (358f877c-4143-452f-ab4d-589327eb2715)] -> xpath: //p//word], [[FirefoxDriver: firefox on LINUX (358f877c-4143-452f-ab4d-589327eb2715)] -> xpath: //p//word], [[FirefoxDriver: firefox on LINUX (358f877c-4143-452f-ab4d-589327eb2715)] -> xpath: //p//word], [[FirefoxDriver: firefox on LINUX (358f877c-4143-452f-ab4d-589327eb2715)] -> xpath: //p//word], [[FirefoxDriver: firefox on LINUX (358f877c-4143-452f-ab4d-589327eb2715)] -> xpath: //p//word], [[FirefoxDriver: firefox on LINUX (358f877c-4143-452f-ab4d-589327eb2715)] -> xpath: //p//word], [[FirefoxDriver: firefox on LINUX (358f877c-4143-452f-ab4d-589327eb2715)] -> xpath: //p//word], [[FirefoxDriver: firefox on LINUX (358f877c-4143-452f-ab4d-589327eb2715)] -> xpath: //p//word], [[FirefoxDriver: firefox on LINUX (358f877c-4143-452f-ab4d-589327eb2715)] -> xpath: //p//word], [[FirefoxDriver: firefox on LINUX (358f877c-4143-452f-ab4d-589327eb2715)] -> xpath: //p//word], [[FirefoxDriver: firefox on LINUX (358f877c-4143-452f-ab4d-589327eb2715)] -> xpath: //p//word], [[FirefoxDriver: firefox on LINUX (358f877c-4143-452f-ab4d-589327eb2715)] -> xpath: //p//word], [[FirefoxDriver: firefox on LINUX (358f877c-4143-452f-ab4d-589327eb2715)] -> xpath: //p//word], [[FirefoxDriver: firefox on LINUX (358f877c-4143-452f-ab4d-589327eb2715)] -> xpath: //p//word], [[FirefoxDriver: firefox on LINUX (358f877c-4143-452f-ab4d-589327eb2715)] -> xpath: //p//word], [[FirefoxDriver: firefox on LINUX (358f877c-4143-452f-ab4d-589327eb2715)] -> xpath: //p//word], [[FirefoxDriver: firefox on LINUX (358f877c-4143-452f-ab4d-589327eb2715)] -> xpath: //p//word], [[FirefoxDriver: firefox on LINUX (358f877c-4143-452f-ab4d-589327eb2715)] -> xpath: //p//word], [[FirefoxDriver: firefox on LINUX (358f877c-4143-452f-ab4d-589327eb2715)] -> xpath: //p//word], [[FirefoxDriver: firefox on LINUX (358f877c-4143-452f-ab4d-589327eb2715)] -> xpath: //p//word], [[FirefoxDriver: firefox on LINUX (358f877c-4143-452f-ab4d-589327eb2715)] -> xpath: //p//word], [[FirefoxDriver: firefox on LINUX (358f877c-4143-452f-ab4d-589327eb2715)] -> xpath: //p//word], [[FirefoxDriver: firefox on LINUX (358f877c-4143-452f-ab4d-589327eb2715)] -> xpath: //p//word], [[FirefoxDriver: firefox on LINUX (358f877c-4143-452f-ab4d-589327eb2715)] -> xpath: //p//word], [[FirefoxDriver: firefox on LINUX (358f877c-4143-452f-ab4d-589327eb2715)] -> xpath: //p//word], [[FirefoxDriver: firefox on LINUX (358f877c-4143-452f-ab4d-589327eb2715)] -> xpath: //p//word], [[FirefoxDriver: firefox on LINUX (358f877c-4143-452f-ab4d-589327eb2715)] -> xpath: //p//word], [[FirefoxDriver: firefox on LINUX (358f877c-4143-452f-ab4d-589327eb2715)] -> xpath: //p//word], [[FirefoxDriver: firefox on LINUX (358f877c-4143-452f-ab4d-589327eb2715)] -> xpath: //p//word], [[FirefoxDriver: firefox on LINUX (358f877c-4143-452f-ab4d-589327eb2715)] -> xpath: //p//word], [[FirefoxDriver: firefox on LINUX (358f877c-4143-452f-ab4d-589327eb2715)] -> xpath: //p//word], [[FirefoxDriver: firefox on LINUX (358f877c-4143-452f-ab4d-589327eb2715)] -> xpath: //p//word], [[FirefoxDriver: firefox on LINUX (358f877c-4143-452f-ab4d-589327eb2715)] -> xpath: //p//word], [[FirefoxDriver: firefox on LINUX (358f877c-4143-452f-ab4d-589327eb2715)] -> xpath: //p//word], [[FirefoxDriver: firefox on LINUX (358f877c-4143-452f-ab4d-589327eb2715)] -> xpath: //p//word], [[FirefoxDriver: firefox on LINUX (358f877c-4143-452f-ab4d-589327eb2715)] -> xpath: //p//word], [[FirefoxDriver: firefox on LINUX (358f877c-4143-452f-ab4d-589327eb2715)] -> xpath: //p//word], [[FirefoxDriver: firefox on LINUX (358f877c-4143-452f-ab4d-589327eb2715)] -> xpath: //p//word], [[FirefoxDriver: firefox on LINUX (358f877c-4143-452f-ab4d-589327eb2715)] -> xpath: //p//word], [[FirefoxDriver: firefox on LINUX (358f877c-4143-452f-ab4d-589327eb2715)] -> xpath: //p//word], [[FirefoxDriver: firefox on LINUX (358f877c-4143-452f-ab4d-589327eb2715)] -> xpath: //p//word], [[FirefoxDriver: firefox on LINUX (358f877c-4143-452f-ab4d-589327eb2715)] -> xpath: //p//word], [[FirefoxDriver: firefox on LINUX (358f877c-4143-452f-ab4d-589327eb2715)] -> xpath: //p//word], [[FirefoxDriver: firefox on LINUX (358f877c-4143-452f-ab4d-589327eb2715)] -> xpath: //p//word], [[FirefoxDriver: firefox on LINUX (358f877c-4143-452f-ab4d-589327eb2715)] -> xpath: //p//word], [[FirefoxDriver: firefox on LINUX (358f877c-4143-452f-ab4d-589327eb2715)] -> xpath: //p//word], [[FirefoxDriver: firefox on LINUX (358f877c-4143-452f-ab4d-589327eb2715)] -> xpath: //p//word], [[FirefoxDriver: firefox on LINUX (358f877c-4143-452f-ab4d-589327eb2715)] -> xpath: //p//word], [[FirefoxDriver: firefox on LINUX (358f877c-4143-452f-ab4d-589327eb2715)] -> xpath: //p//word], [[FirefoxDriver: firefox on LINUX (358f877c-4143-452f-ab4d-589327eb2715)] -> xpath: //p//word], [[FirefoxDriver: firefox on LINUX (358f877c-4143-452f-ab4d-589327eb2715)] -> xpath: //p//word], [[FirefoxDriver: firefox on LINUX (358f877c-4143-452f-ab4d-589327eb2715)] -> xpath: //p//word], [[FirefoxDriver: firefox on LINUX (358f877c-4143-452f-ab4d-589327eb2715)] -> xpath: //p//word], [[FirefoxDriver: firefox on LINUX (358f877c-4143-452f-ab4d-589327eb2715)] -> xpath: //p//word], [[FirefoxDriver: firefox on LINUX (358f877c-4143-452f-ab4d-589327eb2715)] -> xpath: //p//word], [[FirefoxDriver: firefox on LINUX (358f877c-4143-452f-ab4d-589327eb2715)] -> xpath: //p//word], [[FirefoxDriver: firefox on LINUX (358f877c-4143-452f-ab4d-589327eb2715)] -> xpath: //p//word], [[FirefoxDriver: firefox on LINUX (358f877c-4143-452f-ab4d-589327eb2715)] -> xpath: //p//word], [[FirefoxDriver: firefox on LINUX (358f877c-4143-452f-ab4d-589327eb2715)] -> xpath: //p//word], [[FirefoxDriver: firefox on LINUX (358f877c-4143-452f-ab4d-589327eb2715)] -> xpath: //p//word], [[FirefoxDriver: firefox on LINUX (358f877c-4143-452f-ab4d-589327eb2715)] -> xpath: //p//word], [[FirefoxDriver: firefox on LINUX (358f877c-4143-452f-ab4d-589327eb2715)] -> xpath: //p//word], [[FirefoxDriver: firefox on LINUX (358f877c-4143-452f-ab4d-589327eb2715)] -> xpath: //p//word], [[FirefoxDriver: firefox on LINUX (358f877c-4143-452f-ab4d-589327eb2715)] -> xpath: //p//word], [[FirefoxDriver: firefox on LINUX (358f877c-4143-452f-ab4d-589327eb2715)] -> xpath: //p//word], [[FirefoxDriver: firefox on LINUX (358f877c-4143-452f-ab4d-589327eb2715)] -> xpath: //p//word], [[FirefoxDriver: firefox on LINUX (358f877c-4143-452f-ab4d-589327eb2715)] -> xpath: //p//word], [[FirefoxDriver: firefox on LINUX (358f877c-4143-452f-ab4d-589327eb2715)] -> xpath: //p//word], [[FirefoxDriver: firefox on LINUX (358f877c-4143-452f-ab4d-589327eb2715)] -> xpath: //p//word], [[FirefoxDriver: firefox on LINUX (358f877c-4143-452f-ab4d-589327eb2715)] -> xpath: //p//word], [[FirefoxDriver: firefox on LINUX (358f877c-4143-452f-ab4d-589327eb2715)] -> xpath: //p//word], [[FirefoxDriver: firefox on LINUX (358f877c-4143-452f-ab4d-589327eb2715)] -> xpath: //p//word], [[FirefoxDriver: firefox on LINUX (358f877c-4143-452f-ab4d-589327eb2715)] -> xpath: //p//word], [[FirefoxDriver: firefox on LINUX (358f877c-4143-452f-ab4d-589327eb2715)] -> xpath: //p//word], [[FirefoxDriver: firefox on LINUX (358f877c-4143-452f-ab4d-589327eb2715)] -> xpath: //p//word], [[FirefoxDriver: firefox on LINUX (358f877c-4143-452f-ab4d-589327eb2715)] -> xpath: //p//word], [[FirefoxDriver: firefox on LINUX (358f877c-4143-452f-ab4d-589327eb2715)] -> xpath: //p//word], [[FirefoxDriver: firefox on LINUX (358f877c-4143-452f-ab4d-589327eb2715)] -> xpath: //p//word], [[FirefoxDriver: firefox on LINUX (358f877c-4143-452f-ab4d-589327eb2715)] -> xpath: //p//word], [[FirefoxDriver: firefox on LINUX (358f877c-4143-452f-ab4d-589327eb2715)] -> xpath: //p//word], [[FirefoxDriver: firefox on LINUX (358f877c-4143-452f-ab4d-589327eb2715)] -> xpath: //p//word], [[FirefoxDriver: firefox on LINUX (358f877c-4143-452f-ab4d-589327eb2715)] -> xpath: //p//word], [[FirefoxDriver: firefox on LINUX (358f877c-4143-452f-ab4d-589327eb2715)] -> xpath: //p//word], [[FirefoxDriver: firefox on LINUX (358f877c-4143-452f-ab4d-589327eb2715)] -> xpath: //p//word], [[FirefoxDriver: firefox on LINUX (358f877c-4143-452f-ab4d-589327eb2715)] -> xpath: //p//word], [[FirefoxDriver: firefox on LINUX (358f877c-4143-452f-ab4d-589327eb2715)] -> xpath: //p//word], [[FirefoxDriver: firefox on LINUX (358f877c-4143-452f-ab4d-589327eb2715)] -> xpath: //p//word], [[FirefoxDriver: firefox on LINUX (358f877c-4143-452f-ab4d-589327eb2715)] -> xpath: //p//word], [[FirefoxDriver: firefox on LINUX (358f877c-4143-452f-ab4d-589327eb2715)] -> xpath: //p//word], [[FirefoxDriver: firefox on LINUX (358f877c-4143-452f-ab4d-589327eb2715)] -> xpath: //p//word], [[FirefoxDriver: firefox on LINUX (358f877c-4143-452f-ab4d-589327eb2715)] -> xpath: //p//word], [[FirefoxDriver: firefox on LINUX (358f877c-4143-452f-ab4d-589327eb2715)] -> xpath: //p//word], [[FirefoxDriver: firefox on LINUX (358f877c-4143-452f-ab4d-589327eb2715)] -> xpath: //p//word], [[FirefoxDriver: firefox on LINUX (358f877c-4143-452f-ab4d-589327eb2715)] -> xpath: //p//word], [[FirefoxDriver: firefox on LINUX (358f877c-4143-452f-ab4d-589327eb2715)] -> xpath: //p//word], [[FirefoxDriver: firefox on LINUX (358f877c-4143-452f-ab4d-589327eb2715)] -> xpath: //p//word], [[FirefoxDriver: firefox on LINUX (358f877c-4143-452f-ab4d-589327eb2715)] -> xpath: //p//word], [[FirefoxDriver: firefox on LINUX (358f877c-4143-452f-ab4d-589327eb2715)] -> xpath: //p//word], [[FirefoxDriver: firefox on LINUX (358f877c-4143-452f-ab4d-589327eb2715)] -> xpath: //p//word], [[FirefoxDriver: firefox on LINUX (358f877c-4143-452f-ab4d-589327eb2715)] -> xpath: //p//word], [[FirefoxDriver: firefox on LINUX (358f877c-4143-452f-ab4d-589327eb2715)] -> xpath: //p//word], [[FirefoxDriver: firefox on LINUX (358f877c-4143-452f-ab4d-589327eb2715)] -> xpath: //p//word], [[FirefoxDriver: firefox on LINUX (358f877c-4143-452f-ab4d-589327eb2715)] -> xpath: //p//word], [[FirefoxDriver: firefox on LINUX (358f877c-4143-452f-ab4d-589327eb2715)] -> xpath: //p//word], [[FirefoxDriver: firefox on LINUX (358f877c-4143-452f-ab4d-589327eb2715)] -> xpath: //p//word], [[FirefoxDriver: firefox on LINUX (358f877c-4143-452f-ab4d-589327eb2715)] -> xpath: //p//word], [[FirefoxDriver: firefox on LINUX (358f877c-4143-452f-ab4d-589327eb2715)] -> xpath: //p//word], [[FirefoxDriver: firefox on LINUX (358f877c-4143-452f-ab4d-589327eb2715)] -> xpath: //p//word], [[FirefoxDriver: firefox on LINUX (358f877c-4143-452f-ab4d-589327eb2715)] -> xpath: //p//word], [[FirefoxDriver: firefox on LINUX (358f877c-4143-452f-ab4d-589327eb2715)] -> xpath: //p//word], [[FirefoxDriver: firefox on LINUX (358f877c-4143-452f-ab4d-589327eb2715)] -> xpath: //p//word], [[FirefoxDriver: firefox on LINUX (358f877c-4143-452f-ab4d-589327eb2715)] -> xpath: //p//word], [[FirefoxDriver: firefox on LINUX (358f877c-4143-452f-ab4d-589327eb2715)] -> xpath: //p//word], [[FirefoxDriver: firefox on LINUX (358f877c-4143-452f-ab4d-589327eb2715)] -> xpath: //p//word], [[FirefoxDriver: firefox on LINUX (358f877c-4143-452f-ab4d-589327eb2715)] -> xpath: //p//word], [[FirefoxDriver: firefox on LINUX (358f877c-4143-452f-ab4d-589327eb2715)] -> xpath: //p//word], [[FirefoxDriver: firefox on LINUX (358f877c-4143-452f-ab4d-589327eb2715)] -> xpath: //p//word], [[FirefoxDriver: firefox on LINUX (358f877c-4143-452f-ab4d-589327eb2715)] -> xpath: //p//word], [[FirefoxDriver: firefox on LINUX (358f877c-4143-452f-ab4d-589327eb2715)] -> xpath: //p//word], [[FirefoxDriver: firefox on LINUX (358f877c-4143-452f-ab4d-589327eb2715)] -> xpath: //p//word], [[FirefoxDriver: firefox on LINUX (358f877c-4143-452f-ab4d-589327eb2715)] -> xpath: //p//word], [[FirefoxDriver: firefox on LINUX (358f877c-4143-452f-ab4d-589327eb2715)] -> xpath: //p//word], [[FirefoxDriver: firefox on LINUX (358f877c-4143-452f-ab4d-589327eb2715)] -> xpath: //p//word], [[FirefoxDriver: firefox on LINUX (358f877c-4143-452f-ab4d-589327eb2715)] -> xpath: //p//word], [[FirefoxDriver: firefox on LINUX (358f877c-4143-452f-ab4d-589327eb2715)] -> xpath: //p//word], [[FirefoxDriver: firefox on LINUX (358f877c-4143-452f-ab4d-589327eb2715)] -> xpath: //p//word], [[FirefoxDriver: firefox on LINUX (358f877c-4143-452f-ab4d-589327eb2715)] -> xpath: //p//word], [[FirefoxDriver: firefox on LINUX (358f877c-4143-452f-ab4d-589327eb2715)] -> xpath: //p//word], [[FirefoxDriver: firefox on LINUX (358f877c-4143-452f-ab4d-589327eb2715)] -> xpath: //p//word], [[FirefoxDriver: firefox on LINUX (358f877c-4143-452f-ab4d-589327eb2715)] -> xpath: //p//word], [[FirefoxDriver: firefox on LINUX (358f877c-4143-452f-ab4d-589327eb2715)] -> xpath: //p//word], [[FirefoxDriver: firefox on LINUX (358f877c-4143-452f-ab4d-589327eb2715)] -> xpath: //p//word], [[FirefoxDriver: firefox on LINUX (358f877c-4143-452f-ab4d-589327eb2715)] -> xpath: //p//word], [[FirefoxDriver: firefox on LINUX (358f877c-4143-452f-ab4d-589327eb2715)] -> xpath: //p//word], [[FirefoxDriver: firefox on LINUX (358f877c-4143-452f-ab4d-589327eb2715)] -> xpath: //p//word], [[FirefoxDriver: firefox on LINUX (358f877c-4143-452f-ab4d-589327eb2715)] -> xpath: //p//word], [[FirefoxDriver: firefox on LINUX (358f877c-4143-452f-ab4d-589327eb2715)] -> xpath: //p//word], [[FirefoxDriver: firefox on LINUX (358f877c-4143-452f-ab4d-589327eb2715)] -> xpath: //p//word], [[FirefoxDriver: firefox on LINUX (358f877c-4143-452f-ab4d-589327eb2715)] -> xpath: //p//word], [[FirefoxDriver: firefox on LINUX (358f877c-4143-452f-ab4d-589327eb2715)] -> xpath: //p//word], [[FirefoxDriver: firefox on LINUX (358f877c-4143-452f-ab4d-589327eb2715)] -> xpath: //p//word], [[FirefoxDriver: firefox on LINUX (358f877c-4143-452f-ab4d-589327eb2715)] -> xpath: //p//word], [[FirefoxDriver: firefox on LINUX (358f877c-4143-452f-ab4d-589327eb2715)] -> xpath: //p//word], [[FirefoxDriver: firefox on LINUX (358f877c-4143-452f-ab4d-589327eb2715)] -> xpath: //p//word], [[FirefoxDriver: firefox on LINUX (358f877c-4143-452f-ab4d-589327eb2715)] -> xpath: //p//word], [[FirefoxDriver: firefox on LINUX (358f877c-4143-452f-ab4d-589327eb2715)] -> xpath: //p//word], [[FirefoxDriver: firefox on LINUX (358f877c-4143-452f-ab4d-589327eb2715)] -> xpath: //p//word], [[FirefoxDriver: firefox on LINUX (358f877c-4143-452f-ab4d-589327eb2715)] -> xpath: //p//word], [[FirefoxDriver: firefox on LINUX (358f877c-4143-452f-ab4d-589327eb2715)] -> xpath: //p//word], [[FirefoxDriver: firefox on LINUX (358f877c-4143-452f-ab4d-589327eb2715)] -> xpath: //p//word], [[FirefoxDriver: firefox on LINUX (358f877c-4143-452f-ab4d-589327eb2715)] -> xpath: //p//word], [[FirefoxDriver: firefox on LINUX (358f877c-4143-452f-ab4d-589327eb2715)] -> xpath: //p//word], [[FirefoxDriver: firefox on LINUX (358f877c-4143-452f-ab4d-589327eb2715)] -> xpath: //p//word], [[FirefoxDriver: firefox on LINUX (358f877c-4143-452f-ab4d-589327eb2715)] -> xpath: //p//word], [[FirefoxDriver: firefox on LINUX (358f877c-4143-452f-ab4d-589327eb2715)] -> xpath: //p//word], [[FirefoxDriver: firefox on LINUX (358f877c-4143-452f-ab4d-589327eb2715)] -> xpath: //p//word], [[FirefoxDriver: firefox on LINUX (358f877c-4143-452f-ab4d-589327eb2715)] -> xpath: //p//word], [[FirefoxDriver: firefox on LINUX (358f877c-4143-452f-ab4d-589327eb2715)] -> xpath: //p//word], [[FirefoxDriver: firefox on LINUX (358f877c-4143-452f-ab4d-589327eb2715)] -> xpath: //p//word], [[FirefoxDriver: firefox on LINUX (358f877c-4143-452f-ab4d-589327eb2715)] -> xpath: //p//word], [[FirefoxDriver: firefox on LINUX (358f877c-4143-452f-ab4d-589327eb2715)] -> xpath: //p//word], [[FirefoxDriver: firefox on LINUX (358f877c-4143-452f-ab4d-589327eb2715)] -> xpath: //p//word], [[FirefoxDriver: firefox on LINUX (358f877c-4143-452f-ab4d-589327eb2715)] -> xpath: //p//word], [[FirefoxDriver: firefox on LINUX (358f877c-4143-452f-ab4d-589327eb2715)] -> xpath: //p//word], [[FirefoxDriver: firefox on LINUX (358f877c-4143-452f-ab4d-589327eb2715)] -> xpath: //p//word], [[FirefoxDriver: firefox on LINUX (358f877c-4143-452f-ab4d-589327eb2715)] -> xpath: //p//word], [[FirefoxDriver: firefox on LINUX (358f877c-4143-452f-ab4d-589327eb2715)] -> xpath: //p//word], [[FirefoxDriver: firefox on LINUX (358f877c-4143-452f-ab4d-589327eb2715)] -> xpath: //p//word], [[FirefoxDriver: firefox on LINUX (358f877c-4143-452f-ab4d-589327eb2715)] -> xpath: //p//word], [[FirefoxDriver: firefox on LINUX (358f877c-4143-452f-ab4d-589327eb2715)] -> xpath: //p//word], [[FirefoxDriver: firefox on LINUX (358f877c-4143-452f-ab4d-589327eb2715)] -> xpath: //p//word], [[FirefoxDriver: firefox on LINUX (358f877c-4143-452f-ab4d-589327eb2715)] -> xpath: //p//word], [[FirefoxDriver: firefox on LINUX (358f877c-4143-452f-ab4d-589327eb2715)] -> xpath: //p//word], [[FirefoxDriver: firefox on LINUX (358f877c-4143-452f-ab4d-589327eb2715)] -> xpath: //p//word], [[FirefoxDriver: firefox on LINUX (358f877c-4143-452f-ab4d-589327eb2715)] -> xpath: //p//word], [[FirefoxDriver: firefox on LINUX (358f877c-4143-452f-ab4d-589327eb2715)] -> xpath: //p//word], [[FirefoxDriver: firefox on LINUX (358f877c-4143-452f-ab4d-589327eb2715)] -> xpath: //p//word], [[FirefoxDriver: firefox on LINUX (358f877c-4143-452f-ab4d-589327eb2715)] -> xpath: //p//word], [[FirefoxDriver: firefox on LINUX (358f877c-4143-452f-ab4d-589327eb2715)] -> xpath: //p//word], [[FirefoxDriver: firefox on LINUX (358f877c-4143-452f-ab4d-589327eb2715)] -> xpath: //p//word], [[FirefoxDriver: firefox on LINUX (358f877c-4143-452f-ab4d-589327eb2715)] -> xpath: //p//word], [[FirefoxDriver: firefox on LINUX (358f877c-4143-452f-ab4d-589327eb2715)] -> xpath: //p//word], [[FirefoxDriver: firefox on LINUX (358f877c-4143-452f-ab4d-589327eb2715)] -> xpath: //p//word], [[FirefoxDriver: firefox on LINUX (358f877c-4143-452f-ab4d-589327eb2715)] -> xpath: //p//word], [[FirefoxDriver: firefox on LINUX (358f877c-4143-452f-ab4d-589327eb2715)] -> xpath: //p//word], [[FirefoxDriver: firefox on LINUX (358f877c-4143-452f-ab4d-589327eb2715)] -> xpath: //p//word], [[FirefoxDriver: firefox on LINUX (358f877c-4143-452f-ab4d-589327eb2715)] -> xpath: //p//word], [[FirefoxDriver: firefox on LINUX (358f877c-4143-452f-ab4d-589327eb2715)] -> xpath: //p//word], [[FirefoxDriver: firefox on LINUX (358f877c-4143-452f-ab4d-589327eb2715)] -> xpath: //p//word], [[FirefoxDriver: firefox on LINUX (358f877c-4143-452f-ab4d-589327eb2715)] -> xpath: //p//word], [[FirefoxDriver: firefox on LINUX (358f877c-4143-452f-ab4d-589327eb2715)] -> xpath: //p//word], [[FirefoxDriver: firefox on LINUX (358f877c-4143-452f-ab4d-589327eb2715)] -> xpath: //p//word], [[FirefoxDriver: firefox on LINUX (358f877c-4143-452f-ab4d-589327eb2715)] -> xpath: //p//word], [[FirefoxDriver: firefox on LINUX (358f877c-4143-452f-ab4d-589327eb2715)] -> xpath: //p//word], [[FirefoxDriver: firefox on LINUX (358f877c-4143-452f-ab4d-589327eb2715)] -> xpath: //p//word], [[FirefoxDriver: firefox on LINUX (358f877c-4143-452f-ab4d-589327eb2715)] -> xpath: //p//word], [[FirefoxDriver: firefox on LINUX (358f877c-4143-452f-ab4d-589327eb2715)] -> xpath: //p//word], [[FirefoxDriver: firefox on LINUX (358f877c-4143-452f-ab4d-589327eb2715)] -> xpath: //p//word], [[FirefoxDriver: firefox on LINUX (358f877c-4143-452f-ab4d-589327eb2715)] -> xpath: //p//word], [[FirefoxDriver: firefox on LINUX (358f877c-4143-452f-ab4d-589327eb2715)] -> xpath: //p//word], [[FirefoxDriver: firefox on LINUX (358f877c-4143-452f-ab4d-589327eb2715)] -> xpath: //p//word], [[FirefoxDriver: firefox on LINUX (358f877c-4143-452f-ab4d-589327eb2715)] -> xpath: //p//word], [[FirefoxDriver: firefox on LINUX (358f877c-4143-452f-ab4d-589327eb2715)] -> xpath: //p//word], [[FirefoxDriver: firefox on LINUX (358f877c-4143-452f-ab4d-589327eb2715)] -> xpath: //p//word], [[FirefoxDriver: firefox on LINUX (358f877c-4143-452f-ab4d-589327eb2715)] -> xpath: //p//word], [[FirefoxDriver: firefox on LINUX (358f877c-4143-452f-ab4d-589327eb2715)] -> xpath: //p//word], [[FirefoxDriver: firefox on LINUX (358f877c-4143-452f-ab4d-589327eb2715)] -> xpath: //p//word], [[FirefoxDriver: firefox on LINUX (358f877c-4143-452f-ab4d-589327eb2715)] -> xpath: //p//word], [[FirefoxDriver: firefox on LINUX (358f877c-4143-452f-ab4d-589327eb2715)] -> xpath: //p//word], [[FirefoxDriver: firefox on LINUX (358f877c-4143-452f-ab4d-589327eb2715)] -> xpath: //p//word], [[FirefoxDriver: firefox on LINUX (358f877c-4143-452f-ab4d-589327eb2715)] -> xpath: //p//word], [[FirefoxDriver: firefox on LINUX (358f877c-4143-452f-ab4d-589327eb2715)] -> xpath: //p//word], [[FirefoxDriver: firefox on LINUX (358f877c-4143-452f-ab4d-589327eb2715)] -> xpath: //p//word], [[FirefoxDriver: firefox on LINUX (358f877c-4143-452f-ab4d-589327eb2715)] -> xpath: //p//word], [[FirefoxDriver: firefox on LINUX (358f877c-4143-452f-ab4d-589327eb2715)] -> xpath: //p//word], [[FirefoxDriver: firefox on LINUX (358f877c-4143-452f-ab4d-589327eb2715)] -> xpath: //p//word], [[FirefoxDriver: firefox on LINUX (358f877c-4143-452f-ab4d-589327eb2715)] -> xpath: //p//word], [[FirefoxDriver: firefox on LINUX (358f877c-4143-452f-ab4d-589327eb2715)] -> xpath: //p//word], [[FirefoxDriver: firefox on LINUX (358f877c-4143-452f-ab4d-589327eb2715)] -> xpath: //p//word], [[FirefoxDriver: firefox on LINUX (358f877c-4143-452f-ab4d-589327eb2715)] -> xpath: //p//word], [[FirefoxDriver: firefox on LINUX (358f877c-4143-452f-ab4d-589327eb2715)] -> xpath: //p//word], [[FirefoxDriver: firefox on LINUX (358f877c-4143-452f-ab4d-589327eb2715)] -> xpath: //p//word], [[FirefoxDriver: firefox on LINUX (358f877c-4143-452f-ab4d-589327eb2715)] -> xpath: //p//word], [[FirefoxDriver: firefox on LINUX (358f877c-4143-452f-ab4d-589327eb2715)] -> xpath: //p//word], [[FirefoxDriver: firefox on LINUX (358f877c-4143-452f-ab4d-589327eb2715)] -> xpath: //p//word], [[FirefoxDriver: firefox on LINUX (358f877c-4143-452f-ab4d-589327eb2715)] -> xpath: //p//word], [[FirefoxDriver: firefox on LINUX (358f877c-4143-452f-ab4d-589327eb2715)] -> xpath: //p//word], [[FirefoxDriver: firefox on LINUX (358f877c-4143-452f-ab4d-589327eb2715)] -> xpath: //p//word], [[FirefoxDriver: firefox on LINUX (358f877c-4143-452f-ab4d-589327eb2715)] -> xpath: //p//word], [[FirefoxDriver: firefox on LINUX (358f877c-4143-452f-ab4d-589327eb2715)] -> xpath: //p//word], [[FirefoxDriver: firefox on LINUX (358f877c-4143-452f-ab4d-589327eb2715)] -> xpath: //p//word], [[FirefoxDriver: firefox on LINUX (358f877c-4143-452f-ab4d-589327eb2715)] -> xpath: //p//word], [[FirefoxDriver: firefox on LINUX (358f877c-4143-452f-ab4d-589327eb2715)] -> xpath: //p//word], [[FirefoxDriver: firefox on LINUX (358f877c-4143-452f-ab4d-589327eb2715)] -> xpath: //p//word], [[FirefoxDriver: firefox on LINUX (358f877c-4143-452f-ab4d-589327eb2715)] -> xpath: //p//word], [[FirefoxDriver: firefox on LINUX (358f877c-4143-452f-ab4d-589327eb2715)] -> xpath: //p//word], [[FirefoxDriver: firefox on LINUX (358f877c-4143-452f-ab4d-589327eb2715)] -> xpath: //p//word], [[FirefoxDriver: firefox on LINUX (358f877c-4143-452f-ab4d-589327eb2715)] -> xpath: //p//word], [[FirefoxDriver: firefox on LINUX (358f877c-4143-452f-ab4d-589327eb2715)] -> xpath: //p//word], [[FirefoxDriver: firefox on LINUX (358f877c-4143-452f-ab4d-589327eb2715)] -> xpath: //p//word], [[FirefoxDriver: firefox on LINUX (358f877c-4143-452f-ab4d-589327eb2715)] -> xpath: //p//word], [[FirefoxDriver: firefox on LINUX (358f877c-4143-452f-ab4d-589327eb2715)] -> xpath: //p//word], [[FirefoxDriver: firefox on LINUX (358f877c-4143-452f-ab4d-589327eb2715)] -> xpath: //p//word], [[FirefoxDriver: firefox on LINUX (358f877c-4143-452f-ab4d-589327eb2715)] -> xpath: //p//word], [[FirefoxDriver: firefox on LINUX (358f877c-4143-452f-ab4d-589327eb2715)] -> xpath: //p//word], [[FirefoxDriver: firefox on LINUX (358f877c-4143-452f-ab4d-589327eb2715)] -> xpath: //p//word], [[FirefoxDriver: firefox on LINUX (358f877c-4143-452f-ab4d-589327eb2715)] -> xpath: //p//word], [[FirefoxDriver: firefox on LINUX (358f877c-4143-452f-ab4d-589327eb2715)] -> xpath: //p//word], [[FirefoxDriver: firefox on LINUX (358f877c-4143-452f-ab4d-589327eb2715)] -> xpath: //p//word], [[FirefoxDriver: firefox on LINUX (358f877c-4143-452f-ab4d-589327eb2715)] -> xpath: //p//word], [[FirefoxDriver: firefox on LINUX (358f877c-4143-452f-ab4d-589327eb2715)] -> xpath: //p//word], [[FirefoxDriver: firefox on LINUX (358f877c-4143-452f-ab4d-589327eb2715)] -> xpath: //p//word], [[FirefoxDriver: firefox on LINUX (358f877c-4143-452f-ab4d-589327eb2715)] -> xpath: //p//word], [[FirefoxDriver: firefox on LINUX (358f877c-4143-452f-ab4d-589327eb2715)] -> xpath: //p//word], [[FirefoxDriver: firefox on LINUX (358f877c-4143-452f-ab4d-589327eb2715)] -> xpath: //p//word], [[FirefoxDriver: firefox on LINUX (358f877c-4143-452f-ab4d-589327eb2715)] -> xpath: //p//word], [[FirefoxDriver: firefox on LINUX (358f877c-4143-452f-ab4d-589327eb2715)] -> xpath: //p//word], [[FirefoxDriver: firefox on LINUX (358f877c-4143-452f-ab4d-589327eb2715)] -> xpath: //p//word], [[FirefoxDriver: firefox on LINUX (358f877c-4143-452f-ab4d-589327eb2715)] -> xpath: //p//word], [[FirefoxDriver: firefox on LINUX (358f877c-4143-452f-ab4d-589327eb2715)] -> xpath: //p//word], [[FirefoxDriver: firefox on LINUX (358f877c-4143-452f-ab4d-589327eb2715)] -> xpath: //p//word], [[FirefoxDriver: firefox on LINUX (358f877c-4143-452f-ab4d-589327eb2715)] -> xpath: //p//word], [[FirefoxDriver: firefox on LINUX (358f877c-4143-452f-ab4d-589327eb2715)] -> xpath: //p//word], [[FirefoxDriver: firefox on LINUX (358f877c-4143-452f-ab4d-589327eb2715)] -> xpath: //p//word], [[FirefoxDriver: firefox on LINUX (358f877c-4143-452f-ab4d-589327eb2715)] -> xpath: //p//word], [[FirefoxDriver: firefox on LINUX (358f877c-4143-452f-ab4d-589327eb2715)] -> xpath: //p//word], [[FirefoxDriver: firefox on LINUX (358f877c-4143-452f-ab4d-589327eb2715)] -> xpath: //p//word], [[FirefoxDriver: firefox on LINUX (358f877c-4143-452f-ab4d-589327eb2715)] -> xpath: //p//word], [[FirefoxDriver: firefox on LINUX (358f877c-4143-452f-ab4d-589327eb2715)] -> xpath: //p//word], [[FirefoxDriver: firefox on LINUX (358f877c-4143-452f-ab4d-589327eb2715)] -> xpath: //p//word], [[FirefoxDriver: firefox on LINUX (358f877c-4143-452f-ab4d-589327eb2715)] -> xpath: //p//word], [[FirefoxDriver: firefox on LINUX (358f877c-4143-452f-ab4d-589327eb2715)] -> xpath: //p//word], [[FirefoxDriver: firefox on LINUX (358f877c-4143-452f-ab4d-589327eb2715)] -> xpath: //p//word], [[FirefoxDriver: firefox on LINUX (358f877c-4143-452f-ab4d-589327eb2715)] -> xpath: //p//word], [[FirefoxDriver: firefox on LINUX (358f877c-4143-452f-ab4d-589327eb2715)] -> xpath: //p//word], [[FirefoxDriver: firefox on LINUX (358f877c-4143-452f-ab4d-589327eb2715)] -> xpath: //p//word], [[FirefoxDriver: firefox on LINUX (358f877c-4143-452f-ab4d-589327eb2715)] -> xpath: //p//word], [[FirefoxDriver: firefox on LINUX (358f877c-4143-452f-ab4d-589327eb2715)] -> xpath: //p//word], [[FirefoxDriver: firefox on LINUX (358f877c-4143-452f-ab4d-589327eb2715)] -> xpath: //p//word], [[FirefoxDriver: firefox on LINUX (358f877c-4143-452f-ab4d-589327eb2715)] -> xpath: //p//word], [[FirefoxDriver: firefox on LINUX (358f877c-4143-452f-ab4d-589327eb2715)] -> xpath: //p//word], [[FirefoxDriver: firefox on LINUX (358f877c-4143-452f-ab4d-589327eb2715)] -> xpath: //p//word], [[FirefoxDriver: firefox on LINUX (358f877c-4143-452f-ab4d-589327eb2715)] -> xpath: //p//word], [[FirefoxDriver: firefox on LINUX (358f877c-4143-452f-ab4d-589327eb2715)] -> xpath: //p//word], [[FirefoxDriver: firefox on LINUX (358f877c-4143-452f-ab4d-589327eb2715)] -> xpath: //p//word], [[FirefoxDriver: firefox on LINUX (358f877c-4143-452f-ab4d-589327eb2715)] -> xpath: //p//word], [[FirefoxDriver: firefox on LINUX (358f877c-4143-452f-ab4d-589327eb2715)] -> xpath: //p//word], [[FirefoxDriver: firefox on LINUX (358f877c-4143-452f-ab4d-589327eb2715)] -> xpath: //p//word], [[FirefoxDriver: firefox on LINUX (358f877c-4143-452f-ab4d-589327eb2715)] -> xpath: //p//word], [[FirefoxDriver: firefox on LINUX (358f877c-4143-452f-ab4d-589327eb2715)] -> xpath: //p//word], [[FirefoxDriver: firefox on LINUX (358f877c-4143-452f-ab4d-589327eb2715)] -> xpath: //p//word], [[FirefoxDriver: firefox on LINUX (358f877c-4143-452f-ab4d-589327eb2715)] -> xpath: //p//word], [[FirefoxDriver: firefox on LINUX (358f877c-4143-452f-ab4d-589327eb2715)] -> xpath: //p//word], [[FirefoxDriver: firefox on LINUX (358f877c-4143-452f-ab4d-589327eb2715)] -> xpath: //p//word], [[FirefoxDriver: firefox on LINUX (358f877c-4143-452f-ab4d-589327eb2715)] -> xpath: //p//word], [[FirefoxDriver: firefox on LINUX (358f877c-4143-452f-ab4d-589327eb2715)] -> xpath: //p//word], [[FirefoxDriver: firefox on LINUX (358f877c-4143-452f-ab4d-589327eb2715)] -> xpath: //p//word], [[FirefoxDriver: firefox on LINUX (358f877c-4143-452f-ab4d-589327eb2715)] -> xpath: //p//word], [[FirefoxDriver: firefox on LINUX (358f877c-4143-452f-ab4d-589327eb2715)] -> xpath: //p//word], [[FirefoxDriver: firefox on LINUX (358f877c-4143-452f-ab4d-589327eb2715)] -> xpath: //p//word], [[FirefoxDriver: firefox on LINUX (358f877c-4143-452f-ab4d-589327eb2715)] -> xpath: //p//word], [[FirefoxDriver: firefox on LINUX (358f877c-4143-452f-ab4d-589327eb2715)] -> xpath: //p//word], [[FirefoxDriver: firefox on LINUX (358f877c-4143-452f-ab4d-589327eb2715)] -> xpath: //p//word], [[FirefoxDriver: firefox on LINUX (358f877c-4143-452f-ab4d-589327eb2715)] -> xpath: //p//word], [[FirefoxDriver: firefox on LINUX (358f877c-4143-452f-ab4d-589327eb2715)] -> xpath: //p//word], [[FirefoxDriver: firefox on LINUX (358f877c-4143-452f-ab4d-589327eb2715)] -> xpath: //p//word], [[FirefoxDriver: firefox on LINUX (358f877c-4143-452f-ab4d-589327eb2715)] -> xpath: //p//word], [[FirefoxDriver: firefox on LINUX (358f877c-4143-452f-ab4d-589327eb2715)] -> xpath: //p//word], [[FirefoxDriver: firefox on LINUX (358f877c-4143-452f-ab4d-589327eb2715)] -> xpath: //p//word], [[FirefoxDriver: firefox on LINUX (358f877c-4143-452f-ab4d-589327eb2715)] -> xpath: //p//word], [[FirefoxDriver: firefox on LINUX (358f877c-4143-452f-ab4d-589327eb2715)] -> xpath: //p//word], [[FirefoxDriver: firefox on LINUX (358f877c-4143-452f-ab4d-589327eb2715)] -> xpath: //p//word], [[FirefoxDriver: firefox on LINUX (358f877c-4143-452f-ab4d-589327eb2715)] -> xpath: //p//word], [[FirefoxDriver: firefox on LINUX (358f877c-4143-452f-ab4d-589327eb2715)] -> xpath: //p//word], [[FirefoxDriver: firefox on LINUX (358f877c-4143-452f-ab4d-589327eb2715)] -> xpath: //p//word], [[FirefoxDriver: firefox on LINUX (358f877c-4143-452f-ab4d-589327eb2715)] -> xpath: //p//word], [[FirefoxDriver: firefox on LINUX (358f877c-4143-452f-ab4d-589327eb2715)] -> xpath: //p//word], [[FirefoxDriver: firefox on LINUX (358f877c-4143-452f-ab4d-589327eb2715)] -> xpath: //p//word], [[FirefoxDriver: firefox on LINUX (358f877c-4143-452f-ab4d-589327eb2715)] -> xpath: //p//word], [[FirefoxDriver: firefox on LINUX (358f877c-4143-452f-ab4d-589327eb2715)] -> xpath: //p//word], [[FirefoxDriver: firefox on LINUX (358f877c-4143-452f-ab4d-589327eb2715)] -> xpath: //p//word], [[FirefoxDriver: firefox on LINUX (358f877c-4143-452f-ab4d-589327eb2715)] -> xpath: //p//word], [[FirefoxDriver: firefox on LINUX (358f877c-4143-452f-ab4d-589327eb2715)] -> xpath: //p//word], [[FirefoxDriver: firefox on LINUX (358f877c-4143-452f-ab4d-589327eb2715)] -> xpath: //p//word], [[FirefoxDriver: firefox on LINUX (358f877c-4143-452f-ab4d-589327eb2715)] -> xpath: //p//word], [[FirefoxDriver: firefox on LINUX (358f877c-4143-452f-ab4d-589327eb2715)] -> xpath: //p//word], [[FirefoxDriver: firefox on LINUX (358f877c-4143-452f-ab4d-589327eb2715)] -> xpath: //p//word], [[FirefoxDriver: firefox on LINUX (358f877c-4143-452f-ab4d-589327eb2715)] -> xpath: //p//word], [[FirefoxDriver: firefox on LINUX (358f877c-4143-452f-ab4d-589327eb2715)] -> xpath: //p//word], [[FirefoxDriver: firefox on LINUX (358f877c-4143-452f-ab4d-589327eb2715)] -> xpath: //p//word], [[FirefoxDriver: firefox on LINUX (358f877c-4143-452f-ab4d-589327eb2715)] -> xpath: //p//word], [[FirefoxDriver: firefox on LINUX (358f877c-4143-452f-ab4d-589327eb2715)] -> xpath: //p//word], [[FirefoxDriver: firefox on LINUX (358f877c-4143-452f-ab4d-589327eb2715)] -> xpath: //p//word], [[FirefoxDriver: firefox on LINUX (358f877c-4143-452f-ab4d-589327eb2715)] -> xpath: //p//word], [[FirefoxDriver: firefox on LINUX (358f877c-4143-452f-ab4d-589327eb2715)] -> xpath: //p//word], [[FirefoxDriver: firefox on LINUX (358f877c-4143-452f-ab4d-589327eb2715)] -> xpath: //p//word], [[FirefoxDriver: firefox on LINUX (358f877c-4143-452f-ab4d-589327eb2715)] -> xpath: //p//word], [[FirefoxDriver: firefox on LINUX (358f877c-4143-452f-ab4d-589327eb2715)] -> xpath: //p//word], [[FirefoxDriver: firefox on LINUX (358f877c-4143-452f-ab4d-589327eb2715)] -> xpath: //p//word], [[FirefoxDriver: firefox on LINUX (358f877c-4143-452f-ab4d-589327eb2715)] -> xpath: //p//word], [[FirefoxDriver: firefox on LINUX (358f877c-4143-452f-ab4d-589327eb2715)] -> xpath: //p//word], [[FirefoxDriver: firefox on LINUX (358f877c-4143-452f-ab4d-589327eb2715)] -> xpath: //p//word], [[FirefoxDriver: firefox on LINUX (358f877c-4143-452f-ab4d-589327eb2715)] -> xpath: //p//word], [[FirefoxDriver: firefox on LINUX (358f877c-4143-452f-ab4d-589327eb2715)] -> xpath: //p//word], [[FirefoxDriver: firefox on LINUX (358f877c-4143-452f-ab4d-589327eb2715)] -> xpath: //p//word], [[FirefoxDriver: firefox on LINUX (358f877c-4143-452f-ab4d-589327eb2715)] -> xpath: //p//word], [[FirefoxDriver: firefox on LINUX (358f877c-4143-452f-ab4d-589327eb2715)] -> xpath: //p//word], [[FirefoxDriver: firefox on LINUX (358f877c-4143-452f-ab4d-589327eb2715)] -> xpath: //p//word], [[FirefoxDriver: firefox on LINUX (358f877c-4143-452f-ab4d-589327eb2715)] -> xpath: //p//word], [[FirefoxDriver: firefox on LINUX (358f877c-4143-452f-ab4d-589327eb2715)] -> xpath: //p//word], [[FirefoxDriver: firefox on LINUX (358f877c-4143-452f-ab4d-589327eb2715)] -> xpath: //p//word], [[FirefoxDriver: firefox on LINUX (358f877c-4143-452f-ab4d-589327eb2715)] -> xpath: //p//word], [[FirefoxDriver: firefox on LINUX (358f877c-4143-452f-ab4d-589327eb2715)] -> xpath: //p//word], [[FirefoxDriver: firefox on LINUX (358f877c-4143-452f-ab4d-589327eb2715)] -> xpath: //p//word], [[FirefoxDriver: firefox on LINUX (358f877c-4143-452f-ab4d-589327eb2715)] -> xpath: //p//word], [[FirefoxDriver: firefox on LINUX (358f877c-4143-452f-ab4d-589327eb2715)] -> xpath: //p//word], [[FirefoxDriver: firefox on LINUX (358f877c-4143-452f-ab4d-589327eb2715)] -> xpath: //p//word], [[FirefoxDriver: firefox on LINUX (358f877c-4143-452f-ab4d-589327eb2715)] -> xpath: //p//word], [[FirefoxDriver: firefox on LINUX (358f877c-4143-452f-ab4d-589327eb2715)] -> xpath: //p//word], [[FirefoxDriver: firefox on LINUX (358f877c-4143-452f-ab4d-589327eb2715)] -> xpath: //p//word], [[FirefoxDriver: firefox on LINUX (358f877c-4143-452f-ab4d-589327eb2715)] -> xpath: //p//word], [[FirefoxDriver: firefox on LINUX (358f877c-4143-452f-ab4d-589327eb2715)] -> xpath: //p//word], [[FirefoxDriver: firefox on LINUX (358f877c-4143-452f-ab4d-589327eb2715)] -> xpath: //p//word], [[FirefoxDriver: firefox on LINUX (358f877c-4143-452f-ab4d-589327eb2715)] -> xpath: //p//word], [[FirefoxDriver: firefox on LINUX (358f877c-4143-452f-ab4d-589327eb2715)] -> xpath: //p//word], [[FirefoxDriver: firefox on LINUX (358f877c-4143-452f-ab4d-589327eb2715)] -> xpath: //p//word], [[FirefoxDriver: firefox on LINUX (358f877c-4143-452f-ab4d-589327eb2715)] -> xpath: //p//word], [[FirefoxDriver: firefox on LINUX (358f877c-4143-452f-ab4d-589327eb2715)] -> xpath: //p//word], [[FirefoxDriver: firefox on LINUX (358f877c-4143-452f-ab4d-589327eb2715)] -> xpath: //p//word], [[FirefoxDriver: firefox on LINUX (358f877c-4143-452f-ab4d-589327eb2715)] -> xpath: //p//word], [[FirefoxDriver: firefox on LINUX (358f877c-4143-452f-ab4d-589327eb2715)] -> xpath: //p//word], [[FirefoxDriver: firefox on LINUX (358f877c-4143-452f-ab4d-589327eb2715)] -> xpath: //p//word], [[FirefoxDriver: firefox on LINUX (358f877c-4143-452f-ab4d-589327eb2715)] -> xpath: //p//word], [[FirefoxDriver: firefox on LINUX (358f877c-4143-452f-ab4d-589327eb2715)] -> xpath: //p//word], [[FirefoxDriver: firefox on LINUX (358f877c-4143-452f-ab4d-589327eb2715)] -> xpath: //p//word], [[FirefoxDriver: firefox on LINUX (358f877c-4143-452f-ab4d-589327eb2715)] -> xpath: //p//word], [[FirefoxDriver: firefox on LINUX (358f877c-4143-452f-ab4d-589327eb2715)] -> xpath: //p//word], [[FirefoxDriver: firefox on LINUX (358f877c-4143-452f-ab4d-589327eb2715)] -> xpath: //p//word], [[FirefoxDriver: firefox on LINUX (358f877c-4143-452f-ab4d-589327eb2715)] -> xpath: //p//word], [[FirefoxDriver: firefox on LINUX (358f877c-4143-452f-ab4d-589327eb2715)] -> xpath: //p//word], [[FirefoxDriver: firefox on LINUX (358f877c-4143-452f-ab4d-589327eb2715)] -> xpath: //p//word], [[FirefoxDriver: firefox on LINUX (358f877c-4143-452f-ab4d-589327eb2715)] -> xpath: //p//word], [[FirefoxDriver: firefox on LINUX (358f877c-4143-452f-ab4d-589327eb2715)] -> xpath: //p//word], [[FirefoxDriver: firefox on LINUX (358f877c-4143-452f-ab4d-589327eb2715)] -> xpath: //p//word], [[FirefoxDriver: firefox on LINUX (358f877c-4143-452f-ab4d-589327eb2715)] -> xpath: //p//word], [[FirefoxDriver: firefox on LINUX (358f877c-4143-452f-ab4d-589327eb2715)] -> xpath: //p//word], [[FirefoxDriver: firefox on LINUX (358f877c-4143-452f-ab4d-589327eb2715)] -> xpath: //p//word], [[FirefoxDriver: firefox on LINUX (358f877c-4143-452f-ab4d-589327eb2715)] -> xpath: //p//word], [[FirefoxDriver: firefox on LINUX (358f877c-4143-452f-ab4d-589327eb2715)] -> xpath: //p//word], [[FirefoxDriver: firefox on LINUX (358f877c-4143-452f-ab4d-589327eb2715)] -> xpath: //p//word], [[FirefoxDriver: firefox on LINUX (358f877c-4143-452f-ab4d-589327eb2715)] -> xpath: //p//word], [[FirefoxDriver: firefox on LINUX (358f877c-4143-452f-ab4d-589327eb2715)] -> xpath: //p//word], [[FirefoxDriver: firefox on LINUX (358f877c-4143-452f-ab4d-589327eb2715)] -> xpath: //p//word], [[FirefoxDriver: firefox on LINUX (358f877c-4143-452f-ab4d-589327eb2715)] -> xpath: //p//word], [[FirefoxDriver: firefox on LINUX (358f877c-4143-452f-ab4d-589327eb2715)] -> xpath: //p//word], [[FirefoxDriver: firefox on LINUX (358f877c-4143-452f-ab4d-589327eb2715)] -> xpath: //p//word], [[FirefoxDriver: firefox on LINUX (358f877c-4143-452f-ab4d-589327eb2715)] -> xpath: //p//word], [[FirefoxDriver: firefox on LINUX (358f877c-4143-452f-ab4d-589327eb2715)] -> xpath: //p//word], [[FirefoxDriver: firefox on LINUX (358f877c-4143-452f-ab4d-589327eb2715)] -> xpath: //p//word], [[FirefoxDriver: firefox on LINUX (358f877c-4143-452f-ab4d-589327eb2715)] -> xpath: //p//word], [[FirefoxDriver: firefox on LINUX (358f877c-4143-452f-ab4d-589327eb2715)] -> xpath: //p//word], [[FirefoxDriver: firefox on LINUX (358f877c-4143-452f-ab4d-589327eb2715)] -> xpath: //p//word], [[FirefoxDriver: firefox on LINUX (358f877c-4143-452f-ab4d-589327eb2715)] -> xpath: //p//word], [[FirefoxDriver: firefox on LINUX (358f877c-4143-452f-ab4d-589327eb2715)] -> xpath: //p//word], [[FirefoxDriver: firefox on LINUX (358f877c-4143-452f-ab4d-589327eb2715)] -> xpath: //p//word], [[FirefoxDriver: firefox on LINUX (358f877c-4143-452f-ab4d-589327eb2715)] -> xpath: //p//word], [[FirefoxDriver: firefox on LINUX (358f877c-4143-452f-ab4d-589327eb2715)] -> xpath: //p//word], [[FirefoxDriver: firefox on LINUX (358f877c-4143-452f-ab4d-589327eb2715)] -> xpath: //p//word], [[FirefoxDriver: firefox on LINUX (358f877c-4143-452f-ab4d-589327eb2715)] -> xpath: //p//word], [[FirefoxDriver: firefox on LINUX (358f877c-4143-452f-ab4d-589327eb2715)] -> xpath: //p//word], [[FirefoxDriver: firefox on LINUX (358f877c-4143-452f-ab4d-589327eb2715)] -> xpath: //p//word], [[FirefoxDriver: firefox on LINUX (358f877c-4143-452f-ab4d-589327eb2715)] -> xpath: //p//word], [[FirefoxDriver: firefox on LINUX (358f877c-4143-452f-ab4d-589327eb2715)] -> xpath: //p//word], [[FirefoxDriver: firefox on LINUX (358f877c-4143-452f-ab4d-589327eb2715)] -> xpath: //p//word], [[FirefoxDriver: firefox on LINUX (358f877c-4143-452f-ab4d-589327eb2715)] -> xpath: //p//word], [[FirefoxDriver: firefox on LINUX (358f877c-4143-452f-ab4d-589327eb2715)] -> xpath: //p//word], [[FirefoxDriver: firefox on LINUX (358f877c-4143-452f-ab4d-589327eb2715)] -> xpath: //p//word], [[FirefoxDriver: firefox on LINUX (358f877c-4143-452f-ab4d-589327eb2715)] -> xpath: //p//word], [[FirefoxDriver: firefox on LINUX (358f877c-4143-452f-ab4d-589327eb2715)] -> xpath: //p//word], [[FirefoxDriver: firefox on LINUX (358f877c-4143-452f-ab4d-589327eb2715)] -> xpath: //p//word], [[FirefoxDriver: firefox on LINUX (358f877c-4143-452f-ab4d-589327eb2715)] -> xpath: //p//word], [[FirefoxDriver: firefox on LINUX (358f877c-4143-452f-ab4d-589327eb2715)] -> xpath: //p//word], [[FirefoxDriver: firefox on LINUX (358f877c-4143-452f-ab4d-589327eb2715)] -> xpath: //p//word], [[FirefoxDriver: firefox on LINUX (358f877c-4143-452f-ab4d-589327eb2715)] -> xpath: //p//word], [[FirefoxDriver: firefox on LINUX (358f877c-4143-452f-ab4d-589327eb2715)] -> xpath: //p//word], [[FirefoxDriver: firefox on LINUX (358f877c-4143-452f-ab4d-589327eb2715)] -> xpath: //p//word], [[FirefoxDriver: firefox on LINUX (358f877c-4143-452f-ab4d-589327eb2715)] -> xpath: //p//word], [[FirefoxDriver: firefox on LINUX (358f877c-4143-452f-ab4d-589327eb2715)] -> xpath: //p//word], [[FirefoxDriver: firefox on LINUX (358f877c-4143-452f-ab4d-589327eb2715)] -> xpath: //p//word], [[FirefoxDriver: firefox on LINUX (358f877c-4143-452f-ab4d-589327eb2715)] -> xpath: //p//word], [[FirefoxDriver: firefox on LINUX (358f877c-4143-452f-ab4d-589327eb2715)] -> xpath: //p//word], [[FirefoxDriver: firefox on LINUX (358f877c-4143-452f-ab4d-589327eb2715)] -> xpath: //p//word], [[FirefoxDriver: firefox on LINUX (358f877c-4143-452f-ab4d-589327eb2715)] -> xpath: //p//word], [[FirefoxDriver: firefox on LINUX (358f877c-4143-452f-ab4d-589327eb2715)] -> xpath: //p//word], [[FirefoxDriver: firefox on LINUX (358f877c-4143-452f-ab4d-589327eb2715)] -> xpath: //p//word], [[FirefoxDriver: firefox on LINUX (358f877c-4143-452f-ab4d-589327eb2715)] -> xpath: //p//word], [[FirefoxDriver: firefox on LINUX (358f877c-4143-452f-ab4d-589327eb2715)] -> xpath: //p//word], [[FirefoxDriver: firefox on LINUX (358f877c-4143-452f-ab4d-589327eb2715)] -> xpath: //p//word], [[FirefoxDriver: firefox on LINUX (358f877c-4143-452f-ab4d-589327eb2715)] -> xpath: //p//word], [[FirefoxDriver: firefox on LINUX (358f877c-4143-452f-ab4d-589327eb2715)] -> xpath: //p//word], [[FirefoxDriver: firefox on LINUX (358f877c-4143-452f-ab4d-589327eb2715)] -> xpath: //p//word], [[FirefoxDriver: firefox on LINUX (358f877c-4143-452f-ab4d-589327eb2715)] -> xpath: //p//word], [[FirefoxDriver: firefox on LINUX (358f877c-4143-452f-ab4d-589327eb2715)] -> xpath: //p//word], [[FirefoxDriver: firefox on LINUX (358f877c-4143-452f-ab4d-589327eb2715)] -> xpath: //p//word], [[FirefoxDriver: firefox on LINUX (358f877c-4143-452f-ab4d-589327eb2715)] -> xpath: //p//word], [[FirefoxDriver: firefox on LINUX (358f877c-4143-452f-ab4d-589327eb2715)] -> xpath: //p//word], [[FirefoxDriver: firefox on LINUX (358f877c-4143-452f-ab4d-589327eb2715)] -> xpath: //p//word], [[FirefoxDriver: firefox on LINUX (358f877c-4143-452f-ab4d-589327eb2715)] -> xpath: //p//word], [[FirefoxDriver: firefox on LINUX (358f877c-4143-452f-ab4d-589327eb2715)] -> xpath: //p//word], [[FirefoxDriver: firefox on LINUX (358f877c-4143-452f-ab4d-589327eb2715)] -> xpath: //p//word], [[FirefoxDriver: firefox on LINUX (358f877c-4143-452f-ab4d-589327eb2715)] -> xpath: //p//word], [[FirefoxDriver: firefox on LINUX (358f877c-4143-452f-ab4d-589327eb2715)] -> xpath: //p//word], [[FirefoxDriver: firefox on LINUX (358f877c-4143-452f-ab4d-589327eb2715)] -> xpath: //p//word], [[FirefoxDriver: firefox on LINUX (358f877c-4143-452f-ab4d-589327eb2715)] -> xpath: //p//word], [[FirefoxDriver: firefox on LINUX (358f877c-4143-452f-ab4d-589327eb2715)] -> xpath: //p//word], [[FirefoxDriver: firefox on LINUX (358f877c-4143-452f-ab4d-589327eb2715)] -> xpath: //p//word], [[FirefoxDriver: firefox on LINUX (358f877c-4143-452f-ab4d-589327eb2715)] -> xpath: //p//word], [[FirefoxDriver: firefox on LINUX (358f877c-4143-452f-ab4d-589327eb2715)] -> xpath: //p//word], [[FirefoxDriver: firefox on LINUX (358f877c-4143-452f-ab4d-589327eb2715)] -> xpath: //p//word], [[FirefoxDriver: firefox on LINUX (358f877c-4143-452f-ab4d-589327eb2715)] -> xpath: //p//word], [[FirefoxDriver: firefox on LINUX (358f877c-4143-452f-ab4d-589327eb2715)] -> xpath: //p//word], [[FirefoxDriver: firefox on LINUX (358f877c-4143-452f-ab4d-589327eb2715)] -> xpath: //p//word], [[FirefoxDriver: firefox on LINUX (358f877c-4143-452f-ab4d-589327eb2715)] -> xpath: //p//word], [[FirefoxDriver: firefox on LINUX (358f877c-4143-452f-ab4d-589327eb2715)] -> xpath: //p//word], [[FirefoxDriver: firefox on LINUX (358f877c-4143-452f-ab4d-589327eb2715)] -> xpath: //p//word], [[FirefoxDriver: firefox on LINUX (358f877c-4143-452f-ab4d-589327eb2715)] -> xpath: //p//word], [[FirefoxDriver: firefox on LINUX (358f877c-4143-452f-ab4d-589327eb2715)] -> xpath: //p//word], [[FirefoxDriver: firefox on LINUX (358f877c-4143-452f-ab4d-589327eb2715)] -> xpath: //p//word], [[FirefoxDriver: firefox on LINUX (358f877c-4143-452f-ab4d-589327eb2715)] -> xpath: //p//word], [[FirefoxDriver: firefox on LINUX (358f877c-4143-452f-ab4d-589327eb2715)] -> xpath: //p//word], [[FirefoxDriver: firefox on LINUX (358f877c-4143-452f-ab4d-589327eb2715)] -> xpath: //p//word], [[FirefoxDriver: firefox on LINUX (358f877c-4143-452f-ab4d-589327eb2715)] -> xpath: //p//word], [[FirefoxDriver: firefox on LINUX (358f877c-4143-452f-ab4d-589327eb2715)] -> xpath: //p//word], [[FirefoxDriver: firefox on LINUX (358f877c-4143-452f-ab4d-589327eb2715)] -> xpath: //p//word], [[FirefoxDriver: firefox on LINUX (358f877c-4143-452f-ab4d-589327eb2715)] -> xpath: //p//word], [[FirefoxDriver: firefox on LINUX (358f877c-4143-452f-ab4d-589327eb2715)] -> xpath: //p//word], [[FirefoxDriver: firefox on LINUX (358f877c-4143-452f-ab4d-589327eb2715)] -> xpath: //p//word], [[FirefoxDriver: firefox on LINUX (358f877c-4143-452f-ab4d-589327eb2715)] -> xpath: //p//word], [[FirefoxDriver: firefox on LINUX (358f877c-4143-452f-ab4d-589327eb2715)] -> xpath: //p//word], [[FirefoxDriver: firefox on LINUX (358f877c-4143-452f-ab4d-589327eb2715)] -> xpath: //p//word], [[FirefoxDriver: firefox on LINUX (358f877c-4143-452f-ab4d-589327eb2715)] -> xpath: //p//word], [[FirefoxDriver: firefox on LINUX (358f877c-4143-452f-ab4d-589327eb2715)] -> xpath: //p//word], [[FirefoxDriver: firefox on LINUX (358f877c-4143-452f-ab4d-589327eb2715)] -> xpath: //p//word], [[FirefoxDriver: firefox on LINUX (358f877c-4143-452f-ab4d-589327eb2715)] -> xpath: //p//word], [[FirefoxDriver: firefox on LINUX (358f877c-4143-452f-ab4d-589327eb2715)] -> xpath: //p//word], [[FirefoxDriver: firefox on LINUX (358f877c-4143-452f-ab4d-589327eb2715)] -> xpath: //p//word], [[FirefoxDriver: firefox on LINUX (358f877c-4143-452f-ab4d-589327eb2715)] -> xpath: //p//word], [[FirefoxDriver: firefox on LINUX (358f877c-4143-452f-ab4d-589327eb2715)] -> xpath: //p//word], [[FirefoxDriver: firefox on LINUX (358f877c-4143-452f-ab4d-589327eb2715)] -> xpath: //p//word], [[FirefoxDriver: firefox on LINUX (358f877c-4143-452f-ab4d-589327eb2715)] -> xpath: //p//word], [[FirefoxDriver: firefox on LINUX (358f877c-4143-452f-ab4d-589327eb2715)] -> xpath: //p//word], [[FirefoxDriver: firefox on LINUX (358f877c-4143-452f-ab4d-589327eb2715)] -> xpath: //p//word], [[FirefoxDriver: firefox on LINUX (358f877c-4143-452f-ab4d-589327eb2715)] -> xpath: //p//word], [[FirefoxDriver: firefox on LINUX (358f877c-4143-452f-ab4d-589327eb2715)] -> xpath: //p//word], [[FirefoxDriver: firefox on LINUX (358f877c-4143-452f-ab4d-589327eb2715)] -> xpath: //p//word], [[FirefoxDriver: firefox on LINUX (358f877c-4143-452f-ab4d-589327eb2715)] -> xpath: //p//word], [[FirefoxDriver: firefox on LINUX (358f877c-4143-452f-ab4d-589327eb2715)] -> xpath: //p//word], [[FirefoxDriver: firefox on LINUX (358f877c-4143-452f-ab4d-589327eb2715)] -> xpath: //p//word], [[FirefoxDriver: firefox on LINUX (358f877c-4143-452f-ab4d-589327eb2715)] -> xpath: //p//word], [[FirefoxDriver: firefox on LINUX (358f877c-4143-452f-ab4d-589327eb2715)] -> xpath: //p//word], [[FirefoxDriver: firefox on LINUX (358f877c-4143-452f-ab4d-589327eb2715)] -> xpath: //p//word], [[FirefoxDriver: firefox on LINUX (358f877c-4143-452f-ab4d-589327eb2715)] -> xpath: //p//word], [[FirefoxDriver: firefox on LINUX (358f877c-4143-452f-ab4d-589327eb2715)] -> xpath: //p//word], [[FirefoxDriver: firefox on LINUX (358f877c-4143-452f-ab4d-589327eb2715)] -> xpath: //p//word], [[FirefoxDriver: firefox on LINUX (358f877c-4143-452f-ab4d-589327eb2715)] -> xpath: //p//word], [[FirefoxDriver: firefox on LINUX (358f877c-4143-452f-ab4d-589327eb2715)] -> xpath: //p//word], [[FirefoxDriver: firefox on LINUX (358f877c-4143-452f-ab4d-589327eb2715)] -> xpath: //p//word], [[FirefoxDriver: firefox on LINUX (358f877c-4143-452f-ab4d-589327eb2715)] -> xpath: //p//word], [[FirefoxDriver: firefox on LINUX (358f877c-4143-452f-ab4d-589327eb2715)] -> xpath: //p//word], [[FirefoxDriver: firefox on LINUX (358f877c-4143-452f-ab4d-589327eb2715)] -> xpath: //p//word], [[FirefoxDriver: firefox on LINUX (358f877c-4143-452f-ab4d-589327eb2715)] -> xpath: //p//word], [[FirefoxDriver: firefox on LINUX (358f877c-4143-452f-ab4d-589327eb2715)] -> xpath: //p//word], [[FirefoxDriver: firefox on LINUX (358f877c-4143-452f-ab4d-589327eb2715)] -> xpath: //p//word], [[FirefoxDriver: firefox on LINUX (358f877c-4143-452f-ab4d-589327eb2715)] -> xpath: //p//word], [[FirefoxDriver: firefox on LINUX (358f877c-4143-452f-ab4d-589327eb2715)] -> xpath: //p//word], [[FirefoxDriver: firefox on LINUX (358f877c-4143-452f-ab4d-589327eb2715)] -> xpath: //p//word], [[FirefoxDriver: firefox on LINUX (358f877c-4143-452f-ab4d-589327eb2715)] -> xpath: //p//word], [[FirefoxDriver: firefox on LINUX (358f877c-4143-452f-ab4d-589327eb2715)] -> xpath: //p//word], [[FirefoxDriver: firefox on LINUX (358f877c-4143-452f-ab4d-589327eb2715)] -> xpath: //p//word], [[FirefoxDriver: firefox on LINUX (358f877c-4143-452f-ab4d-589327eb2715)] -> xpath: //p//word], [[FirefoxDriver: firefox on LINUX (358f877c-4143-452f-ab4d-589327eb2715)] -> xpath: //p//word], [[FirefoxDriver: firefox on LINUX (358f877c-4143-452f-ab4d-589327eb2715)] -> xpath: //p//word], [[FirefoxDriver: firefox on LINUX (358f877c-4143-452f-ab4d-589327eb2715)] -> xpath: //p//word], [[FirefoxDriver: firefox on LINUX (358f877c-4143-452f-ab4d-589327eb2715)] -> xpath: //p//word], [[FirefoxDriver: firefox on LINUX (358f877c-4143-452f-ab4d-589327eb2715)] -> xpath: //p//word], [[FirefoxDriver: firefox on LINUX (358f877c-4143-452f-ab4d-589327eb2715)] -> xpath: //p//word], [[FirefoxDriver: firefox on LINUX (358f877c-4143-452f-ab4d-589327eb2715)] -> xpath: //p//word], [[FirefoxDriver: firefox on LINUX (358f877c-4143-452f-ab4d-589327eb2715)] -> xpath: //p//word], [[FirefoxDriver: firefox on LINUX (358f877c-4143-452f-ab4d-589327eb2715)] -> xpath: //p//word], [[FirefoxDriver: firefox on LINUX (358f877c-4143-452f-ab4d-589327eb2715)] -> xpath: //p//word], [[FirefoxDriver: firefox on LINUX (358f877c-4143-452f-ab4d-589327eb2715)] -> xpath: //p//word], [[FirefoxDriver: firefox on LINUX (358f877c-4143-452f-ab4d-589327eb2715)] -> xpath: //p//word], [[FirefoxDriver: firefox on LINUX (358f877c-4143-452f-ab4d-589327eb2715)] -> xpath: //p//word], [[FirefoxDriver: firefox on LINUX (358f877c-4143-452f-ab4d-589327eb2715)] -> xpath: //p//word], [[FirefoxDriver: firefox on LINUX (358f877c-4143-452f-ab4d-589327eb2715)] -> xpath: //p//word], [[FirefoxDriver: firefox on LINUX (358f877c-4143-452f-ab4d-589327eb2715)] -> xpath: //p//word], [[FirefoxDriver: firefox on LINUX (358f877c-4143-452f-ab4d-589327eb2715)] -> xpath: //p//word], [[FirefoxDriver: firefox on LINUX (358f877c-4143-452f-ab4d-589327eb2715)] -> xpath: //p//word], [[FirefoxDriver: firefox on LINUX (358f877c-4143-452f-ab4d-589327eb2715)] -> xpath: //p//word], [[FirefoxDriver: firefox on LINUX (358f877c-4143-452f-ab4d-589327eb2715)] -> xpath: //p//word], [[FirefoxDriver: firefox on LINUX (358f877c-4143-452f-ab4d-589327eb2715)] -> xpath: //p//word], [[FirefoxDriver: firefox on LINUX (358f877c-4143-452f-ab4d-589327eb2715)] -> xpath: //p//word], [[FirefoxDriver: firefox on LINUX (358f877c-4143-452f-ab4d-589327eb2715)] -> xpath: //p//word], [[FirefoxDriver: firefox on LINUX (358f877c-4143-452f-ab4d-589327eb2715)] -> xpath: //p//word], [[FirefoxDriver: firefox on LINUX (358f877c-4143-452f-ab4d-589327eb2715)] -> xpath: //p//word], [[FirefoxDriver: firefox on LINUX (358f877c-4143-452f-ab4d-589327eb2715)] -> xpath: //p//word], [[FirefoxDriver: firefox on LINUX (358f877c-4143-452f-ab4d-589327eb2715)] -> xpath: //p//word], [[FirefoxDriver: firefox on LINUX (358f877c-4143-452f-ab4d-589327eb2715)] -> xpath: //p//word], [[FirefoxDriver: firefox on LINUX (358f877c-4143-452f-ab4d-589327eb2715)] -> xpath: //p//word], [[FirefoxDriver: firefox on LINUX (358f877c-4143-452f-ab4d-589327eb2715)] -> xpath: //p//word], [[FirefoxDriver: firefox on LINUX (358f877c-4143-452f-ab4d-589327eb2715)] -> xpath: //p//word], [[FirefoxDriver: firefox on LINUX (358f877c-4143-452f-ab4d-589327eb2715)] -> xpath: //p//word], [[FirefoxDriver: firefox on LINUX (358f877c-4143-452f-ab4d-589327eb2715)] -> xpath: //p//word], [[FirefoxDriver: firefox on LINUX (358f877c-4143-452f-ab4d-589327eb2715)] -> xpath: //p//word], [[FirefoxDriver: firefox on LINUX (358f877c-4143-452f-ab4d-589327eb2715)] -> xpath: //p//word], [[FirefoxDriver: firefox on LINUX (358f877c-4143-452f-ab4d-589327eb2715)] -> xpath: //p//word], [[FirefoxDriver: firefox on LINUX (358f877c-4143-452f-ab4d-589327eb2715)] -> xpath: //p//word], [[FirefoxDriver: firefox on LINUX (358f877c-4143-452f-ab4d-589327eb2715)] -> xpath: //p//word], [[FirefoxDriver: firefox on LINUX (358f877c-4143-452f-ab4d-589327eb2715)] -> xpath: //p//word], [[FirefoxDriver: firefox on LINUX (358f877c-4143-452f-ab4d-589327eb2715)] -> xpath: //p//word], [[FirefoxDriver: firefox on LINUX (358f877c-4143-452f-ab4d-589327eb2715)] -> xpath: //p//word], [[FirefoxDriver: firefox on LINUX (358f877c-4143-452f-ab4d-589327eb2715)] -> xpath: //p//word], [[FirefoxDriver: firefox on LINUX (358f877c-4143-452f-ab4d-589327eb2715)] -> xpath: //p//word], [[FirefoxDriver: firefox on LINUX (358f877c-4143-452f-ab4d-589327eb2715)] -> xpath: //p//word], [[FirefoxDriver: firefox on LINUX (358f877c-4143-452f-ab4d-589327eb2715)] -> xpath: //p//word], [[FirefoxDriver: firefox on LINUX (358f877c-4143-452f-ab4d-589327eb2715)] -> xpath: //p//word], [[FirefoxDriver: firefox on LINUX (358f877c-4143-452f-ab4d-589327eb2715)] -> xpath: //p//word], [[FirefoxDriver: firefox on LINUX (358f877c-4143-452f-ab4d-589327eb2715)] -> xpath: //p//word], [[FirefoxDriver: firefox on LINUX (358f877c-4143-452f-ab4d-589327eb2715)] -> xpath: //p//word], [[FirefoxDriver: firefox on LINUX (358f877c-4143-452f-ab4d-589327eb2715)] -> xpath: //p//word], [[FirefoxDriver: firefox on LINUX (358f877c-4143-452f-ab4d-589327eb2715)] -> xpath: //p//word], [[FirefoxDriver: firefox on LINUX (358f877c-4143-452f-ab4d-589327eb2715)] -> xpath: //p//word], [[FirefoxDriver: firefox on LINUX (358f877c-4143-452f-ab4d-589327eb2715)] -> xpath: //p//word], [[FirefoxDriver: firefox on LINUX (358f877c-4143-452f-ab4d-589327eb2715)] -> xpath: //p//word], [[FirefoxDriver: firefox on LINUX (358f877c-4143-452f-ab4d-589327eb2715)] -> xpath: //p//word], [[FirefoxDriver: firefox on LINUX (358f877c-4143-452f-ab4d-589327eb2715)] -> xpath: //p//word], [[FirefoxDriver: firefox on LINUX (358f877c-4143-452f-ab4d-589327eb2715)] -> xpath: //p//word], [[FirefoxDriver: firefox on LINUX (358f877c-4143-452f-ab4d-589327eb2715)] -> xpath: //p//word], [[FirefoxDriver: firefox on LINUX (358f877c-4143-452f-ab4d-589327eb2715)] -> xpath: //p//word], [[FirefoxDriver: firefox on LINUX (358f877c-4143-452f-ab4d-589327eb2715)] -> xpath: //p//word], [[FirefoxDriver: firefox on LINUX (358f877c-4143-452f-ab4d-589327eb2715)] -> xpath: //p//word], [[FirefoxDriver: firefox on LINUX (358f877c-4143-452f-ab4d-589327eb2715)] -> xpath: //p//word], [[FirefoxDriver: firefox on LINUX (358f877c-4143-452f-ab4d-589327eb2715)] -> xpath: //p//word], [[FirefoxDriver: firefox on LINUX (358f877c-4143-452f-ab4d-589327eb2715)] -> xpath: //p//word], [[FirefoxDriver: firefox on LINUX (358f877c-4143-452f-ab4d-589327eb2715)] -> xpath: //p//word], [[FirefoxDriver: firefox on LINUX (358f877c-4143-452f-ab4d-589327eb2715)] -> xpath: //p//word], [[FirefoxDriver: firefox on LINUX (358f877c-4143-452f-ab4d-589327eb2715)] -> xpath: //p//word], [[FirefoxDriver: firefox on LINUX (358f877c-4143-452f-ab4d-589327eb2715)] -> xpath: //p//word], [[FirefoxDriver: firefox on LINUX (358f877c-4143-452f-ab4d-589327eb2715)] -> xpath: //p//word], [[FirefoxDriver: firefox on LINUX (358f877c-4143-452f-ab4d-589327eb2715)] -> xpath: //p//word], [[FirefoxDriver: firefox on LINUX (358f877c-4143-452f-ab4d-589327eb2715)] -> xpath: //p//word], [[FirefoxDriver: firefox on LINUX (358f877c-4143-452f-ab4d-589327eb2715)] -> xpath: //p//word], [[FirefoxDriver: firefox on LINUX (358f877c-4143-452f-ab4d-589327eb2715)] -> xpath: //p//word], [[FirefoxDriver: firefox on LINUX (358f877c-4143-452f-ab4d-589327eb2715)] -> xpath: //p//word], [[FirefoxDriver: firefox on LINUX (358f877c-4143-452f-ab4d-589327eb2715)] -> xpath: //p//word], [[FirefoxDriver: firefox on LINUX (358f877c-4143-452f-ab4d-589327eb2715)] -> xpath: //p//word], [[FirefoxDriver: firefox on LINUX (358f877c-4143-452f-ab4d-589327eb2715)] -> xpath: //p//word], [[FirefoxDriver: firefox on LINUX (358f877c-4143-452f-ab4d-589327eb2715)] -> xpath: //p//word], [[FirefoxDriver: firefox on LINUX (358f877c-4143-452f-ab4d-589327eb2715)] -> xpath: //p//word], [[FirefoxDriver: firefox on LINUX (358f877c-4143-452f-ab4d-589327eb2715)] -> xpath: //p//word], [[FirefoxDriver: firefox on LINUX (358f877c-4143-452f-ab4d-589327eb2715)] -> xpath: //p//word], [[FirefoxDriver: firefox on LINUX (358f877c-4143-452f-ab4d-589327eb2715)] -> xpath: //p//word], [[FirefoxDriver: firefox on LINUX (358f877c-4143-452f-ab4d-589327eb2715)] -> xpath: //p//word], [[FirefoxDriver: firefox on LINUX (358f877c-4143-452f-ab4d-589327eb2715)] -> xpath: //p//word], [[FirefoxDriver: firefox on LINUX (358f877c-4143-452f-ab4d-589327eb2715)] -> xpath: //p//word], [[FirefoxDriver: firefox on LINUX (358f877c-4143-452f-ab4d-589327eb2715)] -> xpath: //p//word], [[FirefoxDriver: firefox on LINUX (358f877c-4143-452f-ab4d-589327eb2715)] -> xpath: //p//word], [[FirefoxDriver: firefox on LINUX (358f877c-4143-452f-ab4d-589327eb2715)] -> xpath: //p//word], [[FirefoxDriver: firefox on LINUX (358f877c-4143-452f-ab4d-589327eb2715)] -> xpath: //p//word], [[FirefoxDriver: firefox on LINUX (358f877c-4143-452f-ab4d-589327eb2715)] -> xpath: //p//word], [[FirefoxDriver: firefox on LINUX (358f877c-4143-452f-ab4d-589327eb2715)] -> xpath: //p//word], [[FirefoxDriver: firefox on LINUX (358f877c-4143-452f-ab4d-589327eb2715)] -> xpath: //p//word], [[FirefoxDriver: firefox on LINUX (358f877c-4143-452f-ab4d-589327eb2715)] -> xpath: //p//word], [[FirefoxDriver: firefox on LINUX (358f877c-4143-452f-ab4d-589327eb2715)] -> xpath: //p//word], [[FirefoxDriver: firefox on LINUX (358f877c-4143-452f-ab4d-589327eb2715)] -> xpath: //p//word], [[FirefoxDriver: firefox on LINUX (358f877c-4143-452f-ab4d-589327eb2715)] -> xpath: //p//word], [[FirefoxDriver: firefox on LINUX (358f877c-4143-452f-ab4d-589327eb2715)] -> xpath: //p//word], [[FirefoxDriver: firefox on LINUX (358f877c-4143-452f-ab4d-589327eb2715)] -> xpath: //p//word], [[FirefoxDriver: firefox on LINUX (358f877c-4143-452f-ab4d-589327eb2715)] -> xpath: //p//word], [[FirefoxDriver: firefox on LINUX (358f877c-4143-452f-ab4d-589327eb2715)] -> xpath: //p//word], [[FirefoxDriver: firefox on LINUX (358f877c-4143-452f-ab4d-589327eb2715)] -> xpath: //p//word], [[FirefoxDriver: firefox on LINUX (358f877c-4143-452f-ab4d-589327eb2715)] -> xpath: //p//word], [[FirefoxDriver: firefox on LINUX (358f877c-4143-452f-ab4d-589327eb2715)] -> xpath: //p//word], [[FirefoxDriver: firefox on LINUX (358f877c-4143-452f-ab4d-589327eb2715)] -> xpath: //p//word], [[FirefoxDriver: firefox on LINUX (358f877c-4143-452f-ab4d-589327eb2715)] -> xpath: //p//word], [[FirefoxDriver: firefox on LINUX (358f877c-4143-452f-ab4d-589327eb2715)] -> xpath: //p//word], [[FirefoxDriver: firefox on LINUX (358f877c-4143-452f-ab4d-589327eb2715)] -> xpath: //p//word], [[FirefoxDriver: firefox on LINUX (358f877c-4143-452f-ab4d-589327eb2715)] -> xpath: //p//word], [[FirefoxDriver: firefox on LINUX (358f877c-4143-452f-ab4d-589327eb2715)] -> xpath: //p//word], [[FirefoxDriver: firefox on LINUX (358f877c-4143-452f-ab4d-589327eb2715)] -> xpath: //p//word], [[FirefoxDriver: firefox on LINUX (358f877c-4143-452f-ab4d-589327eb2715)] -> xpath: //p//word], [[FirefoxDriver: firefox on LINUX (358f877c-4143-452f-ab4d-589327eb2715)] -> xpath: //p//word], [[FirefoxDriver: firefox on LINUX (358f877c-4143-452f-ab4d-589327eb2715)] -> xpath: //p//word], [[FirefoxDriver: firefox on LINUX (358f877c-4143-452f-ab4d-589327eb2715)] -> xpath: //p//word], [[FirefoxDriver: firefox on LINUX (358f877c-4143-452f-ab4d-589327eb2715)] -> xpath: //p//word], [[FirefoxDriver: firefox on LINUX (358f877c-4143-452f-ab4d-589327eb2715)] -> xpath: //p//word], [[FirefoxDriver: firefox on LINUX (358f877c-4143-452f-ab4d-589327eb2715)] -> xpath: //p//word], [[FirefoxDriver: firefox on LINUX (358f877c-4143-452f-ab4d-589327eb2715)] -> xpath: //p//word], [[FirefoxDriver: firefox on LINUX (358f877c-4143-452f-ab4d-589327eb2715)] -> xpath: //p//word], [[FirefoxDriver: firefox on LINUX (358f877c-4143-452f-ab4d-589327eb2715)] -> xpath: //p//word], [[FirefoxDriver: firefox on LINUX (358f877c-4143-452f-ab4d-589327eb2715)] -> xpath: //p//word], [[FirefoxDriver: firefox on LINUX (358f877c-4143-452f-ab4d-589327eb2715)] -> xpath: //p//word], [[FirefoxDriver: firefox on LINUX (358f877c-4143-452f-ab4d-589327eb2715)] -> xpath: //p//word], [[FirefoxDriver: firefox on LINUX (358f877c-4143-452f-ab4d-589327eb2715)] -> xpath: //p//word], [[FirefoxDriver: firefox on LINUX (358f877c-4143-452f-ab4d-589327eb2715)] -> xpath: //p//word], [[FirefoxDriver: firefox on LINUX (358f877c-4143-452f-ab4d-589327eb2715)] -> xpath: //p//word], [[FirefoxDriver: firefox on LINUX (358f877c-4143-452f-ab4d-589327eb2715)] -> xpath: //p//word], [[FirefoxDriver: firefox on LINUX (358f877c-4143-452f-ab4d-589327eb2715)] -> xpath: //p//word], [[FirefoxDriver: firefox on LINUX (358f877c-4143-452f-ab4d-589327eb2715)] -> xpath: //p//word], [[FirefoxDriver: firefox on LINUX (358f877c-4143-452f-ab4d-589327eb2715)] -> xpath: //p//word], [[FirefoxDriver: firefox on LINUX (358f877c-4143-452f-ab4d-589327eb2715)] -> xpath: //p//word], [[FirefoxDriver: firefox on LINUX (358f877c-4143-452f-ab4d-589327eb2715)] -> xpath: //p//word], [[FirefoxDriver: firefox on LINUX (358f877c-4143-452f-ab4d-589327eb2715)] -> xpath: //p//word], [[FirefoxDriver: firefox on LINUX (358f877c-4143-452f-ab4d-589327eb2715)] -> xpath: //p//word], [[FirefoxDriver: firefox on LINUX (358f877c-4143-452f-ab4d-589327eb2715)] -> xpath: //p//word], [[FirefoxDriver: firefox on LINUX (358f877c-4143-452f-ab4d-589327eb2715)] -> xpath: //p//word], [[FirefoxDriver: firefox on LINUX (358f877c-4143-452f-ab4d-589327eb2715)] -> xpath: //p//word], [[FirefoxDriver: firefox on LINUX (358f877c-4143-452f-ab4d-589327eb2715)] -> xpath: //p//word], [[FirefoxDriver: firefox on LINUX (358f877c-4143-452f-ab4d-589327eb2715)] -> xpath: //p//word], [[FirefoxDriver: firefox on LINUX (358f877c-4143-452f-ab4d-589327eb2715)] -> xpath: //p//word], [[FirefoxDriver: firefox on LINUX (358f877c-4143-452f-ab4d-589327eb2715)] -> xpath: //p//word], [[FirefoxDriver: firefox on LINUX (358f877c-4143-452f-ab4d-589327eb2715)] -> xpath: //p//word], [[FirefoxDriver: firefox on LINUX (358f877c-4143-452f-ab4d-589327eb2715)] -> xpath: //p//word], [[FirefoxDriver: firefox on LINUX (358f877c-4143-452f-ab4d-589327eb2715)] -> xpath: //p//word], [[FirefoxDriver: firefox on LINUX (358f877c-4143-452f-ab4d-589327eb2715)] -> xpath: //p//word], [[FirefoxDriver: firefox on LINUX (358f877c-4143-452f-ab4d-589327eb2715)] -> xpath: //p//word], [[FirefoxDriver: firefox on LINUX (358f877c-4143-452f-ab4d-589327eb2715)] -> xpath: //p//word], [[FirefoxDriver: firefox on LINUX (358f877c-4143-452f-ab4d-589327eb2715)] -> xpath: //p//word], [[FirefoxDriver: firefox on LINUX (358f877c-4143-452f-ab4d-589327eb2715)] -> xpath: //p//word], [[FirefoxDriver: firefox on LINUX (358f877c-4143-452f-ab4d-589327eb2715)] -> xpath: //p//word], [[FirefoxDriver: firefox on LINUX (358f877c-4143-452f-ab4d-589327eb2715)] -> xpath: //p//word], [[FirefoxDriver: firefox on LINUX (358f877c-4143-452f-ab4d-589327eb2715)] -> xpath: //p//word], [[FirefoxDriver: firefox on LINUX (358f877c-4143-452f-ab4d-589327eb2715)] -> xpath: //p//word], [[FirefoxDriver: firefox on LINUX (358f877c-4143-452f-ab4d-589327eb2715)] -> xpath: //p//word], [[FirefoxDriver: firefox on LINUX (358f877c-4143-452f-ab4d-589327eb2715)] -> xpath: //p//word], [[FirefoxDriver: firefox on LINUX (358f877c-4143-452f-ab4d-589327eb2715)] -> xpath: //p//word], [[FirefoxDriver: firefox on LINUX (358f877c-4143-452f-ab4d-589327eb2715)] -> xpath: //p//word], [[FirefoxDriver: firefox on LINUX (358f877c-4143-452f-ab4d-589327eb2715)] -> xpath: //p//word], [[FirefoxDriver: firefox on LINUX (358f877c-4143-452f-ab4d-589327eb2715)] -> xpath: //p//word], [[FirefoxDriver: firefox on LINUX (358f877c-4143-452f-ab4d-589327eb2715)] -> xpath: //p//word], [[FirefoxDriver: firefox on LINUX (358f877c-4143-452f-ab4d-589327eb2715)] -> xpath: //p//word], [[FirefoxDriver: firefox on LINUX (358f877c-4143-452f-ab4d-589327eb2715)] -> xpath: //p//word], [[FirefoxDriver: firefox on LINUX (358f877c-4143-452f-ab4d-589327eb2715)] -> xpath: //p//word], [[FirefoxDriver: firefox on LINUX (358f877c-4143-452f-ab4d-589327eb2715)] -> xpath: //p//word], [[FirefoxDriver: firefox on LINUX (358f877c-4143-452f-ab4d-589327eb2715)] -> xpath: //p//word], [[FirefoxDriver: firefox on LINUX (358f877c-4143-452f-ab4d-589327eb2715)] -> xpath: //p//word], [[FirefoxDriver: firefox on LINUX (358f877c-4143-452f-ab4d-589327eb2715)] -> xpath: //p//word], [[FirefoxDriver: firefox on LINUX (358f877c-4143-452f-ab4d-589327eb2715)] -> xpath: //p//word], [[FirefoxDriver: firefox on LINUX (358f877c-4143-452f-ab4d-589327eb2715)] -> xpath: //p//word], [[FirefoxDriver: firefox on LINUX (358f877c-4143-452f-ab4d-589327eb2715)] -> xpath: //p//word], [[FirefoxDriver: firefox on LINUX (358f877c-4143-452f-ab4d-589327eb2715)] -> xpath: //p//word], [[FirefoxDriver: firefox on LINUX (358f877c-4143-452f-ab4d-589327eb2715)] -> xpath: //p//word], [[FirefoxDriver: firefox on LINUX (358f877c-4143-452f-ab4d-589327eb2715)] -> xpath: //p//word], [[FirefoxDriver: firefox on LINUX (358f877c-4143-452f-ab4d-589327eb2715)] -> xpath: //p//word], [[FirefoxDriver: firefox on LINUX (358f877c-4143-452f-ab4d-589327eb2715)] -> xpath: //p//word], [[FirefoxDriver: firefox on LINUX (358f877c-4143-452f-ab4d-589327eb2715)] -> xpath: //p//word], [[FirefoxDriver: firefox on LINUX (358f877c-4143-452f-ab4d-589327eb2715)] -> xpath: //p//word], [[FirefoxDriver: firefox on LINUX (358f877c-4143-452f-ab4d-589327eb2715)] -> xpath: //p//word], [[FirefoxDriver: firefox on LINUX (358f877c-4143-452f-ab4d-589327eb2715)] -> xpath: //p//word], [[FirefoxDriver: firefox on LINUX (358f877c-4143-452f-ab4d-589327eb2715)] -> xpath: //p//word], [[FirefoxDriver: firefox on LINUX (358f877c-4143-452f-ab4d-589327eb2715)] -> xpath: //p//word], [[FirefoxDriver: firefox on LINUX (358f877c-4143-452f-ab4d-589327eb2715)] -> xpath: //p//word], [[FirefoxDriver: firefox on LINUX (358f877c-4143-452f-ab4d-589327eb2715)] -> xpath: //p//word], [[FirefoxDriver: firefox on LINUX (358f877c-4143-452f-ab4d-589327eb2715)] -> xpath: //p//word], [[FirefoxDriver: firefox on LINUX (358f877c-4143-452f-ab4d-589327eb2715)] -> xpath: //p//word], [[FirefoxDriver: firefox on LINUX (358f877c-4143-452f-ab4d-589327eb2715)] -> xpath: //p//word], [[FirefoxDriver: firefox on LINUX (358f877c-4143-452f-ab4d-589327eb2715)] -> xpath: //p//word], [[FirefoxDriver: firefox on LINUX (358f877c-4143-452f-ab4d-589327eb2715)] -> xpath: //p//word], [[FirefoxDriver: firefox on LINUX (358f877c-4143-452f-ab4d-589327eb2715)] -> xpath: //p//word], [[FirefoxDriver: firefox on LINUX (358f877c-4143-452f-ab4d-589327eb2715)] -> xpath: //p//word], [[FirefoxDriver: firefox on LINUX (358f877c-4143-452f-ab4d-589327eb2715)] -> xpath: //p//word], [[FirefoxDriver: firefox on LINUX (358f877c-4143-452f-ab4d-589327eb2715)] -> xpath: //p//word], [[FirefoxDriver: firefox on LINUX (358f877c-4143-452f-ab4d-589327eb2715)] -> xpath: //p//word], [[FirefoxDriver: firefox on LINUX (358f877c-4143-452f-ab4d-589327eb2715)] -> xpath: //p//word], [[FirefoxDriver: firefox on LINUX (358f877c-4143-452f-ab4d-589327eb2715)] -> xpath: //p//word], [[FirefoxDriver: firefox on LINUX (358f877c-4143-452f-ab4d-589327eb2715)] -> xpath: //p//word], [[FirefoxDriver: firefox on LINUX (358f877c-4143-452f-ab4d-589327eb2715)] -> xpath: //p//word], [[FirefoxDriver: firefox on LINUX (358f877c-4143-452f-ab4d-589327eb2715)] -> xpath: //p//word], [[FirefoxDriver: firefox on LINUX (358f877c-4143-452f-ab4d-589327eb2715)] -> xpath: //p//word], [[FirefoxDriver: firefox on LINUX (358f877c-4143-452f-ab4d-589327eb2715)] -> xpath: //p//word], [[FirefoxDriver: firefox on LINUX (358f877c-4143-452f-ab4d-589327eb2715)] -> xpath: //p//word], [[FirefoxDriver: firefox on LINUX (358f877c-4143-452f-ab4d-589327eb2715)] -> xpath: //p//word]]
Build info: version: '2.52.0', revision: '4c2593cfc3689a7fcd7be52549167e5ccc93ad28', time: '2016-02-11 11:22:43'
System info: host: 'asda0064', ip: '127.0.1.1', os.name: 'Linux', os.arch: 'amd64', os.version: '3.13.0-88-generic', java.version: '1.8.0_91'
Driver info: org.openqa.selenium.firefox.FirefoxDriver
Capabilities [{applicationCacheEnabled=true, rotatable=false, handlesAlerts=true, databaseEnabled=true, version=46.0, platform=LINUX, nativeEvents=false, acceptSslCerts=true, webStorageEnabled=true, locationContextEnabled=true, browserName=firefox, takesScreenshot=true, javascriptEnabled=true, cssSelectorsEnabled=true}]
Session ID: 358f877c-4143-452f-ab4d-589327eb2715
	at org.openqa.selenium.support.ui.WebDriverWait.timeoutException(WebDriverWait.java:80)
	at org.openqa.selenium.support.ui.FluentWait.until(FluentWait.java:261)
	at com.qait.hbp.automation.utils.SeleniumWait.waitForElementsToBeVisible(SeleniumWait.java:77)
	at com.qait.hbp.automation.getpageobjects.GetPage.elements(GetPage.java:507)
	at com.qait.hbp.automation.getpageobjects.GetPage.elements(GetPage.java:519)
	at com.qait.hbp.ereader.keywords.AnnotationHighlightActions.verify_Notes_Pane_Opens_On_Clicking_Annotate_Of_highlight(AnnotationHighlightActions.java:1861)
	at com.qait.hbp.ereader.tests.Search_Notes_Test.Test0281_Verify_On_Clicking_highlightedText_In_Content_Notes_Pane_Opens_With_Related_Annotation_Text(Search_Notes_Test.java:325)
	at sun.reflect.NativeMethodAccessorImpl.invoke0(Native Method)
	at sun.reflect.NativeMethodAccessorImpl.invoke(NativeMethodAccessorImpl.java:62)
	at sun.reflect.DelegatingMethodAccessorImpl.invoke(DelegatingMethodAccessorImpl.java:43)
	at java.lang.reflect.Method.invoke(Method.java:498)
>>>>>>> 8c85882fc963d15e2380aa72416ca80fe3360065
>>>>>>> 745e4fc0f1529382b857c58bba83ed3ab4386143
	at org.testng.internal.MethodInvocationHelper.invokeMethod(MethodInvocationHelper.java:84)
	at org.testng.internal.Invoker.invokeMethod(Invoker.java:714)
	at org.testng.internal.Invoker.invokeTestMethod(Invoker.java:901)
	at org.testng.internal.Invoker.invokeTestMethods(Invoker.java:1231)
	at org.testng.internal.TestMethodWorker.invokeTestMethods(TestMethodWorker.java:127)
	at org.testng.internal.TestMethodWorker.run(TestMethodWorker.java:111)
<<<<<<< HEAD
=======
<<<<<<< HEAD
>>>>>>> 745e4fc0f1529382b857c58bba83ed3ab4386143
	at org.testng.TestRunner.privateRun(TestRunner.java:767)
	at org.testng.TestRunner.run(TestRunner.java:617)
	at org.testng.SuiteRunner.runTest(SuiteRunner.java:334)
	at org.testng.SuiteRunner.runSequentially(SuiteRunner.java:329)
	at org.testng.SuiteRunner.privateRun(SuiteRunner.java:291)
	at org.testng.SuiteRunner.run(SuiteRunner.java:240)
	at org.testng.SuiteRunnerWorker.runSuite(SuiteRunnerWorker.java:52)
	at org.testng.SuiteRunnerWorker.run(SuiteRunnerWorker.java:86)
	at org.testng.TestNG.runSuitesSequentially(TestNG.java:1224)
	at org.testng.TestNG.runSuitesLocally(TestNG.java:1149)
	at org.testng.TestNG.run(TestNG.java:1057)
	at org.testng.remote.AbstractRemoteTestNG.run(AbstractRemoteTestNG.java:126)
	at org.testng.remote.RemoteTestNG.initAndRun(RemoteTestNG.java:137)
	at org.testng.remote.RemoteTestNG.main(RemoteTestNG.java:58)
]]>
    </failure>
  </testcase> <!-- Test030_Verify_That_User_Is_Able_To_Enter_Text_In_Search_Notes_Field -->
<<<<<<< HEAD
  <testcase name="Test026_Click_Back_Button_For_Handheld" time="3.361" classname="com.qait.hbp.ereader.tests.Search_Notes_Test"/>
  <testcase name="Test0220_Delete_all_Notes_From_eReader" time="4.669" classname="com.qait.hbp.ereader.tests.Search_Notes_Test"/>
  <testcase name="Test025_Verify_Highlighted_Notes_Are_Displayed_In_Serial_Order_Of_Page_Number" time="2.003" classname="com.qait.hbp.ereader.tests.Search_Notes_Test">
    <failure type="java.lang.ArrayIndexOutOfBoundsException" message="3">
      <![CDATA[java.lang.ArrayIndexOutOfBoundsException: 3
	at com.qait.hbp.ereader.keywords.SearchNotesActions.verify_Highlighted_Notes_Are_Displayed_In_Serial_Order_Of_Page_Number(SearchNotesActions.java:340)
	at com.qait.hbp.ereader.tests.Search_Notes_Test.Test025_Verify_Highlighted_Notes_Are_Displayed_In_Serial_Order_Of_Page_Number(Search_Notes_Test.java:300)
=======
  <testcase name="Test0110_Verify_User_Is_Able_To_Highlight_Paragraph" time="2.323" classname="com.qait.hbp.ereader.tests.Search_Notes_Test"/>
  <testcase name="Test0010_Launch_Login_URL" time="6.629" classname="com.qait.hbp.ereader.tests.Search_Notes_Test"/>
  <testcase name="Test0281_Verify_On_Clicking_highlightedText_In_Content_Notes_Pane_Opens_With_Related_Annotation_Text" time="733.885" classname="com.qait.hbp.ereader.tests.Search_Notes_Test">
    <failure type="org.openqa.selenium.TimeoutException" message="Timed out after 30 seconds waiting for visibility of all [[[AndroidDriver: chrome on ANDROID (51a5b69d350864e9562a2470b487b139)] -&gt; xpath: .//word], [[AndroidDriver: chrome on ANDROID (51a5b69d350864e9562a2470b487b139)] -&gt; xpath: .//word], [[AndroidDriver: chrome on ANDROID (51a5b69d350864e9562a2470b487b139)] -&gt; xpath: .//word], [[AndroidDriver: chrome on ANDROID (51a5b69d350864e9562a2470b487b139)] -&gt; xpath: .//word], [[AndroidDriver: chrome on ANDROID (51a5b69d350864e9562a2470b487b139)] -&gt; xpath: .//word], [[AndroidDriver: chrome on ANDROID (51a5b69d350864e9562a2470b487b139)] -&gt; xpath: .//word], [[AndroidDriver: chrome on ANDROID (51a5b69d350864e9562a2470b487b139)] -&gt; xpath: .//word], [[AndroidDriver: chrome on ANDROID (51a5b69d350864e9562a2470b487b139)] -&gt; xpath: .//word], [[AndroidDriver: chrome on ANDROID (51a5b69d350864e9562a2470b487b139)] -&gt; xpath: .//word], [[AndroidDriver: chrome on ANDROID (51a5b69d350864e9562a2470b487b139)] -&gt; xpath: .//word], [[AndroidDriver: chrome on ANDROID (51a5b69d350864e9562a2470b487b139)] -&gt; xpath: .//word], [[AndroidDriver: chrome on ANDROID (51a5b69d350864e9562a2470b487b139)] -&gt; xpath: .//word], [[AndroidDriver: chrome on ANDROID (51a5b69d350864e9562a2470b487b139)] -&gt; xpath: .//word], [[AndroidDriver: chrome on ANDROID (51a5b69d350864e9562a2470b487b139)] -&gt; xpath: .//word], [[AndroidDriver: chrome on ANDROID (51a5b69d350864e9562a2470b487b139)] -&gt; xpath: .//word], [[AndroidDriver: chrome on ANDROID (51a5b69d350864e9562a2470b487b139)] -&gt; xpath: .//word], [[AndroidDriver: chrome on ANDROID (51a5b69d350864e9562a2470b487b139)] -&gt; xpath: .//word], [[AndroidDriver: chrome on ANDROID (51a5b69d350864e9562a2470b487b139)] -&gt; xpath: .//word], [[AndroidDriver: chrome on ANDROID (51a5b69d350864e9562a2470b487b139)] -&gt; xpath: .//word], [[AndroidDriver: chrome on ANDROID (51a5b69d350864e9562a2470b487b139)] -&gt; xpath: .//word], [[AndroidDriver: chrome on ANDROID (51a5b69d350864e9562a2470b487b139)] -&gt; xpath: .//word], [[AndroidDriver: chrome on ANDROID (51a5b69d350864e9562a2470b487b139)] -&gt; xpath: .//word], [[AndroidDriver: chrome on ANDROID (51a5b69d350864e9562a2470b487b139)] -&gt; xpath: .//word], [[AndroidDriver: chrome on ANDROID (51a5b69d350864e9562a2470b487b139)] -&gt; xpath: .//word], [[AndroidDriver: chrome on ANDROID (51a5b69d350864e9562a2470b487b139)] -&gt; xpath: .//word], [[AndroidDriver: chrome on ANDROID (51a5b69d350864e9562a2470b487b139)] -&gt; xpath: .//word], [[AndroidDriver: chrome on ANDROID (51a5b69d350864e9562a2470b487b139)] -&gt; xpath: .//word], [[AndroidDriver: chrome on ANDROID (51a5b69d350864e9562a2470b487b139)] -&gt; xpath: .//word], [[AndroidDriver: chrome on ANDROID (51a5b69d350864e9562a2470b487b139)] -&gt; xpath: .//word], [[AndroidDriver: chrome on ANDROID (51a5b69d350864e9562a2470b487b139)] -&gt; xpath: .//word], [[AndroidDriver: chrome on ANDROID (51a5b69d350864e9562a2470b487b139)] -&gt; xpath: .//word], [[AndroidDriver: chrome on ANDROID (51a5b69d350864e9562a2470b487b139)] -&gt; xpath: .//word], [[AndroidDriver: chrome on ANDROID (51a5b69d350864e9562a2470b487b139)] -&gt; xpath: .//word], [[AndroidDriver: chrome on ANDROID (51a5b69d350864e9562a2470b487b139)] -&gt; xpath: .//word], [[AndroidDriver: chrome on ANDROID (51a5b69d350864e9562a2470b487b139)] -&gt; xpath: .//word], [[AndroidDriver: chrome on ANDROID (51a5b69d350864e9562a2470b487b139)] -&gt; xpath: .//word], [[AndroidDriver: chrome on ANDROID (51a5b69d350864e9562a2470b487b139)] -&gt; xpath: .//word], [[AndroidDriver: chrome on ANDROID (51a5b69d350864e9562a2470b487b139)] -&gt; xpath: .//word], [[AndroidDriver: chrome on ANDROID (51a5b69d350864e9562a2470b487b139)] -&gt; xpath: .//word], [[AndroidDriver: chrome on ANDROID (51a5b69d350864e9562a2470b487b139)] -&gt; xpath: .//word], [[AndroidDriver: chrome on ANDROID (51a5b69d350864e9562a2470b487b139)] -&gt; xpath: .//word], [[AndroidDriver: chrome on ANDROID (51a5b69d350864e9562a2470b487b139)] -&gt; xpath: .//word], [[AndroidDriver: chrome on ANDROID (51a5b69d350864e9562a2470b487b139)] -&gt; xpath: .//word], [[AndroidDriver: chrome on ANDROID (51a5b69d350864e9562a2470b487b139)] -&gt; xpath: .//word], [[AndroidDriver: chrome on ANDROID (51a5b69d350864e9562a2470b487b139)] -&gt; xpath: .//word], [[AndroidDriver: chrome on ANDROID (51a5b69d350864e9562a2470b487b139)] -&gt; xpath: .//word], [[AndroidDriver: chrome on ANDROID (51a5b69d350864e9562a2470b487b139)] -&gt; xpath: .//word], [[AndroidDriver: chrome on ANDROID (51a5b69d350864e9562a2470b487b139)] -&gt; xpath: .//word], [[AndroidDriver: chrome on ANDROID (51a5b69d350864e9562a2470b487b139)] -&gt; xpath: .//word], [[AndroidDriver: chrome on ANDROID (51a5b69d350864e9562a2470b487b139)] -&gt; xpath: .//word], [[AndroidDriver: chrome on ANDROID (51a5b69d350864e9562a2470b487b139)] -&gt; xpath: .//word], [[AndroidDriver: chrome on ANDROID (51a5b69d350864e9562a2470b487b139)] -&gt; xpath: .//word], [[AndroidDriver: chrome on ANDROID (51a5b69d350864e9562a2470b487b139)] -&gt; xpath: .//word], [[AndroidDriver: chrome on ANDROID (51a5b69d350864e9562a2470b487b139)] -&gt; xpath: .//word], [[AndroidDriver: chrome on ANDROID (51a5b69d350864e9562a2470b487b139)] -&gt; xpath: .//word], [[AndroidDriver: chrome on ANDROID (51a5b69d350864e9562a2470b487b139)] -&gt; xpath: .//word], [[AndroidDriver: chrome on ANDROID (51a5b69d350864e9562a2470b487b139)] -&gt; xpath: .//word], [[AndroidDriver: chrome on ANDROID (51a5b69d350864e9562a2470b487b139)] -&gt; xpath: .//word], [[AndroidDriver: chrome on ANDROID (51a5b69d350864e9562a2470b487b139)] -&gt; xpath: .//word], [[AndroidDriver: chrome on ANDROID (51a5b69d350864e9562a2470b487b139)] -&gt; xpath: .//word], [[AndroidDriver: chrome on ANDROID (51a5b69d350864e9562a2470b487b139)] -&gt; xpath: .//word], [[AndroidDriver: chrome on ANDROID (51a5b69d350864e9562a2470b487b139)] -&gt; xpath: .//word], [[AndroidDriver: chrome on ANDROID (51a5b69d350864e9562a2470b487b139)] -&gt; xpath: .//word], [[AndroidDriver: chrome on ANDROID (51a5b69d350864e9562a2470b487b139)] -&gt; xpath: .//word], [[AndroidDriver: chrome on ANDROID (51a5b69d350864e9562a2470b487b139)] -&gt; xpath: .//word], [[AndroidDriver: chrome on ANDROID (51a5b69d350864e9562a2470b487b139)] -&gt; xpath: .//word], [[AndroidDriver: chrome on ANDROID (51a5b69d350864e9562a2470b487b139)] -&gt; xpath: .//word], [[AndroidDriver: chrome on ANDROID (51a5b69d350864e9562a2470b487b139)] -&gt; xpath: .//word], [[AndroidDriver: chrome on ANDROID (51a5b69d350864e9562a2470b487b139)] -&gt; xpath: .//word], [[AndroidDriver: chrome on ANDROID (51a5b69d350864e9562a2470b487b139)] -&gt; xpath: .//word], [[AndroidDriver: chrome on ANDROID (51a5b69d350864e9562a2470b487b139)] -&gt; xpath: .//word], [[AndroidDriver: chrome on ANDROID (51a5b69d350864e9562a2470b487b139)] -&gt; xpath: .//word], [[AndroidDriver: chrome on ANDROID (51a5b69d350864e9562a2470b487b139)] -&gt; xpath: .//word], [[AndroidDriver: chrome on ANDROID (51a5b69d350864e9562a2470b487b139)] -&gt; xpath: .//word], [[AndroidDriver: chrome on ANDROID (51a5b69d350864e9562a2470b487b139)] -&gt; xpath: .//word], [[AndroidDriver: chrome on ANDROID (51a5b69d350864e9562a2470b487b139)] -&gt; xpath: .//word], [[AndroidDriver: chrome on ANDROID (51a5b69d350864e9562a2470b487b139)] -&gt; xpath: .//word], [[AndroidDriver: chrome on ANDROID (51a5b69d350864e9562a2470b487b139)] -&gt; xpath: .//word], [[AndroidDriver: chrome on ANDROID (51a5b69d350864e9562a2470b487b139)] -&gt; xpath: .//word], [[AndroidDriver: chrome on ANDROID (51a5b69d350864e9562a2470b487b139)] -&gt; xpath: .//word], [[AndroidDriver: chrome on ANDROID (51a5b69d350864e9562a2470b487b139)] -&gt; xpath: .//word], [[AndroidDriver: chrome on ANDROID (51a5b69d350864e9562a2470b487b139)] -&gt; xpath: .//word], [[AndroidDriver: chrome on ANDROID (51a5b69d350864e9562a2470b487b139)] -&gt; xpath: .//word], [[AndroidDriver: chrome on ANDROID (51a5b69d350864e9562a2470b487b139)] -&gt; xpath: .//word], [[AndroidDriver: chrome on ANDROID (51a5b69d350864e9562a2470b487b139)] -&gt; xpath: .//word], [[AndroidDriver: chrome on ANDROID (51a5b69d350864e9562a2470b487b139)] -&gt; xpath: .//word], [[AndroidDriver: chrome on ANDROID (51a5b69d350864e9562a2470b487b139)] -&gt; xpath: .//word], [[AndroidDriver: chrome on ANDROID (51a5b69d350864e9562a2470b487b139)] -&gt; xpath: .//word], [[AndroidDriver: chrome on ANDROID (51a5b69d350864e9562a2470b487b139)] -&gt; xpath: .//word], [[AndroidDriver: chrome on ANDROID (51a5b69d350864e9562a2470b487b139)] -&gt; xpath: .//word], [[AndroidDriver: chrome on ANDROID (51a5b69d350864e9562a2470b487b139)] -&gt; xpath: .//word], [[AndroidDriver: chrome on ANDROID (51a5b69d350864e9562a2470b487b139)] -&gt; xpath: .//word], [[AndroidDriver: chrome on ANDROID (51a5b69d350864e9562a2470b487b139)] -&gt; xpath: .//word], [[AndroidDriver: chrome on ANDROID (51a5b69d350864e9562a2470b487b139)] -&gt; xpath: .//word], [[AndroidDriver: chrome on ANDROID (51a5b69d350864e9562a2470b487b139)] -&gt; xpath: .//word], [[AndroidDriver: chrome on ANDROID (51a5b69d350864e9562a2470b487b139)] -&gt; xpath: .//word], [[AndroidDriver: chrome on ANDROID (51a5b69d350864e9562a2470b487b139)] -&gt; xpath: .//word], [[AndroidDriver: chrome on ANDROID (51a5b69d350864e9562a2470b487b139)] -&gt; xpath: .//word], [[AndroidDriver: chrome on ANDROID (51a5b69d350864e9562a2470b487b139)] -&gt; xpath: .//word], [[AndroidDriver: chrome on ANDROID (51a5b69d350864e9562a2470b487b139)] -&gt; xpath: .//word], [[AndroidDriver: chrome on ANDROID (51a5b69d350864e9562a2470b487b139)] -&gt; xpath: .//word], [[AndroidDriver: chrome on ANDROID (51a5b69d350864e9562a2470b487b139)] -&gt; xpath: .//word], [[AndroidDriver: chrome on ANDROID (51a5b69d350864e9562a2470b487b139)] -&gt; xpath: .//word], [[AndroidDriver: chrome on ANDROID (51a5b69d350864e9562a2470b487b139)] -&gt; xpath: .//word], [[AndroidDriver: chrome on ANDROID (51a5b69d350864e9562a2470b487b139)] -&gt; xpath: .//word], [[AndroidDriver: chrome on ANDROID (51a5b69d350864e9562a2470b487b139)] -&gt; xpath: .//word], [[AndroidDriver: chrome on ANDROID (51a5b69d350864e9562a2470b487b139)] -&gt; xpath: .//word], [[AndroidDriver: chrome on ANDROID (51a5b69d350864e9562a2470b487b139)] -&gt; xpath: .//word], [[AndroidDriver: chrome on ANDROID (51a5b69d350864e9562a2470b487b139)] -&gt; xpath: .//word], [[AndroidDriver: chrome on ANDROID (51a5b69d350864e9562a2470b487b139)] -&gt; xpath: .//word], [[AndroidDriver: chrome on ANDROID (51a5b69d350864e9562a2470b487b139)] -&gt; xpath: .//word], [[AndroidDriver: chrome on ANDROID (51a5b69d350864e9562a2470b487b139)] -&gt; xpath: .//word], [[AndroidDriver: chrome on ANDROID (51a5b69d350864e9562a2470b487b139)] -&gt; xpath: .//word], [[AndroidDriver: chrome on ANDROID (51a5b69d350864e9562a2470b487b139)] -&gt; xpath: .//word], [[AndroidDriver: chrome on ANDROID (51a5b69d350864e9562a2470b487b139)] -&gt; xpath: .//word], [[AndroidDriver: chrome on ANDROID (51a5b69d350864e9562a2470b487b139)] -&gt; xpath: .//word], [[AndroidDriver: chrome on ANDROID (51a5b69d350864e9562a2470b487b139)] -&gt; xpath: .//word], [[AndroidDriver: chrome on ANDROID (51a5b69d350864e9562a2470b487b139)] -&gt; xpath: .//word], [[AndroidDriver: chrome on ANDROID (51a5b69d350864e9562a2470b487b139)] -&gt; xpath: .//word], [[AndroidDriver: chrome on ANDROID (51a5b69d350864e9562a2470b487b139)] -&gt; xpath: .//word], [[AndroidDriver: chrome on ANDROID (51a5b69d350864e9562a2470b487b139)] -&gt; xpath: .//word], [[AndroidDriver: chrome on ANDROID (51a5b69d350864e9562a2470b487b139)] -&gt; xpath: .//word], [[AndroidDriver: chrome on ANDROID (51a5b69d350864e9562a2470b487b139)] -&gt; xpath: .//word], [[AndroidDriver: chrome on ANDROID (51a5b69d350864e9562a2470b487b139)] -&gt; xpath: .//word], [[AndroidDriver: chrome on ANDROID (51a5b69d350864e9562a2470b487b139)] -&gt; xpath: .//word], [[AndroidDriver: chrome on ANDROID (51a5b69d350864e9562a2470b487b139)] -&gt; xpath: .//word], [[AndroidDriver: chrome on ANDROID (51a5b69d350864e9562a2470b487b139)] -&gt; xpath: .//word], [[AndroidDriver: chrome on ANDROID (51a5b69d350864e9562a2470b487b139)] -&gt; xpath: .//word], [[AndroidDriver: chrome on ANDROID (51a5b69d350864e9562a2470b487b139)] -&gt; xpath: .//word], [[AndroidDriver: chrome on ANDROID (51a5b69d350864e9562a2470b487b139)] -&gt; xpath: .//word], [[AndroidDriver: chrome on ANDROID (51a5b69d350864e9562a2470b487b139)] -&gt; xpath: .//word], [[AndroidDriver: chrome on ANDROID (51a5b69d350864e9562a2470b487b139)] -&gt; xpath: .//word], [[AndroidDriver: chrome on ANDROID (51a5b69d350864e9562a2470b487b139)] -&gt; xpath: .//word], [[AndroidDriver: chrome on ANDROID (51a5b69d350864e9562a2470b487b139)] -&gt; xpath: .//word], [[AndroidDriver: chrome on ANDROID (51a5b69d350864e9562a2470b487b139)] -&gt; xpath: .//word], [[AndroidDriver: chrome on ANDROID (51a5b69d350864e9562a2470b487b139)] -&gt; xpath: .//word], [[AndroidDriver: chrome on ANDROID (51a5b69d350864e9562a2470b487b139)] -&gt; xpath: .//word], [[AndroidDriver: chrome on ANDROID (51a5b69d350864e9562a2470b487b139)] -&gt; xpath: .//word], [[AndroidDriver: chrome on ANDROID (51a5b69d350864e9562a2470b487b139)] -&gt; xpath: .//word], [[AndroidDriver: chrome on ANDROID (51a5b69d350864e9562a2470b487b139)] -&gt; xpath: .//word], [[AndroidDriver: chrome on ANDROID (51a5b69d350864e9562a2470b487b139)] -&gt; xpath: .//word], [[AndroidDriver: chrome on ANDROID (51a5b69d350864e9562a2470b487b139)] -&gt; xpath: .//word], [[AndroidDriver: chrome on ANDROID (51a5b69d350864e9562a2470b487b139)] -&gt; xpath: .//word], [[AndroidDriver: chrome on ANDROID (51a5b69d350864e9562a2470b487b139)] -&gt; xpath: .//word], [[AndroidDriver: chrome on ANDROID (51a5b69d350864e9562a2470b487b139)] -&gt; xpath: .//word], [[AndroidDriver: chrome on ANDROID (51a5b69d350864e9562a2470b487b139)] -&gt; xpath: .//word], [[AndroidDriver: chrome on ANDROID (51a5b69d350864e9562a2470b487b139)] -&gt; xpath: .//word], [[AndroidDriver: chrome on ANDROID (51a5b69d350864e9562a2470b487b139)] -&gt; xpath: .//word], [[AndroidDriver: chrome on ANDROID (51a5b69d350864e9562a2470b487b139)] -&gt; xpath: .//word], [[AndroidDriver: chrome on ANDROID (51a5b69d350864e9562a2470b487b139)] -&gt; xpath: .//word], [[AndroidDriver: chrome on ANDROID (51a5b69d350864e9562a2470b487b139)] -&gt; xpath: .//word], [[AndroidDriver: chrome on ANDROID (51a5b69d350864e9562a2470b487b139)] -&gt; xpath: .//word], [[AndroidDriver: chrome on ANDROID (51a5b69d350864e9562a2470b487b139)] -&gt; xpath: .//word], [[AndroidDriver: chrome on ANDROID (51a5b69d350864e9562a2470b487b139)] -&gt; xpath: .//word], [[AndroidDriver: chrome on ANDROID (51a5b69d350864e9562a2470b487b139)] -&gt; xpath: .//word], [[AndroidDriver: chrome on ANDROID (51a5b69d350864e9562a2470b487b139)] -&gt; xpath: .//word], [[AndroidDriver: chrome on ANDROID (51a5b69d350864e9562a2470b487b139)] -&gt; xpath: .//word], [[AndroidDriver: chrome on ANDROID (51a5b69d350864e9562a2470b487b139)] -&gt; xpath: .//word], [[AndroidDriver: chrome on ANDROID (51a5b69d350864e9562a2470b487b139)] -&gt; xpath: .//word], [[AndroidDriver: chrome on ANDROID (51a5b69d350864e9562a2470b487b139)] -&gt; xpath: .//word], [[AndroidDriver: chrome on ANDROID (51a5b69d350864e9562a2470b487b139)] -&gt; xpath: .//word], [[AndroidDriver: chrome on ANDROID (51a5b69d350864e9562a2470b487b139)] -&gt; xpath: .//word], [[AndroidDriver: chrome on ANDROID (51a5b69d350864e9562a2470b487b139)] -&gt; xpath: .//word], [[AndroidDriver: chrome on ANDROID (51a5b69d350864e9562a2470b487b139)] -&gt; xpath: .//word], [[AndroidDriver: chrome on ANDROID (51a5b69d350864e9562a2470b487b139)] -&gt; xpath: .//word], [[AndroidDriver: chrome on ANDROID (51a5b69d350864e9562a2470b487b139)] -&gt; xpath: .//word], [[AndroidDriver: chrome on ANDROID (51a5b69d350864e9562a2470b487b139)] -&gt; xpath: .//word], [[AndroidDriver: chrome on ANDROID (51a5b69d350864e9562a2470b487b139)] -&gt; xpath: .//word], [[AndroidDriver: chrome on ANDROID (51a5b69d350864e9562a2470b487b139)] -&gt; xpath: .//word], [[AndroidDriver: chrome on ANDROID (51a5b69d350864e9562a2470b487b139)] -&gt; xpath: .//word], [[AndroidDriver: chrome on ANDROID (51a5b69d350864e9562a2470b487b139)] -&gt; xpath: .//word], [[AndroidDriver: chrome on ANDROID (51a5b69d350864e9562a2470b487b139)] -&gt; xpath: .//word], [[AndroidDriver: chrome on ANDROID (51a5b69d350864e9562a2470b487b139)] -&gt; xpath: .//word], [[AndroidDriver: chrome on ANDROID (51a5b69d350864e9562a2470b487b139)] -&gt; xpath: .//word], [[AndroidDriver: chrome on ANDROID (51a5b69d350864e9562a2470b487b139)] -&gt; xpath: .//word], [[AndroidDriver: chrome on ANDROID (51a5b69d350864e9562a2470b487b139)] -&gt; xpath: .//word], [[AndroidDriver: chrome on ANDROID (51a5b69d350864e9562a2470b487b139)] -&gt; xpath: .//word], [[AndroidDriver: chrome on ANDROID (51a5b69d350864e9562a2470b487b139)] -&gt; xpath: .//word], [[AndroidDriver: chrome on ANDROID (51a5b69d350864e9562a2470b487b139)] -&gt; xpath: .//word], [[AndroidDriver: chrome on ANDROID (51a5b69d350864e9562a2470b487b139)] -&gt; xpath: .//word], [[AndroidDriver: chrome on ANDROID (51a5b69d350864e9562a2470b487b139)] -&gt; xpath: .//word], [[AndroidDriver: chrome on ANDROID (51a5b69d350864e9562a2470b487b139)] -&gt; xpath: .//word], [[AndroidDriver: chrome on ANDROID (51a5b69d350864e9562a2470b487b139)] -&gt; xpath: .//word], [[AndroidDriver: chrome on ANDROID (51a5b69d350864e9562a2470b487b139)] -&gt; xpath: .//word], [[AndroidDriver: chrome on ANDROID (51a5b69d350864e9562a2470b487b139)] -&gt; xpath: .//word], [[AndroidDriver: chrome on ANDROID (51a5b69d350864e9562a2470b487b139)] -&gt; xpath: .//word], [[AndroidDriver: chrome on ANDROID (51a5b69d350864e9562a2470b487b139)] -&gt; xpath: .//word], [[AndroidDriver: chrome on ANDROID (51a5b69d350864e9562a2470b487b139)] -&gt; xpath: .//word], [[AndroidDriver: chrome on ANDROID (51a5b69d350864e9562a2470b487b139)] -&gt; xpath: .//word], [[AndroidDriver: chrome on ANDROID (51a5b69d350864e9562a2470b487b139)] -&gt; xpath: .//word], [[AndroidDriver: chrome on ANDROID (51a5b69d350864e9562a2470b487b139)] -&gt; xpath: .//word], [[AndroidDriver: chrome on ANDROID (51a5b69d350864e9562a2470b487b139)] -&gt; xpath: .//word], [[AndroidDriver: chrome on ANDROID (51a5b69d350864e9562a2470b487b139)] -&gt; xpath: .//word], [[AndroidDriver: chrome on ANDROID (51a5b69d350864e9562a2470b487b139)] -&gt; xpath: .//word], [[AndroidDriver: chrome on ANDROID (51a5b69d350864e9562a2470b487b139)] -&gt; xpath: .//word], [[AndroidDriver: chrome on ANDROID (51a5b69d350864e9562a2470b487b139)] -&gt; xpath: .//word], [[AndroidDriver: chrome on ANDROID (51a5b69d350864e9562a2470b487b139)] -&gt; xpath: .//word], [[AndroidDriver: chrome on ANDROID (51a5b69d350864e9562a2470b487b139)] -&gt; xpath: .//word], [[AndroidDriver: chrome on ANDROID (51a5b69d350864e9562a2470b487b139)] -&gt; xpath: .//word], [[AndroidDriver: chrome on ANDROID (51a5b69d350864e9562a2470b487b139)] -&gt; xpath: .//word], [[AndroidDriver: chrome on ANDROID (51a5b69d350864e9562a2470b487b139)] -&gt; xpath: .//word], [[AndroidDriver: chrome on ANDROID (51a5b69d350864e9562a2470b487b139)] -&gt; xpath: .//word], [[AndroidDriver: chrome on ANDROID (51a5b69d350864e9562a2470b487b139)] -&gt; xpath: .//word], [[AndroidDriver: chrome on ANDROID (51a5b69d350864e9562a2470b487b139)] -&gt; xpath: .//word], [[AndroidDriver: chrome on ANDROID (51a5b69d350864e9562a2470b487b139)] -&gt; xpath: .//word], [[AndroidDriver: chrome on ANDROID (51a5b69d350864e9562a2470b487b139)] -&gt; xpath: .//word], [[AndroidDriver: chrome on ANDROID (51a5b69d350864e9562a2470b487b139)] -&gt; xpath: .//word], [[AndroidDriver: chrome on ANDROID (51a5b69d350864e9562a2470b487b139)] -&gt; xpath: .//word], [[AndroidDriver: chrome on ANDROID (51a5b69d350864e9562a2470b487b139)] -&gt; xpath: .//word], [[AndroidDriver: chrome on ANDROID (51a5b69d350864e9562a2470b487b139)] -&gt; xpath: .//word], [[AndroidDriver: chrome on ANDROID (51a5b69d350864e9562a2470b487b139)] -&gt; xpath: .//word], [[AndroidDriver: chrome on ANDROID (51a5b69d350864e9562a2470b487b139)] -&gt; xpath: .//word], [[AndroidDriver: chrome on ANDROID (51a5b69d350864e9562a2470b487b139)] -&gt; xpath: .//word], [[AndroidDriver: chrome on ANDROID (51a5b69d350864e9562a2470b487b139)] -&gt; xpath: .//word], [[AndroidDriver: chrome on ANDROID (51a5b69d350864e9562a2470b487b139)] -&gt; xpath: .//word], [[AndroidDriver: chrome on ANDROID (51a5b69d350864e9562a2470b487b139)] -&gt; xpath: .//word], [[AndroidDriver: chrome on ANDROID (51a5b69d350864e9562a2470b487b139)] -&gt; xpath: .//word], [[AndroidDriver: chrome on ANDROID (51a5b69d350864e9562a2470b487b139)] -&gt; xpath: .//word], [[AndroidDriver: chrome on ANDROID (51a5b69d350864e9562a2470b487b139)] -&gt; xpath: .//word], [[AndroidDriver: chrome on ANDROID (51a5b69d350864e9562a2470b487b139)] -&gt; xpath: .//word], [[AndroidDriver: chrome on ANDROID (51a5b69d350864e9562a2470b487b139)] -&gt; xpath: .//word], [[AndroidDriver: chrome on ANDROID (51a5b69d350864e9562a2470b487b139)] -&gt; xpath: .//word], [[AndroidDriver: chrome on ANDROID (51a5b69d350864e9562a2470b487b139)] -&gt; xpath: .//word], [[AndroidDriver: chrome on ANDROID (51a5b69d350864e9562a2470b487b139)] -&gt; xpath: .//word], [[AndroidDriver: chrome on ANDROID (51a5b69d350864e9562a2470b487b139)] -&gt; xpath: .//word], [[AndroidDriver: chrome on ANDROID (51a5b69d350864e9562a2470b487b139)] -&gt; xpath: .//word], [[AndroidDriver: chrome on ANDROID (51a5b69d350864e9562a2470b487b139)] -&gt; xpath: .//word], [[AndroidDriver: chrome on ANDROID (51a5b69d350864e9562a2470b487b139)] -&gt; xpath: .//word], [[AndroidDriver: chrome on ANDROID (51a5b69d350864e9562a2470b487b139)] -&gt; xpath: .//word], [[AndroidDriver: chrome on ANDROID (51a5b69d350864e9562a2470b487b139)] -&gt; xpath: .//word], [[AndroidDriver: chrome on ANDROID (51a5b69d350864e9562a2470b487b139)] -&gt; xpath: .//word], [[AndroidDriver: chrome on ANDROID (51a5b69d350864e9562a2470b487b139)] -&gt; xpath: .//word], [[AndroidDriver: chrome on ANDROID (51a5b69d350864e9562a2470b487b139)] -&gt; xpath: .//word], [[AndroidDriver: chrome on ANDROID (51a5b69d350864e9562a2470b487b139)] -&gt; xpath: .//word], [[AndroidDriver: chrome on ANDROID (51a5b69d350864e9562a2470b487b139)] -&gt; xpath: .//word], [[AndroidDriver: chrome on ANDROID (51a5b69d350864e9562a2470b487b139)] -&gt; xpath: .//word], [[AndroidDriver: chrome on ANDROID (51a5b69d350864e9562a2470b487b139)] -&gt; xpath: .//word], [[AndroidDriver: chrome on ANDROID (51a5b69d350864e9562a2470b487b139)] -&gt; xpath: .//word], [[AndroidDriver: chrome on ANDROID (51a5b69d350864e9562a2470b487b139)] -&gt; xpath: .//word], [[AndroidDriver: chrome on ANDROID (51a5b69d350864e9562a2470b487b139)] -&gt; xpath: .//word], [[AndroidDriver: chrome on ANDROID (51a5b69d350864e9562a2470b487b139)] -&gt; xpath: .//word], [[AndroidDriver: chrome on ANDROID (51a5b69d350864e9562a2470b487b139)] -&gt; xpath: .//word], [[AndroidDriver: chrome on ANDROID (51a5b69d350864e9562a2470b487b139)] -&gt; xpath: .//word], [[AndroidDriver: chrome on ANDROID (51a5b69d350864e9562a2470b487b139)] -&gt; xpath: .//word], [[AndroidDriver: chrome on ANDROID (51a5b69d350864e9562a2470b487b139)] -&gt; xpath: .//word], [[AndroidDriver: chrome on ANDROID (51a5b69d350864e9562a2470b487b139)] -&gt; xpath: .//word], [[AndroidDriver: chrome on ANDROID (51a5b69d350864e9562a2470b487b139)] -&gt; xpath: .//word], [[AndroidDriver: chrome on ANDROID (51a5b69d350864e9562a2470b487b139)] -&gt; xpath: .//word], [[AndroidDriver: chrome on ANDROID (51a5b69d350864e9562a2470b487b139)] -&gt; xpath: .//word], [[AndroidDriver: chrome on ANDROID (51a5b69d350864e9562a2470b487b139)] -&gt; xpath: .//word], [[AndroidDriver: chrome on ANDROID (51a5b69d350864e9562a2470b487b139)] -&gt; xpath: .//word], [[AndroidDriver: chrome on ANDROID (51a5b69d350864e9562a2470b487b139)] -&gt; xpath: .//word], [[AndroidDriver: chrome on ANDROID (51a5b69d350864e9562a2470b487b139)] -&gt; xpath: .//word], [[AndroidDriver: chrome on ANDROID (51a5b69d350864e9562a2470b487b139)] -&gt; xpath: .//word], [[AndroidDriver: chrome on ANDROID (51a5b69d350864e9562a2470b487b139)] -&gt; xpath: .//word], [[AndroidDriver: chrome on ANDROID (51a5b69d350864e9562a2470b487b139)] -&gt; xpath: .//word], [[AndroidDriver: chrome on ANDROID (51a5b69d350864e9562a2470b487b139)] -&gt; xpath: .//word], [[AndroidDriver: chrome on ANDROID (51a5b69d350864e9562a2470b487b139)] -&gt; xpath: .//word], [[AndroidDriver: chrome on ANDROID (51a5b69d350864e9562a2470b487b139)] -&gt; xpath: .//word], [[AndroidDriver: chrome on ANDROID (51a5b69d350864e9562a2470b487b139)] -&gt; xpath: .//word], [[AndroidDriver: chrome on ANDROID (51a5b69d350864e9562a2470b487b139)] -&gt; xpath: .//word], [[AndroidDriver: chrome on ANDROID (51a5b69d350864e9562a2470b487b139)] -&gt; xpath: .//word], [[AndroidDriver: chrome on ANDROID (51a5b69d350864e9562a2470b487b139)] -&gt; xpath: .//word], [[AndroidDriver: chrome on ANDROID (51a5b69d350864e9562a2470b487b139)] -&gt; xpath: .//word], [[AndroidDriver: chrome on ANDROID (51a5b69d350864e9562a2470b487b139)] -&gt; xpath: .//word], [[AndroidDriver: chrome on ANDROID (51a5b69d350864e9562a2470b487b139)] -&gt; xpath: .//word], [[AndroidDriver: chrome on ANDROID (51a5b69d350864e9562a2470b487b139)] -&gt; xpath: .//word], [[AndroidDriver: chrome on ANDROID (51a5b69d350864e9562a2470b487b139)] -&gt; xpath: .//word], [[AndroidDriver: chrome on ANDROID (51a5b69d350864e9562a2470b487b139)] -&gt; xpath: .//word], [[AndroidDriver: chrome on ANDROID (51a5b69d350864e9562a2470b487b139)] -&gt; xpath: .//word], [[AndroidDriver: chrome on ANDROID (51a5b69d350864e9562a2470b487b139)] -&gt; xpath: .//word], [[AndroidDriver: chrome on ANDROID (51a5b69d350864e9562a2470b487b139)] -&gt; xpath: .//word], [[AndroidDriver: chrome on ANDROID (51a5b69d350864e9562a2470b487b139)] -&gt; xpath: .//word], [[AndroidDriver: chrome on ANDROID (51a5b69d350864e9562a2470b487b139)] -&gt; xpath: .//word], [[AndroidDriver: chrome on ANDROID (51a5b69d350864e9562a2470b487b139)] -&gt; xpath: .//word], [[AndroidDriver: chrome on ANDROID (51a5b69d350864e9562a2470b487b139)] -&gt; xpath: .//word], [[AndroidDriver: chrome on ANDROID (51a5b69d350864e9562a2470b487b139)] -&gt; xpath: .//word], [[AndroidDriver: chrome on ANDROID (51a5b69d350864e9562a2470b487b139)] -&gt; xpath: .//word], [[AndroidDriver: chrome on ANDROID (51a5b69d350864e9562a2470b487b139)] -&gt; xpath: .//word], [[AndroidDriver: chrome on ANDROID (51a5b69d350864e9562a2470b487b139)] -&gt; xpath: .//word], [[AndroidDriver: chrome on ANDROID (51a5b69d350864e9562a2470b487b139)] -&gt; xpath: .//word], [[AndroidDriver: chrome on ANDROID (51a5b69d350864e9562a2470b487b139)] -&gt; xpath: .//word], [[AndroidDriver: chrome on ANDROID (51a5b69d350864e9562a2470b487b139)] -&gt; xpath: .//word], [[AndroidDriver: chrome on ANDROID (51a5b69d350864e9562a2470b487b139)] -&gt; xpath: .//word], [[AndroidDriver: chrome on ANDROID (51a5b69d350864e9562a2470b487b139)] -&gt; xpath: .//word], [[AndroidDriver: chrome on ANDROID (51a5b69d350864e9562a2470b487b139)] -&gt; xpath: .//word], [[AndroidDriver: chrome on ANDROID (51a5b69d350864e9562a2470b487b139)] -&gt; xpath: .//word], [[AndroidDriver: chrome on ANDROID (51a5b69d350864e9562a2470b487b139)] -&gt; xpath: .//word], [[AndroidDriver: chrome on ANDROID (51a5b69d350864e9562a2470b487b139)] -&gt; xpath: .//word], [[AndroidDriver: chrome on ANDROID (51a5b69d350864e9562a2470b487b139)] -&gt; xpath: .//word], [[AndroidDriver: chrome on ANDROID (51a5b69d350864e9562a2470b487b139)] -&gt; xpath: .//word], [[AndroidDriver: chrome on ANDROID (51a5b69d350864e9562a2470b487b139)] -&gt; xpath: .//word], [[AndroidDriver: chrome on ANDROID (51a5b69d350864e9562a2470b487b139)] -&gt; xpath: .//word], [[AndroidDriver: chrome on ANDROID (51a5b69d350864e9562a2470b487b139)] -&gt; xpath: .//word], [[AndroidDriver: chrome on ANDROID (51a5b69d350864e9562a2470b487b139)] -&gt; xpath: .//word], [[AndroidDriver: chrome on ANDROID (51a5b69d350864e9562a2470b487b139)] -&gt; xpath: .//word], [[AndroidDriver: chrome on ANDROID (51a5b69d350864e9562a2470b487b139)] -&gt; xpath: .//word], [[AndroidDriver: chrome on ANDROID (51a5b69d350864e9562a2470b487b139)] -&gt; xpath: .//word], [[AndroidDriver: chrome on ANDROID (51a5b69d350864e9562a2470b487b139)] -&gt; xpath: .//word], [[AndroidDriver: chrome on ANDROID (51a5b69d350864e9562a2470b487b139)] -&gt; xpath: .//word], [[AndroidDriver: chrome on ANDROID (51a5b69d350864e9562a2470b487b139)] -&gt; xpath: .//word], [[AndroidDriver: chrome on ANDROID (51a5b69d350864e9562a2470b487b139)] -&gt; xpath: .//word], [[AndroidDriver: chrome on ANDROID (51a5b69d350864e9562a2470b487b139)] -&gt; xpath: .//word], [[AndroidDriver: chrome on ANDROID (51a5b69d350864e9562a2470b487b139)] -&gt; xpath: .//word], [[AndroidDriver: chrome on ANDROID (51a5b69d350864e9562a2470b487b139)] -&gt; xpath: .//word], [[AndroidDriver: chrome on ANDROID (51a5b69d350864e9562a2470b487b139)] -&gt; xpath: .//word], [[AndroidDriver: chrome on ANDROID (51a5b69d350864e9562a2470b487b139)] -&gt; xpath: .//word], [[AndroidDriver: chrome on ANDROID (51a5b69d350864e9562a2470b487b139)] -&gt; xpath: .//word], [[AndroidDriver: chrome on ANDROID (51a5b69d350864e9562a2470b487b139)] -&gt; xpath: .//word], [[AndroidDriver: chrome on ANDROID (51a5b69d350864e9562a2470b487b139)] -&gt; xpath: .//word], [[AndroidDriver: chrome on ANDROID (51a5b69d350864e9562a2470b487b139)] -&gt; xpath: .//word], [[AndroidDriver: chrome on ANDROID (51a5b69d350864e9562a2470b487b139)] -&gt; xpath: .//word], [[AndroidDriver: chrome on ANDROID (51a5b69d350864e9562a2470b487b139)] -&gt; xpath: .//word], [[AndroidDriver: chrome on ANDROID (51a5b69d350864e9562a2470b487b139)] -&gt; xpath: .//word], [[AndroidDriver: chrome on ANDROID (51a5b69d350864e9562a2470b487b139)] -&gt; xpath: .//word], [[AndroidDriver: chrome on ANDROID (51a5b69d350864e9562a2470b487b139)] -&gt; xpath: .//word], [[AndroidDriver: chrome on ANDROID (51a5b69d350864e9562a2470b487b139)] -&gt; xpath: .//word], [[AndroidDriver: chrome on ANDROID (51a5b69d350864e9562a2470b487b139)] -&gt; xpath: .//word], [[AndroidDriver: chrome on ANDROID (51a5b69d350864e9562a2470b487b139)] -&gt; xpath: .//word], [[AndroidDriver: chrome on ANDROID (51a5b69d350864e9562a2470b487b139)] -&gt; xpath: .//word], [[AndroidDriver: chrome on ANDROID (51a5b69d350864e9562a2470b487b139)] -&gt; xpath: .//word], [[AndroidDriver: chrome on ANDROID (51a5b69d350864e9562a2470b487b139)] -&gt; xpath: .//word], [[AndroidDriver: chrome on ANDROID (51a5b69d350864e9562a2470b487b139)] -&gt; xpath: .//word], [[AndroidDriver: chrome on ANDROID (51a5b69d350864e9562a2470b487b139)] -&gt; xpath: .//word], [[AndroidDriver: chrome on ANDROID (51a5b69d350864e9562a2470b487b139)] -&gt; xpath: .//word], [[AndroidDriver: chrome on ANDROID (51a5b69d350864e9562a2470b487b139)] -&gt; xpath: .//word], [[AndroidDriver: chrome on ANDROID (51a5b69d350864e9562a2470b487b139)] -&gt; xpath: .//word], [[AndroidDriver: chrome on ANDROID (51a5b69d350864e9562a2470b487b139)] -&gt; xpath: .//word], [[AndroidDriver: chrome on ANDROID (51a5b69d350864e9562a2470b487b139)] -&gt; xpath: .//word], [[AndroidDriver: chrome on ANDROID (51a5b69d350864e9562a2470b487b139)] -&gt; xpath: .//word], [[AndroidDriver: chrome on ANDROID (51a5b69d350864e9562a2470b487b139)] -&gt; xpath: .//word], [[AndroidDriver: chrome on ANDROID (51a5b69d350864e9562a2470b487b139)] -&gt; xpath: .//word], [[AndroidDriver: chrome on ANDROID (51a5b69d350864e9562a2470b487b139)] -&gt; xpath: .//word], [[AndroidDriver: chrome on ANDROID (51a5b69d350864e9562a2470b487b139)] -&gt; xpath: .//word], [[AndroidDriver: chrome on ANDROID (51a5b69d350864e9562a2470b487b139)] -&gt; xpath: .//word], [[AndroidDriver: chrome on ANDROID (51a5b69d350864e9562a2470b487b139)] -&gt; xpath: .//word], [[AndroidDriver: chrome on ANDROID (51a5b69d350864e9562a2470b487b139)] -&gt; xpath: .//word], [[AndroidDriver: chrome on ANDROID (51a5b69d350864e9562a2470b487b139)] -&gt; xpath: .//word], [[AndroidDriver: chrome on ANDROID (51a5b69d350864e9562a2470b487b139)] -&gt; xpath: .//word], [[AndroidDriver: chrome on ANDROID (51a5b69d350864e9562a2470b487b139)] -&gt; xpath: .//word], [[AndroidDriver: chrome on ANDROID (51a5b69d350864e9562a2470b487b139)] -&gt; xpath: .//word], [[AndroidDriver: chrome on ANDROID (51a5b69d350864e9562a2470b487b139)] -&gt; xpath: .//word], [[AndroidDriver: chrome on ANDROID (51a5b69d350864e9562a2470b487b139)] -&gt; xpath: .//word], [[AndroidDriver: chrome on ANDROID (51a5b69d350864e9562a2470b487b139)] -&gt; xpath: .//word], [[AndroidDriver: chrome on ANDROID (51a5b69d350864e9562a2470b487b139)] -&gt; xpath: .//word], [[AndroidDriver: chrome on ANDROID (51a5b69d350864e9562a2470b487b139)] -&gt; xpath: .//word], [[AndroidDriver: chrome on ANDROID (51a5b69d350864e9562a2470b487b139)] -&gt; xpath: .//word], [[AndroidDriver: chrome on ANDROID (51a5b69d350864e9562a2470b487b139)] -&gt; xpath: .//word], [[AndroidDriver: chrome on ANDROID (51a5b69d350864e9562a2470b487b139)] -&gt; xpath: .//word], [[AndroidDriver: chrome on ANDROID (51a5b69d350864e9562a2470b487b139)] -&gt; xpath: .//word], [[AndroidDriver: chrome on ANDROID (51a5b69d350864e9562a2470b487b139)] -&gt; xpath: .//word], [[AndroidDriver: chrome on ANDROID (51a5b69d350864e9562a2470b487b139)] -&gt; xpath: .//word], [[AndroidDriver: chrome on ANDROID (51a5b69d350864e9562a2470b487b139)] -&gt; xpath: .//word], [[AndroidDriver: chrome on ANDROID (51a5b69d350864e9562a2470b487b139)] -&gt; xpath: .//word], [[AndroidDriver: chrome on ANDROID (51a5b69d350864e9562a2470b487b139)] -&gt; xpath: .//word], [[AndroidDriver: chrome on ANDROID (51a5b69d350864e9562a2470b487b139)] -&gt; xpath: .//word], [[AndroidDriver: chrome on ANDROID (51a5b69d350864e9562a2470b487b139)] -&gt; xpath: .//word], [[AndroidDriver: chrome on ANDROID (51a5b69d350864e9562a2470b487b139)] -&gt; xpath: .//word], [[AndroidDriver: chrome on ANDROID (51a5b69d350864e9562a2470b487b139)] -&gt; xpath: .//word], [[AndroidDriver: chrome on ANDROID (51a5b69d350864e9562a2470b487b139)] -&gt; xpath: .//word], [[AndroidDriver: chrome on ANDROID (51a5b69d350864e9562a2470b487b139)] -&gt; xpath: .//word], [[AndroidDriver: chrome on ANDROID (51a5b69d350864e9562a2470b487b139)] -&gt; xpath: .//word], [[AndroidDriver: chrome on ANDROID (51a5b69d350864e9562a2470b487b139)] -&gt; xpath: .//word], [[AndroidDriver: chrome on ANDROID (51a5b69d350864e9562a2470b487b139)] -&gt; xpath: .//word], [[AndroidDriver: chrome on ANDROID (51a5b69d350864e9562a2470b487b139)] -&gt; xpath: .//word], [[AndroidDriver: chrome on ANDROID (51a5b69d350864e9562a2470b487b139)] -&gt; xpath: .//word], [[AndroidDriver: chrome on ANDROID (51a5b69d350864e9562a2470b487b139)] -&gt; xpath: .//word], [[AndroidDriver: chrome on ANDROID (51a5b69d350864e9562a2470b487b139)] -&gt; xpath: .//word], [[AndroidDriver: chrome on ANDROID (51a5b69d350864e9562a2470b487b139)] -&gt; xpath: .//word], [[AndroidDriver: chrome on ANDROID (51a5b69d350864e9562a2470b487b139)] -&gt; xpath: .//word], [[AndroidDriver: chrome on ANDROID (51a5b69d350864e9562a2470b487b139)] -&gt; xpath: .//word], [[AndroidDriver: chrome on ANDROID (51a5b69d350864e9562a2470b487b139)] -&gt; xpath: .//word], [[AndroidDriver: chrome on ANDROID (51a5b69d350864e9562a2470b487b139)] -&gt; xpath: .//word], [[AndroidDriver: chrome on ANDROID (51a5b69d350864e9562a2470b487b139)] -&gt; xpath: .//word], [[AndroidDriver: chrome on ANDROID (51a5b69d350864e9562a2470b487b139)] -&gt; xpath: .//word], [[AndroidDriver: chrome on ANDROID (51a5b69d350864e9562a2470b487b139)] -&gt; xpath: .//word], [[AndroidDriver: chrome on ANDROID (51a5b69d350864e9562a2470b487b139)] -&gt; xpath: .//word], [[AndroidDriver: chrome on ANDROID (51a5b69d350864e9562a2470b487b139)] -&gt; xpath: .//word], [[AndroidDriver: chrome on ANDROID (51a5b69d350864e9562a2470b487b139)] -&gt; xpath: .//word], [[AndroidDriver: chrome on ANDROID (51a5b69d350864e9562a2470b487b139)] -&gt; xpath: .//word], [[AndroidDriver: chrome on ANDROID (51a5b69d350864e9562a2470b487b139)] -&gt; xpath: .//word], [[AndroidDriver: chrome on ANDROID (51a5b69d350864e9562a2470b487b139)] -&gt; xpath: .//word], [[AndroidDriver: chrome on ANDROID (51a5b69d350864e9562a2470b487b139)] -&gt; xpath: .//word], [[AndroidDriver: chrome on ANDROID (51a5b69d350864e9562a2470b487b139)] -&gt; xpath: .//word], [[AndroidDriver: chrome on ANDROID (51a5b69d350864e9562a2470b487b139)] -&gt; xpath: .//word], [[AndroidDriver: chrome on ANDROID (51a5b69d350864e9562a2470b487b139)] -&gt; xpath: .//word], [[AndroidDriver: chrome on ANDROID (51a5b69d350864e9562a2470b487b139)] -&gt; xpath: .//word], [[AndroidDriver: chrome on ANDROID (51a5b69d350864e9562a2470b487b139)] -&gt; xpath: .//word], [[AndroidDriver: chrome on ANDROID (51a5b69d350864e9562a2470b487b139)] -&gt; xpath: .//word], [[AndroidDriver: chrome on ANDROID (51a5b69d350864e9562a2470b487b139)] -&gt; xpath: .//word], [[AndroidDriver: chrome on ANDROID (51a5b69d350864e9562a2470b487b139)] -&gt; xpath: .//word], [[AndroidDriver: chrome on ANDROID (51a5b69d350864e9562a2470b487b139)] -&gt; xpath: .//word], [[AndroidDriver: chrome on ANDROID (51a5b69d350864e9562a2470b487b139)] -&gt; xpath: .//word], [[AndroidDriver: chrome on ANDROID (51a5b69d350864e9562a2470b487b139)] -&gt; xpath: .//word], [[AndroidDriver: chrome on ANDROID (51a5b69d350864e9562a2470b487b139)] -&gt; xpath: .//word], [[AndroidDriver: chrome on ANDROID (51a5b69d350864e9562a2470b487b139)] -&gt; xpath: .//word], [[AndroidDriver: chrome on ANDROID (51a5b69d350864e9562a2470b487b139)] -&gt; xpath: .//word], [[AndroidDriver: chrome on ANDROID (51a5b69d350864e9562a2470b487b139)] -&gt; xpath: .//word], [[AndroidDriver: chrome on ANDROID (51a5b69d350864e9562a2470b487b139)] -&gt; xpath: .//word], [[AndroidDriver: chrome on ANDROID (51a5b69d350864e9562a2470b487b139)] -&gt; xpath: .//word], [[AndroidDriver: chrome on ANDROID (51a5b69d350864e9562a2470b487b139)] -&gt; xpath: .//word], [[AndroidDriver: chrome on ANDROID (51a5b69d350864e9562a2470b487b139)] -&gt; xpath: .//word], [[AndroidDriver: chrome on ANDROID (51a5b69d350864e9562a2470b487b139)] -&gt; xpath: .//word], [[AndroidDriver: chrome on ANDROID (51a5b69d350864e9562a2470b487b139)] -&gt; xpath: .//word], [[AndroidDriver: chrome on ANDROID (51a5b69d350864e9562a2470b487b139)] -&gt; xpath: .//word], [[AndroidDriver: chrome on ANDROID (51a5b69d350864e9562a2470b487b139)] -&gt; xpath: .//word], [[AndroidDriver: chrome on ANDROID (51a5b69d350864e9562a2470b487b139)] -&gt; xpath: .//word], [[AndroidDriver: chrome on ANDROID (51a5b69d350864e9562a2470b487b139)] -&gt; xpath: .//word], [[AndroidDriver: chrome on ANDROID (51a5b69d350864e9562a2470b487b139)] -&gt; xpath: .//word], [[AndroidDriver: chrome on ANDROID (51a5b69d350864e9562a2470b487b139)] -&gt; xpath: .//word], [[AndroidDriver: chrome on ANDROID (51a5b69d350864e9562a2470b487b139)] -&gt; xpath: .//word], [[AndroidDriver: chrome on ANDROID (51a5b69d350864e9562a2470b487b139)] -&gt; xpath: .//word], [[AndroidDriver: chrome on ANDROID (51a5b69d350864e9562a2470b487b139)] -&gt; xpath: .//word], [[AndroidDriver: chrome on ANDROID (51a5b69d350864e9562a2470b487b139)] -&gt; xpath: .//word], [[AndroidDriver: chrome on ANDROID (51a5b69d350864e9562a2470b487b139)] -&gt; xpath: .//word], [[AndroidDriver: chrome on ANDROID (51a5b69d350864e9562a2470b487b139)] -&gt; xpath: .//word], [[AndroidDriver: chrome on ANDROID (51a5b69d350864e9562a2470b487b139)] -&gt; xpath: .//word], [[AndroidDriver: chrome on ANDROID (51a5b69d350864e9562a2470b487b139)] -&gt; xpath: .//word], [[AndroidDriver: chrome on ANDROID (51a5b69d350864e9562a2470b487b139)] -&gt; xpath: .//word], [[AndroidDriver: chrome on ANDROID (51a5b69d350864e9562a2470b487b139)] -&gt; xpath: .//word], [[AndroidDriver: chrome on ANDROID (51a5b69d350864e9562a2470b487b139)] -&gt; xpath: .//word], [[AndroidDriver: chrome on ANDROID (51a5b69d350864e9562a2470b487b139)] -&gt; xpath: .//word], [[AndroidDriver: chrome on ANDROID (51a5b69d350864e9562a2470b487b139)] -&gt; xpath: .//word], [[AndroidDriver: chrome on ANDROID (51a5b69d350864e9562a2470b487b139)] -&gt; xpath: .//word], [[AndroidDriver: chrome on ANDROID (51a5b69d350864e9562a2470b487b139)] -&gt; xpath: .//word], [[AndroidDriver: chrome on ANDROID (51a5b69d350864e9562a2470b487b139)] -&gt; xpath: .//word], [[AndroidDriver: chrome on ANDROID (51a5b69d350864e9562a2470b487b139)] -&gt; xpath: .//word], [[AndroidDriver: chrome on ANDROID (51a5b69d350864e9562a2470b487b139)] -&gt; xpath: .//word], [[AndroidDriver: chrome on ANDROID (51a5b69d350864e9562a2470b487b139)] -&gt; xpath: .//word], [[AndroidDriver: chrome on ANDROID (51a5b69d350864e9562a2470b487b139)] -&gt; xpath: .//word], [[AndroidDriver: chrome on ANDROID (51a5b69d350864e9562a2470b487b139)] -&gt; xpath: .//word], [[AndroidDriver: chrome on ANDROID (51a5b69d350864e9562a2470b487b139)] -&gt; xpath: .//word], [[AndroidDriver: chrome on ANDROID (51a5b69d350864e9562a2470b487b139)] -&gt; xpath: .//word], [[AndroidDriver: chrome on ANDROID (51a5b69d350864e9562a2470b487b139)] -&gt; xpath: .//word], [[AndroidDriver: chrome on ANDROID (51a5b69d350864e9562a2470b487b139)] -&gt; xpath: .//word], [[AndroidDriver: chrome on ANDROID (51a5b69d350864e9562a2470b487b139)] -&gt; xpath: .//word], [[AndroidDriver: chrome on ANDROID (51a5b69d350864e9562a2470b487b139)] -&gt; xpath: .//word], [[AndroidDriver: chrome on ANDROID (51a5b69d350864e9562a2470b487b139)] -&gt; xpath: .//word], [[AndroidDriver: chrome on ANDROID (51a5b69d350864e9562a2470b487b139)] -&gt; xpath: .//word], [[AndroidDriver: chrome on ANDROID (51a5b69d350864e9562a2470b487b139)] -&gt; xpath: .//word], [[AndroidDriver: chrome on ANDROID (51a5b69d350864e9562a2470b487b139)] -&gt; xpath: .//word], [[AndroidDriver: chrome on ANDROID (51a5b69d350864e9562a2470b487b139)] -&gt; xpath: .//word], [[AndroidDriver: chrome on ANDROID (51a5b69d350864e9562a2470b487b139)] -&gt; xpath: .//word], [[AndroidDriver: chrome on ANDROID (51a5b69d350864e9562a2470b487b139)] -&gt; xpath: .//word], [[AndroidDriver: chrome on ANDROID (51a5b69d350864e9562a2470b487b139)] -&gt; xpath: .//word], [[AndroidDriver: chrome on ANDROID (51a5b69d350864e9562a2470b487b139)] -&gt; xpath: .//word], [[AndroidDriver: chrome on ANDROID (51a5b69d350864e9562a2470b487b139)] -&gt; xpath: .//word], [[AndroidDriver: chrome on ANDROID (51a5b69d350864e9562a2470b487b139)] -&gt; xpath: .//word], [[AndroidDriver: chrome on ANDROID (51a5b69d350864e9562a2470b487b139)] -&gt; xpath: .//word], [[AndroidDriver: chrome on ANDROID (51a5b69d350864e9562a2470b487b139)] -&gt; xpath: .//word], [[AndroidDriver: chrome on ANDROID (51a5b69d350864e9562a2470b487b139)] -&gt; xpath: .//word], [[AndroidDriver: chrome on ANDROID (51a5b69d350864e9562a2470b487b139)] -&gt; xpath: .//word], [[AndroidDriver: chrome on ANDROID (51a5b69d350864e9562a2470b487b139)] -&gt; xpath: .//word], [[AndroidDriver: chrome on ANDROID (51a5b69d350864e9562a2470b487b139)] -&gt; xpath: .//word], [[AndroidDriver: chrome on ANDROID (51a5b69d350864e9562a2470b487b139)] -&gt; xpath: .//word], [[AndroidDriver: chrome on ANDROID (51a5b69d350864e9562a2470b487b139)] -&gt; xpath: .//word], [[AndroidDriver: chrome on ANDROID (51a5b69d350864e9562a2470b487b139)] -&gt; xpath: .//word], [[AndroidDriver: chrome on ANDROID (51a5b69d350864e9562a2470b487b139)] -&gt; xpath: .//word], [[AndroidDriver: chrome on ANDROID (51a5b69d350864e9562a2470b487b139)] -&gt; xpath: .//word], [[AndroidDriver: chrome on ANDROID (51a5b69d350864e9562a2470b487b139)] -&gt; xpath: .//word], [[AndroidDriver: chrome on ANDROID (51a5b69d350864e9562a2470b487b139)] -&gt; xpath: .//word], [[AndroidDriver: chrome on ANDROID (51a5b69d350864e9562a2470b487b139)] -&gt; xpath: .//word], [[AndroidDriver: chrome on ANDROID (51a5b69d350864e9562a2470b487b139)] -&gt; xpath: .//word], [[AndroidDriver: chrome on ANDROID (51a5b69d350864e9562a2470b487b139)] -&gt; xpath: .//word], [[AndroidDriver: chrome on ANDROID (51a5b69d350864e9562a2470b487b139)] -&gt; xpath: .//word], [[AndroidDriver: chrome on ANDROID (51a5b69d350864e9562a2470b487b139)] -&gt; xpath: .//word], [[AndroidDriver: chrome on ANDROID (51a5b69d350864e9562a2470b487b139)] -&gt; xpath: .//word], [[AndroidDriver: chrome on ANDROID (51a5b69d350864e9562a2470b487b139)] -&gt; xpath: .//word], [[AndroidDriver: chrome on ANDROID (51a5b69d350864e9562a2470b487b139)] -&gt; xpath: .//word], [[AndroidDriver: chrome on ANDROID (51a5b69d350864e9562a2470b487b139)] -&gt; xpath: .//word], [[AndroidDriver: chrome on ANDROID (51a5b69d350864e9562a2470b487b139)] -&gt; xpath: .//word], [[AndroidDriver: chrome on ANDROID (51a5b69d350864e9562a2470b487b139)] -&gt; xpath: .//word], [[AndroidDriver: chrome on ANDROID (51a5b69d350864e9562a2470b487b139)] -&gt; xpath: .//word], [[AndroidDriver: chrome on ANDROID (51a5b69d350864e9562a2470b487b139)] -&gt; xpath: .//word], [[AndroidDriver: chrome on ANDROID (51a5b69d350864e9562a2470b487b139)] -&gt; xpath: .//word], [[AndroidDriver: chrome on ANDROID (51a5b69d350864e9562a2470b487b139)] -&gt; xpath: .//word], [[AndroidDriver: chrome on ANDROID (51a5b69d350864e9562a2470b487b139)] -&gt; xpath: .//word], [[AndroidDriver: chrome on ANDROID (51a5b69d350864e9562a2470b487b139)] -&gt; xpath: .//word], [[AndroidDriver: chrome on ANDROID (51a5b69d350864e9562a2470b487b139)] -&gt; xpath: .//word], [[AndroidDriver: chrome on ANDROID (51a5b69d350864e9562a2470b487b139)] -&gt; xpath: .//word], [[AndroidDriver: chrome on ANDROID (51a5b69d350864e9562a2470b487b139)] -&gt; xpath: .//word], [[AndroidDriver: chrome on ANDROID (51a5b69d350864e9562a2470b487b139)] -&gt; xpath: .//word], [[AndroidDriver: chrome on ANDROID (51a5b69d350864e9562a2470b487b139)] -&gt; xpath: .//word], [[AndroidDriver: chrome on ANDROID (51a5b69d350864e9562a2470b487b139)] -&gt; xpath: .//word], [[AndroidDriver: chrome on ANDROID (51a5b69d350864e9562a2470b487b139)] -&gt; xpath: .//word], [[AndroidDriver: chrome on ANDROID (51a5b69d350864e9562a2470b487b139)] -&gt; xpath: .//word], [[AndroidDriver: chrome on ANDROID (51a5b69d350864e9562a2470b487b139)] -&gt; xpath: .//word], [[AndroidDriver: chrome on ANDROID (51a5b69d350864e9562a2470b487b139)] -&gt; xpath: .//word], [[AndroidDriver: chrome on ANDROID (51a5b69d350864e9562a2470b487b139)] -&gt; xpath: .//word], [[AndroidDriver: chrome on ANDROID (51a5b69d350864e9562a2470b487b139)] -&gt; xpath: .//word], [[AndroidDriver: chrome on ANDROID (51a5b69d350864e9562a2470b487b139)] -&gt; xpath: .//word], [[AndroidDriver: chrome on ANDROID (51a5b69d350864e9562a2470b487b139)] -&gt; xpath: .//word], [[AndroidDriver: chrome on ANDROID (51a5b69d350864e9562a2470b487b139)] -&gt; xpath: .//word], [[AndroidDriver: chrome on ANDROID (51a5b69d350864e9562a2470b487b139)] -&gt; xpath: .//word], [[AndroidDriver: chrome on ANDROID (51a5b69d350864e9562a2470b487b139)] -&gt; xpath: .//word], [[AndroidDriver: chrome on ANDROID (51a5b69d350864e9562a2470b487b139)] -&gt; xpath: .//word], [[AndroidDriver: chrome on ANDROID (51a5b69d350864e9562a2470b487b139)] -&gt; xpath: .//word], [[AndroidDriver: chrome on ANDROID (51a5b69d350864e9562a2470b487b139)] -&gt; xpath: .//word], [[AndroidDriver: chrome on ANDROID (51a5b69d350864e9562a2470b487b139)] -&gt; xpath: .//word], [[AndroidDriver: chrome on ANDROID (51a5b69d350864e9562a2470b487b139)] -&gt; xpath: .//word], [[AndroidDriver: chrome on ANDROID (51a5b69d350864e9562a2470b487b139)] -&gt; xpath: .//word], [[AndroidDriver: chrome on ANDROID (51a5b69d350864e9562a2470b487b139)] -&gt; xpath: .//word], [[AndroidDriver: chrome on ANDROID (51a5b69d350864e9562a2470b487b139)] -&gt; xpath: .//word], [[AndroidDriver: chrome on ANDROID (51a5b69d350864e9562a2470b487b139)] -&gt; xpath: .//word], [[AndroidDriver: chrome on ANDROID (51a5b69d350864e9562a2470b487b139)] -&gt; xpath: .//word], [[AndroidDriver: chrome on ANDROID (51a5b69d350864e9562a2470b487b139)] -&gt; xpath: .//word], [[AndroidDriver: chrome on ANDROID (51a5b69d350864e9562a2470b487b139)] -&gt; xpath: .//word], [[AndroidDriver: chrome on ANDROID (51a5b69d350864e9562a2470b487b139)] -&gt; xpath: .//word], [[AndroidDriver: chrome on ANDROID (51a5b69d350864e9562a2470b487b139)] -&gt; xpath: .//word], [[AndroidDriver: chrome on ANDROID (51a5b69d350864e9562a2470b487b139)] -&gt; xpath: .//word], [[AndroidDriver: chrome on ANDROID (51a5b69d350864e9562a2470b487b139)] -&gt; xpath: .//word], [[AndroidDriver: chrome on ANDROID (51a5b69d350864e9562a2470b487b139)] -&gt; xpath: .//word], [[AndroidDriver: chrome on ANDROID (51a5b69d350864e9562a2470b487b139)] -&gt; xpath: .//word], [[AndroidDriver: chrome on ANDROID (51a5b69d350864e9562a2470b487b139)] -&gt; xpath: .//word], [[AndroidDriver: chrome on ANDROID (51a5b69d350864e9562a2470b487b139)] -&gt; xpath: .//word], [[AndroidDriver: chrome on ANDROID (51a5b69d350864e9562a2470b487b139)] -&gt; xpath: .//word], [[AndroidDriver: chrome on ANDROID (51a5b69d350864e9562a2470b487b139)] -&gt; xpath: .//word], [[AndroidDriver: chrome on ANDROID (51a5b69d350864e9562a2470b487b139)] -&gt; xpath: .//word], [[AndroidDriver: chrome on ANDROID (51a5b69d350864e9562a2470b487b139)] -&gt; xpath: .//word], [[AndroidDriver: chrome on ANDROID (51a5b69d350864e9562a2470b487b139)] -&gt; xpath: .//word], [[AndroidDriver: chrome on ANDROID (51a5b69d350864e9562a2470b487b139)] -&gt; xpath: .//word], [[AndroidDriver: chrome on ANDROID (51a5b69d350864e9562a2470b487b139)] -&gt; xpath: .//word], [[AndroidDriver: chrome on ANDROID (51a5b69d350864e9562a2470b487b139)] -&gt; xpath: .//word], [[AndroidDriver: chrome on ANDROID (51a5b69d350864e9562a2470b487b139)] -&gt; xpath: .//word], [[AndroidDriver: chrome on ANDROID (51a5b69d350864e9562a2470b487b139)] -&gt; xpath: .//word], [[AndroidDriver: chrome on ANDROID (51a5b69d350864e9562a2470b487b139)] -&gt; xpath: .//word], [[AndroidDriver: chrome on ANDROID (51a5b69d350864e9562a2470b487b139)] -&gt; xpath: .//word], [[AndroidDriver: chrome on ANDROID (51a5b69d350864e9562a2470b487b139)] -&gt; xpath: .//word], [[AndroidDriver: chrome on ANDROID (51a5b69d350864e9562a2470b487b139)] -&gt; xpath: .//word], [[AndroidDriver: chrome on ANDROID (51a5b69d350864e9562a2470b487b139)] -&gt; xpath: .//word], [[AndroidDriver: chrome on ANDROID (51a5b69d350864e9562a2470b487b139)] -&gt; xpath: .//word], [[AndroidDriver: chrome on ANDROID (51a5b69d350864e9562a2470b487b139)] -&gt; xpath: .//word], [[AndroidDriver: chrome on ANDROID (51a5b69d350864e9562a2470b487b139)] -&gt; xpath: .//word], [[AndroidDriver: chrome on ANDROID (51a5b69d350864e9562a2470b487b139)] -&gt; xpath: .//word], [[AndroidDriver: chrome on ANDROID (51a5b69d350864e9562a2470b487b139)] -&gt; xpath: .//word], [[AndroidDriver: chrome on ANDROID (51a5b69d350864e9562a2470b487b139)] -&gt; xpath: .//word], [[AndroidDriver: chrome on ANDROID (51a5b69d350864e9562a2470b487b139)] -&gt; xpath: .//word], [[AndroidDriver: chrome on ANDROID (51a5b69d350864e9562a2470b487b139)] -&gt; xpath: .//word], [[AndroidDriver: chrome on ANDROID (51a5b69d350864e9562a2470b487b139)] -&gt; xpath: .//word], [[AndroidDriver: chrome on ANDROID (51a5b69d350864e9562a2470b487b139)] -&gt; xpath: .//word], [[AndroidDriver: chrome on ANDROID (51a5b69d350864e9562a2470b487b139)] -&gt; xpath: .//word], [[AndroidDriver: chrome on ANDROID (51a5b69d350864e9562a2470b487b139)] -&gt; xpath: .//word], [[AndroidDriver: chrome on ANDROID (51a5b69d350864e9562a2470b487b139)] -&gt; xpath: .//word], [[AndroidDriver: chrome on ANDROID (51a5b69d350864e9562a2470b487b139)] -&gt; xpath: .//word], [[AndroidDriver: chrome on ANDROID (51a5b69d350864e9562a2470b487b139)] -&gt; xpath: .//word], [[AndroidDriver: chrome on ANDROID (51a5b69d350864e9562a2470b487b139)] -&gt; xpath: .//word], [[AndroidDriver: chrome on ANDROID (51a5b69d350864e9562a2470b487b139)] -&gt; xpath: .//word], [[AndroidDriver: chrome on ANDROID (51a5b69d350864e9562a2470b487b139)] -&gt; xpath: .//word], [[AndroidDriver: chrome on ANDROID (51a5b69d350864e9562a2470b487b139)] -&gt; xpath: .//word], [[AndroidDriver: chrome on ANDROID (51a5b69d350864e9562a2470b487b139)] -&gt; xpath: .//word], [[AndroidDriver: chrome on ANDROID (51a5b69d350864e9562a2470b487b139)] -&gt; xpath: .//word], [[AndroidDriver: chrome on ANDROID (51a5b69d350864e9562a2470b487b139)] -&gt; xpath: .//word], [[AndroidDriver: chrome on ANDROID (51a5b69d350864e9562a2470b487b139)] -&gt; xpath: .//word], [[AndroidDriver: chrome on ANDROID (51a5b69d350864e9562a2470b487b139)] -&gt; xpath: .//word], [[AndroidDriver: chrome on ANDROID (51a5b69d350864e9562a2470b487b139)] -&gt; xpath: .//word], [[AndroidDriver: chrome on ANDROID (51a5b69d350864e9562a2470b487b139)] -&gt; xpath: .//word], [[AndroidDriver: chrome on ANDROID (51a5b69d350864e9562a2470b487b139)] -&gt; xpath: .//word], [[AndroidDriver: chrome on ANDROID (51a5b69d350864e9562a2470b487b139)] -&gt; xpath: .//word], [[AndroidDriver: chrome on ANDROID (51a5b69d350864e9562a2470b487b139)] -&gt; xpath: .//word], [[AndroidDriver: chrome on ANDROID (51a5b69d350864e9562a2470b487b139)] -&gt; xpath: .//word], [[AndroidDriver: chrome on ANDROID (51a5b69d350864e9562a2470b487b139)] -&gt; xpath: .//word], [[AndroidDriver: chrome on ANDROID (51a5b69d350864e9562a2470b487b139)] -&gt; xpath: .//word], [[AndroidDriver: chrome on ANDROID (51a5b69d350864e9562a2470b487b139)] -&gt; xpath: .//word], [[AndroidDriver: chrome on ANDROID (51a5b69d350864e9562a2470b487b139)] -&gt; xpath: .//word], [[AndroidDriver: chrome on ANDROID (51a5b69d350864e9562a2470b487b139)] -&gt; xpath: .//word], [[AndroidDriver: chrome on ANDROID (51a5b69d350864e9562a2470b487b139)] -&gt; xpath: .//word], [[AndroidDriver: chrome on ANDROID (51a5b69d350864e9562a2470b487b139)] -&gt; xpath: .//word], [[AndroidDriver: chrome on ANDROID (51a5b69d350864e9562a2470b487b139)] -&gt; xpath: .//word], [[AndroidDriver: chrome on ANDROID (51a5b69d350864e9562a2470b487b139)] -&gt; xpath: .//word], [[AndroidDriver: chrome on ANDROID (51a5b69d350864e9562a2470b487b139)] -&gt; xpath: .//word], [[AndroidDriver: chrome on ANDROID (51a5b69d350864e9562a2470b487b139)] -&gt; xpath: .//word], [[AndroidDriver: chrome on ANDROID (51a5b69d350864e9562a2470b487b139)] -&gt; xpath: .//word], [[AndroidDriver: chrome on ANDROID (51a5b69d350864e9562a2470b487b139)] -&gt; xpath: .//word], [[AndroidDriver: chrome on ANDROID (51a5b69d350864e9562a2470b487b139)] -&gt; xpath: .//word], [[AndroidDriver: chrome on ANDROID (51a5b69d350864e9562a2470b487b139)] -&gt; xpath: .//word], [[AndroidDriver: chrome on ANDROID (51a5b69d350864e9562a2470b487b139)] -&gt; xpath: .//word], [[AndroidDriver: chrome on ANDROID (51a5b69d350864e9562a2470b487b139)] -&gt; xpath: .//word], [[AndroidDriver: chrome on ANDROID (51a5b69d350864e9562a2470b487b139)] -&gt; xpath: .//word], [[AndroidDriver: chrome on ANDROID (51a5b69d350864e9562a2470b487b139)] -&gt; xpath: .//word], [[AndroidDriver: chrome on ANDROID (51a5b69d350864e9562a2470b487b139)] -&gt; xpath: .//word], [[AndroidDriver: chrome on ANDROID (51a5b69d350864e9562a2470b487b139)] -&gt; xpath: .//word], [[AndroidDriver: chrome on ANDROID (51a5b69d350864e9562a2470b487b139)] -&gt; xpath: .//word], [[AndroidDriver: chrome on ANDROID (51a5b69d350864e9562a2470b487b139)] -&gt; xpath: .//word], [[AndroidDriver: chrome on ANDROID (51a5b69d350864e9562a2470b487b139)] -&gt; xpath: .//word], [[AndroidDriver: chrome on ANDROID (51a5b69d350864e9562a2470b487b139)] -&gt; xpath: .//word], [[AndroidDriver: chrome on ANDROID (51a5b69d350864e9562a2470b487b139)] -&gt; xpath: .//word], [[AndroidDriver: chrome on ANDROID (51a5b69d350864e9562a2470b487b139)] -&gt; xpath: .//word], [[AndroidDriver: chrome on ANDROID (51a5b69d350864e9562a2470b487b139)] -&gt; xpath: .//word], [[AndroidDriver: chrome on ANDROID (51a5b69d350864e9562a2470b487b139)] -&gt; xpath: .//word], [[AndroidDriver: chrome on ANDROID (51a5b69d350864e9562a2470b487b139)] -&gt; xpath: .//word], [[AndroidDriver: chrome on ANDROID (51a5b69d350864e9562a2470b487b139)] -&gt; xpath: .//word], [[AndroidDriver: chrome on ANDROID (51a5b69d350864e9562a2470b487b139)] -&gt; xpath: .//word], [[AndroidDriver: chrome on ANDROID (51a5b69d350864e9562a2470b487b139)] -&gt; xpath: .//word], [[AndroidDriver: chrome on ANDROID (51a5b69d350864e9562a2470b487b139)] -&gt; xpath: .//word], [[AndroidDriver: chrome on ANDROID (51a5b69d350864e9562a2470b487b139)] -&gt; xpath: .//word], [[AndroidDriver: chrome on ANDROID (51a5b69d350864e9562a2470b487b139)] -&gt; xpath: .//word], [[AndroidDriver: chrome on ANDROID (51a5b69d350864e9562a2470b487b139)] -&gt; xpath: .//word], [[AndroidDriver: chrome on ANDROID (51a5b69d350864e9562a2470b487b139)] -&gt; xpath: .//word], [[AndroidDriver: chrome on ANDROID (51a5b69d350864e9562a2470b487b139)] -&gt; xpath: .//word], [[AndroidDriver: chrome on ANDROID (51a5b69d350864e9562a2470b487b139)] -&gt; xpath: .//word], [[AndroidDriver: chrome on ANDROID (51a5b69d350864e9562a2470b487b139)] -&gt; xpath: .//word], [[AndroidDriver: chrome on ANDROID (51a5b69d350864e9562a2470b487b139)] -&gt; xpath: .//word], [[AndroidDriver: chrome on ANDROID (51a5b69d350864e9562a2470b487b139)] -&gt; xpath: .//word], [[AndroidDriver: chrome on ANDROID (51a5b69d350864e9562a2470b487b139)] -&gt; xpath: .//word], [[AndroidDriver: chrome on ANDROID (51a5b69d350864e9562a2470b487b139)] -&gt; xpath: .//word], [[AndroidDriver: chrome on ANDROID (51a5b69d350864e9562a2470b487b139)] -&gt; xpath: .//word], [[AndroidDriver: chrome on ANDROID (51a5b69d350864e9562a2470b487b139)] -&gt; xpath: .//word], [[AndroidDriver: chrome on ANDROID (51a5b69d350864e9562a2470b487b139)] -&gt; xpath: .//word], [[AndroidDriver: chrome on ANDROID (51a5b69d350864e9562a2470b487b139)] -&gt; xpath: .//word], [[AndroidDriver: chrome on ANDROID (51a5b69d350864e9562a2470b487b139)] -&gt; xpath: .//word], [[AndroidDriver: chrome on ANDROID (51a5b69d350864e9562a2470b487b139)] -&gt; xpath: .//word], [[AndroidDriver: chrome on ANDROID (51a5b69d350864e9562a2470b487b139)] -&gt; xpath: .//word], [[AndroidDriver: chrome on ANDROID (51a5b69d350864e9562a2470b487b139)] -&gt; xpath: .//word], [[AndroidDriver: chrome on ANDROID (51a5b69d350864e9562a2470b487b139)] -&gt; xpath: .//word], [[AndroidDriver: chrome on ANDROID (51a5b69d350864e9562a2470b487b139)] -&gt; xpath: .//word], [[AndroidDriver: chrome on ANDROID (51a5b69d350864e9562a2470b487b139)] -&gt; xpath: .//word], [[AndroidDriver: chrome on ANDROID (51a5b69d350864e9562a2470b487b139)] -&gt; xpath: .//word], [[AndroidDriver: chrome on ANDROID (51a5b69d350864e9562a2470b487b139)] -&gt; xpath: .//word], [[AndroidDriver: chrome on ANDROID (51a5b69d350864e9562a2470b487b139)] -&gt; xpath: .//word], [[AndroidDriver: chrome on ANDROID (51a5b69d350864e9562a2470b487b139)] -&gt; xpath: .//word], [[AndroidDriver: chrome on ANDROID (51a5b69d350864e9562a2470b487b139)] -&gt; xpath: .//word], [[AndroidDriver: chrome on ANDROID (51a5b69d350864e9562a2470b487b139)] -&gt; xpath: .//word], [[AndroidDriver: chrome on ANDROID (51a5b69d350864e9562a2470b487b139)] -&gt; xpath: .//word], [[AndroidDriver: chrome on ANDROID (51a5b69d350864e9562a2470b487b139)] -&gt; xpath: .//word], [[AndroidDriver: chrome on ANDROID (51a5b69d350864e9562a2470b487b139)] -&gt; xpath: .//word], [[AndroidDriver: chrome on ANDROID (51a5b69d350864e9562a2470b487b139)] -&gt; xpath: .//word], [[AndroidDriver: chrome on ANDROID (51a5b69d350864e9562a2470b487b139)] -&gt; xpath: .//word], [[AndroidDriver: chrome on ANDROID (51a5b69d350864e9562a2470b487b139)] -&gt; xpath: .//word], [[AndroidDriver: chrome on ANDROID (51a5b69d350864e9562a2470b487b139)] -&gt; xpath: .//word], [[AndroidDriver: chrome on ANDROID (51a5b69d350864e9562a2470b487b139)] -&gt; xpath: .//word], [[AndroidDriver: chrome on ANDROID (51a5b69d350864e9562a2470b487b139)] -&gt; xpath: .//word], [[AndroidDriver: chrome on ANDROID (51a5b69d350864e9562a2470b487b139)] -&gt; xpath: .//word], [[AndroidDriver: chrome on ANDROID (51a5b69d350864e9562a2470b487b139)] -&gt; xpath: .//word], [[AndroidDriver: chrome on ANDROID (51a5b69d350864e9562a2470b487b139)] -&gt; xpath: .//word], [[AndroidDriver: chrome on ANDROID (51a5b69d350864e9562a2470b487b139)] -&gt; xpath: .//word], [[AndroidDriver: chrome on ANDROID (51a5b69d350864e9562a2470b487b139)] -&gt; xpath: .//word], [[AndroidDriver: chrome on ANDROID (51a5b69d350864e9562a2470b487b139)] -&gt; xpath: .//word], [[AndroidDriver: chrome on ANDROID (51a5b69d350864e9562a2470b487b139)] -&gt; xpath: .//word], [[AndroidDriver: chrome on ANDROID (51a5b69d350864e9562a2470b487b139)] -&gt; xpath: .//word], [[AndroidDriver: chrome on ANDROID (51a5b69d350864e9562a2470b487b139)] -&gt; xpath: .//word], [[AndroidDriver: chrome on ANDROID (51a5b69d350864e9562a2470b487b139)] -&gt; xpath: .//word], [[AndroidDriver: chrome on ANDROID (51a5b69d350864e9562a2470b487b139)] -&gt; xpath: .//word], [[AndroidDriver: chrome on ANDROID (51a5b69d350864e9562a2470b487b139)] -&gt; xpath: .//word], [[AndroidDriver: chrome on ANDROID (51a5b69d350864e9562a2470b487b139)] -&gt; xpath: .//word], [[AndroidDriver: chrome on ANDROID (51a5b69d350864e9562a2470b487b139)] -&gt; xpath: .//word], [[AndroidDriver: chrome on ANDROID (51a5b69d350864e9562a2470b487b139)] -&gt; xpath: .//word], [[AndroidDriver: chrome on ANDROID (51a5b69d350864e9562a2470b487b139)] -&gt; xpath: .//word], [[AndroidDriver: chrome on ANDROID (51a5b69d350864e9562a2470b487b139)] -&gt; xpath: .//word], [[AndroidDriver: chrome on ANDROID (51a5b69d350864e9562a2470b487b139)] -&gt; xpath: .//word], [[AndroidDriver: chrome on ANDROID (51a5b69d350864e9562a2470b487b139)] -&gt; xpath: .//word], [[AndroidDriver: chrome on ANDROID (51a5b69d350864e9562a2470b487b139)] -&gt; xpath: .//word], [[AndroidDriver: chrome on ANDROID (51a5b69d350864e9562a2470b487b139)] -&gt; xpath: .//word], [[AndroidDriver: chrome on ANDROID (51a5b69d350864e9562a2470b487b139)] -&gt; xpath: .//word], [[AndroidDriver: chrome on ANDROID (51a5b69d350864e9562a2470b487b139)] -&gt; xpath: .//word], [[AndroidDriver: chrome on ANDROID (51a5b69d350864e9562a2470b487b139)] -&gt; xpath: .//word], [[AndroidDriver: chrome on ANDROID (51a5b69d350864e9562a2470b487b139)] -&gt; xpath: .//word], [[AndroidDriver: chrome on ANDROID (51a5b69d350864e9562a2470b487b139)] -&gt; xpath: .//word], [[AndroidDriver: chrome on ANDROID (51a5b69d350864e9562a2470b487b139)] -&gt; xpath: .//word], [[AndroidDriver: chrome on ANDROID (51a5b69d350864e9562a2470b487b139)] -&gt; xpath: .//word], [[AndroidDriver: chrome on ANDROID (51a5b69d350864e9562a2470b487b139)] -&gt; xpath: .//word], [[AndroidDriver: chrome on ANDROID (51a5b69d350864e9562a2470b487b139)] -&gt; xpath: .//word], [[AndroidDriver: chrome on ANDROID (51a5b69d350864e9562a2470b487b139)] -&gt; xpath: .//word], [[AndroidDriver: chrome on ANDROID (51a5b69d350864e9562a2470b487b139)] -&gt; xpath: .//word], [[AndroidDriver: chrome on ANDROID (51a5b69d350864e9562a2470b487b139)] -&gt; xpath: .//word], [[AndroidDriver: chrome on ANDROID (51a5b69d350864e9562a2470b487b139)] -&gt; xpath: .//word], [[AndroidDriver: chrome on ANDROID (51a5b69d350864e9562a2470b487b139)] -&gt; xpath: .//word], [[AndroidDriver: chrome on ANDROID (51a5b69d350864e9562a2470b487b139)] -&gt; xpath: .//word], [[AndroidDriver: chrome on ANDROID (51a5b69d350864e9562a2470b487b139)] -&gt; xpath: .//word], [[AndroidDriver: chrome on ANDROID (51a5b69d350864e9562a2470b487b139)] -&gt; xpath: .//word], [[AndroidDriver: chrome on ANDROID (51a5b69d350864e9562a2470b487b139)] -&gt; xpath: .//word], [[AndroidDriver: chrome on ANDROID (51a5b69d350864e9562a2470b487b139)] -&gt; xpath: .//word], [[AndroidDriver: chrome on ANDROID (51a5b69d350864e9562a2470b487b139)] -&gt; xpath: .//word], [[AndroidDriver: chrome on ANDROID (51a5b69d350864e9562a2470b487b139)] -&gt; xpath: .//word], [[AndroidDriver: chrome on ANDROID (51a5b69d350864e9562a2470b487b139)] -&gt; xpath: .//word], [[AndroidDriver: chrome on ANDROID (51a5b69d350864e9562a2470b487b139)] -&gt; xpath: .//word], [[AndroidDriver: chrome on ANDROID (51a5b69d350864e9562a2470b487b139)] -&gt; xpath: .//word], [[AndroidDriver: chrome on ANDROID (51a5b69d350864e9562a2470b487b139)] -&gt; xpath: .//word], [[AndroidDriver: chrome on ANDROID (51a5b69d350864e9562a2470b487b139)] -&gt; xpath: .//word], [[AndroidDriver: chrome on ANDROID (51a5b69d350864e9562a2470b487b139)] -&gt; xpath: .//word], [[AndroidDriver: chrome on ANDROID (51a5b69d350864e9562a2470b487b139)] -&gt; xpath: .//word], [[AndroidDriver: chrome on ANDROID (51a5b69d350864e9562a2470b487b139)] -&gt; xpath: .//word], [[AndroidDriver: chrome on ANDROID (51a5b69d350864e9562a2470b487b139)] -&gt; xpath: .//word], [[AndroidDriver: chrome on ANDROID (51a5b69d350864e9562a2470b487b139)] -&gt; xpath: .//word], [[AndroidDriver: chrome on ANDROID (51a5b69d350864e9562a2470b487b139)] -&gt; xpath: .//word], [[AndroidDriver: chrome on ANDROID (51a5b69d350864e9562a2470b487b139)] -&gt; xpath: .//word], [[AndroidDriver: chrome on ANDROID (51a5b69d350864e9562a2470b487b139)] -&gt; xpath: .//word], [[AndroidDriver: chrome on ANDROID (51a5b69d350864e9562a2470b487b139)] -&gt; xpath: .//word], [[AndroidDriver: chrome on ANDROID (51a5b69d350864e9562a2470b487b139)] -&gt; xpath: .//word], [[AndroidDriver: chrome on ANDROID (51a5b69d350864e9562a2470b487b139)] -&gt; xpath: .//word], [[AndroidDriver: chrome on ANDROID (51a5b69d350864e9562a2470b487b139)] -&gt; xpath: .//word], [[AndroidDriver: chrome on ANDROID (51a5b69d350864e9562a2470b487b139)] -&gt; xpath: .//word], [[AndroidDriver: chrome on ANDROID (51a5b69d350864e9562a2470b487b139)] -&gt; xpath: .//word], [[AndroidDriver: chrome on ANDROID (51a5b69d350864e9562a2470b487b139)] -&gt; xpath: .//word], [[AndroidDriver: chrome on ANDROID (51a5b69d350864e9562a2470b487b139)] -&gt; xpath: .//word], [[AndroidDriver: chrome on ANDROID (51a5b69d350864e9562a2470b487b139)] -&gt; xpath: .//word], [[AndroidDriver: chrome on ANDROID (51a5b69d350864e9562a2470b487b139)] -&gt; xpath: .//word], [[AndroidDriver: chrome on ANDROID (51a5b69d350864e9562a2470b487b139)] -&gt; xpath: .//word], [[AndroidDriver: chrome on ANDROID (51a5b69d350864e9562a2470b487b139)] -&gt; xpath: .//word], [[AndroidDriver: chrome on ANDROID (51a5b69d350864e9562a2470b487b139)] -&gt; xpath: .//word], [[AndroidDriver: chrome on ANDROID (51a5b69d350864e9562a2470b487b139)] -&gt; xpath: .//word], [[AndroidDriver: chrome on ANDROID (51a5b69d350864e9562a2470b487b139)] -&gt; xpath: .//word], [[AndroidDriver: chrome on ANDROID (51a5b69d350864e9562a2470b487b139)] -&gt; xpath: .//word], [[AndroidDriver: chrome on ANDROID (51a5b69d350864e9562a2470b487b139)] -&gt; xpath: .//word], [[AndroidDriver: chrome on ANDROID (51a5b69d350864e9562a2470b487b139)] -&gt; xpath: .//word], [[AndroidDriver: chrome on ANDROID (51a5b69d350864e9562a2470b487b139)] -&gt; xpath: .//word], [[AndroidDriver: chrome on ANDROID (51a5b69d350864e9562a2470b487b139)] -&gt; xpath: .//word], [[AndroidDriver: chrome on ANDROID (51a5b69d350864e9562a2470b487b139)] -&gt; xpath: .//word], [[AndroidDriver: chrome on ANDROID (51a5b69d350864e9562a2470b487b139)] -&gt; xpath: .//word], [[AndroidDriver: chrome on ANDROID (51a5b69d350864e9562a2470b487b139)] -&gt; xpath: .//word], [[AndroidDriver: chrome on ANDROID (51a5b69d350864e9562a2470b487b139)] -&gt; xpath: .//word], [[AndroidDriver: chrome on ANDROID (51a5b69d350864e9562a2470b487b139)] -&gt; xpath: .//word], [[AndroidDriver: chrome on ANDROID (51a5b69d350864e9562a2470b487b139)] -&gt; xpath: .//word], [[AndroidDriver: chrome on ANDROID (51a5b69d350864e9562a2470b487b139)] -&gt; xpath: .//word], [[AndroidDriver: chrome on ANDROID (51a5b69d350864e9562a2470b487b139)] -&gt; xpath: .//word], [[AndroidDriver: chrome on ANDROID (51a5b69d350864e9562a2470b487b139)] -&gt; xpath: .//word], [[AndroidDriver: chrome on ANDROID (51a5b69d350864e9562a2470b487b139)] -&gt; xpath: .//word], [[AndroidDriver: chrome on ANDROID (51a5b69d350864e9562a2470b487b139)] -&gt; xpath: .//word], [[AndroidDriver: chrome on ANDROID (51a5b69d350864e9562a2470b487b139)] -&gt; xpath: .//word], [[AndroidDriver: chrome on ANDROID (51a5b69d350864e9562a2470b487b139)] -&gt; xpath: .//word], [[AndroidDriver: chrome on ANDROID (51a5b69d350864e9562a2470b487b139)] -&gt; xpath: .//word], [[AndroidDriver: chrome on ANDROID (51a5b69d350864e9562a2470b487b139)] -&gt; xpath: .//word], [[AndroidDriver: chrome on ANDROID (51a5b69d350864e9562a2470b487b139)] -&gt; xpath: .//word], [[AndroidDriver: chrome on ANDROID (51a5b69d350864e9562a2470b487b139)] -&gt; xpath: .//word], [[AndroidDriver: chrome on ANDROID (51a5b69d350864e9562a2470b487b139)] -&gt; xpath: .//word], [[AndroidDriver: chrome on ANDROID (51a5b69d350864e9562a2470b487b139)] -&gt; xpath: .//word], [[AndroidDriver: chrome on ANDROID (51a5b69d350864e9562a2470b487b139)] -&gt; xpath: .//word], [[AndroidDriver: chrome on ANDROID (51a5b69d350864e9562a2470b487b139)] -&gt; xpath: .//word], [[AndroidDriver: chrome on ANDROID (51a5b69d350864e9562a2470b487b139)] -&gt; xpath: .//word], [[AndroidDriver: chrome on ANDROID (51a5b69d350864e9562a2470b487b139)] -&gt; xpath: .//word], [[AndroidDriver: chrome on ANDROID (51a5b69d350864e9562a2470b487b139)] -&gt; xpath: .//word], [[AndroidDriver: chrome on ANDROID (51a5b69d350864e9562a2470b487b139)] -&gt; xpath: .//word], [[AndroidDriver: chrome on ANDROID (51a5b69d350864e9562a2470b487b139)] -&gt; xpath: .//word], [[AndroidDriver: chrome on ANDROID (51a5b69d350864e9562a2470b487b139)] -&gt; xpath: .//word], [[AndroidDriver: chrome on ANDROID (51a5b69d350864e9562a2470b487b139)] -&gt; xpath: .//word], [[AndroidDriver: chrome on ANDROID (51a5b69d350864e9562a2470b487b139)] -&gt; xpath: .//word], [[AndroidDriver: chrome on ANDROID (51a5b69d350864e9562a2470b487b139)] -&gt; xpath: .//word], [[AndroidDriver: chrome on ANDROID (51a5b69d350864e9562a2470b487b139)] -&gt; xpath: .//word], [[AndroidDriver: chrome on ANDROID (51a5b69d350864e9562a2470b487b139)] -&gt; xpath: .//word], [[AndroidDriver: chrome on ANDROID (51a5b69d350864e9562a2470b487b139)] -&gt; xpath: .//word], [[AndroidDriver: chrome on ANDROID (51a5b69d350864e9562a2470b487b139)] -&gt; xpath: .//word], [[AndroidDriver: chrome on ANDROID (51a5b69d350864e9562a2470b487b139)] -&gt; xpath: .//word], [[AndroidDriver: chrome on ANDROID (51a5b69d350864e9562a2470b487b139)] -&gt; xpath: .//word], [[AndroidDriver: chrome on ANDROID (51a5b69d350864e9562a2470b487b139)] -&gt; xpath: .//word], [[AndroidDriver: chrome on ANDROID (51a5b69d350864e9562a2470b487b139)] -&gt; xpath: .//word], [[AndroidDriver: chrome on ANDROID (51a5b69d350864e9562a2470b487b139)] -&gt; xpath: .//word], [[AndroidDriver: chrome on ANDROID (51a5b69d350864e9562a2470b487b139)] -&gt; xpath: .//word], [[AndroidDriver: chrome on ANDROID (51a5b69d350864e9562a2470b487b139)] -&gt; xpath: .//word], [[AndroidDriver: chrome on ANDROID (51a5b69d350864e9562a2470b487b139)] -&gt; xpath: .//word], [[AndroidDriver: chrome on ANDROID (51a5b69d350864e9562a2470b487b139)] -&gt; xpath: .//word], [[AndroidDriver: chrome on ANDROID (51a5b69d350864e9562a2470b487b139)] -&gt; xpath: .//word], [[AndroidDriver: chrome on ANDROID (51a5b69d350864e9562a2470b487b139)] -&gt; xpath: .//word], [[AndroidDriver: chrome on ANDROID (51a5b69d350864e9562a2470b487b139)] -&gt; xpath: .//word], [[AndroidDriver: chrome on ANDROID (51a5b69d350864e9562a2470b487b139)] -&gt; xpath: .//word], [[AndroidDriver: chrome on ANDROID (51a5b69d350864e9562a2470b487b139)] -&gt; xpath: .//word], [[AndroidDriver: chrome on ANDROID (51a5b69d350864e9562a2470b487b139)] -&gt; xpath: .//word], [[AndroidDriver: chrome on ANDROID (51a5b69d350864e9562a2470b487b139)] -&gt; xpath: .//word], [[AndroidDriver: chrome on ANDROID (51a5b69d350864e9562a2470b487b139)] -&gt; xpath: .//word], [[AndroidDriver: chrome on ANDROID (51a5b69d350864e9562a2470b487b139)] -&gt; xpath: .//word], [[AndroidDriver: chrome on ANDROID (51a5b69d350864e9562a2470b487b139)] -&gt; xpath: .//word], [[AndroidDriver: chrome on ANDROID (51a5b69d350864e9562a2470b487b139)] -&gt; xpath: .//word], [[AndroidDriver: chrome on ANDROID (51a5b69d350864e9562a2470b487b139)] -&gt; xpath: .//word], [[AndroidDriver: chrome on ANDROID (51a5b69d350864e9562a2470b487b139)] -&gt; xpath: .//word], [[AndroidDriver: chrome on ANDROID (51a5b69d350864e9562a2470b487b139)] -&gt; xpath: .//word], [[AndroidDriver: chrome on ANDROID (51a5b69d350864e9562a2470b487b139)] -&gt; xpath: .//word], [[AndroidDriver: chrome on ANDROID (51a5b69d350864e9562a2470b487b139)] -&gt; xpath: .//word], [[AndroidDriver: chrome on ANDROID (51a5b69d350864e9562a2470b487b139)] -&gt; xpath: .//word], [[AndroidDriver: chrome on ANDROID (51a5b69d350864e9562a2470b487b139)] -&gt; xpath: .//word], [[AndroidDriver: chrome on ANDROID (51a5b69d350864e9562a2470b487b139)] -&gt; xpath: .//word], [[AndroidDriver: chrome on ANDROID (51a5b69d350864e9562a2470b487b139)] -&gt; xpath: .//word], [[AndroidDriver: chrome on ANDROID (51a5b69d350864e9562a2470b487b139)] -&gt; xpath: .//word], [[AndroidDriver: chrome on ANDROID (51a5b69d350864e9562a2470b487b139)] -&gt; xpath: .//word], [[AndroidDriver: chrome on ANDROID (51a5b69d350864e9562a2470b487b139)] -&gt; xpath: .//word], [[AndroidDriver: chrome on ANDROID (51a5b69d350864e9562a2470b487b139)] -&gt; xpath: .//word], [[AndroidDriver: chrome on ANDROID (51a5b69d350864e9562a2470b487b139)] -&gt; xpath: .//word], [[AndroidDriver: chrome on ANDROID (51a5b69d350864e9562a2470b487b139)] -&gt; xpath: .//word], [[AndroidDriver: chrome on ANDROID (51a5b69d350864e9562a2470b487b139)] -&gt; xpath: .//word], [[AndroidDriver: chrome on ANDROID (51a5b69d350864e9562a2470b487b139)] -&gt; xpath: .//word], [[AndroidDriver: chrome on ANDROID (51a5b69d350864e9562a2470b487b139)] -&gt; xpath: .//word], [[AndroidDriver: chrome on ANDROID (51a5b69d350864e9562a2470b487b139)] -&gt; xpath: .//word], [[AndroidDriver: chrome on ANDROID (51a5b69d350864e9562a2470b487b139)] -&gt; xpath: .//word], [[AndroidDriver: chrome on ANDROID (51a5b69d350864e9562a2470b487b139)] -&gt; xpath: .//word], [[AndroidDriver: chrome on ANDROID (51a5b69d350864e9562a2470b487b139)] -&gt; xpath: .//word], [[AndroidDriver: chrome on ANDROID (51a5b69d350864e9562a2470b487b139)] -&gt; xpath: .//word], [[AndroidDriver: chrome on ANDROID (51a5b69d350864e9562a2470b487b139)] -&gt; xpath: .//word], [[AndroidDriver: chrome on ANDROID (51a5b69d350864e9562a2470b487b139)] -&gt; xpath: .//word], [[AndroidDriver: chrome on ANDROID (51a5b69d350864e9562a2470b487b139)] -&gt; xpath: .//word], [[AndroidDriver: chrome on ANDROID (51a5b69d350864e9562a2470b487b139)] -&gt; xpath: .//word], [[AndroidDriver: chrome on ANDROID (51a5b69d350864e9562a2470b487b139)] -&gt; xpath: .//word], [[AndroidDriver: chrome on ANDROID (51a5b69d350864e9562a2470b487b139)] -&gt; xpath: .//word], [[AndroidDriver: chrome on ANDROID (51a5b69d350864e9562a2470b487b139)] -&gt; xpath: .//word], [[AndroidDriver: chrome on ANDROID (51a5b69d350864e9562a2470b487b139)] -&gt; xpath: .//word], [[AndroidDriver: chrome on ANDROID (51a5b69d350864e9562a2470b487b139)] -&gt; xpath: .//word], [[AndroidDriver: chrome on ANDROID (51a5b69d350864e9562a2470b487b139)] -&gt; xpath: .//word], [[AndroidDriver: chrome on ANDROID (51a5b69d350864e9562a2470b487b139)] -&gt; xpath: .//word], [[AndroidDriver: chrome on ANDROID (51a5b69d350864e9562a2470b487b139)] -&gt; xpath: .//word], [[AndroidDriver: chrome on ANDROID (51a5b69d350864e9562a2470b487b139)] -&gt; xpath: .//word], [[AndroidDriver: chrome on ANDROID (51a5b69d350864e9562a2470b487b139)] -&gt; xpath: .//word], [[AndroidDriver: chrome on ANDROID (51a5b69d350864e9562a2470b487b139)] -&gt; xpath: .//word], [[AndroidDriver: chrome on ANDROID (51a5b69d350864e9562a2470b487b139)] -&gt; xpath: .//word], [[AndroidDriver: chrome on ANDROID (51a5b69d350864e9562a2470b487b139)] -&gt; xpath: .//word], [[AndroidDriver: chrome on ANDROID (51a5b69d350864e9562a2470b487b139)] -&gt; xpath: .//word], [[AndroidDriver: chrome on ANDROID (51a5b69d350864e9562a2470b487b139)] -&gt; xpath: .//word], [[AndroidDriver: chrome on ANDROID (51a5b69d350864e9562a2470b487b139)] -&gt; xpath: .//word], [[AndroidDriver: chrome on ANDROID (51a5b69d350864e9562a2470b487b139)] -&gt; xpath: .//word], [[AndroidDriver: chrome on ANDROID (51a5b69d350864e9562a2470b487b139)] -&gt; xpath: .//word], [[AndroidDriver: chrome on ANDROID (51a5b69d350864e9562a2470b487b139)] -&gt; xpath: .//word], [[AndroidDriver: chrome on ANDROID (51a5b69d350864e9562a2470b487b139)] -&gt; xpath: .//word], [[AndroidDriver: chrome on ANDROID (51a5b69d350864e9562a2470b487b139)] -&gt; xpath: .//word], [[AndroidDriver: chrome on ANDROID (51a5b69d350864e9562a2470b487b139)] -&gt; xpath: .//word], [[AndroidDriver: chrome on ANDROID (51a5b69d350864e9562a2470b487b139)] -&gt; xpath: .//word], [[AndroidDriver: chrome on ANDROID (51a5b69d350864e9562a2470b487b139)] -&gt; xpath: .//word], [[AndroidDriver: chrome on ANDROID (51a5b69d350864e9562a2470b487b139)] -&gt; xpath: .//word], [[AndroidDriver: chrome on ANDROID (51a5b69d350864e9562a2470b487b139)] -&gt; xpath: .//word], [[AndroidDriver: chrome on ANDROID (51a5b69d350864e9562a2470b487b139)] -&gt; xpath: .//word], [[AndroidDriver: chrome on ANDROID (51a5b69d350864e9562a2470b487b139)] -&gt; xpath: .//word], [[AndroidDriver: chrome on ANDROID (51a5b69d350864e9562a2470b487b139)] -&gt; xpath: .//word], [[AndroidDriver: chrome on ANDROID (51a5b69d350864e9562a2470b487b139)] -&gt; xpath: .//word], [[AndroidDriver: chrome on ANDROID (51a5b69d350864e9562a2470b487b139)] -&gt; xpath: .//word], [[AndroidDriver: chrome on ANDROID (51a5b69d350864e9562a2470b487b139)] -&gt; xpath: .//word], [[AndroidDriver: chrome on ANDROID (51a5b69d350864e9562a2470b487b139)] -&gt; xpath: .//word], [[AndroidDriver: chrome on ANDROID (51a5b69d350864e9562a2470b487b139)] -&gt; xpath: .//word], [[AndroidDriver: chrome on ANDROID (51a5b69d350864e9562a2470b487b139)] -&gt; xpath: .//word], [[AndroidDriver: chrome on ANDROID (51a5b69d350864e9562a2470b487b139)] -&gt; xpath: .//word], [[AndroidDriver: chrome on ANDROID (51a5b69d350864e9562a2470b487b139)] -&gt; xpath: .//word], [[AndroidDriver: chrome on ANDROID (51a5b69d350864e9562a2470b487b139)] -&gt; xpath: .//word], [[AndroidDriver: chrome on ANDROID (51a5b69d350864e9562a2470b487b139)] -&gt; xpath: .//word], [[AndroidDriver: chrome on ANDROID (51a5b69d350864e9562a2470b487b139)] -&gt; xpath: .//word], [[AndroidDriver: chrome on ANDROID (51a5b69d350864e9562a2470b487b139)] -&gt; xpath: .//word], [[AndroidDriver: chrome on ANDROID (51a5b69d350864e9562a2470b487b139)] -&gt; xpath: .//word], [[AndroidDriver: chrome on ANDROID (51a5b69d350864e9562a2470b487b139)] -&gt; xpath: .//word], [[AndroidDriver: chrome on ANDROID (51a5b69d350864e9562a2470b487b139)] -&gt; xpath: .//word], [[AndroidDriver: chrome on ANDROID (51a5b69d350864e9562a2470b487b139)] -&gt; xpath: .//word], [[AndroidDriver: chrome on ANDROID (51a5b69d350864e9562a2470b487b139)] -&gt; xpath: .//word], [[AndroidDriver: chrome on ANDROID (51a5b69d350864e9562a2470b487b139)] -&gt; xpath: .//word], [[AndroidDriver: chrome on ANDROID (51a5b69d350864e9562a2470b487b139)] -&gt; xpath: .//word], [[AndroidDriver: chrome on ANDROID (51a5b69d350864e9562a2470b487b139)] -&gt; xpath: .//word], [[AndroidDriver: chrome on ANDROID (51a5b69d350864e9562a2470b487b139)] -&gt; xpath: .//word], [[AndroidDriver: chrome on ANDROID (51a5b69d350864e9562a2470b487b139)] -&gt; xpath: .//word], [[AndroidDriver: chrome on ANDROID (51a5b69d350864e9562a2470b487b139)] -&gt; xpath: .//word], [[AndroidDriver: chrome on ANDROID (51a5b69d350864e9562a2470b487b139)] -&gt; xpath: .//word], [[AndroidDriver: chrome on ANDROID (51a5b69d350864e9562a2470b487b139)] -&gt; xpath: .//word], [[AndroidDriver: chrome on ANDROID (51a5b69d350864e9562a2470b487b139)] -&gt; xpath: .//word], [[AndroidDriver: chrome on ANDROID (51a5b69d350864e9562a2470b487b139)] -&gt; xpath: .//word], [[AndroidDriver: chrome on ANDROID (51a5b69d350864e9562a2470b487b139)] -&gt; xpath: .//word], [[AndroidDriver: chrome on ANDROID (51a5b69d350864e9562a2470b487b139)] -&gt; xpath: .//word], [[AndroidDriver: chrome on ANDROID (51a5b69d350864e9562a2470b487b139)] -&gt; xpath: .//word], [[AndroidDriver: chrome on ANDROID (51a5b69d350864e9562a2470b487b139)] -&gt; xpath: .//word], [[AndroidDriver: chrome on ANDROID (51a5b69d350864e9562a2470b487b139)] -&gt; xpath: .//word], [[AndroidDriver: chrome on ANDROID (51a5b69d350864e9562a2470b487b139)] -&gt; xpath: .//word], [[AndroidDriver: chrome on ANDROID (51a5b69d350864e9562a2470b487b139)] -&gt; xpath: .//word], [[AndroidDriver: chrome on ANDROID (51a5b69d350864e9562a2470b487b139)] -&gt; xpath: .//word], [[AndroidDriver: chrome on ANDROID (51a5b69d350864e9562a2470b487b139)] -&gt; xpath: .//word], [[AndroidDriver: chrome on ANDROID (51a5b69d350864e9562a2470b487b139)] -&gt; xpath: .//word], [[AndroidDriver: chrome on ANDROID (51a5b69d350864e9562a2470b487b139)] -&gt; xpath: .//word], [[AndroidDriver: chrome on ANDROID (51a5b69d350864e9562a2470b487b139)] -&gt; xpath: .//word], [[AndroidDriver: chrome on ANDROID (51a5b69d350864e9562a2470b487b139)] -&gt; xpath: .//word], [[AndroidDriver: chrome on ANDROID (51a5b69d350864e9562a2470b487b139)] -&gt; xpath: .//word], [[AndroidDriver: chrome on ANDROID (51a5b69d350864e9562a2470b487b139)] -&gt; xpath: .//word], [[AndroidDriver: chrome on ANDROID (51a5b69d350864e9562a2470b487b139)] -&gt; xpath: .//word], [[AndroidDriver: chrome on ANDROID (51a5b69d350864e9562a2470b487b139)] -&gt; xpath: .//word], [[AndroidDriver: chrome on ANDROID (51a5b69d350864e9562a2470b487b139)] -&gt; xpath: .//word], [[AndroidDriver: chrome on ANDROID (51a5b69d350864e9562a2470b487b139)] -&gt; xpath: .//word], [[AndroidDriver: chrome on ANDROID (51a5b69d350864e9562a2470b487b139)] -&gt; xpath: .//word], [[AndroidDriver: chrome on ANDROID (51a5b69d350864e9562a2470b487b139)] -&gt; xpath: .//word], [[AndroidDriver: chrome on ANDROID (51a5b69d350864e9562a2470b487b139)] -&gt; xpath: .//word], [[AndroidDriver: chrome on ANDROID (51a5b69d350864e9562a2470b487b139)] -&gt; xpath: .//word], [[AndroidDriver: chrome on ANDROID (51a5b69d350864e9562a2470b487b139)] -&gt; xpath: .//word], [[AndroidDriver: chrome on ANDROID (51a5b69d350864e9562a2470b487b139)] -&gt; xpath: .//word], [[AndroidDriver: chrome on ANDROID (51a5b69d350864e9562a2470b487b139)] -&gt; xpath: .//word], [[AndroidDriver: chrome on ANDROID (51a5b69d350864e9562a2470b487b139)] -&gt; xpath: .//word], [[AndroidDriver: chrome on ANDROID (51a5b69d350864e9562a2470b487b139)] -&gt; xpath: .//word], [[AndroidDriver: chrome on ANDROID (51a5b69d350864e9562a2470b487b139)] -&gt; xpath: .//word], [[AndroidDriver: chrome on ANDROID (51a5b69d350864e9562a2470b487b139)] -&gt; xpath: .//word], [[AndroidDriver: chrome on ANDROID (51a5b69d350864e9562a2470b487b139)] -&gt; xpath: .//word], [[AndroidDriver: chrome on ANDROID (51a5b69d350864e9562a2470b487b139)] -&gt; xpath: .//word], [[AndroidDriver: chrome on ANDROID (51a5b69d350864e9562a2470b487b139)] -&gt; xpath: .//word], [[AndroidDriver: chrome on ANDROID (51a5b69d350864e9562a2470b487b139)] -&gt; xpath: .//word], [[AndroidDriver: chrome on ANDROID (51a5b69d350864e9562a2470b487b139)] -&gt; xpath: .//word], [[AndroidDriver: chrome on ANDROID (51a5b69d350864e9562a2470b487b139)] -&gt; xpath: .//word], [[AndroidDriver: chrome on ANDROID (51a5b69d350864e9562a2470b487b139)] -&gt; xpath: .//word], [[AndroidDriver: chrome on ANDROID (51a5b69d350864e9562a2470b487b139)] -&gt; xpath: .//word], [[AndroidDriver: chrome on ANDROID (51a5b69d350864e9562a2470b487b139)] -&gt; xpath: .//word], [[AndroidDriver: chrome on ANDROID (51a5b69d350864e9562a2470b487b139)] -&gt; xpath: .//word], [[AndroidDriver: chrome on ANDROID (51a5b69d350864e9562a2470b487b139)] -&gt; xpath: .//word], [[AndroidDriver: chrome on ANDROID (51a5b69d350864e9562a2470b487b139)] -&gt; xpath: .//word], [[AndroidDriver: chrome on ANDROID (51a5b69d350864e9562a2470b487b139)] -&gt; xpath: .//word], [[AndroidDriver: chrome on ANDROID (51a5b69d350864e9562a2470b487b139)] -&gt; xpath: .//word], [[AndroidDriver: chrome on ANDROID (51a5b69d350864e9562a2470b487b139)] -&gt; xpath: .//word], [[AndroidDriver: chrome on ANDROID (51a5b69d350864e9562a2470b487b139)] -&gt; xpath: .//word], [[AndroidDriver: chrome on ANDROID (51a5b69d350864e9562a2470b487b139)] -&gt; xpath: .//word], [[AndroidDriver: chrome on ANDROID (51a5b69d350864e9562a2470b487b139)] -&gt; xpath: .//word], [[AndroidDriver: chrome on ANDROID (51a5b69d350864e9562a2470b487b139)] -&gt; xpath: .//word], [[AndroidDriver: chrome on ANDROID (51a5b69d350864e9562a2470b487b139)] -&gt; xpath: .//word], [[AndroidDriver: chrome on ANDROID (51a5b69d350864e9562a2470b487b139)] -&gt; xpath: .//word], [[AndroidDriver: chrome on ANDROID (51a5b69d350864e9562a2470b487b139)] -&gt; xpath: .//word], [[AndroidDriver: chrome on ANDROID (51a5b69d350864e9562a2470b487b139)] -&gt; xpath: .//word], [[AndroidDriver: chrome on ANDROID (51a5b69d350864e9562a2470b487b139)] -&gt; xpath: .//word], [[AndroidDriver: chrome on ANDROID (51a5b69d350864e9562a2470b487b139)] -&gt; xpath: .//word], [[AndroidDriver: chrome on ANDROID (51a5b69d350864e9562a2470b487b139)] -&gt; xpath: .//word], [[AndroidDriver: chrome on ANDROID (51a5b69d350864e9562a2470b487b139)] -&gt; xpath: .//word], [[AndroidDriver: chrome on ANDROID (51a5b69d350864e9562a2470b487b139)] -&gt; xpath: .//word], [[AndroidDriver: chrome on ANDROID (51a5b69d350864e9562a2470b487b139)] -&gt; xpath: .//word], [[AndroidDriver: chrome on ANDROID (51a5b69d350864e9562a2470b487b139)] -&gt; xpath: .//word], [[AndroidDriver: chrome on ANDROID (51a5b69d350864e9562a2470b487b139)] -&gt; xpath: .//word], [[AndroidDriver: chrome on ANDROID (51a5b69d350864e9562a2470b487b139)] -&gt; xpath: .//word], [[AndroidDriver: chrome on ANDROID (51a5b69d350864e9562a2470b487b139)] -&gt; xpath: .//word], [[AndroidDriver: chrome on ANDROID (51a5b69d350864e9562a2470b487b139)] -&gt; xpath: .//word], [[AndroidDriver: chrome on ANDROID (51a5b69d350864e9562a2470b487b139)] -&gt; xpath: .//word], [[AndroidDriver: chrome on ANDROID (51a5b69d350864e9562a2470b487b139)] -&gt; xpath: .//word], [[AndroidDriver: chrome on ANDROID (51a5b69d350864e9562a2470b487b139)] -&gt; xpath: .//word], [[AndroidDriver: chrome on ANDROID (51a5b69d350864e9562a2470b487b139)] -&gt; xpath: .//word], [[AndroidDriver: chrome on ANDROID (51a5b69d350864e9562a2470b487b139)] -&gt; xpath: .//word], [[AndroidDriver: chrome on ANDROID (51a5b69d350864e9562a2470b487b139)] -&gt; xpath: .//word], [[AndroidDriver: chrome on ANDROID (51a5b69d350864e9562a2470b487b139)] -&gt; xpath: .//word], [[AndroidDriver: chrome on ANDROID (51a5b69d350864e9562a2470b487b139)] -&gt; xpath: .//word], [[AndroidDriver: chrome on ANDROID (51a5b69d350864e9562a2470b487b139)] -&gt; xpath: .//word], [[AndroidDriver: chrome on ANDROID (51a5b69d350864e9562a2470b487b139)] -&gt; xpath: .//word], [[AndroidDriver: chrome on ANDROID (51a5b69d350864e9562a2470b487b139)] -&gt; xpath: .//word], [[AndroidDriver: chrome on ANDROID (51a5b69d350864e9562a2470b487b139)] -&gt; xpath: .//word], [[AndroidDriver: chrome on ANDROID (51a5b69d350864e9562a2470b487b139)] -&gt; xpath: .//word], [[AndroidDriver: chrome on ANDROID (51a5b69d350864e9562a2470b487b139)] -&gt; xpath: .//word], [[AndroidDriver: chrome on ANDROID (51a5b69d350864e9562a2470b487b139)] -&gt; xpath: .//word], [[AndroidDriver: chrome on ANDROID (51a5b69d350864e9562a2470b487b139)] -&gt; xpath: .//word], [[AndroidDriver: chrome on ANDROID (51a5b69d350864e9562a2470b487b139)] -&gt; xpath: .//word], [[AndroidDriver: chrome on ANDROID (51a5b69d350864e9562a2470b487b139)] -&gt; xpath: .//word], [[AndroidDriver: chrome on ANDROID (51a5b69d350864e9562a2470b487b139)] -&gt; xpath: .//word], [[AndroidDriver: chrome on ANDROID (51a5b69d350864e9562a2470b487b139)] -&gt; xpath: .//word], [[AndroidDriver: chrome on ANDROID (51a5b69d350864e9562a2470b487b139)] -&gt; xpath: .//word], [[AndroidDriver: chrome on ANDROID (51a5b69d350864e9562a2470b487b139)] -&gt; xpath: .//word], [[AndroidDriver: chrome on ANDROID (51a5b69d350864e9562a2470b487b139)] -&gt; xpath: .//word], [[AndroidDriver: chrome on ANDROID (51a5b69d350864e9562a2470b487b139)] -&gt; xpath: .//word], [[AndroidDriver: chrome on ANDROID (51a5b69d350864e9562a2470b487b139)] -&gt; xpath: .//word], [[AndroidDriver: chrome on ANDROID (51a5b69d350864e9562a2470b487b139)] -&gt; xpath: .//word], [[AndroidDriver: chrome on ANDROID (51a5b69d350864e9562a2470b487b139)] -&gt; xpath: .//word], [[AndroidDriver: chrome on ANDROID (51a5b69d350864e9562a2470b487b139)] -&gt; xpath: .//word], [[AndroidDriver: chrome on ANDROID (51a5b69d350864e9562a2470b487b139)] -&gt; xpath: .//word], [[AndroidDriver: chrome on ANDROID (51a5b69d350864e9562a2470b487b139)] -&gt; xpath: .//word], [[AndroidDriver: chrome on ANDROID (51a5b69d350864e9562a2470b487b139)] -&gt; xpath: .//word], [[AndroidDriver: chrome on ANDROID (51a5b69d350864e9562a2470b487b139)] -&gt; xpath: .//word], [[AndroidDriver: chrome on ANDROID (51a5b69d350864e9562a2470b487b139)] -&gt; xpath: .//word], [[AndroidDriver: chrome on ANDROID (51a5b69d350864e9562a2470b487b139)] -&gt; xpath: .//word], [[AndroidDriver: chrome on ANDROID (51a5b69d350864e9562a2470b487b139)] -&gt; xpath: .//word], [[AndroidDriver: chrome on ANDROID (51a5b69d350864e9562a2470b487b139)] -&gt; xpath: .//word], [[AndroidDriver: chrome on ANDROID (51a5b69d350864e9562a2470b487b139)] -&gt; xpath: .//word], [[AndroidDriver: chrome on ANDROID (51a5b69d350864e9562a2470b487b139)] -&gt; xpath: .//word], [[AndroidDriver: chrome on ANDROID (51a5b69d350864e9562a2470b487b139)] -&gt; xpath: .//word], [[AndroidDriver: chrome on ANDROID (51a5b69d350864e9562a2470b487b139)] -&gt; xpath: .//word], [[AndroidDriver: chrome on ANDROID (51a5b69d350864e9562a2470b487b139)] -&gt; xpath: .//word], [[AndroidDriver: chrome on ANDROID (51a5b69d350864e9562a2470b487b139)] -&gt; xpath: .//word], [[AndroidDriver: chrome on ANDROID (51a5b69d350864e9562a2470b487b139)] -&gt; xpath: .//word], [[AndroidDriver: chrome on ANDROID (51a5b69d350864e9562a2470b487b139)] -&gt; xpath: .//word], [[AndroidDriver: chrome on ANDROID (51a5b69d350864e9562a2470b487b139)] -&gt; xpath: .//word], [[AndroidDriver: chrome on ANDROID (51a5b69d350864e9562a2470b487b139)] -&gt; xpath: .//word], [[AndroidDriver: chrome on ANDROID (51a5b69d350864e9562a2470b487b139)] -&gt; xpath: .//word], [[AndroidDriver: chrome on ANDROID (51a5b69d350864e9562a2470b487b139)] -&gt; xpath: .//word], [[AndroidDriver: chrome on ANDROID (51a5b69d350864e9562a2470b487b139)] -&gt; xpath: .//word], [[AndroidDriver: chrome on ANDROID (51a5b69d350864e9562a2470b487b139)] -&gt; xpath: .//word], [[AndroidDriver: chrome on ANDROID (51a5b69d350864e9562a2470b487b139)] -&gt; xpath: .//word], [[AndroidDriver: chrome on ANDROID (51a5b69d350864e9562a2470b487b139)] -&gt; xpath: .//word], [[AndroidDriver: chrome on ANDROID (51a5b69d350864e9562a2470b487b139)] -&gt; xpath: .//word], [[AndroidDriver: chrome on ANDROID (51a5b69d350864e9562a2470b487b139)] -&gt; xpath: .//word], [[AndroidDriver: chrome on ANDROID (51a5b69d350864e9562a2470b487b139)] -&gt; xpath: .//word], [[AndroidDriver: chrome on ANDROID (51a5b69d350864e9562a2470b487b139)] -&gt; xpath: .//word], [[AndroidDriver: chrome on ANDROID (51a5b69d350864e9562a2470b487b139)] -&gt; xpath: .//word], [[AndroidDriver: chrome on ANDROID (51a5b69d350864e9562a2470b487b139)] -&gt; xpath: .//word], [[AndroidDriver: chrome on ANDROID (51a5b69d350864e9562a2470b487b139)] -&gt; xpath: .//word], [[AndroidDriver: chrome on ANDROID (51a5b69d350864e9562a2470b487b139)] -&gt; xpath: .//word], [[AndroidDriver: chrome on ANDROID (51a5b69d350864e9562a2470b487b139)] -&gt; xpath: .//word], [[AndroidDriver: chrome on ANDROID (51a5b69d350864e9562a2470b487b139)] -&gt; xpath: .//word], [[AndroidDriver: chrome on ANDROID (51a5b69d350864e9562a2470b487b139)] -&gt; xpath: .//word], [[AndroidDriver: chrome on ANDROID (51a5b69d350864e9562a2470b487b139)] -&gt; xpath: .//word], [[AndroidDriver: chrome on ANDROID (51a5b69d350864e9562a2470b487b139)] -&gt; xpath: .//word], [[AndroidDriver: chrome on ANDROID (51a5b69d350864e9562a2470b487b139)] -&gt; xpath: .//word], [[AndroidDriver: chrome on ANDROID (51a5b69d350864e9562a2470b487b139)] -&gt; xpath: .//word], [[AndroidDriver: chrome on ANDROID (51a5b69d350864e9562a2470b487b139)] -&gt; xpath: .//word], [[AndroidDriver: chrome on ANDROID (51a5b69d350864e9562a2470b487b139)] -&gt; xpath: .//word], [[AndroidDriver: chrome on ANDROID (51a5b69d350864e9562a2470b487b139)] -&gt; xpath: .//word], [[AndroidDriver: chrome on ANDROID (51a5b69d350864e9562a2470b487b139)] -&gt; xpath: .//word], [[AndroidDriver: chrome on ANDROID (51a5b69d350864e9562a2470b487b139)] -&gt; xpath: .//word], [[AndroidDriver: chrome on ANDROID (51a5b69d350864e9562a2470b487b139)] -&gt; xpath: .//word], [[AndroidDriver: chrome on ANDROID (51a5b69d350864e9562a2470b487b139)] -&gt; xpath: .//word], [[AndroidDriver: chrome on ANDROID (51a5b69d350864e9562a2470b487b139)] -&gt; xpath: .//word], [[AndroidDriver: chrome on ANDROID (51a5b69d350864e9562a2470b487b139)] -&gt; xpath: .//word], [[AndroidDriver: chrome on ANDROID (51a5b69d350864e9562a2470b487b139)] -&gt; xpath: .//word], [[AndroidDriver: chrome on ANDROID (51a5b69d350864e9562a2470b487b139)] -&gt; xpath: .//word], [[AndroidDriver: chrome on ANDROID (51a5b69d350864e9562a2470b487b139)] -&gt; xpath: .//word], [[AndroidDriver: chrome on ANDROID (51a5b69d350864e9562a2470b487b139)] -&gt; xpath: .//word], [[AndroidDriver: chrome on ANDROID (51a5b69d350864e9562a2470b487b139)] -&gt; xpath: .//word], [[AndroidDriver: chrome on ANDROID (51a5b69d350864e9562a2470b487b139)] -&gt; xpath: .//word], [[AndroidDriver: chrome on ANDROID (51a5b69d350864e9562a2470b487b139)] -&gt; xpath: .//word], [[AndroidDriver: chrome on ANDROID (51a5b69d350864e9562a2470b487b139)] -&gt; xpath: .//word], [[AndroidDriver: chrome on ANDROID (51a5b69d350864e9562a2470b487b139)] -&gt; xpath: .//word], [[AndroidDriver: chrome on ANDROID (51a5b69d350864e9562a2470b487b139)] -&gt; xpath: .//word], [[AndroidDriver: chrome on ANDROID (51a5b69d350864e9562a2470b487b139)] -&gt; xpath: .//word], [[AndroidDriver: chrome on ANDROID (51a5b69d350864e9562a2470b487b139)] -&gt; xpath: .//word], [[AndroidDriver: chrome on ANDROID (51a5b69d350864e9562a2470b487b139)] -&gt; xpath: .//word], [[AndroidDriver: chrome on ANDROID (51a5b69d350864e9562a2470b487b139)] -&gt; xpath: .//word], [[AndroidDriver: chrome on ANDROID (51a5b69d350864e9562a2470b487b139)] -&gt; xpath: .//word], [[AndroidDriver: chrome on ANDROID (51a5b69d350864e9562a2470b487b139)] -&gt; xpath: .//word], [[AndroidDriver: chrome on ANDROID (51a5b69d350864e9562a2470b487b139)] -&gt; xpath: .//word], [[AndroidDriver: chrome on ANDROID (51a5b69d350864e9562a2470b487b139)] -&gt; xpath: .//word], [[AndroidDriver: chrome on ANDROID (51a5b69d350864e9562a2470b487b139)] -&gt; xpath: .//word], [[AndroidDriver: chrome on ANDROID (51a5b69d350864e9562a2470b487b139)] -&gt; xpath: .//word], [[AndroidDriver: chrome on ANDROID (51a5b69d350864e9562a2470b487b139)] -&gt; xpath: .//word], [[AndroidDriver: chrome on ANDROID (51a5b69d350864e9562a2470b487b139)] -&gt; xpath: .//word], [[AndroidDriver: chrome on ANDROID (51a5b69d350864e9562a2470b487b139)] -&gt; xpath: .//word], [[AndroidDriver: chrome on ANDROID (51a5b69d350864e9562a2470b487b139)] -&gt; xpath: .//word], [[AndroidDriver: chrome on ANDROID (51a5b69d350864e9562a2470b487b139)] -&gt; xpath: .//word], [[AndroidDriver: chrome on ANDROID (51a5b69d350864e9562a2470b487b139)] -&gt; xpath: .//word], [[AndroidDriver: chrome on ANDROID (51a5b69d350864e9562a2470b487b139)] -&gt; xpath: .//word], [[AndroidDriver: chrome on ANDROID (51a5b69d350864e9562a2470b487b139)] -&gt; xpath: .//word], [[AndroidDriver: chrome on ANDROID (51a5b69d350864e9562a2470b487b139)] -&gt; xpath: .//word], [[AndroidDriver: chrome on ANDROID (51a5b69d350864e9562a2470b487b139)] -&gt; xpath: .//word], [[AndroidDriver: chrome on ANDROID (51a5b69d350864e9562a2470b487b139)] -&gt; xpath: .//word], [[AndroidDriver: chrome on ANDROID (51a5b69d350864e9562a2470b487b139)] -&gt; xpath: .//word], [[AndroidDriver: chrome on ANDROID (51a5b69d350864e9562a2470b487b139)] -&gt; xpath: .//word], [[AndroidDriver: chrome on ANDROID (51a5b69d350864e9562a2470b487b139)] -&gt; xpath: .//word], [[AndroidDriver: chrome on ANDROID (51a5b69d350864e9562a2470b487b139)] -&gt; xpath: .//word], [[AndroidDriver: chrome on ANDROID (51a5b69d350864e9562a2470b487b139)] -&gt; xpath: .//word], [[AndroidDriver: chrome on ANDROID (51a5b69d350864e9562a2470b487b139)] -&gt; xpath: .//word], [[AndroidDriver: chrome on ANDROID (51a5b69d350864e9562a2470b487b139)] -&gt; xpath: .//word], [[AndroidDriver: chrome on ANDROID (51a5b69d350864e9562a2470b487b139)] -&gt; xpath: .//word], [[AndroidDriver: chrome on ANDROID (51a5b69d350864e9562a2470b487b139)] -&gt; xpath: .//word], [[AndroidDriver: chrome on ANDROID (51a5b69d350864e9562a2470b487b139)] -&gt; xpath: .//word], [[AndroidDriver: chrome on ANDROID (51a5b69d350864e9562a2470b487b139)] -&gt; xpath: .//word], [[AndroidDriver: chrome on ANDROID (51a5b69d350864e9562a2470b487b139)] -&gt; xpath: .//word], [[AndroidDriver: chrome on ANDROID (51a5b69d350864e9562a2470b487b139)] -&gt; xpath: .//word], [[AndroidDriver: chrome on ANDROID (51a5b69d350864e9562a2470b487b139)] -&gt; xpath: .//word], [[AndroidDriver: chrome on ANDROID (51a5b69d350864e9562a2470b487b139)] -&gt; xpath: .//word], [[AndroidDriver: chrome on ANDROID (51a5b69d350864e9562a2470b487b139)] -&gt; xpath: .//word], [[AndroidDriver: chrome on ANDROID (51a5b69d350864e9562a2470b487b139)] -&gt; xpath: .//word], [[AndroidDriver: chrome on ANDROID (51a5b69d350864e9562a2470b487b139)] -&gt; xpath: .//word], [[AndroidDriver: chrome on ANDROID (51a5b69d350864e9562a2470b487b139)] -&gt; xpath: .//word], [[AndroidDriver: chrome on ANDROID (51a5b69d350864e9562a2470b487b139)] -&gt; xpath: .//word], [[AndroidDriver: chrome on ANDROID (51a5b69d350864e9562a2470b487b139)] -&gt; xpath: .//word], [[AndroidDriver: chrome on ANDROID (51a5b69d350864e9562a2470b487b139)] -&gt; xpath: .//word], [[AndroidDriver: chrome on ANDROID (51a5b69d350864e9562a2470b487b139)] -&gt; xpath: .//word], [[AndroidDriver: chrome on ANDROID (51a5b69d350864e9562a2470b487b139)] -&gt; xpath: .//word], [[AndroidDriver: chrome on ANDROID (51a5b69d350864e9562a2470b487b139)] -&gt; xpath: .//word], [[AndroidDriver: chrome on ANDROID (51a5b69d350864e9562a2470b487b139)] -&gt; xpath: .//word], [[AndroidDriver: chrome on ANDROID (51a5b69d350864e9562a2470b487b139)] -&gt; xpath: .//word], [[AndroidDriver: chrome on ANDROID (51a5b69d350864e9562a2470b487b139)] -&gt; xpath: .//word], [[AndroidDriver: chrome on ANDROID (51a5b69d350864e9562a2470b487b139)] -&gt; xpath: .//word], [[AndroidDriver: chrome on ANDROID (51a5b69d350864e9562a2470b487b139)] -&gt; xpath: .//word], [[AndroidDriver: chrome on ANDROID (51a5b69d350864e9562a2470b487b139)] -&gt; xpath: .//word], [[AndroidDriver: chrome on ANDROID (51a5b69d350864e9562a2470b487b139)] -&gt; xpath: .//word], [[AndroidDriver: chrome on ANDROID (51a5b69d350864e9562a2470b487b139)] -&gt; xpath: .//word], [[AndroidDriver: chrome on ANDROID (51a5b69d350864e9562a2470b487b139)] -&gt; xpath: .//word], [[AndroidDriver: chrome on ANDROID (51a5b69d350864e9562a2470b487b139)] -&gt; xpath: .//word], [[AndroidDriver: chrome on ANDROID (51a5b69d350864e9562a2470b487b139)] -&gt; xpath: .//word], [[AndroidDriver: chrome on ANDROID (51a5b69d350864e9562a2470b487b139)] -&gt; xpath: .//word], [[AndroidDriver: chrome on ANDROID (51a5b69d350864e9562a2470b487b139)] -&gt; xpath: .//word], [[AndroidDriver: chrome on ANDROID (51a5b69d350864e9562a2470b487b139)] -&gt; xpath: .//word], [[AndroidDriver: chrome on ANDROID (51a5b69d350864e9562a2470b487b139)] -&gt; xpath: .//word], [[AndroidDriver: chrome on ANDROID (51a5b69d350864e9562a2470b487b139)] -&gt; xpath: .//word], [[AndroidDriver: chrome on ANDROID (51a5b69d350864e9562a2470b487b139)] -&gt; xpath: .//word], [[AndroidDriver: chrome on ANDROID (51a5b69d350864e9562a2470b487b139)] -&gt; xpath: .//word], [[AndroidDriver: chrome on ANDROID (51a5b69d350864e9562a2470b487b139)] -&gt; xpath: .//word], [[AndroidDriver: chrome on ANDROID (51a5b69d350864e9562a2470b487b139)] -&gt; xpath: .//word], [[AndroidDriver: chrome on ANDROID (51a5b69d350864e9562a2470b487b139)] -&gt; xpath: .//word], [[AndroidDriver: chrome on ANDROID (51a5b69d350864e9562a2470b487b139)] -&gt; xpath: .//word], [[AndroidDriver: chrome on ANDROID (51a5b69d350864e9562a2470b487b139)] -&gt; xpath: .//word], [[AndroidDriver: chrome on ANDROID (51a5b69d350864e9562a2470b487b139)] -&gt; xpath: .//word], [[AndroidDriver: chrome on ANDROID (51a5b69d350864e9562a2470b487b139)] -&gt; xpath: .//word], [[AndroidDriver: chrome on ANDROID (51a5b69d350864e9562a2470b487b139)] -&gt; xpath: .//word], [[AndroidDriver: chrome on ANDROID (51a5b69d350864e9562a2470b487b139)] -&gt; xpath: .//word], [[AndroidDriver: chrome on ANDROID (51a5b69d350864e9562a2470b487b139)] -&gt; xpath: .//word], [[AndroidDriver: chrome on ANDROID (51a5b69d350864e9562a2470b487b139)] -&gt; xpath: .//word], [[AndroidDriver: chrome on ANDROID (51a5b69d350864e9562a2470b487b139)] -&gt; xpath: .//word], [[AndroidDriver: chrome on ANDROID (51a5b69d350864e9562a2470b487b139)] -&gt; xpath: .//word], [[AndroidDriver: chrome on ANDROID (51a5b69d350864e9562a2470b487b139)] -&gt; xpath: .//word], [[AndroidDriver: chrome on ANDROID (51a5b69d350864e9562a2470b487b139)] -&gt; xpath: .//word], [[AndroidDriver: chrome on ANDROID (51a5b69d350864e9562a2470b487b139)] -&gt; xpath: .//word], [[AndroidDriver: chrome on ANDROID (51a5b69d350864e9562a2470b487b139)] -&gt; xpath: .//word], [[AndroidDriver: chrome on ANDROID (51a5b69d350864e9562a2470b487b139)] -&gt; xpath: .//word], [[AndroidDriver: chrome on ANDROID (51a5b69d350864e9562a2470b487b139)] -&gt; xpath: .//word], [[AndroidDriver: chrome on ANDROID (51a5b69d350864e9562a2470b487b139)] -&gt; xpath: .//word], [[AndroidDriver: chrome on ANDROID (51a5b69d350864e9562a2470b487b139)] -&gt; xpath: .//word], [[AndroidDriver: chrome on ANDROID (51a5b69d350864e9562a2470b487b139)] -&gt; xpath: .//word], [[AndroidDriver: chrome on ANDROID (51a5b69d350864e9562a2470b487b139)] -&gt; xpath: .//word], [[AndroidDriver: chrome on ANDROID (51a5b69d350864e9562a2470b487b139)] -&gt; xpath: .//word], [[AndroidDriver: chrome on ANDROID (51a5b69d350864e9562a2470b487b139)] -&gt; xpath: .//word], [[AndroidDriver: chrome on ANDROID (51a5b69d350864e9562a2470b487b139)] -&gt; xpath: .//word], [[AndroidDriver: chrome on ANDROID (51a5b69d350864e9562a2470b487b139)] -&gt; xpath: .//word], [[AndroidDriver: chrome on ANDROID (51a5b69d350864e9562a2470b487b139)] -&gt; xpath: .//word], [[AndroidDriver: chrome on ANDROID (51a5b69d350864e9562a2470b487b139)] -&gt; xpath: .//word], [[AndroidDriver: chrome on ANDROID (51a5b69d350864e9562a2470b487b139)] -&gt; xpath: .//word], [[AndroidDriver: chrome on ANDROID (51a5b69d350864e9562a2470b487b139)] -&gt; xpath: .//word], [[AndroidDriver: chrome on ANDROID (51a5b69d350864e9562a2470b487b139)] -&gt; xpath: .//word], [[AndroidDriver: chrome on ANDROID (51a5b69d350864e9562a2470b487b139)] -&gt; xpath: .//word], [[AndroidDriver: chrome on ANDROID (51a5b69d350864e9562a2470b487b139)] -&gt; xpath: .//word], [[AndroidDriver: chrome on ANDROID (51a5b69d350864e9562a2470b487b139)] -&gt; xpath: .//word], [[AndroidDriver: chrome on ANDROID (51a5b69d350864e9562a2470b487b139)] -&gt; xpath: .//word], [[AndroidDriver: chrome on ANDROID (51a5b69d350864e9562a2470b487b139)] -&gt; xpath: .//word], [[AndroidDriver: chrome on ANDROID (51a5b69d350864e9562a2470b487b139)] -&gt; xpath: .//word], [[AndroidDriver: chrome on ANDROID (51a5b69d350864e9562a2470b487b139)] -&gt; xpath: .//word], [[AndroidDriver: chrome on ANDROID (51a5b69d350864e9562a2470b487b139)] -&gt; xpath: .//word], [[AndroidDriver: chrome on ANDROID (51a5b69d350864e9562a2470b487b139)] -&gt; xpath: .//word], [[AndroidDriver: chrome on ANDROID (51a5b69d350864e9562a2470b487b139)] -&gt; xpath: .//word], [[AndroidDriver: chrome on ANDROID (51a5b69d350864e9562a2470b487b139)] -&gt; xpath: .//word], [[AndroidDriver: chrome on ANDROID (51a5b69d350864e9562a2470b487b139)] -&gt; xpath: .//word], [[AndroidDriver: chrome on ANDROID (51a5b69d350864e9562a2470b487b139)] -&gt; xpath: .//word], [[AndroidDriver: chrome on ANDROID (51a5b69d350864e9562a2470b487b139)] -&gt; xpath: .//word], [[AndroidDriver: chrome on ANDROID (51a5b69d350864e9562a2470b487b139)] -&gt; xpath: .//word], [[AndroidDriver: chrome on ANDROID (51a5b69d350864e9562a2470b487b139)] -&gt; xpath: .//word], [[AndroidDriver: chrome on ANDROID (51a5b69d350864e9562a2470b487b139)] -&gt; xpath: .//word], [[AndroidDriver: chrome on ANDROID (51a5b69d350864e9562a2470b487b139)] -&gt; xpath: .//word], [[AndroidDriver: chrome on ANDROID (51a5b69d350864e9562a2470b487b139)] -&gt; xpath: .//word], [[AndroidDriver: chrome on ANDROID (51a5b69d350864e9562a2470b487b139)] -&gt; xpath: .//word], [[AndroidDriver: chrome on ANDROID (51a5b69d350864e9562a2470b487b139)] -&gt; xpath: .//word], [[AndroidDriver: chrome on ANDROID (51a5b69d350864e9562a2470b487b139)] -&gt; xpath: .//word], [[AndroidDriver: chrome on ANDROID (51a5b69d350864e9562a2470b487b139)] -&gt; xpath: .//word], [[AndroidDriver: chrome on ANDROID (51a5b69d350864e9562a2470b487b139)] -&gt; xpath: .//word], [[AndroidDriver: chrome on ANDROID (51a5b69d350864e9562a2470b487b139)] -&gt; xpath: .//word], [[AndroidDriver: chrome on ANDROID (51a5b69d350864e9562a2470b487b139)] -&gt; xpath: .//word], [[AndroidDriver: chrome on ANDROID (51a5b69d350864e9562a2470b487b139)] -&gt; xpath: .//word], [[AndroidDriver: chrome on ANDROID (51a5b69d350864e9562a2470b487b139)] -&gt; xpath: .//word], [[AndroidDriver: chrome on ANDROID (51a5b69d350864e9562a2470b487b139)] -&gt; xpath: .//word], [[AndroidDriver: chrome on ANDROID (51a5b69d350864e9562a2470b487b139)] -&gt; xpath: .//word], [[AndroidDriver: chrome on ANDROID (51a5b69d350864e9562a2470b487b139)] -&gt; xpath: .//word], [[AndroidDriver: chrome on ANDROID (51a5b69d350864e9562a2470b487b139)] -&gt; xpath: .//word], [[AndroidDriver: chrome on ANDROID (51a5b69d350864e9562a2470b487b139)] -&gt; xpath: .//word], [[AndroidDriver: chrome on ANDROID (51a5b69d350864e9562a2470b487b139)] -&gt; xpath: .//word], [[AndroidDriver: chrome on ANDROID (51a5b69d350864e9562a2470b487b139)] -&gt; xpath: .//word], [[AndroidDriver: chrome on ANDROID (51a5b69d350864e9562a2470b487b139)] -&gt; xpath: .//word], [[AndroidDriver: chrome on ANDROID (51a5b69d350864e9562a2470b487b139)] -&gt; xpath: .//word], [[AndroidDriver: chrome on ANDROID (51a5b69d350864e9562a2470b487b139)] -&gt; xpath: .//word], [[AndroidDriver: chrome on ANDROID (51a5b69d350864e9562a2470b487b139)] -&gt; xpath: .//word], [[AndroidDriver: chrome on ANDROID (51a5b69d350864e9562a2470b487b139)] -&gt; xpath: .//word], [[AndroidDriver: chrome on ANDROID (51a5b69d350864e9562a2470b487b139)] -&gt; xpath: .//word], [[AndroidDriver: chrome on ANDROID (51a5b69d350864e9562a2470b487b139)] -&gt; xpath: .//word], [[AndroidDriver: chrome on ANDROID (51a5b69d350864e9562a2470b487b139)] -&gt; xpath: .//word], [[AndroidDriver: chrome on ANDROID (51a5b69d350864e9562a2470b487b139)] -&gt; xpath: .//word], [[AndroidDriver: chrome on ANDROID (51a5b69d350864e9562a2470b487b139)] -&gt; xpath: .//word], [[AndroidDriver: chrome on ANDROID (51a5b69d350864e9562a2470b487b139)] -&gt; xpath: .//word], [[AndroidDriver: chrome on ANDROID (51a5b69d350864e9562a2470b487b139)] -&gt; xpath: .//word], [[AndroidDriver: chrome on ANDROID (51a5b69d350864e9562a2470b487b139)] -&gt; xpath: .//word], [[AndroidDriver: chrome on ANDROID (51a5b69d350864e9562a2470b487b139)] -&gt; xpath: .//word], [[AndroidDriver: chrome on ANDROID (51a5b69d350864e9562a2470b487b139)] -&gt; xpath: .//word], [[AndroidDriver: chrome on ANDROID (51a5b69d350864e9562a2470b487b139)] -&gt; xpath: .//word], [[AndroidDriver: chrome on ANDROID (51a5b69d350864e9562a2470b487b139)] -&gt; xpath: .//word], [[AndroidDriver: chrome on ANDROID (51a5b69d350864e9562a2470b487b139)] -&gt; xpath: .//word], [[AndroidDriver: chrome on ANDROID (51a5b69d350864e9562a2470b487b139)] -&gt; xpath: .//word], [[AndroidDriver: chrome on ANDROID (51a5b69d350864e9562a2470b487b139)] -&gt; xpath: .//word], [[AndroidDriver: chrome on ANDROID (51a5b69d350864e9562a2470b487b139)] -&gt; xpath: .//word], [[AndroidDriver: chrome on ANDROID (51a5b69d350864e9562a2470b487b139)] -&gt; xpath: .//word], [[AndroidDriver: chrome on ANDROID (51a5b69d350864e9562a2470b487b139)] -&gt; xpath: .//word], [[AndroidDriver: chrome on ANDROID (51a5b69d350864e9562a2470b487b139)] -&gt; xpath: .//word], [[AndroidDriver: chrome on ANDROID (51a5b69d350864e9562a2470b487b139)] -&gt; xpath: .//word], [[AndroidDriver: chrome on ANDROID (51a5b69d350864e9562a2470b487b139)] -&gt; xpath: .//word], [[AndroidDriver: chrome on ANDROID (51a5b69d350864e9562a2470b487b139)] -&gt; xpath: .//word], [[AndroidDriver: chrome on ANDROID (51a5b69d350864e9562a2470b487b139)] -&gt; xpath: .//word], [[AndroidDriver: chrome on ANDROID (51a5b69d350864e9562a2470b487b139)] -&gt; xpath: .//word], [[AndroidDriver: chrome on ANDROID (51a5b69d350864e9562a2470b487b139)] -&gt; xpath: .//word], [[AndroidDriver: chrome on ANDROID (51a5b69d350864e9562a2470b487b139)] -&gt; xpath: .//word], [[AndroidDriver: chrome on ANDROID (51a5b69d350864e9562a2470b487b139)] -&gt; xpath: .//word], [[AndroidDriver: chrome on ANDROID (51a5b69d350864e9562a2470b487b139)] -&gt; xpath: .//word], [[AndroidDriver: chrome on ANDROID (51a5b69d350864e9562a2470b487b139)] -&gt; xpath: .//word], [[AndroidDriver: chrome on ANDROID (51a5b69d350864e9562a2470b487b139)] -&gt; xpath: .//word], [[AndroidDriver: chrome on ANDROID (51a5b69d350864e9562a2470b487b139)] -&gt; xpath: .//word], [[AndroidDriver: chrome on ANDROID (51a5b69d350864e9562a2470b487b139)] -&gt; xpath: .//word], [[AndroidDriver: chrome on ANDROID (51a5b69d350864e9562a2470b487b139)] -&gt; xpath: .//word], [[AndroidDriver: chrome on ANDROID (51a5b69d350864e9562a2470b487b139)] -&gt; xpath: .//word], [[AndroidDriver: chrome on ANDROID (51a5b69d350864e9562a2470b487b139)] -&gt; xpath: .//word], [[AndroidDriver: chrome on ANDROID (51a5b69d350864e9562a2470b487b139)] -&gt; xpath: .//word], [[AndroidDriver: chrome on ANDROID (51a5b69d350864e9562a2470b487b139)] -&gt; xpath: .//word], [[AndroidDriver: chrome on ANDROID (51a5b69d350864e9562a2470b487b139)] -&gt; xpath: .//word], [[AndroidDriver: chrome on ANDROID (51a5b69d350864e9562a2470b487b139)] -&gt; xpath: .//word], [[AndroidDriver: chrome on ANDROID (51a5b69d350864e9562a2470b487b139)] -&gt; xpath: .//word], [[AndroidDriver: chrome on ANDROID (51a5b69d350864e9562a2470b487b139)] -&gt; xpath: .//word], [[AndroidDriver: chrome on ANDROID (51a5b69d350864e9562a2470b487b139)] -&gt; xpath: .//word], [[AndroidDriver: chrome on ANDROID (51a5b69d350864e9562a2470b487b139)] -&gt; xpath: .//word], [[AndroidDriver: chrome on ANDROID (51a5b69d350864e9562a2470b487b139)] -&gt; xpath: .//word], [[AndroidDriver: chrome on ANDROID (51a5b69d350864e9562a2470b487b139)] -&gt; xpath: .//word], [[AndroidDriver: chrome on ANDROID (51a5b69d350864e9562a2470b487b139)] -&gt; xpath: .//word], [[AndroidDriver: chrome on ANDROID (51a5b69d350864e9562a2470b487b139)] -&gt; xpath: .//word], [[AndroidDriver: chrome on ANDROID (51a5b69d350864e9562a2470b487b139)] -&gt; xpath: .//word], [[AndroidDriver: chrome on ANDROID (51a5b69d350864e9562a2470b487b139)] -&gt; xpath: .//word], [[AndroidDriver: chrome on ANDROID (51a5b69d350864e9562a2470b487b139)] -&gt; xpath: .//word], [[AndroidDriver: chrome on ANDROID (51a5b69d350864e9562a2470b487b139)] -&gt; xpath: .//word], [[AndroidDriver: chrome on ANDROID (51a5b69d350864e9562a2470b487b139)] -&gt; xpath: .//word], [[AndroidDriver: chrome on ANDROID (51a5b69d350864e9562a2470b487b139)] -&gt; xpath: .//word], [[AndroidDriver: chrome on ANDROID (51a5b69d350864e9562a2470b487b139)] -&gt; xpath: .//word], [[AndroidDriver: chrome on ANDROID (51a5b69d350864e9562a2470b487b139)] -&gt; xpath: .//word], [[AndroidDriver: chrome on ANDROID (51a5b69d350864e9562a2470b487b139)] -&gt; xpath: .//word], [[AndroidDriver: chrome on ANDROID (51a5b69d350864e9562a2470b487b139)] -&gt; xpath: .//word], [[AndroidDriver: chrome on ANDROID (51a5b69d350864e9562a2470b487b139)] -&gt; xpath: .//word], [[AndroidDriver: chrome on ANDROID (51a5b69d350864e9562a2470b487b139)] -&gt; xpath: .//word], [[AndroidDriver: chrome on ANDROID (51a5b69d350864e9562a2470b487b139)] -&gt; xpath: .//word], [[AndroidDriver: chrome on ANDROID (51a5b69d350864e9562a2470b487b139)] -&gt; xpath: .//word], [[AndroidDriver: chrome on ANDROID (51a5b69d350864e9562a2470b487b139)] -&gt; xpath: .//word], [[AndroidDriver: chrome on ANDROID (51a5b69d350864e9562a2470b487b139)] -&gt; xpath: .//word], [[AndroidDriver: chrome on ANDROID (51a5b69d350864e9562a2470b487b139)] -&gt; xpath: .//word], [[AndroidDriver: chrome on ANDROID (51a5b69d350864e9562a2470b487b139)] -&gt; xpath: .//word], [[AndroidDriver: chrome on ANDROID (51a5b69d350864e9562a2470b487b139)] -&gt; xpath: .//word], [[AndroidDriver: chrome on ANDROID (51a5b69d350864e9562a2470b487b139)] -&gt; xpath: .//word], [[AndroidDriver: chrome on ANDROID (51a5b69d350864e9562a2470b487b139)] -&gt; xpath: .//word], [[AndroidDriver: chrome on ANDROID (51a5b69d350864e9562a2470b487b139)] -&gt; xpath: .//word], [[AndroidDriver: chrome on ANDROID (51a5b69d350864e9562a2470b487b139)] -&gt; xpath: .//word], [[AndroidDriver: chrome on ANDROID (51a5b69d350864e9562a2470b487b139)] -&gt; xpath: .//word], [[AndroidDriver: chrome on ANDROID (51a5b69d350864e9562a2470b487b139)] -&gt; xpath: .//word], [[AndroidDriver: chrome on ANDROID (51a5b69d350864e9562a2470b487b139)] -&gt; xpath: .//word], [[AndroidDriver: chrome on ANDROID (51a5b69d350864e9562a2470b487b139)] -&gt; xpath: .//word], [[AndroidDriver: chrome on ANDROID (51a5b69d350864e9562a2470b487b139)] -&gt; xpath: .//word], [[AndroidDriver: chrome on ANDROID (51a5b69d350864e9562a2470b487b139)] -&gt; xpath: .//word], [[AndroidDriver: chrome on ANDROID (51a5b69d350864e9562a2470b487b139)] -&gt; xpath: .//word], [[AndroidDriver: chrome on ANDROID (51a5b69d350864e9562a2470b487b139)] -&gt; xpath: .//word], [[AndroidDriver: chrome on ANDROID (51a5b69d350864e9562a2470b487b139)] -&gt; xpath: .//word], [[AndroidDriver: chrome on ANDROID (51a5b69d350864e9562a2470b487b139)] -&gt; xpath: .//word], [[AndroidDriver: chrome on ANDROID (51a5b69d350864e9562a2470b487b139)] -&gt; xpath: .//word], [[AndroidDriver: chrome on ANDROID (51a5b69d350864e9562a2470b487b139)] -&gt; xpath: .//word], [[AndroidDriver: chrome on ANDROID (51a5b69d350864e9562a2470b487b139)] -&gt; xpath: .//word], [[AndroidDriver: chrome on ANDROID (51a5b69d350864e9562a2470b487b139)] -&gt; xpath: .//word], [[AndroidDriver: chrome on ANDROID (51a5b69d350864e9562a2470b487b139)] -&gt; xpath: .//word], [[AndroidDriver: chrome on ANDROID (51a5b69d350864e9562a2470b487b139)] -&gt; xpath: .//word], [[AndroidDriver: chrome on ANDROID (51a5b69d350864e9562a2470b487b139)] -&gt; xpath: .//word], [[AndroidDriver: chrome on ANDROID (51a5b69d350864e9562a2470b487b139)] -&gt; xpath: .//word], [[AndroidDriver: chrome on ANDROID (51a5b69d350864e9562a2470b487b139)] -&gt; xpath: .//word], [[AndroidDriver: chrome on ANDROID (51a5b69d350864e9562a2470b487b139)] -&gt; xpath: .//word], [[AndroidDriver: chrome on ANDROID (51a5b69d350864e9562a2470b487b139)] -&gt; xpath: .//word], [[AndroidDriver: chrome on ANDROID (51a5b69d350864e9562a2470b487b139)] -&gt; xpath: .//word], [[AndroidDriver: chrome on ANDROID (51a5b69d350864e9562a2470b487b139)] -&gt; xpath: .//word], [[AndroidDriver: chrome on ANDROID (51a5b69d350864e9562a2470b487b139)] -&gt; xpath: .//word], [[AndroidDriver: chrome on ANDROID (51a5b69d350864e9562a2470b487b139)] -&gt; xpath: .//word], [[AndroidDriver: chrome on ANDROID (51a5b69d350864e9562a2470b487b139)] -&gt; xpath: .//word], [[AndroidDriver: chrome on ANDROID (51a5b69d350864e9562a2470b487b139)] -&gt; xpath: .//word], [[AndroidDriver: chrome on ANDROID (51a5b69d350864e9562a2470b487b139)] -&gt; xpath: .//word], [[AndroidDriver: chrome on ANDROID (51a5b69d350864e9562a2470b487b139)] -&gt; xpath: .//word], [[AndroidDriver: chrome on ANDROID (51a5b69d350864e9562a2470b487b139)] -&gt; xpath: .//word], [[AndroidDriver: chrome on ANDROID (51a5b69d350864e9562a2470b487b139)] -&gt; xpath: .//word], [[AndroidDriver: chrome on ANDROID (51a5b69d350864e9562a2470b487b139)] -&gt; xpath: .//word], [[AndroidDriver: chrome on ANDROID (51a5b69d350864e9562a2470b487b139)] -&gt; xpath: .//word], [[AndroidDriver: chrome on ANDROID (51a5b69d350864e9562a2470b487b139)] -&gt; xpath: .//word], [[AndroidDriver: chrome on ANDROID (51a5b69d350864e9562a2470b487b139)] -&gt; xpath: .//word], [[AndroidDriver: chrome on ANDROID (51a5b69d350864e9562a2470b487b139)] -&gt; xpath: .//word], [[AndroidDriver: chrome on ANDROID (51a5b69d350864e9562a2470b487b139)] -&gt; xpath: .//word], [[AndroidDriver: chrome on ANDROID (51a5b69d350864e9562a2470b487b139)] -&gt; xpath: .//word], [[AndroidDriver: chrome on ANDROID (51a5b69d350864e9562a2470b487b139)] -&gt; xpath: .//word], [[AndroidDriver: chrome on ANDROID (51a5b69d350864e9562a2470b487b139)] -&gt; xpath: .//word], [[AndroidDriver: chrome on ANDROID (51a5b69d350864e9562a2470b487b139)] -&gt; xpath: .//word], [[AndroidDriver: chrome on ANDROID (51a5b69d350864e9562a2470b487b139)] -&gt; xpath: .//word], [[AndroidDriver: chrome on ANDROID (51a5b69d350864e9562a2470b487b139)] -&gt; xpath: .//word], [[AndroidDriver: chrome on ANDROID (51a5b69d350864e9562a2470b487b139)] -&gt; xpath: .//word], [[AndroidDriver: chrome on ANDROID (51a5b69d350864e9562a2470b487b139)] -&gt; xpath: .//word], [[AndroidDriver: chrome on ANDROID (51a5b69d350864e9562a2470b487b139)] -&gt; xpath: .//word], [[AndroidDriver: chrome on ANDROID (51a5b69d350864e9562a2470b487b139)] -&gt; xpath: .//word], [[AndroidDriver: chrome on ANDROID (51a5b69d350864e9562a2470b487b139)] -&gt; xpath: .//word], [[AndroidDriver: chrome on ANDROID (51a5b69d350864e9562a2470b487b139)] -&gt; xpath: .//word], [[AndroidDriver: chrome on ANDROID (51a5b69d350864e9562a2470b487b139)] -&gt; xpath: .//word], [[AndroidDriver: chrome on ANDROID (51a5b69d350864e9562a2470b487b139)] -&gt; xpath: .//word], [[AndroidDriver: chrome on ANDROID (51a5b69d350864e9562a2470b487b139)] -&gt; xpath: .//word], [[AndroidDriver: chrome on ANDROID (51a5b69d350864e9562a2470b487b139)] -&gt; xpath: .//word], [[AndroidDriver: chrome on ANDROID (51a5b69d350864e9562a2470b487b139)] -&gt; xpath: .//word], [[AndroidDriver: chrome on ANDROID (51a5b69d350864e9562a2470b487b139)] -&gt; xpath: .//word], [[AndroidDriver: chrome on ANDROID (51a5b69d350864e9562a2470b487b139)] -&gt; xpath: .//word], [[AndroidDriver: chrome on ANDROID (51a5b69d350864e9562a2470b487b139)] -&gt; xpath: .//word], [[AndroidDriver: chrome on ANDROID (51a5b69d350864e9562a2470b487b139)] -&gt; xpath: .//word], [[AndroidDriver: chrome on ANDROID (51a5b69d350864e9562a2470b487b139)] -&gt; xpath: .//word], [[AndroidDriver: chrome on ANDROID (51a5b69d350864e9562a2470b487b139)] -&gt; xpath: .//word], [[AndroidDriver: chrome on ANDROID (51a5b69d350864e9562a2470b487b139)] -&gt; xpath: .//word], [[AndroidDriver: chrome on ANDROID (51a5b69d350864e9562a2470b487b139)] -&gt; xpath: .//word], [[AndroidDriver: chrome on ANDROID (51a5b69d350864e9562a2470b487b139)] -&gt; xpath: .//word], [[AndroidDriver: chrome on ANDROID (51a5b69d350864e9562a2470b487b139)] -&gt; xpath: .//word], [[AndroidDriver: chrome on ANDROID (51a5b69d350864e9562a2470b487b139)] -&gt; xpath: .//word], [[AndroidDriver: chrome on ANDROID (51a5b69d350864e9562a2470b487b139)] -&gt; xpath: .//word], [[AndroidDriver: chrome on ANDROID (51a5b69d350864e9562a2470b487b139)] -&gt; xpath: .//word], [[AndroidDriver: chrome on ANDROID (51a5b69d350864e9562a2470b487b139)] -&gt; xpath: .//word], [[AndroidDriver: chrome on ANDROID (51a5b69d350864e9562a2470b487b139)] -&gt; xpath: .//word], [[AndroidDriver: chrome on ANDROID (51a5b69d350864e9562a2470b487b139)] -&gt; xpath: .//word], [[AndroidDriver: chrome on ANDROID (51a5b69d350864e9562a2470b487b139)] -&gt; xpath: .//word], [[AndroidDriver: chrome on ANDROID (51a5b69d350864e9562a2470b487b139)] -&gt; xpath: .//word], [[AndroidDriver: chrome on ANDROID (51a5b69d350864e9562a2470b487b139)] -&gt; xpath: .//word], [[AndroidDriver: chrome on ANDROID (51a5b69d350864e9562a2470b487b139)] -&gt; xpath: .//word], [[AndroidDriver: chrome on ANDROID (51a5b69d350864e9562a2470b487b139)] -&gt; xpath: .//word], [[AndroidDriver: chrome on ANDROID (51a5b69d350864e9562a2470b487b139)] -&gt; xpath: .//word], [[AndroidDriver: chrome on ANDROID (51a5b69d350864e9562a2470b487b139)] -&gt; xpath: .//word], [[AndroidDriver: chrome on ANDROID (51a5b69d350864e9562a2470b487b139)] -&gt; xpath: .//word], [[AndroidDriver: chrome on ANDROID (51a5b69d350864e9562a2470b487b139)] -&gt; xpath: .//word], [[AndroidDriver: chrome on ANDROID (51a5b69d350864e9562a2470b487b139)] -&gt; xpath: .//word], [[AndroidDriver: chrome on ANDROID (51a5b69d350864e9562a2470b487b139)] -&gt; xpath: .//word], [[AndroidDriver: chrome on ANDROID (51a5b69d350864e9562a2470b487b139)] -&gt; xpath: .//word], [[AndroidDriver: chrome on ANDROID (51a5b69d350864e9562a2470b487b139)] -&gt; xpath: .//word], [[AndroidDriver: chrome on ANDROID (51a5b69d350864e9562a2470b487b139)] -&gt; xpath: .//word], [[AndroidDriver: chrome on ANDROID (51a5b69d350864e9562a2470b487b139)] -&gt; xpath: .//word], [[AndroidDriver: chrome on ANDROID (51a5b69d350864e9562a2470b487b139)] -&gt; xpath: .//word], [[AndroidDriver: chrome on ANDROID (51a5b69d350864e9562a2470b487b139)] -&gt; xpath: .//word], [[AndroidDriver: chrome on ANDROID (51a5b69d350864e9562a2470b487b139)] -&gt; xpath: .//word], [[AndroidDriver: chrome on ANDROID (51a5b69d350864e9562a2470b487b139)] -&gt; xpath: .//word], [[AndroidDriver: chrome on ANDROID (51a5b69d350864e9562a2470b487b139)] -&gt; xpath: .//word], [[AndroidDriver: chrome on ANDROID (51a5b69d350864e9562a2470b487b139)] -&gt; xpath: .//word], [[AndroidDriver: chrome on ANDROID (51a5b69d350864e9562a2470b487b139)] -&gt; xpath: .//word], [[AndroidDriver: chrome on ANDROID (51a5b69d350864e9562a2470b487b139)] -&gt; xpath: .//word], [[AndroidDriver: chrome on ANDROID (51a5b69d350864e9562a2470b487b139)] -&gt; xpath: .//word], [[AndroidDriver: chrome on ANDROID (51a5b69d350864e9562a2470b487b139)] -&gt; xpath: .//word], [[AndroidDriver: chrome on ANDROID (51a5b69d350864e9562a2470b487b139)] -&gt; xpath: .//word], [[AndroidDriver: chrome on ANDROID (51a5b69d350864e9562a2470b487b139)] -&gt; xpath: .//word], [[AndroidDriver: chrome on ANDROID (51a5b69d350864e9562a2470b487b139)] -&gt; xpath: .//word], [[AndroidDriver: chrome on ANDROID (51a5b69d350864e9562a2470b487b139)] -&gt; xpath: .//word], [[AndroidDriver: chrome on ANDROID (51a5b69d350864e9562a2470b487b139)] -&gt; xpath: .//word], [[AndroidDriver: chrome on ANDROID (51a5b69d350864e9562a2470b487b139)] -&gt; xpath: .//word], [[AndroidDriver: chrome on ANDROID (51a5b69d350864e9562a2470b487b139)] -&gt; xpath: .//word], [[AndroidDriver: chrome on ANDROID (51a5b69d350864e9562a2470b487b139)] -&gt; xpath: .//word], [[AndroidDriver: chrome on ANDROID (51a5b69d350864e9562a2470b487b139)] -&gt; xpath: .//word], [[AndroidDriver: chrome on ANDROID (51a5b69d350864e9562a2470b487b139)] -&gt; xpath: .//word], [[AndroidDriver: chrome on ANDROID (51a5b69d350864e9562a2470b487b139)] -&gt; xpath: .//word], [[AndroidDriver: chrome on ANDROID (51a5b69d350864e9562a2470b487b139)] -&gt; xpath: .//word], [[AndroidDriver: chrome on ANDROID (51a5b69d350864e9562a2470b487b139)] -&gt; xpath: .//word], [[AndroidDriver: chrome on ANDROID (51a5b69d350864e9562a2470b487b139)] -&gt; xpath: .//word], [[AndroidDriver: chrome on ANDROID (51a5b69d350864e9562a2470b487b139)] -&gt; xpath: .//word], [[AndroidDriver: chrome on ANDROID (51a5b69d350864e9562a2470b487b139)] -&gt; xpath: .//word], [[AndroidDriver: chrome on ANDROID (51a5b69d350864e9562a2470b487b139)] -&gt; xpath: .//word], [[AndroidDriver: chrome on ANDROID (51a5b69d350864e9562a2470b487b139)] -&gt; xpath: .//word], [[AndroidDriver: chrome on ANDROID (51a5b69d350864e9562a2470b487b139)] -&gt; xpath: .//word], [[AndroidDriver: chrome on ANDROID (51a5b69d350864e9562a2470b487b139)] -&gt; xpath: .//word], [[AndroidDriver: chrome on ANDROID (51a5b69d350864e9562a2470b487b139)] -&gt; xpath: .//word], [[AndroidDriver: chrome on ANDROID (51a5b69d350864e9562a2470b487b139)] -&gt; xpath: .//word], [[AndroidDriver: chrome on ANDROID (51a5b69d350864e9562a2470b487b139)] -&gt; xpath: .//word], [[AndroidDriver: chrome on ANDROID (51a5b69d350864e9562a2470b487b139)] -&gt; xpath: .//word], [[AndroidDriver: chrome on ANDROID (51a5b69d350864e9562a2470b487b139)] -&gt; xpath: .//word], [[AndroidDriver: chrome on ANDROID (51a5b69d350864e9562a2470b487b139)] -&gt; xpath: .//word], [[AndroidDriver: chrome on ANDROID (51a5b69d350864e9562a2470b487b139)] -&gt; xpath: .//word], [[AndroidDriver: chrome on ANDROID (51a5b69d350864e9562a2470b487b139)] -&gt; xpath: .//word], [[AndroidDriver: chrome on ANDROID (51a5b69d350864e9562a2470b487b139)] -&gt; xpath: .//word], [[AndroidDriver: chrome on ANDROID (51a5b69d350864e9562a2470b487b139)] -&gt; xpath: .//word], [[AndroidDriver: chrome on ANDROID (51a5b69d350864e9562a2470b487b139)] -&gt; xpath: .//word], [[AndroidDriver: chrome on ANDROID (51a5b69d350864e9562a2470b487b139)] -&gt; xpath: .//word], [[AndroidDriver: chrome on ANDROID (51a5b69d350864e9562a2470b487b139)] -&gt; xpath: .//word], [[AndroidDriver: chrome on ANDROID (51a5b69d350864e9562a2470b487b139)] -&gt; xpath: .//word], [[AndroidDriver: chrome on ANDROID (51a5b69d350864e9562a2470b487b139)] -&gt; xpath: .//word], [[AndroidDriver: chrome on ANDROID (51a5b69d350864e9562a2470b487b139)] -&gt; xpath: .//word], [[AndroidDriver: chrome on ANDROID (51a5b69d350864e9562a2470b487b139)] -&gt; xpath: .//word], [[AndroidDriver: chrome on ANDROID (51a5b69d350864e9562a2470b487b139)] -&gt; xpath: .//word], [[AndroidDriver: chrome on ANDROID (51a5b69d350864e9562a2470b487b139)] -&gt; xpath: .//word], [[AndroidDriver: chrome on ANDROID (51a5b69d350864e9562a2470b487b139)] -&gt; xpath: .//word], [[AndroidDriver: chrome on ANDROID (51a5b69d350864e9562a2470b487b139)] -&gt; xpath: .//word], [[AndroidDriver: chrome on ANDROID (51a5b69d350864e9562a2470b487b139)] -&gt; xpath: .//word], [[AndroidDriver: chrome on ANDROID (51a5b69d350864e9562a2470b487b139)] -&gt; xpath: .//word], [[AndroidDriver: chrome on ANDROID (51a5b69d350864e9562a2470b487b139)] -&gt; xpath: .//word], [[AndroidDriver: chrome on ANDROID (51a5b69d350864e9562a2470b487b139)] -&gt; xpath: .//word], [[AndroidDriver: chrome on ANDROID (51a5b69d350864e9562a2470b487b139)] -&gt; xpath: .//word], [[AndroidDriver: chrome on ANDROID (51a5b69d350864e9562a2470b487b139)] -&gt; xpath: .//word], [[AndroidDriver: chrome on ANDROID (51a5b69d350864e9562a2470b487b139)] -&gt; xpath: .//word], [[AndroidDriver: chrome on ANDROID (51a5b69d350864e9562a2470b487b139)] -&gt; xpath: .//word], [[AndroidDriver: chrome on ANDROID (51a5b69d350864e9562a2470b487b139)] -&gt; xpath: .//word], [[AndroidDriver: chrome on ANDROID (51a5b69d350864e9562a2470b487b139)] -&gt; xpath: .//word], [[AndroidDriver: chrome on ANDROID (51a5b69d350864e9562a2470b487b139)] -&gt; xpath: .//word], [[AndroidDriver: chrome on ANDROID (51a5b69d350864e9562a2470b487b139)] -&gt; xpath: .//word], [[AndroidDriver: chrome on ANDROID (51a5b69d350864e9562a2470b487b139)] -&gt; xpath: .//word], [[AndroidDriver: chrome on ANDROID (51a5b69d350864e9562a2470b487b139)] -&gt; xpath: .//word], [[AndroidDriver: chrome on ANDROID (51a5b69d350864e9562a2470b487b139)] -&gt; xpath: .//word], [[AndroidDriver: chrome on ANDROID (51a5b69d350864e9562a2470b487b139)] -&gt; xpath: .//word], [[AndroidDriver: chrome on ANDROID (51a5b69d350864e9562a2470b487b139)] -&gt; xpath: .//word], [[AndroidDriver: chrome on ANDROID (51a5b69d350864e9562a2470b487b139)] -&gt; xpath: .//word], [[AndroidDriver: chrome on ANDROID (51a5b69d350864e9562a2470b487b139)] -&gt; xpath: .//word], [[AndroidDriver: chrome on ANDROID (51a5b69d350864e9562a2470b487b139)] -&gt; xpath: .//word], [[AndroidDriver: chrome on ANDROID (51a5b69d350864e9562a2470b487b139)] -&gt; xpath: .//word], [[AndroidDriver: chrome on ANDROID (51a5b69d350864e9562a2470b487b139)] -&gt; xpath: .//word], [[AndroidDriver: chrome on ANDROID (51a5b69d350864e9562a2470b487b139)] -&gt; xpath: .//word], [[AndroidDriver: chrome on ANDROID (51a5b69d350864e9562a2470b487b139)] -&gt; xpath: .//word], [[AndroidDriver: chrome on ANDROID (51a5b69d350864e9562a2470b487b139)] -&gt; xpath: .//word], [[AndroidDriver: chrome on ANDROID (51a5b69d350864e9562a2470b487b139)] -&gt; xpath: .//word], [[AndroidDriver: chrome on ANDROID (51a5b69d350864e9562a2470b487b139)] -&gt; xpath: .//word], [[AndroidDriver: chrome on ANDROID (51a5b69d350864e9562a2470b487b139)] -&gt; xpath: .//word], [[AndroidDriver: chrome on ANDROID (51a5b69d350864e9562a2470b487b139)] -&gt; xpath: .//word], [[AndroidDriver: chrome on ANDROID (51a5b69d350864e9562a2470b487b139)] -&gt; xpath: .//word], [[AndroidDriver: chrome on ANDROID (51a5b69d350864e9562a2470b487b139)] -&gt; xpath: .//word], [[AndroidDriver: chrome on ANDROID (51a5b69d350864e9562a2470b487b139)] -&gt; xpath: .//word], [[AndroidDriver: chrome on ANDROID (51a5b69d350864e9562a2470b487b139)] -&gt; xpath: .//word], [[AndroidDriver: chrome on ANDROID (51a5b69d350864e9562a2470b487b139)] -&gt; xpath: .//word], [[AndroidDriver: chrome on ANDROID (51a5b69d350864e9562a2470b487b139)] -&gt; xpath: .//word], [[AndroidDriver: chrome on ANDROID (51a5b69d350864e9562a2470b487b139)] -&gt; xpath: .//word], [[AndroidDriver: chrome on ANDROID (51a5b69d350864e9562a2470b487b139)] -&gt; xpath: .//word], [[AndroidDriver: chrome on ANDROID (51a5b69d350864e9562a2470b487b139)] -&gt; xpath: .//word], [[AndroidDriver: chrome on ANDROID (51a5b69d350864e9562a2470b487b139)] -&gt; xpath: .//word], [[AndroidDriver: chrome on ANDROID (51a5b69d350864e9562a2470b487b139)] -&gt; xpath: .//word], [[AndroidDriver: chrome on ANDROID (51a5b69d350864e9562a2470b487b139)] -&gt; xpath: .//word], [[AndroidDriver: chrome on ANDROID (51a5b69d350864e9562a2470b487b139)] -&gt; xpath: .//word], [[AndroidDriver: chrome on ANDROID (51a5b69d350864e9562a2470b487b139)] -&gt; xpath: .//word], [[AndroidDriver: chrome on ANDROID (51a5b69d350864e9562a2470b487b139)] -&gt; xpath: .//word], [[AndroidDriver: chrome on ANDROID (51a5b69d350864e9562a2470b487b139)] -&gt; xpath: .//word], [[AndroidDriver: chrome on ANDROID (51a5b69d350864e9562a2470b487b139)] -&gt; xpath: .//word], [[AndroidDriver: chrome on ANDROID (51a5b69d350864e9562a2470b487b139)] -&gt; xpath: .//word], [[AndroidDriver: chrome on ANDROID (51a5b69d350864e9562a2470b487b139)] -&gt; xpath: .//word], [[AndroidDriver: chrome on ANDROID (51a5b69d350864e9562a2470b487b139)] -&gt; xpath: .//word], [[AndroidDriver: chrome on ANDROID (51a5b69d350864e9562a2470b487b139)] -&gt; xpath: .//word], [[AndroidDriver: chrome on ANDROID (51a5b69d350864e9562a2470b487b139)] -&gt; xpath: .//word], [[AndroidDriver: chrome on ANDROID (51a5b69d350864e9562a2470b487b139)] -&gt; xpath: .//word], [[AndroidDriver: chrome on ANDROID (51a5b69d350864e9562a2470b487b139)] -&gt; xpath: .//word], [[AndroidDriver: chrome on ANDROID (51a5b69d350864e9562a2470b487b139)] -&gt; xpath: .//word], [[AndroidDriver: chrome on ANDROID (51a5b69d350864e9562a2470b487b139)] -&gt; xpath: .//word], [[AndroidDriver: chrome on ANDROID (51a5b69d350864e9562a2470b487b139)] -&gt; xpath: .//word], [[AndroidDriver: chrome on ANDROID (51a5b69d350864e9562a2470b487b139)] -&gt; xpath: .//word], [[AndroidDriver: chrome on ANDROID (51a5b69d350864e9562a2470b487b139)] -&gt; xpath: .//word], [[AndroidDriver: chrome on ANDROID (51a5b69d350864e9562a2470b487b139)] -&gt; xpath: .//word], [[AndroidDriver: chrome on ANDROID (51a5b69d350864e9562a2470b487b139)] -&gt; xpath: .//word], [[AndroidDriver: chrome on ANDROID (51a5b69d350864e9562a2470b487b139)] -&gt; xpath: .//word], [[AndroidDriver: chrome on ANDROID (51a5b69d350864e9562a2470b487b139)] -&gt; xpath: .//word], [[AndroidDriver: chrome on ANDROID (51a5b69d350864e9562a2470b487b139)] -&gt; xpath: .//word], [[AndroidDriver: chrome on ANDROID (51a5b69d350864e9562a2470b487b139)] -&gt; xpath: .//word], [[AndroidDriver: chrome on ANDROID (51a5b69d350864e9562a2470b487b139)] -&gt; xpath: .//word], [[AndroidDriver: chrome on ANDROID (51a5b69d350864e9562a2470b487b139)] -&gt; xpath: .//word], [[AndroidDriver: chrome on ANDROID (51a5b69d350864e9562a2470b487b139)] -&gt; xpath: .//word], [[AndroidDriver: chrome on ANDROID (51a5b69d350864e9562a2470b487b139)] -&gt; xpath: .//word], [[AndroidDriver: chrome on ANDROID (51a5b69d350864e9562a2470b487b139)] -&gt; xpath: .//word], [[AndroidDriver: chrome on ANDROID (51a5b69d350864e9562a2470b487b139)] -&gt; xpath: .//word], [[AndroidDriver: chrome on ANDROID (51a5b69d350864e9562a2470b487b139)] -&gt; xpath: .//word], [[AndroidDriver: chrome on ANDROID (51a5b69d350864e9562a2470b487b139)] -&gt; xpath: .//word], [[AndroidDriver: chrome on ANDROID (51a5b69d350864e9562a2470b487b139)] -&gt; xpath: .//word], [[AndroidDriver: chrome on ANDROID (51a5b69d350864e9562a2470b487b139)] -&gt; xpath: .//word], [[AndroidDriver: chrome on ANDROID (51a5b69d350864e9562a2470b487b139)] -&gt; xpath: .//word], [[AndroidDriver: chrome on ANDROID (51a5b69d350864e9562a2470b487b139)] -&gt; xpath: .//word], [[AndroidDriver: chrome on ANDROID (51a5b69d350864e9562a2470b487b139)] -&gt; xpath: .//word], [[AndroidDriver: chrome on ANDROID (51a5b69d350864e9562a2470b487b139)] -&gt; xpath: .//word], [[AndroidDriver: chrome on ANDROID (51a5b69d350864e9562a2470b487b139)] -&gt; xpath: .//word], [[AndroidDriver: chrome on ANDROID (51a5b69d350864e9562a2470b487b139)] -&gt; xpath: .//word], [[AndroidDriver: chrome on ANDROID (51a5b69d350864e9562a2470b487b139)] -&gt; xpath: .//word], [[AndroidDriver: chrome on ANDROID (51a5b69d350864e9562a2470b487b139)] -&gt; xpath: .//word], [[AndroidDriver: chrome on ANDROID (51a5b69d350864e9562a2470b487b139)] -&gt; xpath: .//word], [[AndroidDriver: chrome on ANDROID (51a5b69d350864e9562a2470b487b139)] -&gt; xpath: .//word], [[AndroidDriver: chrome on ANDROID (51a5b69d350864e9562a2470b487b139)] -&gt; xpath: .//word], [[AndroidDriver: chrome on ANDROID (51a5b69d350864e9562a2470b487b139)] -&gt; xpath: .//word], [[AndroidDriver: chrome on ANDROID (51a5b69d350864e9562a2470b487b139)] -&gt; xpath: .//word], [[AndroidDriver: chrome on ANDROID (51a5b69d350864e9562a2470b487b139)] -&gt; xpath: .//word], [[AndroidDriver: chrome on ANDROID (51a5b69d350864e9562a2470b487b139)] -&gt; xpath: .//word], [[AndroidDriver: chrome on ANDROID (51a5b69d350864e9562a2470b487b139)] -&gt; xpath: .//word], [[AndroidDriver: chrome on ANDROID (51a5b69d350864e9562a2470b487b139)] -&gt; xpath: .//word], [[AndroidDriver: chrome on ANDROID (51a5b69d350864e9562a2470b487b139)] -&gt; xpath: .//word], [[AndroidDriver: chrome on ANDROID (51a5b69d350864e9562a2470b487b139)] -&gt; xpath: .//word], [[AndroidDriver: chrome on ANDROID (51a5b69d350864e9562a2470b487b139)] -&gt; xpath: .//word], [[AndroidDriver: chrome on ANDROID (51a5b69d350864e9562a2470b487b139)] -&gt; xpath: .//word], [[AndroidDriver: chrome on ANDROID (51a5b69d350864e9562a2470b487b139)] -&gt; xpath: .//word], [[AndroidDriver: chrome on ANDROID (51a5b69d350864e9562a2470b487b139)] -&gt; xpath: .//word], [[AndroidDriver: chrome on ANDROID (51a5b69d350864e9562a2470b487b139)] -&gt; xpath: .//word], [[AndroidDriver: chrome on ANDROID (51a5b69d350864e9562a2470b487b139)] -&gt; xpath: .//word], [[AndroidDriver: chrome on ANDROID (51a5b69d350864e9562a2470b487b139)] -&gt; xpath: .//word], [[AndroidDriver: chrome on ANDROID (51a5b69d350864e9562a2470b487b139)] -&gt; xpath: .//word], [[AndroidDriver: chrome on ANDROID (51a5b69d350864e9562a2470b487b139)] -&gt; xpath: .//word], [[AndroidDriver: chrome on ANDROID (51a5b69d350864e9562a2470b487b139)] -&gt; xpath: .//word], [[AndroidDriver: chrome on ANDROID (51a5b69d350864e9562a2470b487b139)] -&gt; xpath: .//word], [[AndroidDriver: chrome on ANDROID (51a5b69d350864e9562a2470b487b139)] -&gt; xpath: .//word], [[AndroidDriver: chrome on ANDROID (51a5b69d350864e9562a2470b487b139)] -&gt; xpath: .//word], [[AndroidDriver: chrome on ANDROID (51a5b69d350864e9562a2470b487b139)] -&gt; xpath: .//word], [[AndroidDriver: chrome on ANDROID (51a5b69d350864e9562a2470b487b139)] -&gt; xpath: .//word], [[AndroidDriver: chrome on ANDROID (51a5b69d350864e9562a2470b487b139)] -&gt; xpath: .//word], [[AndroidDriver: chrome on ANDROID (51a5b69d350864e9562a2470b487b139)] -&gt; xpath: .//word], [[AndroidDriver: chrome on ANDROID (51a5b69d350864e9562a2470b487b139)] -&gt; xpath: .//word], [[AndroidDriver: chrome on ANDROID (51a5b69d350864e9562a2470b487b139)] -&gt; xpath: .//word], [[AndroidDriver: chrome on ANDROID (51a5b69d350864e9562a2470b487b139)] -&gt; xpath: .//word], [[AndroidDriver: chrome on ANDROID (51a5b69d350864e9562a2470b487b139)] -&gt; xpath: .//word], [[AndroidDriver: chrome on ANDROID (51a5b69d350864e9562a2470b487b139)] -&gt; xpath: .//word], [[AndroidDriver: chrome on ANDROID (51a5b69d350864e9562a2470b487b139)] -&gt; xpath: .//word], [[AndroidDriver: chrome on ANDROID (51a5b69d350864e9562a2470b487b139)] -&gt; xpath: .//word], [[AndroidDriver: chrome on ANDROID (51a5b69d350864e9562a2470b487b139)] -&gt; xpath: .//word], [[AndroidDriver: chrome on ANDROID (51a5b69d350864e9562a2470b487b139)] -&gt; xpath: .//word], [[AndroidDriver: chrome on ANDROID (51a5b69d350864e9562a2470b487b139)] -&gt; xpath: .//word], [[AndroidDriver: chrome on ANDROID (51a5b69d350864e9562a2470b487b139)] -&gt; xpath: .//word], [[AndroidDriver: chrome on ANDROID (51a5b69d350864e9562a2470b487b139)] -&gt; xpath: .//word], [[AndroidDriver: chrome on ANDROID (51a5b69d350864e9562a2470b487b139)] -&gt; xpath: .//word], [[AndroidDriver: chrome on ANDROID (51a5b69d350864e9562a2470b487b139)] -&gt; xpath: .//word], [[AndroidDriver: chrome on ANDROID (51a5b69d350864e9562a2470b487b139)] -&gt; xpath: .//word], [[AndroidDriver: chrome on ANDROID (51a5b69d350864e9562a2470b487b139)] -&gt; xpath: .//word], [[AndroidDriver: chrome on ANDROID (51a5b69d350864e9562a2470b487b139)] -&gt; xpath: .//word], [[AndroidDriver: chrome on ANDROID (51a5b69d350864e9562a2470b487b139)] -&gt; xpath: .//word], [[AndroidDriver: chrome on ANDROID (51a5b69d350864e9562a2470b487b139)] -&gt; xpath: .//word], [[AndroidDriver: chrome on ANDROID (51a5b69d350864e9562a2470b487b139)] -&gt; xpath: .//word], [[AndroidDriver: chrome on ANDROID (51a5b69d350864e9562a2470b487b139)] -&gt; xpath: .//word], [[AndroidDriver: chrome on ANDROID (51a5b69d350864e9562a2470b487b139)] -&gt; xpath: .//word], [[AndroidDriver: chrome on ANDROID (51a5b69d350864e9562a2470b487b139)] -&gt; xpath: .//word], [[AndroidDriver: chrome on ANDROID (51a5b69d350864e9562a2470b487b139)] -&gt; xpath: .//word], [[AndroidDriver: chrome on ANDROID (51a5b69d350864e9562a2470b487b139)] -&gt; xpath: .//word], [[AndroidDriver: chrome on ANDROID (51a5b69d350864e9562a2470b487b139)] -&gt; xpath: .//word], [[AndroidDriver: chrome on ANDROID (51a5b69d350864e9562a2470b487b139)] -&gt; xpath: .//word], [[AndroidDriver: chrome on ANDROID (51a5b69d350864e9562a2470b487b139)] -&gt; xpath: .//word], [[AndroidDriver: chrome on ANDROID (51a5b69d350864e9562a2470b487b139)] -&gt; xpath: .//word], [[AndroidDriver: chrome on ANDROID (51a5b69d350864e9562a2470b487b139)] -&gt; xpath: .//word], [[AndroidDriver: chrome on ANDROID (51a5b69d350864e9562a2470b487b139)] -&gt; xpath: .//word], [[AndroidDriver: chrome on ANDROID (51a5b69d350864e9562a2470b487b139)] -&gt; xpath: .//word], [[AndroidDriver: chrome on ANDROID (51a5b69d350864e9562a2470b487b139)] -&gt; xpath: .//word], [[AndroidDriver: chrome on ANDROID (51a5b69d350864e9562a2470b487b139)] -&gt; xpath: .//word], [[AndroidDriver: chrome on ANDROID (51a5b69d350864e9562a2470b487b139)] -&gt; xpath: .//word], [[AndroidDriver: chrome on ANDROID (51a5b69d350864e9562a2470b487b139)] -&gt; xpath: .//word], [[AndroidDriver: chrome on ANDROID (51a5b69d350864e9562a2470b487b139)] -&gt; xpath: .//word], [[AndroidDriver: chrome on ANDROID (51a5b69d350864e9562a2470b487b139)] -&gt; xpath: .//word], [[AndroidDriver: chrome on ANDROID (51a5b69d350864e9562a2470b487b139)] -&gt; xpath: .//word], [[AndroidDriver: chrome on ANDROID (51a5b69d350864e9562a2470b487b139)] -&gt; xpath: .//word], [[AndroidDriver: chrome on ANDROID (51a5b69d350864e9562a2470b487b139)] -&gt; xpath: .//word], [[AndroidDriver: chrome on ANDROID (51a5b69d350864e9562a2470b487b139)] -&gt; xpath: .//word], [[AndroidDriver: chrome on ANDROID (51a5b69d350864e9562a2470b487b139)] -&gt; xpath: .//word], [[AndroidDriver: chrome on ANDROID (51a5b69d350864e9562a2470b487b139)] -&gt; xpath: .//word], [[AndroidDriver: chrome on ANDROID (51a5b69d350864e9562a2470b487b139)] -&gt; xpath: .//word], [[AndroidDriver: chrome on ANDROID (51a5b69d350864e9562a2470b487b139)] -&gt; xpath: .//word], [[AndroidDriver: chrome on ANDROID (51a5b69d350864e9562a2470b487b139)] -&gt; xpath: .//word], [[AndroidDriver: chrome on ANDROID (51a5b69d350864e9562a2470b487b139)] -&gt; xpath: .//word], [[AndroidDriver: chrome on ANDROID (51a5b69d350864e9562a2470b487b139)] -&gt; xpath: .//word], [[AndroidDriver: chrome on ANDROID (51a5b69d350864e9562a2470b487b139)] -&gt; xpath: .//word], [[AndroidDriver: chrome on ANDROID (51a5b69d350864e9562a2470b487b139)] -&gt; xpath: .//word], [[AndroidDriver: chrome on ANDROID (51a5b69d350864e9562a2470b487b139)] -&gt; xpath: .//word], [[AndroidDriver: chrome on ANDROID (51a5b69d350864e9562a2470b487b139)] -&gt; xpath: .//word], [[AndroidDriver: chrome on ANDROID (51a5b69d350864e9562a2470b487b139)] -&gt; xpath: .//word], [[AndroidDriver: chrome on ANDROID (51a5b69d350864e9562a2470b487b139)] -&gt; xpath: .//word], [[AndroidDriver: chrome on ANDROID (51a5b69d350864e9562a2470b487b139)] -&gt; xpath: .//word], [[AndroidDriver: chrome on ANDROID (51a5b69d350864e9562a2470b487b139)] -&gt; xpath: .//word], [[AndroidDriver: chrome on ANDROID (51a5b69d350864e9562a2470b487b139)] -&gt; xpath: .//word], [[AndroidDriver: chrome on ANDROID (51a5b69d350864e9562a2470b487b139)] -&gt; xpath: .//word], [[AndroidDriver: chrome on ANDROID (51a5b69d350864e9562a2470b487b139)] -&gt; xpath: .//word], [[AndroidDriver: chrome on ANDROID (51a5b69d350864e9562a2470b487b139)] -&gt; xpath: .//word], [[AndroidDriver: chrome on ANDROID (51a5b69d350864e9562a2470b487b139)] -&gt; xpath: .//word], [[AndroidDriver: chrome on ANDROID (51a5b69d350864e9562a2470b487b139)] -&gt; xpath: .//word], [[AndroidDriver: chrome on ANDROID (51a5b69d350864e9562a2470b487b139)] -&gt; xpath: .//word], [[AndroidDriver: chrome on ANDROID (51a5b69d350864e9562a2470b487b139)] -&gt; xpath: .//word], [[AndroidDriver: chrome on ANDROID (51a5b69d350864e9562a2470b487b139)] -&gt; xpath: .//word], [[AndroidDriver: chrome on ANDROID (51a5b69d350864e9562a2470b487b139)] -&gt; xpath: .//word], [[AndroidDriver: chrome on ANDROID (51a5b69d350864e9562a2470b487b139)] -&gt; xpath: .//word], [[AndroidDriver: chrome on ANDROID (51a5b69d350864e9562a2470b487b139)] -&gt; xpath: .//word], [[AndroidDriver: chrome on ANDROID (51a5b69d350864e9562a2470b487b139)] -&gt; xpath: .//word], [[AndroidDriver: chrome on ANDROID (51a5b69d350864e9562a2470b487b139)] -&gt; xpath: .//word], [[AndroidDriver: chrome on ANDROID (51a5b69d350864e9562a2470b487b139)] -&gt; xpath: .//word], [[AndroidDriver: chrome on ANDROID (51a5b69d350864e9562a2470b487b139)] -&gt; xpath: .//word], [[AndroidDriver: chrome on ANDROID (51a5b69d350864e9562a2470b487b139)] -&gt; xpath: .//word], [[AndroidDriver: chrome on ANDROID (51a5b69d350864e9562a2470b487b139)] -&gt; xpath: .//word], [[AndroidDriver: chrome on ANDROID (51a5b69d350864e9562a2470b487b139)] -&gt; xpath: .//word], [[AndroidDriver: chrome on ANDROID (51a5b69d350864e9562a2470b487b139)] -&gt; xpath: .//word], [[AndroidDriver: chrome on ANDROID (51a5b69d350864e9562a2470b487b139)] -&gt; xpath: .//word], [[AndroidDriver: chrome on ANDROID (51a5b69d350864e9562a2470b487b139)] -&gt; xpath: .//word], [[AndroidDriver: chrome on ANDROID (51a5b69d350864e9562a2470b487b139)] -&gt; xpath: .//word], [[AndroidDriver: chrome on ANDROID (51a5b69d350864e9562a2470b487b139)] -&gt; xpath: .//word], [[AndroidDriver: chrome on ANDROID (51a5b69d350864e9562a2470b487b139)] -&gt; xpath: .//word], [[AndroidDriver: chrome on ANDROID (51a5b69d350864e9562a2470b487b139)] -&gt; xpath: .//word], [[AndroidDriver: chrome on ANDROID (51a5b69d350864e9562a2470b487b139)] -&gt; xpath: .//word], [[AndroidDriver: chrome on ANDROID (51a5b69d350864e9562a2470b487b139)] -&gt; xpath: .//word], [[AndroidDriver: chrome on ANDROID (51a5b69d350864e9562a2470b487b139)] -&gt; xpath: .//word], [[AndroidDriver: chrome on ANDROID (51a5b69d350864e9562a2470b487b139)] -&gt; xpath: .//word], [[AndroidDriver: chrome on ANDROID (51a5b69d350864e9562a2470b487b139)] -&gt; xpath: .//word], [[AndroidDriver: chrome on ANDROID (51a5b69d350864e9562a2470b487b139)] -&gt; xpath: .//word], [[AndroidDriver: chrome on ANDROID (51a5b69d350864e9562a2470b487b139)] -&gt; xpath: .//word], [[AndroidDriver: chrome on ANDROID (51a5b69d350864e9562a2470b487b139)] -&gt; xpath: .//word], [[AndroidDriver: chrome on ANDROID (51a5b69d350864e9562a2470b487b139)] -&gt; xpath: .//word], [[AndroidDriver: chrome on ANDROID (51a5b69d350864e9562a2470b487b139)] -&gt; xpath: .//word], [[AndroidDriver: chrome on ANDROID (51a5b69d350864e9562a2470b487b139)] -&gt; xpath: .//word], [[AndroidDriver: chrome on ANDROID (51a5b69d350864e9562a2470b487b139)] -&gt; xpath: .//word], [[AndroidDriver: chrome on ANDROID (51a5b69d350864e9562a2470b487b139)] -&gt; xpath: .//word], [[AndroidDriver: chrome on ANDROID (51a5b69d350864e9562a2470b487b139)] -&gt; xpath: .//word], [[AndroidDriver: chrome on ANDROID (51a5b69d350864e9562a2470b487b139)] -&gt; xpath: .//word], [[AndroidDriver: chrome on ANDROID (51a5b69d350864e9562a2470b487b139)] -&gt; xpath: .//word], [[AndroidDriver: chrome on ANDROID (51a5b69d350864e9562a2470b487b139)] -&gt; xpath: .//word], [[AndroidDriver: chrome on ANDROID (51a5b69d350864e9562a2470b487b139)] -&gt; xpath: .//word], [[AndroidDriver: chrome on ANDROID (51a5b69d350864e9562a2470b487b139)] -&gt; xpath: .//word], [[AndroidDriver: chrome on ANDROID (51a5b69d350864e9562a2470b487b139)] -&gt; xpath: .//word], [[AndroidDriver: chrome on ANDROID (51a5b69d350864e9562a2470b487b139)] -&gt; xpath: .//word], [[AndroidDriver: chrome on ANDROID (51a5b69d350864e9562a2470b487b139)] -&gt; xpath: .//word], [[AndroidDriver: chrome on ANDROID (51a5b69d350864e9562a2470b487b139)] -&gt; xpath: .//word], [[AndroidDriver: chrome on ANDROID (51a5b69d350864e9562a2470b487b139)] -&gt; xpath: .//word], [[AndroidDriver: chrome on ANDROID (51a5b69d350864e9562a2470b487b139)] -&gt; xpath: .//word], [[AndroidDriver: chrome on ANDROID (51a5b69d350864e9562a2470b487b139)] -&gt; xpath: .//word], [[AndroidDriver: chrome on ANDROID (51a5b69d350864e9562a2470b487b139)] -&gt; xpath: .//word], [[AndroidDriver: chrome on ANDROID (51a5b69d350864e9562a2470b487b139)] -&gt; xpath: .//word], [[AndroidDriver: chrome on ANDROID (51a5b69d350864e9562a2470b487b139)] -&gt; xpath: .//word], [[AndroidDriver: chrome on ANDROID (51a5b69d350864e9562a2470b487b139)] -&gt; xpath: .//word], [[AndroidDriver: chrome on ANDROID (51a5b69d350864e9562a2470b487b139)] -&gt; xpath: .//word], [[AndroidDriver: chrome on ANDROID (51a5b69d350864e9562a2470b487b139)] -&gt; xpath: .//word], [[AndroidDriver: chrome on ANDROID (51a5b69d350864e9562a2470b487b139)] -&gt; xpath: .//word], [[AndroidDriver: chrome on ANDROID (51a5b69d350864e9562a2470b487b139)] -&gt; xpath: .//word], [[AndroidDriver: chrome on ANDROID (51a5b69d350864e9562a2470b487b139)] -&gt; xpath: .//word], [[AndroidDriver: chrome on ANDROID (51a5b69d350864e9562a2470b487b139)] -&gt; xpath: .//word], [[AndroidDriver: chrome on ANDROID (51a5b69d350864e9562a2470b487b139)] -&gt; xpath: .//word], [[AndroidDriver: chrome on ANDROID (51a5b69d350864e9562a2470b487b139)] -&gt; xpath: .//word], [[AndroidDriver: chrome on ANDROID (51a5b69d350864e9562a2470b487b139)] -&gt; xpath: .//word], [[AndroidDriver: chrome on ANDROID (51a5b69d350864e9562a2470b487b139)] -&gt; xpath: .//word], [[AndroidDriver: chrome on ANDROID (51a5b69d350864e9562a2470b487b139)] -&gt; xpath: .//word], [[AndroidDriver: chrome on ANDROID (51a5b69d350864e9562a2470b487b139)] -&gt; xpath: .//word], [[AndroidDriver: chrome on ANDROID (51a5b69d350864e9562a2470b487b139)] -&gt; xpath: .//word], [[AndroidDriver: chrome on ANDROID (51a5b69d350864e9562a2470b487b139)] -&gt; xpath: .//word], [[AndroidDriver: chrome on ANDROID (51a5b69d350864e9562a2470b487b139)] -&gt; xpath: .//word], [[AndroidDriver: chrome on ANDROID (51a5b69d350864e9562a2470b487b139)] -&gt; xpath: .//word], [[AndroidDriver: chrome on ANDROID (51a5b69d350864e9562a2470b487b139)] -&gt; xpath: .//word], [[AndroidDriver: chrome on ANDROID (51a5b69d350864e9562a2470b487b139)] -&gt; xpath: .//word], [[AndroidDriver: chrome on ANDROID (51a5b69d350864e9562a2470b487b139)] -&gt; xpath: .//word], [[AndroidDriver: chrome on ANDROID (51a5b69d350864e9562a2470b487b139)] -&gt; xpath: .//word], [[AndroidDriver: chrome on ANDROID (51a5b69d350864e9562a2470b487b139)] -&gt; xpath: .//word], [[AndroidDriver: chrome on ANDROID (51a5b69d350864e9562a2470b487b139)] -&gt; xpath: .//word], [[AndroidDriver: chrome on ANDROID (51a5b69d350864e9562a2470b487b139)] -&gt; xpath: .//word], [[AndroidDriver: chrome on ANDROID (51a5b69d350864e9562a2470b487b139)] -&gt; xpath: .//word], [[AndroidDriver: chrome on ANDROID (51a5b69d350864e9562a2470b487b139)] -&gt; xpath: .//word], [[AndroidDriver: chrome on ANDROID (51a5b69d350864e9562a2470b487b139)] -&gt; xpath: .//word], [[AndroidDriver: chrome on ANDROID (51a5b69d350864e9562a2470b487b139)] -&gt; xpath: .//word], [[AndroidDriver: chrome on ANDROID (51a5b69d350864e9562a2470b487b139)] -&gt; xpath: .//word], [[AndroidDriver: chrome on ANDROID (51a5b69d350864e9562a2470b487b139)] -&gt; xpath: .//word], [[AndroidDriver: chrome on ANDROID (51a5b69d350864e9562a2470b487b139)] -&gt; xpath: .//word], [[AndroidDriver: chrome on ANDROID (51a5b69d350864e9562a2470b487b139)] -&gt; xpath: .//word], [[AndroidDriver: chrome on ANDROID (51a5b69d350864e9562a2470b487b139)] -&gt; xpath: .//word], [[AndroidDriver: chrome on ANDROID (51a5b69d350864e9562a2470b487b139)] -&gt; xpath: .//word], [[AndroidDriver: chrome on ANDROID (51a5b69d350864e9562a2470b487b139)] -&gt; xpath: .//word], [[AndroidDriver: chrome on ANDROID (51a5b69d350864e9562a2470b487b139)] -&gt; xpath: .//word], [[AndroidDriver: chrome on ANDROID (51a5b69d350864e9562a2470b487b139)] -&gt; xpath: .//word], [[AndroidDriver: chrome on ANDROID (51a5b69d350864e9562a2470b487b139)] -&gt; xpath: .//word], [[AndroidDriver: chrome on ANDROID (51a5b69d350864e9562a2470b487b139)] -&gt; xpath: .//word], [[AndroidDriver: chrome on ANDROID (51a5b69d350864e9562a2470b487b139)] -&gt; xpath: .//word], [[AndroidDriver: chrome on ANDROID (51a5b69d350864e9562a2470b487b139)] -&gt; xpath: .//word], [[AndroidDriver: chrome on ANDROID (51a5b69d350864e9562a2470b487b139)] -&gt; xpath: .//word], [[AndroidDriver: chrome on ANDROID (51a5b69d350864e9562a2470b487b139)] -&gt; xpath: .//word], [[AndroidDriver: chrome on ANDROID (51a5b69d350864e9562a2470b487b139)] -&gt; xpath: .//word], [[AndroidDriver: chrome on ANDROID (51a5b69d350864e9562a2470b487b139)] -&gt; xpath: .//word], [[AndroidDriver: chrome on ANDROID (51a5b69d350864e9562a2470b487b139)] -&gt; xpath: .//word], [[AndroidDriver: chrome on ANDROID (51a5b69d350864e9562a2470b487b139)] -&gt; xpath: .//word], [[AndroidDriver: chrome on ANDROID (51a5b69d350864e9562a2470b487b139)] -&gt; xpath: .//word], [[AndroidDriver: chrome on ANDROID (51a5b69d350864e9562a2470b487b139)] -&gt; xpath: .//word], [[AndroidDriver: chrome on ANDROID (51a5b69d350864e9562a2470b487b139)] -&gt; xpath: .//word], [[AndroidDriver: chrome on ANDROID (51a5b69d350864e9562a2470b487b139)] -&gt; xpath: .//word], [[AndroidDriver: chrome on ANDROID (51a5b69d350864e9562a2470b487b139)] -&gt; xpath: .//word], [[AndroidDriver: chrome on ANDROID (51a5b69d350864e9562a2470b487b139)] -&gt; xpath: .//word], [[AndroidDriver: chrome on ANDROID (51a5b69d350864e9562a2470b487b139)] -&gt; xpath: .//word], [[AndroidDriver: chrome on ANDROID (51a5b69d350864e9562a2470b487b139)] -&gt; xpath: .//word], [[AndroidDriver: chrome on ANDROID (51a5b69d350864e9562a2470b487b139)] -&gt; xpath: .//word], [[AndroidDriver: chrome on ANDROID (51a5b69d350864e9562a2470b487b139)] -&gt; xpath: .//word], [[AndroidDriver: chrome on ANDROID (51a5b69d350864e9562a2470b487b139)] -&gt; xpath: .//word], [[AndroidDriver: chrome on ANDROID (51a5b69d350864e9562a2470b487b139)] -&gt; xpath: .//word], [[AndroidDriver: chrome on ANDROID (51a5b69d350864e9562a2470b487b139)] -&gt; xpath: .//word], [[AndroidDriver: chrome on ANDROID (51a5b69d350864e9562a2470b487b139)] -&gt; xpath: .//word], [[AndroidDriver: chrome on ANDROID (51a5b69d350864e9562a2470b487b139)] -&gt; xpath: .//word], [[AndroidDriver: chrome on ANDROID (51a5b69d350864e9562a2470b487b139)] -&gt; xpath: .//word], [[AndroidDriver: chrome on ANDROID (51a5b69d350864e9562a2470b487b139)] -&gt; xpath: .//word], [[AndroidDriver: chrome on ANDROID (51a5b69d350864e9562a2470b487b139)] -&gt; xpath: .//word], [[AndroidDriver: chrome on ANDROID (51a5b69d350864e9562a2470b487b139)] -&gt; xpath: .//word], [[AndroidDriver: chrome on ANDROID (51a5b69d350864e9562a2470b487b139)] -&gt; xpath: .//word], [[AndroidDriver: chrome on ANDROID (51a5b69d350864e9562a2470b487b139)] -&gt; xpath: .//word], [[AndroidDriver: chrome on ANDROID (51a5b69d350864e9562a2470b487b139)] -&gt; xpath: .//word], [[AndroidDriver: chrome on ANDROID (51a5b69d350864e9562a2470b487b139)] -&gt; xpath: .//word], [[AndroidDriver: chrome on ANDROID (51a5b69d350864e9562a2470b487b139)] -&gt; xpath: .//word], [[AndroidDriver: chrome on ANDROID (51a5b69d350864e9562a2470b487b139)] -&gt; xpath: .//word], [[AndroidDriver: chrome on ANDROID (51a5b69d350864e9562a2470b487b139)] -&gt; xpath: .//word], [[AndroidDriver: chrome on ANDROID (51a5b69d350864e9562a2470b487b139)] -&gt; xpath: .//word], [[AndroidDriver: chrome on ANDROID (51a5b69d350864e9562a2470b487b139)] -&gt; xpath: .//word], [[AndroidDriver: chrome on ANDROID (51a5b69d350864e9562a2470b487b139)] -&gt; xpath: .//word], [[AndroidDriver: chrome on ANDROID (51a5b69d350864e9562a2470b487b139)] -&gt; xpath: .//word], [[AndroidDriver: chrome on ANDROID (51a5b69d350864e9562a2470b487b139)] -&gt; xpath: .//word], [[AndroidDriver: chrome on ANDROID (51a5b69d350864e9562a2470b487b139)] -&gt; xpath: .//word], [[AndroidDriver: chrome on ANDROID (51a5b69d350864e9562a2470b487b139)] -&gt; xpath: .//word], [[AndroidDriver: chrome on ANDROID (51a5b69d350864e9562a2470b487b139)] -&gt; xpath: .//word], [[AndroidDriver: chrome on ANDROID (51a5b69d350864e9562a2470b487b139)] -&gt; xpath: .//word], [[AndroidDriver: chrome on ANDROID (51a5b69d350864e9562a2470b487b139)] -&gt; xpath: .//word], [[AndroidDriver: chrome on ANDROID (51a5b69d350864e9562a2470b487b139)] -&gt; xpath: .//word], [[AndroidDriver: chrome on ANDROID (51a5b69d350864e9562a2470b487b139)] -&gt; xpath: .//word], [[AndroidDriver: chrome on ANDROID (51a5b69d350864e9562a2470b487b139)] -&gt; xpath: .//word], [[AndroidDriver: chrome on ANDROID (51a5b69d350864e9562a2470b487b139)] -&gt; xpath: .//word], [[AndroidDriver: chrome on ANDROID (51a5b69d350864e9562a2470b487b139)] -&gt; xpath: .//word], [[AndroidDriver: chrome on ANDROID (51a5b69d350864e9562a2470b487b139)] -&gt; xpath: .//word], [[AndroidDriver: chrome on ANDROID (51a5b69d350864e9562a2470b487b139)] -&gt; xpath: .//word], [[AndroidDriver: chrome on ANDROID (51a5b69d350864e9562a2470b487b139)] -&gt; xpath: .//word], [[AndroidDriver: chrome on ANDROID (51a5b69d350864e9562a2470b487b139)] -&gt; xpath: .//word], [[AndroidDriver: chrome on ANDROID (51a5b69d350864e9562a2470b487b139)] -&gt; xpath: .//word], [[AndroidDriver: chrome on ANDROID (51a5b69d350864e9562a2470b487b139)] -&gt; xpath: .//word], [[AndroidDriver: chrome on ANDROID (51a5b69d350864e9562a2470b487b139)] -&gt; xpath: .//word], [[AndroidDriver: chrome on ANDROID (51a5b69d350864e9562a2470b487b139)] -&gt; xpath: .//word], [[AndroidDriver: chrome on ANDROID (51a5b69d350864e9562a2470b487b139)] -&gt; xpath: .//word], [[AndroidDriver: chrome on ANDROID (51a5b69d350864e9562a2470b487b139)] -&gt; xpath: .//word], [[AndroidDriver: chrome on ANDROID (51a5b69d350864e9562a2470b487b139)] -&gt; xpath: .//word], [[AndroidDriver: chrome on ANDROID (51a5b69d350864e9562a2470b487b139)] -&gt; xpath: .//word], [[AndroidDriver: chrome on ANDROID (51a5b69d350864e9562a2470b487b139)] -&gt; xpath: .//word], [[AndroidDriver: chrome on ANDROID (51a5b69d350864e9562a2470b487b139)] -&gt; xpath: .//word], [[AndroidDriver: chrome on ANDROID (51a5b69d350864e9562a2470b487b139)] -&gt; xpath: .//word], [[AndroidDriver: chrome on ANDROID (51a5b69d350864e9562a2470b487b139)] -&gt; xpath: .//word], [[AndroidDriver: chrome on ANDROID (51a5b69d350864e9562a2470b487b139)] -&gt; xpath: .//word], [[AndroidDriver: chrome on ANDROID (51a5b69d350864e9562a2470b487b139)] -&gt; xpath: .//word], [[AndroidDriver: chrome on ANDROID (51a5b69d350864e9562a2470b487b139)] -&gt; xpath: .//word], [[AndroidDriver: chrome on ANDROID (51a5b69d350864e9562a2470b487b139)] -&gt; xpath: .//word], [[AndroidDriver: chrome on ANDROID (51a5b69d350864e9562a2470b487b139)] -&gt; xpath: .//word], [[AndroidDriver: chrome on ANDROID (51a5b69d350864e9562a2470b487b139)] -&gt; xpath: .//word], [[AndroidDriver: chrome on ANDROID (51a5b69d350864e9562a2470b487b139)] -&gt; xpath: .//word], [[AndroidDriver: chrome on ANDROID (51a5b69d350864e9562a2470b487b139)] -&gt; xpath: .//word], [[AndroidDriver: chrome on ANDROID (51a5b69d350864e9562a2470b487b139)] -&gt; xpath: .//word], [[AndroidDriver: chrome on ANDROID (51a5b69d350864e9562a2470b487b139)] -&gt; xpath: .//word], [[AndroidDriver: chrome on ANDROID (51a5b69d350864e9562a2470b487b139)] -&gt; xpath: .//word], [[AndroidDriver: chrome on ANDROID (51a5b69d350864e9562a2470b487b139)] -&gt; xpath: .//word], [[AndroidDriver: chrome on ANDROID (51a5b69d350864e9562a2470b487b139)] -&gt; xpath: .//word], [[AndroidDriver: chrome on ANDROID (51a5b69d350864e9562a2470b487b139)] -&gt; xpath: .//word], [[AndroidDriver: chrome on ANDROID (51a5b69d350864e9562a2470b487b139)] -&gt; xpath: .//word], [[AndroidDriver: chrome on ANDROID (51a5b69d350864e9562a2470b487b139)] -&gt; xpath: .//word], [[AndroidDriver: chrome on ANDROID (51a5b69d350864e9562a2470b487b139)] -&gt; xpath: .//word], [[AndroidDriver: chrome on ANDROID (51a5b69d350864e9562a2470b487b139)] -&gt; xpath: .//word], [[AndroidDriver: chrome on ANDROID (51a5b69d350864e9562a2470b487b139)] -&gt; xpath: .//word], [[AndroidDriver: chrome on ANDROID (51a5b69d350864e9562a2470b487b139)] -&gt; xpath: .//word], [[AndroidDriver: chrome on ANDROID (51a5b69d350864e9562a2470b487b139)] -&gt; xpath: .//word], [[AndroidDriver: chrome on ANDROID (51a5b69d350864e9562a2470b487b139)] -&gt; xpath: .//word], [[AndroidDriver: chrome on ANDROID (51a5b69d350864e9562a2470b487b139)] -&gt; xpath: .//word], [[AndroidDriver: chrome on ANDROID (51a5b69d350864e9562a2470b487b139)] -&gt; xpath: .//word], [[AndroidDriver: chrome on ANDROID (51a5b69d350864e9562a2470b487b139)] -&gt; xpath: .//word], [[AndroidDriver: chrome on ANDROID (51a5b69d350864e9562a2470b487b139)] -&gt; xpath: .//word], [[AndroidDriver: chrome on ANDROID (51a5b69d350864e9562a2470b487b139)] -&gt; xpath: .//word], [[AndroidDriver: chrome on ANDROID (51a5b69d350864e9562a2470b487b139)] -&gt; xpath: .//word], [[AndroidDriver: chrome on ANDROID (51a5b69d350864e9562a2470b487b139)] -&gt; xpath: .//word], [[AndroidDriver: chrome on ANDROID (51a5b69d350864e9562a2470b487b139)] -&gt; xpath: .//word], [[AndroidDriver: chrome on ANDROID (51a5b69d350864e9562a2470b487b139)] -&gt; xpath: .//word], [[AndroidDriver: chrome on ANDROID (51a5b69d350864e9562a2470b487b139)] -&gt; xpath: .//word], [[AndroidDriver: chrome on ANDROID (51a5b69d350864e9562a2470b487b139)] -&gt; xpath: .//word], [[AndroidDriver: chrome on ANDROID (51a5b69d350864e9562a2470b487b139)] -&gt; xpath: .//word], [[AndroidDriver: chrome on ANDROID (51a5b69d350864e9562a2470b487b139)] -&gt; xpath: .//word], [[AndroidDriver: chrome on ANDROID (51a5b69d350864e9562a2470b487b139)] -&gt; xpath: .//word], [[AndroidDriver: chrome on ANDROID (51a5b69d350864e9562a2470b487b139)] -&gt; xpath: .//word], [[AndroidDriver: chrome on ANDROID (51a5b69d350864e9562a2470b487b139)] -&gt; xpath: .//word], [[AndroidDriver: chrome on ANDROID (51a5b69d350864e9562a2470b487b139)] -&gt; xpath: .//word], [[AndroidDriver: chrome on ANDROID (51a5b69d350864e9562a2470b487b139)] -&gt; xpath: .//word], [[AndroidDriver: chrome on ANDROID (51a5b69d350864e9562a2470b487b139)] -&gt; xpath: .//word], [[AndroidDriver: chrome on ANDROID (51a5b69d350864e9562a2470b487b139)] -&gt; xpath: .//word], [[AndroidDriver: chrome on ANDROID (51a5b69d350864e9562a2470b487b139)] -&gt; xpath: .//word], [[AndroidDriver: chrome on ANDROID (51a5b69d350864e9562a2470b487b139)] -&gt; xpath: .//word], [[AndroidDriver: chrome on ANDROID (51a5b69d350864e9562a2470b487b139)] -&gt; xpath: .//word], [[AndroidDriver: chrome on ANDROID (51a5b69d350864e9562a2470b487b139)] -&gt; xpath: .//word], [[AndroidDriver: chrome on ANDROID (51a5b69d350864e9562a2470b487b139)] -&gt; xpath: .//word], [[AndroidDriver: chrome on ANDROID (51a5b69d350864e9562a2470b487b139)] -&gt; xpath: .//word], [[AndroidDriver: chrome on ANDROID (51a5b69d350864e9562a2470b487b139)] -&gt; xpath: .//word], [[AndroidDriver: chrome on ANDROID (51a5b69d350864e9562a2470b487b139)] -&gt; xpath: .//word], [[AndroidDriver: chrome on ANDROID (51a5b69d350864e9562a2470b487b139)] -&gt; xpath: .//word], [[AndroidDriver: chrome on ANDROID (51a5b69d350864e9562a2470b487b139)] -&gt; xpath: .//word], [[AndroidDriver: chrome on ANDROID (51a5b69d350864e9562a2470b487b139)] -&gt; xpath: .//word], [[AndroidDriver: chrome on ANDROID (51a5b69d350864e9562a2470b487b139)] -&gt; xpath: .//word], [[AndroidDriver: chrome on ANDROID (51a5b69d350864e9562a2470b487b139)] -&gt; xpath: .//word], [[AndroidDriver: chrome on ANDROID (51a5b69d350864e9562a2470b487b139)] -&gt; xpath: .//word], [[AndroidDriver: chrome on ANDROID (51a5b69d350864e9562a2470b487b139)] -&gt; xpath: .//word], [[AndroidDriver: chrome on ANDROID (51a5b69d350864e9562a2470b487b139)] -&gt; xpath: .//word], [[AndroidDriver: chrome on ANDROID (51a5b69d350864e9562a2470b487b139)] -&gt; xpath: .//word], [[AndroidDriver: chrome on ANDROID (51a5b69d350864e9562a2470b487b139)] -&gt; xpath: .//word], [[AndroidDriver: chrome on ANDROID (51a5b69d350864e9562a2470b487b139)] -&gt; xpath: .//word], [[AndroidDriver: chrome on ANDROID (51a5b69d350864e9562a2470b487b139)] -&gt; xpath: .//word], [[AndroidDriver: chrome on ANDROID (51a5b69d350864e9562a2470b487b139)] -&gt; xpath: .//word], [[AndroidDriver: chrome on ANDROID (51a5b69d350864e9562a2470b487b139)] -&gt; xpath: .//word], [[AndroidDriver: chrome on ANDROID (51a5b69d350864e9562a2470b487b139)] -&gt; xpath: .//word], [[AndroidDriver: chrome on ANDROID (51a5b69d350864e9562a2470b487b139)] -&gt; xpath: .//word], [[AndroidDriver: chrome on ANDROID (51a5b69d350864e9562a2470b487b139)] -&gt; xpath: .//word], [[AndroidDriver: chrome on ANDROID (51a5b69d350864e9562a2470b487b139)] -&gt; xpath: .//word], [[AndroidDriver: chrome on ANDROID (51a5b69d350864e9562a2470b487b139)] -&gt; xpath: .//word], [[AndroidDriver: chrome on ANDROID (51a5b69d350864e9562a2470b487b139)] -&gt; xpath: .//word], [[AndroidDriver: chrome on ANDROID (51a5b69d350864e9562a2470b487b139)] -&gt; xpath: .//word], [[AndroidDriver: chrome on ANDROID (51a5b69d350864e9562a2470b487b139)] -&gt; xpath: .//word], [[AndroidDriver: chrome on ANDROID (51a5b69d350864e9562a2470b487b139)] -&gt; xpath: .//word], [[AndroidDriver: chrome on ANDROID (51a5b69d350864e9562a2470b487b139)] -&gt; xpath: .//word], [[AndroidDriver: chrome on ANDROID (51a5b69d350864e9562a2470b487b139)] -&gt; xpath: .//word], [[AndroidDriver: chrome on ANDROID (51a5b69d350864e9562a2470b487b139)] -&gt; xpath: .//word], [[AndroidDriver: chrome on ANDROID (51a5b69d350864e9562a2470b487b139)] -&gt; xpath: .//word], [[AndroidDriver: chrome on ANDROID (51a5b69d350864e9562a2470b487b139)] -&gt; xpath: .//word], [[AndroidDriver: chrome on ANDROID (51a5b69d350864e9562a2470b487b139)] -&gt; xpath: .//word], [[AndroidDriver: chrome on ANDROID (51a5b69d350864e9562a2470b487b139)] -&gt; xpath: .//word], [[AndroidDriver: chrome on ANDROID (51a5b69d350864e9562a2470b487b139)] -&gt; xpath: .//word], [[AndroidDriver: chrome on ANDROID (51a5b69d350864e9562a2470b487b139)] -&gt; xpath: .//word], [[AndroidDriver: chrome on ANDROID (51a5b69d350864e9562a2470b487b139)] -&gt; xpath: .//word], [[AndroidDriver: chrome on ANDROID (51a5b69d350864e9562a2470b487b139)] -&gt; xpath: .//word], [[AndroidDriver: chrome on ANDROID (51a5b69d350864e9562a2470b487b139)] -&gt; xpath: .//word], [[AndroidDriver: chrome on ANDROID (51a5b69d350864e9562a2470b487b139)] -&gt; xpath: .//word], [[AndroidDriver: chrome on ANDROID (51a5b69d350864e9562a2470b487b139)] -&gt; xpath: .//word], [[AndroidDriver: chrome on ANDROID (51a5b69d350864e9562a2470b487b139)] -&gt; xpath: .//word], [[AndroidDriver: chrome on ANDROID (51a5b69d350864e9562a2470b487b139)] -&gt; xpath: .//word], [[AndroidDriver: chrome on ANDROID (51a5b69d350864e9562a2470b487b139)] -&gt; xpath: .//word], [[AndroidDriver: chrome on ANDROID (51a5b69d350864e9562a2470b487b139)] -&gt; xpath: .//word], [[AndroidDriver: chrome on ANDROID (51a5b69d350864e9562a2470b487b139)] -&gt; xpath: .//word], [[AndroidDriver: chrome on ANDROID (51a5b69d350864e9562a2470b487b139)] -&gt; xpath: .//word], [[AndroidDriver: chrome on ANDROID (51a5b69d350864e9562a2470b487b139)] -&gt; xpath: .//word], [[AndroidDriver: chrome on ANDROID (51a5b69d350864e9562a2470b487b139)] -&gt; xpath: .//word], [[AndroidDriver: chrome on ANDROID (51a5b69d350864e9562a2470b487b139)] -&gt; xpath: .//word], [[AndroidDriver: chrome on ANDROID (51a5b69d350864e9562a2470b487b139)] -&gt; xpath: .//word], [[AndroidDriver: chrome on ANDROID (51a5b69d350864e9562a2470b487b139)] -&gt; xpath: .//word], [[AndroidDriver: chrome on ANDROID (51a5b69d350864e9562a2470b487b139)] -&gt; xpath: .//word], [[AndroidDriver: chrome on ANDROID (51a5b69d350864e9562a2470b487b139)] -&gt; xpath: .//word], [[AndroidDriver: chrome on ANDROID (51a5b69d350864e9562a2470b487b139)] -&gt; xpath: .//word], [[AndroidDriver: chrome on ANDROID (51a5b69d350864e9562a2470b487b139)] -&gt; xpath: .//word], [[AndroidDriver: chrome on ANDROID (51a5b69d350864e9562a2470b487b139)] -&gt; xpath: .//word], [[AndroidDriver: chrome on ANDROID (51a5b69d350864e9562a2470b487b139)] -&gt; xpath: .//word], [[AndroidDriver: chrome on ANDROID (51a5b69d350864e9562a2470b487b139)] -&gt; xpath: .//word], [[AndroidDriver: chrome on ANDROID (51a5b69d350864e9562a2470b487b139)] -&gt; xpath: .//word], [[AndroidDriver: chrome on ANDROID (51a5b69d350864e9562a2470b487b139)] -&gt; xpath: .//word], [[AndroidDriver: chrome on ANDROID (51a5b69d350864e9562a2470b487b139)] -&gt; xpath: .//word], [[AndroidDriver: chrome on ANDROID (51a5b69d350864e9562a2470b487b139)] -&gt; xpath: .//word], [[AndroidDriver: chrome on ANDROID (51a5b69d350864e9562a2470b487b139)] -&gt; xpath: .//word], [[AndroidDriver: chrome on ANDROID (51a5b69d350864e9562a2470b487b139)] -&gt; xpath: .//word], [[AndroidDriver: chrome on ANDROID (51a5b69d350864e9562a2470b487b139)] -&gt; xpath: .//word], [[AndroidDriver: chrome on ANDROID (51a5b69d350864e9562a2470b487b139)] -&gt; xpath: .//word], [[AndroidDriver: chrome on ANDROID (51a5b69d350864e9562a2470b487b139)] -&gt; xpath: .//word], [[AndroidDriver: chrome on ANDROID (51a5b69d350864e9562a2470b487b139)] -&gt; xpath: .//word], [[AndroidDriver: chrome on ANDROID (51a5b69d350864e9562a2470b487b139)] -&gt; xpath: .//word], [[AndroidDriver: chrome on ANDROID (51a5b69d350864e9562a2470b487b139)] -&gt; xpath: .//word], [[AndroidDriver: chrome on ANDROID (51a5b69d350864e9562a2470b487b139)] -&gt; xpath: .//word], [[AndroidDriver: chrome on ANDROID (51a5b69d350864e9562a2470b487b139)] -&gt; xpath: .//word], [[AndroidDriver: chrome on ANDROID (51a5b69d350864e9562a2470b487b139)] -&gt; xpath: .//word], [[AndroidDriver: chrome on ANDROID (51a5b69d350864e9562a2470b487b139)] -&gt; xpath: .//word], [[AndroidDriver: chrome on ANDROID (51a5b69d350864e9562a2470b487b139)] -&gt; xpath: .//word], [[AndroidDriver: chrome on ANDROID (51a5b69d350864e9562a2470b487b139)] -&gt; xpath: .//word], [[AndroidDriver: chrome on ANDROID (51a5b69d350864e9562a2470b487b139)] -&gt; xpath: .//word], [[AndroidDriver: chrome on ANDROID (51a5b69d350864e9562a2470b487b139)] -&gt; xpath: .//word], [[AndroidDriver: chrome on ANDROID (51a5b69d350864e9562a2470b487b139)] -&gt; xpath: .//word], [[AndroidDriver: chrome on ANDROID (51a5b69d350864e9562a2470b487b139)] -&gt; xpath: .//word], [[AndroidDriver: chrome on ANDROID (51a5b69d350864e9562a2470b487b139)] -&gt; xpath: .//word], [[AndroidDriver: chrome on ANDROID (51a5b69d350864e9562a2470b487b139)] -&gt; xpath: .//word], [[AndroidDriver: chrome on ANDROID (51a5b69d350864e9562a2470b487b139)] -&gt; xpath: .//word], [[AndroidDriver: chrome on ANDROID (51a5b69d350864e9562a2470b487b139)] -&gt; xpath: .//word], [[AndroidDriver: chrome on ANDROID (51a5b69d350864e9562a2470b487b139)] -&gt; xpath: .//word], [[AndroidDriver: chrome on ANDROID (51a5b69d350864e9562a2470b487b139)] -&gt; xpath: .//word], [[AndroidDriver: chrome on ANDROID (51a5b69d350864e9562a2470b487b139)] -&gt; xpath: .//word], [[AndroidDriver: chrome on ANDROID (51a5b69d350864e9562a2470b487b139)] -&gt; xpath: .//word], [[AndroidDriver: chrome on ANDROID (51a5b69d350864e9562a2470b487b139)] -&gt; xpath: .//word], [[AndroidDriver: chrome on ANDROID (51a5b69d350864e9562a2470b487b139)] -&gt; xpath: .//word], [[AndroidDriver: chrome on ANDROID (51a5b69d350864e9562a2470b487b139)] -&gt; xpath: .//word], [[AndroidDriver: chrome on ANDROID (51a5b69d350864e9562a2470b487b139)] -&gt; xpath: .//word], [[AndroidDriver: chrome on ANDROID (51a5b69d350864e9562a2470b487b139)] -&gt; xpath: .//word], [[AndroidDriver: chrome on ANDROID (51a5b69d350864e9562a2470b487b139)] -&gt; xpath: .//word], [[AndroidDriver: chrome on ANDROID (51a5b69d350864e9562a2470b487b139)] -&gt; xpath: .//word], [[AndroidDriver: chrome on ANDROID (51a5b69d350864e9562a2470b487b139)] -&gt; xpath: .//word], [[AndroidDriver: chrome on ANDROID (51a5b69d350864e9562a2470b487b139)] -&gt; xpath: .//word], [[AndroidDriver: chrome on ANDROID (51a5b69d350864e9562a2470b487b139)] -&gt; xpath: .//word], [[AndroidDriver: chrome on ANDROID (51a5b69d350864e9562a2470b487b139)] -&gt; xpath: .//word], [[AndroidDriver: chrome on ANDROID (51a5b69d350864e9562a2470b487b139)] -&gt; xpath: .//word], [[AndroidDriver: chrome on ANDROID (51a5b69d350864e9562a2470b487b139)] -&gt; xpath: .//word], [[AndroidDriver: chrome on ANDROID (51a5b69d350864e9562a2470b487b139)] -&gt; xpath: .//word], [[AndroidDriver: chrome on ANDROID (51a5b69d350864e9562a2470b487b139)] -&gt; xpath: .//word], [[AndroidDriver: chrome on ANDROID (51a5b69d350864e9562a2470b487b139)] -&gt; xpath: .//word], [[AndroidDriver: chrome on ANDROID (51a5b69d350864e9562a2470b487b139)] -&gt; xpath: .//word], [[AndroidDriver: chrome on ANDROID (51a5b69d350864e9562a2470b487b139)] -&gt; xpath: .//word], [[AndroidDriver: chrome on ANDROID (51a5b69d350864e9562a2470b487b139)] -&gt; xpath: .//word], [[AndroidDriver: chrome on ANDROID (51a5b69d350864e9562a2470b487b139)] -&gt; xpath: .//word], [[AndroidDriver: chrome on ANDROID (51a5b69d350864e9562a2470b487b139)] -&gt; xpath: .//word], [[AndroidDriver: chrome on ANDROID (51a5b69d350864e9562a2470b487b139)] -&gt; xpath: .//word], [[AndroidDriver: chrome on ANDROID (51a5b69d350864e9562a2470b487b139)] -&gt; xpath: .//word], [[AndroidDriver: chrome on ANDROID (51a5b69d350864e9562a2470b487b139)] -&gt; xpath: .//word], [[AndroidDriver: chrome on ANDROID (51a5b69d350864e9562a2470b487b139)] -&gt; xpath: .//word], [[AndroidDriver: chrome on ANDROID (51a5b69d350864e9562a2470b487b139)] -&gt; xpath: .//word], [[AndroidDriver: chrome on ANDROID (51a5b69d350864e9562a2470b487b139)] -&gt; xpath: .//word], [[AndroidDriver: chrome on ANDROID (51a5b69d350864e9562a2470b487b139)] -&gt; xpath: .//word], [[AndroidDriver: chrome on ANDROID (51a5b69d350864e9562a2470b487b139)] -&gt; xpath: .//word], [[AndroidDriver: chrome on ANDROID (51a5b69d350864e9562a2470b487b139)] -&gt; xpath: .//word], [[AndroidDriver: chrome on ANDROID (51a5b69d350864e9562a2470b487b139)] -&gt; xpath: .//word], [[AndroidDriver: chrome on ANDROID (51a5b69d350864e9562a2470b487b139)] -&gt; xpath: .//word], [[AndroidDriver: chrome on ANDROID (51a5b69d350864e9562a2470b487b139)] -&gt; xpath: .//word], [[AndroidDriver: chrome on ANDROID (51a5b69d350864e9562a2470b487b139)] -&gt; xpath: .//word], [[AndroidDriver: chrome on ANDROID (51a5b69d350864e9562a2470b487b139)] -&gt; xpath: .//word], [[AndroidDriver: chrome on ANDROID (51a5b69d350864e9562a2470b487b139)] -&gt; xpath: .//word], [[AndroidDriver: chrome on ANDROID (51a5b69d350864e9562a2470b487b139)] -&gt; xpath: .//word], [[AndroidDriver: chrome on ANDROID (51a5b69d350864e9562a2470b487b139)] -&gt; xpath: .//word], [[AndroidDriver: chrome on ANDROID (51a5b69d350864e9562a2470b487b139)] -&gt; xpath: .//word], [[AndroidDriver: chrome on ANDROID (51a5b69d350864e9562a2470b487b139)] -&gt; xpath: .//word], [[AndroidDriver: chrome on ANDROID (51a5b69d350864e9562a2470b487b139)] -&gt; xpath: .//word], [[AndroidDriver: chrome on ANDROID (51a5b69d350864e9562a2470b487b139)] -&gt; xpath: .//word], [[AndroidDriver: chrome on ANDROID (51a5b69d350864e9562a2470b487b139)] -&gt; xpath: .//word], [[AndroidDriver: chrome on ANDROID (51a5b69d350864e9562a2470b487b139)] -&gt; xpath: .//word], [[AndroidDriver: chrome on ANDROID (51a5b69d350864e9562a2470b487b139)] -&gt; xpath: .//word], [[AndroidDriver: chrome on ANDROID (51a5b69d350864e9562a2470b487b139)] -&gt; xpath: .//word], [[AndroidDriver: chrome on ANDROID (51a5b69d350864e9562a2470b487b139)] -&gt; xpath: .//word], [[AndroidDriver: chrome on ANDROID (51a5b69d350864e9562a2470b487b139)] -&gt; xpath: .//word], [[AndroidDriver: chrome on ANDROID (51a5b69d350864e9562a2470b487b139)] -&gt; xpath: .//word], [[AndroidDriver: chrome on ANDROID (51a5b69d350864e9562a2470b487b139)] -&gt; xpath: .//word], [[AndroidDriver: chrome on ANDROID (51a5b69d350864e9562a2470b487b139)] -&gt; xpath: .//word], [[AndroidDriver: chrome on ANDROID (51a5b69d350864e9562a2470b487b139)] -&gt; xpath: .//word], [[AndroidDriver: chrome on ANDROID (51a5b69d350864e9562a2470b487b139)] -&gt; xpath: .//word], [[AndroidDriver: chrome on ANDROID (51a5b69d350864e9562a2470b487b139)] -&gt; xpath: .//word], [[AndroidDriver: chrome on ANDROID (51a5b69d350864e9562a2470b487b139)] -&gt; xpath: .//word], [[AndroidDriver: chrome on ANDROID (51a5b69d350864e9562a2470b487b139)] -&gt; xpath: .//word], [[AndroidDriver: chrome on ANDROID (51a5b69d350864e9562a2470b487b139)] -&gt; xpath: .//word], [[AndroidDriver: chrome on ANDROID (51a5b69d350864e9562a2470b487b139)] -&gt; xpath: .//word], [[AndroidDriver: chrome on ANDROID (51a5b69d350864e9562a2470b487b139)] -&gt; xpath: .//word], [[AndroidDriver: chrome on ANDROID (51a5b69d350864e9562a2470b487b139)] -&gt; xpath: .//word], [[AndroidDriver: chrome on ANDROID (51a5b69d350864e9562a2470b487b139)] -&gt; xpath: .//word], [[AndroidDriver: chrome on ANDROID (51a5b69d350864e9562a2470b487b139)] -&gt; xpath: .//word], [[AndroidDriver: chrome on ANDROID (51a5b69d350864e9562a2470b487b139)] -&gt; xpath: .//word], [[AndroidDriver: chrome on ANDROID (51a5b69d350864e9562a2470b487b139)] -&gt; xpath: .//word], [[AndroidDriver: chrome on ANDROID (51a5b69d350864e9562a2470b487b139)] -&gt; xpath: .//word], [[AndroidDriver: chrome on ANDROID (51a5b69d350864e9562a2470b487b139)] -&gt; xpath: .//word], [[AndroidDriver: chrome on ANDROID (51a5b69d350864e9562a2470b487b139)] -&gt; xpath: .//word], [[AndroidDriver: chrome on ANDROID (51a5b69d350864e9562a2470b487b139)] -&gt; xpath: .//word], [[AndroidDriver: chrome on ANDROID (51a5b69d350864e9562a2470b487b139)] -&gt; xpath: .//word], [[AndroidDriver: chrome on ANDROID (51a5b69d350864e9562a2470b487b139)] -&gt; xpath: .//word], [[AndroidDriver: chrome on ANDROID (51a5b69d350864e9562a2470b487b139)] -&gt; xpath: .//word], [[AndroidDriver: chrome on ANDROID (51a5b69d350864e9562a2470b487b139)] -&gt; xpath: .//word], [[AndroidDriver: chrome on ANDROID (51a5b69d350864e9562a2470b487b139)] -&gt; xpath: .//word], [[AndroidDriver: chrome on ANDROID (51a5b69d350864e9562a2470b487b139)] -&gt; xpath: .//word], [[AndroidDriver: chrome on ANDROID (51a5b69d350864e9562a2470b487b139)] -&gt; xpath: .//word], [[AndroidDriver: chrome on ANDROID (51a5b69d350864e9562a2470b487b139)] -&gt; xpath: .//word], [[AndroidDriver: chrome on ANDROID (51a5b69d350864e9562a2470b487b139)] -&gt; xpath: .//word], [[AndroidDriver: chrome on ANDROID (51a5b69d350864e9562a2470b487b139)] -&gt; xpath: .//word], [[AndroidDriver: chrome on ANDROID (51a5b69d350864e9562a2470b487b139)] -&gt; xpath: .//word], [[AndroidDriver: chrome on ANDROID (51a5b69d350864e9562a2470b487b139)] -&gt; xpath: .//word], [[AndroidDriver: chrome on ANDROID (51a5b69d350864e9562a2470b487b139)] -&gt; xpath: .//word], [[AndroidDriver: chrome on ANDROID (51a5b69d350864e9562a2470b487b139)] -&gt; xpath: .//word], [[AndroidDriver: chrome on ANDROID (51a5b69d350864e9562a2470b487b139)] -&gt; xpath: .//word], [[AndroidDriver: chrome on ANDROID (51a5b69d350864e9562a2470b487b139)] -&gt; xpath: .//word], [[AndroidDriver: chrome on ANDROID (51a5b69d350864e9562a2470b487b139)] -&gt; xpath: .//word], [[AndroidDriver: chrome on ANDROID (51a5b69d350864e9562a2470b487b139)] -&gt; xpath: .//word], [[AndroidDriver: chrome on ANDROID (51a5b69d350864e9562a2470b487b139)] -&gt; xpath: .//word], [[AndroidDriver: chrome on ANDROID (51a5b69d350864e9562a2470b487b139)] -&gt; xpath: .//word], [[AndroidDriver: chrome on ANDROID (51a5b69d350864e9562a2470b487b139)] -&gt; xpath: .//word], [[AndroidDriver: chrome on ANDROID (51a5b69d350864e9562a2470b487b139)] -&gt; xpath: .//word], [[AndroidDriver: chrome on ANDROID (51a5b69d350864e9562a2470b487b139)] -&gt; xpath: .//word], [[AndroidDriver: chrome on ANDROID (51a5b69d350864e9562a2470b487b139)] -&gt; xpath: .//word], [[AndroidDriver: chrome on ANDROID (51a5b69d350864e9562a2470b487b139)] -&gt; xpath: .//word], [[AndroidDriver: chrome on ANDROID (51a5b69d350864e9562a2470b487b139)] -&gt; xpath: .//word], [[AndroidDriver: chrome on ANDROID (51a5b69d350864e9562a2470b487b139)] -&gt; xpath: .//word], [[AndroidDriver: chrome on ANDROID (51a5b69d350864e9562a2470b487b139)] -&gt; xpath: .//word], [[AndroidDriver: chrome on ANDROID (51a5b69d350864e9562a2470b487b139)] -&gt; xpath: .//word], [[AndroidDriver: chrome on ANDROID (51a5b69d350864e9562a2470b487b139)] -&gt; xpath: .//word], [[AndroidDriver: chrome on ANDROID (51a5b69d350864e9562a2470b487b139)] -&gt; xpath: .//word], [[AndroidDriver: chrome on ANDROID (51a5b69d350864e9562a2470b487b139)] -&gt; xpath: .//word], [[AndroidDriver: chrome on ANDROID (51a5b69d350864e9562a2470b487b139)] -&gt; xpath: .//word], [[AndroidDriver: chrome on ANDROID (51a5b69d350864e9562a2470b487b139)] -&gt; xpath: .//word], [[AndroidDriver: chrome on ANDROID (51a5b69d350864e9562a2470b487b139)] -&gt; xpath: .//word], [[AndroidDriver: chrome on ANDROID (51a5b69d350864e9562a2470b487b139)] -&gt; xpath: .//word], [[AndroidDriver: chrome on ANDROID (51a5b69d350864e9562a2470b487b139)] -&gt; xpath: .//word], [[AndroidDriver: chrome on ANDROID (51a5b69d350864e9562a2470b487b139)] -&gt; xpath: .//word], [[AndroidDriver: chrome on ANDROID (51a5b69d350864e9562a2470b487b139)] -&gt; xpath: .//word], [[AndroidDriver: chrome on ANDROID (51a5b69d350864e9562a2470b487b139)] -&gt; xpath: .//word], [[AndroidDriver: chrome on ANDROID (51a5b69d350864e9562a2470b487b139)] -&gt; xpath: .//word], [[AndroidDriver: chrome on ANDROID (51a5b69d350864e9562a2470b487b139)] -&gt; xpath: .//word], [[AndroidDriver: chrome on ANDROID (51a5b69d350864e9562a2470b487b139)] -&gt; xpath: .//word], [[AndroidDriver: chrome on ANDROID (51a5b69d350864e9562a2470b487b139)] -&gt; xpath: .//word], [[AndroidDriver: chrome on ANDROID (51a5b69d350864e9562a2470b487b139)] -&gt; xpath: .//word], [[AndroidDriver: chrome on ANDROID (51a5b69d350864e9562a2470b487b139)] -&gt; xpath: .//word], [[AndroidDriver: chrome on ANDROID (51a5b69d350864e9562a2470b487b139)] -&gt; xpath: .//word], [[AndroidDriver: chrome on ANDROID (51a5b69d350864e9562a2470b487b139)] -&gt; xpath: .//word], [[AndroidDriver: chrome on ANDROID (51a5b69d350864e9562a2470b487b139)] -&gt; xpath: .//word], [[AndroidDriver: chrome on ANDROID (51a5b69d350864e9562a2470b487b139)] -&gt; xpath: .//word], [[AndroidDriver: chrome on ANDROID (51a5b69d350864e9562a2470b487b139)] -&gt; xpath: .//word], [[AndroidDriver: chrome on ANDROID (51a5b69d350864e9562a2470b487b139)] -&gt; xpath: .//word], [[AndroidDriver: chrome on ANDROID (51a5b69d350864e9562a2470b487b139)] -&gt; xpath: .//word], [[AndroidDriver: chrome on ANDROID (51a5b69d350864e9562a2470b487b139)] -&gt; xpath: .//word], [[AndroidDriver: chrome on ANDROID (51a5b69d350864e9562a2470b487b139)] -&gt; xpath: .//word], [[AndroidDriver: chrome on ANDROID (51a5b69d350864e9562a2470b487b139)] -&gt; xpath: .//word], [[AndroidDriver: chrome on ANDROID (51a5b69d350864e9562a2470b487b139)] -&gt; xpath: .//word], [[AndroidDriver: chrome on ANDROID (51a5b69d350864e9562a2470b487b139)] -&gt; xpath: .//word], [[AndroidDriver: chrome on ANDROID (51a5b69d350864e9562a2470b487b139)] -&gt; xpath: .//word], [[AndroidDriver: chrome on ANDROID (51a5b69d350864e9562a2470b487b139)] -&gt; xpath: .//word], [[AndroidDriver: chrome on ANDROID (51a5b69d350864e9562a2470b487b139)] -&gt; xpath: .//word], [[AndroidDriver: chrome on ANDROID (51a5b69d350864e9562a2470b487b139)] -&gt; xpath: .//word], [[AndroidDriver: chrome on ANDROID (51a5b69d350864e9562a2470b487b139)] -&gt; xpath: .//word], [[AndroidDriver: chrome on ANDROID (51a5b69d350864e9562a2470b487b139)] -&gt; xpath: .//word], [[AndroidDriver: chrome on ANDROID (51a5b69d350864e9562a2470b487b139)] -&gt; xpath: .//word], [[AndroidDriver: chrome on ANDROID (51a5b69d350864e9562a2470b487b139)] -&gt; xpath: .//word], [[AndroidDriver: chrome on ANDROID (51a5b69d350864e9562a2470b487b139)] -&gt; xpath: .//word], [[AndroidDriver: chrome on ANDROID (51a5b69d350864e9562a2470b487b139)] -&gt; xpath: .//word], [[AndroidDriver: chrome on ANDROID (51a5b69d350864e9562a2470b487b139)] -&gt; xpath: .//word], [[AndroidDriver: chrome on ANDROID (51a5b69d350864e9562a2470b487b139)] -&gt; xpath: .//word], [[AndroidDriver: chrome on ANDROID (51a5b69d350864e9562a2470b487b139)] -&gt; xpath: .//word], [[AndroidDriver: chrome on ANDROID (51a5b69d350864e9562a2470b487b139)] -&gt; xpath: .//word], [[AndroidDriver: chrome on ANDROID (51a5b69d350864e9562a2470b487b139)] -&gt; xpath: .//word], [[AndroidDriver: chrome on ANDROID (51a5b69d350864e9562a2470b487b139)] -&gt; xpath: .//word], [[AndroidDriver: chrome on ANDROID (51a5b69d350864e9562a2470b487b139)] -&gt; xpath: .//word], [[AndroidDriver: chrome on ANDROID (51a5b69d350864e9562a2470b487b139)] -&gt; xpath: .//word], [[AndroidDriver: chrome on ANDROID (51a5b69d350864e9562a2470b487b139)] -&gt; xpath: .//word], [[AndroidDriver: chrome on ANDROID (51a5b69d350864e9562a2470b487b139)] -&gt; xpath: .//word], [[AndroidDriver: chrome on ANDROID (51a5b69d350864e9562a2470b487b139)] -&gt; xpath: .//word], [[AndroidDriver: chrome on ANDROID (51a5b69d350864e9562a2470b487b139)] -&gt; xpath: .//word], [[AndroidDriver: chrome on ANDROID (51a5b69d350864e9562a2470b487b139)] -&gt; xpath: .//word], [[AndroidDriver: chrome on ANDROID (51a5b69d350864e9562a2470b487b139)] -&gt; xpath: .//word], [[AndroidDriver: chrome on ANDROID (51a5b69d350864e9562a2470b487b139)] -&gt; xpath: .//word], [[AndroidDriver: chrome on ANDROID (51a5b69d350864e9562a2470b487b139)] -&gt; xpath: .//word], [[AndroidDriver: chrome on ANDROID (51a5b69d350864e9562a2470b487b139)] -&gt; xpath: .//word], [[AndroidDriver: chrome on ANDROID (51a5b69d350864e9562a2470b487b139)] -&gt; xpath: .//word], [[AndroidDriver: chrome on ANDROID (51a5b69d350864e9562a2470b487b139)] -&gt; xpath: .//word], [[AndroidDriver: chrome on ANDROID (51a5b69d350864e9562a2470b487b139)] -&gt; xpath: .//word], [[AndroidDriver: chrome on ANDROID (51a5b69d350864e9562a2470b487b139)] -&gt; xpath: .//word], [[AndroidDriver: chrome on ANDROID (51a5b69d350864e9562a2470b487b139)] -&gt; xpath: .//word], [[AndroidDriver: chrome on ANDROID (51a5b69d350864e9562a2470b487b139)] -&gt; xpath: .//word], [[AndroidDriver: chrome on ANDROID (51a5b69d350864e9562a2470b487b139)] -&gt; xpath: .//word], [[AndroidDriver: chrome on ANDROID (51a5b69d350864e9562a2470b487b139)] -&gt; xpath: .//word], [[AndroidDriver: chrome on ANDROID (51a5b69d350864e9562a2470b487b139)] -&gt; xpath: .//word], [[AndroidDriver: chrome on ANDROID (51a5b69d350864e9562a2470b487b139)] -&gt; xpath: .//word], [[AndroidDriver: chrome on ANDROID (51a5b69d350864e9562a2470b487b139)] -&gt; xpath: .//word], [[AndroidDriver: chrome on ANDROID (51a5b69d350864e9562a2470b487b139)] -&gt; xpath: .//word], [[AndroidDriver: chrome on ANDROID (51a5b69d350864e9562a2470b487b139)] -&gt; xpath: .//word], [[AndroidDriver: chrome on ANDROID (51a5b69d350864e9562a2470b487b139)] -&gt; xpath: .//word], [[AndroidDriver: chrome on ANDROID (51a5b69d350864e9562a2470b487b139)] -&gt; xpath: .//word], [[AndroidDriver: chrome on ANDROID (51a5b69d350864e9562a2470b487b139)] -&gt; xpath: .//word], [[AndroidDriver: chrome on ANDROID (51a5b69d350864e9562a2470b487b139)] -&gt; xpath: .//word], [[AndroidDriver: chrome on ANDROID (51a5b69d350864e9562a2470b487b139)] -&gt; xpath: .//word], [[AndroidDriver: chrome on ANDROID (51a5b69d350864e9562a2470b487b139)] -&gt; xpath: .//word], [[AndroidDriver: chrome on ANDROID (51a5b69d350864e9562a2470b487b139)] -&gt; xpath: .//word], [[AndroidDriver: chrome on ANDROID (51a5b69d350864e9562a2470b487b139)] -&gt; xpath: .//word], [[AndroidDriver: chrome on ANDROID (51a5b69d350864e9562a2470b487b139)] -&gt; xpath: .//word], [[AndroidDriver: chrome on ANDROID (51a5b69d350864e9562a2470b487b139)] -&gt; xpath: .//word], [[AndroidDriver: chrome on ANDROID (51a5b69d350864e9562a2470b487b139)] -&gt; xpath: .//word], [[AndroidDriver: chrome on ANDROID (51a5b69d350864e9562a2470b487b139)] -&gt; xpath: .//word], [[AndroidDriver: chrome on ANDROID (51a5b69d350864e9562a2470b487b139)] -&gt; xpath: .//word], [[AndroidDriver: chrome on ANDROID (51a5b69d350864e9562a2470b487b139)] -&gt; xpath: .//word], [[AndroidDriver: chrome on ANDROID (51a5b69d350864e9562a2470b487b139)] -&gt; xpath: .//word], [[AndroidDriver: chrome on ANDROID (51a5b69d350864e9562a2470b487b139)] -&gt; xpath: .//word], [[AndroidDriver: chrome on ANDROID (51a5b69d350864e9562a2470b487b139)] -&gt; xpath: .//word], [[AndroidDriver: chrome on ANDROID (51a5b69d350864e9562a2470b487b139)] -&gt; xpath: .//word], [[AndroidDriver: chrome on ANDROID (51a5b69d350864e9562a2470b487b139)] -&gt; xpath: .//word], [[AndroidDriver: chrome on ANDROID (51a5b69d350864e9562a2470b487b139)] -&gt; xpath: .//word], [[AndroidDriver: chrome on ANDROID (51a5b69d350864e9562a2470b487b139)] -&gt; xpath: .//word], [[AndroidDriver: chrome on ANDROID (51a5b69d350864e9562a2470b487b139)] -&gt; xpath: .//word], [[AndroidDriver: chrome on ANDROID (51a5b69d350864e9562a2470b487b139)] -&gt; xpath: .//word], [[AndroidDriver: chrome on ANDROID (51a5b69d350864e9562a2470b487b139)] -&gt; xpath: .//word], [[AndroidDriver: chrome on ANDROID (51a5b69d350864e9562a2470b487b139)] -&gt; xpath: .//word], [[AndroidDriver: chrome on ANDROID (51a5b69d350864e9562a2470b487b139)] -&gt; xpath: .//word], [[AndroidDriver: chrome on ANDROID (51a5b69d350864e9562a2470b487b139)] -&gt; xpath: .//word], [[AndroidDriver: chrome on ANDROID (51a5b69d350864e9562a2470b487b139)] -&gt; xpath: .//word], [[AndroidDriver: chrome on ANDROID (51a5b69d350864e9562a2470b487b139)] -&gt; xpath: .//word], [[AndroidDriver: chrome on ANDROID (51a5b69d350864e9562a2470b487b139)] -&gt; xpath: .//word], [[AndroidDriver: chrome on ANDROID (51a5b69d350864e9562a2470b487b139)] -&gt; xpath: .//word], [[AndroidDriver: chrome on ANDROID (51a5b69d350864e9562a2470b487b139)] -&gt; xpath: .//word], [[AndroidDriver: chrome on ANDROID (51a5b69d350864e9562a2470b487b139)] -&gt; xpath: .//word], [[AndroidDriver: chrome on ANDROID (51a5b69d350864e9562a2470b487b139)] -&gt; xpath: .//word], [[AndroidDriver: chrome on ANDROID (51a5b69d350864e9562a2470b487b139)] -&gt; xpath: .//word], [[AndroidDriver: chrome on ANDROID (51a5b69d350864e9562a2470b487b139)] -&gt; xpath: .//word], [[AndroidDriver: chrome on ANDROID (51a5b69d350864e9562a2470b487b139)] -&gt; xpath: .//word], [[AndroidDriver: chrome on ANDROID (51a5b69d350864e9562a2470b487b139)] -&gt; xpath: .//word], [[AndroidDriver: chrome on ANDROID (51a5b69d350864e9562a2470b487b139)] -&gt; xpath: .//word], [[AndroidDriver: chrome on ANDROID (51a5b69d350864e9562a2470b487b139)] -&gt; xpath: .//word], [[AndroidDriver: chrome on ANDROID (51a5b69d350864e9562a2470b487b139)] -&gt; xpath: .//word], [[AndroidDriver: chrome on ANDROID (51a5b69d350864e9562a2470b487b139)] -&gt; xpath: .//word], [[AndroidDriver: chrome on ANDROID (51a5b69d350864e9562a2470b487b139)] -&gt; xpath: .//word], [[AndroidDriver: chrome on ANDROID (51a5b69d350864e9562a2470b487b139)] -&gt; xpath: .//word], [[AndroidDriver: chrome on ANDROID (51a5b69d350864e9562a2470b487b139)] -&gt; xpath: .//word], [[AndroidDriver: chrome on ANDROID (51a5b69d350864e9562a2470b487b139)] -&gt; xpath: .//word], [[AndroidDriver: chrome on ANDROID (51a5b69d350864e9562a2470b487b139)] -&gt; xpath: .//word], [[AndroidDriver: chrome on ANDROID (51a5b69d350864e9562a2470b487b139)] -&gt; xpath: .//word], [[AndroidDriver: chrome on ANDROID (51a5b69d350864e9562a2470b487b139)] -&gt; xpath: .//word], [[AndroidDriver: chrome on ANDROID (51a5b69d350864e9562a2470b487b139)] -&gt; xpath: .//word], [[AndroidDriver: chrome on ANDROID (51a5b69d350864e9562a2470b487b139)] -&gt; xpath: .//word], [[AndroidDriver: chrome on ANDROID (51a5b69d350864e9562a2470b487b139)] -&gt; xpath: .//word], [[AndroidDriver: chrome on ANDROID (51a5b69d350864e9562a2470b487b139)] -&gt; xpath: .//word], [[AndroidDriver: chrome on ANDROID (51a5b69d350864e9562a2470b487b139)] -&gt; xpath: .//word], [[AndroidDriver: chrome on ANDROID (51a5b69d350864e9562a2470b487b139)] -&gt; xpath: .//word], [[AndroidDriver: chrome on ANDROID (51a5b69d350864e9562a2470b487b139)] -&gt; xpath: .//word], [[AndroidDriver: chrome on ANDROID (51a5b69d350864e9562a2470b487b139)] -&gt; xpath: .//word], [[AndroidDriver: chrome on ANDROID (51a5b69d350864e9562a2470b487b139)] -&gt; xpath: .//word], [[AndroidDriver: chrome on ANDROID (51a5b69d350864e9562a2470b487b139)] -&gt; xpath: .//word], [[AndroidDriver: chrome on ANDROID (51a5b69d350864e9562a2470b487b139)] -&gt; xpath: .//word], [[AndroidDriver: chrome on ANDROID (51a5b69d350864e9562a2470b487b139)] -&gt; xpath: .//word], [[AndroidDriver: chrome on ANDROID (51a5b69d350864e9562a2470b487b139)] -&gt; xpath: .//word], [[AndroidDriver: chrome on ANDROID (51a5b69d350864e9562a2470b487b139)] -&gt; xpath: .//word], [[AndroidDriver: chrome on ANDROID (51a5b69d350864e9562a2470b487b139)] -&gt; xpath: .//word], [[AndroidDriver: chrome on ANDROID (51a5b69d350864e9562a2470b487b139)] -&gt; xpath: .//word], [[AndroidDriver: chrome on ANDROID (51a5b69d350864e9562a2470b487b139)] -&gt; xpath: .//word], [[AndroidDriver: chrome on ANDROID (51a5b69d350864e9562a2470b487b139)] -&gt; xpath: .//word], [[AndroidDriver: chrome on ANDROID (51a5b69d350864e9562a2470b487b139)] -&gt; xpath: .//word], [[AndroidDriver: chrome on ANDROID (51a5b69d350864e9562a2470b487b139)] -&gt; xpath: .//word], [[AndroidDriver: chrome on ANDROID (51a5b69d350864e9562a2470b487b139)] -&gt; xpath: .//word], [[AndroidDriver: chrome on ANDROID (51a5b69d350864e9562a2470b487b139)] -&gt; xpath: .//word], [[AndroidDriver: chrome on ANDROID (51a5b69d350864e9562a2470b487b139)] -&gt; xpath: .//word], [[AndroidDriver: chrome on ANDROID (51a5b69d350864e9562a2470b487b139)] -&gt; xpath: .//word], [[AndroidDriver: chrome on ANDROID (51a5b69d350864e9562a2470b487b139)] -&gt; xpath: .//word], [[AndroidDriver: chrome on ANDROID (51a5b69d350864e9562a2470b487b139)] -&gt; xpath: .//word], [[AndroidDriver: chrome on ANDROID (51a5b69d350864e9562a2470b487b139)] -&gt; xpath: .//word], [[AndroidDriver: chrome on ANDROID (51a5b69d350864e9562a2470b487b139)] -&gt; xpath: .//word], [[AndroidDriver: chrome on ANDROID (51a5b69d350864e9562a2470b487b139)] -&gt; xpath: .//word], [[AndroidDriver: chrome on ANDROID (51a5b69d350864e9562a2470b487b139)] -&gt; xpath: .//word], [[AndroidDriver: chrome on ANDROID (51a5b69d350864e9562a2470b487b139)] -&gt; xpath: .//word], [[AndroidDriver: chrome on ANDROID (51a5b69d350864e9562a2470b487b139)] -&gt; xpath: .//word], [[AndroidDriver: chrome on ANDROID (51a5b69d350864e9562a2470b487b139)] -&gt; xpath: .//word], [[AndroidDriver: chrome on ANDROID (51a5b69d350864e9562a2470b487b139)] -&gt; xpath: .//word], [[AndroidDriver: chrome on ANDROID (51a5b69d350864e9562a2470b487b139)] -&gt; xpath: .//word], [[AndroidDriver: chrome on ANDROID (51a5b69d350864e9562a2470b487b139)] -&gt; xpath: .//word], [[AndroidDriver: chrome on ANDROID (51a5b69d350864e9562a2470b487b139)] -&gt; xpath: .//word], [[AndroidDriver: chrome on ANDROID (51a5b69d350864e9562a2470b487b139)] -&gt; xpath: .//word], [[AndroidDriver: chrome on ANDROID (51a5b69d350864e9562a2470b487b139)] -&gt; xpath: .//word], [[AndroidDriver: chrome on ANDROID (51a5b69d350864e9562a2470b487b139)] -&gt; xpath: .//word], [[AndroidDriver: chrome on ANDROID (51a5b69d350864e9562a2470b487b139)] -&gt; xpath: .//word], [[AndroidDriver: chrome on ANDROID (51a5b69d350864e9562a2470b487b139)] -&gt; xpath: .//word], [[AndroidDriver: chrome on ANDROID (51a5b69d350864e9562a2470b487b139)] -&gt; xpath: .//word], [[AndroidDriver: chrome on ANDROID (51a5b69d350864e9562a2470b487b139)] -&gt; xpath: .//word], [[AndroidDriver: chrome on ANDROID (51a5b69d350864e9562a2470b487b139)] -&gt; xpath: .//word], [[AndroidDriver: chrome on ANDROID (51a5b69d350864e9562a2470b487b139)] -&gt; xpath: .//word], [[AndroidDriver: chrome on ANDROID (51a5b69d350864e9562a2470b487b139)] -&gt; xpath: .//word], [[AndroidDriver: chrome on ANDROID (51a5b69d350864e9562a2470b487b139)] -&gt; xpath: .//word], [[AndroidDriver: chrome on ANDROID (51a5b69d350864e9562a2470b487b139)] -&gt; xpath: .//word], [[AndroidDriver: chrome on ANDROID (51a5b69d350864e9562a2470b487b139)] -&gt; xpath: .//word], [[AndroidDriver: chrome on ANDROID (51a5b69d350864e9562a2470b487b139)] -&gt; xpath: .//word], [[AndroidDriver: chrome on ANDROID (51a5b69d350864e9562a2470b487b139)] -&gt; xpath: .//word], [[AndroidDriver: chrome on ANDROID (51a5b69d350864e9562a2470b487b139)] -&gt; xpath: .//word], [[AndroidDriver: chrome on ANDROID (51a5b69d350864e9562a2470b487b139)] -&gt; xpath: .//word], [[AndroidDriver: chrome on ANDROID (51a5b69d350864e9562a2470b487b139)] -&gt; xpath: .//word], [[AndroidDriver: chrome on ANDROID (51a5b69d350864e9562a2470b487b139)] -&gt; xpath: .//word], [[AndroidDriver: chrome on ANDROID (51a5b69d350864e9562a2470b487b139)] -&gt; xpath: .//word], [[AndroidDriver: chrome on ANDROID (51a5b69d350864e9562a2470b487b139)] -&gt; xpath: .//word], [[AndroidDriver: chrome on ANDROID (51a5b69d350864e9562a2470b487b139)] -&gt; xpath: .//word], [[AndroidDriver: chrome on ANDROID (51a5b69d350864e9562a2470b487b139)] -&gt; xpath: .//word], [[AndroidDriver: chrome on ANDROID (51a5b69d350864e9562a2470b487b139)] -&gt; xpath: .//word], [[AndroidDriver: chrome on ANDROID (51a5b69d350864e9562a2470b487b139)] -&gt; xpath: .//word], [[AndroidDriver: chrome on ANDROID (51a5b69d350864e9562a2470b487b139)] -&gt; xpath: .//word], [[AndroidDriver: chrome on ANDROID (51a5b69d350864e9562a2470b487b139)] -&gt; xpath: .//word], [[AndroidDriver: chrome on ANDROID (51a5b69d350864e9562a2470b487b139)] -&gt; xpath: .//word], [[AndroidDriver: chrome on ANDROID (51a5b69d350864e9562a2470b487b139)] -&gt; xpath: .//word], [[AndroidDriver: chrome on ANDROID (51a5b69d350864e9562a2470b487b139)] -&gt; xpath: .//word], [[AndroidDriver: chrome on ANDROID (51a5b69d350864e9562a2470b487b139)] -&gt; xpath: .//word], [[AndroidDriver: chrome on ANDROID (51a5b69d350864e9562a2470b487b139)] -&gt; xpath: .//word], [[AndroidDriver: chrome on ANDROID (51a5b69d350864e9562a2470b487b139)] -&gt; xpath: .//word], [[AndroidDriver: chrome on ANDROID (51a5b69d350864e9562a2470b487b139)] -&gt; xpath: .//word], [[AndroidDriver: chrome on ANDROID (51a5b69d350864e9562a2470b487b139)] -&gt; xpath: .//word], [[AndroidDriver: chrome on ANDROID (51a5b69d350864e9562a2470b487b139)] -&gt; xpath: .//word], [[AndroidDriver: chrome on ANDROID (51a5b69d350864e9562a2470b487b139)] -&gt; xpath: .//word], [[AndroidDriver: chrome on ANDROID (51a5b69d350864e9562a2470b487b139)] -&gt; xpath: .//word], [[AndroidDriver: chrome on ANDROID (51a5b69d350864e9562a2470b487b139)] -&gt; xpath: .//word], [[AndroidDriver: chrome on ANDROID (51a5b69d350864e9562a2470b487b139)] -&gt; xpath: .//word], [[AndroidDriver: chrome on ANDROID (51a5b69d350864e9562a2470b487b139)] -&gt; xpath: .//word], [[AndroidDriver: chrome on ANDROID (51a5b69d350864e9562a2470b487b139)] -&gt; xpath: .//word], [[AndroidDriver: chrome on ANDROID (51a5b69d350864e9562a2470b487b139)] -&gt; xpath: .//word], [[AndroidDriver: chrome on ANDROID (51a5b69d350864e9562a2470b487b139)] -&gt; xpath: .//word], [[AndroidDriver: chrome on ANDROID (51a5b69d350864e9562a2470b487b139)] -&gt; xpath: .//word], [[AndroidDriver: chrome on ANDROID (51a5b69d350864e9562a2470b487b139)] -&gt; xpath: .//word], [[AndroidDriver: chrome on ANDROID (51a5b69d350864e9562a2470b487b139)] -&gt; xpath: .//word], [[AndroidDriver: chrome on ANDROID (51a5b69d350864e9562a2470b487b139)] -&gt; xpath: .//word], [[AndroidDriver: chrome on ANDROID (51a5b69d350864e9562a2470b487b139)] -&gt; xpath: .//word], [[AndroidDriver: chrome on ANDROID (51a5b69d350864e9562a2470b487b139)] -&gt; xpath: .//word], [[AndroidDriver: chrome on ANDROID (51a5b69d350864e9562a2470b487b139)] -&gt; xpath: .//word], [[AndroidDriver: chrome on ANDROID (51a5b69d350864e9562a2470b487b139)] -&gt; xpath: .//word], [[AndroidDriver: chrome on ANDROID (51a5b69d350864e9562a2470b487b139)] -&gt; xpath: .//word], [[AndroidDriver: chrome on ANDROID (51a5b69d350864e9562a2470b487b139)] -&gt; xpath: .//word], [[AndroidDriver: chrome on ANDROID (51a5b69d350864e9562a2470b487b139)] -&gt; xpath: .//word], [[AndroidDriver: chrome on ANDROID (51a5b69d350864e9562a2470b487b139)] -&gt; xpath: .//word], [[AndroidDriver: chrome on ANDROID (51a5b69d350864e9562a2470b487b139)] -&gt; xpath: .//word], [[AndroidDriver: chrome on ANDROID (51a5b69d350864e9562a2470b487b139)] -&gt; xpath: .//word], [[AndroidDriver: chrome on ANDROID (51a5b69d350864e9562a2470b487b139)] -&gt; xpath: .//word], [[AndroidDriver: chrome on ANDROID (51a5b69d350864e9562a2470b487b139)] -&gt; xpath: .//word], [[AndroidDriver: chrome on ANDROID (51a5b69d350864e9562a2470b487b139)] -&gt; xpath: .//word], [[AndroidDriver: chrome on ANDROID (51a5b69d350864e9562a2470b487b139)] -&gt; xpath: .//word], [[AndroidDriver: chrome on ANDROID (51a5b69d350864e9562a2470b487b139)] -&gt; xpath: .//word], [[AndroidDriver: chrome on ANDROID (51a5b69d350864e9562a2470b487b139)] -&gt; xpath: .//word], [[AndroidDriver: chrome on ANDROID (51a5b69d350864e9562a2470b487b139)] -&gt; xpath: .//word], [[AndroidDriver: chrome on ANDROID (51a5b69d350864e9562a2470b487b139)] -&gt; xpath: .//word], [[AndroidDriver: chrome on ANDROID (51a5b69d350864e9562a2470b487b139)] -&gt; xpath: .//word], [[AndroidDriver: chrome on ANDROID (51a5b69d350864e9562a2470b487b139)] -&gt; xpath: .//word], [[AndroidDriver: chrome on ANDROID (51a5b69d350864e9562a2470b487b139)] -&gt; xpath: .//word], [[AndroidDriver: chrome on ANDROID (51a5b69d350864e9562a2470b487b139)] -&gt; xpath: .//word], [[AndroidDriver: chrome on ANDROID (51a5b69d350864e9562a2470b487b139)] -&gt; xpath: .//word], [[AndroidDriver: chrome on ANDROID (51a5b69d350864e9562a2470b487b139)] -&gt; xpath: .//word], [[AndroidDriver: chrome on ANDROID (51a5b69d350864e9562a2470b487b139)] -&gt; xpath: .//word], [[AndroidDriver: chrome on ANDROID (51a5b69d350864e9562a2470b487b139)] -&gt; xpath: .//word], [[AndroidDriver: chrome on ANDROID (51a5b69d350864e9562a2470b487b139)] -&gt; xpath: .//word], [[AndroidDriver: chrome on ANDROID (51a5b69d350864e9562a2470b487b139)] -&gt; xpath: .//word], [[AndroidDriver: chrome on ANDROID (51a5b69d350864e9562a2470b487b139)] -&gt; xpath: .//word], [[AndroidDriver: chrome on ANDROID (51a5b69d350864e9562a2470b487b139)] -&gt; xpath: .//word], [[AndroidDriver: chrome on ANDROID (51a5b69d350864e9562a2470b487b139)] -&gt; xpath: .//word], [[AndroidDriver: chrome on ANDROID (51a5b69d350864e9562a2470b487b139)] -&gt; xpath: .//word], [[AndroidDriver: chrome on ANDROID (51a5b69d350864e9562a2470b487b139)] -&gt; xpath: .//word], [[AndroidDriver: chrome on ANDROID (51a5b69d350864e9562a2470b487b139)] -&gt; xpath: .//word], [[AndroidDriver: chrome on ANDROID (51a5b69d350864e9562a2470b487b139)] -&gt; xpath: .//word], [[AndroidDriver: chrome on ANDROID (51a5b69d350864e9562a2470b487b139)] -&gt; xpath: .//word], [[AndroidDriver: chrome on ANDROID (51a5b69d350864e9562a2470b487b139)] -&gt; xpath: .//word], [[AndroidDriver: chrome on ANDROID (51a5b69d350864e9562a2470b487b139)] -&gt; xpath: .//word], [[AndroidDriver: chrome on ANDROID (51a5b69d350864e9562a2470b487b139)] -&gt; xpath: .//word], [[AndroidDriver: chrome on ANDROID (51a5b69d350864e9562a2470b487b139)] -&gt; xpath: .//word], [[AndroidDriver: chrome on ANDROID (51a5b69d350864e9562a2470b487b139)] -&gt; xpath: .//word], [[AndroidDriver: chrome on ANDROID (51a5b69d350864e9562a2470b487b139)] -&gt; xpath: .//word], [[AndroidDriver: chrome on ANDROID (51a5b69d350864e9562a2470b487b139)] -&gt; xpath: .//word], [[AndroidDriver: chrome on ANDROID (51a5b69d350864e9562a2470b487b139)] -&gt; xpath: .//word], [[AndroidDriver: chrome on ANDROID (51a5b69d350864e9562a2470b487b139)] -&gt; xpath: .//word], [[AndroidDriver: chrome on ANDROID (51a5b69d350864e9562a2470b487b139)] -&gt; xpath: .//word], [[AndroidDriver: chrome on ANDROID (51a5b69d350864e9562a2470b487b139)] -&gt; xpath: .//word], [[AndroidDriver: chrome on ANDROID (51a5b69d350864e9562a2470b487b139)] -&gt; xpath: .//word], [[AndroidDriver: chrome on ANDROID (51a5b69d350864e9562a2470b487b139)] -&gt; xpath: .//word], [[AndroidDriver: chrome on ANDROID (51a5b69d350864e9562a2470b487b139)] -&gt; xpath: .//word], [[AndroidDriver: chrome on ANDROID (51a5b69d350864e9562a2470b487b139)] -&gt; xpath: .//word], [[AndroidDriver: chrome on ANDROID (51a5b69d350864e9562a2470b487b139)] -&gt; xpath: .//word], [[AndroidDriver: chrome on ANDROID (51a5b69d350864e9562a2470b487b139)] -&gt; xpath: .//word], [[AndroidDriver: chrome on ANDROID (51a5b69d350864e9562a2470b487b139)] -&gt; xpath: .//word], [[AndroidDriver: chrome on ANDROID (51a5b69d350864e9562a2470b487b139)] -&gt; xpath: .//word], [[AndroidDriver: chrome on ANDROID (51a5b69d350864e9562a2470b487b139)] -&gt; xpath: .//word], [[AndroidDriver: chrome on ANDROID (51a5b69d350864e9562a2470b487b139)] -&gt; xpath: .//word], [[AndroidDriver: chrome on ANDROID (51a5b69d350864e9562a2470b487b139)] -&gt; xpath: .//word], [[AndroidDriver: chrome on ANDROID (51a5b69d350864e9562a2470b487b139)] -&gt; xpath: .//word], [[AndroidDriver: chrome on ANDROID (51a5b69d350864e9562a2470b487b139)] -&gt; xpath: .//word], [[AndroidDriver: chrome on ANDROID (51a5b69d350864e9562a2470b487b139)] -&gt; xpath: .//word], [[AndroidDriver: chrome on ANDROID (51a5b69d350864e9562a2470b487b139)] -&gt; xpath: .//word], [[AndroidDriver: chrome on ANDROID (51a5b69d350864e9562a2470b487b139)] -&gt; xpath: .//word], [[AndroidDriver: chrome on ANDROID (51a5b69d350864e9562a2470b487b139)] -&gt; xpath: .//word], [[AndroidDriver: chrome on ANDROID (51a5b69d350864e9562a2470b487b139)] -&gt; xpath: .//word], [[AndroidDriver: chrome on ANDROID (51a5b69d350864e9562a2470b487b139)] -&gt; xpath: .//word], [[AndroidDriver: chrome on ANDROID (51a5b69d350864e9562a2470b487b139)] -&gt; xpath: .//word], [[AndroidDriver: chrome on ANDROID (51a5b69d350864e9562a2470b487b139)] -&gt; xpath: .//word], [[AndroidDriver: chrome on ANDROID (51a5b69d350864e9562a2470b487b139)] -&gt; xpath: .//word], [[AndroidDriver: chrome on ANDROID (51a5b69d350864e9562a2470b487b139)] -&gt; xpath: .//word], [[AndroidDriver: chrome on ANDROID (51a5b69d350864e9562a2470b487b139)] -&gt; xpath: .//word], [[AndroidDriver: chrome on ANDROID (51a5b69d350864e9562a2470b487b139)] -&gt; xpath: .//word], [[AndroidDriver: chrome on ANDROID (51a5b69d350864e9562a2470b487b139)] -&gt; xpath: .//word], [[AndroidDriver: chrome on ANDROID (51a5b69d350864e9562a2470b487b139)] -&gt; xpath: .//word], [[AndroidDriver: chrome on ANDROID (51a5b69d350864e9562a2470b487b139)] -&gt; xpath: .//word], [[AndroidDriver: chrome on ANDROID (51a5b69d350864e9562a2470b487b139)] -&gt; xpath: .//word], [[AndroidDriver: chrome on ANDROID (51a5b69d350864e9562a2470b487b139)] -&gt; xpath: .//word], [[AndroidDriver: chrome on ANDROID (51a5b69d350864e9562a2470b487b139)] -&gt; xpath: .//word], [[AndroidDriver: chrome on ANDROID (51a5b69d350864e9562a2470b487b139)] -&gt; xpath: .//word], [[AndroidDriver: chrome on ANDROID (51a5b69d350864e9562a2470b487b139)] -&gt; xpath: .//word], [[AndroidDriver: chrome on ANDROID (51a5b69d350864e9562a2470b487b139)] -&gt; xpath: .//word], [[AndroidDriver: chrome on ANDROID (51a5b69d350864e9562a2470b487b139)] -&gt; xpath: .//word], [[AndroidDriver: chrome on ANDROID (51a5b69d350864e9562a2470b487b139)] -&gt; xpath: .//word], [[AndroidDriver: chrome on ANDROID (51a5b69d350864e9562a2470b487b139)] -&gt; xpath: .//word], [[AndroidDriver: chrome on ANDROID (51a5b69d350864e9562a2470b487b139)] -&gt; xpath: .//word], [[AndroidDriver: chrome on ANDROID (51a5b69d350864e9562a2470b487b139)] -&gt; xpath: .//word], [[AndroidDriver: chrome on ANDROID (51a5b69d350864e9562a2470b487b139)] -&gt; xpath: .//word], [[AndroidDriver: chrome on ANDROID (51a5b69d350864e9562a2470b487b139)] -&gt; xpath: .//word], [[AndroidDriver: chrome on ANDROID (51a5b69d350864e9562a2470b487b139)] -&gt; xpath: .//word], [[AndroidDriver: chrome on ANDROID (51a5b69d350864e9562a2470b487b139)] -&gt; xpath: .//word], [[AndroidDriver: chrome on ANDROID (51a5b69d350864e9562a2470b487b139)] -&gt; xpath: .//word], [[AndroidDriver: chrome on ANDROID (51a5b69d350864e9562a2470b487b139)] -&gt; xpath: .//word], [[AndroidDriver: chrome on ANDROID (51a5b69d350864e9562a2470b487b139)] -&gt; xpath: .//word], [[AndroidDriver: chrome on ANDROID (51a5b69d350864e9562a2470b487b139)] -&gt; xpath: .//word], [[AndroidDriver: chrome on ANDROID (51a5b69d350864e9562a2470b487b139)] -&gt; xpath: .//word], [[AndroidDriver: chrome on ANDROID (51a5b69d350864e9562a2470b487b139)] -&gt; xpath: .//word], [[AndroidDriver: chrome on ANDROID (51a5b69d350864e9562a2470b487b139)] -&gt; xpath: .//word], [[AndroidDriver: chrome on ANDROID (51a5b69d350864e9562a2470b487b139)] -&gt; xpath: .//word], [[AndroidDriver: chrome on ANDROID (51a5b69d350864e9562a2470b487b139)] -&gt; xpath: .//word], [[AndroidDriver: chrome on ANDROID (51a5b69d350864e9562a2470b487b139)] -&gt; xpath: .//word], [[AndroidDriver: chrome on ANDROID (51a5b69d350864e9562a2470b487b139)] -&gt; xpath: .//word], [[AndroidDriver: chrome on ANDROID (51a5b69d350864e9562a2470b487b139)] -&gt; xpath: .//word], [[AndroidDriver: chrome on ANDROID (51a5b69d350864e9562a2470b487b139)] -&gt; xpath: .//word], [[AndroidDriver: chrome on ANDROID (51a5b69d350864e9562a2470b487b139)] -&gt; xpath: .//word], [[AndroidDriver: chrome on ANDROID (51a5b69d350864e9562a2470b487b139)] -&gt; xpath: .//word], [[AndroidDriver: chrome on ANDROID (51a5b69d350864e9562a2470b487b139)] -&gt; xpath: .//word], [[AndroidDriver: chrome on ANDROID (51a5b69d350864e9562a2470b487b139)] -&gt; xpath: .//word], [[AndroidDriver: chrome on ANDROID (51a5b69d350864e9562a2470b487b139)] -&gt; xpath: .//word], [[AndroidDriver: chrome on ANDROID (51a5b69d350864e9562a2470b487b139)] -&gt; xpath: .//word], [[AndroidDriver: chrome on ANDROID (51a5b69d350864e9562a2470b487b139)] -&gt; xpath: .//word], [[AndroidDriver: chrome on ANDROID (51a5b69d350864e9562a2470b487b139)] -&gt; xpath: .//word], [[AndroidDriver: chrome on ANDROID (51a5b69d350864e9562a2470b487b139)] -&gt; xpath: .//word], [[AndroidDriver: chrome on ANDROID (51a5b69d350864e9562a2470b487b139)] -&gt; xpath: .//word], [[AndroidDriver: chrome on ANDROID (51a5b69d350864e9562a2470b487b139)] -&gt; xpath: .//word], [[AndroidDriver: chrome on ANDROID (51a5b69d350864e9562a2470b487b139)] -&gt; xpath: .//word], [[AndroidDriver: chrome on ANDROID (51a5b69d350864e9562a2470b487b139)] -&gt; xpath: .//word], [[AndroidDriver: chrome on ANDROID (51a5b69d350864e9562a2470b487b139)] -&gt; xpath: .//word], [[AndroidDriver: chrome on ANDROID (51a5b69d350864e9562a2470b487b139)] -&gt; xpath: .//word], [[AndroidDriver: chrome on ANDROID (51a5b69d350864e9562a2470b487b139)] -&gt; xpath: .//word], [[AndroidDriver: chrome on ANDROID (51a5b69d350864e9562a2470b487b139)] -&gt; xpath: .//word], [[AndroidDriver: chrome on ANDROID (51a5b69d350864e9562a2470b487b139)] -&gt; xpath: .//word], [[AndroidDriver: chrome on ANDROID (51a5b69d350864e9562a2470b487b139)] -&gt; xpath: .//word], [[AndroidDriver: chrome on ANDROID (51a5b69d350864e9562a2470b487b139)] -&gt; xpath: .//word], [[AndroidDriver: chrome on ANDROID (51a5b69d350864e9562a2470b487b139)] -&gt; xpath: .//word], [[AndroidDriver: chrome on ANDROID (51a5b69d350864e9562a2470b487b139)] -&gt; xpath: .//word], [[AndroidDriver: chrome on ANDROID (51a5b69d350864e9562a2470b487b139)] -&gt; xpath: .//word], [[AndroidDriver: chrome on ANDROID (51a5b69d350864e9562a2470b487b139)] -&gt; xpath: .//word], [[AndroidDriver: chrome on ANDROID (51a5b69d350864e9562a2470b487b139)] -&gt; xpath: .//word], [[AndroidDriver: chrome on ANDROID (51a5b69d350864e9562a2470b487b139)] -&gt; xpath: .//word], [[AndroidDriver: chrome on ANDROID (51a5b69d350864e9562a2470b487b139)] -&gt; xpath: .//word], [[AndroidDriver: chrome on ANDROID (51a5b69d350864e9562a2470b487b139)] -&gt; xpath: .//word], [[AndroidDriver: chrome on ANDROID (51a5b69d350864e9562a2470b487b139)] -&gt; xpath: .//word], [[AndroidDriver: chrome on ANDROID (51a5b69d350864e9562a2470b487b139)] -&gt; xpath: .//word], [[AndroidDriver: chrome on ANDROID (51a5b69d350864e9562a2470b487b139)] -&gt; xpath: .//word], [[AndroidDriver: chrome on ANDROID (51a5b69d350864e9562a2470b487b139)] -&gt; xpath: .//word], [[AndroidDriver: chrome on ANDROID (51a5b69d350864e9562a2470b487b139)] -&gt; xpath: .//word], [[AndroidDriver: chrome on ANDROID (51a5b69d350864e9562a2470b487b139)] -&gt; xpath: .//word], [[AndroidDriver: chrome on ANDROID (51a5b69d350864e9562a2470b487b139)] -&gt; xpath: .//word], [[AndroidDriver: chrome on ANDROID (51a5b69d350864e9562a2470b487b139)] -&gt; xpath: .//word], [[AndroidDriver: chrome on ANDROID (51a5b69d350864e9562a2470b487b139)] -&gt; xpath: .//word], [[AndroidDriver: chrome on ANDROID (51a5b69d350864e9562a2470b487b139)] -&gt; xpath: .//word], [[AndroidDriver: chrome on ANDROID (51a5b69d350864e9562a2470b487b139)] -&gt; xpath: .//word], [[AndroidDriver: chrome on ANDROID (51a5b69d350864e9562a2470b487b139)] -&gt; xpath: .//word], [[AndroidDriver: chrome on ANDROID (51a5b69d350864e9562a2470b487b139)] -&gt; xpath: .//word], [[AndroidDriver: chrome on ANDROID (51a5b69d350864e9562a2470b487b139)] -&gt; xpath: .//word], [[AndroidDriver: chrome on ANDROID (51a5b69d350864e9562a2470b487b139)] -&gt; xpath: .//word], [[AndroidDriver: chrome on ANDROID (51a5b69d350864e9562a2470b487b139)] -&gt; xpath: .//word], [[AndroidDriver: chrome on ANDROID (51a5b69d350864e9562a2470b487b139)] -&gt; xpath: .//word], [[AndroidDriver: chrome on ANDROID (51a5b69d350864e9562a2470b487b139)] -&gt; xpath: .//word], [[AndroidDriver: chrome on ANDROID (51a5b69d350864e9562a2470b487b139)] -&gt; xpath: .//word], [[AndroidDriver: chrome on ANDROID (51a5b69d350864e9562a2470b487b139)] -&gt; xpath: .//word], [[AndroidDriver: chrome on ANDROID (51a5b69d350864e9562a2470b487b139)] -&gt; xpath: .//word], [[AndroidDriver: chrome on ANDROID (51a5b69d350864e9562a2470b487b139)] -&gt; xpath: .//word], [[AndroidDriver: chrome on ANDROID (51a5b69d350864e9562a2470b487b139)] -&gt; xpath: .//word], [[AndroidDriver: chrome on ANDROID (51a5b69d350864e9562a2470b487b139)] -&gt; xpath: .//word], [[AndroidDriver: chrome on ANDROID (51a5b69d350864e9562a2470b487b139)] -&gt; xpath: .//word], [[AndroidDriver: chrome on ANDROID (51a5b69d350864e9562a2470b487b139)] -&gt; xpath: .//word], [[AndroidDriver: chrome on ANDROID (51a5b69d350864e9562a2470b487b139)] -&gt; xpath: .//word], [[AndroidDriver: chrome on ANDROID (51a5b69d350864e9562a2470b487b139)] -&gt; xpath: .//word], [[AndroidDriver: chrome on ANDROID (51a5b69d350864e9562a2470b487b139)] -&gt; xpath: .//word], [[AndroidDriver: chrome on ANDROID (51a5b69d350864e9562a2470b487b139)] -&gt; xpath: .//word], [[AndroidDriver: chrome on ANDROID (51a5b69d350864e9562a2470b487b139)] -&gt; xpath: .//word], [[AndroidDriver: chrome on ANDROID (51a5b69d350864e9562a2470b487b139)] -&gt; xpath: .//word], [[AndroidDriver: chrome on ANDROID (51a5b69d350864e9562a2470b487b139)] -&gt; xpath: .//word], [[AndroidDriver: chrome on ANDROID (51a5b69d350864e9562a2470b487b139)] -&gt; xpath: .//word], [[AndroidDriver: chrome on ANDROID (51a5b69d350864e9562a2470b487b139)] -&gt; xpath: .//word], [[AndroidDriver: chrome on ANDROID (51a5b69d350864e9562a2470b487b139)] -&gt; xpath: .//word], [[AndroidDriver: chrome on ANDROID (51a5b69d350864e9562a2470b487b139)] -&gt; xpath: .//word], [[AndroidDriver: chrome on ANDROID (51a5b69d350864e9562a2470b487b139)] -&gt; xpath: .//word], [[AndroidDriver: chrome on ANDROID (51a5b69d350864e9562a2470b487b139)] -&gt; xpath: .//word], [[AndroidDriver: chrome on ANDROID (51a5b69d350864e9562a2470b487b139)] -&gt; xpath: .//word], [[AndroidDriver: chrome on ANDROID (51a5b69d350864e9562a2470b487b139)] -&gt; xpath: .//word], [[AndroidDriver: chrome on ANDROID (51a5b69d350864e9562a2470b487b139)] -&gt; xpath: .//word], [[AndroidDriver: chrome on ANDROID (51a5b69d350864e9562a2470b487b139)] -&gt; xpath: .//word], [[AndroidDriver: chrome on ANDROID (51a5b69d350864e9562a2470b487b139)] -&gt; xpath: .//word], [[AndroidDriver: chrome on ANDROID (51a5b69d350864e9562a2470b487b139)] -&gt; xpath: .//word], [[AndroidDriver: chrome on ANDROID (51a5b69d350864e9562a2470b487b139)] -&gt; xpath: .//word], [[AndroidDriver: chrome on ANDROID (51a5b69d350864e9562a2470b487b139)] -&gt; xpath: .//word], [[AndroidDriver: chrome on ANDROID (51a5b69d350864e9562a2470b487b139)] -&gt; xpath: .//word], [[AndroidDriver: chrome on ANDROID (51a5b69d350864e9562a2470b487b139)] -&gt; xpath: .//word], [[AndroidDriver: chrome on ANDROID (51a5b69d350864e9562a2470b487b139)] -&gt; xpath: .//word], [[AndroidDriver: chrome on ANDROID (51a5b69d350864e9562a2470b487b139)] -&gt; xpath: .//word], [[AndroidDriver: chrome on ANDROID (51a5b69d350864e9562a2470b487b139)] -&gt; xpath: .//word], [[AndroidDriver: chrome on ANDROID (51a5b69d350864e9562a2470b487b139)] -&gt; xpath: .//word], [[AndroidDriver: chrome on ANDROID (51a5b69d350864e9562a2470b487b139)] -&gt; xpath: .//word], [[AndroidDriver: chrome on ANDROID (51a5b69d350864e9562a2470b487b139)] -&gt; xpath: .//word], [[AndroidDriver: chrome on ANDROID (51a5b69d350864e9562a2470b487b139)] -&gt; xpath: .//word], [[AndroidDriver: chrome on ANDROID (51a5b69d350864e9562a2470b487b139)] -&gt; xpath: .//word], [[AndroidDriver: chrome on ANDROID (51a5b69d350864e9562a2470b487b139)] -&gt; xpath: .//word], [[AndroidDriver: chrome on ANDROID (51a5b69d350864e9562a2470b487b139)] -&gt; xpath: .//word], [[AndroidDriver: chrome on ANDROID (51a5b69d350864e9562a2470b487b139)] -&gt; xpath: .//word], [[AndroidDriver: chrome on ANDROID (51a5b69d350864e9562a2470b487b139)] -&gt; xpath: .//word], [[AndroidDriver: chrome on ANDROID (51a5b69d350864e9562a2470b487b139)] -&gt; xpath: .//word], [[AndroidDriver: chrome on ANDROID (51a5b69d350864e9562a2470b487b139)] -&gt; xpath: .//word], [[AndroidDriver: chrome on ANDROID (51a5b69d350864e9562a2470b487b139)] -&gt; xpath: .//word], [[AndroidDriver: chrome on ANDROID (51a5b69d350864e9562a2470b487b139)] -&gt; xpath: .//word], [[AndroidDriver: chrome on ANDROID (51a5b69d350864e9562a2470b487b139)] -&gt; xpath: .//word], [[AndroidDriver: chrome on ANDROID (51a5b69d350864e9562a2470b487b139)] -&gt; xpath: .//word], [[AndroidDriver: chrome on ANDROID (51a5b69d350864e9562a2470b487b139)] -&gt; xpath: .//word], [[AndroidDriver: chrome on ANDROID (51a5b69d350864e9562a2470b487b139)] -&gt; xpath: .//word], [[AndroidDriver: chrome on ANDROID (51a5b69d350864e9562a2470b487b139)] -&gt; xpath: .//word], [[AndroidDriver: chrome on ANDROID (51a5b69d350864e9562a2470b487b139)] -&gt; xpath: .//word], [[AndroidDriver: chrome on ANDROID (51a5b69d350864e9562a2470b487b139)] -&gt; xpath: .//word], [[AndroidDriver: chrome on ANDROID (51a5b69d350864e9562a2470b487b139)] -&gt; xpath: .//word], [[AndroidDriver: chrome on ANDROID (51a5b69d350864e9562a2470b487b139)] -&gt; xpath: .//word], [[AndroidDriver: chrome on ANDROID (51a5b69d350864e9562a2470b487b139)] -&gt; xpath: .//word], [[AndroidDriver: chrome on ANDROID (51a5b69d350864e9562a2470b487b139)] -&gt; xpath: .//word], [[AndroidDriver: chrome on ANDROID (51a5b69d350864e9562a2470b487b139)] -&gt; xpath: .//word], [[AndroidDriver: chrome on ANDROID (51a5b69d350864e9562a2470b487b139)] -&gt; xpath: .//word], [[AndroidDriver: chrome on ANDROID (51a5b69d350864e9562a2470b487b139)] -&gt; xpath: .//word], [[AndroidDriver: chrome on ANDROID (51a5b69d350864e9562a2470b487b139)] -&gt; xpath: .//word], [[AndroidDriver: chrome on ANDROID (51a5b69d350864e9562a2470b487b139)] -&gt; xpath: .//word], [[AndroidDriver: chrome on ANDROID (51a5b69d350864e9562a2470b487b139)] -&gt; xpath: .//word], [[AndroidDriver: chrome on ANDROID (51a5b69d350864e9562a2470b487b139)] -&gt; xpath: .//word], [[AndroidDriver: chrome on ANDROID (51a5b69d350864e9562a2470b487b139)] -&gt; xpath: .//word], [[AndroidDriver: chrome on ANDROID (51a5b69d350864e9562a2470b487b139)] -&gt; xpath: .//word], [[AndroidDriver: chrome on ANDROID (51a5b69d350864e9562a2470b487b139)] -&gt; xpath: .//word], [[AndroidDriver: chrome on ANDROID (51a5b69d350864e9562a2470b487b139)] -&gt; xpath: .//word], [[AndroidDriver: chrome on ANDROID (51a5b69d350864e9562a2470b487b139)] -&gt; xpath: .//word], [[AndroidDriver: chrome on ANDROID (51a5b69d350864e9562a2470b487b139)] -&gt; xpath: .//word], [[AndroidDriver: chrome on ANDROID (51a5b69d350864e9562a2470b487b139)] -&gt; xpath: .//word], [[AndroidDriver: chrome on ANDROID (51a5b69d350864e9562a2470b487b139)] -&gt; xpath: .//word], [[AndroidDriver: chrome on ANDROID (51a5b69d350864e9562a2470b487b139)] -&gt; xpath: .//word], [[AndroidDriver: chrome on ANDROID (51a5b69d350864e9562a2470b487b139)] -&gt; xpath: .//word], [[AndroidDriver: chrome on ANDROID (51a5b69d350864e9562a2470b487b139)] -&gt; xpath: .//word], [[AndroidDriver: chrome on ANDROID (51a5b69d350864e9562a2470b487b139)] -&gt; xpath: .//word], [[AndroidDriver: chrome on ANDROID (51a5b69d350864e9562a2470b487b139)] -&gt; xpath: .//word], [[AndroidDriver: chrome on ANDROID (51a5b69d350864e9562a2470b487b139)] -&gt; xpath: .//word], [[AndroidDriver: chrome on ANDROID (51a5b69d350864e9562a2470b487b139)] -&gt; xpath: .//word], [[AndroidDriver: chrome on ANDROID (51a5b69d350864e9562a2470b487b139)] -&gt; xpath: .//word], [[AndroidDriver: chrome on ANDROID (51a5b69d350864e9562a2470b487b139)] -&gt; xpath: .//word], [[AndroidDriver: chrome on ANDROID (51a5b69d350864e9562a2470b487b139)] -&gt; xpath: .//word], [[AndroidDriver: chrome on ANDROID (51a5b69d350864e9562a2470b487b139)] -&gt; xpath: .//word], [[AndroidDriver: chrome on ANDROID (51a5b69d350864e9562a2470b487b139)] -&gt; xpath: .//word], [[AndroidDriver: chrome on ANDROID (51a5b69d350864e9562a2470b487b139)] -&gt; xpath: .//word], [[AndroidDriver: chrome on ANDROID (51a5b69d350864e9562a2470b487b139)] -&gt; xpath: .//word], [[AndroidDriver: chrome on ANDROID (51a5b69d350864e9562a2470b487b139)] -&gt; xpath: .//word], [[AndroidDriver: chrome on ANDROID (51a5b69d350864e9562a2470b487b139)] -&gt; xpath: .//word], [[AndroidDriver: chrome on ANDROID (51a5b69d350864e9562a2470b487b139)] -&gt; xpath: .//word], [[AndroidDriver: chrome on ANDROID (51a5b69d350864e9562a2470b487b139)] -&gt; xpath: .//word], [[AndroidDriver: chrome on ANDROID (51a5b69d350864e9562a2470b487b139)] -&gt; xpath: .//word], [[AndroidDriver: chrome on ANDROID (51a5b69d350864e9562a2470b487b139)] -&gt; xpath: .//word], [[AndroidDriver: chrome on ANDROID (51a5b69d350864e9562a2470b487b139)] -&gt; xpath: .//word], [[AndroidDriver: chrome on ANDROID (51a5b69d350864e9562a2470b487b139)] -&gt; xpath: .//word], [[AndroidDriver: chrome on ANDROID (51a5b69d350864e9562a2470b487b139)] -&gt; xpath: .//word], [[AndroidDriver: chrome on ANDROID (51a5b69d350864e9562a2470b487b139)] -&gt; xpath: .//word], [[AndroidDriver: chrome on ANDROID (51a5b69d350864e9562a2470b487b139)] -&gt; xpath: .//word], [[AndroidDriver: chrome on ANDROID (51a5b69d350864e9562a2470b487b139)] -&gt; xpath: .//word], [[AndroidDriver: chrome on ANDROID (51a5b69d350864e9562a2470b487b139)] -&gt; xpath: .//word], [[AndroidDriver: chrome on ANDROID (51a5b69d350864e9562a2470b487b139)] -&gt; xpath: .//word], [[AndroidDriver: chrome on ANDROID (51a5b69d350864e9562a2470b487b139)] -&gt; xpath: .//word], [[AndroidDriver: chrome on ANDROID (51a5b69d350864e9562a2470b487b139)] -&gt; xpath: .//word], [[AndroidDriver: chrome on ANDROID (51a5b69d350864e9562a2470b487b139)] -&gt; xpath: .//word], [[AndroidDriver: chrome on ANDROID (51a5b69d350864e9562a2470b487b139)] -&gt; xpath: .//word], [[AndroidDriver: chrome on ANDROID (51a5b69d350864e9562a2470b487b139)] -&gt; xpath: .//word], [[AndroidDriver: chrome on ANDROID (51a5b69d350864e9562a2470b487b139)] -&gt; xpath: .//word], [[AndroidDriver: chrome on ANDROID (51a5b69d350864e9562a2470b487b139)] -&gt; xpath: .//word], [[AndroidDriver: chrome on ANDROID (51a5b69d350864e9562a2470b487b139)] -&gt; xpath: .//word], [[AndroidDriver: chrome on ANDROID (51a5b69d350864e9562a2470b487b139)] -&gt; xpath: .//word], [[AndroidDriver: chrome on ANDROID (51a5b69d350864e9562a2470b487b139)] -&gt; xpath: .//word], [[AndroidDriver: chrome on ANDROID (51a5b69d350864e9562a2470b487b139)] -&gt; xpath: .//word], [[AndroidDriver: chrome on ANDROID (51a5b69d350864e9562a2470b487b139)] -&gt; xpath: .//word], [[AndroidDriver: chrome on ANDROID (51a5b69d350864e9562a2470b487b139)] -&gt; xpath: .//word], [[AndroidDriver: chrome on ANDROID (51a5b69d350864e9562a2470b487b139)] -&gt; xpath: .//word], [[AndroidDriver: chrome on ANDROID (51a5b69d350864e9562a2470b487b139)] -&gt; xpath: .//word], [[AndroidDriver: chrome on ANDROID (51a5b69d350864e9562a2470b487b139)] -&gt; xpath: .//word], [[AndroidDriver: chrome on ANDROID (51a5b69d350864e9562a2470b487b139)] -&gt; xpath: .//word], [[AndroidDriver: chrome on ANDROID (51a5b69d350864e9562a2470b487b139)] -&gt; xpath: .//word], [[AndroidDriver: chrome on ANDROID (51a5b69d350864e9562a2470b487b139)] -&gt; xpath: .//word], [[AndroidDriver: chrome on ANDROID (51a5b69d350864e9562a2470b487b139)] -&gt; xpath: .//word], [[AndroidDriver: chrome on ANDROID (51a5b69d350864e9562a2470b487b139)] -&gt; xpath: .//word], [[AndroidDriver: chrome on ANDROID (51a5b69d350864e9562a2470b487b139)] -&gt; xpath: .//word], [[AndroidDriver: chrome on ANDROID (51a5b69d350864e9562a2470b487b139)] -&gt; xpath: .//word], [[AndroidDriver: chrome on ANDROID (51a5b69d350864e9562a2470b487b139)] -&gt; xpath: .//word], [[AndroidDriver: chrome on ANDROID (51a5b69d350864e9562a2470b487b139)] -&gt; xpath: .//word], [[AndroidDriver: chrome on ANDROID (51a5b69d350864e9562a2470b487b139)] -&gt; xpath: .//word], [[AndroidDriver: chrome on ANDROID (51a5b69d350864e9562a2470b487b139)] -&gt; xpath: .//word], [[AndroidDriver: chrome on ANDROID (51a5b69d350864e9562a2470b487b139)] -&gt; xpath: .//word], [[AndroidDriver: chrome on ANDROID (51a5b69d350864e9562a2470b487b139)] -&gt; xpath: .//word], [[AndroidDriver: chrome on ANDROID (51a5b69d350864e9562a2470b487b139)] -&gt; xpath: .//word], [[AndroidDriver: chrome on ANDROID (51a5b69d350864e9562a2470b487b139)] -&gt; xpath: .//word], [[AndroidDriver: chrome on ANDROID (51a5b69d350864e9562a2470b487b139)] -&gt; xpath: .//word], [[AndroidDriver: chrome on ANDROID (51a5b69d350864e9562a2470b487b139)] -&gt; xpath: .//word], [[AndroidDriver: chrome on ANDROID (51a5b69d350864e9562a2470b487b139)] -&gt; xpath: .//word], [[AndroidDriver: chrome on ANDROID (51a5b69d350864e9562a2470b487b139)] -&gt; xpath: .//word], [[AndroidDriver: chrome on ANDROID (51a5b69d350864e9562a2470b487b139)] -&gt; xpath: .//word], [[AndroidDriver: chrome on ANDROID (51a5b69d350864e9562a2470b487b139)] -&gt; xpath: .//word], [[AndroidDriver: chrome on ANDROID (51a5b69d350864e9562a2470b487b139)] -&gt; xpath: .//word], [[AndroidDriver: chrome on ANDROID (51a5b69d350864e9562a2470b487b139)] -&gt; xpath: .//word], [[AndroidDriver: chrome on ANDROID (51a5b69d350864e9562a2470b487b139)] -&gt; xpath: .//word], [[AndroidDriver: chrome on ANDROID (51a5b69d350864e9562a2470b487b139)] -&gt; xpath: .//word], [[AndroidDriver: chrome on ANDROID (51a5b69d350864e9562a2470b487b139)] -&gt; xpath: .//word], [[AndroidDriver: chrome on ANDROID (51a5b69d350864e9562a2470b487b139)] -&gt; xpath: .//word], [[AndroidDriver: chrome on ANDROID (51a5b69d350864e9562a2470b487b139)] -&gt; xpath: .//word], [[AndroidDriver: chrome on ANDROID (51a5b69d350864e9562a2470b487b139)] -&gt; xpath: .//word], [[AndroidDriver: chrome on ANDROID (51a5b69d350864e9562a2470b487b139)] -&gt; xpath: .//word], [[AndroidDriver: chrome on ANDROID (51a5b69d350864e9562a2470b487b139)] -&gt; xpath: .//word], [[AndroidDriver: chrome on ANDROID (51a5b69d350864e9562a2470b487b139)] -&gt; xpath: .//word], [[AndroidDriver: chrome on ANDROID (51a5b69d350864e9562a2470b487b139)] -&gt; xpath: .//word], [[AndroidDriver: chrome on ANDROID (51a5b69d350864e9562a2470b487b139)] -&gt; xpath: .//word], [[AndroidDriver: chrome on ANDROID (51a5b69d350864e9562a2470b487b139)] -&gt; xpath: .//word], [[AndroidDriver: chrome on ANDROID (51a5b69d350864e9562a2470b487b139)] -&gt; xpath: .//word], [[AndroidDriver: chrome on ANDROID (51a5b69d350864e9562a2470b487b139)] -&gt; xpath: .//word], [[AndroidDriver: chrome on ANDROID (51a5b69d350864e9562a2470b487b139)] -&gt; xpath: .//word], [[AndroidDriver: chrome on ANDROID (51a5b69d350864e9562a2470b487b139)] -&gt; xpath: .//word], [[AndroidDriver: chrome on ANDROID (51a5b69d350864e9562a2470b487b139)] -&gt; xpath: .//word], [[AndroidDriver: chrome on ANDROID (51a5b69d350864e9562a2470b487b139)] -&gt; xpath: .//word], [[AndroidDriver: chrome on ANDROID (51a5b69d350864e9562a2470b487b139)] -&gt; xpath: .//word], [[AndroidDriver: chrome on ANDROID (51a5b69d350864e9562a2470b487b139)] -&gt; xpath: .//word], [[AndroidDriver: chrome on ANDROID (51a5b69d350864e9562a2470b487b139)] -&gt; xpath: .//word], [[AndroidDriver: chrome on ANDROID (51a5b69d350864e9562a2470b487b139)] -&gt; xpath: .//word], [[AndroidDriver: chrome on ANDROID (51a5b69d350864e9562a2470b487b139)] -&gt; xpath: .//word], [[AndroidDriver: chrome on ANDROID (51a5b69d350864e9562a2470b487b139)] -&gt; xpath: .//word], [[AndroidDriver: chrome on ANDROID (51a5b69d350864e9562a2470b487b139)] -&gt; xpath: .//word], [[AndroidDriver: chrome on ANDROID (51a5b69d350864e9562a2470b487b139)] -&gt; xpath: .//word], [[AndroidDriver: chrome on ANDROID (51a5b69d350864e9562a2470b487b139)] -&gt; xpath: .//word], [[AndroidDriver: chrome on ANDROID (51a5b69d350864e9562a2470b487b139)] -&gt; xpath: .//word], [[AndroidDriver: chrome on ANDROID (51a5b69d350864e9562a2470b487b139)] -&gt; xpath: .//word], [[AndroidDriver: chrome on ANDROID (51a5b69d350864e9562a2470b487b139)] -&gt; xpath: .//word], [[AndroidDriver: chrome on ANDROID (51a5b69d350864e9562a2470b487b139)] -&gt; xpath: .//word], [[AndroidDriver: chrome on ANDROID (51a5b69d350864e9562a2470b487b139)] -&gt; xpath: .//word], [[AndroidDriver: chrome on ANDROID (51a5b69d350864e9562a2470b487b139)] -&gt; xpath: .//word], [[AndroidDriver: chrome on ANDROID (51a5b69d350864e9562a2470b487b139)] -&gt; xpath: .//word], [[AndroidDriver: chrome on ANDROID (51a5b69d350864e9562a2470b487b139)] -&gt; xpath: .//word], [[AndroidDriver: chrome on ANDROID (51a5b69d350864e9562a2470b487b139)] -&gt; xpath: .//word], [[AndroidDriver: chrome on ANDROID (51a5b69d350864e9562a2470b487b139)] -&gt; xpath: .//word], [[AndroidDriver: chrome on ANDROID (51a5b69d350864e9562a2470b487b139)] -&gt; xpath: .//word], [[AndroidDriver: chrome on ANDROID (51a5b69d350864e9562a2470b487b139)] -&gt; xpath: .//word], [[AndroidDriver: chrome on ANDROID (51a5b69d350864e9562a2470b487b139)] -&gt; xpath: .//word], [[AndroidDriver: chrome on ANDROID (51a5b69d350864e9562a2470b487b139)] -&gt; xpath: .//word], [[AndroidDriver: chrome on ANDROID (51a5b69d350864e9562a2470b487b139)] -&gt; xpath: .//word], [[AndroidDriver: chrome on ANDROID (51a5b69d350864e9562a2470b487b139)] -&gt; xpath: .//word], [[AndroidDriver: chrome on ANDROID (51a5b69d350864e9562a2470b487b139)] -&gt; xpath: .//word], [[AndroidDriver: chrome on ANDROID (51a5b69d350864e9562a2470b487b139)] -&gt; xpath: .//word], [[AndroidDriver: chrome on ANDROID (51a5b69d350864e9562a2470b487b139)] -&gt; xpath: .//word], [[AndroidDriver: chrome on ANDROID (51a5b69d350864e9562a2470b487b139)] -&gt; xpath: .//word], [[AndroidDriver: chrome on ANDROID (51a5b69d350864e9562a2470b487b139)] -&gt; xpath: .//word], [[AndroidDriver: chrome on ANDROID (51a5b69d350864e9562a2470b487b139)] -&gt; xpath: .//word], [[AndroidDriver: chrome on ANDROID (51a5b69d350864e9562a2470b487b139)] -&gt; xpath: .//word], [[AndroidDriver: chrome on ANDROID (51a5b69d350864e9562a2470b487b139)] -&gt; xpath: .//word], [[AndroidDriver: chrome on ANDROID (51a5b69d350864e9562a2470b487b139)] -&gt; xpath: .//word], [[AndroidDriver: chrome on ANDROID (51a5b69d350864e9562a2470b487b139)] -&gt; xpath: .//word], [[AndroidDriver: chrome on ANDROID (51a5b69d350864e9562a2470b487b139)] -&gt; xpath: .//word], [[AndroidDriver: chrome on ANDROID (51a5b69d350864e9562a2470b487b139)] -&gt; xpath: .//word], [[AndroidDriver: chrome on ANDROID (51a5b69d350864e9562a2470b487b139)] -&gt; xpath: .//word], [[AndroidDriver: chrome on ANDROID (51a5b69d350864e9562a2470b487b139)] -&gt; xpath: .//word], [[AndroidDriver: chrome on ANDROID (51a5b69d350864e9562a2470b487b139)] -&gt; xpath: .//word], [[AndroidDriver: chrome on ANDROID (51a5b69d350864e9562a2470b487b139)] -&gt; xpath: .//word], [[AndroidDriver: chrome on ANDROID (51a5b69d350864e9562a2470b487b139)] -&gt; xpath: .//word], [[AndroidDriver: chrome on ANDROID (51a5b69d350864e9562a2470b487b139)] -&gt; xpath: .//word], [[AndroidDriver: chrome on ANDROID (51a5b69d350864e9562a2470b487b139)] -&gt; xpath: .//word], [[AndroidDriver: chrome on ANDROID (51a5b69d350864e9562a2470b487b139)] -&gt; xpath: .//word], [[AndroidDriver: chrome on ANDROID (51a5b69d350864e9562a2470b487b139)] -&gt; xpath: .//word], [[AndroidDriver: chrome on ANDROID (51a5b69d350864e9562a2470b487b139)] -&gt; xpath: .//word], [[AndroidDriver: chrome on ANDROID (51a5b69d350864e9562a2470b487b139)] -&gt; xpath: .//word], [[AndroidDriver: chrome on ANDROID (51a5b69d350864e9562a2470b487b139)] -&gt; xpath: .//word], [[AndroidDriver: chrome on ANDROID (51a5b69d350864e9562a2470b487b139)] -&gt; xpath: .//word], [[AndroidDriver: chrome on ANDROID (51a5b69d350864e9562a2470b487b139)] -&gt; xpath: .//word], [[AndroidDriver: chrome on ANDROID (51a5b69d350864e9562a2470b487b139)] -&gt; xpath: .//word], [[AndroidDriver: chrome on ANDROID (51a5b69d350864e9562a2470b487b139)] -&gt; xpath: .//word], [[AndroidDriver: chrome on ANDROID (51a5b69d350864e9562a2470b487b139)] -&gt; xpath: .//word], [[AndroidDriver: chrome on ANDROID (51a5b69d350864e9562a2470b487b139)] -&gt; xpath: .//word], [[AndroidDriver: chrome on ANDROID (51a5b69d350864e9562a2470b487b139)] -&gt; xpath: .//word], [[AndroidDriver: chrome on ANDROID (51a5b69d350864e9562a2470b487b139)] -&gt; xpath: .//word], [[AndroidDriver: chrome on ANDROID (51a5b69d350864e9562a2470b487b139)] -&gt; xpath: .//word], [[AndroidDriver: chrome on ANDROID (51a5b69d350864e9562a2470b487b139)] -&gt; xpath: .//word], [[AndroidDriver: chrome on ANDROID (51a5b69d350864e9562a2470b487b139)] -&gt; xpath: .//word], [[AndroidDriver: chrome on ANDROID (51a5b69d350864e9562a2470b487b139)] -&gt; xpath: .//word], [[AndroidDriver: chrome on ANDROID (51a5b69d350864e9562a2470b487b139)] -&gt; xpath: .//word], [[AndroidDriver: chrome on ANDROID (51a5b69d350864e9562a2470b487b139)] -&gt; xpath: .//word], [[AndroidDriver: chrome on ANDROID (51a5b69d350864e9562a2470b487b139)] -&gt; xpath: .//word], [[AndroidDriver: chrome on ANDROID (51a5b69d350864e9562a2470b487b139)] -&gt; xpath: .//word], [[AndroidDriver: chrome on ANDROID (51a5b69d350864e9562a2470b487b139)] -&gt; xpath: .//word], [[AndroidDriver: chrome on ANDROID (51a5b69d350864e9562a2470b487b139)] -&gt; xpath: .//word], [[AndroidDriver: chrome on ANDROID (51a5b69d350864e9562a2470b487b139)] -&gt; xpath: .//word], [[AndroidDriver: chrome on ANDROID (51a5b69d350864e9562a2470b487b139)] -&gt; xpath: .//word], [[AndroidDriver: chrome on ANDROID (51a5b69d350864e9562a2470b487b139)] -&gt; xpath: .//word], [[AndroidDriver: chrome on ANDROID (51a5b69d350864e9562a2470b487b139)] -&gt; xpath: .//word], [[AndroidDriver: chrome on ANDROID (51a5b69d350864e9562a2470b487b139)] -&gt; xpath: .//word], [[AndroidDriver: chrome on ANDROID (51a5b69d350864e9562a2470b487b139)] -&gt; xpath: .//word], [[AndroidDriver: chrome on ANDROID (51a5b69d350864e9562a2470b487b139)] -&gt; xpath: .//word], [[AndroidDriver: chrome on ANDROID (51a5b69d350864e9562a2470b487b139)] -&gt; xpath: .//word], [[AndroidDriver: chrome on ANDROID (51a5b69d350864e9562a2470b487b139)] -&gt; xpath: .//word], [[AndroidDriver: chrome on ANDROID (51a5b69d350864e9562a2470b487b139)] -&gt; xpath: .//word], [[AndroidDriver: chrome on ANDROID (51a5b69d350864e9562a2470b487b139)] -&gt; xpath: .//word], [[AndroidDriver: chrome on ANDROID (51a5b69d350864e9562a2470b487b139)] -&gt; xpath: .//word], [[AndroidDriver: chrome on ANDROID (51a5b69d350864e9562a2470b487b139)] -&gt; xpath: .//word], [[AndroidDriver: chrome on ANDROID (51a5b69d350864e9562a2470b487b139)] -&gt; xpath: .//word], [[AndroidDriver: chrome on ANDROID (51a5b69d350864e9562a2470b487b139)] -&gt; xpath: .//word], [[AndroidDriver: chrome on ANDROID (51a5b69d350864e9562a2470b487b139)] -&gt; xpath: .//word], [[AndroidDriver: chrome on ANDROID (51a5b69d350864e9562a2470b487b139)] -&gt; xpath: .//word], [[AndroidDriver: chrome on ANDROID (51a5b69d350864e9562a2470b487b139)] -&gt; xpath: .//word], [[AndroidDriver: chrome on ANDROID (51a5b69d350864e9562a2470b487b139)] -&gt; xpath: .//word], [[AndroidDriver: chrome on ANDROID (51a5b69d350864e9562a2470b487b139)] -&gt; xpath: .//word], [[AndroidDriver: chrome on ANDROID (51a5b69d350864e9562a2470b487b139)] -&gt; xpath: .//word], [[AndroidDriver: chrome on ANDROID (51a5b69d350864e9562a2470b487b139)] -&gt; xpath: .//word], [[AndroidDriver: chrome on ANDROID (51a5b69d350864e9562a2470b487b139)] -&gt; xpath: .//word], [[AndroidDriver: chrome on ANDROID (51a5b69d350864e9562a2470b487b139)] -&gt; xpath: .//word], [[AndroidDriver: chrome on ANDROID (51a5b69d350864e9562a2470b487b139)] -&gt; xpath: .//word], [[AndroidDriver: chrome on ANDROID (51a5b69d350864e9562a2470b487b139)] -&gt; xpath: .//word], [[AndroidDriver: chrome on ANDROID (51a5b69d350864e9562a2470b487b139)] -&gt; xpath: .//word], [[AndroidDriver: chrome on ANDROID (51a5b69d350864e9562a2470b487b139)] -&gt; xpath: .//word], [[AndroidDriver: chrome on ANDROID (51a5b69d350864e9562a2470b487b139)] -&gt; xpath: .//word], [[AndroidDriver: chrome on ANDROID (51a5b69d350864e9562a2470b487b139)] -&gt; xpath: .//word], [[AndroidDriver: chrome on ANDROID (51a5b69d350864e9562a2470b487b139)] -&gt; xpath: .//word], [[AndroidDriver: chrome on ANDROID (51a5b69d350864e9562a2470b487b139)] -&gt; xpath: .//word], [[AndroidDriver: chrome on ANDROID (51a5b69d350864e9562a2470b487b139)] -&gt; xpath: .//word], [[AndroidDriver: chrome on ANDROID (51a5b69d350864e9562a2470b487b139)] -&gt; xpath: .//word], [[AndroidDriver: chrome on ANDROID (51a5b69d350864e9562a2470b487b139)] -&gt; xpath: .//word], [[AndroidDriver: chrome on ANDROID (51a5b69d350864e9562a2470b487b139)] -&gt; xpath: .//word], [[AndroidDriver: chrome on ANDROID (51a5b69d350864e9562a2470b487b139)] -&gt; xpath: .//word], [[AndroidDriver: chrome on ANDROID (51a5b69d350864e9562a2470b487b139)] -&gt; xpath: .//word], [[AndroidDriver: chrome on ANDROID (51a5b69d350864e9562a2470b487b139)] -&gt; xpath: .//word], [[AndroidDriver: chrome on ANDROID (51a5b69d350864e9562a2470b487b139)] -&gt; xpath: .//word], [[AndroidDriver: chrome on ANDROID (51a5b69d350864e9562a2470b487b139)] -&gt; xpath: .//word], [[AndroidDriver: chrome on ANDROID (51a5b69d350864e9562a2470b487b139)] -&gt; xpath: .//word], [[AndroidDriver: chrome on ANDROID (51a5b69d350864e9562a2470b487b139)] -&gt; xpath: .//word], [[AndroidDriver: chrome on ANDROID (51a5b69d350864e9562a2470b487b139)] -&gt; xpath: .//word], [[AndroidDriver: chrome on ANDROID (51a5b69d350864e9562a2470b487b139)] -&gt; xpath: .//word], [[AndroidDriver: chrome on ANDROID (51a5b69d350864e9562a2470b487b139)] -&gt; xpath: .//word], [[AndroidDriver: chrome on ANDROID (51a5b69d350864e9562a2470b487b139)] -&gt; xpath: .//word], [[AndroidDriver: chrome on ANDROID (51a5b69d350864e9562a2470b487b139)] -&gt; xpath: .//word], [[AndroidDriver: chrome on ANDROID (51a5b69d350864e9562a2470b487b139)] -&gt; xpath: .//word], [[AndroidDriver: chrome on ANDROID (51a5b69d350864e9562a2470b487b139)] -&gt; xpath: .//word], [[AndroidDriver: chrome on ANDROID (51a5b69d350864e9562a2470b487b139)] -&gt; xpath: .//word], [[AndroidDriver: chrome on ANDROID (51a5b69d350864e9562a2470b487b139)] -&gt; xpath: .//word], [[AndroidDriver: chrome on ANDROID (51a5b69d350864e9562a2470b487b139)] -&gt; xpath: .//word], [[AndroidDriver: chrome on ANDROID (51a5b69d350864e9562a2470b487b139)] -&gt; xpath: .//word], [[AndroidDriver: chrome on ANDROID (51a5b69d350864e9562a2470b487b139)] -&gt; xpath: .//word], [[AndroidDriver: chrome on ANDROID (51a5b69d350864e9562a2470b487b139)] -&gt; xpath: .//word], [[AndroidDriver: chrome on ANDROID (51a5b69d350864e9562a2470b487b139)] -&gt; xpath: .//word], [[AndroidDriver: chrome on ANDROID (51a5b69d350864e9562a2470b487b139)] -&gt; xpath: .//word], [[AndroidDriver: chrome on ANDROID (51a5b69d350864e9562a2470b487b139)] -&gt; xpath: .//word], [[AndroidDriver: chrome on ANDROID (51a5b69d350864e9562a2470b487b139)] -&gt; xpath: .//word], [[AndroidDriver: chrome on ANDROID (51a5b69d350864e9562a2470b487b139)] -&gt; xpath: .//word], [[AndroidDriver: chrome on ANDROID (51a5b69d350864e9562a2470b487b139)] -&gt; xpath: .//word], [[AndroidDriver: chrome on ANDROID (51a5b69d350864e9562a2470b487b139)] -&gt; xpath: .//word], [[AndroidDriver: chrome on ANDROID (51a5b69d350864e9562a2470b487b139)] -&gt; xpath: .//word], [[AndroidDriver: chrome on ANDROID (51a5b69d350864e9562a2470b487b139)] -&gt; xpath: .//word], [[AndroidDriver: chrome on ANDROID (51a5b69d350864e9562a2470b487b139)] -&gt; xpath: .//word], [[AndroidDriver: chrome on ANDROID (51a5b69d350864e9562a2470b487b139)] -&gt; xpath: .//word], [[AndroidDriver: chrome on ANDROID (51a5b69d350864e9562a2470b487b139)] -&gt; xpath: .//word], [[AndroidDriver: chrome on ANDROID (51a5b69d350864e9562a2470b487b139)] -&gt; xpath: .//word], [[AndroidDriver: chrome on ANDROID (51a5b69d350864e9562a2470b487b139)] -&gt; xpath: .//word], [[AndroidDriver: chrome on ANDROID (51a5b69d350864e9562a2470b487b139)] -&gt; xpath: .//word], [[AndroidDriver: chrome on ANDROID (51a5b69d350864e9562a2470b487b139)] -&gt; xpath: .//word], [[AndroidDriver: chrome on ANDROID (51a5b69d350864e9562a2470b487b139)] -&gt; xpath: .//word], [[AndroidDriver: chrome on ANDROID (51a5b69d350864e9562a2470b487b139)] -&gt; xpath: .//word], [[AndroidDriver: chrome on ANDROID (51a5b69d350864e9562a2470b487b139)] -&gt; xpath: .//word], [[AndroidDriver: chrome on ANDROID (51a5b69d350864e9562a2470b487b139)] -&gt; xpath: .//word], [[AndroidDriver: chrome on ANDROID (51a5b69d350864e9562a2470b487b139)] -&gt; xpath: .//word], [[AndroidDriver: chrome on ANDROID (51a5b69d350864e9562a2470b487b139)] -&gt; xpath: .//word], [[AndroidDriver: chrome on ANDROID (51a5b69d350864e9562a2470b487b139)] -&gt; xpath: .//word], [[AndroidDriver: chrome on ANDROID (51a5b69d350864e9562a2470b487b139)] -&gt; xpath: .//word], [[AndroidDriver: chrome on ANDROID (51a5b69d350864e9562a2470b487b139)] -&gt; xpath: .//word], [[AndroidDriver: chrome on ANDROID (51a5b69d350864e9562a2470b487b139)] -&gt; xpath: .//word], [[AndroidDriver: chrome on ANDROID (51a5b69d350864e9562a2470b487b139)] -&gt; xpath: .//word], [[AndroidDriver: chrome on ANDROID (51a5b69d350864e9562a2470b487b139)] -&gt; xpath: .//word], [[AndroidDriver: chrome on ANDROID (51a5b69d350864e9562a2470b487b139)] -&gt; xpath: .//word], [[AndroidDriver: chrome on ANDROID (51a5b69d350864e9562a2470b487b139)] -&gt; xpath: .//word], [[AndroidDriver: chrome on ANDROID (51a5b69d350864e9562a2470b487b139)] -&gt; xpath: .//word], [[AndroidDriver: chrome on ANDROID (51a5b69d350864e9562a2470b487b139)] -&gt; xpath: .//word], [[AndroidDriver: chrome on ANDROID (51a5b69d350864e9562a2470b487b139)] -&gt; xpath: .//word], [[AndroidDriver: chrome on ANDROID (51a5b69d350864e9562a2470b487b139)] -&gt; xpath: .//word], [[AndroidDriver: chrome on ANDROID (51a5b69d350864e9562a2470b487b139)] -&gt; xpath: .//word], [[AndroidDriver: chrome on ANDROID (51a5b69d350864e9562a2470b487b139)] -&gt; xpath: .//word], [[AndroidDriver: chrome on ANDROID (51a5b69d350864e9562a2470b487b139)] -&gt; xpath: .//word], [[AndroidDriver: chrome on ANDROID (51a5b69d350864e9562a2470b487b139)] -&gt; xpath: .//word], [[AndroidDriver: chrome on ANDROID (51a5b69d350864e9562a2470b487b139)] -&gt; xpath: .//word], [[AndroidDriver: chrome on ANDROID (51a5b69d350864e9562a2470b487b139)] -&gt; xpath: .//word], [[AndroidDriver: chrome on ANDROID (51a5b69d350864e9562a2470b487b139)] -&gt; xpath: .//word], [[AndroidDriver: chrome on ANDROID (51a5b69d350864e9562a2470b487b139)] -&gt; xpath: .//word], [[AndroidDriver: chrome on ANDROID (51a5b69d350864e9562a2470b487b139)] -&gt; xpath: .//word], [[AndroidDriver: chrome on ANDROID (51a5b69d350864e9562a2470b487b139)] -&gt; xpath: .//word], [[AndroidDriver: chrome on ANDROID (51a5b69d350864e9562a2470b487b139)] -&gt; xpath: .//word], [[AndroidDriver: chrome on ANDROID (51a5b69d350864e9562a2470b487b139)] -&gt; xpath: .//word], [[AndroidDriver: chrome on ANDROID (51a5b69d350864e9562a2470b487b139)] -&gt; xpath: .//word], [[AndroidDriver: chrome on ANDROID (51a5b69d350864e9562a2470b487b139)] -&gt; xpath: .//word], [[AndroidDriver: chrome on ANDROID (51a5b69d350864e9562a2470b487b139)] -&gt; xpath: .//word], [[AndroidDriver: chrome on ANDROID (51a5b69d350864e9562a2470b487b139)] -&gt; xpath: .//word], [[AndroidDriver: chrome on ANDROID (51a5b69d350864e9562a2470b487b139)] -&gt; xpath: .//word], [[AndroidDriver: chrome on ANDROID (51a5b69d350864e9562a2470b487b139)] -&gt; xpath: .//word], [[AndroidDriver: chrome on ANDROID (51a5b69d350864e9562a2470b487b139)] -&gt; xpath: .//word], [[AndroidDriver: chrome on ANDROID (51a5b69d350864e9562a2470b487b139)] -&gt; xpath: .//word], [[AndroidDriver: chrome on ANDROID (51a5b69d350864e9562a2470b487b139)] -&gt; xpath: .//word], [[AndroidDriver: chrome on ANDROID (51a5b69d350864e9562a2470b487b139)] -&gt; xpath: .//word], [[AndroidDriver: chrome on ANDROID (51a5b69d350864e9562a2470b487b139)] -&gt; xpath: .//word], [[AndroidDriver: chrome on ANDROID (51a5b69d350864e9562a2470b487b139)] -&gt; xpath: .//word], [[AndroidDriver: chrome on ANDROID (51a5b69d350864e9562a2470b487b139)] -&gt; xpath: .//word], [[AndroidDriver: chrome on ANDROID (51a5b69d350864e9562a2470b487b139)] -&gt; xpath: .//word], [[AndroidDriver: chrome on ANDROID (51a5b69d350864e9562a2470b487b139)] -&gt; xpath: .//word], [[AndroidDriver: chrome on ANDROID (51a5b69d350864e9562a2470b487b139)] -&gt; xpath: .//word], [[AndroidDriver: chrome on ANDROID (51a5b69d350864e9562a2470b487b139)] -&gt; xpath: .//word], [[AndroidDriver: chrome on ANDROID (51a5b69d350864e9562a2470b487b139)] -&gt; xpath: .//word], [[AndroidDriver: chrome on ANDROID (51a5b69d350864e9562a2470b487b139)] -&gt; xpath: .//word], [[AndroidDriver: chrome on ANDROID (51a5b69d350864e9562a2470b487b139)] -&gt; xpath: .//word], [[AndroidDriver: chrome on ANDROID (51a5b69d350864e9562a2470b487b139)] -&gt; xpath: .//word], [[AndroidDriver: chrome on ANDROID (51a5b69d350864e9562a2470b487b139)] -&gt; xpath: .//word], [[AndroidDriver: chrome on ANDROID (51a5b69d350864e9562a2470b487b139)] -&gt; xpath: .//word], [[AndroidDriver: chrome on ANDROID (51a5b69d350864e9562a2470b487b139)] -&gt; xpath: .//word], [[AndroidDriver: chrome on ANDROID (51a5b69d350864e9562a2470b487b139)] -&gt; xpath: .//word], [[AndroidDriver: chrome on ANDROID (51a5b69d350864e9562a2470b487b139)] -&gt; xpath: .//word], [[AndroidDriver: chrome on ANDROID (51a5b69d350864e9562a2470b487b139)] -&gt; xpath: .//word], [[AndroidDriver: chrome on ANDROID (51a5b69d350864e9562a2470b487b139)] -&gt; xpath: .//word], [[AndroidDriver: chrome on ANDROID (51a5b69d350864e9562a2470b487b139)] -&gt; xpath: .//word], [[AndroidDriver: chrome on ANDROID (51a5b69d350864e9562a2470b487b139)] -&gt; xpath: .//word], [[AndroidDriver: chrome on ANDROID (51a5b69d350864e9562a2470b487b139)] -&gt; xpath: .//word], [[AndroidDriver: chrome on ANDROID (51a5b69d350864e9562a2470b487b139)] -&gt; xpath: .//word], [[AndroidDriver: chrome on ANDROID (51a5b69d350864e9562a2470b487b139)] -&gt; xpath: .//word], [[AndroidDriver: chrome on ANDROID (51a5b69d350864e9562a2470b487b139)] -&gt; xpath: .//word], [[AndroidDriver: chrome on ANDROID (51a5b69d350864e9562a2470b487b139)] -&gt; xpath: .//word], [[AndroidDriver: chrome on ANDROID (51a5b69d350864e9562a2470b487b139)] -&gt; xpath: .//word], [[AndroidDriver: chrome on ANDROID (51a5b69d350864e9562a2470b487b139)] -&gt; xpath: .//word], [[AndroidDriver: chrome on ANDROID (51a5b69d350864e9562a2470b487b139)] -&gt; xpath: .//word], [[AndroidDriver: chrome on ANDROID (51a5b69d350864e9562a2470b487b139)] -&gt; xpath: .//word], [[AndroidDriver: chrome on ANDROID (51a5b69d350864e9562a2470b487b139)] -&gt; xpath: .//word], [[AndroidDriver: chrome on ANDROID (51a5b69d350864e9562a2470b487b139)] -&gt; xpath: .//word], [[AndroidDriver: chrome on ANDROID (51a5b69d350864e9562a2470b487b139)] -&gt; xpath: .//word], [[AndroidDriver: chrome on ANDROID (51a5b69d350864e9562a2470b487b139)] -&gt; xpath: .//word], [[AndroidDriver: chrome on ANDROID (51a5b69d350864e9562a2470b487b139)] -&gt; xpath: .//word], [[AndroidDriver: chrome on ANDROID (51a5b69d350864e9562a2470b487b139)] -&gt; xpath: .//word], [[AndroidDriver: chrome on ANDROID (51a5b69d350864e9562a2470b487b139)] -&gt; xpath: .//word], [[AndroidDriver: chrome on ANDROID (51a5b69d350864e9562a2470b487b139)] -&gt; xpath: .//word], [[AndroidDriver: chrome on ANDROID (51a5b69d350864e9562a2470b487b139)] -&gt; xpath: .//word], [[AndroidDriver: chrome on ANDROID (51a5b69d350864e9562a2470b487b139)] -&gt; xpath: .//word], [[AndroidDriver: chrome on ANDROID (51a5b69d350864e9562a2470b487b139)] -&gt; xpath: .//word], [[AndroidDriver: chrome on ANDROID (51a5b69d350864e9562a2470b487b139)] -&gt; xpath: .//word], [[AndroidDriver: chrome on ANDROID (51a5b69d350864e9562a2470b487b139)] -&gt; xpath: .//word], [[AndroidDriver: chrome on ANDROID (51a5b69d350864e9562a2470b487b139)] -&gt; xpath: .//word], [[AndroidDriver: chrome on ANDROID (51a5b69d350864e9562a2470b487b139)] -&gt; xpath: .//word], [[AndroidDriver: chrome on ANDROID (51a5b69d350864e9562a2470b487b139)] -&gt; xpath: .//word], [[AndroidDriver: chrome on ANDROID (51a5b69d350864e9562a2470b487b139)] -&gt; xpath: .//word], [[AndroidDriver: chrome on ANDROID (51a5b69d350864e9562a2470b487b139)] -&gt; xpath: .//word], [[AndroidDriver: chrome on ANDROID (51a5b69d350864e9562a2470b487b139)] -&gt; xpath: .//word], [[AndroidDriver: chrome on ANDROID (51a5b69d350864e9562a2470b487b139)] -&gt; xpath: .//word], [[AndroidDriver: chrome on ANDROID (51a5b69d350864e9562a2470b487b139)] -&gt; xpath: .//word], [[AndroidDriver: chrome on ANDROID (51a5b69d350864e9562a2470b487b139)] -&gt; xpath: .//word], [[AndroidDriver: chrome on ANDROID (51a5b69d350864e9562a2470b487b139)] -&gt; xpath: .//word], [[AndroidDriver: chrome on ANDROID (51a5b69d350864e9562a2470b487b139)] -&gt; xpath: .//word], [[AndroidDriver: chrome on ANDROID (51a5b69d350864e9562a2470b487b139)] -&gt; xpath: .//word], [[AndroidDriver: chrome on ANDROID (51a5b69d350864e9562a2470b487b139)] -&gt; xpath: .//word], [[AndroidDriver: chrome on ANDROID (51a5b69d350864e9562a2470b487b139)] -&gt; xpath: .//word], [[AndroidDriver: chrome on ANDROID (51a5b69d350864e9562a2470b487b139)] -&gt; xpath: .//word], [[AndroidDriver: chrome on ANDROID (51a5b69d350864e9562a2470b487b139)] -&gt; xpath: .//word], [[AndroidDriver: chrome on ANDROID (51a5b69d350864e9562a2470b487b139)] -&gt; xpath: .//word], [[AndroidDriver: chrome on ANDROID (51a5b69d350864e9562a2470b487b139)] -&gt; xpath: .//word], [[AndroidDriver: chrome on ANDROID (51a5b69d350864e9562a2470b487b139)] -&gt; xpath: .//word], [[AndroidDriver: chrome on ANDROID (51a5b69d350864e9562a2470b487b139)] -&gt; xpath: .//word], [[AndroidDriver: chrome on ANDROID (51a5b69d350864e9562a2470b487b139)] -&gt; xpath: .//word], [[AndroidDriver: chrome on ANDROID (51a5b69d350864e9562a2470b487b139)] -&gt; xpath: .//word], [[AndroidDriver: chrome on ANDROID (51a5b69d350864e9562a2470b487b139)] -&gt; xpath: .//word], [[AndroidDriver: chrome on ANDROID (51a5b69d350864e9562a2470b487b139)] -&gt; xpath: .//word], [[AndroidDriver: chrome on ANDROID (51a5b69d350864e9562a2470b487b139)] -&gt; xpath: .//word], [[AndroidDriver: chrome on ANDROID (51a5b69d350864e9562a2470b487b139)] -&gt; xpath: .//word], [[AndroidDriver: chrome on ANDROID (51a5b69d350864e9562a2470b487b139)] -&gt; xpath: .//word], [[AndroidDriver: chrome on ANDROID (51a5b69d350864e9562a2470b487b139)] -&gt; xpath: .//word], [[AndroidDriver: chrome on ANDROID (51a5b69d350864e9562a2470b487b139)] -&gt; xpath: .//word], [[AndroidDriver: chrome on ANDROID (51a5b69d350864e9562a2470b487b139)] -&gt; xpath: .//word], [[AndroidDriver: chrome on ANDROID (51a5b69d350864e9562a2470b487b139)] -&gt; xpath: .//word], [[AndroidDriver: chrome on ANDROID (51a5b69d350864e9562a2470b487b139)] -&gt; xpath: .//word], [[AndroidDriver: chrome on ANDROID (51a5b69d350864e9562a2470b487b139)] -&gt; xpath: .//word], [[AndroidDriver: chrome on ANDROID (51a5b69d350864e9562a2470b487b139)] -&gt; xpath: .//word], [[AndroidDriver: chrome on ANDROID (51a5b69d350864e9562a2470b487b139)] -&gt; xpath: .//word], [[AndroidDriver: chrome on ANDROID (51a5b69d350864e9562a2470b487b139)] -&gt; xpath: .//word], [[AndroidDriver: chrome on ANDROID (51a5b69d350864e9562a2470b487b139)] -&gt; xpath: .//word], [[AndroidDriver: chrome on ANDROID (51a5b69d350864e9562a2470b487b139)] -&gt; xpath: .//word], [[AndroidDriver: chrome on ANDROID (51a5b69d350864e9562a2470b487b139)] -&gt; xpath: .//word], [[AndroidDriver: chrome on ANDROID (51a5b69d350864e9562a2470b487b139)] -&gt; xpath: .//word], [[AndroidDriver: chrome on ANDROID (51a5b69d350864e9562a2470b487b139)] -&gt; xpath: .//word], [[AndroidDriver: chrome on ANDROID (51a5b69d350864e9562a2470b487b139)] -&gt; xpath: .//word], [[AndroidDriver: chrome on ANDROID (51a5b69d350864e9562a2470b487b139)] -&gt; xpath: .//word], [[AndroidDriver: chrome on ANDROID (51a5b69d350864e9562a2470b487b139)] -&gt; xpath: .//word], [[AndroidDriver: chrome on ANDROID (51a5b69d350864e9562a2470b487b139)] -&gt; xpath: .//word], [[AndroidDriver: chrome on ANDROID (51a5b69d350864e9562a2470b487b139)] -&gt; xpath: .//word], [[AndroidDriver: chrome on ANDROID (51a5b69d350864e9562a2470b487b139)] -&gt; xpath: .//word], [[AndroidDriver: chrome on ANDROID (51a5b69d350864e9562a2470b487b139)] -&gt; xpath: .//word], [[AndroidDriver: chrome on ANDROID (51a5b69d350864e9562a2470b487b139)] -&gt; xpath: .//word], [[AndroidDriver: chrome on ANDROID (51a5b69d350864e9562a2470b487b139)] -&gt; xpath: .//word], [[AndroidDriver: chrome on ANDROID (51a5b69d350864e9562a2470b487b139)] -&gt; xpath: .//word], [[AndroidDriver: chrome on ANDROID (51a5b69d350864e9562a2470b487b139)] -&gt; xpath: .//word], [[AndroidDriver: chrome on ANDROID (51a5b69d350864e9562a2470b487b139)] -&gt; xpath: .//word], [[AndroidDriver: chrome on ANDROID (51a5b69d350864e9562a2470b487b139)] -&gt; xpath: .//word], [[AndroidDriver: chrome on ANDROID (51a5b69d350864e9562a2470b487b139)] -&gt; xpath: .//word], [[AndroidDriver: chrome on ANDROID (51a5b69d350864e9562a2470b487b139)] -&gt; xpath: .//word], [[AndroidDriver: chrome on ANDROID (51a5b69d350864e9562a2470b487b139)] -&gt; xpath: .//word], [[AndroidDriver: chrome on ANDROID (51a5b69d350864e9562a2470b487b139)] -&gt; xpath: .//word], [[AndroidDriver: chrome on ANDROID (51a5b69d350864e9562a2470b487b139)] -&gt; xpath: .//word], [[AndroidDriver: chrome on ANDROID (51a5b69d350864e9562a2470b487b139)] -&gt; xpath: .//word], [[AndroidDriver: chrome on ANDROID (51a5b69d350864e9562a2470b487b139)] -&gt; xpath: .//word], [[AndroidDriver: chrome on ANDROID (51a5b69d350864e9562a2470b487b139)] -&gt; xpath: .//word], [[AndroidDriver: chrome on ANDROID (51a5b69d350864e9562a2470b487b139)] -&gt; xpath: .//word], [[AndroidDriver: chrome on ANDROID (51a5b69d350864e9562a2470b487b139)] -&gt; xpath: .//word], [[AndroidDriver: chrome on ANDROID (51a5b69d350864e9562a2470b487b139)] -&gt; xpath: .//word], [[AndroidDriver: chrome on ANDROID (51a5b69d350864e9562a2470b487b139)] -&gt; xpath: .//word], [[AndroidDriver: chrome on ANDROID (51a5b69d350864e9562a2470b487b139)] -&gt; xpath: .//word], [[AndroidDriver: chrome on ANDROID (51a5b69d350864e9562a2470b487b139)] -&gt; xpath: .//word], [[AndroidDriver: chrome on ANDROID (51a5b69d350864e9562a2470b487b139)] -&gt; xpath: .//word], [[AndroidDriver: chrome on ANDROID (51a5b69d350864e9562a2470b487b139)] -&gt; xpath: .//word], [[AndroidDriver: chrome on ANDROID (51a5b69d350864e9562a2470b487b139)] -&gt; xpath: .//word], [[AndroidDriver: chrome on ANDROID (51a5b69d350864e9562a2470b487b139)] -&gt; xpath: .//word], [[AndroidDriver: chrome on ANDROID (51a5b69d350864e9562a2470b487b139)] -&gt; xpath: .//word], [[AndroidDriver: chrome on ANDROID (51a5b69d350864e9562a2470b487b139)] -&gt; xpath: .//word], [[AndroidDriver: chrome on ANDROID (51a5b69d350864e9562a2470b487b139)] -&gt; xpath: .//word], [[AndroidDriver: chrome on ANDROID (51a5b69d350864e9562a2470b487b139)] -&gt; xpath: .//word], [[AndroidDriver: chrome on ANDROID (51a5b69d350864e9562a2470b487b139)] -&gt; xpath: .//word], [[AndroidDriver: chrome on ANDROID (51a5b69d350864e9562a2470b487b139)] -&gt; xpath: .//word], [[AndroidDriver: chrome on ANDROID (51a5b69d350864e9562a2470b487b139)] -&gt; xpath: .//word], [[AndroidDriver: chrome on ANDROID (51a5b69d350864e9562a2470b487b139)] -&gt; xpath: .//word], [[AndroidDriver: chrome on ANDROID (51a5b69d350864e9562a2470b487b139)] -&gt; xpath: .//word], [[AndroidDriver: chrome on ANDROID (51a5b69d350864e9562a2470b487b139)] -&gt; xpath: .//word], [[AndroidDriver: chrome on ANDROID (51a5b69d350864e9562a2470b487b139)] -&gt; xpath: .//word], [[AndroidDriver: chrome on ANDROID (51a5b69d350864e9562a2470b487b139)] -&gt; xpath: .//word], [[AndroidDriver: chrome on ANDROID (51a5b69d350864e9562a2470b487b139)] -&gt; xpath: .//word], [[AndroidDriver: chrome on ANDROID (51a5b69d350864e9562a2470b487b139)] -&gt; xpath: .//word], [[AndroidDriver: chrome on ANDROID (51a5b69d350864e9562a2470b487b139)] -&gt; xpath: .//word], [[AndroidDriver: chrome on ANDROID (51a5b69d350864e9562a2470b487b139)] -&gt; xpath: .//word], [[AndroidDriver: chrome on ANDROID (51a5b69d350864e9562a2470b487b139)] -&gt; xpath: .//word], [[AndroidDriver: chrome on ANDROID (51a5b69d350864e9562a2470b487b139)] -&gt; xpath: .//word], [[AndroidDriver: chrome on ANDROID (51a5b69d350864e9562a2470b487b139)] -&gt; xpath: .//word], [[AndroidDriver: chrome on ANDROID (51a5b69d350864e9562a2470b487b139)] -&gt; xpath: .//word], [[AndroidDriver: chrome on ANDROID (51a5b69d350864e9562a2470b487b139)] -&gt; xpath: .//word], [[AndroidDriver: chrome on ANDROID (51a5b69d350864e9562a2470b487b139)] -&gt; xpath: .//word], [[AndroidDriver: chrome on ANDROID (51a5b69d350864e9562a2470b487b139)] -&gt; xpath: .//word], [[AndroidDriver: chrome on ANDROID (51a5b69d350864e9562a2470b487b139)] -&gt; xpath: .//word], [[AndroidDriver: chrome on ANDROID (51a5b69d350864e9562a2470b487b139)] -&gt; xpath: .//word], [[AndroidDriver: chrome on ANDROID (51a5b69d350864e9562a2470b487b139)] -&gt; xpath: .//word], [[AndroidDriver: chrome on ANDROID (51a5b69d350864e9562a2470b487b139)] -&gt; xpath: .//word], [[AndroidDriver: chrome on ANDROID (51a5b69d350864e9562a2470b487b139)] -&gt; xpath: .//word], [[AndroidDriver: chrome on ANDROID (51a5b69d350864e9562a2470b487b139)] -&gt; xpath: .//word], [[AndroidDriver: chrome on ANDROID (51a5b69d350864e9562a2470b487b139)] -&gt; xpath: .//word], [[AndroidDriver: chrome on ANDROID (51a5b69d350864e9562a2470b487b139)] -&gt; xpath: .//word], [[AndroidDriver: chrome on ANDROID (51a5b69d350864e9562a2470b487b139)] -&gt; xpath: .//word], [[AndroidDriver: chrome on ANDROID (51a5b69d350864e9562a2470b487b139)] -&gt; xpath: .//word], [[AndroidDriver: chrome on ANDROID (51a5b69d350864e9562a2470b487b139)] -&gt; xpath: .//word], [[AndroidDriver: chrome on ANDROID (51a5b69d350864e9562a2470b487b139)] -&gt; xpath: .//word], [[AndroidDriver: chrome on ANDROID (51a5b69d350864e9562a2470b487b139)] -&gt; xpath: .//word], [[AndroidDriver: chrome on ANDROID (51a5b69d350864e9562a2470b487b139)] -&gt; xpath: .//word], [[AndroidDriver: chrome on ANDROID (51a5b69d350864e9562a2470b487b139)] -&gt; xpath: .//word], [[AndroidDriver: chrome on ANDROID (51a5b69d350864e9562a2470b487b139)] -&gt; xpath: .//word], [[AndroidDriver: chrome on ANDROID (51a5b69d350864e9562a2470b487b139)] -&gt; xpath: .//word], [[AndroidDriver: chrome on ANDROID (51a5b69d350864e9562a2470b487b139)] -&gt; xpath: .//word], [[AndroidDriver: chrome on ANDROID (51a5b69d350864e9562a2470b487b139)] -&gt; xpath: .//word], [[AndroidDriver: chrome on ANDROID (51a5b69d350864e9562a2470b487b139)] -&gt; xpath: .//word], [[AndroidDriver: chrome on ANDROID (51a5b69d350864e9562a2470b487b139)] -&gt; xpath: .//word], [[AndroidDriver: chrome on ANDROID (51a5b69d350864e9562a2470b487b139)] -&gt; xpath: .//word], [[AndroidDriver: chrome on ANDROID (51a5b69d350864e9562a2470b487b139)] -&gt; xpath: .//word], [[AndroidDriver: chrome on ANDROID (51a5b69d350864e9562a2470b487b139)] -&gt; xpath: .//word], [[AndroidDriver: chrome on ANDROID (51a5b69d350864e9562a2470b487b139)] -&gt; xpath: .//word], [[AndroidDriver: chrome on ANDROID (51a5b69d350864e9562a2470b487b139)] -&gt; xpath: .//word], [[AndroidDriver: chrome on ANDROID (51a5b69d350864e9562a2470b487b139)] -&gt; xpath: .//word], [[AndroidDriver: chrome on ANDROID (51a5b69d350864e9562a2470b487b139)] -&gt; xpath: .//word], [[AndroidDriver: chrome on ANDROID (51a5b69d350864e9562a2470b487b139)] -&gt; xpath: .//word], [[AndroidDriver: chrome on ANDROID (51a5b69d350864e9562a2470b487b139)] -&gt; xpath: .//word], [[AndroidDriver: chrome on ANDROID (51a5b69d350864e9562a2470b487b139)] -&gt; xpath: .//word], [[AndroidDriver: chrome on ANDROID (51a5b69d350864e9562a2470b487b139)] -&gt; xpath: .//word], [[AndroidDriver: chrome on ANDROID (51a5b69d350864e9562a2470b487b139)] -&gt; xpath: .//word], [[AndroidDriver: chrome on ANDROID (51a5b69d350864e9562a2470b487b139)] -&gt; xpath: .//word], [[AndroidDriver: chrome on ANDROID (51a5b69d350864e9562a2470b487b139)] -&gt; xpath: .//word], [[AndroidDriver: chrome on ANDROID (51a5b69d350864e9562a2470b487b139)] -&gt; xpath: .//word], [[AndroidDriver: chrome on ANDROID (51a5b69d350864e9562a2470b487b139)] -&gt; xpath: .//word], [[AndroidDriver: chrome on ANDROID (51a5b69d350864e9562a2470b487b139)] -&gt; xpath: .//word], [[AndroidDriver: chrome on ANDROID (51a5b69d350864e9562a2470b487b139)] -&gt; xpath: .//word], [[AndroidDriver: chrome on ANDROID (51a5b69d350864e9562a2470b487b139)] -&gt; xpath: .//word], [[AndroidDriver: chrome on ANDROID (51a5b69d350864e9562a2470b487b139)] -&gt; xpath: .//word], [[AndroidDriver: chrome on ANDROID (51a5b69d350864e9562a2470b487b139)] -&gt; xpath: .//word], [[AndroidDriver: chrome on ANDROID (51a5b69d350864e9562a2470b487b139)] -&gt; xpath: .//word], [[AndroidDriver: chrome on ANDROID (51a5b69d350864e9562a2470b487b139)] -&gt; xpath: .//word], [[AndroidDriver: chrome on ANDROID (51a5b69d350864e9562a2470b487b139)] -&gt; xpath: .//word], [[AndroidDriver: chrome on ANDROID (51a5b69d350864e9562a2470b487b139)] -&gt; xpath: .//word], [[AndroidDriver: chrome on ANDROID (51a5b69d350864e9562a2470b487b139)] -&gt; xpath: .//word], [[AndroidDriver: chrome on ANDROID (51a5b69d350864e9562a2470b487b139)] -&gt; xpath: .//word], [[AndroidDriver: chrome on ANDROID (51a5b69d350864e9562a2470b487b139)] -&gt; xpath: .//word], [[AndroidDriver: chrome on ANDROID (51a5b69d350864e9562a2470b487b139)] -&gt; xpath: .//word], [[AndroidDriver: chrome on ANDROID (51a5b69d350864e9562a2470b487b139)] -&gt; xpath: .//word], [[AndroidDriver: chrome on ANDROID (51a5b69d350864e9562a2470b487b139)] -&gt; xpath: .//word], [[AndroidDriver: chrome on ANDROID (51a5b69d350864e9562a2470b487b139)] -&gt; xpath: .//word], [[AndroidDriver: chrome on ANDROID (51a5b69d350864e9562a2470b487b139)] -&gt; xpath: .//word], [[AndroidDriver: chrome on ANDROID (51a5b69d350864e9562a2470b487b139)] -&gt; xpath: .//word], [[AndroidDriver: chrome on ANDROID (51a5b69d350864e9562a2470b487b139)] -&gt; xpath: .//word], [[AndroidDriver: chrome on ANDROID (51a5b69d350864e9562a2470b487b139)] -&gt; xpath: .//word], [[AndroidDriver: chrome on ANDROID (51a5b69d350864e9562a2470b487b139)] -&gt; xpath: .//word], [[AndroidDriver: chrome on ANDROID (51a5b69d350864e9562a2470b487b139)] -&gt; xpath: .//word], [[AndroidDriver: chrome on ANDROID (51a5b69d350864e9562a2470b487b139)] -&gt; xpath: .//word], [[AndroidDriver: chrome on ANDROID (51a5b69d350864e9562a2470b487b139)] -&gt; xpath: .//word], [[AndroidDriver: chrome on ANDROID (51a5b69d350864e9562a2470b487b139)] -&gt; xpath: .//word], [[AndroidDriver: chrome on ANDROID (51a5b69d350864e9562a2470b487b139)] -&gt; xpath: .//word], [[AndroidDriver: chrome on ANDROID (51a5b69d350864e9562a2470b487b139)] -&gt; xpath: .//word], [[AndroidDriver: chrome on ANDROID (51a5b69d350864e9562a2470b487b139)] -&gt; xpath: .//word], [[AndroidDriver: chrome on ANDROID (51a5b69d350864e9562a2470b487b139)] -&gt; xpath: .//word], [[AndroidDriver: chrome on ANDROID (51a5b69d350864e9562a2470b487b139)] -&gt; xpath: .//word], [[AndroidDriver: chrome on ANDROID (51a5b69d350864e9562a2470b487b139)] -&gt; xpath: .//word], [[AndroidDriver: chrome on ANDROID (51a5b69d350864e9562a2470b487b139)] -&gt; xpath: .//word], [[AndroidDriver: chrome on ANDROID (51a5b69d350864e9562a2470b487b139)] -&gt; xpath: .//word], [[AndroidDriver: chrome on ANDROID (51a5b69d350864e9562a2470b487b139)] -&gt; xpath: .//word], [[AndroidDriver: chrome on ANDROID (51a5b69d350864e9562a2470b487b139)] -&gt; xpath: .//word], [[AndroidDriver: chrome on ANDROID (51a5b69d350864e9562a2470b487b139)] -&gt; xpath: .//word], [[AndroidDriver: chrome on ANDROID (51a5b69d350864e9562a2470b487b139)] -&gt; xpath: .//word], [[AndroidDriver: chrome on ANDROID (51a5b69d350864e9562a2470b487b139)] -&gt; xpath: .//word], [[AndroidDriver: chrome on ANDROID (51a5b69d350864e9562a2470b487b139)] -&gt; xpath: .//word], [[AndroidDriver: chrome on ANDROID (51a5b69d350864e9562a2470b487b139)] -&gt; xpath: .//word], [[AndroidDriver: chrome on ANDROID (51a5b69d350864e9562a2470b487b139)] -&gt; xpath: .//word], [[AndroidDriver: chrome on ANDROID (51a5b69d350864e9562a2470b487b139)] -&gt; xpath: .//word], [[AndroidDriver: chrome on ANDROID (51a5b69d350864e9562a2470b487b139)] -&gt; xpath: .//word], [[AndroidDriver: chrome on ANDROID (51a5b69d350864e9562a2470b487b139)] -&gt; xpath: .//word], [[AndroidDriver: chrome on ANDROID (51a5b69d350864e9562a2470b487b139)] -&gt; xpath: .//word], [[AndroidDriver: chrome on ANDROID (51a5b69d350864e9562a2470b487b139)] -&gt; xpath: .//word], [[AndroidDriver: chrome on ANDROID (51a5b69d350864e9562a2470b487b139)] -&gt; xpath: .//word], [[AndroidDriver: chrome on ANDROID (51a5b69d350864e9562a2470b487b139)] -&gt; xpath: .//word], [[AndroidDriver: chrome on ANDROID (51a5b69d350864e9562a2470b487b139)] -&gt; xpath: .//word], [[AndroidDriver: chrome on ANDROID (51a5b69d350864e9562a2470b487b139)] -&gt; xpath: .//word], [[AndroidDriver: chrome on ANDROID (51a5b69d350864e9562a2470b487b139)] -&gt; xpath: .//word], [[AndroidDriver: chrome on ANDROID (51a5b69d350864e9562a2470b487b139)] -&gt; xpath: .//word], [[AndroidDriver: chrome on ANDROID (51a5b69d350864e9562a2470b487b139)] -&gt; xpath: .//word], [[AndroidDriver: chrome on ANDROID (51a5b69d350864e9562a2470b487b139)] -&gt; xpath: .//word], [[AndroidDriver: chrome on ANDROID (51a5b69d350864e9562a2470b487b139)] -&gt; xpath: .//word], [[AndroidDriver: chrome on ANDROID (51a5b69d350864e9562a2470b487b139)] -&gt; xpath: .//word], [[AndroidDriver: chrome on ANDROID (51a5b69d350864e9562a2470b487b139)] -&gt; xpath: .//word], [[AndroidDriver: chrome on ANDROID (51a5b69d350864e9562a2470b487b139)] -&gt; xpath: .//word], [[AndroidDriver: chrome on ANDROID (51a5b69d350864e9562a2470b487b139)] -&gt; xpath: .//word], [[AndroidDriver: chrome on ANDROID (51a5b69d350864e9562a2470b487b139)] -&gt; xpath: .//word], [[AndroidDriver: chrome on ANDROID (51a5b69d350864e9562a2470b487b139)] -&gt; xpath: .//word], [[AndroidDriver: chrome on ANDROID (51a5b69d350864e9562a2470b487b139)] -&gt; xpath: .//word], [[AndroidDriver: chrome on ANDROID (51a5b69d350864e9562a2470b487b139)] -&gt; xpath: .//word], [[AndroidDriver: chrome on ANDROID (51a5b69d350864e9562a2470b487b139)] -&gt; xpath: .//word], [[AndroidDriver: chrome on ANDROID (51a5b69d350864e9562a2470b487b139)] -&gt; xpath: .//word], [[AndroidDriver: chrome on ANDROID (51a5b69d350864e9562a2470b487b139)] -&gt; xpath: .//word], [[AndroidDriver: chrome on ANDROID (51a5b69d350864e9562a2470b487b139)] -&gt; xpath: .//word], [[AndroidDriver: chrome on ANDROID (51a5b69d350864e9562a2470b487b139)] -&gt; xpath: .//word], [[AndroidDriver: chrome on ANDROID (51a5b69d350864e9562a2470b487b139)] -&gt; xpath: .//word], [[AndroidDriver: chrome on ANDROID (51a5b69d350864e9562a2470b487b139)] -&gt; xpath: .//word], [[AndroidDriver: chrome on ANDROID (51a5b69d350864e9562a2470b487b139)] -&gt; xpath: .//word], [[AndroidDriver: chrome on ANDROID (51a5b69d350864e9562a2470b487b139)] -&gt; xpath: .//word], [[AndroidDriver: chrome on ANDROID (51a5b69d350864e9562a2470b487b139)] -&gt; xpath: .//word], [[AndroidDriver: chrome on ANDROID (51a5b69d350864e9562a2470b487b139)] -&gt; xpath: .//word], [[AndroidDriver: chrome on ANDROID (51a5b69d350864e9562a2470b487b139)] -&gt; xpath: .//word], [[AndroidDriver: chrome on ANDROID (51a5b69d350864e9562a2470b487b139)] -&gt; xpath: .//word], [[AndroidDriver: chrome on ANDROID (51a5b69d350864e9562a2470b487b139)] -&gt; xpath: .//word], [[AndroidDriver: chrome on ANDROID (51a5b69d350864e9562a2470b487b139)] -&gt; xpath: .//word], [[AndroidDriver: chrome on ANDROID (51a5b69d350864e9562a2470b487b139)] -&gt; xpath: .//word], [[AndroidDriver: chrome on ANDROID (51a5b69d350864e9562a2470b487b139)] -&gt; xpath: .//word], [[AndroidDriver: chrome on ANDROID (51a5b69d350864e9562a2470b487b139)] -&gt; xpath: .//word], [[AndroidDriver: chrome on ANDROID (51a5b69d350864e9562a2470b487b139)] -&gt; xpath: .//word], [[AndroidDriver: chrome on ANDROID (51a5b69d350864e9562a2470b487b139)] -&gt; xpath: .//word], [[AndroidDriver: chrome on ANDROID (51a5b69d350864e9562a2470b487b139)] -&gt; xpath: .//word], [[AndroidDriver: chrome on ANDROID (51a5b69d350864e9562a2470b487b139)] -&gt; xpath: .//word], [[AndroidDriver: chrome on ANDROID (51a5b69d350864e9562a2470b487b139)] -&gt; xpath: .//word], [[AndroidDriver: chrome on ANDROID (51a5b69d350864e9562a2470b487b139)] -&gt; xpath: .//word], [[AndroidDriver: chrome on ANDROID (51a5b69d350864e9562a2470b487b139)] -&gt; xpath: .//word], [[AndroidDriver: chrome on ANDROID (51a5b69d350864e9562a2470b487b139)] -&gt; xpath: .//word], [[AndroidDriver: chrome on ANDROID (51a5b69d350864e9562a2470b487b139)] -&gt; xpath: .//word], [[AndroidDriver: chrome on ANDROID (51a5b69d350864e9562a2470b487b139)] -&gt; xpath: .//word], [[AndroidDriver: chrome on ANDROID (51a5b69d350864e9562a2470b487b139)] -&gt; xpath: .//word], [[AndroidDriver: chrome on ANDROID (51a5b69d350864e9562a2470b487b139)] -&gt; xpath: .//word], [[AndroidDriver: chrome on ANDROID (51a5b69d350864e9562a2470b487b139)] -&gt; xpath: .//word], [[AndroidDriver: chrome on ANDROID (51a5b69d350864e9562a2470b487b139)] -&gt; xpath: .//word], [[AndroidDriver: chrome on ANDROID (51a5b69d350864e9562a2470b487b139)] -&gt; xpath: .//word], [[AndroidDriver: chrome on ANDROID (51a5b69d350864e9562a2470b487b139)] -&gt; xpath: .//word], [[AndroidDriver: chrome on ANDROID (51a5b69d350864e9562a2470b487b139)] -&gt; xpath: .//word], [[AndroidDriver: chrome on ANDROID (51a5b69d350864e9562a2470b487b139)] -&gt; xpath: .//word], [[AndroidDriver: chrome on ANDROID (51a5b69d350864e9562a2470b487b139)] -&gt; xpath: .//word], [[AndroidDriver: chrome on ANDROID (51a5b69d350864e9562a2470b487b139)] -&gt; xpath: .//word], [[AndroidDriver: chrome on ANDROID (51a5b69d350864e9562a2470b487b139)] -&gt; xpath: .//word], [[AndroidDriver: chrome on ANDROID (51a5b69d350864e9562a2470b487b139)] -&gt; xpath: .//word], [[AndroidDriver: chrome on ANDROID (51a5b69d350864e9562a2470b487b139)] -&gt; xpath: .//word], [[AndroidDriver: chrome on ANDROID (51a5b69d350864e9562a2470b487b139)] -&gt; xpath: .//word], [[AndroidDriver: chrome on ANDROID (51a5b69d350864e9562a2470b487b139)] -&gt; xpath: .//word], [[AndroidDriver: chrome on ANDROID (51a5b69d350864e9562a2470b487b139)] -&gt; xpath: .//word], [[AndroidDriver: chrome on ANDROID (51a5b69d350864e9562a2470b487b139)] -&gt; xpath: .//word], [[AndroidDriver: chrome on ANDROID (51a5b69d350864e9562a2470b487b139)] -&gt; xpath: .//word], [[AndroidDriver: chrome on ANDROID (51a5b69d350864e9562a2470b487b139)] -&gt; xpath: .//word], [[AndroidDriver: chrome on ANDROID (51a5b69d350864e9562a2470b487b139)] -&gt; xpath: .//word], [[AndroidDriver: chrome on ANDROID (51a5b69d350864e9562a2470b487b139)] -&gt; xpath: .//word], [[AndroidDriver: chrome on ANDROID (51a5b69d350864e9562a2470b487b139)] -&gt; xpath: .//word], [[AndroidDriver: chrome on ANDROID (51a5b69d350864e9562a2470b487b139)] -&gt; xpath: .//word], [[AndroidDriver: chrome on ANDROID (51a5b69d350864e9562a2470b487b139)] -&gt; xpath: .//word], [[AndroidDriver: chrome on ANDROID (51a5b69d350864e9562a2470b487b139)] -&gt; xpath: .//word], [[AndroidDriver: chrome on ANDROID (51a5b69d350864e9562a2470b487b139)] -&gt; xpath: .//word], [[AndroidDriver: chrome on ANDROID (51a5b69d350864e9562a2470b487b139)] -&gt; xpath: .//word], [[AndroidDriver: chrome on ANDROID (51a5b69d350864e9562a2470b487b139)] -&gt; xpath: .//word], [[AndroidDriver: chrome on ANDROID (51a5b69d350864e9562a2470b487b139)] -&gt; xpath: .//word], [[AndroidDriver: chrome on ANDROID (51a5b69d350864e9562a2470b487b139)] -&gt; xpath: .//word], [[AndroidDriver: chrome on ANDROID (51a5b69d350864e9562a2470b487b139)] -&gt; xpath: .//word], [[AndroidDriver: chrome on ANDROID (51a5b69d350864e9562a2470b487b139)] -&gt; xpath: .//word], [[AndroidDriver: chrome on ANDROID (51a5b69d350864e9562a2470b487b139)] -&gt; xpath: .//word], [[AndroidDriver: chrome on ANDROID (51a5b69d350864e9562a2470b487b139)] -&gt; xpath: .//word], [[AndroidDriver: chrome on ANDROID (51a5b69d350864e9562a2470b487b139)] -&gt; xpath: .//word], [[AndroidDriver: chrome on ANDROID (51a5b69d350864e9562a2470b487b139)] -&gt; xpath: .//word], [[AndroidDriver: chrome on ANDROID (51a5b69d350864e9562a2470b487b139)] -&gt; xpath: .//word], [[AndroidDriver: chrome on ANDROID (51a5b69d350864e9562a2470b487b139)] -&gt; xpath: .//word], [[AndroidDriver: chrome on ANDROID (51a5b69d350864e9562a2470b487b139)] -&gt; xpath: .//word], [[AndroidDriver: chrome on ANDROID (51a5b69d350864e9562a2470b487b139)] -&gt; xpath: .//word], [[AndroidDriver: chrome on ANDROID (51a5b69d350864e9562a2470b487b139)] -&gt; xpath: .//word], [[AndroidDriver: chrome on ANDROID (51a5b69d350864e9562a2470b487b139)] -&gt; xpath: .//word], [[AndroidDriver: chrome on ANDROID (51a5b69d350864e9562a2470b487b139)] -&gt; xpath: .//word], [[AndroidDriver: chrome on ANDROID (51a5b69d350864e9562a2470b487b139)] -&gt; xpath: .//word], [[AndroidDriver: chrome on ANDROID (51a5b69d350864e9562a2470b487b139)] -&gt; xpath: .//word], [[AndroidDriver: chrome on ANDROID (51a5b69d350864e9562a2470b487b139)] -&gt; xpath: .//word], [[AndroidDriver: chrome on ANDROID (51a5b69d350864e9562a2470b487b139)] -&gt; xpath: .//word], [[AndroidDriver: chrome on ANDROID (51a5b69d350864e9562a2470b487b139)] -&gt; xpath: .//word], [[AndroidDriver: chrome on ANDROID (51a5b69d350864e9562a2470b487b139)] -&gt; xpath: .//word], [[AndroidDriver: chrome on ANDROID (51a5b69d350864e9562a2470b487b139)] -&gt; xpath: .//word], [[AndroidDriver: chrome on ANDROID (51a5b69d350864e9562a2470b487b139)] -&gt; xpath: .//word], [[AndroidDriver: chrome on ANDROID (51a5b69d350864e9562a2470b487b139)] -&gt; xpath: .//word], [[AndroidDriver: chrome on ANDROID (51a5b69d350864e9562a2470b487b139)] -&gt; xpath: .//word], [[AndroidDriver: chrome on ANDROID (51a5b69d350864e9562a2470b487b139)] -&gt; xpath: .//word], [[AndroidDriver: chrome on ANDROID (51a5b69d350864e9562a2470b487b139)] -&gt; xpath: .//word], [[AndroidDriver: chrome on ANDROID (51a5b69d350864e9562a2470b487b139)] -&gt; xpath: .//word], [[AndroidDriver: chrome on ANDROID (51a5b69d350864e9562a2470b487b139)] -&gt; xpath: .//word], [[AndroidDriver: chrome on ANDROID (51a5b69d350864e9562a2470b487b139)] -&gt; xpath: .//word], [[AndroidDriver: chrome on ANDROID (51a5b69d350864e9562a2470b487b139)] -&gt; xpath: .//word], [[AndroidDriver: chrome on ANDROID (51a5b69d350864e9562a2470b487b139)] -&gt; xpath: .//word], [[AndroidDriver: chrome on ANDROID (51a5b69d350864e9562a2470b487b139)] -&gt; xpath: .//word], [[AndroidDriver: chrome on ANDROID (51a5b69d350864e9562a2470b487b139)] -&gt; xpath: .//word], [[AndroidDriver: chrome on ANDROID (51a5b69d350864e9562a2470b487b139)] -&gt; xpath: .//word], [[AndroidDriver: chrome on ANDROID (51a5b69d350864e9562a2470b487b139)] -&gt; xpath: .//word], [[AndroidDriver: chrome on ANDROID (51a5b69d350864e9562a2470b487b139)] -&gt; xpath: .//word], [[AndroidDriver: chrome on ANDROID (51a5b69d350864e9562a2470b487b139)] -&gt; xpath: .//word], [[AndroidDriver: chrome on ANDROID (51a5b69d350864e9562a2470b487b139)] -&gt; xpath: .//word], [[AndroidDriver: chrome on ANDROID (51a5b69d350864e9562a2470b487b139)] -&gt; xpath: .//word], [[AndroidDriver: chrome on ANDROID (51a5b69d350864e9562a2470b487b139)] -&gt; xpath: .//word], [[AndroidDriver: chrome on ANDROID (51a5b69d350864e9562a2470b487b139)] -&gt; xpath: .//word], [[AndroidDriver: chrome on ANDROID (51a5b69d350864e9562a2470b487b139)] -&gt; xpath: .//word], [[AndroidDriver: chrome on ANDROID (51a5b69d350864e9562a2470b487b139)] -&gt; xpath: .//word], [[AndroidDriver: chrome on ANDROID (51a5b69d350864e9562a2470b487b139)] -&gt; xpath: .//word], [[AndroidDriver: chrome on ANDROID (51a5b69d350864e9562a2470b487b139)] -&gt; xpath: .//word], [[AndroidDriver: chrome on ANDROID (51a5b69d350864e9562a2470b487b139)] -&gt; xpath: .//word], [[AndroidDriver: chrome on ANDROID (51a5b69d350864e9562a2470b487b139)] -&gt; xpath: .//word], [[AndroidDriver: chrome on ANDROID (51a5b69d350864e9562a2470b487b139)] -&gt; xpath: .//word], [[AndroidDriver: chrome on ANDROID (51a5b69d350864e9562a2470b487b139)] -&gt; xpath: .//word], [[AndroidDriver: chrome on ANDROID (51a5b69d350864e9562a2470b487b139)] -&gt; xpath: .//word], [[AndroidDriver: chrome on ANDROID (51a5b69d350864e9562a2470b487b139)] -&gt; xpath: .//word], [[AndroidDriver: chrome on ANDROID (51a5b69d350864e9562a2470b487b139)] -&gt; xpath: .//word], [[AndroidDriver: chrome on ANDROID (51a5b69d350864e9562a2470b487b139)] -&gt; xpath: .//word], [[AndroidDriver: chrome on ANDROID (51a5b69d350864e9562a2470b487b139)] -&gt; xpath: .//word], [[AndroidDriver: chrome on ANDROID (51a5b69d350864e9562a2470b487b139)] -&gt; xpath: .//word], [[AndroidDriver: chrome on ANDROID (51a5b69d350864e9562a2470b487b139)] -&gt; xpath: .//word], [[AndroidDriver: chrome on ANDROID (51a5b69d350864e9562a2470b487b139)] -&gt; xpath: .//word], [[AndroidDriver: chrome on ANDROID (51a5b69d350864e9562a2470b487b139)] -&gt; xpath: .//word], [[AndroidDriver: chrome on ANDROID (51a5b69d350864e9562a2470b487b139)] -&gt; xpath: .//word], [[AndroidDriver: chrome on ANDROID (51a5b69d350864e9562a2470b487b139)] -&gt; xpath: .//word], [[AndroidDriver: chrome on ANDROID (51a5b69d350864e9562a2470b487b139)] -&gt; xpath: .//word], [[AndroidDriver: chrome on ANDROID (51a5b69d350864e9562a2470b487b139)] -&gt; xpath: .//word], [[AndroidDriver: chrome on ANDROID (51a5b69d350864e9562a2470b487b139)] -&gt; xpath: .//word], [[AndroidDriver: chrome on ANDROID (51a5b69d350864e9562a2470b487b139)] -&gt; xpath: .//word], [[AndroidDriver: chrome on ANDROID (51a5b69d350864e9562a2470b487b139)] -&gt; xpath: .//word], [[AndroidDriver: chrome on ANDROID (51a5b69d350864e9562a2470b487b139)] -&gt; xpath: .//word], [[AndroidDriver: chrome on ANDROID (51a5b69d350864e9562a2470b487b139)] -&gt; xpath: .//word], [[AndroidDriver: chrome on ANDROID (51a5b69d350864e9562a2470b487b139)] -&gt; xpath: .//word], [[AndroidDriver: chrome on ANDROID (51a5b69d350864e9562a2470b487b139)] -&gt; xpath: .//word], [[AndroidDriver: chrome on ANDROID (51a5b69d350864e9562a2470b487b139)] -&gt; xpath: .//word], [[AndroidDriver: chrome on ANDROID (51a5b69d350864e9562a2470b487b139)] -&gt; xpath: .//word], [[AndroidDriver: chrome on ANDROID (51a5b69d350864e9562a2470b487b139)] -&gt; xpath: .//word], [[AndroidDriver: chrome on ANDROID (51a5b69d350864e9562a2470b487b139)] -&gt; xpath: .//word], [[AndroidDriver: chrome on ANDROID (51a5b69d350864e9562a2470b487b139)] -&gt; xpath: .//word], [[AndroidDriver: chrome on ANDROID (51a5b69d350864e9562a2470b487b139)] -&gt; xpath: .//word], [[AndroidDriver: chrome on ANDROID (51a5b69d350864e9562a2470b487b139)] -&gt; xpath: .//word], [[AndroidDriver: chrome on ANDROID (51a5b69d350864e9562a2470b487b139)] -&gt; xpath: .//word], [[AndroidDriver: chrome on ANDROID (51a5b69d350864e9562a2470b487b139)] -&gt; xpath: .//word], [[AndroidDriver: chrome on ANDROID (51a5b69d350864e9562a2470b487b139)] -&gt; xpath: .//word], [[AndroidDriver: chrome on ANDROID (51a5b69d350864e9562a2470b487b139)] -&gt; xpath: .//word], [[AndroidDriver: chrome on ANDROID (51a5b69d350864e9562a2470b487b139)] -&gt; xpath: .//word], [[AndroidDriver: chrome on ANDROID (51a5b69d350864e9562a2470b487b139)] -&gt; xpath: .//word], [[AndroidDriver: chrome on ANDROID (51a5b69d350864e9562a2470b487b139)] -&gt; xpath: .//word], [[AndroidDriver: chrome on ANDROID (51a5b69d350864e9562a2470b487b139)] -&gt; xpath: .//word], [[AndroidDriver: chrome on ANDROID (51a5b69d350864e9562a2470b487b139)] -&gt; xpath: .//word], [[AndroidDriver: chrome on ANDROID (51a5b69d350864e9562a2470b487b139)] -&gt; xpath: .//word], [[AndroidDriver: chrome on ANDROID (51a5b69d350864e9562a2470b487b139)] -&gt; xpath: .//word], [[AndroidDriver: chrome on ANDROID (51a5b69d350864e9562a2470b487b139)] -&gt; xpath: .//word], [[AndroidDriver: chrome on ANDROID (51a5b69d350864e9562a2470b487b139)] -&gt; xpath: .//word], [[AndroidDriver: chrome on ANDROID (51a5b69d350864e9562a2470b487b139)] -&gt; xpath: .//word], [[AndroidDriver: chrome on ANDROID (51a5b69d350864e9562a2470b487b139)] -&gt; xpath: .//word], [[AndroidDriver: chrome on ANDROID (51a5b69d350864e9562a2470b487b139)] -&gt; xpath: .//word], [[AndroidDriver: chrome on ANDROID (51a5b69d350864e9562a2470b487b139)] -&gt; xpath: .//word], [[AndroidDriver: chrome on ANDROID (51a5b69d350864e9562a2470b487b139)] -&gt; xpath: .//word], [[AndroidDriver: chrome on ANDROID (51a5b69d350864e9562a2470b487b139)] -&gt; xpath: .//word], [[AndroidDriver: chrome on ANDROID (51a5b69d350864e9562a2470b487b139)] -&gt; xpath: .//word], [[AndroidDriver: chrome on ANDROID (51a5b69d350864e9562a2470b487b139)] -&gt; xpath: .//word], [[AndroidDriver: chrome on ANDROID (51a5b69d350864e9562a2470b487b139)] -&gt; xpath: .//word], [[AndroidDriver: chrome on ANDROID (51a5b69d350864e9562a2470b487b139)] -&gt; xpath: .//word], [[AndroidDriver: chrome on ANDROID (51a5b69d350864e9562a2470b487b139)] -&gt; xpath: .//word], [[AndroidDriver: chrome on ANDROID (51a5b69d350864e9562a2470b487b139)] -&gt; xpath: .//word], [[AndroidDriver: chrome on ANDROID (51a5b69d350864e9562a2470b487b139)] -&gt; xpath: .//word], [[AndroidDriver: chrome on ANDROID (51a5b69d350864e9562a2470b487b139)] -&gt; xpath: .//word], [[AndroidDriver: chrome on ANDROID (51a5b69d350864e9562a2470b487b139)] -&gt; xpath: .//word], [[AndroidDriver: chrome on ANDROID (51a5b69d350864e9562a2470b487b139)] -&gt; xpath: .//word], [[AndroidDriver: chrome on ANDROID (51a5b69d350864e9562a2470b487b139)] -&gt; xpath: .//word], [[AndroidDriver: chrome on ANDROID (51a5b69d350864e9562a2470b487b139)] -&gt; xpath: .//word], [[AndroidDriver: chrome on ANDROID (51a5b69d350864e9562a2470b487b139)] -&gt; xpath: .//word], [[AndroidDriver: chrome on ANDROID (51a5b69d350864e9562a2470b487b139)] -&gt; xpath: .//word], [[AndroidDriver: chrome on ANDROID (51a5b69d350864e9562a2470b487b139)] -&gt; xpath: .//word], [[AndroidDriver: chrome on ANDROID (51a5b69d350864e9562a2470b487b139)] -&gt; xpath: .//word], [[AndroidDriver: chrome on ANDROID (51a5b69d350864e9562a2470b487b139)] -&gt; xpath: .//word], [[AndroidDriver: chrome on ANDROID (51a5b69d350864e9562a2470b487b139)] -&gt; xpath: .//word], [[AndroidDriver: chrome on ANDROID (51a5b69d350864e9562a2470b487b139)] -&gt; xpath: .//word], [[AndroidDriver: chrome on ANDROID (51a5b69d350864e9562a2470b487b139)] -&gt; xpath: .//word], [[AndroidDriver: chrome on ANDROID (51a5b69d350864e9562a2470b487b139)] -&gt; xpath: .//word], [[AndroidDriver: chrome on ANDROID (51a5b69d350864e9562a2470b487b139)] -&gt; xpath: .//word], [[AndroidDriver: chrome on ANDROID (51a5b69d350864e9562a2470b487b139)] -&gt; xpath: .//word], [[AndroidDriver: chrome on ANDROID (51a5b69d350864e9562a2470b487b139)] -&gt; xpath: .//word], [[AndroidDriver: chrome on ANDROID (51a5b69d350864e9562a2470b487b139)] -&gt; xpath: .//word], [[AndroidDriver: chrome on ANDROID (51a5b69d350864e9562a2470b487b139)] -&gt; xpath: .//word], [[AndroidDriver: chrome on ANDROID (51a5b69d350864e9562a2470b487b139)] -&gt; xpath: .//word], [[AndroidDriver: chrome on ANDROID (51a5b69d350864e9562a2470b487b139)] -&gt; xpath: .//word], [[AndroidDriver: chrome on ANDROID (51a5b69d350864e9562a2470b487b139)] -&gt; xpath: .//word], [[AndroidDriver: chrome on ANDROID (51a5b69d350864e9562a2470b487b139)] -&gt; xpath: .//word], [[AndroidDriver: chrome on ANDROID (51a5b69d350864e9562a2470b487b139)] -&gt; xpath: .//word], [[AndroidDriver: chrome on ANDROID (51a5b69d350864e9562a2470b487b139)] -&gt; xpath: .//word], [[AndroidDriver: chrome on ANDROID (51a5b69d350864e9562a2470b487b139)] -&gt; xpath: .//word], [[AndroidDriver: chrome on ANDROID (51a5b69d350864e9562a2470b487b139)] -&gt; xpath: .//word], [[AndroidDriver: chrome on ANDROID (51a5b69d350864e9562a2470b487b139)] -&gt; xpath: .//word], [[AndroidDriver: chrome on ANDROID (51a5b69d350864e9562a2470b487b139)] -&gt; xpath: .//word], [[AndroidDriver: chrome on ANDROID (51a5b69d350864e9562a2470b487b139)] -&gt; xpath: .//word], [[AndroidDriver: chrome on ANDROID (51a5b69d350864e9562a2470b487b139)] -&gt; xpath: .//word], [[AndroidDriver: chrome on ANDROID (51a5b69d350864e9562a2470b487b139)] -&gt; xpath: .//word], [[AndroidDriver: chrome on ANDROID (51a5b69d350864e9562a2470b487b139)] -&gt; xpath: .//word], [[AndroidDriver: chrome on ANDROID (51a5b69d350864e9562a2470b487b139)] -&gt; xpath: .//word], [[AndroidDriver: chrome on ANDROID (51a5b69d350864e9562a2470b487b139)] -&gt; xpath: .//word], [[AndroidDriver: chrome on ANDROID (51a5b69d350864e9562a2470b487b139)] -&gt; xpath: .//word], [[AndroidDriver: chrome on ANDROID (51a5b69d350864e9562a2470b487b139)] -&gt; xpath: .//word], [[AndroidDriver: chrome on ANDROID (51a5b69d350864e9562a2470b487b139)] -&gt; xpath: .//word], [[AndroidDriver: chrome on ANDROID (51a5b69d350864e9562a2470b487b139)] -&gt; xpath: .//word], [[AndroidDriver: chrome on ANDROID (51a5b69d350864e9562a2470b487b139)] -&gt; xpath: .//word], [[AndroidDriver: chrome on ANDROID (51a5b69d350864e9562a2470b487b139)] -&gt; xpath: .//word], [[AndroidDriver: chrome on ANDROID (51a5b69d350864e9562a2470b487b139)] -&gt; xpath: .//word], [[AndroidDriver: chrome on ANDROID (51a5b69d350864e9562a2470b487b139)] -&gt; xpath: .//word], [[AndroidDriver: chrome on ANDROID (51a5b69d350864e9562a2470b487b139)] -&gt; xpath: .//word], [[AndroidDriver: chrome on ANDROID (51a5b69d350864e9562a2470b487b139)] -&gt; xpath: .//word], [[AndroidDriver: chrome on ANDROID (51a5b69d350864e9562a2470b487b139)] -&gt; xpath: .//word], [[AndroidDriver: chrome on ANDROID (51a5b69d350864e9562a2470b487b139)] -&gt; xpath: .//word], [[AndroidDriver: chrome on ANDROID (51a5b69d350864e9562a2470b487b139)] -&gt; xpath: .//word], [[AndroidDriver: chrome on ANDROID (51a5b69d350864e9562a2470b487b139)] -&gt; xpath: .//word], [[AndroidDriver: chrome on ANDROID (51a5b69d350864e9562a2470b487b139)] -&gt; xpath: .//word], [[AndroidDriver: chrome on ANDROID (51a5b69d350864e9562a2470b487b139)] -&gt; xpath: .//word], [[AndroidDriver: chrome on ANDROID (51a5b69d350864e9562a2470b487b139)] -&gt; xpath: .//word], [[AndroidDriver: chrome on ANDROID (51a5b69d350864e9562a2470b487b139)] -&gt; xpath: .//word], [[AndroidDriver: chrome on ANDROID (51a5b69d350864e9562a2470b487b139)] -&gt; xpath: .//word], [[AndroidDriver: chrome on ANDROID (51a5b69d350864e9562a2470b487b139)] -&gt; xpath: .//word], [[AndroidDriver: chrome on ANDROID (51a5b69d350864e9562a2470b487b139)] -&gt; xpath: .//word], [[AndroidDriver: chrome on ANDROID (51a5b69d350864e9562a2470b487b139)] -&gt; xpath: .//word], [[AndroidDriver: chrome on ANDROID (51a5b69d350864e9562a2470b487b139)] -&gt; xpath: .//word], [[AndroidDriver: chrome on ANDROID (51a5b69d350864e9562a2470b487b139)] -&gt; xpath: .//word], [[AndroidDriver: chrome on ANDROID (51a5b69d350864e9562a2470b487b139)] -&gt; xpath: .//word], [[AndroidDriver: chrome on ANDROID (51a5b69d350864e9562a2470b487b139)] -&gt; xpath: .//word], [[AndroidDriver: chrome on ANDROID (51a5b69d350864e9562a2470b487b139)] -&gt; xpath: .//word], [[AndroidDriver: chrome on ANDROID (51a5b69d350864e9562a2470b487b139)] -&gt; xpath: .//word], [[AndroidDriver: chrome on ANDROID (51a5b69d350864e9562a2470b487b139)] -&gt; xpath: .//word], [[AndroidDriver: chrome on ANDROID (51a5b69d350864e9562a2470b487b139)] -&gt; xpath: .//word], [[AndroidDriver: chrome on ANDROID (51a5b69d350864e9562a2470b487b139)] -&gt; xpath: .//word], [[AndroidDriver: chrome on ANDROID (51a5b69d350864e9562a2470b487b139)] -&gt; xpath: .//word], [[AndroidDriver: chrome on ANDROID (51a5b69d350864e9562a2470b487b139)] -&gt; xpath: .//word], [[AndroidDriver: chrome on ANDROID (51a5b69d350864e9562a2470b487b139)] -&gt; xpath: .//word], [[AndroidDriver: chrome on ANDROID (51a5b69d350864e9562a2470b487b139)] -&gt; xpath: .//word], [[AndroidDriver: chrome on ANDROID (51a5b69d350864e9562a2470b487b139)] -&gt; xpath: .//word], [[AndroidDriver: chrome on ANDROID (51a5b69d350864e9562a2470b487b139)] -&gt; xpath: .//word], [[AndroidDriver: chrome on ANDROID (51a5b69d350864e9562a2470b487b139)] -&gt; xpath: .//word], [[AndroidDriver: chrome on ANDROID (51a5b69d350864e9562a2470b487b139)] -&gt; xpath: .//word], [[AndroidDriver: chrome on ANDROID (51a5b69d350864e9562a2470b487b139)] -&gt; xpath: .//word], [[AndroidDriver: chrome on ANDROID (51a5b69d350864e9562a2470b487b139)] -&gt; xpath: .//word], [[AndroidDriver: chrome on ANDROID (51a5b69d350864e9562a2470b487b139)] -&gt; xpath: .//word], [[AndroidDriver: chrome on ANDROID (51a5b69d350864e9562a2470b487b139)] -&gt; xpath: .//word], [[AndroidDriver: chrome on ANDROID (51a5b69d350864e9562a2470b487b139)] -&gt; xpath: .//word], [[AndroidDriver: chrome on ANDROID (51a5b69d350864e9562a2470b487b139)] -&gt; xpath: .//word], [[AndroidDriver: chrome on ANDROID (51a5b69d350864e9562a2470b487b139)] -&gt; xpath: .//word], [[AndroidDriver: chrome on ANDROID (51a5b69d350864e9562a2470b487b139)] -&gt; xpath: .//word], [[AndroidDriver: chrome on ANDROID (51a5b69d350864e9562a2470b487b139)] -&gt; xpath: .//word], [[AndroidDriver: chrome on ANDROID (51a5b69d350864e9562a2470b487b139)] -&gt; xpath: .//word], [[AndroidDriver: chrome on ANDROID (51a5b69d350864e9562a2470b487b139)] -&gt; xpath: .//word], [[AndroidDriver: chrome on ANDROID (51a5b69d350864e9562a2470b487b139)] -&gt; xpath: .//word], [[AndroidDriver: chrome on ANDROID (51a5b69d350864e9562a2470b487b139)] -&gt; xpath: .//word], [[AndroidDriver: chrome on ANDROID (51a5b69d350864e9562a2470b487b139)] -&gt; xpath: .//word], [[AndroidDriver: chrome on ANDROID (51a5b69d350864e9562a2470b487b139)] -&gt; xpath: .//word], [[AndroidDriver: chrome on ANDROID (51a5b69d350864e9562a2470b487b139)] -&gt; xpath: .//word], [[AndroidDriver: chrome on ANDROID (51a5b69d350864e9562a2470b487b139)] -&gt; xpath: .//word], [[AndroidDriver: chrome on ANDROID (51a5b69d350864e9562a2470b487b139)] -&gt; xpath: .//word], [[AndroidDriver: chrome on ANDROID (51a5b69d350864e9562a2470b487b139)] -&gt; xpath: .//word], [[AndroidDriver: chrome on ANDROID (51a5b69d350864e9562a2470b487b139)] -&gt; xpath: .//word], [[AndroidDriver: chrome on ANDROID (51a5b69d350864e9562a2470b487b139)] -&gt; xpath: .//word], [[AndroidDriver: chrome on ANDROID (51a5b69d350864e9562a2470b487b139)] -&gt; xpath: .//word], [[AndroidDriver: chrome on ANDROID (51a5b69d350864e9562a2470b487b139)] -&gt; xpath: .//word], [[AndroidDriver: chrome on ANDROID (51a5b69d350864e9562a2470b487b139)] -&gt; xpath: .//word], [[AndroidDriver: chrome on ANDROID (51a5b69d350864e9562a2470b487b139)] -&gt; xpath: .//word], [[AndroidDriver: chrome on ANDROID (51a5b69d350864e9562a2470b487b139)] -&gt; xpath: .//word], [[AndroidDriver: chrome on ANDROID (51a5b69d350864e9562a2470b487b139)] -&gt; xpath: .//word], [[AndroidDriver: chrome on ANDROID (51a5b69d350864e9562a2470b487b139)] -&gt; xpath: .//word], [[AndroidDriver: chrome on ANDROID (51a5b69d350864e9562a2470b487b139)] -&gt; xpath: .//word], [[AndroidDriver: chrome on ANDROID (51a5b69d350864e9562a2470b487b139)] -&gt; xpath: .//word], [[AndroidDriver: chrome on ANDROID (51a5b69d350864e9562a2470b487b139)] -&gt; xpath: .//word], [[AndroidDriver: chrome on ANDROID (51a5b69d350864e9562a2470b487b139)] -&gt; xpath: .//word], [[AndroidDriver: chrome on ANDROID (51a5b69d350864e9562a2470b487b139)] -&gt; xpath: .//word], [[AndroidDriver: chrome on ANDROID (51a5b69d350864e9562a2470b487b139)] -&gt; xpath: .//word], [[AndroidDriver: chrome on ANDROID (51a5b69d350864e9562a2470b487b139)] -&gt; xpath: .//word], [[AndroidDriver: chrome on ANDROID (51a5b69d350864e9562a2470b487b139)] -&gt; xpath: .//word], [[AndroidDriver: chrome on ANDROID (51a5b69d350864e9562a2470b487b139)] -&gt; xpath: .//word], [[AndroidDriver: chrome on ANDROID (51a5b69d350864e9562a2470b487b139)] -&gt; xpath: .//word], [[AndroidDriver: chrome on ANDROID (51a5b69d350864e9562a2470b487b139)] -&gt; xpath: .//word], [[AndroidDriver: chrome on ANDROID (51a5b69d350864e9562a2470b487b139)] -&gt; xpath: .//word], [[AndroidDriver: chrome on ANDROID (51a5b69d350864e9562a2470b487b139)] -&gt; xpath: .//word], [[AndroidDriver: chrome on ANDROID (51a5b69d350864e9562a2470b487b139)] -&gt; xpath: .//word], [[AndroidDriver: chrome on ANDROID (51a5b69d350864e9562a2470b487b139)] -&gt; xpath: .//word], [[AndroidDriver: chrome on ANDROID (51a5b69d350864e9562a2470b487b139)] -&gt; xpath: .//word], [[AndroidDriver: chrome on ANDROID (51a5b69d350864e9562a2470b487b139)] -&gt; xpath: .//word], [[AndroidDriver: chrome on ANDROID (51a5b69d350864e9562a2470b487b139)] -&gt; xpath: .//word], [[AndroidDriver: chrome on ANDROID (51a5b69d350864e9562a2470b487b139)] -&gt; xpath: .//word], [[AndroidDriver: chrome on ANDROID (51a5b69d350864e9562a2470b487b139)] -&gt; xpath: .//word], [[AndroidDriver: chrome on ANDROID (51a5b69d350864e9562a2470b487b139)] -&gt; xpath: .//word], [[AndroidDriver: chrome on ANDROID (51a5b69d350864e9562a2470b487b139)] -&gt; xpath: .//word], [[AndroidDriver: chrome on ANDROID (51a5b69d350864e9562a2470b487b139)] -&gt; xpath: .//word], [[AndroidDriver: chrome on ANDROID (51a5b69d350864e9562a2470b487b139)] -&gt; xpath: .//word], [[AndroidDriver: chrome on ANDROID (51a5b69d350864e9562a2470b487b139)] -&gt; xpath: .//word], [[AndroidDriver: chrome on ANDROID (51a5b69d350864e9562a2470b487b139)] -&gt; xpath: .//word], [[AndroidDriver: chrome on ANDROID (51a5b69d350864e9562a2470b487b139)] -&gt; xpath: .//word], [[AndroidDriver: chrome on ANDROID (51a5b69d350864e9562a2470b487b139)] -&gt; xpath: .//word], [[AndroidDriver: chrome on ANDROID (51a5b69d350864e9562a2470b487b139)] -&gt; xpath: .//word], [[AndroidDriver: chrome on ANDROID (51a5b69d350864e9562a2470b487b139)] -&gt; xpath: .//word], [[AndroidDriver: chrome on ANDROID (51a5b69d350864e9562a2470b487b139)] -&gt; xpath: .//word], [[AndroidDriver: chrome on ANDROID (51a5b69d350864e9562a2470b487b139)] -&gt; xpath: .//word], [[AndroidDriver: chrome on ANDROID (51a5b69d350864e9562a2470b487b139)] -&gt; xpath: .//word], [[AndroidDriver: chrome on ANDROID (51a5b69d350864e9562a2470b487b139)] -&gt; xpath: .//word], [[AndroidDriver: chrome on ANDROID (51a5b69d350864e9562a2470b487b139)] -&gt; xpath: .//word], [[AndroidDriver: chrome on ANDROID (51a5b69d350864e9562a2470b487b139)] -&gt; xpath: .//word], [[AndroidDriver: chrome on ANDROID (51a5b69d350864e9562a2470b487b139)] -&gt; xpath: .//word], [[AndroidDriver: chrome on ANDROID (51a5b69d350864e9562a2470b487b139)] -&gt; xpath: .//word], [[AndroidDriver: chrome on ANDROID (51a5b69d350864e9562a2470b487b139)] -&gt; xpath: .//word], [[AndroidDriver: chrome on ANDROID (51a5b69d350864e9562a2470b487b139)] -&gt; xpath: .//word], [[AndroidDriver: chrome on ANDROID (51a5b69d350864e9562a2470b487b139)] -&gt; xpath: .//word], [[AndroidDriver: chrome on ANDROID (51a5b69d350864e9562a2470b487b139)] -&gt; xpath: .//word], [[AndroidDriver: chrome on ANDROID (51a5b69d350864e9562a2470b487b139)] -&gt; xpath: .//word], [[AndroidDriver: chrome on ANDROID (51a5b69d350864e9562a2470b487b139)] -&gt; xpath: .//word], [[AndroidDriver: chrome on ANDROID (51a5b69d350864e9562a2470b487b139)] -&gt; xpath: .//word], [[AndroidDriver: chrome on ANDROID (51a5b69d350864e9562a2470b487b139)] -&gt; xpath: .//word], [[AndroidDriver: chrome on ANDROID (51a5b69d350864e9562a2470b487b139)] -&gt; xpath: .//word], [[AndroidDriver: chrome on ANDROID (51a5b69d350864e9562a2470b487b139)] -&gt; xpath: .//word], [[AndroidDriver: chrome on ANDROID (51a5b69d350864e9562a2470b487b139)] -&gt; xpath: .//word], [[AndroidDriver: chrome on ANDROID (51a5b69d350864e9562a2470b487b139)] -&gt; xpath: .//word], [[AndroidDriver: chrome on ANDROID (51a5b69d350864e9562a2470b487b139)] -&gt; xpath: .//word], [[AndroidDriver: chrome on ANDROID (51a5b69d350864e9562a2470b487b139)] -&gt; xpath: .//word], [[AndroidDriver: chrome on ANDROID (51a5b69d350864e9562a2470b487b139)] -&gt; xpath: .//word], [[AndroidDriver: chrome on ANDROID (51a5b69d350864e9562a2470b487b139)] -&gt; xpath: .//word], [[AndroidDriver: chrome on ANDROID (51a5b69d350864e9562a2470b487b139)] -&gt; xpath: .//word], [[AndroidDriver: chrome on ANDROID (51a5b69d350864e9562a2470b487b139)] -&gt; xpath: .//word], [[AndroidDriver: chrome on ANDROID (51a5b69d350864e9562a2470b487b139)] -&gt; xpath: .//word], [[AndroidDriver: chrome on ANDROID (51a5b69d350864e9562a2470b487b139)] -&gt; xpath: .//word], [[AndroidDriver: chrome on ANDROID (51a5b69d350864e9562a2470b487b139)] -&gt; xpath: .//word], [[AndroidDriver: chrome on ANDROID (51a5b69d350864e9562a2470b487b139)] -&gt; xpath: .//word], [[AndroidDriver: chrome on ANDROID (51a5b69d350864e9562a2470b487b139)] -&gt; xpath: .//word], [[AndroidDriver: chrome on ANDROID (51a5b69d350864e9562a2470b487b139)] -&gt; xpath: .//word], [[AndroidDriver: chrome on ANDROID (51a5b69d350864e9562a2470b487b139)] -&gt; xpath: .//word], [[AndroidDriver: chrome on ANDROID (51a5b69d350864e9562a2470b487b139)] -&gt; xpath: .//word], [[AndroidDriver: chrome on ANDROID (51a5b69d350864e9562a2470b487b139)] -&gt; xpath: .//word], [[AndroidDriver: chrome on ANDROID (51a5b69d350864e9562a2470b487b139)] -&gt; xpath: .//word], [[AndroidDriver: chrome on ANDROID (51a5b69d350864e9562a2470b487b139)] -&gt; xpath: .//word], [[AndroidDriver: chrome on ANDROID (51a5b69d350864e9562a2470b487b139)] -&gt; xpath: .//word], [[AndroidDriver: chrome on ANDROID (51a5b69d350864e9562a2470b487b139)] -&gt; xpath: .//word], [[AndroidDriver: chrome on ANDROID (51a5b69d350864e9562a2470b487b139)] -&gt; xpath: .//word], [[AndroidDriver: chrome on ANDROID (51a5b69d350864e9562a2470b487b139)] -&gt; xpath: .//word], [[AndroidDriver: chrome on ANDROID (51a5b69d350864e9562a2470b487b139)] -&gt; xpath: .//word], [[AndroidDriver: chrome on ANDROID (51a5b69d350864e9562a2470b487b139)] -&gt; xpath: .//word], [[AndroidDriver: chrome on ANDROID (51a5b69d350864e9562a2470b487b139)] -&gt; xpath: .//word], [[AndroidDriver: chrome on ANDROID (51a5b69d350864e9562a2470b487b139)] -&gt; xpath: .//word], [[AndroidDriver: chrome on ANDROID (51a5b69d350864e9562a2470b487b139)] -&gt; xpath: .//word], [[AndroidDriver: chrome on ANDROID (51a5b69d350864e9562a2470b487b139)] -&gt; xpath: .//word], [[AndroidDriver: chrome on ANDROID (51a5b69d350864e9562a2470b487b139)] -&gt; xpath: .//word], [[AndroidDriver: chrome on ANDROID (51a5b69d350864e9562a2470b487b139)] -&gt; xpath: .//word], [[AndroidDriver: chrome on ANDROID (51a5b69d350864e9562a2470b487b139)] -&gt; xpath: .//word], [[AndroidDriver: chrome on ANDROID (51a5b69d350864e9562a2470b487b139)] -&gt; xpath: .//word], [[AndroidDriver: chrome on ANDROID (51a5b69d350864e9562a2470b487b139)] -&gt; xpath: .//word], [[AndroidDriver: chrome on ANDROID (51a5b69d350864e9562a2470b487b139)] -&gt; xpath: .//word], [[AndroidDriver: chrome on ANDROID (51a5b69d350864e9562a2470b487b139)] -&gt; xpath: .//word], [[AndroidDriver: chrome on ANDROID (51a5b69d350864e9562a2470b487b139)] -&gt; xpath: .//word], [[AndroidDriver: chrome on ANDROID (51a5b69d350864e9562a2470b487b139)] -&gt; xpath: .//word], [[AndroidDriver: chrome on ANDROID (51a5b69d350864e9562a2470b487b139)] -&gt; xpath: .//word], [[AndroidDriver: chrome on ANDROID (51a5b69d350864e9562a2470b487b139)] -&gt; xpath: .//word], [[AndroidDriver: chrome on ANDROID (51a5b69d350864e9562a2470b487b139)] -&gt; xpath: .//word], [[AndroidDriver: chrome on ANDROID (51a5b69d350864e9562a2470b487b139)] -&gt; xpath: .//word], [[AndroidDriver: chrome on ANDROID (51a5b69d350864e9562a2470b487b139)] -&gt; xpath: .//word], [[AndroidDriver: chrome on ANDROID (51a5b69d350864e9562a2470b487b139)] -&gt; xpath: .//word], [[AndroidDriver: chrome on ANDROID (51a5b69d350864e9562a2470b487b139)] -&gt; xpath: .//word], [[AndroidDriver: chrome on ANDROID (51a5b69d350864e9562a2470b487b139)] -&gt; xpath: .//word], [[AndroidDriver: chrome on ANDROID (51a5b69d350864e9562a2470b487b139)] -&gt; xpath: .//word], [[AndroidDriver: chrome on ANDROID (51a5b69d350864e9562a2470b487b139)] -&gt; xpath: .//word], [[AndroidDriver: chrome on ANDROID (51a5b69d350864e9562a2470b487b139)] -&gt; xpath: .//word], [[AndroidDriver: chrome on ANDROID (51a5b69d350864e9562a2470b487b139)] -&gt; xpath: .//word], [[AndroidDriver: chrome on ANDROID (51a5b69d350864e9562a2470b487b139)] -&gt; xpath: .//word], [[AndroidDriver: chrome on ANDROID (51a5b69d350864e9562a2470b487b139)] -&gt; xpath: .//word], [[AndroidDriver: chrome on ANDROID (51a5b69d350864e9562a2470b487b139)] -&gt; xpath: .//word], [[AndroidDriver: chrome on ANDROID (51a5b69d350864e9562a2470b487b139)] -&gt; xpath: .//word], [[AndroidDriver: chrome on ANDROID (51a5b69d350864e9562a2470b487b139)] -&gt; xpath: .//word], [[AndroidDriver: chrome on ANDROID (51a5b69d350864e9562a2470b487b139)] -&gt; xpath: .//word], [[AndroidDriver: chrome on ANDROID (51a5b69d350864e9562a2470b487b139)] -&gt; xpath: .//word], [[AndroidDriver: chrome on ANDROID (51a5b69d350864e9562a2470b487b139)] -&gt; xpath: .//word], [[AndroidDriver: chrome on ANDROID (51a5b69d350864e9562a2470b487b139)] -&gt; xpath: .//word], [[AndroidDriver: chrome on ANDROID (51a5b69d350864e9562a2470b487b139)] -&gt; xpath: .//word], [[AndroidDriver: chrome on ANDROID (51a5b69d350864e9562a2470b487b139)] -&gt; xpath: .//word], [[AndroidDriver: chrome on ANDROID (51a5b69d350864e9562a2470b487b139)] -&gt; xpath: .//word], [[AndroidDriver: chrome on ANDROID (51a5b69d350864e9562a2470b487b139)] -&gt; xpath: .//word], [[AndroidDriver: chrome on ANDROID (51a5b69d350864e9562a2470b487b139)] -&gt; xpath: .//word], [[AndroidDriver: chrome on ANDROID (51a5b69d350864e9562a2470b487b139)] -&gt; xpath: .//word], [[AndroidDriver: chrome on ANDROID (51a5b69d350864e9562a2470b487b139)] -&gt; xpath: .//word], [[AndroidDriver: chrome on ANDROID (51a5b69d350864e9562a2470b487b139)] -&gt; xpath: .//word], [[AndroidDriver: chrome on ANDROID (51a5b69d350864e9562a2470b487b139)] -&gt; xpath: .//word], [[AndroidDriver: chrome on ANDROID (51a5b69d350864e9562a2470b487b139)] -&gt; xpath: .//word], [[AndroidDriver: chrome on ANDROID (51a5b69d350864e9562a2470b487b139)] -&gt; xpath: .//word], [[AndroidDriver: chrome on ANDROID (51a5b69d350864e9562a2470b487b139)] -&gt; xpath: .//word], [[AndroidDriver: chrome on ANDROID (51a5b69d350864e9562a2470b487b139)] -&gt; xpath: .//word], [[AndroidDriver: chrome on ANDROID (51a5b69d350864e9562a2470b487b139)] -&gt; xpath: .//word], [[AndroidDriver: chrome on ANDROID (51a5b69d350864e9562a2470b487b139)] -&gt; xpath: .//word], [[AndroidDriver: chrome on ANDROID (51a5b69d350864e9562a2470b487b139)] -&gt; xpath: .//word], [[AndroidDriver: chrome on ANDROID (51a5b69d350864e9562a2470b487b139)] -&gt; xpath: .//word], [[AndroidDriver: chrome on ANDROID (51a5b69d350864e9562a2470b487b139)] -&gt; xpath: .//word], [[AndroidDriver: chrome on ANDROID (51a5b69d350864e9562a2470b487b139)] -&gt; xpath: .//word], [[AndroidDriver: chrome on ANDROID (51a5b69d350864e9562a2470b487b139)] -&gt; xpath: .//word], [[AndroidDriver: chrome on ANDROID (51a5b69d350864e9562a2470b487b139)] -&gt; xpath: .//word], [[AndroidDriver: chrome on ANDROID (51a5b69d350864e9562a2470b487b139)] -&gt; xpath: .//word], [[AndroidDriver: chrome on ANDROID (51a5b69d350864e9562a2470b487b139)] -&gt; xpath: .//word], [[AndroidDriver: chrome on ANDROID (51a5b69d350864e9562a2470b487b139)] -&gt; xpath: .//word], [[AndroidDriver: chrome on ANDROID (51a5b69d350864e9562a2470b487b139)] -&gt; xpath: .//word], [[AndroidDriver: chrome on ANDROID (51a5b69d350864e9562a2470b487b139)] -&gt; xpath: .//word], [[AndroidDriver: chrome on ANDROID (51a5b69d350864e9562a2470b487b139)] -&gt; xpath: .//word], [[AndroidDriver: chrome on ANDROID (51a5b69d350864e9562a2470b487b139)] -&gt; xpath: .//word], [[AndroidDriver: chrome on ANDROID (51a5b69d350864e9562a2470b487b139)] -&gt; xpath: .//word], [[AndroidDriver: chrome on ANDROID (51a5b69d350864e9562a2470b487b139)] -&gt; xpath: .//word], [[AndroidDriver: chrome on ANDROID (51a5b69d350864e9562a2470b487b139)] -&gt; xpath: .//word], [[AndroidDriver: chrome on ANDROID (51a5b69d350864e9562a2470b487b139)] -&gt; xpath: .//word], [[AndroidDriver: chrome on ANDROID (51a5b69d350864e9562a2470b487b139)] -&gt; xpath: .//word], [[AndroidDriver: chrome on ANDROID (51a5b69d350864e9562a2470b487b139)] -&gt; xpath: .//word], [[AndroidDriver: chrome on ANDROID (51a5b69d350864e9562a2470b487b139)] -&gt; xpath: .//word], [[AndroidDriver: chrome on ANDROID (51a5b69d350864e9562a2470b487b139)] -&gt; xpath: .//word], [[AndroidDriver: chrome on ANDROID (51a5b69d350864e9562a2470b487b139)] -&gt; xpath: .//word], [[AndroidDriver: chrome on ANDROID (51a5b69d350864e9562a2470b487b139)] -&gt; xpath: .//word], [[AndroidDriver: chrome on ANDROID (51a5b69d350864e9562a2470b487b139)] -&gt; xpath: .//word], [[AndroidDriver: chrome on ANDROID (51a5b69d350864e9562a2470b487b139)] -&gt; xpath: .//word], [[AndroidDriver: chrome on ANDROID (51a5b69d350864e9562a2470b487b139)] -&gt; xpath: .//word], [[AndroidDriver: chrome on ANDROID (51a5b69d350864e9562a2470b487b139)] -&gt; xpath: .//word], [[AndroidDriver: chrome on ANDROID (51a5b69d350864e9562a2470b487b139)] -&gt; xpath: .//word], [[AndroidDriver: chrome on ANDROID (51a5b69d350864e9562a2470b487b139)] -&gt; xpath: .//word], [[AndroidDriver: chrome on ANDROID (51a5b69d350864e9562a2470b487b139)] -&gt; xpath: .//word], [[AndroidDriver: chrome on ANDROID (51a5b69d350864e9562a2470b487b139)] -&gt; xpath: .//word], [[AndroidDriver: chrome on ANDROID (51a5b69d350864e9562a2470b487b139)] -&gt; xpath: .//word], [[AndroidDriver: chrome on ANDROID (51a5b69d350864e9562a2470b487b139)] -&gt; xpath: .//word], [[AndroidDriver: chrome on ANDROID (51a5b69d350864e9562a2470b487b139)] -&gt; xpath: .//word], [[AndroidDriver: chrome on ANDROID (51a5b69d350864e9562a2470b487b139)] -&gt; xpath: .//word], [[AndroidDriver: chrome on ANDROID (51a5b69d350864e9562a2470b487b139)] -&gt; xpath: .//word], [[AndroidDriver: chrome on ANDROID (51a5b69d350864e9562a2470b487b139)] -&gt; xpath: .//word], [[AndroidDriver: chrome on ANDROID (51a5b69d350864e9562a2470b487b139)] -&gt; xpath: .//word], [[AndroidDriver: chrome on ANDROID (51a5b69d350864e9562a2470b487b139)] -&gt; xpath: .//word], [[AndroidDriver: chrome on ANDROID (51a5b69d350864e9562a2470b487b139)] -&gt; xpath: .//word], [[AndroidDriver: chrome on ANDROID (51a5b69d350864e9562a2470b487b139)] -&gt; xpath: .//word], [[AndroidDriver: chrome on ANDROID (51a5b69d350864e9562a2470b487b139)] -&gt; xpath: .//word], [[AndroidDriver: chrome on ANDROID (51a5b69d350864e9562a2470b487b139)] -&gt; xpath: .//word], [[AndroidDriver: chrome on ANDROID (51a5b69d350864e9562a2470b487b139)] -&gt; xpath: .//word], [[AndroidDriver: chrome on ANDROID (51a5b69d350864e9562a2470b487b139)] -&gt; xpath: .//word], [[AndroidDriver: chrome on ANDROID (51a5b69d350864e9562a2470b487b139)] -&gt; xpath: .//word], [[AndroidDriver: chrome on ANDROID (51a5b69d350864e9562a2470b487b139)] -&gt; xpath: .//word], [[AndroidDriver: chrome on ANDROID (51a5b69d350864e9562a2470b487b139)] -&gt; xpath: .//word], [[AndroidDriver: chrome on ANDROID (51a5b69d350864e9562a2470b487b139)] -&gt; xpath: .//word], [[AndroidDriver: chrome on ANDROID (51a5b69d350864e9562a2470b487b139)] -&gt; xpath: .//word], [[AndroidDriver: chrome on ANDROID (51a5b69d350864e9562a2470b487b139)] -&gt; xpath: .//word], [[AndroidDriver: chrome on ANDROID (51a5b69d350864e9562a2470b487b139)] -&gt; xpath: .//word], [[AndroidDriver: chrome on ANDROID (51a5b69d350864e9562a2470b487b139)] -&gt; xpath: .//word], [[AndroidDriver: chrome on ANDROID (51a5b69d350864e9562a2470b487b139)] -&gt; xpath: .//word], [[AndroidDriver: chrome on ANDROID (51a5b69d350864e9562a2470b487b139)] -&gt; xpath: .//word], [[AndroidDriver: chrome on ANDROID (51a5b69d350864e9562a2470b487b139)] -&gt; xpath: .//word], [[AndroidDriver: chrome on ANDROID (51a5b69d350864e9562a2470b487b139)] -&gt; xpath: .//word], [[AndroidDriver: chrome on ANDROID (51a5b69d350864e9562a2470b487b139)] -&gt; xpath: .//word], [[AndroidDriver: chrome on ANDROID (51a5b69d350864e9562a2470b487b139)] -&gt; xpath: .//word], [[AndroidDriver: chrome on ANDROID (51a5b69d350864e9562a2470b487b139)] -&gt; xpath: .//word], [[AndroidDriver: chrome on ANDROID (51a5b69d350864e9562a2470b487b139)] -&gt; xpath: .//word], [[AndroidDriver: chrome on ANDROID (51a5b69d350864e9562a2470b487b139)] -&gt; xpath: .//word], [[AndroidDriver: chrome on ANDROID (51a5b69d350864e9562a2470b487b139)] -&gt; xpath: .//word], [[AndroidDriver: chrome on ANDROID (51a5b69d350864e9562a2470b487b139)] -&gt; xpath: .//word], [[AndroidDriver: chrome on ANDROID (51a5b69d350864e9562a2470b487b139)] -&gt; xpath: .//word], [[AndroidDriver: chrome on ANDROID (51a5b69d350864e9562a2470b487b139)] -&gt; xpath: .//word], [[AndroidDriver: chrome on ANDROID (51a5b69d350864e9562a2470b487b139)] -&gt; xpath: .//word], [[AndroidDriver: chrome on ANDROID (51a5b69d350864e9562a2470b487b139)] -&gt; xpath: .//word], [[AndroidDriver: chrome on ANDROID (51a5b69d350864e9562a2470b487b139)] -&gt; xpath: .//word], [[AndroidDriver: chrome on ANDROID (51a5b69d350864e9562a2470b487b139)] -&gt; xpath: .//word], [[AndroidDriver: chrome on ANDROID (51a5b69d350864e9562a2470b487b139)] -&gt; xpath: .//word], [[AndroidDriver: chrome on ANDROID (51a5b69d350864e9562a2470b487b139)] -&gt; xpath: .//word], [[AndroidDriver: chrome on ANDROID (51a5b69d350864e9562a2470b487b139)] -&gt; xpath: .//word], [[AndroidDriver: chrome on ANDROID (51a5b69d350864e9562a2470b487b139)] -&gt; xpath: .//word], [[AndroidDriver: chrome on ANDROID (51a5b69d350864e9562a2470b487b139)] -&gt; xpath: .//word], [[AndroidDriver: chrome on ANDROID (51a5b69d350864e9562a2470b487b139)] -&gt; xpath: .//word], [[AndroidDriver: chrome on ANDROID (51a5b69d350864e9562a2470b487b139)] -&gt; xpath: .//word], [[AndroidDriver: chrome on ANDROID (51a5b69d350864e9562a2470b487b139)] -&gt; xpath: .//word], [[AndroidDriver: chrome on ANDROID (51a5b69d350864e9562a2470b487b139)] -&gt; xpath: .//word], [[AndroidDriver: chrome on ANDROID (51a5b69d350864e9562a2470b487b139)] -&gt; xpath: .//word], [[AndroidDriver: chrome on ANDROID (51a5b69d350864e9562a2470b487b139)] -&gt; xpath: .//word], [[AndroidDriver: chrome on ANDROID (51a5b69d350864e9562a2470b487b139)] -&gt; xpath: .//word], [[AndroidDriver: chrome on ANDROID (51a5b69d350864e9562a2470b487b139)] -&gt; xpath: .//word], [[AndroidDriver: chrome on ANDROID (51a5b69d350864e9562a2470b487b139)] -&gt; xpath: .//word], [[AndroidDriver: chrome on ANDROID (51a5b69d350864e9562a2470b487b139)] -&gt; xpath: .//word], [[AndroidDriver: chrome on ANDROID (51a5b69d350864e9562a2470b487b139)] -&gt; xpath: .//word], [[AndroidDriver: chrome on ANDROID (51a5b69d350864e9562a2470b487b139)] -&gt; xpath: .//word], [[AndroidDriver: chrome on ANDROID (51a5b69d350864e9562a2470b487b139)] -&gt; xpath: .//word], [[AndroidDriver: chrome on ANDROID (51a5b69d350864e9562a2470b487b139)] -&gt; xpath: .//word], [[AndroidDriver: chrome on ANDROID (51a5b69d350864e9562a2470b487b139)] -&gt; xpath: .//word], [[AndroidDriver: chrome on ANDROID (51a5b69d350864e9562a2470b487b139)] -&gt; xpath: .//word], [[AndroidDriver: chrome on ANDROID (51a5b69d350864e9562a2470b487b139)] -&gt; xpath: .//word], [[AndroidDriver: chrome on ANDROID (51a5b69d350864e9562a2470b487b139)] -&gt; xpath: .//word], [[AndroidDriver: chrome on ANDROID (51a5b69d350864e9562a2470b487b139)] -&gt; xpath: .//word], [[AndroidDriver: chrome on ANDROID (51a5b69d350864e9562a2470b487b139)] -&gt; xpath: .//word], [[AndroidDriver: chrome on ANDROID (51a5b69d350864e9562a2470b487b139)] -&gt; xpath: .//word], [[AndroidDriver: chrome on ANDROID (51a5b69d350864e9562a2470b487b139)] -&gt; xpath: .//word], [[AndroidDriver: chrome on ANDROID (51a5b69d350864e9562a2470b487b139)] -&gt; xpath: .//word], [[AndroidDriver: chrome on ANDROID (51a5b69d350864e9562a2470b487b139)] -&gt; xpath: .//word], [[AndroidDriver: chrome on ANDROID (51a5b69d350864e9562a2470b487b139)] -&gt; xpath: .//word], [[AndroidDriver: chrome on ANDROID (51a5b69d350864e9562a2470b487b139)] -&gt; xpath: .//word], [[AndroidDriver: chrome on ANDROID (51a5b69d350864e9562a2470b487b139)] -&gt; xpath: .//word], [[AndroidDriver: chrome on ANDROID (51a5b69d350864e9562a2470b487b139)] -&gt; xpath: .//word], [[AndroidDriver: chrome on ANDROID (51a5b69d350864e9562a2470b487b139)] -&gt; xpath: .//word], [[AndroidDriver: chrome on ANDROID (51a5b69d350864e9562a2470b487b139)] -&gt; xpath: .//word], [[AndroidDriver: chrome on ANDROID (51a5b69d350864e9562a2470b487b139)] -&gt; xpath: .//word], [[AndroidDriver: chrome on ANDROID (51a5b69d350864e9562a2470b487b139)] -&gt; xpath: .//word], [[AndroidDriver: chrome on ANDROID (51a5b69d350864e9562a2470b487b139)] -&gt; xpath: .//word], [[AndroidDriver: chrome on ANDROID (51a5b69d350864e9562a2470b487b139)] -&gt; xpath: .//word], [[AndroidDriver: chrome on ANDROID (51a5b69d350864e9562a2470b487b139)] -&gt; xpath: .//word], [[AndroidDriver: chrome on ANDROID (51a5b69d350864e9562a2470b487b139)] -&gt; xpath: .//word], [[AndroidDriver: chrome on ANDROID (51a5b69d350864e9562a2470b487b139)] -&gt; xpath: .//word], [[AndroidDriver: chrome on ANDROID (51a5b69d350864e9562a2470b487b139)] -&gt; xpath: .//word], [[AndroidDriver: chrome on ANDROID (51a5b69d350864e9562a2470b487b139)] -&gt; xpath: .//word], [[AndroidDriver: chrome on ANDROID (51a5b69d350864e9562a2470b487b139)] -&gt; xpath: .//word], [[AndroidDriver: chrome on ANDROID (51a5b69d350864e9562a2470b487b139)] -&gt; xpath: .//word], [[AndroidDriver: chrome on ANDROID (51a5b69d350864e9562a2470b487b139)] -&gt; xpath: .//word], [[AndroidDriver: chrome on ANDROID (51a5b69d350864e9562a2470b487b139)] -&gt; xpath: .//word], [[AndroidDriver: chrome on ANDROID (51a5b69d350864e9562a2470b487b139)] -&gt; xpath: .//word], [[AndroidDriver: chrome on ANDROID (51a5b69d350864e9562a2470b487b139)] -&gt; xpath: .//word], [[AndroidDriver: chrome on ANDROID (51a5b69d350864e9562a2470b487b139)] -&gt; xpath: .//word], [[AndroidDriver: chrome on ANDROID (51a5b69d350864e9562a2470b487b139)] -&gt; xpath: .//word], [[AndroidDriver: chrome on ANDROID (51a5b69d350864e9562a2470b487b139)] -&gt; xpath: .//word], [[AndroidDriver: chrome on ANDROID (51a5b69d350864e9562a2470b487b139)] -&gt; xpath: .//word], [[AndroidDriver: chrome on ANDROID (51a5b69d350864e9562a2470b487b139)] -&gt; xpath: .//word], [[AndroidDriver: chrome on ANDROID (51a5b69d350864e9562a2470b487b139)] -&gt; xpath: .//word], [[AndroidDriver: chrome on ANDROID (51a5b69d350864e9562a2470b487b139)] -&gt; xpath: .//word], [[AndroidDriver: chrome on ANDROID (51a5b69d350864e9562a2470b487b139)] -&gt; xpath: .//word], [[AndroidDriver: chrome on ANDROID (51a5b69d350864e9562a2470b487b139)] -&gt; xpath: .//word], [[AndroidDriver: chrome on ANDROID (51a5b69d350864e9562a2470b487b139)] -&gt; xpath: .//word], [[AndroidDriver: chrome on ANDROID (51a5b69d350864e9562a2470b487b139)] -&gt; xpath: .//word], [[AndroidDriver: chrome on ANDROID (51a5b69d350864e9562a2470b487b139)] -&gt; xpath: .//word], [[AndroidDriver: chrome on ANDROID (51a5b69d350864e9562a2470b487b139)] -&gt; xpath: .//word], [[AndroidDriver: chrome on ANDROID (51a5b69d350864e9562a2470b487b139)] -&gt; xpath: .//word], [[AndroidDriver: chrome on ANDROID (51a5b69d350864e9562a2470b487b139)] -&gt; xpath: .//word], [[AndroidDriver: chrome on ANDROID (51a5b69d350864e9562a2470b487b139)] -&gt; xpath: .//word], [[AndroidDriver: chrome on ANDROID (51a5b69d350864e9562a2470b487b139)] -&gt; xpath: .//word], [[AndroidDriver: chrome on ANDROID (51a5b69d350864e9562a2470b487b139)] -&gt; xpath: .//word], [[AndroidDriver: chrome on ANDROID (51a5b69d350864e9562a2470b487b139)] -&gt; xpath: .//word], [[AndroidDriver: chrome on ANDROID (51a5b69d350864e9562a2470b487b139)] -&gt; xpath: .//word], [[AndroidDriver: chrome on ANDROID (51a5b69d350864e9562a2470b487b139)] -&gt; xpath: .//word], [[AndroidDriver: chrome on ANDROID (51a5b69d350864e9562a2470b487b139)] -&gt; xpath: .//word], [[AndroidDriver: chrome on ANDROID (51a5b69d350864e9562a2470b487b139)] -&gt; xpath: .//word], [[AndroidDriver: chrome on ANDROID (51a5b69d350864e9562a2470b487b139)] -&gt; xpath: .//word], [[AndroidDriver: chrome on ANDROID (51a5b69d350864e9562a2470b487b139)] -&gt; xpath: .//word], [[AndroidDriver: chrome on ANDROID (51a5b69d350864e9562a2470b487b139)] -&gt; xpath: .//word], [[AndroidDriver: chrome on ANDROID (51a5b69d350864e9562a2470b487b139)] -&gt; xpath: .//word], [[AndroidDriver: chrome on ANDROID (51a5b69d350864e9562a2470b487b139)] -&gt; xpath: .//word], [[AndroidDriver: chrome on ANDROID (51a5b69d350864e9562a2470b487b139)] -&gt; xpath: .//word], [[AndroidDriver: chrome on ANDROID (51a5b69d350864e9562a2470b487b139)] -&gt; xpath: .//word], [[AndroidDriver: chrome on ANDROID (51a5b69d350864e9562a2470b487b139)] -&gt; xpath: .//word], [[AndroidDriver: chrome on ANDROID (51a5b69d350864e9562a2470b487b139)] -&gt; xpath: .//word], [[AndroidDriver: chrome on ANDROID (51a5b69d350864e9562a2470b487b139)] -&gt; xpath: .//word], [[AndroidDriver: chrome on ANDROID (51a5b69d350864e9562a2470b487b139)] -&gt; xpath: .//word], [[AndroidDriver: chrome on ANDROID (51a5b69d350864e9562a2470b487b139)] -&gt; xpath: .//word], [[AndroidDriver: chrome on ANDROID (51a5b69d350864e9562a2470b487b139)] -&gt; xpath: .//word], [[AndroidDriver: chrome on ANDROID (51a5b69d350864e9562a2470b487b139)] -&gt; xpath: .//word], [[AndroidDriver: chrome on ANDROID (51a5b69d350864e9562a2470b487b139)] -&gt; xpath: .//word], [[AndroidDriver: chrome on ANDROID (51a5b69d350864e9562a2470b487b139)] -&gt; xpath: .//word], [[AndroidDriver: chrome on ANDROID (51a5b69d350864e9562a2470b487b139)] -&gt; xpath: .//word], [[AndroidDriver: chrome on ANDROID (51a5b69d350864e9562a2470b487b139)] -&gt; xpath: .//word], [[AndroidDriver: chrome on ANDROID (51a5b69d350864e9562a2470b487b139)] -&gt; xpath: .//word], [[AndroidDriver: chrome on ANDROID (51a5b69d350864e9562a2470b487b139)] -&gt; xpath: .//word], [[AndroidDriver: chrome on ANDROID (51a5b69d350864e9562a2470b487b139)] -&gt; xpath: .//word], [[AndroidDriver: chrome on ANDROID (51a5b69d350864e9562a2470b487b139)] -&gt; xpath: .//word], [[AndroidDriver: chrome on ANDROID (51a5b69d350864e9562a2470b487b139)] -&gt; xpath: .//word], [[AndroidDriver: chrome on ANDROID (51a5b69d350864e9562a2470b487b139)] -&gt; xpath: .//word], [[AndroidDriver: chrome on ANDROID (51a5b69d350864e9562a2470b487b139)] -&gt; xpath: .//word], [[AndroidDriver: chrome on ANDROID (51a5b69d350864e9562a2470b487b139)] -&gt; xpath: .//word], [[AndroidDriver: chrome on ANDROID (51a5b69d350864e9562a2470b487b139)] -&gt; xpath: .//word], [[AndroidDriver: chrome on ANDROID (51a5b69d350864e9562a2470b487b139)] -&gt; xpath: .//word], [[AndroidDriver: chrome on ANDROID (51a5b69d350864e9562a2470b487b139)] -&gt; xpath: .//word], [[AndroidDriver: chrome on ANDROID (51a5b69d350864e9562a2470b487b139)] -&gt; xpath: .//word], [[AndroidDriver: chrome on ANDROID (51a5b69d350864e9562a2470b487b139)] -&gt; xpath: .//word], [[AndroidDriver: chrome on ANDROID (51a5b69d350864e9562a2470b487b139)] -&gt; xpath: .//word], [[AndroidDriver: chrome on ANDROID (51a5b69d350864e9562a2470b487b139)] -&gt; xpath: .//word], [[AndroidDriver: chrome on ANDROID (51a5b69d350864e9562a2470b487b139)] -&gt; xpath: .//word], [[AndroidDriver: chrome on ANDROID (51a5b69d350864e9562a2470b487b139)] -&gt; xpath: .//word], [[AndroidDriver: chrome on ANDROID (51a5b69d350864e9562a2470b487b139)] -&gt; xpath: .//word], [[AndroidDriver: chrome on ANDROID (51a5b69d350864e9562a2470b487b139)] -&gt; xpath: .//word], [[AndroidDriver: chrome on ANDROID (51a5b69d350864e9562a2470b487b139)] -&gt; xpath: .//word], [[AndroidDriver: chrome on ANDROID (51a5b69d350864e9562a2470b487b139)] -&gt; xpath: .//word], [[AndroidDriver: chrome on ANDROID (51a5b69d350864e9562a2470b487b139)] -&gt; xpath: .//word], [[AndroidDriver: chrome on ANDROID (51a5b69d350864e9562a2470b487b139)] -&gt; xpath: .//word], [[AndroidDriver: chrome on ANDROID (51a5b69d350864e9562a2470b487b139)] -&gt; xpath: .//word], [[AndroidDriver: chrome on ANDROID (51a5b69d350864e9562a2470b487b139)] -&gt; xpath: .//word], [[AndroidDriver: chrome on ANDROID (51a5b69d350864e9562a2470b487b139)] -&gt; xpath: .//word], [[AndroidDriver: chrome on ANDROID (51a5b69d350864e9562a2470b487b139)] -&gt; xpath: .//word], [[AndroidDriver: chrome on ANDROID (51a5b69d350864e9562a2470b487b139)] -&gt; xpath: .//word], [[AndroidDriver: chrome on ANDROID (51a5b69d350864e9562a2470b487b139)] -&gt; xpath: .//word], [[AndroidDriver: chrome on ANDROID (51a5b69d350864e9562a2470b487b139)] -&gt; xpath: .//word], [[AndroidDriver: chrome on ANDROID (51a5b69d350864e9562a2470b487b139)] -&gt; xpath: .//word], [[AndroidDriver: chrome on ANDROID (51a5b69d350864e9562a2470b487b139)] -&gt; xpath: .//word], [[AndroidDriver: chrome on ANDROID (51a5b69d350864e9562a2470b487b139)] -&gt; xpath: .//word], [[AndroidDriver: chrome on ANDROID (51a5b69d350864e9562a2470b487b139)] -&gt; xpath: .//word], [[AndroidDriver: chrome on ANDROID (51a5b69d350864e9562a2470b487b139)] -&gt; xpath: .//word], [[AndroidDriver: chrome on ANDROID (51a5b69d350864e9562a2470b487b139)] -&gt; xpath: .//word], [[AndroidDriver: chrome on ANDROID (51a5b69d350864e9562a2470b487b139)] -&gt; xpath: .//word], [[AndroidDriver: chrome on ANDROID (51a5b69d350864e9562a2470b487b139)] -&gt; xpath: .//word], [[AndroidDriver: chrome on ANDROID (51a5b69d350864e9562a2470b487b139)] -&gt; xpath: .//word], [[AndroidDriver: chrome on ANDROID (51a5b69d350864e9562a2470b487b139)] -&gt; xpath: .//word], [[AndroidDriver: chrome on ANDROID (51a5b69d350864e9562a2470b487b139)] -&gt; xpath: .//word], [[AndroidDriver: chrome on ANDROID (51a5b69d350864e9562a2470b487b139)] -&gt; xpath: .//word], [[AndroidDriver: chrome on ANDROID (51a5b69d350864e9562a2470b487b139)] -&gt; xpath: .//word], [[AndroidDriver: chrome on ANDROID (51a5b69d350864e9562a2470b487b139)] -&gt; xpath: .//word], [[AndroidDriver: chrome on ANDROID (51a5b69d350864e9562a2470b487b139)] -&gt; xpath: .//word], [[AndroidDriver: chrome on ANDROID (51a5b69d350864e9562a2470b487b139)] -&gt; xpath: .//word], [[AndroidDriver: chrome on ANDROID (51a5b69d350864e9562a2470b487b139)] -&gt; xpath: .//word], [[AndroidDriver: chrome on ANDROID (51a5b69d350864e9562a2470b487b139)] -&gt; xpath: .//word], [[AndroidDriver: chrome on ANDROID (51a5b69d350864e9562a2470b487b139)] -&gt; xpath: .//word], [[AndroidDriver: chrome on ANDROID (51a5b69d350864e9562a2470b487b139)] -&gt; xpath: .//word], [[AndroidDriver: chrome on ANDROID (51a5b69d350864e9562a2470b487b139)] -&gt; xpath: .//word], [[AndroidDriver: chrome on ANDROID (51a5b69d350864e9562a2470b487b139)] -&gt; xpath: .//word], [[AndroidDriver: chrome on ANDROID (51a5b69d350864e9562a2470b487b139)] -&gt; xpath: .//word], [[AndroidDriver: chrome on ANDROID (51a5b69d350864e9562a2470b487b139)] -&gt; xpath: .//word], [[AndroidDriver: chrome on ANDROID (51a5b69d350864e9562a2470b487b139)] -&gt; xpath: .//word], [[AndroidDriver: chrome on ANDROID (51a5b69d350864e9562a2470b487b139)] -&gt; xpath: .//word], [[AndroidDriver: chrome on ANDROID (51a5b69d350864e9562a2470b487b139)] -&gt; xpath: .//word], [[AndroidDriver: chrome on ANDROID (51a5b69d350864e9562a2470b487b139)] -&gt; xpath: .//word], [[AndroidDriver: chrome on ANDROID (51a5b69d350864e9562a2470b487b139)] -&gt; xpath: .//word], [[AndroidDriver: chrome on ANDROID (51a5b69d350864e9562a2470b487b139)] -&gt; xpath: .//word], [[AndroidDriver: chrome on ANDROID (51a5b69d350864e9562a2470b487b139)] -&gt; xpath: .//word], [[AndroidDriver: chrome on ANDROID (51a5b69d350864e9562a2470b487b139)] -&gt; xpath: .//word], [[AndroidDriver: chrome on ANDROID (51a5b69d350864e9562a2470b487b139)] -&gt; xpath: .//word], [[AndroidDriver: chrome on ANDROID (51a5b69d350864e9562a2470b487b139)] -&gt; xpath: .//word], [[AndroidDriver: chrome on ANDROID (51a5b69d350864e9562a2470b487b139)] -&gt; xpath: .//word], [[AndroidDriver: chrome on ANDROID (51a5b69d350864e9562a2470b487b139)] -&gt; xpath: .//word], [[AndroidDriver: chrome on ANDROID (51a5b69d350864e9562a2470b487b139)] -&gt; xpath: .//word], [[AndroidDriver: chrome on ANDROID (51a5b69d350864e9562a2470b487b139)] -&gt; xpath: .//word], [[AndroidDriver: chrome on ANDROID (51a5b69d350864e9562a2470b487b139)] -&gt; xpath: .//word], [[AndroidDriver: chrome on ANDROID (51a5b69d350864e9562a2470b487b139)] -&gt; xpath: .//word], [[AndroidDriver: chrome on ANDROID (51a5b69d350864e9562a2470b487b139)] -&gt; xpath: .//word], [[AndroidDriver: chrome on ANDROID (51a5b69d350864e9562a2470b487b139)] -&gt; xpath: .//word], [[AndroidDriver: chrome on ANDROID (51a5b69d350864e9562a2470b487b139)] -&gt; xpath: .//word], [[AndroidDriver: chrome on ANDROID (51a5b69d350864e9562a2470b487b139)] -&gt; xpath: .//word], [[AndroidDriver: chrome on ANDROID (51a5b69d350864e9562a2470b487b139)] -&gt; xpath: .//word], [[AndroidDriver: chrome on ANDROID (51a5b69d350864e9562a2470b487b139)] -&gt; xpath: .//word], [[AndroidDriver: chrome on ANDROID (51a5b69d350864e9562a2470b487b139)] -&gt; xpath: .//word], [[AndroidDriver: chrome on ANDROID (51a5b69d350864e9562a2470b487b139)] -&gt; xpath: .//word], [[AndroidDriver: chrome on ANDROID (51a5b69d350864e9562a2470b487b139)] -&gt; xpath: .//word], [[AndroidDriver: chrome on ANDROID (51a5b69d350864e9562a2470b487b139)] -&gt; xpath: .//word], [[AndroidDriver: chrome on ANDROID (51a5b69d350864e9562a2470b487b139)] -&gt; xpath: .//word], [[AndroidDriver: chrome on ANDROID (51a5b69d350864e9562a2470b487b139)] -&gt; xpath: .//word], [[AndroidDriver: chrome on ANDROID (51a5b69d350864e9562a2470b487b139)] -&gt; xpath: .//word], [[AndroidDriver: chrome on ANDROID (51a5b69d350864e9562a2470b487b139)] -&gt; xpath: .//word], [[AndroidDriver: chrome on ANDROID (51a5b69d350864e9562a2470b487b139)] -&gt; xpath: .//word], [[AndroidDriver: chrome on ANDROID (51a5b69d350864e9562a2470b487b139)] -&gt; xpath: .//word], [[AndroidDriver: chrome on ANDROID (51a5b69d350864e9562a2470b487b139)] -&gt; xpath: .//word], [[AndroidDriver: chrome on ANDROID (51a5b69d350864e9562a2470b487b139)] -&gt; xpath: .//word], [[AndroidDriver: chrome on ANDROID (51a5b69d350864e9562a2470b487b139)] -&gt; xpath: .//word], [[AndroidDriver: chrome on ANDROID (51a5b69d350864e9562a2470b487b139)] -&gt; xpath: .//word], [[AndroidDriver: chrome on ANDROID (51a5b69d350864e9562a2470b487b139)] -&gt; xpath: .//word], [[AndroidDriver: chrome on ANDROID (51a5b69d350864e9562a2470b487b139)] -&gt; xpath: .//word], [[AndroidDriver: chrome on ANDROID (51a5b69d350864e9562a2470b487b139)] -&gt; xpath: .//word], [[AndroidDriver: chrome on ANDROID (51a5b69d350864e9562a2470b487b139)] -&gt; xpath: .//word], [[AndroidDriver: chrome on ANDROID (51a5b69d350864e9562a2470b487b139)] -&gt; xpath: .//word], [[AndroidDriver: chrome on ANDROID (51a5b69d350864e9562a2470b487b139)] -&gt; xpath: .//word], [[AndroidDriver: chrome on ANDROID (51a5b69d350864e9562a2470b487b139)] -&gt; xpath: .//word], [[AndroidDriver: chrome on ANDROID (51a5b69d350864e9562a2470b487b139)] -&gt; xpath: .//word], [[AndroidDriver: chrome on ANDROID (51a5b69d350864e9562a2470b487b139)] -&gt; xpath: .//word], [[AndroidDriver: chrome on ANDROID (51a5b69d350864e9562a2470b487b139)] -&gt; xpath: .//word], [[AndroidDriver: chrome on ANDROID (51a5b69d350864e9562a2470b487b139)] -&gt; xpath: .//word], [[AndroidDriver: chrome on ANDROID (51a5b69d350864e9562a2470b487b139)] -&gt; xpath: .//word], [[AndroidDriver: chrome on ANDROID (51a5b69d350864e9562a2470b487b139)] -&gt; xpath: .//word], [[AndroidDriver: chrome on ANDROID (51a5b69d350864e9562a2470b487b139)] -&gt; xpath: .//word], [[AndroidDriver: chrome on ANDROID (51a5b69d350864e9562a2470b487b139)] -&gt; xpath: .//word], [[AndroidDriver: chrome on ANDROID (51a5b69d350864e9562a2470b487b139)] -&gt; xpath: .//word], [[AndroidDriver: chrome on ANDROID (51a5b69d350864e9562a2470b487b139)] -&gt; xpath: .//word], [[AndroidDriver: chrome on ANDROID (51a5b69d350864e9562a2470b487b139)] -&gt; xpath: .//word], [[AndroidDriver: chrome on ANDROID (51a5b69d350864e9562a2470b487b139)] -&gt; xpath: .//word], [[AndroidDriver: chrome on ANDROID (51a5b69d350864e9562a2470b487b139)] -&gt; xpath: .//word], [[AndroidDriver: chrome on ANDROID (51a5b69d350864e9562a2470b487b139)] -&gt; xpath: .//word], [[AndroidDriver: chrome on ANDROID (51a5b69d350864e9562a2470b487b139)] -&gt; xpath: .//word], [[AndroidDriver: chrome on ANDROID (51a5b69d350864e9562a2470b487b139)] -&gt; xpath: .//word], [[AndroidDriver: chrome on ANDROID (51a5b69d350864e9562a2470b487b139)] -&gt; xpath: .//word], [[AndroidDriver: chrome on ANDROID (51a5b69d350864e9562a2470b487b139)] -&gt; xpath: .//word], [[AndroidDriver: chrome on ANDROID (51a5b69d350864e9562a2470b487b139)] -&gt; xpath: .//word], [[AndroidDriver: chrome on ANDROID (51a5b69d350864e9562a2470b487b139)] -&gt; xpath: .//word], [[AndroidDriver: chrome on ANDROID (51a5b69d350864e9562a2470b487b139)] -&gt; xpath: .//word], [[AndroidDriver: chrome on ANDROID (51a5b69d350864e9562a2470b487b139)] -&gt; xpath: .//word], [[AndroidDriver: chrome on ANDROID (51a5b69d350864e9562a2470b487b139)] -&gt; xpath: .//word], [[AndroidDriver: chrome on ANDROID (51a5b69d350864e9562a2470b487b139)] -&gt; xpath: .//word], [[AndroidDriver: chrome on ANDROID (51a5b69d350864e9562a2470b487b139)] -&gt; xpath: .//word], [[AndroidDriver: chrome on ANDROID (51a5b69d350864e9562a2470b487b139)] -&gt; xpath: .//word], [[AndroidDriver: chrome on ANDROID (51a5b69d350864e9562a2470b487b139)] -&gt; xpath: .//word], [[AndroidDriver: chrome on ANDROID (51a5b69d350864e9562a2470b487b139)] -&gt; xpath: .//word], [[AndroidDriver: chrome on ANDROID (51a5b69d350864e9562a2470b487b139)] -&gt; xpath: .//word], [[AndroidDriver: chrome on ANDROID (51a5b69d350864e9562a2470b487b139)] -&gt; xpath: .//word], [[AndroidDriver: chrome on ANDROID (51a5b69d350864e9562a2470b487b139)] -&gt; xpath: .//word], [[AndroidDriver: chrome on ANDROID (51a5b69d350864e9562a2470b487b139)] -&gt; xpath: .//word], [[AndroidDriver: chrome on ANDROID (51a5b69d350864e9562a2470b487b139)] -&gt; xpath: .//word], [[AndroidDriver: chrome on ANDROID (51a5b69d350864e9562a2470b487b139)] -&gt; xpath: .//word], [[AndroidDriver: chrome on ANDROID (51a5b69d350864e9562a2470b487b139)] -&gt; xpath: .//word], [[AndroidDriver: chrome on ANDROID (51a5b69d350864e9562a2470b487b139)] -&gt; xpath: .//word], [[AndroidDriver: chrome on ANDROID (51a5b69d350864e9562a2470b487b139)] -&gt; xpath: .//word], [[AndroidDriver: chrome on ANDROID (51a5b69d350864e9562a2470b487b139)] -&gt; xpath: .//word], [[AndroidDriver: chrome on ANDROID (51a5b69d350864e9562a2470b487b139)] -&gt; xpath: .//word], [[AndroidDriver: chrome on ANDROID (51a5b69d350864e9562a2470b487b139)] -&gt; xpath: .//word], [[AndroidDriver: chrome on ANDROID (51a5b69d350864e9562a2470b487b139)] -&gt; xpath: .//word], [[AndroidDriver: chrome on ANDROID (51a5b69d350864e9562a2470b487b139)] -&gt; xpath: .//word], [[AndroidDriver: chrome on ANDROID (51a5b69d350864e9562a2470b487b139)] -&gt; xpath: .//word], [[AndroidDriver: chrome on ANDROID (51a5b69d350864e9562a2470b487b139)] -&gt; xpath: .//word], [[AndroidDriver: chrome on ANDROID (51a5b69d350864e9562a2470b487b139)] -&gt; xpath: .//word], [[AndroidDriver: chrome on ANDROID (51a5b69d350864e9562a2470b487b139)] -&gt; xpath: .//word], [[AndroidDriver: chrome on ANDROID (51a5b69d350864e9562a2470b487b139)] -&gt; xpath: .//word], [[AndroidDriver: chrome on ANDROID (51a5b69d350864e9562a2470b487b139)] -&gt; xpath: .//word], [[AndroidDriver: chrome on ANDROID (51a5b69d350864e9562a2470b487b139)] -&gt; xpath: .//word], [[AndroidDriver: chrome on ANDROID (51a5b69d350864e9562a2470b487b139)] -&gt; xpath: .//word], [[AndroidDriver: chrome on ANDROID (51a5b69d350864e9562a2470b487b139)] -&gt; xpath: .//word], [[AndroidDriver: chrome on ANDROID (51a5b69d350864e9562a2470b487b139)] -&gt; xpath: .//word], [[AndroidDriver: chrome on ANDROID (51a5b69d350864e9562a2470b487b139)] -&gt; xpath: .//word], [[AndroidDriver: chrome on ANDROID (51a5b69d350864e9562a2470b487b139)] -&gt; xpath: .//word], [[AndroidDriver: chrome on ANDROID (51a5b69d350864e9562a2470b487b139)] -&gt; xpath: .//word], [[AndroidDriver: chrome on ANDROID (51a5b69d350864e9562a2470b487b139)] -&gt; xpath: .//word], [[AndroidDriver: chrome on ANDROID (51a5b69d350864e9562a2470b487b139)] -&gt; xpath: .//word], [[AndroidDriver: chrome on ANDROID (51a5b69d350864e9562a2470b487b139)] -&gt; xpath: .//word], [[AndroidDriver: chrome on ANDROID (51a5b69d350864e9562a2470b487b139)] -&gt; xpath: .//word], [[AndroidDriver: chrome on ANDROID (51a5b69d350864e9562a2470b487b139)] -&gt; xpath: .//word], [[AndroidDriver: chrome on ANDROID (51a5b69d350864e9562a2470b487b139)] -&gt; xpath: .//word], [[AndroidDriver: chrome on ANDROID (51a5b69d350864e9562a2470b487b139)] -&gt; xpath: .//word], [[AndroidDriver: chrome on ANDROID (51a5b69d350864e9562a2470b487b139)] -&gt; xpath: .//word], [[AndroidDriver: chrome on ANDROID (51a5b69d350864e9562a2470b487b139)] -&gt; xpath: .//word], [[AndroidDriver: chrome on ANDROID (51a5b69d350864e9562a2470b487b139)] -&gt; xpath: .//word], [[AndroidDriver: chrome on ANDROID (51a5b69d350864e9562a2470b487b139)] -&gt; xpath: .//word], [[AndroidDriver: chrome on ANDROID (51a5b69d350864e9562a2470b487b139)] -&gt; xpath: .//word], [[AndroidDriver: chrome on ANDROID (51a5b69d350864e9562a2470b487b139)] -&gt; xpath: .//word], [[AndroidDriver: chrome on ANDROID (51a5b69d350864e9562a2470b487b139)] -&gt; xpath: .//word], [[AndroidDriver: chrome on ANDROID (51a5b69d350864e9562a2470b487b139)] -&gt; xpath: .//word], [[AndroidDriver: chrome on ANDROID (51a5b69d350864e9562a2470b487b139)] -&gt; xpath: .//word], [[AndroidDriver: chrome on ANDROID (51a5b69d350864e9562a2470b487b139)] -&gt; xpath: .//word], [[AndroidDriver: chrome on ANDROID (51a5b69d350864e9562a2470b487b139)] -&gt; xpath: .//word], [[AndroidDriver: chrome on ANDROID (51a5b69d350864e9562a2470b487b139)] -&gt; xpath: .//word], [[AndroidDriver: chrome on ANDROID (51a5b69d350864e9562a2470b487b139)] -&gt; xpath: .//word], [[AndroidDriver: chrome on ANDROID (51a5b69d350864e9562a2470b487b139)] -&gt; xpath: .//word], [[AndroidDriver: chrome on ANDROID (51a5b69d350864e9562a2470b487b139)] -&gt; xpath: .//word], [[AndroidDriver: chrome on ANDROID (51a5b69d350864e9562a2470b487b139)] -&gt; xpath: .//word], [[AndroidDriver: chrome on ANDROID (51a5b69d350864e9562a2470b487b139)] -&gt; xpath: .//word], [[AndroidDriver: chrome on ANDROID (51a5b69d350864e9562a2470b487b139)] -&gt; xpath: .//word], [[AndroidDriver: chrome on ANDROID (51a5b69d350864e9562a2470b487b139)] -&gt; xpath: .//word], [[AndroidDriver: chrome on ANDROID (51a5b69d350864e9562a2470b487b139)] -&gt; xpath: .//word], [[AndroidDriver: chrome on ANDROID (51a5b69d350864e9562a2470b487b139)] -&gt; xpath: .//word], [[AndroidDriver: chrome on ANDROID (51a5b69d350864e9562a2470b487b139)] -&gt; xpath: .//word], [[AndroidDriver: chrome on ANDROID (51a5b69d350864e9562a2470b487b139)] -&gt; xpath: .//word], [[AndroidDriver: chrome on ANDROID (51a5b69d350864e9562a2470b487b139)] -&gt; xpath: .//word], [[AndroidDriver: chrome on ANDROID (51a5b69d350864e9562a2470b487b139)] -&gt; xpath: .//word], [[AndroidDriver: chrome on ANDROID (51a5b69d350864e9562a2470b487b139)] -&gt; xpath: .//word], [[AndroidDriver: chrome on ANDROID (51a5b69d350864e9562a2470b487b139)] -&gt; xpath: .//word], [[AndroidDriver: chrome on ANDROID (51a5b69d350864e9562a2470b487b139)] -&gt; xpath: .//word], [[AndroidDriver: chrome on ANDROID (51a5b69d350864e9562a2470b487b139)] -&gt; xpath: .//word], [[AndroidDriver: chrome on ANDROID (51a5b69d350864e9562a2470b487b139)] -&gt; xpath: .//word], [[AndroidDriver: chrome on ANDROID (51a5b69d350864e9562a2470b487b139)] -&gt; xpath: .//word], [[AndroidDriver: chrome on ANDROID (51a5b69d350864e9562a2470b487b139)] -&gt; xpath: .//word], [[AndroidDriver: chrome on ANDROID (51a5b69d350864e9562a2470b487b139)] -&gt; xpath: .//word], [[AndroidDriver: chrome on ANDROID (51a5b69d350864e9562a2470b487b139)] -&gt; xpath: .//word], [[AndroidDriver: chrome on ANDROID (51a5b69d350864e9562a2470b487b139)] -&gt; xpath: .//word], [[AndroidDriver: chrome on ANDROID (51a5b69d350864e9562a2470b487b139)] -&gt; xpath: .//word], [[AndroidDriver: chrome on ANDROID (51a5b69d350864e9562a2470b487b139)] -&gt; xpath: .//word], [[AndroidDriver: chrome on ANDROID (51a5b69d350864e9562a2470b487b139)] -&gt; xpath: .//word], [[AndroidDriver: chrome on ANDROID (51a5b69d350864e9562a2470b487b139)] -&gt; xpath: .//word], [[AndroidDriver: chrome on ANDROID (51a5b69d350864e9562a2470b487b139)] -&gt; xpath: .//word], [[AndroidDriver: chrome on ANDROID (51a5b69d350864e9562a2470b487b139)] -&gt; xpath: .//word], [[AndroidDriver: chrome on ANDROID (51a5b69d350864e9562a2470b487b139)] -&gt; xpath: .//word], [[AndroidDriver: chrome on ANDROID (51a5b69d350864e9562a2470b487b139)] -&gt; xpath: .//word], [[AndroidDriver: chrome on ANDROID (51a5b69d350864e9562a2470b487b139)] -&gt; xpath: .//word], [[AndroidDriver: chrome on ANDROID (51a5b69d350864e9562a2470b487b139)] -&gt; xpath: .//word], [[AndroidDriver: chrome on ANDROID (51a5b69d350864e9562a2470b487b139)] -&gt; xpath: .//word], [[AndroidDriver: chrome on ANDROID (51a5b69d350864e9562a2470b487b139)] -&gt; xpath: .//word], [[AndroidDriver: chrome on ANDROID (51a5b69d350864e9562a2470b487b139)] -&gt; xpath: .//word], [[AndroidDriver: chrome on ANDROID (51a5b69d350864e9562a2470b487b139)] -&gt; xpath: .//word], [[AndroidDriver: chrome on ANDROID (51a5b69d350864e9562a2470b487b139)] -&gt; xpath: .//word], [[AndroidDriver: chrome on ANDROID (51a5b69d350864e9562a2470b487b139)] -&gt; xpath: .//word], [[AndroidDriver: chrome on ANDROID (51a5b69d350864e9562a2470b487b139)] -&gt; xpath: .//word], [[AndroidDriver: chrome on ANDROID (51a5b69d350864e9562a2470b487b139)] -&gt; xpath: .//word], [[AndroidDriver: chrome on ANDROID (51a5b69d350864e9562a2470b487b139)] -&gt; xpath: .//word], [[AndroidDriver: chrome on ANDROID (51a5b69d350864e9562a2470b487b139)] -&gt; xpath: .//word], [[AndroidDriver: chrome on ANDROID (51a5b69d350864e9562a2470b487b139)] -&gt; xpath: .//word], [[AndroidDriver: chrome on ANDROID (51a5b69d350864e9562a2470b487b139)] -&gt; xpath: .//word], [[AndroidDriver: chrome on ANDROID (51a5b69d350864e9562a2470b487b139)] -&gt; xpath: .//word], [[AndroidDriver: chrome on ANDROID (51a5b69d350864e9562a2470b487b139)] -&gt; xpath: .//word], [[AndroidDriver: chrome on ANDROID (51a5b69d350864e9562a2470b487b139)] -&gt; xpath: .//word], [[AndroidDriver: chrome on ANDROID (51a5b69d350864e9562a2470b487b139)] -&gt; xpath: .//word], [[AndroidDriver: chrome on ANDROID (51a5b69d350864e9562a2470b487b139)] -&gt; xpath: .//word], [[AndroidDriver: chrome on ANDROID (51a5b69d350864e9562a2470b487b139)] -&gt; xpath: .//word], [[AndroidDriver: chrome on ANDROID (51a5b69d350864e9562a2470b487b139)] -&gt; xpath: .//word], [[AndroidDriver: chrome on ANDROID (51a5b69d350864e9562a2470b487b139)] -&gt; xpath: .//word], [[AndroidDriver: chrome on ANDROID (51a5b69d350864e9562a2470b487b139)] -&gt; xpath: .//word], [[AndroidDriver: chrome on ANDROID (51a5b69d350864e9562a2470b487b139)] -&gt; xpath: .//word], [[AndroidDriver: chrome on ANDROID (51a5b69d350864e9562a2470b487b139)] -&gt; xpath: .//word], [[AndroidDriver: chrome on ANDROID (51a5b69d350864e9562a2470b487b139)] -&gt; xpath: .//word], [[AndroidDriver: chrome on ANDROID (51a5b69d350864e9562a2470b487b139)] -&gt; xpath: .//word], [[AndroidDriver: chrome on ANDROID (51a5b69d350864e9562a2470b487b139)] -&gt; xpath: .//word], [[AndroidDriver: chrome on ANDROID (51a5b69d350864e9562a2470b487b139)] -&gt; xpath: .//word], [[AndroidDriver: chrome on ANDROID (51a5b69d350864e9562a2470b487b139)] -&gt; xpath: .//word], [[AndroidDriver: chrome on ANDROID (51a5b69d350864e9562a2470b487b139)] -&gt; xpath: .//word], [[AndroidDriver: chrome on ANDROID (51a5b69d350864e9562a2470b487b139)] -&gt; xpath: .//word], [[AndroidDriver: chrome on ANDROID (51a5b69d350864e9562a2470b487b139)] -&gt; xpath: .//word], [[AndroidDriver: chrome on ANDROID (51a5b69d350864e9562a2470b487b139)] -&gt; xpath: .//word], [[AndroidDriver: chrome on ANDROID (51a5b69d350864e9562a2470b487b139)] -&gt; xpath: .//word], [[AndroidDriver: chrome on ANDROID (51a5b69d350864e9562a2470b487b139)] -&gt; xpath: .//word], [[AndroidDriver: chrome on ANDROID (51a5b69d350864e9562a2470b487b139)] -&gt; xpath: .//word], [[AndroidDriver: chrome on ANDROID (51a5b69d350864e9562a2470b487b139)] -&gt; xpath: .//word], [[AndroidDriver: chrome on ANDROID (51a5b69d350864e9562a2470b487b139)] -&gt; xpath: .//word], [[AndroidDriver: chrome on ANDROID (51a5b69d350864e9562a2470b487b139)] -&gt; xpath: .//word], [[AndroidDriver: chrome on ANDROID (51a5b69d350864e9562a2470b487b139)] -&gt; xpath: .//word], [[AndroidDriver: chrome on ANDROID (51a5b69d350864e9562a2470b487b139)] -&gt; xpath: .//word], [[AndroidDriver: chrome on ANDROID (51a5b69d350864e9562a2470b487b139)] -&gt; xpath: .//word], [[AndroidDriver: chrome on ANDROID (51a5b69d350864e9562a2470b487b139)] -&gt; xpath: .//word], [[AndroidDriver: chrome on ANDROID (51a5b69d350864e9562a2470b487b139)] -&gt; xpath: .//word], [[AndroidDriver: chrome on ANDROID (51a5b69d350864e9562a2470b487b139)] -&gt; xpath: .//word], [[AndroidDriver: chrome on ANDROID (51a5b69d350864e9562a2470b487b139)] -&gt; xpath: .//word], [[AndroidDriver: chrome on ANDROID (51a5b69d350864e9562a2470b487b139)] -&gt; xpath: .//word], [[AndroidDriver: chrome on ANDROID (51a5b69d350864e9562a2470b487b139)] -&gt; xpath: .//word], [[AndroidDriver: chrome on ANDROID (51a5b69d350864e9562a2470b487b139)] -&gt; xpath: .//word], [[AndroidDriver: chrome on ANDROID (51a5b69d350864e9562a2470b487b139)] -&gt; xpath: .//word], [[AndroidDriver: chrome on ANDROID (51a5b69d350864e9562a2470b487b139)] -&gt; xpath: .//word], [[AndroidDriver: chrome on ANDROID (51a5b69d350864e9562a2470b487b139)] -&gt; xpath: .//word], [[AndroidDriver: chrome on ANDROID (51a5b69d350864e9562a2470b487b139)] -&gt; xpath: .//word], [[AndroidDriver: chrome on ANDROID (51a5b69d350864e9562a2470b487b139)] -&gt; xpath: .//word], [[AndroidDriver: chrome on ANDROID (51a5b69d350864e9562a2470b487b139)] -&gt; xpath: .//word], [[AndroidDriver: chrome on ANDROID (51a5b69d350864e9562a2470b487b139)] -&gt; xpath: .//word], [[AndroidDriver: chrome on ANDROID (51a5b69d350864e9562a2470b487b139)] -&gt; xpath: .//word], [[AndroidDriver: chrome on ANDROID (51a5b69d350864e9562a2470b487b139)] -&gt; xpath: .//word], [[AndroidDriver: chrome on ANDROID (51a5b69d350864e9562a2470b487b139)] -&gt; xpath: .//word], [[AndroidDriver: chrome on ANDROID (51a5b69d350864e9562a2470b487b139)] -&gt; xpath: .//word], [[AndroidDriver: chrome on ANDROID (51a5b69d350864e9562a2470b487b139)] -&gt; xpath: .//word], [[AndroidDriver: chrome on ANDROID (51a5b69d350864e9562a2470b487b139)] -&gt; xpath: .//word], [[AndroidDriver: chrome on ANDROID (51a5b69d350864e9562a2470b487b139)] -&gt; xpath: .//word], [[AndroidDriver: chrome on ANDROID (51a5b69d350864e9562a2470b487b139)] -&gt; xpath: .//word], [[AndroidDriver: chrome on ANDROID (51a5b69d350864e9562a2470b487b139)] -&gt; xpath: .//word], [[AndroidDriver: chrome on ANDROID (51a5b69d350864e9562a2470b487b139)] -&gt; xpath: .//word], [[AndroidDriver: chrome on ANDROID (51a5b69d350864e9562a2470b487b139)] -&gt; xpath: .//word], [[AndroidDriver: chrome on ANDROID (51a5b69d350864e9562a2470b487b139)] -&gt; xpath: .//word], [[AndroidDriver: chrome on ANDROID (51a5b69d350864e9562a2470b487b139)] -&gt; xpath: .//word], [[AndroidDriver: chrome on ANDROID (51a5b69d350864e9562a2470b487b139)] -&gt; xpath: .//word], [[AndroidDriver: chrome on ANDROID (51a5b69d350864e9562a2470b487b139)] -&gt; xpath: .//word], [[AndroidDriver: chrome on ANDROID (51a5b69d350864e9562a2470b487b139)] -&gt; xpath: .//word], [[AndroidDriver: chrome on ANDROID (51a5b69d350864e9562a2470b487b139)] -&gt; xpath: .//word], [[AndroidDriver: chrome on ANDROID (51a5b69d350864e9562a2470b487b139)] -&gt; xpath: .//word], [[AndroidDriver: chrome on ANDROID (51a5b69d350864e9562a2470b487b139)] -&gt; xpath: .//word], [[AndroidDriver: chrome on ANDROID (51a5b69d350864e9562a2470b487b139)] -&gt; xpath: .//word], [[AndroidDriver: chrome on ANDROID (51a5b69d350864e9562a2470b487b139)] -&gt; xpath: .//word], [[AndroidDriver: chrome on ANDROID (51a5b69d350864e9562a2470b487b139)] -&gt; xpath: .//word], [[AndroidDriver: chrome on ANDROID (51a5b69d350864e9562a2470b487b139)] -&gt; xpath: .//word], [[AndroidDriver: chrome on ANDROID (51a5b69d350864e9562a2470b487b139)] -&gt; xpath: .//word], [[AndroidDriver: chrome on ANDROID (51a5b69d350864e9562a2470b487b139)] -&gt; xpath: .//word], [[AndroidDriver: chrome on ANDROID (51a5b69d350864e9562a2470b487b139)] -&gt; xpath: .//word], [[AndroidDriver: chrome on ANDROID (51a5b69d350864e9562a2470b487b139)] -&gt; xpath: .//word], [[AndroidDriver: chrome on ANDROID (51a5b69d350864e9562a2470b487b139)] -&gt; xpath: .//word], [[AndroidDriver: chrome on ANDROID (51a5b69d350864e9562a2470b487b139)] -&gt; xpath: .//word], [[AndroidDriver: chrome on ANDROID (51a5b69d350864e9562a2470b487b139)] -&gt; xpath: .//word], [[AndroidDriver: chrome on ANDROID (51a5b69d350864e9562a2470b487b139)] -&gt; xpath: .//word], [[AndroidDriver: chrome on ANDROID (51a5b69d350864e9562a2470b487b139)] -&gt; xpath: .//word], [[AndroidDriver: chrome on ANDROID (51a5b69d350864e9562a2470b487b139)] -&gt; xpath: .//word], [[AndroidDriver: chrome on ANDROID (51a5b69d350864e9562a2470b487b139)] -&gt; xpath: .//word], [[AndroidDriver: chrome on ANDROID (51a5b69d350864e9562a2470b487b139)] -&gt; xpath: .//word], [[AndroidDriver: chrome on ANDROID (51a5b69d350864e9562a2470b487b139)] -&gt; xpath: .//word], [[AndroidDriver: chrome on ANDROID (51a5b69d350864e9562a2470b487b139)] -&gt; xpath: .//word], [[AndroidDriver: chrome on ANDROID (51a5b69d350864e9562a2470b487b139)] -&gt; xpath: .//word], [[AndroidDriver: chrome on ANDROID (51a5b69d350864e9562a2470b487b139)] -&gt; xpath: .//word], [[AndroidDriver: chrome on ANDROID (51a5b69d350864e9562a2470b487b139)] -&gt; xpath: .//word], [[AndroidDriver: chrome on ANDROID (51a5b69d350864e9562a2470b487b139)] -&gt; xpath: .//word], [[AndroidDriver: chrome on ANDROID (51a5b69d350864e9562a2470b487b139)] -&gt; xpath: .//word], [[AndroidDriver: chrome on ANDROID (51a5b69d350864e9562a2470b487b139)] -&gt; xpath: .//word], [[AndroidDriver: chrome on ANDROID (51a5b69d350864e9562a2470b487b139)] -&gt; xpath: .//word], [[AndroidDriver: chrome on ANDROID (51a5b69d350864e9562a2470b487b139)] -&gt; xpath: .//word], [[AndroidDriver: chrome on ANDROID (51a5b69d350864e9562a2470b487b139)] -&gt; xpath: .//word], [[AndroidDriver: chrome on ANDROID (51a5b69d350864e9562a2470b487b139)] -&gt; xpath: .//word], [[AndroidDriver: chrome on ANDROID (51a5b69d350864e9562a2470b487b139)] -&gt; xpath: .//word], [[AndroidDriver: chrome on ANDROID (51a5b69d350864e9562a2470b487b139)] -&gt; xpath: .//word], [[AndroidDriver: chrome on ANDROID (51a5b69d350864e9562a2470b487b139)] -&gt; xpath: .//word], [[AndroidDriver: chrome on ANDROID (51a5b69d350864e9562a2470b487b139)] -&gt; xpath: .//word], [[AndroidDriver: chrome on ANDROID (51a5b69d350864e9562a2470b487b139)] -&gt; xpath: .//word], [[AndroidDriver: chrome on ANDROID (51a5b69d350864e9562a2470b487b139)] -&gt; xpath: .//word], [[AndroidDriver: chrome on ANDROID (51a5b69d350864e9562a2470b487b139)] -&gt; xpath: .//word], [[AndroidDriver: chrome on ANDROID (51a5b69d350864e9562a2470b487b139)] -&gt; xpath: .//word], [[AndroidDriver: chrome on ANDROID (51a5b69d350864e9562a2470b487b139)] -&gt; xpath: .//word], [[AndroidDriver: chrome on ANDROID (51a5b69d350864e9562a2470b487b139)] -&gt; xpath: .//word], [[AndroidDriver: chrome on ANDROID (51a5b69d350864e9562a2470b487b139)] -&gt; xpath: .//word], [[AndroidDriver: chrome on ANDROID (51a5b69d350864e9562a2470b487b139)] -&gt; xpath: .//word], [[AndroidDriver: chrome on ANDROID (51a5b69d350864e9562a2470b487b139)] -&gt; xpath: .//word], [[AndroidDriver: chrome on ANDROID (51a5b69d350864e9562a2470b487b139)] -&gt; xpath: .//word], [[AndroidDriver: chrome on ANDROID (51a5b69d350864e9562a2470b487b139)] -&gt; xpath: .//word], [[AndroidDriver: chrome on ANDROID (51a5b69d350864e9562a2470b487b139)] -&gt; xpath: .//word], [[AndroidDriver: chrome on ANDROID (51a5b69d350864e9562a2470b487b139)] -&gt; xpath: .//word], [[AndroidDriver: chrome on ANDROID (51a5b69d350864e9562a2470b487b139)] -&gt; xpath: .//word], [[AndroidDriver: chrome on ANDROID (51a5b69d350864e9562a2470b487b139)] -&gt; xpath: .//word], [[AndroidDriver: chrome on ANDROID (51a5b69d350864e9562a2470b487b139)] -&gt; xpath: .//word], [[AndroidDriver: chrome on ANDROID (51a5b69d350864e9562a2470b487b139)] -&gt; xpath: .//word], [[AndroidDriver: chrome on ANDROID (51a5b69d350864e9562a2470b487b139)] -&gt; xpath: .//word], [[AndroidDriver: chrome on ANDROID (51a5b69d350864e9562a2470b487b139)] -&gt; xpath: .//word], [[AndroidDriver: chrome on ANDROID (51a5b69d350864e9562a2470b487b139)] -&gt; xpath: .//word], [[AndroidDriver: chrome on ANDROID (51a5b69d350864e9562a2470b487b139)] -&gt; xpath: .//word], [[AndroidDriver: chrome on ANDROID (51a5b69d350864e9562a2470b487b139)] -&gt; xpath: .//word], [[AndroidDriver: chrome on ANDROID (51a5b69d350864e9562a2470b487b139)] -&gt; xpath: .//word], [[AndroidDriver: chrome on ANDROID (51a5b69d350864e9562a2470b487b139)] -&gt; xpath: .//word], [[AndroidDriver: chrome on ANDROID (51a5b69d350864e9562a2470b487b139)] -&gt; xpath: .//word], [[AndroidDriver: chrome on ANDROID (51a5b69d350864e9562a2470b487b139)] -&gt; xpath: .//word], [[AndroidDriver: chrome on ANDROID (51a5b69d350864e9562a2470b487b139)] -&gt; xpath: .//word], [[AndroidDriver: chrome on ANDROID (51a5b69d350864e9562a2470b487b139)] -&gt; xpath: .//word], [[AndroidDriver: chrome on ANDROID (51a5b69d350864e9562a2470b487b139)] -&gt; xpath: .//word], [[AndroidDriver: chrome on ANDROID (51a5b69d350864e9562a2470b487b139)] -&gt; xpath: .//word], [[AndroidDriver: chrome on ANDROID (51a5b69d350864e9562a2470b487b139)] -&gt; xpath: .//word], [[AndroidDriver: chrome on ANDROID (51a5b69d350864e9562a2470b487b139)] -&gt; xpath: .//word], [[AndroidDriver: chrome on ANDROID (51a5b69d350864e9562a2470b487b139)] -&gt; xpath: .//word], [[AndroidDriver: chrome on ANDROID (51a5b69d350864e9562a2470b487b139)] -&gt; xpath: .//word], [[AndroidDriver: chrome on ANDROID (51a5b69d350864e9562a2470b487b139)] -&gt; xpath: .//word], [[AndroidDriver: chrome on ANDROID (51a5b69d350864e9562a2470b487b139)] -&gt; xpath: .//word], [[AndroidDriver: chrome on ANDROID (51a5b69d350864e9562a2470b487b139)] -&gt; xpath: .//word], [[AndroidDriver: chrome on ANDROID (51a5b69d350864e9562a2470b487b139)] -&gt; xpath: .//word], [[AndroidDriver: chrome on ANDROID (51a5b69d350864e9562a2470b487b139)] -&gt; xpath: .//word], [[AndroidDriver: chrome on ANDROID (51a5b69d350864e9562a2470b487b139)] -&gt; xpath: .//word], [[AndroidDriver: chrome on ANDROID (51a5b69d350864e9562a2470b487b139)] -&gt; xpath: .//word], [[AndroidDriver: chrome on ANDROID (51a5b69d350864e9562a2470b487b139)] -&gt; xpath: .//word], [[AndroidDriver: chrome on ANDROID (51a5b69d350864e9562a2470b487b139)] -&gt; xpath: .//word], [[AndroidDriver: chrome on ANDROID (51a5b69d350864e9562a2470b487b139)] -&gt; xpath: .//word], [[AndroidDriver: chrome on ANDROID (51a5b69d350864e9562a2470b487b139)] -&gt; xpath: .//word], [[AndroidDriver: chrome on ANDROID (51a5b69d350864e9562a2470b487b139)] -&gt; xpath: .//word], [[AndroidDriver: chrome on ANDROID (51a5b69d350864e9562a2470b487b139)] -&gt; xpath: .//word], [[AndroidDriver: chrome on ANDROID (51a5b69d350864e9562a2470b487b139)] -&gt; xpath: .//word], [[AndroidDriver: chrome on ANDROID (51a5b69d350864e9562a2470b487b139)] -&gt; xpath: .//word], [[AndroidDriver: chrome on ANDROID (51a5b69d350864e9562a2470b487b139)] -&gt; xpath: .//word], [[AndroidDriver: chrome on ANDROID (51a5b69d350864e9562a2470b487b139)] -&gt; xpath: .//word], [[AndroidDriver: chrome on ANDROID (51a5b69d350864e9562a2470b487b139)] -&gt; xpath: .//word], [[AndroidDriver: chrome on ANDROID (51a5b69d350864e9562a2470b487b139)] -&gt; xpath: .//word], [[AndroidDriver: chrome on ANDROID (51a5b69d350864e9562a2470b487b139)] -&gt; xpath: .//word], [[AndroidDriver: chrome on ANDROID (51a5b69d350864e9562a2470b487b139)] -&gt; xpath: .//word], [[AndroidDriver: chrome on ANDROID (51a5b69d350864e9562a2470b487b139)] -&gt; xpath: .//word], [[AndroidDriver: chrome on ANDROID (51a5b69d350864e9562a2470b487b139)] -&gt; xpath: .//word], [[AndroidDriver: chrome on ANDROID (51a5b69d350864e9562a2470b487b139)] -&gt; xpath: .//word], [[AndroidDriver: chrome on ANDROID (51a5b69d350864e9562a2470b487b139)] -&gt; xpath: .//word], [[AndroidDriver: chrome on ANDROID (51a5b69d350864e9562a2470b487b139)] -&gt; xpath: .//word], [[AndroidDriver: chrome on ANDROID (51a5b69d350864e9562a2470b487b139)] -&gt; xpath: .//word], [[AndroidDriver: chrome on ANDROID (51a5b69d350864e9562a2470b487b139)] -&gt; xpath: .//word], [[AndroidDriver: chrome on ANDROID (51a5b69d350864e9562a2470b487b139)] -&gt; xpath: .//word], [[AndroidDriver: chrome on ANDROID (51a5b69d350864e9562a2470b487b139)] -&gt; xpath: .//word], [[AndroidDriver: chrome on ANDROID (51a5b69d350864e9562a2470b487b139)] -&gt; xpath: .//word], [[AndroidDriver: chrome on ANDROID (51a5b69d350864e9562a2470b487b139)] -&gt; xpath: .//word], [[AndroidDriver: chrome on ANDROID (51a5b69d350864e9562a2470b487b139)] -&gt; xpath: .//word], [[AndroidDriver: chrome on ANDROID (51a5b69d350864e9562a2470b487b139)] -&gt; xpath: .//word], [[AndroidDriver: chrome on ANDROID (51a5b69d350864e9562a2470b487b139)] -&gt; xpath: .//word], [[AndroidDriver: chrome on ANDROID (51a5b69d350864e9562a2470b487b139)] -&gt; xpath: .//word], [[AndroidDriver: chrome on ANDROID (51a5b69d350864e9562a2470b487b139)] -&gt; xpath: .//word], [[AndroidDriver: chrome on ANDROID (51a5b69d350864e9562a2470b487b139)] -&gt; xpath: .//word], [[AndroidDriver: chrome on ANDROID (51a5b69d350864e9562a2470b487b139)] -&gt; xpath: .//word], [[AndroidDriver: chrome on ANDROID (51a5b69d350864e9562a2470b487b139)] -&gt; xpath: .//word], [[AndroidDriver: chrome on ANDROID (51a5b69d350864e9562a2470b487b139)] -&gt; xpath: .//word], [[AndroidDriver: chrome on ANDROID (51a5b69d350864e9562a2470b487b139)] -&gt; xpath: .//word], [[AndroidDriver: chrome on ANDROID (51a5b69d350864e9562a2470b487b139)] -&gt; xpath: .//word], [[AndroidDriver: chrome on ANDROID (51a5b69d350864e9562a2470b487b139)] -&gt; xpath: .//word], [[AndroidDriver: chrome on ANDROID (51a5b69d350864e9562a2470b487b139)] -&gt; xpath: .//word], [[AndroidDriver: chrome on ANDROID (51a5b69d350864e9562a2470b487b139)] -&gt; xpath: .//word], [[AndroidDriver: chrome on ANDROID (51a5b69d350864e9562a2470b487b139)] -&gt; xpath: .//word], [[AndroidDriver: chrome on ANDROID (51a5b69d350864e9562a2470b487b139)] -&gt; xpath: .//word], [[AndroidDriver: chrome on ANDROID (51a5b69d350864e9562a2470b487b139)] -&gt; xpath: .//word], [[AndroidDriver: chrome on ANDROID (51a5b69d350864e9562a2470b487b139)] -&gt; xpath: .//word], [[AndroidDriver: chrome on ANDROID (51a5b69d350864e9562a2470b487b139)] -&gt; xpath: .//word], [[AndroidDriver: chrome on ANDROID (51a5b69d350864e9562a2470b487b139)] -&gt; xpath: .//word], [[AndroidDriver: chrome on ANDROID (51a5b69d350864e9562a2470b487b139)] -&gt; xpath: .//word], [[AndroidDriver: chrome on ANDROID (51a5b69d350864e9562a2470b487b139)] -&gt; xpath: .//word], [[AndroidDriver: chrome on ANDROID (51a5b69d350864e9562a2470b487b139)] -&gt; xpath: .//word], [[AndroidDriver: chrome on ANDROID (51a5b69d350864e9562a2470b487b139)] -&gt; xpath: .//word], [[AndroidDriver: chrome on ANDROID (51a5b69d350864e9562a2470b487b139)] -&gt; xpath: .//word], [[AndroidDriver: chrome on ANDROID (51a5b69d350864e9562a2470b487b139)] -&gt; xpath: .//word], [[AndroidDriver: chrome on ANDROID (51a5b69d350864e9562a2470b487b139)] -&gt; xpath: .//word], [[AndroidDriver: chrome on ANDROID (51a5b69d350864e9562a2470b487b139)] -&gt; xpath: .//word], [[AndroidDriver: chrome on ANDROID (51a5b69d350864e9562a2470b487b139)] -&gt; xpath: .//word], [[AndroidDriver: chrome on ANDROID (51a5b69d350864e9562a2470b487b139)] -&gt; xpath: .//word], [[AndroidDriver: chrome on ANDROID (51a5b69d350864e9562a2470b487b139)] -&gt; xpath: .//word], [[AndroidDriver: chrome on ANDROID (51a5b69d350864e9562a2470b487b139)] -&gt; xpath: .//word], [[AndroidDriver: chrome on ANDROID (51a5b69d350864e9562a2470b487b139)] -&gt; xpath: .//word], [[AndroidDriver: chrome on ANDROID (51a5b69d350864e9562a2470b487b139)] -&gt; xpath: .//word], [[AndroidDriver: chrome on ANDROID (51a5b69d350864e9562a2470b487b139)] -&gt; xpath: .//word], [[AndroidDriver: chrome on ANDROID (51a5b69d350864e9562a2470b487b139)] -&gt; xpath: .//word], [[AndroidDriver: chrome on ANDROID (51a5b69d350864e9562a2470b487b139)] -&gt; xpath: .//word], [[AndroidDriver: chrome on ANDROID (51a5b69d350864e9562a2470b487b139)] -&gt; xpath: .//word], [[AndroidDriver: chrome on ANDROID (51a5b69d350864e9562a2470b487b139)] -&gt; xpath: .//word], [[AndroidDriver: chrome on ANDROID (51a5b69d350864e9562a2470b487b139)] -&gt; xpath: .//word], [[AndroidDriver: chrome on ANDROID (51a5b69d350864e9562a2470b487b139)] -&gt; xpath: .//word], [[AndroidDriver: chrome on ANDROID (51a5b69d350864e9562a2470b487b139)] -&gt; xpath: .//word], [[AndroidDriver: chrome on ANDROID (51a5b69d350864e9562a2470b487b139)] -&gt; xpath: .//word], [[AndroidDriver: chrome on ANDROID (51a5b69d350864e9562a2470b487b139)] -&gt; xpath: .//word], [[AndroidDriver: chrome on ANDROID (51a5b69d350864e9562a2470b487b139)] -&gt; xpath: .//word], [[AndroidDriver: chrome on ANDROID (51a5b69d350864e9562a2470b487b139)] -&gt; xpath: .//word], [[AndroidDriver: chrome on ANDROID (51a5b69d350864e9562a2470b487b139)] -&gt; xpath: .//word], [[AndroidDriver: chrome on ANDROID (51a5b69d350864e9562a2470b487b139)] -&gt; xpath: .//word], [[AndroidDriver: chrome on ANDROID (51a5b69d350864e9562a2470b487b139)] -&gt; xpath: .//word], [[AndroidDriver: chrome on ANDROID (51a5b69d350864e9562a2470b487b139)] -&gt; xpath: .//word], [[AndroidDriver: chrome on ANDROID (51a5b69d350864e9562a2470b487b139)] -&gt; xpath: .//word], [[AndroidDriver: chrome on ANDROID (51a5b69d350864e9562a2470b487b139)] -&gt; xpath: .//word], [[AndroidDriver: chrome on ANDROID (51a5b69d350864e9562a2470b487b139)] -&gt; xpath: .//word], [[AndroidDriver: chrome on ANDROID (51a5b69d350864e9562a2470b487b139)] -&gt; xpath: .//word], [[AndroidDriver: chrome on ANDROID (51a5b69d350864e9562a2470b487b139)] -&gt; xpath: .//word], [[AndroidDriver: chrome on ANDROID (51a5b69d350864e9562a2470b487b139)] -&gt; xpath: .//word], [[AndroidDriver: chrome on ANDROID (51a5b69d350864e9562a2470b487b139)] -&gt; xpath: .//word], [[AndroidDriver: chrome on ANDROID (51a5b69d350864e9562a2470b487b139)] -&gt; xpath: .//word], [[AndroidDriver: chrome on ANDROID (51a5b69d350864e9562a2470b487b139)] -&gt; xpath: .//word], [[AndroidDriver: chrome on ANDROID (51a5b69d350864e9562a2470b487b139)] -&gt; xpath: .//word], [[AndroidDriver: chrome on ANDROID (51a5b69d350864e9562a2470b487b139)] -&gt; xpath: .//word], [[AndroidDriver: chrome on ANDROID (51a5b69d350864e9562a2470b487b139)] -&gt; xpath: .//word], [[AndroidDriver: chrome on ANDROID (51a5b69d350864e9562a2470b487b139)] -&gt; xpath: .//word], [[AndroidDriver: chrome on ANDROID (51a5b69d350864e9562a2470b487b139)] -&gt; xpath: .//word], [[AndroidDriver: chrome on ANDROID (51a5b69d350864e9562a2470b487b139)] -&gt; xpath: .//word], [[AndroidDriver: chrome on ANDROID (51a5b69d350864e9562a2470b487b139)] -&gt; xpath: .//word], [[AndroidDriver: chrome on ANDROID (51a5b69d350864e9562a2470b487b139)] -&gt; xpath: .//word], [[AndroidDriver: chrome on ANDROID (51a5b69d350864e9562a2470b487b139)] -&gt; xpath: .//word], [[AndroidDriver: chrome on ANDROID (51a5b69d350864e9562a2470b487b139)] -&gt; xpath: .//word], [[AndroidDriver: chrome on ANDROID (51a5b69d350864e9562a2470b487b139)] -&gt; xpath: .//word], [[AndroidDriver: chrome on ANDROID (51a5b69d350864e9562a2470b487b139)] -&gt; xpath: .//word], [[AndroidDriver: chrome on ANDROID (51a5b69d350864e9562a2470b487b139)] -&gt; xpath: .//word], [[AndroidDriver: chrome on ANDROID (51a5b69d350864e9562a2470b487b139)] -&gt; xpath: .//word], [[AndroidDriver: chrome on ANDROID (51a5b69d350864e9562a2470b487b139)] -&gt; xpath: .//word], [[AndroidDriver: chrome on ANDROID (51a5b69d350864e9562a2470b487b139)] -&gt; xpath: .//word], [[AndroidDriver: chrome on ANDROID (51a5b69d350864e9562a2470b487b139)] -&gt; xpath: .//word], [[AndroidDriver: chrome on ANDROID (51a5b69d350864e9562a2470b487b139)] -&gt; xpath: .//word], [[AndroidDriver: chrome on ANDROID (51a5b69d350864e9562a2470b487b139)] -&gt; xpath: .//word], [[AndroidDriver: chrome on ANDROID (51a5b69d350864e9562a2470b487b139)] -&gt; xpath: .//word], [[AndroidDriver: chrome on ANDROID (51a5b69d350864e9562a2470b487b139)] -&gt; xpath: .//word], [[AndroidDriver: chrome on ANDROID (51a5b69d350864e9562a2470b487b139)] -&gt; xpath: .//word], [[AndroidDriver: chrome on ANDROID (51a5b69d350864e9562a2470b487b139)] -&gt; xpath: .//word], [[AndroidDriver: chrome on ANDROID (51a5b69d350864e9562a2470b487b139)] -&gt; xpath: .//word], [[AndroidDriver: chrome on ANDROID (51a5b69d350864e9562a2470b487b139)] -&gt; xpath: .//word], [[AndroidDriver: chrome on ANDROID (51a5b69d350864e9562a2470b487b139)] -&gt; xpath: .//word], [[AndroidDriver: chrome on ANDROID (51a5b69d350864e9562a2470b487b139)] -&gt; xpath: .//word], [[AndroidDriver: chrome on ANDROID (51a5b69d350864e9562a2470b487b139)] -&gt; xpath: .//word], [[AndroidDriver: chrome on ANDROID (51a5b69d350864e9562a2470b487b139)] -&gt; xpath: .//word], [[AndroidDriver: chrome on ANDROID (51a5b69d350864e9562a2470b487b139)] -&gt; xpath: .//word], [[AndroidDriver: chrome on ANDROID (51a5b69d350864e9562a2470b487b139)] -&gt; xpath: .//word], [[AndroidDriver: chrome on ANDROID (51a5b69d350864e9562a2470b487b139)] -&gt; xpath: .//word], [[AndroidDriver: chrome on ANDROID (51a5b69d350864e9562a2470b487b139)] -&gt; xpath: .//word], [[AndroidDriver: chrome on ANDROID (51a5b69d350864e9562a2470b487b139)] -&gt; xpath: .//word], [[AndroidDriver: chrome on ANDROID (51a5b69d350864e9562a2470b487b139)] -&gt; xpath: .//word], [[AndroidDriver: chrome on ANDROID (51a5b69d350864e9562a2470b487b139)] -&gt; xpath: .//word], [[AndroidDriver: chrome on ANDROID (51a5b69d350864e9562a2470b487b139)] -&gt; xpath: .//word], [[AndroidDriver: chrome on ANDROID (51a5b69d350864e9562a2470b487b139)] -&gt; xpath: .//word], [[AndroidDriver: chrome on ANDROID (51a5b69d350864e9562a2470b487b139)] -&gt; xpath: .//word], [[AndroidDriver: chrome on ANDROID (51a5b69d350864e9562a2470b487b139)] -&gt; xpath: .//word], [[AndroidDriver: chrome on ANDROID (51a5b69d350864e9562a2470b487b139)] -&gt; xpath: .//word], [[AndroidDriver: chrome on ANDROID (51a5b69d350864e9562a2470b487b139)] -&gt; xpath: .//word], [[AndroidDriver: chrome on ANDROID (51a5b69d350864e9562a2470b487b139)] -&gt; xpath: .//word], [[AndroidDriver: chrome on ANDROID (51a5b69d350864e9562a2470b487b139)] -&gt; xpath: .//word], [[AndroidDriver: chrome on ANDROID (51a5b69d350864e9562a2470b487b139)] -&gt; xpath: .//word], [[AndroidDriver: chrome on ANDROID (51a5b69d350864e9562a2470b487b139)] -&gt; xpath: .//word], [[AndroidDriver: chrome on ANDROID (51a5b69d350864e9562a2470b487b139)] -&gt; xpath: .//word], [[AndroidDriver: chrome on ANDROID (51a5b69d350864e9562a2470b487b139)] -&gt; xpath: .//word], [[AndroidDriver: chrome on ANDROID (51a5b69d350864e9562a2470b487b139)] -&gt; xpath: .//word], [[AndroidDriver: chrome on ANDROID (51a5b69d350864e9562a2470b487b139)] -&gt; xpath: .//word], [[AndroidDriver: chrome on ANDROID (51a5b69d350864e9562a2470b487b139)] -&gt; xpath: .//word], [[AndroidDriver: chrome on ANDROID (51a5b69d350864e9562a2470b487b139)] -&gt; xpath: .//word], [[AndroidDriver: chrome on ANDROID (51a5b69d350864e9562a2470b487b139)] -&gt; xpath: .//word], [[AndroidDriver: chrome on ANDROID (51a5b69d350864e9562a2470b487b139)] -&gt; xpath: .//word], [[AndroidDriver: chrome on ANDROID (51a5b69d350864e9562a2470b487b139)] -&gt; xpath: .//word], [[AndroidDriver: chrome on ANDROID (51a5b69d350864e9562a2470b487b139)] -&gt; xpath: .//word], [[AndroidDriver: chrome on ANDROID (51a5b69d350864e9562a2470b487b139)] -&gt; xpath: .//word], [[AndroidDriver: chrome on ANDROID (51a5b69d350864e9562a2470b487b139)] -&gt; xpath: .//word], [[AndroidDriver: chrome on ANDROID (51a5b69d350864e9562a2470b487b139)] -&gt; xpath: .//word], [[AndroidDriver: chrome on ANDROID (51a5b69d350864e9562a2470b487b139)] -&gt; xpath: .//word], [[AndroidDriver: chrome on ANDROID (51a5b69d350864e9562a2470b487b139)] -&gt; xpath: .//word], [[AndroidDriver: chrome on ANDROID (51a5b69d350864e9562a2470b487b139)] -&gt; xpath: .//word], [[AndroidDriver: chrome on ANDROID (51a5b69d350864e9562a2470b487b139)] -&gt; xpath: .//word], [[AndroidDriver: chrome on ANDROID (51a5b69d350864e9562a2470b487b139)] -&gt; xpath: .//word], [[AndroidDriver: chrome on ANDROID (51a5b69d350864e9562a2470b487b139)] -&gt; xpath: .//word], [[AndroidDriver: chrome on ANDROID (51a5b69d350864e9562a2470b487b139)] -&gt; xpath: .//word], [[AndroidDriver: chrome on ANDROID (51a5b69d350864e9562a2470b487b139)] -&gt; xpath: .//word], [[AndroidDriver: chrome on ANDROID (51a5b69d350864e9562a2470b487b139)] -&gt; xpath: .//word], [[AndroidDriver: chrome on ANDROID (51a5b69d350864e9562a2470b487b139)] -&gt; xpath: .//word], [[AndroidDriver: chrome on ANDROID (51a5b69d350864e9562a2470b487b139)] -&gt; xpath: .//word], [[AndroidDriver: chrome on ANDROID (51a5b69d350864e9562a2470b487b139)] -&gt; xpath: .//word], [[AndroidDriver: chrome on ANDROID (51a5b69d350864e9562a2470b487b139)] -&gt; xpath: .//word], [[AndroidDriver: chrome on ANDROID (51a5b69d350864e9562a2470b487b139)] -&gt; xpath: .//word], [[AndroidDriver: chrome on ANDROID (51a5b69d350864e9562a2470b487b139)] -&gt; xpath: .//word], [[AndroidDriver: chrome on ANDROID (51a5b69d350864e9562a2470b487b139)] -&gt; xpath: .//word], [[AndroidDriver: chrome on ANDROID (51a5b69d350864e9562a2470b487b139)] -&gt; xpath: .//word], [[AndroidDriver: chrome on ANDROID (51a5b69d350864e9562a2470b487b139)] -&gt; xpath: .//word], [[AndroidDriver: chrome on ANDROID (51a5b69d350864e9562a2470b487b139)] -&gt; xpath: .//word], [[AndroidDriver: chrome on ANDROID (51a5b69d350864e9562a2470b487b139)] -&gt; xpath: .//word], [[AndroidDriver: chrome on ANDROID (51a5b69d350864e9562a2470b487b139)] -&gt; xpath: .//word], [[AndroidDriver: chrome on ANDROID (51a5b69d350864e9562a2470b487b139)] -&gt; xpath: .//word], [[AndroidDriver: chrome on ANDROID (51a5b69d350864e9562a2470b487b139)] -&gt; xpath: .//word], [[AndroidDriver: chrome on ANDROID (51a5b69d350864e9562a2470b487b139)] -&gt; xpath: .//word], [[AndroidDriver: chrome on ANDROID (51a5b69d350864e9562a2470b487b139)] -&gt; xpath: .//word], [[AndroidDriver: chrome on ANDROID (51a5b69d350864e9562a2470b487b139)] -&gt; xpath: .//word], [[AndroidDriver: chrome on ANDROID (51a5b69d350864e9562a2470b487b139)] -&gt; xpath: .//word], [[AndroidDriver: chrome on ANDROID (51a5b69d350864e9562a2470b487b139)] -&gt; xpath: .//word], [[AndroidDriver: chrome on ANDROID (51a5b69d350864e9562a2470b487b139)] -&gt; xpath: .//word], [[AndroidDriver: chrome on ANDROID (51a5b69d350864e9562a2470b487b139)] -&gt; xpath: .//word], [[AndroidDriver: chrome on ANDROID (51a5b69d350864e9562a2470b487b139)] -&gt; xpath: .//word], [[AndroidDriver: chrome on ANDROID (51a5b69d350864e9562a2470b487b139)] -&gt; xpath: .//word], [[AndroidDriver: chrome on ANDROID (51a5b69d350864e9562a2470b487b139)] -&gt; xpath: .//word], [[AndroidDriver: chrome on ANDROID (51a5b69d350864e9562a2470b487b139)] -&gt; xpath: .//word], [[AndroidDriver: chrome on ANDROID (51a5b69d350864e9562a2470b487b139)] -&gt; xpath: .//word], [[AndroidDriver: chrome on ANDROID (51a5b69d350864e9562a2470b487b139)] -&gt; xpath: .//word], [[AndroidDriver: chrome on ANDROID (51a5b69d350864e9562a2470b487b139)] -&gt; xpath: .//word], [[AndroidDriver: chrome on ANDROID (51a5b69d350864e9562a2470b487b139)] -&gt; xpath: .//word], [[AndroidDriver: chrome on ANDROID (51a5b69d350864e9562a2470b487b139)] -&gt; xpath: .//word], [[AndroidDriver: chrome on ANDROID (51a5b69d350864e9562a2470b487b139)] -&gt; xpath: .//word], [[AndroidDriver: chrome on ANDROID (51a5b69d350864e9562a2470b487b139)] -&gt; xpath: .//word], [[AndroidDriver: chrome on ANDROID (51a5b69d350864e9562a2470b487b139)] -&gt; xpath: .//word], [[AndroidDriver: chrome on ANDROID (51a5b69d350864e9562a2470b487b139)] -&gt; xpath: .//word], [[AndroidDriver: chrome on ANDROID (51a5b69d350864e9562a2470b487b139)] -&gt; xpath: .//word], [[AndroidDriver: chrome on ANDROID (51a5b69d350864e9562a2470b487b139)] -&gt; xpath: .//word], [[AndroidDriver: chrome on ANDROID (51a5b69d350864e9562a2470b487b139)] -&gt; xpath: .//word], [[AndroidDriver: chrome on ANDROID (51a5b69d350864e9562a2470b487b139)] -&gt; xpath: .//word], [[AndroidDriver: chrome on ANDROID (51a5b69d350864e9562a2470b487b139)] -&gt; xpath: .//word], [[AndroidDriver: chrome on ANDROID (51a5b69d350864e9562a2470b487b139)] -&gt; xpath: .//word], [[AndroidDriver: chrome on ANDROID (51a5b69d350864e9562a2470b487b139)] -&gt; xpath: .//word], [[AndroidDriver: chrome on ANDROID (51a5b69d350864e9562a2470b487b139)] -&gt; xpath: .//word], [[AndroidDriver: chrome on ANDROID (51a5b69d350864e9562a2470b487b139)] -&gt; xpath: .//word], [[AndroidDriver: chrome on ANDROID (51a5b69d350864e9562a2470b487b139)] -&gt; xpath: .//word], [[AndroidDriver: chrome on ANDROID (51a5b69d350864e9562a2470b487b139)] -&gt; xpath: .//word], [[AndroidDriver: chrome on ANDROID (51a5b69d350864e9562a2470b487b139)] -&gt; xpath: .//word], [[AndroidDriver: chrome on ANDROID (51a5b69d350864e9562a2470b487b139)] -&gt; xpath: .//word], [[AndroidDriver: chrome on ANDROID (51a5b69d350864e9562a2470b487b139)] -&gt; xpath: .//word], [[AndroidDriver: chrome on ANDROID (51a5b69d350864e9562a2470b487b139)] -&gt; xpath: .//word], [[AndroidDriver: chrome on ANDROID (51a5b69d350864e9562a2470b487b139)] -&gt; xpath: .//word], [[AndroidDriver: chrome on ANDROID (51a5b69d350864e9562a2470b487b139)] -&gt; xpath: .//word], [[AndroidDriver: chrome on ANDROID (51a5b69d350864e9562a2470b487b139)] -&gt; xpath: .//word], [[AndroidDriver: chrome on ANDROID (51a5b69d350864e9562a2470b487b139)] -&gt; xpath: .//word], [[AndroidDriver: chrome on ANDROID (51a5b69d350864e9562a2470b487b139)] -&gt; xpath: .//word], [[AndroidDriver: chrome on ANDROID (51a5b69d350864e9562a2470b487b139)] -&gt; xpath: .//word], [[AndroidDriver: chrome on ANDROID (51a5b69d350864e9562a2470b487b139)] -&gt; xpath: .//word], [[AndroidDriver: chrome on ANDROID (51a5b69d350864e9562a2470b487b139)] -&gt; xpath: .//word], [[AndroidDriver: chrome on ANDROID (51a5b69d350864e9562a2470b487b139)] -&gt; xpath: .//word], [[AndroidDriver: chrome on ANDROID (51a5b69d350864e9562a2470b487b139)] -&gt; xpath: .//word], [[AndroidDriver: chrome on ANDROID (51a5b69d350864e9562a2470b487b139)] -&gt; xpath: .//word], [[AndroidDriver: chrome on ANDROID (51a5b69d350864e9562a2470b487b139)] -&gt; xpath: .//word], [[AndroidDriver: chrome on ANDROID (51a5b69d350864e9562a2470b487b139)] -&gt; xpath: .//word], [[AndroidDriver: chrome on ANDROID (51a5b69d350864e9562a2470b487b139)] -&gt; xpath: .//word], [[AndroidDriver: chrome on ANDROID (51a5b69d350864e9562a2470b487b139)] -&gt; xpath: .//word], [[AndroidDriver: chrome on ANDROID (51a5b69d350864e9562a2470b487b139)] -&gt; xpath: .//word], [[AndroidDriver: chrome on ANDROID (51a5b69d350864e9562a2470b487b139)] -&gt; xpath: .//word], [[AndroidDriver: chrome on ANDROID (51a5b69d350864e9562a2470b487b139)] -&gt; xpath: .//word], [[AndroidDriver: chrome on ANDROID (51a5b69d350864e9562a2470b487b139)] -&gt; xpath: .//word], [[AndroidDriver: chrome on ANDROID (51a5b69d350864e9562a2470b487b139)] -&gt; xpath: .//word], [[AndroidDriver: chrome on ANDROID (51a5b69d350864e9562a2470b487b139)] -&gt; xpath: .//word], [[AndroidDriver: chrome on ANDROID (51a5b69d350864e9562a2470b487b139)] -&gt; xpath: .//word], [[AndroidDriver: chrome on ANDROID (51a5b69d350864e9562a2470b487b139)] -&gt; xpath: .//word], [[AndroidDriver: chrome on ANDROID (51a5b69d350864e9562a2470b487b139)] -&gt; xpath: .//word], [[AndroidDriver: chrome on ANDROID (51a5b69d350864e9562a2470b487b139)] -&gt; xpath: .//word], [[AndroidDriver: chrome on ANDROID (51a5b69d350864e9562a2470b487b139)] -&gt; xpath: .//word], [[AndroidDriver: chrome on ANDROID (51a5b69d350864e9562a2470b487b139)] -&gt; xpath: .//word], [[AndroidDriver: chrome on ANDROID (51a5b69d350864e9562a2470b487b139)] -&gt; xpath: .//word], [[AndroidDriver: chrome on ANDROID (51a5b69d350864e9562a2470b487b139)] -&gt; xpath: .//word], [[AndroidDriver: chrome on ANDROID (51a5b69d350864e9562a2470b487b139)] -&gt; xpath: .//word], [[AndroidDriver: chrome on ANDROID (51a5b69d350864e9562a2470b487b139)] -&gt; xpath: .//word], [[AndroidDriver: chrome on ANDROID (51a5b69d350864e9562a2470b487b139)] -&gt; xpath: .//word], [[AndroidDriver: chrome on ANDROID (51a5b69d350864e9562a2470b487b139)] -&gt; xpath: .//word], [[AndroidDriver: chrome on ANDROID (51a5b69d350864e9562a2470b487b139)] -&gt; xpath: .//word], [[AndroidDriver: chrome on ANDROID (51a5b69d350864e9562a2470b487b139)] -&gt; xpath: .//word], [[AndroidDriver: chrome on ANDROID (51a5b69d350864e9562a2470b487b139)] -&gt; xpath: .//word], [[AndroidDriver: chrome on ANDROID (51a5b69d350864e9562a2470b487b139)] -&gt; xpath: .//word], [[AndroidDriver: chrome on ANDROID (51a5b69d350864e9562a2470b487b139)] -&gt; xpath: .//word], [[AndroidDriver: chrome on ANDROID (51a5b69d350864e9562a2470b487b139)] -&gt; xpath: .//word], [[AndroidDriver: chrome on ANDROID (51a5b69d350864e9562a2470b487b139)] -&gt; xpath: .//word], [[AndroidDriver: chrome on ANDROID (51a5b69d350864e9562a2470b487b139)] -&gt; xpath: .//word], [[AndroidDriver: chrome on ANDROID (51a5b69d350864e9562a2470b487b139)] -&gt; xpath: .//word], [[AndroidDriver: chrome on ANDROID (51a5b69d350864e9562a2470b487b139)] -&gt; xpath: .//word], [[AndroidDriver: chrome on ANDROID (51a5b69d350864e9562a2470b487b139)] -&gt; xpath: .//word], [[AndroidDriver: chrome on ANDROID (51a5b69d350864e9562a2470b487b139)] -&gt; xpath: .//word], [[AndroidDriver: chrome on ANDROID (51a5b69d350864e9562a2470b487b139)] -&gt; xpath: .//word], [[AndroidDriver: chrome on ANDROID (51a5b69d350864e9562a2470b487b139)] -&gt; xpath: .//word], [[AndroidDriver: chrome on ANDROID (51a5b69d350864e9562a2470b487b139)] -&gt; xpath: .//word], [[AndroidDriver: chrome on ANDROID (51a5b69d350864e9562a2470b487b139)] -&gt; xpath: .//word], [[AndroidDriver: chrome on ANDROID (51a5b69d350864e9562a2470b487b139)] -&gt; xpath: .//word], [[AndroidDriver: chrome on ANDROID (51a5b69d350864e9562a2470b487b139)] -&gt; xpath: .//word], [[AndroidDriver: chrome on ANDROID (51a5b69d350864e9562a2470b487b139)] -&gt; xpath: .//word], [[AndroidDriver: chrome on ANDROID (51a5b69d350864e9562a2470b487b139)] -&gt; xpath: .//word], [[AndroidDriver: chrome on ANDROID (51a5b69d350864e9562a2470b487b139)] -&gt; xpath: .//word], [[AndroidDriver: chrome on ANDROID (51a5b69d350864e9562a2470b487b139)] -&gt; xpath: .//word], [[AndroidDriver: chrome on ANDROID (51a5b69d350864e9562a2470b487b139)] -&gt; xpath: .//word], [[AndroidDriver: chrome on ANDROID (51a5b69d350864e9562a2470b487b139)] -&gt; xpath: .//word], [[AndroidDriver: chrome on ANDROID (51a5b69d350864e9562a2470b487b139)] -&gt; xpath: .//word], [[AndroidDriver: chrome on ANDROID (51a5b69d350864e9562a2470b487b139)] -&gt; xpath: .//word], [[AndroidDriver: chrome on ANDROID (51a5b69d350864e9562a2470b487b139)] -&gt; xpath: .//word], [[AndroidDriver: chrome on ANDROID (51a5b69d350864e9562a2470b487b139)] -&gt; xpath: .//word], [[AndroidDriver: chrome on ANDROID (51a5b69d350864e9562a2470b487b139)] -&gt; xpath: .//word], [[AndroidDriver: chrome on ANDROID (51a5b69d350864e9562a2470b487b139)] -&gt; xpath: .//word], [[AndroidDriver: chrome on ANDROID (51a5b69d350864e9562a2470b487b139)] -&gt; xpath: .//word], [[AndroidDriver: chrome on ANDROID (51a5b69d350864e9562a2470b487b139)] -&gt; xpath: .//word], [[AndroidDriver: chrome on ANDROID (51a5b69d350864e9562a2470b487b139)] -&gt; xpath: .//word], [[AndroidDriver: chrome on ANDROID (51a5b69d350864e9562a2470b487b139)] -&gt; xpath: .//word], [[AndroidDriver: chrome on ANDROID (51a5b69d350864e9562a2470b487b139)] -&gt; xpath: .//word], [[AndroidDriver: chrome on ANDROID (51a5b69d350864e9562a2470b487b139)] -&gt; xpath: .//word], [[AndroidDriver: chrome on ANDROID (51a5b69d350864e9562a2470b487b139)] -&gt; xpath: .//word], [[AndroidDriver: chrome on ANDROID (51a5b69d350864e9562a2470b487b139)] -&gt; xpath: .//word], [[AndroidDriver: chrome on ANDROID (51a5b69d350864e9562a2470b487b139)] -&gt; xpath: .//word], [[AndroidDriver: chrome on ANDROID (51a5b69d350864e9562a2470b487b139)] -&gt; xpath: .//word], [[AndroidDriver: chrome on ANDROID (51a5b69d350864e9562a2470b487b139)] -&gt; xpath: .//word], [[AndroidDriver: chrome on ANDROID (51a5b69d350864e9562a2470b487b139)] -&gt; xpath: .//word], [[AndroidDriver: chrome on ANDROID (51a5b69d350864e9562a2470b487b139)] -&gt; xpath: .//word], [[AndroidDriver: chrome on ANDROID (51a5b69d350864e9562a2470b487b139)] -&gt; xpath: .//word], [[AndroidDriver: chrome on ANDROID (51a5b69d350864e9562a2470b487b139)] -&gt; xpath: .//word], [[AndroidDriver: chrome on ANDROID (51a5b69d350864e9562a2470b487b139)] -&gt; xpath: .//word], [[AndroidDriver: chrome on ANDROID (51a5b69d350864e9562a2470b487b139)] -&gt; xpath: .//word], [[AndroidDriver: chrome on ANDROID (51a5b69d350864e9562a2470b487b139)] -&gt; xpath: .//word], [[AndroidDriver: chrome on ANDROID (51a5b69d350864e9562a2470b487b139)] -&gt; xpath: .//word], [[AndroidDriver: chrome on ANDROID (51a5b69d350864e9562a2470b487b139)] -&gt; xpath: .//word], [[AndroidDriver: chrome on ANDROID (51a5b69d350864e9562a2470b487b139)] -&gt; xpath: .//word], [[AndroidDriver: chrome on ANDROID (51a5b69d350864e9562a2470b487b139)] -&gt; xpath: .//word], [[AndroidDriver: chrome on ANDROID (51a5b69d350864e9562a2470b487b139)] -&gt; xpath: .//word], [[AndroidDriver: chrome on ANDROID (51a5b69d350864e9562a2470b487b139)] -&gt; xpath: .//word], [[AndroidDriver: chrome on ANDROID (51a5b69d350864e9562a2470b487b139)] -&gt; xpath: .//word], [[AndroidDriver: chrome on ANDROID (51a5b69d350864e9562a2470b487b139)] -&gt; xpath: .//word], [[AndroidDriver: chrome on ANDROID (51a5b69d350864e9562a2470b487b139)] -&gt; xpath: .//word], [[AndroidDriver: chrome on ANDROID (51a5b69d350864e9562a2470b487b139)] -&gt; xpath: .//word], [[AndroidDriver: chrome on ANDROID (51a5b69d350864e9562a2470b487b139)] -&gt; xpath: .//word], [[AndroidDriver: chrome on ANDROID (51a5b69d350864e9562a2470b487b139)] -&gt; xpath: .//word], [[AndroidDriver: chrome on ANDROID (51a5b69d350864e9562a2470b487b139)] -&gt; xpath: .//word], [[AndroidDriver: chrome on ANDROID (51a5b69d350864e9562a2470b487b139)] -&gt; xpath: .//word], [[AndroidDriver: chrome on ANDROID (51a5b69d350864e9562a2470b487b139)] -&gt; xpath: .//word], [[AndroidDriver: chrome on ANDROID (51a5b69d350864e9562a2470b487b139)] -&gt; xpath: .//word], [[AndroidDriver: chrome on ANDROID (51a5b69d350864e9562a2470b487b139)] -&gt; xpath: .//word], [[AndroidDriver: chrome on ANDROID (51a5b69d350864e9562a2470b487b139)] -&gt; xpath: .//word], [[AndroidDriver: chrome on ANDROID (51a5b69d350864e9562a2470b487b139)] -&gt; xpath: .//word], [[AndroidDriver: chrome on ANDROID (51a5b69d350864e9562a2470b487b139)] -&gt; xpath: .//word], [[AndroidDriver: chrome on ANDROID (51a5b69d350864e9562a2470b487b139)] -&gt; xpath: .//word], [[AndroidDriver: chrome on ANDROID (51a5b69d350864e9562a2470b487b139)] -&gt; xpath: .//word], [[AndroidDriver: chrome on ANDROID (51a5b69d350864e9562a2470b487b139)] -&gt; xpath: .//word], [[AndroidDriver: chrome on ANDROID (51a5b69d350864e9562a2470b487b139)] -&gt; xpath: .//word], [[AndroidDriver: chrome on ANDROID (51a5b69d350864e9562a2470b487b139)] -&gt; xpath: .//word], [[AndroidDriver: chrome on ANDROID (51a5b69d350864e9562a2470b487b139)] -&gt; xpath: .//word], [[AndroidDriver: chrome on ANDROID (51a5b69d350864e9562a2470b487b139)] -&gt; xpath: .//word], [[AndroidDriver: chrome on ANDROID (51a5b69d350864e9562a2470b487b139)] -&gt; xpath: .//word], [[AndroidDriver: chrome on ANDROID (51a5b69d350864e9562a2470b487b139)] -&gt; xpath: .//word], [[AndroidDriver: chrome on ANDROID (51a5b69d350864e9562a2470b487b139)] -&gt; xpath: .//word], [[AndroidDriver: chrome on ANDROID (51a5b69d350864e9562a2470b487b139)] -&gt; xpath: .//word], [[AndroidDriver: chrome on ANDROID (51a5b69d350864e9562a2470b487b139)] -&gt; xpath: .//word], [[AndroidDriver: chrome on ANDROID (51a5b69d350864e9562a2470b487b139)] -&gt; xpath: .//word], [[AndroidDriver: chrome on ANDROID (51a5b69d350864e9562a2470b487b139)] -&gt; xpath: .//word], [[AndroidDriver: chrome on ANDROID (51a5b69d350864e9562a2470b487b139)] -&gt; xpath: .//word], [[AndroidDriver: chrome on ANDROID (51a5b69d350864e9562a2470b487b139)] -&gt; xpath: .//word], [[AndroidDriver: chrome on ANDROID (51a5b69d350864e9562a2470b487b139)] -&gt; xpath: .//word], [[AndroidDriver: chrome on ANDROID (51a5b69d350864e9562a2470b487b139)] -&gt; xpath: .//word], [[AndroidDriver: chrome on ANDROID (51a5b69d350864e9562a2470b487b139)] -&gt; xpath: .//word], [[AndroidDriver: chrome on ANDROID (51a5b69d350864e9562a2470b487b139)] -&gt; xpath: .//word], [[AndroidDriver: chrome on ANDROID (51a5b69d350864e9562a2470b487b139)] -&gt; xpath: .//word], [[AndroidDriver: chrome on ANDROID (51a5b69d350864e9562a2470b487b139)] -&gt; xpath: .//word], [[AndroidDriver: chrome on ANDROID (51a5b69d350864e9562a2470b487b139)] -&gt; xpath: .//word], [[AndroidDriver: chrome on ANDROID (51a5b69d350864e9562a2470b487b139)] -&gt; xpath: .//word], [[AndroidDriver: chrome on ANDROID (51a5b69d350864e9562a2470b487b139)] -&gt; xpath: .//word], [[AndroidDriver: chrome on ANDROID (51a5b69d350864e9562a2470b487b139)] -&gt; xpath: .//word], [[AndroidDriver: chrome on ANDROID (51a5b69d350864e9562a2470b487b139)] -&gt; xpath: .//word], [[AndroidDriver: chrome on ANDROID (51a5b69d350864e9562a2470b487b139)] -&gt; xpath: .//word], [[AndroidDriver: chrome on ANDROID (51a5b69d350864e9562a2470b487b139)] -&gt; xpath: .//word], [[AndroidDriver: chrome on ANDROID (51a5b69d350864e9562a2470b487b139)] -&gt; xpath: .//word], [[AndroidDriver: chrome on ANDROID (51a5b69d350864e9562a2470b487b139)] -&gt; xpath: .//word], [[AndroidDriver: chrome on ANDROID (51a5b69d350864e9562a2470b487b139)] -&gt; xpath: .//word], [[AndroidDriver: chrome on ANDROID (51a5b69d350864e9562a2470b487b139)] -&gt; xpath: .//word], [[AndroidDriver: chrome on ANDROID (51a5b69d350864e9562a2470b487b139)] -&gt; xpath: .//word], [[AndroidDriver: chrome on ANDROID (51a5b69d350864e9562a2470b487b139)] -&gt; xpath: .//word], [[AndroidDriver: chrome on ANDROID (51a5b69d350864e9562a2470b487b139)] -&gt; xpath: .//word], [[AndroidDriver: chrome on ANDROID (51a5b69d350864e9562a2470b487b139)] -&gt; xpath: .//word], [[AndroidDriver: chrome on ANDROID (51a5b69d350864e9562a2470b487b139)] -&gt; xpath: .//word], [[AndroidDriver: chrome on ANDROID (51a5b69d350864e9562a2470b487b139)] -&gt; xpath: .//word], [[AndroidDriver: chrome on ANDROID (51a5b69d350864e9562a2470b487b139)] -&gt; xpath: .//word], [[AndroidDriver: chrome on ANDROID (51a5b69d350864e9562a2470b487b139)] -&gt; xpath: .//word], [[AndroidDriver: chrome on ANDROID (51a5b69d350864e9562a2470b487b139)] -&gt; xpath: .//word], [[AndroidDriver: chrome on ANDROID (51a5b69d350864e9562a2470b487b139)] -&gt; xpath: .//word], [[AndroidDriver: chrome on ANDROID (51a5b69d350864e9562a2470b487b139)] -&gt; xpath: .//word], [[AndroidDriver: chrome on ANDROID (51a5b69d350864e9562a2470b487b139)] -&gt; xpath: .//word], [[AndroidDriver: chrome on ANDROID (51a5b69d350864e9562a2470b487b139)] -&gt; xpath: .//word], [[AndroidDriver: chrome on ANDROID (51a5b69d350864e9562a2470b487b139)] -&gt; xpath: .//word], [[AndroidDriver: chrome on ANDROID (51a5b69d350864e9562a2470b487b139)] -&gt; xpath: .//word], [[AndroidDriver: chrome on ANDROID (51a5b69d350864e9562a2470b487b139)] -&gt; xpath: .//word], [[AndroidDriver: chrome on ANDROID (51a5b69d350864e9562a2470b487b139)] -&gt; xpath: .//word], [[AndroidDriver: chrome on ANDROID (51a5b69d350864e9562a2470b487b139)] -&gt; xpath: .//word], [[AndroidDriver: chrome on ANDROID (51a5b69d350864e9562a2470b487b139)] -&gt; xpath: .//word], [[AndroidDriver: chrome on ANDROID (51a5b69d350864e9562a2470b487b139)] -&gt; xpath: .//word], [[AndroidDriver: chrome on ANDROID (51a5b69d350864e9562a2470b487b139)] -&gt; xpath: .//word], [[AndroidDriver: chrome on ANDROID (51a5b69d350864e9562a2470b487b139)] -&gt; xpath: .//word], [[AndroidDriver: chrome on ANDROID (51a5b69d350864e9562a2470b487b139)] -&gt; xpath: .//word], [[AndroidDriver: chrome on ANDROID (51a5b69d350864e9562a2470b487b139)] -&gt; xpath: .//word], [[AndroidDriver: chrome on ANDROID (51a5b69d350864e9562a2470b487b139)] -&gt; xpath: .//word], [[AndroidDriver: chrome on ANDROID (51a5b69d350864e9562a2470b487b139)] -&gt; xpath: .//word], [[AndroidDriver: chrome on ANDROID (51a5b69d350864e9562a2470b487b139)] -&gt; xpath: .//word], [[AndroidDriver: chrome on ANDROID (51a5b69d350864e9562a2470b487b139)] -&gt; xpath: .//word], [[AndroidDriver: chrome on ANDROID (51a5b69d350864e9562a2470b487b139)] -&gt; xpath: .//word], [[AndroidDriver: chrome on ANDROID (51a5b69d350864e9562a2470b487b139)] -&gt; xpath: .//word], [[AndroidDriver: chrome on ANDROID (51a5b69d350864e9562a2470b487b139)] -&gt; xpath: .//word], [[AndroidDriver: chrome on ANDROID (51a5b69d350864e9562a2470b487b139)] -&gt; xpath: .//word], [[AndroidDriver: chrome on ANDROID (51a5b69d350864e9562a2470b487b139)] -&gt; xpath: .//word], [[AndroidDriver: chrome on ANDROID (51a5b69d350864e9562a2470b487b139)] -&gt; xpath: .//word], [[AndroidDriver: chrome on ANDROID (51a5b69d350864e9562a2470b487b139)] -&gt; xpath: .//word], [[AndroidDriver: chrome on ANDROID (51a5b69d350864e9562a2470b487b139)] -&gt; xpath: .//word], [[AndroidDriver: chrome on ANDROID (51a5b69d350864e9562a2470b487b139)] -&gt; xpath: .//word], [[AndroidDriver: chrome on ANDROID (51a5b69d350864e9562a2470b487b139)] -&gt; xpath: .//word], [[AndroidDriver: chrome on ANDROID (51a5b69d350864e9562a2470b487b139)] -&gt; xpath: .//word], [[AndroidDriver: chrome on ANDROID (51a5b69d350864e9562a2470b487b139)] -&gt; xpath: .//word], [[AndroidDriver: chrome on ANDROID (51a5b69d350864e9562a2470b487b139)] -&gt; xpath: .//word], [[AndroidDriver: chrome on ANDROID (51a5b69d350864e9562a2470b487b139)] -&gt; xpath: .//word], [[AndroidDriver: chrome on ANDROID (51a5b69d350864e9562a2470b487b139)] -&gt; xpath: .//word], [[AndroidDriver: chrome on ANDROID (51a5b69d350864e9562a2470b487b139)] -&gt; xpath: .//word], [[AndroidDriver: chrome on ANDROID (51a5b69d350864e9562a2470b487b139)] -&gt; xpath: .//word], [[AndroidDriver: chrome on ANDROID (51a5b69d350864e9562a2470b487b139)] -&gt; xpath: .//word], [[AndroidDriver: chrome on ANDROID (51a5b69d350864e9562a2470b487b139)] -&gt; xpath: .//word], [[AndroidDriver: chrome on ANDROID (51a5b69d350864e9562a2470b487b139)] -&gt; xpath: .//word], [[AndroidDriver: chrome on ANDROID (51a5b69d350864e9562a2470b487b139)] -&gt; xpath: .//word], [[AndroidDriver: chrome on ANDROID (51a5b69d350864e9562a2470b487b139)] -&gt; xpath: .//word], [[AndroidDriver: chrome on ANDROID (51a5b69d350864e9562a2470b487b139)] -&gt; xpath: .//word], [[AndroidDriver: chrome on ANDROID (51a5b69d350864e9562a2470b487b139)] -&gt; xpath: .//word], [[AndroidDriver: chrome on ANDROID (51a5b69d350864e9562a2470b487b139)] -&gt; xpath: .//word], [[AndroidDriver: chrome on ANDROID (51a5b69d350864e9562a2470b487b139)] -&gt; xpath: .//word], [[AndroidDriver: chrome on ANDROID (51a5b69d350864e9562a2470b487b139)] -&gt; xpath: .//word], [[AndroidDriver: chrome on ANDROID (51a5b69d350864e9562a2470b487b139)] -&gt; xpath: .//word], [[AndroidDriver: chrome on ANDROID (51a5b69d350864e9562a2470b487b139)] -&gt; xpath: .//word], [[AndroidDriver: chrome on ANDROID (51a5b69d350864e9562a2470b487b139)] -&gt; xpath: .//word], [[AndroidDriver: chrome on ANDROID (51a5b69d350864e9562a2470b487b139)] -&gt; xpath: .//word], [[AndroidDriver: chrome on ANDROID (51a5b69d350864e9562a2470b487b139)] -&gt; xpath: .//word], [[AndroidDriver: chrome on ANDROID (51a5b69d350864e9562a2470b487b139)] -&gt; xpath: .//word], [[AndroidDriver: chrome on ANDROID (51a5b69d350864e9562a2470b487b139)] -&gt; xpath: .//word], [[AndroidDriver: chrome on ANDROID (51a5b69d350864e9562a2470b487b139)] -&gt; xpath: .//word], [[AndroidDriver: chrome on ANDROID (51a5b69d350864e9562a2470b487b139)] -&gt; xpath: .//word], [[AndroidDriver: chrome on ANDROID (51a5b69d350864e9562a2470b487b139)] -&gt; xpath: .//word], [[AndroidDriver: chrome on ANDROID (51a5b69d350864e9562a2470b487b139)] -&gt; xpath: .//word], [[AndroidDriver: chrome on ANDROID (51a5b69d350864e9562a2470b487b139)] -&gt; xpath: .//word], [[AndroidDriver: chrome on ANDROID (51a5b69d350864e9562a2470b487b139)] -&gt; xpath: .//word], [[AndroidDriver: chrome on ANDROID (51a5b69d350864e9562a2470b487b139)] -&gt; xpath: .//word], [[AndroidDriver: chrome on ANDROID (51a5b69d350864e9562a2470b487b139)] -&gt; xpath: .//word], [[AndroidDriver: chrome on ANDROID (51a5b69d350864e9562a2470b487b139)] -&gt; xpath: .//word], [[AndroidDriver: chrome on ANDROID (51a5b69d350864e9562a2470b487b139)] -&gt; xpath: .//word], [[AndroidDriver: chrome on ANDROID (51a5b69d350864e9562a2470b487b139)] -&gt; xpath: .//word], [[AndroidDriver: chrome on ANDROID (51a5b69d350864e9562a2470b487b139)] -&gt; xpath: .//word], [[AndroidDriver: chrome on ANDROID (51a5b69d350864e9562a2470b487b139)] -&gt; xpath: .//word], [[AndroidDriver: chrome on ANDROID (51a5b69d350864e9562a2470b487b139)] -&gt; xpath: .//word], [[AndroidDriver: chrome on ANDROID (51a5b69d350864e9562a2470b487b139)] -&gt; xpath: .//word], [[AndroidDriver: chrome on ANDROID (51a5b69d350864e9562a2470b487b139)] -&gt; xpath: .//word], [[AndroidDriver: chrome on ANDROID (51a5b69d350864e9562a2470b487b139)] -&gt; xpath: .//word], [[AndroidDriver: chrome on ANDROID (51a5b69d350864e9562a2470b487b139)] -&gt; xpath: .//word], [[AndroidDriver: chrome on ANDROID (51a5b69d350864e9562a2470b487b139)] -&gt; xpath: .//word], [[AndroidDriver: chrome on ANDROID (51a5b69d350864e9562a2470b487b139)] -&gt; xpath: .//word], [[AndroidDriver: chrome on ANDROID (51a5b69d350864e9562a2470b487b139)] -&gt; xpath: .//word], [[AndroidDriver: chrome on ANDROID (51a5b69d350864e9562a2470b487b139)] -&gt; xpath: .//word], [[AndroidDriver: chrome on ANDROID (51a5b69d350864e9562a2470b487b139)] -&gt; xpath: .//word], [[AndroidDriver: chrome on ANDROID (51a5b69d350864e9562a2470b487b139)] -&gt; xpath: .//word], [[AndroidDriver: chrome on ANDROID (51a5b69d350864e9562a2470b487b139)] -&gt; xpath: .//word], [[AndroidDriver: chrome on ANDROID (51a5b69d350864e9562a2470b487b139)] -&gt; xpath: .//word], [[AndroidDriver: chrome on ANDROID (51a5b69d350864e9562a2470b487b139)] -&gt; xpath: .//word], [[AndroidDriver: chrome on ANDROID (51a5b69d350864e9562a2470b487b139)] -&gt; xpath: .//word], [[AndroidDriver: chrome on ANDROID (51a5b69d350864e9562a2470b487b139)] -&gt; xpath: .//word], [[AndroidDriver: chrome on ANDROID (51a5b69d350864e9562a2470b487b139)] -&gt; xpath: .//word], [[AndroidDriver: chrome on ANDROID (51a5b69d350864e9562a2470b487b139)] -&gt; xpath: .//word], [[AndroidDriver: chrome on ANDROID (51a5b69d350864e9562a2470b487b139)] -&gt; xpath: .//word], [[AndroidDriver: chrome on ANDROID (51a5b69d350864e9562a2470b487b139)] -&gt; xpath: .//word], [[AndroidDriver: chrome on ANDROID (51a5b69d350864e9562a2470b487b139)] -&gt; xpath: .//word], [[AndroidDriver: chrome on ANDROID (51a5b69d350864e9562a2470b487b139)] -&gt; xpath: .//word], [[AndroidDriver: chrome on ANDROID (51a5b69d350864e9562a2470b487b139)] -&gt; xpath: .//word], [[AndroidDriver: chrome on ANDROID (51a5b69d350864e9562a2470b487b139)] -&gt; xpath: .//word], [[AndroidDriver: chrome on ANDROID (51a5b69d350864e9562a2470b487b139)] -&gt; xpath: .//word], [[AndroidDriver: chrome on ANDROID (51a5b69d350864e9562a2470b487b139)] -&gt; xpath: .//word], [[AndroidDriver: chrome on ANDROID (51a5b69d350864e9562a2470b487b139)] -&gt; xpath: .//word], [[AndroidDriver: chrome on ANDROID (51a5b69d350864e9562a2470b487b139)] -&gt; xpath: .//word], [[AndroidDriver: chrome on ANDROID (51a5b69d350864e9562a2470b487b139)] -&gt; xpath: .//word], [[AndroidDriver: chrome on ANDROID (51a5b69d350864e9562a2470b487b139)] -&gt; xpath: .//word], [[AndroidDriver: chrome on ANDROID (51a5b69d350864e9562a2470b487b139)] -&gt; xpath: .//word], [[AndroidDriver: chrome on ANDROID (51a5b69d350864e9562a2470b487b139)] -&gt; xpath: .//word], [[AndroidDriver: chrome on ANDROID (51a5b69d350864e9562a2470b487b139)] -&gt; xpath: .//word], [[AndroidDriver: chrome on ANDROID (51a5b69d350864e9562a2470b487b139)] -&gt; xpath: .//word], [[AndroidDriver: chrome on ANDROID (51a5b69d350864e9562a2470b487b139)] -&gt; xpath: .//word], [[AndroidDriver: chrome on ANDROID (51a5b69d350864e9562a2470b487b139)] -&gt; xpath: .//word], [[AndroidDriver: chrome on ANDROID (51a5b69d350864e9562a2470b487b139)] -&gt; xpath: .//word], [[AndroidDriver: chrome on ANDROID (51a5b69d350864e9562a2470b487b139)] -&gt; xpath: .//word], [[AndroidDriver: chrome on ANDROID (51a5b69d350864e9562a2470b487b139)] -&gt; xpath: .//word], [[AndroidDriver: chrome on ANDROID (51a5b69d350864e9562a2470b487b139)] -&gt; xpath: .//word], [[AndroidDriver: chrome on ANDROID (51a5b69d350864e9562a2470b487b139)] -&gt; xpath: .//word], [[AndroidDriver: chrome on ANDROID (51a5b69d350864e9562a2470b487b139)] -&gt; xpath: .//word], [[AndroidDriver: chrome on ANDROID (51a5b69d350864e9562a2470b487b139)] -&gt; xpath: .//word], [[AndroidDriver: chrome on ANDROID (51a5b69d350864e9562a2470b487b139)] -&gt; xpath: .//word], [[AndroidDriver: chrome on ANDROID (51a5b69d350864e9562a2470b487b139)] -&gt; xpath: .//word], [[AndroidDriver: chrome on ANDROID (51a5b69d350864e9562a2470b487b139)] -&gt; xpath: .//word], [[AndroidDriver: chrome on ANDROID (51a5b69d350864e9562a2470b487b139)] -&gt; xpath: .//word], [[AndroidDriver: chrome on ANDROID (51a5b69d350864e9562a2470b487b139)] -&gt; xpath: .//word], [[AndroidDriver: chrome on ANDROID (51a5b69d350864e9562a2470b487b139)] -&gt; xpath: .//word], [[AndroidDriver: chrome on ANDROID (51a5b69d350864e9562a2470b487b139)] -&gt; xpath: .//word], [[AndroidDriver: chrome on ANDROID (51a5b69d350864e9562a2470b487b139)] -&gt; xpath: .//word], [[AndroidDriver: chrome on ANDROID (51a5b69d350864e9562a2470b487b139)] -&gt; xpath: .//word], [[AndroidDriver: chrome on ANDROID (51a5b69d350864e9562a2470b487b139)] -&gt; xpath: .//word], [[AndroidDriver: chrome on ANDROID (51a5b69d350864e9562a2470b487b139)] -&gt; xpath: .//word], [[AndroidDriver: chrome on ANDROID (51a5b69d350864e9562a2470b487b139)] -&gt; xpath: .//word], [[AndroidDriver: chrome on ANDROID (51a5b69d350864e9562a2470b487b139)] -&gt; xpath: .//word], [[AndroidDriver: chrome on ANDROID (51a5b69d350864e9562a2470b487b139)] -&gt; xpath: .//word], [[AndroidDriver: chrome on ANDROID (51a5b69d350864e9562a2470b487b139)] -&gt; xpath: .//word], [[AndroidDriver: chrome on ANDROID (51a5b69d350864e9562a2470b487b139)] -&gt; xpath: .//word], [[AndroidDriver: chrome on ANDROID (51a5b69d350864e9562a2470b487b139)] -&gt; xpath: .//word], [[AndroidDriver: chrome on ANDROID (51a5b69d350864e9562a2470b487b139)] -&gt; xpath: .//word], [[AndroidDriver: chrome on ANDROID (51a5b69d350864e9562a2470b487b139)] -&gt; xpath: .//word], [[AndroidDriver: chrome on ANDROID (51a5b69d350864e9562a2470b487b139)] -&gt; xpath: .//word], [[AndroidDriver: chrome on ANDROID (51a5b69d350864e9562a2470b487b139)] -&gt; xpath: .//word], [[AndroidDriver: chrome on ANDROID (51a5b69d350864e9562a2470b487b139)] -&gt; xpath: .//word], [[AndroidDriver: chrome on ANDROID (51a5b69d350864e9562a2470b487b139)] -&gt; xpath: .//word], [[AndroidDriver: chrome on ANDROID (51a5b69d350864e9562a2470b487b139)] -&gt; xpath: .//word], [[AndroidDriver: chrome on ANDROID (51a5b69d350864e9562a2470b487b139)] -&gt; xpath: .//word], [[AndroidDriver: chrome on ANDROID (51a5b69d350864e9562a2470b487b139)] -&gt; xpath: .//word], [[AndroidDriver: chrome on ANDROID (51a5b69d350864e9562a2470b487b139)] -&gt; xpath: .//word], [[AndroidDriver: chrome on ANDROID (51a5b69d350864e9562a2470b487b139)] -&gt; xpath: .//word], [[AndroidDriver: chrome on ANDROID (51a5b69d350864e9562a2470b487b139)] -&gt; xpath: .//word], [[AndroidDriver: chrome on ANDROID (51a5b69d350864e9562a2470b487b139)] -&gt; xpath: .//word], [[AndroidDriver: chrome on ANDROID (51a5b69d350864e9562a2470b487b139)] -&gt; xpath: .//word], [[AndroidDriver: chrome on ANDROID (51a5b69d350864e9562a2470b487b139)] -&gt; xpath: .//word], [[AndroidDriver: chrome on ANDROID (51a5b69d350864e9562a2470b487b139)] -&gt; xpath: .//word], [[AndroidDriver: chrome on ANDROID (51a5b69d350864e9562a2470b487b139)] -&gt; xpath: .//word], [[AndroidDriver: chrome on ANDROID (51a5b69d350864e9562a2470b487b139)] -&gt; xpath: .//word], [[AndroidDriver: chrome on ANDROID (51a5b69d350864e9562a2470b487b139)] -&gt; xpath: .//word], [[AndroidDriver: chrome on ANDROID (51a5b69d350864e9562a2470b487b139)] -&gt; xpath: .//word], [[AndroidDriver: chrome on ANDROID (51a5b69d350864e9562a2470b487b139)] -&gt; xpath: .//word], [[AndroidDriver: chrome on ANDROID (51a5b69d350864e9562a2470b487b139)] -&gt; xpath: .//word], [[AndroidDriver: chrome on ANDROID (51a5b69d350864e9562a2470b487b139)] -&gt; xpath: .//word], [[AndroidDriver: chrome on ANDROID (51a5b69d350864e9562a2470b487b139)] -&gt; xpath: .//word], [[AndroidDriver: chrome on ANDROID (51a5b69d350864e9562a2470b487b139)] -&gt; xpath: .//word], [[AndroidDriver: chrome on ANDROID (51a5b69d350864e9562a2470b487b139)] -&gt; xpath: .//word], [[AndroidDriver: chrome on ANDROID (51a5b69d350864e9562a2470b487b139)] -&gt; xpath: .//word], [[AndroidDriver: chrome on ANDROID (51a5b69d350864e9562a2470b487b139)] -&gt; xpath: .//word], [[AndroidDriver: chrome on ANDROID (51a5b69d350864e9562a2470b487b139)] -&gt; xpath: .//word], [[AndroidDriver: chrome on ANDROID (51a5b69d350864e9562a2470b487b139)] -&gt; xpath: .//word], [[AndroidDriver: chrome on ANDROID (51a5b69d350864e9562a2470b487b139)] -&gt; xpath: .//word], [[AndroidDriver: chrome on ANDROID (51a5b69d350864e9562a2470b487b139)] -&gt; xpath: .//word], [[AndroidDriver: chrome on ANDROID (51a5b69d350864e9562a2470b487b139)] -&gt; xpath: .//word], [[AndroidDriver: chrome on ANDROID (51a5b69d350864e9562a2470b487b139)] -&gt; xpath: .//word], [[AndroidDriver: chrome on ANDROID (51a5b69d350864e9562a2470b487b139)] -&gt; xpath: .//word], [[AndroidDriver: chrome on ANDROID (51a5b69d350864e9562a2470b487b139)] -&gt; xpath: .//word], [[AndroidDriver: chrome on ANDROID (51a5b69d350864e9562a2470b487b139)] -&gt; xpath: .//word], [[AndroidDriver: chrome on ANDROID (51a5b69d350864e9562a2470b487b139)] -&gt; xpath: .//word], [[AndroidDriver: chrome on ANDROID (51a5b69d350864e9562a2470b487b139)] -&gt; xpath: .//word], [[AndroidDriver: chrome on ANDROID (51a5b69d350864e9562a2470b487b139)] -&gt; xpath: .//word], [[AndroidDriver: chrome on ANDROID (51a5b69d350864e9562a2470b487b139)] -&gt; xpath: .//word], [[AndroidDriver: chrome on ANDROID (51a5b69d350864e9562a2470b487b139)] -&gt; xpath: .//word], [[AndroidDriver: chrome on ANDROID (51a5b69d350864e9562a2470b487b139)] -&gt; xpath: .//word], [[AndroidDriver: chrome on ANDROID (51a5b69d350864e9562a2470b487b139)] -&gt; xpath: .//word], [[AndroidDriver: chrome on ANDROID (51a5b69d350864e9562a2470b487b139)] -&gt; xpath: .//word], [[AndroidDriver: chrome on ANDROID (51a5b69d350864e9562a2470b487b139)] -&gt; xpath: .//word], [[AndroidDriver: chrome on ANDROID (51a5b69d350864e9562a2470b487b139)] -&gt; xpath: .//word], [[AndroidDriver: chrome on ANDROID (51a5b69d350864e9562a2470b487b139)] -&gt; xpath: .//word], [[AndroidDriver: chrome on ANDROID (51a5b69d350864e9562a2470b487b139)] -&gt; xpath: .//word], [[AndroidDriver: chrome on ANDROID (51a5b69d350864e9562a2470b487b139)] -&gt; xpath: .//word], [[AndroidDriver: chrome on ANDROID (51a5b69d350864e9562a2470b487b139)] -&gt; xpath: .//word], [[AndroidDriver: chrome on ANDROID (51a5b69d350864e9562a2470b487b139)] -&gt; xpath: .//word], [[AndroidDriver: chrome on ANDROID (51a5b69d350864e9562a2470b487b139)] -&gt; xpath: .//word], [[AndroidDriver: chrome on ANDROID (51a5b69d350864e9562a2470b487b139)] -&gt; xpath: .//word], [[AndroidDriver: chrome on ANDROID (51a5b69d350864e9562a2470b487b139)] -&gt; xpath: .//word], [[AndroidDriver: chrome on ANDROID (51a5b69d350864e9562a2470b487b139)] -&gt; xpath: .//word], [[AndroidDriver: chrome on ANDROID (51a5b69d350864e9562a2470b487b139)] -&gt; xpath: .//word], [[AndroidDriver: chrome on ANDROID (51a5b69d350864e9562a2470b487b139)] -&gt; xpath: .//word], [[AndroidDriver: chrome on ANDROID (51a5b69d350864e9562a2470b487b139)] -&gt; xpath: .//word], [[AndroidDriver: chrome on ANDROID (51a5b69d350864e9562a2470b487b139)] -&gt; xpath: .//word], [[AndroidDriver: chrome on ANDROID (51a5b69d350864e9562a2470b487b139)] -&gt; xpath: .//word], [[AndroidDriver: chrome on ANDROID (51a5b69d350864e9562a2470b487b139)] -&gt; xpath: .//word], [[AndroidDriver: chrome on ANDROID (51a5b69d350864e9562a2470b487b139)] -&gt; xpath: .//word], [[AndroidDriver: chrome on ANDROID (51a5b69d350864e9562a2470b487b139)] -&gt; xpath: .//word], [[AndroidDriver: chrome on ANDROID (51a5b69d350864e9562a2470b487b139)] -&gt; xpath: .//word], [[AndroidDriver: chrome on ANDROID (51a5b69d350864e9562a2470b487b139)] -&gt; xpath: .//word], [[AndroidDriver: chrome on ANDROID (51a5b69d350864e9562a2470b487b139)] -&gt; xpath: .//word], [[AndroidDriver: chrome on ANDROID (51a5b69d350864e9562a2470b487b139)] -&gt; xpath: .//word], [[AndroidDriver: chrome on ANDROID (51a5b69d350864e9562a2470b487b139)] -&gt; xpath: .//word], [[AndroidDriver: chrome on ANDROID (51a5b69d350864e9562a2470b487b139)] -&gt; xpath: .//word], [[AndroidDriver: chrome on ANDROID (51a5b69d350864e9562a2470b487b139)] -&gt; xpath: .//word], [[AndroidDriver: chrome on ANDROID (51a5b69d350864e9562a2470b487b139)] -&gt; xpath: .//word], [[AndroidDriver: chrome on ANDROID (51a5b69d350864e9562a2470b487b139)] -&gt; xpath: .//word], [[AndroidDriver: chrome on ANDROID (51a5b69d350864e9562a2470b487b139)] -&gt; xpath: .//word], [[AndroidDriver: chrome on ANDROID (51a5b69d350864e9562a2470b487b139)] -&gt; xpath: .//word], [[AndroidDriver: chrome on ANDROID (51a5b69d350864e9562a2470b487b139)] -&gt; xpath: .//word], [[AndroidDriver: chrome on ANDROID (51a5b69d350864e9562a2470b487b139)] -&gt; xpath: .//word], [[AndroidDriver: chrome on ANDROID (51a5b69d350864e9562a2470b487b139)] -&gt; xpath: .//word], [[AndroidDriver: chrome on ANDROID (51a5b69d350864e9562a2470b487b139)] -&gt; xpath: .//word], [[AndroidDriver: chrome on ANDROID (51a5b69d350864e9562a2470b487b139)] -&gt; xpath: .//word], [[AndroidDriver: chrome on ANDROID (51a5b69d350864e9562a2470b487b139)] -&gt; xpath: .//word], [[AndroidDriver: chrome on ANDROID (51a5b69d350864e9562a2470b487b139)] -&gt; xpath: .//word], [[AndroidDriver: chrome on ANDROID (51a5b69d350864e9562a2470b487b139)] -&gt; xpath: .//word], [[AndroidDriver: chrome on ANDROID (51a5b69d350864e9562a2470b487b139)] -&gt; xpath: .//word], [[AndroidDriver: chrome on ANDROID (51a5b69d350864e9562a2470b487b139)] -&gt; xpath: .//word], [[AndroidDriver: chrome on ANDROID (51a5b69d350864e9562a2470b487b139)] -&gt; xpath: .//word], [[AndroidDriver: chrome on ANDROID (51a5b69d350864e9562a2470b487b139)] -&gt; xpath: .//word], [[AndroidDriver: chrome on ANDROID (51a5b69d350864e9562a2470b487b139)] -&gt; xpath: .//word], [[AndroidDriver: chrome on ANDROID (51a5b69d350864e9562a2470b487b139)] -&gt; xpath: .//word], [[AndroidDriver: chrome on ANDROID (51a5b69d350864e9562a2470b487b139)] -&gt; xpath: .//word], [[AndroidDriver: chrome on ANDROID (51a5b69d350864e9562a2470b487b139)] -&gt; xpath: .//word], [[AndroidDriver: chrome on ANDROID (51a5b69d350864e9562a2470b487b139)] -&gt; xpath: .//word], [[AndroidDriver: chrome on ANDROID (51a5b69d350864e9562a2470b487b139)] -&gt; xpath: .//word], [[AndroidDriver: chrome on ANDROID (51a5b69d350864e9562a2470b487b139)] -&gt; xpath: .//word], [[AndroidDriver: chrome on ANDROID (51a5b69d350864e9562a2470b487b139)] -&gt; xpath: .//word], [[AndroidDriver: chrome on ANDROID (51a5b69d350864e9562a2470b487b139)] -&gt; xpath: .//word], [[AndroidDriver: chrome on ANDROID (51a5b69d350864e9562a2470b487b139)] -&gt; xpath: .//word], [[AndroidDriver: chrome on ANDROID (51a5b69d350864e9562a2470b487b139)] -&gt; xpath: .//word], [[AndroidDriver: chrome on ANDROID (51a5b69d350864e9562a2470b487b139)] -&gt; xpath: .//word], [[AndroidDriver: chrome on ANDROID (51a5b69d350864e9562a2470b487b139)] -&gt; xpath: .//word], [[AndroidDriver: chrome on ANDROID (51a5b69d350864e9562a2470b487b139)] -&gt; xpath: .//word], [[AndroidDriver: chrome on ANDROID (51a5b69d350864e9562a2470b487b139)] -&gt; xpath: .//word], [[AndroidDriver: chrome on ANDROID (51a5b69d350864e9562a2470b487b139)] -&gt; xpath: .//word], [[AndroidDriver: chrome on ANDROID (51a5b69d350864e9562a2470b487b139)] -&gt; xpath: .//word], [[AndroidDriver: chrome on ANDROID (51a5b69d350864e9562a2470b487b139)] -&gt; xpath: .//word], [[AndroidDriver: chrome on ANDROID (51a5b69d350864e9562a2470b487b139)] -&gt; xpath: .//word], [[AndroidDriver: chrome on ANDROID (51a5b69d350864e9562a2470b487b139)] -&gt; xpath: .//word], [[AndroidDriver: chrome on ANDROID (51a5b69d350864e9562a2470b487b139)] -&gt; xpath: .//word], [[AndroidDriver: chrome on ANDROID (51a5b69d350864e9562a2470b487b139)] -&gt; xpath: .//word], [[AndroidDriver: chrome on ANDROID (51a5b69d350864e9562a2470b487b139)] -&gt; xpath: .//word], [[AndroidDriver: chrome on ANDROID (51a5b69d350864e9562a2470b487b139)] -&gt; xpath: .//word], [[AndroidDriver: chrome on ANDROID (51a5b69d350864e9562a2470b487b139)] -&gt; xpath: .//word], [[AndroidDriver: chrome on ANDROID (51a5b69d350864e9562a2470b487b139)] -&gt; xpath: .//word], [[AndroidDriver: chrome on ANDROID (51a5b69d350864e9562a2470b487b139)] -&gt; xpath: .//word], [[AndroidDriver: chrome on ANDROID (51a5b69d350864e9562a2470b487b139)] -&gt; xpath: .//word], [[AndroidDriver: chrome on ANDROID (51a5b69d350864e9562a2470b487b139)] -&gt; xpath: .//word], [[AndroidDriver: chrome on ANDROID (51a5b69d350864e9562a2470b487b139)] -&gt; xpath: .//word], [[AndroidDriver: chrome on ANDROID (51a5b69d350864e9562a2470b487b139)] -&gt; xpath: .//word], [[AndroidDriver: chrome on ANDROID (51a5b69d350864e9562a2470b487b139)] -&gt; xpath: .//word], [[AndroidDriver: chrome on ANDROID (51a5b69d350864e9562a2470b487b139)] -&gt; xpath: .//word], [[AndroidDriver: chrome on ANDROID (51a5b69d350864e9562a2470b487b139)] -&gt; xpath: .//word], [[AndroidDriver: chrome on ANDROID (51a5b69d350864e9562a2470b487b139)] -&gt; xpath: .//word], [[AndroidDriver: chrome on ANDROID (51a5b69d350864e9562a2470b487b139)] -&gt; xpath: .//word], [[AndroidDriver: chrome on ANDROID (51a5b69d350864e9562a2470b487b139)] -&gt; xpath: .//word], [[AndroidDriver: chrome on ANDROID (51a5b69d350864e9562a2470b487b139)] -&gt; xpath: .//word], [[AndroidDriver: chrome on ANDROID (51a5b69d350864e9562a2470b487b139)] -&gt; xpath: .//word], [[AndroidDriver: chrome on ANDROID (51a5b69d350864e9562a2470b487b139)] -&gt; xpath: .//word], [[AndroidDriver: chrome on ANDROID (51a5b69d350864e9562a2470b487b139)] -&gt; xpath: .//word], [[AndroidDriver: chrome on ANDROID (51a5b69d350864e9562a2470b487b139)] -&gt; xpath: .//word], [[AndroidDriver: chrome on ANDROID (51a5b69d350864e9562a2470b487b139)] -&gt; xpath: .//word], [[AndroidDriver: chrome on ANDROID (51a5b69d350864e9562a2470b487b139)] -&gt; xpath: .//word], [[AndroidDriver: chrome on ANDROID (51a5b69d350864e9562a2470b487b139)] -&gt; xpath: .//word], [[AndroidDriver: chrome on ANDROID (51a5b69d350864e9562a2470b487b139)] -&gt; xpath: .//word], [[AndroidDriver: chrome on ANDROID (51a5b69d350864e9562a2470b487b139)] -&gt; xpath: .//word], [[AndroidDriver: chrome on ANDROID (51a5b69d350864e9562a2470b487b139)] -&gt; xpath: .//word], [[AndroidDriver: chrome on ANDROID (51a5b69d350864e9562a2470b487b139)] -&gt; xpath: .//word], [[AndroidDriver: chrome on ANDROID (51a5b69d350864e9562a2470b487b139)] -&gt; xpath: .//word], [[AndroidDriver: chrome on ANDROID (51a5b69d350864e9562a2470b487b139)] -&gt; xpath: .//word], [[AndroidDriver: chrome on ANDROID (51a5b69d350864e9562a2470b487b139)] -&gt; xpath: .//word], [[AndroidDriver: chrome on ANDROID (51a5b69d350864e9562a2470b487b139)] -&gt; xpath: .//word], [[AndroidDriver: chrome on ANDROID (51a5b69d350864e9562a2470b487b139)] -&gt; xpath: .//word], [[AndroidDriver: chrome on ANDROID (51a5b69d350864e9562a2470b487b139)] -&gt; xpath: .//word], [[AndroidDriver: chrome on ANDROID (51a5b69d350864e9562a2470b487b139)] -&gt; xpath: .//word], [[AndroidDriver: chrome on ANDROID (51a5b69d350864e9562a2470b487b139)] -&gt; xpath: .//word], [[AndroidDriver: chrome on ANDROID (51a5b69d350864e9562a2470b487b139)] -&gt; xpath: .//word], [[AndroidDriver: chrome on ANDROID (51a5b69d350864e9562a2470b487b139)] -&gt; xpath: .//word], [[AndroidDriver: chrome on ANDROID (51a5b69d350864e9562a2470b487b139)] -&gt; xpath: .//word], [[AndroidDriver: chrome on ANDROID (51a5b69d350864e9562a2470b487b139)] -&gt; xpath: .//word], [[AndroidDriver: chrome on ANDROID (51a5b69d350864e9562a2470b487b139)] -&gt; xpath: .//word], [[AndroidDriver: chrome on ANDROID (51a5b69d350864e9562a2470b487b139)] -&gt; xpath: .//word], [[AndroidDriver: chrome on ANDROID (51a5b69d350864e9562a2470b487b139)] -&gt; xpath: .//word], [[AndroidDriver: chrome on ANDROID (51a5b69d350864e9562a2470b487b139)] -&gt; xpath: .//word], [[AndroidDriver: chrome on ANDROID (51a5b69d350864e9562a2470b487b139)] -&gt; xpath: .//word], [[AndroidDriver: chrome on ANDROID (51a5b69d350864e9562a2470b487b139)] -&gt; xpath: .//word], [[AndroidDriver: chrome on ANDROID (51a5b69d350864e9562a2470b487b139)] -&gt; xpath: .//word], [[AndroidDriver: chrome on ANDROID (51a5b69d350864e9562a2470b487b139)] -&gt; xpath: .//word], [[AndroidDriver: chrome on ANDROID (51a5b69d350864e9562a2470b487b139)] -&gt; xpath: .//word], [[AndroidDriver: chrome on ANDROID (51a5b69d350864e9562a2470b487b139)] -&gt; xpath: .//word], [[AndroidDriver: chrome on ANDROID (51a5b69d350864e9562a2470b487b139)] -&gt; xpath: .//word], [[AndroidDriver: chrome on ANDROID (51a5b69d350864e9562a2470b487b139)] -&gt; xpath: .//word], [[AndroidDriver: chrome on ANDROID (51a5b69d350864e9562a2470b487b139)] -&gt; xpath: .//word], [[AndroidDriver: chrome on ANDROID (51a5b69d350864e9562a2470b487b139)] -&gt; xpath: .//word], [[AndroidDriver: chrome on ANDROID (51a5b69d350864e9562a2470b487b139)] -&gt; xpath: .//word], [[AndroidDriver: chrome on ANDROID (51a5b69d350864e9562a2470b487b139)] -&gt; xpath: .//word], [[AndroidDriver: chrome on ANDROID (51a5b69d350864e9562a2470b487b139)] -&gt; xpath: .//word], [[AndroidDriver: chrome on ANDROID (51a5b69d350864e9562a2470b487b139)] -&gt; xpath: .//word], [[AndroidDriver: chrome on ANDROID (51a5b69d350864e9562a2470b487b139)] -&gt; xpath: .//word], [[AndroidDriver: chrome on ANDROID (51a5b69d350864e9562a2470b487b139)] -&gt; xpath: .//word], [[AndroidDriver: chrome on ANDROID (51a5b69d350864e9562a2470b487b139)] -&gt; xpath: .//word], [[AndroidDriver: chrome on ANDROID (51a5b69d350864e9562a2470b487b139)] -&gt; xpath: .//word], [[AndroidDriver: chrome on ANDROID (51a5b69d350864e9562a2470b487b139)] -&gt; xpath: .//word], [[AndroidDriver: chrome on ANDROID (51a5b69d350864e9562a2470b487b139)] -&gt; xpath: .//word], [[AndroidDriver: chrome on ANDROID (51a5b69d350864e9562a2470b487b139)] -&gt; xpath: .//word], [[AndroidDriver: chrome on ANDROID (51a5b69d350864e9562a2470b487b139)] -&gt; xpath: .//word], [[AndroidDriver: chrome on ANDROID (51a5b69d350864e9562a2470b487b139)] -&gt; xpath: .//word], [[AndroidDriver: chrome on ANDROID (51a5b69d350864e9562a2470b487b139)] -&gt; xpath: .//word], [[AndroidDriver: chrome on ANDROID (51a5b69d350864e9562a2470b487b139)] -&gt; xpath: .//word], [[AndroidDriver: chrome on ANDROID (51a5b69d350864e9562a2470b487b139)] -&gt; xpath: .//word], [[AndroidDriver: chrome on ANDROID (51a5b69d350864e9562a2470b487b139)] -&gt; xpath: .//word], [[AndroidDriver: chrome on ANDROID (51a5b69d350864e9562a2470b487b139)] -&gt; xpath: .//word], [[AndroidDriver: chrome on ANDROID (51a5b69d350864e9562a2470b487b139)] -&gt; xpath: .//word], [[AndroidDriver: chrome on ANDROID (51a5b69d350864e9562a2470b487b139)] -&gt; xpath: .//word], [[AndroidDriver: chrome on ANDROID (51a5b69d350864e9562a2470b487b139)] -&gt; xpath: .//word], [[AndroidDriver: chrome on ANDROID (51a5b69d350864e9562a2470b487b139)] -&gt; xpath: .//word], [[AndroidDriver: chrome on ANDROID (51a5b69d350864e9562a2470b487b139)] -&gt; xpath: .//word], [[AndroidDriver: chrome on ANDROID (51a5b69d350864e9562a2470b487b139)] -&gt; xpath: .//word], [[AndroidDriver: chrome on ANDROID (51a5b69d350864e9562a2470b487b139)] -&gt; xpath: .//word], [[AndroidDriver: chrome on ANDROID (51a5b69d350864e9562a2470b487b139)] -&gt; xpath: .//word], [[AndroidDriver: chrome on ANDROID (51a5b69d350864e9562a2470b487b139)] -&gt; xpath: .//word], [[AndroidDriver: chrome on ANDROID (51a5b69d350864e9562a2470b487b139)] -&gt; xpath: .//word], [[AndroidDriver: chrome on ANDROID (51a5b69d350864e9562a2470b487b139)] -&gt; xpath: .//word], [[AndroidDriver: chrome on ANDROID (51a5b69d350864e9562a2470b487b139)] -&gt; xpath: .//word], [[AndroidDriver: chrome on ANDROID (51a5b69d350864e9562a2470b487b139)] -&gt; xpath: .//word], [[AndroidDriver: chrome on ANDROID (51a5b69d350864e9562a2470b487b139)] -&gt; xpath: .//word], [[AndroidDriver: chrome on ANDROID (51a5b69d350864e9562a2470b487b139)] -&gt; xpath: .//word], [[AndroidDriver: chrome on ANDROID (51a5b69d350864e9562a2470b487b139)] -&gt; xpath: .//word], [[AndroidDriver: chrome on ANDROID (51a5b69d350864e9562a2470b487b139)] -&gt; xpath: .//word], [[AndroidDriver: chrome on ANDROID (51a5b69d350864e9562a2470b487b139)] -&gt; xpath: .//word], [[AndroidDriver: chrome on ANDROID (51a5b69d350864e9562a2470b487b139)] -&gt; xpath: .//word], [[AndroidDriver: chrome on ANDROID (51a5b69d350864e9562a2470b487b139)] -&gt; xpath: .//word], [[AndroidDriver: chrome on ANDROID (51a5b69d350864e9562a2470b487b139)] -&gt; xpath: .//word], [[AndroidDriver: chrome on ANDROID (51a5b69d350864e9562a2470b487b139)] -&gt; xpath: .//word], [[AndroidDriver: chrome on ANDROID (51a5b69d350864e9562a2470b487b139)] -&gt; xpath: .//word], [[AndroidDriver: chrome on ANDROID (51a5b69d350864e9562a2470b487b139)] -&gt; xpath: .//word], [[AndroidDriver: chrome on ANDROID (51a5b69d350864e9562a2470b487b139)] -&gt; xpath: .//word], [[AndroidDriver: chrome on ANDROID (51a5b69d350864e9562a2470b487b139)] -&gt; xpath: .//word], [[AndroidDriver: chrome on ANDROID (51a5b69d350864e9562a2470b487b139)] -&gt; xpath: .//word], [[AndroidDriver: chrome on ANDROID (51a5b69d350864e9562a2470b487b139)] -&gt; xpath: .//word], [[AndroidDriver: chrome on ANDROID (51a5b69d350864e9562a2470b487b139)] -&gt; xpath: .//word], [[AndroidDriver: chrome on ANDROID (51a5b69d350864e9562a2470b487b139)] -&gt; xpath: .//word], [[AndroidDriver: chrome on ANDROID (51a5b69d350864e9562a2470b487b139)] -&gt; xpath: .//word], [[AndroidDriver: chrome on ANDROID (51a5b69d350864e9562a2470b487b139)] -&gt; xpath: .//word], [[AndroidDriver: chrome on ANDROID (51a5b69d350864e9562a2470b487b139)] -&gt; xpath: .//word], [[AndroidDriver: chrome on ANDROID (51a5b69d350864e9562a2470b487b139)] -&gt; xpath: .//word], [[AndroidDriver: chrome on ANDROID (51a5b69d350864e9562a2470b487b139)] -&gt; xpath: .//word], [[AndroidDriver: chrome on ANDROID (51a5b69d350864e9562a2470b487b139)] -&gt; xpath: .//word], [[AndroidDriver: chrome on ANDROID (51a5b69d350864e9562a2470b487b139)] -&gt; xpath: .//word], [[AndroidDriver: chrome on ANDROID (51a5b69d350864e9562a2470b487b139)] -&gt; xpath: .//word], [[AndroidDriver: chrome on ANDROID (51a5b69d350864e9562a2470b487b139)] -&gt; xpath: .//word], [[AndroidDriver: chrome on ANDROID (51a5b69d350864e9562a2470b487b139)] -&gt; xpath: .//word], [[AndroidDriver: chrome on ANDROID (51a5b69d350864e9562a2470b487b139)] -&gt; xpath: .//word], [[AndroidDriver: chrome on ANDROID (51a5b69d350864e9562a2470b487b139)] -&gt; xpath: .//word], [[AndroidDriver: chrome on ANDROID (51a5b69d350864e9562a2470b487b139)] -&gt; xpath: .//word], [[AndroidDriver: chrome on ANDROID (51a5b69d350864e9562a2470b487b139)] -&gt; xpath: .//word], [[AndroidDriver: chrome on ANDROID (51a5b69d350864e9562a2470b487b139)] -&gt; xpath: .//word], [[AndroidDriver: chrome on ANDROID (51a5b69d350864e9562a2470b487b139)] -&gt; xpath: .//word], [[AndroidDriver: chrome on ANDROID (51a5b69d350864e9562a2470b487b139)] -&gt; xpath: .//word], [[AndroidDriver: chrome on ANDROID (51a5b69d350864e9562a2470b487b139)] -&gt; xpath: .//word], [[AndroidDriver: chrome on ANDROID (51a5b69d350864e9562a2470b487b139)] -&gt; xpath: .//word], [[AndroidDriver: chrome on ANDROID (51a5b69d350864e9562a2470b487b139)] -&gt; xpath: .//word], [[AndroidDriver: chrome on ANDROID (51a5b69d350864e9562a2470b487b139)] -&gt; xpath: .//word], [[AndroidDriver: chrome on ANDROID (51a5b69d350864e9562a2470b487b139)] -&gt; xpath: .//word], [[AndroidDriver: chrome on ANDROID (51a5b69d350864e9562a2470b487b139)] -&gt; xpath: .//word], [[AndroidDriver: chrome on ANDROID (51a5b69d350864e9562a2470b487b139)] -&gt; xpath: .//word], [[AndroidDriver: chrome on ANDROID (51a5b69d350864e9562a2470b487b139)] -&gt; xpath: .//word], [[AndroidDriver: chrome on ANDROID (51a5b69d350864e9562a2470b487b139)] -&gt; xpath: .//word], [[AndroidDriver: chrome on ANDROID (51a5b69d350864e9562a2470b487b139)] -&gt; xpath: .//word], [[AndroidDriver: chrome on ANDROID (51a5b69d350864e9562a2470b487b139)] -&gt; xpath: .//word], [[AndroidDriver: chrome on ANDROID (51a5b69d350864e9562a2470b487b139)] -&gt; xpath: .//word], [[AndroidDriver: chrome on ANDROID (51a5b69d350864e9562a2470b487b139)] -&gt; xpath: .//word], [[AndroidDriver: chrome on ANDROID (51a5b69d350864e9562a2470b487b139)] -&gt; xpath: .//word], [[AndroidDriver: chrome on ANDROID (51a5b69d350864e9562a2470b487b139)] -&gt; xpath: .//word], [[AndroidDriver: chrome on ANDROID (51a5b69d350864e9562a2470b487b139)] -&gt; xpath: .//word], [[AndroidDriver: chrome on ANDROID (51a5b69d350864e9562a2470b487b139)] -&gt; xpath: .//word], [[AndroidDriver: chrome on ANDROID (51a5b69d350864e9562a2470b487b139)] -&gt; xpath: .//word], [[AndroidDriver: chrome on ANDROID (51a5b69d350864e9562a2470b487b139)] -&gt; xpath: .//word], [[AndroidDriver: chrome on ANDROID (51a5b69d350864e9562a2470b487b139)] -&gt; xpath: .//word], [[AndroidDriver: chrome on ANDROID (51a5b69d350864e9562a2470b487b139)] -&gt; xpath: .//word], [[AndroidDriver: chrome on ANDROID (51a5b69d350864e9562a2470b487b139)] -&gt; xpath: .//word], [[AndroidDriver: chrome on ANDROID (51a5b69d350864e9562a2470b487b139)] -&gt; xpath: .//word], [[AndroidDriver: chrome on ANDROID (51a5b69d350864e9562a2470b487b139)] -&gt; xpath: .//word], [[AndroidDriver: chrome on ANDROID (51a5b69d350864e9562a2470b487b139)] -&gt; xpath: .//word], [[AndroidDriver: chrome on ANDROID (51a5b69d350864e9562a2470b487b139)] -&gt; xpath: .//word], [[AndroidDriver: chrome on ANDROID (51a5b69d350864e9562a2470b487b139)] -&gt; xpath: .//word], [[AndroidDriver: chrome on ANDROID (51a5b69d350864e9562a2470b487b139)] -&gt; xpath: .//word], [[AndroidDriver: chrome on ANDROID (51a5b69d350864e9562a2470b487b139)] -&gt; xpath: .//word], [[AndroidDriver: chrome on ANDROID (51a5b69d350864e9562a2470b487b139)] -&gt; xpath: .//word], [[AndroidDriver: chrome on ANDROID (51a5b69d350864e9562a2470b487b139)] -&gt; xpath: .//word], [[AndroidDriver: chrome on ANDROID (51a5b69d350864e9562a2470b487b139)] -&gt; xpath: .//word], [[AndroidDriver: chrome on ANDROID (51a5b69d350864e9562a2470b487b139)] -&gt; xpath: .//word], [[AndroidDriver: chrome on ANDROID (51a5b69d350864e9562a2470b487b139)] -&gt; xpath: .//word], [[AndroidDriver: chrome on ANDROID (51a5b69d350864e9562a2470b487b139)] -&gt; xpath: .//word], [[AndroidDriver: chrome on ANDROID (51a5b69d350864e9562a2470b487b139)] -&gt; xpath: .//word], [[AndroidDriver: chrome on ANDROID (51a5b69d350864e9562a2470b487b139)] -&gt; xpath: .//word], [[AndroidDriver: chrome on ANDROID (51a5b69d350864e9562a2470b487b139)] -&gt; xpath: .//word], [[AndroidDriver: chrome on ANDROID (51a5b69d350864e9562a2470b487b139)] -&gt; xpath: .//word], [[AndroidDriver: chrome on ANDROID (51a5b69d350864e9562a2470b487b139)] -&gt; xpath: .//word], [[AndroidDriver: chrome on ANDROID (51a5b69d350864e9562a2470b487b139)] -&gt; xpath: .//word], [[AndroidDriver: chrome on ANDROID (51a5b69d350864e9562a2470b487b139)] -&gt; xpath: .//word], [[AndroidDriver: chrome on ANDROID (51a5b69d350864e9562a2470b487b139)] -&gt; xpath: .//word], [[AndroidDriver: chrome on ANDROID (51a5b69d350864e9562a2470b487b139)] -&gt; xpath: .//word], [[AndroidDriver: chrome on ANDROID (51a5b69d350864e9562a2470b487b139)] -&gt; xpath: .//word], [[AndroidDriver: chrome on ANDROID (51a5b69d350864e9562a2470b487b139)] -&gt; xpath: .//word], [[AndroidDriver: chrome on ANDROID (51a5b69d350864e9562a2470b487b139)] -&gt; xpath: .//word], [[AndroidDriver: chrome on ANDROID (51a5b69d350864e9562a2470b487b139)] -&gt; xpath: .//word], [[AndroidDriver: chrome on ANDROID (51a5b69d350864e9562a2470b487b139)] -&gt; xpath: .//word], [[AndroidDriver: chrome on ANDROID (51a5b69d350864e9562a2470b487b139)] -&gt; xpath: .//word], [[AndroidDriver: chrome on ANDROID (51a5b69d350864e9562a2470b487b139)] -&gt; xpath: .//word], [[AndroidDriver: chrome on ANDROID (51a5b69d350864e9562a2470b487b139)] -&gt; xpath: .//word], [[AndroidDriver: chrome on ANDROID (51a5b69d350864e9562a2470b487b139)] -&gt; xpath: .//word], [[AndroidDriver: chrome on ANDROID (51a5b69d350864e9562a2470b487b139)] -&gt; xpath: .//word], [[AndroidDriver: chrome on ANDROID (51a5b69d350864e9562a2470b487b139)] -&gt; xpath: .//word], [[AndroidDriver: chrome on ANDROID (51a5b69d350864e9562a2470b487b139)] -&gt; xpath: .//word], [[AndroidDriver: chrome on ANDROID (51a5b69d350864e9562a2470b487b139)] -&gt; xpath: .//word], [[AndroidDriver: chrome on ANDROID (51a5b69d350864e9562a2470b487b139)] -&gt; xpath: .//word], [[AndroidDriver: chrome on ANDROID (51a5b69d350864e9562a2470b487b139)] -&gt; xpath: .//word], [[AndroidDriver: chrome on ANDROID (51a5b69d350864e9562a2470b487b139)] -&gt; xpath: .//word], [[AndroidDriver: chrome on ANDROID (51a5b69d350864e9562a2470b487b139)] -&gt; xpath: .//word], [[AndroidDriver: chrome on ANDROID (51a5b69d350864e9562a2470b487b139)] -&gt; xpath: .//word], [[AndroidDriver: chrome on ANDROID (51a5b69d350864e9562a2470b487b139)] -&gt; xpath: .//word], [[AndroidDriver: chrome on ANDROID (51a5b69d350864e9562a2470b487b139)] -&gt; xpath: .//word], [[AndroidDriver: chrome on ANDROID (51a5b69d350864e9562a2470b487b139)] -&gt; xpath: .//word], [[AndroidDriver: chrome on ANDROID (51a5b69d350864e9562a2470b487b139)] -&gt; xpath: .//word], [[AndroidDriver: chrome on ANDROID (51a5b69d350864e9562a2470b487b139)] -&gt; xpath: .//word], [[AndroidDriver: chrome on ANDROID (51a5b69d350864e9562a2470b487b139)] -&gt; xpath: .//word], [[AndroidDriver: chrome on ANDROID (51a5b69d350864e9562a2470b487b139)] -&gt; xpath: .//word], [[AndroidDriver: chrome on ANDROID (51a5b69d350864e9562a2470b487b139)] -&gt; xpath: .//word], [[AndroidDriver: chrome on ANDROID (51a5b69d350864e9562a2470b487b139)] -&gt; xpath: .//word], [[AndroidDriver: chrome on ANDROID (51a5b69d350864e9562a2470b487b139)] -&gt; xpath: .//word], [[AndroidDriver: chrome on ANDROID (51a5b69d350864e9562a2470b487b139)] -&gt; xpath: .//word], [[AndroidDriver: chrome on ANDROID (51a5b69d350864e9562a2470b487b139)] -&gt; xpath: .//word], [[AndroidDriver: chrome on ANDROID (51a5b69d350864e9562a2470b487b139)] -&gt; xpath: .//word], [[AndroidDriver: chrome on ANDROID (51a5b69d350864e9562a2470b487b139)] -&gt; xpath: .//word], [[AndroidDriver: chrome on ANDROID (51a5b69d350864e9562a2470b487b139)] -&gt; xpath: .//word], [[AndroidDriver: chrome on ANDROID (51a5b69d350864e9562a2470b487b139)] -&gt; xpath: .//word], [[AndroidDriver: chrome on ANDROID (51a5b69d350864e9562a2470b487b139)] -&gt; xpath: .//word], [[AndroidDriver: chrome on ANDROID (51a5b69d350864e9562a2470b487b139)] -&gt; xpath: .//word], [[AndroidDriver: chrome on ANDROID (51a5b69d350864e9562a2470b487b139)] -&gt; xpath: .//word], [[AndroidDriver: chrome on ANDROID (51a5b69d350864e9562a2470b487b139)] -&gt; xpath: .//word], [[AndroidDriver: chrome on ANDROID (51a5b69d350864e9562a2470b487b139)] -&gt; xpath: .//word], [[AndroidDriver: chrome on ANDROID (51a5b69d350864e9562a2470b487b139)] -&gt; xpath: .//word], [[AndroidDriver: chrome on ANDROID (51a5b69d350864e9562a2470b487b139)] -&gt; xpath: .//word], [[AndroidDriver: chrome on ANDROID (51a5b69d350864e9562a2470b487b139)] -&gt; xpath: .//word], [[AndroidDriver: chrome on ANDROID (51a5b69d350864e9562a2470b487b139)] -&gt; xpath: .//word], [[AndroidDriver: chrome on ANDROID (51a5b69d350864e9562a2470b487b139)] -&gt; xpath: .//word], [[AndroidDriver: chrome on ANDROID (51a5b69d350864e9562a2470b487b139)] -&gt; xpath: .//word], [[AndroidDriver: chrome on ANDROID (51a5b69d350864e9562a2470b487b139)] -&gt; xpath: .//word], [[AndroidDriver: chrome on ANDROID (51a5b69d350864e9562a2470b487b139)] -&gt; xpath: .//word], [[AndroidDriver: chrome on ANDROID (51a5b69d350864e9562a2470b487b139)] -&gt; xpath: .//word], [[AndroidDriver: chrome on ANDROID (51a5b69d350864e9562a2470b487b139)] -&gt; xpath: .//word], [[AndroidDriver: chrome on ANDROID (51a5b69d350864e9562a2470b487b139)] -&gt; xpath: .//word], [[AndroidDriver: chrome on ANDROID (51a5b69d350864e9562a2470b487b139)] -&gt; xpath: .//word], [[AndroidDriver: chrome on ANDROID (51a5b69d350864e9562a2470b487b139)] -&gt; xpath: .//word], [[AndroidDriver: chrome on ANDROID (51a5b69d350864e9562a2470b487b139)] -&gt; xpath: .//word], [[AndroidDriver: chrome on ANDROID (51a5b69d350864e9562a2470b487b139)] -&gt; xpath: .//word], [[AndroidDriver: chrome on ANDROID (51a5b69d350864e9562a2470b487b139)] -&gt; xpath: .//word], [[AndroidDriver: chrome on ANDROID (51a5b69d350864e9562a2470b487b139)] -&gt; xpath: .//word], [[AndroidDriver: chrome on ANDROID (51a5b69d350864e9562a2470b487b139)] -&gt; xpath: .//word], [[AndroidDriver: chrome on ANDROID (51a5b69d350864e9562a2470b487b139)] -&gt; xpath: .//word], [[AndroidDriver: chrome on ANDROID (51a5b69d350864e9562a2470b487b139)] -&gt; xpath: .//word], [[AndroidDriver: chrome on ANDROID (51a5b69d350864e9562a2470b487b139)] -&gt; xpath: .//word], [[AndroidDriver: chrome on ANDROID (51a5b69d350864e9562a2470b487b139)] -&gt; xpath: .//word], [[AndroidDriver: chrome on ANDROID (51a5b69d350864e9562a2470b487b139)] -&gt; xpath: .//word], [[AndroidDriver: chrome on ANDROID (51a5b69d350864e9562a2470b487b139)] -&gt; xpath: .//word], [[AndroidDriver: chrome on ANDROID (51a5b69d350864e9562a2470b487b139)] -&gt; xpath: .//word], [[AndroidDriver: chrome on ANDROID (51a5b69d350864e9562a2470b487b139)] -&gt; xpath: .//word], [[AndroidDriver: chrome on ANDROID (51a5b69d350864e9562a2470b487b139)] -&gt; xpath: .//word], [[AndroidDriver: chrome on ANDROID (51a5b69d350864e9562a2470b487b139)] -&gt; xpath: .//word], [[AndroidDriver: chrome on ANDROID (51a5b69d350864e9562a2470b487b139)] -&gt; xpath: .//word], [[AndroidDriver: chrome on ANDROID (51a5b69d350864e9562a2470b487b139)] -&gt; xpath: .//word], [[AndroidDriver: chrome on ANDROID (51a5b69d350864e9562a2470b487b139)] -&gt; xpath: .//word], [[AndroidDriver: chrome on ANDROID (51a5b69d350864e9562a2470b487b139)] -&gt; xpath: .//word], [[AndroidDriver: chrome on ANDROID (51a5b69d350864e9562a2470b487b139)] -&gt; xpath: .//word], [[AndroidDriver: chrome on ANDROID (51a5b69d350864e9562a2470b487b139)] -&gt; xpath: .//word], [[AndroidDriver: chrome on ANDROID (51a5b69d350864e9562a2470b487b139)] -&gt; xpath: .//word], [[AndroidDriver: chrome on ANDROID (51a5b69d350864e9562a2470b487b139)] -&gt; xpath: .//word], [[AndroidDriver: chrome on ANDROID (51a5b69d350864e9562a2470b487b139)] -&gt; xpath: .//word], [[AndroidDriver: chrome on ANDROID (51a5b69d350864e9562a2470b487b139)] -&gt; xpath: .//word], [[AndroidDriver: chrome on ANDROID (51a5b69d350864e9562a2470b487b139)] -&gt; xpath: .//word], [[AndroidDriver: chrome on ANDROID (51a5b69d350864e9562a2470b487b139)] -&gt; xpath: .//word], [[AndroidDriver: chrome on ANDROID (51a5b69d350864e9562a2470b487b139)] -&gt; xpath: .//word], [[AndroidDriver: chrome on ANDROID (51a5b69d350864e9562a2470b487b139)] -&gt; xpath: .//word], [[AndroidDriver: chrome on ANDROID (51a5b69d350864e9562a2470b487b139)] -&gt; xpath: .//word], [[AndroidDriver: chrome on ANDROID (51a5b69d350864e9562a2470b487b139)] -&gt; xpath: .//word], [[AndroidDriver: chrome on ANDROID (51a5b69d350864e9562a2470b487b139)] -&gt; xpath: .//word], [[AndroidDriver: chrome on ANDROID (51a5b69d350864e9562a2470b487b139)] -&gt; xpath: .//word], [[AndroidDriver: chrome on ANDROID (51a5b69d350864e9562a2470b487b139)] -&gt; xpath: .//word], [[AndroidDriver: chrome on ANDROID (51a5b69d350864e9562a2470b487b139)] -&gt; xpath: .//word], [[AndroidDriver: chrome on ANDROID (51a5b69d350864e9562a2470b487b139)] -&gt; xpath: .//word], [[AndroidDriver: chrome on ANDROID (51a5b69d350864e9562a2470b487b139)] -&gt; xpath: .//word], [[AndroidDriver: chrome on ANDROID (51a5b69d350864e9562a2470b487b139)] -&gt; xpath: .//word], [[AndroidDriver: chrome on ANDROID (51a5b69d350864e9562a2470b487b139)] -&gt; xpath: .//word], [[AndroidDriver: chrome on ANDROID (51a5b69d350864e9562a2470b487b139)] -&gt; xpath: .//word], [[AndroidDriver: chrome on ANDROID (51a5b69d350864e9562a2470b487b139)] -&gt; xpath: .//word], [[AndroidDriver: chrome on ANDROID (51a5b69d350864e9562a2470b487b139)] -&gt; xpath: .//word], [[AndroidDriver: chrome on ANDROID (51a5b69d350864e9562a2470b487b139)] -&gt; xpath: .//word], [[AndroidDriver: chrome on ANDROID (51a5b69d350864e9562a2470b487b139)] -&gt; xpath: .//word], [[AndroidDriver: chrome on ANDROID (51a5b69d350864e9562a2470b487b139)] -&gt; xpath: .//word], [[AndroidDriver: chrome on ANDROID (51a5b69d350864e9562a2470b487b139)] -&gt; xpath: .//word], [[AndroidDriver: chrome on ANDROID (51a5b69d350864e9562a2470b487b139)] -&gt; xpath: .//word], [[AndroidDriver: chrome on ANDROID (51a5b69d350864e9562a2470b487b139)] -&gt; xpath: .//word], [[AndroidDriver: chrome on ANDROID (51a5b69d350864e9562a2470b487b139)] -&gt; xpath: .//word], [[AndroidDriver: chrome on ANDROID (51a5b69d350864e9562a2470b487b139)] -&gt; xpath: .//word], [[AndroidDriver: chrome on ANDROID (51a5b69d350864e9562a2470b487b139)] -&gt; xpath: .//word], [[AndroidDriver: chrome on ANDROID (51a5b69d350864e9562a2470b487b139)] -&gt; xpath: .//word], [[AndroidDriver: chrome on ANDROID (51a5b69d350864e9562a2470b487b139)] -&gt; xpath: .//word], [[AndroidDriver: chrome on ANDROID (51a5b69d350864e9562a2470b487b139)] -&gt; xpath: .//word], [[AndroidDriver: chrome on ANDROID (51a5b69d350864e9562a2470b487b139)] -&gt; xpath: .//word], [[AndroidDriver: chrome on ANDROID (51a5b69d350864e9562a2470b487b139)] -&gt; xpath: .//word], [[AndroidDriver: chrome on ANDROID (51a5b69d350864e9562a2470b487b139)] -&gt; xpath: .//word], [[AndroidDriver: chrome on ANDROID (51a5b69d350864e9562a2470b487b139)] -&gt; xpath: .//word], [[AndroidDriver: chrome on ANDROID (51a5b69d350864e9562a2470b487b139)] -&gt; xpath: .//word], [[AndroidDriver: chrome on ANDROID (51a5b69d350864e9562a2470b487b139)] -&gt; xpath: .//word], [[AndroidDriver: chrome on ANDROID (51a5b69d350864e9562a2470b487b139)] -&gt; xpath: .//word], [[AndroidDriver: chrome on ANDROID (51a5b69d350864e9562a2470b487b139)] -&gt; xpath: .//word], [[AndroidDriver: chrome on ANDROID (51a5b69d350864e9562a2470b487b139)] -&gt; xpath: .//word], [[AndroidDriver: chrome on ANDROID (51a5b69d350864e9562a2470b487b139)] -&gt; xpath: .//word], [[AndroidDriver: chrome on ANDROID (51a5b69d350864e9562a2470b487b139)] -&gt; xpath: .//word], [[AndroidDriver: chrome on ANDROID (51a5b69d350864e9562a2470b487b139)] -&gt; xpath: .//word], [[AndroidDriver: chrome on ANDROID (51a5b69d350864e9562a2470b487b139)] -&gt; xpath: .//word], [[AndroidDriver: chrome on ANDROID (51a5b69d350864e9562a2470b487b139)] -&gt; xpath: .//word], [[AndroidDriver: chrome on ANDROID (51a5b69d350864e9562a2470b487b139)] -&gt; xpath: .//word], [[AndroidDriver: chrome on ANDROID (51a5b69d350864e9562a2470b487b139)] -&gt; xpath: .//word], [[AndroidDriver: chrome on ANDROID (51a5b69d350864e9562a2470b487b139)] -&gt; xpath: .//word], [[AndroidDriver: chrome on ANDROID (51a5b69d350864e9562a2470b487b139)] -&gt; xpath: .//word], [[AndroidDriver: chrome on ANDROID (51a5b69d350864e9562a2470b487b139)] -&gt; xpath: .//word], [[AndroidDriver: chrome on ANDROID (51a5b69d350864e9562a2470b487b139)] -&gt; xpath: .//word], [[AndroidDriver: chrome on ANDROID (51a5b69d350864e9562a2470b487b139)] -&gt; xpath: .//word], [[AndroidDriver: chrome on ANDROID (51a5b69d350864e9562a2470b487b139)] -&gt; xpath: .//word], [[AndroidDriver: chrome on ANDROID (51a5b69d350864e9562a2470b487b139)] -&gt; xpath: .//word], [[AndroidDriver: chrome on ANDROID (51a5b69d350864e9562a2470b487b139)] -&gt; xpath: .//word], [[AndroidDriver: chrome on ANDROID (51a5b69d350864e9562a2470b487b139)] -&gt; xpath: .//word], [[AndroidDriver: chrome on ANDROID (51a5b69d350864e9562a2470b487b139)] -&gt; xpath: .//word], [[AndroidDriver: chrome on ANDROID (51a5b69d350864e9562a2470b487b139)] -&gt; xpath: .//word], [[AndroidDriver: chrome on ANDROID (51a5b69d350864e9562a2470b487b139)] -&gt; xpath: .//word], [[AndroidDriver: chrome on ANDROID (51a5b69d350864e9562a2470b487b139)] -&gt; xpath: .//word], [[AndroidDriver: chrome on ANDROID (51a5b69d350864e9562a2470b487b139)] -&gt; xpath: .//word], [[AndroidDriver: chrome on ANDROID (51a5b69d350864e9562a2470b487b139)] -&gt; xpath: .//word], [[AndroidDriver: chrome on ANDROID (51a5b69d350864e9562a2470b487b139)] -&gt; xpath: .//word], [[AndroidDriver: chrome on ANDROID (51a5b69d350864e9562a2470b487b139)] -&gt; xpath: .//word], [[AndroidDriver: chrome on ANDROID (51a5b69d350864e9562a2470b487b139)] -&gt; xpath: .//word], [[AndroidDriver: chrome on ANDROID (51a5b69d350864e9562a2470b487b139)] -&gt; xpath: .//word], [[AndroidDriver: chrome on ANDROID (51a5b69d350864e9562a2470b487b139)] -&gt; xpath: .//word], [[AndroidDriver: chrome on ANDROID (51a5b69d350864e9562a2470b487b139)] -&gt; xpath: .//word], [[AndroidDriver: chrome on ANDROID (51a5b69d350864e9562a2470b487b139)] -&gt; xpath: .//word], [[AndroidDriver: chrome on ANDROID (51a5b69d350864e9562a2470b487b139)] -&gt; xpath: .//word], [[AndroidDriver: chrome on ANDROID (51a5b69d350864e9562a2470b487b139)] -&gt; xpath: .//word], [[AndroidDriver: chrome on ANDROID (51a5b69d350864e9562a2470b487b139)] -&gt; xpath: .//word], [[AndroidDriver: chrome on ANDROID (51a5b69d350864e9562a2470b487b139)] -&gt; xpath: .//word], [[AndroidDriver: chrome on ANDROID (51a5b69d350864e9562a2470b487b139)] -&gt; xpath: .//word], [[AndroidDriver: chrome on ANDROID (51a5b69d350864e9562a2470b487b139)] -&gt; xpath: .//word], [[AndroidDriver: chrome on ANDROID (51a5b69d350864e9562a2470b487b139)] -&gt; xpath: .//word], [[AndroidDriver: chrome on ANDROID (51a5b69d350864e9562a2470b487b139)] -&gt; xpath: .//word], [[AndroidDriver: chrome on ANDROID (51a5b69d350864e9562a2470b487b139)] -&gt; xpath: .//word], [[AndroidDriver: chrome on ANDROID (51a5b69d350864e9562a2470b487b139)] -&gt; xpath: .//word], [[AndroidDriver: chrome on ANDROID (51a5b69d350864e9562a2470b487b139)] -&gt; xpath: .//word], [[AndroidDriver: chrome on ANDROID (51a5b69d350864e9562a2470b487b139)] -&gt; xpath: .//word], [[AndroidDriver: chrome on ANDROID (51a5b69d350864e9562a2470b487b139)] -&gt; xpath: .//word], [[AndroidDriver: chrome on ANDROID (51a5b69d350864e9562a2470b487b139)] -&gt; xpath: .//word], [[AndroidDriver: chrome on ANDROID (51a5b69d350864e9562a2470b487b139)] -&gt; xpath: .//word], [[AndroidDriver: chrome on ANDROID (51a5b69d350864e9562a2470b487b139)] -&gt; xpath: .//word], [[AndroidDriver: chrome on ANDROID (51a5b69d350864e9562a2470b487b139)] -&gt; xpath: .//word], [[AndroidDriver: chrome on ANDROID (51a5b69d350864e9562a2470b487b139)] -&gt; xpath: .//word], [[AndroidDriver: chrome on ANDROID (51a5b69d350864e9562a2470b487b139)] -&gt; xpath: .//word], [[AndroidDriver: chrome on ANDROID (51a5b69d350864e9562a2470b487b139)] -&gt; xpath: .//word], [[AndroidDriver: chrome on ANDROID (51a5b69d350864e9562a2470b487b139)] -&gt; xpath: .//word], [[AndroidDriver: chrome on ANDROID (51a5b69d350864e9562a2470b487b139)] -&gt; xpath: .//word], [[AndroidDriver: chrome on ANDROID (51a5b69d350864e9562a2470b487b139)] -&gt; xpath: .//word], [[AndroidDriver: chrome on ANDROID (51a5b69d350864e9562a2470b487b139)] -&gt; xpath: .//word], [[AndroidDriver: chrome on ANDROID (51a5b69d350864e9562a2470b487b139)] -&gt; xpath: .//word], [[AndroidDriver: chrome on ANDROID (51a5b69d350864e9562a2470b487b139)] -&gt; xpath: .//word], [[AndroidDriver: chrome on ANDROID (51a5b69d350864e9562a2470b487b139)] -&gt; xpath: .//word], [[AndroidDriver: chrome on ANDROID (51a5b69d350864e9562a2470b487b139)] -&gt; xpath: .//word], [[AndroidDriver: chrome on ANDROID (51a5b69d350864e9562a2470b487b139)] -&gt; xpath: .//word], [[AndroidDriver: chrome on ANDROID (51a5b69d350864e9562a2470b487b139)] -&gt; xpath: .//word], [[AndroidDriver: chrome on ANDROID (51a5b69d350864e9562a2470b487b139)] -&gt; xpath: .//word], [[AndroidDriver: chrome on ANDROID (51a5b69d350864e9562a2470b487b139)] -&gt; xpath: .//word], [[AndroidDriver: chrome on ANDROID (51a5b69d350864e9562a2470b487b139)] -&gt; xpath: .//word], [[AndroidDriver: chrome on ANDROID (51a5b69d350864e9562a2470b487b139)] -&gt; xpath: .//word], [[AndroidDriver: chrome on ANDROID (51a5b69d350864e9562a2470b487b139)] -&gt; xpath: .//word], [[AndroidDriver: chrome on ANDROID (51a5b69d350864e9562a2470b487b139)] -&gt; xpath: .//word], [[AndroidDriver: chrome on ANDROID (51a5b69d350864e9562a2470b487b139)] -&gt; xpath: .//word], [[AndroidDriver: chrome on ANDROID (51a5b69d350864e9562a2470b487b139)] -&gt; xpath: .//word], [[AndroidDriver: chrome on ANDROID (51a5b69d350864e9562a2470b487b139)] -&gt; xpath: .//word], [[AndroidDriver: chrome on ANDROID (51a5b69d350864e9562a2470b487b139)] -&gt; xpath: .//word], [[AndroidDriver: chrome on ANDROID (51a5b69d350864e9562a2470b487b139)] -&gt; xpath: .//word], [[AndroidDriver: chrome on ANDROID (51a5b69d350864e9562a2470b487b139)] -&gt; xpath: .//word], [[AndroidDriver: chrome on ANDROID (51a5b69d350864e9562a2470b487b139)] -&gt; xpath: .//word], [[AndroidDriver: chrome on ANDROID (51a5b69d350864e9562a2470b487b139)] -&gt; xpath: .//word], [[AndroidDriver: chrome on ANDROID (51a5b69d350864e9562a2470b487b139)] -&gt; xpath: .//word], [[AndroidDriver: chrome on ANDROID (51a5b69d350864e9562a2470b487b139)] -&gt; xpath: .//word], [[AndroidDriver: chrome on ANDROID (51a5b69d350864e9562a2470b487b139)] -&gt; xpath: .//word], [[AndroidDriver: chrome on ANDROID (51a5b69d350864e9562a2470b487b139)] -&gt; xpath: .//word], [[AndroidDriver: chrome on ANDROID (51a5b69d350864e9562a2470b487b139)] -&gt; xpath: .//word], [[AndroidDriver: chrome on ANDROID (51a5b69d350864e9562a2470b487b139)] -&gt; xpath: .//word], [[AndroidDriver: chrome on ANDROID (51a5b69d350864e9562a2470b487b139)] -&gt; xpath: .//word], [[AndroidDriver: chrome on ANDROID (51a5b69d350864e9562a2470b487b139)] -&gt; xpath: .//word], [[AndroidDriver: chrome on ANDROID (51a5b69d350864e9562a2470b487b139)] -&gt; xpath: .//word], [[AndroidDriver: chrome on ANDROID (51a5b69d350864e9562a2470b487b139)] -&gt; xpath: .//word], [[AndroidDriver: chrome on ANDROID (51a5b69d350864e9562a2470b487b139)] -&gt; xpath: .//word], [[AndroidDriver: chrome on ANDROID (51a5b69d350864e9562a2470b487b139)] -&gt; xpath: .//word], [[AndroidDriver: chrome on ANDROID (51a5b69d350864e9562a2470b487b139)] -&gt; xpath: .//word], [[AndroidDriver: chrome on ANDROID (51a5b69d350864e9562a2470b487b139)] -&gt; xpath: .//word], [[AndroidDriver: chrome on ANDROID (51a5b69d350864e9562a2470b487b139)] -&gt; xpath: .//word], [[AndroidDriver: chrome on ANDROID (51a5b69d350864e9562a2470b487b139)] -&gt; xpath: .//word], [[AndroidDriver: chrome on ANDROID (51a5b69d350864e9562a2470b487b139)] -&gt; xpath: .//word], [[AndroidDriver: chrome on ANDROID (51a5b69d350864e9562a2470b487b139)] -&gt; xpath: .//word], [[AndroidDriver: chrome on ANDROID (51a5b69d350864e9562a2470b487b139)] -&gt; xpath: .//word], [[AndroidDriver: chrome on ANDROID (51a5b69d350864e9562a2470b487b139)] -&gt; xpath: .//word], [[AndroidDriver: chrome on ANDROID (51a5b69d350864e9562a2470b487b139)] -&gt; xpath: .//word], [[AndroidDriver: chrome on ANDROID (51a5b69d350864e9562a2470b487b139)] -&gt; xpath: .//word], [[AndroidDriver: chrome on ANDROID (51a5b69d350864e9562a2470b487b139)] -&gt; xpath: .//word], [[AndroidDriver: chrome on ANDROID (51a5b69d350864e9562a2470b487b139)] -&gt; xpath: .//word], [[AndroidDriver: chrome on ANDROID (51a5b69d350864e9562a2470b487b139)] -&gt; xpath: .//word], [[AndroidDriver: chrome on ANDROID (51a5b69d350864e9562a2470b487b139)] -&gt; xpath: .//word], [[AndroidDriver: chrome on ANDROID (51a5b69d350864e9562a2470b487b139)] -&gt; xpath: .//word], [[AndroidDriver: chrome on ANDROID (51a5b69d350864e9562a2470b487b139)] -&gt; xpath: .//word], [[AndroidDriver: chrome on ANDROID (51a5b69d350864e9562a2470b487b139)] -&gt; xpath: .//word], [[AndroidDriver: chrome on ANDROID (51a5b69d350864e9562a2470b487b139)] -&gt; xpath: .//word], [[AndroidDriver: chrome on ANDROID (51a5b69d350864e9562a2470b487b139)] -&gt; xpath: .//word], [[AndroidDriver: chrome on ANDROID (51a5b69d350864e9562a2470b487b139)] -&gt; xpath: .//word], [[AndroidDriver: chrome on ANDROID (51a5b69d350864e9562a2470b487b139)] -&gt; xpath: .//word], [[AndroidDriver: chrome on ANDROID (51a5b69d350864e9562a2470b487b139)] -&gt; xpath: .//word], [[AndroidDriver: chrome on ANDROID (51a5b69d350864e9562a2470b487b139)] -&gt; xpath: .//word], [[AndroidDriver: chrome on ANDROID (51a5b69d350864e9562a2470b487b139)] -&gt; xpath: .//word], [[AndroidDriver: chrome on ANDROID (51a5b69d350864e9562a2470b487b139)] -&gt; xpath: .//word], [[AndroidDriver: chrome on ANDROID (51a5b69d350864e9562a2470b487b139)] -&gt; xpath: .//word], [[AndroidDriver: chrome on ANDROID (51a5b69d350864e9562a2470b487b139)] -&gt; xpath: .//word], [[AndroidDriver: chrome on ANDROID (51a5b69d350864e9562a2470b487b139)] -&gt; xpath: .//word], [[AndroidDriver: chrome on ANDROID (51a5b69d350864e9562a2470b487b139)] -&gt; xpath: .//word], [[AndroidDriver: chrome on ANDROID (51a5b69d350864e9562a2470b487b139)] -&gt; xpath: .//word], [[AndroidDriver: chrome on ANDROID (51a5b69d350864e9562a2470b487b139)] -&gt; xpath: .//word], [[AndroidDriver: chrome on ANDROID (51a5b69d350864e9562a2470b487b139)] -&gt; xpath: .//word], [[AndroidDriver: chrome on ANDROID (51a5b69d350864e9562a2470b487b139)] -&gt; xpath: .//word], [[AndroidDriver: chrome on ANDROID (51a5b69d350864e9562a2470b487b139)] -&gt; xpath: .//word], [[AndroidDriver: chrome on ANDROID (51a5b69d350864e9562a2470b487b139)] -&gt; xpath: .//word], [[AndroidDriver: chrome on ANDROID (51a5b69d350864e9562a2470b487b139)] -&gt; xpath: .//word], [[AndroidDriver: chrome on ANDROID (51a5b69d350864e9562a2470b487b139)] -&gt; xpath: .//word], [[AndroidDriver: chrome on ANDROID (51a5b69d350864e9562a2470b487b139)] -&gt; xpath: .//word], [[AndroidDriver: chrome on ANDROID (51a5b69d350864e9562a2470b487b139)] -&gt; xpath: .//word], [[AndroidDriver: chrome on ANDROID (51a5b69d350864e9562a2470b487b139)] -&gt; xpath: .//word], [[AndroidDriver: chrome on ANDROID (51a5b69d350864e9562a2470b487b139)] -&gt; xpath: .//word], [[AndroidDriver: chrome on ANDROID (51a5b69d350864e9562a2470b487b139)] -&gt; xpath: .//word], [[AndroidDriver: chrome on ANDROID (51a5b69d350864e9562a2470b487b139)] -&gt; xpath: .//word], [[AndroidDriver: chrome on ANDROID (51a5b69d350864e9562a2470b487b139)] -&gt; xpath: .//word], [[AndroidDriver: chrome on ANDROID (51a5b69d350864e9562a2470b487b139)] -&gt; xpath: .//word], [[AndroidDriver: chrome on ANDROID (51a5b69d350864e9562a2470b487b139)] -&gt; xpath: .//word], [[AndroidDriver: chrome on ANDROID (51a5b69d350864e9562a2470b487b139)] -&gt; xpath: .//word], [[AndroidDriver: chrome on ANDROID (51a5b69d350864e9562a2470b487b139)] -&gt; xpath: .//word], [[AndroidDriver: chrome on ANDROID (51a5b69d350864e9562a2470b487b139)] -&gt; xpath: .//word], [[AndroidDriver: chrome on ANDROID (51a5b69d350864e9562a2470b487b139)] -&gt; xpath: .//word], [[AndroidDriver: chrome on ANDROID (51a5b69d350864e9562a2470b487b139)] -&gt; xpath: .//word], [[AndroidDriver: chrome on ANDROID (51a5b69d350864e9562a2470b487b139)] -&gt; xpath: .//word], [[AndroidDriver: chrome on ANDROID (51a5b69d350864e9562a2470b487b139)] -&gt; xpath: .//word], [[AndroidDriver: chrome on ANDROID (51a5b69d350864e9562a2470b487b139)] -&gt; xpath: .//word], [[AndroidDriver: chrome on ANDROID (51a5b69d350864e9562a2470b487b139)] -&gt; xpath: .//word], [[AndroidDriver: chrome on ANDROID (51a5b69d350864e9562a2470b487b139)] -&gt; xpath: .//word], [[AndroidDriver: chrome on ANDROID (51a5b69d350864e9562a2470b487b139)] -&gt; xpath: .//word], [[AndroidDriver: chrome on ANDROID (51a5b69d350864e9562a2470b487b139)] -&gt; xpath: .//word], [[AndroidDriver: chrome on ANDROID (51a5b69d350864e9562a2470b487b139)] -&gt; xpath: .//word], [[AndroidDriver: chrome on ANDROID (51a5b69d350864e9562a2470b487b139)] -&gt; xpath: .//word], [[AndroidDriver: chrome on ANDROID (51a5b69d350864e9562a2470b487b139)] -&gt; xpath: .//word], [[AndroidDriver: chrome on ANDROID (51a5b69d350864e9562a2470b487b139)] -&gt; xpath: .//word], [[AndroidDriver: chrome on ANDROID (51a5b69d350864e9562a2470b487b139)] -&gt; xpath: .//word], [[AndroidDriver: chrome on ANDROID (51a5b69d350864e9562a2470b487b139)] -&gt; xpath: .//word], [[AndroidDriver: chrome on ANDROID (51a5b69d350864e9562a2470b487b139)] -&gt; xpath: .//word], [[AndroidDriver: chrome on ANDROID (51a5b69d350864e9562a2470b487b139)] -&gt; xpath: .//word], [[AndroidDriver: chrome on ANDROID (51a5b69d350864e9562a2470b487b139)] -&gt; xpath: .//word], [[AndroidDriver: chrome on ANDROID (51a5b69d350864e9562a2470b487b139)] -&gt; xpath: .//word], [[AndroidDriver: chrome on ANDROID (51a5b69d350864e9562a2470b487b139)] -&gt; xpath: .//word], [[AndroidDriver: chrome on ANDROID (51a5b69d350864e9562a2470b487b139)] -&gt; xpath: .//word], [[AndroidDriver: chrome on ANDROID (51a5b69d350864e9562a2470b487b139)] -&gt; xpath: .//word], [[AndroidDriver: chrome on ANDROID (51a5b69d350864e9562a2470b487b139)] -&gt; xpath: .//word], [[AndroidDriver: chrome on ANDROID (51a5b69d350864e9562a2470b487b139)] -&gt; xpath: .//word], [[AndroidDriver: chrome on ANDROID (51a5b69d350864e9562a2470b487b139)] -&gt; xpath: .//word], [[AndroidDriver: chrome on ANDROID (51a5b69d350864e9562a2470b487b139)] -&gt; xpath: .//word], [[AndroidDriver: chrome on ANDROID (51a5b69d350864e9562a2470b487b139)] -&gt; xpath: .//word], [[AndroidDriver: chrome on ANDROID (51a5b69d350864e9562a2470b487b139)] -&gt; xpath: .//word], [[AndroidDriver: chrome on ANDROID (51a5b69d350864e9562a2470b487b139)] -&gt; xpath: .//word], [[AndroidDriver: chrome on ANDROID (51a5b69d350864e9562a2470b487b139)] -&gt; xpath: .//word], [[AndroidDriver: chrome on ANDROID (51a5b69d350864e9562a2470b487b139)] -&gt; xpath: .//word], [[AndroidDriver: chrome on ANDROID (51a5b69d350864e9562a2470b487b139)] -&gt; xpath: .//word], [[AndroidDriver: chrome on ANDROID (51a5b69d350864e9562a2470b487b139)] -&gt; xpath: .//word], [[AndroidDriver: chrome on ANDROID (51a5b69d350864e9562a2470b487b139)] -&gt; xpath: .//word], [[AndroidDriver: chrome on ANDROID (51a5b69d350864e9562a2470b487b139)] -&gt; xpath: .//word], [[AndroidDriver: chrome on ANDROID (51a5b69d350864e9562a2470b487b139)] -&gt; xpath: .//word], [[AndroidDriver: chrome on ANDROID (51a5b69d350864e9562a2470b487b139)] -&gt; xpath: .//word], [[AndroidDriver: chrome on ANDROID (51a5b69d350864e9562a2470b487b139)] -&gt; xpath: .//word], [[AndroidDriver: chrome on ANDROID (51a5b69d350864e9562a2470b487b139)] -&gt; xpath: .//word], [[AndroidDriver: chrome on ANDROID (51a5b69d350864e9562a2470b487b139)] -&gt; xpath: .//word], [[AndroidDriver: chrome on ANDROID (51a5b69d350864e9562a2470b487b139)] -&gt; xpath: .//word], [[AndroidDriver: chrome on ANDROID (51a5b69d350864e9562a2470b487b139)] -&gt; xpath: .//word], [[AndroidDriver: chrome on ANDROID (51a5b69d350864e9562a2470b487b139)] -&gt; xpath: .//word], [[AndroidDriver: chrome on ANDROID (51a5b69d350864e9562a2470b487b139)] -&gt; xpath: .//word], [[AndroidDriver: chrome on ANDROID (51a5b69d350864e9562a2470b487b139)] -&gt; xpath: .//word], [[AndroidDriver: chrome on ANDROID (51a5b69d350864e9562a2470b487b139)] -&gt; xpath: .//word], [[AndroidDriver: chrome on ANDROID (51a5b69d350864e9562a2470b487b139)] -&gt; xpath: .//word], [[AndroidDriver: chrome on ANDROID (51a5b69d350864e9562a2470b487b139)] -&gt; xpath: .//word], [[AndroidDriver: chrome on ANDROID (51a5b69d350864e9562a2470b487b139)] -&gt; xpath: .//word], [[AndroidDriver: chrome on ANDROID (51a5b69d350864e9562a2470b487b139)] -&gt; xpath: .//word], [[AndroidDriver: chrome on ANDROID (51a5b69d350864e9562a2470b487b139)] -&gt; xpath: .//word], [[AndroidDriver: chrome on ANDROID (51a5b69d350864e9562a2470b487b139)] -&gt; xpath: .//word], [[AndroidDriver: chrome on ANDROID (51a5b69d350864e9562a2470b487b139)] -&gt; xpath: .//word], [[AndroidDriver: chrome on ANDROID (51a5b69d350864e9562a2470b487b139)] -&gt; xpath: .//word], [[AndroidDriver: chrome on ANDROID (51a5b69d350864e9562a2470b487b139)] -&gt; xpath: .//word], [[AndroidDriver: chrome on ANDROID (51a5b69d350864e9562a2470b487b139)] -&gt; xpath: .//word], [[AndroidDriver: chrome on ANDROID (51a5b69d350864e9562a2470b487b139)] -&gt; xpath: .//word], [[AndroidDriver: chrome on ANDROID (51a5b69d350864e9562a2470b487b139)] -&gt; xpath: .//word], [[AndroidDriver: chrome on ANDROID (51a5b69d350864e9562a2470b487b139)] -&gt; xpath: .//word], [[AndroidDriver: chrome on ANDROID (51a5b69d350864e9562a2470b487b139)] -&gt; xpath: .//word], [[AndroidDriver: chrome on ANDROID (51a5b69d350864e9562a2470b487b139)] -&gt; xpath: .//word], [[AndroidDriver: chrome on ANDROID (51a5b69d350864e9562a2470b487b139)] -&gt; xpath: .//word], [[AndroidDriver: chrome on ANDROID (51a5b69d350864e9562a2470b487b139)] -&gt; xpath: .//word], [[AndroidDriver: chrome on ANDROID (51a5b69d350864e9562a2470b487b139)] -&gt; xpath: .//word], [[AndroidDriver: chrome on ANDROID (51a5b69d350864e9562a2470b487b139)] -&gt; xpath: .//word], [[AndroidDriver: chrome on ANDROID (51a5b69d350864e9562a2470b487b139)] -&gt; xpath: .//word], [[AndroidDriver: chrome on ANDROID (51a5b69d350864e9562a2470b487b139)] -&gt; xpath: .//word], [[AndroidDriver: chrome on ANDROID (51a5b69d350864e9562a2470b487b139)] -&gt; xpath: .//word], [[AndroidDriver: chrome on ANDROID (51a5b69d350864e9562a2470b487b139)] -&gt; xpath: .//word], [[AndroidDriver: chrome on ANDROID (51a5b69d350864e9562a2470b487b139)] -&gt; xpath: .//word], [[AndroidDriver: chrome on ANDROID (51a5b69d350864e9562a2470b487b139)] -&gt; xpath: .//word], [[AndroidDriver: chrome on ANDROID (51a5b69d350864e9562a2470b487b139)] -&gt; xpath: .//word], [[AndroidDriver: chrome on ANDROID (51a5b69d350864e9562a2470b487b139)] -&gt; xpath: .//word], [[AndroidDriver: chrome on ANDROID (51a5b69d350864e9562a2470b487b139)] -&gt; xpath: .//word], [[AndroidDriver: chrome on ANDROID (51a5b69d350864e9562a2470b487b139)] -&gt; xpath: .//word], [[AndroidDriver: chrome on ANDROID (51a5b69d350864e9562a2470b487b139)] -&gt; xpath: .//word], [[AndroidDriver: chrome on ANDROID (51a5b69d350864e9562a2470b487b139)] -&gt; xpath: .//word], [[AndroidDriver: chrome on ANDROID (51a5b69d350864e9562a2470b487b139)] -&gt; xpath: .//word], [[AndroidDriver: chrome on ANDROID (51a5b69d350864e9562a2470b487b139)] -&gt; xpath: .//word], [[AndroidDriver: chrome on ANDROID (51a5b69d350864e9562a2470b487b139)] -&gt; xpath: .//word], [[AndroidDriver: chrome on ANDROID (51a5b69d350864e9562a2470b487b139)] -&gt; xpath: .//word], [[AndroidDriver: chrome on ANDROID (51a5b69d350864e9562a2470b487b139)] -&gt; xpath: .//word], [[AndroidDriver: chrome on ANDROID (51a5b69d350864e9562a2470b487b139)] -&gt; xpath: .//word], [[AndroidDriver: chrome on ANDROID (51a5b69d350864e9562a2470b487b139)] -&gt; xpath: .//word], [[AndroidDriver: chrome on ANDROID (51a5b69d350864e9562a2470b487b139)] -&gt; xpath: .//word], [[AndroidDriver: chrome on ANDROID (51a5b69d350864e9562a2470b487b139)] -&gt; xpath: .//word], [[AndroidDriver: chrome on ANDROID (51a5b69d350864e9562a2470b487b139)] -&gt; xpath: .//word], [[AndroidDriver: chrome on ANDROID (51a5b69d350864e9562a2470b487b139)] -&gt; xpath: .//word], [[AndroidDriver: chrome on ANDROID (51a5b69d350864e9562a2470b487b139)] -&gt; xpath: .//word], [[AndroidDriver: chrome on ANDROID (51a5b69d350864e9562a2470b487b139)] -&gt; xpath: .//word], [[AndroidDriver: chrome on ANDROID (51a5b69d350864e9562a2470b487b139)] -&gt; xpath: .//word], [[AndroidDriver: chrome on ANDROID (51a5b69d350864e9562a2470b487b139)] -&gt; xpath: .//word], [[AndroidDriver: chrome on ANDROID (51a5b69d350864e9562a2470b487b139)] -&gt; xpath: .//word], [[AndroidDriver: chrome on ANDROID (51a5b69d350864e9562a2470b487b139)] -&gt; xpath: .//word], [[AndroidDriver: chrome on ANDROID (51a5b69d350864e9562a2470b487b139)] -&gt; xpath: .//word], [[AndroidDriver: chrome on ANDROID (51a5b69d350864e9562a2470b487b139)] -&gt; xpath: .//word], [[AndroidDriver: chrome on ANDROID (51a5b69d350864e9562a2470b487b139)] -&gt; xpath: .//word], [[AndroidDriver: chrome on ANDROID (51a5b69d350864e9562a2470b487b139)] -&gt; xpath: .//word], [[AndroidDriver: chrome on ANDROID (51a5b69d350864e9562a2470b487b139)] -&gt; xpath: .//word], [[AndroidDriver: chrome on ANDROID (51a5b69d350864e9562a2470b487b139)] -&gt; xpath: .//word], [[AndroidDriver: chrome on ANDROID (51a5b69d350864e9562a2470b487b139)] -&gt; xpath: .//word], [[AndroidDriver: chrome on ANDROID (51a5b69d350864e9562a2470b487b139)] -&gt; xpath: .//word], [[AndroidDriver: chrome on ANDROID (51a5b69d350864e9562a2470b487b139)] -&gt; xpath: .//word], [[AndroidDriver: chrome on ANDROID (51a5b69d350864e9562a2470b487b139)] -&gt; xpath: .//word], [[AndroidDriver: chrome on ANDROID (51a5b69d350864e9562a2470b487b139)] -&gt; xpath: .//word], [[AndroidDriver: chrome on ANDROID (51a5b69d350864e9562a2470b487b139)] -&gt; xpath: .//word], [[AndroidDriver: chrome on ANDROID (51a5b69d350864e9562a2470b487b139)] -&gt; xpath: .//word], [[AndroidDriver: chrome on ANDROID (51a5b69d350864e9562a2470b487b139)] -&gt; xpath: .//word], [[AndroidDriver: chrome on ANDROID (51a5b69d350864e9562a2470b487b139)] -&gt; xpath: .//word], [[AndroidDriver: chrome on ANDROID (51a5b69d350864e9562a2470b487b139)] -&gt; xpath: .//word], [[AndroidDriver: chrome on ANDROID (51a5b69d350864e9562a2470b487b139)] -&gt; xpath: .//word], [[AndroidDriver: chrome on ANDROID (51a5b69d350864e9562a2470b487b139)] -&gt; xpath: .//word], [[AndroidDriver: chrome on ANDROID (51a5b69d350864e9562a2470b487b139)] -&gt; xpath: .//word], [[AndroidDriver: chrome on ANDROID (51a5b69d350864e9562a2470b487b139)] -&gt; xpath: .//word], [[AndroidDriver: chrome on ANDROID (51a5b69d350864e9562a2470b487b139)] -&gt; xpath: .//word], [[AndroidDriver: chrome on ANDROID (51a5b69d350864e9562a2470b487b139)] -&gt; xpath: .//word], [[AndroidDriver: chrome on ANDROID (51a5b69d350864e9562a2470b487b139)] -&gt; xpath: .//word], [[AndroidDriver: chrome on ANDROID (51a5b69d350864e9562a2470b487b139)] -&gt; xpath: .//word], [[AndroidDriver: chrome on ANDROID (51a5b69d350864e9562a2470b487b139)] -&gt; xpath: .//word], [[AndroidDriver: chrome on ANDROID (51a5b69d350864e9562a2470b487b139)] -&gt; xpath: .//word], [[AndroidDriver: chrome on ANDROID (51a5b69d350864e9562a2470b487b139)] -&gt; xpath: .//word], [[AndroidDriver: chrome on ANDROID (51a5b69d350864e9562a2470b487b139)] -&gt; xpath: .//word], [[AndroidDriver: chrome on ANDROID (51a5b69d350864e9562a2470b487b139)] -&gt; xpath: .//word], [[AndroidDriver: chrome on ANDROID (51a5b69d350864e9562a2470b487b139)] -&gt; xpath: .//word], [[AndroidDriver: chrome on ANDROID (51a5b69d350864e9562a2470b487b139)] -&gt; xpath: .//word], [[AndroidDriver: chrome on ANDROID (51a5b69d350864e9562a2470b487b139)] -&gt; xpath: .//word], [[AndroidDriver: chrome on ANDROID (51a5b69d350864e9562a2470b487b139)] -&gt; xpath: .//word], [[AndroidDriver: chrome on ANDROID (51a5b69d350864e9562a2470b487b139)] -&gt; xpath: .//word], [[AndroidDriver: chrome on ANDROID (51a5b69d350864e9562a2470b487b139)] -&gt; xpath: .//word], [[AndroidDriver: chrome on ANDROID (51a5b69d350864e9562a2470b487b139)] -&gt; xpath: .//word], [[AndroidDriver: chrome on ANDROID (51a5b69d350864e9562a2470b487b139)] -&gt; xpath: .//word], [[AndroidDriver: chrome on ANDROID (51a5b69d350864e9562a2470b487b139)] -&gt; xpath: .//word], [[AndroidDriver: chrome on ANDROID (51a5b69d350864e9562a2470b487b139)] -&gt; xpath: .//word], [[AndroidDriver: chrome on ANDROID (51a5b69d350864e9562a2470b487b139)] -&gt; xpath: .//word], [[AndroidDriver: chrome on ANDROID (51a5b69d350864e9562a2470b487b139)] -&gt; xpath: .//word], [[AndroidDriver: chrome on ANDROID (51a5b69d350864e9562a2470b487b139)] -&gt; xpath: .//word], [[AndroidDriver: chrome on ANDROID (51a5b69d350864e9562a2470b487b139)] -&gt; xpath: .//word], [[AndroidDriver: chrome on ANDROID (51a5b69d350864e9562a2470b487b139)] -&gt; xpath: .//word], [[AndroidDriver: chrome on ANDROID (51a5b69d350864e9562a2470b487b139)] -&gt; xpath: .//word], [[AndroidDriver: chrome on ANDROID (51a5b69d350864e9562a2470b487b139)] -&gt; xpath: .//word], [[AndroidDriver: chrome on ANDROID (51a5b69d350864e9562a2470b487b139)] -&gt; xpath: .//word], [[AndroidDriver: chrome on ANDROID (51a5b69d350864e9562a2470b487b139)] -&gt; xpath: .//word], [[AndroidDriver: chrome on ANDROID (51a5b69d350864e9562a2470b487b139)] -&gt; xpath: .//word], [[AndroidDriver: chrome on ANDROID (51a5b69d350864e9562a2470b487b139)] -&gt; xpath: .//word], [[AndroidDriver: chrome on ANDROID (51a5b69d350864e9562a2470b487b139)] -&gt; xpath: .//word], [[AndroidDriver: chrome on ANDROID (51a5b69d350864e9562a2470b487b139)] -&gt; xpath: .//word], [[AndroidDriver: chrome on ANDROID (51a5b69d350864e9562a2470b487b139)] -&gt; xpath: .//word], [[AndroidDriver: chrome on ANDROID (51a5b69d350864e9562a2470b487b139)] -&gt; xpath: .//word], [[AndroidDriver: chrome on ANDROID (51a5b69d350864e9562a2470b487b139)] -&gt; xpath: .//word], [[AndroidDriver: chrome on ANDROID (51a5b69d350864e9562a2470b487b139)] -&gt; xpath: .//word], [[AndroidDriver: chrome on ANDROID (51a5b69d350864e9562a2470b487b139)] -&gt; xpath: .//word], [[AndroidDriver: chrome on ANDROID (51a5b69d350864e9562a2470b487b139)] -&gt; xpath: .//word], [[AndroidDriver: chrome on ANDROID (51a5b69d350864e9562a2470b487b139)] -&gt; xpath: .//word], [[AndroidDriver: chrome on ANDROID (51a5b69d350864e9562a2470b487b139)] -&gt; xpath: .//word], [[AndroidDriver: chrome on ANDROID (51a5b69d350864e9562a2470b487b139)] -&gt; xpath: .//word], [[AndroidDriver: chrome on ANDROID (51a5b69d350864e9562a2470b487b139)] -&gt; xpath: .//word], [[AndroidDriver: chrome on ANDROID (51a5b69d350864e9562a2470b487b139)] -&gt; xpath: .//word], [[AndroidDriver: chrome on ANDROID (51a5b69d350864e9562a2470b487b139)] -&gt; xpath: .//word], [[AndroidDriver: chrome on ANDROID (51a5b69d350864e9562a2470b487b139)] -&gt; xpath: .//word], [[AndroidDriver: chrome on ANDROID (51a5b69d350864e9562a2470b487b139)] -&gt; xpath: .//word], [[AndroidDriver: chrome on ANDROID (51a5b69d350864e9562a2470b487b139)] -&gt; xpath: .//word], [[AndroidDriver: chrome on ANDROID (51a5b69d350864e9562a2470b487b139)] -&gt; xpath: .//word], [[AndroidDriver: chrome on ANDROID (51a5b69d350864e9562a2470b487b139)] -&gt; xpath: .//word], [[AndroidDriver: chrome on ANDROID (51a5b69d350864e9562a2470b487b139)] -&gt; xpath: .//word], [[AndroidDriver: chrome on ANDROID (51a5b69d350864e9562a2470b487b139)] -&gt; xpath: .//word], [[AndroidDriver: chrome on ANDROID (51a5b69d350864e9562a2470b487b139)] -&gt; xpath: .//word], [[AndroidDriver: chrome on ANDROID (51a5b69d350864e9562a2470b487b139)] -&gt; xpath: .//word], [[AndroidDriver: chrome on ANDROID (51a5b69d350864e9562a2470b487b139)] -&gt; xpath: .//word], [[AndroidDriver: chrome on ANDROID (51a5b69d350864e9562a2470b487b139)] -&gt; xpath: .//word], [[AndroidDriver: chrome on ANDROID (51a5b69d350864e9562a2470b487b139)] -&gt; xpath: .//word], [[AndroidDriver: chrome on ANDROID (51a5b69d350864e9562a2470b487b139)] -&gt; xpath: .//word], [[AndroidDriver: chrome on ANDROID (51a5b69d350864e9562a2470b487b139)] -&gt; xpath: .//word], [[AndroidDriver: chrome on ANDROID (51a5b69d350864e9562a2470b487b139)] -&gt; xpath: .//word], [[AndroidDriver: chrome on ANDROID (51a5b69d350864e9562a2470b487b139)] -&gt; xpath: .//word], [[AndroidDriver: chrome on ANDROID (51a5b69d350864e9562a2470b487b139)] -&gt; xpath: .//word], [[AndroidDriver: chrome on ANDROID (51a5b69d350864e9562a2470b487b139)] -&gt; xpath: .//word], [[AndroidDriver: chrome on ANDROID (51a5b69d350864e9562a2470b487b139)] -&gt; xpath: .//word], [[AndroidDriver: chrome on ANDROID (51a5b69d350864e9562a2470b487b139)] -&gt; xpath: .//word], [[AndroidDriver: chrome on ANDROID (51a5b69d350864e9562a2470b487b139)] -&gt; xpath: .//word], [[AndroidDriver: chrome on ANDROID (51a5b69d350864e9562a2470b487b139)] -&gt; xpath: .//word], [[AndroidDriver: chrome on ANDROID (51a5b69d350864e9562a2470b487b139)] -&gt; xpath: .//word], [[AndroidDriver: chrome on ANDROID (51a5b69d350864e9562a2470b487b139)] -&gt; xpath: .//word], [[AndroidDriver: chrome on ANDROID (51a5b69d350864e9562a2470b487b139)] -&gt; xpath: .//word], [[AndroidDriver: chrome on ANDROID (51a5b69d350864e9562a2470b487b139)] -&gt; xpath: .//word], [[AndroidDriver: chrome on ANDROID (51a5b69d350864e9562a2470b487b139)] -&gt; xpath: .//word], [[AndroidDriver: chrome on ANDROID (51a5b69d350864e9562a2470b487b139)] -&gt; xpath: .//word], [[AndroidDriver: chrome on ANDROID (51a5b69d350864e9562a2470b487b139)] -&gt; xpath: .//word], [[AndroidDriver: chrome on ANDROID (51a5b69d350864e9562a2470b487b139)] -&gt; xpath: .//word], [[AndroidDriver: chrome on ANDROID (51a5b69d350864e9562a2470b487b139)] -&gt; xpath: .//word], [[AndroidDriver: chrome on ANDROID (51a5b69d350864e9562a2470b487b139)] -&gt; xpath: .//word], [[AndroidDriver: chrome on ANDROID (51a5b69d350864e9562a2470b487b139)] -&gt; xpath: .//word], [[AndroidDriver: chrome on ANDROID (51a5b69d350864e9562a2470b487b139)] -&gt; xpath: .//word], [[AndroidDriver: chrome on ANDROID (51a5b69d350864e9562a2470b487b139)] -&gt; xpath: .//word], [[AndroidDriver: chrome on ANDROID (51a5b69d350864e9562a2470b487b139)] -&gt; xpath: .//word], [[AndroidDriver: chrome on ANDROID (51a5b69d350864e9562a2470b487b139)] -&gt; xpath: .//word], [[AndroidDriver: chrome on ANDROID (51a5b69d350864e9562a2470b487b139)] -&gt; xpath: .//word], [[AndroidDriver: chrome on ANDROID (51a5b69d350864e9562a2470b487b139)] -&gt; xpath: .//word], [[AndroidDriver: chrome on ANDROID (51a5b69d350864e9562a2470b487b139)] -&gt; xpath: .//word], [[AndroidDriver: chrome on ANDROID (51a5b69d350864e9562a2470b487b139)] -&gt; xpath: .//word], [[AndroidDriver: chrome on ANDROID (51a5b69d350864e9562a2470b487b139)] -&gt; xpath: .//word], [[AndroidDriver: chrome on ANDROID (51a5b69d350864e9562a2470b487b139)] -&gt; xpath: .//word], [[AndroidDriver: chrome on ANDROID (51a5b69d350864e9562a2470b487b139)] -&gt; xpath: .//word], [[AndroidDriver: chrome on ANDROID (51a5b69d350864e9562a2470b487b139)] -&gt; xpath: .//word], [[AndroidDriver: chrome on ANDROID (51a5b69d350864e9562a2470b487b139)] -&gt; xpath: .//word], [[AndroidDriver: chrome on ANDROID (51a5b69d350864e9562a2470b487b139)] -&gt; xpath: .//word], [[AndroidDriver: chrome on ANDROID (51a5b69d350864e9562a2470b487b139)] -&gt; xpath: .//word], [[AndroidDriver: chrome on ANDROID (51a5b69d350864e9562a2470b487b139)] -&gt; xpath: .//word], [[AndroidDriver: chrome on ANDROID (51a5b69d350864e9562a2470b487b139)] -&gt; xpath: .//word], [[AndroidDriver: chrome on ANDROID (51a5b69d350864e9562a2470b487b139)] -&gt; xpath: .//word], [[AndroidDriver: chrome on ANDROID (51a5b69d350864e9562a2470b487b139)] -&gt; xpath: .//word], [[AndroidDriver: chrome on ANDROID (51a5b69d350864e9562a2470b487b139)] -&gt; xpath: .//word], [[AndroidDriver: chrome on ANDROID (51a5b69d350864e9562a2470b487b139)] -&gt; xpath: .//word], [[AndroidDriver: chrome on ANDROID (51a5b69d350864e9562a2470b487b139)] -&gt; xpath: .//word], [[AndroidDriver: chrome on ANDROID (51a5b69d350864e9562a2470b487b139)] -&gt; xpath: .//word], [[AndroidDriver: chrome on ANDROID (51a5b69d350864e9562a2470b487b139)] -&gt; xpath: .//word], [[AndroidDriver: chrome on ANDROID (51a5b69d350864e9562a2470b487b139)] -&gt; xpath: .//word], [[AndroidDriver: chrome on ANDROID (51a5b69d350864e9562a2470b487b139)] -&gt; xpath: .//word], [[AndroidDriver: chrome on ANDROID (51a5b69d350864e9562a2470b487b139)] -&gt; xpath: .//word], [[AndroidDriver: chrome on ANDROID (51a5b69d350864e9562a2470b487b139)] -&gt; xpath: .//word], [[AndroidDriver: chrome on ANDROID (51a5b69d350864e9562a2470b487b139)] -&gt; xpath: .//word], [[AndroidDriver: chrome on ANDROID (51a5b69d350864e9562a2470b487b139)] -&gt; xpath: .//word], [[AndroidDriver: chrome on ANDROID (51a5b69d350864e9562a2470b487b139)] -&gt; xpath: .//word], [[AndroidDriver: chrome on ANDROID (51a5b69d350864e9562a2470b487b139)] -&gt; xpath: .//word], [[AndroidDriver: chrome on ANDROID (51a5b69d350864e9562a2470b487b139)] -&gt; xpath: .//word], [[AndroidDriver: chrome on ANDROID (51a5b69d350864e9562a2470b487b139)] -&gt; xpath: .//word], [[AndroidDriver: chrome on ANDROID (51a5b69d350864e9562a2470b487b139)] -&gt; xpath: .//word], [[AndroidDriver: chrome on ANDROID (51a5b69d350864e9562a2470b487b139)] -&gt; xpath: .//word], [[AndroidDriver: chrome on ANDROID (51a5b69d350864e9562a2470b487b139)] -&gt; xpath: .//word], [[AndroidDriver: chrome on ANDROID (51a5b69d350864e9562a2470b487b139)] -&gt; xpath: .//word], [[AndroidDriver: chrome on ANDROID (51a5b69d350864e9562a2470b487b139)] -&gt; xpath: .//word], [[AndroidDriver: chrome on ANDROID (51a5b69d350864e9562a2470b487b139)] -&gt; xpath: .//word], [[AndroidDriver: chrome on ANDROID (51a5b69d350864e9562a2470b487b139)] -&gt; xpath: .//word], [[AndroidDriver: chrome on ANDROID (51a5b69d350864e9562a2470b487b139)] -&gt; xpath: .//word], [[AndroidDriver: chrome on ANDROID (51a5b69d350864e9562a2470b487b139)] -&gt; xpath: .//word], [[AndroidDriver: chrome on ANDROID (51a5b69d350864e9562a2470b487b139)] -&gt; xpath: .//word], [[AndroidDriver: chrome on ANDROID (51a5b69d350864e9562a2470b487b139)] -&gt; xpath: .//word], [[AndroidDriver: chrome on ANDROID (51a5b69d350864e9562a2470b487b139)] -&gt; xpath: .//word], [[AndroidDriver: chrome on ANDROID (51a5b69d350864e9562a2470b487b139)] -&gt; xpath: .//word], [[AndroidDriver: chrome on ANDROID (51a5b69d350864e9562a2470b487b139)] -&gt; xpath: .//word], [[AndroidDriver: chrome on ANDROID (51a5b69d350864e9562a2470b487b139)] -&gt; xpath: .//word], [[AndroidDriver: chrome on ANDROID (51a5b69d350864e9562a2470b487b139)] -&gt; xpath: .//word], [[AndroidDriver: chrome on ANDROID (51a5b69d350864e9562a2470b487b139)] -&gt; xpath: .//word], [[AndroidDriver: chrome on ANDROID (51a5b69d350864e9562a2470b487b139)] -&gt; xpath: .//word], [[AndroidDriver: chrome on ANDROID (51a5b69d350864e9562a2470b487b139)] -&gt; xpath: .//word], [[AndroidDriver: chrome on ANDROID (51a5b69d350864e9562a2470b487b139)] -&gt; xpath: .//word], [[AndroidDriver: chrome on ANDROID (51a5b69d350864e9562a2470b487b139)] -&gt; xpath: .//word], [[AndroidDriver: chrome on ANDROID (51a5b69d350864e9562a2470b487b139)] -&gt; xpath: .//word], [[AndroidDriver: chrome on ANDROID (51a5b69d350864e9562a2470b487b139)] -&gt; xpath: .//word], [[AndroidDriver: chrome on ANDROID (51a5b69d350864e9562a2470b487b139)] -&gt; xpath: .//word], [[AndroidDriver: chrome on ANDROID (51a5b69d350864e9562a2470b487b139)] -&gt; xpath: .//word], [[AndroidDriver: chrome on ANDROID (51a5b69d350864e9562a2470b487b139)] -&gt; xpath: .//word], [[AndroidDriver: chrome on ANDROID (51a5b69d350864e9562a2470b487b139)] -&gt; xpath: .//word], [[AndroidDriver: chrome on ANDROID (51a5b69d350864e9562a2470b487b139)] -&gt; xpath: .//word], [[AndroidDriver: chrome on ANDROID (51a5b69d350864e9562a2470b487b139)] -&gt; xpath: .//word], [[AndroidDriver: chrome on ANDROID (51a5b69d350864e9562a2470b487b139)] -&gt; xpath: .//word], [[AndroidDriver: chrome on ANDROID (51a5b69d350864e9562a2470b487b139)] -&gt; xpath: .//word], [[AndroidDriver: chrome on ANDROID (51a5b69d350864e9562a2470b487b139)] -&gt; xpath: .//word], [[AndroidDriver: chrome on ANDROID (51a5b69d350864e9562a2470b487b139)] -&gt; xpath: .//word], [[AndroidDriver: chrome on ANDROID (51a5b69d350864e9562a2470b487b139)] -&gt; xpath: .//word], [[AndroidDriver: chrome on ANDROID (51a5b69d350864e9562a2470b487b139)] -&gt; xpath: .//word], [[AndroidDriver: chrome on ANDROID (51a5b69d350864e9562a2470b487b139)] -&gt; xpath: .//word], [[AndroidDriver: chrome on ANDROID (51a5b69d350864e9562a2470b487b139)] -&gt; xpath: .//word], [[AndroidDriver: chrome on ANDROID (51a5b69d350864e9562a2470b487b139)] -&gt; xpath: .//word], [[AndroidDriver: chrome on ANDROID (51a5b69d350864e9562a2470b487b139)] -&gt; xpath: .//word], [[AndroidDriver: chrome on ANDROID (51a5b69d350864e9562a2470b487b139)] -&gt; xpath: .//word], [[AndroidDriver: chrome on ANDROID (51a5b69d350864e9562a2470b487b139)] -&gt; xpath: .//word], [[AndroidDriver: chrome on ANDROID (51a5b69d350864e9562a2470b487b139)] -&gt; xpath: .//word], [[AndroidDriver: chrome on ANDROID (51a5b69d350864e9562a2470b487b139)] -&gt; xpath: .//word], [[AndroidDriver: chrome on ANDROID (51a5b69d350864e9562a2470b487b139)] -&gt; xpath: .//word], [[AndroidDriver: chrome on ANDROID (51a5b69d350864e9562a2470b487b139)] -&gt; xpath: .//word], [[AndroidDriver: chrome on ANDROID (51a5b69d350864e9562a2470b487b139)] -&gt; xpath: .//word], [[AndroidDriver: chrome on ANDROID (51a5b69d350864e9562a2470b487b139)] -&gt; xpath: .//word], [[AndroidDriver: chrome on ANDROID (51a5b69d350864e9562a2470b487b139)] -&gt; xpath: .//word], [[AndroidDriver: chrome on ANDROID (51a5b69d350864e9562a2470b487b139)] -&gt; xpath: .//word], [[AndroidDriver: chrome on ANDROID (51a5b69d350864e9562a2470b487b139)] -&gt; xpath: .//word], [[AndroidDriver: chrome on ANDROID (51a5b69d350864e9562a2470b487b139)] -&gt; xpath: .//word], [[AndroidDriver: chrome on ANDROID (51a5b69d350864e9562a2470b487b139)] -&gt; xpath: .//word], [[AndroidDriver: chrome on ANDROID (51a5b69d350864e9562a2470b487b139)] -&gt; xpath: .//word], [[AndroidDriver: chrome on ANDROID (51a5b69d350864e9562a2470b487b139)] -&gt; xpath: .//word], [[AndroidDriver: chrome on ANDROID (51a5b69d350864e9562a2470b487b139)] -&gt; xpath: .//word], [[AndroidDriver: chrome on ANDROID (51a5b69d350864e9562a2470b487b139)] -&gt; xpath: .//word], [[AndroidDriver: chrome on ANDROID (51a5b69d350864e9562a2470b487b139)] -&gt; xpath: .//word], [[AndroidDriver: chrome on ANDROID (51a5b69d350864e9562a2470b487b139)] -&gt; xpath: .//word], [[AndroidDriver: chrome on ANDROID (51a5b69d350864e9562a2470b487b139)] -&gt; xpath: .//word], [[AndroidDriver: chrome on ANDROID (51a5b69d350864e9562a2470b487b139)] -&gt; xpath: .//word], [[AndroidDriver: chrome on ANDROID (51a5b69d350864e9562a2470b487b139)] -&gt; xpath: .//word], [[AndroidDriver: chrome on ANDROID (51a5b69d350864e9562a2470b487b139)] -&gt; xpath: .//word], [[AndroidDriver: chrome on ANDROID (51a5b69d350864e9562a2470b487b139)] -&gt; xpath: .//word], [[AndroidDriver: chrome on ANDROID (51a5b69d350864e9562a2470b487b139)] -&gt; xpath: .//word], [[AndroidDriver: chrome on ANDROID (51a5b69d350864e9562a2470b487b139)] -&gt; xpath: .//word], [[AndroidDriver: chrome on ANDROID (51a5b69d350864e9562a2470b487b139)] -&gt; xpath: .//word], [[AndroidDriver: chrome on ANDROID (51a5b69d350864e9562a2470b487b139)] -&gt; xpath: .//word], [[AndroidDriver: chrome on ANDROID (51a5b69d350864e9562a2470b487b139)] -&gt; xpath: .//word], [[AndroidDriver: chrome on ANDROID (51a5b69d350864e9562a2470b487b139)] -&gt; xpath: .//word], [[AndroidDriver: chrome on ANDROID (51a5b69d350864e9562a2470b487b139)] -&gt; xpath: .//word], [[AndroidDriver: chrome on ANDROID (51a5b69d350864e9562a2470b487b139)] -&gt; xpath: .//word], [[AndroidDriver: chrome on ANDROID (51a5b69d350864e9562a2470b487b139)] -&gt; xpath: .//word], [[AndroidDriver: chrome on ANDROID (51a5b69d350864e9562a2470b487b139)] -&gt; xpath: .//word], [[AndroidDriver: chrome on ANDROID (51a5b69d350864e9562a2470b487b139)] -&gt; xpath: .//word], [[AndroidDriver: chrome on ANDROID (51a5b69d350864e9562a2470b487b139)] -&gt; xpath: .//word], [[AndroidDriver: chrome on ANDROID (51a5b69d350864e9562a2470b487b139)] -&gt; xpath: .//word], [[AndroidDriver: chrome on ANDROID (51a5b69d350864e9562a2470b487b139)] -&gt; xpath: .//word], [[AndroidDriver: chrome on ANDROID (51a5b69d350864e9562a2470b487b139)] -&gt; xpath: .//word], [[AndroidDriver: chrome on ANDROID (51a5b69d350864e9562a2470b487b139)] -&gt; xpath: .//word], [[AndroidDriver: chrome on ANDROID (51a5b69d350864e9562a2470b487b139)] -&gt; xpath: .//word], [[AndroidDriver: chrome on ANDROID (51a5b69d350864e9562a2470b487b139)] -&gt; xpath: .//word], [[AndroidDriver: chrome on ANDROID (51a5b69d350864e9562a2470b487b139)] -&gt; xpath: .//word], [[AndroidDriver: chrome on ANDROID (51a5b69d350864e9562a2470b487b139)] -&gt; xpath: .//word], [[AndroidDriver: chrome on ANDROID (51a5b69d350864e9562a2470b487b139)] -&gt; xpath: .//word], [[AndroidDriver: chrome on ANDROID (51a5b69d350864e9562a2470b487b139)] -&gt; xpath: .//word], [[AndroidDriver: chrome on ANDROID (51a5b69d350864e9562a2470b487b139)] -&gt; xpath: .//word], [[AndroidDriver: chrome on ANDROID (51a5b69d350864e9562a2470b487b139)] -&gt; xpath: .//word], [[AndroidDriver: chrome on ANDROID (51a5b69d350864e9562a2470b487b139)] -&gt; xpath: .//word], [[AndroidDriver: chrome on ANDROID (51a5b69d350864e9562a2470b487b139)] -&gt; xpath: .//word], [[AndroidDriver: chrome on ANDROID (51a5b69d350864e9562a2470b487b139)] -&gt; xpath: .//word], [[AndroidDriver: chrome on ANDROID (51a5b69d350864e9562a2470b487b139)] -&gt; xpath: .//word], [[AndroidDriver: chrome on ANDROID (51a5b69d350864e9562a2470b487b139)] -&gt; xpath: .//word], [[AndroidDriver: chrome on ANDROID (51a5b69d350864e9562a2470b487b139)] -&gt; xpath: .//word], [[AndroidDriver: chrome on ANDROID (51a5b69d350864e9562a2470b487b139)] -&gt; xpath: .//word], [[AndroidDriver: chrome on ANDROID (51a5b69d350864e9562a2470b487b139)] -&gt; xpath: .//word], [[AndroidDriver: chrome on ANDROID (51a5b69d350864e9562a2470b487b139)] -&gt; xpath: .//word], [[AndroidDriver: chrome on ANDROID (51a5b69d350864e9562a2470b487b139)] -&gt; xpath: .//word], [[AndroidDriver: chrome on ANDROID (51a5b69d350864e9562a2470b487b139)] -&gt; xpath: .//word], [[AndroidDriver: chrome on ANDROID (51a5b69d350864e9562a2470b487b139)] -&gt; xpath: .//word], [[AndroidDriver: chrome on ANDROID (51a5b69d350864e9562a2470b487b139)] -&gt; xpath: .//word], [[AndroidDriver: chrome on ANDROID (51a5b69d350864e9562a2470b487b139)] -&gt; xpath: .//word], [[AndroidDriver: chrome on ANDROID (51a5b69d350864e9562a2470b487b139)] -&gt; xpath: .//word], [[AndroidDriver: chrome on ANDROID (51a5b69d350864e9562a2470b487b139)] -&gt; xpath: .//word], [[AndroidDriver: chrome on ANDROID (51a5b69d350864e9562a2470b487b139)] -&gt; xpath: .//word], [[AndroidDriver: chrome on ANDROID (51a5b69d350864e9562a2470b487b139)] -&gt; xpath: .//word], [[AndroidDriver: chrome on ANDROID (51a5b69d350864e9562a2470b487b139)] -&gt; xpath: .//word], [[AndroidDriver: chrome on ANDROID (51a5b69d350864e9562a2470b487b139)] -&gt; xpath: .//word], [[AndroidDriver: chrome on ANDROID (51a5b69d350864e9562a2470b487b139)] -&gt; xpath: .//word], [[AndroidDriver: chrome on ANDROID (51a5b69d350864e9562a2470b487b139)] -&gt; xpath: .//word], [[AndroidDriver: chrome on ANDROID (51a5b69d350864e9562a2470b487b139)] -&gt; xpath: .//word], [[AndroidDriver: chrome on ANDROID (51a5b69d350864e9562a2470b487b139)] -&gt; xpath: .//word], [[AndroidDriver: chrome on ANDROID (51a5b69d350864e9562a2470b487b139)] -&gt; xpath: .//word], [[AndroidDriver: chrome on ANDROID (51a5b69d350864e9562a2470b487b139)] -&gt; xpath: .//word], [[AndroidDriver: chrome on ANDROID (51a5b69d350864e9562a2470b487b139)] -&gt; xpath: .//word], [[AndroidDriver: chrome on ANDROID (51a5b69d350864e9562a2470b487b139)] -&gt; xpath: .//word], [[AndroidDriver: chrome on ANDROID (51a5b69d350864e9562a2470b487b139)] -&gt; xpath: .//word], [[AndroidDriver: chrome on ANDROID (51a5b69d350864e9562a2470b487b139)] -&gt; xpath: .//word], [[AndroidDriver: chrome on ANDROID (51a5b69d350864e9562a2470b487b139)] -&gt; xpath: .//word], [[AndroidDriver: chrome on ANDROID (51a5b69d350864e9562a2470b487b139)] -&gt; xpath: .//word], [[AndroidDriver: chrome on ANDROID (51a5b69d350864e9562a2470b487b139)] -&gt; xpath: .//word], [[AndroidDriver: chrome on ANDROID (51a5b69d350864e9562a2470b487b139)] -&gt; xpath: .//word], [[AndroidDriver: chrome on ANDROID (51a5b69d350864e9562a2470b487b139)] -&gt; xpath: .//word], [[AndroidDriver: chrome on ANDROID (51a5b69d350864e9562a2470b487b139)] -&gt; xpath: .//word], [[AndroidDriver: chrome on ANDROID (51a5b69d350864e9562a2470b487b139)] -&gt; xpath: .//word], [[AndroidDriver: chrome on ANDROID (51a5b69d350864e9562a2470b487b139)] -&gt; xpath: .//word], [[AndroidDriver: chrome on ANDROID (51a5b69d350864e9562a2470b487b139)] -&gt; xpath: .//word], [[AndroidDriver: chrome on ANDROID (51a5b69d350864e9562a2470b487b139)] -&gt; xpath: .//word], [[AndroidDriver: chrome on ANDROID (51a5b69d350864e9562a2470b487b139)] -&gt; xpath: .//word], [[AndroidDriver: chrome on ANDROID (51a5b69d350864e9562a2470b487b139)] -&gt; xpath: .//word], [[AndroidDriver: chrome on ANDROID (51a5b69d350864e9562a2470b487b139)] -&gt; xpath: .//word], [[AndroidDriver: chrome on ANDROID (51a5b69d350864e9562a2470b487b139)] -&gt; xpath: .//word], [[AndroidDriver: chrome on ANDROID (51a5b69d350864e9562a2470b487b139)] -&gt; xpath: .//word], [[AndroidDriver: chrome on ANDROID (51a5b69d350864e9562a2470b487b139)] -&gt; xpath: .//word], [[AndroidDriver: chrome on ANDROID (51a5b69d350864e9562a2470b487b139)] -&gt; xpath: .//word], [[AndroidDriver: chrome on ANDROID (51a5b69d350864e9562a2470b487b139)] -&gt; xpath: .//word], [[AndroidDriver: chrome on ANDROID (51a5b69d350864e9562a2470b487b139)] -&gt; xpath: .//word], [[AndroidDriver: chrome on ANDROID (51a5b69d350864e9562a2470b487b139)] -&gt; xpath: .//word], [[AndroidDriver: chrome on ANDROID (51a5b69d350864e9562a2470b487b139)] -&gt; xpath: .//word], [[AndroidDriver: chrome on ANDROID (51a5b69d350864e9562a2470b487b139)] -&gt; xpath: .//word], [[AndroidDriver: chrome on ANDROID (51a5b69d350864e9562a2470b487b139)] -&gt; xpath: .//word], [[AndroidDriver: chrome on ANDROID (51a5b69d350864e9562a2470b487b139)] -&gt; xpath: .//word], [[AndroidDriver: chrome on ANDROID (51a5b69d350864e9562a2470b487b139)] -&gt; xpath: .//word], [[AndroidDriver: chrome on ANDROID (51a5b69d350864e9562a2470b487b139)] -&gt; xpath: .//word], [[AndroidDriver: chrome on ANDROID (51a5b69d350864e9562a2470b487b139)] -&gt; xpath: .//word], [[AndroidDriver: chrome on ANDROID (51a5b69d350864e9562a2470b487b139)] -&gt; xpath: .//word], [[AndroidDriver: chrome on ANDROID (51a5b69d350864e9562a2470b487b139)] -&gt; xpath: .//word], [[AndroidDriver: chrome on ANDROID (51a5b69d350864e9562a2470b487b139)] -&gt; xpath: .//word], [[AndroidDriver: chrome on ANDROID (51a5b69d350864e9562a2470b487b139)] -&gt; xpath: .//word], [[AndroidDriver: chrome on ANDROID (51a5b69d350864e9562a2470b487b139)] -&gt; xpath: .//word], [[AndroidDriver: chrome on ANDROID (51a5b69d350864e9562a2470b487b139)] -&gt; xpath: .//word], [[AndroidDriver: chrome on ANDROID (51a5b69d350864e9562a2470b487b139)] -&gt; xpath: .//word], [[AndroidDriver: chrome on ANDROID (51a5b69d350864e9562a2470b487b139)] -&gt; xpath: .//word], [[AndroidDriver: chrome on ANDROID (51a5b69d350864e9562a2470b487b139)] -&gt; xpath: .//word], [[AndroidDriver: chrome on ANDROID (51a5b69d350864e9562a2470b487b139)] -&gt; xpath: .//word], [[AndroidDriver: chrome on ANDROID (51a5b69d350864e9562a2470b487b139)] -&gt; xpath: .//word], [[AndroidDriver: chrome on ANDROID (51a5b69d350864e9562a2470b487b139)] -&gt; xpath: .//word], [[AndroidDriver: chrome on ANDROID (51a5b69d350864e9562a2470b487b139)] -&gt; xpath: .//word], [[AndroidDriver: chrome on ANDROID (51a5b69d350864e9562a2470b487b139)] -&gt; xpath: .//word], [[AndroidDriver: chrome on ANDROID (51a5b69d350864e9562a2470b487b139)] -&gt; xpath: .//word], [[AndroidDriver: chrome on ANDROID (51a5b69d350864e9562a2470b487b139)] -&gt; xpath: .//word], [[AndroidDriver: chrome on ANDROID (51a5b69d350864e9562a2470b487b139)] -&gt; xpath: .//word], [[AndroidDriver: chrome on ANDROID (51a5b69d350864e9562a2470b487b139)] -&gt; xpath: .//word], [[AndroidDriver: chrome on ANDROID (51a5b69d350864e9562a2470b487b139)] -&gt; xpath: .//word], [[AndroidDriver: chrome on ANDROID (51a5b69d350864e9562a2470b487b139)] -&gt; xpath: .//word], [[AndroidDriver: chrome on ANDROID (51a5b69d350864e9562a2470b487b139)] -&gt; xpath: .//word], [[AndroidDriver: chrome on ANDROID (51a5b69d350864e9562a2470b487b139)] -&gt; xpath: .//word], [[AndroidDriver: chrome on ANDROID (51a5b69d350864e9562a2470b487b139)] -&gt; xpath: .//word], [[AndroidDriver: chrome on ANDROID (51a5b69d350864e9562a2470b487b139)] -&gt; xpath: .//word], [[AndroidDriver: chrome on ANDROID (51a5b69d350864e9562a2470b487b139)] -&gt; xpath: .//word], [[AndroidDriver: chrome on ANDROID (51a5b69d350864e9562a2470b487b139)] -&gt; xpath: .//word], [[AndroidDriver: chrome on ANDROID (51a5b69d350864e9562a2470b487b139)] -&gt; xpath: .//word], [[AndroidDriver: chrome on ANDROID (51a5b69d350864e9562a2470b487b139)] -&gt; xpath: .//word], [[AndroidDriver: chrome on ANDROID (51a5b69d350864e9562a2470b487b139)] -&gt; xpath: .//word], [[AndroidDriver: chrome on ANDROID (51a5b69d350864e9562a2470b487b139)] -&gt; xpath: .//word], [[AndroidDriver: chrome on ANDROID (51a5b69d350864e9562a2470b487b139)] -&gt; xpath: .//word], [[AndroidDriver: chrome on ANDROID (51a5b69d350864e9562a2470b487b139)] -&gt; xpath: .//word], [[AndroidDriver: chrome on ANDROID (51a5b69d350864e9562a2470b487b139)] -&gt; xpath: .//word], [[AndroidDriver: chrome on ANDROID (51a5b69d350864e9562a2470b487b139)] -&gt; xpath: .//word], [[AndroidDriver: chrome on ANDROID (51a5b69d350864e9562a2470b487b139)] -&gt; xpath: .//word], [[AndroidDriver: chrome on ANDROID (51a5b69d350864e9562a2470b487b139)] -&gt; xpath: .//word], [[AndroidDriver: chrome on ANDROID (51a5b69d350864e9562a2470b487b139)] -&gt; xpath: .//word], [[AndroidDriver: chrome on ANDROID (51a5b69d350864e9562a2470b487b139)] -&gt; xpath: .//word], [[AndroidDriver: chrome on ANDROID (51a5b69d350864e9562a2470b487b139)] -&gt; xpath: .//word], [[AndroidDriver: chrome on ANDROID (51a5b69d350864e9562a2470b487b139)] -&gt; xpath: .//word], [[AndroidDriver: chrome on ANDROID (51a5b69d350864e9562a2470b487b139)] -&gt; xpath: .//word], [[AndroidDriver: chrome on ANDROID (51a5b69d350864e9562a2470b487b139)] -&gt; xpath: .//word], [[AndroidDriver: chrome on ANDROID (51a5b69d350864e9562a2470b487b139)] -&gt; xpath: .//word], [[AndroidDriver: chrome on ANDROID (51a5b69d350864e9562a2470b487b139)] -&gt; xpath: .//word], [[AndroidDriver: chrome on ANDROID (51a5b69d350864e9562a2470b487b139)] -&gt; xpath: .//word], [[AndroidDriver: chrome on ANDROID (51a5b69d350864e9562a2470b487b139)] -&gt; xpath: .//word], [[AndroidDriver: chrome on ANDROID (51a5b69d350864e9562a2470b487b139)] -&gt; xpath: .//word], [[AndroidDriver: chrome on ANDROID (51a5b69d350864e9562a2470b487b139)] -&gt; xpath: .//word], [[AndroidDriver: chrome on ANDROID (51a5b69d350864e9562a2470b487b139)] -&gt; xpath: .//word], [[AndroidDriver: chrome on ANDROID (51a5b69d350864e9562a2470b487b139)] -&gt; xpath: .//word], [[AndroidDriver: chrome on ANDROID (51a5b69d350864e9562a2470b487b139)] -&gt; xpath: .//word], [[AndroidDriver: chrome on ANDROID (51a5b69d350864e9562a2470b487b139)] -&gt; xpath: .//word], [[AndroidDriver: chrome on ANDROID (51a5b69d350864e9562a2470b487b139)] -&gt; xpath: .//word], [[AndroidDriver: chrome on ANDROID (51a5b69d350864e9562a2470b487b139)] -&gt; xpath: .//word], [[AndroidDriver: chrome on ANDROID (51a5b69d350864e9562a2470b487b139)] -&gt; xpath: .//word], [[AndroidDriver: chrome on ANDROID (51a5b69d350864e9562a2470b487b139)] -&gt; xpath: .//word], [[AndroidDriver: chrome on ANDROID (51a5b69d350864e9562a2470b487b139)] -&gt; xpath: .//word], [[AndroidDriver: chrome on ANDROID (51a5b69d350864e9562a2470b487b139)] -&gt; xpath: .//word], [[AndroidDriver: chrome on ANDROID (51a5b69d350864e9562a2470b487b139)] -&gt; xpath: .//word], [[AndroidDriver: chrome on ANDROID (51a5b69d350864e9562a2470b487b139)] -&gt; xpath: .//word], [[AndroidDriver: chrome on ANDROID (51a5b69d350864e9562a2470b487b139)] -&gt; xpath: .//word], [[AndroidDriver: chrome on ANDROID (51a5b69d350864e9562a2470b487b139)] -&gt; xpath: .//word], [[AndroidDriver: chrome on ANDROID (51a5b69d350864e9562a2470b487b139)] -&gt; xpath: .//word], [[AndroidDriver: chrome on ANDROID (51a5b69d350864e9562a2470b487b139)] -&gt; xpath: .//word], [[AndroidDriver: chrome on ANDROID (51a5b69d350864e9562a2470b487b139)] -&gt; xpath: .//word], [[AndroidDriver: chrome on ANDROID (51a5b69d350864e9562a2470b487b139)] -&gt; xpath: .//word], [[AndroidDriver: chrome on ANDROID (51a5b69d350864e9562a2470b487b139)] -&gt; xpath: .//word], [[AndroidDriver: chrome on ANDROID (51a5b69d350864e9562a2470b487b139)] -&gt; xpath: .//word], [[AndroidDriver: chrome on ANDROID (51a5b69d350864e9562a2470b487b139)] -&gt; xpath: .//word], [[AndroidDriver: chrome on ANDROID (51a5b69d350864e9562a2470b487b139)] -&gt; xpath: .//word], [[AndroidDriver: chrome on ANDROID (51a5b69d350864e9562a2470b487b139)] -&gt; xpath: .//word], [[AndroidDriver: chrome on ANDROID (51a5b69d350864e9562a2470b487b139)] -&gt; xpath: .//word], [[AndroidDriver: chrome on ANDROID (51a5b69d350864e9562a2470b487b139)] -&gt; xpath: .//word], [[AndroidDriver: chrome on ANDROID (51a5b69d350864e9562a2470b487b139)] -&gt; xpath: .//word], [[AndroidDriver: chrome on ANDROID (51a5b69d350864e9562a2470b487b139)] -&gt; xpath: .//word], [[AndroidDriver: chrome on ANDROID (51a5b69d350864e9562a2470b487b139)] -&gt; xpath: .//word], [[AndroidDriver: chrome on ANDROID (51a5b69d350864e9562a2470b487b139)] -&gt; xpath: .//word], [[AndroidDriver: chrome on ANDROID (51a5b69d350864e9562a2470b487b139)] -&gt; xpath: .//word], [[AndroidDriver: chrome on ANDROID (51a5b69d350864e9562a2470b487b139)] -&gt; xpath: .//word], [[AndroidDriver: chrome on ANDROID (51a5b69d350864e9562a2470b487b139)] -&gt; xpath: .//word], [[AndroidDriver: chrome on ANDROID (51a5b69d350864e9562a2470b487b139)] -&gt; xpath: .//word], [[AndroidDriver: chrome on ANDROID (51a5b69d350864e9562a2470b487b139)] -&gt; xpath: .//word], [[AndroidDriver: chrome on ANDROID (51a5b69d350864e9562a2470b487b139)] -&gt; xpath: .//word], [[AndroidDriver: chrome on ANDROID (51a5b69d350864e9562a2470b487b139)] -&gt; xpath: .//word], [[AndroidDriver: chrome on ANDROID (51a5b69d350864e9562a2470b487b139)] -&gt; xpath: .//word], [[AndroidDriver: chrome on ANDROID (51a5b69d350864e9562a2470b487b139)] -&gt; xpath: .//word], [[AndroidDriver: chrome on ANDROID (51a5b69d350864e9562a2470b487b139)] -&gt; xpath: .//word], [[AndroidDriver: chrome on ANDROID (51a5b69d350864e9562a2470b487b139)] -&gt; xpath: .//word], [[AndroidDriver: chrome on ANDROID (51a5b69d350864e9562a2470b487b139)] -&gt; xpath: .//word], [[AndroidDriver: chrome on ANDROID (51a5b69d350864e9562a2470b487b139)] -&gt; xpath: .//word], [[AndroidDriver: chrome on ANDROID (51a5b69d350864e9562a2470b487b139)] -&gt; xpath: .//word], [[AndroidDriver: chrome on ANDROID (51a5b69d350864e9562a2470b487b139)] -&gt; xpath: .//word], [[AndroidDriver: chrome on ANDROID (51a5b69d350864e9562a2470b487b139)] -&gt; xpath: .//word], [[AndroidDriver: chrome on ANDROID (51a5b69d350864e9562a2470b487b139)] -&gt; xpath: .//word], [[AndroidDriver: chrome on ANDROID (51a5b69d350864e9562a2470b487b139)] -&gt; xpath: .//word], [[AndroidDriver: chrome on ANDROID (51a5b69d350864e9562a2470b487b139)] -&gt; xpath: .//word], [[AndroidDriver: chrome on ANDROID (51a5b69d350864e9562a2470b487b139)] -&gt; xpath: .//word], [[AndroidDriver: chrome on ANDROID (51a5b69d350864e9562a2470b487b139)] -&gt; xpath: .//word], [[AndroidDriver: chrome on ANDROID (51a5b69d350864e9562a2470b487b139)] -&gt; xpath: .//word], [[AndroidDriver: chrome on ANDROID (51a5b69d350864e9562a2470b487b139)] -&gt; xpath: .//word], [[AndroidDriver: chrome on ANDROID (51a5b69d350864e9562a2470b487b139)] -&gt; xpath: .//word], [[AndroidDriver: chrome on ANDROID (51a5b69d350864e9562a2470b487b139)] -&gt; xpath: .//word], [[AndroidDriver: chrome on ANDROID (51a5b69d350864e9562a2470b487b139)] -&gt; xpath: .//word], [[AndroidDriver: chrome on ANDROID (51a5b69d350864e9562a2470b487b139)] -&gt; xpath: .//word], [[AndroidDriver: chrome on ANDROID (51a5b69d350864e9562a2470b487b139)] -&gt; xpath: .//word], [[AndroidDriver: chrome on ANDROID (51a5b69d350864e9562a2470b487b139)] -&gt; xpath: .//word], [[AndroidDriver: chrome on ANDROID (51a5b69d350864e9562a2470b487b139)] -&gt; xpath: .//word], [[AndroidDriver: chrome on ANDROID (51a5b69d350864e9562a2470b487b139)] -&gt; xpath: .//word], [[AndroidDriver: chrome on ANDROID (51a5b69d350864e9562a2470b487b139)] -&gt; xpath: .//word], [[AndroidDriver: chrome on ANDROID (51a5b69d350864e9562a2470b487b139)] -&gt; xpath: .//word], [[AndroidDriver: chrome on ANDROID (51a5b69d350864e9562a2470b487b139)] -&gt; xpath: .//word], [[AndroidDriver: chrome on ANDROID (51a5b69d350864e9562a2470b487b139)] -&gt; xpath: .//word], [[AndroidDriver: chrome on ANDROID (51a5b69d350864e9562a2470b487b139)] -&gt; xpath: .//word], [[AndroidDriver: chrome on ANDROID (51a5b69d350864e9562a2470b487b139)] -&gt; xpath: .//word], [[AndroidDriver: chrome on ANDROID (51a5b69d350864e9562a2470b487b139)] -&gt; xpath: .//word], [[AndroidDriver: chrome on ANDROID (51a5b69d350864e9562a2470b487b139)] -&gt; xpath: .//word], [[AndroidDriver: chrome on ANDROID (51a5b69d350864e9562a2470b487b139)] -&gt; xpath: .//word], [[AndroidDriver: chrome on ANDROID (51a5b69d350864e9562a2470b487b139)] -&gt; xpath: .//word], [[AndroidDriver: chrome on ANDROID (51a5b69d350864e9562a2470b487b139)] -&gt; xpath: .//word], [[AndroidDriver: chrome on ANDROID (51a5b69d350864e9562a2470b487b139)] -&gt; xpath: .//word], [[AndroidDriver: chrome on ANDROID (51a5b69d350864e9562a2470b487b139)] -&gt; xpath: .//word], [[AndroidDriver: chrome on ANDROID (51a5b69d350864e9562a2470b487b139)] -&gt; xpath: .//word], [[AndroidDriver: chrome on ANDROID (51a5b69d350864e9562a2470b487b139)] -&gt; xpath: .//word], [[AndroidDriver: chrome on ANDROID (51a5b69d350864e9562a2470b487b139)] -&gt; xpath: .//word], [[AndroidDriver: chrome on ANDROID (51a5b69d350864e9562a2470b487b139)] -&gt; xpath: .//word], [[AndroidDriver: chrome on ANDROID (51a5b69d350864e9562a2470b487b139)] -&gt; xpath: .//word], [[AndroidDriver: chrome on ANDROID (51a5b69d350864e9562a2470b487b139)] -&gt; xpath: .//word], [[AndroidDriver: chrome on ANDROID (51a5b69d350864e9562a2470b487b139)] -&gt; xpath: .//word], [[AndroidDriver: chrome on ANDROID (51a5b69d350864e9562a2470b487b139)] -&gt; xpath: .//word], [[AndroidDriver: chrome on ANDROID (51a5b69d350864e9562a2470b487b139)] -&gt; xpath: .//word], [[AndroidDriver: chrome on ANDROID (51a5b69d350864e9562a2470b487b139)] -&gt; xpath: .//word], [[AndroidDriver: chrome on ANDROID (51a5b69d350864e9562a2470b487b139)] -&gt; xpath: .//word], [[AndroidDriver: chrome on ANDROID (51a5b69d350864e9562a2470b487b139)] -&gt; xpath: .//word], [[AndroidDriver: chrome on ANDROID (51a5b69d350864e9562a2470b487b139)] -&gt; xpath: .//word], [[AndroidDriver: chrome on ANDROID (51a5b69d350864e9562a2470b487b139)] -&gt; xpath: .//word], [[AndroidDriver: chrome on ANDROID (51a5b69d350864e9562a2470b487b139)] -&gt; xpath: .//word], [[AndroidDriver: chrome on ANDROID (51a5b69d350864e9562a2470b487b139)] -&gt; xpath: .//word], [[AndroidDriver: chrome on ANDROID (51a5b69d350864e9562a2470b487b139)] -&gt; xpath: .//word], [[AndroidDriver: chrome on ANDROID (51a5b69d350864e9562a2470b487b139)] -&gt; xpath: .//word], [[AndroidDriver: chrome on ANDROID (51a5b69d350864e9562a2470b487b139)] -&gt; xpath: .//word], [[AndroidDriver: chrome on ANDROID (51a5b69d350864e9562a2470b487b139)] -&gt; xpath: .//word], [[AndroidDriver: chrome on ANDROID (51a5b69d350864e9562a2470b487b139)] -&gt; xpath: .//word], [[AndroidDriver: chrome on ANDROID (51a5b69d350864e9562a2470b487b139)] -&gt; xpath: .//word], [[AndroidDriver: chrome on ANDROID (51a5b69d350864e9562a2470b487b139)] -&gt; xpath: .//word], [[AndroidDriver: chrome on ANDROID (51a5b69d350864e9562a2470b487b139)] -&gt; xpath: .//word], [[AndroidDriver: chrome on ANDROID (51a5b69d350864e9562a2470b487b139)] -&gt; xpath: .//word], [[AndroidDriver: chrome on ANDROID (51a5b69d350864e9562a2470b487b139)] -&gt; xpath: .//word], [[AndroidDriver: chrome on ANDROID (51a5b69d350864e9562a2470b487b139)] -&gt; xpath: .//word], [[AndroidDriver: chrome on ANDROID (51a5b69d350864e9562a2470b487b139)] -&gt; xpath: .//word], [[AndroidDriver: chrome on ANDROID (51a5b69d350864e9562a2470b487b139)] -&gt; xpath: .//word], [[AndroidDriver: chrome on ANDROID (51a5b69d350864e9562a2470b487b139)] -&gt; xpath: .//word], [[AndroidDriver: chrome on ANDROID (51a5b69d350864e9562a2470b487b139)] -&gt; xpath: .//word], [[AndroidDriver: chrome on ANDROID (51a5b69d350864e9562a2470b487b139)] -&gt; xpath: .//word], [[AndroidDriver: chrome on ANDROID (51a5b69d350864e9562a2470b487b139)] -&gt; xpath: .//word], [[AndroidDriver: chrome on ANDROID (51a5b69d350864e9562a2470b487b139)] -&gt; xpath: .//word], [[AndroidDriver: chrome on ANDROID (51a5b69d350864e9562a2470b487b139)] -&gt; xpath: .//word], [[AndroidDriver: chrome on ANDROID (51a5b69d350864e9562a2470b487b139)] -&gt; xpath: .//word], [[AndroidDriver: chrome on ANDROID (51a5b69d350864e9562a2470b487b139)] -&gt; xpath: .//word], [[AndroidDriver: chrome on ANDROID (51a5b69d350864e9562a2470b487b139)] -&gt; xpath: .//word], [[AndroidDriver: chrome on ANDROID (51a5b69d350864e9562a2470b487b139)] -&gt; xpath: .//word], [[AndroidDriver: chrome on ANDROID (51a5b69d350864e9562a2470b487b139)] -&gt; xpath: .//word], [[AndroidDriver: chrome on ANDROID (51a5b69d350864e9562a2470b487b139)] -&gt; xpath: .//word], [[AndroidDriver: chrome on ANDROID (51a5b69d350864e9562a2470b487b139)] -&gt; xpath: .//word], [[AndroidDriver: chrome on ANDROID (51a5b69d350864e9562a2470b487b139)] -&gt; xpath: .//word], [[AndroidDriver: chrome on ANDROID (51a5b69d350864e9562a2470b487b139)] -&gt; xpath: .//word], [[AndroidDriver: chrome on ANDROID (51a5b69d350864e9562a2470b487b139)] -&gt; xpath: .//word], [[AndroidDriver: chrome on ANDROID (51a5b69d350864e9562a2470b487b139)] -&gt; xpath: .//word], [[AndroidDriver: chrome on ANDROID (51a5b69d350864e9562a2470b487b139)] -&gt; xpath: .//word], [[AndroidDriver: chrome on ANDROID (51a5b69d350864e9562a2470b487b139)] -&gt; xpath: .//word], [[AndroidDriver: chrome on ANDROID (51a5b69d350864e9562a2470b487b139)] -&gt; xpath: .//word], [[AndroidDriver: chrome on ANDROID (51a5b69d350864e9562a2470b487b139)] -&gt; xpath: .//word], [[AndroidDriver: chrome on ANDROID (51a5b69d350864e9562a2470b487b139)] -&gt; xpath: .//word], [[AndroidDriver: chrome on ANDROID (51a5b69d350864e9562a2470b487b139)] -&gt; xpath: .//word], [[AndroidDriver: chrome on ANDROID (51a5b69d350864e9562a2470b487b139)] -&gt; xpath: .//word], [[AndroidDriver: chrome on ANDROID (51a5b69d350864e9562a2470b487b139)] -&gt; xpath: .//word], [[AndroidDriver: chrome on ANDROID (51a5b69d350864e9562a2470b487b139)] -&gt; xpath: .//word], [[AndroidDriver: chrome on ANDROID (51a5b69d350864e9562a2470b487b139)] -&gt; xpath: .//word], [[AndroidDriver: chrome on ANDROID (51a5b69d350864e9562a2470b487b139)] -&gt; xpath: .//word], [[AndroidDriver: chrome on ANDROID (51a5b69d350864e9562a2470b487b139)] -&gt; xpath: .//word], [[AndroidDriver: chrome on ANDROID (51a5b69d350864e9562a2470b487b139)] -&gt; xpath: .//word], [[AndroidDriver: chrome on ANDROID (51a5b69d350864e9562a2470b487b139)] -&gt; xpath: .//word], [[AndroidDriver: chrome on ANDROID (51a5b69d350864e9562a2470b487b139)] -&gt; xpath: .//word], [[AndroidDriver: chrome on ANDROID (51a5b69d350864e9562a2470b487b139)] -&gt; xpath: .//word], [[AndroidDriver: chrome on ANDROID (51a5b69d350864e9562a2470b487b139)] -&gt; xpath: .//word], [[AndroidDriver: chrome on ANDROID (51a5b69d350864e9562a2470b487b139)] -&gt; xpath: .//word], [[AndroidDriver: chrome on ANDROID (51a5b69d350864e9562a2470b487b139)] -&gt; xpath: .//word], [[AndroidDriver: chrome on ANDROID (51a5b69d350864e9562a2470b487b139)] -&gt; xpath: .//word], [[AndroidDriver: chrome on ANDROID (51a5b69d350864e9562a2470b487b139)] -&gt; xpath: .//word], [[AndroidDriver: chrome on ANDROID (51a5b69d350864e9562a2470b487b139)] -&gt; xpath: .//word], [[AndroidDriver: chrome on ANDROID (51a5b69d350864e9562a2470b487b139)] -&gt; xpath: .//word], [[AndroidDriver: chrome on ANDROID (51a5b69d350864e9562a2470b487b139)] -&gt; xpath: .//word], [[AndroidDriver: chrome on ANDROID (51a5b69d350864e9562a2470b487b139)] -&gt; xpath: .//word], [[AndroidDriver: chrome on ANDROID (51a5b69d350864e9562a2470b487b139)] -&gt; xpath: .//word], [[AndroidDriver: chrome on ANDROID (51a5b69d350864e9562a2470b487b139)] -&gt; xpath: .//word], [[AndroidDriver: chrome on ANDROID (51a5b69d350864e9562a2470b487b139)] -&gt; xpath: .//word], [[AndroidDriver: chrome on ANDROID (51a5b69d350864e9562a2470b487b139)] -&gt; xpath: .//word], [[AndroidDriver: chrome on ANDROID (51a5b69d350864e9562a2470b487b139)] -&gt; xpath: .//word], [[AndroidDriver: chrome on ANDROID (51a5b69d350864e9562a2470b487b139)] -&gt; xpath: .//word], [[AndroidDriver: chrome on ANDROID (51a5b69d350864e9562a2470b487b139)] -&gt; xpath: .//word], [[AndroidDriver: chrome on ANDROID (51a5b69d350864e9562a2470b487b139)] -&gt; xpath: .//word], [[AndroidDriver: chrome on ANDROID (51a5b69d350864e9562a2470b487b139)] -&gt; xpath: .//word], [[AndroidDriver: chrome on ANDROID (51a5b69d350864e9562a2470b487b139)] -&gt; xpath: .//word], [[AndroidDriver: chrome on ANDROID (51a5b69d350864e9562a2470b487b139)] -&gt; xpath: .//word], [[AndroidDriver: chrome on ANDROID (51a5b69d350864e9562a2470b487b139)] -&gt; xpath: .//word], [[AndroidDriver: chrome on ANDROID (51a5b69d350864e9562a2470b487b139)] -&gt; xpath: .//word], [[AndroidDriver: chrome on ANDROID (51a5b69d350864e9562a2470b487b139)] -&gt; xpath: .//word], [[AndroidDriver: chrome on ANDROID (51a5b69d350864e9562a2470b487b139)] -&gt; xpath: .//word], [[AndroidDriver: chrome on ANDROID (51a5b69d350864e9562a2470b487b139)] -&gt; xpath: .//word], [[AndroidDriver: chrome on ANDROID (51a5b69d350864e9562a2470b487b139)] -&gt; xpath: .//word], [[AndroidDriver: chrome on ANDROID (51a5b69d350864e9562a2470b487b139)] -&gt; xpath: .//word], [[AndroidDriver: chrome on ANDROID (51a5b69d350864e9562a2470b487b139)] -&gt; xpath: .//word], [[AndroidDriver: chrome on ANDROID (51a5b69d350864e9562a2470b487b139)] -&gt; xpath: .//word], [[AndroidDriver: chrome on ANDROID (51a5b69d350864e9562a2470b487b139)] -&gt; xpath: .//word], [[AndroidDriver: chrome on ANDROID (51a5b69d350864e9562a2470b487b139)] -&gt; xpath: .//word], [[AndroidDriver: chrome on ANDROID (51a5b69d350864e9562a2470b487b139)] -&gt; xpath: .//word], [[AndroidDriver: chrome on ANDROID (51a5b69d350864e9562a2470b487b139)] -&gt; xpath: .//word], [[AndroidDriver: chrome on ANDROID (51a5b69d350864e9562a2470b487b139)] -&gt; xpath: .//word], [[AndroidDriver: chrome on ANDROID (51a5b69d350864e9562a2470b487b139)] -&gt; xpath: .//word], [[AndroidDriver: chrome on ANDROID (51a5b69d350864e9562a2470b487b139)] -&gt; xpath: .//word], [[AndroidDriver: chrome on ANDROID (51a5b69d350864e9562a2470b487b139)] -&gt; xpath: .//word], [[AndroidDriver: chrome on ANDROID (51a5b69d350864e9562a2470b487b139)] -&gt; xpath: .//word], [[AndroidDriver: chrome on ANDROID (51a5b69d350864e9562a2470b487b139)] -&gt; xpath: .//word], [[AndroidDriver: chrome on ANDROID (51a5b69d350864e9562a2470b487b139)] -&gt; xpath: .//word], [[AndroidDriver: chrome on ANDROID (51a5b69d350864e9562a2470b487b139)] -&gt; xpath: .//word], [[AndroidDriver: chrome on ANDROID (51a5b69d350864e9562a2470b487b139)] -&gt; xpath: .//word], [[AndroidDriver: chrome on ANDROID (51a5b69d350864e9562a2470b487b139)] -&gt; xpath: .//word], [[AndroidDriver: chrome on ANDROID (51a5b69d350864e9562a2470b487b139)] -&gt; xpath: .//word], [[AndroidDriver: chrome on ANDROID (51a5b69d350864e9562a2470b487b139)] -&gt; xpath: .//word], [[AndroidDriver: chrome on ANDROID (51a5b69d350864e9562a2470b487b139)] -&gt; xpath: .//word], [[AndroidDriver: chrome on ANDROID (51a5b69d350864e9562a2470b487b139)] -&gt; xpath: .//word], [[AndroidDriver: chrome on ANDROID (51a5b69d350864e9562a2470b487b139)] -&gt; xpath: .//word], [[AndroidDriver: chrome on ANDROID (51a5b69d350864e9562a2470b487b139)] -&gt; xpath: .//word], [[AndroidDriver: chrome on ANDROID (51a5b69d350864e9562a2470b487b139)] -&gt; xpath: .//word], [[AndroidDriver: chrome on ANDROID (51a5b69d350864e9562a2470b487b139)] -&gt; xpath: .//word], [[AndroidDriver: chrome on ANDROID (51a5b69d350864e9562a2470b487b139)] -&gt; xpath: .//word], [[AndroidDriver: chrome on ANDROID (51a5b69d350864e9562a2470b487b139)] -&gt; xpath: .//word], [[AndroidDriver: chrome on ANDROID (51a5b69d350864e9562a2470b487b139)] -&gt; xpath: .//word], [[AndroidDriver: chrome on ANDROID (51a5b69d350864e9562a2470b487b139)] -&gt; xpath: .//word], [[AndroidDriver: chrome on ANDROID (51a5b69d350864e9562a2470b487b139)] -&gt; xpath: .//word], [[AndroidDriver: chrome on ANDROID (51a5b69d350864e9562a2470b487b139)] -&gt; xpath: .//word], [[AndroidDriver: chrome on ANDROID (51a5b69d350864e9562a2470b487b139)] -&gt; xpath: .//word], [[AndroidDriver: chrome on ANDROID (51a5b69d350864e9562a2470b487b139)] -&gt; xpath: .//word], [[AndroidDriver: chrome on ANDROID (51a5b69d350864e9562a2470b487b139)] -&gt; xpath: .//word], [[AndroidDriver: chrome on ANDROID (51a5b69d350864e9562a2470b487b139)] -&gt; xpath: .//word], [[AndroidDriver: chrome on ANDROID (51a5b69d350864e9562a2470b487b139)] -&gt; xpath: .//word], [[AndroidDriver: chrome on ANDROID (51a5b69d350864e9562a2470b487b139)] -&gt; xpath: .//word], [[AndroidDriver: chrome on ANDROID (51a5b69d350864e9562a2470b487b139)] -&gt; xpath: .//word], [[AndroidDriver: chrome on ANDROID (51a5b69d350864e9562a2470b487b139)] -&gt; xpath: .//word], [[AndroidDriver: chrome on ANDROID (51a5b69d350864e9562a2470b487b139)] -&gt; xpath: .//word], [[AndroidDriver: chrome on ANDROID (51a5b69d350864e9562a2470b487b139)] -&gt; xpath: .//word], [[AndroidDriver: chrome on ANDROID (51a5b69d350864e9562a2470b487b139)] -&gt; xpath: .//word], [[AndroidDriver: chrome on ANDROID (51a5b69d350864e9562a2470b487b139)] -&gt; xpath: .//word], [[AndroidDriver: chrome on ANDROID (51a5b69d350864e9562a2470b487b139)] -&gt; xpath: .//word], [[AndroidDriver: chrome on ANDROID (51a5b69d350864e9562a2470b487b139)] -&gt; xpath: .//word], [[AndroidDriver: chrome on ANDROID (51a5b69d350864e9562a2470b487b139)] -&gt; xpath: .//word], [[AndroidDriver: chrome on ANDROID (51a5b69d350864e9562a2470b487b139)] -&gt; xpath: .//word], [[AndroidDriver: chrome on ANDROID (51a5b69d350864e9562a2470b487b139)] -&gt; xpath: .//word], [[AndroidDriver: chrome on ANDROID (51a5b69d350864e9562a2470b487b139)] -&gt; xpath: .//word], [[AndroidDriver: chrome on ANDROID (51a5b69d350864e9562a2470b487b139)] -&gt; xpath: .//word], [[AndroidDriver: chrome on ANDROID (51a5b69d350864e9562a2470b487b139)] -&gt; xpath: .//word], [[AndroidDriver: chrome on ANDROID (51a5b69d350864e9562a2470b487b139)] -&gt; xpath: .//word], [[AndroidDriver: chrome on ANDROID (51a5b69d350864e9562a2470b487b139)] -&gt; xpath: .//word], [[AndroidDriver: chrome on ANDROID (51a5b69d350864e9562a2470b487b139)] -&gt; xpath: .//word], [[AndroidDriver: chrome on ANDROID (51a5b69d350864e9562a2470b487b139)] -&gt; xpath: .//word], [[AndroidDriver: chrome on ANDROID (51a5b69d350864e9562a2470b487b139)] -&gt; xpath: .//word], [[AndroidDriver: chrome on ANDROID (51a5b69d350864e9562a2470b487b139)] -&gt; xpath: .//word], [[AndroidDriver: chrome on ANDROID (51a5b69d350864e9562a2470b487b139)] -&gt; xpath: .//word], [[AndroidDriver: chrome on ANDROID (51a5b69d350864e9562a2470b487b139)] -&gt; xpath: .//word], [[AndroidDriver: chrome on ANDROID (51a5b69d350864e9562a2470b487b139)] -&gt; xpath: .//word], [[AndroidDriver: chrome on ANDROID (51a5b69d350864e9562a2470b487b139)] -&gt; xpath: .//word], [[AndroidDriver: chrome on ANDROID (51a5b69d350864e9562a2470b487b139)] -&gt; xpath: .//word], [[AndroidDriver: chrome on ANDROID (51a5b69d350864e9562a2470b487b139)] -&gt; xpath: .//word], [[AndroidDriver: chrome on ANDROID (51a5b69d350864e9562a2470b487b139)] -&gt; xpath: .//word], [[AndroidDriver: chrome on ANDROID (51a5b69d350864e9562a2470b487b139)] -&gt; xpath: .//word], [[AndroidDriver: chrome on ANDROID (51a5b69d350864e9562a2470b487b139)] -&gt; xpath: .//word], [[AndroidDriver: chrome on ANDROID (51a5b69d350864e9562a2470b487b139)] -&gt; xpath: .//word], [[AndroidDriver: chrome on ANDROID (51a5b69d350864e9562a2470b487b139)] -&gt; xpath: .//word], [[AndroidDriver: chrome on ANDROID (51a5b69d350864e9562a2470b487b139)] -&gt; xpath: .//word], [[AndroidDriver: chrome on ANDROID (51a5b69d350864e9562a2470b487b139)] -&gt; xpath: .//word], [[AndroidDriver: chrome on ANDROID (51a5b69d350864e9562a2470b487b139)] -&gt; xpath: .//word], [[AndroidDriver: chrome on ANDROID (51a5b69d350864e9562a2470b487b139)] -&gt; xpath: .//word], [[AndroidDriver: chrome on ANDROID (51a5b69d350864e9562a2470b487b139)] -&gt; xpath: .//word], [[AndroidDriver: chrome on ANDROID (51a5b69d350864e9562a2470b487b139)] -&gt; xpath: .//word], [[AndroidDriver: chrome on ANDROID (51a5b69d350864e9562a2470b487b139)] -&gt; xpath: .//word], [[AndroidDriver: chrome on ANDROID (51a5b69d350864e9562a2470b487b139)] -&gt; xpath: .//word], [[AndroidDriver: chrome on ANDROID (51a5b69d350864e9562a2470b487b139)] -&gt; xpath: .//word], [[AndroidDriver: chrome on ANDROID (51a5b69d350864e9562a2470b487b139)] -&gt; xpath: .//word], [[AndroidDriver: chrome on ANDROID (51a5b69d350864e9562a2470b487b139)] -&gt; xpath: .//word], [[AndroidDriver: chrome on ANDROID (51a5b69d350864e9562a2470b487b139)] -&gt; xpath: .//word], [[AndroidDriver: chrome on ANDROID (51a5b69d350864e9562a2470b487b139)] -&gt; xpath: .//word], [[AndroidDriver: chrome on ANDROID (51a5b69d350864e9562a2470b487b139)] -&gt; xpath: .//word], [[AndroidDriver: chrome on ANDROID (51a5b69d350864e9562a2470b487b139)] -&gt; xpath: .//word], [[AndroidDriver: chrome on ANDROID (51a5b69d350864e9562a2470b487b139)] -&gt; xpath: .//word], [[AndroidDriver: chrome on ANDROID (51a5b69d350864e9562a2470b487b139)] -&gt; xpath: .//word], [[AndroidDriver: chrome on ANDROID (51a5b69d350864e9562a2470b487b139)] -&gt; xpath: .//word], [[AndroidDriver: chrome on ANDROID (51a5b69d350864e9562a2470b487b139)] -&gt; xpath: .//word], [[AndroidDriver: chrome on ANDROID (51a5b69d350864e9562a2470b487b139)] -&gt; xpath: .//word], [[AndroidDriver: chrome on ANDROID (51a5b69d350864e9562a2470b487b139)] -&gt; xpath: .//word], [[AndroidDriver: chrome on ANDROID (51a5b69d350864e9562a2470b487b139)] -&gt; xpath: .//word], [[AndroidDriver: chrome on ANDROID (51a5b69d350864e9562a2470b487b139)] -&gt; xpath: .//word], [[AndroidDriver: chrome on ANDROID (51a5b69d350864e9562a2470b487b139)] -&gt; xpath: .//word], [[AndroidDriver: chrome on ANDROID (51a5b69d350864e9562a2470b487b139)] -&gt; xpath: .//word], [[AndroidDriver: chrome on ANDROID (51a5b69d350864e9562a2470b487b139)] -&gt; xpath: .//word], [[AndroidDriver: chrome on ANDROID (51a5b69d350864e9562a2470b487b139)] -&gt; xpath: .//word], [[AndroidDriver: chrome on ANDROID (51a5b69d350864e9562a2470b487b139)] -&gt; xpath: .//word], [[AndroidDriver: chrome on ANDROID (51a5b69d350864e9562a2470b487b139)] -&gt; xpath: .//word], [[AndroidDriver: chrome on ANDROID (51a5b69d350864e9562a2470b487b139)] -&gt; xpath: .//word], [[AndroidDriver: chrome on ANDROID (51a5b69d350864e9562a2470b487b139)] -&gt; xpath: .//word], [[AndroidDriver: chrome on ANDROID (51a5b69d350864e9562a2470b487b139)] -&gt; xpath: .//word], [[AndroidDriver: chrome on ANDROID (51a5b69d350864e9562a2470b487b139)] -&gt; xpath: .//word], [[AndroidDriver: chrome on ANDROID (51a5b69d350864e9562a2470b487b139)] -&gt; xpath: .//word], [[AndroidDriver: chrome on ANDROID (51a5b69d350864e9562a2470b487b139)] -&gt; xpath: .//word], [[AndroidDriver: chrome on ANDROID (51a5b69d350864e9562a2470b487b139)] -&gt; xpath: .//word], [[AndroidDriver: chrome on ANDROID (51a5b69d350864e9562a2470b487b139)] -&gt; xpath: .//word], [[AndroidDriver: chrome on ANDROID (51a5b69d350864e9562a2470b487b139)] -&gt; xpath: .//word], [[AndroidDriver: chrome on ANDROID (51a5b69d350864e9562a2470b487b139)] -&gt; xpath: .//word], [[AndroidDriver: chrome on ANDROID (51a5b69d350864e9562a2470b487b139)] -&gt; xpath: .//word], [[AndroidDriver: chrome on ANDROID (51a5b69d350864e9562a2470b487b139)] -&gt; xpath: .//word], [[AndroidDriver: chrome on ANDROID (51a5b69d350864e9562a2470b487b139)] -&gt; xpath: .//word], [[AndroidDriver: chrome on ANDROID (51a5b69d350864e9562a2470b487b139)] -&gt; xpath: .//word], [[AndroidDriver: chrome on ANDROID (51a5b69d350864e9562a2470b487b139)] -&gt; xpath: .//word], [[AndroidDriver: chrome on ANDROID (51a5b69d350864e9562a2470b487b139)] -&gt; xpath: .//word], [[AndroidDriver: chrome on ANDROID (51a5b69d350864e9562a2470b487b139)] -&gt; xpath: .//word], [[AndroidDriver: chrome on ANDROID (51a5b69d350864e9562a2470b487b139)] -&gt; xpath: .//word], [[AndroidDriver: chrome on ANDROID (51a5b69d350864e9562a2470b487b139)] -&gt; xpath: .//word], [[AndroidDriver: chrome on ANDROID (51a5b69d350864e9562a2470b487b139)] -&gt; xpath: .//word], [[AndroidDriver: chrome on ANDROID (51a5b69d350864e9562a2470b487b139)] -&gt; xpath: .//word], [[AndroidDriver: chrome on ANDROID (51a5b69d350864e9562a2470b487b139)] -&gt; xpath: .//word], [[AndroidDriver: chrome on ANDROID (51a5b69d350864e9562a2470b487b139)] -&gt; xpath: .//word], [[AndroidDriver: chrome on ANDROID (51a5b69d350864e9562a2470b487b139)] -&gt; xpath: .//word], [[AndroidDriver: chrome on ANDROID (51a5b69d350864e9562a2470b487b139)] -&gt; xpath: .//word], [[AndroidDriver: chrome on ANDROID (51a5b69d350864e9562a2470b487b139)] -&gt; xpath: .//word], [[AndroidDriver: chrome on ANDROID (51a5b69d350864e9562a2470b487b139)] -&gt; xpath: .//word], [[AndroidDriver: chrome on ANDROID (51a5b69d350864e9562a2470b487b139)] -&gt; xpath: .//word], [[AndroidDriver: chrome on ANDROID (51a5b69d350864e9562a2470b487b139)] -&gt; xpath: .//word], [[AndroidDriver: chrome on ANDROID (51a5b69d350864e9562a2470b487b139)] -&gt; xpath: .//word], [[AndroidDriver: chrome on ANDROID (51a5b69d350864e9562a2470b487b139)] -&gt; xpath: .//word], [[AndroidDriver: chrome on ANDROID (51a5b69d350864e9562a2470b487b139)] -&gt; xpath: .//word], [[AndroidDriver: chrome on ANDROID (51a5b69d350864e9562a2470b487b139)] -&gt; xpath: .//word], [[AndroidDriver: chrome on ANDROID (51a5b69d350864e9562a2470b487b139)] -&gt; xpath: .//word], [[AndroidDriver: chrome on ANDROID (51a5b69d350864e9562a2470b487b139)] -&gt; xpath: .//word], [[AndroidDriver: chrome on ANDROID (51a5b69d350864e9562a2470b487b139)] -&gt; xpath: .//word], [[AndroidDriver: chrome on ANDROID (51a5b69d350864e9562a2470b487b139)] -&gt; xpath: .//word], [[AndroidDriver: chrome on ANDROID (51a5b69d350864e9562a2470b487b139)] -&gt; xpath: .//word], [[AndroidDriver: chrome on ANDROID (51a5b69d350864e9562a2470b487b139)] -&gt; xpath: .//word], [[AndroidDriver: chrome on ANDROID (51a5b69d350864e9562a2470b487b139)] -&gt; xpath: .//word], [[AndroidDriver: chrome on ANDROID (51a5b69d350864e9562a2470b487b139)] -&gt; xpath: .//word], [[AndroidDriver: chrome on ANDROID (51a5b69d350864e9562a2470b487b139)] -&gt; xpath: .//word], [[AndroidDriver: chrome on ANDROID (51a5b69d350864e9562a2470b487b139)] -&gt; xpath: .//word], [[AndroidDriver: chrome on ANDROID (51a5b69d350864e9562a2470b487b139)] -&gt; xpath: .//word], [[AndroidDriver: chrome on ANDROID (51a5b69d350864e9562a2470b487b139)] -&gt; xpath: .//word], [[AndroidDriver: chrome on ANDROID (51a5b69d350864e9562a2470b487b139)] -&gt; xpath: .//word], [[AndroidDriver: chrome on ANDROID (51a5b69d350864e9562a2470b487b139)] -&gt; xpath: .//word], [[AndroidDriver: chrome on ANDROID (51a5b69d350864e9562a2470b487b139)] -&gt; xpath: .//word], [[AndroidDriver: chrome on ANDROID (51a5b69d350864e9562a2470b487b139)] -&gt; xpath: .//word], [[AndroidDriver: chrome on ANDROID (51a5b69d350864e9562a2470b487b139)] -&gt; xpath: .//word], [[AndroidDriver: chrome on ANDROID (51a5b69d350864e9562a2470b487b139)] -&gt; xpath: .//word], [[AndroidDriver: chrome on ANDROID (51a5b69d350864e9562a2470b487b139)] -&gt; xpath: .//word], [[AndroidDriver: chrome on ANDROID (51a5b69d350864e9562a2470b487b139)] -&gt; xpath: .//word], [[AndroidDriver: chrome on ANDROID (51a5b69d350864e9562a2470b487b139)] -&gt; xpath: .//word], [[AndroidDriver: chrome on ANDROID (51a5b69d350864e9562a2470b487b139)] -&gt; xpath: .//word], [[AndroidDriver: chrome on ANDROID (51a5b69d350864e9562a2470b487b139)] -&gt; xpath: .//word], [[AndroidDriver: chrome on ANDROID (51a5b69d350864e9562a2470b487b139)] -&gt; xpath: .//word], [[AndroidDriver: chrome on ANDROID (51a5b69d350864e9562a2470b487b139)] -&gt; xpath: .//word], [[AndroidDriver: chrome on ANDROID (51a5b69d350864e9562a2470b487b139)] -&gt; xpath: .//word], [[AndroidDriver: chrome on ANDROID (51a5b69d350864e9562a2470b487b139)] -&gt; xpath: .//word], [[AndroidDriver: chrome on ANDROID (51a5b69d350864e9562a2470b487b139)] -&gt; xpath: .//word], [[AndroidDriver: chrome on ANDROID (51a5b69d350864e9562a2470b487b139)] -&gt; xpath: .//word], [[AndroidDriver: chrome on ANDROID (51a5b69d350864e9562a2470b487b139)] -&gt; xpath: .//word], [[AndroidDriver: chrome on ANDROID (51a5b69d350864e9562a2470b487b139)] -&gt; xpath: .//word], [[AndroidDriver: chrome on ANDROID (51a5b69d350864e9562a2470b487b139)] -&gt; xpath: .//word], [[AndroidDriver: chrome on ANDROID (51a5b69d350864e9562a2470b487b139)] -&gt; xpath: .//word], [[AndroidDriver: chrome on ANDROID (51a5b69d350864e9562a2470b487b139)] -&gt; xpath: .//word], [[AndroidDriver: chrome on ANDROID (51a5b69d350864e9562a2470b487b139)] -&gt; xpath: .//word], [[AndroidDriver: chrome on ANDROID (51a5b69d350864e9562a2470b487b139)] -&gt; xpath: .//word], [[AndroidDriver: chrome on ANDROID (51a5b69d350864e9562a2470b487b139)] -&gt; xpath: .//word], [[AndroidDriver: chrome on ANDROID (51a5b69d350864e9562a2470b487b139)] -&gt; xpath: .//word], [[AndroidDriver: chrome on ANDROID (51a5b69d350864e9562a2470b487b139)] -&gt; xpath: .//word], [[AndroidDriver: chrome on ANDROID (51a5b69d350864e9562a2470b487b139)] -&gt; xpath: .//word], [[AndroidDriver: chrome on ANDROID (51a5b69d350864e9562a2470b487b139)] -&gt; xpath: .//word], [[AndroidDriver: chrome on ANDROID (51a5b69d350864e9562a2470b487b139)] -&gt; xpath: .//word], [[AndroidDriver: chrome on ANDROID (51a5b69d350864e9562a2470b487b139)] -&gt; xpath: .//word], [[AndroidDriver: chrome on ANDROID (51a5b69d350864e9562a2470b487b139)] -&gt; xpath: .//word], [[AndroidDriver: chrome on ANDROID (51a5b69d350864e9562a2470b487b139)] -&gt; xpath: .//word], [[AndroidDriver: chrome on ANDROID (51a5b69d350864e9562a2470b487b139)] -&gt; xpath: .//word], [[AndroidDriver: chrome on ANDROID (51a5b69d350864e9562a2470b487b139)] -&gt; xpath: .//word], [[AndroidDriver: chrome on ANDROID (51a5b69d350864e9562a2470b487b139)] -&gt; xpath: .//word], [[AndroidDriver: chrome on ANDROID (51a5b69d350864e9562a2470b487b139)] -&gt; xpath: .//word], [[AndroidDriver: chrome on ANDROID (51a5b69d350864e9562a2470b487b139)] -&gt; xpath: .//word], [[AndroidDriver: chrome on ANDROID (51a5b69d350864e9562a2470b487b139)] -&gt; xpath: .//word], [[AndroidDriver: chrome on ANDROID (51a5b69d350864e9562a2470b487b139)] -&gt; xpath: .//word], [[AndroidDriver: chrome on ANDROID (51a5b69d350864e9562a2470b487b139)] -&gt; xpath: .//word], [[AndroidDriver: chrome on ANDROID (51a5b69d350864e9562a2470b487b139)] -&gt; xpath: .//word], [[AndroidDriver: chrome on ANDROID (51a5b69d350864e9562a2470b487b139)] -&gt; xpath: .//word], [[AndroidDriver: chrome on ANDROID (51a5b69d350864e9562a2470b487b139)] -&gt; xpath: .//word], [[AndroidDriver: chrome on ANDROID (51a5b69d350864e9562a2470b487b139)] -&gt; xpath: .//word], [[AndroidDriver: chrome on ANDROID (51a5b69d350864e9562a2470b487b139)] -&gt; xpath: .//word], [[AndroidDriver: chrome on ANDROID (51a5b69d350864e9562a2470b487b139)] -&gt; xpath: .//word], [[AndroidDriver: chrome on ANDROID (51a5b69d350864e9562a2470b487b139)] -&gt; xpath: .//word], [[AndroidDriver: chrome on ANDROID (51a5b69d350864e9562a2470b487b139)] -&gt; xpath: .//word], [[AndroidDriver: chrome on ANDROID (51a5b69d350864e9562a2470b487b139)] -&gt; xpath: .//word], [[AndroidDriver: chrome on ANDROID (51a5b69d350864e9562a2470b487b139)] -&gt; xpath: .//word], [[AndroidDriver: chrome on ANDROID (51a5b69d350864e9562a2470b487b139)] -&gt; xpath: .//word], [[AndroidDriver: chrome on ANDROID (51a5b69d350864e9562a2470b487b139)] -&gt; xpath: .//word], [[AndroidDriver: chrome on ANDROID (51a5b69d350864e9562a2470b487b139)] -&gt; xpath: .//word], [[AndroidDriver: chrome on ANDROID (51a5b69d350864e9562a2470b487b139)] -&gt; xpath: .//word], [[AndroidDriver: chrome on ANDROID (51a5b69d350864e9562a2470b487b139)] -&gt; xpath: .//word], [[AndroidDriver: chrome on ANDROID (51a5b69d350864e9562a2470b487b139)] -&gt; xpath: .//word], [[AndroidDriver: chrome on ANDROID (51a5b69d350864e9562a2470b487b139)] -&gt; xpath: .//word], [[AndroidDriver: chrome on ANDROID (51a5b69d350864e9562a2470b487b139)] -&gt; xpath: .//word], [[AndroidDriver: chrome on ANDROID (51a5b69d350864e9562a2470b487b139)] -&gt; xpath: .//word], [[AndroidDriver: chrome on ANDROID (51a5b69d350864e9562a2470b487b139)] -&gt; xpath: .//word], [[AndroidDriver: chrome on ANDROID (51a5b69d350864e9562a2470b487b139)] -&gt; xpath: .//word], [[AndroidDriver: chrome on ANDROID (51a5b69d350864e9562a2470b487b139)] -&gt; xpath: .//word], [[AndroidDriver: chrome on ANDROID (51a5b69d350864e9562a2470b487b139)] -&gt; xpath: .//word], [[AndroidDriver: chrome on ANDROID (51a5b69d350864e9562a2470b487b139)] -&gt; xpath: .//word], [[AndroidDriver: chrome on ANDROID (51a5b69d350864e9562a2470b487b139)] -&gt; xpath: .//word], [[AndroidDriver: chrome on ANDROID (51a5b69d350864e9562a2470b487b139)] -&gt; xpath: .//word], [[AndroidDriver: chrome on ANDROID (51a5b69d350864e9562a2470b487b139)] -&gt; xpath: .//word], [[AndroidDriver: chrome on ANDROID (51a5b69d350864e9562a2470b487b139)] -&gt; xpath: .//word], [[AndroidDriver: chrome on ANDROID (51a5b69d350864e9562a2470b487b139)] -&gt; xpath: .//word], [[AndroidDriver: chrome on ANDROID (51a5b69d350864e9562a2470b487b139)] -&gt; xpath: .//word], [[AndroidDriver: chrome on ANDROID (51a5b69d350864e9562a2470b487b139)] -&gt; xpath: .//word], [[AndroidDriver: chrome on ANDROID (51a5b69d350864e9562a2470b487b139)] -&gt; xpath: .//word], [[AndroidDriver: chrome on ANDROID (51a5b69d350864e9562a2470b487b139)] -&gt; xpath: .//word], [[AndroidDriver: chrome on ANDROID (51a5b69d350864e9562a2470b487b139)] -&gt; xpath: .//word], [[AndroidDriver: chrome on ANDROID (51a5b69d350864e9562a2470b487b139)] -&gt; xpath: .//word], [[AndroidDriver: chrome on ANDROID (51a5b69d350864e9562a2470b487b139)] -&gt; xpath: .//word], [[AndroidDriver: chrome on ANDROID (51a5b69d350864e9562a2470b487b139)] -&gt; xpath: .//word], [[AndroidDriver: chrome on ANDROID (51a5b69d350864e9562a2470b487b139)] -&gt; xpath: .//word], [[AndroidDriver: chrome on ANDROID (51a5b69d350864e9562a2470b487b139)] -&gt; xpath: .//word], [[AndroidDriver: chrome on ANDROID (51a5b69d350864e9562a2470b487b139)] -&gt; xpath: .//word], [[AndroidDriver: chrome on ANDROID (51a5b69d350864e9562a2470b487b139)] -&gt; xpath: .//word], [[AndroidDriver: chrome on ANDROID (51a5b69d350864e9562a2470b487b139)] -&gt; xpath: .//word], [[AndroidDriver: chrome on ANDROID (51a5b69d350864e9562a2470b487b139)] -&gt; xpath: .//word], [[AndroidDriver: chrome on ANDROID (51a5b69d350864e9562a2470b487b139)] -&gt; xpath: .//word], [[AndroidDriver: chrome on ANDROID (51a5b69d350864e9562a2470b487b139)] -&gt; xpath: .//word], [[AndroidDriver: chrome on ANDROID (51a5b69d350864e9562a2470b487b139)] -&gt; xpath: .//word], [[AndroidDriver: chrome on ANDROID (51a5b69d350864e9562a2470b487b139)] -&gt; xpath: .//word], [[AndroidDriver: chrome on ANDROID (51a5b69d350864e9562a2470b487b139)] -&gt; xpath: .//word], [[AndroidDriver: chrome on ANDROID (51a5b69d350864e9562a2470b487b139)] -&gt; xpath: .//word], [[AndroidDriver: chrome on ANDROID (51a5b69d350864e9562a2470b487b139)] -&gt; xpath: .//word], [[AndroidDriver: chrome on ANDROID (51a5b69d350864e9562a2470b487b139)] -&gt; xpath: .//word], [[AndroidDriver: chrome on ANDROID (51a5b69d350864e9562a2470b487b139)] -&gt; xpath: .//word], [[AndroidDriver: chrome on ANDROID (51a5b69d350864e9562a2470b487b139)] -&gt; xpath: .//word], [[AndroidDriver: chrome on ANDROID (51a5b69d350864e9562a2470b487b139)] -&gt; xpath: .//word], [[AndroidDriver: chrome on ANDROID (51a5b69d350864e9562a2470b487b139)] -&gt; xpath: .//word], [[AndroidDriver: chrome on ANDROID (51a5b69d350864e9562a2470b487b139)] -&gt; xpath: .//word], [[AndroidDriver: chrome on ANDROID (51a5b69d350864e9562a2470b487b139)] -&gt; xpath: .//word], [[AndroidDriver: chrome on ANDROID (51a5b69d350864e9562a2470b487b139)] -&gt; xpath: .//word], [[AndroidDriver: chrome on ANDROID (51a5b69d350864e9562a2470b487b139)] -&gt; xpath: .//word], [[AndroidDriver: chrome on ANDROID (51a5b69d350864e9562a2470b487b139)] -&gt; xpath: .//word], [[AndroidDriver: chrome on ANDROID (51a5b69d350864e9562a2470b487b139)] -&gt; xpath: .//word], [[AndroidDriver: chrome on ANDROID (51a5b69d350864e9562a2470b487b139)] -&gt; xpath: .//word], [[AndroidDriver: chrome on ANDROID (51a5b69d350864e9562a2470b487b139)] -&gt; xpath: .//word], [[AndroidDriver: chrome on ANDROID (51a5b69d350864e9562a2470b487b139)] -&gt; xpath: .//word], [[AndroidDriver: chrome on ANDROID (51a5b69d350864e9562a2470b487b139)] -&gt; xpath: .//word], [[AndroidDriver: chrome on ANDROID (51a5b69d350864e9562a2470b487b139)] -&gt; xpath: .//word], [[AndroidDriver: chrome on ANDROID (51a5b69d350864e9562a2470b487b139)] -&gt; xpath: .//word], [[AndroidDriver: chrome on ANDROID (51a5b69d350864e9562a2470b487b139)] -&gt; xpath: .//word], [[AndroidDriver: chrome on ANDROID (51a5b69d350864e9562a2470b487b139)] -&gt; xpath: .//word], [[AndroidDriver: chrome on ANDROID (51a5b69d350864e9562a2470b487b139)] -&gt; xpath: .//word], [[AndroidDriver: chrome on ANDROID (51a5b69d350864e9562a2470b487b139)] -&gt; xpath: .//word], [[AndroidDriver: chrome on ANDROID (51a5b69d350864e9562a2470b487b139)] -&gt; xpath: .//word], [[AndroidDriver: chrome on ANDROID (51a5b69d350864e9562a2470b487b139)] -&gt; xpath: .//word], [[AndroidDriver: chrome on ANDROID (51a5b69d350864e9562a2470b487b139)] -&gt; xpath: .//word], [[AndroidDriver: chrome on ANDROID (51a5b69d350864e9562a2470b487b139)] -&gt; xpath: .//word], [[AndroidDriver: chrome on ANDROID (51a5b69d350864e9562a2470b487b139)] -&gt; xpath: .//word], [[AndroidDriver: chrome on ANDROID (51a5b69d350864e9562a2470b487b139)] -&gt; xpath: .//word], [[AndroidDriver: chrome on ANDROID (51a5b69d350864e9562a2470b487b139)] -&gt; xpath: .//word], [[AndroidDriver: chrome on ANDROID (51a5b69d350864e9562a2470b487b139)] -&gt; xpath: .//word], [[AndroidDriver: chrome on ANDROID (51a5b69d350864e9562a2470b487b139)] -&gt; xpath: .//word], [[AndroidDriver: chrome on ANDROID (51a5b69d350864e9562a2470b487b139)] -&gt; xpath: .//word], [[AndroidDriver: chrome on ANDROID (51a5b69d350864e9562a2470b487b139)] -&gt; xpath: .//word], [[AndroidDriver: chrome on ANDROID (51a5b69d350864e9562a2470b487b139)] -&gt; xpath: .//word], [[AndroidDriver: chrome on ANDROID (51a5b69d350864e9562a2470b487b139)] -&gt; xpath: .//word], [[AndroidDriver: chrome on ANDROID (51a5b69d350864e9562a2470b487b139)] -&gt; xpath: .//word], [[AndroidDriver: chrome on ANDROID (51a5b69d350864e9562a2470b487b139)] -&gt; xpath: .//word], [[AndroidDriver: chrome on ANDROID (51a5b69d350864e9562a2470b487b139)] -&gt; xpath: .//word], [[AndroidDriver: chrome on ANDROID (51a5b69d350864e9562a2470b487b139)] -&gt; xpath: .//word], [[AndroidDriver: chrome on ANDROID (51a5b69d350864e9562a2470b487b139)] -&gt; xpath: .//word], [[AndroidDriver: chrome on ANDROID (51a5b69d350864e9562a2470b487b139)] -&gt; xpath: .//word], [[AndroidDriver: chrome on ANDROID (51a5b69d350864e9562a2470b487b139)] -&gt; xpath: .//word], [[AndroidDriver: chrome on ANDROID (51a5b69d350864e9562a2470b487b139)] -&gt; xpath: .//word], [[AndroidDriver: chrome on ANDROID (51a5b69d350864e9562a2470b487b139)] -&gt; xpath: .//word], [[AndroidDriver: chrome on ANDROID (51a5b69d350864e9562a2470b487b139)] -&gt; xpath: .//word], [[AndroidDriver: chrome on ANDROID (51a5b69d350864e9562a2470b487b139)] -&gt; xpath: .//word], [[AndroidDriver: chrome on ANDROID (51a5b69d350864e9562a2470b487b139)] -&gt; xpath: .//word], [[AndroidDriver: chrome on ANDROID (51a5b69d350864e9562a2470b487b139)] -&gt; xpath: .//word], [[AndroidDriver: chrome on ANDROID (51a5b69d350864e9562a2470b487b139)] -&gt; xpath: .//word], [[AndroidDriver: chrome on ANDROID (51a5b69d350864e9562a2470b487b139)] -&gt; xpath: .//word], [[AndroidDriver: chrome on ANDROID (51a5b69d350864e9562a2470b487b139)] -&gt; xpath: .//word], [[AndroidDriver: chrome on ANDROID (51a5b69d350864e9562a2470b487b139)] -&gt; xpath: .//word], [[AndroidDriver: chrome on ANDROID (51a5b69d350864e9562a2470b487b139)] -&gt; xpath: .//word], [[AndroidDriver: chrome on ANDROID (51a5b69d350864e9562a2470b487b139)] -&gt; xpath: .//word], [[AndroidDriver: chrome on ANDROID (51a5b69d350864e9562a2470b487b139)] -&gt; xpath: .//word], [[AndroidDriver: chrome on ANDROID (51a5b69d350864e9562a2470b487b139)] -&gt; xpath: .//word], [[AndroidDriver: chrome on ANDROID (51a5b69d350864e9562a2470b487b139)] -&gt; xpath: .//word], [[AndroidDriver: chrome on ANDROID (51a5b69d350864e9562a2470b487b139)] -&gt; xpath: .//word], [[AndroidDriver: chrome on ANDROID (51a5b69d350864e9562a2470b487b139)] -&gt; xpath: .//word], [[AndroidDriver: chrome on ANDROID (51a5b69d350864e9562a2470b487b139)] -&gt; xpath: .//word], [[AndroidDriver: chrome on ANDROID (51a5b69d350864e9562a2470b487b139)] -&gt; xpath: .//word], [[AndroidDriver: chrome on ANDROID (51a5b69d350864e9562a2470b487b139)] -&gt; xpath: .//word], [[AndroidDriver: chrome on ANDROID (51a5b69d350864e9562a2470b487b139)] -&gt; xpath: .//word], [[AndroidDriver: chrome on ANDROID (51a5b69d350864e9562a2470b487b139)] -&gt; xpath: .//word], [[AndroidDriver: chrome on ANDROID (51a5b69d350864e9562a2470b487b139)] -&gt; xpath: .//word], [[AndroidDriver: chrome on ANDROID (51a5b69d350864e9562a2470b487b139)] -&gt; xpath: .//word], [[AndroidDriver: chrome on ANDROID (51a5b69d350864e9562a2470b487b139)] -&gt; xpath: .//word], [[AndroidDriver: chrome on ANDROID (51a5b69d350864e9562a2470b487b139)] -&gt; xpath: .//word], [[AndroidDriver: chrome on ANDROID (51a5b69d350864e9562a2470b487b139)] -&gt; xpath: .//word], [[AndroidDriver: chrome on ANDROID (51a5b69d350864e9562a2470b487b139)] -&gt; xpath: .//word], [[AndroidDriver: chrome on ANDROID (51a5b69d350864e9562a2470b487b139)] -&gt; xpath: .//word], [[AndroidDriver: chrome on ANDROID (51a5b69d350864e9562a2470b487b139)] -&gt; xpath: .//word], [[AndroidDriver: chrome on ANDROID (51a5b69d350864e9562a2470b487b139)] -&gt; xpath: .//word], [[AndroidDriver: chrome on ANDROID (51a5b69d350864e9562a2470b487b139)] -&gt; xpath: .//word], [[AndroidDriver: chrome on ANDROID (51a5b69d350864e9562a2470b487b139)] -&gt; xpath: .//word], [[AndroidDriver: chrome on ANDROID (51a5b69d350864e9562a2470b487b139)] -&gt; xpath: .//word], [[AndroidDriver: chrome on ANDROID (51a5b69d350864e9562a2470b487b139)] -&gt; xpath: .//word], [[AndroidDriver: chrome on ANDROID (51a5b69d350864e9562a2470b487b139)] -&gt; xpath: .//word], [[AndroidDriver: chrome on ANDROID (51a5b69d350864e9562a2470b487b139)] -&gt; xpath: .//word], [[AndroidDriver: chrome on ANDROID (51a5b69d350864e9562a2470b487b139)] -&gt; xpath: .//word], [[AndroidDriver: chrome on ANDROID (51a5b69d350864e9562a2470b487b139)] -&gt; xpath: .//word], [[AndroidDriver: chrome on ANDROID (51a5b69d350864e9562a2470b487b139)] -&gt; xpath: .//word], [[AndroidDriver: chrome on ANDROID (51a5b69d350864e9562a2470b487b139)] -&gt; xpath: .//word], [[AndroidDriver: chrome on ANDROID (51a5b69d350864e9562a2470b487b139)] -&gt; xpath: .//word], [[AndroidDriver: chrome on ANDROID (51a5b69d350864e9562a2470b487b139)] -&gt; xpath: .//word], [[AndroidDriver: chrome on ANDROID (51a5b69d350864e9562a2470b487b139)] -&gt; xpath: .//word], [[AndroidDriver: chrome on ANDROID (51a5b69d350864e9562a2470b487b139)] -&gt; xpath: .//word], [[AndroidDriver: chrome on ANDROID (51a5b69d350864e9562a2470b487b139)] -&gt; xpath: .//word], [[AndroidDriver: chrome on ANDROID (51a5b69d350864e9562a2470b487b139)] -&gt; xpath: .//word], [[AndroidDriver: chrome on ANDROID (51a5b69d350864e9562a2470b487b139)] -&gt; xpath: .//word], [[AndroidDriver: chrome on ANDROID (51a5b69d350864e9562a2470b487b139)] -&gt; xpath: .//word], [[AndroidDriver: chrome on ANDROID (51a5b69d350864e9562a2470b487b139)] -&gt; xpath: .//word], [[AndroidDriver: chrome on ANDROID (51a5b69d350864e9562a2470b487b139)] -&gt; xpath: .//word], [[AndroidDriver: chrome on ANDROID (51a5b69d350864e9562a2470b487b139)] -&gt; xpath: .//word], [[AndroidDriver: chrome on ANDROID (51a5b69d350864e9562a2470b487b139)] -&gt; xpath: .//word], [[AndroidDriver: chrome on ANDROID (51a5b69d350864e9562a2470b487b139)] -&gt; xpath: .//word], [[AndroidDriver: chrome on ANDROID (51a5b69d350864e9562a2470b487b139)] -&gt; xpath: .//word], [[AndroidDriver: chrome on ANDROID (51a5b69d350864e9562a2470b487b139)] -&gt; xpath: .//word], [[AndroidDriver: chrome on ANDROID (51a5b69d350864e9562a2470b487b139)] -&gt; xpath: .//word], [[AndroidDriver: chrome on ANDROID (51a5b69d350864e9562a2470b487b139)] -&gt; xpath: .//word], [[AndroidDriver: chrome on ANDROID (51a5b69d350864e9562a2470b487b139)] -&gt; xpath: .//word], [[AndroidDriver: chrome on ANDROID (51a5b69d350864e9562a2470b487b139)] -&gt; xpath: .//word], [[AndroidDriver: chrome on ANDROID (51a5b69d350864e9562a2470b487b139)] -&gt; xpath: .//word], [[AndroidDriver: chrome on ANDROID (51a5b69d350864e9562a2470b487b139)] -&gt; xpath: .//word], [[AndroidDriver: chrome on ANDROID (51a5b69d350864e9562a2470b487b139)] -&gt; xpath: .//word], [[AndroidDriver: chrome on ANDROID (51a5b69d350864e9562a2470b487b139)] -&gt; xpath: .//word], [[AndroidDriver: chrome on ANDROID (51a5b69d350864e9562a2470b487b139)] -&gt; xpath: .//word], [[AndroidDriver: chrome on ANDROID (51a5b69d350864e9562a2470b487b139)] -&gt; xpath: .//word], [[AndroidDriver: chrome on ANDROID (51a5b69d350864e9562a2470b487b139)] -&gt; xpath: .//word], [[AndroidDriver: chrome on ANDROID (51a5b69d350864e9562a2470b487b139)] -&gt; xpath: .//word], [[AndroidDriver: chrome on ANDROID (51a5b69d350864e9562a2470b487b139)] -&gt; xpath: .//word], [[AndroidDriver: chrome on ANDROID (51a5b69d350864e9562a2470b487b139)] -&gt; xpath: .//word], [[AndroidDriver: chrome on ANDROID (51a5b69d350864e9562a2470b487b139)] -&gt; xpath: .//word], [[AndroidDriver: chrome on ANDROID (51a5b69d350864e9562a2470b487b139)] -&gt; xpath: .//word], [[AndroidDriver: chrome on ANDROID (51a5b69d350864e9562a2470b487b139)] -&gt; xpath: .//word], [[AndroidDriver: chrome on ANDROID (51a5b69d350864e9562a2470b487b139)] -&gt; xpath: .//word], [[AndroidDriver: chrome on ANDROID (51a5b69d350864e9562a2470b487b139)] -&gt; xpath: .//word], [[AndroidDriver: chrome on ANDROID (51a5b69d350864e9562a2470b487b139)] -&gt; xpath: .//word], [[AndroidDriver: chrome on ANDROID (51a5b69d350864e9562a2470b487b139)] -&gt; xpath: .//word], [[AndroidDriver: chrome on ANDROID (51a5b69d350864e9562a2470b487b139)] -&gt; xpath: .//word], [[AndroidDriver: chrome on ANDROID (51a5b69d350864e9562a2470b487b139)] -&gt; xpath: .//word], [[AndroidDriver: chrome on ANDROID (51a5b69d350864e9562a2470b487b139)] -&gt; xpath: .//word], [[AndroidDriver: chrome on ANDROID (51a5b69d350864e9562a2470b487b139)] -&gt; xpath: .//word], [[AndroidDriver: chrome on ANDROID (51a5b69d350864e9562a2470b487b139)] -&gt; xpath: .//word], [[AndroidDriver: chrome on ANDROID (51a5b69d350864e9562a2470b487b139)] -&gt; xpath: .//word], [[AndroidDriver: chrome on ANDROID (51a5b69d350864e9562a2470b487b139)] -&gt; xpath: .//word], [[AndroidDriver: chrome on ANDROID (51a5b69d350864e9562a2470b487b139)] -&gt; xpath: .//word], [[AndroidDriver: chrome on ANDROID (51a5b69d350864e9562a2470b487b139)] -&gt; xpath: .//word], [[AndroidDriver: chrome on ANDROID (51a5b69d350864e9562a2470b487b139)] -&gt; xpath: .//word], [[AndroidDriver: chrome on ANDROID (51a5b69d350864e9562a2470b487b139)] -&gt; xpath: .//word], [[AndroidDriver: chrome on ANDROID (51a5b69d350864e9562a2470b487b139)] -&gt; xpath: .//word], [[AndroidDriver: chrome on ANDROID (51a5b69d350864e9562a2470b487b139)] -&gt; xpath: .//word], [[AndroidDriver: chrome on ANDROID (51a5b69d350864e9562a2470b487b139)] -&gt; xpath: .//word], [[AndroidDriver: chrome on ANDROID (51a5b69d350864e9562a2470b487b139)] -&gt; xpath: .//word], [[AndroidDriver: chrome on ANDROID (51a5b69d350864e9562a2470b487b139)] -&gt; xpath: .//word], [[AndroidDriver: chrome on ANDROID (51a5b69d350864e9562a2470b487b139)] -&gt; xpath: .//word], [[AndroidDriver: chrome on ANDROID (51a5b69d350864e9562a2470b487b139)] -&gt; xpath: .//word], [[AndroidDriver: chrome on ANDROID (51a5b69d350864e9562a2470b487b139)] -&gt; xpath: .//word], [[AndroidDriver: chrome on ANDROID (51a5b69d350864e9562a2470b487b139)] -&gt; xpath: .//word], [[AndroidDriver: chrome on ANDROID (51a5b69d350864e9562a2470b487b139)] -&gt; xpath: .//word], [[AndroidDriver: chrome on ANDROID (51a5b69d350864e9562a2470b487b139)] -&gt; xpath: .//word], [[AndroidDriver: chrome on ANDROID (51a5b69d350864e9562a2470b487b139)] -&gt; xpath: .//word], [[AndroidDriver: chrome on ANDROID (51a5b69d350864e9562a2470b487b139)] -&gt; xpath: .//word], [[AndroidDriver: chrome on ANDROID (51a5b69d350864e9562a2470b487b139)] -&gt; xpath: .//word], [[AndroidDriver: chrome on ANDROID (51a5b69d350864e9562a2470b487b139)] -&gt; xpath: .//word], [[AndroidDriver: chrome on ANDROID (51a5b69d350864e9562a2470b487b139)] -&gt; xpath: .//word], [[AndroidDriver: chrome on ANDROID (51a5b69d350864e9562a2470b487b139)] -&gt; xpath: .//word], [[AndroidDriver: chrome on ANDROID (51a5b69d350864e9562a2470b487b139)] -&gt; xpath: .//word], [[AndroidDriver: chrome on ANDROID (51a5b69d350864e9562a2470b487b139)] -&gt; xpath: .//word], [[AndroidDriver: chrome on ANDROID (51a5b69d350864e9562a2470b487b139)] -&gt; xpath: .//word], [[AndroidDriver: chrome on ANDROID (51a5b69d350864e9562a2470b487b139)] -&gt; xpath: .//word], [[AndroidDriver: chrome on ANDROID (51a5b69d350864e9562a2470b487b139)] -&gt; xpath: .//word], [[AndroidDriver: chrome on ANDROID (51a5b69d350864e9562a2470b487b139)] -&gt; xpath: .//word], [[AndroidDriver: chrome on ANDROID (51a5b69d350864e9562a2470b487b139)] -&gt; xpath: .//word], [[AndroidDriver: chrome on ANDROID (51a5b69d350864e9562a2470b487b139)] -&gt; xpath: .//word], [[AndroidDriver: chrome on ANDROID (51a5b69d350864e9562a2470b487b139)] -&gt; xpath: .//word], [[AndroidDriver: chrome on ANDROID (51a5b69d350864e9562a2470b487b139)] -&gt; xpath: .//word], [[AndroidDriver: chrome on ANDROID (51a5b69d350864e9562a2470b487b139)] -&gt; xpath: .//word], [[AndroidDriver: chrome on ANDROID (51a5b69d350864e9562a2470b487b139)] -&gt; xpath: .//word], [[AndroidDriver: chrome on ANDROID (51a5b69d350864e9562a2470b487b139)] -&gt; xpath: .//word], [[AndroidDriver: chrome on ANDROID (51a5b69d350864e9562a2470b487b139)] -&gt; xpath: .//word], [[AndroidDriver: chrome on ANDROID (51a5b69d350864e9562a2470b487b139)] -&gt; xpath: .//word], [[AndroidDriver: chrome on ANDROID (51a5b69d350864e9562a2470b487b139)] -&gt; xpath: .//word], [[AndroidDriver: chrome on ANDROID (51a5b69d350864e9562a2470b487b139)] -&gt; xpath: .//word], [[AndroidDriver: chrome on ANDROID (51a5b69d350864e9562a2470b487b139)] -&gt; xpath: .//word], [[AndroidDriver: chrome on ANDROID (51a5b69d350864e9562a2470b487b139)] -&gt; xpath: .//word], [[AndroidDriver: chrome on ANDROID (51a5b69d350864e9562a2470b487b139)] -&gt; xpath: .//word], [[AndroidDriver: chrome on ANDROID (51a5b69d350864e9562a2470b487b139)] -&gt; xpath: .//word], [[AndroidDriver: chrome on ANDROID (51a5b69d350864e9562a2470b487b139)] -&gt; xpath: .//word], [[AndroidDriver: chrome on ANDROID (51a5b69d350864e9562a2470b487b139)] -&gt; xpath: .//word], [[AndroidDriver: chrome on ANDROID (51a5b69d350864e9562a2470b487b139)] -&gt; xpath: .//word], [[AndroidDriver: chrome on ANDROID (51a5b69d350864e9562a2470b487b139)] -&gt; xpath: .//word], [[AndroidDriver: chrome on ANDROID (51a5b69d350864e9562a2470b487b139)] -&gt; xpath: .//word], [[AndroidDriver: chrome on ANDROID (51a5b69d350864e9562a2470b487b139)] -&gt; xpath: .//word], [[AndroidDriver: chrome on ANDROID (51a5b69d350864e9562a2470b487b139)] -&gt; xpath: .//word], [[AndroidDriver: chrome on ANDROID (51a5b69d350864e9562a2470b487b139)] -&gt; xpath: .//word], [[AndroidDriver: chrome on ANDROID (51a5b69d350864e9562a2470b487b139)] -&gt; xpath: .//word], [[AndroidDriver: chrome on ANDROID (51a5b69d350864e9562a2470b487b139)] -&gt; xpath: .//word], [[AndroidDriver: chrome on ANDROID (51a5b69d350864e9562a2470b487b139)] -&gt; xpath: .//word], [[AndroidDriver: chrome on ANDROID (51a5b69d350864e9562a2470b487b139)] -&gt; xpath: .//word], [[AndroidDriver: chrome on ANDROID (51a5b69d350864e9562a2470b487b139)] -&gt; xpath: .//word], [[AndroidDriver: chrome on ANDROID (51a5b69d350864e9562a2470b487b139)] -&gt; xpath: .//word], [[AndroidDriver: chrome on ANDROID (51a5b69d350864e9562a2470b487b139)] -&gt; xpath: .//word], [[AndroidDriver: chrome on ANDROID (51a5b69d350864e9562a2470b487b139)] -&gt; xpath: .//word], [[AndroidDriver: chrome on ANDROID (51a5b69d350864e9562a2470b487b139)] -&gt; xpath: .//word], [[AndroidDriver: chrome on ANDROID (51a5b69d350864e9562a2470b487b139)] -&gt; xpath: .//word], [[AndroidDriver: chrome on ANDROID (51a5b69d350864e9562a2470b487b139)] -&gt; xpath: .//word], [[AndroidDriver: chrome on ANDROID (51a5b69d350864e9562a2470b487b139)] -&gt; xpath: .//word], [[AndroidDriver: chrome on ANDROID (51a5b69d350864e9562a2470b487b139)] -&gt; xpath: .//word], [[AndroidDriver: chrome on ANDROID (51a5b69d350864e9562a2470b487b139)] -&gt; xpath: .//word], [[AndroidDriver: chrome on ANDROID (51a5b69d350864e9562a2470b487b139)] -&gt; xpath: .//word], [[AndroidDriver: chrome on ANDROID (51a5b69d350864e9562a2470b487b139)] -&gt; xpath: .//word], [[AndroidDriver: chrome on ANDROID (51a5b69d350864e9562a2470b487b139)] -&gt; xpath: .//word], [[AndroidDriver: chrome on ANDROID (51a5b69d350864e9562a2470b487b139)] -&gt; xpath: .//word], [[AndroidDriver: chrome on ANDROID (51a5b69d350864e9562a2470b487b139)] -&gt; xpath: .//word], [[AndroidDriver: chrome on ANDROID (51a5b69d350864e9562a2470b487b139)] -&gt; xpath: .//word], [[AndroidDriver: chrome on ANDROID (51a5b69d350864e9562a2470b487b139)] -&gt; xpath: .//word], [[AndroidDriver: chrome on ANDROID (51a5b69d350864e9562a2470b487b139)] -&gt; xpath: .//word], [[AndroidDriver: chrome on ANDROID (51a5b69d350864e9562a2470b487b139)] -&gt; xpath: .//word], [[AndroidDriver: chrome on ANDROID (51a5b69d350864e9562a2470b487b139)] -&gt; xpath: .//word], [[AndroidDriver: chrome on ANDROID (51a5b69d350864e9562a2470b487b139)] -&gt; xpath: .//word], [[AndroidDriver: chrome on ANDROID (51a5b69d350864e9562a2470b487b139)] -&gt; xpath: .//word], [[AndroidDriver: chrome on ANDROID (51a5b69d350864e9562a2470b487b139)] -&gt; xpath: .//word], [[AndroidDriver: chrome on ANDROID (51a5b69d350864e9562a2470b487b139)] -&gt; xpath: .//word], [[AndroidDriver: chrome on ANDROID (51a5b69d350864e9562a2470b487b139)] -&gt; xpath: .//word], [[AndroidDriver: chrome on ANDROID (51a5b69d350864e9562a2470b487b139)] -&gt; xpath: .//word], [[AndroidDriver: chrome on ANDROID (51a5b69d350864e9562a2470b487b139)] -&gt; xpath: .//word], [[AndroidDriver: chrome on ANDROID (51a5b69d350864e9562a2470b487b139)] -&gt; xpath: .//word], [[AndroidDriver: chrome on ANDROID (51a5b69d350864e9562a2470b487b139)] -&gt; xpath: .//word], [[AndroidDriver: chrome on ANDROID (51a5b69d350864e9562a2470b487b139)] -&gt; xpath: .//word], [[AndroidDriver: chrome on ANDROID (51a5b69d350864e9562a2470b487b139)] -&gt; xpath: .//word], [[AndroidDriver: chrome on ANDROID (51a5b69d350864e9562a2470b487b139)] -&gt; xpath: .//word], [[AndroidDriver: chrome on ANDROID (51a5b69d350864e9562a2470b487b139)] -&gt; xpath: .//word], [[AndroidDriver: chrome on ANDROID (51a5b69d350864e9562a2470b487b139)] -&gt; xpath: .//word], [[AndroidDriver: chrome on ANDROID (51a5b69d350864e9562a2470b487b139)] -&gt; xpath: .//word], [[AndroidDriver: chrome on ANDROID (51a5b69d350864e9562a2470b487b139)] -&gt; xpath: .//word], [[AndroidDriver: chrome on ANDROID (51a5b69d350864e9562a2470b487b139)] -&gt; xpath: .//word], [[AndroidDriver: chrome on ANDROID (51a5b69d350864e9562a2470b487b139)] -&gt; xpath: .//word], [[AndroidDriver: chrome on ANDROID (51a5b69d350864e9562a2470b487b139)] -&gt; xpath: .//word], [[AndroidDriver: chrome on ANDROID (51a5b69d350864e9562a2470b487b139)] -&gt; xpath: .//word], [[AndroidDriver: chrome on ANDROID (51a5b69d350864e9562a2470b487b139)] -&gt; xpath: .//word], [[AndroidDriver: chrome on ANDROID (51a5b69d350864e9562a2470b487b139)] -&gt; xpath: .//word], [[AndroidDriver: chrome on ANDROID (51a5b69d350864e9562a2470b487b139)] -&gt; xpath: .//word], [[AndroidDriver: chrome on ANDROID (51a5b69d350864e9562a2470b487b139)] -&gt; xpath: .//word], [[AndroidDriver: chrome on ANDROID (51a5b69d350864e9562a2470b487b139)] -&gt; xpath: .//word], [[AndroidDriver: chrome on ANDROID (51a5b69d350864e9562a2470b487b139)] -&gt; xpath: .//word], [[AndroidDriver: chrome on ANDROID (51a5b69d350864e9562a2470b487b139)] -&gt; xpath: .//word], [[AndroidDriver: chrome on ANDROID (51a5b69d350864e9562a2470b487b139)] -&gt; xpath: .//word], [[AndroidDriver: chrome on ANDROID (51a5b69d350864e9562a2470b487b139)] -&gt; xpath: .//word], [[AndroidDriver: chrome on ANDROID (51a5b69d350864e9562a2470b487b139)] -&gt; xpath: .//word], [[AndroidDriver: chrome on ANDROID (51a5b69d350864e9562a2470b487b139)] -&gt; xpath: .//word], [[AndroidDriver: chrome on ANDROID (51a5b69d350864e9562a2470b487b139)] -&gt; xpath: .//word], [[AndroidDriver: chrome on ANDROID (51a5b69d350864e9562a2470b487b139)] -&gt; xpath: .//word], [[AndroidDriver: chrome on ANDROID (51a5b69d350864e9562a2470b487b139)] -&gt; xpath: .//word], [[AndroidDriver: chrome on ANDROID (51a5b69d350864e9562a2470b487b139)] -&gt; xpath: .//word], [[AndroidDriver: chrome on ANDROID (51a5b69d350864e9562a2470b487b139)] -&gt; xpath: .//word], [[AndroidDriver: chrome on ANDROID (51a5b69d350864e9562a2470b487b139)] -&gt; xpath: .//word], [[AndroidDriver: chrome on ANDROID (51a5b69d350864e9562a2470b487b139)] -&gt; xpath: .//word], [[AndroidDriver: chrome on ANDROID (51a5b69d350864e9562a2470b487b139)] -&gt; xpath: .//word], [[AndroidDriver: chrome on ANDROID (51a5b69d350864e9562a2470b487b139)] -&gt; xpath: .//word], [[AndroidDriver: chrome on ANDROID (51a5b69d350864e9562a2470b487b139)] -&gt; xpath: .//word], [[AndroidDriver: chrome on ANDROID (51a5b69d350864e9562a2470b487b139)] -&gt; xpath: .//word], [[AndroidDriver: chrome on ANDROID (51a5b69d350864e9562a2470b487b139)] -&gt; xpath: .//word], [[AndroidDriver: chrome on ANDROID (51a5b69d350864e9562a2470b487b139)] -&gt; xpath: .//word], [[AndroidDriver: chrome on ANDROID (51a5b69d350864e9562a2470b487b139)] -&gt; xpath: .//word], [[AndroidDriver: chrome on ANDROID (51a5b69d350864e9562a2470b487b139)] -&gt; xpath: .//word], [[AndroidDriver: chrome on ANDROID (51a5b69d350864e9562a2470b487b139)] -&gt; xpath: .//word], [[AndroidDriver: chrome on ANDROID (51a5b69d350864e9562a2470b487b139)] -&gt; xpath: .//word], [[AndroidDriver: chrome on ANDROID (51a5b69d350864e9562a2470b487b139)] -&gt; xpath: .//word], [[AndroidDriver: chrome on ANDROID (51a5b69d350864e9562a2470b487b139)] -&gt; xpath: .//word], [[AndroidDriver: chrome on ANDROID (51a5b69d350864e9562a2470b487b139)] -&gt; xpath: .//word], [[AndroidDriver: chrome on ANDROID (51a5b69d350864e9562a2470b487b139)] -&gt; xpath: .//word], [[AndroidDriver: chrome on ANDROID (51a5b69d350864e9562a2470b487b139)] -&gt; xpath: .//word], [[AndroidDriver: chrome on ANDROID (51a5b69d350864e9562a2470b487b139)] -&gt; xpath: .//word], [[AndroidDriver: chrome on ANDROID (51a5b69d350864e9562a2470b487b139)] -&gt; xpath: .//word], [[AndroidDriver: chrome on ANDROID (51a5b69d350864e9562a2470b487b139)] -&gt; xpath: .//word], [[AndroidDriver: chrome on ANDROID (51a5b69d350864e9562a2470b487b139)] -&gt; xpath: .//word], [[AndroidDriver: chrome on ANDROID (51a5b69d350864e9562a2470b487b139)] -&gt; xpath: .//word], [[AndroidDriver: chrome on ANDROID (51a5b69d350864e9562a2470b487b139)] -&gt; xpath: .//word], [[AndroidDriver: chrome on ANDROID (51a5b69d350864e9562a2470b487b139)] -&gt; xpath: .//word], [[AndroidDriver: chrome on ANDROID (51a5b69d350864e9562a2470b487b139)] -&gt; xpath: .//word], [[AndroidDriver: chrome on ANDROID (51a5b69d350864e9562a2470b487b139)] -&gt; xpath: .//word], [[AndroidDriver: chrome on ANDROID (51a5b69d350864e9562a2470b487b139)] -&gt; xpath: .//word], [[AndroidDriver: chrome on ANDROID (51a5b69d350864e9562a2470b487b139)] -&gt; xpath: .//word], [[AndroidDriver: chrome on ANDROID (51a5b69d350864e9562a2470b487b139)] -&gt; xpath: .//word], [[AndroidDriver: chrome on ANDROID (51a5b69d350864e9562a2470b487b139)] -&gt; xpath: .//word], [[AndroidDriver: chrome on ANDROID (51a5b69d350864e9562a2470b487b139)] -&gt; xpath: .//word], [[AndroidDriver: chrome on ANDROID (51a5b69d350864e9562a2470b487b139)] -&gt; xpath: .//word], [[AndroidDriver: chrome on ANDROID (51a5b69d350864e9562a2470b487b139)] -&gt; xpath: .//word], [[AndroidDriver: chrome on ANDROID (51a5b69d350864e9562a2470b487b139)] -&gt; xpath: .//word], [[AndroidDriver: chrome on ANDROID (51a5b69d350864e9562a2470b487b139)] -&gt; xpath: .//word], [[AndroidDriver: chrome on ANDROID (51a5b69d350864e9562a2470b487b139)] -&gt; xpath: .//word], [[AndroidDriver: chrome on ANDROID (51a5b69d350864e9562a2470b487b139)] -&gt; xpath: .//word], [[AndroidDriver: chrome on ANDROID (51a5b69d350864e9562a2470b487b139)] -&gt; xpath: .//word], [[AndroidDriver: chrome on ANDROID (51a5b69d350864e9562a2470b487b139)] -&gt; xpath: .//word], [[AndroidDriver: chrome on ANDROID (51a5b69d350864e9562a2470b487b139)] -&gt; xpath: .//word], [[AndroidDriver: chrome on ANDROID (51a5b69d350864e9562a2470b487b139)] -&gt; xpath: .//word], [[AndroidDriver: chrome on ANDROID (51a5b69d350864e9562a2470b487b139)] -&gt; xpath: .//word], [[AndroidDriver: chrome on ANDROID (51a5b69d350864e9562a2470b487b139)] -&gt; xpath: .//word], [[AndroidDriver: chrome on ANDROID (51a5b69d350864e9562a2470b487b139)] -&gt; xpath: .//word], [[AndroidDriver: chrome on ANDROID (51a5b69d350864e9562a2470b487b139)] -&gt; xpath: .//word], [[AndroidDriver: chrome on ANDROID (51a5b69d350864e9562a2470b487b139)] -&gt; xpath: .//word], [[AndroidDriver: chrome on ANDROID (51a5b69d350864e9562a2470b487b139)] -&gt; xpath: .//word], [[AndroidDriver: chrome on ANDROID (51a5b69d350864e9562a2470b487b139)] -&gt; xpath: .//word], [[AndroidDriver: chrome on ANDROID (51a5b69d350864e9562a2470b487b139)] -&gt; xpath: .//word], [[AndroidDriver: chrome on ANDROID (51a5b69d350864e9562a2470b487b139)] -&gt; xpath: .//word], [[AndroidDriver: chrome on ANDROID (51a5b69d350864e9562a2470b487b139)] -&gt; xpath: .//word], [[AndroidDriver: chrome on ANDROID (51a5b69d350864e9562a2470b487b139)] -&gt; xpath: .//word], [[AndroidDriver: chrome on ANDROID (51a5b69d350864e9562a2470b487b139)] -&gt; xpath: .//word], [[AndroidDriver: chrome on ANDROID (51a5b69d350864e9562a2470b487b139)] -&gt; xpath: .//word], [[AndroidDriver: chrome on ANDROID (51a5b69d350864e9562a2470b487b139)] -&gt; xpath: .//word], [[AndroidDriver: chrome on ANDROID (51a5b69d350864e9562a2470b487b139)] -&gt; xpath: .//word], [[AndroidDriver: chrome on ANDROID (51a5b69d350864e9562a2470b487b139)] -&gt; xpath: .//word], [[AndroidDriver: chrome on ANDROID (51a5b69d350864e9562a2470b487b139)] -&gt; xpath: .//word], [[AndroidDriver: chrome on ANDROID (51a5b69d350864e9562a2470b487b139)] -&gt; xpath: .//word], [[AndroidDriver: chrome on ANDROID (51a5b69d350864e9562a2470b487b139)] -&gt; xpath: .//word], [[AndroidDriver: chrome on ANDROID (51a5b69d350864e9562a2470b487b139)] -&gt; xpath: .//word], [[AndroidDriver: chrome on ANDROID (51a5b69d350864e9562a2470b487b139)] -&gt; xpath: .//word], [[AndroidDriver: chrome on ANDROID (51a5b69d350864e9562a2470b487b139)] -&gt; xpath: .//word], [[AndroidDriver: chrome on ANDROID (51a5b69d350864e9562a2470b487b139)] -&gt; xpath: .//word], [[AndroidDriver: chrome on ANDROID (51a5b69d350864e9562a2470b487b139)] -&gt; xpath: .//word], [[AndroidDriver: chrome on ANDROID (51a5b69d350864e9562a2470b487b139)] -&gt; xpath: .//word], [[AndroidDriver: chrome on ANDROID (51a5b69d350864e9562a2470b487b139)] -&gt; xpath: .//word], [[AndroidDriver: chrome on ANDROID (51a5b69d350864e9562a2470b487b139)] -&gt; xpath: .//word], [[AndroidDriver: chrome on ANDROID (51a5b69d350864e9562a2470b487b139)] -&gt; xpath: .//word], [[AndroidDriver: chrome on ANDROID (51a5b69d350864e9562a2470b487b139)] -&gt; xpath: .//word], [[AndroidDriver: chrome on ANDROID (51a5b69d350864e9562a2470b487b139)] -&gt; xpath: .//word], [[AndroidDriver: chrome on ANDROID (51a5b69d350864e9562a2470b487b139)] -&gt; xpath: .//word], [[AndroidDriver: chrome on ANDROID (51a5b69d350864e9562a2470b487b139)] -&gt; xpath: .//word], [[AndroidDriver: chrome on ANDROID (51a5b69d350864e9562a2470b487b139)] -&gt; xpath: .//word], [[AndroidDriver: chrome on ANDROID (51a5b69d350864e9562a2470b487b139)] -&gt; xpath: .//word], [[AndroidDriver: chrome on ANDROID (51a5b69d350864e9562a2470b487b139)] -&gt; xpath: .//word], [[AndroidDriver: chrome on ANDROID (51a5b69d350864e9562a2470b487b139)] -&gt; xpath: .//word], [[AndroidDriver: chrome on ANDROID (51a5b69d350864e9562a2470b487b139)] -&gt; xpath: .//word], [[AndroidDriver: chrome on ANDROID (51a5b69d350864e9562a2470b487b139)] -&gt; xpath: .//word], [[AndroidDriver: chrome on ANDROID (51a5b69d350864e9562a2470b487b139)] -&gt; xpath: .//word], [[AndroidDriver: chrome on ANDROID (51a5b69d350864e9562a2470b487b139)] -&gt; xpath: .//word], [[AndroidDriver: chrome on ANDROID (51a5b69d350864e9562a2470b487b139)] -&gt; xpath: .//word], [[AndroidDriver: chrome on ANDROID (51a5b69d350864e9562a2470b487b139)] -&gt; xpath: .//word], [[AndroidDriver: chrome on ANDROID (51a5b69d350864e9562a2470b487b139)] -&gt; xpath: .//word], [[AndroidDriver: chrome on ANDROID (51a5b69d350864e9562a2470b487b139)] -&gt; xpath: .//word], [[AndroidDriver: chrome on ANDROID (51a5b69d350864e9562a2470b487b139)] -&gt; xpath: .//word], [[AndroidDriver: chrome on ANDROID (51a5b69d350864e9562a2470b487b139)] -&gt; xpath: .//word], [[AndroidDriver: chrome on ANDROID (51a5b69d350864e9562a2470b487b139)] -&gt; xpath: .//word], [[AndroidDriver: chrome on ANDROID (51a5b69d350864e9562a2470b487b139)] -&gt; xpath: .//word], [[AndroidDriver: chrome on ANDROID (51a5b69d350864e9562a2470b487b139)] -&gt; xpath: .//word], [[AndroidDriver: chrome on ANDROID (51a5b69d350864e9562a2470b487b139)] -&gt; xpath: .//word], [[AndroidDriver: chrome on ANDROID (51a5b69d350864e9562a2470b487b139)] -&gt; xpath: .//word], [[AndroidDriver: chrome on ANDROID (51a5b69d350864e9562a2470b487b139)] -&gt; xpath: .//word], [[AndroidDriver: chrome on ANDROID (51a5b69d350864e9562a2470b487b139)] -&gt; xpath: .//word], [[AndroidDriver: chrome on ANDROID (51a5b69d350864e9562a2470b487b139)] -&gt; xpath: .//word], [[AndroidDriver: chrome on ANDROID (51a5b69d350864e9562a2470b487b139)] -&gt; xpath: .//word], [[AndroidDriver: chrome on ANDROID (51a5b69d350864e9562a2470b487b139)] -&gt; xpath: .//word], [[AndroidDriver: chrome on ANDROID (51a5b69d350864e9562a2470b487b139)] -&gt; xpath: .//word], [[AndroidDriver: chrome on ANDROID (51a5b69d350864e9562a2470b487b139)] -&gt; xpath: .//word], [[AndroidDriver: chrome on ANDROID (51a5b69d350864e9562a2470b487b139)] -&gt; xpath: .//word], [[AndroidDriver: chrome on ANDROID (51a5b69d350864e9562a2470b487b139)] -&gt; xpath: .//word], [[AndroidDriver: chrome on ANDROID (51a5b69d350864e9562a2470b487b139)] -&gt; xpath: .//word], [[AndroidDriver: chrome on ANDROID (51a5b69d350864e9562a2470b487b139)] -&gt; xpath: .//word], [[AndroidDriver: chrome on ANDROID (51a5b69d350864e9562a2470b487b139)] -&gt; xpath: .//word], [[AndroidDriver: chrome on ANDROID (51a5b69d350864e9562a2470b487b139)] -&gt; xpath: .//word], [[AndroidDriver: chrome on ANDROID (51a5b69d350864e9562a2470b487b139)] -&gt; xpath: .//word], [[AndroidDriver: chrome on ANDROID (51a5b69d350864e9562a2470b487b139)] -&gt; xpath: .//word], [[AndroidDriver: chrome on ANDROID (51a5b69d350864e9562a2470b487b139)] -&gt; xpath: .//word], [[AndroidDriver: chrome on ANDROID (51a5b69d350864e9562a2470b487b139)] -&gt; xpath: .//word], [[AndroidDriver: chrome on ANDROID (51a5b69d350864e9562a2470b487b139)] -&gt; xpath: .//word], [[AndroidDriver: chrome on ANDROID (51a5b69d350864e9562a2470b487b139)] -&gt; xpath: .//word], [[AndroidDriver: chrome on ANDROID (51a5b69d350864e9562a2470b487b139)] -&gt; xpath: .//word], [[AndroidDriver: chrome on ANDROID (51a5b69d350864e9562a2470b487b139)] -&gt; xpath: .//word], [[AndroidDriver: chrome on ANDROID (51a5b69d350864e9562a2470b487b139)] -&gt; xpath: .//word], [[AndroidDriver: chrome on ANDROID (51a5b69d350864e9562a2470b487b139)] -&gt; xpath: .//word], [[AndroidDriver: chrome on ANDROID (51a5b69d350864e9562a2470b487b139)] -&gt; xpath: .//word], [[AndroidDriver: chrome on ANDROID (51a5b69d350864e9562a2470b487b139)] -&gt; xpath: .//word], [[AndroidDriver: chrome on ANDROID (51a5b69d350864e9562a2470b487b139)] -&gt; xpath: .//word], [[AndroidDriver: chrome on ANDROID (51a5b69d350864e9562a2470b487b139)] -&gt; xpath: .//word], [[AndroidDriver: chrome on ANDROID (51a5b69d350864e9562a2470b487b139)] -&gt; xpath: .//word], [[AndroidDriver: chrome on ANDROID (51a5b69d350864e9562a2470b487b139)] -&gt; xpath: .//word], [[AndroidDriver: chrome on ANDROID (51a5b69d350864e9562a2470b487b139)] -&gt; xpath: .//word], [[AndroidDriver: chrome on ANDROID (51a5b69d350864e9562a2470b487b139)] -&gt; xpath: .//word], [[AndroidDriver: chrome on ANDROID (51a5b69d350864e9562a2470b487b139)] -&gt; xpath: .//word], [[AndroidDriver: chrome on ANDROID (51a5b69d350864e9562a2470b487b139)] -&gt; xpath: .//word], [[AndroidDriver: chrome on ANDROID (51a5b69d350864e9562a2470b487b139)] -&gt; xpath: .//word], [[AndroidDriver: chrome on ANDROID (51a5b69d350864e9562a2470b487b139)] -&gt; xpath: .//word], [[AndroidDriver: chrome on ANDROID (51a5b69d350864e9562a2470b487b139)] -&gt; xpath: .//word], [[AndroidDriver: chrome on ANDROID (51a5b69d350864e9562a2470b487b139)] -&gt; xpath: .//word], [[AndroidDriver: chrome on ANDROID (51a5b69d350864e9562a2470b487b139)] -&gt; xpath: .//word], [[AndroidDriver: chrome on ANDROID (51a5b69d350864e9562a2470b487b139)] -&gt; xpath: .//word], [[AndroidDriver: chrome on ANDROID (51a5b69d350864e9562a2470b487b139)] -&gt; xpath: .//word], [[AndroidDriver: chrome on ANDROID (51a5b69d350864e9562a2470b487b139)] -&gt; xpath: .//word], [[AndroidDriver: chrome on ANDROID (51a5b69d350864e9562a2470b487b139)] -&gt; xpath: .//word], [[AndroidDriver: chrome on ANDROID (51a5b69d350864e9562a2470b487b139)] -&gt; xpath: .//word], [[AndroidDriver: chrome on ANDROID (51a5b69d350864e9562a2470b487b139)] -&gt; xpath: .//word], [[AndroidDriver: chrome on ANDROID (51a5b69d350864e9562a2470b487b139)] -&gt; xpath: .//word], [[AndroidDriver: chrome on ANDROID (51a5b69d350864e9562a2470b487b139)] -&gt; xpath: .//word], [[AndroidDriver: chrome on ANDROID (51a5b69d350864e9562a2470b487b139)] -&gt; xpath: .//word], [[AndroidDriver: chrome on ANDROID (51a5b69d350864e9562a2470b487b139)] -&gt; xpath: .//word], [[AndroidDriver: chrome on ANDROID (51a5b69d350864e9562a2470b487b139)] -&gt; xpath: .//word], [[AndroidDriver: chrome on ANDROID (51a5b69d350864e9562a2470b487b139)] -&gt; xpath: .//word], [[AndroidDriver: chrome on ANDROID (51a5b69d350864e9562a2470b487b139)] -&gt; xpath: .//word], [[AndroidDriver: chrome on ANDROID (51a5b69d350864e9562a2470b487b139)] -&gt; xpath: .//word], [[AndroidDriver: chrome on ANDROID (51a5b69d350864e9562a2470b487b139)] -&gt; xpath: .//word], [[AndroidDriver: chrome on ANDROID (51a5b69d350864e9562a2470b487b139)] -&gt; xpath: .//word], [[AndroidDriver: chrome on ANDROID (51a5b69d350864e9562a2470b487b139)] -&gt; xpath: .//word], [[AndroidDriver: chrome on ANDROID (51a5b69d350864e9562a2470b487b139)] -&gt; xpath: .//word], [[AndroidDriver: chrome on ANDROID (51a5b69d350864e9562a2470b487b139)] -&gt; xpath: .//word], [[AndroidDriver: chrome on ANDROID (51a5b69d350864e9562a2470b487b139)] -&gt; xpath: .//word], [[AndroidDriver: chrome on ANDROID (51a5b69d350864e9562a2470b487b139)] -&gt; xpath: .//word], [[AndroidDriver: chrome on ANDROID (51a5b69d350864e9562a2470b487b139)] -&gt; xpath: .//word], [[AndroidDriver: chrome on ANDROID (51a5b69d350864e9562a2470b487b139)] -&gt; xpath: .//word], [[AndroidDriver: chrome on ANDROID (51a5b69d350864e9562a2470b487b139)] -&gt; xpath: .//word], [[AndroidDriver: chrome on ANDROID (51a5b69d350864e9562a2470b487b139)] -&gt; xpath: .//word], [[AndroidDriver: chrome on ANDROID (51a5b69d350864e9562a2470b487b139)] -&gt; xpath: .//word], [[AndroidDriver: chrome on ANDROID (51a5b69d350864e9562a2470b487b139)] -&gt; xpath: .//word], [[AndroidDriver: chrome on ANDROID (51a5b69d350864e9562a2470b487b139)] -&gt; xpath: .//word], [[AndroidDriver: chrome on ANDROID (51a5b69d350864e9562a2470b487b139)] -&gt; xpath: .//word], [[AndroidDriver: chrome on ANDROID (51a5b69d350864e9562a2470b487b139)] -&gt; xpath: .//word], [[AndroidDriver: chrome on ANDROID (51a5b69d350864e9562a2470b487b139)] -&gt; xpath: .//word], [[AndroidDriver: chrome on ANDROID (51a5b69d350864e9562a2470b487b139)] -&gt; xpath: .//word], [[AndroidDriver: chrome on ANDROID (51a5b69d350864e9562a2470b487b139)] -&gt; xpath: .//word], [[AndroidDriver: chrome on ANDROID (51a5b69d350864e9562a2470b487b139)] -&gt; xpath: .//word], [[AndroidDriver: chrome on ANDROID (51a5b69d350864e9562a2470b487b139)] -&gt; xpath: .//word], [[AndroidDriver: chrome on ANDROID (51a5b69d350864e9562a2470b487b139)] -&gt; xpath: .//word], [[AndroidDriver: chrome on ANDROID (51a5b69d350864e9562a2470b487b139)] -&gt; xpath: .//word], [[AndroidDriver: chrome on ANDROID (51a5b69d350864e9562a2470b487b139)] -&gt; xpath: .//word], [[AndroidDriver: chrome on ANDROID (51a5b69d350864e9562a2470b487b139)] -&gt; xpath: .//word], [[AndroidDriver: chrome on ANDROID (51a5b69d350864e9562a2470b487b139)] -&gt; xpath: .//word], [[AndroidDriver: chrome on ANDROID (51a5b69d350864e9562a2470b487b139)] -&gt; xpath: .//word], [[AndroidDriver: chrome on ANDROID (51a5b69d350864e9562a2470b487b139)] -&gt; xpath: .//word], [[AndroidDriver: chrome on ANDROID (51a5b69d350864e9562a2470b487b139)] -&gt; xpath: .//word], [[AndroidDriver: chrome on ANDROID (51a5b69d350864e9562a2470b487b139)] -&gt; xpath: .//word], [[AndroidDriver: chrome on ANDROID (51a5b69d350864e9562a2470b487b139)] -&gt; xpath: .//word], [[AndroidDriver: chrome on ANDROID (51a5b69d350864e9562a2470b487b139)] -&gt; xpath: .//word], [[AndroidDriver: chrome on ANDROID (51a5b69d350864e9562a2470b487b139)] -&gt; xpath: .//word], [[AndroidDriver: chrome on ANDROID (51a5b69d350864e9562a2470b487b139)] -&gt; xpath: .//word], [[AndroidDriver: chrome on ANDROID (51a5b69d350864e9562a2470b487b139)] -&gt; xpath: .//word], [[AndroidDriver: chrome on ANDROID (51a5b69d350864e9562a2470b487b139)] -&gt; xpath: .//word], [[AndroidDriver: chrome on ANDROID (51a5b69d350864e9562a2470b487b139)] -&gt; xpath: .//word], [[AndroidDriver: chrome on ANDROID (51a5b69d350864e9562a2470b487b139)] -&gt; xpath: .//word], [[AndroidDriver: chrome on ANDROID (51a5b69d350864e9562a2470b487b139)] -&gt; xpath: .//word], [[AndroidDriver: chrome on ANDROID (51a5b69d350864e9562a2470b487b139)] -&gt; xpath: .//word], [[AndroidDriver: chrome on ANDROID (51a5b69d350864e9562a2470b487b139)] -&gt; xpath: .//word], [[AndroidDriver: chrome on ANDROID (51a5b69d350864e9562a2470b487b139)] -&gt; xpath: .//word], [[AndroidDriver: chrome on ANDROID (51a5b69d350864e9562a2470b487b139)] -&gt; xpath: .//word], [[AndroidDriver: chrome on ANDROID (51a5b69d350864e9562a2470b487b139)] -&gt; xpath: .//word], [[AndroidDriver: chrome on ANDROID (51a5b69d350864e9562a2470b487b139)] -&gt; xpath: .//word], [[AndroidDriver: chrome on ANDROID (51a5b69d350864e9562a2470b487b139)] -&gt; xpath: .//word], [[AndroidDriver: chrome on ANDROID (51a5b69d350864e9562a2470b487b139)] -&gt; xpath: .//word], [[AndroidDriver: chrome on ANDROID (51a5b69d350864e9562a2470b487b139)] -&gt; xpath: .//word], [[AndroidDriver: chrome on ANDROID (51a5b69d350864e9562a2470b487b139)] -&gt; xpath: .//word], [[AndroidDriver: chrome on ANDROID (51a5b69d350864e9562a2470b487b139)] -&gt; xpath: .//word], [[AndroidDriver: chrome on ANDROID (51a5b69d350864e9562a2470b487b139)] -&gt; xpath: .//word], [[AndroidDriver: chrome on ANDROID (51a5b69d350864e9562a2470b487b139)] -&gt; xpath: .//word], [[AndroidDriver: chrome on ANDROID (51a5b69d350864e9562a2470b487b139)] -&gt; xpath: .//word], [[AndroidDriver: chrome on ANDROID (51a5b69d350864e9562a2470b487b139)] -&gt; xpath: .//word], [[AndroidDriver: chrome on ANDROID (51a5b69d350864e9562a2470b487b139)] -&gt; xpath: .//word], [[AndroidDriver: chrome on ANDROID (51a5b69d350864e9562a2470b487b139)] -&gt; xpath: .//word], [[AndroidDriver: chrome on ANDROID (51a5b69d350864e9562a2470b487b139)] -&gt; xpath: .//word], [[AndroidDriver: chrome on ANDROID (51a5b69d350864e9562a2470b487b139)] -&gt; xpath: .//word], [[AndroidDriver: chrome on ANDROID (51a5b69d350864e9562a2470b487b139)] -&gt; xpath: .//word], [[AndroidDriver: chrome on ANDROID (51a5b69d350864e9562a2470b487b139)] -&gt; xpath: .//word], [[AndroidDriver: chrome on ANDROID (51a5b69d350864e9562a2470b487b139)] -&gt; xpath: .//word], [[AndroidDriver: chrome on ANDROID (51a5b69d350864e9562a2470b487b139)] -&gt; xpath: .//word], [[AndroidDriver: chrome on ANDROID (51a5b69d350864e9562a2470b487b139)] -&gt; xpath: .//word], [[AndroidDriver: chrome on ANDROID (51a5b69d350864e9562a2470b487b139)] -&gt; xpath: .//word], [[AndroidDriver: chrome on ANDROID (51a5b69d350864e9562a2470b487b139)] -&gt; xpath: .//word], [[AndroidDriver: chrome on ANDROID (51a5b69d350864e9562a2470b487b139)] -&gt; xpath: .//word], [[AndroidDriver: chrome on ANDROID (51a5b69d350864e9562a2470b487b139)] -&gt; xpath: .//word], [[AndroidDriver: chrome on ANDROID (51a5b69d350864e9562a2470b487b139)] -&gt; xpath: .//word], [[AndroidDriver: chrome on ANDROID (51a5b69d350864e9562a2470b487b139)] -&gt; xpath: .//word], [[AndroidDriver: chrome on ANDROID (51a5b69d350864e9562a2470b487b139)] -&gt; xpath: .//word], [[AndroidDriver: chrome on ANDROID (51a5b69d350864e9562a2470b487b139)] -&gt; xpath: .//word], [[AndroidDriver: chrome on ANDROID (51a5b69d350864e9562a2470b487b139)] -&gt; xpath: .//word], [[AndroidDriver: chrome on ANDROID (51a5b69d350864e9562a2470b487b139)] -&gt; xpath: .//word], [[AndroidDriver: chrome on ANDROID (51a5b69d350864e9562a2470b487b139)] -&gt; xpath: .//word], [[AndroidDriver: chrome on ANDROID (51a5b69d350864e9562a2470b487b139)] -&gt; xpath: .//word], [[AndroidDriver: chrome on ANDROID (51a5b69d350864e9562a2470b487b139)] -&gt; xpath: .//word], [[AndroidDriver: chrome on ANDROID (51a5b69d350864e9562a2470b487b139)] -&gt; xpath: .//word], [[AndroidDriver: chrome on ANDROID (51a5b69d350864e9562a2470b487b139)] -&gt; xpath: .//word], [[AndroidDriver: chrome on ANDROID (51a5b69d350864e9562a2470b487b139)] -&gt; xpath: .//word], [[AndroidDriver: chrome on ANDROID (51a5b69d350864e9562a2470b487b139)] -&gt; xpath: .//word], [[AndroidDriver: chrome on ANDROID (51a5b69d350864e9562a2470b487b139)] -&gt; xpath: .//word], [[AndroidDriver: chrome on ANDROID (51a5b69d350864e9562a2470b487b139)] -&gt; xpath: .//word], [[AndroidDriver: chrome on ANDROID (51a5b69d350864e9562a2470b487b139)] -&gt; xpath: .//word], [[AndroidDriver: chrome on ANDROID (51a5b69d350864e9562a2470b487b139)] -&gt; xpath: .//word], [[AndroidDriver: chrome on ANDROID (51a5b69d350864e9562a2470b487b139)] -&gt; xpath: .//word], [[AndroidDriver: chrome on ANDROID (51a5b69d350864e9562a2470b487b139)] -&gt; xpath: .//word], [[AndroidDriver: chrome on ANDROID (51a5b69d350864e9562a2470b487b139)] -&gt; xpath: .//word], [[AndroidDriver: chrome on ANDROID (51a5b69d350864e9562a2470b487b139)] -&gt; xpath: .//word], [[AndroidDriver: chrome on ANDROID (51a5b69d350864e9562a2470b487b139)] -&gt; xpath: .//word], [[AndroidDriver: chrome on ANDROID (51a5b69d350864e9562a2470b487b139)] -&gt; xpath: .//word], [[AndroidDriver: chrome on ANDROID (51a5b69d350864e9562a2470b487b139)] -&gt; xpath: .//word], [[AndroidDriver: chrome on ANDROID (51a5b69d350864e9562a2470b487b139)] -&gt; xpath: .//word], [[AndroidDriver: chrome on ANDROID (51a5b69d350864e9562a2470b487b139)] -&gt; xpath: .//word], [[AndroidDriver: chrome on ANDROID (51a5b69d350864e9562a2470b487b139)] -&gt; xpath: .//word], [[AndroidDriver: chrome on ANDROID (51a5b69d350864e9562a2470b487b139)] -&gt; xpath: .//word], [[AndroidDriver: chrome on ANDROID (51a5b69d350864e9562a2470b487b139)] -&gt; xpath: .//word], [[AndroidDriver: chrome on ANDROID (51a5b69d350864e9562a2470b487b139)] -&gt; xpath: .//word], [[AndroidDriver: chrome on ANDROID (51a5b69d350864e9562a2470b487b139)] -&gt; xpath: .//word], [[AndroidDriver: chrome on ANDROID (51a5b69d350864e9562a2470b487b139)] -&gt; xpath: .//word], [[AndroidDriver: chrome on ANDROID (51a5b69d350864e9562a2470b487b139)] -&gt; xpath: .//word], [[AndroidDriver: chrome on ANDROID (51a5b69d350864e9562a2470b487b139)] -&gt; xpath: .//word], [[AndroidDriver: chrome on ANDROID (51a5b69d350864e9562a2470b487b139)] -&gt; xpath: .//word], [[AndroidDriver: chrome on ANDROID (51a5b69d350864e9562a2470b487b139)] -&gt; xpath: .//word], [[AndroidDriver: chrome on ANDROID (51a5b69d350864e9562a2470b487b139)] -&gt; xpath: .//word], [[AndroidDriver: chrome on ANDROID (51a5b69d350864e9562a2470b487b139)] -&gt; xpath: .//word], [[AndroidDriver: chrome on ANDROID (51a5b69d350864e9562a2470b487b139)] -&gt; xpath: .//word], [[AndroidDriver: chrome on ANDROID (51a5b69d350864e9562a2470b487b139)] -&gt; xpath: .//word], [[AndroidDriver: chrome on ANDROID (51a5b69d350864e9562a2470b487b139)] -&gt; xpath: .//word], [[AndroidDriver: chrome on ANDROID (51a5b69d350864e9562a2470b487b139)] -&gt; xpath: .//word], [[AndroidDriver: chrome on ANDROID (51a5b69d350864e9562a2470b487b139)] -&gt; xpath: .//word], [[AndroidDriver: chrome on ANDROID (51a5b69d350864e9562a2470b487b139)] -&gt; xpath: .//word], [[AndroidDriver: chrome on ANDROID (51a5b69d350864e9562a2470b487b139)] -&gt; xpath: .//word], [[AndroidDriver: chrome on ANDROID (51a5b69d350864e9562a2470b487b139)] -&gt; xpath: .//word], [[AndroidDriver: chrome on ANDROID (51a5b69d350864e9562a2470b487b139)] -&gt; xpath: .//word], [[AndroidDriver: chrome on ANDROID (51a5b69d350864e9562a2470b487b139)] -&gt; xpath: .//word], [[AndroidDriver: chrome on ANDROID (51a5b69d350864e9562a2470b487b139)] -&gt; xpath: .//word], [[AndroidDriver: chrome on ANDROID (51a5b69d350864e9562a2470b487b139)] -&gt; xpath: .//word], [[AndroidDriver: chrome on ANDROID (51a5b69d350864e9562a2470b487b139)] -&gt; xpath: .//word], [[AndroidDriver: chrome on ANDROID (51a5b69d350864e9562a2470b487b139)] -&gt; xpath: .//word], [[AndroidDriver: chrome on ANDROID (51a5b69d350864e9562a2470b487b139)] -&gt; xpath: .//word], [[AndroidDriver: chrome on ANDROID (51a5b69d350864e9562a2470b487b139)] -&gt; xpath: .//word], [[AndroidDriver: chrome on ANDROID (51a5b69d350864e9562a2470b487b139)] -&gt; xpath: .//word], [[AndroidDriver: chrome on ANDROID (51a5b69d350864e9562a2470b487b139)] -&gt; xpath: .//word], [[AndroidDriver: chrome on ANDROID (51a5b69d350864e9562a2470b487b139)] -&gt; xpath: .//word], [[AndroidDriver: chrome on ANDROID (51a5b69d350864e9562a2470b487b139)] -&gt; xpath: .//word], [[AndroidDriver: chrome on ANDROID (51a5b69d350864e9562a2470b487b139)] -&gt; xpath: .//word], [[AndroidDriver: chrome on ANDROID (51a5b69d350864e9562a2470b487b139)] -&gt; xpath: .//word], [[AndroidDriver: chrome on ANDROID (51a5b69d350864e9562a2470b487b139)] -&gt; xpath: .//word], [[AndroidDriver: chrome on ANDROID (51a5b69d350864e9562a2470b487b139)] -&gt; xpath: .//word], [[AndroidDriver: chrome on ANDROID (51a5b69d350864e9562a2470b487b139)] -&gt; xpath: .//word], [[AndroidDriver: chrome on ANDROID (51a5b69d350864e9562a2470b487b139)] -&gt; xpath: .//word], [[AndroidDriver: chrome on ANDROID (51a5b69d350864e9562a2470b487b139)] -&gt; xpath: .//word], [[AndroidDriver: chrome on ANDROID (51a5b69d350864e9562a2470b487b139)] -&gt; xpath: .//word], [[AndroidDriver: chrome on ANDROID (51a5b69d350864e9562a2470b487b139)] -&gt; xpath: .//word], [[AndroidDriver: chrome on ANDROID (51a5b69d350864e9562a2470b487b139)] -&gt; xpath: .//word], [[AndroidDriver: chrome on ANDROID (51a5b69d350864e9562a2470b487b139)] -&gt; xpath: .//word], [[AndroidDriver: chrome on ANDROID (51a5b69d350864e9562a2470b487b139)] -&gt; xpath: .//word], [[AndroidDriver: chrome on ANDROID (51a5b69d350864e9562a2470b487b139)] -&gt; xpath: .//word], [[AndroidDriver: chrome on ANDROID (51a5b69d350864e9562a2470b487b139)] -&gt; xpath: .//word], [[AndroidDriver: chrome on ANDROID (51a5b69d350864e9562a2470b487b139)] -&gt; xpath: .//word], [[AndroidDriver: chrome on ANDROID (51a5b69d350864e9562a2470b487b139)] -&gt; xpath: .//word], [[AndroidDriver: chrome on ANDROID (51a5b69d350864e9562a2470b487b139)] -&gt; xpath: .//word], [[AndroidDriver: chrome on ANDROID (51a5b69d350864e9562a2470b487b139)] -&gt; xpath: .//word], [[AndroidDriver: chrome on ANDROID (51a5b69d350864e9562a2470b487b139)] -&gt; xpath: .//word], [[AndroidDriver: chrome on ANDROID (51a5b69d350864e9562a2470b487b139)] -&gt; xpath: .//word], [[AndroidDriver: chrome on ANDROID (51a5b69d350864e9562a2470b487b139)] -&gt; xpath: .//word], [[AndroidDriver: chrome on ANDROID (51a5b69d350864e9562a2470b487b139)] -&gt; xpath: .//word], [[AndroidDriver: chrome on ANDROID (51a5b69d350864e9562a2470b487b139)] -&gt; xpath: .//word], [[AndroidDriver: chrome on ANDROID (51a5b69d350864e9562a2470b487b139)] -&gt; xpath: .//word], [[AndroidDriver: chrome on ANDROID (51a5b69d350864e9562a2470b487b139)] -&gt; xpath: .//word], [[AndroidDriver: chrome on ANDROID (51a5b69d350864e9562a2470b487b139)] -&gt; xpath: .//word], [[AndroidDriver: chrome on ANDROID (51a5b69d350864e9562a2470b487b139)] -&gt; xpath: .//word], [[AndroidDriver: chrome on ANDROID (51a5b69d350864e9562a2470b487b139)] -&gt; xpath: .//word], [[AndroidDriver: chrome on ANDROID (51a5b69d350864e9562a2470b487b139)] -&gt; xpath: .//word], [[AndroidDriver: chrome on ANDROID (51a5b69d350864e9562a2470b487b139)] -&gt; xpath: .//word], [[AndroidDriver: chrome on ANDROID (51a5b69d350864e9562a2470b487b139)] -&gt; xpath: .//word], [[AndroidDriver: chrome on ANDROID (51a5b69d350864e9562a2470b487b139)] -&gt; xpath: .//word], [[AndroidDriver: chrome on ANDROID (51a5b69d350864e9562a2470b487b139)] -&gt; xpath: .//word], [[AndroidDriver: chrome on ANDROID (51a5b69d350864e9562a2470b487b139)] -&gt; xpath: .//word], [[AndroidDriver: chrome on ANDROID (51a5b69d350864e9562a2470b487b139)] -&gt; xpath: .//word], [[AndroidDriver: chrome on ANDROID (51a5b69d350864e9562a2470b487b139)] -&gt; xpath: .//word], [[AndroidDriver: chrome on ANDROID (51a5b69d350864e9562a2470b487b139)] -&gt; xpath: .//word], [[AndroidDriver: chrome on ANDROID (51a5b69d350864e9562a2470b487b139)] -&gt; xpath: .//word], [[AndroidDriver: chrome on ANDROID (51a5b69d350864e9562a2470b487b139)] -&gt; xpath: .//word], [[AndroidDriver: chrome on ANDROID (51a5b69d350864e9562a2470b487b139)] -&gt; xpath: .//word], [[AndroidDriver: chrome on ANDROID (51a5b69d350864e9562a2470b487b139)] -&gt; xpath: .//word], [[AndroidDriver: chrome on ANDROID (51a5b69d350864e9562a2470b487b139)] -&gt; xpath: .//word], [[AndroidDriver: chrome on ANDROID (51a5b69d350864e9562a2470b487b139)] -&gt; xpath: .//word], [[AndroidDriver: chrome on ANDROID (51a5b69d350864e9562a2470b487b139)] -&gt; xpath: .//word], [[AndroidDriver: chrome on ANDROID (51a5b69d350864e9562a2470b487b139)] -&gt; xpath: .//word], [[AndroidDriver: chrome on ANDROID (51a5b69d350864e9562a2470b487b139)] -&gt; xpath: .//word], [[AndroidDriver: chrome on ANDROID (51a5b69d350864e9562a2470b487b139)] -&gt; xpath: .//word], [[AndroidDriver: chrome on ANDROID (51a5b69d350864e9562a2470b487b139)] -&gt; xpath: .//word], [[AndroidDriver: chrome on ANDROID (51a5b69d350864e9562a2470b487b139)] -&gt; xpath: .//word], [[AndroidDriver: chrome on ANDROID (51a5b69d350864e9562a2470b487b139)] -&gt; xpath: .//word], [[AndroidDriver: chrome on ANDROID (51a5b69d350864e9562a2470b487b139)] -&gt; xpath: .//word], [[AndroidDriver: chrome on ANDROID (51a5b69d350864e9562a2470b487b139)] -&gt; xpath: .//word], [[AndroidDriver: chrome on ANDROID (51a5b69d350864e9562a2470b487b139)] -&gt; xpath: .//word], [[AndroidDriver: chrome on ANDROID (51a5b69d350864e9562a2470b487b139)] -&gt; xpath: .//word], [[AndroidDriver: chrome on ANDROID (51a5b69d350864e9562a2470b487b139)] -&gt; xpath: .//word], [[AndroidDriver: chrome on ANDROID (51a5b69d350864e9562a2470b487b139)] -&gt; xpath: .//word], [[AndroidDriver: chrome on ANDROID (51a5b69d350864e9562a2470b487b139)] -&gt; xpath: .//word], [[AndroidDriver: chrome on ANDROID (51a5b69d350864e9562a2470b487b139)] -&gt; xpath: .//word], [[AndroidDriver: chrome on ANDROID (51a5b69d350864e9562a2470b487b139)] -&gt; xpath: .//word], [[AndroidDriver: chrome on ANDROID (51a5b69d350864e9562a2470b487b139)] -&gt; xpath: .//word], [[AndroidDriver: chrome on ANDROID (51a5b69d350864e9562a2470b487b139)] -&gt; xpath: .//word], [[AndroidDriver: chrome on ANDROID (51a5b69d350864e9562a2470b487b139)] -&gt; xpath: .//word], [[AndroidDriver: chrome on ANDROID (51a5b69d350864e9562a2470b487b139)] -&gt; xpath: .//word], [[AndroidDriver: chrome on ANDROID (51a5b69d350864e9562a2470b487b139)] -&gt; xpath: .//word], [[AndroidDriver: chrome on ANDROID (51a5b69d350864e9562a2470b487b139)] -&gt; xpath: .//word], [[AndroidDriver: chrome on ANDROID (51a5b69d350864e9562a2470b487b139)] -&gt; xpath: .//word], [[AndroidDriver: chrome on ANDROID (51a5b69d350864e9562a2470b487b139)] -&gt; xpath: .//word], [[AndroidDriver: chrome on ANDROID (51a5b69d350864e9562a2470b487b139)] -&gt; xpath: .//word], [[AndroidDriver: chrome on ANDROID (51a5b69d350864e9562a2470b487b139)] -&gt; xpath: .//word], [[AndroidDriver: chrome on ANDROID (51a5b69d350864e9562a2470b487b139)] -&gt; xpath: .//word], [[AndroidDriver: chrome on ANDROID (51a5b69d350864e9562a2470b487b139)] -&gt; xpath: .//word], [[AndroidDriver: chrome on ANDROID (51a5b69d350864e9562a2470b487b139)] -&gt; xpath: .//word], [[AndroidDriver: chrome on ANDROID (51a5b69d350864e9562a2470b487b139)] -&gt; xpath: .//word], [[AndroidDriver: chrome on ANDROID (51a5b69d350864e9562a2470b487b139)] -&gt; xpath: .//word], [[AndroidDriver: chrome on ANDROID (51a5b69d350864e9562a2470b487b139)] -&gt; xpath: .//word], [[AndroidDriver: chrome on ANDROID (51a5b69d350864e9562a2470b487b139)] -&gt; xpath: .//word], [[AndroidDriver: chrome on ANDROID (51a5b69d350864e9562a2470b487b139)] -&gt; xpath: .//word], [[AndroidDriver: chrome on ANDROID (51a5b69d350864e9562a2470b487b139)] -&gt; xpath: .//word], [[AndroidDriver: chrome on ANDROID (51a5b69d350864e9562a2470b487b139)] -&gt; xpath: .//word], [[AndroidDriver: chrome on ANDROID (51a5b69d350864e9562a2470b487b139)] -&gt; xpath: .//word], [[AndroidDriver: chrome on ANDROID (51a5b69d350864e9562a2470b487b139)] -&gt; xpath: .//word], [[AndroidDriver: chrome on ANDROID (51a5b69d350864e9562a2470b487b139)] -&gt; xpath: .//word], [[AndroidDriver: chrome on ANDROID (51a5b69d350864e9562a2470b487b139)] -&gt; xpath: .//word], [[AndroidDriver: chrome on ANDROID (51a5b69d350864e9562a2470b487b139)] -&gt; xpath: .//word], [[AndroidDriver: chrome on ANDROID (51a5b69d350864e9562a2470b487b139)] -&gt; xpath: .//word], [[AndroidDriver: chrome on ANDROID (51a5b69d350864e9562a2470b487b139)] -&gt; xpath: .//word], [[AndroidDriver: chrome on ANDROID (51a5b69d350864e9562a2470b487b139)] -&gt; xpath: .//word], [[AndroidDriver: chrome on ANDROID (51a5b69d350864e9562a2470b487b139)] -&gt; xpath: .//word], [[AndroidDriver: chrome on ANDROID (51a5b69d350864e9562a2470b487b139)] -&gt; xpath: .//word], [[AndroidDriver: chrome on ANDROID (51a5b69d350864e9562a2470b487b139)] -&gt; xpath: .//word], [[AndroidDriver: chrome on ANDROID (51a5b69d350864e9562a2470b487b139)] -&gt; xpath: .//word], [[AndroidDriver: chrome on ANDROID (51a5b69d350864e9562a2470b487b139)] -&gt; xpath: .//word], [[AndroidDriver: chrome on ANDROID (51a5b69d350864e9562a2470b487b139)] -&gt; xpath: .//word], [[AndroidDriver: chrome on ANDROID (51a5b69d350864e9562a2470b487b139)] -&gt; xpath: .//word], [[AndroidDriver: chrome on ANDROID (51a5b69d350864e9562a2470b487b139)] -&gt; xpath: .//word], [[AndroidDriver: chrome on ANDROID (51a5b69d350864e9562a2470b487b139)] -&gt; xpath: .//word], [[AndroidDriver: chrome on ANDROID (51a5b69d350864e9562a2470b487b139)] -&gt; xpath: .//word], [[AndroidDriver: chrome on ANDROID (51a5b69d350864e9562a2470b487b139)] -&gt; xpath: .//word], [[AndroidDriver: chrome on ANDROID (51a5b69d350864e9562a2470b487b139)] -&gt; xpath: .//word], [[AndroidDriver: chrome on ANDROID (51a5b69d350864e9562a2470b487b139)] -&gt; xpath: .//word], [[AndroidDriver: chrome on ANDROID (51a5b69d350864e9562a2470b487b139)] -&gt; xpath: .//word], [[AndroidDriver: chrome on ANDROID (51a5b69d350864e9562a2470b487b139)] -&gt; xpath: .//word], [[AndroidDriver: chrome on ANDROID (51a5b69d350864e9562a2470b487b139)] -&gt; xpath: .//word], [[AndroidDriver: chrome on ANDROID (51a5b69d350864e9562a2470b487b139)] -&gt; xpath: .//word], [[AndroidDriver: chrome on ANDROID (51a5b69d350864e9562a2470b487b139)] -&gt; xpath: .//word], [[AndroidDriver: chrome on ANDROID (51a5b69d350864e9562a2470b487b139)] -&gt; xpath: .//word], [[AndroidDriver: chrome on ANDROID (51a5b69d350864e9562a2470b487b139)] -&gt; xpath: .//word], [[AndroidDriver: chrome on ANDROID (51a5b69d350864e9562a2470b487b139)] -&gt; xpath: .//word], [[AndroidDriver: chrome on ANDROID (51a5b69d350864e9562a2470b487b139)] -&gt; xpath: .//word], [[AndroidDriver: chrome on ANDROID (51a5b69d350864e9562a2470b487b139)] -&gt; xpath: .//word], [[AndroidDriver: chrome on ANDROID (51a5b69d350864e9562a2470b487b139)] -&gt; xpath: .//word], [[AndroidDriver: chrome on ANDROID (51a5b69d350864e9562a2470b487b139)] -&gt; xpath: .//word], [[AndroidDriver: chrome on ANDROID (51a5b69d350864e9562a2470b487b139)] -&gt; xpath: .//word], [[AndroidDriver: chrome on ANDROID (51a5b69d350864e9562a2470b487b139)] -&gt; xpath: .//word], [[AndroidDriver: chrome on ANDROID (51a5b69d350864e9562a2470b487b139)] -&gt; xpath: .//word], [[AndroidDriver: chrome on ANDROID (51a5b69d350864e9562a2470b487b139)] -&gt; xpath: .//word], [[AndroidDriver: chrome on ANDROID (51a5b69d350864e9562a2470b487b139)] -&gt; xpath: .//word], [[AndroidDriver: chrome on ANDROID (51a5b69d350864e9562a2470b487b139)] -&gt; xpath: .//word], [[AndroidDriver: chrome on ANDROID (51a5b69d350864e9562a2470b487b139)] -&gt; xpath: .//word], [[AndroidDriver: chrome on ANDROID (51a5b69d350864e9562a2470b487b139)] -&gt; xpath: .//word], [[AndroidDriver: chrome on ANDROID (51a5b69d350864e9562a2470b487b139)] -&gt; xpath: .//word], [[AndroidDriver: chrome on ANDROID (51a5b69d350864e9562a2470b487b139)] -&gt; xpath: .//word], [[AndroidDriver: chrome on ANDROID (51a5b69d350864e9562a2470b487b139)] -&gt; xpath: .//word], [[AndroidDriver: chrome on ANDROID (51a5b69d350864e9562a2470b487b139)] -&gt; xpath: .//word], [[AndroidDriver: chrome on ANDROID (51a5b69d350864e9562a2470b487b139)] -&gt; xpath: .//word], [[AndroidDriver: chrome on ANDROID (51a5b69d350864e9562a2470b487b139)] -&gt; xpath: .//word], [[AndroidDriver: chrome on ANDROID (51a5b69d350864e9562a2470b487b139)] -&gt; xpath: .//word], [[AndroidDriver: chrome on ANDROID (51a5b69d350864e9562a2470b487b139)] -&gt; xpath: .//word], [[AndroidDriver: chrome on ANDROID (51a5b69d350864e9562a2470b487b139)] -&gt; xpath: .//word], [[AndroidDriver: chrome on ANDROID (51a5b69d350864e9562a2470b487b139)] -&gt; xpath: .//word], [[AndroidDriver: chrome on ANDROID (51a5b69d350864e9562a2470b487b139)] -&gt; xpath: .//word], [[AndroidDriver: chrome on ANDROID (51a5b69d350864e9562a2470b487b139)] -&gt; xpath: .//word], [[AndroidDriver: chrome on ANDROID (51a5b69d350864e9562a2470b487b139)] -&gt; xpath: .//word], [[AndroidDriver: chrome on ANDROID (51a5b69d350864e9562a2470b487b139)] -&gt; xpath: .//word], [[AndroidDriver: chrome on ANDROID (51a5b69d350864e9562a2470b487b139)] -&gt; xpath: .//word], [[AndroidDriver: chrome on ANDROID (51a5b69d350864e9562a2470b487b139)] -&gt; xpath: .//word], [[AndroidDriver: chrome on ANDROID (51a5b69d350864e9562a2470b487b139)] -&gt; xpath: .//word], [[AndroidDriver: chrome on ANDROID (51a5b69d350864e9562a2470b487b139)] -&gt; xpath: .//word], [[AndroidDriver: chrome on ANDROID (51a5b69d350864e9562a2470b487b139)] -&gt; xpath: .//word], [[AndroidDriver: chrome on ANDROID (51a5b69d350864e9562a2470b487b139)] -&gt; xpath: .//word], [[AndroidDriver: chrome on ANDROID (51a5b69d350864e9562a2470b487b139)] -&gt; xpath: .//word], [[AndroidDriver: chrome on ANDROID (51a5b69d350864e9562a2470b487b139)] -&gt; xpath: .//word], [[AndroidDriver: chrome on ANDROID (51a5b69d350864e9562a2470b487b139)] -&gt; xpath: .//word], [[AndroidDriver: chrome on ANDROID (51a5b69d350864e9562a2470b487b139)] -&gt; xpath: .//word], [[AndroidDriver: chrome on ANDROID (51a5b69d350864e9562a2470b487b139)] -&gt; xpath: .//word], [[AndroidDriver: chrome on ANDROID (51a5b69d350864e9562a2470b487b139)] -&gt; xpath: .//word], [[AndroidDriver: chrome on ANDROID (51a5b69d350864e9562a2470b487b139)] -&gt; xpath: .//word], [[AndroidDriver: chrome on ANDROID (51a5b69d350864e9562a2470b487b139)] -&gt; xpath: .//word], [[AndroidDriver: chrome on ANDROID (51a5b69d350864e9562a2470b487b139)] -&gt; xpath: .//word], [[AndroidDriver: chrome on ANDROID (51a5b69d350864e9562a2470b487b139)] -&gt; xpath: .//word], [[AndroidDriver: chrome on ANDROID (51a5b69d350864e9562a2470b487b139)] -&gt; xpath: .//word], [[AndroidDriver: chrome on ANDROID (51a5b69d350864e9562a2470b487b139)] -&gt; xpath: .//word], [[AndroidDriver: chrome on ANDROID (51a5b69d350864e9562a2470b487b139)] -&gt; xpath: .//word], [[AndroidDriver: chrome on ANDROID (51a5b69d350864e9562a2470b487b139)] -&gt; xpath: .//word], [[AndroidDriver: chrome on ANDROID (51a5b69d350864e9562a2470b487b139)] -&gt; xpath: .//word], [[AndroidDriver: chrome on ANDROID (51a5b69d350864e9562a2470b487b139)] -&gt; xpath: .//word], [[AndroidDriver: chrome on ANDROID (51a5b69d350864e9562a2470b487b139)] -&gt; xpath: .//word], [[AndroidDriver: chrome on ANDROID (51a5b69d350864e9562a2470b487b139)] -&gt; xpath: .//word], [[AndroidDriver: chrome on ANDROID (51a5b69d350864e9562a2470b487b139)] -&gt; xpath: .//word], [[AndroidDriver: chrome on ANDROID (51a5b69d350864e9562a2470b487b139)] -&gt; xpath: .//word], [[AndroidDriver: chrome on ANDROID (51a5b69d350864e9562a2470b487b139)] -&gt; xpath: .//word], [[AndroidDriver: chrome on ANDROID (51a5b69d350864e9562a2470b487b139)] -&gt; xpath: .//word], [[AndroidDriver: chrome on ANDROID (51a5b69d350864e9562a2470b487b139)] -&gt; xpath: .//word], [[AndroidDriver: chrome on ANDROID (51a5b69d350864e9562a2470b487b139)] -&gt; xpath: .//word], [[AndroidDriver: chrome on ANDROID (51a5b69d350864e9562a2470b487b139)] -&gt; xpath: .//word], [[AndroidDriver: chrome on ANDROID (51a5b69d350864e9562a2470b487b139)] -&gt; xpath: .//word], [[AndroidDriver: chrome on ANDROID (51a5b69d350864e9562a2470b487b139)] -&gt; xpath: .//word], [[AndroidDriver: chrome on ANDROID (51a5b69d350864e9562a2470b487b139)] -&gt; xpath: .//word], [[AndroidDriver: chrome on ANDROID (51a5b69d350864e9562a2470b487b139)] -&gt; xpath: .//word], [[AndroidDriver: chrome on ANDROID (51a5b69d350864e9562a2470b487b139)] -&gt; xpath: .//word], [[AndroidDriver: chrome on ANDROID (51a5b69d350864e9562a2470b487b139)] -&gt; xpath: .//word], [[AndroidDriver: chrome on ANDROID (51a5b69d350864e9562a2470b487b139)] -&gt; xpath: .//word], [[AndroidDriver: chrome on ANDROID (51a5b69d350864e9562a2470b487b139)] -&gt; xpath: .//word], [[AndroidDriver: chrome on ANDROID (51a5b69d350864e9562a2470b487b139)] -&gt; xpath: .//word], [[AndroidDriver: chrome on ANDROID (51a5b69d350864e9562a2470b487b139)] -&gt; xpath: .//word], [[AndroidDriver: chrome on ANDROID (51a5b69d350864e9562a2470b487b139)] -&gt; xpath: .//word], [[AndroidDriver: chrome on ANDROID (51a5b69d350864e9562a2470b487b139)] -&gt; xpath: .//word], [[AndroidDriver: chrome on ANDROID (51a5b69d350864e9562a2470b487b139)] -&gt; xpath: .//word], [[AndroidDriver: chrome on ANDROID (51a5b69d350864e9562a2470b487b139)] -&gt; xpath: .//word], [[AndroidDriver: chrome on ANDROID (51a5b69d350864e9562a2470b487b139)] -&gt; xpath: .//word], [[AndroidDriver: chrome on ANDROID (51a5b69d350864e9562a2470b487b139)] -&gt; xpath: .//word], [[AndroidDriver: chrome on ANDROID (51a5b69d350864e9562a2470b487b139)] -&gt; xpath: .//word], [[AndroidDriver: chrome on ANDROID (51a5b69d350864e9562a2470b487b139)] -&gt; xpath: .//word], [[AndroidDriver: chrome on ANDROID (51a5b69d350864e9562a2470b487b139)] -&gt; xpath: .//word], [[AndroidDriver: chrome on ANDROID (51a5b69d350864e9562a2470b487b139)] -&gt; xpath: .//word], [[AndroidDriver: chrome on ANDROID (51a5b69d350864e9562a2470b487b139)] -&gt; xpath: .//word], [[AndroidDriver: chrome on ANDROID (51a5b69d350864e9562a2470b487b139)] -&gt; xpath: .//word], [[AndroidDriver: chrome on ANDROID (51a5b69d350864e9562a2470b487b139)] -&gt; xpath: .//word], [[AndroidDriver: chrome on ANDROID (51a5b69d350864e9562a2470b487b139)] -&gt; xpath: .//word], [[AndroidDriver: chrome on ANDROID (51a5b69d350864e9562a2470b487b139)] -&gt; xpath: .//word], [[AndroidDriver: chrome on ANDROID (51a5b69d350864e9562a2470b487b139)] -&gt; xpath: .//word], [[AndroidDriver: chrome on ANDROID (51a5b69d350864e9562a2470b487b139)] -&gt; xpath: .//word], [[AndroidDriver: chrome on ANDROID (51a5b69d350864e9562a2470b487b139)] -&gt; xpath: .//word], [[AndroidDriver: chrome on ANDROID (51a5b69d350864e9562a2470b487b139)] -&gt; xpath: .//word], [[AndroidDriver: chrome on ANDROID (51a5b69d350864e9562a2470b487b139)] -&gt; xpath: .//word], [[AndroidDriver: chrome on ANDROID (51a5b69d350864e9562a2470b487b139)] -&gt; xpath: .//word], [[AndroidDriver: chrome on ANDROID (51a5b69d350864e9562a2470b487b139)] -&gt; xpath: .//word], [[AndroidDriver: chrome on ANDROID (51a5b69d350864e9562a2470b487b139)] -&gt; xpath: .//word], [[AndroidDriver: chrome on ANDROID (51a5b69d350864e9562a2470b487b139)] -&gt; xpath: .//word], [[AndroidDriver: chrome on ANDROID (51a5b69d350864e9562a2470b487b139)] -&gt; xpath: .//word], [[AndroidDriver: chrome on ANDROID (51a5b69d350864e9562a2470b487b139)] -&gt; xpath: .//word], [[AndroidDriver: chrome on ANDROID (51a5b69d350864e9562a2470b487b139)] -&gt; xpath: .//word], [[AndroidDriver: chrome on ANDROID (51a5b69d350864e9562a2470b487b139)] -&gt; xpath: .//word], [[AndroidDriver: chrome on ANDROID (51a5b69d350864e9562a2470b487b139)] -&gt; xpath: .//word], [[AndroidDriver: chrome on ANDROID (51a5b69d350864e9562a2470b487b139)] -&gt; xpath: .//word], [[AndroidDriver: chrome on ANDROID (51a5b69d350864e9562a2470b487b139)] -&gt; xpath: .//word], [[AndroidDriver: chrome on ANDROID (51a5b69d350864e9562a2470b487b139)] -&gt; xpath: .//word], [[AndroidDriver: chrome on ANDROID (51a5b69d350864e9562a2470b487b139)] -&gt; xpath: .//word], [[AndroidDriver: chrome on ANDROID (51a5b69d350864e9562a2470b487b139)] -&gt; xpath: .//word], [[AndroidDriver: chrome on ANDROID (51a5b69d350864e9562a2470b487b139)] -&gt; xpath: .//word], [[AndroidDriver: chrome on ANDROID (51a5b69d350864e9562a2470b487b139)] -&gt; xpath: .//word], [[AndroidDriver: chrome on ANDROID (51a5b69d350864e9562a2470b487b139)] -&gt; xpath: .//word], [[AndroidDriver: chrome on ANDROID (51a5b69d350864e9562a2470b487b139)] -&gt; xpath: .//word], [[AndroidDriver: chrome on ANDROID (51a5b69d350864e9562a2470b487b139)] -&gt; xpath: .//word], [[AndroidDriver: chrome on ANDROID (51a5b69d350864e9562a2470b487b139)] -&gt; xpath: .//word], [[AndroidDriver: chrome on ANDROID (51a5b69d350864e9562a2470b487b139)] -&gt; xpath: .//word], [[AndroidDriver: chrome on ANDROID (51a5b69d350864e9562a2470b487b139)] -&gt; xpath: .//word], [[AndroidDriver: chrome on ANDROID (51a5b69d350864e9562a2470b487b139)] -&gt; xpath: .//word], [[AndroidDriver: chrome on ANDROID (51a5b69d350864e9562a2470b487b139)] -&gt; xpath: .//word], [[AndroidDriver: chrome on ANDROID (51a5b69d350864e9562a2470b487b139)] -&gt; xpath: .//word], [[AndroidDriver: chrome on ANDROID (51a5b69d350864e9562a2470b487b139)] -&gt; xpath: .//word], [[AndroidDriver: chrome on ANDROID (51a5b69d350864e9562a2470b487b139)] -&gt; xpath: .//word], [[AndroidDriver: chrome on ANDROID (51a5b69d350864e9562a2470b487b139)] -&gt; xpath: .//word], [[AndroidDriver: chrome on ANDROID (51a5b69d350864e9562a2470b487b139)] -&gt; xpath: .//word], [[AndroidDriver: chrome on ANDROID (51a5b69d350864e9562a2470b487b139)] -&gt; xpath: .//word], [[AndroidDriver: chrome on ANDROID (51a5b69d350864e9562a2470b487b139)] -&gt; xpath: .//word], [[AndroidDriver: chrome on ANDROID (51a5b69d350864e9562a2470b487b139)] -&gt; xpath: .//word], [[AndroidDriver: chrome on ANDROID (51a5b69d350864e9562a2470b487b139)] -&gt; xpath: .//word], [[AndroidDriver: chrome on ANDROID (51a5b69d350864e9562a2470b487b139)] -&gt; xpath: .//word], [[AndroidDriver: chrome on ANDROID (51a5b69d350864e9562a2470b487b139)] -&gt; xpath: .//word], [[AndroidDriver: chrome on ANDROID (51a5b69d350864e9562a2470b487b139)] -&gt; xpath: .//word], [[AndroidDriver: chrome on ANDROID (51a5b69d350864e9562a2470b487b139)] -&gt; xpath: .//word], [[AndroidDriver: chrome on ANDROID (51a5b69d350864e9562a2470b487b139)] -&gt; xpath: .//word], [[AndroidDriver: chrome on ANDROID (51a5b69d350864e9562a2470b487b139)] -&gt; xpath: .//word], [[AndroidDriver: chrome on ANDROID (51a5b69d350864e9562a2470b487b139)] -&gt; xpath: .//word], [[AndroidDriver: chrome on ANDROID (51a5b69d350864e9562a2470b487b139)] -&gt; xpath: .//word], [[AndroidDriver: chrome on ANDROID (51a5b69d350864e9562a2470b487b139)] -&gt; xpath: .//word], [[AndroidDriver: chrome on ANDROID (51a5b69d350864e9562a2470b487b139)] -&gt; xpath: .//word], [[AndroidDriver: chrome on ANDROID (51a5b69d350864e9562a2470b487b139)] -&gt; xpath: .//word], [[AndroidDriver: chrome on ANDROID (51a5b69d350864e9562a2470b487b139)] -&gt; xpath: .//word], [[AndroidDriver: chrome on ANDROID (51a5b69d350864e9562a2470b487b139)] -&gt; xpath: .//word], [[AndroidDriver: chrome on ANDROID (51a5b69d350864e9562a2470b487b139)] -&gt; xpath: .//word], [[AndroidDriver: chrome on ANDROID (51a5b69d350864e9562a2470b487b139)] -&gt; xpath: .//word], [[AndroidDriver: chrome on ANDROID (51a5b69d350864e9562a2470b487b139)] -&gt; xpath: .//word], [[AndroidDriver: chrome on ANDROID (51a5b69d350864e9562a2470b487b139)] -&gt; xpath: .//word], [[AndroidDriver: chrome on ANDROID (51a5b69d350864e9562a2470b487b139)] -&gt; xpath: .//word], [[AndroidDriver: chrome on ANDROID (51a5b69d350864e9562a2470b487b139)] -&gt; xpath: .//word], [[AndroidDriver: chrome on ANDROID (51a5b69d350864e9562a2470b487b139)] -&gt; xpath: .//word], [[AndroidDriver: chrome on ANDROID (51a5b69d350864e9562a2470b487b139)] -&gt; xpath: .//word], [[AndroidDriver: chrome on ANDROID (51a5b69d350864e9562a2470b487b139)] -&gt; xpath: .//word], [[AndroidDriver: chrome on ANDROID (51a5b69d350864e9562a2470b487b139)] -&gt; xpath: .//word], [[AndroidDriver: chrome on ANDROID (51a5b69d350864e9562a2470b487b139)] -&gt; xpath: .//word], [[AndroidDriver: chrome on ANDROID (51a5b69d350864e9562a2470b487b139)] -&gt; xpath: .//word], [[AndroidDriver: chrome on ANDROID (51a5b69d350864e9562a2470b487b139)] -&gt; xpath: .//word], [[AndroidDriver: chrome on ANDROID (51a5b69d350864e9562a2470b487b139)] -&gt; xpath: .//word], [[AndroidDriver: chrome on ANDROID (51a5b69d350864e9562a2470b487b139)] -&gt; xpath: .//word], [[AndroidDriver: chrome on ANDROID (51a5b69d350864e9562a2470b487b139)] -&gt; xpath: .//word], [[AndroidDriver: chrome on ANDROID (51a5b69d350864e9562a2470b487b139)] -&gt; xpath: .//word], [[AndroidDriver: chrome on ANDROID (51a5b69d350864e9562a2470b487b139)] -&gt; xpath: .//word], [[AndroidDriver: chrome on ANDROID (51a5b69d350864e9562a2470b487b139)] -&gt; xpath: .//word], [[AndroidDriver: chrome on ANDROID (51a5b69d350864e9562a2470b487b139)] -&gt; xpath: .//word], [[AndroidDriver: chrome on ANDROID (51a5b69d350864e9562a2470b487b139)] -&gt; xpath: .//word], [[AndroidDriver: chrome on ANDROID (51a5b69d350864e9562a2470b487b139)] -&gt; xpath: .//word], [[AndroidDriver: chrome on ANDROID (51a5b69d350864e9562a2470b487b139)] -&gt; xpath: .//word], [[AndroidDriver: chrome on ANDROID (51a5b69d350864e9562a2470b487b139)] -&gt; xpath: .//word], [[AndroidDriver: chrome on ANDROID (51a5b69d350864e9562a2470b487b139)] -&gt; xpath: .//word], [[AndroidDriver: chrome on ANDROID (51a5b69d350864e9562a2470b487b139)] -&gt; xpath: .//word], [[AndroidDriver: chrome on ANDROID (51a5b69d350864e9562a2470b487b139)] -&gt; xpath: .//word], [[AndroidDriver: chrome on ANDROID (51a5b69d350864e9562a2470b487b139)] -&gt; xpath: .//word], [[AndroidDriver: chrome on ANDROID (51a5b69d350864e9562a2470b487b139)] -&gt; xpath: .//word], [[AndroidDriver: chrome on ANDROID (51a5b69d350864e9562a2470b487b139)] -&gt; xpath: .//word], [[AndroidDriver: chrome on ANDROID (51a5b69d350864e9562a2470b487b139)] -&gt; xpath: .//word], [[AndroidDriver: chrome on ANDROID (51a5b69d350864e9562a2470b487b139)] -&gt; xpath: .//word], [[AndroidDriver: chrome on ANDROID (51a5b69d350864e9562a2470b487b139)] -&gt; xpath: .//word], [[AndroidDriver: chrome on ANDROID (51a5b69d350864e9562a2470b487b139)] -&gt; xpath: .//word], [[AndroidDriver: chrome on ANDROID (51a5b69d350864e9562a2470b487b139)] -&gt; xpath: .//word], [[AndroidDriver: chrome on ANDROID (51a5b69d350864e9562a2470b487b139)] -&gt; xpath: .//word], [[AndroidDriver: chrome on ANDROID (51a5b69d350864e9562a2470b487b139)] -&gt; xpath: .//word], [[AndroidDriver: chrome on ANDROID (51a5b69d350864e9562a2470b487b139)] -&gt; xpath: .//word], [[AndroidDriver: chrome on ANDROID (51a5b69d350864e9562a2470b487b139)] -&gt; xpath: .//word], [[AndroidDriver: chrome on ANDROID (51a5b69d350864e9562a2470b487b139)] -&gt; xpath: .//word], [[AndroidDriver: chrome on ANDROID (51a5b69d350864e9562a2470b487b139)] -&gt; xpath: .//word], [[AndroidDriver: chrome on ANDROID (51a5b69d350864e9562a2470b487b139)] -&gt; xpath: .//word], [[AndroidDriver: chrome on ANDROID (51a5b69d350864e9562a2470b487b139)] -&gt; xpath: .//word], [[AndroidDriver: chrome on ANDROID (51a5b69d350864e9562a2470b487b139)] -&gt; xpath: .//word], [[AndroidDriver: chrome on ANDROID (51a5b69d350864e9562a2470b487b139)] -&gt; xpath: .//word], [[AndroidDriver: chrome on ANDROID (51a5b69d350864e9562a2470b487b139)] -&gt; xpath: .//word], [[AndroidDriver: chrome on ANDROID (51a5b69d350864e9562a2470b487b139)] -&gt; xpath: .//word], [[AndroidDriver: chrome on ANDROID (51a5b69d350864e9562a2470b487b139)] -&gt; xpath: .//word], [[AndroidDriver: chrome on ANDROID (51a5b69d350864e9562a2470b487b139)] -&gt; xpath: .//word], [[AndroidDriver: chrome on ANDROID (51a5b69d350864e9562a2470b487b139)] -&gt; xpath: .//word], [[AndroidDriver: chrome on ANDROID (51a5b69d350864e9562a2470b487b139)] -&gt; xpath: .//word], [[AndroidDriver: chrome on ANDROID (51a5b69d350864e9562a2470b487b139)] -&gt; xpath: .//word], [[AndroidDriver: chrome on ANDROID (51a5b69d350864e9562a2470b487b139)] -&gt; xpath: .//word], [[AndroidDriver: chrome on ANDROID (51a5b69d350864e9562a2470b487b139)] -&gt; xpath: .//word], [[AndroidDriver: chrome on ANDROID (51a5b69d350864e9562a2470b487b139)] -&gt; xpath: .//word], [[AndroidDriver: chrome on ANDROID (51a5b69d350864e9562a2470b487b139)] -&gt; xpath: .//word], [[AndroidDriver: chrome on ANDROID (51a5b69d350864e9562a2470b487b139)] -&gt; xpath: .//word], [[AndroidDriver: chrome on ANDROID (51a5b69d350864e9562a2470b487b139)] -&gt; xpath: .//word], [[AndroidDriver: chrome on ANDROID (51a5b69d350864e9562a2470b487b139)] -&gt; xpath: .//word], [[AndroidDriver: chrome on ANDROID (51a5b69d350864e9562a2470b487b139)] -&gt; xpath: .//word], [[AndroidDriver: chrome on ANDROID (51a5b69d350864e9562a2470b487b139)] -&gt; xpath: .//word], [[AndroidDriver: chrome on ANDROID (51a5b69d350864e9562a2470b487b139)] -&gt; xpath: .//word], [[AndroidDriver: chrome on ANDROID (51a5b69d350864e9562a2470b487b139)] -&gt; xpath: .//word], [[AndroidDriver: chrome on ANDROID (51a5b69d350864e9562a2470b487b139)] -&gt; xpath: .//word], [[AndroidDriver: chrome on ANDROID (51a5b69d350864e9562a2470b487b139)] -&gt; xpath: .//word], [[AndroidDriver: chrome on ANDROID (51a5b69d350864e9562a2470b487b139)] -&gt; xpath: .//word], [[AndroidDriver: chrome on ANDROID (51a5b69d350864e9562a2470b487b139)] -&gt; xpath: .//word], [[AndroidDriver: chrome on ANDROID (51a5b69d350864e9562a2470b487b139)] -&gt; xpath: .//word], [[AndroidDriver: chrome on ANDROID (51a5b69d350864e9562a2470b487b139)] -&gt; xpath: .//word], [[AndroidDriver: chrome on ANDROID (51a5b69d350864e9562a2470b487b139)] -&gt; xpath: .//word], [[AndroidDriver: chrome on ANDROID (51a5b69d350864e9562a2470b487b139)] -&gt; xpath: .//word], [[AndroidDriver: chrome on ANDROID (51a5b69d350864e9562a2470b487b139)] -&gt; xpath: .//word], [[AndroidDriver: chrome on ANDROID (51a5b69d350864e9562a2470b487b139)] -&gt; xpath: .//word], [[AndroidDriver: chrome on ANDROID (51a5b69d350864e9562a2470b487b139)] -&gt; xpath: .//word], [[AndroidDriver: chrome on ANDROID (51a5b69d350864e9562a2470b487b139)] -&gt; xpath: .//word], [[AndroidDriver: chrome on ANDROID (51a5b69d350864e9562a2470b487b139)] -&gt; xpath: .//word], [[AndroidDriver: chrome on ANDROID (51a5b69d350864e9562a2470b487b139)] -&gt; xpath: .//word], [[AndroidDriver: chrome on ANDROID (51a5b69d350864e9562a2470b487b139)] -&gt; xpath: .//word], [[AndroidDriver: chrome on ANDROID (51a5b69d350864e9562a2470b487b139)] -&gt; xpath: .//word], [[AndroidDriver: chrome on ANDROID (51a5b69d350864e9562a2470b487b139)] -&gt; xpath: .//word], [[AndroidDriver: chrome on ANDROID (51a5b69d350864e9562a2470b487b139)] -&gt; xpath: .//word], [[AndroidDriver: chrome on ANDROID (51a5b69d350864e9562a2470b487b139)] -&gt; xpath: .//word], [[AndroidDriver: chrome on ANDROID (51a5b69d350864e9562a2470b487b139)] -&gt; xpath: .//word], [[AndroidDriver: chrome on ANDROID (51a5b69d350864e9562a2470b487b139)] -&gt; xpath: .//word], [[AndroidDriver: chrome on ANDROID (51a5b69d350864e9562a2470b487b139)] -&gt; xpath: .//word], [[AndroidDriver: chrome on ANDROID (51a5b69d350864e9562a2470b487b139)] -&gt; xpath: .//word], [[AndroidDriver: chrome on ANDROID (51a5b69d350864e9562a2470b487b139)] -&gt; xpath: .//word], [[AndroidDriver: chrome on ANDROID (51a5b69d350864e9562a2470b487b139)] -&gt; xpath: .//word], [[AndroidDriver: chrome on ANDROID (51a5b69d350864e9562a2470b487b139)] -&gt; xpath: .//word], [[AndroidDriver: chrome on ANDROID (51a5b69d350864e9562a2470b487b139)] -&gt; xpath: .//word], [[AndroidDriver: chrome on ANDROID (51a5b69d350864e9562a2470b487b139)] -&gt; xpath: .//word], [[AndroidDriver: chrome on ANDROID (51a5b69d350864e9562a2470b487b139)] -&gt; xpath: .//word], [[AndroidDriver: chrome on ANDROID (51a5b69d350864e9562a2470b487b139)] -&gt; xpath: .//word], [[AndroidDriver: chrome on ANDROID (51a5b69d350864e9562a2470b487b139)] -&gt; xpath: .//word], [[AndroidDriver: chrome on ANDROID (51a5b69d350864e9562a2470b487b139)] -&gt; xpath: .//word], [[AndroidDriver: chrome on ANDROID (51a5b69d350864e9562a2470b487b139)] -&gt; xpath: .//word], [[AndroidDriver: chrome on ANDROID (51a5b69d350864e9562a2470b487b139)] -&gt; xpath: .//word], [[AndroidDriver: chrome on ANDROID (51a5b69d350864e9562a2470b487b139)] -&gt; xpath: .//word], [[AndroidDriver: chrome on ANDROID (51a5b69d350864e9562a2470b487b139)] -&gt; xpath: .//word], [[AndroidDriver: chrome on ANDROID (51a5b69d350864e9562a2470b487b139)] -&gt; xpath: .//word], [[AndroidDriver: chrome on ANDROID (51a5b69d350864e9562a2470b487b139)] -&gt; xpath: .//word], [[AndroidDriver: chrome on ANDROID (51a5b69d350864e9562a2470b487b139)] -&gt; xpath: .//word], [[AndroidDriver: chrome on ANDROID (51a5b69d350864e9562a2470b487b139)] -&gt; xpath: .//word], [[AndroidDriver: chrome on ANDROID (51a5b69d350864e9562a2470b487b139)] -&gt; xpath: .//word], [[AndroidDriver: chrome on ANDROID (51a5b69d350864e9562a2470b487b139)] -&gt; xpath: .//word], [[AndroidDriver: chrome on ANDROID (51a5b69d350864e9562a2470b487b139)] -&gt; xpath: .//word], [[AndroidDriver: chrome on ANDROID (51a5b69d350864e9562a2470b487b139)] -&gt; xpath: .//word], [[AndroidDriver: chrome on ANDROID (51a5b69d350864e9562a2470b487b139)] -&gt; xpath: .//word], [[AndroidDriver: chrome on ANDROID (51a5b69d350864e9562a2470b487b139)] -&gt; xpath: .//word], [[AndroidDriver: chrome on ANDROID (51a5b69d350864e9562a2470b487b139)] -&gt; xpath: .//word], [[AndroidDriver: chrome on ANDROID (51a5b69d350864e9562a2470b487b139)] -&gt; xpath: .//word], [[AndroidDriver: chrome on ANDROID (51a5b69d350864e9562a2470b487b139)] -&gt; xpath: .//word], [[AndroidDriver: chrome on ANDROID (51a5b69d350864e9562a2470b487b139)] -&gt; xpath: .//word], [[AndroidDriver: chrome on ANDROID (51a5b69d350864e9562a2470b487b139)] -&gt; xpath: .//word], [[AndroidDriver: chrome on ANDROID (51a5b69d350864e9562a2470b487b139)] -&gt; xpath: .//word], [[AndroidDriver: chrome on ANDROID (51a5b69d350864e9562a2470b487b139)] -&gt; xpath: .//word], [[AndroidDriver: chrome on ANDROID (51a5b69d350864e9562a2470b487b139)] -&gt; xpath: .//word], [[AndroidDriver: chrome on ANDROID (51a5b69d350864e9562a2470b487b139)] -&gt; xpath: .//word], [[AndroidDriver: chrome on ANDROID (51a5b69d350864e9562a2470b487b139)] -&gt; xpath: .//word], [[AndroidDriver: chrome on ANDROID (51a5b69d350864e9562a2470b487b139)] -&gt; xpath: .//word], [[AndroidDriver: chrome on ANDROID (51a5b69d350864e9562a2470b487b139)] -&gt; xpath: .//word], [[AndroidDriver: chrome on ANDROID (51a5b69d350864e9562a2470b487b139)] -&gt; xpath: .//word], [[AndroidDriver: chrome on ANDROID (51a5b69d350864e9562a2470b487b139)] -&gt; xpath: .//word], [[AndroidDriver: chrome on ANDROID (51a5b69d350864e9562a2470b487b139)] -&gt; xpath: .//word], [[AndroidDriver: chrome on ANDROID (51a5b69d350864e9562a2470b487b139)] -&gt; xpath: .//word], [[AndroidDriver: chrome on ANDROID (51a5b69d350864e9562a2470b487b139)] -&gt; xpath: .//word], [[AndroidDriver: chrome on ANDROID (51a5b69d350864e9562a2470b487b139)] -&gt; xpath: .//word], [[AndroidDriver: chrome on ANDROID (51a5b69d350864e9562a2470b487b139)] -&gt; xpath: .//word], [[AndroidDriver: chrome on ANDROID (51a5b69d350864e9562a2470b487b139)] -&gt; xpath: .//word], [[AndroidDriver: chrome on ANDROID (51a5b69d350864e9562a2470b487b139)] -&gt; xpath: .//word], [[AndroidDriver: chrome on ANDROID (51a5b69d350864e9562a2470b487b139)] -&gt; xpath: .//word], [[AndroidDriver: chrome on ANDROID (51a5b69d350864e9562a2470b487b139)] -&gt; xpath: .//word], [[AndroidDriver: chrome on ANDROID (51a5b69d350864e9562a2470b487b139)] -&gt; xpath: .//word], [[AndroidDriver: chrome on ANDROID (51a5b69d350864e9562a2470b487b139)] -&gt; xpath: .//word], [[AndroidDriver: chrome on ANDROID (51a5b69d350864e9562a2470b487b139)] -&gt; xpath: .//word], [[AndroidDriver: chrome on ANDROID (51a5b69d350864e9562a2470b487b139)] -&gt; xpath: .//word], [[AndroidDriver: chrome on ANDROID (51a5b69d350864e9562a2470b487b139)] -&gt; xpath: .//word], [[AndroidDriver: chrome on ANDROID (51a5b69d350864e9562a2470b487b139)] -&gt; xpath: .//word], [[AndroidDriver: chrome on ANDROID (51a5b69d350864e9562a2470b487b139)] -&gt; xpath: .//word], [[AndroidDriver: chrome on ANDROID (51a5b69d350864e9562a2470b487b139)] -&gt; xpath: .//word], [[AndroidDriver: chrome on ANDROID (51a5b69d350864e9562a2470b487b139)] -&gt; xpath: .//word], [[AndroidDriver: chrome on ANDROID (51a5b69d350864e9562a2470b487b139)] -&gt; xpath: .//word], [[AndroidDriver: chrome on ANDROID (51a5b69d350864e9562a2470b487b139)] -&gt; xpath: .//word], [[AndroidDriver: chrome on ANDROID (51a5b69d350864e9562a2470b487b139)] -&gt; xpath: .//word], [[AndroidDriver: chrome on ANDROID (51a5b69d350864e9562a2470b487b139)] -&gt; xpath: .//word], [[AndroidDriver: chrome on ANDROID (51a5b69d350864e9562a2470b487b139)] -&gt; xpath: .//word], [[AndroidDriver: chrome on ANDROID (51a5b69d350864e9562a2470b487b139)] -&gt; xpath: .//word], [[AndroidDriver: chrome on ANDROID (51a5b69d350864e9562a2470b487b139)] -&gt; xpath: .//word], [[AndroidDriver: chrome on ANDROID (51a5b69d350864e9562a2470b487b139)] -&gt; xpath: .//word], [[AndroidDriver: chrome on ANDROID (51a5b69d350864e9562a2470b487b139)] -&gt; xpath: .//word], [[AndroidDriver: chrome on ANDROID (51a5b69d350864e9562a2470b487b139)] -&gt; xpath: .//word], [[AndroidDriver: chrome on ANDROID (51a5b69d350864e9562a2470b487b139)] -&gt; xpath: .//word], [[AndroidDriver: chrome on ANDROID (51a5b69d350864e9562a2470b487b139)] -&gt; xpath: .//word], [[AndroidDriver: chrome on ANDROID (51a5b69d350864e9562a2470b487b139)] -&gt; xpath: .//word], [[AndroidDriver: chrome on ANDROID (51a5b69d350864e9562a2470b487b139)] -&gt; xpath: .//word], [[AndroidDriver: chrome on ANDROID (51a5b69d350864e9562a2470b487b139)] -&gt; xpath: .//word], [[AndroidDriver: chrome on ANDROID (51a5b69d350864e9562a2470b487b139)] -&gt; xpath: .//word], [[AndroidDriver: chrome on ANDROID (51a5b69d350864e9562a2470b487b139)] -&gt; xpath: .//word], [[AndroidDriver: chrome on ANDROID (51a5b69d350864e9562a2470b487b139)] -&gt; xpath: .//word], [[AndroidDriver: chrome on ANDROID (51a5b69d350864e9562a2470b487b139)] -&gt; xpath: .//word], [[AndroidDriver: chrome on ANDROID (51a5b69d350864e9562a2470b487b139)] -&gt; xpath: .//word], [[AndroidDriver: chrome on ANDROID (51a5b69d350864e9562a2470b487b139)] -&gt; xpath: .//word], [[AndroidDriver: chrome on ANDROID (51a5b69d350864e9562a2470b487b139)] -&gt; xpath: .//word], [[AndroidDriver: chrome on ANDROID (51a5b69d350864e9562a2470b487b139)] -&gt; xpath: .//word], [[AndroidDriver: chrome on ANDROID (51a5b69d350864e9562a2470b487b139)] -&gt; xpath: .//word], [[AndroidDriver: chrome on ANDROID (51a5b69d350864e9562a2470b487b139)] -&gt; xpath: .//word], [[AndroidDriver: chrome on ANDROID (51a5b69d350864e9562a2470b487b139)] -&gt; xpath: .//word], [[AndroidDriver: chrome on ANDROID (51a5b69d350864e9562a2470b487b139)] -&gt; xpath: .//word], [[AndroidDriver: chrome on ANDROID (51a5b69d350864e9562a2470b487b139)] -&gt; xpath: .//word], [[AndroidDriver: chrome on ANDROID (51a5b69d350864e9562a2470b487b139)] -&gt; xpath: .//word], [[AndroidDriver: chrome on ANDROID (51a5b69d350864e9562a2470b487b139)] -&gt; xpath: .//word], [[AndroidDriver: chrome on ANDROID (51a5b69d350864e9562a2470b487b139)] -&gt; xpath: .//word], [[AndroidDriver: chrome on ANDROID (51a5b69d350864e9562a2470b487b139)] -&gt; xpath: .//word], [[AndroidDriver: chrome on ANDROID (51a5b69d350864e9562a2470b487b139)] -&gt; xpath: .//word], [[AndroidDriver: chrome on ANDROID (51a5b69d350864e9562a2470b487b139)] -&gt; xpath: .//word], [[AndroidDriver: chrome on ANDROID (51a5b69d350864e9562a2470b487b139)] -&gt; xpath: .//word], [[AndroidDriver: chrome on ANDROID (51a5b69d350864e9562a2470b487b139)] -&gt; xpath: .//word], [[AndroidDriver: chrome on ANDROID (51a5b69d350864e9562a2470b487b139)] -&gt; xpath: .//word], [[AndroidDriver: chrome on ANDROID (51a5b69d350864e9562a2470b487b139)] -&gt; xpath: .//word], [[AndroidDriver: chrome on ANDROID (51a5b69d350864e9562a2470b487b139)] -&gt; xpath: .//word], [[AndroidDriver: chrome on ANDROID (51a5b69d350864e9562a2470b487b139)] -&gt; xpath: .//word], [[AndroidDriver: chrome on ANDROID (51a5b69d350864e9562a2470b487b139)] -&gt; xpath: .//word], [[AndroidDriver: chrome on ANDROID (51a5b69d350864e9562a2470b487b139)] -&gt; xpath: .//word], [[AndroidDriver: chrome on ANDROID (51a5b69d350864e9562a2470b487b139)] -&gt; xpath: .//word], [[AndroidDriver: chrome on ANDROID (51a5b69d350864e9562a2470b487b139)] -&gt; xpath: .//word], [[AndroidDriver: chrome on ANDROID (51a5b69d350864e9562a2470b487b139)] -&gt; xpath: .//word], [[AndroidDriver: chrome on ANDROID (51a5b69d350864e9562a2470b487b139)] -&gt; xpath: .//word], [[AndroidDriver: chrome on ANDROID (51a5b69d350864e9562a2470b487b139)] -&gt; xpath: .//word], [[AndroidDriver: chrome on ANDROID (51a5b69d350864e9562a2470b487b139)] -&gt; xpath: .//word], [[AndroidDriver: chrome on ANDROID (51a5b69d350864e9562a2470b487b139)] -&gt; xpath: .//word], [[AndroidDriver: chrome on ANDROID (51a5b69d350864e9562a2470b487b139)] -&gt; xpath: .//word], [[AndroidDriver: chrome on ANDROID (51a5b69d350864e9562a2470b487b139)] -&gt; xpath: .//word], [[AndroidDriver: chrome on ANDROID (51a5b69d350864e9562a2470b487b139)] -&gt; xpath: .//word], [[AndroidDriver: chrome on ANDROID (51a5b69d350864e9562a2470b487b139)] -&gt; xpath: .//word], [[AndroidDriver: chrome on ANDROID (51a5b69d350864e9562a2470b487b139)] -&gt; xpath: .//word], [[AndroidDriver: chrome on ANDROID (51a5b69d350864e9562a2470b487b139)] -&gt; xpath: .//word], [[AndroidDriver: chrome on ANDROID (51a5b69d350864e9562a2470b487b139)] -&gt; xpath: .//word], [[AndroidDriver: chrome on ANDROID (51a5b69d350864e9562a2470b487b139)] -&gt; xpath: .//word], [[AndroidDriver: chrome on ANDROID (51a5b69d350864e9562a2470b487b139)] -&gt; xpath: .//word], [[AndroidDriver: chrome on ANDROID (51a5b69d350864e9562a2470b487b139)] -&gt; xpath: .//word], [[AndroidDriver: chrome on ANDROID (51a5b69d350864e9562a2470b487b139)] -&gt; xpath: .//word], [[AndroidDriver: chrome on ANDROID (51a5b69d350864e9562a2470b487b139)] -&gt; xpath: .//word], [[AndroidDriver: chrome on ANDROID (51a5b69d350864e9562a2470b487b139)] -&gt; xpath: .//word], [[AndroidDriver: chrome on ANDROID (51a5b69d350864e9562a2470b487b139)] -&gt; xpath: .//word], [[AndroidDriver: chrome on ANDROID (51a5b69d350864e9562a2470b487b139)] -&gt; xpath: .//word], [[AndroidDriver: chrome on ANDROID (51a5b69d350864e9562a2470b487b139)] -&gt; xpath: .//word], [[AndroidDriver: chrome on ANDROID (51a5b69d350864e9562a2470b487b139)] -&gt; xpath: .//word], [[AndroidDriver: chrome on ANDROID (51a5b69d350864e9562a2470b487b139)] -&gt; xpath: .//word], [[AndroidDriver: chrome on ANDROID (51a5b69d350864e9562a2470b487b139)] -&gt; xpath: .//word], [[AndroidDriver: chrome on ANDROID (51a5b69d350864e9562a2470b487b139)] -&gt; xpath: .//word], [[AndroidDriver: chrome on ANDROID (51a5b69d350864e9562a2470b487b139)] -&gt; xpath: .//word], [[AndroidDriver: chrome on ANDROID (51a5b69d350864e9562a2470b487b139)] -&gt; xpath: .//word], [[AndroidDriver: chrome on ANDROID (51a5b69d350864e9562a2470b487b139)] -&gt; xpath: .//word], [[AndroidDriver: chrome on ANDROID (51a5b69d350864e9562a2470b487b139)] -&gt; xpath: .//word], [[AndroidDriver: chrome on ANDROID (51a5b69d350864e9562a2470b487b139)] -&gt; xpath: .//word], [[AndroidDriver: chrome on ANDROID (51a5b69d350864e9562a2470b487b139)] -&gt; xpath: .//word], [[AndroidDriver: chrome on ANDROID (51a5b69d350864e9562a2470b487b139)] -&gt; xpath: .//word], [[AndroidDriver: chrome on ANDROID (51a5b69d350864e9562a2470b487b139)] -&gt; xpath: .//word], [[AndroidDriver: chrome on ANDROID (51a5b69d350864e9562a2470b487b139)] -&gt; xpath: .//word], [[AndroidDriver: chrome on ANDROID (51a5b69d350864e9562a2470b487b139)] -&gt; xpath: .//word], [[AndroidDriver: chrome on ANDROID (51a5b69d350864e9562a2470b487b139)] -&gt; xpath: .//word], [[AndroidDriver: chrome on ANDROID (51a5b69d350864e9562a2470b487b139)] -&gt; xpath: .//word], [[AndroidDriver: chrome on ANDROID (51a5b69d350864e9562a2470b487b139)] -&gt; xpath: .//word], [[AndroidDriver: chrome on ANDROID (51a5b69d350864e9562a2470b487b139)] -&gt; xpath: .//word], [[AndroidDriver: chrome on ANDROID (51a5b69d350864e9562a2470b487b139)] -&gt; xpath: .//word], [[AndroidDriver: chrome on ANDROID (51a5b69d350864e9562a2470b487b139)] -&gt; xpath: .//word], [[AndroidDriver: chrome on ANDROID (51a5b69d350864e9562a2470b487b139)] -&gt; xpath: .//word], [[AndroidDriver: chrome on ANDROID (51a5b69d350864e9562a2470b487b139)] -&gt; xpath: .//word], [[AndroidDriver: chrome on ANDROID (51a5b69d350864e9562a2470b487b139)] -&gt; xpath: .//word], [[AndroidDriver: chrome on ANDROID (51a5b69d350864e9562a2470b487b139)] -&gt; xpath: .//word], [[AndroidDriver: chrome on ANDROID (51a5b69d350864e9562a2470b487b139)] -&gt; xpath: .//word], [[AndroidDriver: chrome on ANDROID (51a5b69d350864e9562a2470b487b139)] -&gt; xpath: .//word], [[AndroidDriver: chrome on ANDROID (51a5b69d350864e9562a2470b487b139)] -&gt; xpath: .//word], [[AndroidDriver: chrome on ANDROID (51a5b69d350864e9562a2470b487b139)] -&gt; xpath: .//word], [[AndroidDriver: chrome on ANDROID (51a5b69d350864e9562a2470b487b139)] -&gt; xpath: .//word], [[AndroidDriver: chrome on ANDROID (51a5b69d350864e9562a2470b487b139)] -&gt; xpath: .//word], [[AndroidDriver: chrome on ANDROID (51a5b69d350864e9562a2470b487b139)] -&gt; xpath: .//word], [[AndroidDriver: chrome on ANDROID (51a5b69d350864e9562a2470b487b139)] -&gt; xpath: .//word], [[AndroidDriver: chrome on ANDROID (51a5b69d350864e9562a2470b487b139)] -&gt; xpath: .//word], [[AndroidDriver: chrome on ANDROID (51a5b69d350864e9562a2470b487b139)] -&gt; xpath: .//word], [[AndroidDriver: chrome on ANDROID (51a5b69d350864e9562a2470b487b139)] -&gt; xpath: .//word], [[AndroidDriver: chrome on ANDROID (51a5b69d350864e9562a2470b487b139)] -&gt; xpath: .//word], [[AndroidDriver: chrome on ANDROID (51a5b69d350864e9562a2470b487b139)] -&gt; xpath: .//word], [[AndroidDriver: chrome on ANDROID (51a5b69d350864e9562a2470b487b139)] -&gt; xpath: .//word], [[AndroidDriver: chrome on ANDROID (51a5b69d350864e9562a2470b487b139)] -&gt; xpath: .//word], [[AndroidDriver: chrome on ANDROID (51a5b69d350864e9562a2470b487b139)] -&gt; xpath: .//word], [[AndroidDriver: chrome on ANDROID (51a5b69d350864e9562a2470b487b139)] -&gt; xpath: .//word], [[AndroidDriver: chrome on ANDROID (51a5b69d350864e9562a2470b487b139)] -&gt; xpath: .//word], [[AndroidDriver: chrome on ANDROID (51a5b69d350864e9562a2470b487b139)] -&gt; xpath: .//word], [[AndroidDriver: chrome on ANDROID (51a5b69d350864e9562a2470b487b139)] -&gt; xpath: .//word], [[AndroidDriver: chrome on ANDROID (51a5b69d350864e9562a2470b487b139)] -&gt; xpath: .//word], [[AndroidDriver: chrome on ANDROID (51a5b69d350864e9562a2470b487b139)] -&gt; xpath: .//word], [[AndroidDriver: chrome on ANDROID (51a5b69d350864e9562a2470b487b139)] -&gt; xpath: .//word], [[AndroidDriver: chrome on ANDROID (51a5b69d350864e9562a2470b487b139)] -&gt; xpath: .//word], [[AndroidDriver: chrome on ANDROID (51a5b69d350864e9562a2470b487b139)] -&gt; xpath: .//word], [[AndroidDriver: chrome on ANDROID (51a5b69d350864e9562a2470b487b139)] -&gt; xpath: .//word], [[AndroidDriver: chrome on ANDROID (51a5b69d350864e9562a2470b487b139)] -&gt; xpath: .//word], [[AndroidDriver: chrome on ANDROID (51a5b69d350864e9562a2470b487b139)] -&gt; xpath: .//word], [[AndroidDriver: chrome on ANDROID (51a5b69d350864e9562a2470b487b139)] -&gt; xpath: .//word], [[AndroidDriver: chrome on ANDROID (51a5b69d350864e9562a2470b487b139)] -&gt; xpath: .//word], [[AndroidDriver: chrome on ANDROID (51a5b69d350864e9562a2470b487b139)] -&gt; xpath: .//word], [[AndroidDriver: chrome on ANDROID (51a5b69d350864e9562a2470b487b139)] -&gt; xpath: .//word], [[AndroidDriver: chrome on ANDROID (51a5b69d350864e9562a2470b487b139)] -&gt; xpath: .//word], [[AndroidDriver: chrome on ANDROID (51a5b69d350864e9562a2470b487b139)] -&gt; xpath: .//word], [[AndroidDriver: chrome on ANDROID (51a5b69d350864e9562a2470b487b139)] -&gt; xpath: .//word], [[AndroidDriver: chrome on ANDROID (51a5b69d350864e9562a2470b487b139)] -&gt; xpath: .//word], [[AndroidDriver: chrome on ANDROID (51a5b69d350864e9562a2470b487b139)] -&gt; xpath: .//word], [[AndroidDriver: chrome on ANDROID (51a5b69d350864e9562a2470b487b139)] -&gt; xpath: .//word], [[AndroidDriver: chrome on ANDROID (51a5b69d350864e9562a2470b487b139)] -&gt; xpath: .//word], [[AndroidDriver: chrome on ANDROID (51a5b69d350864e9562a2470b487b139)] -&gt; xpath: .//word], [[AndroidDriver: chrome on ANDROID (51a5b69d350864e9562a2470b487b139)] -&gt; xpath: .//word], [[AndroidDriver: chrome on ANDROID (51a5b69d350864e9562a2470b487b139)] -&gt; xpath: .//word], [[AndroidDriver: chrome on ANDROID (51a5b69d350864e9562a2470b487b139)] -&gt; xpath: .//word], [[AndroidDriver: chrome on ANDROID (51a5b69d350864e9562a2470b487b139)] -&gt; xpath: .//word], [[AndroidDriver: chrome on ANDROID (51a5b69d350864e9562a2470b487b139)] -&gt; xpath: .//word], [[AndroidDriver: chrome on ANDROID (51a5b69d350864e9562a2470b487b139)] -&gt; xpath: .//word], [[AndroidDriver: chrome on ANDROID (51a5b69d350864e9562a2470b487b139)] -&gt; xpath: .//word], [[AndroidDriver: chrome on ANDROID (51a5b69d350864e9562a2470b487b139)] -&gt; xpath: .//word], [[AndroidDriver: chrome on ANDROID (51a5b69d350864e9562a2470b487b139)] -&gt; xpath: .//word], [[AndroidDriver: chrome on ANDROID (51a5b69d350864e9562a2470b487b139)] -&gt; xpath: .//word], [[AndroidDriver: chrome on ANDROID (51a5b69d350864e9562a2470b487b139)] -&gt; xpath: .//word], [[AndroidDriver: chrome on ANDROID (51a5b69d350864e9562a2470b487b139)] -&gt; xpath: .//word], [[AndroidDriver: chrome on ANDROID (51a5b69d350864e9562a2470b487b139)] -&gt; xpath: .//word], [[AndroidDriver: chrome on ANDROID (51a5b69d350864e9562a2470b487b139)] -&gt; xpath: .//word], [[AndroidDriver: chrome on ANDROID (51a5b69d350864e9562a2470b487b139)] -&gt; xpath: .//word], [[AndroidDriver: chrome on ANDROID (51a5b69d350864e9562a2470b487b139)] -&gt; xpath: .//word], [[AndroidDriver: chrome on ANDROID (51a5b69d350864e9562a2470b487b139)] -&gt; xpath: .//word], [[AndroidDriver: chrome on ANDROID (51a5b69d350864e9562a2470b487b139)] -&gt; xpath: .//word], [[AndroidDriver: chrome on ANDROID (51a5b69d350864e9562a2470b487b139)] -&gt; xpath: .//word], [[AndroidDriver: chrome on ANDROID (51a5b69d350864e9562a2470b487b139)] -&gt; xpath: .//word], [[AndroidDriver: chrome on ANDROID (51a5b69d350864e9562a2470b487b139)] -&gt; xpath: .//word], [[AndroidDriver: chrome on ANDROID (51a5b69d350864e9562a2470b487b139)] -&gt; xpath: .//word], [[AndroidDriver: chrome on ANDROID (51a5b69d350864e9562a2470b487b139)] -&gt; xpath: .//word], [[AndroidDriver: chrome on ANDROID (51a5b69d350864e9562a2470b487b139)] -&gt; xpath: .//word], [[AndroidDriver: chrome on ANDROID (51a5b69d350864e9562a2470b487b139)] -&gt; xpath: .//word], [[AndroidDriver: chrome on ANDROID (51a5b69d350864e9562a2470b487b139)] -&gt; xpath: .//word], [[AndroidDriver: chrome on ANDROID (51a5b69d350864e9562a2470b487b139)] -&gt; xpath: .//word], [[AndroidDriver: chrome on ANDROID (51a5b69d350864e9562a2470b487b139)] -&gt; xpath: .//word], [[AndroidDriver: chrome on ANDROID (51a5b69d350864e9562a2470b487b139)] -&gt; xpath: .//word], [[AndroidDriver: chrome on ANDROID (51a5b69d350864e9562a2470b487b139)] -&gt; xpath: .//word], [[AndroidDriver: chrome on ANDROID (51a5b69d350864e9562a2470b487b139)] -&gt; xpath: .//word], [[AndroidDriver: chrome on ANDROID (51a5b69d350864e9562a2470b487b139)] -&gt; xpath: .//word], [[AndroidDriver: chrome on ANDROID (51a5b69d350864e9562a2470b487b139)] -&gt; xpath: .//word], [[AndroidDriver: chrome on ANDROID (51a5b69d350864e9562a2470b487b139)] -&gt; xpath: .//word], [[AndroidDriver: chrome on ANDROID (51a5b69d350864e9562a2470b487b139)] -&gt; xpath: .//word], [[AndroidDriver: chrome on ANDROID (51a5b69d350864e9562a2470b487b139)] -&gt; xpath: .//word], [[AndroidDriver: chrome on ANDROID (51a5b69d350864e9562a2470b487b139)] -&gt; xpath: .//word], [[AndroidDriver: chrome on ANDROID (51a5b69d350864e9562a2470b487b139)] -&gt; xpath: .//word], [[AndroidDriver: chrome on ANDROID (51a5b69d350864e9562a2470b487b139)] -&gt; xpath: .//word], [[AndroidDriver: chrome on ANDROID (51a5b69d350864e9562a2470b487b139)] -&gt; xpath: .//word], [[AndroidDriver: chrome on ANDROID (51a5b69d350864e9562a2470b487b139)] -&gt; xpath: .//word], [[AndroidDriver: chrome on ANDROID (51a5b69d350864e9562a2470b487b139)] -&gt; xpath: .//word], [[AndroidDriver: chrome on ANDROID (51a5b69d350864e9562a2470b487b139)] -&gt; xpath: .//word], [[AndroidDriver: chrome on ANDROID (51a5b69d350864e9562a2470b487b139)] -&gt; xpath: .//word], [[AndroidDriver: chrome on ANDROID (51a5b69d350864e9562a2470b487b139)] -&gt; xpath: .//word], [[AndroidDriver: chrome on ANDROID (51a5b69d350864e9562a2470b487b139)] -&gt; xpath: .//word], [[AndroidDriver: chrome on ANDROID (51a5b69d350864e9562a2470b487b139)] -&gt; xpath: .//word], [[AndroidDriver: chrome on ANDROID (51a5b69d350864e9562a2470b487b139)] -&gt; xpath: .//word], [[AndroidDriver: chrome on ANDROID (51a5b69d350864e9562a2470b487b139)] -&gt; xpath: .//word], [[AndroidDriver: chrome on ANDROID (51a5b69d350864e9562a2470b487b139)] -&gt; xpath: .//word], [[AndroidDriver: chrome on ANDROID (51a5b69d350864e9562a2470b487b139)] -&gt; xpath: .//word], [[AndroidDriver: chrome on ANDROID (51a5b69d350864e9562a2470b487b139)] -&gt; xpath: .//word], [[AndroidDriver: chrome on ANDROID (51a5b69d350864e9562a2470b487b139)] -&gt; xpath: .//word], [[AndroidDriver: chrome on ANDROID (51a5b69d350864e9562a2470b487b139)] -&gt; xpath: .//word], [[AndroidDriver: chrome on ANDROID (51a5b69d350864e9562a2470b487b139)] -&gt; xpath: .//word], [[AndroidDriver: chrome on ANDROID (51a5b69d350864e9562a2470b487b139)] -&gt; xpath: .//word], [[AndroidDriver: chrome on ANDROID (51a5b69d350864e9562a2470b487b139)] -&gt; xpath: .//word], [[AndroidDriver: chrome on ANDROID (51a5b69d350864e9562a2470b487b139)] -&gt; xpath: .//word], [[AndroidDriver: chrome on ANDROID (51a5b69d350864e9562a2470b487b139)] -&gt; xpath: .//word], [[AndroidDriver: chrome on ANDROID (51a5b69d350864e9562a2470b487b139)] -&gt; xpath: .//word], [[AndroidDriver: chrome on ANDROID (51a5b69d350864e9562a2470b487b139)] -&gt; xpath: .//word], [[AndroidDriver: chrome on ANDROID (51a5b69d350864e9562a2470b487b139)] -&gt; xpath: .//word], [[AndroidDriver: chrome on ANDROID (51a5b69d350864e9562a2470b487b139)] -&gt; xpath: .//word], [[AndroidDriver: chrome on ANDROID (51a5b69d350864e9562a2470b487b139)] -&gt; xpath: .//word], [[AndroidDriver: chrome on ANDROID (51a5b69d350864e9562a2470b487b139)] -&gt; xpath: .//word], [[AndroidDriver: chrome on ANDROID (51a5b69d350864e9562a2470b487b139)] -&gt; xpath: .//word], [[AndroidDriver: chrome on ANDROID (51a5b69d350864e9562a2470b487b139)] -&gt; xpath: .//word], [[AndroidDriver: chrome on ANDROID (51a5b69d350864e9562a2470b487b139)] -&gt; xpath: .//word], [[AndroidDriver: chrome on ANDROID (51a5b69d350864e9562a2470b487b139)] -&gt; xpath: .//word], [[AndroidDriver: chrome on ANDROID (51a5b69d350864e9562a2470b487b139)] -&gt; xpath: .//word], [[AndroidDriver: chrome on ANDROID (51a5b69d350864e9562a2470b487b139)] -&gt; xpath: .//word], [[AndroidDriver: chrome on ANDROID (51a5b69d350864e9562a2470b487b139)] -&gt; xpath: .//word], [[AndroidDriver: chrome on ANDROID (51a5b69d350864e9562a2470b487b139)] -&gt; xpath: .//word], [[AndroidDriver: chrome on ANDROID (51a5b69d350864e9562a2470b487b139)] -&gt; xpath: .//word], [[AndroidDriver: chrome on ANDROID (51a5b69d350864e9562a2470b487b139)] -&gt; xpath: .//word], [[AndroidDriver: chrome on ANDROID (51a5b69d350864e9562a2470b487b139)] -&gt; xpath: .//word], [[AndroidDriver: chrome on ANDROID (51a5b69d350864e9562a2470b487b139)] -&gt; xpath: .//word], [[AndroidDriver: chrome on ANDROID (51a5b69d350864e9562a2470b487b139)] -&gt; xpath: .//word], [[AndroidDriver: chrome on ANDROID (51a5b69d350864e9562a2470b487b139)] -&gt; xpath: .//word], [[AndroidDriver: chrome on ANDROID (51a5b69d350864e9562a2470b487b139)] -&gt; xpath: .//word], [[AndroidDriver: chrome on ANDROID (51a5b69d350864e9562a2470b487b139)] -&gt; xpath: .//word], [[AndroidDriver: chrome on ANDROID (51a5b69d350864e9562a2470b487b139)] -&gt; xpath: .//word], [[AndroidDriver: chrome on ANDROID (51a5b69d350864e9562a2470b487b139)] -&gt; xpath: .//word], [[AndroidDriver: chrome on ANDROID (51a5b69d350864e9562a2470b487b139)] -&gt; xpath: .//word], [[AndroidDriver: chrome on ANDROID (51a5b69d350864e9562a2470b487b139)] -&gt; xpath: .//word], [[AndroidDriver: chrome on ANDROID (51a5b69d350864e9562a2470b487b139)] -&gt; xpath: .//word], [[AndroidDriver: chrome on ANDROID (51a5b69d350864e9562a2470b487b139)] -&gt; xpath: .//word], [[AndroidDriver: chrome on ANDROID (51a5b69d350864e9562a2470b487b139)] -&gt; xpath: .//word], [[AndroidDriver: chrome on ANDROID (51a5b69d350864e9562a2470b487b139)] -&gt; xpath: .//word], [[AndroidDriver: chrome on ANDROID (51a5b69d350864e9562a2470b487b139)] -&gt; xpath: .//word], [[AndroidDriver: chrome on ANDROID (51a5b69d350864e9562a2470b487b139)] -&gt; xpath: .//word], [[AndroidDriver: chrome on ANDROID (51a5b69d350864e9562a2470b487b139)] -&gt; xpath: .//word], [[AndroidDriver: chrome on ANDROID (51a5b69d350864e9562a2470b487b139)] -&gt; xpath: .//word], [[AndroidDriver: chrome on ANDROID (51a5b69d350864e9562a2470b487b139)] -&gt; xpath: .//word], [[AndroidDriver: chrome on ANDROID (51a5b69d350864e9562a2470b487b139)] -&gt; xpath: .//word], [[AndroidDriver: chrome on ANDROID (51a5b69d350864e9562a2470b487b139)] -&gt; xpath: .//word], [[AndroidDriver: chrome on ANDROID (51a5b69d350864e9562a2470b487b139)] -&gt; xpath: .//word], [[AndroidDriver: chrome on ANDROID (51a5b69d350864e9562a2470b487b139)] -&gt; xpath: .//word], [[AndroidDriver: chrome on ANDROID (51a5b69d350864e9562a2470b487b139)] -&gt; xpath: .//word], [[AndroidDriver: chrome on ANDROID (51a5b69d350864e9562a2470b487b139)] -&gt; xpath: .//word], [[AndroidDriver: chrome on ANDROID (51a5b69d350864e9562a2470b487b139)] -&gt; xpath: .//word], [[AndroidDriver: chrome on ANDROID (51a5b69d350864e9562a2470b487b139)] -&gt; xpath: .//word], [[AndroidDriver: chrome on ANDROID (51a5b69d350864e9562a2470b487b139)] -&gt; xpath: .//word], [[AndroidDriver: chrome on ANDROID (51a5b69d350864e9562a2470b487b139)] -&gt; xpath: .//word], [[AndroidDriver: chrome on ANDROID (51a5b69d350864e9562a2470b487b139)] -&gt; xpath: .//word], [[AndroidDriver: chrome on ANDROID (51a5b69d350864e9562a2470b487b139)] -&gt; xpath: .//word], [[AndroidDriver: chrome on ANDROID (51a5b69d350864e9562a2470b487b139)] -&gt; xpath: .//word], [[AndroidDriver: chrome on ANDROID (51a5b69d350864e9562a2470b487b139)] -&gt; xpath: .//word], [[AndroidDriver: chrome on ANDROID (51a5b69d350864e9562a2470b487b139)] -&gt; xpath: .//word], [[AndroidDriver: chrome on ANDROID (51a5b69d350864e9562a2470b487b139)] -&gt; xpath: .//word], [[AndroidDriver: chrome on ANDROID (51a5b69d350864e9562a2470b487b139)] -&gt; xpath: .//word], [[AndroidDriver: chrome on ANDROID (51a5b69d350864e9562a2470b487b139)] -&gt; xpath: .//word], [[AndroidDriver: chrome on ANDROID (51a5b69d350864e9562a2470b487b139)] -&gt; xpath: .//word], [[AndroidDriver: chrome on ANDROID (51a5b69d350864e9562a2470b487b139)] -&gt; xpath: .//word], [[AndroidDriver: chrome on ANDROID (51a5b69d350864e9562a2470b487b139)] -&gt; xpath: .//word], [[AndroidDriver: chrome on ANDROID (51a5b69d350864e9562a2470b487b139)] -&gt; xpath: .//word], [[AndroidDriver: chrome on ANDROID (51a5b69d350864e9562a2470b487b139)] -&gt; xpath: .//word], [[AndroidDriver: chrome on ANDROID (51a5b69d350864e9562a2470b487b139)] -&gt; xpath: .//word], [[AndroidDriver: chrome on ANDROID (51a5b69d350864e9562a2470b487b139)] -&gt; xpath: .//word], [[AndroidDriver: chrome on ANDROID (51a5b69d350864e9562a2470b487b139)] -&gt; xpath: .//word], [[AndroidDriver: chrome on ANDROID (51a5b69d350864e9562a2470b487b139)] -&gt; xpath: .//word], [[AndroidDriver: chrome on ANDROID (51a5b69d350864e9562a2470b487b139)] -&gt; xpath: .//word], [[AndroidDriver: chrome on ANDROID (51a5b69d350864e9562a2470b487b139)] -&gt; xpath: .//word], [[AndroidDriver: chrome on ANDROID (51a5b69d350864e9562a2470b487b139)] -&gt; xpath: .//word], [[AndroidDriver: chrome on ANDROID (51a5b69d350864e9562a2470b487b139)] -&gt; xpath: .//word], [[AndroidDriver: chrome on ANDROID (51a5b69d350864e9562a2470b487b139)] -&gt; xpath: .//word], [[AndroidDriver: chrome on ANDROID (51a5b69d350864e9562a2470b487b139)] -&gt; xpath: .//word], [[AndroidDriver: chrome on ANDROID (51a5b69d350864e9562a2470b487b139)] -&gt; xpath: .//word], [[AndroidDriver: chrome on ANDROID (51a5b69d350864e9562a2470b487b139)] -&gt; xpath: .//word], [[AndroidDriver: chrome on ANDROID (51a5b69d350864e9562a2470b487b139)] -&gt; xpath: .//word], [[AndroidDriver: chrome on ANDROID (51a5b69d350864e9562a2470b487b139)] -&gt; xpath: .//word], [[AndroidDriver: chrome on ANDROID (51a5b69d350864e9562a2470b487b139)] -&gt; xpath: .//word], [[AndroidDriver: chrome on ANDROID (51a5b69d350864e9562a2470b487b139)] -&gt; xpath: .//word], [[AndroidDriver: chrome on ANDROID (51a5b69d350864e9562a2470b487b139)] -&gt; xpath: .//word], [[AndroidDriver: chrome on ANDROID (51a5b69d350864e9562a2470b487b139)] -&gt; xpath: .//word], [[AndroidDriver: chrome on ANDROID (51a5b69d350864e9562a2470b487b139)] -&gt; xpath: .//word], [[AndroidDriver: chrome on ANDROID (51a5b69d350864e9562a2470b487b139)] -&gt; xpath: .//word], [[AndroidDriver: chrome on ANDROID (51a5b69d350864e9562a2470b487b139)] -&gt; xpath: .//word], [[AndroidDriver: chrome on ANDROID (51a5b69d350864e9562a2470b487b139)] -&gt; xpath: .//word], [[AndroidDriver: chrome on ANDROID (51a5b69d350864e9562a2470b487b139)] -&gt; xpath: .//word], [[AndroidDriver: chrome on ANDROID (51a5b69d350864e9562a2470b487b139)] -&gt; xpath: .//word], [[AndroidDriver: chrome on ANDROID (51a5b69d350864e9562a2470b487b139)] -&gt; xpath: .//word], [[AndroidDriver: chrome on ANDROID (51a5b69d350864e9562a2470b487b139)] -&gt; xpath: .//word], [[AndroidDriver: chrome on ANDROID (51a5b69d350864e9562a2470b487b139)] -&gt; xpath: .//word], [[AndroidDriver: chrome on ANDROID (51a5b69d350864e9562a2470b487b139)] -&gt; xpath: .//word], [[AndroidDriver: chrome on ANDROID (51a5b69d350864e9562a2470b487b139)] -&gt; xpath: .//word], [[AndroidDriver: chrome on ANDROID (51a5b69d350864e9562a2470b487b139)] -&gt; xpath: .//word], [[AndroidDriver: chrome on ANDROID (51a5b69d350864e9562a2470b487b139)] -&gt; xpath: .//word], [[AndroidDriver: chrome on ANDROID (51a5b69d350864e9562a2470b487b139)] -&gt; xpath: .//word], [[AndroidDriver: chrome on ANDROID (51a5b69d350864e9562a2470b487b139)] -&gt; xpath: .//word], [[AndroidDriver: chrome on ANDROID (51a5b69d350864e9562a2470b487b139)] -&gt; xpath: .//word], [[AndroidDriver: chrome on ANDROID (51a5b69d350864e9562a2470b487b139)] -&gt; xpath: .//word], [[AndroidDriver: chrome on ANDROID (51a5b69d350864e9562a2470b487b139)] -&gt; xpath: .//word], [[AndroidDriver: chrome on ANDROID (51a5b69d350864e9562a2470b487b139)] -&gt; xpath: .//word], [[AndroidDriver: chrome on ANDROID (51a5b69d350864e9562a2470b487b139)] -&gt; xpath: .//word], [[AndroidDriver: chrome on ANDROID (51a5b69d350864e9562a2470b487b139)] -&gt; xpath: .//word], [[AndroidDriver: chrome on ANDROID (51a5b69d350864e9562a2470b487b139)] -&gt; xpath: .//word], [[AndroidDriver: chrome on ANDROID (51a5b69d350864e9562a2470b487b139)] -&gt; xpath: .//word], [[AndroidDriver: chrome on ANDROID (51a5b69d350864e9562a2470b487b139)] -&gt; xpath: .//word], [[AndroidDriver: chrome on ANDROID (51a5b69d350864e9562a2470b487b139)] -&gt; xpath: .//word], [[AndroidDriver: chrome on ANDROID (51a5b69d350864e9562a2470b487b139)] -&gt; xpath: .//word], [[AndroidDriver: chrome on ANDROID (51a5b69d350864e9562a2470b487b139)] -&gt; xpath: .//word], [[AndroidDriver: chrome on ANDROID (51a5b69d350864e9562a2470b487b139)] -&gt; xpath: .//word], [[AndroidDriver: chrome on ANDROID (51a5b69d350864e9562a2470b487b139)] -&gt; xpath: .//word], [[AndroidDriver: chrome on ANDROID (51a5b69d350864e9562a2470b487b139)] -&gt; xpath: .//word], [[AndroidDriver: chrome on ANDROID (51a5b69d350864e9562a2470b487b139)] -&gt; xpath: .//word], [[AndroidDriver: chrome on ANDROID (51a5b69d350864e9562a2470b487b139)] -&gt; xpath: .//word], [[AndroidDriver: chrome on ANDROID (51a5b69d350864e9562a2470b487b139)] -&gt; xpath: .//word], [[AndroidDriver: chrome on ANDROID (51a5b69d350864e9562a2470b487b139)] -&gt; xpath: .//word], [[AndroidDriver: chrome on ANDROID (51a5b69d350864e9562a2470b487b139)] -&gt; xpath: .//word], [[AndroidDriver: chrome on ANDROID (51a5b69d350864e9562a2470b487b139)] -&gt; xpath: .//word], [[AndroidDriver: chrome on ANDROID (51a5b69d350864e9562a2470b487b139)] -&gt; xpath: .//word], [[AndroidDriver: chrome on ANDROID (51a5b69d350864e9562a2470b487b139)] -&gt; xpath: .//word], [[AndroidDriver: chrome on ANDROID (51a5b69d350864e9562a2470b487b139)] -&gt; xpath: .//word], [[AndroidDriver: chrome on ANDROID (51a5b69d350864e9562a2470b487b139)] -&gt; xpath: .//word], [[AndroidDriver: chrome on ANDROID (51a5b69d350864e9562a2470b487b139)] -&gt; xpath: .//word], [[AndroidDriver: chrome on ANDROID (51a5b69d350864e9562a2470b487b139)] -&gt; xpath: .//word], [[AndroidDriver: chrome on ANDROID (51a5b69d350864e9562a2470b487b139)] -&gt; xpath: .//word], [[AndroidDriver: chrome on ANDROID (51a5b69d350864e9562a2470b487b139)] -&gt; xpath: .//word], [[AndroidDriver: chrome on ANDROID (51a5b69d350864e9562a2470b487b139)] -&gt; xpath: .//word], [[AndroidDriver: chrome on ANDROID (51a5b69d350864e9562a2470b487b139)] -&gt; xpath: .//word], [[AndroidDriver: chrome on ANDROID (51a5b69d350864e9562a2470b487b139)] -&gt; xpath: .//word], [[AndroidDriver: chrome on ANDROID (51a5b69d350864e9562a2470b487b139)] -&gt; xpath: .//word], [[AndroidDriver: chrome on ANDROID (51a5b69d350864e9562a2470b487b139)] -&gt; xpath: .//word], [[AndroidDriver: chrome on ANDROID (51a5b69d350864e9562a2470b487b139)] -&gt; xpath: .//word], [[AndroidDriver: chrome on ANDROID (51a5b69d350864e9562a2470b487b139)] -&gt; xpath: .//word], [[AndroidDriver: chrome on ANDROID (51a5b69d350864e9562a2470b487b139)] -&gt; xpath: .//word], [[AndroidDriver: chrome on ANDROID (51a5b69d350864e9562a2470b487b139)] -&gt; xpath: .//word], [[AndroidDriver: chrome on ANDROID (51a5b69d350864e9562a2470b487b139)] -&gt; xpath: .//word], [[AndroidDriver: chrome on ANDROID (51a5b69d350864e9562a2470b487b139)] -&gt; xpath: .//word], [[AndroidDriver: chrome on ANDROID (51a5b69d350864e9562a2470b487b139)] -&gt; xpath: .//word], [[AndroidDriver: chrome on ANDROID (51a5b69d350864e9562a2470b487b139)] -&gt; xpath: .//word], [[AndroidDriver: chrome on ANDROID (51a5b69d350864e9562a2470b487b139)] -&gt; xpath: .//word], [[AndroidDriver: chrome on ANDROID (51a5b69d350864e9562a2470b487b139)] -&gt; xpath: .//word], [[AndroidDriver: chrome on ANDROID (51a5b69d350864e9562a2470b487b139)] -&gt; xpath: .//word], [[AndroidDriver: chrome on ANDROID (51a5b69d350864e9562a2470b487b139)] -&gt; xpath: .//word], [[AndroidDriver: chrome on ANDROID (51a5b69d350864e9562a2470b487b139)] -&gt; xpath: .//word], [[AndroidDriver: chrome on ANDROID (51a5b69d350864e9562a2470b487b139)] -&gt; xpath: .//word], [[AndroidDriver: chrome on ANDROID (51a5b69d350864e9562a2470b487b139)] -&gt; xpath: .//word], [[AndroidDriver: chrome on ANDROID (51a5b69d350864e9562a2470b487b139)] -&gt; xpath: .//word], [[AndroidDriver: chrome on ANDROID (51a5b69d350864e9562a2470b487b139)] -&gt; xpath: .//word], [[AndroidDriver: chrome on ANDROID (51a5b69d350864e9562a2470b487b139)] -&gt; xpath: .//word], [[AndroidDriver: chrome on ANDROID (51a5b69d350864e9562a2470b487b139)] -&gt; xpath: .//word], [[AndroidDriver: chrome on ANDROID (51a5b69d350864e9562a2470b487b139)] -&gt; xpath: .//word], [[AndroidDriver: chrome on ANDROID (51a5b69d350864e9562a2470b487b139)] -&gt; xpath: .//word], [[AndroidDriver: chrome on ANDROID (51a5b69d350864e9562a2470b487b139)] -&gt; xpath: .//word], [[AndroidDriver: chrome on ANDROID (51a5b69d350864e9562a2470b487b139)] -&gt; xpath: .//word], [[AndroidDriver: chrome on ANDROID (51a5b69d350864e9562a2470b487b139)] -&gt; xpath: .//word], [[AndroidDriver: chrome on ANDROID (51a5b69d350864e9562a2470b487b139)] -&gt; xpath: .//word], [[AndroidDriver: chrome on ANDROID (51a5b69d350864e9562a2470b487b139)] -&gt; xpath: .//word], [[AndroidDriver: chrome on ANDROID (51a5b69d350864e9562a2470b487b139)] -&gt; xpath: .//word], [[AndroidDriver: chrome on ANDROID (51a5b69d350864e9562a2470b487b139)] -&gt; xpath: .//word], [[AndroidDriver: chrome on ANDROID (51a5b69d350864e9562a2470b487b139)] -&gt; xpath: .//word], [[AndroidDriver: chrome on ANDROID (51a5b69d350864e9562a2470b487b139)] -&gt; xpath: .//word], [[AndroidDriver: chrome on ANDROID (51a5b69d350864e9562a2470b487b139)] -&gt; xpath: .//word], [[AndroidDriver: chrome on ANDROID (51a5b69d350864e9562a2470b487b139)] -&gt; xpath: .//word], [[AndroidDriver: chrome on ANDROID (51a5b69d350864e9562a2470b487b139)] -&gt; xpath: .//word], [[AndroidDriver: chrome on ANDROID (51a5b69d350864e9562a2470b487b139)] -&gt; xpath: .//word], [[AndroidDriver: chrome on ANDROID (51a5b69d350864e9562a2470b487b139)] -&gt; xpath: .//word], [[AndroidDriver: chrome on ANDROID (51a5b69d350864e9562a2470b487b139)] -&gt; xpath: .//word], [[AndroidDriver: chrome on ANDROID (51a5b69d350864e9562a2470b487b139)] -&gt; xpath: .//word], [[AndroidDriver: chrome on ANDROID (51a5b69d350864e9562a2470b487b139)] -&gt; xpath: .//word], [[AndroidDriver: chrome on ANDROID (51a5b69d350864e9562a2470b487b139)] -&gt; xpath: .//word], [[AndroidDriver: chrome on ANDROID (51a5b69d350864e9562a2470b487b139)] -&gt; xpath: .//word], [[AndroidDriver: chrome on ANDROID (51a5b69d350864e9562a2470b487b139)] -&gt; xpath: .//word], [[AndroidDriver: chrome on ANDROID (51a5b69d350864e9562a2470b487b139)] -&gt; xpath: .//word], [[AndroidDriver: chrome on ANDROID (51a5b69d350864e9562a2470b487b139)] -&gt; xpath: .//word], [[AndroidDriver: chrome on ANDROID (51a5b69d350864e9562a2470b487b139)] -&gt; xpath: .//word], [[AndroidDriver: chrome on ANDROID (51a5b69d350864e9562a2470b487b139)] -&gt; xpath: .//word], [[AndroidDriver: chrome on ANDROID (51a5b69d350864e9562a2470b487b139)] -&gt; xpath: .//word], [[AndroidDriver: chrome on ANDROID (51a5b69d350864e9562a2470b487b139)] -&gt; xpath: .//word], [[AndroidDriver: chrome on ANDROID (51a5b69d350864e9562a2470b487b139)] -&gt; xpath: .//word], [[AndroidDriver: chrome on ANDROID (51a5b69d350864e9562a2470b487b139)] -&gt; xpath: .//word], [[AndroidDriver: chrome on ANDROID (51a5b69d350864e9562a2470b487b139)] -&gt; xpath: .//word], [[AndroidDriver: chrome on ANDROID (51a5b69d350864e9562a2470b487b139)] -&gt; xpath: .//word], [[AndroidDriver: chrome on ANDROID (51a5b69d350864e9562a2470b487b139)] -&gt; xpath: .//word], [[AndroidDriver: chrome on ANDROID (51a5b69d350864e9562a2470b487b139)] -&gt; xpath: .//word], [[AndroidDriver: chrome on ANDROID (51a5b69d350864e9562a2470b487b139)] -&gt; xpath: .//word], [[AndroidDriver: chrome on ANDROID (51a5b69d350864e9562a2470b487b139)] -&gt; xpath: .//word], [[AndroidDriver: chrome on ANDROID (51a5b69d350864e9562a2470b487b139)] -&gt; xpath: .//word], [[AndroidDriver: chrome on ANDROID (51a5b69d350864e9562a2470b487b139)] -&gt; xpath: .//word], [[AndroidDriver: chrome on ANDROID (51a5b69d350864e9562a2470b487b139)] -&gt; xpath: .//word], [[AndroidDriver: chrome on ANDROID (51a5b69d350864e9562a2470b487b139)] -&gt; xpath: .//word], [[AndroidDriver: chrome on ANDROID (51a5b69d350864e9562a2470b487b139)] -&gt; xpath: .//word], [[AndroidDriver: chrome on ANDROID (51a5b69d350864e9562a2470b487b139)] -&gt; xpath: .//word], [[AndroidDriver: chrome on ANDROID (51a5b69d350864e9562a2470b487b139)] -&gt; xpath: .//word], [[AndroidDriver: chrome on ANDROID (51a5b69d350864e9562a2470b487b139)] -&gt; xpath: .//word], [[AndroidDriver: chrome on ANDROID (51a5b69d350864e9562a2470b487b139)] -&gt; xpath: .//word], [[AndroidDriver: chrome on ANDROID (51a5b69d350864e9562a2470b487b139)] -&gt; xpath: .//word], [[AndroidDriver: chrome on ANDROID (51a5b69d350864e9562a2470b487b139)] -&gt; xpath: .//word], [[AndroidDriver: chrome on ANDROID (51a5b69d350864e9562a2470b487b139)] -&gt; xpath: .//word], [[AndroidDriver: chrome on ANDROID (51a5b69d350864e9562a2470b487b139)] -&gt; xpath: .//word], [[AndroidDriver: chrome on ANDROID (51a5b69d350864e9562a2470b487b139)] -&gt; xpath: .//word], [[AndroidDriver: chrome on ANDROID (51a5b69d350864e9562a2470b487b139)] -&gt; xpath: .//word], [[AndroidDriver: chrome on ANDROID (51a5b69d350864e9562a2470b487b139)] -&gt; xpath: .//word], [[AndroidDriver: chrome on ANDROID (51a5b69d350864e9562a2470b487b139)] -&gt; xpath: .//word], [[AndroidDriver: chrome on ANDROID (51a5b69d350864e9562a2470b487b139)] -&gt; xpath: .//word], [[AndroidDriver: chrome on ANDROID (51a5b69d350864e9562a2470b487b139)] -&gt; xpath: .//word], [[AndroidDriver: chrome on ANDROID (51a5b69d350864e9562a2470b487b139)] -&gt; xpath: .//word], [[AndroidDriver: chrome on ANDROID (51a5b69d350864e9562a2470b487b139)] -&gt; xpath: .//word], [[AndroidDriver: chrome on ANDROID (51a5b69d350864e9562a2470b487b139)] -&gt; xpath: .//word], [[AndroidDriver: chrome on ANDROID (51a5b69d350864e9562a2470b487b139)] -&gt; xpath: .//word], [[AndroidDriver: chrome on ANDROID (51a5b69d350864e9562a2470b487b139)] -&gt; xpath: .//word], [[AndroidDriver: chrome on ANDROID (51a5b69d350864e9562a2470b487b139)] -&gt; xpath: .//word], [[AndroidDriver: chrome on ANDROID (51a5b69d350864e9562a2470b487b139)] -&gt; xpath: .//word], [[AndroidDriver: chrome on ANDROID (51a5b69d350864e9562a2470b487b139)] -&gt; xpath: .//word], [[AndroidDriver: chrome on ANDROID (51a5b69d350864e9562a2470b487b139)] -&gt; xpath: .//word], [[AndroidDriver: chrome on ANDROID (51a5b69d350864e9562a2470b487b139)] -&gt; xpath: .//word], [[AndroidDriver: chrome on ANDROID (51a5b69d350864e9562a2470b487b139)] -&gt; xpath: .//word], [[AndroidDriver: chrome on ANDROID (51a5b69d350864e9562a2470b487b139)] -&gt; xpath: .//word], [[AndroidDriver: chrome on ANDROID (51a5b69d350864e9562a2470b487b139)] -&gt; xpath: .//word], [[AndroidDriver: chrome on ANDROID (51a5b69d350864e9562a2470b487b139)] -&gt; xpath: .//word], [[AndroidDriver: chrome on ANDROID (51a5b69d350864e9562a2470b487b139)] -&gt; xpath: .//word], [[AndroidDriver: chrome on ANDROID (51a5b69d350864e9562a2470b487b139)] -&gt; xpath: .//word], [[AndroidDriver: chrome on ANDROID (51a5b69d350864e9562a2470b487b139)] -&gt; xpath: .//word], [[AndroidDriver: chrome on ANDROID (51a5b69d350864e9562a2470b487b139)] -&gt; xpath: .//word], [[AndroidDriver: chrome on ANDROID (51a5b69d350864e9562a2470b487b139)] -&gt; xpath: .//word], [[AndroidDriver: chrome on ANDROID (51a5b69d350864e9562a2470b487b139)] -&gt; xpath: .//word], [[AndroidDriver: chrome on ANDROID (51a5b69d350864e9562a2470b487b139)] -&gt; xpath: .//word], [[AndroidDriver: chrome on ANDROID (51a5b69d350864e9562a2470b487b139)] -&gt; xpath: .//word], [[AndroidDriver: chrome on ANDROID (51a5b69d350864e9562a2470b487b139)] -&gt; xpath: .//word], [[AndroidDriver: chrome on ANDROID (51a5b69d350864e9562a2470b487b139)] -&gt; xpath: .//word], [[AndroidDriver: chrome on ANDROID (51a5b69d350864e9562a2470b487b139)] -&gt; xpath: .//word], [[AndroidDriver: chrome on ANDROID (51a5b69d350864e9562a2470b487b139)] -&gt; xpath: .//word], [[AndroidDriver: chrome on ANDROID (51a5b69d350864e9562a2470b487b139)] -&gt; xpath: .//word], [[AndroidDriver: chrome on ANDROID (51a5b69d350864e9562a2470b487b139)] -&gt; xpath: .//word], [[AndroidDriver: chrome on ANDROID (51a5b69d350864e9562a2470b487b139)] -&gt; xpath: .//word], [[AndroidDriver: chrome on ANDROID (51a5b69d350864e9562a2470b487b139)] -&gt; xpath: .//word], [[AndroidDriver: chrome on ANDROID (51a5b69d350864e9562a2470b487b139)] -&gt; xpath: .//word], [[AndroidDriver: chrome on ANDROID (51a5b69d350864e9562a2470b487b139)] -&gt; xpath: .//word], [[AndroidDriver: chrome on ANDROID (51a5b69d350864e9562a2470b487b139)] -&gt; xpath: .//word], [[AndroidDriver: chrome on ANDROID (51a5b69d350864e9562a2470b487b139)] -&gt; xpath: .//word], [[AndroidDriver: chrome on ANDROID (51a5b69d350864e9562a2470b487b139)] -&gt; xpath: .//word], [[AndroidDriver: chrome on ANDROID (51a5b69d350864e9562a2470b487b139)] -&gt; xpath: .//word], [[AndroidDriver: chrome on ANDROID (51a5b69d350864e9562a2470b487b139)] -&gt; xpath: .//word], [[AndroidDriver: chrome on ANDROID (51a5b69d350864e9562a2470b487b139)] -&gt; xpath: .//word], [[AndroidDriver: chrome on ANDROID (51a5b69d350864e9562a2470b487b139)] -&gt; xpath: .//word], [[AndroidDriver: chrome on ANDROID (51a5b69d350864e9562a2470b487b139)] -&gt; xpath: .//word], [[AndroidDriver: chrome on ANDROID (51a5b69d350864e9562a2470b487b139)] -&gt; xpath: .//word], [[AndroidDriver: chrome on ANDROID (51a5b69d350864e9562a2470b487b139)] -&gt; xpath: .//word], [[AndroidDriver: chrome on ANDROID (51a5b69d350864e9562a2470b487b139)] -&gt; xpath: .//word], [[AndroidDriver: chrome on ANDROID (51a5b69d350864e9562a2470b487b139)] -&gt; xpath: .//word], [[AndroidDriver: chrome on ANDROID (51a5b69d350864e9562a2470b487b139)] -&gt; xpath: .//word], [[AndroidDriver: chrome on ANDROID (51a5b69d350864e9562a2470b487b139)] -&gt; xpath: .//word], [[AndroidDriver: chrome on ANDROID (51a5b69d350864e9562a2470b487b139)] -&gt; xpath: .//word], [[AndroidDriver: chrome on ANDROID (51a5b69d350864e9562a2470b487b139)] -&gt; xpath: .//word], [[AndroidDriver: chrome on ANDROID (51a5b69d350864e9562a2470b487b139)] -&gt; xpath: .//word], [[AndroidDriver: chrome on ANDROID (51a5b69d350864e9562a2470b487b139)] -&gt; xpath: .//word], [[AndroidDriver: chrome on ANDROID (51a5b69d350864e9562a2470b487b139)] -&gt; xpath: .//word], [[AndroidDriver: chrome on ANDROID (51a5b69d350864e9562a2470b487b139)] -&gt; xpath: .//word], [[AndroidDriver: chrome on ANDROID (51a5b69d350864e9562a2470b487b139)] -&gt; xpath: .//word], [[AndroidDriver: chrome on ANDROID (51a5b69d350864e9562a2470b487b139)] -&gt; xpath: .//word], [[AndroidDriver: chrome on ANDROID (51a5b69d350864e9562a2470b487b139)] -&gt; xpath: .//word], [[AndroidDriver: chrome on ANDROID (51a5b69d350864e9562a2470b487b139)] -&gt; xpath: .//word], [[AndroidDriver: chrome on ANDROID (51a5b69d350864e9562a2470b487b139)] -&gt; xpath: .//word], [[AndroidDriver: chrome on ANDROID (51a5b69d350864e9562a2470b487b139)] -&gt; xpath: .//word], [[AndroidDriver: chrome on ANDROID (51a5b69d350864e9562a2470b487b139)] -&gt; xpath: .//word], [[AndroidDriver: chrome on ANDROID (51a5b69d350864e9562a2470b487b139)] -&gt; xpath: .//word], [[AndroidDriver: chrome on ANDROID (51a5b69d350864e9562a2470b487b139)] -&gt; xpath: .//word], [[AndroidDriver: chrome on ANDROID (51a5b69d350864e9562a2470b487b139)] -&gt; xpath: .//word], [[AndroidDriver: chrome on ANDROID (51a5b69d350864e9562a2470b487b139)] -&gt; xpath: .//word], [[AndroidDriver: chrome on ANDROID (51a5b69d350864e9562a2470b487b139)] -&gt; xpath: .//word], [[AndroidDriver: chrome on ANDROID (51a5b69d350864e9562a2470b487b139)] -&gt; xpath: .//word], [[AndroidDriver: chrome on ANDROID (51a5b69d350864e9562a2470b487b139)] -&gt; xpath: .//word], [[AndroidDriver: chrome on ANDROID (51a5b69d350864e9562a2470b487b139)] -&gt; xpath: .//word], [[AndroidDriver: chrome on ANDROID (51a5b69d350864e9562a2470b487b139)] -&gt; xpath: .//word], [[AndroidDriver: chrome on ANDROID (51a5b69d350864e9562a2470b487b139)] -&gt; xpath: .//word], [[AndroidDriver: chrome on ANDROID (51a5b69d350864e9562a2470b487b139)] -&gt; xpath: .//word], [[AndroidDriver: chrome on ANDROID (51a5b69d350864e9562a2470b487b139)] -&gt; xpath: .//word], [[AndroidDriver: chrome on ANDROID (51a5b69d350864e9562a2470b487b139)] -&gt; xpath: .//word], [[AndroidDriver: chrome on ANDROID (51a5b69d350864e9562a2470b487b139)] -&gt; xpath: .//word], [[AndroidDriver: chrome on ANDROID (51a5b69d350864e9562a2470b487b139)] -&gt; xpath: .//word], [[AndroidDriver: chrome on ANDROID (51a5b69d350864e9562a2470b487b139)] -&gt; xpath: .//word], [[AndroidDriver: chrome on ANDROID (51a5b69d350864e9562a2470b487b139)] -&gt; xpath: .//word], [[AndroidDriver: chrome on ANDROID (51a5b69d350864e9562a2470b487b139)] -&gt; xpath: .//word], [[AndroidDriver: chrome on ANDROID (51a5b69d350864e9562a2470b487b139)] -&gt; xpath: .//word], [[AndroidDriver: chrome on ANDROID (51a5b69d350864e9562a2470b487b139)] -&gt; xpath: .//word], [[AndroidDriver: chrome on ANDROID (51a5b69d350864e9562a2470b487b139)] -&gt; xpath: .//word], [[AndroidDriver: chrome on ANDROID (51a5b69d350864e9562a2470b487b139)] -&gt; xpath: .//word], [[AndroidDriver: chrome on ANDROID (51a5b69d350864e9562a2470b487b139)] -&gt; xpath: .//word], [[AndroidDriver: chrome on ANDROID (51a5b69d350864e9562a2470b487b139)] -&gt; xpath: .//word], [[AndroidDriver: chrome on ANDROID (51a5b69d350864e9562a2470b487b139)] -&gt; xpath: .//word], [[AndroidDriver: chrome on ANDROID (51a5b69d350864e9562a2470b487b139)] -&gt; xpath: .//word], [[AndroidDriver: chrome on ANDROID (51a5b69d350864e9562a2470b487b139)] -&gt; xpath: .//word], [[AndroidDriver: chrome on ANDROID (51a5b69d350864e9562a2470b487b139)] -&gt; xpath: .//word], [[AndroidDriver: chrome on ANDROID (51a5b69d350864e9562a2470b487b139)] -&gt; xpath: .//word], [[AndroidDriver: chrome on ANDROID (51a5b69d350864e9562a2470b487b139)] -&gt; xpath: .//word], [[AndroidDriver: chrome on ANDROID (51a5b69d350864e9562a2470b487b139)] -&gt; xpath: .//word], [[AndroidDriver: chrome on ANDROID (51a5b69d350864e9562a2470b487b139)] -&gt; xpath: .//word], [[AndroidDriver: chrome on ANDROID (51a5b69d350864e9562a2470b487b139)] -&gt; xpath: .//word], [[AndroidDriver: chrome on ANDROID (51a5b69d350864e9562a2470b487b139)] -&gt; xpath: .//word], [[AndroidDriver: chrome on ANDROID (51a5b69d350864e9562a2470b487b139)] -&gt; xpath: .//word], [[AndroidDriver: chrome on ANDROID (51a5b69d350864e9562a2470b487b139)] -&gt; xpath: .//word], [[AndroidDriver: chrome on ANDROID (51a5b69d350864e9562a2470b487b139)] -&gt; xpath: .//word], [[AndroidDriver: chrome on ANDROID (51a5b69d350864e9562a2470b487b139)] -&gt; xpath: .//word], [[AndroidDriver: chrome on ANDROID (51a5b69d350864e9562a2470b487b139)] -&gt; xpath: .//word], [[AndroidDriver: chrome on ANDROID (51a5b69d350864e9562a2470b487b139)] -&gt; xpath: .//word], [[AndroidDriver: chrome on ANDROID (51a5b69d350864e9562a2470b487b139)] -&gt; xpath: .//word], [[AndroidDriver: chrome on ANDROID (51a5b69d350864e9562a2470b487b139)] -&gt; xpath: .//word], [[AndroidDriver: chrome on ANDROID (51a5b69d350864e9562a2470b487b139)] -&gt; xpath: .//word], [[AndroidDriver: chrome on ANDROID (51a5b69d350864e9562a2470b487b139)] -&gt; xpath: .//word], [[AndroidDriver: chrome on ANDROID (51a5b69d350864e9562a2470b487b139)] -&gt; xpath: .//word], [[AndroidDriver: chrome on ANDROID (51a5b69d350864e9562a2470b487b139)] -&gt; xpath: .//word], [[AndroidDriver: chrome on ANDROID (51a5b69d350864e9562a2470b487b139)] -&gt; xpath: .//word], [[AndroidDriver: chrome on ANDROID (51a5b69d350864e9562a2470b487b139)] -&gt; xpath: .//word], [[AndroidDriver: chrome on ANDROID (51a5b69d350864e9562a2470b487b139)] -&gt; xpath: .//word], [[AndroidDriver: chrome on ANDROID (51a5b69d350864e9562a2470b487b139)] -&gt; xpath: .//word], [[AndroidDriver: chrome on ANDROID (51a5b69d350864e9562a2470b487b139)] -&gt; xpath: .//word], [[AndroidDriver: chrome on ANDROID (51a5b69d350864e9562a2470b487b139)] -&gt; xpath: .//word], [[AndroidDriver: chrome on ANDROID (51a5b69d350864e9562a2470b487b139)] -&gt; xpath: .//word], [[AndroidDriver: chrome on ANDROID (51a5b69d350864e9562a2470b487b139)] -&gt; xpath: .//word], [[AndroidDriver: chrome on ANDROID (51a5b69d350864e9562a2470b487b139)] -&gt; xpath: .//word], [[AndroidDriver: chrome on ANDROID (51a5b69d350864e9562a2470b487b139)] -&gt; xpath: .//word], [[AndroidDriver: chrome on ANDROID (51a5b69d350864e9562a2470b487b139)] -&gt; xpath: .//word], [[AndroidDriver: chrome on ANDROID (51a5b69d350864e9562a2470b487b139)] -&gt; xpath: .//word], [[AndroidDriver: chrome on ANDROID (51a5b69d350864e9562a2470b487b139)] -&gt; xpath: .//word], [[AndroidDriver: chrome on ANDROID (51a5b69d350864e9562a2470b487b139)] -&gt; xpath: .//word], [[AndroidDriver: chrome on ANDROID (51a5b69d350864e9562a2470b487b139)] -&gt; xpath: .//word], [[AndroidDriver: chrome on ANDROID (51a5b69d350864e9562a2470b487b139)] -&gt; xpath: .//word], [[AndroidDriver: chrome on ANDROID (51a5b69d350864e9562a2470b487b139)] -&gt; xpath: .//word], [[AndroidDriver: chrome on ANDROID (51a5b69d350864e9562a2470b487b139)] -&gt; xpath: .//word], [[AndroidDriver: chrome on ANDROID (51a5b69d350864e9562a2470b487b139)] -&gt; xpath: .//word], [[AndroidDriver: chrome on ANDROID (51a5b69d350864e9562a2470b487b139)] -&gt; xpath: .//word], [[AndroidDriver: chrome on ANDROID (51a5b69d350864e9562a2470b487b139)] -&gt; xpath: .//word], [[AndroidDriver: chrome on ANDROID (51a5b69d350864e9562a2470b487b139)] -&gt; xpath: .//word], [[AndroidDriver: chrome on ANDROID (51a5b69d350864e9562a2470b487b139)] -&gt; xpath: .//word], [[AndroidDriver: chrome on ANDROID (51a5b69d350864e9562a2470b487b139)] -&gt; xpath: .//word], [[AndroidDriver: chrome on ANDROID (51a5b69d350864e9562a2470b487b139)] -&gt; xpath: .//word], [[AndroidDriver: chrome on ANDROID (51a5b69d350864e9562a2470b487b139)] -&gt; xpath: .//word], [[AndroidDriver: chrome on ANDROID (51a5b69d350864e9562a2470b487b139)] -&gt; xpath: .//word], [[AndroidDriver: chrome on ANDROID (51a5b69d350864e9562a2470b487b139)] -&gt; xpath: .//word], [[AndroidDriver: chrome on ANDROID (51a5b69d350864e9562a2470b487b139)] -&gt; xpath: .//word], [[AndroidDriver: chrome on ANDROID (51a5b69d350864e9562a2470b487b139)] -&gt; xpath: .//word], [[AndroidDriver: chrome on ANDROID (51a5b69d350864e9562a2470b487b139)] -&gt; xpath: .//word], [[AndroidDriver: chrome on ANDROID (51a5b69d350864e9562a2470b487b139)] -&gt; xpath: .//word], [[AndroidDriver: chrome on ANDROID (51a5b69d350864e9562a2470b487b139)] -&gt; xpath: .//word], [[AndroidDriver: chrome on ANDROID (51a5b69d350864e9562a2470b487b139)] -&gt; xpath: .//word], [[AndroidDriver: chrome on ANDROID (51a5b69d350864e9562a2470b487b139)] -&gt; xpath: .//word], [[AndroidDriver: chrome on ANDROID (51a5b69d350864e9562a2470b487b139)] -&gt; xpath: .//word], [[AndroidDriver: chrome on ANDROID (51a5b69d350864e9562a2470b487b139)] -&gt; xpath: .//word], [[AndroidDriver: chrome on ANDROID (51a5b69d350864e9562a2470b487b139)] -&gt; xpath: .//word], [[AndroidDriver: chrome on ANDROID (51a5b69d350864e9562a2470b487b139)] -&gt; xpath: .//word], [[AndroidDriver: chrome on ANDROID (51a5b69d350864e9562a2470b487b139)] -&gt; xpath: .//word], [[AndroidDriver: chrome on ANDROID (51a5b69d350864e9562a2470b487b139)] -&gt; xpath: .//word], [[AndroidDriver: chrome on ANDROID (51a5b69d350864e9562a2470b487b139)] -&gt; xpath: .//word], [[AndroidDriver: chrome on ANDROID (51a5b69d350864e9562a2470b487b139)] -&gt; xpath: .//word], [[AndroidDriver: chrome on ANDROID (51a5b69d350864e9562a2470b487b139)] -&gt; xpath: .//word], [[AndroidDriver: chrome on ANDROID (51a5b69d350864e9562a2470b487b139)] -&gt; xpath: .//word], [[AndroidDriver: chrome on ANDROID (51a5b69d350864e9562a2470b487b139)] -&gt; xpath: .//word], [[AndroidDriver: chrome on ANDROID (51a5b69d350864e9562a2470b487b139)] -&gt; xpath: .//word], [[AndroidDriver: chrome on ANDROID (51a5b69d350864e9562a2470b487b139)] -&gt; xpath: .//word], [[AndroidDriver: chrome on ANDROID (51a5b69d350864e9562a2470b487b139)] -&gt; xpath: .//word], [[AndroidDriver: chrome on ANDROID (51a5b69d350864e9562a2470b487b139)] -&gt; xpath: .//word], [[AndroidDriver: chrome on ANDROID (51a5b69d350864e9562a2470b487b139)] -&gt; xpath: .//word], [[AndroidDriver: chrome on ANDROID (51a5b69d350864e9562a2470b487b139)] -&gt; xpath: .//word], [[AndroidDriver: chrome on ANDROID (51a5b69d350864e9562a2470b487b139)] -&gt; xpath: .//word], [[AndroidDriver: chrome on ANDROID (51a5b69d350864e9562a2470b487b139)] -&gt; xpath: .//word], [[AndroidDriver: chrome on ANDROID (51a5b69d350864e9562a2470b487b139)] -&gt; xpath: .//word], [[AndroidDriver: chrome on ANDROID (51a5b69d350864e9562a2470b487b139)] -&gt; xpath: .//word], [[AndroidDriver: chrome on ANDROID (51a5b69d350864e9562a2470b487b139)] -&gt; xpath: .//word], [[AndroidDriver: chrome on ANDROID (51a5b69d350864e9562a2470b487b139)] -&gt; xpath: .//word], [[AndroidDriver: chrome on ANDROID (51a5b69d350864e9562a2470b487b139)] -&gt; xpath: .//word], [[AndroidDriver: chrome on ANDROID (51a5b69d350864e9562a2470b487b139)] -&gt; xpath: .//word], [[AndroidDriver: chrome on ANDROID (51a5b69d350864e9562a2470b487b139)] -&gt; xpath: .//word], [[AndroidDriver: chrome on ANDROID (51a5b69d350864e9562a2470b487b139)] -&gt; xpath: .//word], [[AndroidDriver: chrome on ANDROID (51a5b69d350864e9562a2470b487b139)] -&gt; xpath: .//word], [[AndroidDriver: chrome on ANDROID (51a5b69d350864e9562a2470b487b139)] -&gt; xpath: .//word], [[AndroidDriver: chrome on ANDROID (51a5b69d350864e9562a2470b487b139)] -&gt; xpath: .//word], [[AndroidDriver: chrome on ANDROID (51a5b69d350864e9562a2470b487b139)] -&gt; xpath: .//word], [[AndroidDriver: chrome on ANDROID (51a5b69d350864e9562a2470b487b139)] -&gt; xpath: .//word], [[AndroidDriver: chrome on ANDROID (51a5b69d350864e9562a2470b487b139)] -&gt; xpath: .//word], [[AndroidDriver: chrome on ANDROID (51a5b69d350864e9562a2470b487b139)] -&gt; xpath: .//word], [[AndroidDriver: chrome on ANDROID (51a5b69d350864e9562a2470b487b139)] -&gt; xpath: .//word], [[AndroidDriver: chrome on ANDROID (51a5b69d350864e9562a2470b487b139)] -&gt; xpath: .//word], [[AndroidDriver: chrome on ANDROID (51a5b69d350864e9562a2470b487b139)] -&gt; xpath: .//word], [[AndroidDriver: chrome on ANDROID (51a5b69d350864e9562a2470b487b139)] -&gt; xpath: .//word], [[AndroidDriver: chrome on ANDROID (51a5b69d350864e9562a2470b487b139)] -&gt; xpath: .//word], [[AndroidDriver: chrome on ANDROID (51a5b69d350864e9562a2470b487b139)] -&gt; xpath: .//word], [[AndroidDriver: chrome on ANDROID (51a5b69d350864e9562a2470b487b139)] -&gt; xpath: .//word], [[AndroidDriver: chrome on ANDROID (51a5b69d350864e9562a2470b487b139)] -&gt; xpath: .//word], [[AndroidDriver: chrome on ANDROID (51a5b69d350864e9562a2470b487b139)] -&gt; xpath: .//word], [[AndroidDriver: chrome on ANDROID (51a5b69d350864e9562a2470b487b139)] -&gt; xpath: .//word], [[AndroidDriver: chrome on ANDROID (51a5b69d350864e9562a2470b487b139)] -&gt; xpath: .//word], [[AndroidDriver: chrome on ANDROID (51a5b69d350864e9562a2470b487b139)] -&gt; xpath: .//word], [[AndroidDriver: chrome on ANDROID (51a5b69d350864e9562a2470b487b139)] -&gt; xpath: .//word], [[AndroidDriver: chrome on ANDROID (51a5b69d350864e9562a2470b487b139)] -&gt; xpath: .//word], [[AndroidDriver: chrome on ANDROID (51a5b69d350864e9562a2470b487b139)] -&gt; xpath: .//word], [[AndroidDriver: chrome on ANDROID (51a5b69d350864e9562a2470b487b139)] -&gt; xpath: .//word], [[AndroidDriver: chrome on ANDROID (51a5b69d350864e9562a2470b487b139)] -&gt; xpath: .//word], [[AndroidDriver: chrome on ANDROID (51a5b69d350864e9562a2470b487b139)] -&gt; xpath: .//word], [[AndroidDriver: chrome on ANDROID (51a5b69d350864e9562a2470b487b139)] -&gt; xpath: .//word], [[AndroidDriver: chrome on ANDROID (51a5b69d350864e9562a2470b487b139)] -&gt; xpath: .//word], [[AndroidDriver: chrome on ANDROID (51a5b69d350864e9562a2470b487b139)] -&gt; xpath: .//word], [[AndroidDriver: chrome on ANDROID (51a5b69d350864e9562a2470b487b139)] -&gt; xpath: .//word], [[AndroidDriver: chrome on ANDROID (51a5b69d350864e9562a2470b487b139)] -&gt; xpath: .//word], [[AndroidDriver: chrome on ANDROID (51a5b69d350864e9562a2470b487b139)] -&gt; xpath: .//word], [[AndroidDriver: chrome on ANDROID (51a5b69d350864e9562a2470b487b139)] -&gt; xpath: .//word], [[AndroidDriver: chrome on ANDROID (51a5b69d350864e9562a2470b487b139)] -&gt; xpath: .//word], [[AndroidDriver: chrome on ANDROID (51a5b69d350864e9562a2470b487b139)] -&gt; xpath: .//word], [[AndroidDriver: chrome on ANDROID (51a5b69d350864e9562a2470b487b139)] -&gt; xpath: .//word], [[AndroidDriver: chrome on ANDROID (51a5b69d350864e9562a2470b487b139)] -&gt; xpath: .//word], [[AndroidDriver: chrome on ANDROID (51a5b69d350864e9562a2470b487b139)] -&gt; xpath: .//word], [[AndroidDriver: chrome on ANDROID (51a5b69d350864e9562a2470b487b139)] -&gt; xpath: .//word], [[AndroidDriver: chrome on ANDROID (51a5b69d350864e9562a2470b487b139)] -&gt; xpath: .//word], [[AndroidDriver: chrome on ANDROID (51a5b69d350864e9562a2470b487b139)] -&gt; xpath: .//word], [[AndroidDriver: chrome on ANDROID (51a5b69d350864e9562a2470b487b139)] -&gt; xpath: .//word], [[AndroidDriver: chrome on ANDROID (51a5b69d350864e9562a2470b487b139)] -&gt; xpath: .//word], [[AndroidDriver: chrome on ANDROID (51a5b69d350864e9562a2470b487b139)] -&gt; xpath: .//word], [[AndroidDriver: chrome on ANDROID (51a5b69d350864e9562a2470b487b139)] -&gt; xpath: .//word], [[AndroidDriver: chrome on ANDROID (51a5b69d350864e9562a2470b487b139)] -&gt; xpath: .//word], [[AndroidDriver: chrome on ANDROID (51a5b69d350864e9562a2470b487b139)] -&gt; xpath: .//word], [[AndroidDriver: chrome on ANDROID (51a5b69d350864e9562a2470b487b139)] -&gt; xpath: .//word], [[AndroidDriver: chrome on ANDROID (51a5b69d350864e9562a2470b487b139)] -&gt; xpath: .//word], [[AndroidDriver: chrome on ANDROID (51a5b69d350864e9562a2470b487b139)] -&gt; xpath: .//word], [[AndroidDriver: chrome on ANDROID (51a5b69d350864e9562a2470b487b139)] -&gt; xpath: .//word], [[AndroidDriver: chrome on ANDROID (51a5b69d350864e9562a2470b487b139)] -&gt; xpath: .//word], [[AndroidDriver: chrome on ANDROID (51a5b69d350864e9562a2470b487b139)] -&gt; xpath: .//word], [[AndroidDriver: chrome on ANDROID (51a5b69d350864e9562a2470b487b139)] -&gt; xpath: .//word], [[AndroidDriver: chrome on ANDROID (51a5b69d350864e9562a2470b487b139)] -&gt; xpath: .//word], [[AndroidDriver: chrome on ANDROID (51a5b69d350864e9562a2470b487b139)] -&gt; xpath: .//word], [[AndroidDriver: chrome on ANDROID (51a5b69d350864e9562a2470b487b139)] -&gt; xpath: .//word], [[AndroidDriver: chrome on ANDROID (51a5b69d350864e9562a2470b487b139)] -&gt; xpath: .//word], [[AndroidDriver: chrome on ANDROID (51a5b69d350864e9562a2470b487b139)] -&gt; xpath: .//word], [[AndroidDriver: chrome on ANDROID (51a5b69d350864e9562a2470b487b139)] -&gt; xpath: .//word], [[AndroidDriver: chrome on ANDROID (51a5b69d350864e9562a2470b487b139)] -&gt; xpath: .//word], [[AndroidDriver: chrome on ANDROID (51a5b69d350864e9562a2470b487b139)] -&gt; xpath: .//word], [[AndroidDriver: chrome on ANDROID (51a5b69d350864e9562a2470b487b139)] -&gt; xpath: .//word], [[AndroidDriver: chrome on ANDROID (51a5b69d350864e9562a2470b487b139)] -&gt; xpath: .//word], [[AndroidDriver: chrome on ANDROID (51a5b69d350864e9562a2470b487b139)] -&gt; xpath: .//word], [[AndroidDriver: chrome on ANDROID (51a5b69d350864e9562a2470b487b139)] -&gt; xpath: .//word], [[AndroidDriver: chrome on ANDROID (51a5b69d350864e9562a2470b487b139)] -&gt; xpath: .//word], [[AndroidDriver: chrome on ANDROID (51a5b69d350864e9562a2470b487b139)] -&gt; xpath: .//word], [[AndroidDriver: chrome on ANDROID (51a5b69d350864e9562a2470b487b139)] -&gt; xpath: .//word], [[AndroidDriver: chrome on ANDROID (51a5b69d350864e9562a2470b487b139)] -&gt; xpath: .//word], [[AndroidDriver: chrome on ANDROID (51a5b69d350864e9562a2470b487b139)] -&gt; xpath: .//word], [[AndroidDriver: chrome on ANDROID (51a5b69d350864e9562a2470b487b139)] -&gt; xpath: .//word], [[AndroidDriver: chrome on ANDROID (51a5b69d350864e9562a2470b487b139)] -&gt; xpath: .//word], [[AndroidDriver: chrome on ANDROID (51a5b69d350864e9562a2470b487b139)] -&gt; xpath: .//word], [[AndroidDriver: chrome on ANDROID (51a5b69d350864e9562a2470b487b139)] -&gt; xpath: .//word], [[AndroidDriver: chrome on ANDROID (51a5b69d350864e9562a2470b487b139)] -&gt; xpath: .//word], [[AndroidDriver: chrome on ANDROID (51a5b69d350864e9562a2470b487b139)] -&gt; xpath: .//word], [[AndroidDriver: chrome on ANDROID (51a5b69d350864e9562a2470b487b139)] -&gt; xpath: .//word], [[AndroidDriver: chrome on ANDROID (51a5b69d350864e9562a2470b487b139)] -&gt; xpath: .//word], [[AndroidDriver: chrome on ANDROID (51a5b69d350864e9562a2470b487b139)] -&gt; xpath: .//word], [[AndroidDriver: chrome on ANDROID (51a5b69d350864e9562a2470b487b139)] -&gt; xpath: .//word], [[AndroidDriver: chrome on ANDROID (51a5b69d350864e9562a2470b487b139)] -&gt; xpath: .//word], [[AndroidDriver: chrome on ANDROID (51a5b69d350864e9562a2470b487b139)] -&gt; xpath: .//word], [[AndroidDriver: chrome on ANDROID (51a5b69d350864e9562a2470b487b139)] -&gt; xpath: .//word], [[AndroidDriver: chrome on ANDROID (51a5b69d350864e9562a2470b487b139)] -&gt; xpath: .//word], [[AndroidDriver: chrome on ANDROID (51a5b69d350864e9562a2470b487b139)] -&gt; xpath: .//word], [[AndroidDriver: chrome on ANDROID (51a5b69d350864e9562a2470b487b139)] -&gt; xpath: .//word], [[AndroidDriver: chrome on ANDROID (51a5b69d350864e9562a2470b487b139)] -&gt; xpath: .//word], [[AndroidDriver: chrome on ANDROID (51a5b69d350864e9562a2470b487b139)] -&gt; xpath: .//word], [[AndroidDriver: chrome on ANDROID (51a5b69d350864e9562a2470b487b139)] -&gt; xpath: .//word], [[AndroidDriver: chrome on ANDROID (51a5b69d350864e9562a2470b487b139)] -&gt; xpath: .//word], [[AndroidDriver: chrome on ANDROID (51a5b69d350864e9562a2470b487b139)] -&gt; xpath: .//word], [[AndroidDriver: chrome on ANDROID (51a5b69d350864e9562a2470b487b139)] -&gt; xpath: .//word], [[AndroidDriver: chrome on ANDROID (51a5b69d350864e9562a2470b487b139)] -&gt; xpath: .//word], [[AndroidDriver: chrome on ANDROID (51a5b69d350864e9562a2470b487b139)] -&gt; xpath: .//word], [[AndroidDriver: chrome on ANDROID (51a5b69d350864e9562a2470b487b139)] -&gt; xpath: .//word], [[AndroidDriver: chrome on ANDROID (51a5b69d350864e9562a2470b487b139)] -&gt; xpath: .//word], [[AndroidDriver: chrome on ANDROID (51a5b69d350864e9562a2470b487b139)] -&gt; xpath: .//word], [[AndroidDriver: chrome on ANDROID (51a5b69d350864e9562a2470b487b139)] -&gt; xpath: .//word], [[AndroidDriver: chrome on ANDROID (51a5b69d350864e9562a2470b487b139)] -&gt; xpath: .//word], [[AndroidDriver: chrome on ANDROID (51a5b69d350864e9562a2470b487b139)] -&gt; xpath: .//word], [[AndroidDriver: chrome on ANDROID (51a5b69d350864e9562a2470b487b139)] -&gt; xpath: .//word], [[AndroidDriver: chrome on ANDROID (51a5b69d350864e9562a2470b487b139)] -&gt; xpath: .//word], [[AndroidDriver: chrome on ANDROID (51a5b69d350864e9562a2470b487b139)] -&gt; xpath: .//word], [[AndroidDriver: chrome on ANDROID (51a5b69d350864e9562a2470b487b139)] -&gt; xpath: .//word], [[AndroidDriver: chrome on ANDROID (51a5b69d350864e9562a2470b487b139)] -&gt; xpath: .//word], [[AndroidDriver: chrome on ANDROID (51a5b69d350864e9562a2470b487b139)] -&gt; xpath: .//word], [[AndroidDriver: chrome on ANDROID (51a5b69d350864e9562a2470b487b139)] -&gt; xpath: .//word], [[AndroidDriver: chrome on ANDROID (51a5b69d350864e9562a2470b487b139)] -&gt; xpath: .//word], [[AndroidDriver: chrome on ANDROID (51a5b69d350864e9562a2470b487b139)] -&gt; xpath: .//word], [[AndroidDriver: chrome on ANDROID (51a5b69d350864e9562a2470b487b139)] -&gt; xpath: .//word], [[AndroidDriver: chrome on ANDROID (51a5b69d350864e9562a2470b487b139)] -&gt; xpath: .//word], [[AndroidDriver: chrome on ANDROID (51a5b69d350864e9562a2470b487b139)] -&gt; xpath: .//word], [[AndroidDriver: chrome on ANDROID (51a5b69d350864e9562a2470b487b139)] -&gt; xpath: .//word], [[AndroidDriver: chrome on ANDROID (51a5b69d350864e9562a2470b487b139)] -&gt; xpath: .//word], [[AndroidDriver: chrome on ANDROID (51a5b69d350864e9562a2470b487b139)] -&gt; xpath: .//word], [[AndroidDriver: chrome on ANDROID (51a5b69d350864e9562a2470b487b139)] -&gt; xpath: .//word], [[AndroidDriver: chrome on ANDROID (51a5b69d350864e9562a2470b487b139)] -&gt; xpath: .//word], [[AndroidDriver: chrome on ANDROID (51a5b69d350864e9562a2470b487b139)] -&gt; xpath: .//word], [[AndroidDriver: chrome on ANDROID (51a5b69d350864e9562a2470b487b139)] -&gt; xpath: .//word], [[AndroidDriver: chrome on ANDROID (51a5b69d350864e9562a2470b487b139)] -&gt; xpath: .//word], [[AndroidDriver: chrome on ANDROID (51a5b69d350864e9562a2470b487b139)] -&gt; xpath: .//word], [[AndroidDriver: chrome on ANDROID (51a5b69d350864e9562a2470b487b139)] -&gt; xpath: .//word], [[AndroidDriver: chrome on ANDROID (51a5b69d350864e9562a2470b487b139)] -&gt; xpath: .//word], [[AndroidDriver: chrome on ANDROID (51a5b69d350864e9562a2470b487b139)] -&gt; xpath: .//word], [[AndroidDriver: chrome on ANDROID (51a5b69d350864e9562a2470b487b139)] -&gt; xpath: .//word], [[AndroidDriver: chrome on ANDROID (51a5b69d350864e9562a2470b487b139)] -&gt; xpath: .//word], [[AndroidDriver: chrome on ANDROID (51a5b69d350864e9562a2470b487b139)] -&gt; xpath: .//word], [[AndroidDriver: chrome on ANDROID (51a5b69d350864e9562a2470b487b139)] -&gt; xpath: .//word], [[AndroidDriver: chrome on ANDROID (51a5b69d350864e9562a2470b487b139)] -&gt; xpath: .//word], [[AndroidDriver: chrome on ANDROID (51a5b69d350864e9562a2470b487b139)] -&gt; xpath: .//word], [[AndroidDriver: chrome on ANDROID (51a5b69d350864e9562a2470b487b139)] -&gt; xpath: .//word], [[AndroidDriver: chrome on ANDROID (51a5b69d350864e9562a2470b487b139)] -&gt; xpath: .//word], [[AndroidDriver: chrome on ANDROID (51a5b69d350864e9562a2470b487b139)] -&gt; xpath: .//word], [[AndroidDriver: chrome on ANDROID (51a5b69d350864e9562a2470b487b139)] -&gt; xpath: .//word], [[AndroidDriver: chrome on ANDROID (51a5b69d350864e9562a2470b487b139)] -&gt; xpath: .//word], [[AndroidDriver: chrome on ANDROID (51a5b69d350864e9562a2470b487b139)] -&gt; xpath: .//word], [[AndroidDriver: chrome on ANDROID (51a5b69d350864e9562a2470b487b139)] -&gt; xpath: .//word], [[AndroidDriver: chrome on ANDROID (51a5b69d350864e9562a2470b487b139)] -&gt; xpath: .//word], [[AndroidDriver: chrome on ANDROID (51a5b69d350864e9562a2470b487b139)] -&gt; xpath: .//word], [[AndroidDriver: chrome on ANDROID (51a5b69d350864e9562a2470b487b139)] -&gt; xpath: .//word], [[AndroidDriver: chrome on ANDROID (51a5b69d350864e9562a2470b487b139)] -&gt; xpath: .//word], [[AndroidDriver: chrome on ANDROID (51a5b69d350864e9562a2470b487b139)] -&gt; xpath: .//word], [[AndroidDriver: chrome on ANDROID (51a5b69d350864e9562a2470b487b139)] -&gt; xpath: .//word], [[AndroidDriver: chrome on ANDROID (51a5b69d350864e9562a2470b487b139)] -&gt; xpath: .//word], [[AndroidDriver: chrome on ANDROID (51a5b69d350864e9562a2470b487b139)] -&gt; xpath: .//word], [[AndroidDriver: chrome on ANDROID (51a5b69d350864e9562a2470b487b139)] -&gt; xpath: .//word], [[AndroidDriver: chrome on ANDROID (51a5b69d350864e9562a2470b487b139)] -&gt; xpath: .//word], [[AndroidDriver: chrome on ANDROID (51a5b69d350864e9562a2470b487b139)] -&gt; xpath: .//word], [[AndroidDriver: chrome on ANDROID (51a5b69d350864e9562a2470b487b139)] -&gt; xpath: .//word], [[AndroidDriver: chrome on ANDROID (51a5b69d350864e9562a2470b487b139)] -&gt; xpath: .//word], [[AndroidDriver: chrome on ANDROID (51a5b69d350864e9562a2470b487b139)] -&gt; xpath: .//word], [[AndroidDriver: chrome on ANDROID (51a5b69d350864e9562a2470b487b139)] -&gt; xpath: .//word], [[AndroidDriver: chrome on ANDROID (51a5b69d350864e9562a2470b487b139)] -&gt; xpath: .//word], [[AndroidDriver: chrome on ANDROID (51a5b69d350864e9562a2470b487b139)] -&gt; xpath: .//word], [[AndroidDriver: chrome on ANDROID (51a5b69d350864e9562a2470b487b139)] -&gt; xpath: .//word], [[AndroidDriver: chrome on ANDROID (51a5b69d350864e9562a2470b487b139)] -&gt; xpath: .//word], [[AndroidDriver: chrome on ANDROID (51a5b69d350864e9562a2470b487b139)] -&gt; xpath: .//word], [[AndroidDriver: chrome on ANDROID (51a5b69d350864e9562a2470b487b139)] -&gt; xpath: .//word], [[AndroidDriver: chrome on ANDROID (51a5b69d350864e9562a2470b487b139)] -&gt; xpath: .//word], [[AndroidDriver: chrome on ANDROID (51a5b69d350864e9562a2470b487b139)] -&gt; xpath: .//word], [[AndroidDriver: chrome on ANDROID (51a5b69d350864e9562a2470b487b139)] -&gt; xpath: .//word], [[AndroidDriver: chrome on ANDROID (51a5b69d350864e9562a2470b487b139)] -&gt; xpath: .//word], [[AndroidDriver: chrome on ANDROID (51a5b69d350864e9562a2470b487b139)] -&gt; xpath: .//word], [[AndroidDriver: chrome on ANDROID (51a5b69d350864e9562a2470b487b139)] -&gt; xpath: .//word], [[AndroidDriver: chrome on ANDROID (51a5b69d350864e9562a2470b487b139)] -&gt; xpath: .//word], [[AndroidDriver: chrome on ANDROID (51a5b69d350864e9562a2470b487b139)] -&gt; xpath: .//word], [[AndroidDriver: chrome on ANDROID (51a5b69d350864e9562a2470b487b139)] -&gt; xpath: .//word], [[AndroidDriver: chrome on ANDROID (51a5b69d350864e9562a2470b487b139)] -&gt; xpath: .//word], [[AndroidDriver: chrome on ANDROID (51a5b69d350864e9562a2470b487b139)] -&gt; xpath: .//word], [[AndroidDriver: chrome on ANDROID (51a5b69d350864e9562a2470b487b139)] -&gt; xpath: .//word], [[AndroidDriver: chrome on ANDROID (51a5b69d350864e9562a2470b487b139)] -&gt; xpath: .//word], [[AndroidDriver: chrome on ANDROID (51a5b69d350864e9562a2470b487b139)] -&gt; xpath: .//word], [[AndroidDriver: chrome on ANDROID (51a5b69d350864e9562a2470b487b139)] -&gt; xpath: .//word], [[AndroidDriver: chrome on ANDROID (51a5b69d350864e9562a2470b487b139)] -&gt; xpath: .//word], [[AndroidDriver: chrome on ANDROID (51a5b69d350864e9562a2470b487b139)] -&gt; xpath: .//word], [[AndroidDriver: chrome on ANDROID (51a5b69d350864e9562a2470b487b139)] -&gt; xpath: .//word], [[AndroidDriver: chrome on ANDROID (51a5b69d350864e9562a2470b487b139)] -&gt; xpath: .//word], [[AndroidDriver: chrome on ANDROID (51a5b69d350864e9562a2470b487b139)] -&gt; xpath: .//word], [[AndroidDriver: chrome on ANDROID (51a5b69d350864e9562a2470b487b139)] -&gt; xpath: .//word], [[AndroidDriver: chrome on ANDROID (51a5b69d350864e9562a2470b487b139)] -&gt; xpath: .//word], [[AndroidDriver: chrome on ANDROID (51a5b69d350864e9562a2470b487b139)] -&gt; xpath: .//word], [[AndroidDriver: chrome on ANDROID (51a5b69d350864e9562a2470b487b139)] -&gt; xpath: .//word], [[AndroidDriver: chrome on ANDROID (51a5b69d350864e9562a2470b487b139)] -&gt; xpath: .//word], [[AndroidDriver: chrome on ANDROID (51a5b69d350864e9562a2470b487b139)] -&gt; xpath: .//word], [[AndroidDriver: chrome on ANDROID (51a5b69d350864e9562a2470b487b139)] -&gt; xpath: .//word], [[AndroidDriver: chrome on ANDROID (51a5b69d350864e9562a2470b487b139)] -&gt; xpath: .//word], [[AndroidDriver: chrome on ANDROID (51a5b69d350864e9562a2470b487b139)] -&gt; xpath: .//word], [[AndroidDriver: chrome on ANDROID (51a5b69d350864e9562a2470b487b139)] -&gt; xpath: .//word], [[AndroidDriver: chrome on ANDROID (51a5b69d350864e9562a2470b487b139)] -&gt; xpath: .//word], [[AndroidDriver: chrome on ANDROID (51a5b69d350864e9562a2470b487b139)] -&gt; xpath: .//word], [[AndroidDriver: chrome on ANDROID (51a5b69d350864e9562a2470b487b139)] -&gt; xpath: .//word], [[AndroidDriver: chrome on ANDROID (51a5b69d350864e9562a2470b487b139)] -&gt; xpath: .//word], [[AndroidDriver: chrome on ANDROID (51a5b69d350864e9562a2470b487b139)] -&gt; xpath: .//word], [[AndroidDriver: chrome on ANDROID (51a5b69d350864e9562a2470b487b139)] -&gt; xpath: .//word], [[AndroidDriver: chrome on ANDROID (51a5b69d350864e9562a2470b487b139)] -&gt; xpath: .//word], [[AndroidDriver: chrome on ANDROID (51a5b69d350864e9562a2470b487b139)] -&gt; xpath: .//word], [[AndroidDriver: chrome on ANDROID (51a5b69d350864e9562a2470b487b139)] -&gt; xpath: .//word], [[AndroidDriver: chrome on ANDROID (51a5b69d350864e9562a2470b487b139)] -&gt; xpath: .//word], [[AndroidDriver: chrome on ANDROID (51a5b69d350864e9562a2470b487b139)] -&gt; xpath: .//word], [[AndroidDriver: chrome on ANDROID (51a5b69d350864e9562a2470b487b139)] -&gt; xpath: .//word], [[AndroidDriver: chrome on ANDROID (51a5b69d350864e9562a2470b487b139)] -&gt; xpath: .//word], [[AndroidDriver: chrome on ANDROID (51a5b69d350864e9562a2470b487b139)] -&gt; xpath: .//word], [[AndroidDriver: chrome on ANDROID (51a5b69d350864e9562a2470b487b139)] -&gt; xpath: .//word], [[AndroidDriver: chrome on ANDROID (51a5b69d350864e9562a2470b487b139)] -&gt; xpath: .//word], [[AndroidDriver: chrome on ANDROID (51a5b69d350864e9562a2470b487b139)] -&gt; xpath: .//word], [[AndroidDriver: chrome on ANDROID (51a5b69d350864e9562a2470b487b139)] -&gt; xpath: .//word], [[AndroidDriver: chrome on ANDROID (51a5b69d350864e9562a2470b487b139)] -&gt; xpath: .//word], [[AndroidDriver: chrome on ANDROID (51a5b69d350864e9562a2470b487b139)] -&gt; xpath: .//word], [[AndroidDriver: chrome on ANDROID (51a5b69d350864e9562a2470b487b139)] -&gt; xpath: .//word], [[AndroidDriver: chrome on ANDROID (51a5b69d350864e9562a2470b487b139)] -&gt; xpath: .//word], [[AndroidDriver: chrome on ANDROID (51a5b69d350864e9562a2470b487b139)] -&gt; xpath: .//word], [[AndroidDriver: chrome on ANDROID (51a5b69d350864e9562a2470b487b139)] -&gt; xpath: .//word], [[AndroidDriver: chrome on ANDROID (51a5b69d350864e9562a2470b487b139)] -&gt; xpath: .//word], [[AndroidDriver: chrome on ANDROID (51a5b69d350864e9562a2470b487b139)] -&gt; xpath: .//word], [[AndroidDriver: chrome on ANDROID (51a5b69d350864e9562a2470b487b139)] -&gt; xpath: .//word], [[AndroidDriver: chrome on ANDROID (51a5b69d350864e9562a2470b487b139)] -&gt; xpath: .//word], [[AndroidDriver: chrome on ANDROID (51a5b69d350864e9562a2470b487b139)] -&gt; xpath: .//word], [[AndroidDriver: chrome on ANDROID (51a5b69d350864e9562a2470b487b139)] -&gt; xpath: .//word], [[AndroidDriver: chrome on ANDROID (51a5b69d350864e9562a2470b487b139)] -&gt; xpath: .//word], [[AndroidDriver: chrome on ANDROID (51a5b69d350864e9562a2470b487b139)] -&gt; xpath: .//word], [[AndroidDriver: chrome on ANDROID (51a5b69d350864e9562a2470b487b139)] -&gt; xpath: .//word], [[AndroidDriver: chrome on ANDROID (51a5b69d350864e9562a2470b487b139)] -&gt; xpath: .//word], [[AndroidDriver: chrome on ANDROID (51a5b69d350864e9562a2470b487b139)] -&gt; xpath: .//word], [[AndroidDriver: chrome on ANDROID (51a5b69d350864e9562a2470b487b139)] -&gt; xpath: .//word], [[AndroidDriver: chrome on ANDROID (51a5b69d350864e9562a2470b487b139)] -&gt; xpath: .//word], [[AndroidDriver: chrome on ANDROID (51a5b69d350864e9562a2470b487b139)] -&gt; xpath: .//word], [[AndroidDriver: chrome on ANDROID (51a5b69d350864e9562a2470b487b139)] -&gt; xpath: .//word], [[AndroidDriver: chrome on ANDROID (51a5b69d350864e9562a2470b487b139)] -&gt; xpath: .//word], [[AndroidDriver: chrome on ANDROID (51a5b69d350864e9562a2470b487b139)] -&gt; xpath: .//word], [[AndroidDriver: chrome on ANDROID (51a5b69d350864e9562a2470b487b139)] -&gt; xpath: .//word], [[AndroidDriver: chrome on ANDROID (51a5b69d350864e9562a2470b487b139)] -&gt; xpath: .//word], [[AndroidDriver: chrome on ANDROID (51a5b69d350864e9562a2470b487b139)] -&gt; xpath: .//word], [[AndroidDriver: chrome on ANDROID (51a5b69d350864e9562a2470b487b139)] -&gt; xpath: .//word], [[AndroidDriver: chrome on ANDROID (51a5b69d350864e9562a2470b487b139)] -&gt; xpath: .//word], [[AndroidDriver: chrome on ANDROID (51a5b69d350864e9562a2470b487b139)] -&gt; xpath: .//word], [[AndroidDriver: chrome on ANDROID (51a5b69d350864e9562a2470b487b139)] -&gt; xpath: .//word], [[AndroidDriver: chrome on ANDROID (51a5b69d350864e9562a2470b487b139)] -&gt; xpath: .//word], [[AndroidDriver: chrome on ANDROID (51a5b69d350864e9562a2470b487b139)] -&gt; xpath: .//word], [[AndroidDriver: chrome on ANDROID (51a5b69d350864e9562a2470b487b139)] -&gt; xpath: .//word], [[AndroidDriver: chrome on ANDROID (51a5b69d350864e9562a2470b487b139)] -&gt; xpath: .//word], [[AndroidDriver: chrome on ANDROID (51a5b69d350864e9562a2470b487b139)] -&gt; xpath: .//word], [[AndroidDriver: chrome on ANDROID (51a5b69d350864e9562a2470b487b139)] -&gt; xpath: .//word], [[AndroidDriver: chrome on ANDROID (51a5b69d350864e9562a2470b487b139)] -&gt; xpath: .//word], [[AndroidDriver: chrome on ANDROID (51a5b69d350864e9562a2470b487b139)] -&gt; xpath: .//word], [[AndroidDriver: chrome on ANDROID (51a5b69d350864e9562a2470b487b139)] -&gt; xpath: .//word], [[AndroidDriver: chrome on ANDROID (51a5b69d350864e9562a2470b487b139)] -&gt; xpath: .//word], [[AndroidDriver: chrome on ANDROID (51a5b69d350864e9562a2470b487b139)] -&gt; xpath: .//word], [[AndroidDriver: chrome on ANDROID (51a5b69d350864e9562a2470b487b139)] -&gt; xpath: .//word], [[AndroidDriver: chrome on ANDROID (51a5b69d350864e9562a2470b487b139)] -&gt; xpath: .//word], [[AndroidDriver: chrome on ANDROID (51a5b69d350864e9562a2470b487b139)] -&gt; xpath: .//word], [[AndroidDriver: chrome on ANDROID (51a5b69d350864e9562a2470b487b139)] -&gt; xpath: .//word], [[AndroidDriver: chrome on ANDROID (51a5b69d350864e9562a2470b487b139)] -&gt; xpath: .//word], [[AndroidDriver: chrome on ANDROID (51a5b69d350864e9562a2470b487b139)] -&gt; xpath: .//word], [[AndroidDriver: chrome on ANDROID (51a5b69d350864e9562a2470b487b139)] -&gt; xpath: .//word], [[AndroidDriver: chrome on ANDROID (51a5b69d350864e9562a2470b487b139)] -&gt; xpath: .//word], [[AndroidDriver: chrome on ANDROID (51a5b69d350864e9562a2470b487b139)] -&gt; xpath: .//word], [[AndroidDriver: chrome on ANDROID (51a5b69d350864e9562a2470b487b139)] -&gt; xpath: .//word], [[AndroidDriver: chrome on ANDROID (51a5b69d350864e9562a2470b487b139)] -&gt; xpath: .//word], [[AndroidDriver: chrome on ANDROID (51a5b69d350864e9562a2470b487b139)] -&gt; xpath: .//word], [[AndroidDriver: chrome on ANDROID (51a5b69d350864e9562a2470b487b139)] -&gt; xpath: .//word], [[AndroidDriver: chrome on ANDROID (51a5b69d350864e9562a2470b487b139)] -&gt; xpath: .//word], [[AndroidDriver: chrome on ANDROID (51a5b69d350864e9562a2470b487b139)] -&gt; xpath: .//word], [[AndroidDriver: chrome on ANDROID (51a5b69d350864e9562a2470b487b139)] -&gt; xpath: .//word], [[AndroidDriver: chrome on ANDROID (51a5b69d350864e9562a2470b487b139)] -&gt; xpath: .//word], [[AndroidDriver: chrome on ANDROID (51a5b69d350864e9562a2470b487b139)] -&gt; xpath: .//word], [[AndroidDriver: chrome on ANDROID (51a5b69d350864e9562a2470b487b139)] -&gt; xpath: .//word], [[AndroidDriver: chrome on ANDROID (51a5b69d350864e9562a2470b487b139)] -&gt; xpath: .//word], [[AndroidDriver: chrome on ANDROID (51a5b69d350864e9562a2470b487b139)] -&gt; xpath: .//word], [[AndroidDriver: chrome on ANDROID (51a5b69d350864e9562a2470b487b139)] -&gt; xpath: .//word], [[AndroidDriver: chrome on ANDROID (51a5b69d350864e9562a2470b487b139)] -&gt; xpath: .//word], [[AndroidDriver: chrome on ANDROID (51a5b69d350864e9562a2470b487b139)] -&gt; xpath: .//word], [[AndroidDriver: chrome on ANDROID (51a5b69d350864e9562a2470b487b139)] -&gt; xpath: .//word], [[AndroidDriver: chrome on ANDROID (51a5b69d350864e9562a2470b487b139)] -&gt; xpath: .//word], [[AndroidDriver: chrome on ANDROID (51a5b69d350864e9562a2470b487b139)] -&gt; xpath: .//word], [[AndroidDriver: chrome on ANDROID (51a5b69d350864e9562a2470b487b139)] -&gt; xpath: .//word], [[AndroidDriver: chrome on ANDROID (51a5b69d350864e9562a2470b487b139)] -&gt; xpath: .//word], [[AndroidDriver: chrome on ANDROID (51a5b69d350864e9562a2470b487b139)] -&gt; xpath: .//word], [[AndroidDriver: chrome on ANDROID (51a5b69d350864e9562a2470b487b139)] -&gt; xpath: .//word], [[AndroidDriver: chrome on ANDROID (51a5b69d350864e9562a2470b487b139)] -&gt; xpath: .//word], [[AndroidDriver: chrome on ANDROID (51a5b69d350864e9562a2470b487b139)] -&gt; xpath: .//word], [[AndroidDriver: chrome on ANDROID (51a5b69d350864e9562a2470b487b139)] -&gt; xpath: .//word], [[AndroidDriver: chrome on ANDROID (51a5b69d350864e9562a2470b487b139)] -&gt; xpath: .//word], [[AndroidDriver: chrome on ANDROID (51a5b69d350864e9562a2470b487b139)] -&gt; xpath: .//word], [[AndroidDriver: chrome on ANDROID (51a5b69d350864e9562a2470b487b139)] -&gt; xpath: .//word], [[AndroidDriver: chrome on ANDROID (51a5b69d350864e9562a2470b487b139)] -&gt; xpath: .//word], [[AndroidDriver: chrome on ANDROID (51a5b69d350864e9562a2470b487b139)] -&gt; xpath: .//word], [[AndroidDriver: chrome on ANDROID (51a5b69d350864e9562a2470b487b139)] -&gt; xpath: .//word], [[AndroidDriver: chrome on ANDROID (51a5b69d350864e9562a2470b487b139)] -&gt; xpath: .//word], [[AndroidDriver: chrome on ANDROID (51a5b69d350864e9562a2470b487b139)] -&gt; xpath: .//word], [[AndroidDriver: chrome on ANDROID (51a5b69d350864e9562a2470b487b139)] -&gt; xpath: .//word], [[AndroidDriver: chrome on ANDROID (51a5b69d350864e9562a2470b487b139)] -&gt; xpath: .//word], [[AndroidDriver: chrome on ANDROID (51a5b69d350864e9562a2470b487b139)] -&gt; xpath: .//word], [[AndroidDriver: chrome on ANDROID (51a5b69d350864e9562a2470b487b139)] -&gt; xpath: .//word], [[AndroidDriver: chrome on ANDROID (51a5b69d350864e9562a2470b487b139)] -&gt; xpath: .//word], [[AndroidDriver: chrome on ANDROID (51a5b69d350864e9562a2470b487b139)] -&gt; xpath: .//word], [[AndroidDriver: chrome on ANDROID (51a5b69d350864e9562a2470b487b139)] -&gt; xpath: .//word], [[AndroidDriver: chrome on ANDROID (51a5b69d350864e9562a2470b487b139)] -&gt; xpath: .//word], [[AndroidDriver: chrome on ANDROID (51a5b69d350864e9562a2470b487b139)] -&gt; xpath: .//word], [[AndroidDriver: chrome on ANDROID (51a5b69d350864e9562a2470b487b139)] -&gt; xpath: .//word], [[AndroidDriver: chrome on ANDROID (51a5b69d350864e9562a2470b487b139)] -&gt; xpath: .//word], [[AndroidDriver: chrome on ANDROID (51a5b69d350864e9562a2470b487b139)] -&gt; xpath: .//word], [[AndroidDriver: chrome on ANDROID (51a5b69d350864e9562a2470b487b139)] -&gt; xpath: .//word], [[AndroidDriver: chrome on ANDROID (51a5b69d350864e9562a2470b487b139)] -&gt; xpath: .//word], [[AndroidDriver: chrome on ANDROID (51a5b69d350864e9562a2470b487b139)] -&gt; xpath: .//word], [[AndroidDriver: chrome on ANDROID (51a5b69d350864e9562a2470b487b139)] -&gt; xpath: .//word], [[AndroidDriver: chrome on ANDROID (51a5b69d350864e9562a2470b487b139)] -&gt; xpath: .//word], [[AndroidDriver: chrome on ANDROID (51a5b69d350864e9562a2470b487b139)] -&gt; xpath: .//word], [[AndroidDriver: chrome on ANDROID (51a5b69d350864e9562a2470b487b139)] -&gt; xpath: .//word], [[AndroidDriver: chrome on ANDROID (51a5b69d350864e9562a2470b487b139)] -&gt; xpath: .//word], [[AndroidDriver: chrome on ANDROID (51a5b69d350864e9562a2470b487b139)] -&gt; xpath: .//word], [[AndroidDriver: chrome on ANDROID (51a5b69d350864e9562a2470b487b139)] -&gt; xpath: .//word], [[AndroidDriver: chrome on ANDROID (51a5b69d350864e9562a2470b487b139)] -&gt; xpath: .//word], [[AndroidDriver: chrome on ANDROID (51a5b69d350864e9562a2470b487b139)] -&gt; xpath: .//word], [[AndroidDriver: chrome on ANDROID (51a5b69d350864e9562a2470b487b139)] -&gt; xpath: .//word], [[AndroidDriver: chrome on ANDROID (51a5b69d350864e9562a2470b487b139)] -&gt; xpath: .//word], [[AndroidDriver: chrome on ANDROID (51a5b69d350864e9562a2470b487b139)] -&gt; xpath: .//word], [[AndroidDriver: chrome on ANDROID (51a5b69d350864e9562a2470b487b139)] -&gt; xpath: .//word], [[AndroidDriver: chrome on ANDROID (51a5b69d350864e9562a2470b487b139)] -&gt; xpath: .//word], [[AndroidDriver: chrome on ANDROID (51a5b69d350864e9562a2470b487b139)] -&gt; xpath: .//word], [[AndroidDriver: chrome on ANDROID (51a5b69d350864e9562a2470b487b139)] -&gt; xpath: .//word], [[AndroidDriver: chrome on ANDROID (51a5b69d350864e9562a2470b487b139)] -&gt; xpath: .//word], [[AndroidDriver: chrome on ANDROID (51a5b69d350864e9562a2470b487b139)] -&gt; xpath: .//word], [[AndroidDriver: chrome on ANDROID (51a5b69d350864e9562a2470b487b139)] -&gt; xpath: .//word], [[AndroidDriver: chrome on ANDROID (51a5b69d350864e9562a2470b487b139)] -&gt; xpath: .//word], [[AndroidDriver: chrome on ANDROID (51a5b69d350864e9562a2470b487b139)] -&gt; xpath: .//word], [[AndroidDriver: chrome on ANDROID (51a5b69d350864e9562a2470b487b139)] -&gt; xpath: .//word], [[AndroidDriver: chrome on ANDROID (51a5b69d350864e9562a2470b487b139)] -&gt; xpath: .//word], [[AndroidDriver: chrome on ANDROID (51a5b69d350864e9562a2470b487b139)] -&gt; xpath: .//word], [[AndroidDriver: chrome on ANDROID (51a5b69d350864e9562a2470b487b139)] -&gt; xpath: .//word], [[AndroidDriver: chrome on ANDROID (51a5b69d350864e9562a2470b487b139)] -&gt; xpath: .//word], [[AndroidDriver: chrome on ANDROID (51a5b69d350864e9562a2470b487b139)] -&gt; xpath: .//word], [[AndroidDriver: chrome on ANDROID (51a5b69d350864e9562a2470b487b139)] -&gt; xpath: .//word], [[AndroidDriver: chrome on ANDROID (51a5b69d350864e9562a2470b487b139)] -&gt; xpath: .//word], [[AndroidDriver: chrome on ANDROID (51a5b69d350864e9562a2470b487b139)] -&gt; xpath: .//word], [[AndroidDriver: chrome on ANDROID (51a5b69d350864e9562a2470b487b139)] -&gt; xpath: .//word], [[AndroidDriver: chrome on ANDROID (51a5b69d350864e9562a2470b487b139)] -&gt; xpath: .//word], [[AndroidDriver: chrome on ANDROID (51a5b69d350864e9562a2470b487b139)] -&gt; xpath: .//word], [[AndroidDriver: chrome on ANDROID (51a5b69d350864e9562a2470b487b139)] -&gt; xpath: .//word], [[AndroidDriver: chrome on ANDROID (51a5b69d350864e9562a2470b487b139)] -&gt; xpath: .//word], [[AndroidDriver: chrome on ANDROID (51a5b69d350864e9562a2470b487b139)] -&gt; xpath: .//word], [[AndroidDriver: chrome on ANDROID (51a5b69d350864e9562a2470b487b139)] -&gt; xpath: .//word], [[AndroidDriver: chrome on ANDROID (51a5b69d350864e9562a2470b487b139)] -&gt; xpath: .//word], [[AndroidDriver: chrome on ANDROID (51a5b69d350864e9562a2470b487b139)] -&gt; xpath: .//word], [[AndroidDriver: chrome on ANDROID (51a5b69d350864e9562a2470b487b139)] -&gt; xpath: .//word], [[AndroidDriver: chrome on ANDROID (51a5b69d350864e9562a2470b487b139)] -&gt; xpath: .//word], [[AndroidDriver: chrome on ANDROID (51a5b69d350864e9562a2470b487b139)] -&gt; xpath: .//word], [[AndroidDriver: chrome on ANDROID (51a5b69d350864e9562a2470b487b139)] -&gt; xpath: .//word], [[AndroidDriver: chrome on ANDROID (51a5b69d350864e9562a2470b487b139)] -&gt; xpath: .//word], [[AndroidDriver: chrome on ANDROID (51a5b69d350864e9562a2470b487b139)] -&gt; xpath: .//word], [[AndroidDriver: chrome on ANDROID (51a5b69d350864e9562a2470b487b139)] -&gt; xpath: .//word], [[AndroidDriver: chrome on ANDROID (51a5b69d350864e9562a2470b487b139)] -&gt; xpath: .//word], [[AndroidDriver: chrome on ANDROID (51a5b69d350864e9562a2470b487b139)] -&gt; xpath: .//word], [[AndroidDriver: chrome on ANDROID (51a5b69d350864e9562a2470b487b139)] -&gt; xpath: .//word], [[AndroidDriver: chrome on ANDROID (51a5b69d350864e9562a2470b487b139)] -&gt; xpath: .//word], [[AndroidDriver: chrome on ANDROID (51a5b69d350864e9562a2470b487b139)] -&gt; xpath: .//word], [[AndroidDriver: chrome on ANDROID (51a5b69d350864e9562a2470b487b139)] -&gt; xpath: .//word], [[AndroidDriver: chrome on ANDROID (51a5b69d350864e9562a2470b487b139)] -&gt; xpath: .//word], [[AndroidDriver: chrome on ANDROID (51a5b69d350864e9562a2470b487b139)] -&gt; xpath: .//word], [[AndroidDriver: chrome on ANDROID (51a5b69d350864e9562a2470b487b139)] -&gt; xpath: .//word], [[AndroidDriver: chrome on ANDROID (51a5b69d350864e9562a2470b487b139)] -&gt; xpath: .//word], [[AndroidDriver: chrome on ANDROID (51a5b69d350864e9562a2470b487b139)] -&gt; xpath: .//word], [[AndroidDriver: chrome on ANDROID (51a5b69d350864e9562a2470b487b139)] -&gt; xpath: .//word], [[AndroidDriver: chrome on ANDROID (51a5b69d350864e9562a2470b487b139)] -&gt; xpath: .//word], [[AndroidDriver: chrome on ANDROID (51a5b69d350864e9562a2470b487b139)] -&gt; xpath: .//word], [[AndroidDriver: chrome on ANDROID (51a5b69d350864e9562a2470b487b139)] -&gt; xpath: .//word], [[AndroidDriver: chrome on ANDROID (51a5b69d350864e9562a2470b487b139)] -&gt; xpath: .//word], [[AndroidDriver: chrome on ANDROID (51a5b69d350864e9562a2470b487b139)] -&gt; xpath: .//word], [[AndroidDriver: chrome on ANDROID (51a5b69d350864e9562a2470b487b139)] -&gt; xpath: .//word], [[AndroidDriver: chrome on ANDROID (51a5b69d350864e9562a2470b487b139)] -&gt; xpath: .//word], [[AndroidDriver: chrome on ANDROID (51a5b69d350864e9562a2470b487b139)] -&gt; xpath: .//word], [[AndroidDriver: chrome on ANDROID (51a5b69d350864e9562a2470b487b139)] -&gt; xpath: .//word], [[AndroidDriver: chrome on ANDROID (51a5b69d350864e9562a2470b487b139)] -&gt; xpath: .//word], [[AndroidDriver: chrome on ANDROID (51a5b69d350864e9562a2470b487b139)] -&gt; xpath: .//word], [[AndroidDriver: chrome on ANDROID (51a5b69d350864e9562a2470b487b139)] -&gt; xpath: .//word], [[AndroidDriver: chrome on ANDROID (51a5b69d350864e9562a2470b487b139)] -&gt; xpath: .//word], [[AndroidDriver: chrome on ANDROID (51a5b69d350864e9562a2470b487b139)] -&gt; xpath: .//word], [[AndroidDriver: chrome on ANDROID (51a5b69d350864e9562a2470b487b139)] -&gt; xpath: .//word], [[AndroidDriver: chrome on ANDROID (51a5b69d350864e9562a2470b487b139)] -&gt; xpath: .//word], [[AndroidDriver: chrome on ANDROID (51a5b69d350864e9562a2470b487b139)] -&gt; xpath: .//word], [[AndroidDriver: chrome on ANDROID (51a5b69d350864e9562a2470b487b139)] -&gt; xpath: .//word], [[AndroidDriver: chrome on ANDROID (51a5b69d350864e9562a2470b487b139)] -&gt; xpath: .//word], [[AndroidDriver: chrome on ANDROID (51a5b69d350864e9562a2470b487b139)] -&gt; xpath: .//word], [[AndroidDriver: chrome on ANDROID (51a5b69d350864e9562a2470b487b139)] -&gt; xpath: .//word], [[AndroidDriver: chrome on ANDROID (51a5b69d350864e9562a2470b487b139)] -&gt; xpath: .//word], [[AndroidDriver: chrome on ANDROID (51a5b69d350864e9562a2470b487b139)] -&gt; xpath: .//word], [[AndroidDriver: chrome on ANDROID (51a5b69d350864e9562a2470b487b139)] -&gt; xpath: .//word], [[AndroidDriver: chrome on ANDROID (51a5b69d350864e9562a2470b487b139)] -&gt; xpath: .//word], [[AndroidDriver: chrome on ANDROID (51a5b69d350864e9562a2470b487b139)] -&gt; xpath: .//word], [[AndroidDriver: chrome on ANDROID (51a5b69d350864e9562a2470b487b139)] -&gt; xpath: .//word], [[AndroidDriver: chrome on ANDROID (51a5b69d350864e9562a2470b487b139)] -&gt; xpath: .//word], [[AndroidDriver: chrome on ANDROID (51a5b69d350864e9562a2470b487b139)] -&gt; xpath: .//word], [[AndroidDriver: chrome on ANDROID (51a5b69d350864e9562a2470b487b139)] -&gt; xpath: .//word], [[AndroidDriver: chrome on ANDROID (51a5b69d350864e9562a2470b487b139)] -&gt; xpath: .//word], [[AndroidDriver: chrome on ANDROID (51a5b69d350864e9562a2470b487b139)] -&gt; xpath: .//word], [[AndroidDriver: chrome on ANDROID (51a5b69d350864e9562a2470b487b139)] -&gt; xpath: .//word], [[AndroidDriver: chrome on ANDROID (51a5b69d350864e9562a2470b487b139)] -&gt; xpath: .//word], [[AndroidDriver: chrome on ANDROID (51a5b69d350864e9562a2470b487b139)] -&gt; xpath: .//word], [[AndroidDriver: chrome on ANDROID (51a5b69d350864e9562a2470b487b139)] -&gt; xpath: .//word], [[AndroidDriver: chrome on ANDROID (51a5b69d350864e9562a2470b487b139)] -&gt; xpath: .//word], [[AndroidDriver: chrome on ANDROID (51a5b69d350864e9562a2470b487b139)] -&gt; xpath: .//word], [[AndroidDriver: chrome on ANDROID (51a5b69d350864e9562a2470b487b139)] -&gt; xpath: .//word], [[AndroidDriver: chrome on ANDROID (51a5b69d350864e9562a2470b487b139)] -&gt; xpath: .//word], [[AndroidDriver: chrome on ANDROID (51a5b69d350864e9562a2470b487b139)] -&gt; xpath: .//word], [[AndroidDriver: chrome on ANDROID (51a5b69d350864e9562a2470b487b139)] -&gt; xpath: .//word], [[AndroidDriver: chrome on ANDROID (51a5b69d350864e9562a2470b487b139)] -&gt; xpath: .//word], [[AndroidDriver: chrome on ANDROID (51a5b69d350864e9562a2470b487b139)] -&gt; xpath: .//word], [[AndroidDriver: chrome on ANDROID (51a5b69d350864e9562a2470b487b139)] -&gt; xpath: .//word], [[AndroidDriver: chrome on ANDROID (51a5b69d350864e9562a2470b487b139)] -&gt; xpath: .//word], [[AndroidDriver: chrome on ANDROID (51a5b69d350864e9562a2470b487b139)] -&gt; xpath: .//word], [[AndroidDriver: chrome on ANDROID (51a5b69d350864e9562a2470b487b139)] -&gt; xpath: .//word], [[AndroidDriver: chrome on ANDROID (51a5b69d350864e9562a2470b487b139)] -&gt; xpath: .//word], [[AndroidDriver: chrome on ANDROID (51a5b69d350864e9562a2470b487b139)] -&gt; xpath: .//word], [[AndroidDriver: chrome on ANDROID (51a5b69d350864e9562a2470b487b139)] -&gt; xpath: .//word], [[AndroidDriver: chrome on ANDROID (51a5b69d350864e9562a2470b487b139)] -&gt; xpath: .//word], [[AndroidDriver: chrome on ANDROID (51a5b69d350864e9562a2470b487b139)] -&gt; xpath: .//word], [[AndroidDriver: chrome on ANDROID (51a5b69d350864e9562a2470b487b139)] -&gt; xpath: .//word], [[AndroidDriver: chrome on ANDROID (51a5b69d350864e9562a2470b487b139)] -&gt; xpath: .//word], [[AndroidDriver: chrome on ANDROID (51a5b69d350864e9562a2470b487b139)] -&gt; xpath: .//word], [[AndroidDriver: chrome on ANDROID (51a5b69d350864e9562a2470b487b139)] -&gt; xpath: .//word], [[AndroidDriver: chrome on ANDROID (51a5b69d350864e9562a2470b487b139)] -&gt; xpath: .//word], [[AndroidDriver: chrome on ANDROID (51a5b69d350864e9562a2470b487b139)] -&gt; xpath: .//word], [[AndroidDriver: chrome on ANDROID (51a5b69d350864e9562a2470b487b139)] -&gt; xpath: .//word], [[AndroidDriver: chrome on ANDROID (51a5b69d350864e9562a2470b487b139)] -&gt; xpath: .//word], [[AndroidDriver: chrome on ANDROID (51a5b69d350864e9562a2470b487b139)] -&gt; xpath: .//word], [[AndroidDriver: chrome on ANDROID (51a5b69d350864e9562a2470b487b139)] -&gt; xpath: .//word], [[AndroidDriver: chrome on ANDROID (51a5b69d350864e9562a2470b487b139)] -&gt; xpath: .//word], [[AndroidDriver: chrome on ANDROID (51a5b69d350864e9562a2470b487b139)] -&gt; xpath: .//word], [[AndroidDriver: chrome on ANDROID (51a5b69d350864e9562a2470b487b139)] -&gt; xpath: .//word], [[AndroidDriver: chrome on ANDROID (51a5b69d350864e9562a2470b487b139)] -&gt; xpath: .//word], [[AndroidDriver: chrome on ANDROID (51a5b69d350864e9562a2470b487b139)] -&gt; xpath: .//word], [[AndroidDriver: chrome on ANDROID (51a5b69d350864e9562a2470b487b139)] -&gt; xpath: .//word], [[AndroidDriver: chrome on ANDROID (51a5b69d350864e9562a2470b487b139)] -&gt; xpath: .//word], [[AndroidDriver: chrome on ANDROID (51a5b69d350864e9562a2470b487b139)] -&gt; xpath: .//word], [[AndroidDriver: chrome on ANDROID (51a5b69d350864e9562a2470b487b139)] -&gt; xpath: .//word], [[AndroidDriver: chrome on ANDROID (51a5b69d350864e9562a2470b487b139)] -&gt; xpath: .//word], [[AndroidDriver: chrome on ANDROID (51a5b69d350864e9562a2470b487b139)] -&gt; xpath: .//word], [[AndroidDriver: chrome on ANDROID (51a5b69d350864e9562a2470b487b139)] -&gt; xpath: .//word], [[AndroidDriver: chrome on ANDROID (51a5b69d350864e9562a2470b487b139)] -&gt; xpath: .//word], [[AndroidDriver: chrome on ANDROID (51a5b69d350864e9562a2470b487b139)] -&gt; xpath: .//word], [[AndroidDriver: chrome on ANDROID (51a5b69d350864e9562a2470b487b139)] -&gt; xpath: .//word], [[AndroidDriver: chrome on ANDROID (51a5b69d350864e9562a2470b487b139)] -&gt; xpath: .//word], [[AndroidDriver: chrome on ANDROID (51a5b69d350864e9562a2470b487b139)] -&gt; xpath: .//word], [[AndroidDriver: chrome on ANDROID (51a5b69d350864e9562a2470b487b139)] -&gt; xpath: .//word], [[AndroidDriver: chrome on ANDROID (51a5b69d350864e9562a2470b487b139)] -&gt; xpath: .//word], [[AndroidDriver: chrome on ANDROID (51a5b69d350864e9562a2470b487b139)] -&gt; xpath: .//word], [[AndroidDriver: chrome on ANDROID (51a5b69d350864e9562a2470b487b139)] -&gt; xpath: .//word], [[AndroidDriver: chrome on ANDROID (51a5b69d350864e9562a2470b487b139)] -&gt; xpath: .//word], [[AndroidDriver: chrome on ANDROID (51a5b69d350864e9562a2470b487b139)] -&gt; xpath: .//word], [[AndroidDriver: chrome on ANDROID (51a5b69d350864e9562a2470b487b139)] -&gt; xpath: .//word], [[AndroidDriver: chrome on ANDROID (51a5b69d350864e9562a2470b487b139)] -&gt; xpath: .//word], [[AndroidDriver: chrome on ANDROID (51a5b69d350864e9562a2470b487b139)] -&gt; xpath: .//word], [[AndroidDriver: chrome on ANDROID (51a5b69d350864e9562a2470b487b139)] -&gt; xpath: .//word], [[AndroidDriver: chrome on ANDROID (51a5b69d350864e9562a2470b487b139)] -&gt; xpath: .//word], [[AndroidDriver: chrome on ANDROID (51a5b69d350864e9562a2470b487b139)] -&gt; xpath: .//word], [[AndroidDriver: chrome on ANDROID (51a5b69d350864e9562a2470b487b139)] -&gt; xpath: .//word], [[AndroidDriver: chrome on ANDROID (51a5b69d350864e9562a2470b487b139)] -&gt; xpath: .//word], [[AndroidDriver: chrome on ANDROID (51a5b69d350864e9562a2470b487b139)] -&gt; xpath: .//word], [[AndroidDriver: chrome on ANDROID (51a5b69d350864e9562a2470b487b139)] -&gt; xpath: .//word], [[AndroidDriver: chrome on ANDROID (51a5b69d350864e9562a2470b487b139)] -&gt; xpath: .//word], [[AndroidDriver: chrome on ANDROID (51a5b69d350864e9562a2470b487b139)] -&gt; xpath: .//word], [[AndroidDriver: chrome on ANDROID (51a5b69d350864e9562a2470b487b139)] -&gt; xpath: .//word], [[AndroidDriver: chrome on ANDROID (51a5b69d350864e9562a2470b487b139)] -&gt; xpath: .//word], [[AndroidDriver: chrome on ANDROID (51a5b69d350864e9562a2470b487b139)] -&gt; xpath: .//word], [[AndroidDriver: chrome on ANDROID (51a5b69d350864e9562a2470b487b139)] -&gt; xpath: .//word], [[AndroidDriver: chrome on ANDROID (51a5b69d350864e9562a2470b487b139)] -&gt; xpath: .//word], [[AndroidDriver: chrome on ANDROID (51a5b69d350864e9562a2470b487b139)] -&gt; xpath: .//word], [[AndroidDriver: chrome on ANDROID (51a5b69d350864e9562a2470b487b139)] -&gt; xpath: .//word], [[AndroidDriver: chrome on ANDROID (51a5b69d350864e9562a2470b487b139)] -&gt; xpath: .//word], [[AndroidDriver: chrome on ANDROID (51a5b69d350864e9562a2470b487b139)] -&gt; xpath: .//word], [[AndroidDriver: chrome on ANDROID (51a5b69d350864e9562a2470b487b139)] -&gt; xpath: .//word], [[AndroidDriver: chrome on ANDROID (51a5b69d350864e9562a2470b487b139)] -&gt; xpath: .//word], [[AndroidDriver: chrome on ANDROID (51a5b69d350864e9562a2470b487b139)] -&gt; xpath: .//word], [[AndroidDriver: chrome on ANDROID (51a5b69d350864e9562a2470b487b139)] -&gt; xpath: .//word], [[AndroidDriver: chrome on ANDROID (51a5b69d350864e9562a2470b487b139)] -&gt; xpath: .//word], [[AndroidDriver: chrome on ANDROID (51a5b69d350864e9562a2470b487b139)] -&gt; xpath: .//word], [[AndroidDriver: chrome on ANDROID (51a5b69d350864e9562a2470b487b139)] -&gt; xpath: .//word], [[AndroidDriver: chrome on ANDROID (51a5b69d350864e9562a2470b487b139)] -&gt; xpath: .//word], [[AndroidDriver: chrome on ANDROID (51a5b69d350864e9562a2470b487b139)] -&gt; xpath: .//word], [[AndroidDriver: chrome on ANDROID (51a5b69d350864e9562a2470b487b139)] -&gt; xpath: .//word], [[AndroidDriver: chrome on ANDROID (51a5b69d350864e9562a2470b487b139)] -&gt; xpath: .//word], [[AndroidDriver: chrome on ANDROID (51a5b69d350864e9562a2470b487b139)] -&gt; xpath: .//word], [[AndroidDriver: chrome on ANDROID (51a5b69d350864e9562a2470b487b139)] -&gt; xpath: .//word], [[AndroidDriver: chrome on ANDROID (51a5b69d350864e9562a2470b487b139)] -&gt; xpath: .//word], [[AndroidDriver: chrome on ANDROID (51a5b69d350864e9562a2470b487b139)] -&gt; xpath: .//word], [[AndroidDriver: chrome on ANDROID (51a5b69d350864e9562a2470b487b139)] -&gt; xpath: .//word], [[AndroidDriver: chrome on ANDROID (51a5b69d350864e9562a2470b487b139)] -&gt; xpath: .//word], [[AndroidDriver: chrome on ANDROID (51a5b69d350864e9562a2470b487b139)] -&gt; xpath: .//word], [[AndroidDriver: chrome on ANDROID (51a5b69d350864e9562a2470b487b139)] -&gt; xpath: .//word], [[AndroidDriver: chrome on ANDROID (51a5b69d350864e9562a2470b487b139)] -&gt; xpath: .//word], [[AndroidDriver: chrome on ANDROID (51a5b69d350864e9562a2470b487b139)] -&gt; xpath: .//word], [[AndroidDriver: chrome on ANDROID (51a5b69d350864e9562a2470b487b139)] -&gt; xpath: .//word], [[AndroidDriver: chrome on ANDROID (51a5b69d350864e9562a2470b487b139)] -&gt; xpath: .//word], [[AndroidDriver: chrome on ANDROID (51a5b69d350864e9562a2470b487b139)] -&gt; xpath: .//word], [[AndroidDriver: chrome on ANDROID (51a5b69d350864e9562a2470b487b139)] -&gt; xpath: .//word], [[AndroidDriver: chrome on ANDROID (51a5b69d350864e9562a2470b487b139)] -&gt; xpath: .//word], [[AndroidDriver: chrome on ANDROID (51a5b69d350864e9562a2470b487b139)] -&gt; xpath: .//word], [[AndroidDriver: chrome on ANDROID (51a5b69d350864e9562a2470b487b139)] -&gt; xpath: .//word], [[AndroidDriver: chrome on ANDROID (51a5b69d350864e9562a2470b487b139)] -&gt; xpath: .//word], [[AndroidDriver: chrome on ANDROID (51a5b69d350864e9562a2470b487b139)] -&gt; xpath: .//word], [[AndroidDriver: chrome on ANDROID (51a5b69d350864e9562a2470b487b139)] -&gt; xpath: .//word], [[AndroidDriver: chrome on ANDROID (51a5b69d350864e9562a2470b487b139)] -&gt; xpath: .//word], [[AndroidDriver: chrome on ANDROID (51a5b69d350864e9562a2470b487b139)] -&gt; xpath: .//word], [[AndroidDriver: chrome on ANDROID (51a5b69d350864e9562a2470b487b139)] -&gt; xpath: .//word], [[AndroidDriver: chrome on ANDROID (51a5b69d350864e9562a2470b487b139)] -&gt; xpath: .//word], [[AndroidDriver: chrome on ANDROID (51a5b69d350864e9562a2470b487b139)] -&gt; xpath: .//word], [[AndroidDriver: chrome on ANDROID (51a5b69d350864e9562a2470b487b139)] -&gt; xpath: .//word], [[AndroidDriver: chrome on ANDROID (51a5b69d350864e9562a2470b487b139)] -&gt; xpath: .//word], [[AndroidDriver: chrome on ANDROID (51a5b69d350864e9562a2470b487b139)] -&gt; xpath: .//word], [[AndroidDriver: chrome on ANDROID (51a5b69d350864e9562a2470b487b139)] -&gt; xpath: .//word], [[AndroidDriver: chrome on ANDROID (51a5b69d350864e9562a2470b487b139)] -&gt; xpath: .//word], [[AndroidDriver: chrome on ANDROID (51a5b69d350864e9562a2470b487b139)] -&gt; xpath: .//word], [[AndroidDriver: chrome on ANDROID (51a5b69d350864e9562a2470b487b139)] -&gt; xpath: .//word], [[AndroidDriver: chrome on ANDROID (51a5b69d350864e9562a2470b487b139)] -&gt; xpath: .//word], [[AndroidDriver: chrome on ANDROID (51a5b69d350864e9562a2470b487b139)] -&gt; xpath: .//word], [[AndroidDriver: chrome on ANDROID (51a5b69d350864e9562a2470b487b139)] -&gt; xpath: .//word], [[AndroidDriver: chrome on ANDROID (51a5b69d350864e9562a2470b487b139)] -&gt; xpath: .//word], [[AndroidDriver: chrome on ANDROID (51a5b69d350864e9562a2470b487b139)] -&gt; xpath: .//word], [[AndroidDriver: chrome on ANDROID (51a5b69d350864e9562a2470b487b139)] -&gt; xpath: .//word], [[AndroidDriver: chrome on ANDROID (51a5b69d350864e9562a2470b487b139)] -&gt; xpath: .//word], [[AndroidDriver: chrome on ANDROID (51a5b69d350864e9562a2470b487b139)] -&gt; xpath: .//word], [[AndroidDriver: chrome on ANDROID (51a5b69d350864e9562a2470b487b139)] -&gt; xpath: .//word], [[AndroidDriver: chrome on ANDROID (51a5b69d350864e9562a2470b487b139)] -&gt; xpath: .//word], [[AndroidDriver: chrome on ANDROID (51a5b69d350864e9562a2470b487b139)] -&gt; xpath: .//word], [[AndroidDriver: chrome on ANDROID (51a5b69d350864e9562a2470b487b139)] -&gt; xpath: .//word], [[AndroidDriver: chrome on ANDROID (51a5b69d350864e9562a2470b487b139)] -&gt; xpath: .//word], [[AndroidDriver: chrome on ANDROID (51a5b69d350864e9562a2470b487b139)] -&gt; xpath: .//word], [[AndroidDriver: chrome on ANDROID (51a5b69d350864e9562a2470b487b139)] -&gt; xpath: .//word], [[AndroidDriver: chrome on ANDROID (51a5b69d350864e9562a2470b487b139)] -&gt; xpath: .//word], [[AndroidDriver: chrome on ANDROID (51a5b69d350864e9562a2470b487b139)] -&gt; xpath: .//word], [[AndroidDriver: chrome on ANDROID (51a5b69d350864e9562a2470b487b139)] -&gt; xpath: .//word], [[AndroidDriver: chrome on ANDROID (51a5b69d350864e9562a2470b487b139)] -&gt; xpath: .//word], [[AndroidDriver: chrome on ANDROID (51a5b69d350864e9562a2470b487b139)] -&gt; xpath: .//word], [[AndroidDriver: chrome on ANDROID (51a5b69d350864e9562a2470b487b139)] -&gt; xpath: .//word], [[AndroidDriver: chrome on ANDROID (51a5b69d350864e9562a2470b487b139)] -&gt; xpath: .//word], [[AndroidDriver: chrome on ANDROID (51a5b69d350864e9562a2470b487b139)] -&gt; xpath: .//word], [[AndroidDriver: chrome on ANDROID (51a5b69d350864e9562a2470b487b139)] -&gt; xpath: .//word], [[AndroidDriver: chrome on ANDROID (51a5b69d350864e9562a2470b487b139)] -&gt; xpath: .//word], [[AndroidDriver: chrome on ANDROID (51a5b69d350864e9562a2470b487b139)] -&gt; xpath: .//word], [[AndroidDriver: chrome on ANDROID (51a5b69d350864e9562a2470b487b139)] -&gt; xpath: .//word], [[AndroidDriver: chrome on ANDROID (51a5b69d350864e9562a2470b487b139)] -&gt; xpath: .//word], [[AndroidDriver: chrome on ANDROID (51a5b69d350864e9562a2470b487b139)] -&gt; xpath: .//word], [[AndroidDriver: chrome on ANDROID (51a5b69d350864e9562a2470b487b139)] -&gt; xpath: .//word], [[AndroidDriver: chrome on ANDROID (51a5b69d350864e9562a2470b487b139)] -&gt; xpath: .//word], [[AndroidDriver: chrome on ANDROID (51a5b69d350864e9562a2470b487b139)] -&gt; xpath: .//word], [[AndroidDriver: chrome on ANDROID (51a5b69d350864e9562a2470b487b139)] -&gt; xpath: .//word], [[AndroidDriver: chrome on ANDROID (51a5b69d350864e9562a2470b487b139)] -&gt; xpath: .//word], [[AndroidDriver: chrome on ANDROID (51a5b69d350864e9562a2470b487b139)] -&gt; xpath: .//word], [[AndroidDriver: chrome on ANDROID (51a5b69d350864e9562a2470b487b139)] -&gt; xpath: .//word], [[AndroidDriver: chrome on ANDROID (51a5b69d350864e9562a2470b487b139)] -&gt; xpath: .//word], [[AndroidDriver: chrome on ANDROID (51a5b69d350864e9562a2470b487b139)] -&gt; xpath: .//word], [[AndroidDriver: chrome on ANDROID (51a5b69d350864e9562a2470b487b139)] -&gt; xpath: .//word], [[AndroidDriver: chrome on ANDROID (51a5b69d350864e9562a2470b487b139)] -&gt; xpath: .//word], [[AndroidDriver: chrome on ANDROID (51a5b69d350864e9562a2470b487b139)] -&gt; xpath: .//word], [[AndroidDriver: chrome on ANDROID (51a5b69d350864e9562a2470b487b139)] -&gt; xpath: .//word], [[AndroidDriver: chrome on ANDROID (51a5b69d350864e9562a2470b487b139)] -&gt; xpath: .//word], [[AndroidDriver: chrome on ANDROID (51a5b69d350864e9562a2470b487b139)] -&gt; xpath: .//word], [[AndroidDriver: chrome on ANDROID (51a5b69d350864e9562a2470b487b139)] -&gt; xpath: .//word], [[AndroidDriver: chrome on ANDROID (51a5b69d350864e9562a2470b487b139)] -&gt; xpath: .//word], [[AndroidDriver: chrome on ANDROID (51a5b69d350864e9562a2470b487b139)] -&gt; xpath: .//word], [[AndroidDriver: chrome on ANDROID (51a5b69d350864e9562a2470b487b139)] -&gt; xpath: .//word], [[AndroidDriver: chrome on ANDROID (51a5b69d350864e9562a2470b487b139)] -&gt; xpath: .//word], [[AndroidDriver: chrome on ANDROID (51a5b69d350864e9562a2470b487b139)] -&gt; xpath: .//word], [[AndroidDriver: chrome on ANDROID (51a5b69d350864e9562a2470b487b139)] -&gt; xpath: .//word], [[AndroidDriver: chrome on ANDROID (51a5b69d350864e9562a2470b487b139)] -&gt; xpath: .//word], [[AndroidDriver: chrome on ANDROID (51a5b69d350864e9562a2470b487b139)] -&gt; xpath: .//word], [[AndroidDriver: chrome on ANDROID (51a5b69d350864e9562a2470b487b139)] -&gt; xpath: .//word], [[AndroidDriver: chrome on ANDROID (51a5b69d350864e9562a2470b487b139)] -&gt; xpath: .//word], [[AndroidDriver: chrome on ANDROID (51a5b69d350864e9562a2470b487b139)] -&gt; xpath: .//word], [[AndroidDriver: chrome on ANDROID (51a5b69d350864e9562a2470b487b139)] -&gt; xpath: .//word], [[AndroidDriver: chrome on ANDROID (51a5b69d350864e9562a2470b487b139)] -&gt; xpath: .//word], [[AndroidDriver: chrome on ANDROID (51a5b69d350864e9562a2470b487b139)] -&gt; xpath: .//word], [[AndroidDriver: chrome on ANDROID (51a5b69d350864e9562a2470b487b139)] -&gt; xpath: .//word], [[AndroidDriver: chrome on ANDROID (51a5b69d350864e9562a2470b487b139)] -&gt; xpath: .//word], [[AndroidDriver: chrome on ANDROID (51a5b69d350864e9562a2470b487b139)] -&gt; xpath: .//word], [[AndroidDriver: chrome on ANDROID (51a5b69d350864e9562a2470b487b139)] -&gt; xpath: .//word], [[AndroidDriver: chrome on ANDROID (51a5b69d350864e9562a2470b487b139)] -&gt; xpath: .//word], [[AndroidDriver: chrome on ANDROID (51a5b69d350864e9562a2470b487b139)] -&gt; xpath: .//word], [[AndroidDriver: chrome on ANDROID (51a5b69d350864e9562a2470b487b139)] -&gt; xpath: .//word], [[AndroidDriver: chrome on ANDROID (51a5b69d350864e9562a2470b487b139)] -&gt; xpath: .//word], [[AndroidDriver: chrome on ANDROID (51a5b69d350864e9562a2470b487b139)] -&gt; xpath: .//word], [[AndroidDriver: chrome on ANDROID (51a5b69d350864e9562a2470b487b139)] -&gt; xpath: .//word], [[AndroidDriver: chrome on ANDROID (51a5b69d350864e9562a2470b487b139)] -&gt; xpath: .//word], [[AndroidDriver: chrome on ANDROID (51a5b69d350864e9562a2470b487b139)] -&gt; xpath: .//word], [[AndroidDriver: chrome on ANDROID (51a5b69d350864e9562a2470b487b139)] -&gt; xpath: .//word], [[AndroidDriver: chrome on ANDROID (51a5b69d350864e9562a2470b487b139)] -&gt; xpath: .//word], [[AndroidDriver: chrome on ANDROID (51a5b69d350864e9562a2470b487b139)] -&gt; xpath: .//word], [[AndroidDriver: chrome on ANDROID (51a5b69d350864e9562a2470b487b139)] -&gt; xpath: .//word], [[AndroidDriver: chrome on ANDROID (51a5b69d350864e9562a2470b487b139)] -&gt; xpath: .//word], [[AndroidDriver: chrome on ANDROID (51a5b69d350864e9562a2470b487b139)] -&gt; xpath: .//word], [[AndroidDriver: chrome on ANDROID (51a5b69d350864e9562a2470b487b139)] -&gt; xpath: .//word], [[AndroidDriver: chrome on ANDROID (51a5b69d350864e9562a2470b487b139)] -&gt; xpath: .//word], [[AndroidDriver: chrome on ANDROID (51a5b69d350864e9562a2470b487b139)] -&gt; xpath: .//word], [[AndroidDriver: chrome on ANDROID (51a5b69d350864e9562a2470b487b139)] -&gt; xpath: .//word], [[AndroidDriver: chrome on ANDROID (51a5b69d350864e9562a2470b487b139)] -&gt; xpath: .//word], [[AndroidDriver: chrome on ANDROID (51a5b69d350864e9562a2470b487b139)] -&gt; xpath: .//word], [[AndroidDriver: chrome on ANDROID (51a5b69d350864e9562a2470b487b139)] -&gt; xpath: .//word], [[AndroidDriver: chrome on ANDROID (51a5b69d350864e9562a2470b487b139)] -&gt; xpath: .//word], [[AndroidDriver: chrome on ANDROID (51a5b69d350864e9562a2470b487b139)] -&gt; xpath: .//word], [[AndroidDriver: chrome on ANDROID (51a5b69d350864e9562a2470b487b139)] -&gt; xpath: .//word], [[AndroidDriver: chrome on ANDROID (51a5b69d350864e9562a2470b487b139)] -&gt; xpath: .//word], [[AndroidDriver: chrome on ANDROID (51a5b69d350864e9562a2470b487b139)] -&gt; xpath: .//word], [[AndroidDriver: chrome on ANDROID (51a5b69d350864e9562a2470b487b139)] -&gt; xpath: .//word], [[AndroidDriver: chrome on ANDROID (51a5b69d350864e9562a2470b487b139)] -&gt; xpath: .//word], [[AndroidDriver: chrome on ANDROID (51a5b69d350864e9562a2470b487b139)] -&gt; xpath: .//word], [[AndroidDriver: chrome on ANDROID (51a5b69d350864e9562a2470b487b139)] -&gt; xpath: .//word], [[AndroidDriver: chrome on ANDROID (51a5b69d350864e9562a2470b487b139)] -&gt; xpath: .//word], [[AndroidDriver: chrome on ANDROID (51a5b69d350864e9562a2470b487b139)] -&gt; xpath: .//word], [[AndroidDriver: chrome on ANDROID (51a5b69d350864e9562a2470b487b139)] -&gt; xpath: .//word], [[AndroidDriver: chrome on ANDROID (51a5b69d350864e9562a2470b487b139)] -&gt; xpath: .//word], [[AndroidDriver: chrome on ANDROID (51a5b69d350864e9562a2470b487b139)] -&gt; xpath: .//word], [[AndroidDriver: chrome on ANDROID (51a5b69d350864e9562a2470b487b139)] -&gt; xpath: .//word], [[AndroidDriver: chrome on ANDROID (51a5b69d350864e9562a2470b487b139)] -&gt; xpath: .//word], [[AndroidDriver: chrome on ANDROID (51a5b69d350864e9562a2470b487b139)] -&gt; xpath: .//word], [[AndroidDriver: chrome on ANDROID (51a5b69d350864e9562a2470b487b139)] -&gt; xpath: .//word], [[AndroidDriver: chrome on ANDROID (51a5b69d350864e9562a2470b487b139)] -&gt; xpath: .//word], [[AndroidDriver: chrome on ANDROID (51a5b69d350864e9562a2470b487b139)] -&gt; xpath: .//word], [[AndroidDriver: chrome on ANDROID (51a5b69d350864e9562a2470b487b139)] -&gt; xpath: .//word], [[AndroidDriver: chrome on ANDROID (51a5b69d350864e9562a2470b487b139)] -&gt; xpath: .//word], [[AndroidDriver: chrome on ANDROID (51a5b69d350864e9562a2470b487b139)] -&gt; xpath: .//word], [[AndroidDriver: chrome on ANDROID (51a5b69d350864e9562a2470b487b139)] -&gt; xpath: .//word], [[AndroidDriver: chrome on ANDROID (51a5b69d350864e9562a2470b487b139)] -&gt; xpath: .//word], [[AndroidDriver: chrome on ANDROID (51a5b69d350864e9562a2470b487b139)] -&gt; xpath: .//word], [[AndroidDriver: chrome on ANDROID (51a5b69d350864e9562a2470b487b139)] -&gt; xpath: .//word], [[AndroidDriver: chrome on ANDROID (51a5b69d350864e9562a2470b487b139)] -&gt; xpath: .//word], [[AndroidDriver: chrome on ANDROID (51a5b69d350864e9562a2470b487b139)] -&gt; xpath: .//word], [[AndroidDriver: chrome on ANDROID (51a5b69d350864e9562a2470b487b139)] -&gt; xpath: .//word], [[AndroidDriver: chrome on ANDROID (51a5b69d350864e9562a2470b487b139)] -&gt; xpath: .//word], [[AndroidDriver: chrome on ANDROID (51a5b69d350864e9562a2470b487b139)] -&gt; xpath: .//word], [[AndroidDriver: chrome on ANDROID (51a5b69d350864e9562a2470b487b139)] -&gt; xpath: .//word], [[AndroidDriver: chrome on ANDROID (51a5b69d350864e9562a2470b487b139)] -&gt; xpath: .//word]]
Build info: version: &#039;2.52.0&#039;, revision: &#039;4c2593cfc3689a7fcd7be52549167e5ccc93ad28&#039;, time: &#039;2016-02-11 11:22:43&#039;
System info: host: &#039;DLLA1458&#039;, ip: &#039;10.0.22.138&#039;, os.name: &#039;Windows 8.1&#039;, os.arch: &#039;amd64&#039;, os.version: &#039;6.3&#039;, java.version: &#039;1.8.0_91&#039;
Driver info: io.appium.java_client.android.AndroidDriver
Capabilities [{applicationCacheEnabled=false, rotatable=false, mobileEmulationEnabled=false, chrome={}, takesHeapSnapshot=true, databaseEnabled=false, handlesAlerts=true, hasTouchScreen=true, version=51.0.2704.81, platform=ANDROID, browserConnectionEnabled=false, nativeEvents=true, acceptSslCerts=true, locationContextEnabled=true, webStorageEnabled=true, browserName=chrome, takesScreenshot=true, javascriptEnabled=true, cssSelectorsEnabled=true}]
Session ID: 51a5b69d350864e9562a2470b487b139">
      <![CDATA[org.openqa.selenium.TimeoutException: Timed out after 30 seconds waiting for visibility of all [[[AndroidDriver: chrome on ANDROID (51a5b69d350864e9562a2470b487b139)] -> xpath: .//word], [[AndroidDriver: chrome on ANDROID (51a5b69d350864e9562a2470b487b139)] -> xpath: .//word], [[AndroidDriver: chrome on ANDROID (51a5b69d350864e9562a2470b487b139)] -> xpath: .//word], [[AndroidDriver: chrome on ANDROID (51a5b69d350864e9562a2470b487b139)] -> xpath: .//word], [[AndroidDriver: chrome on ANDROID (51a5b69d350864e9562a2470b487b139)] -> xpath: .//word], [[AndroidDriver: chrome on ANDROID (51a5b69d350864e9562a2470b487b139)] -> xpath: .//word], [[AndroidDriver: chrome on ANDROID (51a5b69d350864e9562a2470b487b139)] -> xpath: .//word], [[AndroidDriver: chrome on ANDROID (51a5b69d350864e9562a2470b487b139)] -> xpath: .//word], [[AndroidDriver: chrome on ANDROID (51a5b69d350864e9562a2470b487b139)] -> xpath: .//word], [[AndroidDriver: chrome on ANDROID (51a5b69d350864e9562a2470b487b139)] -> xpath: .//word], [[AndroidDriver: chrome on ANDROID (51a5b69d350864e9562a2470b487b139)] -> xpath: .//word], [[AndroidDriver: chrome on ANDROID (51a5b69d350864e9562a2470b487b139)] -> xpath: .//word], [[AndroidDriver: chrome on ANDROID (51a5b69d350864e9562a2470b487b139)] -> xpath: .//word], [[AndroidDriver: chrome on ANDROID (51a5b69d350864e9562a2470b487b139)] -> xpath: .//word], [[AndroidDriver: chrome on ANDROID (51a5b69d350864e9562a2470b487b139)] -> xpath: .//word], [[AndroidDriver: chrome on ANDROID (51a5b69d350864e9562a2470b487b139)] -> xpath: .//word], [[AndroidDriver: chrome on ANDROID (51a5b69d350864e9562a2470b487b139)] -> xpath: .//word], [[AndroidDriver: chrome on ANDROID (51a5b69d350864e9562a2470b487b139)] -> xpath: .//word], [[AndroidDriver: chrome on ANDROID (51a5b69d350864e9562a2470b487b139)] -> xpath: .//word], [[AndroidDriver: chrome on ANDROID (51a5b69d350864e9562a2470b487b139)] -> xpath: .//word], [[AndroidDriver: chrome on ANDROID (51a5b69d350864e9562a2470b487b139)] -> xpath: .//word], [[AndroidDriver: chrome on ANDROID (51a5b69d350864e9562a2470b487b139)] -> xpath: .//word], [[AndroidDriver: chrome on ANDROID (51a5b69d350864e9562a2470b487b139)] -> xpath: .//word], [[AndroidDriver: chrome on ANDROID (51a5b69d350864e9562a2470b487b139)] -> xpath: .//word], [[AndroidDriver: chrome on ANDROID (51a5b69d350864e9562a2470b487b139)] -> xpath: .//word], [[AndroidDriver: chrome on ANDROID (51a5b69d350864e9562a2470b487b139)] -> xpath: .//word], [[AndroidDriver: chrome on ANDROID (51a5b69d350864e9562a2470b487b139)] -> xpath: .//word], [[AndroidDriver: chrome on ANDROID (51a5b69d350864e9562a2470b487b139)] -> xpath: .//word], [[AndroidDriver: chrome on ANDROID (51a5b69d350864e9562a2470b487b139)] -> xpath: .//word], [[AndroidDriver: chrome on ANDROID (51a5b69d350864e9562a2470b487b139)] -> xpath: .//word], [[AndroidDriver: chrome on ANDROID (51a5b69d350864e9562a2470b487b139)] -> xpath: .//word], [[AndroidDriver: chrome on ANDROID (51a5b69d350864e9562a2470b487b139)] -> xpath: .//word], [[AndroidDriver: chrome on ANDROID (51a5b69d350864e9562a2470b487b139)] -> xpath: .//word], [[AndroidDriver: chrome on ANDROID (51a5b69d350864e9562a2470b487b139)] -> xpath: .//word], [[AndroidDriver: chrome on ANDROID (51a5b69d350864e9562a2470b487b139)] -> xpath: .//word], [[AndroidDriver: chrome on ANDROID (51a5b69d350864e9562a2470b487b139)] -> xpath: .//word], [[AndroidDriver: chrome on ANDROID (51a5b69d350864e9562a2470b487b139)] -> xpath: .//word], [[AndroidDriver: chrome on ANDROID (51a5b69d350864e9562a2470b487b139)] -> xpath: .//word], [[AndroidDriver: chrome on ANDROID (51a5b69d350864e9562a2470b487b139)] -> xpath: .//word], [[AndroidDriver: chrome on ANDROID (51a5b69d350864e9562a2470b487b139)] -> xpath: .//word], [[AndroidDriver: chrome on ANDROID (51a5b69d350864e9562a2470b487b139)] -> xpath: .//word], [[AndroidDriver: chrome on ANDROID (51a5b69d350864e9562a2470b487b139)] -> xpath: .//word], [[AndroidDriver: chrome on ANDROID (51a5b69d350864e9562a2470b487b139)] -> xpath: .//word], [[AndroidDriver: chrome on ANDROID (51a5b69d350864e9562a2470b487b139)] -> xpath: .//word], [[AndroidDriver: chrome on ANDROID (51a5b69d350864e9562a2470b487b139)] -> xpath: .//word], [[AndroidDriver: chrome on ANDROID (51a5b69d350864e9562a2470b487b139)] -> xpath: .//word], [[AndroidDriver: chrome on ANDROID (51a5b69d350864e9562a2470b487b139)] -> xpath: .//word], [[AndroidDriver: chrome on ANDROID (51a5b69d350864e9562a2470b487b139)] -> xpath: .//word], [[AndroidDriver: chrome on ANDROID (51a5b69d350864e9562a2470b487b139)] -> xpath: .//word], [[AndroidDriver: chrome on ANDROID (51a5b69d350864e9562a2470b487b139)] -> xpath: .//word], [[AndroidDriver: chrome on ANDROID (51a5b69d350864e9562a2470b487b139)] -> xpath: .//word], [[AndroidDriver: chrome on ANDROID (51a5b69d350864e9562a2470b487b139)] -> xpath: .//word], [[AndroidDriver: chrome on ANDROID (51a5b69d350864e9562a2470b487b139)] -> xpath: .//word], [[AndroidDriver: chrome on ANDROID (51a5b69d350864e9562a2470b487b139)] -> xpath: .//word], [[AndroidDriver: chrome on ANDROID (51a5b69d350864e9562a2470b487b139)] -> xpath: .//word], [[AndroidDriver: chrome on ANDROID (51a5b69d350864e9562a2470b487b139)] -> xpath: .//word], [[AndroidDriver: chrome on ANDROID (51a5b69d350864e9562a2470b487b139)] -> xpath: .//word], [[AndroidDriver: chrome on ANDROID (51a5b69d350864e9562a2470b487b139)] -> xpath: .//word], [[AndroidDriver: chrome on ANDROID (51a5b69d350864e9562a2470b487b139)] -> xpath: .//word], [[AndroidDriver: chrome on ANDROID (51a5b69d350864e9562a2470b487b139)] -> xpath: .//word], [[AndroidDriver: chrome on ANDROID (51a5b69d350864e9562a2470b487b139)] -> xpath: .//word], [[AndroidDriver: chrome on ANDROID (51a5b69d350864e9562a2470b487b139)] -> xpath: .//word], [[AndroidDriver: chrome on ANDROID (51a5b69d350864e9562a2470b487b139)] -> xpath: .//word], [[AndroidDriver: chrome on ANDROID (51a5b69d350864e9562a2470b487b139)] -> xpath: .//word], [[AndroidDriver: chrome on ANDROID (51a5b69d350864e9562a2470b487b139)] -> xpath: .//word], [[AndroidDriver: chrome on ANDROID (51a5b69d350864e9562a2470b487b139)] -> xpath: .//word], [[AndroidDriver: chrome on ANDROID (51a5b69d350864e9562a2470b487b139)] -> xpath: .//word], [[AndroidDriver: chrome on ANDROID (51a5b69d350864e9562a2470b487b139)] -> xpath: .//word], [[AndroidDriver: chrome on ANDROID (51a5b69d350864e9562a2470b487b139)] -> xpath: .//word], [[AndroidDriver: chrome on ANDROID (51a5b69d350864e9562a2470b487b139)] -> xpath: .//word], [[AndroidDriver: chrome on ANDROID (51a5b69d350864e9562a2470b487b139)] -> xpath: .//word], [[AndroidDriver: chrome on ANDROID (51a5b69d350864e9562a2470b487b139)] -> xpath: .//word], [[AndroidDriver: chrome on ANDROID (51a5b69d350864e9562a2470b487b139)] -> xpath: .//word], [[AndroidDriver: chrome on ANDROID (51a5b69d350864e9562a2470b487b139)] -> xpath: .//word], [[AndroidDriver: chrome on ANDROID (51a5b69d350864e9562a2470b487b139)] -> xpath: .//word], [[AndroidDriver: chrome on ANDROID (51a5b69d350864e9562a2470b487b139)] -> xpath: .//word], [[AndroidDriver: chrome on ANDROID (51a5b69d350864e9562a2470b487b139)] -> xpath: .//word], [[AndroidDriver: chrome on ANDROID (51a5b69d350864e9562a2470b487b139)] -> xpath: .//word], [[AndroidDriver: chrome on ANDROID (51a5b69d350864e9562a2470b487b139)] -> xpath: .//word], [[AndroidDriver: chrome on ANDROID (51a5b69d350864e9562a2470b487b139)] -> xpath: .//word], [[AndroidDriver: chrome on ANDROID (51a5b69d350864e9562a2470b487b139)] -> xpath: .//word], [[AndroidDriver: chrome on ANDROID (51a5b69d350864e9562a2470b487b139)] -> xpath: .//word], [[AndroidDriver: chrome on ANDROID (51a5b69d350864e9562a2470b487b139)] -> xpath: .//word], [[AndroidDriver: chrome on ANDROID (51a5b69d350864e9562a2470b487b139)] -> xpath: .//word], [[AndroidDriver: chrome on ANDROID (51a5b69d350864e9562a2470b487b139)] -> xpath: .//word], [[AndroidDriver: chrome on ANDROID (51a5b69d350864e9562a2470b487b139)] -> xpath: .//word], [[AndroidDriver: chrome on ANDROID (51a5b69d350864e9562a2470b487b139)] -> xpath: .//word], [[AndroidDriver: chrome on ANDROID (51a5b69d350864e9562a2470b487b139)] -> xpath: .//word], [[AndroidDriver: chrome on ANDROID (51a5b69d350864e9562a2470b487b139)] -> xpath: .//word], [[AndroidDriver: chrome on ANDROID (51a5b69d350864e9562a2470b487b139)] -> xpath: .//word], [[AndroidDriver: chrome on ANDROID (51a5b69d350864e9562a2470b487b139)] -> xpath: .//word], [[AndroidDriver: chrome on ANDROID (51a5b69d350864e9562a2470b487b139)] -> xpath: .//word], [[AndroidDriver: chrome on ANDROID (51a5b69d350864e9562a2470b487b139)] -> xpath: .//word], [[AndroidDriver: chrome on ANDROID (51a5b69d350864e9562a2470b487b139)] -> xpath: .//word], [[AndroidDriver: chrome on ANDROID (51a5b69d350864e9562a2470b487b139)] -> xpath: .//word], [[AndroidDriver: chrome on ANDROID (51a5b69d350864e9562a2470b487b139)] -> xpath: .//word], [[AndroidDriver: chrome on ANDROID (51a5b69d350864e9562a2470b487b139)] -> xpath: .//word], [[AndroidDriver: chrome on ANDROID (51a5b69d350864e9562a2470b487b139)] -> xpath: .//word], [[AndroidDriver: chrome on ANDROID (51a5b69d350864e9562a2470b487b139)] -> xpath: .//word], [[AndroidDriver: chrome on ANDROID (51a5b69d350864e9562a2470b487b139)] -> xpath: .//word], [[AndroidDriver: chrome on ANDROID (51a5b69d350864e9562a2470b487b139)] -> xpath: .//word], [[AndroidDriver: chrome on ANDROID (51a5b69d350864e9562a2470b487b139)] -> xpath: .//word], [[AndroidDriver: chrome on ANDROID (51a5b69d350864e9562a2470b487b139)] -> xpath: .//word], [[AndroidDriver: chrome on ANDROID (51a5b69d350864e9562a2470b487b139)] -> xpath: .//word], [[AndroidDriver: chrome on ANDROID (51a5b69d350864e9562a2470b487b139)] -> xpath: .//word], [[AndroidDriver: chrome on ANDROID (51a5b69d350864e9562a2470b487b139)] -> xpath: .//word], [[AndroidDriver: chrome on ANDROID (51a5b69d350864e9562a2470b487b139)] -> xpath: .//word], [[AndroidDriver: chrome on ANDROID (51a5b69d350864e9562a2470b487b139)] -> xpath: .//word], [[AndroidDriver: chrome on ANDROID (51a5b69d350864e9562a2470b487b139)] -> xpath: .//word], [[AndroidDriver: chrome on ANDROID (51a5b69d350864e9562a2470b487b139)] -> xpath: .//word], [[AndroidDriver: chrome on ANDROID (51a5b69d350864e9562a2470b487b139)] -> xpath: .//word], [[AndroidDriver: chrome on ANDROID (51a5b69d350864e9562a2470b487b139)] -> xpath: .//word], [[AndroidDriver: chrome on ANDROID (51a5b69d350864e9562a2470b487b139)] -> xpath: .//word], [[AndroidDriver: chrome on ANDROID (51a5b69d350864e9562a2470b487b139)] -> xpath: .//word], [[AndroidDriver: chrome on ANDROID (51a5b69d350864e9562a2470b487b139)] -> xpath: .//word], [[AndroidDriver: chrome on ANDROID (51a5b69d350864e9562a2470b487b139)] -> xpath: .//word], [[AndroidDriver: chrome on ANDROID (51a5b69d350864e9562a2470b487b139)] -> xpath: .//word], [[AndroidDriver: chrome on ANDROID (51a5b69d350864e9562a2470b487b139)] -> xpath: .//word], [[AndroidDriver: chrome on ANDROID (51a5b69d350864e9562a2470b487b139)] -> xpath: .//word], [[AndroidDriver: chrome on ANDROID (51a5b69d350864e9562a2470b487b139)] -> xpath: .//word], [[AndroidDriver: chrome on ANDROID (51a5b69d350864e9562a2470b487b139)] -> xpath: .//word], [[AndroidDriver: chrome on ANDROID (51a5b69d350864e9562a2470b487b139)] -> xpath: .//word], [[AndroidDriver: chrome on ANDROID (51a5b69d350864e9562a2470b487b139)] -> xpath: .//word], [[AndroidDriver: chrome on ANDROID (51a5b69d350864e9562a2470b487b139)] -> xpath: .//word], [[AndroidDriver: chrome on ANDROID (51a5b69d350864e9562a2470b487b139)] -> xpath: .//word], [[AndroidDriver: chrome on ANDROID (51a5b69d350864e9562a2470b487b139)] -> xpath: .//word], [[AndroidDriver: chrome on ANDROID (51a5b69d350864e9562a2470b487b139)] -> xpath: .//word], [[AndroidDriver: chrome on ANDROID (51a5b69d350864e9562a2470b487b139)] -> xpath: .//word], [[AndroidDriver: chrome on ANDROID (51a5b69d350864e9562a2470b487b139)] -> xpath: .//word], [[AndroidDriver: chrome on ANDROID (51a5b69d350864e9562a2470b487b139)] -> xpath: .//word], [[AndroidDriver: chrome on ANDROID (51a5b69d350864e9562a2470b487b139)] -> xpath: .//word], [[AndroidDriver: chrome on ANDROID (51a5b69d350864e9562a2470b487b139)] -> xpath: .//word], [[AndroidDriver: chrome on ANDROID (51a5b69d350864e9562a2470b487b139)] -> xpath: .//word], [[AndroidDriver: chrome on ANDROID (51a5b69d350864e9562a2470b487b139)] -> xpath: .//word], [[AndroidDriver: chrome on ANDROID (51a5b69d350864e9562a2470b487b139)] -> xpath: .//word], [[AndroidDriver: chrome on ANDROID (51a5b69d350864e9562a2470b487b139)] -> xpath: .//word], [[AndroidDriver: chrome on ANDROID (51a5b69d350864e9562a2470b487b139)] -> xpath: .//word], [[AndroidDriver: chrome on ANDROID (51a5b69d350864e9562a2470b487b139)] -> xpath: .//word], [[AndroidDriver: chrome on ANDROID (51a5b69d350864e9562a2470b487b139)] -> xpath: .//word], [[AndroidDriver: chrome on ANDROID (51a5b69d350864e9562a2470b487b139)] -> xpath: .//word], [[AndroidDriver: chrome on ANDROID (51a5b69d350864e9562a2470b487b139)] -> xpath: .//word], [[AndroidDriver: chrome on ANDROID (51a5b69d350864e9562a2470b487b139)] -> xpath: .//word], [[AndroidDriver: chrome on ANDROID (51a5b69d350864e9562a2470b487b139)] -> xpath: .//word], [[AndroidDriver: chrome on ANDROID (51a5b69d350864e9562a2470b487b139)] -> xpath: .//word], [[AndroidDriver: chrome on ANDROID (51a5b69d350864e9562a2470b487b139)] -> xpath: .//word], [[AndroidDriver: chrome on ANDROID (51a5b69d350864e9562a2470b487b139)] -> xpath: .//word], [[AndroidDriver: chrome on ANDROID (51a5b69d350864e9562a2470b487b139)] -> xpath: .//word], [[AndroidDriver: chrome on ANDROID (51a5b69d350864e9562a2470b487b139)] -> xpath: .//word], [[AndroidDriver: chrome on ANDROID (51a5b69d350864e9562a2470b487b139)] -> xpath: .//word], [[AndroidDriver: chrome on ANDROID (51a5b69d350864e9562a2470b487b139)] -> xpath: .//word], [[AndroidDriver: chrome on ANDROID (51a5b69d350864e9562a2470b487b139)] -> xpath: .//word], [[AndroidDriver: chrome on ANDROID (51a5b69d350864e9562a2470b487b139)] -> xpath: .//word], [[AndroidDriver: chrome on ANDROID (51a5b69d350864e9562a2470b487b139)] -> xpath: .//word], [[AndroidDriver: chrome on ANDROID (51a5b69d350864e9562a2470b487b139)] -> xpath: .//word], [[AndroidDriver: chrome on ANDROID (51a5b69d350864e9562a2470b487b139)] -> xpath: .//word], [[AndroidDriver: chrome on ANDROID (51a5b69d350864e9562a2470b487b139)] -> xpath: .//word], [[AndroidDriver: chrome on ANDROID (51a5b69d350864e9562a2470b487b139)] -> xpath: .//word], [[AndroidDriver: chrome on ANDROID (51a5b69d350864e9562a2470b487b139)] -> xpath: .//word], [[AndroidDriver: chrome on ANDROID (51a5b69d350864e9562a2470b487b139)] -> xpath: .//word], [[AndroidDriver: chrome on ANDROID (51a5b69d350864e9562a2470b487b139)] -> xpath: .//word], [[AndroidDriver: chrome on ANDROID (51a5b69d350864e9562a2470b487b139)] -> xpath: .//word], [[AndroidDriver: chrome on ANDROID (51a5b69d350864e9562a2470b487b139)] -> xpath: .//word], [[AndroidDriver: chrome on ANDROID (51a5b69d350864e9562a2470b487b139)] -> xpath: .//word], [[AndroidDriver: chrome on ANDROID (51a5b69d350864e9562a2470b487b139)] -> xpath: .//word], [[AndroidDriver: chrome on ANDROID (51a5b69d350864e9562a2470b487b139)] -> xpath: .//word], [[AndroidDriver: chrome on ANDROID (51a5b69d350864e9562a2470b487b139)] -> xpath: .//word], [[AndroidDriver: chrome on ANDROID (51a5b69d350864e9562a2470b487b139)] -> xpath: .//word], [[AndroidDriver: chrome on ANDROID (51a5b69d350864e9562a2470b487b139)] -> xpath: .//word], [[AndroidDriver: chrome on ANDROID (51a5b69d350864e9562a2470b487b139)] -> xpath: .//word], [[AndroidDriver: chrome on ANDROID (51a5b69d350864e9562a2470b487b139)] -> xpath: .//word], [[AndroidDriver: chrome on ANDROID (51a5b69d350864e9562a2470b487b139)] -> xpath: .//word], [[AndroidDriver: chrome on ANDROID (51a5b69d350864e9562a2470b487b139)] -> xpath: .//word], [[AndroidDriver: chrome on ANDROID (51a5b69d350864e9562a2470b487b139)] -> xpath: .//word], [[AndroidDriver: chrome on ANDROID (51a5b69d350864e9562a2470b487b139)] -> xpath: .//word], [[AndroidDriver: chrome on ANDROID (51a5b69d350864e9562a2470b487b139)] -> xpath: .//word], [[AndroidDriver: chrome on ANDROID (51a5b69d350864e9562a2470b487b139)] -> xpath: .//word], [[AndroidDriver: chrome on ANDROID (51a5b69d350864e9562a2470b487b139)] -> xpath: .//word], [[AndroidDriver: chrome on ANDROID (51a5b69d350864e9562a2470b487b139)] -> xpath: .//word], [[AndroidDriver: chrome on ANDROID (51a5b69d350864e9562a2470b487b139)] -> xpath: .//word], [[AndroidDriver: chrome on ANDROID (51a5b69d350864e9562a2470b487b139)] -> xpath: .//word], [[AndroidDriver: chrome on ANDROID (51a5b69d350864e9562a2470b487b139)] -> xpath: .//word], [[AndroidDriver: chrome on ANDROID (51a5b69d350864e9562a2470b487b139)] -> xpath: .//word], [[AndroidDriver: chrome on ANDROID (51a5b69d350864e9562a2470b487b139)] -> xpath: .//word], [[AndroidDriver: chrome on ANDROID (51a5b69d350864e9562a2470b487b139)] -> xpath: .//word], [[AndroidDriver: chrome on ANDROID (51a5b69d350864e9562a2470b487b139)] -> xpath: .//word], [[AndroidDriver: chrome on ANDROID (51a5b69d350864e9562a2470b487b139)] -> xpath: .//word], [[AndroidDriver: chrome on ANDROID (51a5b69d350864e9562a2470b487b139)] -> xpath: .//word], [[AndroidDriver: chrome on ANDROID (51a5b69d350864e9562a2470b487b139)] -> xpath: .//word], [[AndroidDriver: chrome on ANDROID (51a5b69d350864e9562a2470b487b139)] -> xpath: .//word], [[AndroidDriver: chrome on ANDROID (51a5b69d350864e9562a2470b487b139)] -> xpath: .//word], [[AndroidDriver: chrome on ANDROID (51a5b69d350864e9562a2470b487b139)] -> xpath: .//word], [[AndroidDriver: chrome on ANDROID (51a5b69d350864e9562a2470b487b139)] -> xpath: .//word], [[AndroidDriver: chrome on ANDROID (51a5b69d350864e9562a2470b487b139)] -> xpath: .//word], [[AndroidDriver: chrome on ANDROID (51a5b69d350864e9562a2470b487b139)] -> xpath: .//word], [[AndroidDriver: chrome on ANDROID (51a5b69d350864e9562a2470b487b139)] -> xpath: .//word], [[AndroidDriver: chrome on ANDROID (51a5b69d350864e9562a2470b487b139)] -> xpath: .//word], [[AndroidDriver: chrome on ANDROID (51a5b69d350864e9562a2470b487b139)] -> xpath: .//word], [[AndroidDriver: chrome on ANDROID (51a5b69d350864e9562a2470b487b139)] -> xpath: .//word], [[AndroidDriver: chrome on ANDROID (51a5b69d350864e9562a2470b487b139)] -> xpath: .//word], [[AndroidDriver: chrome on ANDROID (51a5b69d350864e9562a2470b487b139)] -> xpath: .//word], [[AndroidDriver: chrome on ANDROID (51a5b69d350864e9562a2470b487b139)] -> xpath: .//word], [[AndroidDriver: chrome on ANDROID (51a5b69d350864e9562a2470b487b139)] -> xpath: .//word], [[AndroidDriver: chrome on ANDROID (51a5b69d350864e9562a2470b487b139)] -> xpath: .//word], [[AndroidDriver: chrome on ANDROID (51a5b69d350864e9562a2470b487b139)] -> xpath: .//word], [[AndroidDriver: chrome on ANDROID (51a5b69d350864e9562a2470b487b139)] -> xpath: .//word], [[AndroidDriver: chrome on ANDROID (51a5b69d350864e9562a2470b487b139)] -> xpath: .//word], [[AndroidDriver: chrome on ANDROID (51a5b69d350864e9562a2470b487b139)] -> xpath: .//word], [[AndroidDriver: chrome on ANDROID (51a5b69d350864e9562a2470b487b139)] -> xpath: .//word], [[AndroidDriver: chrome on ANDROID (51a5b69d350864e9562a2470b487b139)] -> xpath: .//word], [[AndroidDriver: chrome on ANDROID (51a5b69d350864e9562a2470b487b139)] -> xpath: .//word], [[AndroidDriver: chrome on ANDROID (51a5b69d350864e9562a2470b487b139)] -> xpath: .//word], [[AndroidDriver: chrome on ANDROID (51a5b69d350864e9562a2470b487b139)] -> xpath: .//word], [[AndroidDriver: chrome on ANDROID (51a5b69d350864e9562a2470b487b139)] -> xpath: .//word], [[AndroidDriver: chrome on ANDROID (51a5b69d350864e9562a2470b487b139)] -> xpath: .//word], [[AndroidDriver: chrome on ANDROID (51a5b69d350864e9562a2470b487b139)] -> xpath: .//word], [[AndroidDriver: chrome on ANDROID (51a5b69d350864e9562a2470b487b139)] -> xpath: .//word], [[AndroidDriver: chrome on ANDROID (51a5b69d350864e9562a2470b487b139)] -> xpath: .//word], [[AndroidDriver: chrome on ANDROID (51a5b69d350864e9562a2470b487b139)] -> xpath: .//word], [[AndroidDriver: chrome on ANDROID (51a5b69d350864e9562a2470b487b139)] -> xpath: .//word], [[AndroidDriver: chrome on ANDROID (51a5b69d350864e9562a2470b487b139)] -> xpath: .//word], [[AndroidDriver: chrome on ANDROID (51a5b69d350864e9562a2470b487b139)] -> xpath: .//word], [[AndroidDriver: chrome on ANDROID (51a5b69d350864e9562a2470b487b139)] -> xpath: .//word], [[AndroidDriver: chrome on ANDROID (51a5b69d350864e9562a2470b487b139)] -> xpath: .//word], [[AndroidDriver: chrome on ANDROID (51a5b69d350864e9562a2470b487b139)] -> xpath: .//word], [[AndroidDriver: chrome on ANDROID (51a5b69d350864e9562a2470b487b139)] -> xpath: .//word], [[AndroidDriver: chrome on ANDROID (51a5b69d350864e9562a2470b487b139)] -> xpath: .//word], [[AndroidDriver: chrome on ANDROID (51a5b69d350864e9562a2470b487b139)] -> xpath: .//word], [[AndroidDriver: chrome on ANDROID (51a5b69d350864e9562a2470b487b139)] -> xpath: .//word], [[AndroidDriver: chrome on ANDROID (51a5b69d350864e9562a2470b487b139)] -> xpath: .//word], [[AndroidDriver: chrome on ANDROID (51a5b69d350864e9562a2470b487b139)] -> xpath: .//word], [[AndroidDriver: chrome on ANDROID (51a5b69d350864e9562a2470b487b139)] -> xpath: .//word], [[AndroidDriver: chrome on ANDROID (51a5b69d350864e9562a2470b487b139)] -> xpath: .//word], [[AndroidDriver: chrome on ANDROID (51a5b69d350864e9562a2470b487b139)] -> xpath: .//word], [[AndroidDriver: chrome on ANDROID (51a5b69d350864e9562a2470b487b139)] -> xpath: .//word], [[AndroidDriver: chrome on ANDROID (51a5b69d350864e9562a2470b487b139)] -> xpath: .//word], [[AndroidDriver: chrome on ANDROID (51a5b69d350864e9562a2470b487b139)] -> xpath: .//word], [[AndroidDriver: chrome on ANDROID (51a5b69d350864e9562a2470b487b139)] -> xpath: .//word], [[AndroidDriver: chrome on ANDROID (51a5b69d350864e9562a2470b487b139)] -> xpath: .//word], [[AndroidDriver: chrome on ANDROID (51a5b69d350864e9562a2470b487b139)] -> xpath: .//word], [[AndroidDriver: chrome on ANDROID (51a5b69d350864e9562a2470b487b139)] -> xpath: .//word], [[AndroidDriver: chrome on ANDROID (51a5b69d350864e9562a2470b487b139)] -> xpath: .//word], [[AndroidDriver: chrome on ANDROID (51a5b69d350864e9562a2470b487b139)] -> xpath: .//word], [[AndroidDriver: chrome on ANDROID (51a5b69d350864e9562a2470b487b139)] -> xpath: .//word], [[AndroidDriver: chrome on ANDROID (51a5b69d350864e9562a2470b487b139)] -> xpath: .//word], [[AndroidDriver: chrome on ANDROID (51a5b69d350864e9562a2470b487b139)] -> xpath: .//word], [[AndroidDriver: chrome on ANDROID (51a5b69d350864e9562a2470b487b139)] -> xpath: .//word], [[AndroidDriver: chrome on ANDROID (51a5b69d350864e9562a2470b487b139)] -> xpath: .//word], [[AndroidDriver: chrome on ANDROID (51a5b69d350864e9562a2470b487b139)] -> xpath: .//word], [[AndroidDriver: chrome on ANDROID (51a5b69d350864e9562a2470b487b139)] -> xpath: .//word], [[AndroidDriver: chrome on ANDROID (51a5b69d350864e9562a2470b487b139)] -> xpath: .//word], [[AndroidDriver: chrome on ANDROID (51a5b69d350864e9562a2470b487b139)] -> xpath: .//word], [[AndroidDriver: chrome on ANDROID (51a5b69d350864e9562a2470b487b139)] -> xpath: .//word], [[AndroidDriver: chrome on ANDROID (51a5b69d350864e9562a2470b487b139)] -> xpath: .//word], [[AndroidDriver: chrome on ANDROID (51a5b69d350864e9562a2470b487b139)] -> xpath: .//word], [[AndroidDriver: chrome on ANDROID (51a5b69d350864e9562a2470b487b139)] -> xpath: .//word], [[AndroidDriver: chrome on ANDROID (51a5b69d350864e9562a2470b487b139)] -> xpath: .//word], [[AndroidDriver: chrome on ANDROID (51a5b69d350864e9562a2470b487b139)] -> xpath: .//word], [[AndroidDriver: chrome on ANDROID (51a5b69d350864e9562a2470b487b139)] -> xpath: .//word], [[AndroidDriver: chrome on ANDROID (51a5b69d350864e9562a2470b487b139)] -> xpath: .//word], [[AndroidDriver: chrome on ANDROID (51a5b69d350864e9562a2470b487b139)] -> xpath: .//word], [[AndroidDriver: chrome on ANDROID (51a5b69d350864e9562a2470b487b139)] -> xpath: .//word], [[AndroidDriver: chrome on ANDROID (51a5b69d350864e9562a2470b487b139)] -> xpath: .//word], [[AndroidDriver: chrome on ANDROID (51a5b69d350864e9562a2470b487b139)] -> xpath: .//word], [[AndroidDriver: chrome on ANDROID (51a5b69d350864e9562a2470b487b139)] -> xpath: .//word], [[AndroidDriver: chrome on ANDROID (51a5b69d350864e9562a2470b487b139)] -> xpath: .//word], [[AndroidDriver: chrome on ANDROID (51a5b69d350864e9562a2470b487b139)] -> xpath: .//word], [[AndroidDriver: chrome on ANDROID (51a5b69d350864e9562a2470b487b139)] -> xpath: .//word], [[AndroidDriver: chrome on ANDROID (51a5b69d350864e9562a2470b487b139)] -> xpath: .//word], [[AndroidDriver: chrome on ANDROID (51a5b69d350864e9562a2470b487b139)] -> xpath: .//word], [[AndroidDriver: chrome on ANDROID (51a5b69d350864e9562a2470b487b139)] -> xpath: .//word], [[AndroidDriver: chrome on ANDROID (51a5b69d350864e9562a2470b487b139)] -> xpath: .//word], [[AndroidDriver: chrome on ANDROID (51a5b69d350864e9562a2470b487b139)] -> xpath: .//word], [[AndroidDriver: chrome on ANDROID (51a5b69d350864e9562a2470b487b139)] -> xpath: .//word], [[AndroidDriver: chrome on ANDROID (51a5b69d350864e9562a2470b487b139)] -> xpath: .//word], [[AndroidDriver: chrome on ANDROID (51a5b69d350864e9562a2470b487b139)] -> xpath: .//word], [[AndroidDriver: chrome on ANDROID (51a5b69d350864e9562a2470b487b139)] -> xpath: .//word], [[AndroidDriver: chrome on ANDROID (51a5b69d350864e9562a2470b487b139)] -> xpath: .//word], [[AndroidDriver: chrome on ANDROID (51a5b69d350864e9562a2470b487b139)] -> xpath: .//word], [[AndroidDriver: chrome on ANDROID (51a5b69d350864e9562a2470b487b139)] -> xpath: .//word], [[AndroidDriver: chrome on ANDROID (51a5b69d350864e9562a2470b487b139)] -> xpath: .//word], [[AndroidDriver: chrome on ANDROID (51a5b69d350864e9562a2470b487b139)] -> xpath: .//word], [[AndroidDriver: chrome on ANDROID (51a5b69d350864e9562a2470b487b139)] -> xpath: .//word], [[AndroidDriver: chrome on ANDROID (51a5b69d350864e9562a2470b487b139)] -> xpath: .//word], [[AndroidDriver: chrome on ANDROID (51a5b69d350864e9562a2470b487b139)] -> xpath: .//word], [[AndroidDriver: chrome on ANDROID (51a5b69d350864e9562a2470b487b139)] -> xpath: .//word], [[AndroidDriver: chrome on ANDROID (51a5b69d350864e9562a2470b487b139)] -> xpath: .//word], [[AndroidDriver: chrome on ANDROID (51a5b69d350864e9562a2470b487b139)] -> xpath: .//word], [[AndroidDriver: chrome on ANDROID (51a5b69d350864e9562a2470b487b139)] -> xpath: .//word], [[AndroidDriver: chrome on ANDROID (51a5b69d350864e9562a2470b487b139)] -> xpath: .//word], [[AndroidDriver: chrome on ANDROID (51a5b69d350864e9562a2470b487b139)] -> xpath: .//word], [[AndroidDriver: chrome on ANDROID (51a5b69d350864e9562a2470b487b139)] -> xpath: .//word], [[AndroidDriver: chrome on ANDROID (51a5b69d350864e9562a2470b487b139)] -> xpath: .//word], [[AndroidDriver: chrome on ANDROID (51a5b69d350864e9562a2470b487b139)] -> xpath: .//word], [[AndroidDriver: chrome on ANDROID (51a5b69d350864e9562a2470b487b139)] -> xpath: .//word], [[AndroidDriver: chrome on ANDROID (51a5b69d350864e9562a2470b487b139)] -> xpath: .//word], [[AndroidDriver: chrome on ANDROID (51a5b69d350864e9562a2470b487b139)] -> xpath: .//word], [[AndroidDriver: chrome on ANDROID (51a5b69d350864e9562a2470b487b139)] -> xpath: .//word], [[AndroidDriver: chrome on ANDROID (51a5b69d350864e9562a2470b487b139)] -> xpath: .//word], [[AndroidDriver: chrome on ANDROID (51a5b69d350864e9562a2470b487b139)] -> xpath: .//word], [[AndroidDriver: chrome on ANDROID (51a5b69d350864e9562a2470b487b139)] -> xpath: .//word], [[AndroidDriver: chrome on ANDROID (51a5b69d350864e9562a2470b487b139)] -> xpath: .//word], [[AndroidDriver: chrome on ANDROID (51a5b69d350864e9562a2470b487b139)] -> xpath: .//word], [[AndroidDriver: chrome on ANDROID (51a5b69d350864e9562a2470b487b139)] -> xpath: .//word], [[AndroidDriver: chrome on ANDROID (51a5b69d350864e9562a2470b487b139)] -> xpath: .//word], [[AndroidDriver: chrome on ANDROID (51a5b69d350864e9562a2470b487b139)] -> xpath: .//word], [[AndroidDriver: chrome on ANDROID (51a5b69d350864e9562a2470b487b139)] -> xpath: .//word], [[AndroidDriver: chrome on ANDROID (51a5b69d350864e9562a2470b487b139)] -> xpath: .//word], [[AndroidDriver: chrome on ANDROID (51a5b69d350864e9562a2470b487b139)] -> xpath: .//word], [[AndroidDriver: chrome on ANDROID (51a5b69d350864e9562a2470b487b139)] -> xpath: .//word], [[AndroidDriver: chrome on ANDROID (51a5b69d350864e9562a2470b487b139)] -> xpath: .//word], [[AndroidDriver: chrome on ANDROID (51a5b69d350864e9562a2470b487b139)] -> xpath: .//word], [[AndroidDriver: chrome on ANDROID (51a5b69d350864e9562a2470b487b139)] -> xpath: .//word], [[AndroidDriver: chrome on ANDROID (51a5b69d350864e9562a2470b487b139)] -> xpath: .//word], [[AndroidDriver: chrome on ANDROID (51a5b69d350864e9562a2470b487b139)] -> xpath: .//word], [[AndroidDriver: chrome on ANDROID (51a5b69d350864e9562a2470b487b139)] -> xpath: .//word], [[AndroidDriver: chrome on ANDROID (51a5b69d350864e9562a2470b487b139)] -> xpath: .//word], [[AndroidDriver: chrome on ANDROID (51a5b69d350864e9562a2470b487b139)] -> xpath: .//word], [[AndroidDriver: chrome on ANDROID (51a5b69d350864e9562a2470b487b139)] -> xpath: .//word], [[AndroidDriver: chrome on ANDROID (51a5b69d350864e9562a2470b487b139)] -> xpath: .//word], [[AndroidDriver: chrome on ANDROID (51a5b69d350864e9562a2470b487b139)] -> xpath: .//word], [[AndroidDriver: chrome on ANDROID (51a5b69d350864e9562a2470b487b139)] -> xpath: .//word], [[AndroidDriver: chrome on ANDROID (51a5b69d350864e9562a2470b487b139)] -> xpath: .//word], [[AndroidDriver: chrome on ANDROID (51a5b69d350864e9562a2470b487b139)] -> xpath: .//word], [[AndroidDriver: chrome on ANDROID (51a5b69d350864e9562a2470b487b139)] -> xpath: .//word], [[AndroidDriver: chrome on ANDROID (51a5b69d350864e9562a2470b487b139)] -> xpath: .//word], [[AndroidDriver: chrome on ANDROID (51a5b69d350864e9562a2470b487b139)] -> xpath: .//word], [[AndroidDriver: chrome on ANDROID (51a5b69d350864e9562a2470b487b139)] -> xpath: .//word], [[AndroidDriver: chrome on ANDROID (51a5b69d350864e9562a2470b487b139)] -> xpath: .//word], [[AndroidDriver: chrome on ANDROID (51a5b69d350864e9562a2470b487b139)] -> xpath: .//word], [[AndroidDriver: chrome on ANDROID (51a5b69d350864e9562a2470b487b139)] -> xpath: .//word], [[AndroidDriver: chrome on ANDROID (51a5b69d350864e9562a2470b487b139)] -> xpath: .//word], [[AndroidDriver: chrome on ANDROID (51a5b69d350864e9562a2470b487b139)] -> xpath: .//word], [[AndroidDriver: chrome on ANDROID (51a5b69d350864e9562a2470b487b139)] -> xpath: .//word], [[AndroidDriver: chrome on ANDROID (51a5b69d350864e9562a2470b487b139)] -> xpath: .//word], [[AndroidDriver: chrome on ANDROID (51a5b69d350864e9562a2470b487b139)] -> xpath: .//word], [[AndroidDriver: chrome on ANDROID (51a5b69d350864e9562a2470b487b139)] -> xpath: .//word], [[AndroidDriver: chrome on ANDROID (51a5b69d350864e9562a2470b487b139)] -> xpath: .//word], [[AndroidDriver: chrome on ANDROID (51a5b69d350864e9562a2470b487b139)] -> xpath: .//word], [[AndroidDriver: chrome on ANDROID (51a5b69d350864e9562a2470b487b139)] -> xpath: .//word], [[AndroidDriver: chrome on ANDROID (51a5b69d350864e9562a2470b487b139)] -> xpath: .//word], [[AndroidDriver: chrome on ANDROID (51a5b69d350864e9562a2470b487b139)] -> xpath: .//word], [[AndroidDriver: chrome on ANDROID (51a5b69d350864e9562a2470b487b139)] -> xpath: .//word], [[AndroidDriver: chrome on ANDROID (51a5b69d350864e9562a2470b487b139)] -> xpath: .//word], [[AndroidDriver: chrome on ANDROID (51a5b69d350864e9562a2470b487b139)] -> xpath: .//word], [[AndroidDriver: chrome on ANDROID (51a5b69d350864e9562a2470b487b139)] -> xpath: .//word], [[AndroidDriver: chrome on ANDROID (51a5b69d350864e9562a2470b487b139)] -> xpath: .//word], [[AndroidDriver: chrome on ANDROID (51a5b69d350864e9562a2470b487b139)] -> xpath: .//word], [[AndroidDriver: chrome on ANDROID (51a5b69d350864e9562a2470b487b139)] -> xpath: .//word], [[AndroidDriver: chrome on ANDROID (51a5b69d350864e9562a2470b487b139)] -> xpath: .//word], [[AndroidDriver: chrome on ANDROID (51a5b69d350864e9562a2470b487b139)] -> xpath: .//word], [[AndroidDriver: chrome on ANDROID (51a5b69d350864e9562a2470b487b139)] -> xpath: .//word], [[AndroidDriver: chrome on ANDROID (51a5b69d350864e9562a2470b487b139)] -> xpath: .//word], [[AndroidDriver: chrome on ANDROID (51a5b69d350864e9562a2470b487b139)] -> xpath: .//word], [[AndroidDriver: chrome on ANDROID (51a5b69d350864e9562a2470b487b139)] -> xpath: .//word], [[AndroidDriver: chrome on ANDROID (51a5b69d350864e9562a2470b487b139)] -> xpath: .//word], [[AndroidDriver: chrome on ANDROID (51a5b69d350864e9562a2470b487b139)] -> xpath: .//word], [[AndroidDriver: chrome on ANDROID (51a5b69d350864e9562a2470b487b139)] -> xpath: .//word], [[AndroidDriver: chrome on ANDROID (51a5b69d350864e9562a2470b487b139)] -> xpath: .//word], [[AndroidDriver: chrome on ANDROID (51a5b69d350864e9562a2470b487b139)] -> xpath: .//word], [[AndroidDriver: chrome on ANDROID (51a5b69d350864e9562a2470b487b139)] -> xpath: .//word], [[AndroidDriver: chrome on ANDROID (51a5b69d350864e9562a2470b487b139)] -> xpath: .//word], [[AndroidDriver: chrome on ANDROID (51a5b69d350864e9562a2470b487b139)] -> xpath: .//word], [[AndroidDriver: chrome on ANDROID (51a5b69d350864e9562a2470b487b139)] -> xpath: .//word], [[AndroidDriver: chrome on ANDROID (51a5b69d350864e9562a2470b487b139)] -> xpath: .//word], [[AndroidDriver: chrome on ANDROID (51a5b69d350864e9562a2470b487b139)] -> xpath: .//word], [[AndroidDriver: chrome on ANDROID (51a5b69d350864e9562a2470b487b139)] -> xpath: .//word], [[AndroidDriver: chrome on ANDROID (51a5b69d350864e9562a2470b487b139)] -> xpath: .//word], [[AndroidDriver: chrome on ANDROID (51a5b69d350864e9562a2470b487b139)] -> xpath: .//word], [[AndroidDriver: chrome on ANDROID (51a5b69d350864e9562a2470b487b139)] -> xpath: .//word], [[AndroidDriver: chrome on ANDROID (51a5b69d350864e9562a2470b487b139)] -> xpath: .//word], [[AndroidDriver: chrome on ANDROID (51a5b69d350864e9562a2470b487b139)] -> xpath: .//word], [[AndroidDriver: chrome on ANDROID (51a5b69d350864e9562a2470b487b139)] -> xpath: .//word], [[AndroidDriver: chrome on ANDROID (51a5b69d350864e9562a2470b487b139)] -> xpath: .//word], [[AndroidDriver: chrome on ANDROID (51a5b69d350864e9562a2470b487b139)] -> xpath: .//word], [[AndroidDriver: chrome on ANDROID (51a5b69d350864e9562a2470b487b139)] -> xpath: .//word], [[AndroidDriver: chrome on ANDROID (51a5b69d350864e9562a2470b487b139)] -> xpath: .//word], [[AndroidDriver: chrome on ANDROID (51a5b69d350864e9562a2470b487b139)] -> xpath: .//word], [[AndroidDriver: chrome on ANDROID (51a5b69d350864e9562a2470b487b139)] -> xpath: .//word], [[AndroidDriver: chrome on ANDROID (51a5b69d350864e9562a2470b487b139)] -> xpath: .//word], [[AndroidDriver: chrome on ANDROID (51a5b69d350864e9562a2470b487b139)] -> xpath: .//word], [[AndroidDriver: chrome on ANDROID (51a5b69d350864e9562a2470b487b139)] -> xpath: .//word], [[AndroidDriver: chrome on ANDROID (51a5b69d350864e9562a2470b487b139)] -> xpath: .//word], [[AndroidDriver: chrome on ANDROID (51a5b69d350864e9562a2470b487b139)] -> xpath: .//word], [[AndroidDriver: chrome on ANDROID (51a5b69d350864e9562a2470b487b139)] -> xpath: .//word], [[AndroidDriver: chrome on ANDROID (51a5b69d350864e9562a2470b487b139)] -> xpath: .//word], [[AndroidDriver: chrome on ANDROID (51a5b69d350864e9562a2470b487b139)] -> xpath: .//word], [[AndroidDriver: chrome on ANDROID (51a5b69d350864e9562a2470b487b139)] -> xpath: .//word], [[AndroidDriver: chrome on ANDROID (51a5b69d350864e9562a2470b487b139)] -> xpath: .//word], [[AndroidDriver: chrome on ANDROID (51a5b69d350864e9562a2470b487b139)] -> xpath: .//word], [[AndroidDriver: chrome on ANDROID (51a5b69d350864e9562a2470b487b139)] -> xpath: .//word], [[AndroidDriver: chrome on ANDROID (51a5b69d350864e9562a2470b487b139)] -> xpath: .//word], [[AndroidDriver: chrome on ANDROID (51a5b69d350864e9562a2470b487b139)] -> xpath: .//word], [[AndroidDriver: chrome on ANDROID (51a5b69d350864e9562a2470b487b139)] -> xpath: .//word], [[AndroidDriver: chrome on ANDROID (51a5b69d350864e9562a2470b487b139)] -> xpath: .//word], [[AndroidDriver: chrome on ANDROID (51a5b69d350864e9562a2470b487b139)] -> xpath: .//word], [[AndroidDriver: chrome on ANDROID (51a5b69d350864e9562a2470b487b139)] -> xpath: .//word], [[AndroidDriver: chrome on ANDROID (51a5b69d350864e9562a2470b487b139)] -> xpath: .//word], [[AndroidDriver: chrome on ANDROID (51a5b69d350864e9562a2470b487b139)] -> xpath: .//word], [[AndroidDriver: chrome on ANDROID (51a5b69d350864e9562a2470b487b139)] -> xpath: .//word], [[AndroidDriver: chrome on ANDROID (51a5b69d350864e9562a2470b487b139)] -> xpath: .//word], [[AndroidDriver: chrome on ANDROID (51a5b69d350864e9562a2470b487b139)] -> xpath: .//word], [[AndroidDriver: chrome on ANDROID (51a5b69d350864e9562a2470b487b139)] -> xpath: .//word], [[AndroidDriver: chrome on ANDROID (51a5b69d350864e9562a2470b487b139)] -> xpath: .//word], [[AndroidDriver: chrome on ANDROID (51a5b69d350864e9562a2470b487b139)] -> xpath: .//word], [[AndroidDriver: chrome on ANDROID (51a5b69d350864e9562a2470b487b139)] -> xpath: .//word], [[AndroidDriver: chrome on ANDROID (51a5b69d350864e9562a2470b487b139)] -> xpath: .//word], [[AndroidDriver: chrome on ANDROID (51a5b69d350864e9562a2470b487b139)] -> xpath: .//word], [[AndroidDriver: chrome on ANDROID (51a5b69d350864e9562a2470b487b139)] -> xpath: .//word], [[AndroidDriver: chrome on ANDROID (51a5b69d350864e9562a2470b487b139)] -> xpath: .//word], [[AndroidDriver: chrome on ANDROID (51a5b69d350864e9562a2470b487b139)] -> xpath: .//word], [[AndroidDriver: chrome on ANDROID (51a5b69d350864e9562a2470b487b139)] -> xpath: .//word], [[AndroidDriver: chrome on ANDROID (51a5b69d350864e9562a2470b487b139)] -> xpath: .//word], [[AndroidDriver: chrome on ANDROID (51a5b69d350864e9562a2470b487b139)] -> xpath: .//word], [[AndroidDriver: chrome on ANDROID (51a5b69d350864e9562a2470b487b139)] -> xpath: .//word], [[AndroidDriver: chrome on ANDROID (51a5b69d350864e9562a2470b487b139)] -> xpath: .//word], [[AndroidDriver: chrome on ANDROID (51a5b69d350864e9562a2470b487b139)] -> xpath: .//word], [[AndroidDriver: chrome on ANDROID (51a5b69d350864e9562a2470b487b139)] -> xpath: .//word], [[AndroidDriver: chrome on ANDROID (51a5b69d350864e9562a2470b487b139)] -> xpath: .//word], [[AndroidDriver: chrome on ANDROID (51a5b69d350864e9562a2470b487b139)] -> xpath: .//word], [[AndroidDriver: chrome on ANDROID (51a5b69d350864e9562a2470b487b139)] -> xpath: .//word], [[AndroidDriver: chrome on ANDROID (51a5b69d350864e9562a2470b487b139)] -> xpath: .//word], [[AndroidDriver: chrome on ANDROID (51a5b69d350864e9562a2470b487b139)] -> xpath: .//word], [[AndroidDriver: chrome on ANDROID (51a5b69d350864e9562a2470b487b139)] -> xpath: .//word], [[AndroidDriver: chrome on ANDROID (51a5b69d350864e9562a2470b487b139)] -> xpath: .//word], [[AndroidDriver: chrome on ANDROID (51a5b69d350864e9562a2470b487b139)] -> xpath: .//word], [[AndroidDriver: chrome on ANDROID (51a5b69d350864e9562a2470b487b139)] -> xpath: .//word], [[AndroidDriver: chrome on ANDROID (51a5b69d350864e9562a2470b487b139)] -> xpath: .//word], [[AndroidDriver: chrome on ANDROID (51a5b69d350864e9562a2470b487b139)] -> xpath: .//word], [[AndroidDriver: chrome on ANDROID (51a5b69d350864e9562a2470b487b139)] -> xpath: .//word], [[AndroidDriver: chrome on ANDROID (51a5b69d350864e9562a2470b487b139)] -> xpath: .//word], [[AndroidDriver: chrome on ANDROID (51a5b69d350864e9562a2470b487b139)] -> xpath: .//word], [[AndroidDriver: chrome on ANDROID (51a5b69d350864e9562a2470b487b139)] -> xpath: .//word], [[AndroidDriver: chrome on ANDROID (51a5b69d350864e9562a2470b487b139)] -> xpath: .//word], [[AndroidDriver: chrome on ANDROID (51a5b69d350864e9562a2470b487b139)] -> xpath: .//word], [[AndroidDriver: chrome on ANDROID (51a5b69d350864e9562a2470b487b139)] -> xpath: .//word], [[AndroidDriver: chrome on ANDROID (51a5b69d350864e9562a2470b487b139)] -> xpath: .//word], [[AndroidDriver: chrome on ANDROID (51a5b69d350864e9562a2470b487b139)] -> xpath: .//word], [[AndroidDriver: chrome on ANDROID (51a5b69d350864e9562a2470b487b139)] -> xpath: .//word], [[AndroidDriver: chrome on ANDROID (51a5b69d350864e9562a2470b487b139)] -> xpath: .//word], [[AndroidDriver: chrome on ANDROID (51a5b69d350864e9562a2470b487b139)] -> xpath: .//word], [[AndroidDriver: chrome on ANDROID (51a5b69d350864e9562a2470b487b139)] -> xpath: .//word], [[AndroidDriver: chrome on ANDROID (51a5b69d350864e9562a2470b487b139)] -> xpath: .//word], [[AndroidDriver: chrome on ANDROID (51a5b69d350864e9562a2470b487b139)] -> xpath: .//word], [[AndroidDriver: chrome on ANDROID (51a5b69d350864e9562a2470b487b139)] -> xpath: .//word], [[AndroidDriver: chrome on ANDROID (51a5b69d350864e9562a2470b487b139)] -> xpath: .//word], [[AndroidDriver: chrome on ANDROID (51a5b69d350864e9562a2470b487b139)] -> xpath: .//word], [[AndroidDriver: chrome on ANDROID (51a5b69d350864e9562a2470b487b139)] -> xpath: .//word], [[AndroidDriver: chrome on ANDROID (51a5b69d350864e9562a2470b487b139)] -> xpath: .//word], [[AndroidDriver: chrome on ANDROID (51a5b69d350864e9562a2470b487b139)] -> xpath: .//word], [[AndroidDriver: chrome on ANDROID (51a5b69d350864e9562a2470b487b139)] -> xpath: .//word], [[AndroidDriver: chrome on ANDROID (51a5b69d350864e9562a2470b487b139)] -> xpath: .//word], [[AndroidDriver: chrome on ANDROID (51a5b69d350864e9562a2470b487b139)] -> xpath: .//word], [[AndroidDriver: chrome on ANDROID (51a5b69d350864e9562a2470b487b139)] -> xpath: .//word], [[AndroidDriver: chrome on ANDROID (51a5b69d350864e9562a2470b487b139)] -> xpath: .//word], [[AndroidDriver: chrome on ANDROID (51a5b69d350864e9562a2470b487b139)] -> xpath: .//word], [[AndroidDriver: chrome on ANDROID (51a5b69d350864e9562a2470b487b139)] -> xpath: .//word], [[AndroidDriver: chrome on ANDROID (51a5b69d350864e9562a2470b487b139)] -> xpath: .//word], [[AndroidDriver: chrome on ANDROID (51a5b69d350864e9562a2470b487b139)] -> xpath: .//word], [[AndroidDriver: chrome on ANDROID (51a5b69d350864e9562a2470b487b139)] -> xpath: .//word], [[AndroidDriver: chrome on ANDROID (51a5b69d350864e9562a2470b487b139)] -> xpath: .//word], [[AndroidDriver: chrome on ANDROID (51a5b69d350864e9562a2470b487b139)] -> xpath: .//word], [[AndroidDriver: chrome on ANDROID (51a5b69d350864e9562a2470b487b139)] -> xpath: .//word], [[AndroidDriver: chrome on ANDROID (51a5b69d350864e9562a2470b487b139)] -> xpath: .//word], [[AndroidDriver: chrome on ANDROID (51a5b69d350864e9562a2470b487b139)] -> xpath: .//word], [[AndroidDriver: chrome on ANDROID (51a5b69d350864e9562a2470b487b139)] -> xpath: .//word], [[AndroidDriver: chrome on ANDROID (51a5b69d350864e9562a2470b487b139)] -> xpath: .//word], [[AndroidDriver: chrome on ANDROID (51a5b69d350864e9562a2470b487b139)] -> xpath: .//word], [[AndroidDriver: chrome on ANDROID (51a5b69d350864e9562a2470b487b139)] -> xpath: .//word], [[AndroidDriver: chrome on ANDROID (51a5b69d350864e9562a2470b487b139)] -> xpath: .//word], [[AndroidDriver: chrome on ANDROID (51a5b69d350864e9562a2470b487b139)] -> xpath: .//word], [[AndroidDriver: chrome on ANDROID (51a5b69d350864e9562a2470b487b139)] -> xpath: .//word], [[AndroidDriver: chrome on ANDROID (51a5b69d350864e9562a2470b487b139)] -> xpath: .//word], [[AndroidDriver: chrome on ANDROID (51a5b69d350864e9562a2470b487b139)] -> xpath: .//word], [[AndroidDriver: chrome on ANDROID (51a5b69d350864e9562a2470b487b139)] -> xpath: .//word], [[AndroidDriver: chrome on ANDROID (51a5b69d350864e9562a2470b487b139)] -> xpath: .//word], [[AndroidDriver: chrome on ANDROID (51a5b69d350864e9562a2470b487b139)] -> xpath: .//word], [[AndroidDriver: chrome on ANDROID (51a5b69d350864e9562a2470b487b139)] -> xpath: .//word], [[AndroidDriver: chrome on ANDROID (51a5b69d350864e9562a2470b487b139)] -> xpath: .//word], [[AndroidDriver: chrome on ANDROID (51a5b69d350864e9562a2470b487b139)] -> xpath: .//word], [[AndroidDriver: chrome on ANDROID (51a5b69d350864e9562a2470b487b139)] -> xpath: .//word], [[AndroidDriver: chrome on ANDROID (51a5b69d350864e9562a2470b487b139)] -> xpath: .//word], [[AndroidDriver: chrome on ANDROID (51a5b69d350864e9562a2470b487b139)] -> xpath: .//word], [[AndroidDriver: chrome on ANDROID (51a5b69d350864e9562a2470b487b139)] -> xpath: .//word], [[AndroidDriver: chrome on ANDROID (51a5b69d350864e9562a2470b487b139)] -> xpath: .//word], [[AndroidDriver: chrome on ANDROID (51a5b69d350864e9562a2470b487b139)] -> xpath: .//word], [[AndroidDriver: chrome on ANDROID (51a5b69d350864e9562a2470b487b139)] -> xpath: .//word], [[AndroidDriver: chrome on ANDROID (51a5b69d350864e9562a2470b487b139)] -> xpath: .//word], [[AndroidDriver: chrome on ANDROID (51a5b69d350864e9562a2470b487b139)] -> xpath: .//word], [[AndroidDriver: chrome on ANDROID (51a5b69d350864e9562a2470b487b139)] -> xpath: .//word], [[AndroidDriver: chrome on ANDROID (51a5b69d350864e9562a2470b487b139)] -> xpath: .//word], [[AndroidDriver: chrome on ANDROID (51a5b69d350864e9562a2470b487b139)] -> xpath: .//word], [[AndroidDriver: chrome on ANDROID (51a5b69d350864e9562a2470b487b139)] -> xpath: .//word], [[AndroidDriver: chrome on ANDROID (51a5b69d350864e9562a2470b487b139)] -> xpath: .//word], [[AndroidDriver: chrome on ANDROID (51a5b69d350864e9562a2470b487b139)] -> xpath: .//word], [[AndroidDriver: chrome on ANDROID (51a5b69d350864e9562a2470b487b139)] -> xpath: .//word], [[AndroidDriver: chrome on ANDROID (51a5b69d350864e9562a2470b487b139)] -> xpath: .//word], [[AndroidDriver: chrome on ANDROID (51a5b69d350864e9562a2470b487b139)] -> xpath: .//word], [[AndroidDriver: chrome on ANDROID (51a5b69d350864e9562a2470b487b139)] -> xpath: .//word], [[AndroidDriver: chrome on ANDROID (51a5b69d350864e9562a2470b487b139)] -> xpath: .//word], [[AndroidDriver: chrome on ANDROID (51a5b69d350864e9562a2470b487b139)] -> xpath: .//word], [[AndroidDriver: chrome on ANDROID (51a5b69d350864e9562a2470b487b139)] -> xpath: .//word], [[AndroidDriver: chrome on ANDROID (51a5b69d350864e9562a2470b487b139)] -> xpath: .//word], [[AndroidDriver: chrome on ANDROID (51a5b69d350864e9562a2470b487b139)] -> xpath: .//word], [[AndroidDriver: chrome on ANDROID (51a5b69d350864e9562a2470b487b139)] -> xpath: .//word], [[AndroidDriver: chrome on ANDROID (51a5b69d350864e9562a2470b487b139)] -> xpath: .//word], [[AndroidDriver: chrome on ANDROID (51a5b69d350864e9562a2470b487b139)] -> xpath: .//word], [[AndroidDriver: chrome on ANDROID (51a5b69d350864e9562a2470b487b139)] -> xpath: .//word], [[AndroidDriver: chrome on ANDROID (51a5b69d350864e9562a2470b487b139)] -> xpath: .//word], [[AndroidDriver: chrome on ANDROID (51a5b69d350864e9562a2470b487b139)] -> xpath: .//word], [[AndroidDriver: chrome on ANDROID (51a5b69d350864e9562a2470b487b139)] -> xpath: .//word], [[AndroidDriver: chrome on ANDROID (51a5b69d350864e9562a2470b487b139)] -> xpath: .//word], [[AndroidDriver: chrome on ANDROID (51a5b69d350864e9562a2470b487b139)] -> xpath: .//word], [[AndroidDriver: chrome on ANDROID (51a5b69d350864e9562a2470b487b139)] -> xpath: .//word], [[AndroidDriver: chrome on ANDROID (51a5b69d350864e9562a2470b487b139)] -> xpath: .//word], [[AndroidDriver: chrome on ANDROID (51a5b69d350864e9562a2470b487b139)] -> xpath: .//word], [[AndroidDriver: chrome on ANDROID (51a5b69d350864e9562a2470b487b139)] -> xpath: .//word], [[AndroidDriver: chrome on ANDROID (51a5b69d350864e9562a2470b487b139)] -> xpath: .//word], [[AndroidDriver: chrome on ANDROID (51a5b69d350864e9562a2470b487b139)] -> xpath: .//word], [[AndroidDriver: chrome on ANDROID (51a5b69d350864e9562a2470b487b139)] -> xpath: .//word], [[AndroidDriver: chrome on ANDROID (51a5b69d350864e9562a2470b487b139)] -> xpath: .//word], [[AndroidDriver: chrome on ANDROID (51a5b69d350864e9562a2470b487b139)] -> xpath: .//word], [[AndroidDriver: chrome on ANDROID (51a5b69d350864e9562a2470b487b139)] -> xpath: .//word], [[AndroidDriver: chrome on ANDROID (51a5b69d350864e9562a2470b487b139)] -> xpath: .//word], [[AndroidDriver: chrome on ANDROID (51a5b69d350864e9562a2470b487b139)] -> xpath: .//word], [[AndroidDriver: chrome on ANDROID (51a5b69d350864e9562a2470b487b139)] -> xpath: .//word], [[AndroidDriver: chrome on ANDROID (51a5b69d350864e9562a2470b487b139)] -> xpath: .//word], [[AndroidDriver: chrome on ANDROID (51a5b69d350864e9562a2470b487b139)] -> xpath: .//word], [[AndroidDriver: chrome on ANDROID (51a5b69d350864e9562a2470b487b139)] -> xpath: .//word], [[AndroidDriver: chrome on ANDROID (51a5b69d350864e9562a2470b487b139)] -> xpath: .//word], [[AndroidDriver: chrome on ANDROID (51a5b69d350864e9562a2470b487b139)] -> xpath: .//word], [[AndroidDriver: chrome on ANDROID (51a5b69d350864e9562a2470b487b139)] -> xpath: .//word], [[AndroidDriver: chrome on ANDROID (51a5b69d350864e9562a2470b487b139)] -> xpath: .//word], [[AndroidDriver: chrome on ANDROID (51a5b69d350864e9562a2470b487b139)] -> xpath: .//word], [[AndroidDriver: chrome on ANDROID (51a5b69d350864e9562a2470b487b139)] -> xpath: .//word], [[AndroidDriver: chrome on ANDROID (51a5b69d350864e9562a2470b487b139)] -> xpath: .//word], [[AndroidDriver: chrome on ANDROID (51a5b69d350864e9562a2470b487b139)] -> xpath: .//word], [[AndroidDriver: chrome on ANDROID (51a5b69d350864e9562a2470b487b139)] -> xpath: .//word], [[AndroidDriver: chrome on ANDROID (51a5b69d350864e9562a2470b487b139)] -> xpath: .//word], [[AndroidDriver: chrome on ANDROID (51a5b69d350864e9562a2470b487b139)] -> xpath: .//word], [[AndroidDriver: chrome on ANDROID (51a5b69d350864e9562a2470b487b139)] -> xpath: .//word], [[AndroidDriver: chrome on ANDROID (51a5b69d350864e9562a2470b487b139)] -> xpath: .//word], [[AndroidDriver: chrome on ANDROID (51a5b69d350864e9562a2470b487b139)] -> xpath: .//word], [[AndroidDriver: chrome on ANDROID (51a5b69d350864e9562a2470b487b139)] -> xpath: .//word], [[AndroidDriver: chrome on ANDROID (51a5b69d350864e9562a2470b487b139)] -> xpath: .//word], [[AndroidDriver: chrome on ANDROID (51a5b69d350864e9562a2470b487b139)] -> xpath: .//word], [[AndroidDriver: chrome on ANDROID (51a5b69d350864e9562a2470b487b139)] -> xpath: .//word], [[AndroidDriver: chrome on ANDROID (51a5b69d350864e9562a2470b487b139)] -> xpath: .//word], [[AndroidDriver: chrome on ANDROID (51a5b69d350864e9562a2470b487b139)] -> xpath: .//word], [[AndroidDriver: chrome on ANDROID (51a5b69d350864e9562a2470b487b139)] -> xpath: .//word], [[AndroidDriver: chrome on ANDROID (51a5b69d350864e9562a2470b487b139)] -> xpath: .//word], [[AndroidDriver: chrome on ANDROID (51a5b69d350864e9562a2470b487b139)] -> xpath: .//word], [[AndroidDriver: chrome on ANDROID (51a5b69d350864e9562a2470b487b139)] -> xpath: .//word], [[AndroidDriver: chrome on ANDROID (51a5b69d350864e9562a2470b487b139)] -> xpath: .//word], [[AndroidDriver: chrome on ANDROID (51a5b69d350864e9562a2470b487b139)] -> xpath: .//word], [[AndroidDriver: chrome on ANDROID (51a5b69d350864e9562a2470b487b139)] -> xpath: .//word], [[AndroidDriver: chrome on ANDROID (51a5b69d350864e9562a2470b487b139)] -> xpath: .//word], [[AndroidDriver: chrome on ANDROID (51a5b69d350864e9562a2470b487b139)] -> xpath: .//word], [[AndroidDriver: chrome on ANDROID (51a5b69d350864e9562a2470b487b139)] -> xpath: .//word], [[AndroidDriver: chrome on ANDROID (51a5b69d350864e9562a2470b487b139)] -> xpath: .//word], [[AndroidDriver: chrome on ANDROID (51a5b69d350864e9562a2470b487b139)] -> xpath: .//word], [[AndroidDriver: chrome on ANDROID (51a5b69d350864e9562a2470b487b139)] -> xpath: .//word], [[AndroidDriver: chrome on ANDROID (51a5b69d350864e9562a2470b487b139)] -> xpath: .//word], [[AndroidDriver: chrome on ANDROID (51a5b69d350864e9562a2470b487b139)] -> xpath: .//word], [[AndroidDriver: chrome on ANDROID (51a5b69d350864e9562a2470b487b139)] -> xpath: .//word], [[AndroidDriver: chrome on ANDROID (51a5b69d350864e9562a2470b487b139)] -> xpath: .//word], [[AndroidDriver: chrome on ANDROID (51a5b69d350864e9562a2470b487b139)] -> xpath: .//word], [[AndroidDriver: chrome on ANDROID (51a5b69d350864e9562a2470b487b139)] -> xpath: .//word], [[AndroidDriver: chrome on ANDROID (51a5b69d350864e9562a2470b487b139)] -> xpath: .//word], [[AndroidDriver: chrome on ANDROID (51a5b69d350864e9562a2470b487b139)] -> xpath: .//word], [[AndroidDriver: chrome on ANDROID (51a5b69d350864e9562a2470b487b139)] -> xpath: .//word], [[AndroidDriver: chrome on ANDROID (51a5b69d350864e9562a2470b487b139)] -> xpath: .//word], [[AndroidDriver: chrome on ANDROID (51a5b69d350864e9562a2470b487b139)] -> xpath: .//word], [[AndroidDriver: chrome on ANDROID (51a5b69d350864e9562a2470b487b139)] -> xpath: .//word], [[AndroidDriver: chrome on ANDROID (51a5b69d350864e9562a2470b487b139)] -> xpath: .//word], [[AndroidDriver: chrome on ANDROID (51a5b69d350864e9562a2470b487b139)] -> xpath: .//word], [[AndroidDriver: chrome on ANDROID (51a5b69d350864e9562a2470b487b139)] -> xpath: .//word], [[AndroidDriver: chrome on ANDROID (51a5b69d350864e9562a2470b487b139)] -> xpath: .//word], [[AndroidDriver: chrome on ANDROID (51a5b69d350864e9562a2470b487b139)] -> xpath: .//word], [[AndroidDriver: chrome on ANDROID (51a5b69d350864e9562a2470b487b139)] -> xpath: .//word], [[AndroidDriver: chrome on ANDROID (51a5b69d350864e9562a2470b487b139)] -> xpath: .//word], [[AndroidDriver: chrome on ANDROID (51a5b69d350864e9562a2470b487b139)] -> xpath: .//word], [[AndroidDriver: chrome on ANDROID (51a5b69d350864e9562a2470b487b139)] -> xpath: .//word], [[AndroidDriver: chrome on ANDROID (51a5b69d350864e9562a2470b487b139)] -> xpath: .//word], [[AndroidDriver: chrome on ANDROID (51a5b69d350864e9562a2470b487b139)] -> xpath: .//word], [[AndroidDriver: chrome on ANDROID (51a5b69d350864e9562a2470b487b139)] -> xpath: .//word], [[AndroidDriver: chrome on ANDROID (51a5b69d350864e9562a2470b487b139)] -> xpath: .//word], [[AndroidDriver: chrome on ANDROID (51a5b69d350864e9562a2470b487b139)] -> xpath: .//word], [[AndroidDriver: chrome on ANDROID (51a5b69d350864e9562a2470b487b139)] -> xpath: .//word], [[AndroidDriver: chrome on ANDROID (51a5b69d350864e9562a2470b487b139)] -> xpath: .//word], [[AndroidDriver: chrome on ANDROID (51a5b69d350864e9562a2470b487b139)] -> xpath: .//word], [[AndroidDriver: chrome on ANDROID (51a5b69d350864e9562a2470b487b139)] -> xpath: .//word], [[AndroidDriver: chrome on ANDROID (51a5b69d350864e9562a2470b487b139)] -> xpath: .//word], [[AndroidDriver: chrome on ANDROID (51a5b69d350864e9562a2470b487b139)] -> xpath: .//word], [[AndroidDriver: chrome on ANDROID (51a5b69d350864e9562a2470b487b139)] -> xpath: .//word], [[AndroidDriver: chrome on ANDROID (51a5b69d350864e9562a2470b487b139)] -> xpath: .//word], [[AndroidDriver: chrome on ANDROID (51a5b69d350864e9562a2470b487b139)] -> xpath: .//word], [[AndroidDriver: chrome on ANDROID (51a5b69d350864e9562a2470b487b139)] -> xpath: .//word], [[AndroidDriver: chrome on ANDROID (51a5b69d350864e9562a2470b487b139)] -> xpath: .//word], [[AndroidDriver: chrome on ANDROID (51a5b69d350864e9562a2470b487b139)] -> xpath: .//word], [[AndroidDriver: chrome on ANDROID (51a5b69d350864e9562a2470b487b139)] -> xpath: .//word], [[AndroidDriver: chrome on ANDROID (51a5b69d350864e9562a2470b487b139)] -> xpath: .//word], [[AndroidDriver: chrome on ANDROID (51a5b69d350864e9562a2470b487b139)] -> xpath: .//word], [[AndroidDriver: chrome on ANDROID (51a5b69d350864e9562a2470b487b139)] -> xpath: .//word], [[AndroidDriver: chrome on ANDROID (51a5b69d350864e9562a2470b487b139)] -> xpath: .//word], [[AndroidDriver: chrome on ANDROID (51a5b69d350864e9562a2470b487b139)] -> xpath: .//word], [[AndroidDriver: chrome on ANDROID (51a5b69d350864e9562a2470b487b139)] -> xpath: .//word], [[AndroidDriver: chrome on ANDROID (51a5b69d350864e9562a2470b487b139)] -> xpath: .//word], [[AndroidDriver: chrome on ANDROID (51a5b69d350864e9562a2470b487b139)] -> xpath: .//word], [[AndroidDriver: chrome on ANDROID (51a5b69d350864e9562a2470b487b139)] -> xpath: .//word], [[AndroidDriver: chrome on ANDROID (51a5b69d350864e9562a2470b487b139)] -> xpath: .//word], [[AndroidDriver: chrome on ANDROID (51a5b69d350864e9562a2470b487b139)] -> xpath: .//word], [[AndroidDriver: chrome on ANDROID (51a5b69d350864e9562a2470b487b139)] -> xpath: .//word], [[AndroidDriver: chrome on ANDROID (51a5b69d350864e9562a2470b487b139)] -> xpath: .//word], [[AndroidDriver: chrome on ANDROID (51a5b69d350864e9562a2470b487b139)] -> xpath: .//word], [[AndroidDriver: chrome on ANDROID (51a5b69d350864e9562a2470b487b139)] -> xpath: .//word], [[AndroidDriver: chrome on ANDROID (51a5b69d350864e9562a2470b487b139)] -> xpath: .//word], [[AndroidDriver: chrome on ANDROID (51a5b69d350864e9562a2470b487b139)] -> xpath: .//word], [[AndroidDriver: chrome on ANDROID (51a5b69d350864e9562a2470b487b139)] -> xpath: .//word], [[AndroidDriver: chrome on ANDROID (51a5b69d350864e9562a2470b487b139)] -> xpath: .//word], [[AndroidDriver: chrome on ANDROID (51a5b69d350864e9562a2470b487b139)] -> xpath: .//word], [[AndroidDriver: chrome on ANDROID (51a5b69d350864e9562a2470b487b139)] -> xpath: .//word], [[AndroidDriver: chrome on ANDROID (51a5b69d350864e9562a2470b487b139)] -> xpath: .//word], [[AndroidDriver: chrome on ANDROID (51a5b69d350864e9562a2470b487b139)] -> xpath: .//word], [[AndroidDriver: chrome on ANDROID (51a5b69d350864e9562a2470b487b139)] -> xpath: .//word], [[AndroidDriver: chrome on ANDROID (51a5b69d350864e9562a2470b487b139)] -> xpath: .//word], [[AndroidDriver: chrome on ANDROID (51a5b69d350864e9562a2470b487b139)] -> xpath: .//word], [[AndroidDriver: chrome on ANDROID (51a5b69d350864e9562a2470b487b139)] -> xpath: .//word], [[AndroidDriver: chrome on ANDROID (51a5b69d350864e9562a2470b487b139)] -> xpath: .//word], [[AndroidDriver: chrome on ANDROID (51a5b69d350864e9562a2470b487b139)] -> xpath: .//word], [[AndroidDriver: chrome on ANDROID (51a5b69d350864e9562a2470b487b139)] -> xpath: .//word], [[AndroidDriver: chrome on ANDROID (51a5b69d350864e9562a2470b487b139)] -> xpath: .//word], [[AndroidDriver: chrome on ANDROID (51a5b69d350864e9562a2470b487b139)] -> xpath: .//word], [[AndroidDriver: chrome on ANDROID (51a5b69d350864e9562a2470b487b139)] -> xpath: .//word], [[AndroidDriver: chrome on ANDROID (51a5b69d350864e9562a2470b487b139)] -> xpath: .//word], [[AndroidDriver: chrome on ANDROID (51a5b69d350864e9562a2470b487b139)] -> xpath: .//word], [[AndroidDriver: chrome on ANDROID (51a5b69d350864e9562a2470b487b139)] -> xpath: .//word], [[AndroidDriver: chrome on ANDROID (51a5b69d350864e9562a2470b487b139)] -> xpath: .//word], [[AndroidDriver: chrome on ANDROID (51a5b69d350864e9562a2470b487b139)] -> xpath: .//word], [[AndroidDriver: chrome on ANDROID (51a5b69d350864e9562a2470b487b139)] -> xpath: .//word], [[AndroidDriver: chrome on ANDROID (51a5b69d350864e9562a2470b487b139)] -> xpath: .//word], [[AndroidDriver: chrome on ANDROID (51a5b69d350864e9562a2470b487b139)] -> xpath: .//word], [[AndroidDriver: chrome on ANDROID (51a5b69d350864e9562a2470b487b139)] -> xpath: .//word], [[AndroidDriver: chrome on ANDROID (51a5b69d350864e9562a2470b487b139)] -> xpath: .//word], [[AndroidDriver: chrome on ANDROID (51a5b69d350864e9562a2470b487b139)] -> xpath: .//word], [[AndroidDriver: chrome on ANDROID (51a5b69d350864e9562a2470b487b139)] -> xpath: .//word], [[AndroidDriver: chrome on ANDROID (51a5b69d350864e9562a2470b487b139)] -> xpath: .//word], [[AndroidDriver: chrome on ANDROID (51a5b69d350864e9562a2470b487b139)] -> xpath: .//word], [[AndroidDriver: chrome on ANDROID (51a5b69d350864e9562a2470b487b139)] -> xpath: .//word], [[AndroidDriver: chrome on ANDROID (51a5b69d350864e9562a2470b487b139)] -> xpath: .//word], [[AndroidDriver: chrome on ANDROID (51a5b69d350864e9562a2470b487b139)] -> xpath: .//word], [[AndroidDriver: chrome on ANDROID (51a5b69d350864e9562a2470b487b139)] -> xpath: .//word], [[AndroidDriver: chrome on ANDROID (51a5b69d350864e9562a2470b487b139)] -> xpath: .//word], [[AndroidDriver: chrome on ANDROID (51a5b69d350864e9562a2470b487b139)] -> xpath: .//word], [[AndroidDriver: chrome on ANDROID (51a5b69d350864e9562a2470b487b139)] -> xpath: .//word], [[AndroidDriver: chrome on ANDROID (51a5b69d350864e9562a2470b487b139)] -> xpath: .//word], [[AndroidDriver: chrome on ANDROID (51a5b69d350864e9562a2470b487b139)] -> xpath: .//word], [[AndroidDriver: chrome on ANDROID (51a5b69d350864e9562a2470b487b139)] -> xpath: .//word], [[AndroidDriver: chrome on ANDROID (51a5b69d350864e9562a2470b487b139)] -> xpath: .//word], [[AndroidDriver: chrome on ANDROID (51a5b69d350864e9562a2470b487b139)] -> xpath: .//word], [[AndroidDriver: chrome on ANDROID (51a5b69d350864e9562a2470b487b139)] -> xpath: .//word], [[AndroidDriver: chrome on ANDROID (51a5b69d350864e9562a2470b487b139)] -> xpath: .//word], [[AndroidDriver: chrome on ANDROID (51a5b69d350864e9562a2470b487b139)] -> xpath: .//word], [[AndroidDriver: chrome on ANDROID (51a5b69d350864e9562a2470b487b139)] -> xpath: .//word], [[AndroidDriver: chrome on ANDROID (51a5b69d350864e9562a2470b487b139)] -> xpath: .//word], [[AndroidDriver: chrome on ANDROID (51a5b69d350864e9562a2470b487b139)] -> xpath: .//word], [[AndroidDriver: chrome on ANDROID (51a5b69d350864e9562a2470b487b139)] -> xpath: .//word], [[AndroidDriver: chrome on ANDROID (51a5b69d350864e9562a2470b487b139)] -> xpath: .//word], [[AndroidDriver: chrome on ANDROID (51a5b69d350864e9562a2470b487b139)] -> xpath: .//word], [[AndroidDriver: chrome on ANDROID (51a5b69d350864e9562a2470b487b139)] -> xpath: .//word], [[AndroidDriver: chrome on ANDROID (51a5b69d350864e9562a2470b487b139)] -> xpath: .//word], [[AndroidDriver: chrome on ANDROID (51a5b69d350864e9562a2470b487b139)] -> xpath: .//word], [[AndroidDriver: chrome on ANDROID (51a5b69d350864e9562a2470b487b139)] -> xpath: .//word], [[AndroidDriver: chrome on ANDROID (51a5b69d350864e9562a2470b487b139)] -> xpath: .//word], [[AndroidDriver: chrome on ANDROID (51a5b69d350864e9562a2470b487b139)] -> xpath: .//word], [[AndroidDriver: chrome on ANDROID (51a5b69d350864e9562a2470b487b139)] -> xpath: .//word], [[AndroidDriver: chrome on ANDROID (51a5b69d350864e9562a2470b487b139)] -> xpath: .//word], [[AndroidDriver: chrome on ANDROID (51a5b69d350864e9562a2470b487b139)] -> xpath: .//word], [[AndroidDriver: chrome on ANDROID (51a5b69d350864e9562a2470b487b139)] -> xpath: .//word], [[AndroidDriver: chrome on ANDROID (51a5b69d350864e9562a2470b487b139)] -> xpath: .//word], [[AndroidDriver: chrome on ANDROID (51a5b69d350864e9562a2470b487b139)] -> xpath: .//word], [[AndroidDriver: chrome on ANDROID (51a5b69d350864e9562a2470b487b139)] -> xpath: .//word], [[AndroidDriver: chrome on ANDROID (51a5b69d350864e9562a2470b487b139)] -> xpath: .//word], [[AndroidDriver: chrome on ANDROID (51a5b69d350864e9562a2470b487b139)] -> xpath: .//word], [[AndroidDriver: chrome on ANDROID (51a5b69d350864e9562a2470b487b139)] -> xpath: .//word], [[AndroidDriver: chrome on ANDROID (51a5b69d350864e9562a2470b487b139)] -> xpath: .//word], [[AndroidDriver: chrome on ANDROID (51a5b69d350864e9562a2470b487b139)] -> xpath: .//word], [[AndroidDriver: chrome on ANDROID (51a5b69d350864e9562a2470b487b139)] -> xpath: .//word], [[AndroidDriver: chrome on ANDROID (51a5b69d350864e9562a2470b487b139)] -> xpath: .//word], [[AndroidDriver: chrome on ANDROID (51a5b69d350864e9562a2470b487b139)] -> xpath: .//word], [[AndroidDriver: chrome on ANDROID (51a5b69d350864e9562a2470b487b139)] -> xpath: .//word], [[AndroidDriver: chrome on ANDROID (51a5b69d350864e9562a2470b487b139)] -> xpath: .//word], [[AndroidDriver: chrome on ANDROID (51a5b69d350864e9562a2470b487b139)] -> xpath: .//word], [[AndroidDriver: chrome on ANDROID (51a5b69d350864e9562a2470b487b139)] -> xpath: .//word], [[AndroidDriver: chrome on ANDROID (51a5b69d350864e9562a2470b487b139)] -> xpath: .//word], [[AndroidDriver: chrome on ANDROID (51a5b69d350864e9562a2470b487b139)] -> xpath: .//word], [[AndroidDriver: chrome on ANDROID (51a5b69d350864e9562a2470b487b139)] -> xpath: .//word], [[AndroidDriver: chrome on ANDROID (51a5b69d350864e9562a2470b487b139)] -> xpath: .//word], [[AndroidDriver: chrome on ANDROID (51a5b69d350864e9562a2470b487b139)] -> xpath: .//word], [[AndroidDriver: chrome on ANDROID (51a5b69d350864e9562a2470b487b139)] -> xpath: .//word], [[AndroidDriver: chrome on ANDROID (51a5b69d350864e9562a2470b487b139)] -> xpath: .//word], [[AndroidDriver: chrome on ANDROID (51a5b69d350864e9562a2470b487b139)] -> xpath: .//word], [[AndroidDriver: chrome on ANDROID (51a5b69d350864e9562a2470b487b139)] -> xpath: .//word], [[AndroidDriver: chrome on ANDROID (51a5b69d350864e9562a2470b487b139)] -> xpath: .//word], [[AndroidDriver: chrome on ANDROID (51a5b69d350864e9562a2470b487b139)] -> xpath: .//word], [[AndroidDriver: chrome on ANDROID (51a5b69d350864e9562a2470b487b139)] -> xpath: .//word], [[AndroidDriver: chrome on ANDROID (51a5b69d350864e9562a2470b487b139)] -> xpath: .//word], [[AndroidDriver: chrome on ANDROID (51a5b69d350864e9562a2470b487b139)] -> xpath: .//word], [[AndroidDriver: chrome on ANDROID (51a5b69d350864e9562a2470b487b139)] -> xpath: .//word], [[AndroidDriver: chrome on ANDROID (51a5b69d350864e9562a2470b487b139)] -> xpath: .//word], [[AndroidDriver: chrome on ANDROID (51a5b69d350864e9562a2470b487b139)] -> xpath: .//word], [[AndroidDriver: chrome on ANDROID (51a5b69d350864e9562a2470b487b139)] -> xpath: .//word], [[AndroidDriver: chrome on ANDROID (51a5b69d350864e9562a2470b487b139)] -> xpath: .//word], [[AndroidDriver: chrome on ANDROID (51a5b69d350864e9562a2470b487b139)] -> xpath: .//word], [[AndroidDriver: chrome on ANDROID (51a5b69d350864e9562a2470b487b139)] -> xpath: .//word], [[AndroidDriver: chrome on ANDROID (51a5b69d350864e9562a2470b487b139)] -> xpath: .//word], [[AndroidDriver: chrome on ANDROID (51a5b69d350864e9562a2470b487b139)] -> xpath: .//word], [[AndroidDriver: chrome on ANDROID (51a5b69d350864e9562a2470b487b139)] -> xpath: .//word], [[AndroidDriver: chrome on ANDROID (51a5b69d350864e9562a2470b487b139)] -> xpath: .//word], [[AndroidDriver: chrome on ANDROID (51a5b69d350864e9562a2470b487b139)] -> xpath: .//word], [[AndroidDriver: chrome on ANDROID (51a5b69d350864e9562a2470b487b139)] -> xpath: .//word], [[AndroidDriver: chrome on ANDROID (51a5b69d350864e9562a2470b487b139)] -> xpath: .//word], [[AndroidDriver: chrome on ANDROID (51a5b69d350864e9562a2470b487b139)] -> xpath: .//word], [[AndroidDriver: chrome on ANDROID (51a5b69d350864e9562a2470b487b139)] -> xpath: .//word], [[AndroidDriver: chrome on ANDROID (51a5b69d350864e9562a2470b487b139)] -> xpath: .//word], [[AndroidDriver: chrome on ANDROID (51a5b69d350864e9562a2470b487b139)] -> xpath: .//word], [[AndroidDriver: chrome on ANDROID (51a5b69d350864e9562a2470b487b139)] -> xpath: .//word], [[AndroidDriver: chrome on ANDROID (51a5b69d350864e9562a2470b487b139)] -> xpath: .//word], [[AndroidDriver: chrome on ANDROID (51a5b69d350864e9562a2470b487b139)] -> xpath: .//word], [[AndroidDriver: chrome on ANDROID (51a5b69d350864e9562a2470b487b139)] -> xpath: .//word], [[AndroidDriver: chrome on ANDROID (51a5b69d350864e9562a2470b487b139)] -> xpath: .//word], [[AndroidDriver: chrome on ANDROID (51a5b69d350864e9562a2470b487b139)] -> xpath: .//word], [[AndroidDriver: chrome on ANDROID (51a5b69d350864e9562a2470b487b139)] -> xpath: .//word], [[AndroidDriver: chrome on ANDROID (51a5b69d350864e9562a2470b487b139)] -> xpath: .//word], [[AndroidDriver: chrome on ANDROID (51a5b69d350864e9562a2470b487b139)] -> xpath: .//word], [[AndroidDriver: chrome on ANDROID (51a5b69d350864e9562a2470b487b139)] -> xpath: .//word], [[AndroidDriver: chrome on ANDROID (51a5b69d350864e9562a2470b487b139)] -> xpath: .//word], [[AndroidDriver: chrome on ANDROID (51a5b69d350864e9562a2470b487b139)] -> xpath: .//word], [[AndroidDriver: chrome on ANDROID (51a5b69d350864e9562a2470b487b139)] -> xpath: .//word], [[AndroidDriver: chrome on ANDROID (51a5b69d350864e9562a2470b487b139)] -> xpath: .//word], [[AndroidDriver: chrome on ANDROID (51a5b69d350864e9562a2470b487b139)] -> xpath: .//word], [[AndroidDriver: chrome on ANDROID (51a5b69d350864e9562a2470b487b139)] -> xpath: .//word], [[AndroidDriver: chrome on ANDROID (51a5b69d350864e9562a2470b487b139)] -> xpath: .//word], [[AndroidDriver: chrome on ANDROID (51a5b69d350864e9562a2470b487b139)] -> xpath: .//word], [[AndroidDriver: chrome on ANDROID (51a5b69d350864e9562a2470b487b139)] -> xpath: .//word], [[AndroidDriver: chrome on ANDROID (51a5b69d350864e9562a2470b487b139)] -> xpath: .//word], [[AndroidDriver: chrome on ANDROID (51a5b69d350864e9562a2470b487b139)] -> xpath: .//word], [[AndroidDriver: chrome on ANDROID (51a5b69d350864e9562a2470b487b139)] -> xpath: .//word], [[AndroidDriver: chrome on ANDROID (51a5b69d350864e9562a2470b487b139)] -> xpath: .//word], [[AndroidDriver: chrome on ANDROID (51a5b69d350864e9562a2470b487b139)] -> xpath: .//word], [[AndroidDriver: chrome on ANDROID (51a5b69d350864e9562a2470b487b139)] -> xpath: .//word], [[AndroidDriver: chrome on ANDROID (51a5b69d350864e9562a2470b487b139)] -> xpath: .//word], [[AndroidDriver: chrome on ANDROID (51a5b69d350864e9562a2470b487b139)] -> xpath: .//word], [[AndroidDriver: chrome on ANDROID (51a5b69d350864e9562a2470b487b139)] -> xpath: .//word], [[AndroidDriver: chrome on ANDROID (51a5b69d350864e9562a2470b487b139)] -> xpath: .//word], [[AndroidDriver: chrome on ANDROID (51a5b69d350864e9562a2470b487b139)] -> xpath: .//word], [[AndroidDriver: chrome on ANDROID (51a5b69d350864e9562a2470b487b139)] -> xpath: .//word], [[AndroidDriver: chrome on ANDROID (51a5b69d350864e9562a2470b487b139)] -> xpath: .//word], [[AndroidDriver: chrome on ANDROID (51a5b69d350864e9562a2470b487b139)] -> xpath: .//word], [[AndroidDriver: chrome on ANDROID (51a5b69d350864e9562a2470b487b139)] -> xpath: .//word], [[AndroidDriver: chrome on ANDROID (51a5b69d350864e9562a2470b487b139)] -> xpath: .//word], [[AndroidDriver: chrome on ANDROID (51a5b69d350864e9562a2470b487b139)] -> xpath: .//word], [[AndroidDriver: chrome on ANDROID (51a5b69d350864e9562a2470b487b139)] -> xpath: .//word], [[AndroidDriver: chrome on ANDROID (51a5b69d350864e9562a2470b487b139)] -> xpath: .//word], [[AndroidDriver: chrome on ANDROID (51a5b69d350864e9562a2470b487b139)] -> xpath: .//word], [[AndroidDriver: chrome on ANDROID (51a5b69d350864e9562a2470b487b139)] -> xpath: .//word], [[AndroidDriver: chrome on ANDROID (51a5b69d350864e9562a2470b487b139)] -> xpath: .//word], [[AndroidDriver: chrome on ANDROID (51a5b69d350864e9562a2470b487b139)] -> xpath: .//word], [[AndroidDriver: chrome on ANDROID (51a5b69d350864e9562a2470b487b139)] -> xpath: .//word], [[AndroidDriver: chrome on ANDROID (51a5b69d350864e9562a2470b487b139)] -> xpath: .//word], [[AndroidDriver: chrome on ANDROID (51a5b69d350864e9562a2470b487b139)] -> xpath: .//word], [[AndroidDriver: chrome on ANDROID (51a5b69d350864e9562a2470b487b139)] -> xpath: .//word], [[AndroidDriver: chrome on ANDROID (51a5b69d350864e9562a2470b487b139)] -> xpath: .//word], [[AndroidDriver: chrome on ANDROID (51a5b69d350864e9562a2470b487b139)] -> xpath: .//word], [[AndroidDriver: chrome on ANDROID (51a5b69d350864e9562a2470b487b139)] -> xpath: .//word], [[AndroidDriver: chrome on ANDROID (51a5b69d350864e9562a2470b487b139)] -> xpath: .//word], [[AndroidDriver: chrome on ANDROID (51a5b69d350864e9562a2470b487b139)] -> xpath: .//word], [[AndroidDriver: chrome on ANDROID (51a5b69d350864e9562a2470b487b139)] -> xpath: .//word], [[AndroidDriver: chrome on ANDROID (51a5b69d350864e9562a2470b487b139)] -> xpath: .//word], [[AndroidDriver: chrome on ANDROID (51a5b69d350864e9562a2470b487b139)] -> xpath: .//word], [[AndroidDriver: chrome on ANDROID (51a5b69d350864e9562a2470b487b139)] -> xpath: .//word], [[AndroidDriver: chrome on ANDROID (51a5b69d350864e9562a2470b487b139)] -> xpath: .//word], [[AndroidDriver: chrome on ANDROID (51a5b69d350864e9562a2470b487b139)] -> xpath: .//word], [[AndroidDriver: chrome on ANDROID (51a5b69d350864e9562a2470b487b139)] -> xpath: .//word], [[AndroidDriver: chrome on ANDROID (51a5b69d350864e9562a2470b487b139)] -> xpath: .//word], [[AndroidDriver: chrome on ANDROID (51a5b69d350864e9562a2470b487b139)] -> xpath: .//word], [[AndroidDriver: chrome on ANDROID (51a5b69d350864e9562a2470b487b139)] -> xpath: .//word], [[AndroidDriver: chrome on ANDROID (51a5b69d350864e9562a2470b487b139)] -> xpath: .//word], [[AndroidDriver: chrome on ANDROID (51a5b69d350864e9562a2470b487b139)] -> xpath: .//word], [[AndroidDriver: chrome on ANDROID (51a5b69d350864e9562a2470b487b139)] -> xpath: .//word], [[AndroidDriver: chrome on ANDROID (51a5b69d350864e9562a2470b487b139)] -> xpath: .//word], [[AndroidDriver: chrome on ANDROID (51a5b69d350864e9562a2470b487b139)] -> xpath: .//word], [[AndroidDriver: chrome on ANDROID (51a5b69d350864e9562a2470b487b139)] -> xpath: .//word], [[AndroidDriver: chrome on ANDROID (51a5b69d350864e9562a2470b487b139)] -> xpath: .//word], [[AndroidDriver: chrome on ANDROID (51a5b69d350864e9562a2470b487b139)] -> xpath: .//word], [[AndroidDriver: chrome on ANDROID (51a5b69d350864e9562a2470b487b139)] -> xpath: .//word], [[AndroidDriver: chrome on ANDROID (51a5b69d350864e9562a2470b487b139)] -> xpath: .//word], [[AndroidDriver: chrome on ANDROID (51a5b69d350864e9562a2470b487b139)] -> xpath: .//word], [[AndroidDriver: chrome on ANDROID (51a5b69d350864e9562a2470b487b139)] -> xpath: .//word], [[AndroidDriver: chrome on ANDROID (51a5b69d350864e9562a2470b487b139)] -> xpath: .//word], [[AndroidDriver: chrome on ANDROID (51a5b69d350864e9562a2470b487b139)] -> xpath: .//word], [[AndroidDriver: chrome on ANDROID (51a5b69d350864e9562a2470b487b139)] -> xpath: .//word], [[AndroidDriver: chrome on ANDROID (51a5b69d350864e9562a2470b487b139)] -> xpath: .//word], [[AndroidDriver: chrome on ANDROID (51a5b69d350864e9562a2470b487b139)] -> xpath: .//word], [[AndroidDriver: chrome on ANDROID (51a5b69d350864e9562a2470b487b139)] -> xpath: .//word], [[AndroidDriver: chrome on ANDROID (51a5b69d350864e9562a2470b487b139)] -> xpath: .//word], [[AndroidDriver: chrome on ANDROID (51a5b69d350864e9562a2470b487b139)] -> xpath: .//word], [[AndroidDriver: chrome on ANDROID (51a5b69d350864e9562a2470b487b139)] -> xpath: .//word], [[AndroidDriver: chrome on ANDROID (51a5b69d350864e9562a2470b487b139)] -> xpath: .//word], [[AndroidDriver: chrome on ANDROID (51a5b69d350864e9562a2470b487b139)] -> xpath: .//word], [[AndroidDriver: chrome on ANDROID (51a5b69d350864e9562a2470b487b139)] -> xpath: .//word], [[AndroidDriver: chrome on ANDROID (51a5b69d350864e9562a2470b487b139)] -> xpath: .//word], [[AndroidDriver: chrome on ANDROID (51a5b69d350864e9562a2470b487b139)] -> xpath: .//word], [[AndroidDriver: chrome on ANDROID (51a5b69d350864e9562a2470b487b139)] -> xpath: .//word], [[AndroidDriver: chrome on ANDROID (51a5b69d350864e9562a2470b487b139)] -> xpath: .//word], [[AndroidDriver: chrome on ANDROID (51a5b69d350864e9562a2470b487b139)] -> xpath: .//word], [[AndroidDriver: chrome on ANDROID (51a5b69d350864e9562a2470b487b139)] -> xpath: .//word], [[AndroidDriver: chrome on ANDROID (51a5b69d350864e9562a2470b487b139)] -> xpath: .//word], [[AndroidDriver: chrome on ANDROID (51a5b69d350864e9562a2470b487b139)] -> xpath: .//word], [[AndroidDriver: chrome on ANDROID (51a5b69d350864e9562a2470b487b139)] -> xpath: .//word], [[AndroidDriver: chrome on ANDROID (51a5b69d350864e9562a2470b487b139)] -> xpath: .//word], [[AndroidDriver: chrome on ANDROID (51a5b69d350864e9562a2470b487b139)] -> xpath: .//word], [[AndroidDriver: chrome on ANDROID (51a5b69d350864e9562a2470b487b139)] -> xpath: .//word], [[AndroidDriver: chrome on ANDROID (51a5b69d350864e9562a2470b487b139)] -> xpath: .//word], [[AndroidDriver: chrome on ANDROID (51a5b69d350864e9562a2470b487b139)] -> xpath: .//word], [[AndroidDriver: chrome on ANDROID (51a5b69d350864e9562a2470b487b139)] -> xpath: .//word], [[AndroidDriver: chrome on ANDROID (51a5b69d350864e9562a2470b487b139)] -> xpath: .//word], [[AndroidDriver: chrome on ANDROID (51a5b69d350864e9562a2470b487b139)] -> xpath: .//word], [[AndroidDriver: chrome on ANDROID (51a5b69d350864e9562a2470b487b139)] -> xpath: .//word], [[AndroidDriver: chrome on ANDROID (51a5b69d350864e9562a2470b487b139)] -> xpath: .//word], [[AndroidDriver: chrome on ANDROID (51a5b69d350864e9562a2470b487b139)] -> xpath: .//word], [[AndroidDriver: chrome on ANDROID (51a5b69d350864e9562a2470b487b139)] -> xpath: .//word], [[AndroidDriver: chrome on ANDROID (51a5b69d350864e9562a2470b487b139)] -> xpath: .//word], [[AndroidDriver: chrome on ANDROID (51a5b69d350864e9562a2470b487b139)] -> xpath: .//word], [[AndroidDriver: chrome on ANDROID (51a5b69d350864e9562a2470b487b139)] -> xpath: .//word], [[AndroidDriver: chrome on ANDROID (51a5b69d350864e9562a2470b487b139)] -> xpath: .//word], [[AndroidDriver: chrome on ANDROID (51a5b69d350864e9562a2470b487b139)] -> xpath: .//word], [[AndroidDriver: chrome on ANDROID (51a5b69d350864e9562a2470b487b139)] -> xpath: .//word], [[AndroidDriver: chrome on ANDROID (51a5b69d350864e9562a2470b487b139)] -> xpath: .//word], [[AndroidDriver: chrome on ANDROID (51a5b69d350864e9562a2470b487b139)] -> xpath: .//word], [[AndroidDriver: chrome on ANDROID (51a5b69d350864e9562a2470b487b139)] -> xpath: .//word], [[AndroidDriver: chrome on ANDROID (51a5b69d350864e9562a2470b487b139)] -> xpath: .//word], [[AndroidDriver: chrome on ANDROID (51a5b69d350864e9562a2470b487b139)] -> xpath: .//word], [[AndroidDriver: chrome on ANDROID (51a5b69d350864e9562a2470b487b139)] -> xpath: .//word], [[AndroidDriver: chrome on ANDROID (51a5b69d350864e9562a2470b487b139)] -> xpath: .//word], [[AndroidDriver: chrome on ANDROID (51a5b69d350864e9562a2470b487b139)] -> xpath: .//word], [[AndroidDriver: chrome on ANDROID (51a5b69d350864e9562a2470b487b139)] -> xpath: .//word], [[AndroidDriver: chrome on ANDROID (51a5b69d350864e9562a2470b487b139)] -> xpath: .//word], [[AndroidDriver: chrome on ANDROID (51a5b69d350864e9562a2470b487b139)] -> xpath: .//word], [[AndroidDriver: chrome on ANDROID (51a5b69d350864e9562a2470b487b139)] -> xpath: .//word], [[AndroidDriver: chrome on ANDROID (51a5b69d350864e9562a2470b487b139)] -> xpath: .//word], [[AndroidDriver: chrome on ANDROID (51a5b69d350864e9562a2470b487b139)] -> xpath: .//word], [[AndroidDriver: chrome on ANDROID (51a5b69d350864e9562a2470b487b139)] -> xpath: .//word], [[AndroidDriver: chrome on ANDROID (51a5b69d350864e9562a2470b487b139)] -> xpath: .//word], [[AndroidDriver: chrome on ANDROID (51a5b69d350864e9562a2470b487b139)] -> xpath: .//word], [[AndroidDriver: chrome on ANDROID (51a5b69d350864e9562a2470b487b139)] -> xpath: .//word], [[AndroidDriver: chrome on ANDROID (51a5b69d350864e9562a2470b487b139)] -> xpath: .//word], [[AndroidDriver: chrome on ANDROID (51a5b69d350864e9562a2470b487b139)] -> xpath: .//word], [[AndroidDriver: chrome on ANDROID (51a5b69d350864e9562a2470b487b139)] -> xpath: .//word], [[AndroidDriver: chrome on ANDROID (51a5b69d350864e9562a2470b487b139)] -> xpath: .//word], [[AndroidDriver: chrome on ANDROID (51a5b69d350864e9562a2470b487b139)] -> xpath: .//word], [[AndroidDriver: chrome on ANDROID (51a5b69d350864e9562a2470b487b139)] -> xpath: .//word], [[AndroidDriver: chrome on ANDROID (51a5b69d350864e9562a2470b487b139)] -> xpath: .//word], [[AndroidDriver: chrome on ANDROID (51a5b69d350864e9562a2470b487b139)] -> xpath: .//word], [[AndroidDriver: chrome on ANDROID (51a5b69d350864e9562a2470b487b139)] -> xpath: .//word], [[AndroidDriver: chrome on ANDROID (51a5b69d350864e9562a2470b487b139)] -> xpath: .//word], [[AndroidDriver: chrome on ANDROID (51a5b69d350864e9562a2470b487b139)] -> xpath: .//word], [[AndroidDriver: chrome on ANDROID (51a5b69d350864e9562a2470b487b139)] -> xpath: .//word], [[AndroidDriver: chrome on ANDROID (51a5b69d350864e9562a2470b487b139)] -> xpath: .//word], [[AndroidDriver: chrome on ANDROID (51a5b69d350864e9562a2470b487b139)] -> xpath: .//word], [[AndroidDriver: chrome on ANDROID (51a5b69d350864e9562a2470b487b139)] -> xpath: .//word], [[AndroidDriver: chrome on ANDROID (51a5b69d350864e9562a2470b487b139)] -> xpath: .//word], [[AndroidDriver: chrome on ANDROID (51a5b69d350864e9562a2470b487b139)] -> xpath: .//word], [[AndroidDriver: chrome on ANDROID (51a5b69d350864e9562a2470b487b139)] -> xpath: .//word], [[AndroidDriver: chrome on ANDROID (51a5b69d350864e9562a2470b487b139)] -> xpath: .//word], [[AndroidDriver: chrome on ANDROID (51a5b69d350864e9562a2470b487b139)] -> xpath: .//word], [[AndroidDriver: chrome on ANDROID (51a5b69d350864e9562a2470b487b139)] -> xpath: .//word], [[AndroidDriver: chrome on ANDROID (51a5b69d350864e9562a2470b487b139)] -> xpath: .//word], [[AndroidDriver: chrome on ANDROID (51a5b69d350864e9562a2470b487b139)] -> xpath: .//word], [[AndroidDriver: chrome on ANDROID (51a5b69d350864e9562a2470b487b139)] -> xpath: .//word], [[AndroidDriver: chrome on ANDROID (51a5b69d350864e9562a2470b487b139)] -> xpath: .//word], [[AndroidDriver: chrome on ANDROID (51a5b69d350864e9562a2470b487b139)] -> xpath: .//word], [[AndroidDriver: chrome on ANDROID (51a5b69d350864e9562a2470b487b139)] -> xpath: .//word], [[AndroidDriver: chrome on ANDROID (51a5b69d350864e9562a2470b487b139)] -> xpath: .//word], [[AndroidDriver: chrome on ANDROID (51a5b69d350864e9562a2470b487b139)] -> xpath: .//word], [[AndroidDriver: chrome on ANDROID (51a5b69d350864e9562a2470b487b139)] -> xpath: .//word], [[AndroidDriver: chrome on ANDROID (51a5b69d350864e9562a2470b487b139)] -> xpath: .//word], [[AndroidDriver: chrome on ANDROID (51a5b69d350864e9562a2470b487b139)] -> xpath: .//word], [[AndroidDriver: chrome on ANDROID (51a5b69d350864e9562a2470b487b139)] -> xpath: .//word], [[AndroidDriver: chrome on ANDROID (51a5b69d350864e9562a2470b487b139)] -> xpath: .//word], [[AndroidDriver: chrome on ANDROID (51a5b69d350864e9562a2470b487b139)] -> xpath: .//word], [[AndroidDriver: chrome on ANDROID (51a5b69d350864e9562a2470b487b139)] -> xpath: .//word], [[AndroidDriver: chrome on ANDROID (51a5b69d350864e9562a2470b487b139)] -> xpath: .//word], [[AndroidDriver: chrome on ANDROID (51a5b69d350864e9562a2470b487b139)] -> xpath: .//word], [[AndroidDriver: chrome on ANDROID (51a5b69d350864e9562a2470b487b139)] -> xpath: .//word], [[AndroidDriver: chrome on ANDROID (51a5b69d350864e9562a2470b487b139)] -> xpath: .//word], [[AndroidDriver: chrome on ANDROID (51a5b69d350864e9562a2470b487b139)] -> xpath: .//word], [[AndroidDriver: chrome on ANDROID (51a5b69d350864e9562a2470b487b139)] -> xpath: .//word], [[AndroidDriver: chrome on ANDROID (51a5b69d350864e9562a2470b487b139)] -> xpath: .//word], [[AndroidDriver: chrome on ANDROID (51a5b69d350864e9562a2470b487b139)] -> xpath: .//word], [[AndroidDriver: chrome on ANDROID (51a5b69d350864e9562a2470b487b139)] -> xpath: .//word], [[AndroidDriver: chrome on ANDROID (51a5b69d350864e9562a2470b487b139)] -> xpath: .//word], [[AndroidDriver: chrome on ANDROID (51a5b69d350864e9562a2470b487b139)] -> xpath: .//word], [[AndroidDriver: chrome on ANDROID (51a5b69d350864e9562a2470b487b139)] -> xpath: .//word], [[AndroidDriver: chrome on ANDROID (51a5b69d350864e9562a2470b487b139)] -> xpath: .//word], [[AndroidDriver: chrome on ANDROID (51a5b69d350864e9562a2470b487b139)] -> xpath: .//word], [[AndroidDriver: chrome on ANDROID (51a5b69d350864e9562a2470b487b139)] -> xpath: .//word], [[AndroidDriver: chrome on ANDROID (51a5b69d350864e9562a2470b487b139)] -> xpath: .//word], [[AndroidDriver: chrome on ANDROID (51a5b69d350864e9562a2470b487b139)] -> xpath: .//word], [[AndroidDriver: chrome on ANDROID (51a5b69d350864e9562a2470b487b139)] -> xpath: .//word], [[AndroidDriver: chrome on ANDROID (51a5b69d350864e9562a2470b487b139)] -> xpath: .//word], [[AndroidDriver: chrome on ANDROID (51a5b69d350864e9562a2470b487b139)] -> xpath: .//word], [[AndroidDriver: chrome on ANDROID (51a5b69d350864e9562a2470b487b139)] -> xpath: .//word], [[AndroidDriver: chrome on ANDROID (51a5b69d350864e9562a2470b487b139)] -> xpath: .//word], [[AndroidDriver: chrome on ANDROID (51a5b69d350864e9562a2470b487b139)] -> xpath: .//word], [[AndroidDriver: chrome on ANDROID (51a5b69d350864e9562a2470b487b139)] -> xpath: .//word], [[AndroidDriver: chrome on ANDROID (51a5b69d350864e9562a2470b487b139)] -> xpath: .//word], [[AndroidDriver: chrome on ANDROID (51a5b69d350864e9562a2470b487b139)] -> xpath: .//word], [[AndroidDriver: chrome on ANDROID (51a5b69d350864e9562a2470b487b139)] -> xpath: .//word], [[AndroidDriver: chrome on ANDROID (51a5b69d350864e9562a2470b487b139)] -> xpath: .//word], [[AndroidDriver: chrome on ANDROID (51a5b69d350864e9562a2470b487b139)] -> xpath: .//word], [[AndroidDriver: chrome on ANDROID (51a5b69d350864e9562a2470b487b139)] -> xpath: .//word], [[AndroidDriver: chrome on ANDROID (51a5b69d350864e9562a2470b487b139)] -> xpath: .//word], [[AndroidDriver: chrome on ANDROID (51a5b69d350864e9562a2470b487b139)] -> xpath: .//word], [[AndroidDriver: chrome on ANDROID (51a5b69d350864e9562a2470b487b139)] -> xpath: .//word], [[AndroidDriver: chrome on ANDROID (51a5b69d350864e9562a2470b487b139)] -> xpath: .//word], [[AndroidDriver: chrome on ANDROID (51a5b69d350864e9562a2470b487b139)] -> xpath: .//word], [[AndroidDriver: chrome on ANDROID (51a5b69d350864e9562a2470b487b139)] -> xpath: .//word], [[AndroidDriver: chrome on ANDROID (51a5b69d350864e9562a2470b487b139)] -> xpath: .//word], [[AndroidDriver: chrome on ANDROID (51a5b69d350864e9562a2470b487b139)] -> xpath: .//word], [[AndroidDriver: chrome on ANDROID (51a5b69d350864e9562a2470b487b139)] -> xpath: .//word], [[AndroidDriver: chrome on ANDROID (51a5b69d350864e9562a2470b487b139)] -> xpath: .//word], [[AndroidDriver: chrome on ANDROID (51a5b69d350864e9562a2470b487b139)] -> xpath: .//word], [[AndroidDriver: chrome on ANDROID (51a5b69d350864e9562a2470b487b139)] -> xpath: .//word], [[AndroidDriver: chrome on ANDROID (51a5b69d350864e9562a2470b487b139)] -> xpath: .//word], [[AndroidDriver: chrome on ANDROID (51a5b69d350864e9562a2470b487b139)] -> xpath: .//word], [[AndroidDriver: chrome on ANDROID (51a5b69d350864e9562a2470b487b139)] -> xpath: .//word], [[AndroidDriver: chrome on ANDROID (51a5b69d350864e9562a2470b487b139)] -> xpath: .//word], [[AndroidDriver: chrome on ANDROID (51a5b69d350864e9562a2470b487b139)] -> xpath: .//word], [[AndroidDriver: chrome on ANDROID (51a5b69d350864e9562a2470b487b139)] -> xpath: .//word], [[AndroidDriver: chrome on ANDROID (51a5b69d350864e9562a2470b487b139)] -> xpath: .//word], [[AndroidDriver: chrome on ANDROID (51a5b69d350864e9562a2470b487b139)] -> xpath: .//word], [[AndroidDriver: chrome on ANDROID (51a5b69d350864e9562a2470b487b139)] -> xpath: .//word], [[AndroidDriver: chrome on ANDROID (51a5b69d350864e9562a2470b487b139)] -> xpath: .//word], [[AndroidDriver: chrome on ANDROID (51a5b69d350864e9562a2470b487b139)] -> xpath: .//word], [[AndroidDriver: chrome on ANDROID (51a5b69d350864e9562a2470b487b139)] -> xpath: .//word], [[AndroidDriver: chrome on ANDROID (51a5b69d350864e9562a2470b487b139)] -> xpath: .//word], [[AndroidDriver: chrome on ANDROID (51a5b69d350864e9562a2470b487b139)] -> xpath: .//word], [[AndroidDriver: chrome on ANDROID (51a5b69d350864e9562a2470b487b139)] -> xpath: .//word], [[AndroidDriver: chrome on ANDROID (51a5b69d350864e9562a2470b487b139)] -> xpath: .//word], [[AndroidDriver: chrome on ANDROID (51a5b69d350864e9562a2470b487b139)] -> xpath: .//word], [[AndroidDriver: chrome on ANDROID (51a5b69d350864e9562a2470b487b139)] -> xpath: .//word], [[AndroidDriver: chrome on ANDROID (51a5b69d350864e9562a2470b487b139)] -> xpath: .//word], [[AndroidDriver: chrome on ANDROID (51a5b69d350864e9562a2470b487b139)] -> xpath: .//word], [[AndroidDriver: chrome on ANDROID (51a5b69d350864e9562a2470b487b139)] -> xpath: .//word], [[AndroidDriver: chrome on ANDROID (51a5b69d350864e9562a2470b487b139)] -> xpath: .//word], [[AndroidDriver: chrome on ANDROID (51a5b69d350864e9562a2470b487b139)] -> xpath: .//word], [[AndroidDriver: chrome on ANDROID (51a5b69d350864e9562a2470b487b139)] -> xpath: .//word], [[AndroidDriver: chrome on ANDROID (51a5b69d350864e9562a2470b487b139)] -> xpath: .//word], [[AndroidDriver: chrome on ANDROID (51a5b69d350864e9562a2470b487b139)] -> xpath: .//word], [[AndroidDriver: chrome on ANDROID (51a5b69d350864e9562a2470b487b139)] -> xpath: .//word], [[AndroidDriver: chrome on ANDROID (51a5b69d350864e9562a2470b487b139)] -> xpath: .//word], [[AndroidDriver: chrome on ANDROID (51a5b69d350864e9562a2470b487b139)] -> xpath: .//word], [[AndroidDriver: chrome on ANDROID (51a5b69d350864e9562a2470b487b139)] -> xpath: .//word], [[AndroidDriver: chrome on ANDROID (51a5b69d350864e9562a2470b487b139)] -> xpath: .//word], [[AndroidDriver: chrome on ANDROID (51a5b69d350864e9562a2470b487b139)] -> xpath: .//word], [[AndroidDriver: chrome on ANDROID (51a5b69d350864e9562a2470b487b139)] -> xpath: .//word], [[AndroidDriver: chrome on ANDROID (51a5b69d350864e9562a2470b487b139)] -> xpath: .//word], [[AndroidDriver: chrome on ANDROID (51a5b69d350864e9562a2470b487b139)] -> xpath: .//word], [[AndroidDriver: chrome on ANDROID (51a5b69d350864e9562a2470b487b139)] -> xpath: .//word], [[AndroidDriver: chrome on ANDROID (51a5b69d350864e9562a2470b487b139)] -> xpath: .//word], [[AndroidDriver: chrome on ANDROID (51a5b69d350864e9562a2470b487b139)] -> xpath: .//word], [[AndroidDriver: chrome on ANDROID (51a5b69d350864e9562a2470b487b139)] -> xpath: .//word], [[AndroidDriver: chrome on ANDROID (51a5b69d350864e9562a2470b487b139)] -> xpath: .//word], [[AndroidDriver: chrome on ANDROID (51a5b69d350864e9562a2470b487b139)] -> xpath: .//word], [[AndroidDriver: chrome on ANDROID (51a5b69d350864e9562a2470b487b139)] -> xpath: .//word], [[AndroidDriver: chrome on ANDROID (51a5b69d350864e9562a2470b487b139)] -> xpath: .//word], [[AndroidDriver: chrome on ANDROID (51a5b69d350864e9562a2470b487b139)] -> xpath: .//word], [[AndroidDriver: chrome on ANDROID (51a5b69d350864e9562a2470b487b139)] -> xpath: .//word], [[AndroidDriver: chrome on ANDROID (51a5b69d350864e9562a2470b487b139)] -> xpath: .//word], [[AndroidDriver: chrome on ANDROID (51a5b69d350864e9562a2470b487b139)] -> xpath: .//word], [[AndroidDriver: chrome on ANDROID (51a5b69d350864e9562a2470b487b139)] -> xpath: .//word], [[AndroidDriver: chrome on ANDROID (51a5b69d350864e9562a2470b487b139)] -> xpath: .//word], [[AndroidDriver: chrome on ANDROID (51a5b69d350864e9562a2470b487b139)] -> xpath: .//word], [[AndroidDriver: chrome on ANDROID (51a5b69d350864e9562a2470b487b139)] -> xpath: .//word], [[AndroidDriver: chrome on ANDROID (51a5b69d350864e9562a2470b487b139)] -> xpath: .//word], [[AndroidDriver: chrome on ANDROID (51a5b69d350864e9562a2470b487b139)] -> xpath: .//word], [[AndroidDriver: chrome on ANDROID (51a5b69d350864e9562a2470b487b139)] -> xpath: .//word], [[AndroidDriver: chrome on ANDROID (51a5b69d350864e9562a2470b487b139)] -> xpath: .//word], [[AndroidDriver: chrome on ANDROID (51a5b69d350864e9562a2470b487b139)] -> xpath: .//word], [[AndroidDriver: chrome on ANDROID (51a5b69d350864e9562a2470b487b139)] -> xpath: .//word], [[AndroidDriver: chrome on ANDROID (51a5b69d350864e9562a2470b487b139)] -> xpath: .//word], [[AndroidDriver: chrome on ANDROID (51a5b69d350864e9562a2470b487b139)] -> xpath: .//word], [[AndroidDriver: chrome on ANDROID (51a5b69d350864e9562a2470b487b139)] -> xpath: .//word], [[AndroidDriver: chrome on ANDROID (51a5b69d350864e9562a2470b487b139)] -> xpath: .//word], [[AndroidDriver: chrome on ANDROID (51a5b69d350864e9562a2470b487b139)] -> xpath: .//word], [[AndroidDriver: chrome on ANDROID (51a5b69d350864e9562a2470b487b139)] -> xpath: .//word], [[AndroidDriver: chrome on ANDROID (51a5b69d350864e9562a2470b487b139)] -> xpath: .//word], [[AndroidDriver: chrome on ANDROID (51a5b69d350864e9562a2470b487b139)] -> xpath: .//word], [[AndroidDriver: chrome on ANDROID (51a5b69d350864e9562a2470b487b139)] -> xpath: .//word], [[AndroidDriver: chrome on ANDROID (51a5b69d350864e9562a2470b487b139)] -> xpath: .//word], [[AndroidDriver: chrome on ANDROID (51a5b69d350864e9562a2470b487b139)] -> xpath: .//word], [[AndroidDriver: chrome on ANDROID (51a5b69d350864e9562a2470b487b139)] -> xpath: .//word], [[AndroidDriver: chrome on ANDROID (51a5b69d350864e9562a2470b487b139)] -> xpath: .//word], [[AndroidDriver: chrome on ANDROID (51a5b69d350864e9562a2470b487b139)] -> xpath: .//word], [[AndroidDriver: chrome on ANDROID (51a5b69d350864e9562a2470b487b139)] -> xpath: .//word], [[AndroidDriver: chrome on ANDROID (51a5b69d350864e9562a2470b487b139)] -> xpath: .//word], [[AndroidDriver: chrome on ANDROID (51a5b69d350864e9562a2470b487b139)] -> xpath: .//word], [[AndroidDriver: chrome on ANDROID (51a5b69d350864e9562a2470b487b139)] -> xpath: .//word], [[AndroidDriver: chrome on ANDROID (51a5b69d350864e9562a2470b487b139)] -> xpath: .//word], [[AndroidDriver: chrome on ANDROID (51a5b69d350864e9562a2470b487b139)] -> xpath: .//word], [[AndroidDriver: chrome on ANDROID (51a5b69d350864e9562a2470b487b139)] -> xpath: .//word], [[AndroidDriver: chrome on ANDROID (51a5b69d350864e9562a2470b487b139)] -> xpath: .//word], [[AndroidDriver: chrome on ANDROID (51a5b69d350864e9562a2470b487b139)] -> xpath: .//word], [[AndroidDriver: chrome on ANDROID (51a5b69d350864e9562a2470b487b139)] -> xpath: .//word], [[AndroidDriver: chrome on ANDROID (51a5b69d350864e9562a2470b487b139)] -> xpath: .//word], [[AndroidDriver: chrome on ANDROID (51a5b69d350864e9562a2470b487b139)] -> xpath: .//word], [[AndroidDriver: chrome on ANDROID (51a5b69d350864e9562a2470b487b139)] -> xpath: .//word], [[AndroidDriver: chrome on ANDROID (51a5b69d350864e9562a2470b487b139)] -> xpath: .//word], [[AndroidDriver: chrome on ANDROID (51a5b69d350864e9562a2470b487b139)] -> xpath: .//word], [[AndroidDriver: chrome on ANDROID (51a5b69d350864e9562a2470b487b139)] -> xpath: .//word], [[AndroidDriver: chrome on ANDROID (51a5b69d350864e9562a2470b487b139)] -> xpath: .//word], [[AndroidDriver: chrome on ANDROID (51a5b69d350864e9562a2470b487b139)] -> xpath: .//word], [[AndroidDriver: chrome on ANDROID (51a5b69d350864e9562a2470b487b139)] -> xpath: .//word], [[AndroidDriver: chrome on ANDROID (51a5b69d350864e9562a2470b487b139)] -> xpath: .//word], [[AndroidDriver: chrome on ANDROID (51a5b69d350864e9562a2470b487b139)] -> xpath: .//word], [[AndroidDriver: chrome on ANDROID (51a5b69d350864e9562a2470b487b139)] -> xpath: .//word], [[AndroidDriver: chrome on ANDROID (51a5b69d350864e9562a2470b487b139)] -> xpath: .//word], [[AndroidDriver: chrome on ANDROID (51a5b69d350864e9562a2470b487b139)] -> xpath: .//word], [[AndroidDriver: chrome on ANDROID (51a5b69d350864e9562a2470b487b139)] -> xpath: .//word], [[AndroidDriver: chrome on ANDROID (51a5b69d350864e9562a2470b487b139)] -> xpath: .//word], [[AndroidDriver: chrome on ANDROID (51a5b69d350864e9562a2470b487b139)] -> xpath: .//word], [[AndroidDriver: chrome on ANDROID (51a5b69d350864e9562a2470b487b139)] -> xpath: .//word], [[AndroidDriver: chrome on ANDROID (51a5b69d350864e9562a2470b487b139)] -> xpath: .//word], [[AndroidDriver: chrome on ANDROID (51a5b69d350864e9562a2470b487b139)] -> xpath: .//word], [[AndroidDriver: chrome on ANDROID (51a5b69d350864e9562a2470b487b139)] -> xpath: .//word], [[AndroidDriver: chrome on ANDROID (51a5b69d350864e9562a2470b487b139)] -> xpath: .//word], [[AndroidDriver: chrome on ANDROID (51a5b69d350864e9562a2470b487b139)] -> xpath: .//word], [[AndroidDriver: chrome on ANDROID (51a5b69d350864e9562a2470b487b139)] -> xpath: .//word], [[AndroidDriver: chrome on ANDROID (51a5b69d350864e9562a2470b487b139)] -> xpath: .//word], [[AndroidDriver: chrome on ANDROID (51a5b69d350864e9562a2470b487b139)] -> xpath: .//word], [[AndroidDriver: chrome on ANDROID (51a5b69d350864e9562a2470b487b139)] -> xpath: .//word], [[AndroidDriver: chrome on ANDROID (51a5b69d350864e9562a2470b487b139)] -> xpath: .//word], [[AndroidDriver: chrome on ANDROID (51a5b69d350864e9562a2470b487b139)] -> xpath: .//word], [[AndroidDriver: chrome on ANDROID (51a5b69d350864e9562a2470b487b139)] -> xpath: .//word], [[AndroidDriver: chrome on ANDROID (51a5b69d350864e9562a2470b487b139)] -> xpath: .//word], [[AndroidDriver: chrome on ANDROID (51a5b69d350864e9562a2470b487b139)] -> xpath: .//word], [[AndroidDriver: chrome on ANDROID (51a5b69d350864e9562a2470b487b139)] -> xpath: .//word], [[AndroidDriver: chrome on ANDROID (51a5b69d350864e9562a2470b487b139)] -> xpath: .//word], [[AndroidDriver: chrome on ANDROID (51a5b69d350864e9562a2470b487b139)] -> xpath: .//word], [[AndroidDriver: chrome on ANDROID (51a5b69d350864e9562a2470b487b139)] -> xpath: .//word], [[AndroidDriver: chrome on ANDROID (51a5b69d350864e9562a2470b487b139)] -> xpath: .//word], [[AndroidDriver: chrome on ANDROID (51a5b69d350864e9562a2470b487b139)] -> xpath: .//word], [[AndroidDriver: chrome on ANDROID (51a5b69d350864e9562a2470b487b139)] -> xpath: .//word], [[AndroidDriver: chrome on ANDROID (51a5b69d350864e9562a2470b487b139)] -> xpath: .//word], [[AndroidDriver: chrome on ANDROID (51a5b69d350864e9562a2470b487b139)] -> xpath: .//word], [[AndroidDriver: chrome on ANDROID (51a5b69d350864e9562a2470b487b139)] -> xpath: .//word], [[AndroidDriver: chrome on ANDROID (51a5b69d350864e9562a2470b487b139)] -> xpath: .//word], [[AndroidDriver: chrome on ANDROID (51a5b69d350864e9562a2470b487b139)] -> xpath: .//word], [[AndroidDriver: chrome on ANDROID (51a5b69d350864e9562a2470b487b139)] -> xpath: .//word], [[AndroidDriver: chrome on ANDROID (51a5b69d350864e9562a2470b487b139)] -> xpath: .//word], [[AndroidDriver: chrome on ANDROID (51a5b69d350864e9562a2470b487b139)] -> xpath: .//word], [[AndroidDriver: chrome on ANDROID (51a5b69d350864e9562a2470b487b139)] -> xpath: .//word], [[AndroidDriver: chrome on ANDROID (51a5b69d350864e9562a2470b487b139)] -> xpath: .//word], [[AndroidDriver: chrome on ANDROID (51a5b69d350864e9562a2470b487b139)] -> xpath: .//word], [[AndroidDriver: chrome on ANDROID (51a5b69d350864e9562a2470b487b139)] -> xpath: .//word], [[AndroidDriver: chrome on ANDROID (51a5b69d350864e9562a2470b487b139)] -> xpath: .//word], [[AndroidDriver: chrome on ANDROID (51a5b69d350864e9562a2470b487b139)] -> xpath: .//word], [[AndroidDriver: chrome on ANDROID (51a5b69d350864e9562a2470b487b139)] -> xpath: .//word], [[AndroidDriver: chrome on ANDROID (51a5b69d350864e9562a2470b487b139)] -> xpath: .//word], [[AndroidDriver: chrome on ANDROID (51a5b69d350864e9562a2470b487b139)] -> xpath: .//word], [[AndroidDriver: chrome on ANDROID (51a5b69d350864e9562a2470b487b139)] -> xpath: .//word], [[AndroidDriver: chrome on ANDROID (51a5b69d350864e9562a2470b487b139)] -> xpath: .//word], [[AndroidDriver: chrome on ANDROID (51a5b69d350864e9562a2470b487b139)] -> xpath: .//word], [[AndroidDriver: chrome on ANDROID (51a5b69d350864e9562a2470b487b139)] -> xpath: .//word], [[AndroidDriver: chrome on ANDROID (51a5b69d350864e9562a2470b487b139)] -> xpath: .//word], [[AndroidDriver: chrome on ANDROID (51a5b69d350864e9562a2470b487b139)] -> xpath: .//word], [[AndroidDriver: chrome on ANDROID (51a5b69d350864e9562a2470b487b139)] -> xpath: .//word], [[AndroidDriver: chrome on ANDROID (51a5b69d350864e9562a2470b487b139)] -> xpath: .//word], [[AndroidDriver: chrome on ANDROID (51a5b69d350864e9562a2470b487b139)] -> xpath: .//word], [[AndroidDriver: chrome on ANDROID (51a5b69d350864e9562a2470b487b139)] -> xpath: .//word], [[AndroidDriver: chrome on ANDROID (51a5b69d350864e9562a2470b487b139)] -> xpath: .//word], [[AndroidDriver: chrome on ANDROID (51a5b69d350864e9562a2470b487b139)] -> xpath: .//word], [[AndroidDriver: chrome on ANDROID (51a5b69d350864e9562a2470b487b139)] -> xpath: .//word], [[AndroidDriver: chrome on ANDROID (51a5b69d350864e9562a2470b487b139)] -> xpath: .//word], [[AndroidDriver: chrome on ANDROID (51a5b69d350864e9562a2470b487b139)] -> xpath: .//word], [[AndroidDriver: chrome on ANDROID (51a5b69d350864e9562a2470b487b139)] -> xpath: .//word], [[AndroidDriver: chrome on ANDROID (51a5b69d350864e9562a2470b487b139)] -> xpath: .//word], [[AndroidDriver: chrome on ANDROID (51a5b69d350864e9562a2470b487b139)] -> xpath: .//word], [[AndroidDriver: chrome on ANDROID (51a5b69d350864e9562a2470b487b139)] -> xpath: .//word], [[AndroidDriver: chrome on ANDROID (51a5b69d350864e9562a2470b487b139)] -> xpath: .//word], [[AndroidDriver: chrome on ANDROID (51a5b69d350864e9562a2470b487b139)] -> xpath: .//word], [[AndroidDriver: chrome on ANDROID (51a5b69d350864e9562a2470b487b139)] -> xpath: .//word], [[AndroidDriver: chrome on ANDROID (51a5b69d350864e9562a2470b487b139)] -> xpath: .//word], [[AndroidDriver: chrome on ANDROID (51a5b69d350864e9562a2470b487b139)] -> xpath: .//word], [[AndroidDriver: chrome on ANDROID (51a5b69d350864e9562a2470b487b139)] -> xpath: .//word], [[AndroidDriver: chrome on ANDROID (51a5b69d350864e9562a2470b487b139)] -> xpath: .//word], [[AndroidDriver: chrome on ANDROID (51a5b69d350864e9562a2470b487b139)] -> xpath: .//word], [[AndroidDriver: chrome on ANDROID (51a5b69d350864e9562a2470b487b139)] -> xpath: .//word], [[AndroidDriver: chrome on ANDROID (51a5b69d350864e9562a2470b487b139)] -> xpath: .//word], [[AndroidDriver: chrome on ANDROID (51a5b69d350864e9562a2470b487b139)] -> xpath: .//word], [[AndroidDriver: chrome on ANDROID (51a5b69d350864e9562a2470b487b139)] -> xpath: .//word], [[AndroidDriver: chrome on ANDROID (51a5b69d350864e9562a2470b487b139)] -> xpath: .//word], [[AndroidDriver: chrome on ANDROID (51a5b69d350864e9562a2470b487b139)] -> xpath: .//word], [[AndroidDriver: chrome on ANDROID (51a5b69d350864e9562a2470b487b139)] -> xpath: .//word], [[AndroidDriver: chrome on ANDROID (51a5b69d350864e9562a2470b487b139)] -> xpath: .//word], [[AndroidDriver: chrome on ANDROID (51a5b69d350864e9562a2470b487b139)] -> xpath: .//word], [[AndroidDriver: chrome on ANDROID (51a5b69d350864e9562a2470b487b139)] -> xpath: .//word], [[AndroidDriver: chrome on ANDROID (51a5b69d350864e9562a2470b487b139)] -> xpath: .//word], [[AndroidDriver: chrome on ANDROID (51a5b69d350864e9562a2470b487b139)] -> xpath: .//word], [[AndroidDriver: chrome on ANDROID (51a5b69d350864e9562a2470b487b139)] -> xpath: .//word], [[AndroidDriver: chrome on ANDROID (51a5b69d350864e9562a2470b487b139)] -> xpath: .//word], [[AndroidDriver: chrome on ANDROID (51a5b69d350864e9562a2470b487b139)] -> xpath: .//word], [[AndroidDriver: chrome on ANDROID (51a5b69d350864e9562a2470b487b139)] -> xpath: .//word], [[AndroidDriver: chrome on ANDROID (51a5b69d350864e9562a2470b487b139)] -> xpath: .//word], [[AndroidDriver: chrome on ANDROID (51a5b69d350864e9562a2470b487b139)] -> xpath: .//word], [[AndroidDriver: chrome on ANDROID (51a5b69d350864e9562a2470b487b139)] -> xpath: .//word], [[AndroidDriver: chrome on ANDROID (51a5b69d350864e9562a2470b487b139)] -> xpath: .//word], [[AndroidDriver: chrome on ANDROID (51a5b69d350864e9562a2470b487b139)] -> xpath: .//word], [[AndroidDriver: chrome on ANDROID (51a5b69d350864e9562a2470b487b139)] -> xpath: .//word], [[AndroidDriver: chrome on ANDROID (51a5b69d350864e9562a2470b487b139)] -> xpath: .//word], [[AndroidDriver: chrome on ANDROID (51a5b69d350864e9562a2470b487b139)] -> xpath: .//word], [[AndroidDriver: chrome on ANDROID (51a5b69d350864e9562a2470b487b139)] -> xpath: .//word], [[AndroidDriver: chrome on ANDROID (51a5b69d350864e9562a2470b487b139)] -> xpath: .//word], [[AndroidDriver: chrome on ANDROID (51a5b69d350864e9562a2470b487b139)] -> xpath: .//word], [[AndroidDriver: chrome on ANDROID (51a5b69d350864e9562a2470b487b139)] -> xpath: .//word], [[AndroidDriver: chrome on ANDROID (51a5b69d350864e9562a2470b487b139)] -> xpath: .//word], [[AndroidDriver: chrome on ANDROID (51a5b69d350864e9562a2470b487b139)] -> xpath: .//word], [[AndroidDriver: chrome on ANDROID (51a5b69d350864e9562a2470b487b139)] -> xpath: .//word], [[AndroidDriver: chrome on ANDROID (51a5b69d350864e9562a2470b487b139)] -> xpath: .//word], [[AndroidDriver: chrome on ANDROID (51a5b69d350864e9562a2470b487b139)] -> xpath: .//word], [[AndroidDriver: chrome on ANDROID (51a5b69d350864e9562a2470b487b139)] -> xpath: .//word], [[AndroidDriver: chrome on ANDROID (51a5b69d350864e9562a2470b487b139)] -> xpath: .//word], [[AndroidDriver: chrome on ANDROID (51a5b69d350864e9562a2470b487b139)] -> xpath: .//word], [[AndroidDriver: chrome on ANDROID (51a5b69d350864e9562a2470b487b139)] -> xpath: .//word], [[AndroidDriver: chrome on ANDROID (51a5b69d350864e9562a2470b487b139)] -> xpath: .//word], [[AndroidDriver: chrome on ANDROID (51a5b69d350864e9562a2470b487b139)] -> xpath: .//word], [[AndroidDriver: chrome on ANDROID (51a5b69d350864e9562a2470b487b139)] -> xpath: .//word], [[AndroidDriver: chrome on ANDROID (51a5b69d350864e9562a2470b487b139)] -> xpath: .//word], [[AndroidDriver: chrome on ANDROID (51a5b69d350864e9562a2470b487b139)] -> xpath: .//word], [[AndroidDriver: chrome on ANDROID (51a5b69d350864e9562a2470b487b139)] -> xpath: .//word], [[AndroidDriver: chrome on ANDROID (51a5b69d350864e9562a2470b487b139)] -> xpath: .//word], [[AndroidDriver: chrome on ANDROID (51a5b69d350864e9562a2470b487b139)] -> xpath: .//word], [[AndroidDriver: chrome on ANDROID (51a5b69d350864e9562a2470b487b139)] -> xpath: .//word], [[AndroidDriver: chrome on ANDROID (51a5b69d350864e9562a2470b487b139)] -> xpath: .//word], [[AndroidDriver: chrome on ANDROID (51a5b69d350864e9562a2470b487b139)] -> xpath: .//word], [[AndroidDriver: chrome on ANDROID (51a5b69d350864e9562a2470b487b139)] -> xpath: .//word], [[AndroidDriver: chrome on ANDROID (51a5b69d350864e9562a2470b487b139)] -> xpath: .//word], [[AndroidDriver: chrome on ANDROID (51a5b69d350864e9562a2470b487b139)] -> xpath: .//word], [[AndroidDriver: chrome on ANDROID (51a5b69d350864e9562a2470b487b139)] -> xpath: .//word], [[AndroidDriver: chrome on ANDROID (51a5b69d350864e9562a2470b487b139)] -> xpath: .//word], [[AndroidDriver: chrome on ANDROID (51a5b69d350864e9562a2470b487b139)] -> xpath: .//word], [[AndroidDriver: chrome on ANDROID (51a5b69d350864e9562a2470b487b139)] -> xpath: .//word], [[AndroidDriver: chrome on ANDROID (51a5b69d350864e9562a2470b487b139)] -> xpath: .//word], [[AndroidDriver: chrome on ANDROID (51a5b69d350864e9562a2470b487b139)] -> xpath: .//word], [[AndroidDriver: chrome on ANDROID (51a5b69d350864e9562a2470b487b139)] -> xpath: .//word], [[AndroidDriver: chrome on ANDROID (51a5b69d350864e9562a2470b487b139)] -> xpath: .//word], [[AndroidDriver: chrome on ANDROID (51a5b69d350864e9562a2470b487b139)] -> xpath: .//word], [[AndroidDriver: chrome on ANDROID (51a5b69d350864e9562a2470b487b139)] -> xpath: .//word], [[AndroidDriver: chrome on ANDROID (51a5b69d350864e9562a2470b487b139)] -> xpath: .//word], [[AndroidDriver: chrome on ANDROID (51a5b69d350864e9562a2470b487b139)] -> xpath: .//word], [[AndroidDriver: chrome on ANDROID (51a5b69d350864e9562a2470b487b139)] -> xpath: .//word], [[AndroidDriver: chrome on ANDROID (51a5b69d350864e9562a2470b487b139)] -> xpath: .//word], [[AndroidDriver: chrome on ANDROID (51a5b69d350864e9562a2470b487b139)] -> xpath: .//word], [[AndroidDriver: chrome on ANDROID (51a5b69d350864e9562a2470b487b139)] -> xpath: .//word], [[AndroidDriver: chrome on ANDROID (51a5b69d350864e9562a2470b487b139)] -> xpath: .//word], [[AndroidDriver: chrome on ANDROID (51a5b69d350864e9562a2470b487b139)] -> xpath: .//word], [[AndroidDriver: chrome on ANDROID (51a5b69d350864e9562a2470b487b139)] -> xpath: .//word], [[AndroidDriver: chrome on ANDROID (51a5b69d350864e9562a2470b487b139)] -> xpath: .//word], [[AndroidDriver: chrome on ANDROID (51a5b69d350864e9562a2470b487b139)] -> xpath: .//word], [[AndroidDriver: chrome on ANDROID (51a5b69d350864e9562a2470b487b139)] -> xpath: .//word], [[AndroidDriver: chrome on ANDROID (51a5b69d350864e9562a2470b487b139)] -> xpath: .//word], [[AndroidDriver: chrome on ANDROID (51a5b69d350864e9562a2470b487b139)] -> xpath: .//word], [[AndroidDriver: chrome on ANDROID (51a5b69d350864e9562a2470b487b139)] -> xpath: .//word], [[AndroidDriver: chrome on ANDROID (51a5b69d350864e9562a2470b487b139)] -> xpath: .//word], [[AndroidDriver: chrome on ANDROID (51a5b69d350864e9562a2470b487b139)] -> xpath: .//word], [[AndroidDriver: chrome on ANDROID (51a5b69d350864e9562a2470b487b139)] -> xpath: .//word], [[AndroidDriver: chrome on ANDROID (51a5b69d350864e9562a2470b487b139)] -> xpath: .//word], [[AndroidDriver: chrome on ANDROID (51a5b69d350864e9562a2470b487b139)] -> xpath: .//word], [[AndroidDriver: chrome on ANDROID (51a5b69d350864e9562a2470b487b139)] -> xpath: .//word], [[AndroidDriver: chrome on ANDROID (51a5b69d350864e9562a2470b487b139)] -> xpath: .//word], [[AndroidDriver: chrome on ANDROID (51a5b69d350864e9562a2470b487b139)] -> xpath: .//word], [[AndroidDriver: chrome on ANDROID (51a5b69d350864e9562a2470b487b139)] -> xpath: .//word], [[AndroidDriver: chrome on ANDROID (51a5b69d350864e9562a2470b487b139)] -> xpath: .//word], [[AndroidDriver: chrome on ANDROID (51a5b69d350864e9562a2470b487b139)] -> xpath: .//word], [[AndroidDriver: chrome on ANDROID (51a5b69d350864e9562a2470b487b139)] -> xpath: .//word], [[AndroidDriver: chrome on ANDROID (51a5b69d350864e9562a2470b487b139)] -> xpath: .//word], [[AndroidDriver: chrome on ANDROID (51a5b69d350864e9562a2470b487b139)] -> xpath: .//word], [[AndroidDriver: chrome on ANDROID (51a5b69d350864e9562a2470b487b139)] -> xpath: .//word], [[AndroidDriver: chrome on ANDROID (51a5b69d350864e9562a2470b487b139)] -> xpath: .//word], [[AndroidDriver: chrome on ANDROID (51a5b69d350864e9562a2470b487b139)] -> xpath: .//word], [[AndroidDriver: chrome on ANDROID (51a5b69d350864e9562a2470b487b139)] -> xpath: .//word], [[AndroidDriver: chrome on ANDROID (51a5b69d350864e9562a2470b487b139)] -> xpath: .//word], [[AndroidDriver: chrome on ANDROID (51a5b69d350864e9562a2470b487b139)] -> xpath: .//word], [[AndroidDriver: chrome on ANDROID (51a5b69d350864e9562a2470b487b139)] -> xpath: .//word], [[AndroidDriver: chrome on ANDROID (51a5b69d350864e9562a2470b487b139)] -> xpath: .//word], [[AndroidDriver: chrome on ANDROID (51a5b69d350864e9562a2470b487b139)] -> xpath: .//word], [[AndroidDriver: chrome on ANDROID (51a5b69d350864e9562a2470b487b139)] -> xpath: .//word], [[AndroidDriver: chrome on ANDROID (51a5b69d350864e9562a2470b487b139)] -> xpath: .//word], [[AndroidDriver: chrome on ANDROID (51a5b69d350864e9562a2470b487b139)] -> xpath: .//word], [[AndroidDriver: chrome on ANDROID (51a5b69d350864e9562a2470b487b139)] -> xpath: .//word], [[AndroidDriver: chrome on ANDROID (51a5b69d350864e9562a2470b487b139)] -> xpath: .//word], [[AndroidDriver: chrome on ANDROID (51a5b69d350864e9562a2470b487b139)] -> xpath: .//word], [[AndroidDriver: chrome on ANDROID (51a5b69d350864e9562a2470b487b139)] -> xpath: .//word], [[AndroidDriver: chrome on ANDROID (51a5b69d350864e9562a2470b487b139)] -> xpath: .//word], [[AndroidDriver: chrome on ANDROID (51a5b69d350864e9562a2470b487b139)] -> xpath: .//word], [[AndroidDriver: chrome on ANDROID (51a5b69d350864e9562a2470b487b139)] -> xpath: .//word], [[AndroidDriver: chrome on ANDROID (51a5b69d350864e9562a2470b487b139)] -> xpath: .//word], [[AndroidDriver: chrome on ANDROID (51a5b69d350864e9562a2470b487b139)] -> xpath: .//word], [[AndroidDriver: chrome on ANDROID (51a5b69d350864e9562a2470b487b139)] -> xpath: .//word], [[AndroidDriver: chrome on ANDROID (51a5b69d350864e9562a2470b487b139)] -> xpath: .//word], [[AndroidDriver: chrome on ANDROID (51a5b69d350864e9562a2470b487b139)] -> xpath: .//word], [[AndroidDriver: chrome on ANDROID (51a5b69d350864e9562a2470b487b139)] -> xpath: .//word], [[AndroidDriver: chrome on ANDROID (51a5b69d350864e9562a2470b487b139)] -> xpath: .//word], [[AndroidDriver: chrome on ANDROID (51a5b69d350864e9562a2470b487b139)] -> xpath: .//word], [[AndroidDriver: chrome on ANDROID (51a5b69d350864e9562a2470b487b139)] -> xpath: .//word], [[AndroidDriver: chrome on ANDROID (51a5b69d350864e9562a2470b487b139)] -> xpath: .//word], [[AndroidDriver: chrome on ANDROID (51a5b69d350864e9562a2470b487b139)] -> xpath: .//word], [[AndroidDriver: chrome on ANDROID (51a5b69d350864e9562a2470b487b139)] -> xpath: .//word], [[AndroidDriver: chrome on ANDROID (51a5b69d350864e9562a2470b487b139)] -> xpath: .//word], [[AndroidDriver: chrome on ANDROID (51a5b69d350864e9562a2470b487b139)] -> xpath: .//word], [[AndroidDriver: chrome on ANDROID (51a5b69d350864e9562a2470b487b139)] -> xpath: .//word], [[AndroidDriver: chrome on ANDROID (51a5b69d350864e9562a2470b487b139)] -> xpath: .//word], [[AndroidDriver: chrome on ANDROID (51a5b69d350864e9562a2470b487b139)] -> xpath: .//word], [[AndroidDriver: chrome on ANDROID (51a5b69d350864e9562a2470b487b139)] -> xpath: .//word], [[AndroidDriver: chrome on ANDROID (51a5b69d350864e9562a2470b487b139)] -> xpath: .//word], [[AndroidDriver: chrome on ANDROID (51a5b69d350864e9562a2470b487b139)] -> xpath: .//word], [[AndroidDriver: chrome on ANDROID (51a5b69d350864e9562a2470b487b139)] -> xpath: .//word], [[AndroidDriver: chrome on ANDROID (51a5b69d350864e9562a2470b487b139)] -> xpath: .//word], [[AndroidDriver: chrome on ANDROID (51a5b69d350864e9562a2470b487b139)] -> xpath: .//word], [[AndroidDriver: chrome on ANDROID (51a5b69d350864e9562a2470b487b139)] -> xpath: .//word], [[AndroidDriver: chrome on ANDROID (51a5b69d350864e9562a2470b487b139)] -> xpath: .//word], [[AndroidDriver: chrome on ANDROID (51a5b69d350864e9562a2470b487b139)] -> xpath: .//word], [[AndroidDriver: chrome on ANDROID (51a5b69d350864e9562a2470b487b139)] -> xpath: .//word], [[AndroidDriver: chrome on ANDROID (51a5b69d350864e9562a2470b487b139)] -> xpath: .//word], [[AndroidDriver: chrome on ANDROID (51a5b69d350864e9562a2470b487b139)] -> xpath: .//word], [[AndroidDriver: chrome on ANDROID (51a5b69d350864e9562a2470b487b139)] -> xpath: .//word], [[AndroidDriver: chrome on ANDROID (51a5b69d350864e9562a2470b487b139)] -> xpath: .//word], [[AndroidDriver: chrome on ANDROID (51a5b69d350864e9562a2470b487b139)] -> xpath: .//word], [[AndroidDriver: chrome on ANDROID (51a5b69d350864e9562a2470b487b139)] -> xpath: .//word], [[AndroidDriver: chrome on ANDROID (51a5b69d350864e9562a2470b487b139)] -> xpath: .//word], [[AndroidDriver: chrome on ANDROID (51a5b69d350864e9562a2470b487b139)] -> xpath: .//word], [[AndroidDriver: chrome on ANDROID (51a5b69d350864e9562a2470b487b139)] -> xpath: .//word], [[AndroidDriver: chrome on ANDROID (51a5b69d350864e9562a2470b487b139)] -> xpath: .//word], [[AndroidDriver: chrome on ANDROID (51a5b69d350864e9562a2470b487b139)] -> xpath: .//word], [[AndroidDriver: chrome on ANDROID (51a5b69d350864e9562a2470b487b139)] -> xpath: .//word], [[AndroidDriver: chrome on ANDROID (51a5b69d350864e9562a2470b487b139)] -> xpath: .//word], [[AndroidDriver: chrome on ANDROID (51a5b69d350864e9562a2470b487b139)] -> xpath: .//word], [[AndroidDriver: chrome on ANDROID (51a5b69d350864e9562a2470b487b139)] -> xpath: .//word], [[AndroidDriver: chrome on ANDROID (51a5b69d350864e9562a2470b487b139)] -> xpath: .//word], [[AndroidDriver: chrome on ANDROID (51a5b69d350864e9562a2470b487b139)] -> xpath: .//word], [[AndroidDriver: chrome on ANDROID (51a5b69d350864e9562a2470b487b139)] -> xpath: .//word], [[AndroidDriver: chrome on ANDROID (51a5b69d350864e9562a2470b487b139)] -> xpath: .//word], [[AndroidDriver: chrome on ANDROID (51a5b69d350864e9562a2470b487b139)] -> xpath: .//word], [[AndroidDriver: chrome on ANDROID (51a5b69d350864e9562a2470b487b139)] -> xpath: .//word], [[AndroidDriver: chrome on ANDROID (51a5b69d350864e9562a2470b487b139)] -> xpath: .//word], [[AndroidDriver: chrome on ANDROID (51a5b69d350864e9562a2470b487b139)] -> xpath: .//word], [[AndroidDriver: chrome on ANDROID (51a5b69d350864e9562a2470b487b139)] -> xpath: .//word], [[AndroidDriver: chrome on ANDROID (51a5b69d350864e9562a2470b487b139)] -> xpath: .//word], [[AndroidDriver: chrome on ANDROID (51a5b69d350864e9562a2470b487b139)] -> xpath: .//word], [[AndroidDriver: chrome on ANDROID (51a5b69d350864e9562a2470b487b139)] -> xpath: .//word], [[AndroidDriver: chrome on ANDROID (51a5b69d350864e9562a2470b487b139)] -> xpath: .//word], [[AndroidDriver: chrome on ANDROID (51a5b69d350864e9562a2470b487b139)] -> xpath: .//word], [[AndroidDriver: chrome on ANDROID (51a5b69d350864e9562a2470b487b139)] -> xpath: .//word], [[AndroidDriver: chrome on ANDROID (51a5b69d350864e9562a2470b487b139)] -> xpath: .//word], [[AndroidDriver: chrome on ANDROID (51a5b69d350864e9562a2470b487b139)] -> xpath: .//word], [[AndroidDriver: chrome on ANDROID (51a5b69d350864e9562a2470b487b139)] -> xpath: .//word], [[AndroidDriver: chrome on ANDROID (51a5b69d350864e9562a2470b487b139)] -> xpath: .//word], [[AndroidDriver: chrome on ANDROID (51a5b69d350864e9562a2470b487b139)] -> xpath: .//word], [[AndroidDriver: chrome on ANDROID (51a5b69d350864e9562a2470b487b139)] -> xpath: .//word], [[AndroidDriver: chrome on ANDROID (51a5b69d350864e9562a2470b487b139)] -> xpath: .//word], [[AndroidDriver: chrome on ANDROID (51a5b69d350864e9562a2470b487b139)] -> xpath: .//word], [[AndroidDriver: chrome on ANDROID (51a5b69d350864e9562a2470b487b139)] -> xpath: .//word], [[AndroidDriver: chrome on ANDROID (51a5b69d350864e9562a2470b487b139)] -> xpath: .//word], [[AndroidDriver: chrome on ANDROID (51a5b69d350864e9562a2470b487b139)] -> xpath: .//word], [[AndroidDriver: chrome on ANDROID (51a5b69d350864e9562a2470b487b139)] -> xpath: .//word], [[AndroidDriver: chrome on ANDROID (51a5b69d350864e9562a2470b487b139)] -> xpath: .//word], [[AndroidDriver: chrome on ANDROID (51a5b69d350864e9562a2470b487b139)] -> xpath: .//word], [[AndroidDriver: chrome on ANDROID (51a5b69d350864e9562a2470b487b139)] -> xpath: .//word], [[AndroidDriver: chrome on ANDROID (51a5b69d350864e9562a2470b487b139)] -> xpath: .//word], [[AndroidDriver: chrome on ANDROID (51a5b69d350864e9562a2470b487b139)] -> xpath: .//word], [[AndroidDriver: chrome on ANDROID (51a5b69d350864e9562a2470b487b139)] -> xpath: .//word], [[AndroidDriver: chrome on ANDROID (51a5b69d350864e9562a2470b487b139)] -> xpath: .//word], [[AndroidDriver: chrome on ANDROID (51a5b69d350864e9562a2470b487b139)] -> xpath: .//word], [[AndroidDriver: chrome on ANDROID (51a5b69d350864e9562a2470b487b139)] -> xpath: .//word], [[AndroidDriver: chrome on ANDROID (51a5b69d350864e9562a2470b487b139)] -> xpath: .//word], [[AndroidDriver: chrome on ANDROID (51a5b69d350864e9562a2470b487b139)] -> xpath: .//word], [[AndroidDriver: chrome on ANDROID (51a5b69d350864e9562a2470b487b139)] -> xpath: .//word], [[AndroidDriver: chrome on ANDROID (51a5b69d350864e9562a2470b487b139)] -> xpath: .//word], [[AndroidDriver: chrome on ANDROID (51a5b69d350864e9562a2470b487b139)] -> xpath: .//word], [[AndroidDriver: chrome on ANDROID (51a5b69d350864e9562a2470b487b139)] -> xpath: .//word], [[AndroidDriver: chrome on ANDROID (51a5b69d350864e9562a2470b487b139)] -> xpath: .//word], [[AndroidDriver: chrome on ANDROID (51a5b69d350864e9562a2470b487b139)] -> xpath: .//word], [[AndroidDriver: chrome on ANDROID (51a5b69d350864e9562a2470b487b139)] -> xpath: .//word], [[AndroidDriver: chrome on ANDROID (51a5b69d350864e9562a2470b487b139)] -> xpath: .//word], [[AndroidDriver: chrome on ANDROID (51a5b69d350864e9562a2470b487b139)] -> xpath: .//word], [[AndroidDriver: chrome on ANDROID (51a5b69d350864e9562a2470b487b139)] -> xpath: .//word], [[AndroidDriver: chrome on ANDROID (51a5b69d350864e9562a2470b487b139)] -> xpath: .//word], [[AndroidDriver: chrome on ANDROID (51a5b69d350864e9562a2470b487b139)] -> xpath: .//word], [[AndroidDriver: chrome on ANDROID (51a5b69d350864e9562a2470b487b139)] -> xpath: .//word], [[AndroidDriver: chrome on ANDROID (51a5b69d350864e9562a2470b487b139)] -> xpath: .//word], [[AndroidDriver: chrome on ANDROID (51a5b69d350864e9562a2470b487b139)] -> xpath: .//word], [[AndroidDriver: chrome on ANDROID (51a5b69d350864e9562a2470b487b139)] -> xpath: .//word], [[AndroidDriver: chrome on ANDROID (51a5b69d350864e9562a2470b487b139)] -> xpath: .//word], [[AndroidDriver: chrome on ANDROID (51a5b69d350864e9562a2470b487b139)] -> xpath: .//word], [[AndroidDriver: chrome on ANDROID (51a5b69d350864e9562a2470b487b139)] -> xpath: .//word], [[AndroidDriver: chrome on ANDROID (51a5b69d350864e9562a2470b487b139)] -> xpath: .//word], [[AndroidDriver: chrome on ANDROID (51a5b69d350864e9562a2470b487b139)] -> xpath: .//word], [[AndroidDriver: chrome on ANDROID (51a5b69d350864e9562a2470b487b139)] -> xpath: .//word], [[AndroidDriver: chrome on ANDROID (51a5b69d350864e9562a2470b487b139)] -> xpath: .//word], [[AndroidDriver: chrome on ANDROID (51a5b69d350864e9562a2470b487b139)] -> xpath: .//word], [[AndroidDriver: chrome on ANDROID (51a5b69d350864e9562a2470b487b139)] -> xpath: .//word], [[AndroidDriver: chrome on ANDROID (51a5b69d350864e9562a2470b487b139)] -> xpath: .//word], [[AndroidDriver: chrome on ANDROID (51a5b69d350864e9562a2470b487b139)] -> xpath: .//word], [[AndroidDriver: chrome on ANDROID (51a5b69d350864e9562a2470b487b139)] -> xpath: .//word], [[AndroidDriver: chrome on ANDROID (51a5b69d350864e9562a2470b487b139)] -> xpath: .//word], [[AndroidDriver: chrome on ANDROID (51a5b69d350864e9562a2470b487b139)] -> xpath: .//word], [[AndroidDriver: chrome on ANDROID (51a5b69d350864e9562a2470b487b139)] -> xpath: .//word], [[AndroidDriver: chrome on ANDROID (51a5b69d350864e9562a2470b487b139)] -> xpath: .//word], [[AndroidDriver: chrome on ANDROID (51a5b69d350864e9562a2470b487b139)] -> xpath: .//word], [[AndroidDriver: chrome on ANDROID (51a5b69d350864e9562a2470b487b139)] -> xpath: .//word], [[AndroidDriver: chrome on ANDROID (51a5b69d350864e9562a2470b487b139)] -> xpath: .//word], [[AndroidDriver: chrome on ANDROID (51a5b69d350864e9562a2470b487b139)] -> xpath: .//word], [[AndroidDriver: chrome on ANDROID (51a5b69d350864e9562a2470b487b139)] -> xpath: .//word], [[AndroidDriver: chrome on ANDROID (51a5b69d350864e9562a2470b487b139)] -> xpath: .//word], [[AndroidDriver: chrome on ANDROID (51a5b69d350864e9562a2470b487b139)] -> xpath: .//word], [[AndroidDriver: chrome on ANDROID (51a5b69d350864e9562a2470b487b139)] -> xpath: .//word], [[AndroidDriver: chrome on ANDROID (51a5b69d350864e9562a2470b487b139)] -> xpath: .//word], [[AndroidDriver: chrome on ANDROID (51a5b69d350864e9562a2470b487b139)] -> xpath: .//word], [[AndroidDriver: chrome on ANDROID (51a5b69d350864e9562a2470b487b139)] -> xpath: .//word], [[AndroidDriver: chrome on ANDROID (51a5b69d350864e9562a2470b487b139)] -> xpath: .//word], [[AndroidDriver: chrome on ANDROID (51a5b69d350864e9562a2470b487b139)] -> xpath: .//word], [[AndroidDriver: chrome on ANDROID (51a5b69d350864e9562a2470b487b139)] -> xpath: .//word], [[AndroidDriver: chrome on ANDROID (51a5b69d350864e9562a2470b487b139)] -> xpath: .//word], [[AndroidDriver: chrome on ANDROID (51a5b69d350864e9562a2470b487b139)] -> xpath: .//word], [[AndroidDriver: chrome on ANDROID (51a5b69d350864e9562a2470b487b139)] -> xpath: .//word], [[AndroidDriver: chrome on ANDROID (51a5b69d350864e9562a2470b487b139)] -> xpath: .//word], [[AndroidDriver: chrome on ANDROID (51a5b69d350864e9562a2470b487b139)] -> xpath: .//word], [[AndroidDriver: chrome on ANDROID (51a5b69d350864e9562a2470b487b139)] -> xpath: .//word], [[AndroidDriver: chrome on ANDROID (51a5b69d350864e9562a2470b487b139)] -> xpath: .//word], [[AndroidDriver: chrome on ANDROID (51a5b69d350864e9562a2470b487b139)] -> xpath: .//word], [[AndroidDriver: chrome on ANDROID (51a5b69d350864e9562a2470b487b139)] -> xpath: .//word], [[AndroidDriver: chrome on ANDROID (51a5b69d350864e9562a2470b487b139)] -> xpath: .//word], [[AndroidDriver: chrome on ANDROID (51a5b69d350864e9562a2470b487b139)] -> xpath: .//word], [[AndroidDriver: chrome on ANDROID (51a5b69d350864e9562a2470b487b139)] -> xpath: .//word], [[AndroidDriver: chrome on ANDROID (51a5b69d350864e9562a2470b487b139)] -> xpath: .//word], [[AndroidDriver: chrome on ANDROID (51a5b69d350864e9562a2470b487b139)] -> xpath: .//word], [[AndroidDriver: chrome on ANDROID (51a5b69d350864e9562a2470b487b139)] -> xpath: .//word], [[AndroidDriver: chrome on ANDROID (51a5b69d350864e9562a2470b487b139)] -> xpath: .//word], [[AndroidDriver: chrome on ANDROID (51a5b69d350864e9562a2470b487b139)] -> xpath: .//word], [[AndroidDriver: chrome on ANDROID (51a5b69d350864e9562a2470b487b139)] -> xpath: .//word], [[AndroidDriver: chrome on ANDROID (51a5b69d350864e9562a2470b487b139)] -> xpath: .//word], [[AndroidDriver: chrome on ANDROID (51a5b69d350864e9562a2470b487b139)] -> xpath: .//word], [[AndroidDriver: chrome on ANDROID (51a5b69d350864e9562a2470b487b139)] -> xpath: .//word], [[AndroidDriver: chrome on ANDROID (51a5b69d350864e9562a2470b487b139)] -> xpath: .//word], [[AndroidDriver: chrome on ANDROID (51a5b69d350864e9562a2470b487b139)] -> xpath: .//word], [[AndroidDriver: chrome on ANDROID (51a5b69d350864e9562a2470b487b139)] -> xpath: .//word], [[AndroidDriver: chrome on ANDROID (51a5b69d350864e9562a2470b487b139)] -> xpath: .//word], [[AndroidDriver: chrome on ANDROID (51a5b69d350864e9562a2470b487b139)] -> xpath: .//word], [[AndroidDriver: chrome on ANDROID (51a5b69d350864e9562a2470b487b139)] -> xpath: .//word], [[AndroidDriver: chrome on ANDROID (51a5b69d350864e9562a2470b487b139)] -> xpath: .//word], [[AndroidDriver: chrome on ANDROID (51a5b69d350864e9562a2470b487b139)] -> xpath: .//word], [[AndroidDriver: chrome on ANDROID (51a5b69d350864e9562a2470b487b139)] -> xpath: .//word], [[AndroidDriver: chrome on ANDROID (51a5b69d350864e9562a2470b487b139)] -> xpath: .//word], [[AndroidDriver: chrome on ANDROID (51a5b69d350864e9562a2470b487b139)] -> xpath: .//word], [[AndroidDriver: chrome on ANDROID (51a5b69d350864e9562a2470b487b139)] -> xpath: .//word], [[AndroidDriver: chrome on ANDROID (51a5b69d350864e9562a2470b487b139)] -> xpath: .//word], [[AndroidDriver: chrome on ANDROID (51a5b69d350864e9562a2470b487b139)] -> xpath: .//word], [[AndroidDriver: chrome on ANDROID (51a5b69d350864e9562a2470b487b139)] -> xpath: .//word], [[AndroidDriver: chrome on ANDROID (51a5b69d350864e9562a2470b487b139)] -> xpath: .//word], [[AndroidDriver: chrome on ANDROID (51a5b69d350864e9562a2470b487b139)] -> xpath: .//word], [[AndroidDriver: chrome on ANDROID (51a5b69d350864e9562a2470b487b139)] -> xpath: .//word], [[AndroidDriver: chrome on ANDROID (51a5b69d350864e9562a2470b487b139)] -> xpath: .//word], [[AndroidDriver: chrome on ANDROID (51a5b69d350864e9562a2470b487b139)] -> xpath: .//word], [[AndroidDriver: chrome on ANDROID (51a5b69d350864e9562a2470b487b139)] -> xpath: .//word], [[AndroidDriver: chrome on ANDROID (51a5b69d350864e9562a2470b487b139)] -> xpath: .//word], [[AndroidDriver: chrome on ANDROID (51a5b69d350864e9562a2470b487b139)] -> xpath: .//word], [[AndroidDriver: chrome on ANDROID (51a5b69d350864e9562a2470b487b139)] -> xpath: .//word], [[AndroidDriver: chrome on ANDROID (51a5b69d350864e9562a2470b487b139)] -> xpath: .//word], [[AndroidDriver: chrome on ANDROID (51a5b69d350864e9562a2470b487b139)] -> xpath: .//word], [[AndroidDriver: chrome on ANDROID (51a5b69d350864e9562a2470b487b139)] -> xpath: .//word], [[AndroidDriver: chrome on ANDROID (51a5b69d350864e9562a2470b487b139)] -> xpath: .//word], [[AndroidDriver: chrome on ANDROID (51a5b69d350864e9562a2470b487b139)] -> xpath: .//word], [[AndroidDriver: chrome on ANDROID (51a5b69d350864e9562a2470b487b139)] -> xpath: .//word], [[AndroidDriver: chrome on ANDROID (51a5b69d350864e9562a2470b487b139)] -> xpath: .//word], [[AndroidDriver: chrome on ANDROID (51a5b69d350864e9562a2470b487b139)] -> xpath: .//word], [[AndroidDriver: chrome on ANDROID (51a5b69d350864e9562a2470b487b139)] -> xpath: .//word], [[AndroidDriver: chrome on ANDROID (51a5b69d350864e9562a2470b487b139)] -> xpath: .//word], [[AndroidDriver: chrome on ANDROID (51a5b69d350864e9562a2470b487b139)] -> xpath: .//word], [[AndroidDriver: chrome on ANDROID (51a5b69d350864e9562a2470b487b139)] -> xpath: .//word], [[AndroidDriver: chrome on ANDROID (51a5b69d350864e9562a2470b487b139)] -> xpath: .//word], [[AndroidDriver: chrome on ANDROID (51a5b69d350864e9562a2470b487b139)] -> xpath: .//word], [[AndroidDriver: chrome on ANDROID (51a5b69d350864e9562a2470b487b139)] -> xpath: .//word], [[AndroidDriver: chrome on ANDROID (51a5b69d350864e9562a2470b487b139)] -> xpath: .//word], [[AndroidDriver: chrome on ANDROID (51a5b69d350864e9562a2470b487b139)] -> xpath: .//word], [[AndroidDriver: chrome on ANDROID (51a5b69d350864e9562a2470b487b139)] -> xpath: .//word], [[AndroidDriver: chrome on ANDROID (51a5b69d350864e9562a2470b487b139)] -> xpath: .//word], [[AndroidDriver: chrome on ANDROID (51a5b69d350864e9562a2470b487b139)] -> xpath: .//word], [[AndroidDriver: chrome on ANDROID (51a5b69d350864e9562a2470b487b139)] -> xpath: .//word], [[AndroidDriver: chrome on ANDROID (51a5b69d350864e9562a2470b487b139)] -> xpath: .//word], [[AndroidDriver: chrome on ANDROID (51a5b69d350864e9562a2470b487b139)] -> xpath: .//word], [[AndroidDriver: chrome on ANDROID (51a5b69d350864e9562a2470b487b139)] -> xpath: .//word], [[AndroidDriver: chrome on ANDROID (51a5b69d350864e9562a2470b487b139)] -> xpath: .//word], [[AndroidDriver: chrome on ANDROID (51a5b69d350864e9562a2470b487b139)] -> xpath: .//word], [[AndroidDriver: chrome on ANDROID (51a5b69d350864e9562a2470b487b139)] -> xpath: .//word], [[AndroidDriver: chrome on ANDROID (51a5b69d350864e9562a2470b487b139)] -> xpath: .//word], [[AndroidDriver: chrome on ANDROID (51a5b69d350864e9562a2470b487b139)] -> xpath: .//word], [[AndroidDriver: chrome on ANDROID (51a5b69d350864e9562a2470b487b139)] -> xpath: .//word], [[AndroidDriver: chrome on ANDROID (51a5b69d350864e9562a2470b487b139)] -> xpath: .//word], [[AndroidDriver: chrome on ANDROID (51a5b69d350864e9562a2470b487b139)] -> xpath: .//word], [[AndroidDriver: chrome on ANDROID (51a5b69d350864e9562a2470b487b139)] -> xpath: .//word], [[AndroidDriver: chrome on ANDROID (51a5b69d350864e9562a2470b487b139)] -> xpath: .//word], [[AndroidDriver: chrome on ANDROID (51a5b69d350864e9562a2470b487b139)] -> xpath: .//word], [[AndroidDriver: chrome on ANDROID (51a5b69d350864e9562a2470b487b139)] -> xpath: .//word], [[AndroidDriver: chrome on ANDROID (51a5b69d350864e9562a2470b487b139)] -> xpath: .//word], [[AndroidDriver: chrome on ANDROID (51a5b69d350864e9562a2470b487b139)] -> xpath: .//word], [[AndroidDriver: chrome on ANDROID (51a5b69d350864e9562a2470b487b139)] -> xpath: .//word], [[AndroidDriver: chrome on ANDROID (51a5b69d350864e9562a2470b487b139)] -> xpath: .//word], [[AndroidDriver: chrome on ANDROID (51a5b69d350864e9562a2470b487b139)] -> xpath: .//word], [[AndroidDriver: chrome on ANDROID (51a5b69d350864e9562a2470b487b139)] -> xpath: .//word], [[AndroidDriver: chrome on ANDROID (51a5b69d350864e9562a2470b487b139)] -> xpath: .//word], [[AndroidDriver: chrome on ANDROID (51a5b69d350864e9562a2470b487b139)] -> xpath: .//word], [[AndroidDriver: chrome on ANDROID (51a5b69d350864e9562a2470b487b139)] -> xpath: .//word], [[AndroidDriver: chrome on ANDROID (51a5b69d350864e9562a2470b487b139)] -> xpath: .//word], [[AndroidDriver: chrome on ANDROID (51a5b69d350864e9562a2470b487b139)] -> xpath: .//word], [[AndroidDriver: chrome on ANDROID (51a5b69d350864e9562a2470b487b139)] -> xpath: .//word], [[AndroidDriver: chrome on ANDROID (51a5b69d350864e9562a2470b487b139)] -> xpath: .//word], [[AndroidDriver: chrome on ANDROID (51a5b69d350864e9562a2470b487b139)] -> xpath: .//word], [[AndroidDriver: chrome on ANDROID (51a5b69d350864e9562a2470b487b139)] -> xpath: .//word], [[AndroidDriver: chrome on ANDROID (51a5b69d350864e9562a2470b487b139)] -> xpath: .//word], [[AndroidDriver: chrome on ANDROID (51a5b69d350864e9562a2470b487b139)] -> xpath: .//word], [[AndroidDriver: chrome on ANDROID (51a5b69d350864e9562a2470b487b139)] -> xpath: .//word], [[AndroidDriver: chrome on ANDROID (51a5b69d350864e9562a2470b487b139)] -> xpath: .//word], [[AndroidDriver: chrome on ANDROID (51a5b69d350864e9562a2470b487b139)] -> xpath: .//word], [[AndroidDriver: chrome on ANDROID (51a5b69d350864e9562a2470b487b139)] -> xpath: .//word], [[AndroidDriver: chrome on ANDROID (51a5b69d350864e9562a2470b487b139)] -> xpath: .//word], [[AndroidDriver: chrome on ANDROID (51a5b69d350864e9562a2470b487b139)] -> xpath: .//word], [[AndroidDriver: chrome on ANDROID (51a5b69d350864e9562a2470b487b139)] -> xpath: .//word], [[AndroidDriver: chrome on ANDROID (51a5b69d350864e9562a2470b487b139)] -> xpath: .//word], [[AndroidDriver: chrome on ANDROID (51a5b69d350864e9562a2470b487b139)] -> xpath: .//word], [[AndroidDriver: chrome on ANDROID (51a5b69d350864e9562a2470b487b139)] -> xpath: .//word], [[AndroidDriver: chrome on ANDROID (51a5b69d350864e9562a2470b487b139)] -> xpath: .//word], [[AndroidDriver: chrome on ANDROID (51a5b69d350864e9562a2470b487b139)] -> xpath: .//word], [[AndroidDriver: chrome on ANDROID (51a5b69d350864e9562a2470b487b139)] -> xpath: .//word], [[AndroidDriver: chrome on ANDROID (51a5b69d350864e9562a2470b487b139)] -> xpath: .//word], [[AndroidDriver: chrome on ANDROID (51a5b69d350864e9562a2470b487b139)] -> xpath: .//word], [[AndroidDriver: chrome on ANDROID (51a5b69d350864e9562a2470b487b139)] -> xpath: .//word], [[AndroidDriver: chrome on ANDROID (51a5b69d350864e9562a2470b487b139)] -> xpath: .//word], [[AndroidDriver: chrome on ANDROID (51a5b69d350864e9562a2470b487b139)] -> xpath: .//word], [[AndroidDriver: chrome on ANDROID (51a5b69d350864e9562a2470b487b139)] -> xpath: .//word], [[AndroidDriver: chrome on ANDROID (51a5b69d350864e9562a2470b487b139)] -> xpath: .//word], [[AndroidDriver: chrome on ANDROID (51a5b69d350864e9562a2470b487b139)] -> xpath: .//word], [[AndroidDriver: chrome on ANDROID (51a5b69d350864e9562a2470b487b139)] -> xpath: .//word], [[AndroidDriver: chrome on ANDROID (51a5b69d350864e9562a2470b487b139)] -> xpath: .//word], [[AndroidDriver: chrome on ANDROID (51a5b69d350864e9562a2470b487b139)] -> xpath: .//word], [[AndroidDriver: chrome on ANDROID (51a5b69d350864e9562a2470b487b139)] -> xpath: .//word], [[AndroidDriver: chrome on ANDROID (51a5b69d350864e9562a2470b487b139)] -> xpath: .//word], [[AndroidDriver: chrome on ANDROID (51a5b69d350864e9562a2470b487b139)] -> xpath: .//word], [[AndroidDriver: chrome on ANDROID (51a5b69d350864e9562a2470b487b139)] -> xpath: .//word], [[AndroidDriver: chrome on ANDROID (51a5b69d350864e9562a2470b487b139)] -> xpath: .//word], [[AndroidDriver: chrome on ANDROID (51a5b69d350864e9562a2470b487b139)] -> xpath: .//word], [[AndroidDriver: chrome on ANDROID (51a5b69d350864e9562a2470b487b139)] -> xpath: .//word], [[AndroidDriver: chrome on ANDROID (51a5b69d350864e9562a2470b487b139)] -> xpath: .//word], [[AndroidDriver: chrome on ANDROID (51a5b69d350864e9562a2470b487b139)] -> xpath: .//word], [[AndroidDriver: chrome on ANDROID (51a5b69d350864e9562a2470b487b139)] -> xpath: .//word], [[AndroidDriver: chrome on ANDROID (51a5b69d350864e9562a2470b487b139)] -> xpath: .//word], [[AndroidDriver: chrome on ANDROID (51a5b69d350864e9562a2470b487b139)] -> xpath: .//word], [[AndroidDriver: chrome on ANDROID (51a5b69d350864e9562a2470b487b139)] -> xpath: .//word], [[AndroidDriver: chrome on ANDROID (51a5b69d350864e9562a2470b487b139)] -> xpath: .//word], [[AndroidDriver: chrome on ANDROID (51a5b69d350864e9562a2470b487b139)] -> xpath: .//word], [[AndroidDriver: chrome on ANDROID (51a5b69d350864e9562a2470b487b139)] -> xpath: .//word], [[AndroidDriver: chrome on ANDROID (51a5b69d350864e9562a2470b487b139)] -> xpath: .//word], [[AndroidDriver: chrome on ANDROID (51a5b69d350864e9562a2470b487b139)] -> xpath: .//word], [[AndroidDriver: chrome on ANDROID (51a5b69d350864e9562a2470b487b139)] -> xpath: .//word], [[AndroidDriver: chrome on ANDROID (51a5b69d350864e9562a2470b487b139)] -> xpath: .//word], [[AndroidDriver: chrome on ANDROID (51a5b69d350864e9562a2470b487b139)] -> xpath: .//word], [[AndroidDriver: chrome on ANDROID (51a5b69d350864e9562a2470b487b139)] -> xpath: .//word], [[AndroidDriver: chrome on ANDROID (51a5b69d350864e9562a2470b487b139)] -> xpath: .//word], [[AndroidDriver: chrome on ANDROID (51a5b69d350864e9562a2470b487b139)] -> xpath: .//word], [[AndroidDriver: chrome on ANDROID (51a5b69d350864e9562a2470b487b139)] -> xpath: .//word], [[AndroidDriver: chrome on ANDROID (51a5b69d350864e9562a2470b487b139)] -> xpath: .//word], [[AndroidDriver: chrome on ANDROID (51a5b69d350864e9562a2470b487b139)] -> xpath: .//word], [[AndroidDriver: chrome on ANDROID (51a5b69d350864e9562a2470b487b139)] -> xpath: .//word], [[AndroidDriver: chrome on ANDROID (51a5b69d350864e9562a2470b487b139)] -> xpath: .//word], [[AndroidDriver: chrome on ANDROID (51a5b69d350864e9562a2470b487b139)] -> xpath: .//word], [[AndroidDriver: chrome on ANDROID (51a5b69d350864e9562a2470b487b139)] -> xpath: .//word], [[AndroidDriver: chrome on ANDROID (51a5b69d350864e9562a2470b487b139)] -> xpath: .//word], [[AndroidDriver: chrome on ANDROID (51a5b69d350864e9562a2470b487b139)] -> xpath: .//word], [[AndroidDriver: chrome on ANDROID (51a5b69d350864e9562a2470b487b139)] -> xpath: .//word], [[AndroidDriver: chrome on ANDROID (51a5b69d350864e9562a2470b487b139)] -> xpath: .//word], [[AndroidDriver: chrome on ANDROID (51a5b69d350864e9562a2470b487b139)] -> xpath: .//word], [[AndroidDriver: chrome on ANDROID (51a5b69d350864e9562a2470b487b139)] -> xpath: .//word], [[AndroidDriver: chrome on ANDROID (51a5b69d350864e9562a2470b487b139)] -> xpath: .//word], [[AndroidDriver: chrome on ANDROID (51a5b69d350864e9562a2470b487b139)] -> xpath: .//word], [[AndroidDriver: chrome on ANDROID (51a5b69d350864e9562a2470b487b139)] -> xpath: .//word], [[AndroidDriver: chrome on ANDROID (51a5b69d350864e9562a2470b487b139)] -> xpath: .//word], [[AndroidDriver: chrome on ANDROID (51a5b69d350864e9562a2470b487b139)] -> xpath: .//word], [[AndroidDriver: chrome on ANDROID (51a5b69d350864e9562a2470b487b139)] -> xpath: .//word], [[AndroidDriver: chrome on ANDROID (51a5b69d350864e9562a2470b487b139)] -> xpath: .//word], [[AndroidDriver: chrome on ANDROID (51a5b69d350864e9562a2470b487b139)] -> xpath: .//word], [[AndroidDriver: chrome on ANDROID (51a5b69d350864e9562a2470b487b139)] -> xpath: .//word], [[AndroidDriver: chrome on ANDROID (51a5b69d350864e9562a2470b487b139)] -> xpath: .//word], [[AndroidDriver: chrome on ANDROID (51a5b69d350864e9562a2470b487b139)] -> xpath: .//word], [[AndroidDriver: chrome on ANDROID (51a5b69d350864e9562a2470b487b139)] -> xpath: .//word], [[AndroidDriver: chrome on ANDROID (51a5b69d350864e9562a2470b487b139)] -> xpath: .//word], [[AndroidDriver: chrome on ANDROID (51a5b69d350864e9562a2470b487b139)] -> xpath: .//word], [[AndroidDriver: chrome on ANDROID (51a5b69d350864e9562a2470b487b139)] -> xpath: .//word], [[AndroidDriver: chrome on ANDROID (51a5b69d350864e9562a2470b487b139)] -> xpath: .//word], [[AndroidDriver: chrome on ANDROID (51a5b69d350864e9562a2470b487b139)] -> xpath: .//word], [[AndroidDriver: chrome on ANDROID (51a5b69d350864e9562a2470b487b139)] -> xpath: .//word], [[AndroidDriver: chrome on ANDROID (51a5b69d350864e9562a2470b487b139)] -> xpath: .//word], [[AndroidDriver: chrome on ANDROID (51a5b69d350864e9562a2470b487b139)] -> xpath: .//word], [[AndroidDriver: chrome on ANDROID (51a5b69d350864e9562a2470b487b139)] -> xpath: .//word], [[AndroidDriver: chrome on ANDROID (51a5b69d350864e9562a2470b487b139)] -> xpath: .//word], [[AndroidDriver: chrome on ANDROID (51a5b69d350864e9562a2470b487b139)] -> xpath: .//word], [[AndroidDriver: chrome on ANDROID (51a5b69d350864e9562a2470b487b139)] -> xpath: .//word], [[AndroidDriver: chrome on ANDROID (51a5b69d350864e9562a2470b487b139)] -> xpath: .//word], [[AndroidDriver: chrome on ANDROID (51a5b69d350864e9562a2470b487b139)] -> xpath: .//word], [[AndroidDriver: chrome on ANDROID (51a5b69d350864e9562a2470b487b139)] -> xpath: .//word], [[AndroidDriver: chrome on ANDROID (51a5b69d350864e9562a2470b487b139)] -> xpath: .//word], [[AndroidDriver: chrome on ANDROID (51a5b69d350864e9562a2470b487b139)] -> xpath: .//word], [[AndroidDriver: chrome on ANDROID (51a5b69d350864e9562a2470b487b139)] -> xpath: .//word], [[AndroidDriver: chrome on ANDROID (51a5b69d350864e9562a2470b487b139)] -> xpath: .//word], [[AndroidDriver: chrome on ANDROID (51a5b69d350864e9562a2470b487b139)] -> xpath: .//word], [[AndroidDriver: chrome on ANDROID (51a5b69d350864e9562a2470b487b139)] -> xpath: .//word], [[AndroidDriver: chrome on ANDROID (51a5b69d350864e9562a2470b487b139)] -> xpath: .//word], [[AndroidDriver: chrome on ANDROID (51a5b69d350864e9562a2470b487b139)] -> xpath: .//word], [[AndroidDriver: chrome on ANDROID (51a5b69d350864e9562a2470b487b139)] -> xpath: .//word], [[AndroidDriver: chrome on ANDROID (51a5b69d350864e9562a2470b487b139)] -> xpath: .//word], [[AndroidDriver: chrome on ANDROID (51a5b69d350864e9562a2470b487b139)] -> xpath: .//word], [[AndroidDriver: chrome on ANDROID (51a5b69d350864e9562a2470b487b139)] -> xpath: .//word], [[AndroidDriver: chrome on ANDROID (51a5b69d350864e9562a2470b487b139)] -> xpath: .//word], [[AndroidDriver: chrome on ANDROID (51a5b69d350864e9562a2470b487b139)] -> xpath: .//word], [[AndroidDriver: chrome on ANDROID (51a5b69d350864e9562a2470b487b139)] -> xpath: .//word], [[AndroidDriver: chrome on ANDROID (51a5b69d350864e9562a2470b487b139)] -> xpath: .//word], [[AndroidDriver: chrome on ANDROID (51a5b69d350864e9562a2470b487b139)] -> xpath: .//word], [[AndroidDriver: chrome on ANDROID (51a5b69d350864e9562a2470b487b139)] -> xpath: .//word], [[AndroidDriver: chrome on ANDROID (51a5b69d350864e9562a2470b487b139)] -> xpath: .//word], [[AndroidDriver: chrome on ANDROID (51a5b69d350864e9562a2470b487b139)] -> xpath: .//word], [[AndroidDriver: chrome on ANDROID (51a5b69d350864e9562a2470b487b139)] -> xpath: .//word], [[AndroidDriver: chrome on ANDROID (51a5b69d350864e9562a2470b487b139)] -> xpath: .//word], [[AndroidDriver: chrome on ANDROID (51a5b69d350864e9562a2470b487b139)] -> xpath: .//word], [[AndroidDriver: chrome on ANDROID (51a5b69d350864e9562a2470b487b139)] -> xpath: .//word], [[AndroidDriver: chrome on ANDROID (51a5b69d350864e9562a2470b487b139)] -> xpath: .//word], [[AndroidDriver: chrome on ANDROID (51a5b69d350864e9562a2470b487b139)] -> xpath: .//word], [[AndroidDriver: chrome on ANDROID (51a5b69d350864e9562a2470b487b139)] -> xpath: .//word], [[AndroidDriver: chrome on ANDROID (51a5b69d350864e9562a2470b487b139)] -> xpath: .//word], [[AndroidDriver: chrome on ANDROID (51a5b69d350864e9562a2470b487b139)] -> xpath: .//word], [[AndroidDriver: chrome on ANDROID (51a5b69d350864e9562a2470b487b139)] -> xpath: .//word], [[AndroidDriver: chrome on ANDROID (51a5b69d350864e9562a2470b487b139)] -> xpath: .//word], [[AndroidDriver: chrome on ANDROID (51a5b69d350864e9562a2470b487b139)] -> xpath: .//word], [[AndroidDriver: chrome on ANDROID (51a5b69d350864e9562a2470b487b139)] -> xpath: .//word], [[AndroidDriver: chrome on ANDROID (51a5b69d350864e9562a2470b487b139)] -> xpath: .//word], [[AndroidDriver: chrome on ANDROID (51a5b69d350864e9562a2470b487b139)] -> xpath: .//word], [[AndroidDriver: chrome on ANDROID (51a5b69d350864e9562a2470b487b139)] -> xpath: .//word], [[AndroidDriver: chrome on ANDROID (51a5b69d350864e9562a2470b487b139)] -> xpath: .//word], [[AndroidDriver: chrome on ANDROID (51a5b69d350864e9562a2470b487b139)] -> xpath: .//word], [[AndroidDriver: chrome on ANDROID (51a5b69d350864e9562a2470b487b139)] -> xpath: .//word], [[AndroidDriver: chrome on ANDROID (51a5b69d350864e9562a2470b487b139)] -> xpath: .//word], [[AndroidDriver: chrome on ANDROID (51a5b69d350864e9562a2470b487b139)] -> xpath: .//word], [[AndroidDriver: chrome on ANDROID (51a5b69d350864e9562a2470b487b139)] -> xpath: .//word], [[AndroidDriver: chrome on ANDROID (51a5b69d350864e9562a2470b487b139)] -> xpath: .//word], [[AndroidDriver: chrome on ANDROID (51a5b69d350864e9562a2470b487b139)] -> xpath: .//word], [[AndroidDriver: chrome on ANDROID (51a5b69d350864e9562a2470b487b139)] -> xpath: .//word], [[AndroidDriver: chrome on ANDROID (51a5b69d350864e9562a2470b487b139)] -> xpath: .//word], [[AndroidDriver: chrome on ANDROID (51a5b69d350864e9562a2470b487b139)] -> xpath: .//word], [[AndroidDriver: chrome on ANDROID (51a5b69d350864e9562a2470b487b139)] -> xpath: .//word], [[AndroidDriver: chrome on ANDROID (51a5b69d350864e9562a2470b487b139)] -> xpath: .//word], [[AndroidDriver: chrome on ANDROID (51a5b69d350864e9562a2470b487b139)] -> xpath: .//word], [[AndroidDriver: chrome on ANDROID (51a5b69d350864e9562a2470b487b139)] -> xpath: .//word], [[AndroidDriver: chrome on ANDROID (51a5b69d350864e9562a2470b487b139)] -> xpath: .//word], [[AndroidDriver: chrome on ANDROID (51a5b69d350864e9562a2470b487b139)] -> xpath: .//word], [[AndroidDriver: chrome on ANDROID (51a5b69d350864e9562a2470b487b139)] -> xpath: .//word], [[AndroidDriver: chrome on ANDROID (51a5b69d350864e9562a2470b487b139)] -> xpath: .//word], [[AndroidDriver: chrome on ANDROID (51a5b69d350864e9562a2470b487b139)] -> xpath: .//word], [[AndroidDriver: chrome on ANDROID (51a5b69d350864e9562a2470b487b139)] -> xpath: .//word], [[AndroidDriver: chrome on ANDROID (51a5b69d350864e9562a2470b487b139)] -> xpath: .//word], [[AndroidDriver: chrome on ANDROID (51a5b69d350864e9562a2470b487b139)] -> xpath: .//word], [[AndroidDriver: chrome on ANDROID (51a5b69d350864e9562a2470b487b139)] -> xpath: .//word], [[AndroidDriver: chrome on ANDROID (51a5b69d350864e9562a2470b487b139)] -> xpath: .//word], [[AndroidDriver: chrome on ANDROID (51a5b69d350864e9562a2470b487b139)] -> xpath: .//word], [[AndroidDriver: chrome on ANDROID (51a5b69d350864e9562a2470b487b139)] -> xpath: .//word], [[AndroidDriver: chrome on ANDROID (51a5b69d350864e9562a2470b487b139)] -> xpath: .//word], [[AndroidDriver: chrome on ANDROID (51a5b69d350864e9562a2470b487b139)] -> xpath: .//word], [[AndroidDriver: chrome on ANDROID (51a5b69d350864e9562a2470b487b139)] -> xpath: .//word], [[AndroidDriver: chrome on ANDROID (51a5b69d350864e9562a2470b487b139)] -> xpath: .//word], [[AndroidDriver: chrome on ANDROID (51a5b69d350864e9562a2470b487b139)] -> xpath: .//word], [[AndroidDriver: chrome on ANDROID (51a5b69d350864e9562a2470b487b139)] -> xpath: .//word], [[AndroidDriver: chrome on ANDROID (51a5b69d350864e9562a2470b487b139)] -> xpath: .//word], [[AndroidDriver: chrome on ANDROID (51a5b69d350864e9562a2470b487b139)] -> xpath: .//word], [[AndroidDriver: chrome on ANDROID (51a5b69d350864e9562a2470b487b139)] -> xpath: .//word], [[AndroidDriver: chrome on ANDROID (51a5b69d350864e9562a2470b487b139)] -> xpath: .//word], [[AndroidDriver: chrome on ANDROID (51a5b69d350864e9562a2470b487b139)] -> xpath: .//word], [[AndroidDriver: chrome on ANDROID (51a5b69d350864e9562a2470b487b139)] -> xpath: .//word], [[AndroidDriver: chrome on ANDROID (51a5b69d350864e9562a2470b487b139)] -> xpath: .//word], [[AndroidDriver: chrome on ANDROID (51a5b69d350864e9562a2470b487b139)] -> xpath: .//word], [[AndroidDriver: chrome on ANDROID (51a5b69d350864e9562a2470b487b139)] -> xpath: .//word], [[AndroidDriver: chrome on ANDROID (51a5b69d350864e9562a2470b487b139)] -> xpath: .//word], [[AndroidDriver: chrome on ANDROID (51a5b69d350864e9562a2470b487b139)] -> xpath: .//word], [[AndroidDriver: chrome on ANDROID (51a5b69d350864e9562a2470b487b139)] -> xpath: .//word], [[AndroidDriver: chrome on ANDROID (51a5b69d350864e9562a2470b487b139)] -> xpath: .//word], [[AndroidDriver: chrome on ANDROID (51a5b69d350864e9562a2470b487b139)] -> xpath: .//word], [[AndroidDriver: chrome on ANDROID (51a5b69d350864e9562a2470b487b139)] -> xpath: .//word], [[AndroidDriver: chrome on ANDROID (51a5b69d350864e9562a2470b487b139)] -> xpath: .//word], [[AndroidDriver: chrome on ANDROID (51a5b69d350864e9562a2470b487b139)] -> xpath: .//word], [[AndroidDriver: chrome on ANDROID (51a5b69d350864e9562a2470b487b139)] -> xpath: .//word], [[AndroidDriver: chrome on ANDROID (51a5b69d350864e9562a2470b487b139)] -> xpath: .//word], [[AndroidDriver: chrome on ANDROID (51a5b69d350864e9562a2470b487b139)] -> xpath: .//word], [[AndroidDriver: chrome on ANDROID (51a5b69d350864e9562a2470b487b139)] -> xpath: .//word], [[AndroidDriver: chrome on ANDROID (51a5b69d350864e9562a2470b487b139)] -> xpath: .//word], [[AndroidDriver: chrome on ANDROID (51a5b69d350864e9562a2470b487b139)] -> xpath: .//word], [[AndroidDriver: chrome on ANDROID (51a5b69d350864e9562a2470b487b139)] -> xpath: .//word], [[AndroidDriver: chrome on ANDROID (51a5b69d350864e9562a2470b487b139)] -> xpath: .//word], [[AndroidDriver: chrome on ANDROID (51a5b69d350864e9562a2470b487b139)] -> xpath: .//word], [[AndroidDriver: chrome on ANDROID (51a5b69d350864e9562a2470b487b139)] -> xpath: .//word], [[AndroidDriver: chrome on ANDROID (51a5b69d350864e9562a2470b487b139)] -> xpath: .//word], [[AndroidDriver: chrome on ANDROID (51a5b69d350864e9562a2470b487b139)] -> xpath: .//word], [[AndroidDriver: chrome on ANDROID (51a5b69d350864e9562a2470b487b139)] -> xpath: .//word], [[AndroidDriver: chrome on ANDROID (51a5b69d350864e9562a2470b487b139)] -> xpath: .//word], [[AndroidDriver: chrome on ANDROID (51a5b69d350864e9562a2470b487b139)] -> xpath: .//word], [[AndroidDriver: chrome on ANDROID (51a5b69d350864e9562a2470b487b139)] -> xpath: .//word], [[AndroidDriver: chrome on ANDROID (51a5b69d350864e9562a2470b487b139)] -> xpath: .//word], [[AndroidDriver: chrome on ANDROID (51a5b69d350864e9562a2470b487b139)] -> xpath: .//word], [[AndroidDriver: chrome on ANDROID (51a5b69d350864e9562a2470b487b139)] -> xpath: .//word], [[AndroidDriver: chrome on ANDROID (51a5b69d350864e9562a2470b487b139)] -> xpath: .//word], [[AndroidDriver: chrome on ANDROID (51a5b69d350864e9562a2470b487b139)] -> xpath: .//word], [[AndroidDriver: chrome on ANDROID (51a5b69d350864e9562a2470b487b139)] -> xpath: .//word], [[AndroidDriver: chrome on ANDROID (51a5b69d350864e9562a2470b487b139)] -> xpath: .//word], [[AndroidDriver: chrome on ANDROID (51a5b69d350864e9562a2470b487b139)] -> xpath: .//word], [[AndroidDriver: chrome on ANDROID (51a5b69d350864e9562a2470b487b139)] -> xpath: .//word], [[AndroidDriver: chrome on ANDROID (51a5b69d350864e9562a2470b487b139)] -> xpath: .//word], [[AndroidDriver: chrome on ANDROID (51a5b69d350864e9562a2470b487b139)] -> xpath: .//word], [[AndroidDriver: chrome on ANDROID (51a5b69d350864e9562a2470b487b139)] -> xpath: .//word], [[AndroidDriver: chrome on ANDROID (51a5b69d350864e9562a2470b487b139)] -> xpath: .//word], [[AndroidDriver: chrome on ANDROID (51a5b69d350864e9562a2470b487b139)] -> xpath: .//word], [[AndroidDriver: chrome on ANDROID (51a5b69d350864e9562a2470b487b139)] -> xpath: .//word], [[AndroidDriver: chrome on ANDROID (51a5b69d350864e9562a2470b487b139)] -> xpath: .//word], [[AndroidDriver: chrome on ANDROID (51a5b69d350864e9562a2470b487b139)] -> xpath: .//word], [[AndroidDriver: chrome on ANDROID (51a5b69d350864e9562a2470b487b139)] -> xpath: .//word], [[AndroidDriver: chrome on ANDROID (51a5b69d350864e9562a2470b487b139)] -> xpath: .//word], [[AndroidDriver: chrome on ANDROID (51a5b69d350864e9562a2470b487b139)] -> xpath: .//word], [[AndroidDriver: chrome on ANDROID (51a5b69d350864e9562a2470b487b139)] -> xpath: .//word], [[AndroidDriver: chrome on ANDROID (51a5b69d350864e9562a2470b487b139)] -> xpath: .//word], [[AndroidDriver: chrome on ANDROID (51a5b69d350864e9562a2470b487b139)] -> xpath: .//word], [[AndroidDriver: chrome on ANDROID (51a5b69d350864e9562a2470b487b139)] -> xpath: .//word], [[AndroidDriver: chrome on ANDROID (51a5b69d350864e9562a2470b487b139)] -> xpath: .//word], [[AndroidDriver: chrome on ANDROID (51a5b69d350864e9562a2470b487b139)] -> xpath: .//word], [[AndroidDriver: chrome on ANDROID (51a5b69d350864e9562a2470b487b139)] -> xpath: .//word], [[AndroidDriver: chrome on ANDROID (51a5b69d350864e9562a2470b487b139)] -> xpath: .//word], [[AndroidDriver: chrome on ANDROID (51a5b69d350864e9562a2470b487b139)] -> xpath: .//word], [[AndroidDriver: chrome on ANDROID (51a5b69d350864e9562a2470b487b139)] -> xpath: .//word], [[AndroidDriver: chrome on ANDROID (51a5b69d350864e9562a2470b487b139)] -> xpath: .//word], [[AndroidDriver: chrome on ANDROID (51a5b69d350864e9562a2470b487b139)] -> xpath: .//word], [[AndroidDriver: chrome on ANDROID (51a5b69d350864e9562a2470b487b139)] -> xpath: .//word], [[AndroidDriver: chrome on ANDROID (51a5b69d350864e9562a2470b487b139)] -> xpath: .//word], [[AndroidDriver: chrome on ANDROID (51a5b69d350864e9562a2470b487b139)] -> xpath: .//word], [[AndroidDriver: chrome on ANDROID (51a5b69d350864e9562a2470b487b139)] -> xpath: .//word], [[AndroidDriver: chrome on ANDROID (51a5b69d350864e9562a2470b487b139)] -> xpath: .//word], [[AndroidDriver: chrome on ANDROID (51a5b69d350864e9562a2470b487b139)] -> xpath: .//word], [[AndroidDriver: chrome on ANDROID (51a5b69d350864e9562a2470b487b139)] -> xpath: .//word], [[AndroidDriver: chrome on ANDROID (51a5b69d350864e9562a2470b487b139)] -> xpath: .//word], [[AndroidDriver: chrome on ANDROID (51a5b69d350864e9562a2470b487b139)] -> xpath: .//word], [[AndroidDriver: chrome on ANDROID (51a5b69d350864e9562a2470b487b139)] -> xpath: .//word], [[AndroidDriver: chrome on ANDROID (51a5b69d350864e9562a2470b487b139)] -> xpath: .//word], [[AndroidDriver: chrome on ANDROID (51a5b69d350864e9562a2470b487b139)] -> xpath: .//word], [[AndroidDriver: chrome on ANDROID (51a5b69d350864e9562a2470b487b139)] -> xpath: .//word], [[AndroidDriver: chrome on ANDROID (51a5b69d350864e9562a2470b487b139)] -> xpath: .//word], [[AndroidDriver: chrome on ANDROID (51a5b69d350864e9562a2470b487b139)] -> xpath: .//word], [[AndroidDriver: chrome on ANDROID (51a5b69d350864e9562a2470b487b139)] -> xpath: .//word], [[AndroidDriver: chrome on ANDROID (51a5b69d350864e9562a2470b487b139)] -> xpath: .//word], [[AndroidDriver: chrome on ANDROID (51a5b69d350864e9562a2470b487b139)] -> xpath: .//word], [[AndroidDriver: chrome on ANDROID (51a5b69d350864e9562a2470b487b139)] -> xpath: .//word], [[AndroidDriver: chrome on ANDROID (51a5b69d350864e9562a2470b487b139)] -> xpath: .//word], [[AndroidDriver: chrome on ANDROID (51a5b69d350864e9562a2470b487b139)] -> xpath: .//word], [[AndroidDriver: chrome on ANDROID (51a5b69d350864e9562a2470b487b139)] -> xpath: .//word], [[AndroidDriver: chrome on ANDROID (51a5b69d350864e9562a2470b487b139)] -> xpath: .//word], [[AndroidDriver: chrome on ANDROID (51a5b69d350864e9562a2470b487b139)] -> xpath: .//word], [[AndroidDriver: chrome on ANDROID (51a5b69d350864e9562a2470b487b139)] -> xpath: .//word], [[AndroidDriver: chrome on ANDROID (51a5b69d350864e9562a2470b487b139)] -> xpath: .//word], [[AndroidDriver: chrome on ANDROID (51a5b69d350864e9562a2470b487b139)] -> xpath: .//word], [[AndroidDriver: chrome on ANDROID (51a5b69d350864e9562a2470b487b139)] -> xpath: .//word], [[AndroidDriver: chrome on ANDROID (51a5b69d350864e9562a2470b487b139)] -> xpath: .//word], [[AndroidDriver: chrome on ANDROID (51a5b69d350864e9562a2470b487b139)] -> xpath: .//word], [[AndroidDriver: chrome on ANDROID (51a5b69d350864e9562a2470b487b139)] -> xpath: .//word], [[AndroidDriver: chrome on ANDROID (51a5b69d350864e9562a2470b487b139)] -> xpath: .//word], [[AndroidDriver: chrome on ANDROID (51a5b69d350864e9562a2470b487b139)] -> xpath: .//word], [[AndroidDriver: chrome on ANDROID (51a5b69d350864e9562a2470b487b139)] -> xpath: .//word], [[AndroidDriver: chrome on ANDROID (51a5b69d350864e9562a2470b487b139)] -> xpath: .//word], [[AndroidDriver: chrome on ANDROID (51a5b69d350864e9562a2470b487b139)] -> xpath: .//word], [[AndroidDriver: chrome on ANDROID (51a5b69d350864e9562a2470b487b139)] -> xpath: .//word], [[AndroidDriver: chrome on ANDROID (51a5b69d350864e9562a2470b487b139)] -> xpath: .//word], [[AndroidDriver: chrome on ANDROID (51a5b69d350864e9562a2470b487b139)] -> xpath: .//word], [[AndroidDriver: chrome on ANDROID (51a5b69d350864e9562a2470b487b139)] -> xpath: .//word], [[AndroidDriver: chrome on ANDROID (51a5b69d350864e9562a2470b487b139)] -> xpath: .//word], [[AndroidDriver: chrome on ANDROID (51a5b69d350864e9562a2470b487b139)] -> xpath: .//word], [[AndroidDriver: chrome on ANDROID (51a5b69d350864e9562a2470b487b139)] -> xpath: .//word], [[AndroidDriver: chrome on ANDROID (51a5b69d350864e9562a2470b487b139)] -> xpath: .//word], [[AndroidDriver: chrome on ANDROID (51a5b69d350864e9562a2470b487b139)] -> xpath: .//word], [[AndroidDriver: chrome on ANDROID (51a5b69d350864e9562a2470b487b139)] -> xpath: .//word], [[AndroidDriver: chrome on ANDROID (51a5b69d350864e9562a2470b487b139)] -> xpath: .//word], [[AndroidDriver: chrome on ANDROID (51a5b69d350864e9562a2470b487b139)] -> xpath: .//word], [[AndroidDriver: chrome on ANDROID (51a5b69d350864e9562a2470b487b139)] -> xpath: .//word], [[AndroidDriver: chrome on ANDROID (51a5b69d350864e9562a2470b487b139)] -> xpath: .//word], [[AndroidDriver: chrome on ANDROID (51a5b69d350864e9562a2470b487b139)] -> xpath: .//word], [[AndroidDriver: chrome on ANDROID (51a5b69d350864e9562a2470b487b139)] -> xpath: .//word], [[AndroidDriver: chrome on ANDROID (51a5b69d350864e9562a2470b487b139)] -> xpath: .//word], [[AndroidDriver: chrome on ANDROID (51a5b69d350864e9562a2470b487b139)] -> xpath: .//word], [[AndroidDriver: chrome on ANDROID (51a5b69d350864e9562a2470b487b139)] -> xpath: .//word], [[AndroidDriver: chrome on ANDROID (51a5b69d350864e9562a2470b487b139)] -> xpath: .//word], [[AndroidDriver: chrome on ANDROID (51a5b69d350864e9562a2470b487b139)] -> xpath: .//word], [[AndroidDriver: chrome on ANDROID (51a5b69d350864e9562a2470b487b139)] -> xpath: .//word], [[AndroidDriver: chrome on ANDROID (51a5b69d350864e9562a2470b487b139)] -> xpath: .//word], [[AndroidDriver: chrome on ANDROID (51a5b69d350864e9562a2470b487b139)] -> xpath: .//word], [[AndroidDriver: chrome on ANDROID (51a5b69d350864e9562a2470b487b139)] -> xpath: .//word], [[AndroidDriver: chrome on ANDROID (51a5b69d350864e9562a2470b487b139)] -> xpath: .//word], [[AndroidDriver: chrome on ANDROID (51a5b69d350864e9562a2470b487b139)] -> xpath: .//word], [[AndroidDriver: chrome on ANDROID (51a5b69d350864e9562a2470b487b139)] -> xpath: .//word], [[AndroidDriver: chrome on ANDROID (51a5b69d350864e9562a2470b487b139)] -> xpath: .//word], [[AndroidDriver: chrome on ANDROID (51a5b69d350864e9562a2470b487b139)] -> xpath: .//word], [[AndroidDriver: chrome on ANDROID (51a5b69d350864e9562a2470b487b139)] -> xpath: .//word], [[AndroidDriver: chrome on ANDROID (51a5b69d350864e9562a2470b487b139)] -> xpath: .//word], [[AndroidDriver: chrome on ANDROID (51a5b69d350864e9562a2470b487b139)] -> xpath: .//word], [[AndroidDriver: chrome on ANDROID (51a5b69d350864e9562a2470b487b139)] -> xpath: .//word], [[AndroidDriver: chrome on ANDROID (51a5b69d350864e9562a2470b487b139)] -> xpath: .//word], [[AndroidDriver: chrome on ANDROID (51a5b69d350864e9562a2470b487b139)] -> xpath: .//word], [[AndroidDriver: chrome on ANDROID (51a5b69d350864e9562a2470b487b139)] -> xpath: .//word], [[AndroidDriver: chrome on ANDROID (51a5b69d350864e9562a2470b487b139)] -> xpath: .//word], [[AndroidDriver: chrome on ANDROID (51a5b69d350864e9562a2470b487b139)] -> xpath: .//word], [[AndroidDriver: chrome on ANDROID (51a5b69d350864e9562a2470b487b139)] -> xpath: .//word], [[AndroidDriver: chrome on ANDROID (51a5b69d350864e9562a2470b487b139)] -> xpath: .//word], [[AndroidDriver: chrome on ANDROID (51a5b69d350864e9562a2470b487b139)] -> xpath: .//word], [[AndroidDriver: chrome on ANDROID (51a5b69d350864e9562a2470b487b139)] -> xpath: .//word], [[AndroidDriver: chrome on ANDROID (51a5b69d350864e9562a2470b487b139)] -> xpath: .//word], [[AndroidDriver: chrome on ANDROID (51a5b69d350864e9562a2470b487b139)] -> xpath: .//word], [[AndroidDriver: chrome on ANDROID (51a5b69d350864e9562a2470b487b139)] -> xpath: .//word], [[AndroidDriver: chrome on ANDROID (51a5b69d350864e9562a2470b487b139)] -> xpath: .//word], [[AndroidDriver: chrome on ANDROID (51a5b69d350864e9562a2470b487b139)] -> xpath: .//word], [[AndroidDriver: chrome on ANDROID (51a5b69d350864e9562a2470b487b139)] -> xpath: .//word], [[AndroidDriver: chrome on ANDROID (51a5b69d350864e9562a2470b487b139)] -> xpath: .//word], [[AndroidDriver: chrome on ANDROID (51a5b69d350864e9562a2470b487b139)] -> xpath: .//word], [[AndroidDriver: chrome on ANDROID (51a5b69d350864e9562a2470b487b139)] -> xpath: .//word], [[AndroidDriver: chrome on ANDROID (51a5b69d350864e9562a2470b487b139)] -> xpath: .//word], [[AndroidDriver: chrome on ANDROID (51a5b69d350864e9562a2470b487b139)] -> xpath: .//word], [[AndroidDriver: chrome on ANDROID (51a5b69d350864e9562a2470b487b139)] -> xpath: .//word], [[AndroidDriver: chrome on ANDROID (51a5b69d350864e9562a2470b487b139)] -> xpath: .//word], [[AndroidDriver: chrome on ANDROID (51a5b69d350864e9562a2470b487b139)] -> xpath: .//word], [[AndroidDriver: chrome on ANDROID (51a5b69d350864e9562a2470b487b139)] -> xpath: .//word], [[AndroidDriver: chrome on ANDROID (51a5b69d350864e9562a2470b487b139)] -> xpath: .//word], [[AndroidDriver: chrome on ANDROID (51a5b69d350864e9562a2470b487b139)] -> xpath: .//word], [[AndroidDriver: chrome on ANDROID (51a5b69d350864e9562a2470b487b139)] -> xpath: .//word], [[AndroidDriver: chrome on ANDROID (51a5b69d350864e9562a2470b487b139)] -> xpath: .//word], [[AndroidDriver: chrome on ANDROID (51a5b69d350864e9562a2470b487b139)] -> xpath: .//word], [[AndroidDriver: chrome on ANDROID (51a5b69d350864e9562a2470b487b139)] -> xpath: .//word], [[AndroidDriver: chrome on ANDROID (51a5b69d350864e9562a2470b487b139)] -> xpath: .//word], [[AndroidDriver: chrome on ANDROID (51a5b69d350864e9562a2470b487b139)] -> xpath: .//word], [[AndroidDriver: chrome on ANDROID (51a5b69d350864e9562a2470b487b139)] -> xpath: .//word], [[AndroidDriver: chrome on ANDROID (51a5b69d350864e9562a2470b487b139)] -> xpath: .//word], [[AndroidDriver: chrome on ANDROID (51a5b69d350864e9562a2470b487b139)] -> xpath: .//word], [[AndroidDriver: chrome on ANDROID (51a5b69d350864e9562a2470b487b139)] -> xpath: .//word], [[AndroidDriver: chrome on ANDROID (51a5b69d350864e9562a2470b487b139)] -> xpath: .//word], [[AndroidDriver: chrome on ANDROID (51a5b69d350864e9562a2470b487b139)] -> xpath: .//word], [[AndroidDriver: chrome on ANDROID (51a5b69d350864e9562a2470b487b139)] -> xpath: .//word], [[AndroidDriver: chrome on ANDROID (51a5b69d350864e9562a2470b487b139)] -> xpath: .//word], [[AndroidDriver: chrome on ANDROID (51a5b69d350864e9562a2470b487b139)] -> xpath: .//word], [[AndroidDriver: chrome on ANDROID (51a5b69d350864e9562a2470b487b139)] -> xpath: .//word], [[AndroidDriver: chrome on ANDROID (51a5b69d350864e9562a2470b487b139)] -> xpath: .//word], [[AndroidDriver: chrome on ANDROID (51a5b69d350864e9562a2470b487b139)] -> xpath: .//word], [[AndroidDriver: chrome on ANDROID (51a5b69d350864e9562a2470b487b139)] -> xpath: .//word], [[AndroidDriver: chrome on ANDROID (51a5b69d350864e9562a2470b487b139)] -> xpath: .//word], [[AndroidDriver: chrome on ANDROID (51a5b69d350864e9562a2470b487b139)] -> xpath: .//word], [[AndroidDriver: chrome on ANDROID (51a5b69d350864e9562a2470b487b139)] -> xpath: .//word], [[AndroidDriver: chrome on ANDROID (51a5b69d350864e9562a2470b487b139)] -> xpath: .//word], [[AndroidDriver: chrome on ANDROID (51a5b69d350864e9562a2470b487b139)] -> xpath: .//word], [[AndroidDriver: chrome on ANDROID (51a5b69d350864e9562a2470b487b139)] -> xpath: .//word], [[AndroidDriver: chrome on ANDROID (51a5b69d350864e9562a2470b487b139)] -> xpath: .//word], [[AndroidDriver: chrome on ANDROID (51a5b69d350864e9562a2470b487b139)] -> xpath: .//word], [[AndroidDriver: chrome on ANDROID (51a5b69d350864e9562a2470b487b139)] -> xpath: .//word], [[AndroidDriver: chrome on ANDROID (51a5b69d350864e9562a2470b487b139)] -> xpath: .//word], [[AndroidDriver: chrome on ANDROID (51a5b69d350864e9562a2470b487b139)] -> xpath: .//word], [[AndroidDriver: chrome on ANDROID (51a5b69d350864e9562a2470b487b139)] -> xpath: .//word], [[AndroidDriver: chrome on ANDROID (51a5b69d350864e9562a2470b487b139)] -> xpath: .//word], [[AndroidDriver: chrome on ANDROID (51a5b69d350864e9562a2470b487b139)] -> xpath: .//word], [[AndroidDriver: chrome on ANDROID (51a5b69d350864e9562a2470b487b139)] -> xpath: .//word], [[AndroidDriver: chrome on ANDROID (51a5b69d350864e9562a2470b487b139)] -> xpath: .//word], [[AndroidDriver: chrome on ANDROID (51a5b69d350864e9562a2470b487b139)] -> xpath: .//word], [[AndroidDriver: chrome on ANDROID (51a5b69d350864e9562a2470b487b139)] -> xpath: .//word], [[AndroidDriver: chrome on ANDROID (51a5b69d350864e9562a2470b487b139)] -> xpath: .//word], [[AndroidDriver: chrome on ANDROID (51a5b69d350864e9562a2470b487b139)] -> xpath: .//word], [[AndroidDriver: chrome on ANDROID (51a5b69d350864e9562a2470b487b139)] -> xpath: .//word], [[AndroidDriver: chrome on ANDROID (51a5b69d350864e9562a2470b487b139)] -> xpath: .//word], [[AndroidDriver: chrome on ANDROID (51a5b69d350864e9562a2470b487b139)] -> xpath: .//word], [[AndroidDriver: chrome on ANDROID (51a5b69d350864e9562a2470b487b139)] -> xpath: .//word], [[AndroidDriver: chrome on ANDROID (51a5b69d350864e9562a2470b487b139)] -> xpath: .//word], [[AndroidDriver: chrome on ANDROID (51a5b69d350864e9562a2470b487b139)] -> xpath: .//word], [[AndroidDriver: chrome on ANDROID (51a5b69d350864e9562a2470b487b139)] -> xpath: .//word], [[AndroidDriver: chrome on ANDROID (51a5b69d350864e9562a2470b487b139)] -> xpath: .//word], [[AndroidDriver: chrome on ANDROID (51a5b69d350864e9562a2470b487b139)] -> xpath: .//word], [[AndroidDriver: chrome on ANDROID (51a5b69d350864e9562a2470b487b139)] -> xpath: .//word], [[AndroidDriver: chrome on ANDROID (51a5b69d350864e9562a2470b487b139)] -> xpath: .//word], [[AndroidDriver: chrome on ANDROID (51a5b69d350864e9562a2470b487b139)] -> xpath: .//word], [[AndroidDriver: chrome on ANDROID (51a5b69d350864e9562a2470b487b139)] -> xpath: .//word], [[AndroidDriver: chrome on ANDROID (51a5b69d350864e9562a2470b487b139)] -> xpath: .//word], [[AndroidDriver: chrome on ANDROID (51a5b69d350864e9562a2470b487b139)] -> xpath: .//word], [[AndroidDriver: chrome on ANDROID (51a5b69d350864e9562a2470b487b139)] -> xpath: .//word], [[AndroidDriver: chrome on ANDROID (51a5b69d350864e9562a2470b487b139)] -> xpath: .//word], [[AndroidDriver: chrome on ANDROID (51a5b69d350864e9562a2470b487b139)] -> xpath: .//word], [[AndroidDriver: chrome on ANDROID (51a5b69d350864e9562a2470b487b139)] -> xpath: .//word], [[AndroidDriver: chrome on ANDROID (51a5b69d350864e9562a2470b487b139)] -> xpath: .//word], [[AndroidDriver: chrome on ANDROID (51a5b69d350864e9562a2470b487b139)] -> xpath: .//word], [[AndroidDriver: chrome on ANDROID (51a5b69d350864e9562a2470b487b139)] -> xpath: .//word], [[AndroidDriver: chrome on ANDROID (51a5b69d350864e9562a2470b487b139)] -> xpath: .//word], [[AndroidDriver: chrome on ANDROID (51a5b69d350864e9562a2470b487b139)] -> xpath: .//word], [[AndroidDriver: chrome on ANDROID (51a5b69d350864e9562a2470b487b139)] -> xpath: .//word], [[AndroidDriver: chrome on ANDROID (51a5b69d350864e9562a2470b487b139)] -> xpath: .//word], [[AndroidDriver: chrome on ANDROID (51a5b69d350864e9562a2470b487b139)] -> xpath: .//word], [[AndroidDriver: chrome on ANDROID (51a5b69d350864e9562a2470b487b139)] -> xpath: .//word], [[AndroidDriver: chrome on ANDROID (51a5b69d350864e9562a2470b487b139)] -> xpath: .//word], [[AndroidDriver: chrome on ANDROID (51a5b69d350864e9562a2470b487b139)] -> xpath: .//word], [[AndroidDriver: chrome on ANDROID (51a5b69d350864e9562a2470b487b139)] -> xpath: .//word], [[AndroidDriver: chrome on ANDROID (51a5b69d350864e9562a2470b487b139)] -> xpath: .//word], [[AndroidDriver: chrome on ANDROID (51a5b69d350864e9562a2470b487b139)] -> xpath: .//word], [[AndroidDriver: chrome on ANDROID (51a5b69d350864e9562a2470b487b139)] -> xpath: .//word], [[AndroidDriver: chrome on ANDROID (51a5b69d350864e9562a2470b487b139)] -> xpath: .//word], [[AndroidDriver: chrome on ANDROID (51a5b69d350864e9562a2470b487b139)] -> xpath: .//word], [[AndroidDriver: chrome on ANDROID (51a5b69d350864e9562a2470b487b139)] -> xpath: .//word], [[AndroidDriver: chrome on ANDROID (51a5b69d350864e9562a2470b487b139)] -> xpath: .//word], [[AndroidDriver: chrome on ANDROID (51a5b69d350864e9562a2470b487b139)] -> xpath: .//word], [[AndroidDriver: chrome on ANDROID (51a5b69d350864e9562a2470b487b139)] -> xpath: .//word], [[AndroidDriver: chrome on ANDROID (51a5b69d350864e9562a2470b487b139)] -> xpath: .//word], [[AndroidDriver: chrome on ANDROID (51a5b69d350864e9562a2470b487b139)] -> xpath: .//word], [[AndroidDriver: chrome on ANDROID (51a5b69d350864e9562a2470b487b139)] -> xpath: .//word], [[AndroidDriver: chrome on ANDROID (51a5b69d350864e9562a2470b487b139)] -> xpath: .//word], [[AndroidDriver: chrome on ANDROID (51a5b69d350864e9562a2470b487b139)] -> xpath: .//word], [[AndroidDriver: chrome on ANDROID (51a5b69d350864e9562a2470b487b139)] -> xpath: .//word], [[AndroidDriver: chrome on ANDROID (51a5b69d350864e9562a2470b487b139)] -> xpath: .//word], [[AndroidDriver: chrome on ANDROID (51a5b69d350864e9562a2470b487b139)] -> xpath: .//word], [[AndroidDriver: chrome on ANDROID (51a5b69d350864e9562a2470b487b139)] -> xpath: .//word], [[AndroidDriver: chrome on ANDROID (51a5b69d350864e9562a2470b487b139)] -> xpath: .//word], [[AndroidDriver: chrome on ANDROID (51a5b69d350864e9562a2470b487b139)] -> xpath: .//word], [[AndroidDriver: chrome on ANDROID (51a5b69d350864e9562a2470b487b139)] -> xpath: .//word], [[AndroidDriver: chrome on ANDROID (51a5b69d350864e9562a2470b487b139)] -> xpath: .//word], [[AndroidDriver: chrome on ANDROID (51a5b69d350864e9562a2470b487b139)] -> xpath: .//word], [[AndroidDriver: chrome on ANDROID (51a5b69d350864e9562a2470b487b139)] -> xpath: .//word], [[AndroidDriver: chrome on ANDROID (51a5b69d350864e9562a2470b487b139)] -> xpath: .//word], [[AndroidDriver: chrome on ANDROID (51a5b69d350864e9562a2470b487b139)] -> xpath: .//word], [[AndroidDriver: chrome on ANDROID (51a5b69d350864e9562a2470b487b139)] -> xpath: .//word], [[AndroidDriver: chrome on ANDROID (51a5b69d350864e9562a2470b487b139)] -> xpath: .//word], [[AndroidDriver: chrome on ANDROID (51a5b69d350864e9562a2470b487b139)] -> xpath: .//word], [[AndroidDriver: chrome on ANDROID (51a5b69d350864e9562a2470b487b139)] -> xpath: .//word], [[AndroidDriver: chrome on ANDROID (51a5b69d350864e9562a2470b487b139)] -> xpath: .//word], [[AndroidDriver: chrome on ANDROID (51a5b69d350864e9562a2470b487b139)] -> xpath: .//word], [[AndroidDriver: chrome on ANDROID (51a5b69d350864e9562a2470b487b139)] -> xpath: .//word], [[AndroidDriver: chrome on ANDROID (51a5b69d350864e9562a2470b487b139)] -> xpath: .//word], [[AndroidDriver: chrome on ANDROID (51a5b69d350864e9562a2470b487b139)] -> xpath: .//word], [[AndroidDriver: chrome on ANDROID (51a5b69d350864e9562a2470b487b139)] -> xpath: .//word], [[AndroidDriver: chrome on ANDROID (51a5b69d350864e9562a2470b487b139)] -> xpath: .//word], [[AndroidDriver: chrome on ANDROID (51a5b69d350864e9562a2470b487b139)] -> xpath: .//word], [[AndroidDriver: chrome on ANDROID (51a5b69d350864e9562a2470b487b139)] -> xpath: .//word], [[AndroidDriver: chrome on ANDROID (51a5b69d350864e9562a2470b487b139)] -> xpath: .//word], [[AndroidDriver: chrome on ANDROID (51a5b69d350864e9562a2470b487b139)] -> xpath: .//word], [[AndroidDriver: chrome on ANDROID (51a5b69d350864e9562a2470b487b139)] -> xpath: .//word], [[AndroidDriver: chrome on ANDROID (51a5b69d350864e9562a2470b487b139)] -> xpath: .//word], [[AndroidDriver: chrome on ANDROID (51a5b69d350864e9562a2470b487b139)] -> xpath: .//word], [[AndroidDriver: chrome on ANDROID (51a5b69d350864e9562a2470b487b139)] -> xpath: .//word], [[AndroidDriver: chrome on ANDROID (51a5b69d350864e9562a2470b487b139)] -> xpath: .//word], [[AndroidDriver: chrome on ANDROID (51a5b69d350864e9562a2470b487b139)] -> xpath: .//word], [[AndroidDriver: chrome on ANDROID (51a5b69d350864e9562a2470b487b139)] -> xpath: .//word], [[AndroidDriver: chrome on ANDROID (51a5b69d350864e9562a2470b487b139)] -> xpath: .//word], [[AndroidDriver: chrome on ANDROID (51a5b69d350864e9562a2470b487b139)] -> xpath: .//word], [[AndroidDriver: chrome on ANDROID (51a5b69d350864e9562a2470b487b139)] -> xpath: .//word], [[AndroidDriver: chrome on ANDROID (51a5b69d350864e9562a2470b487b139)] -> xpath: .//word], [[AndroidDriver: chrome on ANDROID (51a5b69d350864e9562a2470b487b139)] -> xpath: .//word], [[AndroidDriver: chrome on ANDROID (51a5b69d350864e9562a2470b487b139)] -> xpath: .//word], [[AndroidDriver: chrome on ANDROID (51a5b69d350864e9562a2470b487b139)] -> xpath: .//word], [[AndroidDriver: chrome on ANDROID (51a5b69d350864e9562a2470b487b139)] -> xpath: .//word], [[AndroidDriver: chrome on ANDROID (51a5b69d350864e9562a2470b487b139)] -> xpath: .//word], [[AndroidDriver: chrome on ANDROID (51a5b69d350864e9562a2470b487b139)] -> xpath: .//word], [[AndroidDriver: chrome on ANDROID (51a5b69d350864e9562a2470b487b139)] -> xpath: .//word], [[AndroidDriver: chrome on ANDROID (51a5b69d350864e9562a2470b487b139)] -> xpath: .//word], [[AndroidDriver: chrome on ANDROID (51a5b69d350864e9562a2470b487b139)] -> xpath: .//word], [[AndroidDriver: chrome on ANDROID (51a5b69d350864e9562a2470b487b139)] -> xpath: .//word], [[AndroidDriver: chrome on ANDROID (51a5b69d350864e9562a2470b487b139)] -> xpath: .//word], [[AndroidDriver: chrome on ANDROID (51a5b69d350864e9562a2470b487b139)] -> xpath: .//word], [[AndroidDriver: chrome on ANDROID (51a5b69d350864e9562a2470b487b139)] -> xpath: .//word], [[AndroidDriver: chrome on ANDROID (51a5b69d350864e9562a2470b487b139)] -> xpath: .//word], [[AndroidDriver: chrome on ANDROID (51a5b69d350864e9562a2470b487b139)] -> xpath: .//word], [[AndroidDriver: chrome on ANDROID (51a5b69d350864e9562a2470b487b139)] -> xpath: .//word], [[AndroidDriver: chrome on ANDROID (51a5b69d350864e9562a2470b487b139)] -> xpath: .//word], [[AndroidDriver: chrome on ANDROID (51a5b69d350864e9562a2470b487b139)] -> xpath: .//word], [[AndroidDriver: chrome on ANDROID (51a5b69d350864e9562a2470b487b139)] -> xpath: .//word], [[AndroidDriver: chrome on ANDROID (51a5b69d350864e9562a2470b487b139)] -> xpath: .//word], [[AndroidDriver: chrome on ANDROID (51a5b69d350864e9562a2470b487b139)] -> xpath: .//word], [[AndroidDriver: chrome on ANDROID (51a5b69d350864e9562a2470b487b139)] -> xpath: .//word], [[AndroidDriver: chrome on ANDROID (51a5b69d350864e9562a2470b487b139)] -> xpath: .//word], [[AndroidDriver: chrome on ANDROID (51a5b69d350864e9562a2470b487b139)] -> xpath: .//word], [[AndroidDriver: chrome on ANDROID (51a5b69d350864e9562a2470b487b139)] -> xpath: .//word], [[AndroidDriver: chrome on ANDROID (51a5b69d350864e9562a2470b487b139)] -> xpath: .//word], [[AndroidDriver: chrome on ANDROID (51a5b69d350864e9562a2470b487b139)] -> xpath: .//word], [[AndroidDriver: chrome on ANDROID (51a5b69d350864e9562a2470b487b139)] -> xpath: .//word], [[AndroidDriver: chrome on ANDROID (51a5b69d350864e9562a2470b487b139)] -> xpath: .//word], [[AndroidDriver: chrome on ANDROID (51a5b69d350864e9562a2470b487b139)] -> xpath: .//word], [[AndroidDriver: chrome on ANDROID (51a5b69d350864e9562a2470b487b139)] -> xpath: .//word], [[AndroidDriver: chrome on ANDROID (51a5b69d350864e9562a2470b487b139)] -> xpath: .//word], [[AndroidDriver: chrome on ANDROID (51a5b69d350864e9562a2470b487b139)] -> xpath: .//word], [[AndroidDriver: chrome on ANDROID (51a5b69d350864e9562a2470b487b139)] -> xpath: .//word], [[AndroidDriver: chrome on ANDROID (51a5b69d350864e9562a2470b487b139)] -> xpath: .//word], [[AndroidDriver: chrome on ANDROID (51a5b69d350864e9562a2470b487b139)] -> xpath: .//word], [[AndroidDriver: chrome on ANDROID (51a5b69d350864e9562a2470b487b139)] -> xpath: .//word], [[AndroidDriver: chrome on ANDROID (51a5b69d350864e9562a2470b487b139)] -> xpath: .//word], [[AndroidDriver: chrome on ANDROID (51a5b69d350864e9562a2470b487b139)] -> xpath: .//word], [[AndroidDriver: chrome on ANDROID (51a5b69d350864e9562a2470b487b139)] -> xpath: .//word], [[AndroidDriver: chrome on ANDROID (51a5b69d350864e9562a2470b487b139)] -> xpath: .//word], [[AndroidDriver: chrome on ANDROID (51a5b69d350864e9562a2470b487b139)] -> xpath: .//word], [[AndroidDriver: chrome on ANDROID (51a5b69d350864e9562a2470b487b139)] -> xpath: .//word], [[AndroidDriver: chrome on ANDROID (51a5b69d350864e9562a2470b487b139)] -> xpath: .//word], [[AndroidDriver: chrome on ANDROID (51a5b69d350864e9562a2470b487b139)] -> xpath: .//word], [[AndroidDriver: chrome on ANDROID (51a5b69d350864e9562a2470b487b139)] -> xpath: .//word], [[AndroidDriver: chrome on ANDROID (51a5b69d350864e9562a2470b487b139)] -> xpath: .//word], [[AndroidDriver: chrome on ANDROID (51a5b69d350864e9562a2470b487b139)] -> xpath: .//word], [[AndroidDriver: chrome on ANDROID (51a5b69d350864e9562a2470b487b139)] -> xpath: .//word], [[AndroidDriver: chrome on ANDROID (51a5b69d350864e9562a2470b487b139)] -> xpath: .//word], [[AndroidDriver: chrome on ANDROID (51a5b69d350864e9562a2470b487b139)] -> xpath: .//word], [[AndroidDriver: chrome on ANDROID (51a5b69d350864e9562a2470b487b139)] -> xpath: .//word], [[AndroidDriver: chrome on ANDROID (51a5b69d350864e9562a2470b487b139)] -> xpath: .//word], [[AndroidDriver: chrome on ANDROID (51a5b69d350864e9562a2470b487b139)] -> xpath: .//word], [[AndroidDriver: chrome on ANDROID (51a5b69d350864e9562a2470b487b139)] -> xpath: .//word], [[AndroidDriver: chrome on ANDROID (51a5b69d350864e9562a2470b487b139)] -> xpath: .//word], [[AndroidDriver: chrome on ANDROID (51a5b69d350864e9562a2470b487b139)] -> xpath: .//word], [[AndroidDriver: chrome on ANDROID (51a5b69d350864e9562a2470b487b139)] -> xpath: .//word], [[AndroidDriver: chrome on ANDROID (51a5b69d350864e9562a2470b487b139)] -> xpath: .//word], [[AndroidDriver: chrome on ANDROID (51a5b69d350864e9562a2470b487b139)] -> xpath: .//word], [[AndroidDriver: chrome on ANDROID (51a5b69d350864e9562a2470b487b139)] -> xpath: .//word], [[AndroidDriver: chrome on ANDROID (51a5b69d350864e9562a2470b487b139)] -> xpath: .//word], [[AndroidDriver: chrome on ANDROID (51a5b69d350864e9562a2470b487b139)] -> xpath: .//word], [[AndroidDriver: chrome on ANDROID (51a5b69d350864e9562a2470b487b139)] -> xpath: .//word], [[AndroidDriver: chrome on ANDROID (51a5b69d350864e9562a2470b487b139)] -> xpath: .//word], [[AndroidDriver: chrome on ANDROID (51a5b69d350864e9562a2470b487b139)] -> xpath: .//word], [[AndroidDriver: chrome on ANDROID (51a5b69d350864e9562a2470b487b139)] -> xpath: .//word], [[AndroidDriver: chrome on ANDROID (51a5b69d350864e9562a2470b487b139)] -> xpath: .//word], [[AndroidDriver: chrome on ANDROID (51a5b69d350864e9562a2470b487b139)] -> xpath: .//word], [[AndroidDriver: chrome on ANDROID (51a5b69d350864e9562a2470b487b139)] -> xpath: .//word], [[AndroidDriver: chrome on ANDROID (51a5b69d350864e9562a2470b487b139)] -> xpath: .//word], [[AndroidDriver: chrome on ANDROID (51a5b69d350864e9562a2470b487b139)] -> xpath: .//word], [[AndroidDriver: chrome on ANDROID (51a5b69d350864e9562a2470b487b139)] -> xpath: .//word], [[AndroidDriver: chrome on ANDROID (51a5b69d350864e9562a2470b487b139)] -> xpath: .//word], [[AndroidDriver: chrome on ANDROID (51a5b69d350864e9562a2470b487b139)] -> xpath: .//word], [[AndroidDriver: chrome on ANDROID (51a5b69d350864e9562a2470b487b139)] -> xpath: .//word], [[AndroidDriver: chrome on ANDROID (51a5b69d350864e9562a2470b487b139)] -> xpath: .//word], [[AndroidDriver: chrome on ANDROID (51a5b69d350864e9562a2470b487b139)] -> xpath: .//word], [[AndroidDriver: chrome on ANDROID (51a5b69d350864e9562a2470b487b139)] -> xpath: .//word], [[AndroidDriver: chrome on ANDROID (51a5b69d350864e9562a2470b487b139)] -> xpath: .//word], [[AndroidDriver: chrome on ANDROID (51a5b69d350864e9562a2470b487b139)] -> xpath: .//word], [[AndroidDriver: chrome on ANDROID (51a5b69d350864e9562a2470b487b139)] -> xpath: .//word], [[AndroidDriver: chrome on ANDROID (51a5b69d350864e9562a2470b487b139)] -> xpath: .//word], [[AndroidDriver: chrome on ANDROID (51a5b69d350864e9562a2470b487b139)] -> xpath: .//word], [[AndroidDriver: chrome on ANDROID (51a5b69d350864e9562a2470b487b139)] -> xpath: .//word], [[AndroidDriver: chrome on ANDROID (51a5b69d350864e9562a2470b487b139)] -> xpath: .//word], [[AndroidDriver: chrome on ANDROID (51a5b69d350864e9562a2470b487b139)] -> xpath: .//word], [[AndroidDriver: chrome on ANDROID (51a5b69d350864e9562a2470b487b139)] -> xpath: .//word], [[AndroidDriver: chrome on ANDROID (51a5b69d350864e9562a2470b487b139)] -> xpath: .//word], [[AndroidDriver: chrome on ANDROID (51a5b69d350864e9562a2470b487b139)] -> xpath: .//word], [[AndroidDriver: chrome on ANDROID (51a5b69d350864e9562a2470b487b139)] -> xpath: .//word], [[AndroidDriver: chrome on ANDROID (51a5b69d350864e9562a2470b487b139)] -> xpath: .//word], [[AndroidDriver: chrome on ANDROID (51a5b69d350864e9562a2470b487b139)] -> xpath: .//word], [[AndroidDriver: chrome on ANDROID (51a5b69d350864e9562a2470b487b139)] -> xpath: .//word], [[AndroidDriver: chrome on ANDROID (51a5b69d350864e9562a2470b487b139)] -> xpath: .//word], [[AndroidDriver: chrome on ANDROID (51a5b69d350864e9562a2470b487b139)] -> xpath: .//word], [[AndroidDriver: chrome on ANDROID (51a5b69d350864e9562a2470b487b139)] -> xpath: .//word], [[AndroidDriver: chrome on ANDROID (51a5b69d350864e9562a2470b487b139)] -> xpath: .//word], [[AndroidDriver: chrome on ANDROID (51a5b69d350864e9562a2470b487b139)] -> xpath: .//word], [[AndroidDriver: chrome on ANDROID (51a5b69d350864e9562a2470b487b139)] -> xpath: .//word], [[AndroidDriver: chrome on ANDROID (51a5b69d350864e9562a2470b487b139)] -> xpath: .//word], [[AndroidDriver: chrome on ANDROID (51a5b69d350864e9562a2470b487b139)] -> xpath: .//word], [[AndroidDriver: chrome on ANDROID (51a5b69d350864e9562a2470b487b139)] -> xpath: .//word], [[AndroidDriver: chrome on ANDROID (51a5b69d350864e9562a2470b487b139)] -> xpath: .//word], [[AndroidDriver: chrome on ANDROID (51a5b69d350864e9562a2470b487b139)] -> xpath: .//word], [[AndroidDriver: chrome on ANDROID (51a5b69d350864e9562a2470b487b139)] -> xpath: .//word], [[AndroidDriver: chrome on ANDROID (51a5b69d350864e9562a2470b487b139)] -> xpath: .//word], [[AndroidDriver: chrome on ANDROID (51a5b69d350864e9562a2470b487b139)] -> xpath: .//word], [[AndroidDriver: chrome on ANDROID (51a5b69d350864e9562a2470b487b139)] -> xpath: .//word], [[AndroidDriver: chrome on ANDROID (51a5b69d350864e9562a2470b487b139)] -> xpath: .//word], [[AndroidDriver: chrome on ANDROID (51a5b69d350864e9562a2470b487b139)] -> xpath: .//word], [[AndroidDriver: chrome on ANDROID (51a5b69d350864e9562a2470b487b139)] -> xpath: .//word], [[AndroidDriver: chrome on ANDROID (51a5b69d350864e9562a2470b487b139)] -> xpath: .//word], [[AndroidDriver: chrome on ANDROID (51a5b69d350864e9562a2470b487b139)] -> xpath: .//word], [[AndroidDriver: chrome on ANDROID (51a5b69d350864e9562a2470b487b139)] -> xpath: .//word], [[AndroidDriver: chrome on ANDROID (51a5b69d350864e9562a2470b487b139)] -> xpath: .//word], [[AndroidDriver: chrome on ANDROID (51a5b69d350864e9562a2470b487b139)] -> xpath: .//word], [[AndroidDriver: chrome on ANDROID (51a5b69d350864e9562a2470b487b139)] -> xpath: .//word], [[AndroidDriver: chrome on ANDROID (51a5b69d350864e9562a2470b487b139)] -> xpath: .//word], [[AndroidDriver: chrome on ANDROID (51a5b69d350864e9562a2470b487b139)] -> xpath: .//word], [[AndroidDriver: chrome on ANDROID (51a5b69d350864e9562a2470b487b139)] -> xpath: .//word], [[AndroidDriver: chrome on ANDROID (51a5b69d350864e9562a2470b487b139)] -> xpath: .//word], [[AndroidDriver: chrome on ANDROID (51a5b69d350864e9562a2470b487b139)] -> xpath: .//word], [[AndroidDriver: chrome on ANDROID (51a5b69d350864e9562a2470b487b139)] -> xpath: .//word], [[AndroidDriver: chrome on ANDROID (51a5b69d350864e9562a2470b487b139)] -> xpath: .//word], [[AndroidDriver: chrome on ANDROID (51a5b69d350864e9562a2470b487b139)] -> xpath: .//word], [[AndroidDriver: chrome on ANDROID (51a5b69d350864e9562a2470b487b139)] -> xpath: .//word], [[AndroidDriver: chrome on ANDROID (51a5b69d350864e9562a2470b487b139)] -> xpath: .//word], [[AndroidDriver: chrome on ANDROID (51a5b69d350864e9562a2470b487b139)] -> xpath: .//word], [[AndroidDriver: chrome on ANDROID (51a5b69d350864e9562a2470b487b139)] -> xpath: .//word], [[AndroidDriver: chrome on ANDROID (51a5b69d350864e9562a2470b487b139)] -> xpath: .//word], [[AndroidDriver: chrome on ANDROID (51a5b69d350864e9562a2470b487b139)] -> xpath: .//word], [[AndroidDriver: chrome on ANDROID (51a5b69d350864e9562a2470b487b139)] -> xpath: .//word], [[AndroidDriver: chrome on ANDROID (51a5b69d350864e9562a2470b487b139)] -> xpath: .//word], [[AndroidDriver: chrome on ANDROID (51a5b69d350864e9562a2470b487b139)] -> xpath: .//word], [[AndroidDriver: chrome on ANDROID (51a5b69d350864e9562a2470b487b139)] -> xpath: .//word], [[AndroidDriver: chrome on ANDROID (51a5b69d350864e9562a2470b487b139)] -> xpath: .//word], [[AndroidDriver: chrome on ANDROID (51a5b69d350864e9562a2470b487b139)] -> xpath: .//word], [[AndroidDriver: chrome on ANDROID (51a5b69d350864e9562a2470b487b139)] -> xpath: .//word], [[AndroidDriver: chrome on ANDROID (51a5b69d350864e9562a2470b487b139)] -> xpath: .//word], [[AndroidDriver: chrome on ANDROID (51a5b69d350864e9562a2470b487b139)] -> xpath: .//word], [[AndroidDriver: chrome on ANDROID (51a5b69d350864e9562a2470b487b139)] -> xpath: .//word], [[AndroidDriver: chrome on ANDROID (51a5b69d350864e9562a2470b487b139)] -> xpath: .//word], [[AndroidDriver: chrome on ANDROID (51a5b69d350864e9562a2470b487b139)] -> xpath: .//word], [[AndroidDriver: chrome on ANDROID (51a5b69d350864e9562a2470b487b139)] -> xpath: .//word], [[AndroidDriver: chrome on ANDROID (51a5b69d350864e9562a2470b487b139)] -> xpath: .//word], [[AndroidDriver: chrome on ANDROID (51a5b69d350864e9562a2470b487b139)] -> xpath: .//word], [[AndroidDriver: chrome on ANDROID (51a5b69d350864e9562a2470b487b139)] -> xpath: .//word], [[AndroidDriver: chrome on ANDROID (51a5b69d350864e9562a2470b487b139)] -> xpath: .//word], [[AndroidDriver: chrome on ANDROID (51a5b69d350864e9562a2470b487b139)] -> xpath: .//word], [[AndroidDriver: chrome on ANDROID (51a5b69d350864e9562a2470b487b139)] -> xpath: .//word], [[AndroidDriver: chrome on ANDROID (51a5b69d350864e9562a2470b487b139)] -> xpath: .//word], [[AndroidDriver: chrome on ANDROID (51a5b69d350864e9562a2470b487b139)] -> xpath: .//word], [[AndroidDriver: chrome on ANDROID (51a5b69d350864e9562a2470b487b139)] -> xpath: .//word], [[AndroidDriver: chrome on ANDROID (51a5b69d350864e9562a2470b487b139)] -> xpath: .//word], [[AndroidDriver: chrome on ANDROID (51a5b69d350864e9562a2470b487b139)] -> xpath: .//word], [[AndroidDriver: chrome on ANDROID (51a5b69d350864e9562a2470b487b139)] -> xpath: .//word], [[AndroidDriver: chrome on ANDROID (51a5b69d350864e9562a2470b487b139)] -> xpath: .//word], [[AndroidDriver: chrome on ANDROID (51a5b69d350864e9562a2470b487b139)] -> xpath: .//word], [[AndroidDriver: chrome on ANDROID (51a5b69d350864e9562a2470b487b139)] -> xpath: .//word], [[AndroidDriver: chrome on ANDROID (51a5b69d350864e9562a2470b487b139)] -> xpath: .//word], [[AndroidDriver: chrome on ANDROID (51a5b69d350864e9562a2470b487b139)] -> xpath: .//word], [[AndroidDriver: chrome on ANDROID (51a5b69d350864e9562a2470b487b139)] -> xpath: .//word], [[AndroidDriver: chrome on ANDROID (51a5b69d350864e9562a2470b487b139)] -> xpath: .//word], [[AndroidDriver: chrome on ANDROID (51a5b69d350864e9562a2470b487b139)] -> xpath: .//word], [[AndroidDriver: chrome on ANDROID (51a5b69d350864e9562a2470b487b139)] -> xpath: .//word], [[AndroidDriver: chrome on ANDROID (51a5b69d350864e9562a2470b487b139)] -> xpath: .//word], [[AndroidDriver: chrome on ANDROID (51a5b69d350864e9562a2470b487b139)] -> xpath: .//word], [[AndroidDriver: chrome on ANDROID (51a5b69d350864e9562a2470b487b139)] -> xpath: .//word], [[AndroidDriver: chrome on ANDROID (51a5b69d350864e9562a2470b487b139)] -> xpath: .//word], [[AndroidDriver: chrome on ANDROID (51a5b69d350864e9562a2470b487b139)] -> xpath: .//word], [[AndroidDriver: chrome on ANDROID (51a5b69d350864e9562a2470b487b139)] -> xpath: .//word], [[AndroidDriver: chrome on ANDROID (51a5b69d350864e9562a2470b487b139)] -> xpath: .//word], [[AndroidDriver: chrome on ANDROID (51a5b69d350864e9562a2470b487b139)] -> xpath: .//word], [[AndroidDriver: chrome on ANDROID (51a5b69d350864e9562a2470b487b139)] -> xpath: .//word], [[AndroidDriver: chrome on ANDROID (51a5b69d350864e9562a2470b487b139)] -> xpath: .//word], [[AndroidDriver: chrome on ANDROID (51a5b69d350864e9562a2470b487b139)] -> xpath: .//word], [[AndroidDriver: chrome on ANDROID (51a5b69d350864e9562a2470b487b139)] -> xpath: .//word], [[AndroidDriver: chrome on ANDROID (51a5b69d350864e9562a2470b487b139)] -> xpath: .//word], [[AndroidDriver: chrome on ANDROID (51a5b69d350864e9562a2470b487b139)] -> xpath: .//word], [[AndroidDriver: chrome on ANDROID (51a5b69d350864e9562a2470b487b139)] -> xpath: .//word], [[AndroidDriver: chrome on ANDROID (51a5b69d350864e9562a2470b487b139)] -> xpath: .//word], [[AndroidDriver: chrome on ANDROID (51a5b69d350864e9562a2470b487b139)] -> xpath: .//word], [[AndroidDriver: chrome on ANDROID (51a5b69d350864e9562a2470b487b139)] -> xpath: .//word], [[AndroidDriver: chrome on ANDROID (51a5b69d350864e9562a2470b487b139)] -> xpath: .//word], [[AndroidDriver: chrome on ANDROID (51a5b69d350864e9562a2470b487b139)] -> xpath: .//word], [[AndroidDriver: chrome on ANDROID (51a5b69d350864e9562a2470b487b139)] -> xpath: .//word], [[AndroidDriver: chrome on ANDROID (51a5b69d350864e9562a2470b487b139)] -> xpath: .//word], [[AndroidDriver: chrome on ANDROID (51a5b69d350864e9562a2470b487b139)] -> xpath: .//word], [[AndroidDriver: chrome on ANDROID (51a5b69d350864e9562a2470b487b139)] -> xpath: .//word], [[AndroidDriver: chrome on ANDROID (51a5b69d350864e9562a2470b487b139)] -> xpath: .//word], [[AndroidDriver: chrome on ANDROID (51a5b69d350864e9562a2470b487b139)] -> xpath: .//word], [[AndroidDriver: chrome on ANDROID (51a5b69d350864e9562a2470b487b139)] -> xpath: .//word], [[AndroidDriver: chrome on ANDROID (51a5b69d350864e9562a2470b487b139)] -> xpath: .//word], [[AndroidDriver: chrome on ANDROID (51a5b69d350864e9562a2470b487b139)] -> xpath: .//word], [[AndroidDriver: chrome on ANDROID (51a5b69d350864e9562a2470b487b139)] -> xpath: .//word], [[AndroidDriver: chrome on ANDROID (51a5b69d350864e9562a2470b487b139)] -> xpath: .//word], [[AndroidDriver: chrome on ANDROID (51a5b69d350864e9562a2470b487b139)] -> xpath: .//word], [[AndroidDriver: chrome on ANDROID (51a5b69d350864e9562a2470b487b139)] -> xpath: .//word], [[AndroidDriver: chrome on ANDROID (51a5b69d350864e9562a2470b487b139)] -> xpath: .//word], [[AndroidDriver: chrome on ANDROID (51a5b69d350864e9562a2470b487b139)] -> xpath: .//word], [[AndroidDriver: chrome on ANDROID (51a5b69d350864e9562a2470b487b139)] -> xpath: .//word], [[AndroidDriver: chrome on ANDROID (51a5b69d350864e9562a2470b487b139)] -> xpath: .//word], [[AndroidDriver: chrome on ANDROID (51a5b69d350864e9562a2470b487b139)] -> xpath: .//word], [[AndroidDriver: chrome on ANDROID (51a5b69d350864e9562a2470b487b139)] -> xpath: .//word], [[AndroidDriver: chrome on ANDROID (51a5b69d350864e9562a2470b487b139)] -> xpath: .//word], [[AndroidDriver: chrome on ANDROID (51a5b69d350864e9562a2470b487b139)] -> xpath: .//word], [[AndroidDriver: chrome on ANDROID (51a5b69d350864e9562a2470b487b139)] -> xpath: .//word], [[AndroidDriver: chrome on ANDROID (51a5b69d350864e9562a2470b487b139)] -> xpath: .//word], [[AndroidDriver: chrome on ANDROID (51a5b69d350864e9562a2470b487b139)] -> xpath: .//word], [[AndroidDriver: chrome on ANDROID (51a5b69d350864e9562a2470b487b139)] -> xpath: .//word], [[AndroidDriver: chrome on ANDROID (51a5b69d350864e9562a2470b487b139)] -> xpath: .//word], [[AndroidDriver: chrome on ANDROID (51a5b69d350864e9562a2470b487b139)] -> xpath: .//word], [[AndroidDriver: chrome on ANDROID (51a5b69d350864e9562a2470b487b139)] -> xpath: .//word], [[AndroidDriver: chrome on ANDROID (51a5b69d350864e9562a2470b487b139)] -> xpath: .//word], [[AndroidDriver: chrome on ANDROID (51a5b69d350864e9562a2470b487b139)] -> xpath: .//word], [[AndroidDriver: chrome on ANDROID (51a5b69d350864e9562a2470b487b139)] -> xpath: .//word], [[AndroidDriver: chrome on ANDROID (51a5b69d350864e9562a2470b487b139)] -> xpath: .//word], [[AndroidDriver: chrome on ANDROID (51a5b69d350864e9562a2470b487b139)] -> xpath: .//word], [[AndroidDriver: chrome on ANDROID (51a5b69d350864e9562a2470b487b139)] -> xpath: .//word], [[AndroidDriver: chrome on ANDROID (51a5b69d350864e9562a2470b487b139)] -> xpath: .//word], [[AndroidDriver: chrome on ANDROID (51a5b69d350864e9562a2470b487b139)] -> xpath: .//word], [[AndroidDriver: chrome on ANDROID (51a5b69d350864e9562a2470b487b139)] -> xpath: .//word], [[AndroidDriver: chrome on ANDROID (51a5b69d350864e9562a2470b487b139)] -> xpath: .//word], [[AndroidDriver: chrome on ANDROID (51a5b69d350864e9562a2470b487b139)] -> xpath: .//word], [[AndroidDriver: chrome on ANDROID (51a5b69d350864e9562a2470b487b139)] -> xpath: .//word], [[AndroidDriver: chrome on ANDROID (51a5b69d350864e9562a2470b487b139)] -> xpath: .//word], [[AndroidDriver: chrome on ANDROID (51a5b69d350864e9562a2470b487b139)] -> xpath: .//word], [[AndroidDriver: chrome on ANDROID (51a5b69d350864e9562a2470b487b139)] -> xpath: .//word], [[AndroidDriver: chrome on ANDROID (51a5b69d350864e9562a2470b487b139)] -> xpath: .//word], [[AndroidDriver: chrome on ANDROID (51a5b69d350864e9562a2470b487b139)] -> xpath: .//word], [[AndroidDriver: chrome on ANDROID (51a5b69d350864e9562a2470b487b139)] -> xpath: .//word], [[AndroidDriver: chrome on ANDROID (51a5b69d350864e9562a2470b487b139)] -> xpath: .//word], [[AndroidDriver: chrome on ANDROID (51a5b69d350864e9562a2470b487b139)] -> xpath: .//word], [[AndroidDriver: chrome on ANDROID (51a5b69d350864e9562a2470b487b139)] -> xpath: .//word], [[AndroidDriver: chrome on ANDROID (51a5b69d350864e9562a2470b487b139)] -> xpath: .//word], [[AndroidDriver: chrome on ANDROID (51a5b69d350864e9562a2470b487b139)] -> xpath: .//word], [[AndroidDriver: chrome on ANDROID (51a5b69d350864e9562a2470b487b139)] -> xpath: .//word], [[AndroidDriver: chrome on ANDROID (51a5b69d350864e9562a2470b487b139)] -> xpath: .//word], [[AndroidDriver: chrome on ANDROID (51a5b69d350864e9562a2470b487b139)] -> xpath: .//word], [[AndroidDriver: chrome on ANDROID (51a5b69d350864e9562a2470b487b139)] -> xpath: .//word], [[AndroidDriver: chrome on ANDROID (51a5b69d350864e9562a2470b487b139)] -> xpath: .//word], [[AndroidDriver: chrome on ANDROID (51a5b69d350864e9562a2470b487b139)] -> xpath: .//word], [[AndroidDriver: chrome on ANDROID (51a5b69d350864e9562a2470b487b139)] -> xpath: .//word], [[AndroidDriver: chrome on ANDROID (51a5b69d350864e9562a2470b487b139)] -> xpath: .//word], [[AndroidDriver: chrome on ANDROID (51a5b69d350864e9562a2470b487b139)] -> xpath: .//word], [[AndroidDriver: chrome on ANDROID (51a5b69d350864e9562a2470b487b139)] -> xpath: .//word], [[AndroidDriver: chrome on ANDROID (51a5b69d350864e9562a2470b487b139)] -> xpath: .//word], [[AndroidDriver: chrome on ANDROID (51a5b69d350864e9562a2470b487b139)] -> xpath: .//word], [[AndroidDriver: chrome on ANDROID (51a5b69d350864e9562a2470b487b139)] -> xpath: .//word], [[AndroidDriver: chrome on ANDROID (51a5b69d350864e9562a2470b487b139)] -> xpath: .//word], [[AndroidDriver: chrome on ANDROID (51a5b69d350864e9562a2470b487b139)] -> xpath: .//word], [[AndroidDriver: chrome on ANDROID (51a5b69d350864e9562a2470b487b139)] -> xpath: .//word], [[AndroidDriver: chrome on ANDROID (51a5b69d350864e9562a2470b487b139)] -> xpath: .//word], [[AndroidDriver: chrome on ANDROID (51a5b69d350864e9562a2470b487b139)] -> xpath: .//word], [[AndroidDriver: chrome on ANDROID (51a5b69d350864e9562a2470b487b139)] -> xpath: .//word], [[AndroidDriver: chrome on ANDROID (51a5b69d350864e9562a2470b487b139)] -> xpath: .//word], [[AndroidDriver: chrome on ANDROID (51a5b69d350864e9562a2470b487b139)] -> xpath: .//word], [[AndroidDriver: chrome on ANDROID (51a5b69d350864e9562a2470b487b139)] -> xpath: .//word], [[AndroidDriver: chrome on ANDROID (51a5b69d350864e9562a2470b487b139)] -> xpath: .//word], [[AndroidDriver: chrome on ANDROID (51a5b69d350864e9562a2470b487b139)] -> xpath: .//word], [[AndroidDriver: chrome on ANDROID (51a5b69d350864e9562a2470b487b139)] -> xpath: .//word], [[AndroidDriver: chrome on ANDROID (51a5b69d350864e9562a2470b487b139)] -> xpath: .//word], [[AndroidDriver: chrome on ANDROID (51a5b69d350864e9562a2470b487b139)] -> xpath: .//word], [[AndroidDriver: chrome on ANDROID (51a5b69d350864e9562a2470b487b139)] -> xpath: .//word], [[AndroidDriver: chrome on ANDROID (51a5b69d350864e9562a2470b487b139)] -> xpath: .//word], [[AndroidDriver: chrome on ANDROID (51a5b69d350864e9562a2470b487b139)] -> xpath: .//word], [[AndroidDriver: chrome on ANDROID (51a5b69d350864e9562a2470b487b139)] -> xpath: .//word], [[AndroidDriver: chrome on ANDROID (51a5b69d350864e9562a2470b487b139)] -> xpath: .//word], [[AndroidDriver: chrome on ANDROID (51a5b69d350864e9562a2470b487b139)] -> xpath: .//word], [[AndroidDriver: chrome on ANDROID (51a5b69d350864e9562a2470b487b139)] -> xpath: .//word], [[AndroidDriver: chrome on ANDROID (51a5b69d350864e9562a2470b487b139)] -> xpath: .//word], [[AndroidDriver: chrome on ANDROID (51a5b69d350864e9562a2470b487b139)] -> xpath: .//word], [[AndroidDriver: chrome on ANDROID (51a5b69d350864e9562a2470b487b139)] -> xpath: .//word], [[AndroidDriver: chrome on ANDROID (51a5b69d350864e9562a2470b487b139)] -> xpath: .//word], [[AndroidDriver: chrome on ANDROID (51a5b69d350864e9562a2470b487b139)] -> xpath: .//word], [[AndroidDriver: chrome on ANDROID (51a5b69d350864e9562a2470b487b139)] -> xpath: .//word], [[AndroidDriver: chrome on ANDROID (51a5b69d350864e9562a2470b487b139)] -> xpath: .//word], [[AndroidDriver: chrome on ANDROID (51a5b69d350864e9562a2470b487b139)] -> xpath: .//word], [[AndroidDriver: chrome on ANDROID (51a5b69d350864e9562a2470b487b139)] -> xpath: .//word], [[AndroidDriver: chrome on ANDROID (51a5b69d350864e9562a2470b487b139)] -> xpath: .//word], [[AndroidDriver: chrome on ANDROID (51a5b69d350864e9562a2470b487b139)] -> xpath: .//word], [[AndroidDriver: chrome on ANDROID (51a5b69d350864e9562a2470b487b139)] -> xpath: .//word], [[AndroidDriver: chrome on ANDROID (51a5b69d350864e9562a2470b487b139)] -> xpath: .//word], [[AndroidDriver: chrome on ANDROID (51a5b69d350864e9562a2470b487b139)] -> xpath: .//word], [[AndroidDriver: chrome on ANDROID (51a5b69d350864e9562a2470b487b139)] -> xpath: .//word], [[AndroidDriver: chrome on ANDROID (51a5b69d350864e9562a2470b487b139)] -> xpath: .//word], [[AndroidDriver: chrome on ANDROID (51a5b69d350864e9562a2470b487b139)] -> xpath: .//word], [[AndroidDriver: chrome on ANDROID (51a5b69d350864e9562a2470b487b139)] -> xpath: .//word], [[AndroidDriver: chrome on ANDROID (51a5b69d350864e9562a2470b487b139)] -> xpath: .//word], [[AndroidDriver: chrome on ANDROID (51a5b69d350864e9562a2470b487b139)] -> xpath: .//word], [[AndroidDriver: chrome on ANDROID (51a5b69d350864e9562a2470b487b139)] -> xpath: .//word], [[AndroidDriver: chrome on ANDROID (51a5b69d350864e9562a2470b487b139)] -> xpath: .//word], [[AndroidDriver: chrome on ANDROID (51a5b69d350864e9562a2470b487b139)] -> xpath: .//word], [[AndroidDriver: chrome on ANDROID (51a5b69d350864e9562a2470b487b139)] -> xpath: .//word], [[AndroidDriver: chrome on ANDROID (51a5b69d350864e9562a2470b487b139)] -> xpath: .//word], [[AndroidDriver: chrome on ANDROID (51a5b69d350864e9562a2470b487b139)] -> xpath: .//word], [[AndroidDriver: chrome on ANDROID (51a5b69d350864e9562a2470b487b139)] -> xpath: .//word], [[AndroidDriver: chrome on ANDROID (51a5b69d350864e9562a2470b487b139)] -> xpath: .//word], [[AndroidDriver: chrome on ANDROID (51a5b69d350864e9562a2470b487b139)] -> xpath: .//word], [[AndroidDriver: chrome on ANDROID (51a5b69d350864e9562a2470b487b139)] -> xpath: .//word], [[AndroidDriver: chrome on ANDROID (51a5b69d350864e9562a2470b487b139)] -> xpath: .//word], [[AndroidDriver: chrome on ANDROID (51a5b69d350864e9562a2470b487b139)] -> xpath: .//word], [[AndroidDriver: chrome on ANDROID (51a5b69d350864e9562a2470b487b139)] -> xpath: .//word], [[AndroidDriver: chrome on ANDROID (51a5b69d350864e9562a2470b487b139)] -> xpath: .//word], [[AndroidDriver: chrome on ANDROID (51a5b69d350864e9562a2470b487b139)] -> xpath: .//word], [[AndroidDriver: chrome on ANDROID (51a5b69d350864e9562a2470b487b139)] -> xpath: .//word], [[AndroidDriver: chrome on ANDROID (51a5b69d350864e9562a2470b487b139)] -> xpath: .//word], [[AndroidDriver: chrome on ANDROID (51a5b69d350864e9562a2470b487b139)] -> xpath: .//word], [[AndroidDriver: chrome on ANDROID (51a5b69d350864e9562a2470b487b139)] -> xpath: .//word], [[AndroidDriver: chrome on ANDROID (51a5b69d350864e9562a2470b487b139)] -> xpath: .//word], [[AndroidDriver: chrome on ANDROID (51a5b69d350864e9562a2470b487b139)] -> xpath: .//word], [[AndroidDriver: chrome on ANDROID (51a5b69d350864e9562a2470b487b139)] -> xpath: .//word], [[AndroidDriver: chrome on ANDROID (51a5b69d350864e9562a2470b487b139)] -> xpath: .//word], [[AndroidDriver: chrome on ANDROID (51a5b69d350864e9562a2470b487b139)] -> xpath: .//word], [[AndroidDriver: chrome on ANDROID (51a5b69d350864e9562a2470b487b139)] -> xpath: .//word], [[AndroidDriver: chrome on ANDROID (51a5b69d350864e9562a2470b487b139)] -> xpath: .//word], [[AndroidDriver: chrome on ANDROID (51a5b69d350864e9562a2470b487b139)] -> xpath: .//word], [[AndroidDriver: chrome on ANDROID (51a5b69d350864e9562a2470b487b139)] -> xpath: .//word], [[AndroidDriver: chrome on ANDROID (51a5b69d350864e9562a2470b487b139)] -> xpath: .//word], [[AndroidDriver: chrome on ANDROID (51a5b69d350864e9562a2470b487b139)] -> xpath: .//word], [[AndroidDriver: chrome on ANDROID (51a5b69d350864e9562a2470b487b139)] -> xpath: .//word], [[AndroidDriver: chrome on ANDROID (51a5b69d350864e9562a2470b487b139)] -> xpath: .//word], [[AndroidDriver: chrome on ANDROID (51a5b69d350864e9562a2470b487b139)] -> xpath: .//word], [[AndroidDriver: chrome on ANDROID (51a5b69d350864e9562a2470b487b139)] -> xpath: .//word], [[AndroidDriver: chrome on ANDROID (51a5b69d350864e9562a2470b487b139)] -> xpath: .//word], [[AndroidDriver: chrome on ANDROID (51a5b69d350864e9562a2470b487b139)] -> xpath: .//word], [[AndroidDriver: chrome on ANDROID (51a5b69d350864e9562a2470b487b139)] -> xpath: .//word], [[AndroidDriver: chrome on ANDROID (51a5b69d350864e9562a2470b487b139)] -> xpath: .//word], [[AndroidDriver: chrome on ANDROID (51a5b69d350864e9562a2470b487b139)] -> xpath: .//word], [[AndroidDriver: chrome on ANDROID (51a5b69d350864e9562a2470b487b139)] -> xpath: .//word], [[AndroidDriver: chrome on ANDROID (51a5b69d350864e9562a2470b487b139)] -> xpath: .//word], [[AndroidDriver: chrome on ANDROID (51a5b69d350864e9562a2470b487b139)] -> xpath: .//word], [[AndroidDriver: chrome on ANDROID (51a5b69d350864e9562a2470b487b139)] -> xpath: .//word], [[AndroidDriver: chrome on ANDROID (51a5b69d350864e9562a2470b487b139)] -> xpath: .//word], [[AndroidDriver: chrome on ANDROID (51a5b69d350864e9562a2470b487b139)] -> xpath: .//word], [[AndroidDriver: chrome on ANDROID (51a5b69d350864e9562a2470b487b139)] -> xpath: .//word], [[AndroidDriver: chrome on ANDROID (51a5b69d350864e9562a2470b487b139)] -> xpath: .//word], [[AndroidDriver: chrome on ANDROID (51a5b69d350864e9562a2470b487b139)] -> xpath: .//word], [[AndroidDriver: chrome on ANDROID (51a5b69d350864e9562a2470b487b139)] -> xpath: .//word], [[AndroidDriver: chrome on ANDROID (51a5b69d350864e9562a2470b487b139)] -> xpath: .//word], [[AndroidDriver: chrome on ANDROID (51a5b69d350864e9562a2470b487b139)] -> xpath: .//word], [[AndroidDriver: chrome on ANDROID (51a5b69d350864e9562a2470b487b139)] -> xpath: .//word], [[AndroidDriver: chrome on ANDROID (51a5b69d350864e9562a2470b487b139)] -> xpath: .//word], [[AndroidDriver: chrome on ANDROID (51a5b69d350864e9562a2470b487b139)] -> xpath: .//word], [[AndroidDriver: chrome on ANDROID (51a5b69d350864e9562a2470b487b139)] -> xpath: .//word], [[AndroidDriver: chrome on ANDROID (51a5b69d350864e9562a2470b487b139)] -> xpath: .//word], [[AndroidDriver: chrome on ANDROID (51a5b69d350864e9562a2470b487b139)] -> xpath: .//word], [[AndroidDriver: chrome on ANDROID (51a5b69d350864e9562a2470b487b139)] -> xpath: .//word], [[AndroidDriver: chrome on ANDROID (51a5b69d350864e9562a2470b487b139)] -> xpath: .//word], [[AndroidDriver: chrome on ANDROID (51a5b69d350864e9562a2470b487b139)] -> xpath: .//word], [[AndroidDriver: chrome on ANDROID (51a5b69d350864e9562a2470b487b139)] -> xpath: .//word], [[AndroidDriver: chrome on ANDROID (51a5b69d350864e9562a2470b487b139)] -> xpath: .//word], [[AndroidDriver: chrome on ANDROID (51a5b69d350864e9562a2470b487b139)] -> xpath: .//word], [[AndroidDriver: chrome on ANDROID (51a5b69d350864e9562a2470b487b139)] -> xpath: .//word], [[AndroidDriver: chrome on ANDROID (51a5b69d350864e9562a2470b487b139)] -> xpath: .//word], [[AndroidDriver: chrome on ANDROID (51a5b69d350864e9562a2470b487b139)] -> xpath: .//word], [[AndroidDriver: chrome on ANDROID (51a5b69d350864e9562a2470b487b139)] -> xpath: .//word], [[AndroidDriver: chrome on ANDROID (51a5b69d350864e9562a2470b487b139)] -> xpath: .//word], [[AndroidDriver: chrome on ANDROID (51a5b69d350864e9562a2470b487b139)] -> xpath: .//word], [[AndroidDriver: chrome on ANDROID (51a5b69d350864e9562a2470b487b139)] -> xpath: .//word], [[AndroidDriver: chrome on ANDROID (51a5b69d350864e9562a2470b487b139)] -> xpath: .//word], [[AndroidDriver: chrome on ANDROID (51a5b69d350864e9562a2470b487b139)] -> xpath: .//word], [[AndroidDriver: chrome on ANDROID (51a5b69d350864e9562a2470b487b139)] -> xpath: .//word], [[AndroidDriver: chrome on ANDROID (51a5b69d350864e9562a2470b487b139)] -> xpath: .//word], [[AndroidDriver: chrome on ANDROID (51a5b69d350864e9562a2470b487b139)] -> xpath: .//word], [[AndroidDriver: chrome on ANDROID (51a5b69d350864e9562a2470b487b139)] -> xpath: .//word], [[AndroidDriver: chrome on ANDROID (51a5b69d350864e9562a2470b487b139)] -> xpath: .//word], [[AndroidDriver: chrome on ANDROID (51a5b69d350864e9562a2470b487b139)] -> xpath: .//word], [[AndroidDriver: chrome on ANDROID (51a5b69d350864e9562a2470b487b139)] -> xpath: .//word], [[AndroidDriver: chrome on ANDROID (51a5b69d350864e9562a2470b487b139)] -> xpath: .//word], [[AndroidDriver: chrome on ANDROID (51a5b69d350864e9562a2470b487b139)] -> xpath: .//word], [[AndroidDriver: chrome on ANDROID (51a5b69d350864e9562a2470b487b139)] -> xpath: .//word], [[AndroidDriver: chrome on ANDROID (51a5b69d350864e9562a2470b487b139)] -> xpath: .//word], [[AndroidDriver: chrome on ANDROID (51a5b69d350864e9562a2470b487b139)] -> xpath: .//word], [[AndroidDriver: chrome on ANDROID (51a5b69d350864e9562a2470b487b139)] -> xpath: .//word], [[AndroidDriver: chrome on ANDROID (51a5b69d350864e9562a2470b487b139)] -> xpath: .//word], [[AndroidDriver: chrome on ANDROID (51a5b69d350864e9562a2470b487b139)] -> xpath: .//word], [[AndroidDriver: chrome on ANDROID (51a5b69d350864e9562a2470b487b139)] -> xpath: .//word], [[AndroidDriver: chrome on ANDROID (51a5b69d350864e9562a2470b487b139)] -> xpath: .//word], [[AndroidDriver: chrome on ANDROID (51a5b69d350864e9562a2470b487b139)] -> xpath: .//word], [[AndroidDriver: chrome on ANDROID (51a5b69d350864e9562a2470b487b139)] -> xpath: .//word], [[AndroidDriver: chrome on ANDROID (51a5b69d350864e9562a2470b487b139)] -> xpath: .//word], [[AndroidDriver: chrome on ANDROID (51a5b69d350864e9562a2470b487b139)] -> xpath: .//word], [[AndroidDriver: chrome on ANDROID (51a5b69d350864e9562a2470b487b139)] -> xpath: .//word], [[AndroidDriver: chrome on ANDROID (51a5b69d350864e9562a2470b487b139)] -> xpath: .//word], [[AndroidDriver: chrome on ANDROID (51a5b69d350864e9562a2470b487b139)] -> xpath: .//word], [[AndroidDriver: chrome on ANDROID (51a5b69d350864e9562a2470b487b139)] -> xpath: .//word], [[AndroidDriver: chrome on ANDROID (51a5b69d350864e9562a2470b487b139)] -> xpath: .//word], [[AndroidDriver: chrome on ANDROID (51a5b69d350864e9562a2470b487b139)] -> xpath: .//word], [[AndroidDriver: chrome on ANDROID (51a5b69d350864e9562a2470b487b139)] -> xpath: .//word], [[AndroidDriver: chrome on ANDROID (51a5b69d350864e9562a2470b487b139)] -> xpath: .//word], [[AndroidDriver: chrome on ANDROID (51a5b69d350864e9562a2470b487b139)] -> xpath: .//word], [[AndroidDriver: chrome on ANDROID (51a5b69d350864e9562a2470b487b139)] -> xpath: .//word], [[AndroidDriver: chrome on ANDROID (51a5b69d350864e9562a2470b487b139)] -> xpath: .//word], [[AndroidDriver: chrome on ANDROID (51a5b69d350864e9562a2470b487b139)] -> xpath: .//word], [[AndroidDriver: chrome on ANDROID (51a5b69d350864e9562a2470b487b139)] -> xpath: .//word], [[AndroidDriver: chrome on ANDROID (51a5b69d350864e9562a2470b487b139)] -> xpath: .//word], [[AndroidDriver: chrome on ANDROID (51a5b69d350864e9562a2470b487b139)] -> xpath: .//word], [[AndroidDriver: chrome on ANDROID (51a5b69d350864e9562a2470b487b139)] -> xpath: .//word], [[AndroidDriver: chrome on ANDROID (51a5b69d350864e9562a2470b487b139)] -> xpath: .//word], [[AndroidDriver: chrome on ANDROID (51a5b69d350864e9562a2470b487b139)] -> xpath: .//word], [[AndroidDriver: chrome on ANDROID (51a5b69d350864e9562a2470b487b139)] -> xpath: .//word], [[AndroidDriver: chrome on ANDROID (51a5b69d350864e9562a2470b487b139)] -> xpath: .//word], [[AndroidDriver: chrome on ANDROID (51a5b69d350864e9562a2470b487b139)] -> xpath: .//word], [[AndroidDriver: chrome on ANDROID (51a5b69d350864e9562a2470b487b139)] -> xpath: .//word], [[AndroidDriver: chrome on ANDROID (51a5b69d350864e9562a2470b487b139)] -> xpath: .//word], [[AndroidDriver: chrome on ANDROID (51a5b69d350864e9562a2470b487b139)] -> xpath: .//word], [[AndroidDriver: chrome on ANDROID (51a5b69d350864e9562a2470b487b139)] -> xpath: .//word], [[AndroidDriver: chrome on ANDROID (51a5b69d350864e9562a2470b487b139)] -> xpath: .//word], [[AndroidDriver: chrome on ANDROID (51a5b69d350864e9562a2470b487b139)] -> xpath: .//word], [[AndroidDriver: chrome on ANDROID (51a5b69d350864e9562a2470b487b139)] -> xpath: .//word], [[AndroidDriver: chrome on ANDROID (51a5b69d350864e9562a2470b487b139)] -> xpath: .//word], [[AndroidDriver: chrome on ANDROID (51a5b69d350864e9562a2470b487b139)] -> xpath: .//word], [[AndroidDriver: chrome on ANDROID (51a5b69d350864e9562a2470b487b139)] -> xpath: .//word], [[AndroidDriver: chrome on ANDROID (51a5b69d350864e9562a2470b487b139)] -> xpath: .//word], [[AndroidDriver: chrome on ANDROID (51a5b69d350864e9562a2470b487b139)] -> xpath: .//word], [[AndroidDriver: chrome on ANDROID (51a5b69d350864e9562a2470b487b139)] -> xpath: .//word], [[AndroidDriver: chrome on ANDROID (51a5b69d350864e9562a2470b487b139)] -> xpath: .//word], [[AndroidDriver: chrome on ANDROID (51a5b69d350864e9562a2470b487b139)] -> xpath: .//word], [[AndroidDriver: chrome on ANDROID (51a5b69d350864e9562a2470b487b139)] -> xpath: .//word], [[AndroidDriver: chrome on ANDROID (51a5b69d350864e9562a2470b487b139)] -> xpath: .//word], [[AndroidDriver: chrome on ANDROID (51a5b69d350864e9562a2470b487b139)] -> xpath: .//word], [[AndroidDriver: chrome on ANDROID (51a5b69d350864e9562a2470b487b139)] -> xpath: .//word], [[AndroidDriver: chrome on ANDROID (51a5b69d350864e9562a2470b487b139)] -> xpath: .//word], [[AndroidDriver: chrome on ANDROID (51a5b69d350864e9562a2470b487b139)] -> xpath: .//word], [[AndroidDriver: chrome on ANDROID (51a5b69d350864e9562a2470b487b139)] -> xpath: .//word], [[AndroidDriver: chrome on ANDROID (51a5b69d350864e9562a2470b487b139)] -> xpath: .//word], [[AndroidDriver: chrome on ANDROID (51a5b69d350864e9562a2470b487b139)] -> xpath: .//word], [[AndroidDriver: chrome on ANDROID (51a5b69d350864e9562a2470b487b139)] -> xpath: .//word], [[AndroidDriver: chrome on ANDROID (51a5b69d350864e9562a2470b487b139)] -> xpath: .//word], [[AndroidDriver: chrome on ANDROID (51a5b69d350864e9562a2470b487b139)] -> xpath: .//word], [[AndroidDriver: chrome on ANDROID (51a5b69d350864e9562a2470b487b139)] -> xpath: .//word], [[AndroidDriver: chrome on ANDROID (51a5b69d350864e9562a2470b487b139)] -> xpath: .//word], [[AndroidDriver: chrome on ANDROID (51a5b69d350864e9562a2470b487b139)] -> xpath: .//word], [[AndroidDriver: chrome on ANDROID (51a5b69d350864e9562a2470b487b139)] -> xpath: .//word], [[AndroidDriver: chrome on ANDROID (51a5b69d350864e9562a2470b487b139)] -> xpath: .//word], [[AndroidDriver: chrome on ANDROID (51a5b69d350864e9562a2470b487b139)] -> xpath: .//word], [[AndroidDriver: chrome on ANDROID (51a5b69d350864e9562a2470b487b139)] -> xpath: .//word], [[AndroidDriver: chrome on ANDROID (51a5b69d350864e9562a2470b487b139)] -> xpath: .//word], [[AndroidDriver: chrome on ANDROID (51a5b69d350864e9562a2470b487b139)] -> xpath: .//word], [[AndroidDriver: chrome on ANDROID (51a5b69d350864e9562a2470b487b139)] -> xpath: .//word], [[AndroidDriver: chrome on ANDROID (51a5b69d350864e9562a2470b487b139)] -> xpath: .//word], [[AndroidDriver: chrome on ANDROID (51a5b69d350864e9562a2470b487b139)] -> xpath: .//word], [[AndroidDriver: chrome on ANDROID (51a5b69d350864e9562a2470b487b139)] -> xpath: .//word], [[AndroidDriver: chrome on ANDROID (51a5b69d350864e9562a2470b487b139)] -> xpath: .//word], [[AndroidDriver: chrome on ANDROID (51a5b69d350864e9562a2470b487b139)] -> xpath: .//word], [[AndroidDriver: chrome on ANDROID (51a5b69d350864e9562a2470b487b139)] -> xpath: .//word], [[AndroidDriver: chrome on ANDROID (51a5b69d350864e9562a2470b487b139)] -> xpath: .//word], [[AndroidDriver: chrome on ANDROID (51a5b69d350864e9562a2470b487b139)] -> xpath: .//word], [[AndroidDriver: chrome on ANDROID (51a5b69d350864e9562a2470b487b139)] -> xpath: .//word], [[AndroidDriver: chrome on ANDROID (51a5b69d350864e9562a2470b487b139)] -> xpath: .//word], [[AndroidDriver: chrome on ANDROID (51a5b69d350864e9562a2470b487b139)] -> xpath: .//word], [[AndroidDriver: chrome on ANDROID (51a5b69d350864e9562a2470b487b139)] -> xpath: .//word], [[AndroidDriver: chrome on ANDROID (51a5b69d350864e9562a2470b487b139)] -> xpath: .//word], [[AndroidDriver: chrome on ANDROID (51a5b69d350864e9562a2470b487b139)] -> xpath: .//word], [[AndroidDriver: chrome on ANDROID (51a5b69d350864e9562a2470b487b139)] -> xpath: .//word], [[AndroidDriver: chrome on ANDROID (51a5b69d350864e9562a2470b487b139)] -> xpath: .//word], [[AndroidDriver: chrome on ANDROID (51a5b69d350864e9562a2470b487b139)] -> xpath: .//word], [[AndroidDriver: chrome on ANDROID (51a5b69d350864e9562a2470b487b139)] -> xpath: .//word], [[AndroidDriver: chrome on ANDROID (51a5b69d350864e9562a2470b487b139)] -> xpath: .//word], [[AndroidDriver: chrome on ANDROID (51a5b69d350864e9562a2470b487b139)] -> xpath: .//word], [[AndroidDriver: chrome on ANDROID (51a5b69d350864e9562a2470b487b139)] -> xpath: .//word], [[AndroidDriver: chrome on ANDROID (51a5b69d350864e9562a2470b487b139)] -> xpath: .//word], [[AndroidDriver: chrome on ANDROID (51a5b69d350864e9562a2470b487b139)] -> xpath: .//word], [[AndroidDriver: chrome on ANDROID (51a5b69d350864e9562a2470b487b139)] -> xpath: .//word], [[AndroidDriver: chrome on ANDROID (51a5b69d350864e9562a2470b487b139)] -> xpath: .//word], [[AndroidDriver: chrome on ANDROID (51a5b69d350864e9562a2470b487b139)] -> xpath: .//word], [[AndroidDriver: chrome on ANDROID (51a5b69d350864e9562a2470b487b139)] -> xpath: .//word], [[AndroidDriver: chrome on ANDROID (51a5b69d350864e9562a2470b487b139)] -> xpath: .//word], [[AndroidDriver: chrome on ANDROID (51a5b69d350864e9562a2470b487b139)] -> xpath: .//word], [[AndroidDriver: chrome on ANDROID (51a5b69d350864e9562a2470b487b139)] -> xpath: .//word], [[AndroidDriver: chrome on ANDROID (51a5b69d350864e9562a2470b487b139)] -> xpath: .//word], [[AndroidDriver: chrome on ANDROID (51a5b69d350864e9562a2470b487b139)] -> xpath: .//word], [[AndroidDriver: chrome on ANDROID (51a5b69d350864e9562a2470b487b139)] -> xpath: .//word], [[AndroidDriver: chrome on ANDROID (51a5b69d350864e9562a2470b487b139)] -> xpath: .//word], [[AndroidDriver: chrome on ANDROID (51a5b69d350864e9562a2470b487b139)] -> xpath: .//word], [[AndroidDriver: chrome on ANDROID (51a5b69d350864e9562a2470b487b139)] -> xpath: .//word], [[AndroidDriver: chrome on ANDROID (51a5b69d350864e9562a2470b487b139)] -> xpath: .//word], [[AndroidDriver: chrome on ANDROID (51a5b69d350864e9562a2470b487b139)] -> xpath: .//word], [[AndroidDriver: chrome on ANDROID (51a5b69d350864e9562a2470b487b139)] -> xpath: .//word], [[AndroidDriver: chrome on ANDROID (51a5b69d350864e9562a2470b487b139)] -> xpath: .//word], [[AndroidDriver: chrome on ANDROID (51a5b69d350864e9562a2470b487b139)] -> xpath: .//word], [[AndroidDriver: chrome on ANDROID (51a5b69d350864e9562a2470b487b139)] -> xpath: .//word], [[AndroidDriver: chrome on ANDROID (51a5b69d350864e9562a2470b487b139)] -> xpath: .//word], [[AndroidDriver: chrome on ANDROID (51a5b69d350864e9562a2470b487b139)] -> xpath: .//word], [[AndroidDriver: chrome on ANDROID (51a5b69d350864e9562a2470b487b139)] -> xpath: .//word], [[AndroidDriver: chrome on ANDROID (51a5b69d350864e9562a2470b487b139)] -> xpath: .//word], [[AndroidDriver: chrome on ANDROID (51a5b69d350864e9562a2470b487b139)] -> xpath: .//word], [[AndroidDriver: chrome on ANDROID (51a5b69d350864e9562a2470b487b139)] -> xpath: .//word], [[AndroidDriver: chrome on ANDROID (51a5b69d350864e9562a2470b487b139)] -> xpath: .//word], [[AndroidDriver: chrome on ANDROID (51a5b69d350864e9562a2470b487b139)] -> xpath: .//word], [[AndroidDriver: chrome on ANDROID (51a5b69d350864e9562a2470b487b139)] -> xpath: .//word], [[AndroidDriver: chrome on ANDROID (51a5b69d350864e9562a2470b487b139)] -> xpath: .//word], [[AndroidDriver: chrome on ANDROID (51a5b69d350864e9562a2470b487b139)] -> xpath: .//word], [[AndroidDriver: chrome on ANDROID (51a5b69d350864e9562a2470b487b139)] -> xpath: .//word], [[AndroidDriver: chrome on ANDROID (51a5b69d350864e9562a2470b487b139)] -> xpath: .//word], [[AndroidDriver: chrome on ANDROID (51a5b69d350864e9562a2470b487b139)] -> xpath: .//word], [[AndroidDriver: chrome on ANDROID (51a5b69d350864e9562a2470b487b139)] -> xpath: .//word], [[AndroidDriver: chrome on ANDROID (51a5b69d350864e9562a2470b487b139)] -> xpath: .//word], [[AndroidDriver: chrome on ANDROID (51a5b69d350864e9562a2470b487b139)] -> xpath: .//word], [[AndroidDriver: chrome on ANDROID (51a5b69d350864e9562a2470b487b139)] -> xpath: .//word], [[AndroidDriver: chrome on ANDROID (51a5b69d350864e9562a2470b487b139)] -> xpath: .//word], [[AndroidDriver: chrome on ANDROID (51a5b69d350864e9562a2470b487b139)] -> xpath: .//word], [[AndroidDriver: chrome on ANDROID (51a5b69d350864e9562a2470b487b139)] -> xpath: .//word], [[AndroidDriver: chrome on ANDROID (51a5b69d350864e9562a2470b487b139)] -> xpath: .//word], [[AndroidDriver: chrome on ANDROID (51a5b69d350864e9562a2470b487b139)] -> xpath: .//word], [[AndroidDriver: chrome on ANDROID (51a5b69d350864e9562a2470b487b139)] -> xpath: .//word], [[AndroidDriver: chrome on ANDROID (51a5b69d350864e9562a2470b487b139)] -> xpath: .//word], [[AndroidDriver: chrome on ANDROID (51a5b69d350864e9562a2470b487b139)] -> xpath: .//word], [[AndroidDriver: chrome on ANDROID (51a5b69d350864e9562a2470b487b139)] -> xpath: .//word], [[AndroidDriver: chrome on ANDROID (51a5b69d350864e9562a2470b487b139)] -> xpath: .//word], [[AndroidDriver: chrome on ANDROID (51a5b69d350864e9562a2470b487b139)] -> xpath: .//word], [[AndroidDriver: chrome on ANDROID (51a5b69d350864e9562a2470b487b139)] -> xpath: .//word], [[AndroidDriver: chrome on ANDROID (51a5b69d350864e9562a2470b487b139)] -> xpath: .//word], [[AndroidDriver: chrome on ANDROID (51a5b69d350864e9562a2470b487b139)] -> xpath: .//word], [[AndroidDriver: chrome on ANDROID (51a5b69d350864e9562a2470b487b139)] -> xpath: .//word], [[AndroidDriver: chrome on ANDROID (51a5b69d350864e9562a2470b487b139)] -> xpath: .//word], [[AndroidDriver: chrome on ANDROID (51a5b69d350864e9562a2470b487b139)] -> xpath: .//word], [[AndroidDriver: chrome on ANDROID (51a5b69d350864e9562a2470b487b139)] -> xpath: .//word], [[AndroidDriver: chrome on ANDROID (51a5b69d350864e9562a2470b487b139)] -> xpath: .//word], [[AndroidDriver: chrome on ANDROID (51a5b69d350864e9562a2470b487b139)] -> xpath: .//word], [[AndroidDriver: chrome on ANDROID (51a5b69d350864e9562a2470b487b139)] -> xpath: .//word], [[AndroidDriver: chrome on ANDROID (51a5b69d350864e9562a2470b487b139)] -> xpath: .//word], [[AndroidDriver: chrome on ANDROID (51a5b69d350864e9562a2470b487b139)] -> xpath: .//word], [[AndroidDriver: chrome on ANDROID (51a5b69d350864e9562a2470b487b139)] -> xpath: .//word], [[AndroidDriver: chrome on ANDROID (51a5b69d350864e9562a2470b487b139)] -> xpath: .//word], [[AndroidDriver: chrome on ANDROID (51a5b69d350864e9562a2470b487b139)] -> xpath: .//word], [[AndroidDriver: chrome on ANDROID (51a5b69d350864e9562a2470b487b139)] -> xpath: .//word], [[AndroidDriver: chrome on ANDROID (51a5b69d350864e9562a2470b487b139)] -> xpath: .//word], [[AndroidDriver: chrome on ANDROID (51a5b69d350864e9562a2470b487b139)] -> xpath: .//word], [[AndroidDriver: chrome on ANDROID (51a5b69d350864e9562a2470b487b139)] -> xpath: .//word], [[AndroidDriver: chrome on ANDROID (51a5b69d350864e9562a2470b487b139)] -> xpath: .//word], [[AndroidDriver: chrome on ANDROID (51a5b69d350864e9562a2470b487b139)] -> xpath: .//word], [[AndroidDriver: chrome on ANDROID (51a5b69d350864e9562a2470b487b139)] -> xpath: .//word], [[AndroidDriver: chrome on ANDROID (51a5b69d350864e9562a2470b487b139)] -> xpath: .//word], [[AndroidDriver: chrome on ANDROID (51a5b69d350864e9562a2470b487b139)] -> xpath: .//word], [[AndroidDriver: chrome on ANDROID (51a5b69d350864e9562a2470b487b139)] -> xpath: .//word], [[AndroidDriver: chrome on ANDROID (51a5b69d350864e9562a2470b487b139)] -> xpath: .//word], [[AndroidDriver: chrome on ANDROID (51a5b69d350864e9562a2470b487b139)] -> xpath: .//word], [[AndroidDriver: chrome on ANDROID (51a5b69d350864e9562a2470b487b139)] -> xpath: .//word], [[AndroidDriver: chrome on ANDROID (51a5b69d350864e9562a2470b487b139)] -> xpath: .//word], [[AndroidDriver: chrome on ANDROID (51a5b69d350864e9562a2470b487b139)] -> xpath: .//word], [[AndroidDriver: chrome on ANDROID (51a5b69d350864e9562a2470b487b139)] -> xpath: .//word], [[AndroidDriver: chrome on ANDROID (51a5b69d350864e9562a2470b487b139)] -> xpath: .//word], [[AndroidDriver: chrome on ANDROID (51a5b69d350864e9562a2470b487b139)] -> xpath: .//word], [[AndroidDriver: chrome on ANDROID (51a5b69d350864e9562a2470b487b139)] -> xpath: .//word], [[AndroidDriver: chrome on ANDROID (51a5b69d350864e9562a2470b487b139)] -> xpath: .//word], [[AndroidDriver: chrome on ANDROID (51a5b69d350864e9562a2470b487b139)] -> xpath: .//word], [[AndroidDriver: chrome on ANDROID (51a5b69d350864e9562a2470b487b139)] -> xpath: .//word], [[AndroidDriver: chrome on ANDROID (51a5b69d350864e9562a2470b487b139)] -> xpath: .//word], [[AndroidDriver: chrome on ANDROID (51a5b69d350864e9562a2470b487b139)] -> xpath: .//word], [[AndroidDriver: chrome on ANDROID (51a5b69d350864e9562a2470b487b139)] -> xpath: .//word], [[AndroidDriver: chrome on ANDROID (51a5b69d350864e9562a2470b487b139)] -> xpath: .//word], [[AndroidDriver: chrome on ANDROID (51a5b69d350864e9562a2470b487b139)] -> xpath: .//word], [[AndroidDriver: chrome on ANDROID (51a5b69d350864e9562a2470b487b139)] -> xpath: .//word], [[AndroidDriver: chrome on ANDROID (51a5b69d350864e9562a2470b487b139)] -> xpath: .//word], [[AndroidDriver: chrome on ANDROID (51a5b69d350864e9562a2470b487b139)] -> xpath: .//word], [[AndroidDriver: chrome on ANDROID (51a5b69d350864e9562a2470b487b139)] -> xpath: .//word], [[AndroidDriver: chrome on ANDROID (51a5b69d350864e9562a2470b487b139)] -> xpath: .//word], [[AndroidDriver: chrome on ANDROID (51a5b69d350864e9562a2470b487b139)] -> xpath: .//word], [[AndroidDriver: chrome on ANDROID (51a5b69d350864e9562a2470b487b139)] -> xpath: .//word], [[AndroidDriver: chrome on ANDROID (51a5b69d350864e9562a2470b487b139)] -> xpath: .//word], [[AndroidDriver: chrome on ANDROID (51a5b69d350864e9562a2470b487b139)] -> xpath: .//word], [[AndroidDriver: chrome on ANDROID (51a5b69d350864e9562a2470b487b139)] -> xpath: .//word], [[AndroidDriver: chrome on ANDROID (51a5b69d350864e9562a2470b487b139)] -> xpath: .//word], [[AndroidDriver: chrome on ANDROID (51a5b69d350864e9562a2470b487b139)] -> xpath: .//word], [[AndroidDriver: chrome on ANDROID (51a5b69d350864e9562a2470b487b139)] -> xpath: .//word], [[AndroidDriver: chrome on ANDROID (51a5b69d350864e9562a2470b487b139)] -> xpath: .//word], [[AndroidDriver: chrome on ANDROID (51a5b69d350864e9562a2470b487b139)] -> xpath: .//word], [[AndroidDriver: chrome on ANDROID (51a5b69d350864e9562a2470b487b139)] -> xpath: .//word], [[AndroidDriver: chrome on ANDROID (51a5b69d350864e9562a2470b487b139)] -> xpath: .//word], [[AndroidDriver: chrome on ANDROID (51a5b69d350864e9562a2470b487b139)] -> xpath: .//word], [[AndroidDriver: chrome on ANDROID (51a5b69d350864e9562a2470b487b139)] -> xpath: .//word], [[AndroidDriver: chrome on ANDROID (51a5b69d350864e9562a2470b487b139)] -> xpath: .//word], [[AndroidDriver: chrome on ANDROID (51a5b69d350864e9562a2470b487b139)] -> xpath: .//word], [[AndroidDriver: chrome on ANDROID (51a5b69d350864e9562a2470b487b139)] -> xpath: .//word], [[AndroidDriver: chrome on ANDROID (51a5b69d350864e9562a2470b487b139)] -> xpath: .//word], [[AndroidDriver: chrome on ANDROID (51a5b69d350864e9562a2470b487b139)] -> xpath: .//word], [[AndroidDriver: chrome on ANDROID (51a5b69d350864e9562a2470b487b139)] -> xpath: .//word], [[AndroidDriver: chrome on ANDROID (51a5b69d350864e9562a2470b487b139)] -> xpath: .//word], [[AndroidDriver: chrome on ANDROID (51a5b69d350864e9562a2470b487b139)] -> xpath: .//word], [[AndroidDriver: chrome on ANDROID (51a5b69d350864e9562a2470b487b139)] -> xpath: .//word], [[AndroidDriver: chrome on ANDROID (51a5b69d350864e9562a2470b487b139)] -> xpath: .//word], [[AndroidDriver: chrome on ANDROID (51a5b69d350864e9562a2470b487b139)] -> xpath: .//word], [[AndroidDriver: chrome on ANDROID (51a5b69d350864e9562a2470b487b139)] -> xpath: .//word], [[AndroidDriver: chrome on ANDROID (51a5b69d350864e9562a2470b487b139)] -> xpath: .//word], [[AndroidDriver: chrome on ANDROID (51a5b69d350864e9562a2470b487b139)] -> xpath: .//word], [[AndroidDriver: chrome on ANDROID (51a5b69d350864e9562a2470b487b139)] -> xpath: .//word], [[AndroidDriver: chrome on ANDROID (51a5b69d350864e9562a2470b487b139)] -> xpath: .//word], [[AndroidDriver: chrome on ANDROID (51a5b69d350864e9562a2470b487b139)] -> xpath: .//word], [[AndroidDriver: chrome on ANDROID (51a5b69d350864e9562a2470b487b139)] -> xpath: .//word], [[AndroidDriver: chrome on ANDROID (51a5b69d350864e9562a2470b487b139)] -> xpath: .//word], [[AndroidDriver: chrome on ANDROID (51a5b69d350864e9562a2470b487b139)] -> xpath: .//word], [[AndroidDriver: chrome on ANDROID (51a5b69d350864e9562a2470b487b139)] -> xpath: .//word], [[AndroidDriver: chrome on ANDROID (51a5b69d350864e9562a2470b487b139)] -> xpath: .//word], [[AndroidDriver: chrome on ANDROID (51a5b69d350864e9562a2470b487b139)] -> xpath: .//word], [[AndroidDriver: chrome on ANDROID (51a5b69d350864e9562a2470b487b139)] -> xpath: .//word], [[AndroidDriver: chrome on ANDROID (51a5b69d350864e9562a2470b487b139)] -> xpath: .//word], [[AndroidDriver: chrome on ANDROID (51a5b69d350864e9562a2470b487b139)] -> xpath: .//word], [[AndroidDriver: chrome on ANDROID (51a5b69d350864e9562a2470b487b139)] -> xpath: .//word], [[AndroidDriver: chrome on ANDROID (51a5b69d350864e9562a2470b487b139)] -> xpath: .//word], [[AndroidDriver: chrome on ANDROID (51a5b69d350864e9562a2470b487b139)] -> xpath: .//word], [[AndroidDriver: chrome on ANDROID (51a5b69d350864e9562a2470b487b139)] -> xpath: .//word], [[AndroidDriver: chrome on ANDROID (51a5b69d350864e9562a2470b487b139)] -> xpath: .//word], [[AndroidDriver: chrome on ANDROID (51a5b69d350864e9562a2470b487b139)] -> xpath: .//word], [[AndroidDriver: chrome on ANDROID (51a5b69d350864e9562a2470b487b139)] -> xpath: .//word], [[AndroidDriver: chrome on ANDROID (51a5b69d350864e9562a2470b487b139)] -> xpath: .//word], [[AndroidDriver: chrome on ANDROID (51a5b69d350864e9562a2470b487b139)] -> xpath: .//word], [[AndroidDriver: chrome on ANDROID (51a5b69d350864e9562a2470b487b139)] -> xpath: .//word], [[AndroidDriver: chrome on ANDROID (51a5b69d350864e9562a2470b487b139)] -> xpath: .//word], [[AndroidDriver: chrome on ANDROID (51a5b69d350864e9562a2470b487b139)] -> xpath: .//word], [[AndroidDriver: chrome on ANDROID (51a5b69d350864e9562a2470b487b139)] -> xpath: .//word], [[AndroidDriver: chrome on ANDROID (51a5b69d350864e9562a2470b487b139)] -> xpath: .//word], [[AndroidDriver: chrome on ANDROID (51a5b69d350864e9562a2470b487b139)] -> xpath: .//word], [[AndroidDriver: chrome on ANDROID (51a5b69d350864e9562a2470b487b139)] -> xpath: .//word], [[AndroidDriver: chrome on ANDROID (51a5b69d350864e9562a2470b487b139)] -> xpath: .//word], [[AndroidDriver: chrome on ANDROID (51a5b69d350864e9562a2470b487b139)] -> xpath: .//word], [[AndroidDriver: chrome on ANDROID (51a5b69d350864e9562a2470b487b139)] -> xpath: .//word], [[AndroidDriver: chrome on ANDROID (51a5b69d350864e9562a2470b487b139)] -> xpath: .//word], [[AndroidDriver: chrome on ANDROID (51a5b69d350864e9562a2470b487b139)] -> xpath: .//word], [[AndroidDriver: chrome on ANDROID (51a5b69d350864e9562a2470b487b139)] -> xpath: .//word], [[AndroidDriver: chrome on ANDROID (51a5b69d350864e9562a2470b487b139)] -> xpath: .//word], [[AndroidDriver: chrome on ANDROID (51a5b69d350864e9562a2470b487b139)] -> xpath: .//word], [[AndroidDriver: chrome on ANDROID (51a5b69d350864e9562a2470b487b139)] -> xpath: .//word], [[AndroidDriver: chrome on ANDROID (51a5b69d350864e9562a2470b487b139)] -> xpath: .//word], [[AndroidDriver: chrome on ANDROID (51a5b69d350864e9562a2470b487b139)] -> xpath: .//word], [[AndroidDriver: chrome on ANDROID (51a5b69d350864e9562a2470b487b139)] -> xpath: .//word], [[AndroidDriver: chrome on ANDROID (51a5b69d350864e9562a2470b487b139)] -> xpath: .//word], [[AndroidDriver: chrome on ANDROID (51a5b69d350864e9562a2470b487b139)] -> xpath: .//word], [[AndroidDriver: chrome on ANDROID (51a5b69d350864e9562a2470b487b139)] -> xpath: .//word], [[AndroidDriver: chrome on ANDROID (51a5b69d350864e9562a2470b487b139)] -> xpath: .//word], [[AndroidDriver: chrome on ANDROID (51a5b69d350864e9562a2470b487b139)] -> xpath: .//word], [[AndroidDriver: chrome on ANDROID (51a5b69d350864e9562a2470b487b139)] -> xpath: .//word], [[AndroidDriver: chrome on ANDROID (51a5b69d350864e9562a2470b487b139)] -> xpath: .//word], [[AndroidDriver: chrome on ANDROID (51a5b69d350864e9562a2470b487b139)] -> xpath: .//word], [[AndroidDriver: chrome on ANDROID (51a5b69d350864e9562a2470b487b139)] -> xpath: .//word], [[AndroidDriver: chrome on ANDROID (51a5b69d350864e9562a2470b487b139)] -> xpath: .//word], [[AndroidDriver: chrome on ANDROID (51a5b69d350864e9562a2470b487b139)] -> xpath: .//word], [[AndroidDriver: chrome on ANDROID (51a5b69d350864e9562a2470b487b139)] -> xpath: .//word], [[AndroidDriver: chrome on ANDROID (51a5b69d350864e9562a2470b487b139)] -> xpath: .//word], [[AndroidDriver: chrome on ANDROID (51a5b69d350864e9562a2470b487b139)] -> xpath: .//word], [[AndroidDriver: chrome on ANDROID (51a5b69d350864e9562a2470b487b139)] -> xpath: .//word], [[AndroidDriver: chrome on ANDROID (51a5b69d350864e9562a2470b487b139)] -> xpath: .//word], [[AndroidDriver: chrome on ANDROID (51a5b69d350864e9562a2470b487b139)] -> xpath: .//word], [[AndroidDriver: chrome on ANDROID (51a5b69d350864e9562a2470b487b139)] -> xpath: .//word], [[AndroidDriver: chrome on ANDROID (51a5b69d350864e9562a2470b487b139)] -> xpath: .//word], [[AndroidDriver: chrome on ANDROID (51a5b69d350864e9562a2470b487b139)] -> xpath: .//word], [[AndroidDriver: chrome on ANDROID (51a5b69d350864e9562a2470b487b139)] -> xpath: .//word], [[AndroidDriver: chrome on ANDROID (51a5b69d350864e9562a2470b487b139)] -> xpath: .//word], [[AndroidDriver: chrome on ANDROID (51a5b69d350864e9562a2470b487b139)] -> xpath: .//word], [[AndroidDriver: chrome on ANDROID (51a5b69d350864e9562a2470b487b139)] -> xpath: .//word], [[AndroidDriver: chrome on ANDROID (51a5b69d350864e9562a2470b487b139)] -> xpath: .//word], [[AndroidDriver: chrome on ANDROID (51a5b69d350864e9562a2470b487b139)] -> xpath: .//word], [[AndroidDriver: chrome on ANDROID (51a5b69d350864e9562a2470b487b139)] -> xpath: .//word], [[AndroidDriver: chrome on ANDROID (51a5b69d350864e9562a2470b487b139)] -> xpath: .//word], [[AndroidDriver: chrome on ANDROID (51a5b69d350864e9562a2470b487b139)] -> xpath: .//word], [[AndroidDriver: chrome on ANDROID (51a5b69d350864e9562a2470b487b139)] -> xpath: .//word], [[AndroidDriver: chrome on ANDROID (51a5b69d350864e9562a2470b487b139)] -> xpath: .//word], [[AndroidDriver: chrome on ANDROID (51a5b69d350864e9562a2470b487b139)] -> xpath: .//word], [[AndroidDriver: chrome on ANDROID (51a5b69d350864e9562a2470b487b139)] -> xpath: .//word], [[AndroidDriver: chrome on ANDROID (51a5b69d350864e9562a2470b487b139)] -> xpath: .//word], [[AndroidDriver: chrome on ANDROID (51a5b69d350864e9562a2470b487b139)] -> xpath: .//word], [[AndroidDriver: chrome on ANDROID (51a5b69d350864e9562a2470b487b139)] -> xpath: .//word], [[AndroidDriver: chrome on ANDROID (51a5b69d350864e9562a2470b487b139)] -> xpath: .//word], [[AndroidDriver: chrome on ANDROID (51a5b69d350864e9562a2470b487b139)] -> xpath: .//word], [[AndroidDriver: chrome on ANDROID (51a5b69d350864e9562a2470b487b139)] -> xpath: .//word], [[AndroidDriver: chrome on ANDROID (51a5b69d350864e9562a2470b487b139)] -> xpath: .//word], [[AndroidDriver: chrome on ANDROID (51a5b69d350864e9562a2470b487b139)] -> xpath: .//word], [[AndroidDriver: chrome on ANDROID (51a5b69d350864e9562a2470b487b139)] -> xpath: .//word], [[AndroidDriver: chrome on ANDROID (51a5b69d350864e9562a2470b487b139)] -> xpath: .//word], [[AndroidDriver: chrome on ANDROID (51a5b69d350864e9562a2470b487b139)] -> xpath: .//word], [[AndroidDriver: chrome on ANDROID (51a5b69d350864e9562a2470b487b139)] -> xpath: .//word], [[AndroidDriver: chrome on ANDROID (51a5b69d350864e9562a2470b487b139)] -> xpath: .//word], [[AndroidDriver: chrome on ANDROID (51a5b69d350864e9562a2470b487b139)] -> xpath: .//word], [[AndroidDriver: chrome on ANDROID (51a5b69d350864e9562a2470b487b139)] -> xpath: .//word], [[AndroidDriver: chrome on ANDROID (51a5b69d350864e9562a2470b487b139)] -> xpath: .//word], [[AndroidDriver: chrome on ANDROID (51a5b69d350864e9562a2470b487b139)] -> xpath: .//word], [[AndroidDriver: chrome on ANDROID (51a5b69d350864e9562a2470b487b139)] -> xpath: .//word], [[AndroidDriver: chrome on ANDROID (51a5b69d350864e9562a2470b487b139)] -> xpath: .//word], [[AndroidDriver: chrome on ANDROID (51a5b69d350864e9562a2470b487b139)] -> xpath: .//word], [[AndroidDriver: chrome on ANDROID (51a5b69d350864e9562a2470b487b139)] -> xpath: .//word], [[AndroidDriver: chrome on ANDROID (51a5b69d350864e9562a2470b487b139)] -> xpath: .//word], [[AndroidDriver: chrome on ANDROID (51a5b69d350864e9562a2470b487b139)] -> xpath: .//word], [[AndroidDriver: chrome on ANDROID (51a5b69d350864e9562a2470b487b139)] -> xpath: .//word], [[AndroidDriver: chrome on ANDROID (51a5b69d350864e9562a2470b487b139)] -> xpath: .//word], [[AndroidDriver: chrome on ANDROID (51a5b69d350864e9562a2470b487b139)] -> xpath: .//word], [[AndroidDriver: chrome on ANDROID (51a5b69d350864e9562a2470b487b139)] -> xpath: .//word], [[AndroidDriver: chrome on ANDROID (51a5b69d350864e9562a2470b487b139)] -> xpath: .//word], [[AndroidDriver: chrome on ANDROID (51a5b69d350864e9562a2470b487b139)] -> xpath: .//word], [[AndroidDriver: chrome on ANDROID (51a5b69d350864e9562a2470b487b139)] -> xpath: .//word], [[AndroidDriver: chrome on ANDROID (51a5b69d350864e9562a2470b487b139)] -> xpath: .//word], [[AndroidDriver: chrome on ANDROID (51a5b69d350864e9562a2470b487b139)] -> xpath: .//word], [[AndroidDriver: chrome on ANDROID (51a5b69d350864e9562a2470b487b139)] -> xpath: .//word], [[AndroidDriver: chrome on ANDROID (51a5b69d350864e9562a2470b487b139)] -> xpath: .//word], [[AndroidDriver: chrome on ANDROID (51a5b69d350864e9562a2470b487b139)] -> xpath: .//word], [[AndroidDriver: chrome on ANDROID (51a5b69d350864e9562a2470b487b139)] -> xpath: .//word], [[AndroidDriver: chrome on ANDROID (51a5b69d350864e9562a2470b487b139)] -> xpath: .//word], [[AndroidDriver: chrome on ANDROID (51a5b69d350864e9562a2470b487b139)] -> xpath: .//word], [[AndroidDriver: chrome on ANDROID (51a5b69d350864e9562a2470b487b139)] -> xpath: .//word], [[AndroidDriver: chrome on ANDROID (51a5b69d350864e9562a2470b487b139)] -> xpath: .//word], [[AndroidDriver: chrome on ANDROID (51a5b69d350864e9562a2470b487b139)] -> xpath: .//word], [[AndroidDriver: chrome on ANDROID (51a5b69d350864e9562a2470b487b139)] -> xpath: .//word], [[AndroidDriver: chrome on ANDROID (51a5b69d350864e9562a2470b487b139)] -> xpath: .//word], [[AndroidDriver: chrome on ANDROID (51a5b69d350864e9562a2470b487b139)] -> xpath: .//word], [[AndroidDriver: chrome on ANDROID (51a5b69d350864e9562a2470b487b139)] -> xpath: .//word], [[AndroidDriver: chrome on ANDROID (51a5b69d350864e9562a2470b487b139)] -> xpath: .//word], [[AndroidDriver: chrome on ANDROID (51a5b69d350864e9562a2470b487b139)] -> xpath: .//word], [[AndroidDriver: chrome on ANDROID (51a5b69d350864e9562a2470b487b139)] -> xpath: .//word], [[AndroidDriver: chrome on ANDROID (51a5b69d350864e9562a2470b487b139)] -> xpath: .//word], [[AndroidDriver: chrome on ANDROID (51a5b69d350864e9562a2470b487b139)] -> xpath: .//word], [[AndroidDriver: chrome on ANDROID (51a5b69d350864e9562a2470b487b139)] -> xpath: .//word], [[AndroidDriver: chrome on ANDROID (51a5b69d350864e9562a2470b487b139)] -> xpath: .//word], [[AndroidDriver: chrome on ANDROID (51a5b69d350864e9562a2470b487b139)] -> xpath: .//word], [[AndroidDriver: chrome on ANDROID (51a5b69d350864e9562a2470b487b139)] -> xpath: .//word], [[AndroidDriver: chrome on ANDROID (51a5b69d350864e9562a2470b487b139)] -> xpath: .//word], [[AndroidDriver: chrome on ANDROID (51a5b69d350864e9562a2470b487b139)] -> xpath: .//word], [[AndroidDriver: chrome on ANDROID (51a5b69d350864e9562a2470b487b139)] -> xpath: .//word], [[AndroidDriver: chrome on ANDROID (51a5b69d350864e9562a2470b487b139)] -> xpath: .//word], [[AndroidDriver: chrome on ANDROID (51a5b69d350864e9562a2470b487b139)] -> xpath: .//word], [[AndroidDriver: chrome on ANDROID (51a5b69d350864e9562a2470b487b139)] -> xpath: .//word], [[AndroidDriver: chrome on ANDROID (51a5b69d350864e9562a2470b487b139)] -> xpath: .//word], [[AndroidDriver: chrome on ANDROID (51a5b69d350864e9562a2470b487b139)] -> xpath: .//word], [[AndroidDriver: chrome on ANDROID (51a5b69d350864e9562a2470b487b139)] -> xpath: .//word], [[AndroidDriver: chrome on ANDROID (51a5b69d350864e9562a2470b487b139)] -> xpath: .//word], [[AndroidDriver: chrome on ANDROID (51a5b69d350864e9562a2470b487b139)] -> xpath: .//word], [[AndroidDriver: chrome on ANDROID (51a5b69d350864e9562a2470b487b139)] -> xpath: .//word], [[AndroidDriver: chrome on ANDROID (51a5b69d350864e9562a2470b487b139)] -> xpath: .//word], [[AndroidDriver: chrome on ANDROID (51a5b69d350864e9562a2470b487b139)] -> xpath: .//word], [[AndroidDriver: chrome on ANDROID (51a5b69d350864e9562a2470b487b139)] -> xpath: .//word], [[AndroidDriver: chrome on ANDROID (51a5b69d350864e9562a2470b487b139)] -> xpath: .//word], [[AndroidDriver: chrome on ANDROID (51a5b69d350864e9562a2470b487b139)] -> xpath: .//word], [[AndroidDriver: chrome on ANDROID (51a5b69d350864e9562a2470b487b139)] -> xpath: .//word], [[AndroidDriver: chrome on ANDROID (51a5b69d350864e9562a2470b487b139)] -> xpath: .//word], [[AndroidDriver: chrome on ANDROID (51a5b69d350864e9562a2470b487b139)] -> xpath: .//word], [[AndroidDriver: chrome on ANDROID (51a5b69d350864e9562a2470b487b139)] -> xpath: .//word], [[AndroidDriver: chrome on ANDROID (51a5b69d350864e9562a2470b487b139)] -> xpath: .//word], [[AndroidDriver: chrome on ANDROID (51a5b69d350864e9562a2470b487b139)] -> xpath: .//word], [[AndroidDriver: chrome on ANDROID (51a5b69d350864e9562a2470b487b139)] -> xpath: .//word], [[AndroidDriver: chrome on ANDROID (51a5b69d350864e9562a2470b487b139)] -> xpath: .//word], [[AndroidDriver: chrome on ANDROID (51a5b69d350864e9562a2470b487b139)] -> xpath: .//word], [[AndroidDriver: chrome on ANDROID (51a5b69d350864e9562a2470b487b139)] -> xpath: .//word], [[AndroidDriver: chrome on ANDROID (51a5b69d350864e9562a2470b487b139)] -> xpath: .//word], [[AndroidDriver: chrome on ANDROID (51a5b69d350864e9562a2470b487b139)] -> xpath: .//word], [[AndroidDriver: chrome on ANDROID (51a5b69d350864e9562a2470b487b139)] -> xpath: .//word], [[AndroidDriver: chrome on ANDROID (51a5b69d350864e9562a2470b487b139)] -> xpath: .//word], [[AndroidDriver: chrome on ANDROID (51a5b69d350864e9562a2470b487b139)] -> xpath: .//word], [[AndroidDriver: chrome on ANDROID (51a5b69d350864e9562a2470b487b139)] -> xpath: .//word], [[AndroidDriver: chrome on ANDROID (51a5b69d350864e9562a2470b487b139)] -> xpath: .//word], [[AndroidDriver: chrome on ANDROID (51a5b69d350864e9562a2470b487b139)] -> xpath: .//word], [[AndroidDriver: chrome on ANDROID (51a5b69d350864e9562a2470b487b139)] -> xpath: .//word], [[AndroidDriver: chrome on ANDROID (51a5b69d350864e9562a2470b487b139)] -> xpath: .//word], [[AndroidDriver: chrome on ANDROID (51a5b69d350864e9562a2470b487b139)] -> xpath: .//word], [[AndroidDriver: chrome on ANDROID (51a5b69d350864e9562a2470b487b139)] -> xpath: .//word], [[AndroidDriver: chrome on ANDROID (51a5b69d350864e9562a2470b487b139)] -> xpath: .//word], [[AndroidDriver: chrome on ANDROID (51a5b69d350864e9562a2470b487b139)] -> xpath: .//word], [[AndroidDriver: chrome on ANDROID (51a5b69d350864e9562a2470b487b139)] -> xpath: .//word], [[AndroidDriver: chrome on ANDROID (51a5b69d350864e9562a2470b487b139)] -> xpath: .//word], [[AndroidDriver: chrome on ANDROID (51a5b69d350864e9562a2470b487b139)] -> xpath: .//word], [[AndroidDriver: chrome on ANDROID (51a5b69d350864e9562a2470b487b139)] -> xpath: .//word], [[AndroidDriver: chrome on ANDROID (51a5b69d350864e9562a2470b487b139)] -> xpath: .//word], [[AndroidDriver: chrome on ANDROID (51a5b69d350864e9562a2470b487b139)] -> xpath: .//word], [[AndroidDriver: chrome on ANDROID (51a5b69d350864e9562a2470b487b139)] -> xpath: .//word], [[AndroidDriver: chrome on ANDROID (51a5b69d350864e9562a2470b487b139)] -> xpath: .//word], [[AndroidDriver: chrome on ANDROID (51a5b69d350864e9562a2470b487b139)] -> xpath: .//word], [[AndroidDriver: chrome on ANDROID (51a5b69d350864e9562a2470b487b139)] -> xpath: .//word], [[AndroidDriver: chrome on ANDROID (51a5b69d350864e9562a2470b487b139)] -> xpath: .//word], [[AndroidDriver: chrome on ANDROID (51a5b69d350864e9562a2470b487b139)] -> xpath: .//word], [[AndroidDriver: chrome on ANDROID (51a5b69d350864e9562a2470b487b139)] -> xpath: .//word], [[AndroidDriver: chrome on ANDROID (51a5b69d350864e9562a2470b487b139)] -> xpath: .//word], [[AndroidDriver: chrome on ANDROID (51a5b69d350864e9562a2470b487b139)] -> xpath: .//word], [[AndroidDriver: chrome on ANDROID (51a5b69d350864e9562a2470b487b139)] -> xpath: .//word], [[AndroidDriver: chrome on ANDROID (51a5b69d350864e9562a2470b487b139)] -> xpath: .//word], [[AndroidDriver: chrome on ANDROID (51a5b69d350864e9562a2470b487b139)] -> xpath: .//word], [[AndroidDriver: chrome on ANDROID (51a5b69d350864e9562a2470b487b139)] -> xpath: .//word], [[AndroidDriver: chrome on ANDROID (51a5b69d350864e9562a2470b487b139)] -> xpath: .//word], [[AndroidDriver: chrome on ANDROID (51a5b69d350864e9562a2470b487b139)] -> xpath: .//word], [[AndroidDriver: chrome on ANDROID (51a5b69d350864e9562a2470b487b139)] -> xpath: .//word], [[AndroidDriver: chrome on ANDROID (51a5b69d350864e9562a2470b487b139)] -> xpath: .//word], [[AndroidDriver: chrome on ANDROID (51a5b69d350864e9562a2470b487b139)] -> xpath: .//word], [[AndroidDriver: chrome on ANDROID (51a5b69d350864e9562a2470b487b139)] -> xpath: .//word], [[AndroidDriver: chrome on ANDROID (51a5b69d350864e9562a2470b487b139)] -> xpath: .//word], [[AndroidDriver: chrome on ANDROID (51a5b69d350864e9562a2470b487b139)] -> xpath: .//word], [[AndroidDriver: chrome on ANDROID (51a5b69d350864e9562a2470b487b139)] -> xpath: .//word], [[AndroidDriver: chrome on ANDROID (51a5b69d350864e9562a2470b487b139)] -> xpath: .//word], [[AndroidDriver: chrome on ANDROID (51a5b69d350864e9562a2470b487b139)] -> xpath: .//word], [[AndroidDriver: chrome on ANDROID (51a5b69d350864e9562a2470b487b139)] -> xpath: .//word], [[AndroidDriver: chrome on ANDROID (51a5b69d350864e9562a2470b487b139)] -> xpath: .//word], [[AndroidDriver: chrome on ANDROID (51a5b69d350864e9562a2470b487b139)] -> xpath: .//word], [[AndroidDriver: chrome on ANDROID (51a5b69d350864e9562a2470b487b139)] -> xpath: .//word], [[AndroidDriver: chrome on ANDROID (51a5b69d350864e9562a2470b487b139)] -> xpath: .//word], [[AndroidDriver: chrome on ANDROID (51a5b69d350864e9562a2470b487b139)] -> xpath: .//word], [[AndroidDriver: chrome on ANDROID (51a5b69d350864e9562a2470b487b139)] -> xpath: .//word], [[AndroidDriver: chrome on ANDROID (51a5b69d350864e9562a2470b487b139)] -> xpath: .//word], [[AndroidDriver: chrome on ANDROID (51a5b69d350864e9562a2470b487b139)] -> xpath: .//word], [[AndroidDriver: chrome on ANDROID (51a5b69d350864e9562a2470b487b139)] -> xpath: .//word], [[AndroidDriver: chrome on ANDROID (51a5b69d350864e9562a2470b487b139)] -> xpath: .//word], [[AndroidDriver: chrome on ANDROID (51a5b69d350864e9562a2470b487b139)] -> xpath: .//word], [[AndroidDriver: chrome on ANDROID (51a5b69d350864e9562a2470b487b139)] -> xpath: .//word], [[AndroidDriver: chrome on ANDROID (51a5b69d350864e9562a2470b487b139)] -> xpath: .//word], [[AndroidDriver: chrome on ANDROID (51a5b69d350864e9562a2470b487b139)] -> xpath: .//word], [[AndroidDriver: chrome on ANDROID (51a5b69d350864e9562a2470b487b139)] -> xpath: .//word], [[AndroidDriver: chrome on ANDROID (51a5b69d350864e9562a2470b487b139)] -> xpath: .//word], [[AndroidDriver: chrome on ANDROID (51a5b69d350864e9562a2470b487b139)] -> xpath: .//word], [[AndroidDriver: chrome on ANDROID (51a5b69d350864e9562a2470b487b139)] -> xpath: .//word], [[AndroidDriver: chrome on ANDROID (51a5b69d350864e9562a2470b487b139)] -> xpath: .//word], [[AndroidDriver: chrome on ANDROID (51a5b69d350864e9562a2470b487b139)] -> xpath: .//word], [[AndroidDriver: chrome on ANDROID (51a5b69d350864e9562a2470b487b139)] -> xpath: .//word], [[AndroidDriver: chrome on ANDROID (51a5b69d350864e9562a2470b487b139)] -> xpath: .//word], [[AndroidDriver: chrome on ANDROID (51a5b69d350864e9562a2470b487b139)] -> xpath: .//word], [[AndroidDriver: chrome on ANDROID (51a5b69d350864e9562a2470b487b139)] -> xpath: .//word], [[AndroidDriver: chrome on ANDROID (51a5b69d350864e9562a2470b487b139)] -> xpath: .//word], [[AndroidDriver: chrome on ANDROID (51a5b69d350864e9562a2470b487b139)] -> xpath: .//word], [[AndroidDriver: chrome on ANDROID (51a5b69d350864e9562a2470b487b139)] -> xpath: .//word], [[AndroidDriver: chrome on ANDROID (51a5b69d350864e9562a2470b487b139)] -> xpath: .//word], [[AndroidDriver: chrome on ANDROID (51a5b69d350864e9562a2470b487b139)] -> xpath: .//word], [[AndroidDriver: chrome on ANDROID (51a5b69d350864e9562a2470b487b139)] -> xpath: .//word], [[AndroidDriver: chrome on ANDROID (51a5b69d350864e9562a2470b487b139)] -> xpath: .//word], [[AndroidDriver: chrome on ANDROID (51a5b69d350864e9562a2470b487b139)] -> xpath: .//word], [[AndroidDriver: chrome on ANDROID (51a5b69d350864e9562a2470b487b139)] -> xpath: .//word], [[AndroidDriver: chrome on ANDROID (51a5b69d350864e9562a2470b487b139)] -> xpath: .//word], [[AndroidDriver: chrome on ANDROID (51a5b69d350864e9562a2470b487b139)] -> xpath: .//word], [[AndroidDriver: chrome on ANDROID (51a5b69d350864e9562a2470b487b139)] -> xpath: .//word], [[AndroidDriver: chrome on ANDROID (51a5b69d350864e9562a2470b487b139)] -> xpath: .//word], [[AndroidDriver: chrome on ANDROID (51a5b69d350864e9562a2470b487b139)] -> xpath: .//word], [[AndroidDriver: chrome on ANDROID (51a5b69d350864e9562a2470b487b139)] -> xpath: .//word], [[AndroidDriver: chrome on ANDROID (51a5b69d350864e9562a2470b487b139)] -> xpath: .//word], [[AndroidDriver: chrome on ANDROID (51a5b69d350864e9562a2470b487b139)] -> xpath: .//word], [[AndroidDriver: chrome on ANDROID (51a5b69d350864e9562a2470b487b139)] -> xpath: .//word], [[AndroidDriver: chrome on ANDROID (51a5b69d350864e9562a2470b487b139)] -> xpath: .//word], [[AndroidDriver: chrome on ANDROID (51a5b69d350864e9562a2470b487b139)] -> xpath: .//word], [[AndroidDriver: chrome on ANDROID (51a5b69d350864e9562a2470b487b139)] -> xpath: .//word], [[AndroidDriver: chrome on ANDROID (51a5b69d350864e9562a2470b487b139)] -> xpath: .//word], [[AndroidDriver: chrome on ANDROID (51a5b69d350864e9562a2470b487b139)] -> xpath: .//word], [[AndroidDriver: chrome on ANDROID (51a5b69d350864e9562a2470b487b139)] -> xpath: .//word], [[AndroidDriver: chrome on ANDROID (51a5b69d350864e9562a2470b487b139)] -> xpath: .//word], [[AndroidDriver: chrome on ANDROID (51a5b69d350864e9562a2470b487b139)] -> xpath: .//word], [[AndroidDriver: chrome on ANDROID (51a5b69d350864e9562a2470b487b139)] -> xpath: .//word], [[AndroidDriver: chrome on ANDROID (51a5b69d350864e9562a2470b487b139)] -> xpath: .//word], [[AndroidDriver: chrome on ANDROID (51a5b69d350864e9562a2470b487b139)] -> xpath: .//word], [[AndroidDriver: chrome on ANDROID (51a5b69d350864e9562a2470b487b139)] -> xpath: .//word], [[AndroidDriver: chrome on ANDROID (51a5b69d350864e9562a2470b487b139)] -> xpath: .//word], [[AndroidDriver: chrome on ANDROID (51a5b69d350864e9562a2470b487b139)] -> xpath: .//word], [[AndroidDriver: chrome on ANDROID (51a5b69d350864e9562a2470b487b139)] -> xpath: .//word], [[AndroidDriver: chrome on ANDROID (51a5b69d350864e9562a2470b487b139)] -> xpath: .//word], [[AndroidDriver: chrome on ANDROID (51a5b69d350864e9562a2470b487b139)] -> xpath: .//word], [[AndroidDriver: chrome on ANDROID (51a5b69d350864e9562a2470b487b139)] -> xpath: .//word], [[AndroidDriver: chrome on ANDROID (51a5b69d350864e9562a2470b487b139)] -> xpath: .//word], [[AndroidDriver: chrome on ANDROID (51a5b69d350864e9562a2470b487b139)] -> xpath: .//word], [[AndroidDriver: chrome on ANDROID (51a5b69d350864e9562a2470b487b139)] -> xpath: .//word], [[AndroidDriver: chrome on ANDROID (51a5b69d350864e9562a2470b487b139)] -> xpath: .//word], [[AndroidDriver: chrome on ANDROID (51a5b69d350864e9562a2470b487b139)] -> xpath: .//word], [[AndroidDriver: chrome on ANDROID (51a5b69d350864e9562a2470b487b139)] -> xpath: .//word], [[AndroidDriver: chrome on ANDROID (51a5b69d350864e9562a2470b487b139)] -> xpath: .//word], [[AndroidDriver: chrome on ANDROID (51a5b69d350864e9562a2470b487b139)] -> xpath: .//word], [[AndroidDriver: chrome on ANDROID (51a5b69d350864e9562a2470b487b139)] -> xpath: .//word], [[AndroidDriver: chrome on ANDROID (51a5b69d350864e9562a2470b487b139)] -> xpath: .//word], [[AndroidDriver: chrome on ANDROID (51a5b69d350864e9562a2470b487b139)] -> xpath: .//word], [[AndroidDriver: chrome on ANDROID (51a5b69d350864e9562a2470b487b139)] -> xpath: .//word], [[AndroidDriver: chrome on ANDROID (51a5b69d350864e9562a2470b487b139)] -> xpath: .//word], [[AndroidDriver: chrome on ANDROID (51a5b69d350864e9562a2470b487b139)] -> xpath: .//word], [[AndroidDriver: chrome on ANDROID (51a5b69d350864e9562a2470b487b139)] -> xpath: .//word], [[AndroidDriver: chrome on ANDROID (51a5b69d350864e9562a2470b487b139)] -> xpath: .//word], [[AndroidDriver: chrome on ANDROID (51a5b69d350864e9562a2470b487b139)] -> xpath: .//word], [[AndroidDriver: chrome on ANDROID (51a5b69d350864e9562a2470b487b139)] -> xpath: .//word], [[AndroidDriver: chrome on ANDROID (51a5b69d350864e9562a2470b487b139)] -> xpath: .//word], [[AndroidDriver: chrome on ANDROID (51a5b69d350864e9562a2470b487b139)] -> xpath: .//word], [[AndroidDriver: chrome on ANDROID (51a5b69d350864e9562a2470b487b139)] -> xpath: .//word], [[AndroidDriver: chrome on ANDROID (51a5b69d350864e9562a2470b487b139)] -> xpath: .//word], [[AndroidDriver: chrome on ANDROID (51a5b69d350864e9562a2470b487b139)] -> xpath: .//word], [[AndroidDriver: chrome on ANDROID (51a5b69d350864e9562a2470b487b139)] -> xpath: .//word], [[AndroidDriver: chrome on ANDROID (51a5b69d350864e9562a2470b487b139)] -> xpath: .//word], [[AndroidDriver: chrome on ANDROID (51a5b69d350864e9562a2470b487b139)] -> xpath: .//word], [[AndroidDriver: chrome on ANDROID (51a5b69d350864e9562a2470b487b139)] -> xpath: .//word], [[AndroidDriver: chrome on ANDROID (51a5b69d350864e9562a2470b487b139)] -> xpath: .//word], [[AndroidDriver: chrome on ANDROID (51a5b69d350864e9562a2470b487b139)] -> xpath: .//word], [[AndroidDriver: chrome on ANDROID (51a5b69d350864e9562a2470b487b139)] -> xpath: .//word], [[AndroidDriver: chrome on ANDROID (51a5b69d350864e9562a2470b487b139)] -> xpath: .//word], [[AndroidDriver: chrome on ANDROID (51a5b69d350864e9562a2470b487b139)] -> xpath: .//word], [[AndroidDriver: chrome on ANDROID (51a5b69d350864e9562a2470b487b139)] -> xpath: .//word], [[AndroidDriver: chrome on ANDROID (51a5b69d350864e9562a2470b487b139)] -> xpath: .//word], [[AndroidDriver: chrome on ANDROID (51a5b69d350864e9562a2470b487b139)] -> xpath: .//word], [[AndroidDriver: chrome on ANDROID (51a5b69d350864e9562a2470b487b139)] -> xpath: .//word], [[AndroidDriver: chrome on ANDROID (51a5b69d350864e9562a2470b487b139)] -> xpath: .//word], [[AndroidDriver: chrome on ANDROID (51a5b69d350864e9562a2470b487b139)] -> xpath: .//word], [[AndroidDriver: chrome on ANDROID (51a5b69d350864e9562a2470b487b139)] -> xpath: .//word], [[AndroidDriver: chrome on ANDROID (51a5b69d350864e9562a2470b487b139)] -> xpath: .//word], [[AndroidDriver: chrome on ANDROID (51a5b69d350864e9562a2470b487b139)] -> xpath: .//word], [[AndroidDriver: chrome on ANDROID (51a5b69d350864e9562a2470b487b139)] -> xpath: .//word], [[AndroidDriver: chrome on ANDROID (51a5b69d350864e9562a2470b487b139)] -> xpath: .//word], [[AndroidDriver: chrome on ANDROID (51a5b69d350864e9562a2470b487b139)] -> xpath: .//word], [[AndroidDriver: chrome on ANDROID (51a5b69d350864e9562a2470b487b139)] -> xpath: .//word], [[AndroidDriver: chrome on ANDROID (51a5b69d350864e9562a2470b487b139)] -> xpath: .//word], [[AndroidDriver: chrome on ANDROID (51a5b69d350864e9562a2470b487b139)] -> xpath: .//word], [[AndroidDriver: chrome on ANDROID (51a5b69d350864e9562a2470b487b139)] -> xpath: .//word], [[AndroidDriver: chrome on ANDROID (51a5b69d350864e9562a2470b487b139)] -> xpath: .//word], [[AndroidDriver: chrome on ANDROID (51a5b69d350864e9562a2470b487b139)] -> xpath: .//word], [[AndroidDriver: chrome on ANDROID (51a5b69d350864e9562a2470b487b139)] -> xpath: .//word], [[AndroidDriver: chrome on ANDROID (51a5b69d350864e9562a2470b487b139)] -> xpath: .//word], [[AndroidDriver: chrome on ANDROID (51a5b69d350864e9562a2470b487b139)] -> xpath: .//word], [[AndroidDriver: chrome on ANDROID (51a5b69d350864e9562a2470b487b139)] -> xpath: .//word], [[AndroidDriver: chrome on ANDROID (51a5b69d350864e9562a2470b487b139)] -> xpath: .//word], [[AndroidDriver: chrome on ANDROID (51a5b69d350864e9562a2470b487b139)] -> xpath: .//word], [[AndroidDriver: chrome on ANDROID (51a5b69d350864e9562a2470b487b139)] -> xpath: .//word], [[AndroidDriver: chrome on ANDROID (51a5b69d350864e9562a2470b487b139)] -> xpath: .//word], [[AndroidDriver: chrome on ANDROID (51a5b69d350864e9562a2470b487b139)] -> xpath: .//word], [[AndroidDriver: chrome on ANDROID (51a5b69d350864e9562a2470b487b139)] -> xpath: .//word], [[AndroidDriver: chrome on ANDROID (51a5b69d350864e9562a2470b487b139)] -> xpath: .//word], [[AndroidDriver: chrome on ANDROID (51a5b69d350864e9562a2470b487b139)] -> xpath: .//word], [[AndroidDriver: chrome on ANDROID (51a5b69d350864e9562a2470b487b139)] -> xpath: .//word], [[AndroidDriver: chrome on ANDROID (51a5b69d350864e9562a2470b487b139)] -> xpath: .//word], [[AndroidDriver: chrome on ANDROID (51a5b69d350864e9562a2470b487b139)] -> xpath: .//word], [[AndroidDriver: chrome on ANDROID (51a5b69d350864e9562a2470b487b139)] -> xpath: .//word], [[AndroidDriver: chrome on ANDROID (51a5b69d350864e9562a2470b487b139)] -> xpath: .//word], [[AndroidDriver: chrome on ANDROID (51a5b69d350864e9562a2470b487b139)] -> xpath: .//word], [[AndroidDriver: chrome on ANDROID (51a5b69d350864e9562a2470b487b139)] -> xpath: .//word], [[AndroidDriver: chrome on ANDROID (51a5b69d350864e9562a2470b487b139)] -> xpath: .//word], [[AndroidDriver: chrome on ANDROID (51a5b69d350864e9562a2470b487b139)] -> xpath: .//word], [[AndroidDriver: chrome on ANDROID (51a5b69d350864e9562a2470b487b139)] -> xpath: .//word], [[AndroidDriver: chrome on ANDROID (51a5b69d350864e9562a2470b487b139)] -> xpath: .//word], [[AndroidDriver: chrome on ANDROID (51a5b69d350864e9562a2470b487b139)] -> xpath: .//word], [[AndroidDriver: chrome on ANDROID (51a5b69d350864e9562a2470b487b139)] -> xpath: .//word], [[AndroidDriver: chrome on ANDROID (51a5b69d350864e9562a2470b487b139)] -> xpath: .//word], [[AndroidDriver: chrome on ANDROID (51a5b69d350864e9562a2470b487b139)] -> xpath: .//word], [[AndroidDriver: chrome on ANDROID (51a5b69d350864e9562a2470b487b139)] -> xpath: .//word], [[AndroidDriver: chrome on ANDROID (51a5b69d350864e9562a2470b487b139)] -> xpath: .//word], [[AndroidDriver: chrome on ANDROID (51a5b69d350864e9562a2470b487b139)] -> xpath: .//word], [[AndroidDriver: chrome on ANDROID (51a5b69d350864e9562a2470b487b139)] -> xpath: .//word], [[AndroidDriver: chrome on ANDROID (51a5b69d350864e9562a2470b487b139)] -> xpath: .//word], [[AndroidDriver: chrome on ANDROID (51a5b69d350864e9562a2470b487b139)] -> xpath: .//word], [[AndroidDriver: chrome on ANDROID (51a5b69d350864e9562a2470b487b139)] -> xpath: .//word], [[AndroidDriver: chrome on ANDROID (51a5b69d350864e9562a2470b487b139)] -> xpath: .//word], [[AndroidDriver: chrome on ANDROID (51a5b69d350864e9562a2470b487b139)] -> xpath: .//word], [[AndroidDriver: chrome on ANDROID (51a5b69d350864e9562a2470b487b139)] -> xpath: .//word], [[AndroidDriver: chrome on ANDROID (51a5b69d350864e9562a2470b487b139)] -> xpath: .//word], [[AndroidDriver: chrome on ANDROID (51a5b69d350864e9562a2470b487b139)] -> xpath: .//word], [[AndroidDriver: chrome on ANDROID (51a5b69d350864e9562a2470b487b139)] -> xpath: .//word], [[AndroidDriver: chrome on ANDROID (51a5b69d350864e9562a2470b487b139)] -> xpath: .//word], [[AndroidDriver: chrome on ANDROID (51a5b69d350864e9562a2470b487b139)] -> xpath: .//word], [[AndroidDriver: chrome on ANDROID (51a5b69d350864e9562a2470b487b139)] -> xpath: .//word], [[AndroidDriver: chrome on ANDROID (51a5b69d350864e9562a2470b487b139)] -> xpath: .//word], [[AndroidDriver: chrome on ANDROID (51a5b69d350864e9562a2470b487b139)] -> xpath: .//word], [[AndroidDriver: chrome on ANDROID (51a5b69d350864e9562a2470b487b139)] -> xpath: .//word], [[AndroidDriver: chrome on ANDROID (51a5b69d350864e9562a2470b487b139)] -> xpath: .//word], [[AndroidDriver: chrome on ANDROID (51a5b69d350864e9562a2470b487b139)] -> xpath: .//word], [[AndroidDriver: chrome on ANDROID (51a5b69d350864e9562a2470b487b139)] -> xpath: .//word], [[AndroidDriver: chrome on ANDROID (51a5b69d350864e9562a2470b487b139)] -> xpath: .//word], [[AndroidDriver: chrome on ANDROID (51a5b69d350864e9562a2470b487b139)] -> xpath: .//word], [[AndroidDriver: chrome on ANDROID (51a5b69d350864e9562a2470b487b139)] -> xpath: .//word], [[AndroidDriver: chrome on ANDROID (51a5b69d350864e9562a2470b487b139)] -> xpath: .//word], [[AndroidDriver: chrome on ANDROID (51a5b69d350864e9562a2470b487b139)] -> xpath: .//word], [[AndroidDriver: chrome on ANDROID (51a5b69d350864e9562a2470b487b139)] -> xpath: .//word], [[AndroidDriver: chrome on ANDROID (51a5b69d350864e9562a2470b487b139)] -> xpath: .//word], [[AndroidDriver: chrome on ANDROID (51a5b69d350864e9562a2470b487b139)] -> xpath: .//word], [[AndroidDriver: chrome on ANDROID (51a5b69d350864e9562a2470b487b139)] -> xpath: .//word], [[AndroidDriver: chrome on ANDROID (51a5b69d350864e9562a2470b487b139)] -> xpath: .//word], [[AndroidDriver: chrome on ANDROID (51a5b69d350864e9562a2470b487b139)] -> xpath: .//word], [[AndroidDriver: chrome on ANDROID (51a5b69d350864e9562a2470b487b139)] -> xpath: .//word], [[AndroidDriver: chrome on ANDROID (51a5b69d350864e9562a2470b487b139)] -> xpath: .//word], [[AndroidDriver: chrome on ANDROID (51a5b69d350864e9562a2470b487b139)] -> xpath: .//word], [[AndroidDriver: chrome on ANDROID (51a5b69d350864e9562a2470b487b139)] -> xpath: .//word], [[AndroidDriver: chrome on ANDROID (51a5b69d350864e9562a2470b487b139)] -> xpath: .//word], [[AndroidDriver: chrome on ANDROID (51a5b69d350864e9562a2470b487b139)] -> xpath: .//word], [[AndroidDriver: chrome on ANDROID (51a5b69d350864e9562a2470b487b139)] -> xpath: .//word], [[AndroidDriver: chrome on ANDROID (51a5b69d350864e9562a2470b487b139)] -> xpath: .//word], [[AndroidDriver: chrome on ANDROID (51a5b69d350864e9562a2470b487b139)] -> xpath: .//word], [[AndroidDriver: chrome on ANDROID (51a5b69d350864e9562a2470b487b139)] -> xpath: .//word], [[AndroidDriver: chrome on ANDROID (51a5b69d350864e9562a2470b487b139)] -> xpath: .//word], [[AndroidDriver: chrome on ANDROID (51a5b69d350864e9562a2470b487b139)] -> xpath: .//word], [[AndroidDriver: chrome on ANDROID (51a5b69d350864e9562a2470b487b139)] -> xpath: .//word], [[AndroidDriver: chrome on ANDROID (51a5b69d350864e9562a2470b487b139)] -> xpath: .//word], [[AndroidDriver: chrome on ANDROID (51a5b69d350864e9562a2470b487b139)] -> xpath: .//word], [[AndroidDriver: chrome on ANDROID (51a5b69d350864e9562a2470b487b139)] -> xpath: .//word], [[AndroidDriver: chrome on ANDROID (51a5b69d350864e9562a2470b487b139)] -> xpath: .//word], [[AndroidDriver: chrome on ANDROID (51a5b69d350864e9562a2470b487b139)] -> xpath: .//word], [[AndroidDriver: chrome on ANDROID (51a5b69d350864e9562a2470b487b139)] -> xpath: .//word], [[AndroidDriver: chrome on ANDROID (51a5b69d350864e9562a2470b487b139)] -> xpath: .//word], [[AndroidDriver: chrome on ANDROID (51a5b69d350864e9562a2470b487b139)] -> xpath: .//word], [[AndroidDriver: chrome on ANDROID (51a5b69d350864e9562a2470b487b139)] -> xpath: .//word], [[AndroidDriver: chrome on ANDROID (51a5b69d350864e9562a2470b487b139)] -> xpath: .//word], [[AndroidDriver: chrome on ANDROID (51a5b69d350864e9562a2470b487b139)] -> xpath: .//word], [[AndroidDriver: chrome on ANDROID (51a5b69d350864e9562a2470b487b139)] -> xpath: .//word], [[AndroidDriver: chrome on ANDROID (51a5b69d350864e9562a2470b487b139)] -> xpath: .//word], [[AndroidDriver: chrome on ANDROID (51a5b69d350864e9562a2470b487b139)] -> xpath: .//word], [[AndroidDriver: chrome on ANDROID (51a5b69d350864e9562a2470b487b139)] -> xpath: .//word], [[AndroidDriver: chrome on ANDROID (51a5b69d350864e9562a2470b487b139)] -> xpath: .//word], [[AndroidDriver: chrome on ANDROID (51a5b69d350864e9562a2470b487b139)] -> xpath: .//word], [[AndroidDriver: chrome on ANDROID (51a5b69d350864e9562a2470b487b139)] -> xpath: .//word], [[AndroidDriver: chrome on ANDROID (51a5b69d350864e9562a2470b487b139)] -> xpath: .//word], [[AndroidDriver: chrome on ANDROID (51a5b69d350864e9562a2470b487b139)] -> xpath: .//word], [[AndroidDriver: chrome on ANDROID (51a5b69d350864e9562a2470b487b139)] -> xpath: .//word], [[AndroidDriver: chrome on ANDROID (51a5b69d350864e9562a2470b487b139)] -> xpath: .//word], [[AndroidDriver: chrome on ANDROID (51a5b69d350864e9562a2470b487b139)] -> xpath: .//word], [[AndroidDriver: chrome on ANDROID (51a5b69d350864e9562a2470b487b139)] -> xpath: .//word], [[AndroidDriver: chrome on ANDROID (51a5b69d350864e9562a2470b487b139)] -> xpath: .//word], [[AndroidDriver: chrome on ANDROID (51a5b69d350864e9562a2470b487b139)] -> xpath: .//word], [[AndroidDriver: chrome on ANDROID (51a5b69d350864e9562a2470b487b139)] -> xpath: .//word], [[AndroidDriver: chrome on ANDROID (51a5b69d350864e9562a2470b487b139)] -> xpath: .//word], [[AndroidDriver: chrome on ANDROID (51a5b69d350864e9562a2470b487b139)] -> xpath: .//word], [[AndroidDriver: chrome on ANDROID (51a5b69d350864e9562a2470b487b139)] -> xpath: .//word], [[AndroidDriver: chrome on ANDROID (51a5b69d350864e9562a2470b487b139)] -> xpath: .//word], [[AndroidDriver: chrome on ANDROID (51a5b69d350864e9562a2470b487b139)] -> xpath: .//word], [[AndroidDriver: chrome on ANDROID (51a5b69d350864e9562a2470b487b139)] -> xpath: .//word], [[AndroidDriver: chrome on ANDROID (51a5b69d350864e9562a2470b487b139)] -> xpath: .//word], [[AndroidDriver: chrome on ANDROID (51a5b69d350864e9562a2470b487b139)] -> xpath: .//word], [[AndroidDriver: chrome on ANDROID (51a5b69d350864e9562a2470b487b139)] -> xpath: .//word], [[AndroidDriver: chrome on ANDROID (51a5b69d350864e9562a2470b487b139)] -> xpath: .//word], [[AndroidDriver: chrome on ANDROID (51a5b69d350864e9562a2470b487b139)] -> xpath: .//word], [[AndroidDriver: chrome on ANDROID (51a5b69d350864e9562a2470b487b139)] -> xpath: .//word], [[AndroidDriver: chrome on ANDROID (51a5b69d350864e9562a2470b487b139)] -> xpath: .//word], [[AndroidDriver: chrome on ANDROID (51a5b69d350864e9562a2470b487b139)] -> xpath: .//word], [[AndroidDriver: chrome on ANDROID (51a5b69d350864e9562a2470b487b139)] -> xpath: .//word], [[AndroidDriver: chrome on ANDROID (51a5b69d350864e9562a2470b487b139)] -> xpath: .//word], [[AndroidDriver: chrome on ANDROID (51a5b69d350864e9562a2470b487b139)] -> xpath: .//word], [[AndroidDriver: chrome on ANDROID (51a5b69d350864e9562a2470b487b139)] -> xpath: .//word], [[AndroidDriver: chrome on ANDROID (51a5b69d350864e9562a2470b487b139)] -> xpath: .//word], [[AndroidDriver: chrome on ANDROID (51a5b69d350864e9562a2470b487b139)] -> xpath: .//word], [[AndroidDriver: chrome on ANDROID (51a5b69d350864e9562a2470b487b139)] -> xpath: .//word], [[AndroidDriver: chrome on ANDROID (51a5b69d350864e9562a2470b487b139)] -> xpath: .//word], [[AndroidDriver: chrome on ANDROID (51a5b69d350864e9562a2470b487b139)] -> xpath: .//word], [[AndroidDriver: chrome on ANDROID (51a5b69d350864e9562a2470b487b139)] -> xpath: .//word], [[AndroidDriver: chrome on ANDROID (51a5b69d350864e9562a2470b487b139)] -> xpath: .//word], [[AndroidDriver: chrome on ANDROID (51a5b69d350864e9562a2470b487b139)] -> xpath: .//word], [[AndroidDriver: chrome on ANDROID (51a5b69d350864e9562a2470b487b139)] -> xpath: .//word], [[AndroidDriver: chrome on ANDROID (51a5b69d350864e9562a2470b487b139)] -> xpath: .//word], [[AndroidDriver: chrome on ANDROID (51a5b69d350864e9562a2470b487b139)] -> xpath: .//word], [[AndroidDriver: chrome on ANDROID (51a5b69d350864e9562a2470b487b139)] -> xpath: .//word], [[AndroidDriver: chrome on ANDROID (51a5b69d350864e9562a2470b487b139)] -> xpath: .//word], [[AndroidDriver: chrome on ANDROID (51a5b69d350864e9562a2470b487b139)] -> xpath: .//word], [[AndroidDriver: chrome on ANDROID (51a5b69d350864e9562a2470b487b139)] -> xpath: .//word], [[AndroidDriver: chrome on ANDROID (51a5b69d350864e9562a2470b487b139)] -> xpath: .//word], [[AndroidDriver: chrome on ANDROID (51a5b69d350864e9562a2470b487b139)] -> xpath: .//word], [[AndroidDriver: chrome on ANDROID (51a5b69d350864e9562a2470b487b139)] -> xpath: .//word], [[AndroidDriver: chrome on ANDROID (51a5b69d350864e9562a2470b487b139)] -> xpath: .//word], [[AndroidDriver: chrome on ANDROID (51a5b69d350864e9562a2470b487b139)] -> xpath: .//word], [[AndroidDriver: chrome on ANDROID (51a5b69d350864e9562a2470b487b139)] -> xpath: .//word], [[AndroidDriver: chrome on ANDROID (51a5b69d350864e9562a2470b487b139)] -> xpath: .//word], [[AndroidDriver: chrome on ANDROID (51a5b69d350864e9562a2470b487b139)] -> xpath: .//word], [[AndroidDriver: chrome on ANDROID (51a5b69d350864e9562a2470b487b139)] -> xpath: .//word], [[AndroidDriver: chrome on ANDROID (51a5b69d350864e9562a2470b487b139)] -> xpath: .//word], [[AndroidDriver: chrome on ANDROID (51a5b69d350864e9562a2470b487b139)] -> xpath: .//word], [[AndroidDriver: chrome on ANDROID (51a5b69d350864e9562a2470b487b139)] -> xpath: .//word], [[AndroidDriver: chrome on ANDROID (51a5b69d350864e9562a2470b487b139)] -> xpath: .//word], [[AndroidDriver: chrome on ANDROID (51a5b69d350864e9562a2470b487b139)] -> xpath: .//word], [[AndroidDriver: chrome on ANDROID (51a5b69d350864e9562a2470b487b139)] -> xpath: .//word], [[AndroidDriver: chrome on ANDROID (51a5b69d350864e9562a2470b487b139)] -> xpath: .//word], [[AndroidDriver: chrome on ANDROID (51a5b69d350864e9562a2470b487b139)] -> xpath: .//word], [[AndroidDriver: chrome on ANDROID (51a5b69d350864e9562a2470b487b139)] -> xpath: .//word], [[AndroidDriver: chrome on ANDROID (51a5b69d350864e9562a2470b487b139)] -> xpath: .//word], [[AndroidDriver: chrome on ANDROID (51a5b69d350864e9562a2470b487b139)] -> xpath: .//word], [[AndroidDriver: chrome on ANDROID (51a5b69d350864e9562a2470b487b139)] -> xpath: .//word], [[AndroidDriver: chrome on ANDROID (51a5b69d350864e9562a2470b487b139)] -> xpath: .//word], [[AndroidDriver: chrome on ANDROID (51a5b69d350864e9562a2470b487b139)] -> xpath: .//word], [[AndroidDriver: chrome on ANDROID (51a5b69d350864e9562a2470b487b139)] -> xpath: .//word], [[AndroidDriver: chrome on ANDROID (51a5b69d350864e9562a2470b487b139)] -> xpath: .//word], [[AndroidDriver: chrome on ANDROID (51a5b69d350864e9562a2470b487b139)] -> xpath: .//word], [[AndroidDriver: chrome on ANDROID (51a5b69d350864e9562a2470b487b139)] -> xpath: .//word], [[AndroidDriver: chrome on ANDROID (51a5b69d350864e9562a2470b487b139)] -> xpath: .//word], [[AndroidDriver: chrome on ANDROID (51a5b69d350864e9562a2470b487b139)] -> xpath: .//word], [[AndroidDriver: chrome on ANDROID (51a5b69d350864e9562a2470b487b139)] -> xpath: .//word], [[AndroidDriver: chrome on ANDROID (51a5b69d350864e9562a2470b487b139)] -> xpath: .//word], [[AndroidDriver: chrome on ANDROID (51a5b69d350864e9562a2470b487b139)] -> xpath: .//word], [[AndroidDriver: chrome on ANDROID (51a5b69d350864e9562a2470b487b139)] -> xpath: .//word], [[AndroidDriver: chrome on ANDROID (51a5b69d350864e9562a2470b487b139)] -> xpath: .//word], [[AndroidDriver: chrome on ANDROID (51a5b69d350864e9562a2470b487b139)] -> xpath: .//word], [[AndroidDriver: chrome on ANDROID (51a5b69d350864e9562a2470b487b139)] -> xpath: .//word], [[AndroidDriver: chrome on ANDROID (51a5b69d350864e9562a2470b487b139)] -> xpath: .//word], [[AndroidDriver: chrome on ANDROID (51a5b69d350864e9562a2470b487b139)] -> xpath: .//word], [[AndroidDriver: chrome on ANDROID (51a5b69d350864e9562a2470b487b139)] -> xpath: .//word], [[AndroidDriver: chrome on ANDROID (51a5b69d350864e9562a2470b487b139)] -> xpath: .//word], [[AndroidDriver: chrome on ANDROID (51a5b69d350864e9562a2470b487b139)] -> xpath: .//word], [[AndroidDriver: chrome on ANDROID (51a5b69d350864e9562a2470b487b139)] -> xpath: .//word], [[AndroidDriver: chrome on ANDROID (51a5b69d350864e9562a2470b487b139)] -> xpath: .//word], [[AndroidDriver: chrome on ANDROID (51a5b69d350864e9562a2470b487b139)] -> xpath: .//word], [[AndroidDriver: chrome on ANDROID (51a5b69d350864e9562a2470b487b139)] -> xpath: .//word], [[AndroidDriver: chrome on ANDROID (51a5b69d350864e9562a2470b487b139)] -> xpath: .//word], [[AndroidDriver: chrome on ANDROID (51a5b69d350864e9562a2470b487b139)] -> xpath: .//word], [[AndroidDriver: chrome on ANDROID (51a5b69d350864e9562a2470b487b139)] -> xpath: .//word], [[AndroidDriver: chrome on ANDROID (51a5b69d350864e9562a2470b487b139)] -> xpath: .//word], [[AndroidDriver: chrome on ANDROID (51a5b69d350864e9562a2470b487b139)] -> xpath: .//word], [[AndroidDriver: chrome on ANDROID (51a5b69d350864e9562a2470b487b139)] -> xpath: .//word], [[AndroidDriver: chrome on ANDROID (51a5b69d350864e9562a2470b487b139)] -> xpath: .//word], [[AndroidDriver: chrome on ANDROID (51a5b69d350864e9562a2470b487b139)] -> xpath: .//word], [[AndroidDriver: chrome on ANDROID (51a5b69d350864e9562a2470b487b139)] -> xpath: .//word], [[AndroidDriver: chrome on ANDROID (51a5b69d350864e9562a2470b487b139)] -> xpath: .//word], [[AndroidDriver: chrome on ANDROID (51a5b69d350864e9562a2470b487b139)] -> xpath: .//word], [[AndroidDriver: chrome on ANDROID (51a5b69d350864e9562a2470b487b139)] -> xpath: .//word], [[AndroidDriver: chrome on ANDROID (51a5b69d350864e9562a2470b487b139)] -> xpath: .//word], [[AndroidDriver: chrome on ANDROID (51a5b69d350864e9562a2470b487b139)] -> xpath: .//word], [[AndroidDriver: chrome on ANDROID (51a5b69d350864e9562a2470b487b139)] -> xpath: .//word], [[AndroidDriver: chrome on ANDROID (51a5b69d350864e9562a2470b487b139)] -> xpath: .//word], [[AndroidDriver: chrome on ANDROID (51a5b69d350864e9562a2470b487b139)] -> xpath: .//word], [[AndroidDriver: chrome on ANDROID (51a5b69d350864e9562a2470b487b139)] -> xpath: .//word], [[AndroidDriver: chrome on ANDROID (51a5b69d350864e9562a2470b487b139)] -> xpath: .//word], [[AndroidDriver: chrome on ANDROID (51a5b69d350864e9562a2470b487b139)] -> xpath: .//word], [[AndroidDriver: chrome on ANDROID (51a5b69d350864e9562a2470b487b139)] -> xpath: .//word], [[AndroidDriver: chrome on ANDROID (51a5b69d350864e9562a2470b487b139)] -> xpath: .//word], [[AndroidDriver: chrome on ANDROID (51a5b69d350864e9562a2470b487b139)] -> xpath: .//word], [[AndroidDriver: chrome on ANDROID (51a5b69d350864e9562a2470b487b139)] -> xpath: .//word], [[AndroidDriver: chrome on ANDROID (51a5b69d350864e9562a2470b487b139)] -> xpath: .//word], [[AndroidDriver: chrome on ANDROID (51a5b69d350864e9562a2470b487b139)] -> xpath: .//word], [[AndroidDriver: chrome on ANDROID (51a5b69d350864e9562a2470b487b139)] -> xpath: .//word], [[AndroidDriver: chrome on ANDROID (51a5b69d350864e9562a2470b487b139)] -> xpath: .//word], [[AndroidDriver: chrome on ANDROID (51a5b69d350864e9562a2470b487b139)] -> xpath: .//word], [[AndroidDriver: chrome on ANDROID (51a5b69d350864e9562a2470b487b139)] -> xpath: .//word], [[AndroidDriver: chrome on ANDROID (51a5b69d350864e9562a2470b487b139)] -> xpath: .//word], [[AndroidDriver: chrome on ANDROID (51a5b69d350864e9562a2470b487b139)] -> xpath: .//word], [[AndroidDriver: chrome on ANDROID (51a5b69d350864e9562a2470b487b139)] -> xpath: .//word], [[AndroidDriver: chrome on ANDROID (51a5b69d350864e9562a2470b487b139)] -> xpath: .//word], [[AndroidDriver: chrome on ANDROID (51a5b69d350864e9562a2470b487b139)] -> xpath: .//word], [[AndroidDriver: chrome on ANDROID (51a5b69d350864e9562a2470b487b139)] -> xpath: .//word], [[AndroidDriver: chrome on ANDROID (51a5b69d350864e9562a2470b487b139)] -> xpath: .//word], [[AndroidDriver: chrome on ANDROID (51a5b69d350864e9562a2470b487b139)] -> xpath: .//word], [[AndroidDriver: chrome on ANDROID (51a5b69d350864e9562a2470b487b139)] -> xpath: .//word], [[AndroidDriver: chrome on ANDROID (51a5b69d350864e9562a2470b487b139)] -> xpath: .//word], [[AndroidDriver: chrome on ANDROID (51a5b69d350864e9562a2470b487b139)] -> xpath: .//word], [[AndroidDriver: chrome on ANDROID (51a5b69d350864e9562a2470b487b139)] -> xpath: .//word], [[AndroidDriver: chrome on ANDROID (51a5b69d350864e9562a2470b487b139)] -> xpath: .//word], [[AndroidDriver: chrome on ANDROID (51a5b69d350864e9562a2470b487b139)] -> xpath: .//word], [[AndroidDriver: chrome on ANDROID (51a5b69d350864e9562a2470b487b139)] -> xpath: .//word], [[AndroidDriver: chrome on ANDROID (51a5b69d350864e9562a2470b487b139)] -> xpath: .//word], [[AndroidDriver: chrome on ANDROID (51a5b69d350864e9562a2470b487b139)] -> xpath: .//word], [[AndroidDriver: chrome on ANDROID (51a5b69d350864e9562a2470b487b139)] -> xpath: .//word], [[AndroidDriver: chrome on ANDROID (51a5b69d350864e9562a2470b487b139)] -> xpath: .//word], [[AndroidDriver: chrome on ANDROID (51a5b69d350864e9562a2470b487b139)] -> xpath: .//word], [[AndroidDriver: chrome on ANDROID (51a5b69d350864e9562a2470b487b139)] -> xpath: .//word], [[AndroidDriver: chrome on ANDROID (51a5b69d350864e9562a2470b487b139)] -> xpath: .//word], [[AndroidDriver: chrome on ANDROID (51a5b69d350864e9562a2470b487b139)] -> xpath: .//word], [[AndroidDriver: chrome on ANDROID (51a5b69d350864e9562a2470b487b139)] -> xpath: .//word], [[AndroidDriver: chrome on ANDROID (51a5b69d350864e9562a2470b487b139)] -> xpath: .//word], [[AndroidDriver: chrome on ANDROID (51a5b69d350864e9562a2470b487b139)] -> xpath: .//word], [[AndroidDriver: chrome on ANDROID (51a5b69d350864e9562a2470b487b139)] -> xpath: .//word], [[AndroidDriver: chrome on ANDROID (51a5b69d350864e9562a2470b487b139)] -> xpath: .//word], [[AndroidDriver: chrome on ANDROID (51a5b69d350864e9562a2470b487b139)] -> xpath: .//word], [[AndroidDriver: chrome on ANDROID (51a5b69d350864e9562a2470b487b139)] -> xpath: .//word], [[AndroidDriver: chrome on ANDROID (51a5b69d350864e9562a2470b487b139)] -> xpath: .//word], [[AndroidDriver: chrome on ANDROID (51a5b69d350864e9562a2470b487b139)] -> xpath: .//word], [[AndroidDriver: chrome on ANDROID (51a5b69d350864e9562a2470b487b139)] -> xpath: .//word], [[AndroidDriver: chrome on ANDROID (51a5b69d350864e9562a2470b487b139)] -> xpath: .//word], [[AndroidDriver: chrome on ANDROID (51a5b69d350864e9562a2470b487b139)] -> xpath: .//word], [[AndroidDriver: chrome on ANDROID (51a5b69d350864e9562a2470b487b139)] -> xpath: .//word], [[AndroidDriver: chrome on ANDROID (51a5b69d350864e9562a2470b487b139)] -> xpath: .//word], [[AndroidDriver: chrome on ANDROID (51a5b69d350864e9562a2470b487b139)] -> xpath: .//word], [[AndroidDriver: chrome on ANDROID (51a5b69d350864e9562a2470b487b139)] -> xpath: .//word], [[AndroidDriver: chrome on ANDROID (51a5b69d350864e9562a2470b487b139)] -> xpath: .//word], [[AndroidDriver: chrome on ANDROID (51a5b69d350864e9562a2470b487b139)] -> xpath: .//word], [[AndroidDriver: chrome on ANDROID (51a5b69d350864e9562a2470b487b139)] -> xpath: .//word], [[AndroidDriver: chrome on ANDROID (51a5b69d350864e9562a2470b487b139)] -> xpath: .//word], [[AndroidDriver: chrome on ANDROID (51a5b69d350864e9562a2470b487b139)] -> xpath: .//word], [[AndroidDriver: chrome on ANDROID (51a5b69d350864e9562a2470b487b139)] -> xpath: .//word], [[AndroidDriver: chrome on ANDROID (51a5b69d350864e9562a2470b487b139)] -> xpath: .//word], [[AndroidDriver: chrome on ANDROID (51a5b69d350864e9562a2470b487b139)] -> xpath: .//word], [[AndroidDriver: chrome on ANDROID (51a5b69d350864e9562a2470b487b139)] -> xpath: .//word], [[AndroidDriver: chrome on ANDROID (51a5b69d350864e9562a2470b487b139)] -> xpath: .//word], [[AndroidDriver: chrome on ANDROID (51a5b69d350864e9562a2470b487b139)] -> xpath: .//word], [[AndroidDriver: chrome on ANDROID (51a5b69d350864e9562a2470b487b139)] -> xpath: .//word], [[AndroidDriver: chrome on ANDROID (51a5b69d350864e9562a2470b487b139)] -> xpath: .//word], [[AndroidDriver: chrome on ANDROID (51a5b69d350864e9562a2470b487b139)] -> xpath: .//word], [[AndroidDriver: chrome on ANDROID (51a5b69d350864e9562a2470b487b139)] -> xpath: .//word], [[AndroidDriver: chrome on ANDROID (51a5b69d350864e9562a2470b487b139)] -> xpath: .//word], [[AndroidDriver: chrome on ANDROID (51a5b69d350864e9562a2470b487b139)] -> xpath: .//word], [[AndroidDriver: chrome on ANDROID (51a5b69d350864e9562a2470b487b139)] -> xpath: .//word], [[AndroidDriver: chrome on ANDROID (51a5b69d350864e9562a2470b487b139)] -> xpath: .//word], [[AndroidDriver: chrome on ANDROID (51a5b69d350864e9562a2470b487b139)] -> xpath: .//word], [[AndroidDriver: chrome on ANDROID (51a5b69d350864e9562a2470b487b139)] -> xpath: .//word], [[AndroidDriver: chrome on ANDROID (51a5b69d350864e9562a2470b487b139)] -> xpath: .//word], [[AndroidDriver: chrome on ANDROID (51a5b69d350864e9562a2470b487b139)] -> xpath: .//word], [[AndroidDriver: chrome on ANDROID (51a5b69d350864e9562a2470b487b139)] -> xpath: .//word], [[AndroidDriver: chrome on ANDROID (51a5b69d350864e9562a2470b487b139)] -> xpath: .//word], [[AndroidDriver: chrome on ANDROID (51a5b69d350864e9562a2470b487b139)] -> xpath: .//word], [[AndroidDriver: chrome on ANDROID (51a5b69d350864e9562a2470b487b139)] -> xpath: .//word], [[AndroidDriver: chrome on ANDROID (51a5b69d350864e9562a2470b487b139)] -> xpath: .//word], [[AndroidDriver: chrome on ANDROID (51a5b69d350864e9562a2470b487b139)] -> xpath: .//word], [[AndroidDriver: chrome on ANDROID (51a5b69d350864e9562a2470b487b139)] -> xpath: .//word], [[AndroidDriver: chrome on ANDROID (51a5b69d350864e9562a2470b487b139)] -> xpath: .//word], [[AndroidDriver: chrome on ANDROID (51a5b69d350864e9562a2470b487b139)] -> xpath: .//word], [[AndroidDriver: chrome on ANDROID (51a5b69d350864e9562a2470b487b139)] -> xpath: .//word], [[AndroidDriver: chrome on ANDROID (51a5b69d350864e9562a2470b487b139)] -> xpath: .//word], [[AndroidDriver: chrome on ANDROID (51a5b69d350864e9562a2470b487b139)] -> xpath: .//word], [[AndroidDriver: chrome on ANDROID (51a5b69d350864e9562a2470b487b139)] -> xpath: .//word], [[AndroidDriver: chrome on ANDROID (51a5b69d350864e9562a2470b487b139)] -> xpath: .//word], [[AndroidDriver: chrome on ANDROID (51a5b69d350864e9562a2470b487b139)] -> xpath: .//word], [[AndroidDriver: chrome on ANDROID (51a5b69d350864e9562a2470b487b139)] -> xpath: .//word], [[AndroidDriver: chrome on ANDROID (51a5b69d350864e9562a2470b487b139)] -> xpath: .//word], [[AndroidDriver: chrome on ANDROID (51a5b69d350864e9562a2470b487b139)] -> xpath: .//word], [[AndroidDriver: chrome on ANDROID (51a5b69d350864e9562a2470b487b139)] -> xpath: .//word], [[AndroidDriver: chrome on ANDROID (51a5b69d350864e9562a2470b487b139)] -> xpath: .//word], [[AndroidDriver: chrome on ANDROID (51a5b69d350864e9562a2470b487b139)] -> xpath: .//word], [[AndroidDriver: chrome on ANDROID (51a5b69d350864e9562a2470b487b139)] -> xpath: .//word], [[AndroidDriver: chrome on ANDROID (51a5b69d350864e9562a2470b487b139)] -> xpath: .//word], [[AndroidDriver: chrome on ANDROID (51a5b69d350864e9562a2470b487b139)] -> xpath: .//word], [[AndroidDriver: chrome on ANDROID (51a5b69d350864e9562a2470b487b139)] -> xpath: .//word], [[AndroidDriver: chrome on ANDROID (51a5b69d350864e9562a2470b487b139)] -> xpath: .//word], [[AndroidDriver: chrome on ANDROID (51a5b69d350864e9562a2470b487b139)] -> xpath: .//word], [[AndroidDriver: chrome on ANDROID (51a5b69d350864e9562a2470b487b139)] -> xpath: .//word], [[AndroidDriver: chrome on ANDROID (51a5b69d350864e9562a2470b487b139)] -> xpath: .//word], [[AndroidDriver: chrome on ANDROID (51a5b69d350864e9562a2470b487b139)] -> xpath: .//word], [[AndroidDriver: chrome on ANDROID (51a5b69d350864e9562a2470b487b139)] -> xpath: .//word], [[AndroidDriver: chrome on ANDROID (51a5b69d350864e9562a2470b487b139)] -> xpath: .//word], [[AndroidDriver: chrome on ANDROID (51a5b69d350864e9562a2470b487b139)] -> xpath: .//word], [[AndroidDriver: chrome on ANDROID (51a5b69d350864e9562a2470b487b139)] -> xpath: .//word], [[AndroidDriver: chrome on ANDROID (51a5b69d350864e9562a2470b487b139)] -> xpath: .//word], [[AndroidDriver: chrome on ANDROID (51a5b69d350864e9562a2470b487b139)] -> xpath: .//word], [[AndroidDriver: chrome on ANDROID (51a5b69d350864e9562a2470b487b139)] -> xpath: .//word], [[AndroidDriver: chrome on ANDROID (51a5b69d350864e9562a2470b487b139)] -> xpath: .//word], [[AndroidDriver: chrome on ANDROID (51a5b69d350864e9562a2470b487b139)] -> xpath: .//word], [[AndroidDriver: chrome on ANDROID (51a5b69d350864e9562a2470b487b139)] -> xpath: .//word], [[AndroidDriver: chrome on ANDROID (51a5b69d350864e9562a2470b487b139)] -> xpath: .//word], [[AndroidDriver: chrome on ANDROID (51a5b69d350864e9562a2470b487b139)] -> xpath: .//word], [[AndroidDriver: chrome on ANDROID (51a5b69d350864e9562a2470b487b139)] -> xpath: .//word], [[AndroidDriver: chrome on ANDROID (51a5b69d350864e9562a2470b487b139)] -> xpath: .//word], [[AndroidDriver: chrome on ANDROID (51a5b69d350864e9562a2470b487b139)] -> xpath: .//word], [[AndroidDriver: chrome on ANDROID (51a5b69d350864e9562a2470b487b139)] -> xpath: .//word], [[AndroidDriver: chrome on ANDROID (51a5b69d350864e9562a2470b487b139)] -> xpath: .//word], [[AndroidDriver: chrome on ANDROID (51a5b69d350864e9562a2470b487b139)] -> xpath: .//word], [[AndroidDriver: chrome on ANDROID (51a5b69d350864e9562a2470b487b139)] -> xpath: .//word], [[AndroidDriver: chrome on ANDROID (51a5b69d350864e9562a2470b487b139)] -> xpath: .//word], [[AndroidDriver: chrome on ANDROID (51a5b69d350864e9562a2470b487b139)] -> xpath: .//word], [[AndroidDriver: chrome on ANDROID (51a5b69d350864e9562a2470b487b139)] -> xpath: .//word], [[AndroidDriver: chrome on ANDROID (51a5b69d350864e9562a2470b487b139)] -> xpath: .//word], [[AndroidDriver: chrome on ANDROID (51a5b69d350864e9562a2470b487b139)] -> xpath: .//word], [[AndroidDriver: chrome on ANDROID (51a5b69d350864e9562a2470b487b139)] -> xpath: .//word], [[AndroidDriver: chrome on ANDROID (51a5b69d350864e9562a2470b487b139)] -> xpath: .//word], [[AndroidDriver: chrome on ANDROID (51a5b69d350864e9562a2470b487b139)] -> xpath: .//word], [[AndroidDriver: chrome on ANDROID (51a5b69d350864e9562a2470b487b139)] -> xpath: .//word], [[AndroidDriver: chrome on ANDROID (51a5b69d350864e9562a2470b487b139)] -> xpath: .//word], [[AndroidDriver: chrome on ANDROID (51a5b69d350864e9562a2470b487b139)] -> xpath: .//word], [[AndroidDriver: chrome on ANDROID (51a5b69d350864e9562a2470b487b139)] -> xpath: .//word], [[AndroidDriver: chrome on ANDROID (51a5b69d350864e9562a2470b487b139)] -> xpath: .//word], [[AndroidDriver: chrome on ANDROID (51a5b69d350864e9562a2470b487b139)] -> xpath: .//word], [[AndroidDriver: chrome on ANDROID (51a5b69d350864e9562a2470b487b139)] -> xpath: .//word], [[AndroidDriver: chrome on ANDROID (51a5b69d350864e9562a2470b487b139)] -> xpath: .//word], [[AndroidDriver: chrome on ANDROID (51a5b69d350864e9562a2470b487b139)] -> xpath: .//word], [[AndroidDriver: chrome on ANDROID (51a5b69d350864e9562a2470b487b139)] -> xpath: .//word], [[AndroidDriver: chrome on ANDROID (51a5b69d350864e9562a2470b487b139)] -> xpath: .//word], [[AndroidDriver: chrome on ANDROID (51a5b69d350864e9562a2470b487b139)] -> xpath: .//word], [[AndroidDriver: chrome on ANDROID (51a5b69d350864e9562a2470b487b139)] -> xpath: .//word], [[AndroidDriver: chrome on ANDROID (51a5b69d350864e9562a2470b487b139)] -> xpath: .//word], [[AndroidDriver: chrome on ANDROID (51a5b69d350864e9562a2470b487b139)] -> xpath: .//word], [[AndroidDriver: chrome on ANDROID (51a5b69d350864e9562a2470b487b139)] -> xpath: .//word], [[AndroidDriver: chrome on ANDROID (51a5b69d350864e9562a2470b487b139)] -> xpath: .//word], [[AndroidDriver: chrome on ANDROID (51a5b69d350864e9562a2470b487b139)] -> xpath: .//word], [[AndroidDriver: chrome on ANDROID (51a5b69d350864e9562a2470b487b139)] -> xpath: .//word], [[AndroidDriver: chrome on ANDROID (51a5b69d350864e9562a2470b487b139)] -> xpath: .//word], [[AndroidDriver: chrome on ANDROID (51a5b69d350864e9562a2470b487b139)] -> xpath: .//word], [[AndroidDriver: chrome on ANDROID (51a5b69d350864e9562a2470b487b139)] -> xpath: .//word], [[AndroidDriver: chrome on ANDROID (51a5b69d350864e9562a2470b487b139)] -> xpath: .//word], [[AndroidDriver: chrome on ANDROID (51a5b69d350864e9562a2470b487b139)] -> xpath: .//word], [[AndroidDriver: chrome on ANDROID (51a5b69d350864e9562a2470b487b139)] -> xpath: .//word], [[AndroidDriver: chrome on ANDROID (51a5b69d350864e9562a2470b487b139)] -> xpath: .//word], [[AndroidDriver: chrome on ANDROID (51a5b69d350864e9562a2470b487b139)] -> xpath: .//word], [[AndroidDriver: chrome on ANDROID (51a5b69d350864e9562a2470b487b139)] -> xpath: .//word], [[AndroidDriver: chrome on ANDROID (51a5b69d350864e9562a2470b487b139)] -> xpath: .//word], [[AndroidDriver: chrome on ANDROID (51a5b69d350864e9562a2470b487b139)] -> xpath: .//word], [[AndroidDriver: chrome on ANDROID (51a5b69d350864e9562a2470b487b139)] -> xpath: .//word], [[AndroidDriver: chrome on ANDROID (51a5b69d350864e9562a2470b487b139)] -> xpath: .//word], [[AndroidDriver: chrome on ANDROID (51a5b69d350864e9562a2470b487b139)] -> xpath: .//word], [[AndroidDriver: chrome on ANDROID (51a5b69d350864e9562a2470b487b139)] -> xpath: .//word], [[AndroidDriver: chrome on ANDROID (51a5b69d350864e9562a2470b487b139)] -> xpath: .//word], [[AndroidDriver: chrome on ANDROID (51a5b69d350864e9562a2470b487b139)] -> xpath: .//word], [[AndroidDriver: chrome on ANDROID (51a5b69d350864e9562a2470b487b139)] -> xpath: .//word], [[AndroidDriver: chrome on ANDROID (51a5b69d350864e9562a2470b487b139)] -> xpath: .//word], [[AndroidDriver: chrome on ANDROID (51a5b69d350864e9562a2470b487b139)] -> xpath: .//word], [[AndroidDriver: chrome on ANDROID (51a5b69d350864e9562a2470b487b139)] -> xpath: .//word], [[AndroidDriver: chrome on ANDROID (51a5b69d350864e9562a2470b487b139)] -> xpath: .//word], [[AndroidDriver: chrome on ANDROID (51a5b69d350864e9562a2470b487b139)] -> xpath: .//word], [[AndroidDriver: chrome on ANDROID (51a5b69d350864e9562a2470b487b139)] -> xpath: .//word], [[AndroidDriver: chrome on ANDROID (51a5b69d350864e9562a2470b487b139)] -> xpath: .//word], [[AndroidDriver: chrome on ANDROID (51a5b69d350864e9562a2470b487b139)] -> xpath: .//word], [[AndroidDriver: chrome on ANDROID (51a5b69d350864e9562a2470b487b139)] -> xpath: .//word], [[AndroidDriver: chrome on ANDROID (51a5b69d350864e9562a2470b487b139)] -> xpath: .//word], [[AndroidDriver: chrome on ANDROID (51a5b69d350864e9562a2470b487b139)] -> xpath: .//word], [[AndroidDriver: chrome on ANDROID (51a5b69d350864e9562a2470b487b139)] -> xpath: .//word], [[AndroidDriver: chrome on ANDROID (51a5b69d350864e9562a2470b487b139)] -> xpath: .//word], [[AndroidDriver: chrome on ANDROID (51a5b69d350864e9562a2470b487b139)] -> xpath: .//word], [[AndroidDriver: chrome on ANDROID (51a5b69d350864e9562a2470b487b139)] -> xpath: .//word], [[AndroidDriver: chrome on ANDROID (51a5b69d350864e9562a2470b487b139)] -> xpath: .//word], [[AndroidDriver: chrome on ANDROID (51a5b69d350864e9562a2470b487b139)] -> xpath: .//word], [[AndroidDriver: chrome on ANDROID (51a5b69d350864e9562a2470b487b139)] -> xpath: .//word], [[AndroidDriver: chrome on ANDROID (51a5b69d350864e9562a2470b487b139)] -> xpath: .//word], [[AndroidDriver: chrome on ANDROID (51a5b69d350864e9562a2470b487b139)] -> xpath: .//word], [[AndroidDriver: chrome on ANDROID (51a5b69d350864e9562a2470b487b139)] -> xpath: .//word], [[AndroidDriver: chrome on ANDROID (51a5b69d350864e9562a2470b487b139)] -> xpath: .//word], [[AndroidDriver: chrome on ANDROID (51a5b69d350864e9562a2470b487b139)] -> xpath: .//word], [[AndroidDriver: chrome on ANDROID (51a5b69d350864e9562a2470b487b139)] -> xpath: .//word], [[AndroidDriver: chrome on ANDROID (51a5b69d350864e9562a2470b487b139)] -> xpath: .//word], [[AndroidDriver: chrome on ANDROID (51a5b69d350864e9562a2470b487b139)] -> xpath: .//word], [[AndroidDriver: chrome on ANDROID (51a5b69d350864e9562a2470b487b139)] -> xpath: .//word], [[AndroidDriver: chrome on ANDROID (51a5b69d350864e9562a2470b487b139)] -> xpath: .//word], [[AndroidDriver: chrome on ANDROID (51a5b69d350864e9562a2470b487b139)] -> xpath: .//word], [[AndroidDriver: chrome on ANDROID (51a5b69d350864e9562a2470b487b139)] -> xpath: .//word], [[AndroidDriver: chrome on ANDROID (51a5b69d350864e9562a2470b487b139)] -> xpath: .//word], [[AndroidDriver: chrome on ANDROID (51a5b69d350864e9562a2470b487b139)] -> xpath: .//word], [[AndroidDriver: chrome on ANDROID (51a5b69d350864e9562a2470b487b139)] -> xpath: .//word], [[AndroidDriver: chrome on ANDROID (51a5b69d350864e9562a2470b487b139)] -> xpath: .//word], [[AndroidDriver: chrome on ANDROID (51a5b69d350864e9562a2470b487b139)] -> xpath: .//word], [[AndroidDriver: chrome on ANDROID (51a5b69d350864e9562a2470b487b139)] -> xpath: .//word], [[AndroidDriver: chrome on ANDROID (51a5b69d350864e9562a2470b487b139)] -> xpath: .//word], [[AndroidDriver: chrome on ANDROID (51a5b69d350864e9562a2470b487b139)] -> xpath: .//word], [[AndroidDriver: chrome on ANDROID (51a5b69d350864e9562a2470b487b139)] -> xpath: .//word], [[AndroidDriver: chrome on ANDROID (51a5b69d350864e9562a2470b487b139)] -> xpath: .//word], [[AndroidDriver: chrome on ANDROID (51a5b69d350864e9562a2470b487b139)] -> xpath: .//word], [[AndroidDriver: chrome on ANDROID (51a5b69d350864e9562a2470b487b139)] -> xpath: .//word], [[AndroidDriver: chrome on ANDROID (51a5b69d350864e9562a2470b487b139)] -> xpath: .//word], [[AndroidDriver: chrome on ANDROID (51a5b69d350864e9562a2470b487b139)] -> xpath: .//word], [[AndroidDriver: chrome on ANDROID (51a5b69d350864e9562a2470b487b139)] -> xpath: .//word], [[AndroidDriver: chrome on ANDROID (51a5b69d350864e9562a2470b487b139)] -> xpath: .//word], [[AndroidDriver: chrome on ANDROID (51a5b69d350864e9562a2470b487b139)] -> xpath: .//word], [[AndroidDriver: chrome on ANDROID (51a5b69d350864e9562a2470b487b139)] -> xpath: .//word], [[AndroidDriver: chrome on ANDROID (51a5b69d350864e9562a2470b487b139)] -> xpath: .//word], [[AndroidDriver: chrome on ANDROID (51a5b69d350864e9562a2470b487b139)] -> xpath: .//word], [[AndroidDriver: chrome on ANDROID (51a5b69d350864e9562a2470b487b139)] -> xpath: .//word], [[AndroidDriver: chrome on ANDROID (51a5b69d350864e9562a2470b487b139)] -> xpath: .//word], [[AndroidDriver: chrome on ANDROID (51a5b69d350864e9562a2470b487b139)] -> xpath: .//word], [[AndroidDriver: chrome on ANDROID (51a5b69d350864e9562a2470b487b139)] -> xpath: .//word], [[AndroidDriver: chrome on ANDROID (51a5b69d350864e9562a2470b487b139)] -> xpath: .//word], [[AndroidDriver: chrome on ANDROID (51a5b69d350864e9562a2470b487b139)] -> xpath: .//word], [[AndroidDriver: chrome on ANDROID (51a5b69d350864e9562a2470b487b139)] -> xpath: .//word], [[AndroidDriver: chrome on ANDROID (51a5b69d350864e9562a2470b487b139)] -> xpath: .//word], [[AndroidDriver: chrome on ANDROID (51a5b69d350864e9562a2470b487b139)] -> xpath: .//word], [[AndroidDriver: chrome on ANDROID (51a5b69d350864e9562a2470b487b139)] -> xpath: .//word], [[AndroidDriver: chrome on ANDROID (51a5b69d350864e9562a2470b487b139)] -> xpath: .//word], [[AndroidDriver: chrome on ANDROID (51a5b69d350864e9562a2470b487b139)] -> xpath: .//word], [[AndroidDriver: chrome on ANDROID (51a5b69d350864e9562a2470b487b139)] -> xpath: .//word], [[AndroidDriver: chrome on ANDROID (51a5b69d350864e9562a2470b487b139)] -> xpath: .//word], [[AndroidDriver: chrome on ANDROID (51a5b69d350864e9562a2470b487b139)] -> xpath: .//word], [[AndroidDriver: chrome on ANDROID (51a5b69d350864e9562a2470b487b139)] -> xpath: .//word], [[AndroidDriver: chrome on ANDROID (51a5b69d350864e9562a2470b487b139)] -> xpath: .//word], [[AndroidDriver: chrome on ANDROID (51a5b69d350864e9562a2470b487b139)] -> xpath: .//word], [[AndroidDriver: chrome on ANDROID (51a5b69d350864e9562a2470b487b139)] -> xpath: .//word], [[AndroidDriver: chrome on ANDROID (51a5b69d350864e9562a2470b487b139)] -> xpath: .//word], [[AndroidDriver: chrome on ANDROID (51a5b69d350864e9562a2470b487b139)] -> xpath: .//word], [[AndroidDriver: chrome on ANDROID (51a5b69d350864e9562a2470b487b139)] -> xpath: .//word], [[AndroidDriver: chrome on ANDROID (51a5b69d350864e9562a2470b487b139)] -> xpath: .//word], [[AndroidDriver: chrome on ANDROID (51a5b69d350864e9562a2470b487b139)] -> xpath: .//word], [[AndroidDriver: chrome on ANDROID (51a5b69d350864e9562a2470b487b139)] -> xpath: .//word], [[AndroidDriver: chrome on ANDROID (51a5b69d350864e9562a2470b487b139)] -> xpath: .//word], [[AndroidDriver: chrome on ANDROID (51a5b69d350864e9562a2470b487b139)] -> xpath: .//word], [[AndroidDriver: chrome on ANDROID (51a5b69d350864e9562a2470b487b139)] -> xpath: .//word], [[AndroidDriver: chrome on ANDROID (51a5b69d350864e9562a2470b487b139)] -> xpath: .//word], [[AndroidDriver: chrome on ANDROID (51a5b69d350864e9562a2470b487b139)] -> xpath: .//word], [[AndroidDriver: chrome on ANDROID (51a5b69d350864e9562a2470b487b139)] -> xpath: .//word], [[AndroidDriver: chrome on ANDROID (51a5b69d350864e9562a2470b487b139)] -> xpath: .//word], [[AndroidDriver: chrome on ANDROID (51a5b69d350864e9562a2470b487b139)] -> xpath: .//word], [[AndroidDriver: chrome on ANDROID (51a5b69d350864e9562a2470b487b139)] -> xpath: .//word], [[AndroidDriver: chrome on ANDROID (51a5b69d350864e9562a2470b487b139)] -> xpath: .//word], [[AndroidDriver: chrome on ANDROID (51a5b69d350864e9562a2470b487b139)] -> xpath: .//word], [[AndroidDriver: chrome on ANDROID (51a5b69d350864e9562a2470b487b139)] -> xpath: .//word], [[AndroidDriver: chrome on ANDROID (51a5b69d350864e9562a2470b487b139)] -> xpath: .//word], [[AndroidDriver: chrome on ANDROID (51a5b69d350864e9562a2470b487b139)] -> xpath: .//word], [[AndroidDriver: chrome on ANDROID (51a5b69d350864e9562a2470b487b139)] -> xpath: .//word], [[AndroidDriver: chrome on ANDROID (51a5b69d350864e9562a2470b487b139)] -> xpath: .//word], [[AndroidDriver: chrome on ANDROID (51a5b69d350864e9562a2470b487b139)] -> xpath: .//word], [[AndroidDriver: chrome on ANDROID (51a5b69d350864e9562a2470b487b139)] -> xpath: .//word], [[AndroidDriver: chrome on ANDROID (51a5b69d350864e9562a2470b487b139)] -> xpath: .//word], [[AndroidDriver: chrome on ANDROID (51a5b69d350864e9562a2470b487b139)] -> xpath: .//word], [[AndroidDriver: chrome on ANDROID (51a5b69d350864e9562a2470b487b139)] -> xpath: .//word], [[AndroidDriver: chrome on ANDROID (51a5b69d350864e9562a2470b487b139)] -> xpath: .//word], [[AndroidDriver: chrome on ANDROID (51a5b69d350864e9562a2470b487b139)] -> xpath: .//word], [[AndroidDriver: chrome on ANDROID (51a5b69d350864e9562a2470b487b139)] -> xpath: .//word], [[AndroidDriver: chrome on ANDROID (51a5b69d350864e9562a2470b487b139)] -> xpath: .//word], [[AndroidDriver: chrome on ANDROID (51a5b69d350864e9562a2470b487b139)] -> xpath: .//word], [[AndroidDriver: chrome on ANDROID (51a5b69d350864e9562a2470b487b139)] -> xpath: .//word], [[AndroidDriver: chrome on ANDROID (51a5b69d350864e9562a2470b487b139)] -> xpath: .//word], [[AndroidDriver: chrome on ANDROID (51a5b69d350864e9562a2470b487b139)] -> xpath: .//word], [[AndroidDriver: chrome on ANDROID (51a5b69d350864e9562a2470b487b139)] -> xpath: .//word], [[AndroidDriver: chrome on ANDROID (51a5b69d350864e9562a2470b487b139)] -> xpath: .//word], [[AndroidDriver: chrome on ANDROID (51a5b69d350864e9562a2470b487b139)] -> xpath: .//word], [[AndroidDriver: chrome on ANDROID (51a5b69d350864e9562a2470b487b139)] -> xpath: .//word], [[AndroidDriver: chrome on ANDROID (51a5b69d350864e9562a2470b487b139)] -> xpath: .//word], [[AndroidDriver: chrome on ANDROID (51a5b69d350864e9562a2470b487b139)] -> xpath: .//word], [[AndroidDriver: chrome on ANDROID (51a5b69d350864e9562a2470b487b139)] -> xpath: .//word], [[AndroidDriver: chrome on ANDROID (51a5b69d350864e9562a2470b487b139)] -> xpath: .//word], [[AndroidDriver: chrome on ANDROID (51a5b69d350864e9562a2470b487b139)] -> xpath: .//word], [[AndroidDriver: chrome on ANDROID (51a5b69d350864e9562a2470b487b139)] -> xpath: .//word], [[AndroidDriver: chrome on ANDROID (51a5b69d350864e9562a2470b487b139)] -> xpath: .//word], [[AndroidDriver: chrome on ANDROID (51a5b69d350864e9562a2470b487b139)] -> xpath: .//word], [[AndroidDriver: chrome on ANDROID (51a5b69d350864e9562a2470b487b139)] -> xpath: .//word], [[AndroidDriver: chrome on ANDROID (51a5b69d350864e9562a2470b487b139)] -> xpath: .//word], [[AndroidDriver: chrome on ANDROID (51a5b69d350864e9562a2470b487b139)] -> xpath: .//word], [[AndroidDriver: chrome on ANDROID (51a5b69d350864e9562a2470b487b139)] -> xpath: .//word], [[AndroidDriver: chrome on ANDROID (51a5b69d350864e9562a2470b487b139)] -> xpath: .//word], [[AndroidDriver: chrome on ANDROID (51a5b69d350864e9562a2470b487b139)] -> xpath: .//word], [[AndroidDriver: chrome on ANDROID (51a5b69d350864e9562a2470b487b139)] -> xpath: .//word], [[AndroidDriver: chrome on ANDROID (51a5b69d350864e9562a2470b487b139)] -> xpath: .//word], [[AndroidDriver: chrome on ANDROID (51a5b69d350864e9562a2470b487b139)] -> xpath: .//word], [[AndroidDriver: chrome on ANDROID (51a5b69d350864e9562a2470b487b139)] -> xpath: .//word], [[AndroidDriver: chrome on ANDROID (51a5b69d350864e9562a2470b487b139)] -> xpath: .//word], [[AndroidDriver: chrome on ANDROID (51a5b69d350864e9562a2470b487b139)] -> xpath: .//word], [[AndroidDriver: chrome on ANDROID (51a5b69d350864e9562a2470b487b139)] -> xpath: .//word], [[AndroidDriver: chrome on ANDROID (51a5b69d350864e9562a2470b487b139)] -> xpath: .//word], [[AndroidDriver: chrome on ANDROID (51a5b69d350864e9562a2470b487b139)] -> xpath: .//word], [[AndroidDriver: chrome on ANDROID (51a5b69d350864e9562a2470b487b139)] -> xpath: .//word], [[AndroidDriver: chrome on ANDROID (51a5b69d350864e9562a2470b487b139)] -> xpath: .//word], [[AndroidDriver: chrome on ANDROID (51a5b69d350864e9562a2470b487b139)] -> xpath: .//word], [[AndroidDriver: chrome on ANDROID (51a5b69d350864e9562a2470b487b139)] -> xpath: .//word], [[AndroidDriver: chrome on ANDROID (51a5b69d350864e9562a2470b487b139)] -> xpath: .//word], [[AndroidDriver: chrome on ANDROID (51a5b69d350864e9562a2470b487b139)] -> xpath: .//word], [[AndroidDriver: chrome on ANDROID (51a5b69d350864e9562a2470b487b139)] -> xpath: .//word], [[AndroidDriver: chrome on ANDROID (51a5b69d350864e9562a2470b487b139)] -> xpath: .//word], [[AndroidDriver: chrome on ANDROID (51a5b69d350864e9562a2470b487b139)] -> xpath: .//word], [[AndroidDriver: chrome on ANDROID (51a5b69d350864e9562a2470b487b139)] -> xpath: .//word], [[AndroidDriver: chrome on ANDROID (51a5b69d350864e9562a2470b487b139)] -> xpath: .//word], [[AndroidDriver: chrome on ANDROID (51a5b69d350864e9562a2470b487b139)] -> xpath: .//word], [[AndroidDriver: chrome on ANDROID (51a5b69d350864e9562a2470b487b139)] -> xpath: .//word], [[AndroidDriver: chrome on ANDROID (51a5b69d350864e9562a2470b487b139)] -> xpath: .//word], [[AndroidDriver: chrome on ANDROID (51a5b69d350864e9562a2470b487b139)] -> xpath: .//word], [[AndroidDriver: chrome on ANDROID (51a5b69d350864e9562a2470b487b139)] -> xpath: .//word], [[AndroidDriver: chrome on ANDROID (51a5b69d350864e9562a2470b487b139)] -> xpath: .//word], [[AndroidDriver: chrome on ANDROID (51a5b69d350864e9562a2470b487b139)] -> xpath: .//word], [[AndroidDriver: chrome on ANDROID (51a5b69d350864e9562a2470b487b139)] -> xpath: .//word], [[AndroidDriver: chrome on ANDROID (51a5b69d350864e9562a2470b487b139)] -> xpath: .//word], [[AndroidDriver: chrome on ANDROID (51a5b69d350864e9562a2470b487b139)] -> xpath: .//word], [[AndroidDriver: chrome on ANDROID (51a5b69d350864e9562a2470b487b139)] -> xpath: .//word], [[AndroidDriver: chrome on ANDROID (51a5b69d350864e9562a2470b487b139)] -> xpath: .//word], [[AndroidDriver: chrome on ANDROID (51a5b69d350864e9562a2470b487b139)] -> xpath: .//word], [[AndroidDriver: chrome on ANDROID (51a5b69d350864e9562a2470b487b139)] -> xpath: .//word], [[AndroidDriver: chrome on ANDROID (51a5b69d350864e9562a2470b487b139)] -> xpath: .//word], [[AndroidDriver: chrome on ANDROID (51a5b69d350864e9562a2470b487b139)] -> xpath: .//word], [[AndroidDriver: chrome on ANDROID (51a5b69d350864e9562a2470b487b139)] -> xpath: .//word], [[AndroidDriver: chrome on ANDROID (51a5b69d350864e9562a2470b487b139)] -> xpath: .//word], [[AndroidDriver: chrome on ANDROID (51a5b69d350864e9562a2470b487b139)] -> xpath: .//word], [[AndroidDriver: chrome on ANDROID (51a5b69d350864e9562a2470b487b139)] -> xpath: .//word], [[AndroidDriver: chrome on ANDROID (51a5b69d350864e9562a2470b487b139)] -> xpath: .//word], [[AndroidDriver: chrome on ANDROID (51a5b69d350864e9562a2470b487b139)] -> xpath: .//word], [[AndroidDriver: chrome on ANDROID (51a5b69d350864e9562a2470b487b139)] -> xpath: .//word], [[AndroidDriver: chrome on ANDROID (51a5b69d350864e9562a2470b487b139)] -> xpath: .//word], [[AndroidDriver: chrome on ANDROID (51a5b69d350864e9562a2470b487b139)] -> xpath: .//word], [[AndroidDriver: chrome on ANDROID (51a5b69d350864e9562a2470b487b139)] -> xpath: .//word], [[AndroidDriver: chrome on ANDROID (51a5b69d350864e9562a2470b487b139)] -> xpath: .//word], [[AndroidDriver: chrome on ANDROID (51a5b69d350864e9562a2470b487b139)] -> xpath: .//word], [[AndroidDriver: chrome on ANDROID (51a5b69d350864e9562a2470b487b139)] -> xpath: .//word], [[AndroidDriver: chrome on ANDROID (51a5b69d350864e9562a2470b487b139)] -> xpath: .//word], [[AndroidDriver: chrome on ANDROID (51a5b69d350864e9562a2470b487b139)] -> xpath: .//word], [[AndroidDriver: chrome on ANDROID (51a5b69d350864e9562a2470b487b139)] -> xpath: .//word], [[AndroidDriver: chrome on ANDROID (51a5b69d350864e9562a2470b487b139)] -> xpath: .//word], [[AndroidDriver: chrome on ANDROID (51a5b69d350864e9562a2470b487b139)] -> xpath: .//word], [[AndroidDriver: chrome on ANDROID (51a5b69d350864e9562a2470b487b139)] -> xpath: .//word], [[AndroidDriver: chrome on ANDROID (51a5b69d350864e9562a2470b487b139)] -> xpath: .//word], [[AndroidDriver: chrome on ANDROID (51a5b69d350864e9562a2470b487b139)] -> xpath: .//word], [[AndroidDriver: chrome on ANDROID (51a5b69d350864e9562a2470b487b139)] -> xpath: .//word], [[AndroidDriver: chrome on ANDROID (51a5b69d350864e9562a2470b487b139)] -> xpath: .//word], [[AndroidDriver: chrome on ANDROID (51a5b69d350864e9562a2470b487b139)] -> xpath: .//word], [[AndroidDriver: chrome on ANDROID (51a5b69d350864e9562a2470b487b139)] -> xpath: .//word], [[AndroidDriver: chrome on ANDROID (51a5b69d350864e9562a2470b487b139)] -> xpath: .//word], [[AndroidDriver: chrome on ANDROID (51a5b69d350864e9562a2470b487b139)] -> xpath: .//word], [[AndroidDriver: chrome on ANDROID (51a5b69d350864e9562a2470b487b139)] -> xpath: .//word], [[AndroidDriver: chrome on ANDROID (51a5b69d350864e9562a2470b487b139)] -> xpath: .//word], [[AndroidDriver: chrome on ANDROID (51a5b69d350864e9562a2470b487b139)] -> xpath: .//word], [[AndroidDriver: chrome on ANDROID (51a5b69d350864e9562a2470b487b139)] -> xpath: .//word], [[AndroidDriver: chrome on ANDROID (51a5b69d350864e9562a2470b487b139)] -> xpath: .//word], [[AndroidDriver: chrome on ANDROID (51a5b69d350864e9562a2470b487b139)] -> xpath: .//word], [[AndroidDriver: chrome on ANDROID (51a5b69d350864e9562a2470b487b139)] -> xpath: .//word], [[AndroidDriver: chrome on ANDROID (51a5b69d350864e9562a2470b487b139)] -> xpath: .//word], [[AndroidDriver: chrome on ANDROID (51a5b69d350864e9562a2470b487b139)] -> xpath: .//word], [[AndroidDriver: chrome on ANDROID (51a5b69d350864e9562a2470b487b139)] -> xpath: .//word], [[AndroidDriver: chrome on ANDROID (51a5b69d350864e9562a2470b487b139)] -> xpath: .//word], [[AndroidDriver: chrome on ANDROID (51a5b69d350864e9562a2470b487b139)] -> xpath: .//word], [[AndroidDriver: chrome on ANDROID (51a5b69d350864e9562a2470b487b139)] -> xpath: .//word], [[AndroidDriver: chrome on ANDROID (51a5b69d350864e9562a2470b487b139)] -> xpath: .//word], [[AndroidDriver: chrome on ANDROID (51a5b69d350864e9562a2470b487b139)] -> xpath: .//word], [[AndroidDriver: chrome on ANDROID (51a5b69d350864e9562a2470b487b139)] -> xpath: .//word], [[AndroidDriver: chrome on ANDROID (51a5b69d350864e9562a2470b487b139)] -> xpath: .//word], [[AndroidDriver: chrome on ANDROID (51a5b69d350864e9562a2470b487b139)] -> xpath: .//word], [[AndroidDriver: chrome on ANDROID (51a5b69d350864e9562a2470b487b139)] -> xpath: .//word], [[AndroidDriver: chrome on ANDROID (51a5b69d350864e9562a2470b487b139)] -> xpath: .//word], [[AndroidDriver: chrome on ANDROID (51a5b69d350864e9562a2470b487b139)] -> xpath: .//word], [[AndroidDriver: chrome on ANDROID (51a5b69d350864e9562a2470b487b139)] -> xpath: .//word], [[AndroidDriver: chrome on ANDROID (51a5b69d350864e9562a2470b487b139)] -> xpath: .//word], [[AndroidDriver: chrome on ANDROID (51a5b69d350864e9562a2470b487b139)] -> xpath: .//word], [[AndroidDriver: chrome on ANDROID (51a5b69d350864e9562a2470b487b139)] -> xpath: .//word], [[AndroidDriver: chrome on ANDROID (51a5b69d350864e9562a2470b487b139)] -> xpath: .//word], [[AndroidDriver: chrome on ANDROID (51a5b69d350864e9562a2470b487b139)] -> xpath: .//word], [[AndroidDriver: chrome on ANDROID (51a5b69d350864e9562a2470b487b139)] -> xpath: .//word], [[AndroidDriver: chrome on ANDROID (51a5b69d350864e9562a2470b487b139)] -> xpath: .//word], [[AndroidDriver: chrome on ANDROID (51a5b69d350864e9562a2470b487b139)] -> xpath: .//word], [[AndroidDriver: chrome on ANDROID (51a5b69d350864e9562a2470b487b139)] -> xpath: .//word], [[AndroidDriver: chrome on ANDROID (51a5b69d350864e9562a2470b487b139)] -> xpath: .//word], [[AndroidDriver: chrome on ANDROID (51a5b69d350864e9562a2470b487b139)] -> xpath: .//word], [[AndroidDriver: chrome on ANDROID (51a5b69d350864e9562a2470b487b139)] -> xpath: .//word], [[AndroidDriver: chrome on ANDROID (51a5b69d350864e9562a2470b487b139)] -> xpath: .//word], [[AndroidDriver: chrome on ANDROID (51a5b69d350864e9562a2470b487b139)] -> xpath: .//word], [[AndroidDriver: chrome on ANDROID (51a5b69d350864e9562a2470b487b139)] -> xpath: .//word], [[AndroidDriver: chrome on ANDROID (51a5b69d350864e9562a2470b487b139)] -> xpath: .//word], [[AndroidDriver: chrome on ANDROID (51a5b69d350864e9562a2470b487b139)] -> xpath: .//word], [[AndroidDriver: chrome on ANDROID (51a5b69d350864e9562a2470b487b139)] -> xpath: .//word], [[AndroidDriver: chrome on ANDROID (51a5b69d350864e9562a2470b487b139)] -> xpath: .//word], [[AndroidDriver: chrome on ANDROID (51a5b69d350864e9562a2470b487b139)] -> xpath: .//word], [[AndroidDriver: chrome on ANDROID (51a5b69d350864e9562a2470b487b139)] -> xpath: .//word], [[AndroidDriver: chrome on ANDROID (51a5b69d350864e9562a2470b487b139)] -> xpath: .//word], [[AndroidDriver: chrome on ANDROID (51a5b69d350864e9562a2470b487b139)] -> xpath: .//word], [[AndroidDriver: chrome on ANDROID (51a5b69d350864e9562a2470b487b139)] -> xpath: .//word], [[AndroidDriver: chrome on ANDROID (51a5b69d350864e9562a2470b487b139)] -> xpath: .//word], [[AndroidDriver: chrome on ANDROID (51a5b69d350864e9562a2470b487b139)] -> xpath: .//word], [[AndroidDriver: chrome on ANDROID (51a5b69d350864e9562a2470b487b139)] -> xpath: .//word], [[AndroidDriver: chrome on ANDROID (51a5b69d350864e9562a2470b487b139)] -> xpath: .//word], [[AndroidDriver: chrome on ANDROID (51a5b69d350864e9562a2470b487b139)] -> xpath: .//word], [[AndroidDriver: chrome on ANDROID (51a5b69d350864e9562a2470b487b139)] -> xpath: .//word], [[AndroidDriver: chrome on ANDROID (51a5b69d350864e9562a2470b487b139)] -> xpath: .//word], [[AndroidDriver: chrome on ANDROID (51a5b69d350864e9562a2470b487b139)] -> xpath: .//word], [[AndroidDriver: chrome on ANDROID (51a5b69d350864e9562a2470b487b139)] -> xpath: .//word], [[AndroidDriver: chrome on ANDROID (51a5b69d350864e9562a2470b487b139)] -> xpath: .//word], [[AndroidDriver: chrome on ANDROID (51a5b69d350864e9562a2470b487b139)] -> xpath: .//word], [[AndroidDriver: chrome on ANDROID (51a5b69d350864e9562a2470b487b139)] -> xpath: .//word], [[AndroidDriver: chrome on ANDROID (51a5b69d350864e9562a2470b487b139)] -> xpath: .//word], [[AndroidDriver: chrome on ANDROID (51a5b69d350864e9562a2470b487b139)] -> xpath: .//word], [[AndroidDriver: chrome on ANDROID (51a5b69d350864e9562a2470b487b139)] -> xpath: .//word], [[AndroidDriver: chrome on ANDROID (51a5b69d350864e9562a2470b487b139)] -> xpath: .//word], [[AndroidDriver: chrome on ANDROID (51a5b69d350864e9562a2470b487b139)] -> xpath: .//word], [[AndroidDriver: chrome on ANDROID (51a5b69d350864e9562a2470b487b139)] -> xpath: .//word], [[AndroidDriver: chrome on ANDROID (51a5b69d350864e9562a2470b487b139)] -> xpath: .//word], [[AndroidDriver: chrome on ANDROID (51a5b69d350864e9562a2470b487b139)] -> xpath: .//word], [[AndroidDriver: chrome on ANDROID (51a5b69d350864e9562a2470b487b139)] -> xpath: .//word], [[AndroidDriver: chrome on ANDROID (51a5b69d350864e9562a2470b487b139)] -> xpath: .//word], [[AndroidDriver: chrome on ANDROID (51a5b69d350864e9562a2470b487b139)] -> xpath: .//word], [[AndroidDriver: chrome on ANDROID (51a5b69d350864e9562a2470b487b139)] -> xpath: .//word], [[AndroidDriver: chrome on ANDROID (51a5b69d350864e9562a2470b487b139)] -> xpath: .//word], [[AndroidDriver: chrome on ANDROID (51a5b69d350864e9562a2470b487b139)] -> xpath: .//word], [[AndroidDriver: chrome on ANDROID (51a5b69d350864e9562a2470b487b139)] -> xpath: .//word], [[AndroidDriver: chrome on ANDROID (51a5b69d350864e9562a2470b487b139)] -> xpath: .//word], [[AndroidDriver: chrome on ANDROID (51a5b69d350864e9562a2470b487b139)] -> xpath: .//word], [[AndroidDriver: chrome on ANDROID (51a5b69d350864e9562a2470b487b139)] -> xpath: .//word], [[AndroidDriver: chrome on ANDROID (51a5b69d350864e9562a2470b487b139)] -> xpath: .//word], [[AndroidDriver: chrome on ANDROID (51a5b69d350864e9562a2470b487b139)] -> xpath: .//word], [[AndroidDriver: chrome on ANDROID (51a5b69d350864e9562a2470b487b139)] -> xpath: .//word], [[AndroidDriver: chrome on ANDROID (51a5b69d350864e9562a2470b487b139)] -> xpath: .//word], [[AndroidDriver: chrome on ANDROID (51a5b69d350864e9562a2470b487b139)] -> xpath: .//word], [[AndroidDriver: chrome on ANDROID (51a5b69d350864e9562a2470b487b139)] -> xpath: .//word], [[AndroidDriver: chrome on ANDROID (51a5b69d350864e9562a2470b487b139)] -> xpath: .//word], [[AndroidDriver: chrome on ANDROID (51a5b69d350864e9562a2470b487b139)] -> xpath: .//word], [[AndroidDriver: chrome on ANDROID (51a5b69d350864e9562a2470b487b139)] -> xpath: .//word], [[AndroidDriver: chrome on ANDROID (51a5b69d350864e9562a2470b487b139)] -> xpath: .//word], [[AndroidDriver: chrome on ANDROID (51a5b69d350864e9562a2470b487b139)] -> xpath: .//word], [[AndroidDriver: chrome on ANDROID (51a5b69d350864e9562a2470b487b139)] -> xpath: .//word], [[AndroidDriver: chrome on ANDROID (51a5b69d350864e9562a2470b487b139)] -> xpath: .//word], [[AndroidDriver: chrome on ANDROID (51a5b69d350864e9562a2470b487b139)] -> xpath: .//word], [[AndroidDriver: chrome on ANDROID (51a5b69d350864e9562a2470b487b139)] -> xpath: .//word], [[AndroidDriver: chrome on ANDROID (51a5b69d350864e9562a2470b487b139)] -> xpath: .//word], [[AndroidDriver: chrome on ANDROID (51a5b69d350864e9562a2470b487b139)] -> xpath: .//word], [[AndroidDriver: chrome on ANDROID (51a5b69d350864e9562a2470b487b139)] -> xpath: .//word], [[AndroidDriver: chrome on ANDROID (51a5b69d350864e9562a2470b487b139)] -> xpath: .//word], [[AndroidDriver: chrome on ANDROID (51a5b69d350864e9562a2470b487b139)] -> xpath: .//word], [[AndroidDriver: chrome on ANDROID (51a5b69d350864e9562a2470b487b139)] -> xpath: .//word], [[AndroidDriver: chrome on ANDROID (51a5b69d350864e9562a2470b487b139)] -> xpath: .//word], [[AndroidDriver: chrome on ANDROID (51a5b69d350864e9562a2470b487b139)] -> xpath: .//word], [[AndroidDriver: chrome on ANDROID (51a5b69d350864e9562a2470b487b139)] -> xpath: .//word], [[AndroidDriver: chrome on ANDROID (51a5b69d350864e9562a2470b487b139)] -> xpath: .//word], [[AndroidDriver: chrome on ANDROID (51a5b69d350864e9562a2470b487b139)] -> xpath: .//word], [[AndroidDriver: chrome on ANDROID (51a5b69d350864e9562a2470b487b139)] -> xpath: .//word], [[AndroidDriver: chrome on ANDROID (51a5b69d350864e9562a2470b487b139)] -> xpath: .//word], [[AndroidDriver: chrome on ANDROID (51a5b69d350864e9562a2470b487b139)] -> xpath: .//word], [[AndroidDriver: chrome on ANDROID (51a5b69d350864e9562a2470b487b139)] -> xpath: .//word], [[AndroidDriver: chrome on ANDROID (51a5b69d350864e9562a2470b487b139)] -> xpath: .//word], [[AndroidDriver: chrome on ANDROID (51a5b69d350864e9562a2470b487b139)] -> xpath: .//word], [[AndroidDriver: chrome on ANDROID (51a5b69d350864e9562a2470b487b139)] -> xpath: .//word], [[AndroidDriver: chrome on ANDROID (51a5b69d350864e9562a2470b487b139)] -> xpath: .//word], [[AndroidDriver: chrome on ANDROID (51a5b69d350864e9562a2470b487b139)] -> xpath: .//word], [[AndroidDriver: chrome on ANDROID (51a5b69d350864e9562a2470b487b139)] -> xpath: .//word], [[AndroidDriver: chrome on ANDROID (51a5b69d350864e9562a2470b487b139)] -> xpath: .//word], [[AndroidDriver: chrome on ANDROID (51a5b69d350864e9562a2470b487b139)] -> xpath: .//word], [[AndroidDriver: chrome on ANDROID (51a5b69d350864e9562a2470b487b139)] -> xpath: .//word], [[AndroidDriver: chrome on ANDROID (51a5b69d350864e9562a2470b487b139)] -> xpath: .//word], [[AndroidDriver: chrome on ANDROID (51a5b69d350864e9562a2470b487b139)] -> xpath: .//word], [[AndroidDriver: chrome on ANDROID (51a5b69d350864e9562a2470b487b139)] -> xpath: .//word], [[AndroidDriver: chrome on ANDROID (51a5b69d350864e9562a2470b487b139)] -> xpath: .//word], [[AndroidDriver: chrome on ANDROID (51a5b69d350864e9562a2470b487b139)] -> xpath: .//word], [[AndroidDriver: chrome on ANDROID (51a5b69d350864e9562a2470b487b139)] -> xpath: .//word], [[AndroidDriver: chrome on ANDROID (51a5b69d350864e9562a2470b487b139)] -> xpath: .//word], [[AndroidDriver: chrome on ANDROID (51a5b69d350864e9562a2470b487b139)] -> xpath: .//word], [[AndroidDriver: chrome on ANDROID (51a5b69d350864e9562a2470b487b139)] -> xpath: .//word], [[AndroidDriver: chrome on ANDROID (51a5b69d350864e9562a2470b487b139)] -> xpath: .//word], [[AndroidDriver: chrome on ANDROID (51a5b69d350864e9562a2470b487b139)] -> xpath: .//word], [[AndroidDriver: chrome on ANDROID (51a5b69d350864e9562a2470b487b139)] -> xpath: .//word], [[AndroidDriver: chrome on ANDROID (51a5b69d350864e9562a2470b487b139)] -> xpath: .//word], [[AndroidDriver: chrome on ANDROID (51a5b69d350864e9562a2470b487b139)] -> xpath: .//word], [[AndroidDriver: chrome on ANDROID (51a5b69d350864e9562a2470b487b139)] -> xpath: .//word], [[AndroidDriver: chrome on ANDROID (51a5b69d350864e9562a2470b487b139)] -> xpath: .//word], [[AndroidDriver: chrome on ANDROID (51a5b69d350864e9562a2470b487b139)] -> xpath: .//word], [[AndroidDriver: chrome on ANDROID (51a5b69d350864e9562a2470b487b139)] -> xpath: .//word], [[AndroidDriver: chrome on ANDROID (51a5b69d350864e9562a2470b487b139)] -> xpath: .//word], [[AndroidDriver: chrome on ANDROID (51a5b69d350864e9562a2470b487b139)] -> xpath: .//word], [[AndroidDriver: chrome on ANDROID (51a5b69d350864e9562a2470b487b139)] -> xpath: .//word], [[AndroidDriver: chrome on ANDROID (51a5b69d350864e9562a2470b487b139)] -> xpath: .//word], [[AndroidDriver: chrome on ANDROID (51a5b69d350864e9562a2470b487b139)] -> xpath: .//word], [[AndroidDriver: chrome on ANDROID (51a5b69d350864e9562a2470b487b139)] -> xpath: .//word], [[AndroidDriver: chrome on ANDROID (51a5b69d350864e9562a2470b487b139)] -> xpath: .//word], [[AndroidDriver: chrome on ANDROID (51a5b69d350864e9562a2470b487b139)] -> xpath: .//word], [[AndroidDriver: chrome on ANDROID (51a5b69d350864e9562a2470b487b139)] -> xpath: .//word], [[AndroidDriver: chrome on ANDROID (51a5b69d350864e9562a2470b487b139)] -> xpath: .//word], [[AndroidDriver: chrome on ANDROID (51a5b69d350864e9562a2470b487b139)] -> xpath: .//word], [[AndroidDriver: chrome on ANDROID (51a5b69d350864e9562a2470b487b139)] -> xpath: .//word], [[AndroidDriver: chrome on ANDROID (51a5b69d350864e9562a2470b487b139)] -> xpath: .//word], [[AndroidDriver: chrome on ANDROID (51a5b69d350864e9562a2470b487b139)] -> xpath: .//word], [[AndroidDriver: chrome on ANDROID (51a5b69d350864e9562a2470b487b139)] -> xpath: .//word], [[AndroidDriver: chrome on ANDROID (51a5b69d350864e9562a2470b487b139)] -> xpath: .//word], [[AndroidDriver: chrome on ANDROID (51a5b69d350864e9562a2470b487b139)] -> xpath: .//word], [[AndroidDriver: chrome on ANDROID (51a5b69d350864e9562a2470b487b139)] -> xpath: .//word], [[AndroidDriver: chrome on ANDROID (51a5b69d350864e9562a2470b487b139)] -> xpath: .//word], [[AndroidDriver: chrome on ANDROID (51a5b69d350864e9562a2470b487b139)] -> xpath: .//word], [[AndroidDriver: chrome on ANDROID (51a5b69d350864e9562a2470b487b139)] -> xpath: .//word], [[AndroidDriver: chrome on ANDROID (51a5b69d350864e9562a2470b487b139)] -> xpath: .//word], [[AndroidDriver: chrome on ANDROID (51a5b69d350864e9562a2470b487b139)] -> xpath: .//word], [[AndroidDriver: chrome on ANDROID (51a5b69d350864e9562a2470b487b139)] -> xpath: .//word], [[AndroidDriver: chrome on ANDROID (51a5b69d350864e9562a2470b487b139)] -> xpath: .//word], [[AndroidDriver: chrome on ANDROID (51a5b69d350864e9562a2470b487b139)] -> xpath: .//word], [[AndroidDriver: chrome on ANDROID (51a5b69d350864e9562a2470b487b139)] -> xpath: .//word], [[AndroidDriver: chrome on ANDROID (51a5b69d350864e9562a2470b487b139)] -> xpath: .//word], [[AndroidDriver: chrome on ANDROID (51a5b69d350864e9562a2470b487b139)] -> xpath: .//word], [[AndroidDriver: chrome on ANDROID (51a5b69d350864e9562a2470b487b139)] -> xpath: .//word], [[AndroidDriver: chrome on ANDROID (51a5b69d350864e9562a2470b487b139)] -> xpath: .//word], [[AndroidDriver: chrome on ANDROID (51a5b69d350864e9562a2470b487b139)] -> xpath: .//word], [[AndroidDriver: chrome on ANDROID (51a5b69d350864e9562a2470b487b139)] -> xpath: .//word], [[AndroidDriver: chrome on ANDROID (51a5b69d350864e9562a2470b487b139)] -> xpath: .//word], [[AndroidDriver: chrome on ANDROID (51a5b69d350864e9562a2470b487b139)] -> xpath: .//word], [[AndroidDriver: chrome on ANDROID (51a5b69d350864e9562a2470b487b139)] -> xpath: .//word], [[AndroidDriver: chrome on ANDROID (51a5b69d350864e9562a2470b487b139)] -> xpath: .//word], [[AndroidDriver: chrome on ANDROID (51a5b69d350864e9562a2470b487b139)] -> xpath: .//word], [[AndroidDriver: chrome on ANDROID (51a5b69d350864e9562a2470b487b139)] -> xpath: .//word], [[AndroidDriver: chrome on ANDROID (51a5b69d350864e9562a2470b487b139)] -> xpath: .//word], [[AndroidDriver: chrome on ANDROID (51a5b69d350864e9562a2470b487b139)] -> xpath: .//word], [[AndroidDriver: chrome on ANDROID (51a5b69d350864e9562a2470b487b139)] -> xpath: .//word], [[AndroidDriver: chrome on ANDROID (51a5b69d350864e9562a2470b487b139)] -> xpath: .//word], [[AndroidDriver: chrome on ANDROID (51a5b69d350864e9562a2470b487b139)] -> xpath: .//word], [[AndroidDriver: chrome on ANDROID (51a5b69d350864e9562a2470b487b139)] -> xpath: .//word], [[AndroidDriver: chrome on ANDROID (51a5b69d350864e9562a2470b487b139)] -> xpath: .//word], [[AndroidDriver: chrome on ANDROID (51a5b69d350864e9562a2470b487b139)] -> xpath: .//word], [[AndroidDriver: chrome on ANDROID (51a5b69d350864e9562a2470b487b139)] -> xpath: .//word], [[AndroidDriver: chrome on ANDROID (51a5b69d350864e9562a2470b487b139)] -> xpath: .//word], [[AndroidDriver: chrome on ANDROID (51a5b69d350864e9562a2470b487b139)] -> xpath: .//word], [[AndroidDriver: chrome on ANDROID (51a5b69d350864e9562a2470b487b139)] -> xpath: .//word], [[AndroidDriver: chrome on ANDROID (51a5b69d350864e9562a2470b487b139)] -> xpath: .//word], [[AndroidDriver: chrome on ANDROID (51a5b69d350864e9562a2470b487b139)] -> xpath: .//word], [[AndroidDriver: chrome on ANDROID (51a5b69d350864e9562a2470b487b139)] -> xpath: .//word], [[AndroidDriver: chrome on ANDROID (51a5b69d350864e9562a2470b487b139)] -> xpath: .//word], [[AndroidDriver: chrome on ANDROID (51a5b69d350864e9562a2470b487b139)] -> xpath: .//word], [[AndroidDriver: chrome on ANDROID (51a5b69d350864e9562a2470b487b139)] -> xpath: .//word], [[AndroidDriver: chrome on ANDROID (51a5b69d350864e9562a2470b487b139)] -> xpath: .//word], [[AndroidDriver: chrome on ANDROID (51a5b69d350864e9562a2470b487b139)] -> xpath: .//word], [[AndroidDriver: chrome on ANDROID (51a5b69d350864e9562a2470b487b139)] -> xpath: .//word], [[AndroidDriver: chrome on ANDROID (51a5b69d350864e9562a2470b487b139)] -> xpath: .//word], [[AndroidDriver: chrome on ANDROID (51a5b69d350864e9562a2470b487b139)] -> xpath: .//word], [[AndroidDriver: chrome on ANDROID (51a5b69d350864e9562a2470b487b139)] -> xpath: .//word], [[AndroidDriver: chrome on ANDROID (51a5b69d350864e9562a2470b487b139)] -> xpath: .//word], [[AndroidDriver: chrome on ANDROID (51a5b69d350864e9562a2470b487b139)] -> xpath: .//word], [[AndroidDriver: chrome on ANDROID (51a5b69d350864e9562a2470b487b139)] -> xpath: .//word], [[AndroidDriver: chrome on ANDROID (51a5b69d350864e9562a2470b487b139)] -> xpath: .//word], [[AndroidDriver: chrome on ANDROID (51a5b69d350864e9562a2470b487b139)] -> xpath: .//word], [[AndroidDriver: chrome on ANDROID (51a5b69d350864e9562a2470b487b139)] -> xpath: .//word], [[AndroidDriver: chrome on ANDROID (51a5b69d350864e9562a2470b487b139)] -> xpath: .//word], [[AndroidDriver: chrome on ANDROID (51a5b69d350864e9562a2470b487b139)] -> xpath: .//word], [[AndroidDriver: chrome on ANDROID (51a5b69d350864e9562a2470b487b139)] -> xpath: .//word], [[AndroidDriver: chrome on ANDROID (51a5b69d350864e9562a2470b487b139)] -> xpath: .//word], [[AndroidDriver: chrome on ANDROID (51a5b69d350864e9562a2470b487b139)] -> xpath: .//word], [[AndroidDriver: chrome on ANDROID (51a5b69d350864e9562a2470b487b139)] -> xpath: .//word], [[AndroidDriver: chrome on ANDROID (51a5b69d350864e9562a2470b487b139)] -> xpath: .//word], [[AndroidDriver: chrome on ANDROID (51a5b69d350864e9562a2470b487b139)] -> xpath: .//word], [[AndroidDriver: chrome on ANDROID (51a5b69d350864e9562a2470b487b139)] -> xpath: .//word], [[AndroidDriver: chrome on ANDROID (51a5b69d350864e9562a2470b487b139)] -> xpath: .//word], [[AndroidDriver: chrome on ANDROID (51a5b69d350864e9562a2470b487b139)] -> xpath: .//word], [[AndroidDriver: chrome on ANDROID (51a5b69d350864e9562a2470b487b139)] -> xpath: .//word], [[AndroidDriver: chrome on ANDROID (51a5b69d350864e9562a2470b487b139)] -> xpath: .//word], [[AndroidDriver: chrome on ANDROID (51a5b69d350864e9562a2470b487b139)] -> xpath: .//word], [[AndroidDriver: chrome on ANDROID (51a5b69d350864e9562a2470b487b139)] -> xpath: .//word], [[AndroidDriver: chrome on ANDROID (51a5b69d350864e9562a2470b487b139)] -> xpath: .//word], [[AndroidDriver: chrome on ANDROID (51a5b69d350864e9562a2470b487b139)] -> xpath: .//word], [[AndroidDriver: chrome on ANDROID (51a5b69d350864e9562a2470b487b139)] -> xpath: .//word], [[AndroidDriver: chrome on ANDROID (51a5b69d350864e9562a2470b487b139)] -> xpath: .//word], [[AndroidDriver: chrome on ANDROID (51a5b69d350864e9562a2470b487b139)] -> xpath: .//word], [[AndroidDriver: chrome on ANDROID (51a5b69d350864e9562a2470b487b139)] -> xpath: .//word], [[AndroidDriver: chrome on ANDROID (51a5b69d350864e9562a2470b487b139)] -> xpath: .//word], [[AndroidDriver: chrome on ANDROID (51a5b69d350864e9562a2470b487b139)] -> xpath: .//word], [[AndroidDriver: chrome on ANDROID (51a5b69d350864e9562a2470b487b139)] -> xpath: .//word], [[AndroidDriver: chrome on ANDROID (51a5b69d350864e9562a2470b487b139)] -> xpath: .//word], [[AndroidDriver: chrome on ANDROID (51a5b69d350864e9562a2470b487b139)] -> xpath: .//word], [[AndroidDriver: chrome on ANDROID (51a5b69d350864e9562a2470b487b139)] -> xpath: .//word], [[AndroidDriver: chrome on ANDROID (51a5b69d350864e9562a2470b487b139)] -> xpath: .//word], [[AndroidDriver: chrome on ANDROID (51a5b69d350864e9562a2470b487b139)] -> xpath: .//word], [[AndroidDriver: chrome on ANDROID (51a5b69d350864e9562a2470b487b139)] -> xpath: .//word], [[AndroidDriver: chrome on ANDROID (51a5b69d350864e9562a2470b487b139)] -> xpath: .//word], [[AndroidDriver: chrome on ANDROID (51a5b69d350864e9562a2470b487b139)] -> xpath: .//word], [[AndroidDriver: chrome on ANDROID (51a5b69d350864e9562a2470b487b139)] -> xpath: .//word], [[AndroidDriver: chrome on ANDROID (51a5b69d350864e9562a2470b487b139)] -> xpath: .//word], [[AndroidDriver: chrome on ANDROID (51a5b69d350864e9562a2470b487b139)] -> xpath: .//word], [[AndroidDriver: chrome on ANDROID (51a5b69d350864e9562a2470b487b139)] -> xpath: .//word], [[AndroidDriver: chrome on ANDROID (51a5b69d350864e9562a2470b487b139)] -> xpath: .//word], [[AndroidDriver: chrome on ANDROID (51a5b69d350864e9562a2470b487b139)] -> xpath: .//word], [[AndroidDriver: chrome on ANDROID (51a5b69d350864e9562a2470b487b139)] -> xpath: .//word], [[AndroidDriver: chrome on ANDROID (51a5b69d350864e9562a2470b487b139)] -> xpath: .//word], [[AndroidDriver: chrome on ANDROID (51a5b69d350864e9562a2470b487b139)] -> xpath: .//word], [[AndroidDriver: chrome on ANDROID (51a5b69d350864e9562a2470b487b139)] -> xpath: .//word], [[AndroidDriver: chrome on ANDROID (51a5b69d350864e9562a2470b487b139)] -> xpath: .//word], [[AndroidDriver: chrome on ANDROID (51a5b69d350864e9562a2470b487b139)] -> xpath: .//word], [[AndroidDriver: chrome on ANDROID (51a5b69d350864e9562a2470b487b139)] -> xpath: .//word], [[AndroidDriver: chrome on ANDROID (51a5b69d350864e9562a2470b487b139)] -> xpath: .//word], [[AndroidDriver: chrome on ANDROID (51a5b69d350864e9562a2470b487b139)] -> xpath: .//word], [[AndroidDriver: chrome on ANDROID (51a5b69d350864e9562a2470b487b139)] -> xpath: .//word], [[AndroidDriver: chrome on ANDROID (51a5b69d350864e9562a2470b487b139)] -> xpath: .//word], [[AndroidDriver: chrome on ANDROID (51a5b69d350864e9562a2470b487b139)] -> xpath: .//word], [[AndroidDriver: chrome on ANDROID (51a5b69d350864e9562a2470b487b139)] -> xpath: .//word], [[AndroidDriver: chrome on ANDROID (51a5b69d350864e9562a2470b487b139)] -> xpath: .//word], [[AndroidDriver: chrome on ANDROID (51a5b69d350864e9562a2470b487b139)] -> xpath: .//word], [[AndroidDriver: chrome on ANDROID (51a5b69d350864e9562a2470b487b139)] -> xpath: .//word], [[AndroidDriver: chrome on ANDROID (51a5b69d350864e9562a2470b487b139)] -> xpath: .//word], [[AndroidDriver: chrome on ANDROID (51a5b69d350864e9562a2470b487b139)] -> xpath: .//word], [[AndroidDriver: chrome on ANDROID (51a5b69d350864e9562a2470b487b139)] -> xpath: .//word], [[AndroidDriver: chrome on ANDROID (51a5b69d350864e9562a2470b487b139)] -> xpath: .//word], [[AndroidDriver: chrome on ANDROID (51a5b69d350864e9562a2470b487b139)] -> xpath: .//word], [[AndroidDriver: chrome on ANDROID (51a5b69d350864e9562a2470b487b139)] -> xpath: .//word], [[AndroidDriver: chrome on ANDROID (51a5b69d350864e9562a2470b487b139)] -> xpath: .//word], [[AndroidDriver: chrome on ANDROID (51a5b69d350864e9562a2470b487b139)] -> xpath: .//word], [[AndroidDriver: chrome on ANDROID (51a5b69d350864e9562a2470b487b139)] -> xpath: .//word], [[AndroidDriver: chrome on ANDROID (51a5b69d350864e9562a2470b487b139)] -> xpath: .//word], [[AndroidDriver: chrome on ANDROID (51a5b69d350864e9562a2470b487b139)] -> xpath: .//word], [[AndroidDriver: chrome on ANDROID (51a5b69d350864e9562a2470b487b139)] -> xpath: .//word], [[AndroidDriver: chrome on ANDROID (51a5b69d350864e9562a2470b487b139)] -> xpath: .//word], [[AndroidDriver: chrome on ANDROID (51a5b69d350864e9562a2470b487b139)] -> xpath: .//word], [[AndroidDriver: chrome on ANDROID (51a5b69d350864e9562a2470b487b139)] -> xpath: .//word], [[AndroidDriver: chrome on ANDROID (51a5b69d350864e9562a2470b487b139)] -> xpath: .//word], [[AndroidDriver: chrome on ANDROID (51a5b69d350864e9562a2470b487b139)] -> xpath: .//word], [[AndroidDriver: chrome on ANDROID (51a5b69d350864e9562a2470b487b139)] -> xpath: .//word], [[AndroidDriver: chrome on ANDROID (51a5b69d350864e9562a2470b487b139)] -> xpath: .//word], [[AndroidDriver: chrome on ANDROID (51a5b69d350864e9562a2470b487b139)] -> xpath: .//word], [[AndroidDriver: chrome on ANDROID (51a5b69d350864e9562a2470b487b139)] -> xpath: .//word], [[AndroidDriver: chrome on ANDROID (51a5b69d350864e9562a2470b487b139)] -> xpath: .//word], [[AndroidDriver: chrome on ANDROID (51a5b69d350864e9562a2470b487b139)] -> xpath: .//word], [[AndroidDriver: chrome on ANDROID (51a5b69d350864e9562a2470b487b139)] -> xpath: .//word], [[AndroidDriver: chrome on ANDROID (51a5b69d350864e9562a2470b487b139)] -> xpath: .//word], [[AndroidDriver: chrome on ANDROID (51a5b69d350864e9562a2470b487b139)] -> xpath: .//word], [[AndroidDriver: chrome on ANDROID (51a5b69d350864e9562a2470b487b139)] -> xpath: .//word], [[AndroidDriver: chrome on ANDROID (51a5b69d350864e9562a2470b487b139)] -> xpath: .//word], [[AndroidDriver: chrome on ANDROID (51a5b69d350864e9562a2470b487b139)] -> xpath: .//word], [[AndroidDriver: chrome on ANDROID (51a5b69d350864e9562a2470b487b139)] -> xpath: .//word], [[AndroidDriver: chrome on ANDROID (51a5b69d350864e9562a2470b487b139)] -> xpath: .//word], [[AndroidDriver: chrome on ANDROID (51a5b69d350864e9562a2470b487b139)] -> xpath: .//word], [[AndroidDriver: chrome on ANDROID (51a5b69d350864e9562a2470b487b139)] -> xpath: .//word], [[AndroidDriver: chrome on ANDROID (51a5b69d350864e9562a2470b487b139)] -> xpath: .//word], [[AndroidDriver: chrome on ANDROID (51a5b69d350864e9562a2470b487b139)] -> xpath: .//word], [[AndroidDriver: chrome on ANDROID (51a5b69d350864e9562a2470b487b139)] -> xpath: .//word], [[AndroidDriver: chrome on ANDROID (51a5b69d350864e9562a2470b487b139)] -> xpath: .//word], [[AndroidDriver: chrome on ANDROID (51a5b69d350864e9562a2470b487b139)] -> xpath: .//word], [[AndroidDriver: chrome on ANDROID (51a5b69d350864e9562a2470b487b139)] -> xpath: .//word], [[AndroidDriver: chrome on ANDROID (51a5b69d350864e9562a2470b487b139)] -> xpath: .//word], [[AndroidDriver: chrome on ANDROID (51a5b69d350864e9562a2470b487b139)] -> xpath: .//word], [[AndroidDriver: chrome on ANDROID (51a5b69d350864e9562a2470b487b139)] -> xpath: .//word], [[AndroidDriver: chrome on ANDROID (51a5b69d350864e9562a2470b487b139)] -> xpath: .//word], [[AndroidDriver: chrome on ANDROID (51a5b69d350864e9562a2470b487b139)] -> xpath: .//word], [[AndroidDriver: chrome on ANDROID (51a5b69d350864e9562a2470b487b139)] -> xpath: .//word], [[AndroidDriver: chrome on ANDROID (51a5b69d350864e9562a2470b487b139)] -> xpath: .//word], [[AndroidDriver: chrome on ANDROID (51a5b69d350864e9562a2470b487b139)] -> xpath: .//word], [[AndroidDriver: chrome on ANDROID (51a5b69d350864e9562a2470b487b139)] -> xpath: .//word], [[AndroidDriver: chrome on ANDROID (51a5b69d350864e9562a2470b487b139)] -> xpath: .//word], [[AndroidDriver: chrome on ANDROID (51a5b69d350864e9562a2470b487b139)] -> xpath: .//word], [[AndroidDriver: chrome on ANDROID (51a5b69d350864e9562a2470b487b139)] -> xpath: .//word], [[AndroidDriver: chrome on ANDROID (51a5b69d350864e9562a2470b487b139)] -> xpath: .//word], [[AndroidDriver: chrome on ANDROID (51a5b69d350864e9562a2470b487b139)] -> xpath: .//word], [[AndroidDriver: chrome on ANDROID (51a5b69d350864e9562a2470b487b139)] -> xpath: .//word], [[AndroidDriver: chrome on ANDROID (51a5b69d350864e9562a2470b487b139)] -> xpath: .//word], [[AndroidDriver: chrome on ANDROID (51a5b69d350864e9562a2470b487b139)] -> xpath: .//word], [[AndroidDriver: chrome on ANDROID (51a5b69d350864e9562a2470b487b139)] -> xpath: .//word], [[AndroidDriver: chrome on ANDROID (51a5b69d350864e9562a2470b487b139)] -> xpath: .//word], [[AndroidDriver: chrome on ANDROID (51a5b69d350864e9562a2470b487b139)] -> xpath: .//word], [[AndroidDriver: chrome on ANDROID (51a5b69d350864e9562a2470b487b139)] -> xpath: .//word], [[AndroidDriver: chrome on ANDROID (51a5b69d350864e9562a2470b487b139)] -> xpath: .//word], [[AndroidDriver: chrome on ANDROID (51a5b69d350864e9562a2470b487b139)] -> xpath: .//word], [[AndroidDriver: chrome on ANDROID (51a5b69d350864e9562a2470b487b139)] -> xpath: .//word], [[AndroidDriver: chrome on ANDROID (51a5b69d350864e9562a2470b487b139)] -> xpath: .//word], [[AndroidDriver: chrome on ANDROID (51a5b69d350864e9562a2470b487b139)] -> xpath: .//word], [[AndroidDriver: chrome on ANDROID (51a5b69d350864e9562a2470b487b139)] -> xpath: .//word], [[AndroidDriver: chrome on ANDROID (51a5b69d350864e9562a2470b487b139)] -> xpath: .//word], [[AndroidDriver: chrome on ANDROID (51a5b69d350864e9562a2470b487b139)] -> xpath: .//word], [[AndroidDriver: chrome on ANDROID (51a5b69d350864e9562a2470b487b139)] -> xpath: .//word], [[AndroidDriver: chrome on ANDROID (51a5b69d350864e9562a2470b487b139)] -> xpath: .//word], [[AndroidDriver: chrome on ANDROID (51a5b69d350864e9562a2470b487b139)] -> xpath: .//word], [[AndroidDriver: chrome on ANDROID (51a5b69d350864e9562a2470b487b139)] -> xpath: .//word], [[AndroidDriver: chrome on ANDROID (51a5b69d350864e9562a2470b487b139)] -> xpath: .//word], [[AndroidDriver: chrome on ANDROID (51a5b69d350864e9562a2470b487b139)] -> xpath: .//word], [[AndroidDriver: chrome on ANDROID (51a5b69d350864e9562a2470b487b139)] -> xpath: .//word], [[AndroidDriver: chrome on ANDROID (51a5b69d350864e9562a2470b487b139)] -> xpath: .//word], [[AndroidDriver: chrome on ANDROID (51a5b69d350864e9562a2470b487b139)] -> xpath: .//word], [[AndroidDriver: chrome on ANDROID (51a5b69d350864e9562a2470b487b139)] -> xpath: .//word], [[AndroidDriver: chrome on ANDROID (51a5b69d350864e9562a2470b487b139)] -> xpath: .//word], [[AndroidDriver: chrome on ANDROID (51a5b69d350864e9562a2470b487b139)] -> xpath: .//word], [[AndroidDriver: chrome on ANDROID (51a5b69d350864e9562a2470b487b139)] -> xpath: .//word], [[AndroidDriver: chrome on ANDROID (51a5b69d350864e9562a2470b487b139)] -> xpath: .//word], [[AndroidDriver: chrome on ANDROID (51a5b69d350864e9562a2470b487b139)] -> xpath: .//word], [[AndroidDriver: chrome on ANDROID (51a5b69d350864e9562a2470b487b139)] -> xpath: .//word], [[AndroidDriver: chrome on ANDROID (51a5b69d350864e9562a2470b487b139)] -> xpath: .//word], [[AndroidDriver: chrome on ANDROID (51a5b69d350864e9562a2470b487b139)] -> xpath: .//word], [[AndroidDriver: chrome on ANDROID (51a5b69d350864e9562a2470b487b139)] -> xpath: .//word], [[AndroidDriver: chrome on ANDROID (51a5b69d350864e9562a2470b487b139)] -> xpath: .//word], [[AndroidDriver: chrome on ANDROID (51a5b69d350864e9562a2470b487b139)] -> xpath: .//word], [[AndroidDriver: chrome on ANDROID (51a5b69d350864e9562a2470b487b139)] -> xpath: .//word], [[AndroidDriver: chrome on ANDROID (51a5b69d350864e9562a2470b487b139)] -> xpath: .//word], [[AndroidDriver: chrome on ANDROID (51a5b69d350864e9562a2470b487b139)] -> xpath: .//word], [[AndroidDriver: chrome on ANDROID (51a5b69d350864e9562a2470b487b139)] -> xpath: .//word], [[AndroidDriver: chrome on ANDROID (51a5b69d350864e9562a2470b487b139)] -> xpath: .//word], [[AndroidDriver: chrome on ANDROID (51a5b69d350864e9562a2470b487b139)] -> xpath: .//word], [[AndroidDriver: chrome on ANDROID (51a5b69d350864e9562a2470b487b139)] -> xpath: .//word], [[AndroidDriver: chrome on ANDROID (51a5b69d350864e9562a2470b487b139)] -> xpath: .//word], [[AndroidDriver: chrome on ANDROID (51a5b69d350864e9562a2470b487b139)] -> xpath: .//word], [[AndroidDriver: chrome on ANDROID (51a5b69d350864e9562a2470b487b139)] -> xpath: .//word], [[AndroidDriver: chrome on ANDROID (51a5b69d350864e9562a2470b487b139)] -> xpath: .//word], [[AndroidDriver: chrome on ANDROID (51a5b69d350864e9562a2470b487b139)] -> xpath: .//word], [[AndroidDriver: chrome on ANDROID (51a5b69d350864e9562a2470b487b139)] -> xpath: .//word], [[AndroidDriver: chrome on ANDROID (51a5b69d350864e9562a2470b487b139)] -> xpath: .//word], [[AndroidDriver: chrome on ANDROID (51a5b69d350864e9562a2470b487b139)] -> xpath: .//word], [[AndroidDriver: chrome on ANDROID (51a5b69d350864e9562a2470b487b139)] -> xpath: .//word], [[AndroidDriver: chrome on ANDROID (51a5b69d350864e9562a2470b487b139)] -> xpath: .//word], [[AndroidDriver: chrome on ANDROID (51a5b69d350864e9562a2470b487b139)] -> xpath: .//word], [[AndroidDriver: chrome on ANDROID (51a5b69d350864e9562a2470b487b139)] -> xpath: .//word], [[AndroidDriver: chrome on ANDROID (51a5b69d350864e9562a2470b487b139)] -> xpath: .//word], [[AndroidDriver: chrome on ANDROID (51a5b69d350864e9562a2470b487b139)] -> xpath: .//word], [[AndroidDriver: chrome on ANDROID (51a5b69d350864e9562a2470b487b139)] -> xpath: .//word], [[AndroidDriver: chrome on ANDROID (51a5b69d350864e9562a2470b487b139)] -> xpath: .//word], [[AndroidDriver: chrome on ANDROID (51a5b69d350864e9562a2470b487b139)] -> xpath: .//word], [[AndroidDriver: chrome on ANDROID (51a5b69d350864e9562a2470b487b139)] -> xpath: .//word], [[AndroidDriver: chrome on ANDROID (51a5b69d350864e9562a2470b487b139)] -> xpath: .//word], [[AndroidDriver: chrome on ANDROID (51a5b69d350864e9562a2470b487b139)] -> xpath: .//word], [[AndroidDriver: chrome on ANDROID (51a5b69d350864e9562a2470b487b139)] -> xpath: .//word], [[AndroidDriver: chrome on ANDROID (51a5b69d350864e9562a2470b487b139)] -> xpath: .//word], [[AndroidDriver: chrome on ANDROID (51a5b69d350864e9562a2470b487b139)] -> xpath: .//word], [[AndroidDriver: chrome on ANDROID (51a5b69d350864e9562a2470b487b139)] -> xpath: .//word], [[AndroidDriver: chrome on ANDROID (51a5b69d350864e9562a2470b487b139)] -> xpath: .//word], [[AndroidDriver: chrome on ANDROID (51a5b69d350864e9562a2470b487b139)] -> xpath: .//word], [[AndroidDriver: chrome on ANDROID (51a5b69d350864e9562a2470b487b139)] -> xpath: .//word], [[AndroidDriver: chrome on ANDROID (51a5b69d350864e9562a2470b487b139)] -> xpath: .//word], [[AndroidDriver: chrome on ANDROID (51a5b69d350864e9562a2470b487b139)] -> xpath: .//word], [[AndroidDriver: chrome on ANDROID (51a5b69d350864e9562a2470b487b139)] -> xpath: .//word], [[AndroidDriver: chrome on ANDROID (51a5b69d350864e9562a2470b487b139)] -> xpath: .//word], [[AndroidDriver: chrome on ANDROID (51a5b69d350864e9562a2470b487b139)] -> xpath: .//word], [[AndroidDriver: chrome on ANDROID (51a5b69d350864e9562a2470b487b139)] -> xpath: .//word], [[AndroidDriver: chrome on ANDROID (51a5b69d350864e9562a2470b487b139)] -> xpath: .//word], [[AndroidDriver: chrome on ANDROID (51a5b69d350864e9562a2470b487b139)] -> xpath: .//word], [[AndroidDriver: chrome on ANDROID (51a5b69d350864e9562a2470b487b139)] -> xpath: .//word], [[AndroidDriver: chrome on ANDROID (51a5b69d350864e9562a2470b487b139)] -> xpath: .//word], [[AndroidDriver: chrome on ANDROID (51a5b69d350864e9562a2470b487b139)] -> xpath: .//word], [[AndroidDriver: chrome on ANDROID (51a5b69d350864e9562a2470b487b139)] -> xpath: .//word], [[AndroidDriver: chrome on ANDROID (51a5b69d350864e9562a2470b487b139)] -> xpath: .//word], [[AndroidDriver: chrome on ANDROID (51a5b69d350864e9562a2470b487b139)] -> xpath: .//word], [[AndroidDriver: chrome on ANDROID (51a5b69d350864e9562a2470b487b139)] -> xpath: .//word], [[AndroidDriver: chrome on ANDROID (51a5b69d350864e9562a2470b487b139)] -> xpath: .//word], [[AndroidDriver: chrome on ANDROID (51a5b69d350864e9562a2470b487b139)] -> xpath: .//word], [[AndroidDriver: chrome on ANDROID (51a5b69d350864e9562a2470b487b139)] -> xpath: .//word], [[AndroidDriver: chrome on ANDROID (51a5b69d350864e9562a2470b487b139)] -> xpath: .//word], [[AndroidDriver: chrome on ANDROID (51a5b69d350864e9562a2470b487b139)] -> xpath: .//word], [[AndroidDriver: chrome on ANDROID (51a5b69d350864e9562a2470b487b139)] -> xpath: .//word], [[AndroidDriver: chrome on ANDROID (51a5b69d350864e9562a2470b487b139)] -> xpath: .//word], [[AndroidDriver: chrome on ANDROID (51a5b69d350864e9562a2470b487b139)] -> xpath: .//word], [[AndroidDriver: chrome on ANDROID (51a5b69d350864e9562a2470b487b139)] -> xpath: .//word], [[AndroidDriver: chrome on ANDROID (51a5b69d350864e9562a2470b487b139)] -> xpath: .//word], [[AndroidDriver: chrome on ANDROID (51a5b69d350864e9562a2470b487b139)] -> xpath: .//word], [[AndroidDriver: chrome on ANDROID (51a5b69d350864e9562a2470b487b139)] -> xpath: .//word], [[AndroidDriver: chrome on ANDROID (51a5b69d350864e9562a2470b487b139)] -> xpath: .//word], [[AndroidDriver: chrome on ANDROID (51a5b69d350864e9562a2470b487b139)] -> xpath: .//word], [[AndroidDriver: chrome on ANDROID (51a5b69d350864e9562a2470b487b139)] -> xpath: .//word], [[AndroidDriver: chrome on ANDROID (51a5b69d350864e9562a2470b487b139)] -> xpath: .//word], [[AndroidDriver: chrome on ANDROID (51a5b69d350864e9562a2470b487b139)] -> xpath: .//word], [[AndroidDriver: chrome on ANDROID (51a5b69d350864e9562a2470b487b139)] -> xpath: .//word], [[AndroidDriver: chrome on ANDROID (51a5b69d350864e9562a2470b487b139)] -> xpath: .//word], [[AndroidDriver: chrome on ANDROID (51a5b69d350864e9562a2470b487b139)] -> xpath: .//word], [[AndroidDriver: chrome on ANDROID (51a5b69d350864e9562a2470b487b139)] -> xpath: .//word], [[AndroidDriver: chrome on ANDROID (51a5b69d350864e9562a2470b487b139)] -> xpath: .//word], [[AndroidDriver: chrome on ANDROID (51a5b69d350864e9562a2470b487b139)] -> xpath: .//word], [[AndroidDriver: chrome on ANDROID (51a5b69d350864e9562a2470b487b139)] -> xpath: .//word], [[AndroidDriver: chrome on ANDROID (51a5b69d350864e9562a2470b487b139)] -> xpath: .//word], [[AndroidDriver: chrome on ANDROID (51a5b69d350864e9562a2470b487b139)] -> xpath: .//word], [[AndroidDriver: chrome on ANDROID (51a5b69d350864e9562a2470b487b139)] -> xpath: .//word], [[AndroidDriver: chrome on ANDROID (51a5b69d350864e9562a2470b487b139)] -> xpath: .//word], [[AndroidDriver: chrome on ANDROID (51a5b69d350864e9562a2470b487b139)] -> xpath: .//word], [[AndroidDriver: chrome on ANDROID (51a5b69d350864e9562a2470b487b139)] -> xpath: .//word], [[AndroidDriver: chrome on ANDROID (51a5b69d350864e9562a2470b487b139)] -> xpath: .//word], [[AndroidDriver: chrome on ANDROID (51a5b69d350864e9562a2470b487b139)] -> xpath: .//word], [[AndroidDriver: chrome on ANDROID (51a5b69d350864e9562a2470b487b139)] -> xpath: .//word], [[AndroidDriver: chrome on ANDROID (51a5b69d350864e9562a2470b487b139)] -> xpath: .//word], [[AndroidDriver: chrome on ANDROID (51a5b69d350864e9562a2470b487b139)] -> xpath: .//word], [[AndroidDriver: chrome on ANDROID (51a5b69d350864e9562a2470b487b139)] -> xpath: .//word], [[AndroidDriver: chrome on ANDROID (51a5b69d350864e9562a2470b487b139)] -> xpath: .//word], [[AndroidDriver: chrome on ANDROID (51a5b69d350864e9562a2470b487b139)] -> xpath: .//word], [[AndroidDriver: chrome on ANDROID (51a5b69d350864e9562a2470b487b139)] -> xpath: .//word], [[AndroidDriver: chrome on ANDROID (51a5b69d350864e9562a2470b487b139)] -> xpath: .//word], [[AndroidDriver: chrome on ANDROID (51a5b69d350864e9562a2470b487b139)] -> xpath: .//word], [[AndroidDriver: chrome on ANDROID (51a5b69d350864e9562a2470b487b139)] -> xpath: .//word], [[AndroidDriver: chrome on ANDROID (51a5b69d350864e9562a2470b487b139)] -> xpath: .//word], [[AndroidDriver: chrome on ANDROID (51a5b69d350864e9562a2470b487b139)] -> xpath: .//word], [[AndroidDriver: chrome on ANDROID (51a5b69d350864e9562a2470b487b139)] -> xpath: .//word], [[AndroidDriver: chrome on ANDROID (51a5b69d350864e9562a2470b487b139)] -> xpath: .//word], [[AndroidDriver: chrome on ANDROID (51a5b69d350864e9562a2470b487b139)] -> xpath: .//word], [[AndroidDriver: chrome on ANDROID (51a5b69d350864e9562a2470b487b139)] -> xpath: .//word], [[AndroidDriver: chrome on ANDROID (51a5b69d350864e9562a2470b487b139)] -> xpath: .//word], [[AndroidDriver: chrome on ANDROID (51a5b69d350864e9562a2470b487b139)] -> xpath: .//word], [[AndroidDriver: chrome on ANDROID (51a5b69d350864e9562a2470b487b139)] -> xpath: .//word], [[AndroidDriver: chrome on ANDROID (51a5b69d350864e9562a2470b487b139)] -> xpath: .//word], [[AndroidDriver: chrome on ANDROID (51a5b69d350864e9562a2470b487b139)] -> xpath: .//word], [[AndroidDriver: chrome on ANDROID (51a5b69d350864e9562a2470b487b139)] -> xpath: .//word], [[AndroidDriver: chrome on ANDROID (51a5b69d350864e9562a2470b487b139)] -> xpath: .//word], [[AndroidDriver: chrome on ANDROID (51a5b69d350864e9562a2470b487b139)] -> xpath: .//word], [[AndroidDriver: chrome on ANDROID (51a5b69d350864e9562a2470b487b139)] -> xpath: .//word], [[AndroidDriver: chrome on ANDROID (51a5b69d350864e9562a2470b487b139)] -> xpath: .//word], [[AndroidDriver: chrome on ANDROID (51a5b69d350864e9562a2470b487b139)] -> xpath: .//word], [[AndroidDriver: chrome on ANDROID (51a5b69d350864e9562a2470b487b139)] -> xpath: .//word], [[AndroidDriver: chrome on ANDROID (51a5b69d350864e9562a2470b487b139)] -> xpath: .//word], [[AndroidDriver: chrome on ANDROID (51a5b69d350864e9562a2470b487b139)] -> xpath: .//word], [[AndroidDriver: chrome on ANDROID (51a5b69d350864e9562a2470b487b139)] -> xpath: .//word], [[AndroidDriver: chrome on ANDROID (51a5b69d350864e9562a2470b487b139)] -> xpath: .//word], [[AndroidDriver: chrome on ANDROID (51a5b69d350864e9562a2470b487b139)] -> xpath: .//word], [[AndroidDriver: chrome on ANDROID (51a5b69d350864e9562a2470b487b139)] -> xpath: .//word], [[AndroidDriver: chrome on ANDROID (51a5b69d350864e9562a2470b487b139)] -> xpath: .//word], [[AndroidDriver: chrome on ANDROID (51a5b69d350864e9562a2470b487b139)] -> xpath: .//word], [[AndroidDriver: chrome on ANDROID (51a5b69d350864e9562a2470b487b139)] -> xpath: .//word], [[AndroidDriver: chrome on ANDROID (51a5b69d350864e9562a2470b487b139)] -> xpath: .//word], [[AndroidDriver: chrome on ANDROID (51a5b69d350864e9562a2470b487b139)] -> xpath: .//word], [[AndroidDriver: chrome on ANDROID (51a5b69d350864e9562a2470b487b139)] -> xpath: .//word], [[AndroidDriver: chrome on ANDROID (51a5b69d350864e9562a2470b487b139)] -> xpath: .//word], [[AndroidDriver: chrome on ANDROID (51a5b69d350864e9562a2470b487b139)] -> xpath: .//word], [[AndroidDriver: chrome on ANDROID (51a5b69d350864e9562a2470b487b139)] -> xpath: .//word], [[AndroidDriver: chrome on ANDROID (51a5b69d350864e9562a2470b487b139)] -> xpath: .//word], [[AndroidDriver: chrome on ANDROID (51a5b69d350864e9562a2470b487b139)] -> xpath: .//word], [[AndroidDriver: chrome on ANDROID (51a5b69d350864e9562a2470b487b139)] -> xpath: .//word], [[AndroidDriver: chrome on ANDROID (51a5b69d350864e9562a2470b487b139)] -> xpath: .//word], [[AndroidDriver: chrome on ANDROID (51a5b69d350864e9562a2470b487b139)] -> xpath: .//word], [[AndroidDriver: chrome on ANDROID (51a5b69d350864e9562a2470b487b139)] -> xpath: .//word], [[AndroidDriver: chrome on ANDROID (51a5b69d350864e9562a2470b487b139)] -> xpath: .//word], [[AndroidDriver: chrome on ANDROID (51a5b69d350864e9562a2470b487b139)] -> xpath: .//word], [[AndroidDriver: chrome on ANDROID (51a5b69d350864e9562a2470b487b139)] -> xpath: .//word], [[AndroidDriver: chrome on ANDROID (51a5b69d350864e9562a2470b487b139)] -> xpath: .//word], [[AndroidDriver: chrome on ANDROID (51a5b69d350864e9562a2470b487b139)] -> xpath: .//word], [[AndroidDriver: chrome on ANDROID (51a5b69d350864e9562a2470b487b139)] -> xpath: .//word], [[AndroidDriver: chrome on ANDROID (51a5b69d350864e9562a2470b487b139)] -> xpath: .//word], [[AndroidDriver: chrome on ANDROID (51a5b69d350864e9562a2470b487b139)] -> xpath: .//word], [[AndroidDriver: chrome on ANDROID (51a5b69d350864e9562a2470b487b139)] -> xpath: .//word], [[AndroidDriver: chrome on ANDROID (51a5b69d350864e9562a2470b487b139)] -> xpath: .//word], [[AndroidDriver: chrome on ANDROID (51a5b69d350864e9562a2470b487b139)] -> xpath: .//word], [[AndroidDriver: chrome on ANDROID (51a5b69d350864e9562a2470b487b139)] -> xpath: .//word], [[AndroidDriver: chrome on ANDROID (51a5b69d350864e9562a2470b487b139)] -> xpath: .//word], [[AndroidDriver: chrome on ANDROID (51a5b69d350864e9562a2470b487b139)] -> xpath: .//word], [[AndroidDriver: chrome on ANDROID (51a5b69d350864e9562a2470b487b139)] -> xpath: .//word], [[AndroidDriver: chrome on ANDROID (51a5b69d350864e9562a2470b487b139)] -> xpath: .//word], [[AndroidDriver: chrome on ANDROID (51a5b69d350864e9562a2470b487b139)] -> xpath: .//word], [[AndroidDriver: chrome on ANDROID (51a5b69d350864e9562a2470b487b139)] -> xpath: .//word], [[AndroidDriver: chrome on ANDROID (51a5b69d350864e9562a2470b487b139)] -> xpath: .//word], [[AndroidDriver: chrome on ANDROID (51a5b69d350864e9562a2470b487b139)] -> xpath: .//word], [[AndroidDriver: chrome on ANDROID (51a5b69d350864e9562a2470b487b139)] -> xpath: .//word], [[AndroidDriver: chrome on ANDROID (51a5b69d350864e9562a2470b487b139)] -> xpath: .//word], [[AndroidDriver: chrome on ANDROID (51a5b69d350864e9562a2470b487b139)] -> xpath: .//word], [[AndroidDriver: chrome on ANDROID (51a5b69d350864e9562a2470b487b139)] -> xpath: .//word], [[AndroidDriver: chrome on ANDROID (51a5b69d350864e9562a2470b487b139)] -> xpath: .//word], [[AndroidDriver: chrome on ANDROID (51a5b69d350864e9562a2470b487b139)] -> xpath: .//word], [[AndroidDriver: chrome on ANDROID (51a5b69d350864e9562a2470b487b139)] -> xpath: .//word], [[AndroidDriver: chrome on ANDROID (51a5b69d350864e9562a2470b487b139)] -> xpath: .//word], [[AndroidDriver: chrome on ANDROID (51a5b69d350864e9562a2470b487b139)] -> xpath: .//word], [[AndroidDriver: chrome on ANDROID (51a5b69d350864e9562a2470b487b139)] -> xpath: .//word], [[AndroidDriver: chrome on ANDROID (51a5b69d350864e9562a2470b487b139)] -> xpath: .//word], [[AndroidDriver: chrome on ANDROID (51a5b69d350864e9562a2470b487b139)] -> xpath: .//word], [[AndroidDriver: chrome on ANDROID (51a5b69d350864e9562a2470b487b139)] -> xpath: .//word], [[AndroidDriver: chrome on ANDROID (51a5b69d350864e9562a2470b487b139)] -> xpath: .//word], [[AndroidDriver: chrome on ANDROID (51a5b69d350864e9562a2470b487b139)] -> xpath: .//word], [[AndroidDriver: chrome on ANDROID (51a5b69d350864e9562a2470b487b139)] -> xpath: .//word], [[AndroidDriver: chrome on ANDROID (51a5b69d350864e9562a2470b487b139)] -> xpath: .//word], [[AndroidDriver: chrome on ANDROID (51a5b69d350864e9562a2470b487b139)] -> xpath: .//word], [[AndroidDriver: chrome on ANDROID (51a5b69d350864e9562a2470b487b139)] -> xpath: .//word], [[AndroidDriver: chrome on ANDROID (51a5b69d350864e9562a2470b487b139)] -> xpath: .//word], [[AndroidDriver: chrome on ANDROID (51a5b69d350864e9562a2470b487b139)] -> xpath: .//word], [[AndroidDriver: chrome on ANDROID (51a5b69d350864e9562a2470b487b139)] -> xpath: .//word], [[AndroidDriver: chrome on ANDROID (51a5b69d350864e9562a2470b487b139)] -> xpath: .//word], [[AndroidDriver: chrome on ANDROID (51a5b69d350864e9562a2470b487b139)] -> xpath: .//word], [[AndroidDriver: chrome on ANDROID (51a5b69d350864e9562a2470b487b139)] -> xpath: .//word], [[AndroidDriver: chrome on ANDROID (51a5b69d350864e9562a2470b487b139)] -> xpath: .//word], [[AndroidDriver: chrome on ANDROID (51a5b69d350864e9562a2470b487b139)] -> xpath: .//word], [[AndroidDriver: chrome on ANDROID (51a5b69d350864e9562a2470b487b139)] -> xpath: .//word], [[AndroidDriver: chrome on ANDROID (51a5b69d350864e9562a2470b487b139)] -> xpath: .//word], [[AndroidDriver: chrome on ANDROID (51a5b69d350864e9562a2470b487b139)] -> xpath: .//word], [[AndroidDriver: chrome on ANDROID (51a5b69d350864e9562a2470b487b139)] -> xpath: .//word], [[AndroidDriver: chrome on ANDROID (51a5b69d350864e9562a2470b487b139)] -> xpath: .//word], [[AndroidDriver: chrome on ANDROID (51a5b69d350864e9562a2470b487b139)] -> xpath: .//word], [[AndroidDriver: chrome on ANDROID (51a5b69d350864e9562a2470b487b139)] -> xpath: .//word], [[AndroidDriver: chrome on ANDROID (51a5b69d350864e9562a2470b487b139)] -> xpath: .//word], [[AndroidDriver: chrome on ANDROID (51a5b69d350864e9562a2470b487b139)] -> xpath: .//word], [[AndroidDriver: chrome on ANDROID (51a5b69d350864e9562a2470b487b139)] -> xpath: .//word], [[AndroidDriver: chrome on ANDROID (51a5b69d350864e9562a2470b487b139)] -> xpath: .//word], [[AndroidDriver: chrome on ANDROID (51a5b69d350864e9562a2470b487b139)] -> xpath: .//word], [[AndroidDriver: chrome on ANDROID (51a5b69d350864e9562a2470b487b139)] -> xpath: .//word], [[AndroidDriver: chrome on ANDROID (51a5b69d350864e9562a2470b487b139)] -> xpath: .//word], [[AndroidDriver: chrome on ANDROID (51a5b69d350864e9562a2470b487b139)] -> xpath: .//word], [[AndroidDriver: chrome on ANDROID (51a5b69d350864e9562a2470b487b139)] -> xpath: .//word], [[AndroidDriver: chrome on ANDROID (51a5b69d350864e9562a2470b487b139)] -> xpath: .//word], [[AndroidDriver: chrome on ANDROID (51a5b69d350864e9562a2470b487b139)] -> xpath: .//word], [[AndroidDriver: chrome on ANDROID (51a5b69d350864e9562a2470b487b139)] -> xpath: .//word], [[AndroidDriver: chrome on ANDROID (51a5b69d350864e9562a2470b487b139)] -> xpath: .//word], [[AndroidDriver: chrome on ANDROID (51a5b69d350864e9562a2470b487b139)] -> xpath: .//word], [[AndroidDriver: chrome on ANDROID (51a5b69d350864e9562a2470b487b139)] -> xpath: .//word], [[AndroidDriver: chrome on ANDROID (51a5b69d350864e9562a2470b487b139)] -> xpath: .//word], [[AndroidDriver: chrome on ANDROID (51a5b69d350864e9562a2470b487b139)] -> xpath: .//word], [[AndroidDriver: chrome on ANDROID (51a5b69d350864e9562a2470b487b139)] -> xpath: .//word], [[AndroidDriver: chrome on ANDROID (51a5b69d350864e9562a2470b487b139)] -> xpath: .//word], [[AndroidDriver: chrome on ANDROID (51a5b69d350864e9562a2470b487b139)] -> xpath: .//word], [[AndroidDriver: chrome on ANDROID (51a5b69d350864e9562a2470b487b139)] -> xpath: .//word], [[AndroidDriver: chrome on ANDROID (51a5b69d350864e9562a2470b487b139)] -> xpath: .//word], [[AndroidDriver: chrome on ANDROID (51a5b69d350864e9562a2470b487b139)] -> xpath: .//word], [[AndroidDriver: chrome on ANDROID (51a5b69d350864e9562a2470b487b139)] -> xpath: .//word], [[AndroidDriver: chrome on ANDROID (51a5b69d350864e9562a2470b487b139)] -> xpath: .//word], [[AndroidDriver: chrome on ANDROID (51a5b69d350864e9562a2470b487b139)] -> xpath: .//word], [[AndroidDriver: chrome on ANDROID (51a5b69d350864e9562a2470b487b139)] -> xpath: .//word], [[AndroidDriver: chrome on ANDROID (51a5b69d350864e9562a2470b487b139)] -> xpath: .//word], [[AndroidDriver: chrome on ANDROID (51a5b69d350864e9562a2470b487b139)] -> xpath: .//word], [[AndroidDriver: chrome on ANDROID (51a5b69d350864e9562a2470b487b139)] -> xpath: .//word], [[AndroidDriver: chrome on ANDROID (51a5b69d350864e9562a2470b487b139)] -> xpath: .//word], [[AndroidDriver: chrome on ANDROID (51a5b69d350864e9562a2470b487b139)] -> xpath: .//word], [[AndroidDriver: chrome on ANDROID (51a5b69d350864e9562a2470b487b139)] -> xpath: .//word], [[AndroidDriver: chrome on ANDROID (51a5b69d350864e9562a2470b487b139)] -> xpath: .//word], [[AndroidDriver: chrome on ANDROID (51a5b69d350864e9562a2470b487b139)] -> xpath: .//word], [[AndroidDriver: chrome on ANDROID (51a5b69d350864e9562a2470b487b139)] -> xpath: .//word], [[AndroidDriver: chrome on ANDROID (51a5b69d350864e9562a2470b487b139)] -> xpath: .//word], [[AndroidDriver: chrome on ANDROID (51a5b69d350864e9562a2470b487b139)] -> xpath: .//word], [[AndroidDriver: chrome on ANDROID (51a5b69d350864e9562a2470b487b139)] -> xpath: .//word], [[AndroidDriver: chrome on ANDROID (51a5b69d350864e9562a2470b487b139)] -> xpath: .//word], [[AndroidDriver: chrome on ANDROID (51a5b69d350864e9562a2470b487b139)] -> xpath: .//word], [[AndroidDriver: chrome on ANDROID (51a5b69d350864e9562a2470b487b139)] -> xpath: .//word], [[AndroidDriver: chrome on ANDROID (51a5b69d350864e9562a2470b487b139)] -> xpath: .//word], [[AndroidDriver: chrome on ANDROID (51a5b69d350864e9562a2470b487b139)] -> xpath: .//word], [[AndroidDriver: chrome on ANDROID (51a5b69d350864e9562a2470b487b139)] -> xpath: .//word], [[AndroidDriver: chrome on ANDROID (51a5b69d350864e9562a2470b487b139)] -> xpath: .//word], [[AndroidDriver: chrome on ANDROID (51a5b69d350864e9562a2470b487b139)] -> xpath: .//word], [[AndroidDriver: chrome on ANDROID (51a5b69d350864e9562a2470b487b139)] -> xpath: .//word], [[AndroidDriver: chrome on ANDROID (51a5b69d350864e9562a2470b487b139)] -> xpath: .//word], [[AndroidDriver: chrome on ANDROID (51a5b69d350864e9562a2470b487b139)] -> xpath: .//word], [[AndroidDriver: chrome on ANDROID (51a5b69d350864e9562a2470b487b139)] -> xpath: .//word], [[AndroidDriver: chrome on ANDROID (51a5b69d350864e9562a2470b487b139)] -> xpath: .//word], [[AndroidDriver: chrome on ANDROID (51a5b69d350864e9562a2470b487b139)] -> xpath: .//word], [[AndroidDriver: chrome on ANDROID (51a5b69d350864e9562a2470b487b139)] -> xpath: .//word], [[AndroidDriver: chrome on ANDROID (51a5b69d350864e9562a2470b487b139)] -> xpath: .//word], [[AndroidDriver: chrome on ANDROID (51a5b69d350864e9562a2470b487b139)] -> xpath: .//word], [[AndroidDriver: chrome on ANDROID (51a5b69d350864e9562a2470b487b139)] -> xpath: .//word], [[AndroidDriver: chrome on ANDROID (51a5b69d350864e9562a2470b487b139)] -> xpath: .//word], [[AndroidDriver: chrome on ANDROID (51a5b69d350864e9562a2470b487b139)] -> xpath: .//word], [[AndroidDriver: chrome on ANDROID (51a5b69d350864e9562a2470b487b139)] -> xpath: .//word], [[AndroidDriver: chrome on ANDROID (51a5b69d350864e9562a2470b487b139)] -> xpath: .//word], [[AndroidDriver: chrome on ANDROID (51a5b69d350864e9562a2470b487b139)] -> xpath: .//word], [[AndroidDriver: chrome on ANDROID (51a5b69d350864e9562a2470b487b139)] -> xpath: .//word], [[AndroidDriver: chrome on ANDROID (51a5b69d350864e9562a2470b487b139)] -> xpath: .//word], [[AndroidDriver: chrome on ANDROID (51a5b69d350864e9562a2470b487b139)] -> xpath: .//word], [[AndroidDriver: chrome on ANDROID (51a5b69d350864e9562a2470b487b139)] -> xpath: .//word], [[AndroidDriver: chrome on ANDROID (51a5b69d350864e9562a2470b487b139)] -> xpath: .//word], [[AndroidDriver: chrome on ANDROID (51a5b69d350864e9562a2470b487b139)] -> xpath: .//word], [[AndroidDriver: chrome on ANDROID (51a5b69d350864e9562a2470b487b139)] -> xpath: .//word], [[AndroidDriver: chrome on ANDROID (51a5b69d350864e9562a2470b487b139)] -> xpath: .//word], [[AndroidDriver: chrome on ANDROID (51a5b69d350864e9562a2470b487b139)] -> xpath: .//word], [[AndroidDriver: chrome on ANDROID (51a5b69d350864e9562a2470b487b139)] -> xpath: .//word], [[AndroidDriver: chrome on ANDROID (51a5b69d350864e9562a2470b487b139)] -> xpath: .//word], [[AndroidDriver: chrome on ANDROID (51a5b69d350864e9562a2470b487b139)] -> xpath: .//word], [[AndroidDriver: chrome on ANDROID (51a5b69d350864e9562a2470b487b139)] -> xpath: .//word], [[AndroidDriver: chrome on ANDROID (51a5b69d350864e9562a2470b487b139)] -> xpath: .//word], [[AndroidDriver: chrome on ANDROID (51a5b69d350864e9562a2470b487b139)] -> xpath: .//word], [[AndroidDriver: chrome on ANDROID (51a5b69d350864e9562a2470b487b139)] -> xpath: .//word], [[AndroidDriver: chrome on ANDROID (51a5b69d350864e9562a2470b487b139)] -> xpath: .//word], [[AndroidDriver: chrome on ANDROID (51a5b69d350864e9562a2470b487b139)] -> xpath: .//word], [[AndroidDriver: chrome on ANDROID (51a5b69d350864e9562a2470b487b139)] -> xpath: .//word], [[AndroidDriver: chrome on ANDROID (51a5b69d350864e9562a2470b487b139)] -> xpath: .//word], [[AndroidDriver: chrome on ANDROID (51a5b69d350864e9562a2470b487b139)] -> xpath: .//word], [[AndroidDriver: chrome on ANDROID (51a5b69d350864e9562a2470b487b139)] -> xpath: .//word], [[AndroidDriver: chrome on ANDROID (51a5b69d350864e9562a2470b487b139)] -> xpath: .//word], [[AndroidDriver: chrome on ANDROID (51a5b69d350864e9562a2470b487b139)] -> xpath: .//word], [[AndroidDriver: chrome on ANDROID (51a5b69d350864e9562a2470b487b139)] -> xpath: .//word], [[AndroidDriver: chrome on ANDROID (51a5b69d350864e9562a2470b487b139)] -> xpath: .//word], [[AndroidDriver: chrome on ANDROID (51a5b69d350864e9562a2470b487b139)] -> xpath: .//word], [[AndroidDriver: chrome on ANDROID (51a5b69d350864e9562a2470b487b139)] -> xpath: .//word], [[AndroidDriver: chrome on ANDROID (51a5b69d350864e9562a2470b487b139)] -> xpath: .//word], [[AndroidDriver: chrome on ANDROID (51a5b69d350864e9562a2470b487b139)] -> xpath: .//word], [[AndroidDriver: chrome on ANDROID (51a5b69d350864e9562a2470b487b139)] -> xpath: .//word], [[AndroidDriver: chrome on ANDROID (51a5b69d350864e9562a2470b487b139)] -> xpath: .//word], [[AndroidDriver: chrome on ANDROID (51a5b69d350864e9562a2470b487b139)] -> xpath: .//word], [[AndroidDriver: chrome on ANDROID (51a5b69d350864e9562a2470b487b139)] -> xpath: .//word], [[AndroidDriver: chrome on ANDROID (51a5b69d350864e9562a2470b487b139)] -> xpath: .//word], [[AndroidDriver: chrome on ANDROID (51a5b69d350864e9562a2470b487b139)] -> xpath: .//word], [[AndroidDriver: chrome on ANDROID (51a5b69d350864e9562a2470b487b139)] -> xpath: .//word], [[AndroidDriver: chrome on ANDROID (51a5b69d350864e9562a2470b487b139)] -> xpath: .//word], [[AndroidDriver: chrome on ANDROID (51a5b69d350864e9562a2470b487b139)] -> xpath: .//word], [[AndroidDriver: chrome on ANDROID (51a5b69d350864e9562a2470b487b139)] -> xpath: .//word], [[AndroidDriver: chrome on ANDROID (51a5b69d350864e9562a2470b487b139)] -> xpath: .//word], [[AndroidDriver: chrome on ANDROID (51a5b69d350864e9562a2470b487b139)] -> xpath: .//word], [[AndroidDriver: chrome on ANDROID (51a5b69d350864e9562a2470b487b139)] -> xpath: .//word], [[AndroidDriver: chrome on ANDROID (51a5b69d350864e9562a2470b487b139)] -> xpath: .//word], [[AndroidDriver: chrome on ANDROID (51a5b69d350864e9562a2470b487b139)] -> xpath: .//word], [[AndroidDriver: chrome on ANDROID (51a5b69d350864e9562a2470b487b139)] -> xpath: .//word], [[AndroidDriver: chrome on ANDROID (51a5b69d350864e9562a2470b487b139)] -> xpath: .//word], [[AndroidDriver: chrome on ANDROID (51a5b69d350864e9562a2470b487b139)] -> xpath: .//word], [[AndroidDriver: chrome on ANDROID (51a5b69d350864e9562a2470b487b139)] -> xpath: .//word], [[AndroidDriver: chrome on ANDROID (51a5b69d350864e9562a2470b487b139)] -> xpath: .//word], [[AndroidDriver: chrome on ANDROID (51a5b69d350864e9562a2470b487b139)] -> xpath: .//word], [[AndroidDriver: chrome on ANDROID (51a5b69d350864e9562a2470b487b139)] -> xpath: .//word], [[AndroidDriver: chrome on ANDROID (51a5b69d350864e9562a2470b487b139)] -> xpath: .//word], [[AndroidDriver: chrome on ANDROID (51a5b69d350864e9562a2470b487b139)] -> xpath: .//word], [[AndroidDriver: chrome on ANDROID (51a5b69d350864e9562a2470b487b139)] -> xpath: .//word], [[AndroidDriver: chrome on ANDROID (51a5b69d350864e9562a2470b487b139)] -> xpath: .//word], [[AndroidDriver: chrome on ANDROID (51a5b69d350864e9562a2470b487b139)] -> xpath: .//word], [[AndroidDriver: chrome on ANDROID (51a5b69d350864e9562a2470b487b139)] -> xpath: .//word], [[AndroidDriver: chrome on ANDROID (51a5b69d350864e9562a2470b487b139)] -> xpath: .//word], [[AndroidDriver: chrome on ANDROID (51a5b69d350864e9562a2470b487b139)] -> xpath: .//word], [[AndroidDriver: chrome on ANDROID (51a5b69d350864e9562a2470b487b139)] -> xpath: .//word], [[AndroidDriver: chrome on ANDROID (51a5b69d350864e9562a2470b487b139)] -> xpath: .//word], [[AndroidDriver: chrome on ANDROID (51a5b69d350864e9562a2470b487b139)] -> xpath: .//word], [[AndroidDriver: chrome on ANDROID (51a5b69d350864e9562a2470b487b139)] -> xpath: .//word], [[AndroidDriver: chrome on ANDROID (51a5b69d350864e9562a2470b487b139)] -> xpath: .//word], [[AndroidDriver: chrome on ANDROID (51a5b69d350864e9562a2470b487b139)] -> xpath: .//word], [[AndroidDriver: chrome on ANDROID (51a5b69d350864e9562a2470b487b139)] -> xpath: .//word], [[AndroidDriver: chrome on ANDROID (51a5b69d350864e9562a2470b487b139)] -> xpath: .//word], [[AndroidDriver: chrome on ANDROID (51a5b69d350864e9562a2470b487b139)] -> xpath: .//word], [[AndroidDriver: chrome on ANDROID (51a5b69d350864e9562a2470b487b139)] -> xpath: .//word], [[AndroidDriver: chrome on ANDROID (51a5b69d350864e9562a2470b487b139)] -> xpath: .//word], [[AndroidDriver: chrome on ANDROID (51a5b69d350864e9562a2470b487b139)] -> xpath: .//word], [[AndroidDriver: chrome on ANDROID (51a5b69d350864e9562a2470b487b139)] -> xpath: .//word], [[AndroidDriver: chrome on ANDROID (51a5b69d350864e9562a2470b487b139)] -> xpath: .//word], [[AndroidDriver: chrome on ANDROID (51a5b69d350864e9562a2470b487b139)] -> xpath: .//word], [[AndroidDriver: chrome on ANDROID (51a5b69d350864e9562a2470b487b139)] -> xpath: .//word], [[AndroidDriver: chrome on ANDROID (51a5b69d350864e9562a2470b487b139)] -> xpath: .//word], [[AndroidDriver: chrome on ANDROID (51a5b69d350864e9562a2470b487b139)] -> xpath: .//word], [[AndroidDriver: chrome on ANDROID (51a5b69d350864e9562a2470b487b139)] -> xpath: .//word], [[AndroidDriver: chrome on ANDROID (51a5b69d350864e9562a2470b487b139)] -> xpath: .//word], [[AndroidDriver: chrome on ANDROID (51a5b69d350864e9562a2470b487b139)] -> xpath: .//word], [[AndroidDriver: chrome on ANDROID (51a5b69d350864e9562a2470b487b139)] -> xpath: .//word], [[AndroidDriver: chrome on ANDROID (51a5b69d350864e9562a2470b487b139)] -> xpath: .//word], [[AndroidDriver: chrome on ANDROID (51a5b69d350864e9562a2470b487b139)] -> xpath: .//word], [[AndroidDriver: chrome on ANDROID (51a5b69d350864e9562a2470b487b139)] -> xpath: .//word], [[AndroidDriver: chrome on ANDROID (51a5b69d350864e9562a2470b487b139)] -> xpath: .//word], [[AndroidDriver: chrome on ANDROID (51a5b69d350864e9562a2470b487b139)] -> xpath: .//word], [[AndroidDriver: chrome on ANDROID (51a5b69d350864e9562a2470b487b139)] -> xpath: .//word], [[AndroidDriver: chrome on ANDROID (51a5b69d350864e9562a2470b487b139)] -> xpath: .//word], [[AndroidDriver: chrome on ANDROID (51a5b69d350864e9562a2470b487b139)] -> xpath: .//word], [[AndroidDriver: chrome on ANDROID (51a5b69d350864e9562a2470b487b139)] -> xpath: .//word], [[AndroidDriver: chrome on ANDROID (51a5b69d350864e9562a2470b487b139)] -> xpath: .//word], [[AndroidDriver: chrome on ANDROID (51a5b69d350864e9562a2470b487b139)] -> xpath: .//word], [[AndroidDriver: chrome on ANDROID (51a5b69d350864e9562a2470b487b139)] -> xpath: .//word], [[AndroidDriver: chrome on ANDROID (51a5b69d350864e9562a2470b487b139)] -> xpath: .//word], [[AndroidDriver: chrome on ANDROID (51a5b69d350864e9562a2470b487b139)] -> xpath: .//word], [[AndroidDriver: chrome on ANDROID (51a5b69d350864e9562a2470b487b139)] -> xpath: .//word], [[AndroidDriver: chrome on ANDROID (51a5b69d350864e9562a2470b487b139)] -> xpath: .//word], [[AndroidDriver: chrome on ANDROID (51a5b69d350864e9562a2470b487b139)] -> xpath: .//word], [[AndroidDriver: chrome on ANDROID (51a5b69d350864e9562a2470b487b139)] -> xpath: .//word], [[AndroidDriver: chrome on ANDROID (51a5b69d350864e9562a2470b487b139)] -> xpath: .//word], [[AndroidDriver: chrome on ANDROID (51a5b69d350864e9562a2470b487b139)] -> xpath: .//word], [[AndroidDriver: chrome on ANDROID (51a5b69d350864e9562a2470b487b139)] -> xpath: .//word], [[AndroidDriver: chrome on ANDROID (51a5b69d350864e9562a2470b487b139)] -> xpath: .//word], [[AndroidDriver: chrome on ANDROID (51a5b69d350864e9562a2470b487b139)] -> xpath: .//word], [[AndroidDriver: chrome on ANDROID (51a5b69d350864e9562a2470b487b139)] -> xpath: .//word], [[AndroidDriver: chrome on ANDROID (51a5b69d350864e9562a2470b487b139)] -> xpath: .//word], [[AndroidDriver: chrome on ANDROID (51a5b69d350864e9562a2470b487b139)] -> xpath: .//word], [[AndroidDriver: chrome on ANDROID (51a5b69d350864e9562a2470b487b139)] -> xpath: .//word], [[AndroidDriver: chrome on ANDROID (51a5b69d350864e9562a2470b487b139)] -> xpath: .//word], [[AndroidDriver: chrome on ANDROID (51a5b69d350864e9562a2470b487b139)] -> xpath: .//word], [[AndroidDriver: chrome on ANDROID (51a5b69d350864e9562a2470b487b139)] -> xpath: .//word], [[AndroidDriver: chrome on ANDROID (51a5b69d350864e9562a2470b487b139)] -> xpath: .//word], [[AndroidDriver: chrome on ANDROID (51a5b69d350864e9562a2470b487b139)] -> xpath: .//word], [[AndroidDriver: chrome on ANDROID (51a5b69d350864e9562a2470b487b139)] -> xpath: .//word], [[AndroidDriver: chrome on ANDROID (51a5b69d350864e9562a2470b487b139)] -> xpath: .//word], [[AndroidDriver: chrome on ANDROID (51a5b69d350864e9562a2470b487b139)] -> xpath: .//word], [[AndroidDriver: chrome on ANDROID (51a5b69d350864e9562a2470b487b139)] -> xpath: .//word], [[AndroidDriver: chrome on ANDROID (51a5b69d350864e9562a2470b487b139)] -> xpath: .//word], [[AndroidDriver: chrome on ANDROID (51a5b69d350864e9562a2470b487b139)] -> xpath: .//word], [[AndroidDriver: chrome on ANDROID (51a5b69d350864e9562a2470b487b139)] -> xpath: .//word], [[AndroidDriver: chrome on ANDROID (51a5b69d350864e9562a2470b487b139)] -> xpath: .//word], [[AndroidDriver: chrome on ANDROID (51a5b69d350864e9562a2470b487b139)] -> xpath: .//word], [[AndroidDriver: chrome on ANDROID (51a5b69d350864e9562a2470b487b139)] -> xpath: .//word], [[AndroidDriver: chrome on ANDROID (51a5b69d350864e9562a2470b487b139)] -> xpath: .//word], [[AndroidDriver: chrome on ANDROID (51a5b69d350864e9562a2470b487b139)] -> xpath: .//word], [[AndroidDriver: chrome on ANDROID (51a5b69d350864e9562a2470b487b139)] -> xpath: .//word], [[AndroidDriver: chrome on ANDROID (51a5b69d350864e9562a2470b487b139)] -> xpath: .//word], [[AndroidDriver: chrome on ANDROID (51a5b69d350864e9562a2470b487b139)] -> xpath: .//word], [[AndroidDriver: chrome on ANDROID (51a5b69d350864e9562a2470b487b139)] -> xpath: .//word], [[AndroidDriver: chrome on ANDROID (51a5b69d350864e9562a2470b487b139)] -> xpath: .//word], [[AndroidDriver: chrome on ANDROID (51a5b69d350864e9562a2470b487b139)] -> xpath: .//word], [[AndroidDriver: chrome on ANDROID (51a5b69d350864e9562a2470b487b139)] -> xpath: .//word], [[AndroidDriver: chrome on ANDROID (51a5b69d350864e9562a2470b487b139)] -> xpath: .//word], [[AndroidDriver: chrome on ANDROID (51a5b69d350864e9562a2470b487b139)] -> xpath: .//word], [[AndroidDriver: chrome on ANDROID (51a5b69d350864e9562a2470b487b139)] -> xpath: .//word], [[AndroidDriver: chrome on ANDROID (51a5b69d350864e9562a2470b487b139)] -> xpath: .//word], [[AndroidDriver: chrome on ANDROID (51a5b69d350864e9562a2470b487b139)] -> xpath: .//word], [[AndroidDriver: chrome on ANDROID (51a5b69d350864e9562a2470b487b139)] -> xpath: .//word], [[AndroidDriver: chrome on ANDROID (51a5b69d350864e9562a2470b487b139)] -> xpath: .//word], [[AndroidDriver: chrome on ANDROID (51a5b69d350864e9562a2470b487b139)] -> xpath: .//word], [[AndroidDriver: chrome on ANDROID (51a5b69d350864e9562a2470b487b139)] -> xpath: .//word], [[AndroidDriver: chrome on ANDROID (51a5b69d350864e9562a2470b487b139)] -> xpath: .//word], [[AndroidDriver: chrome on ANDROID (51a5b69d350864e9562a2470b487b139)] -> xpath: .//word], [[AndroidDriver: chrome on ANDROID (51a5b69d350864e9562a2470b487b139)] -> xpath: .//word], [[AndroidDriver: chrome on ANDROID (51a5b69d350864e9562a2470b487b139)] -> xpath: .//word], [[AndroidDriver: chrome on ANDROID (51a5b69d350864e9562a2470b487b139)] -> xpath: .//word], [[AndroidDriver: chrome on ANDROID (51a5b69d350864e9562a2470b487b139)] -> xpath: .//word], [[AndroidDriver: chrome on ANDROID (51a5b69d350864e9562a2470b487b139)] -> xpath: .//word], [[AndroidDriver: chrome on ANDROID (51a5b69d350864e9562a2470b487b139)] -> xpath: .//word], [[AndroidDriver: chrome on ANDROID (51a5b69d350864e9562a2470b487b139)] -> xpath: .//word], [[AndroidDriver: chrome on ANDROID (51a5b69d350864e9562a2470b487b139)] -> xpath: .//word], [[AndroidDriver: chrome on ANDROID (51a5b69d350864e9562a2470b487b139)] -> xpath: .//word], [[AndroidDriver: chrome on ANDROID (51a5b69d350864e9562a2470b487b139)] -> xpath: .//word], [[AndroidDriver: chrome on ANDROID (51a5b69d350864e9562a2470b487b139)] -> xpath: .//word], [[AndroidDriver: chrome on ANDROID (51a5b69d350864e9562a2470b487b139)] -> xpath: .//word], [[AndroidDriver: chrome on ANDROID (51a5b69d350864e9562a2470b487b139)] -> xpath: .//word], [[AndroidDriver: chrome on ANDROID (51a5b69d350864e9562a2470b487b139)] -> xpath: .//word], [[AndroidDriver: chrome on ANDROID (51a5b69d350864e9562a2470b487b139)] -> xpath: .//word], [[AndroidDriver: chrome on ANDROID (51a5b69d350864e9562a2470b487b139)] -> xpath: .//word], [[AndroidDriver: chrome on ANDROID (51a5b69d350864e9562a2470b487b139)] -> xpath: .//word], [[AndroidDriver: chrome on ANDROID (51a5b69d350864e9562a2470b487b139)] -> xpath: .//word], [[AndroidDriver: chrome on ANDROID (51a5b69d350864e9562a2470b487b139)] -> xpath: .//word], [[AndroidDriver: chrome on ANDROID (51a5b69d350864e9562a2470b487b139)] -> xpath: .//word], [[AndroidDriver: chrome on ANDROID (51a5b69d350864e9562a2470b487b139)] -> xpath: .//word], [[AndroidDriver: chrome on ANDROID (51a5b69d350864e9562a2470b487b139)] -> xpath: .//word], [[AndroidDriver: chrome on ANDROID (51a5b69d350864e9562a2470b487b139)] -> xpath: .//word], [[AndroidDriver: chrome on ANDROID (51a5b69d350864e9562a2470b487b139)] -> xpath: .//word], [[AndroidDriver: chrome on ANDROID (51a5b69d350864e9562a2470b487b139)] -> xpath: .//word], [[AndroidDriver: chrome on ANDROID (51a5b69d350864e9562a2470b487b139)] -> xpath: .//word], [[AndroidDriver: chrome on ANDROID (51a5b69d350864e9562a2470b487b139)] -> xpath: .//word], [[AndroidDriver: chrome on ANDROID (51a5b69d350864e9562a2470b487b139)] -> xpath: .//word], [[AndroidDriver: chrome on ANDROID (51a5b69d350864e9562a2470b487b139)] -> xpath: .//word], [[AndroidDriver: chrome on ANDROID (51a5b69d350864e9562a2470b487b139)] -> xpath: .//word], [[AndroidDriver: chrome on ANDROID (51a5b69d350864e9562a2470b487b139)] -> xpath: .//word], [[AndroidDriver: chrome on ANDROID (51a5b69d350864e9562a2470b487b139)] -> xpath: .//word], [[AndroidDriver: chrome on ANDROID (51a5b69d350864e9562a2470b487b139)] -> xpath: .//word], [[AndroidDriver: chrome on ANDROID (51a5b69d350864e9562a2470b487b139)] -> xpath: .//word], [[AndroidDriver: chrome on ANDROID (51a5b69d350864e9562a2470b487b139)] -> xpath: .//word], [[AndroidDriver: chrome on ANDROID (51a5b69d350864e9562a2470b487b139)] -> xpath: .//word], [[AndroidDriver: chrome on ANDROID (51a5b69d350864e9562a2470b487b139)] -> xpath: .//word], [[AndroidDriver: chrome on ANDROID (51a5b69d350864e9562a2470b487b139)] -> xpath: .//word], [[AndroidDriver: chrome on ANDROID (51a5b69d350864e9562a2470b487b139)] -> xpath: .//word], [[AndroidDriver: chrome on ANDROID (51a5b69d350864e9562a2470b487b139)] -> xpath: .//word], [[AndroidDriver: chrome on ANDROID (51a5b69d350864e9562a2470b487b139)] -> xpath: .//word], [[AndroidDriver: chrome on ANDROID (51a5b69d350864e9562a2470b487b139)] -> xpath: .//word], [[AndroidDriver: chrome on ANDROID (51a5b69d350864e9562a2470b487b139)] -> xpath: .//word], [[AndroidDriver: chrome on ANDROID (51a5b69d350864e9562a2470b487b139)] -> xpath: .//word], [[AndroidDriver: chrome on ANDROID (51a5b69d350864e9562a2470b487b139)] -> xpath: .//word], [[AndroidDriver: chrome on ANDROID (51a5b69d350864e9562a2470b487b139)] -> xpath: .//word], [[AndroidDriver: chrome on ANDROID (51a5b69d350864e9562a2470b487b139)] -> xpath: .//word], [[AndroidDriver: chrome on ANDROID (51a5b69d350864e9562a2470b487b139)] -> xpath: .//word], [[AndroidDriver: chrome on ANDROID (51a5b69d350864e9562a2470b487b139)] -> xpath: .//word], [[AndroidDriver: chrome on ANDROID (51a5b69d350864e9562a2470b487b139)] -> xpath: .//word], [[AndroidDriver: chrome on ANDROID (51a5b69d350864e9562a2470b487b139)] -> xpath: .//word], [[AndroidDriver: chrome on ANDROID (51a5b69d350864e9562a2470b487b139)] -> xpath: .//word], [[AndroidDriver: chrome on ANDROID (51a5b69d350864e9562a2470b487b139)] -> xpath: .//word], [[AndroidDriver: chrome on ANDROID (51a5b69d350864e9562a2470b487b139)] -> xpath: .//word], [[AndroidDriver: chrome on ANDROID (51a5b69d350864e9562a2470b487b139)] -> xpath: .//word], [[AndroidDriver: chrome on ANDROID (51a5b69d350864e9562a2470b487b139)] -> xpath: .//word], [[AndroidDriver: chrome on ANDROID (51a5b69d350864e9562a2470b487b139)] -> xpath: .//word], [[AndroidDriver: chrome on ANDROID (51a5b69d350864e9562a2470b487b139)] -> xpath: .//word], [[AndroidDriver: chrome on ANDROID (51a5b69d350864e9562a2470b487b139)] -> xpath: .//word], [[AndroidDriver: chrome on ANDROID (51a5b69d350864e9562a2470b487b139)] -> xpath: .//word], [[AndroidDriver: chrome on ANDROID (51a5b69d350864e9562a2470b487b139)] -> xpath: .//word], [[AndroidDriver: chrome on ANDROID (51a5b69d350864e9562a2470b487b139)] -> xpath: .//word], [[AndroidDriver: chrome on ANDROID (51a5b69d350864e9562a2470b487b139)] -> xpath: .//word], [[AndroidDriver: chrome on ANDROID (51a5b69d350864e9562a2470b487b139)] -> xpath: .//word], [[AndroidDriver: chrome on ANDROID (51a5b69d350864e9562a2470b487b139)] -> xpath: .//word], [[AndroidDriver: chrome on ANDROID (51a5b69d350864e9562a2470b487b139)] -> xpath: .//word], [[AndroidDriver: chrome on ANDROID (51a5b69d350864e9562a2470b487b139)] -> xpath: .//word], [[AndroidDriver: chrome on ANDROID (51a5b69d350864e9562a2470b487b139)] -> xpath: .//word], [[AndroidDriver: chrome on ANDROID (51a5b69d350864e9562a2470b487b139)] -> xpath: .//word], [[AndroidDriver: chrome on ANDROID (51a5b69d350864e9562a2470b487b139)] -> xpath: .//word], [[AndroidDriver: chrome on ANDROID (51a5b69d350864e9562a2470b487b139)] -> xpath: .//word], [[AndroidDriver: chrome on ANDROID (51a5b69d350864e9562a2470b487b139)] -> xpath: .//word], [[AndroidDriver: chrome on ANDROID (51a5b69d350864e9562a2470b487b139)] -> xpath: .//word], [[AndroidDriver: chrome on ANDROID (51a5b69d350864e9562a2470b487b139)] -> xpath: .//word], [[AndroidDriver: chrome on ANDROID (51a5b69d350864e9562a2470b487b139)] -> xpath: .//word], [[AndroidDriver: chrome on ANDROID (51a5b69d350864e9562a2470b487b139)] -> xpath: .//word], [[AndroidDriver: chrome on ANDROID (51a5b69d350864e9562a2470b487b139)] -> xpath: .//word], [[AndroidDriver: chrome on ANDROID (51a5b69d350864e9562a2470b487b139)] -> xpath: .//word], [[AndroidDriver: chrome on ANDROID (51a5b69d350864e9562a2470b487b139)] -> xpath: .//word], [[AndroidDriver: chrome on ANDROID (51a5b69d350864e9562a2470b487b139)] -> xpath: .//word], [[AndroidDriver: chrome on ANDROID (51a5b69d350864e9562a2470b487b139)] -> xpath: .//word], [[AndroidDriver: chrome on ANDROID (51a5b69d350864e9562a2470b487b139)] -> xpath: .//word], [[AndroidDriver: chrome on ANDROID (51a5b69d350864e9562a2470b487b139)] -> xpath: .//word], [[AndroidDriver: chrome on ANDROID (51a5b69d350864e9562a2470b487b139)] -> xpath: .//word], [[AndroidDriver: chrome on ANDROID (51a5b69d350864e9562a2470b487b139)] -> xpath: .//word], [[AndroidDriver: chrome on ANDROID (51a5b69d350864e9562a2470b487b139)] -> xpath: .//word], [[AndroidDriver: chrome on ANDROID (51a5b69d350864e9562a2470b487b139)] -> xpath: .//word], [[AndroidDriver: chrome on ANDROID (51a5b69d350864e9562a2470b487b139)] -> xpath: .//word], [[AndroidDriver: chrome on ANDROID (51a5b69d350864e9562a2470b487b139)] -> xpath: .//word], [[AndroidDriver: chrome on ANDROID (51a5b69d350864e9562a2470b487b139)] -> xpath: .//word], [[AndroidDriver: chrome on ANDROID (51a5b69d350864e9562a2470b487b139)] -> xpath: .//word], [[AndroidDriver: chrome on ANDROID (51a5b69d350864e9562a2470b487b139)] -> xpath: .//word], [[AndroidDriver: chrome on ANDROID (51a5b69d350864e9562a2470b487b139)] -> xpath: .//word], [[AndroidDriver: chrome on ANDROID (51a5b69d350864e9562a2470b487b139)] -> xpath: .//word], [[AndroidDriver: chrome on ANDROID (51a5b69d350864e9562a2470b487b139)] -> xpath: .//word], [[AndroidDriver: chrome on ANDROID (51a5b69d350864e9562a2470b487b139)] -> xpath: .//word], [[AndroidDriver: chrome on ANDROID (51a5b69d350864e9562a2470b487b139)] -> xpath: .//word], [[AndroidDriver: chrome on ANDROID (51a5b69d350864e9562a2470b487b139)] -> xpath: .//word], [[AndroidDriver: chrome on ANDROID (51a5b69d350864e9562a2470b487b139)] -> xpath: .//word], [[AndroidDriver: chrome on ANDROID (51a5b69d350864e9562a2470b487b139)] -> xpath: .//word], [[AndroidDriver: chrome on ANDROID (51a5b69d350864e9562a2470b487b139)] -> xpath: .//word], [[AndroidDriver: chrome on ANDROID (51a5b69d350864e9562a2470b487b139)] -> xpath: .//word], [[AndroidDriver: chrome on ANDROID (51a5b69d350864e9562a2470b487b139)] -> xpath: .//word], [[AndroidDriver: chrome on ANDROID (51a5b69d350864e9562a2470b487b139)] -> xpath: .//word], [[AndroidDriver: chrome on ANDROID (51a5b69d350864e9562a2470b487b139)] -> xpath: .//word], [[AndroidDriver: chrome on ANDROID (51a5b69d350864e9562a2470b487b139)] -> xpath: .//word], [[AndroidDriver: chrome on ANDROID (51a5b69d350864e9562a2470b487b139)] -> xpath: .//word], [[AndroidDriver: chrome on ANDROID (51a5b69d350864e9562a2470b487b139)] -> xpath: .//word], [[AndroidDriver: chrome on ANDROID (51a5b69d350864e9562a2470b487b139)] -> xpath: .//word], [[AndroidDriver: chrome on ANDROID (51a5b69d350864e9562a2470b487b139)] -> xpath: .//word], [[AndroidDriver: chrome on ANDROID (51a5b69d350864e9562a2470b487b139)] -> xpath: .//word], [[AndroidDriver: chrome on ANDROID (51a5b69d350864e9562a2470b487b139)] -> xpath: .//word], [[AndroidDriver: chrome on ANDROID (51a5b69d350864e9562a2470b487b139)] -> xpath: .//word], [[AndroidDriver: chrome on ANDROID (51a5b69d350864e9562a2470b487b139)] -> xpath: .//word], [[AndroidDriver: chrome on ANDROID (51a5b69d350864e9562a2470b487b139)] -> xpath: .//word], [[AndroidDriver: chrome on ANDROID (51a5b69d350864e9562a2470b487b139)] -> xpath: .//word], [[AndroidDriver: chrome on ANDROID (51a5b69d350864e9562a2470b487b139)] -> xpath: .//word], [[AndroidDriver: chrome on ANDROID (51a5b69d350864e9562a2470b487b139)] -> xpath: .//word], [[AndroidDriver: chrome on ANDROID (51a5b69d350864e9562a2470b487b139)] -> xpath: .//word], [[AndroidDriver: chrome on ANDROID (51a5b69d350864e9562a2470b487b139)] -> xpath: .//word], [[AndroidDriver: chrome on ANDROID (51a5b69d350864e9562a2470b487b139)] -> xpath: .//word], [[AndroidDriver: chrome on ANDROID (51a5b69d350864e9562a2470b487b139)] -> xpath: .//word], [[AndroidDriver: chrome on ANDROID (51a5b69d350864e9562a2470b487b139)] -> xpath: .//word], [[AndroidDriver: chrome on ANDROID (51a5b69d350864e9562a2470b487b139)] -> xpath: .//word], [[AndroidDriver: chrome on ANDROID (51a5b69d350864e9562a2470b487b139)] -> xpath: .//word], [[AndroidDriver: chrome on ANDROID (51a5b69d350864e9562a2470b487b139)] -> xpath: .//word], [[AndroidDriver: chrome on ANDROID (51a5b69d350864e9562a2470b487b139)] -> xpath: .//word], [[AndroidDriver: chrome on ANDROID (51a5b69d350864e9562a2470b487b139)] -> xpath: .//word], [[AndroidDriver: chrome on ANDROID (51a5b69d350864e9562a2470b487b139)] -> xpath: .//word], [[AndroidDriver: chrome on ANDROID (51a5b69d350864e9562a2470b487b139)] -> xpath: .//word], [[AndroidDriver: chrome on ANDROID (51a5b69d350864e9562a2470b487b139)] -> xpath: .//word], [[AndroidDriver: chrome on ANDROID (51a5b69d350864e9562a2470b487b139)] -> xpath: .//word], [[AndroidDriver: chrome on ANDROID (51a5b69d350864e9562a2470b487b139)] -> xpath: .//word], [[AndroidDriver: chrome on ANDROID (51a5b69d350864e9562a2470b487b139)] -> xpath: .//word], [[AndroidDriver: chrome on ANDROID (51a5b69d350864e9562a2470b487b139)] -> xpath: .//word], [[AndroidDriver: chrome on ANDROID (51a5b69d350864e9562a2470b487b139)] -> xpath: .//word], [[AndroidDriver: chrome on ANDROID (51a5b69d350864e9562a2470b487b139)] -> xpath: .//word], [[AndroidDriver: chrome on ANDROID (51a5b69d350864e9562a2470b487b139)] -> xpath: .//word], [[AndroidDriver: chrome on ANDROID (51a5b69d350864e9562a2470b487b139)] -> xpath: .//word], [[AndroidDriver: chrome on ANDROID (51a5b69d350864e9562a2470b487b139)] -> xpath: .//word], [[AndroidDriver: chrome on ANDROID (51a5b69d350864e9562a2470b487b139)] -> xpath: .//word], [[AndroidDriver: chrome on ANDROID (51a5b69d350864e9562a2470b487b139)] -> xpath: .//word], [[AndroidDriver: chrome on ANDROID (51a5b69d350864e9562a2470b487b139)] -> xpath: .//word], [[AndroidDriver: chrome on ANDROID (51a5b69d350864e9562a2470b487b139)] -> xpath: .//word], [[AndroidDriver: chrome on ANDROID (51a5b69d350864e9562a2470b487b139)] -> xpath: .//word], [[AndroidDriver: chrome on ANDROID (51a5b69d350864e9562a2470b487b139)] -> xpath: .//word], [[AndroidDriver: chrome on ANDROID (51a5b69d350864e9562a2470b487b139)] -> xpath: .//word], [[AndroidDriver: chrome on ANDROID (51a5b69d350864e9562a2470b487b139)] -> xpath: .//word], [[AndroidDriver: chrome on ANDROID (51a5b69d350864e9562a2470b487b139)] -> xpath: .//word], [[AndroidDriver: chrome on ANDROID (51a5b69d350864e9562a2470b487b139)] -> xpath: .//word], [[AndroidDriver: chrome on ANDROID (51a5b69d350864e9562a2470b487b139)] -> xpath: .//word], [[AndroidDriver: chrome on ANDROID (51a5b69d350864e9562a2470b487b139)] -> xpath: .//word], [[AndroidDriver: chrome on ANDROID (51a5b69d350864e9562a2470b487b139)] -> xpath: .//word], [[AndroidDriver: chrome on ANDROID (51a5b69d350864e9562a2470b487b139)] -> xpath: .//word], [[AndroidDriver: chrome on ANDROID (51a5b69d350864e9562a2470b487b139)] -> xpath: .//word], [[AndroidDriver: chrome on ANDROID (51a5b69d350864e9562a2470b487b139)] -> xpath: .//word], [[AndroidDriver: chrome on ANDROID (51a5b69d350864e9562a2470b487b139)] -> xpath: .//word], [[AndroidDriver: chrome on ANDROID (51a5b69d350864e9562a2470b487b139)] -> xpath: .//word], [[AndroidDriver: chrome on ANDROID (51a5b69d350864e9562a2470b487b139)] -> xpath: .//word], [[AndroidDriver: chrome on ANDROID (51a5b69d350864e9562a2470b487b139)] -> xpath: .//word], [[AndroidDriver: chrome on ANDROID (51a5b69d350864e9562a2470b487b139)] -> xpath: .//word], [[AndroidDriver: chrome on ANDROID (51a5b69d350864e9562a2470b487b139)] -> xpath: .//word], [[AndroidDriver: chrome on ANDROID (51a5b69d350864e9562a2470b487b139)] -> xpath: .//word], [[AndroidDriver: chrome on ANDROID (51a5b69d350864e9562a2470b487b139)] -> xpath: .//word], [[AndroidDriver: chrome on ANDROID (51a5b69d350864e9562a2470b487b139)] -> xpath: .//word], [[AndroidDriver: chrome on ANDROID (51a5b69d350864e9562a2470b487b139)] -> xpath: .//word], [[AndroidDriver: chrome on ANDROID (51a5b69d350864e9562a2470b487b139)] -> xpath: .//word], [[AndroidDriver: chrome on ANDROID (51a5b69d350864e9562a2470b487b139)] -> xpath: .//word], [[AndroidDriver: chrome on ANDROID (51a5b69d350864e9562a2470b487b139)] -> xpath: .//word], [[AndroidDriver: chrome on ANDROID (51a5b69d350864e9562a2470b487b139)] -> xpath: .//word], [[AndroidDriver: chrome on ANDROID (51a5b69d350864e9562a2470b487b139)] -> xpath: .//word], [[AndroidDriver: chrome on ANDROID (51a5b69d350864e9562a2470b487b139)] -> xpath: .//word], [[AndroidDriver: chrome on ANDROID (51a5b69d350864e9562a2470b487b139)] -> xpath: .//word], [[AndroidDriver: chrome on ANDROID (51a5b69d350864e9562a2470b487b139)] -> xpath: .//word], [[AndroidDriver: chrome on ANDROID (51a5b69d350864e9562a2470b487b139)] -> xpath: .//word], [[AndroidDriver: chrome on ANDROID (51a5b69d350864e9562a2470b487b139)] -> xpath: .//word], [[AndroidDriver: chrome on ANDROID (51a5b69d350864e9562a2470b487b139)] -> xpath: .//word], [[AndroidDriver: chrome on ANDROID (51a5b69d350864e9562a2470b487b139)] -> xpath: .//word], [[AndroidDriver: chrome on ANDROID (51a5b69d350864e9562a2470b487b139)] -> xpath: .//word], [[AndroidDriver: chrome on ANDROID (51a5b69d350864e9562a2470b487b139)] -> xpath: .//word], [[AndroidDriver: chrome on ANDROID (51a5b69d350864e9562a2470b487b139)] -> xpath: .//word], [[AndroidDriver: chrome on ANDROID (51a5b69d350864e9562a2470b487b139)] -> xpath: .//word], [[AndroidDriver: chrome on ANDROID (51a5b69d350864e9562a2470b487b139)] -> xpath: .//word], [[AndroidDriver: chrome on ANDROID (51a5b69d350864e9562a2470b487b139)] -> xpath: .//word], [[AndroidDriver: chrome on ANDROID (51a5b69d350864e9562a2470b487b139)] -> xpath: .//word], [[AndroidDriver: chrome on ANDROID (51a5b69d350864e9562a2470b487b139)] -> xpath: .//word], [[AndroidDriver: chrome on ANDROID (51a5b69d350864e9562a2470b487b139)] -> xpath: .//word], [[AndroidDriver: chrome on ANDROID (51a5b69d350864e9562a2470b487b139)] -> xpath: .//word], [[AndroidDriver: chrome on ANDROID (51a5b69d350864e9562a2470b487b139)] -> xpath: .//word], [[AndroidDriver: chrome on ANDROID (51a5b69d350864e9562a2470b487b139)] -> xpath: .//word], [[AndroidDriver: chrome on ANDROID (51a5b69d350864e9562a2470b487b139)] -> xpath: .//word], [[AndroidDriver: chrome on ANDROID (51a5b69d350864e9562a2470b487b139)] -> xpath: .//word], [[AndroidDriver: chrome on ANDROID (51a5b69d350864e9562a2470b487b139)] -> xpath: .//word], [[AndroidDriver: chrome on ANDROID (51a5b69d350864e9562a2470b487b139)] -> xpath: .//word], [[AndroidDriver: chrome on ANDROID (51a5b69d350864e9562a2470b487b139)] -> xpath: .//word], [[AndroidDriver: chrome on ANDROID (51a5b69d350864e9562a2470b487b139)] -> xpath: .//word], [[AndroidDriver: chrome on ANDROID (51a5b69d350864e9562a2470b487b139)] -> xpath: .//word], [[AndroidDriver: chrome on ANDROID (51a5b69d350864e9562a2470b487b139)] -> xpath: .//word], [[AndroidDriver: chrome on ANDROID (51a5b69d350864e9562a2470b487b139)] -> xpath: .//word], [[AndroidDriver: chrome on ANDROID (51a5b69d350864e9562a2470b487b139)] -> xpath: .//word], [[AndroidDriver: chrome on ANDROID (51a5b69d350864e9562a2470b487b139)] -> xpath: .//word], [[AndroidDriver: chrome on ANDROID (51a5b69d350864e9562a2470b487b139)] -> xpath: .//word], [[AndroidDriver: chrome on ANDROID (51a5b69d350864e9562a2470b487b139)] -> xpath: .//word], [[AndroidDriver: chrome on ANDROID (51a5b69d350864e9562a2470b487b139)] -> xpath: .//word], [[AndroidDriver: chrome on ANDROID (51a5b69d350864e9562a2470b487b139)] -> xpath: .//word], [[AndroidDriver: chrome on ANDROID (51a5b69d350864e9562a2470b487b139)] -> xpath: .//word], [[AndroidDriver: chrome on ANDROID (51a5b69d350864e9562a2470b487b139)] -> xpath: .//word], [[AndroidDriver: chrome on ANDROID (51a5b69d350864e9562a2470b487b139)] -> xpath: .//word], [[AndroidDriver: chrome on ANDROID (51a5b69d350864e9562a2470b487b139)] -> xpath: .//word], [[AndroidDriver: chrome on ANDROID (51a5b69d350864e9562a2470b487b139)] -> xpath: .//word], [[AndroidDriver: chrome on ANDROID (51a5b69d350864e9562a2470b487b139)] -> xpath: .//word], [[AndroidDriver: chrome on ANDROID (51a5b69d350864e9562a2470b487b139)] -> xpath: .//word], [[AndroidDriver: chrome on ANDROID (51a5b69d350864e9562a2470b487b139)] -> xpath: .//word], [[AndroidDriver: chrome on ANDROID (51a5b69d350864e9562a2470b487b139)] -> xpath: .//word], [[AndroidDriver: chrome on ANDROID (51a5b69d350864e9562a2470b487b139)] -> xpath: .//word], [[AndroidDriver: chrome on ANDROID (51a5b69d350864e9562a2470b487b139)] -> xpath: .//word], [[AndroidDriver: chrome on ANDROID (51a5b69d350864e9562a2470b487b139)] -> xpath: .//word], [[AndroidDriver: chrome on ANDROID (51a5b69d350864e9562a2470b487b139)] -> xpath: .//word], [[AndroidDriver: chrome on ANDROID (51a5b69d350864e9562a2470b487b139)] -> xpath: .//word], [[AndroidDriver: chrome on ANDROID (51a5b69d350864e9562a2470b487b139)] -> xpath: .//word], [[AndroidDriver: chrome on ANDROID (51a5b69d350864e9562a2470b487b139)] -> xpath: .//word], [[AndroidDriver: chrome on ANDROID (51a5b69d350864e9562a2470b487b139)] -> xpath: .//word], [[AndroidDriver: chrome on ANDROID (51a5b69d350864e9562a2470b487b139)] -> xpath: .//word], [[AndroidDriver: chrome on ANDROID (51a5b69d350864e9562a2470b487b139)] -> xpath: .//word], [[AndroidDriver: chrome on ANDROID (51a5b69d350864e9562a2470b487b139)] -> xpath: .//word], [[AndroidDriver: chrome on ANDROID (51a5b69d350864e9562a2470b487b139)] -> xpath: .//word], [[AndroidDriver: chrome on ANDROID (51a5b69d350864e9562a2470b487b139)] -> xpath: .//word], [[AndroidDriver: chrome on ANDROID (51a5b69d350864e9562a2470b487b139)] -> xpath: .//word], [[AndroidDriver: chrome on ANDROID (51a5b69d350864e9562a2470b487b139)] -> xpath: .//word], [[AndroidDriver: chrome on ANDROID (51a5b69d350864e9562a2470b487b139)] -> xpath: .//word], [[AndroidDriver: chrome on ANDROID (51a5b69d350864e9562a2470b487b139)] -> xpath: .//word], [[AndroidDriver: chrome on ANDROID (51a5b69d350864e9562a2470b487b139)] -> xpath: .//word], [[AndroidDriver: chrome on ANDROID (51a5b69d350864e9562a2470b487b139)] -> xpath: .//word], [[AndroidDriver: chrome on ANDROID (51a5b69d350864e9562a2470b487b139)] -> xpath: .//word], [[AndroidDriver: chrome on ANDROID (51a5b69d350864e9562a2470b487b139)] -> xpath: .//word], [[AndroidDriver: chrome on ANDROID (51a5b69d350864e9562a2470b487b139)] -> xpath: .//word], [[AndroidDriver: chrome on ANDROID (51a5b69d350864e9562a2470b487b139)] -> xpath: .//word], [[AndroidDriver: chrome on ANDROID (51a5b69d350864e9562a2470b487b139)] -> xpath: .//word], [[AndroidDriver: chrome on ANDROID (51a5b69d350864e9562a2470b487b139)] -> xpath: .//word], [[AndroidDriver: chrome on ANDROID (51a5b69d350864e9562a2470b487b139)] -> xpath: .//word], [[AndroidDriver: chrome on ANDROID (51a5b69d350864e9562a2470b487b139)] -> xpath: .//word], [[AndroidDriver: chrome on ANDROID (51a5b69d350864e9562a2470b487b139)] -> xpath: .//word], [[AndroidDriver: chrome on ANDROID (51a5b69d350864e9562a2470b487b139)] -> xpath: .//word], [[AndroidDriver: chrome on ANDROID (51a5b69d350864e9562a2470b487b139)] -> xpath: .//word], [[AndroidDriver: chrome on ANDROID (51a5b69d350864e9562a2470b487b139)] -> xpath: .//word], [[AndroidDriver: chrome on ANDROID (51a5b69d350864e9562a2470b487b139)] -> xpath: .//word], [[AndroidDriver: chrome on ANDROID (51a5b69d350864e9562a2470b487b139)] -> xpath: .//word], [[AndroidDriver: chrome on ANDROID (51a5b69d350864e9562a2470b487b139)] -> xpath: .//word], [[AndroidDriver: chrome on ANDROID (51a5b69d350864e9562a2470b487b139)] -> xpath: .//word], [[AndroidDriver: chrome on ANDROID (51a5b69d350864e9562a2470b487b139)] -> xpath: .//word], [[AndroidDriver: chrome on ANDROID (51a5b69d350864e9562a2470b487b139)] -> xpath: .//word], [[AndroidDriver: chrome on ANDROID (51a5b69d350864e9562a2470b487b139)] -> xpath: .//word], [[AndroidDriver: chrome on ANDROID (51a5b69d350864e9562a2470b487b139)] -> xpath: .//word], [[AndroidDriver: chrome on ANDROID (51a5b69d350864e9562a2470b487b139)] -> xpath: .//word], [[AndroidDriver: chrome on ANDROID (51a5b69d350864e9562a2470b487b139)] -> xpath: .//word], [[AndroidDriver: chrome on ANDROID (51a5b69d350864e9562a2470b487b139)] -> xpath: .//word], [[AndroidDriver: chrome on ANDROID (51a5b69d350864e9562a2470b487b139)] -> xpath: .//word], [[AndroidDriver: chrome on ANDROID (51a5b69d350864e9562a2470b487b139)] -> xpath: .//word], [[AndroidDriver: chrome on ANDROID (51a5b69d350864e9562a2470b487b139)] -> xpath: .//word], [[AndroidDriver: chrome on ANDROID (51a5b69d350864e9562a2470b487b139)] -> xpath: .//word], [[AndroidDriver: chrome on ANDROID (51a5b69d350864e9562a2470b487b139)] -> xpath: .//word], [[AndroidDriver: chrome on ANDROID (51a5b69d350864e9562a2470b487b139)] -> xpath: .//word], [[AndroidDriver: chrome on ANDROID (51a5b69d350864e9562a2470b487b139)] -> xpath: .//word], [[AndroidDriver: chrome on ANDROID (51a5b69d350864e9562a2470b487b139)] -> xpath: .//word], [[AndroidDriver: chrome on ANDROID (51a5b69d350864e9562a2470b487b139)] -> xpath: .//word], [[AndroidDriver: chrome on ANDROID (51a5b69d350864e9562a2470b487b139)] -> xpath: .//word], [[AndroidDriver: chrome on ANDROID (51a5b69d350864e9562a2470b487b139)] -> xpath: .//word], [[AndroidDriver: chrome on ANDROID (51a5b69d350864e9562a2470b487b139)] -> xpath: .//word], [[AndroidDriver: chrome on ANDROID (51a5b69d350864e9562a2470b487b139)] -> xpath: .//word], [[AndroidDriver: chrome on ANDROID (51a5b69d350864e9562a2470b487b139)] -> xpath: .//word], [[AndroidDriver: chrome on ANDROID (51a5b69d350864e9562a2470b487b139)] -> xpath: .//word], [[AndroidDriver: chrome on ANDROID (51a5b69d350864e9562a2470b487b139)] -> xpath: .//word], [[AndroidDriver: chrome on ANDROID (51a5b69d350864e9562a2470b487b139)] -> xpath: .//word], [[AndroidDriver: chrome on ANDROID (51a5b69d350864e9562a2470b487b139)] -> xpath: .//word], [[AndroidDriver: chrome on ANDROID (51a5b69d350864e9562a2470b487b139)] -> xpath: .//word], [[AndroidDriver: chrome on ANDROID (51a5b69d350864e9562a2470b487b139)] -> xpath: .//word], [[AndroidDriver: chrome on ANDROID (51a5b69d350864e9562a2470b487b139)] -> xpath: .//word], [[AndroidDriver: chrome on ANDROID (51a5b69d350864e9562a2470b487b139)] -> xpath: .//word], [[AndroidDriver: chrome on ANDROID (51a5b69d350864e9562a2470b487b139)] -> xpath: .//word], [[AndroidDriver: chrome on ANDROID (51a5b69d350864e9562a2470b487b139)] -> xpath: .//word], [[AndroidDriver: chrome on ANDROID (51a5b69d350864e9562a2470b487b139)] -> xpath: .//word], [[AndroidDriver: chrome on ANDROID (51a5b69d350864e9562a2470b487b139)] -> xpath: .//word], [[AndroidDriver: chrome on ANDROID (51a5b69d350864e9562a2470b487b139)] -> xpath: .//word], [[AndroidDriver: chrome on ANDROID (51a5b69d350864e9562a2470b487b139)] -> xpath: .//word], [[AndroidDriver: chrome on ANDROID (51a5b69d350864e9562a2470b487b139)] -> xpath: .//word], [[AndroidDriver: chrome on ANDROID (51a5b69d350864e9562a2470b487b139)] -> xpath: .//word], [[AndroidDriver: chrome on ANDROID (51a5b69d350864e9562a2470b487b139)] -> xpath: .//word], [[AndroidDriver: chrome on ANDROID (51a5b69d350864e9562a2470b487b139)] -> xpath: .//word], [[AndroidDriver: chrome on ANDROID (51a5b69d350864e9562a2470b487b139)] -> xpath: .//word], [[AndroidDriver: chrome on ANDROID (51a5b69d350864e9562a2470b487b139)] -> xpath: .//word], [[AndroidDriver: chrome on ANDROID (51a5b69d350864e9562a2470b487b139)] -> xpath: .//word], [[AndroidDriver: chrome on ANDROID (51a5b69d350864e9562a2470b487b139)] -> xpath: .//word], [[AndroidDriver: chrome on ANDROID (51a5b69d350864e9562a2470b487b139)] -> xpath: .//word], [[AndroidDriver: chrome on ANDROID (51a5b69d350864e9562a2470b487b139)] -> xpath: .//word], [[AndroidDriver: chrome on ANDROID (51a5b69d350864e9562a2470b487b139)] -> xpath: .//word], [[AndroidDriver: chrome on ANDROID (51a5b69d350864e9562a2470b487b139)] -> xpath: .//word], [[AndroidDriver: chrome on ANDROID (51a5b69d350864e9562a2470b487b139)] -> xpath: .//word], [[AndroidDriver: chrome on ANDROID (51a5b69d350864e9562a2470b487b139)] -> xpath: .//word], [[AndroidDriver: chrome on ANDROID (51a5b69d350864e9562a2470b487b139)] -> xpath: .//word], [[AndroidDriver: chrome on ANDROID (51a5b69d350864e9562a2470b487b139)] -> xpath: .//word], [[AndroidDriver: chrome on ANDROID (51a5b69d350864e9562a2470b487b139)] -> xpath: .//word], [[AndroidDriver: chrome on ANDROID (51a5b69d350864e9562a2470b487b139)] -> xpath: .//word], [[AndroidDriver: chrome on ANDROID (51a5b69d350864e9562a2470b487b139)] -> xpath: .//word], [[AndroidDriver: chrome on ANDROID (51a5b69d350864e9562a2470b487b139)] -> xpath: .//word], [[AndroidDriver: chrome on ANDROID (51a5b69d350864e9562a2470b487b139)] -> xpath: .//word], [[AndroidDriver: chrome on ANDROID (51a5b69d350864e9562a2470b487b139)] -> xpath: .//word], [[AndroidDriver: chrome on ANDROID (51a5b69d350864e9562a2470b487b139)] -> xpath: .//word], [[AndroidDriver: chrome on ANDROID (51a5b69d350864e9562a2470b487b139)] -> xpath: .//word], [[AndroidDriver: chrome on ANDROID (51a5b69d350864e9562a2470b487b139)] -> xpath: .//word], [[AndroidDriver: chrome on ANDROID (51a5b69d350864e9562a2470b487b139)] -> xpath: .//word], [[AndroidDriver: chrome on ANDROID (51a5b69d350864e9562a2470b487b139)] -> xpath: .//word], [[AndroidDriver: chrome on ANDROID (51a5b69d350864e9562a2470b487b139)] -> xpath: .//word], [[AndroidDriver: chrome on ANDROID (51a5b69d350864e9562a2470b487b139)] -> xpath: .//word], [[AndroidDriver: chrome on ANDROID (51a5b69d350864e9562a2470b487b139)] -> xpath: .//word], [[AndroidDriver: chrome on ANDROID (51a5b69d350864e9562a2470b487b139)] -> xpath: .//word], [[AndroidDriver: chrome on ANDROID (51a5b69d350864e9562a2470b487b139)] -> xpath: .//word], [[AndroidDriver: chrome on ANDROID (51a5b69d350864e9562a2470b487b139)] -> xpath: .//word], [[AndroidDriver: chrome on ANDROID (51a5b69d350864e9562a2470b487b139)] -> xpath: .//word], [[AndroidDriver: chrome on ANDROID (51a5b69d350864e9562a2470b487b139)] -> xpath: .//word], [[AndroidDriver: chrome on ANDROID (51a5b69d350864e9562a2470b487b139)] -> xpath: .//word], [[AndroidDriver: chrome on ANDROID (51a5b69d350864e9562a2470b487b139)] -> xpath: .//word], [[AndroidDriver: chrome on ANDROID (51a5b69d350864e9562a2470b487b139)] -> xpath: .//word], [[AndroidDriver: chrome on ANDROID (51a5b69d350864e9562a2470b487b139)] -> xpath: .//word], [[AndroidDriver: chrome on ANDROID (51a5b69d350864e9562a2470b487b139)] -> xpath: .//word], [[AndroidDriver: chrome on ANDROID (51a5b69d350864e9562a2470b487b139)] -> xpath: .//word], [[AndroidDriver: chrome on ANDROID (51a5b69d350864e9562a2470b487b139)] -> xpath: .//word], [[AndroidDriver: chrome on ANDROID (51a5b69d350864e9562a2470b487b139)] -> xpath: .//word], [[AndroidDriver: chrome on ANDROID (51a5b69d350864e9562a2470b487b139)] -> xpath: .//word], [[AndroidDriver: chrome on ANDROID (51a5b69d350864e9562a2470b487b139)] -> xpath: .//word], [[AndroidDriver: chrome on ANDROID (51a5b69d350864e9562a2470b487b139)] -> xpath: .//word], [[AndroidDriver: chrome on ANDROID (51a5b69d350864e9562a2470b487b139)] -> xpath: .//word], [[AndroidDriver: chrome on ANDROID (51a5b69d350864e9562a2470b487b139)] -> xpath: .//word], [[AndroidDriver: chrome on ANDROID (51a5b69d350864e9562a2470b487b139)] -> xpath: .//word], [[AndroidDriver: chrome on ANDROID (51a5b69d350864e9562a2470b487b139)] -> xpath: .//word], [[AndroidDriver: chrome on ANDROID (51a5b69d350864e9562a2470b487b139)] -> xpath: .//word], [[AndroidDriver: chrome on ANDROID (51a5b69d350864e9562a2470b487b139)] -> xpath: .//word], [[AndroidDriver: chrome on ANDROID (51a5b69d350864e9562a2470b487b139)] -> xpath: .//word], [[AndroidDriver: chrome on ANDROID (51a5b69d350864e9562a2470b487b139)] -> xpath: .//word], [[AndroidDriver: chrome on ANDROID (51a5b69d350864e9562a2470b487b139)] -> xpath: .//word], [[AndroidDriver: chrome on ANDROID (51a5b69d350864e9562a2470b487b139)] -> xpath: .//word], [[AndroidDriver: chrome on ANDROID (51a5b69d350864e9562a2470b487b139)] -> xpath: .//word], [[AndroidDriver: chrome on ANDROID (51a5b69d350864e9562a2470b487b139)] -> xpath: .//word], [[AndroidDriver: chrome on ANDROID (51a5b69d350864e9562a2470b487b139)] -> xpath: .//word], [[AndroidDriver: chrome on ANDROID (51a5b69d350864e9562a2470b487b139)] -> xpath: .//word], [[AndroidDriver: chrome on ANDROID (51a5b69d350864e9562a2470b487b139)] -> xpath: .//word], [[AndroidDriver: chrome on ANDROID (51a5b69d350864e9562a2470b487b139)] -> xpath: .//word], [[AndroidDriver: chrome on ANDROID (51a5b69d350864e9562a2470b487b139)] -> xpath: .//word], [[AndroidDriver: chrome on ANDROID (51a5b69d350864e9562a2470b487b139)] -> xpath: .//word], [[AndroidDriver: chrome on ANDROID (51a5b69d350864e9562a2470b487b139)] -> xpath: .//word], [[AndroidDriver: chrome on ANDROID (51a5b69d350864e9562a2470b487b139)] -> xpath: .//word], [[AndroidDriver: chrome on ANDROID (51a5b69d350864e9562a2470b487b139)] -> xpath: .//word], [[AndroidDriver: chrome on ANDROID (51a5b69d350864e9562a2470b487b139)] -> xpath: .//word], [[AndroidDriver: chrome on ANDROID (51a5b69d350864e9562a2470b487b139)] -> xpath: .//word], [[AndroidDriver: chrome on ANDROID (51a5b69d350864e9562a2470b487b139)] -> xpath: .//word], [[AndroidDriver: chrome on ANDROID (51a5b69d350864e9562a2470b487b139)] -> xpath: .//word], [[AndroidDriver: chrome on ANDROID (51a5b69d350864e9562a2470b487b139)] -> xpath: .//word], [[AndroidDriver: chrome on ANDROID (51a5b69d350864e9562a2470b487b139)] -> xpath: .//word], [[AndroidDriver: chrome on ANDROID (51a5b69d350864e9562a2470b487b139)] -> xpath: .//word], [[AndroidDriver: chrome on ANDROID (51a5b69d350864e9562a2470b487b139)] -> xpath: .//word], [[AndroidDriver: chrome on ANDROID (51a5b69d350864e9562a2470b487b139)] -> xpath: .//word], [[AndroidDriver: chrome on ANDROID (51a5b69d350864e9562a2470b487b139)] -> xpath: .//word], [[AndroidDriver: chrome on ANDROID (51a5b69d350864e9562a2470b487b139)] -> xpath: .//word], [[AndroidDriver: chrome on ANDROID (51a5b69d350864e9562a2470b487b139)] -> xpath: .//word], [[AndroidDriver: chrome on ANDROID (51a5b69d350864e9562a2470b487b139)] -> xpath: .//word], [[AndroidDriver: chrome on ANDROID (51a5b69d350864e9562a2470b487b139)] -> xpath: .//word], [[AndroidDriver: chrome on ANDROID (51a5b69d350864e9562a2470b487b139)] -> xpath: .//word], [[AndroidDriver: chrome on ANDROID (51a5b69d350864e9562a2470b487b139)] -> xpath: .//word], [[AndroidDriver: chrome on ANDROID (51a5b69d350864e9562a2470b487b139)] -> xpath: .//word], [[AndroidDriver: chrome on ANDROID (51a5b69d350864e9562a2470b487b139)] -> xpath: .//word], [[AndroidDriver: chrome on ANDROID (51a5b69d350864e9562a2470b487b139)] -> xpath: .//word], [[AndroidDriver: chrome on ANDROID (51a5b69d350864e9562a2470b487b139)] -> xpath: .//word], [[AndroidDriver: chrome on ANDROID (51a5b69d350864e9562a2470b487b139)] -> xpath: .//word], [[AndroidDriver: chrome on ANDROID (51a5b69d350864e9562a2470b487b139)] -> xpath: .//word], [[AndroidDriver: chrome on ANDROID (51a5b69d350864e9562a2470b487b139)] -> xpath: .//word], [[AndroidDriver: chrome on ANDROID (51a5b69d350864e9562a2470b487b139)] -> xpath: .//word], [[AndroidDriver: chrome on ANDROID (51a5b69d350864e9562a2470b487b139)] -> xpath: .//word], [[AndroidDriver: chrome on ANDROID (51a5b69d350864e9562a2470b487b139)] -> xpath: .//word], [[AndroidDriver: chrome on ANDROID (51a5b69d350864e9562a2470b487b139)] -> xpath: .//word], [[AndroidDriver: chrome on ANDROID (51a5b69d350864e9562a2470b487b139)] -> xpath: .//word], [[AndroidDriver: chrome on ANDROID (51a5b69d350864e9562a2470b487b139)] -> xpath: .//word], [[AndroidDriver: chrome on ANDROID (51a5b69d350864e9562a2470b487b139)] -> xpath: .//word], [[AndroidDriver: chrome on ANDROID (51a5b69d350864e9562a2470b487b139)] -> xpath: .//word], [[AndroidDriver: chrome on ANDROID (51a5b69d350864e9562a2470b487b139)] -> xpath: .//word], [[AndroidDriver: chrome on ANDROID (51a5b69d350864e9562a2470b487b139)] -> xpath: .//word], [[AndroidDriver: chrome on ANDROID (51a5b69d350864e9562a2470b487b139)] -> xpath: .//word], [[AndroidDriver: chrome on ANDROID (51a5b69d350864e9562a2470b487b139)] -> xpath: .//word], [[AndroidDriver: chrome on ANDROID (51a5b69d350864e9562a2470b487b139)] -> xpath: .//word], [[AndroidDriver: chrome on ANDROID (51a5b69d350864e9562a2470b487b139)] -> xpath: .//word], [[AndroidDriver: chrome on ANDROID (51a5b69d350864e9562a2470b487b139)] -> xpath: .//word], [[AndroidDriver: chrome on ANDROID (51a5b69d350864e9562a2470b487b139)] -> xpath: .//word], [[AndroidDriver: chrome on ANDROID (51a5b69d350864e9562a2470b487b139)] -> xpath: .//word], [[AndroidDriver: chrome on ANDROID (51a5b69d350864e9562a2470b487b139)] -> xpath: .//word], [[AndroidDriver: chrome on ANDROID (51a5b69d350864e9562a2470b487b139)] -> xpath: .//word], [[AndroidDriver: chrome on ANDROID (51a5b69d350864e9562a2470b487b139)] -> xpath: .//word], [[AndroidDriver: chrome on ANDROID (51a5b69d350864e9562a2470b487b139)] -> xpath: .//word], [[AndroidDriver: chrome on ANDROID (51a5b69d350864e9562a2470b487b139)] -> xpath: .//word], [[AndroidDriver: chrome on ANDROID (51a5b69d350864e9562a2470b487b139)] -> xpath: .//word], [[AndroidDriver: chrome on ANDROID (51a5b69d350864e9562a2470b487b139)] -> xpath: .//word], [[AndroidDriver: chrome on ANDROID (51a5b69d350864e9562a2470b487b139)] -> xpath: .//word], [[AndroidDriver: chrome on ANDROID (51a5b69d350864e9562a2470b487b139)] -> xpath: .//word], [[AndroidDriver: chrome on ANDROID (51a5b69d350864e9562a2470b487b139)] -> xpath: .//word], [[AndroidDriver: chrome on ANDROID (51a5b69d350864e9562a2470b487b139)] -> xpath: .//word], [[AndroidDriver: chrome on ANDROID (51a5b69d350864e9562a2470b487b139)] -> xpath: .//word], [[AndroidDriver: chrome on ANDROID (51a5b69d350864e9562a2470b487b139)] -> xpath: .//word], [[AndroidDriver: chrome on ANDROID (51a5b69d350864e9562a2470b487b139)] -> xpath: .//word], [[AndroidDriver: chrome on ANDROID (51a5b69d350864e9562a2470b487b139)] -> xpath: .//word], [[AndroidDriver: chrome on ANDROID (51a5b69d350864e9562a2470b487b139)] -> xpath: .//word], [[AndroidDriver: chrome on ANDROID (51a5b69d350864e9562a2470b487b139)] -> xpath: .//word], [[AndroidDriver: chrome on ANDROID (51a5b69d350864e9562a2470b487b139)] -> xpath: .//word], [[AndroidDriver: chrome on ANDROID (51a5b69d350864e9562a2470b487b139)] -> xpath: .//word], [[AndroidDriver: chrome on ANDROID (51a5b69d350864e9562a2470b487b139)] -> xpath: .//word], [[AndroidDriver: chrome on ANDROID (51a5b69d350864e9562a2470b487b139)] -> xpath: .//word], [[AndroidDriver: chrome on ANDROID (51a5b69d350864e9562a2470b487b139)] -> xpath: .//word], [[AndroidDriver: chrome on ANDROID (51a5b69d350864e9562a2470b487b139)] -> xpath: .//word], [[AndroidDriver: chrome on ANDROID (51a5b69d350864e9562a2470b487b139)] -> xpath: .//word], [[AndroidDriver: chrome on ANDROID (51a5b69d350864e9562a2470b487b139)] -> xpath: .//word], [[AndroidDriver: chrome on ANDROID (51a5b69d350864e9562a2470b487b139)] -> xpath: .//word], [[AndroidDriver: chrome on ANDROID (51a5b69d350864e9562a2470b487b139)] -> xpath: .//word], [[AndroidDriver: chrome on ANDROID (51a5b69d350864e9562a2470b487b139)] -> xpath: .//word], [[AndroidDriver: chrome on ANDROID (51a5b69d350864e9562a2470b487b139)] -> xpath: .//word], [[AndroidDriver: chrome on ANDROID (51a5b69d350864e9562a2470b487b139)] -> xpath: .//word], [[AndroidDriver: chrome on ANDROID (51a5b69d350864e9562a2470b487b139)] -> xpath: .//word], [[AndroidDriver: chrome on ANDROID (51a5b69d350864e9562a2470b487b139)] -> xpath: .//word], [[AndroidDriver: chrome on ANDROID (51a5b69d350864e9562a2470b487b139)] -> xpath: .//word], [[AndroidDriver: chrome on ANDROID (51a5b69d350864e9562a2470b487b139)] -> xpath: .//word], [[AndroidDriver: chrome on ANDROID (51a5b69d350864e9562a2470b487b139)] -> xpath: .//word], [[AndroidDriver: chrome on ANDROID (51a5b69d350864e9562a2470b487b139)] -> xpath: .//word], [[AndroidDriver: chrome on ANDROID (51a5b69d350864e9562a2470b487b139)] -> xpath: .//word], [[AndroidDriver: chrome on ANDROID (51a5b69d350864e9562a2470b487b139)] -> xpath: .//word], [[AndroidDriver: chrome on ANDROID (51a5b69d350864e9562a2470b487b139)] -> xpath: .//word], [[AndroidDriver: chrome on ANDROID (51a5b69d350864e9562a2470b487b139)] -> xpath: .//word], [[AndroidDriver: chrome on ANDROID (51a5b69d350864e9562a2470b487b139)] -> xpath: .//word], [[AndroidDriver: chrome on ANDROID (51a5b69d350864e9562a2470b487b139)] -> xpath: .//word], [[AndroidDriver: chrome on ANDROID (51a5b69d350864e9562a2470b487b139)] -> xpath: .//word], [[AndroidDriver: chrome on ANDROID (51a5b69d350864e9562a2470b487b139)] -> xpath: .//word], [[AndroidDriver: chrome on ANDROID (51a5b69d350864e9562a2470b487b139)] -> xpath: .//word], [[AndroidDriver: chrome on ANDROID (51a5b69d350864e9562a2470b487b139)] -> xpath: .//word], [[AndroidDriver: chrome on ANDROID (51a5b69d350864e9562a2470b487b139)] -> xpath: .//word], [[AndroidDriver: chrome on ANDROID (51a5b69d350864e9562a2470b487b139)] -> xpath: .//word], [[AndroidDriver: chrome on ANDROID (51a5b69d350864e9562a2470b487b139)] -> xpath: .//word], [[AndroidDriver: chrome on ANDROID (51a5b69d350864e9562a2470b487b139)] -> xpath: .//word], [[AndroidDriver: chrome on ANDROID (51a5b69d350864e9562a2470b487b139)] -> xpath: .//word], [[AndroidDriver: chrome on ANDROID (51a5b69d350864e9562a2470b487b139)] -> xpath: .//word], [[AndroidDriver: chrome on ANDROID (51a5b69d350864e9562a2470b487b139)] -> xpath: .//word], [[AndroidDriver: chrome on ANDROID (51a5b69d350864e9562a2470b487b139)] -> xpath: .//word], [[AndroidDriver: chrome on ANDROID (51a5b69d350864e9562a2470b487b139)] -> xpath: .//word], [[AndroidDriver: chrome on ANDROID (51a5b69d350864e9562a2470b487b139)] -> xpath: .//word], [[AndroidDriver: chrome on ANDROID (51a5b69d350864e9562a2470b487b139)] -> xpath: .//word], [[AndroidDriver: chrome on ANDROID (51a5b69d350864e9562a2470b487b139)] -> xpath: .//word], [[AndroidDriver: chrome on ANDROID (51a5b69d350864e9562a2470b487b139)] -> xpath: .//word], [[AndroidDriver: chrome on ANDROID (51a5b69d350864e9562a2470b487b139)] -> xpath: .//word], [[AndroidDriver: chrome on ANDROID (51a5b69d350864e9562a2470b487b139)] -> xpath: .//word], [[AndroidDriver: chrome on ANDROID (51a5b69d350864e9562a2470b487b139)] -> xpath: .//word], [[AndroidDriver: chrome on ANDROID (51a5b69d350864e9562a2470b487b139)] -> xpath: .//word], [[AndroidDriver: chrome on ANDROID (51a5b69d350864e9562a2470b487b139)] -> xpath: .//word], [[AndroidDriver: chrome on ANDROID (51a5b69d350864e9562a2470b487b139)] -> xpath: .//word], [[AndroidDriver: chrome on ANDROID (51a5b69d350864e9562a2470b487b139)] -> xpath: .//word], [[AndroidDriver: chrome on ANDROID (51a5b69d350864e9562a2470b487b139)] -> xpath: .//word], [[AndroidDriver: chrome on ANDROID (51a5b69d350864e9562a2470b487b139)] -> xpath: .//word], [[AndroidDriver: chrome on ANDROID (51a5b69d350864e9562a2470b487b139)] -> xpath: .//word], [[AndroidDriver: chrome on ANDROID (51a5b69d350864e9562a2470b487b139)] -> xpath: .//word], [[AndroidDriver: chrome on ANDROID (51a5b69d350864e9562a2470b487b139)] -> xpath: .//word], [[AndroidDriver: chrome on ANDROID (51a5b69d350864e9562a2470b487b139)] -> xpath: .//word], [[AndroidDriver: chrome on ANDROID (51a5b69d350864e9562a2470b487b139)] -> xpath: .//word], [[AndroidDriver: chrome on ANDROID (51a5b69d350864e9562a2470b487b139)] -> xpath: .//word], [[AndroidDriver: chrome on ANDROID (51a5b69d350864e9562a2470b487b139)] -> xpath: .//word], [[AndroidDriver: chrome on ANDROID (51a5b69d350864e9562a2470b487b139)] -> xpath: .//word], [[AndroidDriver: chrome on ANDROID (51a5b69d350864e9562a2470b487b139)] -> xpath: .//word], [[AndroidDriver: chrome on ANDROID (51a5b69d350864e9562a2470b487b139)] -> xpath: .//word], [[AndroidDriver: chrome on ANDROID (51a5b69d350864e9562a2470b487b139)] -> xpath: .//word], [[AndroidDriver: chrome on ANDROID (51a5b69d350864e9562a2470b487b139)] -> xpath: .//word], [[AndroidDriver: chrome on ANDROID (51a5b69d350864e9562a2470b487b139)] -> xpath: .//word], [[AndroidDriver: chrome on ANDROID (51a5b69d350864e9562a2470b487b139)] -> xpath: .//word], [[AndroidDriver: chrome on ANDROID (51a5b69d350864e9562a2470b487b139)] -> xpath: .//word], [[AndroidDriver: chrome on ANDROID (51a5b69d350864e9562a2470b487b139)] -> xpath: .//word], [[AndroidDriver: chrome on ANDROID (51a5b69d350864e9562a2470b487b139)] -> xpath: .//word], [[AndroidDriver: chrome on ANDROID (51a5b69d350864e9562a2470b487b139)] -> xpath: .//word], [[AndroidDriver: chrome on ANDROID (51a5b69d350864e9562a2470b487b139)] -> xpath: .//word], [[AndroidDriver: chrome on ANDROID (51a5b69d350864e9562a2470b487b139)] -> xpath: .//word], [[AndroidDriver: chrome on ANDROID (51a5b69d350864e9562a2470b487b139)] -> xpath: .//word], [[AndroidDriver: chrome on ANDROID (51a5b69d350864e9562a2470b487b139)] -> xpath: .//word], [[AndroidDriver: chrome on ANDROID (51a5b69d350864e9562a2470b487b139)] -> xpath: .//word], [[AndroidDriver: chrome on ANDROID (51a5b69d350864e9562a2470b487b139)] -> xpath: .//word], [[AndroidDriver: chrome on ANDROID (51a5b69d350864e9562a2470b487b139)] -> xpath: .//word], [[AndroidDriver: chrome on ANDROID (51a5b69d350864e9562a2470b487b139)] -> xpath: .//word], [[AndroidDriver: chrome on ANDROID (51a5b69d350864e9562a2470b487b139)] -> xpath: .//word], [[AndroidDriver: chrome on ANDROID (51a5b69d350864e9562a2470b487b139)] -> xpath: .//word], [[AndroidDriver: chrome on ANDROID (51a5b69d350864e9562a2470b487b139)] -> xpath: .//word], [[AndroidDriver: chrome on ANDROID (51a5b69d350864e9562a2470b487b139)] -> xpath: .//word], [[AndroidDriver: chrome on ANDROID (51a5b69d350864e9562a2470b487b139)] -> xpath: .//word], [[AndroidDriver: chrome on ANDROID (51a5b69d350864e9562a2470b487b139)] -> xpath: .//word], [[AndroidDriver: chrome on ANDROID (51a5b69d350864e9562a2470b487b139)] -> xpath: .//word], [[AndroidDriver: chrome on ANDROID (51a5b69d350864e9562a2470b487b139)] -> xpath: .//word], [[AndroidDriver: chrome on ANDROID (51a5b69d350864e9562a2470b487b139)] -> xpath: .//word], [[AndroidDriver: chrome on ANDROID (51a5b69d350864e9562a2470b487b139)] -> xpath: .//word], [[AndroidDriver: chrome on ANDROID (51a5b69d350864e9562a2470b487b139)] -> xpath: .//word], [[AndroidDriver: chrome on ANDROID (51a5b69d350864e9562a2470b487b139)] -> xpath: .//word], [[AndroidDriver: chrome on ANDROID (51a5b69d350864e9562a2470b487b139)] -> xpath: .//word], [[AndroidDriver: chrome on ANDROID (51a5b69d350864e9562a2470b487b139)] -> xpath: .//word], [[AndroidDriver: chrome on ANDROID (51a5b69d350864e9562a2470b487b139)] -> xpath: .//word], [[AndroidDriver: chrome on ANDROID (51a5b69d350864e9562a2470b487b139)] -> xpath: .//word], [[AndroidDriver: chrome on ANDROID (51a5b69d350864e9562a2470b487b139)] -> xpath: .//word], [[AndroidDriver: chrome on ANDROID (51a5b69d350864e9562a2470b487b139)] -> xpath: .//word], [[AndroidDriver: chrome on ANDROID (51a5b69d350864e9562a2470b487b139)] -> xpath: .//word], [[AndroidDriver: chrome on ANDROID (51a5b69d350864e9562a2470b487b139)] -> xpath: .//word], [[AndroidDriver: chrome on ANDROID (51a5b69d350864e9562a2470b487b139)] -> xpath: .//word], [[AndroidDriver: chrome on ANDROID (51a5b69d350864e9562a2470b487b139)] -> xpath: .//word], [[AndroidDriver: chrome on ANDROID (51a5b69d350864e9562a2470b487b139)] -> xpath: .//word], [[AndroidDriver: chrome on ANDROID (51a5b69d350864e9562a2470b487b139)] -> xpath: .//word], [[AndroidDriver: chrome on ANDROID (51a5b69d350864e9562a2470b487b139)] -> xpath: .//word], [[AndroidDriver: chrome on ANDROID (51a5b69d350864e9562a2470b487b139)] -> xpath: .//word], [[AndroidDriver: chrome on ANDROID (51a5b69d350864e9562a2470b487b139)] -> xpath: .//word], [[AndroidDriver: chrome on ANDROID (51a5b69d350864e9562a2470b487b139)] -> xpath: .//word], [[AndroidDriver: chrome on ANDROID (51a5b69d350864e9562a2470b487b139)] -> xpath: .//word], [[AndroidDriver: chrome on ANDROID (51a5b69d350864e9562a2470b487b139)] -> xpath: .//word], [[AndroidDriver: chrome on ANDROID (51a5b69d350864e9562a2470b487b139)] -> xpath: .//word], [[AndroidDriver: chrome on ANDROID (51a5b69d350864e9562a2470b487b139)] -> xpath: .//word], [[AndroidDriver: chrome on ANDROID (51a5b69d350864e9562a2470b487b139)] -> xpath: .//word], [[AndroidDriver: chrome on ANDROID (51a5b69d350864e9562a2470b487b139)] -> xpath: .//word], [[AndroidDriver: chrome on ANDROID (51a5b69d350864e9562a2470b487b139)] -> xpath: .//word], [[AndroidDriver: chrome on ANDROID (51a5b69d350864e9562a2470b487b139)] -> xpath: .//word], [[AndroidDriver: chrome on ANDROID (51a5b69d350864e9562a2470b487b139)] -> xpath: .//word], [[AndroidDriver: chrome on ANDROID (51a5b69d350864e9562a2470b487b139)] -> xpath: .//word], [[AndroidDriver: chrome on ANDROID (51a5b69d350864e9562a2470b487b139)] -> xpath: .//word], [[AndroidDriver: chrome on ANDROID (51a5b69d350864e9562a2470b487b139)] -> xpath: .//word], [[AndroidDriver: chrome on ANDROID (51a5b69d350864e9562a2470b487b139)] -> xpath: .//word], [[AndroidDriver: chrome on ANDROID (51a5b69d350864e9562a2470b487b139)] -> xpath: .//word], [[AndroidDriver: chrome on ANDROID (51a5b69d350864e9562a2470b487b139)] -> xpath: .//word], [[AndroidDriver: chrome on ANDROID (51a5b69d350864e9562a2470b487b139)] -> xpath: .//word], [[AndroidDriver: chrome on ANDROID (51a5b69d350864e9562a2470b487b139)] -> xpath: .//word], [[AndroidDriver: chrome on ANDROID (51a5b69d350864e9562a2470b487b139)] -> xpath: .//word], [[AndroidDriver: chrome on ANDROID (51a5b69d350864e9562a2470b487b139)] -> xpath: .//word], [[AndroidDriver: chrome on ANDROID (51a5b69d350864e9562a2470b487b139)] -> xpath: .//word], [[AndroidDriver: chrome on ANDROID (51a5b69d350864e9562a2470b487b139)] -> xpath: .//word], [[AndroidDriver: chrome on ANDROID (51a5b69d350864e9562a2470b487b139)] -> xpath: .//word], [[AndroidDriver: chrome on ANDROID (51a5b69d350864e9562a2470b487b139)] -> xpath: .//word], [[AndroidDriver: chrome on ANDROID (51a5b69d350864e9562a2470b487b139)] -> xpath: .//word], [[AndroidDriver: chrome on ANDROID (51a5b69d350864e9562a2470b487b139)] -> xpath: .//word], [[AndroidDriver: chrome on ANDROID (51a5b69d350864e9562a2470b487b139)] -> xpath: .//word], [[AndroidDriver: chrome on ANDROID (51a5b69d350864e9562a2470b487b139)] -> xpath: .//word], [[AndroidDriver: chrome on ANDROID (51a5b69d350864e9562a2470b487b139)] -> xpath: .//word], [[AndroidDriver: chrome on ANDROID (51a5b69d350864e9562a2470b487b139)] -> xpath: .//word], [[AndroidDriver: chrome on ANDROID (51a5b69d350864e9562a2470b487b139)] -> xpath: .//word], [[AndroidDriver: chrome on ANDROID (51a5b69d350864e9562a2470b487b139)] -> xpath: .//word], [[AndroidDriver: chrome on ANDROID (51a5b69d350864e9562a2470b487b139)] -> xpath: .//word], [[AndroidDriver: chrome on ANDROID (51a5b69d350864e9562a2470b487b139)] -> xpath: .//word], [[AndroidDriver: chrome on ANDROID (51a5b69d350864e9562a2470b487b139)] -> xpath: .//word], [[AndroidDriver: chrome on ANDROID (51a5b69d350864e9562a2470b487b139)] -> xpath: .//word], [[AndroidDriver: chrome on ANDROID (51a5b69d350864e9562a2470b487b139)] -> xpath: .//word], [[AndroidDriver: chrome on ANDROID (51a5b69d350864e9562a2470b487b139)] -> xpath: .//word], [[AndroidDriver: chrome on ANDROID (51a5b69d350864e9562a2470b487b139)] -> xpath: .//word], [[AndroidDriver: chrome on ANDROID (51a5b69d350864e9562a2470b487b139)] -> xpath: .//word], [[AndroidDriver: chrome on ANDROID (51a5b69d350864e9562a2470b487b139)] -> xpath: .//word], [[AndroidDriver: chrome on ANDROID (51a5b69d350864e9562a2470b487b139)] -> xpath: .//word], [[AndroidDriver: chrome on ANDROID (51a5b69d350864e9562a2470b487b139)] -> xpath: .//word], [[AndroidDriver: chrome on ANDROID (51a5b69d350864e9562a2470b487b139)] -> xpath: .//word], [[AndroidDriver: chrome on ANDROID (51a5b69d350864e9562a2470b487b139)] -> xpath: .//word], [[AndroidDriver: chrome on ANDROID (51a5b69d350864e9562a2470b487b139)] -> xpath: .//word], [[AndroidDriver: chrome on ANDROID (51a5b69d350864e9562a2470b487b139)] -> xpath: .//word], [[AndroidDriver: chrome on ANDROID (51a5b69d350864e9562a2470b487b139)] -> xpath: .//word], [[AndroidDriver: chrome on ANDROID (51a5b69d350864e9562a2470b487b139)] -> xpath: .//word], [[AndroidDriver: chrome on ANDROID (51a5b69d350864e9562a2470b487b139)] -> xpath: .//word], [[AndroidDriver: chrome on ANDROID (51a5b69d350864e9562a2470b487b139)] -> xpath: .//word], [[AndroidDriver: chrome on ANDROID (51a5b69d350864e9562a2470b487b139)] -> xpath: .//word], [[AndroidDriver: chrome on ANDROID (51a5b69d350864e9562a2470b487b139)] -> xpath: .//word], [[AndroidDriver: chrome on ANDROID (51a5b69d350864e9562a2470b487b139)] -> xpath: .//word], [[AndroidDriver: chrome on ANDROID (51a5b69d350864e9562a2470b487b139)] -> xpath: .//word], [[AndroidDriver: chrome on ANDROID (51a5b69d350864e9562a2470b487b139)] -> xpath: .//word], [[AndroidDriver: chrome on ANDROID (51a5b69d350864e9562a2470b487b139)] -> xpath: .//word], [[AndroidDriver: chrome on ANDROID (51a5b69d350864e9562a2470b487b139)] -> xpath: .//word], [[AndroidDriver: chrome on ANDROID (51a5b69d350864e9562a2470b487b139)] -> xpath: .//word], [[AndroidDriver: chrome on ANDROID (51a5b69d350864e9562a2470b487b139)] -> xpath: .//word], [[AndroidDriver: chrome on ANDROID (51a5b69d350864e9562a2470b487b139)] -> xpath: .//word], [[AndroidDriver: chrome on ANDROID (51a5b69d350864e9562a2470b487b139)] -> xpath: .//word], [[AndroidDriver: chrome on ANDROID (51a5b69d350864e9562a2470b487b139)] -> xpath: .//word], [[AndroidDriver: chrome on ANDROID (51a5b69d350864e9562a2470b487b139)] -> xpath: .//word], [[AndroidDriver: chrome on ANDROID (51a5b69d350864e9562a2470b487b139)] -> xpath: .//word], [[AndroidDriver: chrome on ANDROID (51a5b69d350864e9562a2470b487b139)] -> xpath: .//word], [[AndroidDriver: chrome on ANDROID (51a5b69d350864e9562a2470b487b139)] -> xpath: .//word], [[AndroidDriver: chrome on ANDROID (51a5b69d350864e9562a2470b487b139)] -> xpath: .//word], [[AndroidDriver: chrome on ANDROID (51a5b69d350864e9562a2470b487b139)] -> xpath: .//word], [[AndroidDriver: chrome on ANDROID (51a5b69d350864e9562a2470b487b139)] -> xpath: .//word], [[AndroidDriver: chrome on ANDROID (51a5b69d350864e9562a2470b487b139)] -> xpath: .//word], [[AndroidDriver: chrome on ANDROID (51a5b69d350864e9562a2470b487b139)] -> xpath: .//word], [[AndroidDriver: chrome on ANDROID (51a5b69d350864e9562a2470b487b139)] -> xpath: .//word], [[AndroidDriver: chrome on ANDROID (51a5b69d350864e9562a2470b487b139)] -> xpath: .//word], [[AndroidDriver: chrome on ANDROID (51a5b69d350864e9562a2470b487b139)] -> xpath: .//word], [[AndroidDriver: chrome on ANDROID (51a5b69d350864e9562a2470b487b139)] -> xpath: .//word], [[AndroidDriver: chrome on ANDROID (51a5b69d350864e9562a2470b487b139)] -> xpath: .//word], [[AndroidDriver: chrome on ANDROID (51a5b69d350864e9562a2470b487b139)] -> xpath: .//word], [[AndroidDriver: chrome on ANDROID (51a5b69d350864e9562a2470b487b139)] -> xpath: .//word], [[AndroidDriver: chrome on ANDROID (51a5b69d350864e9562a2470b487b139)] -> xpath: .//word], [[AndroidDriver: chrome on ANDROID (51a5b69d350864e9562a2470b487b139)] -> xpath: .//word], [[AndroidDriver: chrome on ANDROID (51a5b69d350864e9562a2470b487b139)] -> xpath: .//word], [[AndroidDriver: chrome on ANDROID (51a5b69d350864e9562a2470b487b139)] -> xpath: .//word], [[AndroidDriver: chrome on ANDROID (51a5b69d350864e9562a2470b487b139)] -> xpath: .//word], [[AndroidDriver: chrome on ANDROID (51a5b69d350864e9562a2470b487b139)] -> xpath: .//word], [[AndroidDriver: chrome on ANDROID (51a5b69d350864e9562a2470b487b139)] -> xpath: .//word], [[AndroidDriver: chrome on ANDROID (51a5b69d350864e9562a2470b487b139)] -> xpath: .//word], [[AndroidDriver: chrome on ANDROID (51a5b69d350864e9562a2470b487b139)] -> xpath: .//word], [[AndroidDriver: chrome on ANDROID (51a5b69d350864e9562a2470b487b139)] -> xpath: .//word], [[AndroidDriver: chrome on ANDROID (51a5b69d350864e9562a2470b487b139)] -> xpath: .//word], [[AndroidDriver: chrome on ANDROID (51a5b69d350864e9562a2470b487b139)] -> xpath: .//word], [[AndroidDriver: chrome on ANDROID (51a5b69d350864e9562a2470b487b139)] -> xpath: .//word], [[AndroidDriver: chrome on ANDROID (51a5b69d350864e9562a2470b487b139)] -> xpath: .//word], [[AndroidDriver: chrome on ANDROID (51a5b69d350864e9562a2470b487b139)] -> xpath: .//word], [[AndroidDriver: chrome on ANDROID (51a5b69d350864e9562a2470b487b139)] -> xpath: .//word], [[AndroidDriver: chrome on ANDROID (51a5b69d350864e9562a2470b487b139)] -> xpath: .//word], [[AndroidDriver: chrome on ANDROID (51a5b69d350864e9562a2470b487b139)] -> xpath: .//word], [[AndroidDriver: chrome on ANDROID (51a5b69d350864e9562a2470b487b139)] -> xpath: .//word], [[AndroidDriver: chrome on ANDROID (51a5b69d350864e9562a2470b487b139)] -> xpath: .//word], [[AndroidDriver: chrome on ANDROID (51a5b69d350864e9562a2470b487b139)] -> xpath: .//word], [[AndroidDriver: chrome on ANDROID (51a5b69d350864e9562a2470b487b139)] -> xpath: .//word], [[AndroidDriver: chrome on ANDROID (51a5b69d350864e9562a2470b487b139)] -> xpath: .//word], [[AndroidDriver: chrome on ANDROID (51a5b69d350864e9562a2470b487b139)] -> xpath: .//word], [[AndroidDriver: chrome on ANDROID (51a5b69d350864e9562a2470b487b139)] -> xpath: .//word], [[AndroidDriver: chrome on ANDROID (51a5b69d350864e9562a2470b487b139)] -> xpath: .//word], [[AndroidDriver: chrome on ANDROID (51a5b69d350864e9562a2470b487b139)] -> xpath: .//word], [[AndroidDriver: chrome on ANDROID (51a5b69d350864e9562a2470b487b139)] -> xpath: .//word], [[AndroidDriver: chrome on ANDROID (51a5b69d350864e9562a2470b487b139)] -> xpath: .//word], [[AndroidDriver: chrome on ANDROID (51a5b69d350864e9562a2470b487b139)] -> xpath: .//word], [[AndroidDriver: chrome on ANDROID (51a5b69d350864e9562a2470b487b139)] -> xpath: .//word], [[AndroidDriver: chrome on ANDROID (51a5b69d350864e9562a2470b487b139)] -> xpath: .//word], [[AndroidDriver: chrome on ANDROID (51a5b69d350864e9562a2470b487b139)] -> xpath: .//word], [[AndroidDriver: chrome on ANDROID (51a5b69d350864e9562a2470b487b139)] -> xpath: .//word], [[AndroidDriver: chrome on ANDROID (51a5b69d350864e9562a2470b487b139)] -> xpath: .//word], [[AndroidDriver: chrome on ANDROID (51a5b69d350864e9562a2470b487b139)] -> xpath: .//word], [[AndroidDriver: chrome on ANDROID (51a5b69d350864e9562a2470b487b139)] -> xpath: .//word], [[AndroidDriver: chrome on ANDROID (51a5b69d350864e9562a2470b487b139)] -> xpath: .//word], [[AndroidDriver: chrome on ANDROID (51a5b69d350864e9562a2470b487b139)] -> xpath: .//word], [[AndroidDriver: chrome on ANDROID (51a5b69d350864e9562a2470b487b139)] -> xpath: .//word], [[AndroidDriver: chrome on ANDROID (51a5b69d350864e9562a2470b487b139)] -> xpath: .//word], [[AndroidDriver: chrome on ANDROID (51a5b69d350864e9562a2470b487b139)] -> xpath: .//word], [[AndroidDriver: chrome on ANDROID (51a5b69d350864e9562a2470b487b139)] -> xpath: .//word], [[AndroidDriver: chrome on ANDROID (51a5b69d350864e9562a2470b487b139)] -> xpath: .//word], [[AndroidDriver: chrome on ANDROID (51a5b69d350864e9562a2470b487b139)] -> xpath: .//word], [[AndroidDriver: chrome on ANDROID (51a5b69d350864e9562a2470b487b139)] -> xpath: .//word], [[AndroidDriver: chrome on ANDROID (51a5b69d350864e9562a2470b487b139)] -> xpath: .//word], [[AndroidDriver: chrome on ANDROID (51a5b69d350864e9562a2470b487b139)] -> xpath: .//word], [[AndroidDriver: chrome on ANDROID (51a5b69d350864e9562a2470b487b139)] -> xpath: .//word], [[AndroidDriver: chrome on ANDROID (51a5b69d350864e9562a2470b487b139)] -> xpath: .//word], [[AndroidDriver: chrome on ANDROID (51a5b69d350864e9562a2470b487b139)] -> xpath: .//word], [[AndroidDriver: chrome on ANDROID (51a5b69d350864e9562a2470b487b139)] -> xpath: .//word], [[AndroidDriver: chrome on ANDROID (51a5b69d350864e9562a2470b487b139)] -> xpath: .//word], [[AndroidDriver: chrome on ANDROID (51a5b69d350864e9562a2470b487b139)] -> xpath: .//word], [[AndroidDriver: chrome on ANDROID (51a5b69d350864e9562a2470b487b139)] -> xpath: .//word], [[AndroidDriver: chrome on ANDROID (51a5b69d350864e9562a2470b487b139)] -> xpath: .//word], [[AndroidDriver: chrome on ANDROID (51a5b69d350864e9562a2470b487b139)] -> xpath: .//word], [[AndroidDriver: chrome on ANDROID (51a5b69d350864e9562a2470b487b139)] -> xpath: .//word], [[AndroidDriver: chrome on ANDROID (51a5b69d350864e9562a2470b487b139)] -> xpath: .//word], [[AndroidDriver: chrome on ANDROID (51a5b69d350864e9562a2470b487b139)] -> xpath: .//word], [[AndroidDriver: chrome on ANDROID (51a5b69d350864e9562a2470b487b139)] -> xpath: .//word], [[AndroidDriver: chrome on ANDROID (51a5b69d350864e9562a2470b487b139)] -> xpath: .//word], [[AndroidDriver: chrome on ANDROID (51a5b69d350864e9562a2470b487b139)] -> xpath: .//word], [[AndroidDriver: chrome on ANDROID (51a5b69d350864e9562a2470b487b139)] -> xpath: .//word], [[AndroidDriver: chrome on ANDROID (51a5b69d350864e9562a2470b487b139)] -> xpath: .//word], [[AndroidDriver: chrome on ANDROID (51a5b69d350864e9562a2470b487b139)] -> xpath: .//word], [[AndroidDriver: chrome on ANDROID (51a5b69d350864e9562a2470b487b139)] -> xpath: .//word], [[AndroidDriver: chrome on ANDROID (51a5b69d350864e9562a2470b487b139)] -> xpath: .//word], [[AndroidDriver: chrome on ANDROID (51a5b69d350864e9562a2470b487b139)] -> xpath: .//word], [[AndroidDriver: chrome on ANDROID (51a5b69d350864e9562a2470b487b139)] -> xpath: .//word], [[AndroidDriver: chrome on ANDROID (51a5b69d350864e9562a2470b487b139)] -> xpath: .//word], [[AndroidDriver: chrome on ANDROID (51a5b69d350864e9562a2470b487b139)] -> xpath: .//word], [[AndroidDriver: chrome on ANDROID (51a5b69d350864e9562a2470b487b139)] -> xpath: .//word], [[AndroidDriver: chrome on ANDROID (51a5b69d350864e9562a2470b487b139)] -> xpath: .//word], [[AndroidDriver: chrome on ANDROID (51a5b69d350864e9562a2470b487b139)] -> xpath: .//word], [[AndroidDriver: chrome on ANDROID (51a5b69d350864e9562a2470b487b139)] -> xpath: .//word], [[AndroidDriver: chrome on ANDROID (51a5b69d350864e9562a2470b487b139)] -> xpath: .//word], [[AndroidDriver: chrome on ANDROID (51a5b69d350864e9562a2470b487b139)] -> xpath: .//word], [[AndroidDriver: chrome on ANDROID (51a5b69d350864e9562a2470b487b139)] -> xpath: .//word], [[AndroidDriver: chrome on ANDROID (51a5b69d350864e9562a2470b487b139)] -> xpath: .//word], [[AndroidDriver: chrome on ANDROID (51a5b69d350864e9562a2470b487b139)] -> xpath: .//word], [[AndroidDriver: chrome on ANDROID (51a5b69d350864e9562a2470b487b139)] -> xpath: .//word], [[AndroidDriver: chrome on ANDROID (51a5b69d350864e9562a2470b487b139)] -> xpath: .//word], [[AndroidDriver: chrome on ANDROID (51a5b69d350864e9562a2470b487b139)] -> xpath: .//word], [[AndroidDriver: chrome on ANDROID (51a5b69d350864e9562a2470b487b139)] -> xpath: .//word], [[AndroidDriver: chrome on ANDROID (51a5b69d350864e9562a2470b487b139)] -> xpath: .//word], [[AndroidDriver: chrome on ANDROID (51a5b69d350864e9562a2470b487b139)] -> xpath: .//word], [[AndroidDriver: chrome on ANDROID (51a5b69d350864e9562a2470b487b139)] -> xpath: .//word], [[AndroidDriver: chrome on ANDROID (51a5b69d350864e9562a2470b487b139)] -> xpath: .//word], [[AndroidDriver: chrome on ANDROID (51a5b69d350864e9562a2470b487b139)] -> xpath: .//word], [[AndroidDriver: chrome on ANDROID (51a5b69d350864e9562a2470b487b139)] -> xpath: .//word], [[AndroidDriver: chrome on ANDROID (51a5b69d350864e9562a2470b487b139)] -> xpath: .//word], [[AndroidDriver: chrome on ANDROID (51a5b69d350864e9562a2470b487b139)] -> xpath: .//word], [[AndroidDriver: chrome on ANDROID (51a5b69d350864e9562a2470b487b139)] -> xpath: .//word], [[AndroidDriver: chrome on ANDROID (51a5b69d350864e9562a2470b487b139)] -> xpath: .//word], [[AndroidDriver: chrome on ANDROID (51a5b69d350864e9562a2470b487b139)] -> xpath: .//word], [[AndroidDriver: chrome on ANDROID (51a5b69d350864e9562a2470b487b139)] -> xpath: .//word], [[AndroidDriver: chrome on ANDROID (51a5b69d350864e9562a2470b487b139)] -> xpath: .//word], [[AndroidDriver: chrome on ANDROID (51a5b69d350864e9562a2470b487b139)] -> xpath: .//word], [[AndroidDriver: chrome on ANDROID (51a5b69d350864e9562a2470b487b139)] -> xpath: .//word], [[AndroidDriver: chrome on ANDROID (51a5b69d350864e9562a2470b487b139)] -> xpath: .//word], [[AndroidDriver: chrome on ANDROID (51a5b69d350864e9562a2470b487b139)] -> xpath: .//word], [[AndroidDriver: chrome on ANDROID (51a5b69d350864e9562a2470b487b139)] -> xpath: .//word], [[AndroidDriver: chrome on ANDROID (51a5b69d350864e9562a2470b487b139)] -> xpath: .//word], [[AndroidDriver: chrome on ANDROID (51a5b69d350864e9562a2470b487b139)] -> xpath: .//word], [[AndroidDriver: chrome on ANDROID (51a5b69d350864e9562a2470b487b139)] -> xpath: .//word], [[AndroidDriver: chrome on ANDROID (51a5b69d350864e9562a2470b487b139)] -> xpath: .//word], [[AndroidDriver: chrome on ANDROID (51a5b69d350864e9562a2470b487b139)] -> xpath: .//word], [[AndroidDriver: chrome on ANDROID (51a5b69d350864e9562a2470b487b139)] -> xpath: .//word], [[AndroidDriver: chrome on ANDROID (51a5b69d350864e9562a2470b487b139)] -> xpath: .//word], [[AndroidDriver: chrome on ANDROID (51a5b69d350864e9562a2470b487b139)] -> xpath: .//word], [[AndroidDriver: chrome on ANDROID (51a5b69d350864e9562a2470b487b139)] -> xpath: .//word], [[AndroidDriver: chrome on ANDROID (51a5b69d350864e9562a2470b487b139)] -> xpath: .//word], [[AndroidDriver: chrome on ANDROID (51a5b69d350864e9562a2470b487b139)] -> xpath: .//word], [[AndroidDriver: chrome on ANDROID (51a5b69d350864e9562a2470b487b139)] -> xpath: .//word], [[AndroidDriver: chrome on ANDROID (51a5b69d350864e9562a2470b487b139)] -> xpath: .//word], [[AndroidDriver: chrome on ANDROID (51a5b69d350864e9562a2470b487b139)] -> xpath: .//word], [[AndroidDriver: chrome on ANDROID (51a5b69d350864e9562a2470b487b139)] -> xpath: .//word], [[AndroidDriver: chrome on ANDROID (51a5b69d350864e9562a2470b487b139)] -> xpath: .//word], [[AndroidDriver: chrome on ANDROID (51a5b69d350864e9562a2470b487b139)] -> xpath: .//word], [[AndroidDriver: chrome on ANDROID (51a5b69d350864e9562a2470b487b139)] -> xpath: .//word], [[AndroidDriver: chrome on ANDROID (51a5b69d350864e9562a2470b487b139)] -> xpath: .//word], [[AndroidDriver: chrome on ANDROID (51a5b69d350864e9562a2470b487b139)] -> xpath: .//word], [[AndroidDriver: chrome on ANDROID (51a5b69d350864e9562a2470b487b139)] -> xpath: .//word], [[AndroidDriver: chrome on ANDROID (51a5b69d350864e9562a2470b487b139)] -> xpath: .//word], [[AndroidDriver: chrome on ANDROID (51a5b69d350864e9562a2470b487b139)] -> xpath: .//word], [[AndroidDriver: chrome on ANDROID (51a5b69d350864e9562a2470b487b139)] -> xpath: .//word], [[AndroidDriver: chrome on ANDROID (51a5b69d350864e9562a2470b487b139)] -> xpath: .//word], [[AndroidDriver: chrome on ANDROID (51a5b69d350864e9562a2470b487b139)] -> xpath: .//word], [[AndroidDriver: chrome on ANDROID (51a5b69d350864e9562a2470b487b139)] -> xpath: .//word], [[AndroidDriver: chrome on ANDROID (51a5b69d350864e9562a2470b487b139)] -> xpath: .//word], [[AndroidDriver: chrome on ANDROID (51a5b69d350864e9562a2470b487b139)] -> xpath: .//word], [[AndroidDriver: chrome on ANDROID (51a5b69d350864e9562a2470b487b139)] -> xpath: .//word], [[AndroidDriver: chrome on ANDROID (51a5b69d350864e9562a2470b487b139)] -> xpath: .//word], [[AndroidDriver: chrome on ANDROID (51a5b69d350864e9562a2470b487b139)] -> xpath: .//word], [[AndroidDriver: chrome on ANDROID (51a5b69d350864e9562a2470b487b139)] -> xpath: .//word], [[AndroidDriver: chrome on ANDROID (51a5b69d350864e9562a2470b487b139)] -> xpath: .//word], [[AndroidDriver: chrome on ANDROID (51a5b69d350864e9562a2470b487b139)] -> xpath: .//word], [[AndroidDriver: chrome on ANDROID (51a5b69d350864e9562a2470b487b139)] -> xpath: .//word], [[AndroidDriver: chrome on ANDROID (51a5b69d350864e9562a2470b487b139)] -> xpath: .//word], [[AndroidDriver: chrome on ANDROID (51a5b69d350864e9562a2470b487b139)] -> xpath: .//word], [[AndroidDriver: chrome on ANDROID (51a5b69d350864e9562a2470b487b139)] -> xpath: .//word], [[AndroidDriver: chrome on ANDROID (51a5b69d350864e9562a2470b487b139)] -> xpath: .//word], [[AndroidDriver: chrome on ANDROID (51a5b69d350864e9562a2470b487b139)] -> xpath: .//word], [[AndroidDriver: chrome on ANDROID (51a5b69d350864e9562a2470b487b139)] -> xpath: .//word], [[AndroidDriver: chrome on ANDROID (51a5b69d350864e9562a2470b487b139)] -> xpath: .//word], [[AndroidDriver: chrome on ANDROID (51a5b69d350864e9562a2470b487b139)] -> xpath: .//word], [[AndroidDriver: chrome on ANDROID (51a5b69d350864e9562a2470b487b139)] -> xpath: .//word], [[AndroidDriver: chrome on ANDROID (51a5b69d350864e9562a2470b487b139)] -> xpath: .//word], [[AndroidDriver: chrome on ANDROID (51a5b69d350864e9562a2470b487b139)] -> xpath: .//word], [[AndroidDriver: chrome on ANDROID (51a5b69d350864e9562a2470b487b139)] -> xpath: .//word], [[AndroidDriver: chrome on ANDROID (51a5b69d350864e9562a2470b487b139)] -> xpath: .//word], [[AndroidDriver: chrome on ANDROID (51a5b69d350864e9562a2470b487b139)] -> xpath: .//word], [[AndroidDriver: chrome on ANDROID (51a5b69d350864e9562a2470b487b139)] -> xpath: .//word], [[AndroidDriver: chrome on ANDROID (51a5b69d350864e9562a2470b487b139)] -> xpath: .//word], [[AndroidDriver: chrome on ANDROID (51a5b69d350864e9562a2470b487b139)] -> xpath: .//word], [[AndroidDriver: chrome on ANDROID (51a5b69d350864e9562a2470b487b139)] -> xpath: .//word], [[AndroidDriver: chrome on ANDROID (51a5b69d350864e9562a2470b487b139)] -> xpath: .//word], [[AndroidDriver: chrome on ANDROID (51a5b69d350864e9562a2470b487b139)] -> xpath: .//word], [[AndroidDriver: chrome on ANDROID (51a5b69d350864e9562a2470b487b139)] -> xpath: .//word], [[AndroidDriver: chrome on ANDROID (51a5b69d350864e9562a2470b487b139)] -> xpath: .//word], [[AndroidDriver: chrome on ANDROID (51a5b69d350864e9562a2470b487b139)] -> xpath: .//word], [[AndroidDriver: chrome on ANDROID (51a5b69d350864e9562a2470b487b139)] -> xpath: .//word], [[AndroidDriver: chrome on ANDROID (51a5b69d350864e9562a2470b487b139)] -> xpath: .//word], [[AndroidDriver: chrome on ANDROID (51a5b69d350864e9562a2470b487b139)] -> xpath: .//word], [[AndroidDriver: chrome on ANDROID (51a5b69d350864e9562a2470b487b139)] -> xpath: .//word], [[AndroidDriver: chrome on ANDROID (51a5b69d350864e9562a2470b487b139)] -> xpath: .//word], [[AndroidDriver: chrome on ANDROID (51a5b69d350864e9562a2470b487b139)] -> xpath: .//word], [[AndroidDriver: chrome on ANDROID (51a5b69d350864e9562a2470b487b139)] -> xpath: .//word], [[AndroidDriver: chrome on ANDROID (51a5b69d350864e9562a2470b487b139)] -> xpath: .//word], [[AndroidDriver: chrome on ANDROID (51a5b69d350864e9562a2470b487b139)] -> xpath: .//word], [[AndroidDriver: chrome on ANDROID (51a5b69d350864e9562a2470b487b139)] -> xpath: .//word], [[AndroidDriver: chrome on ANDROID (51a5b69d350864e9562a2470b487b139)] -> xpath: .//word], [[AndroidDriver: chrome on ANDROID (51a5b69d350864e9562a2470b487b139)] -> xpath: .//word], [[AndroidDriver: chrome on ANDROID (51a5b69d350864e9562a2470b487b139)] -> xpath: .//word], [[AndroidDriver: chrome on ANDROID (51a5b69d350864e9562a2470b487b139)] -> xpath: .//word], [[AndroidDriver: chrome on ANDROID (51a5b69d350864e9562a2470b487b139)] -> xpath: .//word], [[AndroidDriver: chrome on ANDROID (51a5b69d350864e9562a2470b487b139)] -> xpath: .//word], [[AndroidDriver: chrome on ANDROID (51a5b69d350864e9562a2470b487b139)] -> xpath: .//word], [[AndroidDriver: chrome on ANDROID (51a5b69d350864e9562a2470b487b139)] -> xpath: .//word], [[AndroidDriver: chrome on ANDROID (51a5b69d350864e9562a2470b487b139)] -> xpath: .//word], [[AndroidDriver: chrome on ANDROID (51a5b69d350864e9562a2470b487b139)] -> xpath: .//word], [[AndroidDriver: chrome on ANDROID (51a5b69d350864e9562a2470b487b139)] -> xpath: .//word], [[AndroidDriver: chrome on ANDROID (51a5b69d350864e9562a2470b487b139)] -> xpath: .//word], [[AndroidDriver: chrome on ANDROID (51a5b69d350864e9562a2470b487b139)] -> xpath: .//word], [[AndroidDriver: chrome on ANDROID (51a5b69d350864e9562a2470b487b139)] -> xpath: .//word], [[AndroidDriver: chrome on ANDROID (51a5b69d350864e9562a2470b487b139)] -> xpath: .//word], [[AndroidDriver: chrome on ANDROID (51a5b69d350864e9562a2470b487b139)] -> xpath: .//word], [[AndroidDriver: chrome on ANDROID (51a5b69d350864e9562a2470b487b139)] -> xpath: .//word], [[AndroidDriver: chrome on ANDROID (51a5b69d350864e9562a2470b487b139)] -> xpath: .//word], [[AndroidDriver: chrome on ANDROID (51a5b69d350864e9562a2470b487b139)] -> xpath: .//word], [[AndroidDriver: chrome on ANDROID (51a5b69d350864e9562a2470b487b139)] -> xpath: .//word], [[AndroidDriver: chrome on ANDROID (51a5b69d350864e9562a2470b487b139)] -> xpath: .//word], [[AndroidDriver: chrome on ANDROID (51a5b69d350864e9562a2470b487b139)] -> xpath: .//word], [[AndroidDriver: chrome on ANDROID (51a5b69d350864e9562a2470b487b139)] -> xpath: .//word], [[AndroidDriver: chrome on ANDROID (51a5b69d350864e9562a2470b487b139)] -> xpath: .//word], [[AndroidDriver: chrome on ANDROID (51a5b69d350864e9562a2470b487b139)] -> xpath: .//word], [[AndroidDriver: chrome on ANDROID (51a5b69d350864e9562a2470b487b139)] -> xpath: .//word], [[AndroidDriver: chrome on ANDROID (51a5b69d350864e9562a2470b487b139)] -> xpath: .//word], [[AndroidDriver: chrome on ANDROID (51a5b69d350864e9562a2470b487b139)] -> xpath: .//word], [[AndroidDriver: chrome on ANDROID (51a5b69d350864e9562a2470b487b139)] -> xpath: .//word], [[AndroidDriver: chrome on ANDROID (51a5b69d350864e9562a2470b487b139)] -> xpath: .//word], [[AndroidDriver: chrome on ANDROID (51a5b69d350864e9562a2470b487b139)] -> xpath: .//word], [[AndroidDriver: chrome on ANDROID (51a5b69d350864e9562a2470b487b139)] -> xpath: .//word], [[AndroidDriver: chrome on ANDROID (51a5b69d350864e9562a2470b487b139)] -> xpath: .//word], [[AndroidDriver: chrome on ANDROID (51a5b69d350864e9562a2470b487b139)] -> xpath: .//word], [[AndroidDriver: chrome on ANDROID (51a5b69d350864e9562a2470b487b139)] -> xpath: .//word], [[AndroidDriver: chrome on ANDROID (51a5b69d350864e9562a2470b487b139)] -> xpath: .//word], [[AndroidDriver: chrome on ANDROID (51a5b69d350864e9562a2470b487b139)] -> xpath: .//word], [[AndroidDriver: chrome on ANDROID (51a5b69d350864e9562a2470b487b139)] -> xpath: .//word], [[AndroidDriver: chrome on ANDROID (51a5b69d350864e9562a2470b487b139)] -> xpath: .//word], [[AndroidDriver: chrome on ANDROID (51a5b69d350864e9562a2470b487b139)] -> xpath: .//word], [[AndroidDriver: chrome on ANDROID (51a5b69d350864e9562a2470b487b139)] -> xpath: .//word], [[AndroidDriver: chrome on ANDROID (51a5b69d350864e9562a2470b487b139)] -> xpath: .//word], [[AndroidDriver: chrome on ANDROID (51a5b69d350864e9562a2470b487b139)] -> xpath: .//word], [[AndroidDriver: chrome on ANDROID (51a5b69d350864e9562a2470b487b139)] -> xpath: .//word], [[AndroidDriver: chrome on ANDROID (51a5b69d350864e9562a2470b487b139)] -> xpath: .//word], [[AndroidDriver: chrome on ANDROID (51a5b69d350864e9562a2470b487b139)] -> xpath: .//word], [[AndroidDriver: chrome on ANDROID (51a5b69d350864e9562a2470b487b139)] -> xpath: .//word], [[AndroidDriver: chrome on ANDROID (51a5b69d350864e9562a2470b487b139)] -> xpath: .//word], [[AndroidDriver: chrome on ANDROID (51a5b69d350864e9562a2470b487b139)] -> xpath: .//word], [[AndroidDriver: chrome on ANDROID (51a5b69d350864e9562a2470b487b139)] -> xpath: .//word], [[AndroidDriver: chrome on ANDROID (51a5b69d350864e9562a2470b487b139)] -> xpath: .//word], [[AndroidDriver: chrome on ANDROID (51a5b69d350864e9562a2470b487b139)] -> xpath: .//word], [[AndroidDriver: chrome on ANDROID (51a5b69d350864e9562a2470b487b139)] -> xpath: .//word], [[AndroidDriver: chrome on ANDROID (51a5b69d350864e9562a2470b487b139)] -> xpath: .//word], [[AndroidDriver: chrome on ANDROID (51a5b69d350864e9562a2470b487b139)] -> xpath: .//word], [[AndroidDriver: chrome on ANDROID (51a5b69d350864e9562a2470b487b139)] -> xpath: .//word], [[AndroidDriver: chrome on ANDROID (51a5b69d350864e9562a2470b487b139)] -> xpath: .//word], [[AndroidDriver: chrome on ANDROID (51a5b69d350864e9562a2470b487b139)] -> xpath: .//word], [[AndroidDriver: chrome on ANDROID (51a5b69d350864e9562a2470b487b139)] -> xpath: .//word], [[AndroidDriver: chrome on ANDROID (51a5b69d350864e9562a2470b487b139)] -> xpath: .//word], [[AndroidDriver: chrome on ANDROID (51a5b69d350864e9562a2470b487b139)] -> xpath: .//word], [[AndroidDriver: chrome on ANDROID (51a5b69d350864e9562a2470b487b139)] -> xpath: .//word], [[AndroidDriver: chrome on ANDROID (51a5b69d350864e9562a2470b487b139)] -> xpath: .//word], [[AndroidDriver: chrome on ANDROID (51a5b69d350864e9562a2470b487b139)] -> xpath: .//word], [[AndroidDriver: chrome on ANDROID (51a5b69d350864e9562a2470b487b139)] -> xpath: .//word], [[AndroidDriver: chrome on ANDROID (51a5b69d350864e9562a2470b487b139)] -> xpath: .//word], [[AndroidDriver: chrome on ANDROID (51a5b69d350864e9562a2470b487b139)] -> xpath: .//word], [[AndroidDriver: chrome on ANDROID (51a5b69d350864e9562a2470b487b139)] -> xpath: .//word], [[AndroidDriver: chrome on ANDROID (51a5b69d350864e9562a2470b487b139)] -> xpath: .//word], [[AndroidDriver: chrome on ANDROID (51a5b69d350864e9562a2470b487b139)] -> xpath: .//word], [[AndroidDriver: chrome on ANDROID (51a5b69d350864e9562a2470b487b139)] -> xpath: .//word], [[AndroidDriver: chrome on ANDROID (51a5b69d350864e9562a2470b487b139)] -> xpath: .//word], [[AndroidDriver: chrome on ANDROID (51a5b69d350864e9562a2470b487b139)] -> xpath: .//word], [[AndroidDriver: chrome on ANDROID (51a5b69d350864e9562a2470b487b139)] -> xpath: .//word], [[AndroidDriver: chrome on ANDROID (51a5b69d350864e9562a2470b487b139)] -> xpath: .//word], [[AndroidDriver: chrome on ANDROID (51a5b69d350864e9562a2470b487b139)] -> xpath: .//word], [[AndroidDriver: chrome on ANDROID (51a5b69d350864e9562a2470b487b139)] -> xpath: .//word], [[AndroidDriver: chrome on ANDROID (51a5b69d350864e9562a2470b487b139)] -> xpath: .//word], [[AndroidDriver: chrome on ANDROID (51a5b69d350864e9562a2470b487b139)] -> xpath: .//word], [[AndroidDriver: chrome on ANDROID (51a5b69d350864e9562a2470b487b139)] -> xpath: .//word], [[AndroidDriver: chrome on ANDROID (51a5b69d350864e9562a2470b487b139)] -> xpath: .//word], [[AndroidDriver: chrome on ANDROID (51a5b69d350864e9562a2470b487b139)] -> xpath: .//word], [[AndroidDriver: chrome on ANDROID (51a5b69d350864e9562a2470b487b139)] -> xpath: .//word], [[AndroidDriver: chrome on ANDROID (51a5b69d350864e9562a2470b487b139)] -> xpath: .//word], [[AndroidDriver: chrome on ANDROID (51a5b69d350864e9562a2470b487b139)] -> xpath: .//word], [[AndroidDriver: chrome on ANDROID (51a5b69d350864e9562a2470b487b139)] -> xpath: .//word], [[AndroidDriver: chrome on ANDROID (51a5b69d350864e9562a2470b487b139)] -> xpath: .//word], [[AndroidDriver: chrome on ANDROID (51a5b69d350864e9562a2470b487b139)] -> xpath: .//word], [[AndroidDriver: chrome on ANDROID (51a5b69d350864e9562a2470b487b139)] -> xpath: .//word], [[AndroidDriver: chrome on ANDROID (51a5b69d350864e9562a2470b487b139)] -> xpath: .//word], [[AndroidDriver: chrome on ANDROID (51a5b69d350864e9562a2470b487b139)] -> xpath: .//word], [[AndroidDriver: chrome on ANDROID (51a5b69d350864e9562a2470b487b139)] -> xpath: .//word], [[AndroidDriver: chrome on ANDROID (51a5b69d350864e9562a2470b487b139)] -> xpath: .//word], [[AndroidDriver: chrome on ANDROID (51a5b69d350864e9562a2470b487b139)] -> xpath: .//word], [[AndroidDriver: chrome on ANDROID (51a5b69d350864e9562a2470b487b139)] -> xpath: .//word], [[AndroidDriver: chrome on ANDROID (51a5b69d350864e9562a2470b487b139)] -> xpath: .//word], [[AndroidDriver: chrome on ANDROID (51a5b69d350864e9562a2470b487b139)] -> xpath: .//word], [[AndroidDriver: chrome on ANDROID (51a5b69d350864e9562a2470b487b139)] -> xpath: .//word], [[AndroidDriver: chrome on ANDROID (51a5b69d350864e9562a2470b487b139)] -> xpath: .//word], [[AndroidDriver: chrome on ANDROID (51a5b69d350864e9562a2470b487b139)] -> xpath: .//word], [[AndroidDriver: chrome on ANDROID (51a5b69d350864e9562a2470b487b139)] -> xpath: .//word], [[AndroidDriver: chrome on ANDROID (51a5b69d350864e9562a2470b487b139)] -> xpath: .//word], [[AndroidDriver: chrome on ANDROID (51a5b69d350864e9562a2470b487b139)] -> xpath: .//word], [[AndroidDriver: chrome on ANDROID (51a5b69d350864e9562a2470b487b139)] -> xpath: .//word], [[AndroidDriver: chrome on ANDROID (51a5b69d350864e9562a2470b487b139)] -> xpath: .//word], [[AndroidDriver: chrome on ANDROID (51a5b69d350864e9562a2470b487b139)] -> xpath: .//word], [[AndroidDriver: chrome on ANDROID (51a5b69d350864e9562a2470b487b139)] -> xpath: .//word], [[AndroidDriver: chrome on ANDROID (51a5b69d350864e9562a2470b487b139)] -> xpath: .//word], [[AndroidDriver: chrome on ANDROID (51a5b69d350864e9562a2470b487b139)] -> xpath: .//word], [[AndroidDriver: chrome on ANDROID (51a5b69d350864e9562a2470b487b139)] -> xpath: .//word], [[AndroidDriver: chrome on ANDROID (51a5b69d350864e9562a2470b487b139)] -> xpath: .//word], [[AndroidDriver: chrome on ANDROID (51a5b69d350864e9562a2470b487b139)] -> xpath: .//word], [[AndroidDriver: chrome on ANDROID (51a5b69d350864e9562a2470b487b139)] -> xpath: .//word], [[AndroidDriver: chrome on ANDROID (51a5b69d350864e9562a2470b487b139)] -> xpath: .//word], [[AndroidDriver: chrome on ANDROID (51a5b69d350864e9562a2470b487b139)] -> xpath: .//word], [[AndroidDriver: chrome on ANDROID (51a5b69d350864e9562a2470b487b139)] -> xpath: .//word], [[AndroidDriver: chrome on ANDROID (51a5b69d350864e9562a2470b487b139)] -> xpath: .//word], [[AndroidDriver: chrome on ANDROID (51a5b69d350864e9562a2470b487b139)] -> xpath: .//word], [[AndroidDriver: chrome on ANDROID (51a5b69d350864e9562a2470b487b139)] -> xpath: .//word], [[AndroidDriver: chrome on ANDROID (51a5b69d350864e9562a2470b487b139)] -> xpath: .//word], [[AndroidDriver: chrome on ANDROID (51a5b69d350864e9562a2470b487b139)] -> xpath: .//word], [[AndroidDriver: chrome on ANDROID (51a5b69d350864e9562a2470b487b139)] -> xpath: .//word], [[AndroidDriver: chrome on ANDROID (51a5b69d350864e9562a2470b487b139)] -> xpath: .//word], [[AndroidDriver: chrome on ANDROID (51a5b69d350864e9562a2470b487b139)] -> xpath: .//word], [[AndroidDriver: chrome on ANDROID (51a5b69d350864e9562a2470b487b139)] -> xpath: .//word], [[AndroidDriver: chrome on ANDROID (51a5b69d350864e9562a2470b487b139)] -> xpath: .//word], [[AndroidDriver: chrome on ANDROID (51a5b69d350864e9562a2470b487b139)] -> xpath: .//word], [[AndroidDriver: chrome on ANDROID (51a5b69d350864e9562a2470b487b139)] -> xpath: .//word], [[AndroidDriver: chrome on ANDROID (51a5b69d350864e9562a2470b487b139)] -> xpath: .//word], [[AndroidDriver: chrome on ANDROID (51a5b69d350864e9562a2470b487b139)] -> xpath: .//word], [[AndroidDriver: chrome on ANDROID (51a5b69d350864e9562a2470b487b139)] -> xpath: .//word], [[AndroidDriver: chrome on ANDROID (51a5b69d350864e9562a2470b487b139)] -> xpath: .//word], [[AndroidDriver: chrome on ANDROID (51a5b69d350864e9562a2470b487b139)] -> xpath: .//word], [[AndroidDriver: chrome on ANDROID (51a5b69d350864e9562a2470b487b139)] -> xpath: .//word], [[AndroidDriver: chrome on ANDROID (51a5b69d350864e9562a2470b487b139)] -> xpath: .//word], [[AndroidDriver: chrome on ANDROID (51a5b69d350864e9562a2470b487b139)] -> xpath: .//word], [[AndroidDriver: chrome on ANDROID (51a5b69d350864e9562a2470b487b139)] -> xpath: .//word], [[AndroidDriver: chrome on ANDROID (51a5b69d350864e9562a2470b487b139)] -> xpath: .//word], [[AndroidDriver: chrome on ANDROID (51a5b69d350864e9562a2470b487b139)] -> xpath: .//word], [[AndroidDriver: chrome on ANDROID (51a5b69d350864e9562a2470b487b139)] -> xpath: .//word], [[AndroidDriver: chrome on ANDROID (51a5b69d350864e9562a2470b487b139)] -> xpath: .//word], [[AndroidDriver: chrome on ANDROID (51a5b69d350864e9562a2470b487b139)] -> xpath: .//word], [[AndroidDriver: chrome on ANDROID (51a5b69d350864e9562a2470b487b139)] -> xpath: .//word], [[AndroidDriver: chrome on ANDROID (51a5b69d350864e9562a2470b487b139)] -> xpath: .//word], [[AndroidDriver: chrome on ANDROID (51a5b69d350864e9562a2470b487b139)] -> xpath: .//word], [[AndroidDriver: chrome on ANDROID (51a5b69d350864e9562a2470b487b139)] -> xpath: .//word], [[AndroidDriver: chrome on ANDROID (51a5b69d350864e9562a2470b487b139)] -> xpath: .//word], [[AndroidDriver: chrome on ANDROID (51a5b69d350864e9562a2470b487b139)] -> xpath: .//word], [[AndroidDriver: chrome on ANDROID (51a5b69d350864e9562a2470b487b139)] -> xpath: .//word], [[AndroidDriver: chrome on ANDROID (51a5b69d350864e9562a2470b487b139)] -> xpath: .//word], [[AndroidDriver: chrome on ANDROID (51a5b69d350864e9562a2470b487b139)] -> xpath: .//word], [[AndroidDriver: chrome on ANDROID (51a5b69d350864e9562a2470b487b139)] -> xpath: .//word], [[AndroidDriver: chrome on ANDROID (51a5b69d350864e9562a2470b487b139)] -> xpath: .//word], [[AndroidDriver: chrome on ANDROID (51a5b69d350864e9562a2470b487b139)] -> xpath: .//word], [[AndroidDriver: chrome on ANDROID (51a5b69d350864e9562a2470b487b139)] -> xpath: .//word], [[AndroidDriver: chrome on ANDROID (51a5b69d350864e9562a2470b487b139)] -> xpath: .//word], [[AndroidDriver: chrome on ANDROID (51a5b69d350864e9562a2470b487b139)] -> xpath: .//word], [[AndroidDriver: chrome on ANDROID (51a5b69d350864e9562a2470b487b139)] -> xpath: .//word], [[AndroidDriver: chrome on ANDROID (51a5b69d350864e9562a2470b487b139)] -> xpath: .//word], [[AndroidDriver: chrome on ANDROID (51a5b69d350864e9562a2470b487b139)] -> xpath: .//word], [[AndroidDriver: chrome on ANDROID (51a5b69d350864e9562a2470b487b139)] -> xpath: .//word], [[AndroidDriver: chrome on ANDROID (51a5b69d350864e9562a2470b487b139)] -> xpath: .//word], [[AndroidDriver: chrome on ANDROID (51a5b69d350864e9562a2470b487b139)] -> xpath: .//word], [[AndroidDriver: chrome on ANDROID (51a5b69d350864e9562a2470b487b139)] -> xpath: .//word], [[AndroidDriver: chrome on ANDROID (51a5b69d350864e9562a2470b487b139)] -> xpath: .//word], [[AndroidDriver: chrome on ANDROID (51a5b69d350864e9562a2470b487b139)] -> xpath: .//word], [[AndroidDriver: chrome on ANDROID (51a5b69d350864e9562a2470b487b139)] -> xpath: .//word], [[AndroidDriver: chrome on ANDROID (51a5b69d350864e9562a2470b487b139)] -> xpath: .//word], [[AndroidDriver: chrome on ANDROID (51a5b69d350864e9562a2470b487b139)] -> xpath: .//word], [[AndroidDriver: chrome on ANDROID (51a5b69d350864e9562a2470b487b139)] -> xpath: .//word], [[AndroidDriver: chrome on ANDROID (51a5b69d350864e9562a2470b487b139)] -> xpath: .//word], [[AndroidDriver: chrome on ANDROID (51a5b69d350864e9562a2470b487b139)] -> xpath: .//word], [[AndroidDriver: chrome on ANDROID (51a5b69d350864e9562a2470b487b139)] -> xpath: .//word], [[AndroidDriver: chrome on ANDROID (51a5b69d350864e9562a2470b487b139)] -> xpath: .//word], [[AndroidDriver: chrome on ANDROID (51a5b69d350864e9562a2470b487b139)] -> xpath: .//word], [[AndroidDriver: chrome on ANDROID (51a5b69d350864e9562a2470b487b139)] -> xpath: .//word], [[AndroidDriver: chrome on ANDROID (51a5b69d350864e9562a2470b487b139)] -> xpath: .//word], [[AndroidDriver: chrome on ANDROID (51a5b69d350864e9562a2470b487b139)] -> xpath: .//word], [[AndroidDriver: chrome on ANDROID (51a5b69d350864e9562a2470b487b139)] -> xpath: .//word], [[AndroidDriver: chrome on ANDROID (51a5b69d350864e9562a2470b487b139)] -> xpath: .//word], [[AndroidDriver: chrome on ANDROID (51a5b69d350864e9562a2470b487b139)] -> xpath: .//word], [[AndroidDriver: chrome on ANDROID (51a5b69d350864e9562a2470b487b139)] -> xpath: .//word], [[AndroidDriver: chrome on ANDROID (51a5b69d350864e9562a2470b487b139)] -> xpath: .//word], [[AndroidDriver: chrome on ANDROID (51a5b69d350864e9562a2470b487b139)] -> xpath: .//word], [[AndroidDriver: chrome on ANDROID (51a5b69d350864e9562a2470b487b139)] -> xpath: .//word], [[AndroidDriver: chrome on ANDROID (51a5b69d350864e9562a2470b487b139)] -> xpath: .//word], [[AndroidDriver: chrome on ANDROID (51a5b69d350864e9562a2470b487b139)] -> xpath: .//word], [[AndroidDriver: chrome on ANDROID (51a5b69d350864e9562a2470b487b139)] -> xpath: .//word], [[AndroidDriver: chrome on ANDROID (51a5b69d350864e9562a2470b487b139)] -> xpath: .//word], [[AndroidDriver: chrome on ANDROID (51a5b69d350864e9562a2470b487b139)] -> xpath: .//word], [[AndroidDriver: chrome on ANDROID (51a5b69d350864e9562a2470b487b139)] -> xpath: .//word], [[AndroidDriver: chrome on ANDROID (51a5b69d350864e9562a2470b487b139)] -> xpath: .//word], [[AndroidDriver: chrome on ANDROID (51a5b69d350864e9562a2470b487b139)] -> xpath: .//word], [[AndroidDriver: chrome on ANDROID (51a5b69d350864e9562a2470b487b139)] -> xpath: .//word], [[AndroidDriver: chrome on ANDROID (51a5b69d350864e9562a2470b487b139)] -> xpath: .//word], [[AndroidDriver: chrome on ANDROID (51a5b69d350864e9562a2470b487b139)] -> xpath: .//word], [[AndroidDriver: chrome on ANDROID (51a5b69d350864e9562a2470b487b139)] -> xpath: .//word], [[AndroidDriver: chrome on ANDROID (51a5b69d350864e9562a2470b487b139)] -> xpath: .//word], [[AndroidDriver: chrome on ANDROID (51a5b69d350864e9562a2470b487b139)] -> xpath: .//word], [[AndroidDriver: chrome on ANDROID (51a5b69d350864e9562a2470b487b139)] -> xpath: .//word], [[AndroidDriver: chrome on ANDROID (51a5b69d350864e9562a2470b487b139)] -> xpath: .//word], [[AndroidDriver: chrome on ANDROID (51a5b69d350864e9562a2470b487b139)] -> xpath: .//word], [[AndroidDriver: chrome on ANDROID (51a5b69d350864e9562a2470b487b139)] -> xpath: .//word], [[AndroidDriver: chrome on ANDROID (51a5b69d350864e9562a2470b487b139)] -> xpath: .//word], [[AndroidDriver: chrome on ANDROID (51a5b69d350864e9562a2470b487b139)] -> xpath: .//word], [[AndroidDriver: chrome on ANDROID (51a5b69d350864e9562a2470b487b139)] -> xpath: .//word], [[AndroidDriver: chrome on ANDROID (51a5b69d350864e9562a2470b487b139)] -> xpath: .//word], [[AndroidDriver: chrome on ANDROID (51a5b69d350864e9562a2470b487b139)] -> xpath: .//word], [[AndroidDriver: chrome on ANDROID (51a5b69d350864e9562a2470b487b139)] -> xpath: .//word], [[AndroidDriver: chrome on ANDROID (51a5b69d350864e9562a2470b487b139)] -> xpath: .//word], [[AndroidDriver: chrome on ANDROID (51a5b69d350864e9562a2470b487b139)] -> xpath: .//word], [[AndroidDriver: chrome on ANDROID (51a5b69d350864e9562a2470b487b139)] -> xpath: .//word], [[AndroidDriver: chrome on ANDROID (51a5b69d350864e9562a2470b487b139)] -> xpath: .//word], [[AndroidDriver: chrome on ANDROID (51a5b69d350864e9562a2470b487b139)] -> xpath: .//word], [[AndroidDriver: chrome on ANDROID (51a5b69d350864e9562a2470b487b139)] -> xpath: .//word], [[AndroidDriver: chrome on ANDROID (51a5b69d350864e9562a2470b487b139)] -> xpath: .//word], [[AndroidDriver: chrome on ANDROID (51a5b69d350864e9562a2470b487b139)] -> xpath: .//word], [[AndroidDriver: chrome on ANDROID (51a5b69d350864e9562a2470b487b139)] -> xpath: .//word], [[AndroidDriver: chrome on ANDROID (51a5b69d350864e9562a2470b487b139)] -> xpath: .//word], [[AndroidDriver: chrome on ANDROID (51a5b69d350864e9562a2470b487b139)] -> xpath: .//word], [[AndroidDriver: chrome on ANDROID (51a5b69d350864e9562a2470b487b139)] -> xpath: .//word], [[AndroidDriver: chrome on ANDROID (51a5b69d350864e9562a2470b487b139)] -> xpath: .//word], [[AndroidDriver: chrome on ANDROID (51a5b69d350864e9562a2470b487b139)] -> xpath: .//word], [[AndroidDriver: chrome on ANDROID (51a5b69d350864e9562a2470b487b139)] -> xpath: .//word], [[AndroidDriver: chrome on ANDROID (51a5b69d350864e9562a2470b487b139)] -> xpath: .//word], [[AndroidDriver: chrome on ANDROID (51a5b69d350864e9562a2470b487b139)] -> xpath: .//word], [[AndroidDriver: chrome on ANDROID (51a5b69d350864e9562a2470b487b139)] -> xpath: .//word], [[AndroidDriver: chrome on ANDROID (51a5b69d350864e9562a2470b487b139)] -> xpath: .//word], [[AndroidDriver: chrome on ANDROID (51a5b69d350864e9562a2470b487b139)] -> xpath: .//word], [[AndroidDriver: chrome on ANDROID (51a5b69d350864e9562a2470b487b139)] -> xpath: .//word], [[AndroidDriver: chrome on ANDROID (51a5b69d350864e9562a2470b487b139)] -> xpath: .//word], [[AndroidDriver: chrome on ANDROID (51a5b69d350864e9562a2470b487b139)] -> xpath: .//word], [[AndroidDriver: chrome on ANDROID (51a5b69d350864e9562a2470b487b139)] -> xpath: .//word], [[AndroidDriver: chrome on ANDROID (51a5b69d350864e9562a2470b487b139)] -> xpath: .//word], [[AndroidDriver: chrome on ANDROID (51a5b69d350864e9562a2470b487b139)] -> xpath: .//word], [[AndroidDriver: chrome on ANDROID (51a5b69d350864e9562a2470b487b139)] -> xpath: .//word], [[AndroidDriver: chrome on ANDROID (51a5b69d350864e9562a2470b487b139)] -> xpath: .//word], [[AndroidDriver: chrome on ANDROID (51a5b69d350864e9562a2470b487b139)] -> xpath: .//word], [[AndroidDriver: chrome on ANDROID (51a5b69d350864e9562a2470b487b139)] -> xpath: .//word], [[AndroidDriver: chrome on ANDROID (51a5b69d350864e9562a2470b487b139)] -> xpath: .//word], [[AndroidDriver: chrome on ANDROID (51a5b69d350864e9562a2470b487b139)] -> xpath: .//word], [[AndroidDriver: chrome on ANDROID (51a5b69d350864e9562a2470b487b139)] -> xpath: .//word], [[AndroidDriver: chrome on ANDROID (51a5b69d350864e9562a2470b487b139)] -> xpath: .//word], [[AndroidDriver: chrome on ANDROID (51a5b69d350864e9562a2470b487b139)] -> xpath: .//word], [[AndroidDriver: chrome on ANDROID (51a5b69d350864e9562a2470b487b139)] -> xpath: .//word], [[AndroidDriver: chrome on ANDROID (51a5b69d350864e9562a2470b487b139)] -> xpath: .//word], [[AndroidDriver: chrome on ANDROID (51a5b69d350864e9562a2470b487b139)] -> xpath: .//word], [[AndroidDriver: chrome on ANDROID (51a5b69d350864e9562a2470b487b139)] -> xpath: .//word], [[AndroidDriver: chrome on ANDROID (51a5b69d350864e9562a2470b487b139)] -> xpath: .//word], [[AndroidDriver: chrome on ANDROID (51a5b69d350864e9562a2470b487b139)] -> xpath: .//word], [[AndroidDriver: chrome on ANDROID (51a5b69d350864e9562a2470b487b139)] -> xpath: .//word], [[AndroidDriver: chrome on ANDROID (51a5b69d350864e9562a2470b487b139)] -> xpath: .//word], [[AndroidDriver: chrome on ANDROID (51a5b69d350864e9562a2470b487b139)] -> xpath: .//word], [[AndroidDriver: chrome on ANDROID (51a5b69d350864e9562a2470b487b139)] -> xpath: .//word], [[AndroidDriver: chrome on ANDROID (51a5b69d350864e9562a2470b487b139)] -> xpath: .//word], [[AndroidDriver: chrome on ANDROID (51a5b69d350864e9562a2470b487b139)] -> xpath: .//word], [[AndroidDriver: chrome on ANDROID (51a5b69d350864e9562a2470b487b139)] -> xpath: .//word], [[AndroidDriver: chrome on ANDROID (51a5b69d350864e9562a2470b487b139)] -> xpath: .//word], [[AndroidDriver: chrome on ANDROID (51a5b69d350864e9562a2470b487b139)] -> xpath: .//word], [[AndroidDriver: chrome on ANDROID (51a5b69d350864e9562a2470b487b139)] -> xpath: .//word], [[AndroidDriver: chrome on ANDROID (51a5b69d350864e9562a2470b487b139)] -> xpath: .//word], [[AndroidDriver: chrome on ANDROID (51a5b69d350864e9562a2470b487b139)] -> xpath: .//word], [[AndroidDriver: chrome on ANDROID (51a5b69d350864e9562a2470b487b139)] -> xpath: .//word], [[AndroidDriver: chrome on ANDROID (51a5b69d350864e9562a2470b487b139)] -> xpath: .//word], [[AndroidDriver: chrome on ANDROID (51a5b69d350864e9562a2470b487b139)] -> xpath: .//word], [[AndroidDriver: chrome on ANDROID (51a5b69d350864e9562a2470b487b139)] -> xpath: .//word], [[AndroidDriver: chrome on ANDROID (51a5b69d350864e9562a2470b487b139)] -> xpath: .//word], [[AndroidDriver: chrome on ANDROID (51a5b69d350864e9562a2470b487b139)] -> xpath: .//word], [[AndroidDriver: chrome on ANDROID (51a5b69d350864e9562a2470b487b139)] -> xpath: .//word], [[AndroidDriver: chrome on ANDROID (51a5b69d350864e9562a2470b487b139)] -> xpath: .//word], [[AndroidDriver: chrome on ANDROID (51a5b69d350864e9562a2470b487b139)] -> xpath: .//word], [[AndroidDriver: chrome on ANDROID (51a5b69d350864e9562a2470b487b139)] -> xpath: .//word], [[AndroidDriver: chrome on ANDROID (51a5b69d350864e9562a2470b487b139)] -> xpath: .//word], [[AndroidDriver: chrome on ANDROID (51a5b69d350864e9562a2470b487b139)] -> xpath: .//word], [[AndroidDriver: chrome on ANDROID (51a5b69d350864e9562a2470b487b139)] -> xpath: .//word], [[AndroidDriver: chrome on ANDROID (51a5b69d350864e9562a2470b487b139)] -> xpath: .//word], [[AndroidDriver: chrome on ANDROID (51a5b69d350864e9562a2470b487b139)] -> xpath: .//word], [[AndroidDriver: chrome on ANDROID (51a5b69d350864e9562a2470b487b139)] -> xpath: .//word], [[AndroidDriver: chrome on ANDROID (51a5b69d350864e9562a2470b487b139)] -> xpath: .//word], [[AndroidDriver: chrome on ANDROID (51a5b69d350864e9562a2470b487b139)] -> xpath: .//word], [[AndroidDriver: chrome on ANDROID (51a5b69d350864e9562a2470b487b139)] -> xpath: .//word], [[AndroidDriver: chrome on ANDROID (51a5b69d350864e9562a2470b487b139)] -> xpath: .//word], [[AndroidDriver: chrome on ANDROID (51a5b69d350864e9562a2470b487b139)] -> xpath: .//word], [[AndroidDriver: chrome on ANDROID (51a5b69d350864e9562a2470b487b139)] -> xpath: .//word], [[AndroidDriver: chrome on ANDROID (51a5b69d350864e9562a2470b487b139)] -> xpath: .//word], [[AndroidDriver: chrome on ANDROID (51a5b69d350864e9562a2470b487b139)] -> xpath: .//word], [[AndroidDriver: chrome on ANDROID (51a5b69d350864e9562a2470b487b139)] -> xpath: .//word], [[AndroidDriver: chrome on ANDROID (51a5b69d350864e9562a2470b487b139)] -> xpath: .//word], [[AndroidDriver: chrome on ANDROID (51a5b69d350864e9562a2470b487b139)] -> xpath: .//word], [[AndroidDriver: chrome on ANDROID (51a5b69d350864e9562a2470b487b139)] -> xpath: .//word], [[AndroidDriver: chrome on ANDROID (51a5b69d350864e9562a2470b487b139)] -> xpath: .//word], [[AndroidDriver: chrome on ANDROID (51a5b69d350864e9562a2470b487b139)] -> xpath: .//word], [[AndroidDriver: chrome on ANDROID (51a5b69d350864e9562a2470b487b139)] -> xpath: .//word], [[AndroidDriver: chrome on ANDROID (51a5b69d350864e9562a2470b487b139)] -> xpath: .//word], [[AndroidDriver: chrome on ANDROID (51a5b69d350864e9562a2470b487b139)] -> xpath: .//word], [[AndroidDriver: chrome on ANDROID (51a5b69d350864e9562a2470b487b139)] -> xpath: .//word], [[AndroidDriver: chrome on ANDROID (51a5b69d350864e9562a2470b487b139)] -> xpath: .//word], [[AndroidDriver: chrome on ANDROID (51a5b69d350864e9562a2470b487b139)] -> xpath: .//word], [[AndroidDriver: chrome on ANDROID (51a5b69d350864e9562a2470b487b139)] -> xpath: .//word], [[AndroidDriver: chrome on ANDROID (51a5b69d350864e9562a2470b487b139)] -> xpath: .//word], [[AndroidDriver: chrome on ANDROID (51a5b69d350864e9562a2470b487b139)] -> xpath: .//word], [[AndroidDriver: chrome on ANDROID (51a5b69d350864e9562a2470b487b139)] -> xpath: .//word], [[AndroidDriver: chrome on ANDROID (51a5b69d350864e9562a2470b487b139)] -> xpath: .//word], [[AndroidDriver: chrome on ANDROID (51a5b69d350864e9562a2470b487b139)] -> xpath: .//word], [[AndroidDriver: chrome on ANDROID (51a5b69d350864e9562a2470b487b139)] -> xpath: .//word], [[AndroidDriver: chrome on ANDROID (51a5b69d350864e9562a2470b487b139)] -> xpath: .//word], [[AndroidDriver: chrome on ANDROID (51a5b69d350864e9562a2470b487b139)] -> xpath: .//word], [[AndroidDriver: chrome on ANDROID (51a5b69d350864e9562a2470b487b139)] -> xpath: .//word], [[AndroidDriver: chrome on ANDROID (51a5b69d350864e9562a2470b487b139)] -> xpath: .//word], [[AndroidDriver: chrome on ANDROID (51a5b69d350864e9562a2470b487b139)] -> xpath: .//word], [[AndroidDriver: chrome on ANDROID (51a5b69d350864e9562a2470b487b139)] -> xpath: .//word], [[AndroidDriver: chrome on ANDROID (51a5b69d350864e9562a2470b487b139)] -> xpath: .//word], [[AndroidDriver: chrome on ANDROID (51a5b69d350864e9562a2470b487b139)] -> xpath: .//word], [[AndroidDriver: chrome on ANDROID (51a5b69d350864e9562a2470b487b139)] -> xpath: .//word], [[AndroidDriver: chrome on ANDROID (51a5b69d350864e9562a2470b487b139)] -> xpath: .//word], [[AndroidDriver: chrome on ANDROID (51a5b69d350864e9562a2470b487b139)] -> xpath: .//word], [[AndroidDriver: chrome on ANDROID (51a5b69d350864e9562a2470b487b139)] -> xpath: .//word], [[AndroidDriver: chrome on ANDROID (51a5b69d350864e9562a2470b487b139)] -> xpath: .//word], [[AndroidDriver: chrome on ANDROID (51a5b69d350864e9562a2470b487b139)] -> xpath: .//word], [[AndroidDriver: chrome on ANDROID (51a5b69d350864e9562a2470b487b139)] -> xpath: .//word], [[AndroidDriver: chrome on ANDROID (51a5b69d350864e9562a2470b487b139)] -> xpath: .//word], [[AndroidDriver: chrome on ANDROID (51a5b69d350864e9562a2470b487b139)] -> xpath: .//word], [[AndroidDriver: chrome on ANDROID (51a5b69d350864e9562a2470b487b139)] -> xpath: .//word], [[AndroidDriver: chrome on ANDROID (51a5b69d350864e9562a2470b487b139)] -> xpath: .//word], [[AndroidDriver: chrome on ANDROID (51a5b69d350864e9562a2470b487b139)] -> xpath: .//word], [[AndroidDriver: chrome on ANDROID (51a5b69d350864e9562a2470b487b139)] -> xpath: .//word], [[AndroidDriver: chrome on ANDROID (51a5b69d350864e9562a2470b487b139)] -> xpath: .//word], [[AndroidDriver: chrome on ANDROID (51a5b69d350864e9562a2470b487b139)] -> xpath: .//word], [[AndroidDriver: chrome on ANDROID (51a5b69d350864e9562a2470b487b139)] -> xpath: .//word], [[AndroidDriver: chrome on ANDROID (51a5b69d350864e9562a2470b487b139)] -> xpath: .//word], [[AndroidDriver: chrome on ANDROID (51a5b69d350864e9562a2470b487b139)] -> xpath: .//word], [[AndroidDriver: chrome on ANDROID (51a5b69d350864e9562a2470b487b139)] -> xpath: .//word], [[AndroidDriver: chrome on ANDROID (51a5b69d350864e9562a2470b487b139)] -> xpath: .//word], [[AndroidDriver: chrome on ANDROID (51a5b69d350864e9562a2470b487b139)] -> xpath: .//word], [[AndroidDriver: chrome on ANDROID (51a5b69d350864e9562a2470b487b139)] -> xpath: .//word], [[AndroidDriver: chrome on ANDROID (51a5b69d350864e9562a2470b487b139)] -> xpath: .//word], [[AndroidDriver: chrome on ANDROID (51a5b69d350864e9562a2470b487b139)] -> xpath: .//word], [[AndroidDriver: chrome on ANDROID (51a5b69d350864e9562a2470b487b139)] -> xpath: .//word], [[AndroidDriver: chrome on ANDROID (51a5b69d350864e9562a2470b487b139)] -> xpath: .//word], [[AndroidDriver: chrome on ANDROID (51a5b69d350864e9562a2470b487b139)] -> xpath: .//word], [[AndroidDriver: chrome on ANDROID (51a5b69d350864e9562a2470b487b139)] -> xpath: .//word], [[AndroidDriver: chrome on ANDROID (51a5b69d350864e9562a2470b487b139)] -> xpath: .//word], [[AndroidDriver: chrome on ANDROID (51a5b69d350864e9562a2470b487b139)] -> xpath: .//word], [[AndroidDriver: chrome on ANDROID (51a5b69d350864e9562a2470b487b139)] -> xpath: .//word], [[AndroidDriver: chrome on ANDROID (51a5b69d350864e9562a2470b487b139)] -> xpath: .//word], [[AndroidDriver: chrome on ANDROID (51a5b69d350864e9562a2470b487b139)] -> xpath: .//word], [[AndroidDriver: chrome on ANDROID (51a5b69d350864e9562a2470b487b139)] -> xpath: .//word], [[AndroidDriver: chrome on ANDROID (51a5b69d350864e9562a2470b487b139)] -> xpath: .//word], [[AndroidDriver: chrome on ANDROID (51a5b69d350864e9562a2470b487b139)] -> xpath: .//word], [[AndroidDriver: chrome on ANDROID (51a5b69d350864e9562a2470b487b139)] -> xpath: .//word], [[AndroidDriver: chrome on ANDROID (51a5b69d350864e9562a2470b487b139)] -> xpath: .//word], [[AndroidDriver: chrome on ANDROID (51a5b69d350864e9562a2470b487b139)] -> xpath: .//word], [[AndroidDriver: chrome on ANDROID (51a5b69d350864e9562a2470b487b139)] -> xpath: .//word], [[AndroidDriver: chrome on ANDROID (51a5b69d350864e9562a2470b487b139)] -> xpath: .//word], [[AndroidDriver: chrome on ANDROID (51a5b69d350864e9562a2470b487b139)] -> xpath: .//word], [[AndroidDriver: chrome on ANDROID (51a5b69d350864e9562a2470b487b139)] -> xpath: .//word], [[AndroidDriver: chrome on ANDROID (51a5b69d350864e9562a2470b487b139)] -> xpath: .//word], [[AndroidDriver: chrome on ANDROID (51a5b69d350864e9562a2470b487b139)] -> xpath: .//word], [[AndroidDriver: chrome on ANDROID (51a5b69d350864e9562a2470b487b139)] -> xpath: .//word], [[AndroidDriver: chrome on ANDROID (51a5b69d350864e9562a2470b487b139)] -> xpath: .//word], [[AndroidDriver: chrome on ANDROID (51a5b69d350864e9562a2470b487b139)] -> xpath: .//word], [[AndroidDriver: chrome on ANDROID (51a5b69d350864e9562a2470b487b139)] -> xpath: .//word], [[AndroidDriver: chrome on ANDROID (51a5b69d350864e9562a2470b487b139)] -> xpath: .//word], [[AndroidDriver: chrome on ANDROID (51a5b69d350864e9562a2470b487b139)] -> xpath: .//word], [[AndroidDriver: chrome on ANDROID (51a5b69d350864e9562a2470b487b139)] -> xpath: .//word], [[AndroidDriver: chrome on ANDROID (51a5b69d350864e9562a2470b487b139)] -> xpath: .//word], [[AndroidDriver: chrome on ANDROID (51a5b69d350864e9562a2470b487b139)] -> xpath: .//word], [[AndroidDriver: chrome on ANDROID (51a5b69d350864e9562a2470b487b139)] -> xpath: .//word], [[AndroidDriver: chrome on ANDROID (51a5b69d350864e9562a2470b487b139)] -> xpath: .//word], [[AndroidDriver: chrome on ANDROID (51a5b69d350864e9562a2470b487b139)] -> xpath: .//word], [[AndroidDriver: chrome on ANDROID (51a5b69d350864e9562a2470b487b139)] -> xpath: .//word], [[AndroidDriver: chrome on ANDROID (51a5b69d350864e9562a2470b487b139)] -> xpath: .//word], [[AndroidDriver: chrome on ANDROID (51a5b69d350864e9562a2470b487b139)] -> xpath: .//word], [[AndroidDriver: chrome on ANDROID (51a5b69d350864e9562a2470b487b139)] -> xpath: .//word], [[AndroidDriver: chrome on ANDROID (51a5b69d350864e9562a2470b487b139)] -> xpath: .//word], [[AndroidDriver: chrome on ANDROID (51a5b69d350864e9562a2470b487b139)] -> xpath: .//word], [[AndroidDriver: chrome on ANDROID (51a5b69d350864e9562a2470b487b139)] -> xpath: .//word], [[AndroidDriver: chrome on ANDROID (51a5b69d350864e9562a2470b487b139)] -> xpath: .//word], [[AndroidDriver: chrome on ANDROID (51a5b69d350864e9562a2470b487b139)] -> xpath: .//word], [[AndroidDriver: chrome on ANDROID (51a5b69d350864e9562a2470b487b139)] -> xpath: .//word], [[AndroidDriver: chrome on ANDROID (51a5b69d350864e9562a2470b487b139)] -> xpath: .//word], [[AndroidDriver: chrome on ANDROID (51a5b69d350864e9562a2470b487b139)] -> xpath: .//word], [[AndroidDriver: chrome on ANDROID (51a5b69d350864e9562a2470b487b139)] -> xpath: .//word], [[AndroidDriver: chrome on ANDROID (51a5b69d350864e9562a2470b487b139)] -> xpath: .//word], [[AndroidDriver: chrome on ANDROID (51a5b69d350864e9562a2470b487b139)] -> xpath: .//word], [[AndroidDriver: chrome on ANDROID (51a5b69d350864e9562a2470b487b139)] -> xpath: .//word], [[AndroidDriver: chrome on ANDROID (51a5b69d350864e9562a2470b487b139)] -> xpath: .//word], [[AndroidDriver: chrome on ANDROID (51a5b69d350864e9562a2470b487b139)] -> xpath: .//word], [[AndroidDriver: chrome on ANDROID (51a5b69d350864e9562a2470b487b139)] -> xpath: .//word], [[AndroidDriver: chrome on ANDROID (51a5b69d350864e9562a2470b487b139)] -> xpath: .//word], [[AndroidDriver: chrome on ANDROID (51a5b69d350864e9562a2470b487b139)] -> xpath: .//word], [[AndroidDriver: chrome on ANDROID (51a5b69d350864e9562a2470b487b139)] -> xpath: .//word], [[AndroidDriver: chrome on ANDROID (51a5b69d350864e9562a2470b487b139)] -> xpath: .//word], [[AndroidDriver: chrome on ANDROID (51a5b69d350864e9562a2470b487b139)] -> xpath: .//word], [[AndroidDriver: chrome on ANDROID (51a5b69d350864e9562a2470b487b139)] -> xpath: .//word], [[AndroidDriver: chrome on ANDROID (51a5b69d350864e9562a2470b487b139)] -> xpath: .//word], [[AndroidDriver: chrome on ANDROID (51a5b69d350864e9562a2470b487b139)] -> xpath: .//word], [[AndroidDriver: chrome on ANDROID (51a5b69d350864e9562a2470b487b139)] -> xpath: .//word], [[AndroidDriver: chrome on ANDROID (51a5b69d350864e9562a2470b487b139)] -> xpath: .//word], [[AndroidDriver: chrome on ANDROID (51a5b69d350864e9562a2470b487b139)] -> xpath: .//word], [[AndroidDriver: chrome on ANDROID (51a5b69d350864e9562a2470b487b139)] -> xpath: .//word], [[AndroidDriver: chrome on ANDROID (51a5b69d350864e9562a2470b487b139)] -> xpath: .//word], [[AndroidDriver: chrome on ANDROID (51a5b69d350864e9562a2470b487b139)] -> xpath: .//word], [[AndroidDriver: chrome on ANDROID (51a5b69d350864e9562a2470b487b139)] -> xpath: .//word], [[AndroidDriver: chrome on ANDROID (51a5b69d350864e9562a2470b487b139)] -> xpath: .//word], [[AndroidDriver: chrome on ANDROID (51a5b69d350864e9562a2470b487b139)] -> xpath: .//word], [[AndroidDriver: chrome on ANDROID (51a5b69d350864e9562a2470b487b139)] -> xpath: .//word], [[AndroidDriver: chrome on ANDROID (51a5b69d350864e9562a2470b487b139)] -> xpath: .//word], [[AndroidDriver: chrome on ANDROID (51a5b69d350864e9562a2470b487b139)] -> xpath: .//word], [[AndroidDriver: chrome on ANDROID (51a5b69d350864e9562a2470b487b139)] -> xpath: .//word], [[AndroidDriver: chrome on ANDROID (51a5b69d350864e9562a2470b487b139)] -> xpath: .//word], [[AndroidDriver: chrome on ANDROID (51a5b69d350864e9562a2470b487b139)] -> xpath: .//word], [[AndroidDriver: chrome on ANDROID (51a5b69d350864e9562a2470b487b139)] -> xpath: .//word], [[AndroidDriver: chrome on ANDROID (51a5b69d350864e9562a2470b487b139)] -> xpath: .//word], [[AndroidDriver: chrome on ANDROID (51a5b69d350864e9562a2470b487b139)] -> xpath: .//word], [[AndroidDriver: chrome on ANDROID (51a5b69d350864e9562a2470b487b139)] -> xpath: .//word], [[AndroidDriver: chrome on ANDROID (51a5b69d350864e9562a2470b487b139)] -> xpath: .//word], [[AndroidDriver: chrome on ANDROID (51a5b69d350864e9562a2470b487b139)] -> xpath: .//word], [[AndroidDriver: chrome on ANDROID (51a5b69d350864e9562a2470b487b139)] -> xpath: .//word], [[AndroidDriver: chrome on ANDROID (51a5b69d350864e9562a2470b487b139)] -> xpath: .//word], [[AndroidDriver: chrome on ANDROID (51a5b69d350864e9562a2470b487b139)] -> xpath: .//word], [[AndroidDriver: chrome on ANDROID (51a5b69d350864e9562a2470b487b139)] -> xpath: .//word], [[AndroidDriver: chrome on ANDROID (51a5b69d350864e9562a2470b487b139)] -> xpath: .//word], [[AndroidDriver: chrome on ANDROID (51a5b69d350864e9562a2470b487b139)] -> xpath: .//word], [[AndroidDriver: chrome on ANDROID (51a5b69d350864e9562a2470b487b139)] -> xpath: .//word], [[AndroidDriver: chrome on ANDROID (51a5b69d350864e9562a2470b487b139)] -> xpath: .//word], [[AndroidDriver: chrome on ANDROID (51a5b69d350864e9562a2470b487b139)] -> xpath: .//word], [[AndroidDriver: chrome on ANDROID (51a5b69d350864e9562a2470b487b139)] -> xpath: .//word], [[AndroidDriver: chrome on ANDROID (51a5b69d350864e9562a2470b487b139)] -> xpath: .//word], [[AndroidDriver: chrome on ANDROID (51a5b69d350864e9562a2470b487b139)] -> xpath: .//word], [[AndroidDriver: chrome on ANDROID (51a5b69d350864e9562a2470b487b139)] -> xpath: .//word], [[AndroidDriver: chrome on ANDROID (51a5b69d350864e9562a2470b487b139)] -> xpath: .//word], [[AndroidDriver: chrome on ANDROID (51a5b69d350864e9562a2470b487b139)] -> xpath: .//word], [[AndroidDriver: chrome on ANDROID (51a5b69d350864e9562a2470b487b139)] -> xpath: .//word], [[AndroidDriver: chrome on ANDROID (51a5b69d350864e9562a2470b487b139)] -> xpath: .//word], [[AndroidDriver: chrome on ANDROID (51a5b69d350864e9562a2470b487b139)] -> xpath: .//word], [[AndroidDriver: chrome on ANDROID (51a5b69d350864e9562a2470b487b139)] -> xpath: .//word], [[AndroidDriver: chrome on ANDROID (51a5b69d350864e9562a2470b487b139)] -> xpath: .//word], [[AndroidDriver: chrome on ANDROID (51a5b69d350864e9562a2470b487b139)] -> xpath: .//word], [[AndroidDriver: chrome on ANDROID (51a5b69d350864e9562a2470b487b139)] -> xpath: .//word], [[AndroidDriver: chrome on ANDROID (51a5b69d350864e9562a2470b487b139)] -> xpath: .//word], [[AndroidDriver: chrome on ANDROID (51a5b69d350864e9562a2470b487b139)] -> xpath: .//word], [[AndroidDriver: chrome on ANDROID (51a5b69d350864e9562a2470b487b139)] -> xpath: .//word], [[AndroidDriver: chrome on ANDROID (51a5b69d350864e9562a2470b487b139)] -> xpath: .//word], [[AndroidDriver: chrome on ANDROID (51a5b69d350864e9562a2470b487b139)] -> xpath: .//word], [[AndroidDriver: chrome on ANDROID (51a5b69d350864e9562a2470b487b139)] -> xpath: .//word], [[AndroidDriver: chrome on ANDROID (51a5b69d350864e9562a2470b487b139)] -> xpath: .//word], [[AndroidDriver: chrome on ANDROID (51a5b69d350864e9562a2470b487b139)] -> xpath: .//word], [[AndroidDriver: chrome on ANDROID (51a5b69d350864e9562a2470b487b139)] -> xpath: .//word], [[AndroidDriver: chrome on ANDROID (51a5b69d350864e9562a2470b487b139)] -> xpath: .//word], [[AndroidDriver: chrome on ANDROID (51a5b69d350864e9562a2470b487b139)] -> xpath: .//word], [[AndroidDriver: chrome on ANDROID (51a5b69d350864e9562a2470b487b139)] -> xpath: .//word], [[AndroidDriver: chrome on ANDROID (51a5b69d350864e9562a2470b487b139)] -> xpath: .//word], [[AndroidDriver: chrome on ANDROID (51a5b69d350864e9562a2470b487b139)] -> xpath: .//word], [[AndroidDriver: chrome on ANDROID (51a5b69d350864e9562a2470b487b139)] -> xpath: .//word], [[AndroidDriver: chrome on ANDROID (51a5b69d350864e9562a2470b487b139)] -> xpath: .//word], [[AndroidDriver: chrome on ANDROID (51a5b69d350864e9562a2470b487b139)] -> xpath: .//word], [[AndroidDriver: chrome on ANDROID (51a5b69d350864e9562a2470b487b139)] -> xpath: .//word], [[AndroidDriver: chrome on ANDROID (51a5b69d350864e9562a2470b487b139)] -> xpath: .//word], [[AndroidDriver: chrome on ANDROID (51a5b69d350864e9562a2470b487b139)] -> xpath: .//word], [[AndroidDriver: chrome on ANDROID (51a5b69d350864e9562a2470b487b139)] -> xpath: .//word], [[AndroidDriver: chrome on ANDROID (51a5b69d350864e9562a2470b487b139)] -> xpath: .//word], [[AndroidDriver: chrome on ANDROID (51a5b69d350864e9562a2470b487b139)] -> xpath: .//word], [[AndroidDriver: chrome on ANDROID (51a5b69d350864e9562a2470b487b139)] -> xpath: .//word], [[AndroidDriver: chrome on ANDROID (51a5b69d350864e9562a2470b487b139)] -> xpath: .//word], [[AndroidDriver: chrome on ANDROID (51a5b69d350864e9562a2470b487b139)] -> xpath: .//word], [[AndroidDriver: chrome on ANDROID (51a5b69d350864e9562a2470b487b139)] -> xpath: .//word], [[AndroidDriver: chrome on ANDROID (51a5b69d350864e9562a2470b487b139)] -> xpath: .//word], [[AndroidDriver: chrome on ANDROID (51a5b69d350864e9562a2470b487b139)] -> xpath: .//word], [[AndroidDriver: chrome on ANDROID (51a5b69d350864e9562a2470b487b139)] -> xpath: .//word], [[AndroidDriver: chrome on ANDROID (51a5b69d350864e9562a2470b487b139)] -> xpath: .//word], [[AndroidDriver: chrome on ANDROID (51a5b69d350864e9562a2470b487b139)] -> xpath: .//word], [[AndroidDriver: chrome on ANDROID (51a5b69d350864e9562a2470b487b139)] -> xpath: .//word], [[AndroidDriver: chrome on ANDROID (51a5b69d350864e9562a2470b487b139)] -> xpath: .//word], [[AndroidDriver: chrome on ANDROID (51a5b69d350864e9562a2470b487b139)] -> xpath: .//word], [[AndroidDriver: chrome on ANDROID (51a5b69d350864e9562a2470b487b139)] -> xpath: .//word], [[AndroidDriver: chrome on ANDROID (51a5b69d350864e9562a2470b487b139)] -> xpath: .//word], [[AndroidDriver: chrome on ANDROID (51a5b69d350864e9562a2470b487b139)] -> xpath: .//word], [[AndroidDriver: chrome on ANDROID (51a5b69d350864e9562a2470b487b139)] -> xpath: .//word], [[AndroidDriver: chrome on ANDROID (51a5b69d350864e9562a2470b487b139)] -> xpath: .//word], [[AndroidDriver: chrome on ANDROID (51a5b69d350864e9562a2470b487b139)] -> xpath: .//word], [[AndroidDriver: chrome on ANDROID (51a5b69d350864e9562a2470b487b139)] -> xpath: .//word], [[AndroidDriver: chrome on ANDROID (51a5b69d350864e9562a2470b487b139)] -> xpath: .//word], [[AndroidDriver: chrome on ANDROID (51a5b69d350864e9562a2470b487b139)] -> xpath: .//word], [[AndroidDriver: chrome on ANDROID (51a5b69d350864e9562a2470b487b139)] -> xpath: .//word], [[AndroidDriver: chrome on ANDROID (51a5b69d350864e9562a2470b487b139)] -> xpath: .//word], [[AndroidDriver: chrome on ANDROID (51a5b69d350864e9562a2470b487b139)] -> xpath: .//word], [[AndroidDriver: chrome on ANDROID (51a5b69d350864e9562a2470b487b139)] -> xpath: .//word], [[AndroidDriver: chrome on ANDROID (51a5b69d350864e9562a2470b487b139)] -> xpath: .//word], [[AndroidDriver: chrome on ANDROID (51a5b69d350864e9562a2470b487b139)] -> xpath: .//word], [[AndroidDriver: chrome on ANDROID (51a5b69d350864e9562a2470b487b139)] -> xpath: .//word], [[AndroidDriver: chrome on ANDROID (51a5b69d350864e9562a2470b487b139)] -> xpath: .//word], [[AndroidDriver: chrome on ANDROID (51a5b69d350864e9562a2470b487b139)] -> xpath: .//word], [[AndroidDriver: chrome on ANDROID (51a5b69d350864e9562a2470b487b139)] -> xpath: .//word], [[AndroidDriver: chrome on ANDROID (51a5b69d350864e9562a2470b487b139)] -> xpath: .//word], [[AndroidDriver: chrome on ANDROID (51a5b69d350864e9562a2470b487b139)] -> xpath: .//word], [[AndroidDriver: chrome on ANDROID (51a5b69d350864e9562a2470b487b139)] -> xpath: .//word], [[AndroidDriver: chrome on ANDROID (51a5b69d350864e9562a2470b487b139)] -> xpath: .//word], [[AndroidDriver: chrome on ANDROID (51a5b69d350864e9562a2470b487b139)] -> xpath: .//word], [[AndroidDriver: chrome on ANDROID (51a5b69d350864e9562a2470b487b139)] -> xpath: .//word], [[AndroidDriver: chrome on ANDROID (51a5b69d350864e9562a2470b487b139)] -> xpath: .//word], [[AndroidDriver: chrome on ANDROID (51a5b69d350864e9562a2470b487b139)] -> xpath: .//word], [[AndroidDriver: chrome on ANDROID (51a5b69d350864e9562a2470b487b139)] -> xpath: .//word], [[AndroidDriver: chrome on ANDROID (51a5b69d350864e9562a2470b487b139)] -> xpath: .//word], [[AndroidDriver: chrome on ANDROID (51a5b69d350864e9562a2470b487b139)] -> xpath: .//word], [[AndroidDriver: chrome on ANDROID (51a5b69d350864e9562a2470b487b139)] -> xpath: .//word], [[AndroidDriver: chrome on ANDROID (51a5b69d350864e9562a2470b487b139)] -> xpath: .//word], [[AndroidDriver: chrome on ANDROID (51a5b69d350864e9562a2470b487b139)] -> xpath: .//word], [[AndroidDriver: chrome on ANDROID (51a5b69d350864e9562a2470b487b139)] -> xpath: .//word], [[AndroidDriver: chrome on ANDROID (51a5b69d350864e9562a2470b487b139)] -> xpath: .//word], [[AndroidDriver: chrome on ANDROID (51a5b69d350864e9562a2470b487b139)] -> xpath: .//word], [[AndroidDriver: chrome on ANDROID (51a5b69d350864e9562a2470b487b139)] -> xpath: .//word], [[AndroidDriver: chrome on ANDROID (51a5b69d350864e9562a2470b487b139)] -> xpath: .//word], [[AndroidDriver: chrome on ANDROID (51a5b69d350864e9562a2470b487b139)] -> xpath: .//word], [[AndroidDriver: chrome on ANDROID (51a5b69d350864e9562a2470b487b139)] -> xpath: .//word], [[AndroidDriver: chrome on ANDROID (51a5b69d350864e9562a2470b487b139)] -> xpath: .//word], [[AndroidDriver: chrome on ANDROID (51a5b69d350864e9562a2470b487b139)] -> xpath: .//word], [[AndroidDriver: chrome on ANDROID (51a5b69d350864e9562a2470b487b139)] -> xpath: .//word], [[AndroidDriver: chrome on ANDROID (51a5b69d350864e9562a2470b487b139)] -> xpath: .//word], [[AndroidDriver: chrome on ANDROID (51a5b69d350864e9562a2470b487b139)] -> xpath: .//word], [[AndroidDriver: chrome on ANDROID (51a5b69d350864e9562a2470b487b139)] -> xpath: .//word], [[AndroidDriver: chrome on ANDROID (51a5b69d350864e9562a2470b487b139)] -> xpath: .//word], [[AndroidDriver: chrome on ANDROID (51a5b69d350864e9562a2470b487b139)] -> xpath: .//word], [[AndroidDriver: chrome on ANDROID (51a5b69d350864e9562a2470b487b139)] -> xpath: .//word], [[AndroidDriver: chrome on ANDROID (51a5b69d350864e9562a2470b487b139)] -> xpath: .//word], [[AndroidDriver: chrome on ANDROID (51a5b69d350864e9562a2470b487b139)] -> xpath: .//word], [[AndroidDriver: chrome on ANDROID (51a5b69d350864e9562a2470b487b139)] -> xpath: .//word], [[AndroidDriver: chrome on ANDROID (51a5b69d350864e9562a2470b487b139)] -> xpath: .//word], [[AndroidDriver: chrome on ANDROID (51a5b69d350864e9562a2470b487b139)] -> xpath: .//word], [[AndroidDriver: chrome on ANDROID (51a5b69d350864e9562a2470b487b139)] -> xpath: .//word], [[AndroidDriver: chrome on ANDROID (51a5b69d350864e9562a2470b487b139)] -> xpath: .//word], [[AndroidDriver: chrome on ANDROID (51a5b69d350864e9562a2470b487b139)] -> xpath: .//word], [[AndroidDriver: chrome on ANDROID (51a5b69d350864e9562a2470b487b139)] -> xpath: .//word], [[AndroidDriver: chrome on ANDROID (51a5b69d350864e9562a2470b487b139)] -> xpath: .//word], [[AndroidDriver: chrome on ANDROID (51a5b69d350864e9562a2470b487b139)] -> xpath: .//word], [[AndroidDriver: chrome on ANDROID (51a5b69d350864e9562a2470b487b139)] -> xpath: .//word], [[AndroidDriver: chrome on ANDROID (51a5b69d350864e9562a2470b487b139)] -> xpath: .//word], [[AndroidDriver: chrome on ANDROID (51a5b69d350864e9562a2470b487b139)] -> xpath: .//word], [[AndroidDriver: chrome on ANDROID (51a5b69d350864e9562a2470b487b139)] -> xpath: .//word], [[AndroidDriver: chrome on ANDROID (51a5b69d350864e9562a2470b487b139)] -> xpath: .//word], [[AndroidDriver: chrome on ANDROID (51a5b69d350864e9562a2470b487b139)] -> xpath: .//word], [[AndroidDriver: chrome on ANDROID (51a5b69d350864e9562a2470b487b139)] -> xpath: .//word], [[AndroidDriver: chrome on ANDROID (51a5b69d350864e9562a2470b487b139)] -> xpath: .//word], [[AndroidDriver: chrome on ANDROID (51a5b69d350864e9562a2470b487b139)] -> xpath: .//word], [[AndroidDriver: chrome on ANDROID (51a5b69d350864e9562a2470b487b139)] -> xpath: .//word], [[AndroidDriver: chrome on ANDROID (51a5b69d350864e9562a2470b487b139)] -> xpath: .//word], [[AndroidDriver: chrome on ANDROID (51a5b69d350864e9562a2470b487b139)] -> xpath: .//word], [[AndroidDriver: chrome on ANDROID (51a5b69d350864e9562a2470b487b139)] -> xpath: .//word], [[AndroidDriver: chrome on ANDROID (51a5b69d350864e9562a2470b487b139)] -> xpath: .//word], [[AndroidDriver: chrome on ANDROID (51a5b69d350864e9562a2470b487b139)] -> xpath: .//word], [[AndroidDriver: chrome on ANDROID (51a5b69d350864e9562a2470b487b139)] -> xpath: .//word], [[AndroidDriver: chrome on ANDROID (51a5b69d350864e9562a2470b487b139)] -> xpath: .//word], [[AndroidDriver: chrome on ANDROID (51a5b69d350864e9562a2470b487b139)] -> xpath: .//word], [[AndroidDriver: chrome on ANDROID (51a5b69d350864e9562a2470b487b139)] -> xpath: .//word], [[AndroidDriver: chrome on ANDROID (51a5b69d350864e9562a2470b487b139)] -> xpath: .//word], [[AndroidDriver: chrome on ANDROID (51a5b69d350864e9562a2470b487b139)] -> xpath: .//word], [[AndroidDriver: chrome on ANDROID (51a5b69d350864e9562a2470b487b139)] -> xpath: .//word], [[AndroidDriver: chrome on ANDROID (51a5b69d350864e9562a2470b487b139)] -> xpath: .//word], [[AndroidDriver: chrome on ANDROID (51a5b69d350864e9562a2470b487b139)] -> xpath: .//word], [[AndroidDriver: chrome on ANDROID (51a5b69d350864e9562a2470b487b139)] -> xpath: .//word], [[AndroidDriver: chrome on ANDROID (51a5b69d350864e9562a2470b487b139)] -> xpath: .//word], [[AndroidDriver: chrome on ANDROID (51a5b69d350864e9562a2470b487b139)] -> xpath: .//word], [[AndroidDriver: chrome on ANDROID (51a5b69d350864e9562a2470b487b139)] -> xpath: .//word], [[AndroidDriver: chrome on ANDROID (51a5b69d350864e9562a2470b487b139)] -> xpath: .//word], [[AndroidDriver: chrome on ANDROID (51a5b69d350864e9562a2470b487b139)] -> xpath: .//word], [[AndroidDriver: chrome on ANDROID (51a5b69d350864e9562a2470b487b139)] -> xpath: .//word], [[AndroidDriver: chrome on ANDROID (51a5b69d350864e9562a2470b487b139)] -> xpath: .//word], [[AndroidDriver: chrome on ANDROID (51a5b69d350864e9562a2470b487b139)] -> xpath: .//word], [[AndroidDriver: chrome on ANDROID (51a5b69d350864e9562a2470b487b139)] -> xpath: .//word], [[AndroidDriver: chrome on ANDROID (51a5b69d350864e9562a2470b487b139)] -> xpath: .//word], [[AndroidDriver: chrome on ANDROID (51a5b69d350864e9562a2470b487b139)] -> xpath: .//word], [[AndroidDriver: chrome on ANDROID (51a5b69d350864e9562a2470b487b139)] -> xpath: .//word], [[AndroidDriver: chrome on ANDROID (51a5b69d350864e9562a2470b487b139)] -> xpath: .//word], [[AndroidDriver: chrome on ANDROID (51a5b69d350864e9562a2470b487b139)] -> xpath: .//word], [[AndroidDriver: chrome on ANDROID (51a5b69d350864e9562a2470b487b139)] -> xpath: .//word], [[AndroidDriver: chrome on ANDROID (51a5b69d350864e9562a2470b487b139)] -> xpath: .//word], [[AndroidDriver: chrome on ANDROID (51a5b69d350864e9562a2470b487b139)] -> xpath: .//word], [[AndroidDriver: chrome on ANDROID (51a5b69d350864e9562a2470b487b139)] -> xpath: .//word], [[AndroidDriver: chrome on ANDROID (51a5b69d350864e9562a2470b487b139)] -> xpath: .//word], [[AndroidDriver: chrome on ANDROID (51a5b69d350864e9562a2470b487b139)] -> xpath: .//word], [[AndroidDriver: chrome on ANDROID (51a5b69d350864e9562a2470b487b139)] -> xpath: .//word], [[AndroidDriver: chrome on ANDROID (51a5b69d350864e9562a2470b487b139)] -> xpath: .//word], [[AndroidDriver: chrome on ANDROID (51a5b69d350864e9562a2470b487b139)] -> xpath: .//word], [[AndroidDriver: chrome on ANDROID (51a5b69d350864e9562a2470b487b139)] -> xpath: .//word], [[AndroidDriver: chrome on ANDROID (51a5b69d350864e9562a2470b487b139)] -> xpath: .//word], [[AndroidDriver: chrome on ANDROID (51a5b69d350864e9562a2470b487b139)] -> xpath: .//word], [[AndroidDriver: chrome on ANDROID (51a5b69d350864e9562a2470b487b139)] -> xpath: .//word], [[AndroidDriver: chrome on ANDROID (51a5b69d350864e9562a2470b487b139)] -> xpath: .//word], [[AndroidDriver: chrome on ANDROID (51a5b69d350864e9562a2470b487b139)] -> xpath: .//word], [[AndroidDriver: chrome on ANDROID (51a5b69d350864e9562a2470b487b139)] -> xpath: .//word], [[AndroidDriver: chrome on ANDROID (51a5b69d350864e9562a2470b487b139)] -> xpath: .//word], [[AndroidDriver: chrome on ANDROID (51a5b69d350864e9562a2470b487b139)] -> xpath: .//word], [[AndroidDriver: chrome on ANDROID (51a5b69d350864e9562a2470b487b139)] -> xpath: .//word], [[AndroidDriver: chrome on ANDROID (51a5b69d350864e9562a2470b487b139)] -> xpath: .//word], [[AndroidDriver: chrome on ANDROID (51a5b69d350864e9562a2470b487b139)] -> xpath: .//word], [[AndroidDriver: chrome on ANDROID (51a5b69d350864e9562a2470b487b139)] -> xpath: .//word], [[AndroidDriver: chrome on ANDROID (51a5b69d350864e9562a2470b487b139)] -> xpath: .//word], [[AndroidDriver: chrome on ANDROID (51a5b69d350864e9562a2470b487b139)] -> xpath: .//word], [[AndroidDriver: chrome on ANDROID (51a5b69d350864e9562a2470b487b139)] -> xpath: .//word], [[AndroidDriver: chrome on ANDROID (51a5b69d350864e9562a2470b487b139)] -> xpath: .//word], [[AndroidDriver: chrome on ANDROID (51a5b69d350864e9562a2470b487b139)] -> xpath: .//word], [[AndroidDriver: chrome on ANDROID (51a5b69d350864e9562a2470b487b139)] -> xpath: .//word], [[AndroidDriver: chrome on ANDROID (51a5b69d350864e9562a2470b487b139)] -> xpath: .//word], [[AndroidDriver: chrome on ANDROID (51a5b69d350864e9562a2470b487b139)] -> xpath: .//word], [[AndroidDriver: chrome on ANDROID (51a5b69d350864e9562a2470b487b139)] -> xpath: .//word], [[AndroidDriver: chrome on ANDROID (51a5b69d350864e9562a2470b487b139)] -> xpath: .//word], [[AndroidDriver: chrome on ANDROID (51a5b69d350864e9562a2470b487b139)] -> xpath: .//word], [[AndroidDriver: chrome on ANDROID (51a5b69d350864e9562a2470b487b139)] -> xpath: .//word], [[AndroidDriver: chrome on ANDROID (51a5b69d350864e9562a2470b487b139)] -> xpath: .//word], [[AndroidDriver: chrome on ANDROID (51a5b69d350864e9562a2470b487b139)] -> xpath: .//word], [[AndroidDriver: chrome on ANDROID (51a5b69d350864e9562a2470b487b139)] -> xpath: .//word], [[AndroidDriver: chrome on ANDROID (51a5b69d350864e9562a2470b487b139)] -> xpath: .//word], [[AndroidDriver: chrome on ANDROID (51a5b69d350864e9562a2470b487b139)] -> xpath: .//word], [[AndroidDriver: chrome on ANDROID (51a5b69d350864e9562a2470b487b139)] -> xpath: .//word], [[AndroidDriver: chrome on ANDROID (51a5b69d350864e9562a2470b487b139)] -> xpath: .//word], [[AndroidDriver: chrome on ANDROID (51a5b69d350864e9562a2470b487b139)] -> xpath: .//word], [[AndroidDriver: chrome on ANDROID (51a5b69d350864e9562a2470b487b139)] -> xpath: .//word], [[AndroidDriver: chrome on ANDROID (51a5b69d350864e9562a2470b487b139)] -> xpath: .//word], [[AndroidDriver: chrome on ANDROID (51a5b69d350864e9562a2470b487b139)] -> xpath: .//word], [[AndroidDriver: chrome on ANDROID (51a5b69d350864e9562a2470b487b139)] -> xpath: .//word], [[AndroidDriver: chrome on ANDROID (51a5b69d350864e9562a2470b487b139)] -> xpath: .//word], [[AndroidDriver: chrome on ANDROID (51a5b69d350864e9562a2470b487b139)] -> xpath: .//word], [[AndroidDriver: chrome on ANDROID (51a5b69d350864e9562a2470b487b139)] -> xpath: .//word], [[AndroidDriver: chrome on ANDROID (51a5b69d350864e9562a2470b487b139)] -> xpath: .//word], [[AndroidDriver: chrome on ANDROID (51a5b69d350864e9562a2470b487b139)] -> xpath: .//word], [[AndroidDriver: chrome on ANDROID (51a5b69d350864e9562a2470b487b139)] -> xpath: .//word], [[AndroidDriver: chrome on ANDROID (51a5b69d350864e9562a2470b487b139)] -> xpath: .//word], [[AndroidDriver: chrome on ANDROID (51a5b69d350864e9562a2470b487b139)] -> xpath: .//word], [[AndroidDriver: chrome on ANDROID (51a5b69d350864e9562a2470b487b139)] -> xpath: .//word], [[AndroidDriver: chrome on ANDROID (51a5b69d350864e9562a2470b487b139)] -> xpath: .//word], [[AndroidDriver: chrome on ANDROID (51a5b69d350864e9562a2470b487b139)] -> xpath: .//word], [[AndroidDriver: chrome on ANDROID (51a5b69d350864e9562a2470b487b139)] -> xpath: .//word], [[AndroidDriver: chrome on ANDROID (51a5b69d350864e9562a2470b487b139)] -> xpath: .//word], [[AndroidDriver: chrome on ANDROID (51a5b69d350864e9562a2470b487b139)] -> xpath: .//word], [[AndroidDriver: chrome on ANDROID (51a5b69d350864e9562a2470b487b139)] -> xpath: .//word], [[AndroidDriver: chrome on ANDROID (51a5b69d350864e9562a2470b487b139)] -> xpath: .//word], [[AndroidDriver: chrome on ANDROID (51a5b69d350864e9562a2470b487b139)] -> xpath: .//word], [[AndroidDriver: chrome on ANDROID (51a5b69d350864e9562a2470b487b139)] -> xpath: .//word], [[AndroidDriver: chrome on ANDROID (51a5b69d350864e9562a2470b487b139)] -> xpath: .//word], [[AndroidDriver: chrome on ANDROID (51a5b69d350864e9562a2470b487b139)] -> xpath: .//word], [[AndroidDriver: chrome on ANDROID (51a5b69d350864e9562a2470b487b139)] -> xpath: .//word], [[AndroidDriver: chrome on ANDROID (51a5b69d350864e9562a2470b487b139)] -> xpath: .//word], [[AndroidDriver: chrome on ANDROID (51a5b69d350864e9562a2470b487b139)] -> xpath: .//word], [[AndroidDriver: chrome on ANDROID (51a5b69d350864e9562a2470b487b139)] -> xpath: .//word], [[AndroidDriver: chrome on ANDROID (51a5b69d350864e9562a2470b487b139)] -> xpath: .//word], [[AndroidDriver: chrome on ANDROID (51a5b69d350864e9562a2470b487b139)] -> xpath: .//word], [[AndroidDriver: chrome on ANDROID (51a5b69d350864e9562a2470b487b139)] -> xpath: .//word], [[AndroidDriver: chrome on ANDROID (51a5b69d350864e9562a2470b487b139)] -> xpath: .//word], [[AndroidDriver: chrome on ANDROID (51a5b69d350864e9562a2470b487b139)] -> xpath: .//word], [[AndroidDriver: chrome on ANDROID (51a5b69d350864e9562a2470b487b139)] -> xpath: .//word], [[AndroidDriver: chrome on ANDROID (51a5b69d350864e9562a2470b487b139)] -> xpath: .//word], [[AndroidDriver: chrome on ANDROID (51a5b69d350864e9562a2470b487b139)] -> xpath: .//word], [[AndroidDriver: chrome on ANDROID (51a5b69d350864e9562a2470b487b139)] -> xpath: .//word], [[AndroidDriver: chrome on ANDROID (51a5b69d350864e9562a2470b487b139)] -> xpath: .//word], [[AndroidDriver: chrome on ANDROID (51a5b69d350864e9562a2470b487b139)] -> xpath: .//word], [[AndroidDriver: chrome on ANDROID (51a5b69d350864e9562a2470b487b139)] -> xpath: .//word], [[AndroidDriver: chrome on ANDROID (51a5b69d350864e9562a2470b487b139)] -> xpath: .//word], [[AndroidDriver: chrome on ANDROID (51a5b69d350864e9562a2470b487b139)] -> xpath: .//word], [[AndroidDriver: chrome on ANDROID (51a5b69d350864e9562a2470b487b139)] -> xpath: .//word], [[AndroidDriver: chrome on ANDROID (51a5b69d350864e9562a2470b487b139)] -> xpath: .//word], [[AndroidDriver: chrome on ANDROID (51a5b69d350864e9562a2470b487b139)] -> xpath: .//word], [[AndroidDriver: chrome on ANDROID (51a5b69d350864e9562a2470b487b139)] -> xpath: .//word], [[AndroidDriver: chrome on ANDROID (51a5b69d350864e9562a2470b487b139)] -> xpath: .//word], [[AndroidDriver: chrome on ANDROID (51a5b69d350864e9562a2470b487b139)] -> xpath: .//word], [[AndroidDriver: chrome on ANDROID (51a5b69d350864e9562a2470b487b139)] -> xpath: .//word], [[AndroidDriver: chrome on ANDROID (51a5b69d350864e9562a2470b487b139)] -> xpath: .//word], [[AndroidDriver: chrome on ANDROID (51a5b69d350864e9562a2470b487b139)] -> xpath: .//word], [[AndroidDriver: chrome on ANDROID (51a5b69d350864e9562a2470b487b139)] -> xpath: .//word], [[AndroidDriver: chrome on ANDROID (51a5b69d350864e9562a2470b487b139)] -> xpath: .//word], [[AndroidDriver: chrome on ANDROID (51a5b69d350864e9562a2470b487b139)] -> xpath: .//word], [[AndroidDriver: chrome on ANDROID (51a5b69d350864e9562a2470b487b139)] -> xpath: .//word], [[AndroidDriver: chrome on ANDROID (51a5b69d350864e9562a2470b487b139)] -> xpath: .//word], [[AndroidDriver: chrome on ANDROID (51a5b69d350864e9562a2470b487b139)] -> xpath: .//word], [[AndroidDriver: chrome on ANDROID (51a5b69d350864e9562a2470b487b139)] -> xpath: .//word], [[AndroidDriver: chrome on ANDROID (51a5b69d350864e9562a2470b487b139)] -> xpath: .//word], [[AndroidDriver: chrome on ANDROID (51a5b69d350864e9562a2470b487b139)] -> xpath: .//word], [[AndroidDriver: chrome on ANDROID (51a5b69d350864e9562a2470b487b139)] -> xpath: .//word], [[AndroidDriver: chrome on ANDROID (51a5b69d350864e9562a2470b487b139)] -> xpath: .//word], [[AndroidDriver: chrome on ANDROID (51a5b69d350864e9562a2470b487b139)] -> xpath: .//word], [[AndroidDriver: chrome on ANDROID (51a5b69d350864e9562a2470b487b139)] -> xpath: .//word], [[AndroidDriver: chrome on ANDROID (51a5b69d350864e9562a2470b487b139)] -> xpath: .//word], [[AndroidDriver: chrome on ANDROID (51a5b69d350864e9562a2470b487b139)] -> xpath: .//word], [[AndroidDriver: chrome on ANDROID (51a5b69d350864e9562a2470b487b139)] -> xpath: .//word], [[AndroidDriver: chrome on ANDROID (51a5b69d350864e9562a2470b487b139)] -> xpath: .//word], [[AndroidDriver: chrome on ANDROID (51a5b69d350864e9562a2470b487b139)] -> xpath: .//word], [[AndroidDriver: chrome on ANDROID (51a5b69d350864e9562a2470b487b139)] -> xpath: .//word], [[AndroidDriver: chrome on ANDROID (51a5b69d350864e9562a2470b487b139)] -> xpath: .//word], [[AndroidDriver: chrome on ANDROID (51a5b69d350864e9562a2470b487b139)] -> xpath: .//word], [[AndroidDriver: chrome on ANDROID (51a5b69d350864e9562a2470b487b139)] -> xpath: .//word], [[AndroidDriver: chrome on ANDROID (51a5b69d350864e9562a2470b487b139)] -> xpath: .//word], [[AndroidDriver: chrome on ANDROID (51a5b69d350864e9562a2470b487b139)] -> xpath: .//word], [[AndroidDriver: chrome on ANDROID (51a5b69d350864e9562a2470b487b139)] -> xpath: .//word], [[AndroidDriver: chrome on ANDROID (51a5b69d350864e9562a2470b487b139)] -> xpath: .//word], [[AndroidDriver: chrome on ANDROID (51a5b69d350864e9562a2470b487b139)] -> xpath: .//word], [[AndroidDriver: chrome on ANDROID (51a5b69d350864e9562a2470b487b139)] -> xpath: .//word], [[AndroidDriver: chrome on ANDROID (51a5b69d350864e9562a2470b487b139)] -> xpath: .//word], [[AndroidDriver: chrome on ANDROID (51a5b69d350864e9562a2470b487b139)] -> xpath: .//word], [[AndroidDriver: chrome on ANDROID (51a5b69d350864e9562a2470b487b139)] -> xpath: .//word], [[AndroidDriver: chrome on ANDROID (51a5b69d350864e9562a2470b487b139)] -> xpath: .//word], [[AndroidDriver: chrome on ANDROID (51a5b69d350864e9562a2470b487b139)] -> xpath: .//word], [[AndroidDriver: chrome on ANDROID (51a5b69d350864e9562a2470b487b139)] -> xpath: .//word], [[AndroidDriver: chrome on ANDROID (51a5b69d350864e9562a2470b487b139)] -> xpath: .//word], [[AndroidDriver: chrome on ANDROID (51a5b69d350864e9562a2470b487b139)] -> xpath: .//word], [[AndroidDriver: chrome on ANDROID (51a5b69d350864e9562a2470b487b139)] -> xpath: .//word], [[AndroidDriver: chrome on ANDROID (51a5b69d350864e9562a2470b487b139)] -> xpath: .//word], [[AndroidDriver: chrome on ANDROID (51a5b69d350864e9562a2470b487b139)] -> xpath: .//word], [[AndroidDriver: chrome on ANDROID (51a5b69d350864e9562a2470b487b139)] -> xpath: .//word], [[AndroidDriver: chrome on ANDROID (51a5b69d350864e9562a2470b487b139)] -> xpath: .//word], [[AndroidDriver: chrome on ANDROID (51a5b69d350864e9562a2470b487b139)] -> xpath: .//word], [[AndroidDriver: chrome on ANDROID (51a5b69d350864e9562a2470b487b139)] -> xpath: .//word], [[AndroidDriver: chrome on ANDROID (51a5b69d350864e9562a2470b487b139)] -> xpath: .//word], [[AndroidDriver: chrome on ANDROID (51a5b69d350864e9562a2470b487b139)] -> xpath: .//word], [[AndroidDriver: chrome on ANDROID (51a5b69d350864e9562a2470b487b139)] -> xpath: .//word], [[AndroidDriver: chrome on ANDROID (51a5b69d350864e9562a2470b487b139)] -> xpath: .//word], [[AndroidDriver: chrome on ANDROID (51a5b69d350864e9562a2470b487b139)] -> xpath: .//word], [[AndroidDriver: chrome on ANDROID (51a5b69d350864e9562a2470b487b139)] -> xpath: .//word], [[AndroidDriver: chrome on ANDROID (51a5b69d350864e9562a2470b487b139)] -> xpath: .//word], [[AndroidDriver: chrome on ANDROID (51a5b69d350864e9562a2470b487b139)] -> xpath: .//word], [[AndroidDriver: chrome on ANDROID (51a5b69d350864e9562a2470b487b139)] -> xpath: .//word], [[AndroidDriver: chrome on ANDROID (51a5b69d350864e9562a2470b487b139)] -> xpath: .//word], [[AndroidDriver: chrome on ANDROID (51a5b69d350864e9562a2470b487b139)] -> xpath: .//word], [[AndroidDriver: chrome on ANDROID (51a5b69d350864e9562a2470b487b139)] -> xpath: .//word], [[AndroidDriver: chrome on ANDROID (51a5b69d350864e9562a2470b487b139)] -> xpath: .//word], [[AndroidDriver: chrome on ANDROID (51a5b69d350864e9562a2470b487b139)] -> xpath: .//word], [[AndroidDriver: chrome on ANDROID (51a5b69d350864e9562a2470b487b139)] -> xpath: .//word], [[AndroidDriver: chrome on ANDROID (51a5b69d350864e9562a2470b487b139)] -> xpath: .//word], [[AndroidDriver: chrome on ANDROID (51a5b69d350864e9562a2470b487b139)] -> xpath: .//word], [[AndroidDriver: chrome on ANDROID (51a5b69d350864e9562a2470b487b139)] -> xpath: .//word], [[AndroidDriver: chrome on ANDROID (51a5b69d350864e9562a2470b487b139)] -> xpath: .//word], [[AndroidDriver: chrome on ANDROID (51a5b69d350864e9562a2470b487b139)] -> xpath: .//word], [[AndroidDriver: chrome on ANDROID (51a5b69d350864e9562a2470b487b139)] -> xpath: .//word], [[AndroidDriver: chrome on ANDROID (51a5b69d350864e9562a2470b487b139)] -> xpath: .//word], [[AndroidDriver: chrome on ANDROID (51a5b69d350864e9562a2470b487b139)] -> xpath: .//word], [[AndroidDriver: chrome on ANDROID (51a5b69d350864e9562a2470b487b139)] -> xpath: .//word], [[AndroidDriver: chrome on ANDROID (51a5b69d350864e9562a2470b487b139)] -> xpath: .//word], [[AndroidDriver: chrome on ANDROID (51a5b69d350864e9562a2470b487b139)] -> xpath: .//word], [[AndroidDriver: chrome on ANDROID (51a5b69d350864e9562a2470b487b139)] -> xpath: .//word], [[AndroidDriver: chrome on ANDROID (51a5b69d350864e9562a2470b487b139)] -> xpath: .//word], [[AndroidDriver: chrome on ANDROID (51a5b69d350864e9562a2470b487b139)] -> xpath: .//word], [[AndroidDriver: chrome on ANDROID (51a5b69d350864e9562a2470b487b139)] -> xpath: .//word], [[AndroidDriver: chrome on ANDROID (51a5b69d350864e9562a2470b487b139)] -> xpath: .//word], [[AndroidDriver: chrome on ANDROID (51a5b69d350864e9562a2470b487b139)] -> xpath: .//word], [[AndroidDriver: chrome on ANDROID (51a5b69d350864e9562a2470b487b139)] -> xpath: .//word], [[AndroidDriver: chrome on ANDROID (51a5b69d350864e9562a2470b487b139)] -> xpath: .//word], [[AndroidDriver: chrome on ANDROID (51a5b69d350864e9562a2470b487b139)] -> xpath: .//word], [[AndroidDriver: chrome on ANDROID (51a5b69d350864e9562a2470b487b139)] -> xpath: .//word], [[AndroidDriver: chrome on ANDROID (51a5b69d350864e9562a2470b487b139)] -> xpath: .//word], [[AndroidDriver: chrome on ANDROID (51a5b69d350864e9562a2470b487b139)] -> xpath: .//word], [[AndroidDriver: chrome on ANDROID (51a5b69d350864e9562a2470b487b139)] -> xpath: .//word], [[AndroidDriver: chrome on ANDROID (51a5b69d350864e9562a2470b487b139)] -> xpath: .//word], [[AndroidDriver: chrome on ANDROID (51a5b69d350864e9562a2470b487b139)] -> xpath: .//word], [[AndroidDriver: chrome on ANDROID (51a5b69d350864e9562a2470b487b139)] -> xpath: .//word], [[AndroidDriver: chrome on ANDROID (51a5b69d350864e9562a2470b487b139)] -> xpath: .//word], [[AndroidDriver: chrome on ANDROID (51a5b69d350864e9562a2470b487b139)] -> xpath: .//word], [[AndroidDriver: chrome on ANDROID (51a5b69d350864e9562a2470b487b139)] -> xpath: .//word], [[AndroidDriver: chrome on ANDROID (51a5b69d350864e9562a2470b487b139)] -> xpath: .//word], [[AndroidDriver: chrome on ANDROID (51a5b69d350864e9562a2470b487b139)] -> xpath: .//word], [[AndroidDriver: chrome on ANDROID (51a5b69d350864e9562a2470b487b139)] -> xpath: .//word], [[AndroidDriver: chrome on ANDROID (51a5b69d350864e9562a2470b487b139)] -> xpath: .//word], [[AndroidDriver: chrome on ANDROID (51a5b69d350864e9562a2470b487b139)] -> xpath: .//word], [[AndroidDriver: chrome on ANDROID (51a5b69d350864e9562a2470b487b139)] -> xpath: .//word], [[AndroidDriver: chrome on ANDROID (51a5b69d350864e9562a2470b487b139)] -> xpath: .//word], [[AndroidDriver: chrome on ANDROID (51a5b69d350864e9562a2470b487b139)] -> xpath: .//word], [[AndroidDriver: chrome on ANDROID (51a5b69d350864e9562a2470b487b139)] -> xpath: .//word], [[AndroidDriver: chrome on ANDROID (51a5b69d350864e9562a2470b487b139)] -> xpath: .//word], [[AndroidDriver: chrome on ANDROID (51a5b69d350864e9562a2470b487b139)] -> xpath: .//word], [[AndroidDriver: chrome on ANDROID (51a5b69d350864e9562a2470b487b139)] -> xpath: .//word], [[AndroidDriver: chrome on ANDROID (51a5b69d350864e9562a2470b487b139)] -> xpath: .//word], [[AndroidDriver: chrome on ANDROID (51a5b69d350864e9562a2470b487b139)] -> xpath: .//word], [[AndroidDriver: chrome on ANDROID (51a5b69d350864e9562a2470b487b139)] -> xpath: .//word], [[AndroidDriver: chrome on ANDROID (51a5b69d350864e9562a2470b487b139)] -> xpath: .//word], [[AndroidDriver: chrome on ANDROID (51a5b69d350864e9562a2470b487b139)] -> xpath: .//word], [[AndroidDriver: chrome on ANDROID (51a5b69d350864e9562a2470b487b139)] -> xpath: .//word], [[AndroidDriver: chrome on ANDROID (51a5b69d350864e9562a2470b487b139)] -> xpath: .//word], [[AndroidDriver: chrome on ANDROID (51a5b69d350864e9562a2470b487b139)] -> xpath: .//word], [[AndroidDriver: chrome on ANDROID (51a5b69d350864e9562a2470b487b139)] -> xpath: .//word], [[AndroidDriver: chrome on ANDROID (51a5b69d350864e9562a2470b487b139)] -> xpath: .//word], [[AndroidDriver: chrome on ANDROID (51a5b69d350864e9562a2470b487b139)] -> xpath: .//word], [[AndroidDriver: chrome on ANDROID (51a5b69d350864e9562a2470b487b139)] -> xpath: .//word], [[AndroidDriver: chrome on ANDROID (51a5b69d350864e9562a2470b487b139)] -> xpath: .//word], [[AndroidDriver: chrome on ANDROID (51a5b69d350864e9562a2470b487b139)] -> xpath: .//word], [[AndroidDriver: chrome on ANDROID (51a5b69d350864e9562a2470b487b139)] -> xpath: .//word], [[AndroidDriver: chrome on ANDROID (51a5b69d350864e9562a2470b487b139)] -> xpath: .//word], [[AndroidDriver: chrome on ANDROID (51a5b69d350864e9562a2470b487b139)] -> xpath: .//word], [[AndroidDriver: chrome on ANDROID (51a5b69d350864e9562a2470b487b139)] -> xpath: .//word], [[AndroidDriver: chrome on ANDROID (51a5b69d350864e9562a2470b487b139)] -> xpath: .//word], [[AndroidDriver: chrome on ANDROID (51a5b69d350864e9562a2470b487b139)] -> xpath: .//word], [[AndroidDriver: chrome on ANDROID (51a5b69d350864e9562a2470b487b139)] -> xpath: .//word], [[AndroidDriver: chrome on ANDROID (51a5b69d350864e9562a2470b487b139)] -> xpath: .//word], [[AndroidDriver: chrome on ANDROID (51a5b69d350864e9562a2470b487b139)] -> xpath: .//word], [[AndroidDriver: chrome on ANDROID (51a5b69d350864e9562a2470b487b139)] -> xpath: .//word], [[AndroidDriver: chrome on ANDROID (51a5b69d350864e9562a2470b487b139)] -> xpath: .//word], [[AndroidDriver: chrome on ANDROID (51a5b69d350864e9562a2470b487b139)] -> xpath: .//word], [[AndroidDriver: chrome on ANDROID (51a5b69d350864e9562a2470b487b139)] -> xpath: .//word], [[AndroidDriver: chrome on ANDROID (51a5b69d350864e9562a2470b487b139)] -> xpath: .//word], [[AndroidDriver: chrome on ANDROID (51a5b69d350864e9562a2470b487b139)] -> xpath: .//word], [[AndroidDriver: chrome on ANDROID (51a5b69d350864e9562a2470b487b139)] -> xpath: .//word], [[AndroidDriver: chrome on ANDROID (51a5b69d350864e9562a2470b487b139)] -> xpath: .//word], [[AndroidDriver: chrome on ANDROID (51a5b69d350864e9562a2470b487b139)] -> xpath: .//word], [[AndroidDriver: chrome on ANDROID (51a5b69d350864e9562a2470b487b139)] -> xpath: .//word], [[AndroidDriver: chrome on ANDROID (51a5b69d350864e9562a2470b487b139)] -> xpath: .//word], [[AndroidDriver: chrome on ANDROID (51a5b69d350864e9562a2470b487b139)] -> xpath: .//word], [[AndroidDriver: chrome on ANDROID (51a5b69d350864e9562a2470b487b139)] -> xpath: .//word], [[AndroidDriver: chrome on ANDROID (51a5b69d350864e9562a2470b487b139)] -> xpath: .//word], [[AndroidDriver: chrome on ANDROID (51a5b69d350864e9562a2470b487b139)] -> xpath: .//word], [[AndroidDriver: chrome on ANDROID (51a5b69d350864e9562a2470b487b139)] -> xpath: .//word], [[AndroidDriver: chrome on ANDROID (51a5b69d350864e9562a2470b487b139)] -> xpath: .//word], [[AndroidDriver: chrome on ANDROID (51a5b69d350864e9562a2470b487b139)] -> xpath: .//word], [[AndroidDriver: chrome on ANDROID (51a5b69d350864e9562a2470b487b139)] -> xpath: .//word], [[AndroidDriver: chrome on ANDROID (51a5b69d350864e9562a2470b487b139)] -> xpath: .//word], [[AndroidDriver: chrome on ANDROID (51a5b69d350864e9562a2470b487b139)] -> xpath: .//word], [[AndroidDriver: chrome on ANDROID (51a5b69d350864e9562a2470b487b139)] -> xpath: .//word], [[AndroidDriver: chrome on ANDROID (51a5b69d350864e9562a2470b487b139)] -> xpath: .//word], [[AndroidDriver: chrome on ANDROID (51a5b69d350864e9562a2470b487b139)] -> xpath: .//word], [[AndroidDriver: chrome on ANDROID (51a5b69d350864e9562a2470b487b139)] -> xpath: .//word], [[AndroidDriver: chrome on ANDROID (51a5b69d350864e9562a2470b487b139)] -> xpath: .//word], [[AndroidDriver: chrome on ANDROID (51a5b69d350864e9562a2470b487b139)] -> xpath: .//word], [[AndroidDriver: chrome on ANDROID (51a5b69d350864e9562a2470b487b139)] -> xpath: .//word], [[AndroidDriver: chrome on ANDROID (51a5b69d350864e9562a2470b487b139)] -> xpath: .//word], [[AndroidDriver: chrome on ANDROID (51a5b69d350864e9562a2470b487b139)] -> xpath: .//word], [[AndroidDriver: chrome on ANDROID (51a5b69d350864e9562a2470b487b139)] -> xpath: .//word], [[AndroidDriver: chrome on ANDROID (51a5b69d350864e9562a2470b487b139)] -> xpath: .//word], [[AndroidDriver: chrome on ANDROID (51a5b69d350864e9562a2470b487b139)] -> xpath: .//word], [[AndroidDriver: chrome on ANDROID (51a5b69d350864e9562a2470b487b139)] -> xpath: .//word], [[AndroidDriver: chrome on ANDROID (51a5b69d350864e9562a2470b487b139)] -> xpath: .//word], [[AndroidDriver: chrome on ANDROID (51a5b69d350864e9562a2470b487b139)] -> xpath: .//word], [[AndroidDriver: chrome on ANDROID (51a5b69d350864e9562a2470b487b139)] -> xpath: .//word], [[AndroidDriver: chrome on ANDROID (51a5b69d350864e9562a2470b487b139)] -> xpath: .//word], [[AndroidDriver: chrome on ANDROID (51a5b69d350864e9562a2470b487b139)] -> xpath: .//word], [[AndroidDriver: chrome on ANDROID (51a5b69d350864e9562a2470b487b139)] -> xpath: .//word], [[AndroidDriver: chrome on ANDROID (51a5b69d350864e9562a2470b487b139)] -> xpath: .//word], [[AndroidDriver: chrome on ANDROID (51a5b69d350864e9562a2470b487b139)] -> xpath: .//word], [[AndroidDriver: chrome on ANDROID (51a5b69d350864e9562a2470b487b139)] -> xpath: .//word], [[AndroidDriver: chrome on ANDROID (51a5b69d350864e9562a2470b487b139)] -> xpath: .//word], [[AndroidDriver: chrome on ANDROID (51a5b69d350864e9562a2470b487b139)] -> xpath: .//word], [[AndroidDriver: chrome on ANDROID (51a5b69d350864e9562a2470b487b139)] -> xpath: .//word], [[AndroidDriver: chrome on ANDROID (51a5b69d350864e9562a2470b487b139)] -> xpath: .//word], [[AndroidDriver: chrome on ANDROID (51a5b69d350864e9562a2470b487b139)] -> xpath: .//word], [[AndroidDriver: chrome on ANDROID (51a5b69d350864e9562a2470b487b139)] -> xpath: .//word], [[AndroidDriver: chrome on ANDROID (51a5b69d350864e9562a2470b487b139)] -> xpath: .//word], [[AndroidDriver: chrome on ANDROID (51a5b69d350864e9562a2470b487b139)] -> xpath: .//word], [[AndroidDriver: chrome on ANDROID (51a5b69d350864e9562a2470b487b139)] -> xpath: .//word], [[AndroidDriver: chrome on ANDROID (51a5b69d350864e9562a2470b487b139)] -> xpath: .//word], [[AndroidDriver: chrome on ANDROID (51a5b69d350864e9562a2470b487b139)] -> xpath: .//word], [[AndroidDriver: chrome on ANDROID (51a5b69d350864e9562a2470b487b139)] -> xpath: .//word], [[AndroidDriver: chrome on ANDROID (51a5b69d350864e9562a2470b487b139)] -> xpath: .//word], [[AndroidDriver: chrome on ANDROID (51a5b69d350864e9562a2470b487b139)] -> xpath: .//word], [[AndroidDriver: chrome on ANDROID (51a5b69d350864e9562a2470b487b139)] -> xpath: .//word], [[AndroidDriver: chrome on ANDROID (51a5b69d350864e9562a2470b487b139)] -> xpath: .//word], [[AndroidDriver: chrome on ANDROID (51a5b69d350864e9562a2470b487b139)] -> xpath: .//word], [[AndroidDriver: chrome on ANDROID (51a5b69d350864e9562a2470b487b139)] -> xpath: .//word], [[AndroidDriver: chrome on ANDROID (51a5b69d350864e9562a2470b487b139)] -> xpath: .//word], [[AndroidDriver: chrome on ANDROID (51a5b69d350864e9562a2470b487b139)] -> xpath: .//word], [[AndroidDriver: chrome on ANDROID (51a5b69d350864e9562a2470b487b139)] -> xpath: .//word], [[AndroidDriver: chrome on ANDROID (51a5b69d350864e9562a2470b487b139)] -> xpath: .//word], [[AndroidDriver: chrome on ANDROID (51a5b69d350864e9562a2470b487b139)] -> xpath: .//word], [[AndroidDriver: chrome on ANDROID (51a5b69d350864e9562a2470b487b139)] -> xpath: .//word], [[AndroidDriver: chrome on ANDROID (51a5b69d350864e9562a2470b487b139)] -> xpath: .//word], [[AndroidDriver: chrome on ANDROID (51a5b69d350864e9562a2470b487b139)] -> xpath: .//word], [[AndroidDriver: chrome on ANDROID (51a5b69d350864e9562a2470b487b139)] -> xpath: .//word], [[AndroidDriver: chrome on ANDROID (51a5b69d350864e9562a2470b487b139)] -> xpath: .//word], [[AndroidDriver: chrome on ANDROID (51a5b69d350864e9562a2470b487b139)] -> xpath: .//word], [[AndroidDriver: chrome on ANDROID (51a5b69d350864e9562a2470b487b139)] -> xpath: .//word], [[AndroidDriver: chrome on ANDROID (51a5b69d350864e9562a2470b487b139)] -> xpath: .//word], [[AndroidDriver: chrome on ANDROID (51a5b69d350864e9562a2470b487b139)] -> xpath: .//word], [[AndroidDriver: chrome on ANDROID (51a5b69d350864e9562a2470b487b139)] -> xpath: .//word], [[AndroidDriver: chrome on ANDROID (51a5b69d350864e9562a2470b487b139)] -> xpath: .//word], [[AndroidDriver: chrome on ANDROID (51a5b69d350864e9562a2470b487b139)] -> xpath: .//word], [[AndroidDriver: chrome on ANDROID (51a5b69d350864e9562a2470b487b139)] -> xpath: .//word], [[AndroidDriver: chrome on ANDROID (51a5b69d350864e9562a2470b487b139)] -> xpath: .//word], [[AndroidDriver: chrome on ANDROID (51a5b69d350864e9562a2470b487b139)] -> xpath: .//word], [[AndroidDriver: chrome on ANDROID (51a5b69d350864e9562a2470b487b139)] -> xpath: .//word], [[AndroidDriver: chrome on ANDROID (51a5b69d350864e9562a2470b487b139)] -> xpath: .//word], [[AndroidDriver: chrome on ANDROID (51a5b69d350864e9562a2470b487b139)] -> xpath: .//word], [[AndroidDriver: chrome on ANDROID (51a5b69d350864e9562a2470b487b139)] -> xpath: .//word], [[AndroidDriver: chrome on ANDROID (51a5b69d350864e9562a2470b487b139)] -> xpath: .//word], [[AndroidDriver: chrome on ANDROID (51a5b69d350864e9562a2470b487b139)] -> xpath: .//word], [[AndroidDriver: chrome on ANDROID (51a5b69d350864e9562a2470b487b139)] -> xpath: .//word], [[AndroidDriver: chrome on ANDROID (51a5b69d350864e9562a2470b487b139)] -> xpath: .//word], [[AndroidDriver: chrome on ANDROID (51a5b69d350864e9562a2470b487b139)] -> xpath: .//word], [[AndroidDriver: chrome on ANDROID (51a5b69d350864e9562a2470b487b139)] -> xpath: .//word], [[AndroidDriver: chrome on ANDROID (51a5b69d350864e9562a2470b487b139)] -> xpath: .//word], [[AndroidDriver: chrome on ANDROID (51a5b69d350864e9562a2470b487b139)] -> xpath: .//word], [[AndroidDriver: chrome on ANDROID (51a5b69d350864e9562a2470b487b139)] -> xpath: .//word], [[AndroidDriver: chrome on ANDROID (51a5b69d350864e9562a2470b487b139)] -> xpath: .//word], [[AndroidDriver: chrome on ANDROID (51a5b69d350864e9562a2470b487b139)] -> xpath: .//word], [[AndroidDriver: chrome on ANDROID (51a5b69d350864e9562a2470b487b139)] -> xpath: .//word], [[AndroidDriver: chrome on ANDROID (51a5b69d350864e9562a2470b487b139)] -> xpath: .//word], [[AndroidDriver: chrome on ANDROID (51a5b69d350864e9562a2470b487b139)] -> xpath: .//word], [[AndroidDriver: chrome on ANDROID (51a5b69d350864e9562a2470b487b139)] -> xpath: .//word], [[AndroidDriver: chrome on ANDROID (51a5b69d350864e9562a2470b487b139)] -> xpath: .//word], [[AndroidDriver: chrome on ANDROID (51a5b69d350864e9562a2470b487b139)] -> xpath: .//word], [[AndroidDriver: chrome on ANDROID (51a5b69d350864e9562a2470b487b139)] -> xpath: .//word], [[AndroidDriver: chrome on ANDROID (51a5b69d350864e9562a2470b487b139)] -> xpath: .//word], [[AndroidDriver: chrome on ANDROID (51a5b69d350864e9562a2470b487b139)] -> xpath: .//word], [[AndroidDriver: chrome on ANDROID (51a5b69d350864e9562a2470b487b139)] -> xpath: .//word], [[AndroidDriver: chrome on ANDROID (51a5b69d350864e9562a2470b487b139)] -> xpath: .//word], [[AndroidDriver: chrome on ANDROID (51a5b69d350864e9562a2470b487b139)] -> xpath: .//word], [[AndroidDriver: chrome on ANDROID (51a5b69d350864e9562a2470b487b139)] -> xpath: .//word], [[AndroidDriver: chrome on ANDROID (51a5b69d350864e9562a2470b487b139)] -> xpath: .//word], [[AndroidDriver: chrome on ANDROID (51a5b69d350864e9562a2470b487b139)] -> xpath: .//word], [[AndroidDriver: chrome on ANDROID (51a5b69d350864e9562a2470b487b139)] -> xpath: .//word], [[AndroidDriver: chrome on ANDROID (51a5b69d350864e9562a2470b487b139)] -> xpath: .//word], [[AndroidDriver: chrome on ANDROID (51a5b69d350864e9562a2470b487b139)] -> xpath: .//word], [[AndroidDriver: chrome on ANDROID (51a5b69d350864e9562a2470b487b139)] -> xpath: .//word], [[AndroidDriver: chrome on ANDROID (51a5b69d350864e9562a2470b487b139)] -> xpath: .//word], [[AndroidDriver: chrome on ANDROID (51a5b69d350864e9562a2470b487b139)] -> xpath: .//word], [[AndroidDriver: chrome on ANDROID (51a5b69d350864e9562a2470b487b139)] -> xpath: .//word], [[AndroidDriver: chrome on ANDROID (51a5b69d350864e9562a2470b487b139)] -> xpath: .//word], [[AndroidDriver: chrome on ANDROID (51a5b69d350864e9562a2470b487b139)] -> xpath: .//word], [[AndroidDriver: chrome on ANDROID (51a5b69d350864e9562a2470b487b139)] -> xpath: .//word], [[AndroidDriver: chrome on ANDROID (51a5b69d350864e9562a2470b487b139)] -> xpath: .//word], [[AndroidDriver: chrome on ANDROID (51a5b69d350864e9562a2470b487b139)] -> xpath: .//word], [[AndroidDriver: chrome on ANDROID (51a5b69d350864e9562a2470b487b139)] -> xpath: .//word], [[AndroidDriver: chrome on ANDROID (51a5b69d350864e9562a2470b487b139)] -> xpath: .//word], [[AndroidDriver: chrome on ANDROID (51a5b69d350864e9562a2470b487b139)] -> xpath: .//word], [[AndroidDriver: chrome on ANDROID (51a5b69d350864e9562a2470b487b139)] -> xpath: .//word], [[AndroidDriver: chrome on ANDROID (51a5b69d350864e9562a2470b487b139)] -> xpath: .//word], [[AndroidDriver: chrome on ANDROID (51a5b69d350864e9562a2470b487b139)] -> xpath: .//word], [[AndroidDriver: chrome on ANDROID (51a5b69d350864e9562a2470b487b139)] -> xpath: .//word], [[AndroidDriver: chrome on ANDROID (51a5b69d350864e9562a2470b487b139)] -> xpath: .//word], [[AndroidDriver: chrome on ANDROID (51a5b69d350864e9562a2470b487b139)] -> xpath: .//word], [[AndroidDriver: chrome on ANDROID (51a5b69d350864e9562a2470b487b139)] -> xpath: .//word], [[AndroidDriver: chrome on ANDROID (51a5b69d350864e9562a2470b487b139)] -> xpath: .//word], [[AndroidDriver: chrome on ANDROID (51a5b69d350864e9562a2470b487b139)] -> xpath: .//word], [[AndroidDriver: chrome on ANDROID (51a5b69d350864e9562a2470b487b139)] -> xpath: .//word], [[AndroidDriver: chrome on ANDROID (51a5b69d350864e9562a2470b487b139)] -> xpath: .//word], [[AndroidDriver: chrome on ANDROID (51a5b69d350864e9562a2470b487b139)] -> xpath: .//word], [[AndroidDriver: chrome on ANDROID (51a5b69d350864e9562a2470b487b139)] -> xpath: .//word], [[AndroidDriver: chrome on ANDROID (51a5b69d350864e9562a2470b487b139)] -> xpath: .//word], [[AndroidDriver: chrome on ANDROID (51a5b69d350864e9562a2470b487b139)] -> xpath: .//word], [[AndroidDriver: chrome on ANDROID (51a5b69d350864e9562a2470b487b139)] -> xpath: .//word], [[AndroidDriver: chrome on ANDROID (51a5b69d350864e9562a2470b487b139)] -> xpath: .//word], [[AndroidDriver: chrome on ANDROID (51a5b69d350864e9562a2470b487b139)] -> xpath: .//word], [[AndroidDriver: chrome on ANDROID (51a5b69d350864e9562a2470b487b139)] -> xpath: .//word], [[AndroidDriver: chrome on ANDROID (51a5b69d350864e9562a2470b487b139)] -> xpath: .//word], [[AndroidDriver: chrome on ANDROID (51a5b69d350864e9562a2470b487b139)] -> xpath: .//word], [[AndroidDriver: chrome on ANDROID (51a5b69d350864e9562a2470b487b139)] -> xpath: .//word], [[AndroidDriver: chrome on ANDROID (51a5b69d350864e9562a2470b487b139)] -> xpath: .//word], [[AndroidDriver: chrome on ANDROID (51a5b69d350864e9562a2470b487b139)] -> xpath: .//word], [[AndroidDriver: chrome on ANDROID (51a5b69d350864e9562a2470b487b139)] -> xpath: .//word], [[AndroidDriver: chrome on ANDROID (51a5b69d350864e9562a2470b487b139)] -> xpath: .//word], [[AndroidDriver: chrome on ANDROID (51a5b69d350864e9562a2470b487b139)] -> xpath: .//word], [[AndroidDriver: chrome on ANDROID (51a5b69d350864e9562a2470b487b139)] -> xpath: .//word], [[AndroidDriver: chrome on ANDROID (51a5b69d350864e9562a2470b487b139)] -> xpath: .//word], [[AndroidDriver: chrome on ANDROID (51a5b69d350864e9562a2470b487b139)] -> xpath: .//word], [[AndroidDriver: chrome on ANDROID (51a5b69d350864e9562a2470b487b139)] -> xpath: .//word], [[AndroidDriver: chrome on ANDROID (51a5b69d350864e9562a2470b487b139)] -> xpath: .//word], [[AndroidDriver: chrome on ANDROID (51a5b69d350864e9562a2470b487b139)] -> xpath: .//word], [[AndroidDriver: chrome on ANDROID (51a5b69d350864e9562a2470b487b139)] -> xpath: .//word], [[AndroidDriver: chrome on ANDROID (51a5b69d350864e9562a2470b487b139)] -> xpath: .//word], [[AndroidDriver: chrome on ANDROID (51a5b69d350864e9562a2470b487b139)] -> xpath: .//word], [[AndroidDriver: chrome on ANDROID (51a5b69d350864e9562a2470b487b139)] -> xpath: .//word], [[AndroidDriver: chrome on ANDROID (51a5b69d350864e9562a2470b487b139)] -> xpath: .//word], [[AndroidDriver: chrome on ANDROID (51a5b69d350864e9562a2470b487b139)] -> xpath: .//word], [[AndroidDriver: chrome on ANDROID (51a5b69d350864e9562a2470b487b139)] -> xpath: .//word], [[AndroidDriver: chrome on ANDROID (51a5b69d350864e9562a2470b487b139)] -> xpath: .//word], [[AndroidDriver: chrome on ANDROID (51a5b69d350864e9562a2470b487b139)] -> xpath: .//word], [[AndroidDriver: chrome on ANDROID (51a5b69d350864e9562a2470b487b139)] -> xpath: .//word], [[AndroidDriver: chrome on ANDROID (51a5b69d350864e9562a2470b487b139)] -> xpath: .//word], [[AndroidDriver: chrome on ANDROID (51a5b69d350864e9562a2470b487b139)] -> xpath: .//word], [[AndroidDriver: chrome on ANDROID (51a5b69d350864e9562a2470b487b139)] -> xpath: .//word], [[AndroidDriver: chrome on ANDROID (51a5b69d350864e9562a2470b487b139)] -> xpath: .//word], [[AndroidDriver: chrome on ANDROID (51a5b69d350864e9562a2470b487b139)] -> xpath: .//word], [[AndroidDriver: chrome on ANDROID (51a5b69d350864e9562a2470b487b139)] -> xpath: .//word], [[AndroidDriver: chrome on ANDROID (51a5b69d350864e9562a2470b487b139)] -> xpath: .//word], [[AndroidDriver: chrome on ANDROID (51a5b69d350864e9562a2470b487b139)] -> xpath: .//word], [[AndroidDriver: chrome on ANDROID (51a5b69d350864e9562a2470b487b139)] -> xpath: .//word], [[AndroidDriver: chrome on ANDROID (51a5b69d350864e9562a2470b487b139)] -> xpath: .//word], [[AndroidDriver: chrome on ANDROID (51a5b69d350864e9562a2470b487b139)] -> xpath: .//word], [[AndroidDriver: chrome on ANDROID (51a5b69d350864e9562a2470b487b139)] -> xpath: .//word], [[AndroidDriver: chrome on ANDROID (51a5b69d350864e9562a2470b487b139)] -> xpath: .//word], [[AndroidDriver: chrome on ANDROID (51a5b69d350864e9562a2470b487b139)] -> xpath: .//word], [[AndroidDriver: chrome on ANDROID (51a5b69d350864e9562a2470b487b139)] -> xpath: .//word], [[AndroidDriver: chrome on ANDROID (51a5b69d350864e9562a2470b487b139)] -> xpath: .//word], [[AndroidDriver: chrome on ANDROID (51a5b69d350864e9562a2470b487b139)] -> xpath: .//word], [[AndroidDriver: chrome on ANDROID (51a5b69d350864e9562a2470b487b139)] -> xpath: .//word], [[AndroidDriver: chrome on ANDROID (51a5b69d350864e9562a2470b487b139)] -> xpath: .//word], [[AndroidDriver: chrome on ANDROID (51a5b69d350864e9562a2470b487b139)] -> xpath: .//word], [[AndroidDriver: chrome on ANDROID (51a5b69d350864e9562a2470b487b139)] -> xpath: .//word], [[AndroidDriver: chrome on ANDROID (51a5b69d350864e9562a2470b487b139)] -> xpath: .//word], [[AndroidDriver: chrome on ANDROID (51a5b69d350864e9562a2470b487b139)] -> xpath: .//word], [[AndroidDriver: chrome on ANDROID (51a5b69d350864e9562a2470b487b139)] -> xpath: .//word], [[AndroidDriver: chrome on ANDROID (51a5b69d350864e9562a2470b487b139)] -> xpath: .//word], [[AndroidDriver: chrome on ANDROID (51a5b69d350864e9562a2470b487b139)] -> xpath: .//word], [[AndroidDriver: chrome on ANDROID (51a5b69d350864e9562a2470b487b139)] -> xpath: .//word], [[AndroidDriver: chrome on ANDROID (51a5b69d350864e9562a2470b487b139)] -> xpath: .//word], [[AndroidDriver: chrome on ANDROID (51a5b69d350864e9562a2470b487b139)] -> xpath: .//word], [[AndroidDriver: chrome on ANDROID (51a5b69d350864e9562a2470b487b139)] -> xpath: .//word], [[AndroidDriver: chrome on ANDROID (51a5b69d350864e9562a2470b487b139)] -> xpath: .//word], [[AndroidDriver: chrome on ANDROID (51a5b69d350864e9562a2470b487b139)] -> xpath: .//word], [[AndroidDriver: chrome on ANDROID (51a5b69d350864e9562a2470b487b139)] -> xpath: .//word], [[AndroidDriver: chrome on ANDROID (51a5b69d350864e9562a2470b487b139)] -> xpath: .//word], [[AndroidDriver: chrome on ANDROID (51a5b69d350864e9562a2470b487b139)] -> xpath: .//word], [[AndroidDriver: chrome on ANDROID (51a5b69d350864e9562a2470b487b139)] -> xpath: .//word], [[AndroidDriver: chrome on ANDROID (51a5b69d350864e9562a2470b487b139)] -> xpath: .//word], [[AndroidDriver: chrome on ANDROID (51a5b69d350864e9562a2470b487b139)] -> xpath: .//word], [[AndroidDriver: chrome on ANDROID (51a5b69d350864e9562a2470b487b139)] -> xpath: .//word], [[AndroidDriver: chrome on ANDROID (51a5b69d350864e9562a2470b487b139)] -> xpath: .//word], [[AndroidDriver: chrome on ANDROID (51a5b69d350864e9562a2470b487b139)] -> xpath: .//word], [[AndroidDriver: chrome on ANDROID (51a5b69d350864e9562a2470b487b139)] -> xpath: .//word], [[AndroidDriver: chrome on ANDROID (51a5b69d350864e9562a2470b487b139)] -> xpath: .//word], [[AndroidDriver: chrome on ANDROID (51a5b69d350864e9562a2470b487b139)] -> xpath: .//word], [[AndroidDriver: chrome on ANDROID (51a5b69d350864e9562a2470b487b139)] -> xpath: .//word], [[AndroidDriver: chrome on ANDROID (51a5b69d350864e9562a2470b487b139)] -> xpath: .//word], [[AndroidDriver: chrome on ANDROID (51a5b69d350864e9562a2470b487b139)] -> xpath: .//word], [[AndroidDriver: chrome on ANDROID (51a5b69d350864e9562a2470b487b139)] -> xpath: .//word], [[AndroidDriver: chrome on ANDROID (51a5b69d350864e9562a2470b487b139)] -> xpath: .//word], [[AndroidDriver: chrome on ANDROID (51a5b69d350864e9562a2470b487b139)] -> xpath: .//word], [[AndroidDriver: chrome on ANDROID (51a5b69d350864e9562a2470b487b139)] -> xpath: .//word], [[AndroidDriver: chrome on ANDROID (51a5b69d350864e9562a2470b487b139)] -> xpath: .//word], [[AndroidDriver: chrome on ANDROID (51a5b69d350864e9562a2470b487b139)] -> xpath: .//word], [[AndroidDriver: chrome on ANDROID (51a5b69d350864e9562a2470b487b139)] -> xpath: .//word], [[AndroidDriver: chrome on ANDROID (51a5b69d350864e9562a2470b487b139)] -> xpath: .//word], [[AndroidDriver: chrome on ANDROID (51a5b69d350864e9562a2470b487b139)] -> xpath: .//word], [[AndroidDriver: chrome on ANDROID (51a5b69d350864e9562a2470b487b139)] -> xpath: .//word], [[AndroidDriver: chrome on ANDROID (51a5b69d350864e9562a2470b487b139)] -> xpath: .//word], [[AndroidDriver: chrome on ANDROID (51a5b69d350864e9562a2470b487b139)] -> xpath: .//word], [[AndroidDriver: chrome on ANDROID (51a5b69d350864e9562a2470b487b139)] -> xpath: .//word], [[AndroidDriver: chrome on ANDROID (51a5b69d350864e9562a2470b487b139)] -> xpath: .//word], [[AndroidDriver: chrome on ANDROID (51a5b69d350864e9562a2470b487b139)] -> xpath: .//word], [[AndroidDriver: chrome on ANDROID (51a5b69d350864e9562a2470b487b139)] -> xpath: .//word], [[AndroidDriver: chrome on ANDROID (51a5b69d350864e9562a2470b487b139)] -> xpath: .//word], [[AndroidDriver: chrome on ANDROID (51a5b69d350864e9562a2470b487b139)] -> xpath: .//word], [[AndroidDriver: chrome on ANDROID (51a5b69d350864e9562a2470b487b139)] -> xpath: .//word], [[AndroidDriver: chrome on ANDROID (51a5b69d350864e9562a2470b487b139)] -> xpath: .//word], [[AndroidDriver: chrome on ANDROID (51a5b69d350864e9562a2470b487b139)] -> xpath: .//word], [[AndroidDriver: chrome on ANDROID (51a5b69d350864e9562a2470b487b139)] -> xpath: .//word], [[AndroidDriver: chrome on ANDROID (51a5b69d350864e9562a2470b487b139)] -> xpath: .//word], [[AndroidDriver: chrome on ANDROID (51a5b69d350864e9562a2470b487b139)] -> xpath: .//word], [[AndroidDriver: chrome on ANDROID (51a5b69d350864e9562a2470b487b139)] -> xpath: .//word], [[AndroidDriver: chrome on ANDROID (51a5b69d350864e9562a2470b487b139)] -> xpath: .//word], [[AndroidDriver: chrome on ANDROID (51a5b69d350864e9562a2470b487b139)] -> xpath: .//word], [[AndroidDriver: chrome on ANDROID (51a5b69d350864e9562a2470b487b139)] -> xpath: .//word], [[AndroidDriver: chrome on ANDROID (51a5b69d350864e9562a2470b487b139)] -> xpath: .//word], [[AndroidDriver: chrome on ANDROID (51a5b69d350864e9562a2470b487b139)] -> xpath: .//word], [[AndroidDriver: chrome on ANDROID (51a5b69d350864e9562a2470b487b139)] -> xpath: .//word], [[AndroidDriver: chrome on ANDROID (51a5b69d350864e9562a2470b487b139)] -> xpath: .//word], [[AndroidDriver: chrome on ANDROID (51a5b69d350864e9562a2470b487b139)] -> xpath: .//word], [[AndroidDriver: chrome on ANDROID (51a5b69d350864e9562a2470b487b139)] -> xpath: .//word], [[AndroidDriver: chrome on ANDROID (51a5b69d350864e9562a2470b487b139)] -> xpath: .//word], [[AndroidDriver: chrome on ANDROID (51a5b69d350864e9562a2470b487b139)] -> xpath: .//word], [[AndroidDriver: chrome on ANDROID (51a5b69d350864e9562a2470b487b139)] -> xpath: .//word], [[AndroidDriver: chrome on ANDROID (51a5b69d350864e9562a2470b487b139)] -> xpath: .//word], [[AndroidDriver: chrome on ANDROID (51a5b69d350864e9562a2470b487b139)] -> xpath: .//word], [[AndroidDriver: chrome on ANDROID (51a5b69d350864e9562a2470b487b139)] -> xpath: .//word], [[AndroidDriver: chrome on ANDROID (51a5b69d350864e9562a2470b487b139)] -> xpath: .//word], [[AndroidDriver: chrome on ANDROID (51a5b69d350864e9562a2470b487b139)] -> xpath: .//word], [[AndroidDriver: chrome on ANDROID (51a5b69d350864e9562a2470b487b139)] -> xpath: .//word], [[AndroidDriver: chrome on ANDROID (51a5b69d350864e9562a2470b487b139)] -> xpath: .//word], [[AndroidDriver: chrome on ANDROID (51a5b69d350864e9562a2470b487b139)] -> xpath: .//word], [[AndroidDriver: chrome on ANDROID (51a5b69d350864e9562a2470b487b139)] -> xpath: .//word], [[AndroidDriver: chrome on ANDROID (51a5b69d350864e9562a2470b487b139)] -> xpath: .//word], [[AndroidDriver: chrome on ANDROID (51a5b69d350864e9562a2470b487b139)] -> xpath: .//word], [[AndroidDriver: chrome on ANDROID (51a5b69d350864e9562a2470b487b139)] -> xpath: .//word], [[AndroidDriver: chrome on ANDROID (51a5b69d350864e9562a2470b487b139)] -> xpath: .//word], [[AndroidDriver: chrome on ANDROID (51a5b69d350864e9562a2470b487b139)] -> xpath: .//word], [[AndroidDriver: chrome on ANDROID (51a5b69d350864e9562a2470b487b139)] -> xpath: .//word], [[AndroidDriver: chrome on ANDROID (51a5b69d350864e9562a2470b487b139)] -> xpath: .//word], [[AndroidDriver: chrome on ANDROID (51a5b69d350864e9562a2470b487b139)] -> xpath: .//word], [[AndroidDriver: chrome on ANDROID (51a5b69d350864e9562a2470b487b139)] -> xpath: .//word], [[AndroidDriver: chrome on ANDROID (51a5b69d350864e9562a2470b487b139)] -> xpath: .//word], [[AndroidDriver: chrome on ANDROID (51a5b69d350864e9562a2470b487b139)] -> xpath: .//word], [[AndroidDriver: chrome on ANDROID (51a5b69d350864e9562a2470b487b139)] -> xpath: .//word], [[AndroidDriver: chrome on ANDROID (51a5b69d350864e9562a2470b487b139)] -> xpath: .//word], [[AndroidDriver: chrome on ANDROID (51a5b69d350864e9562a2470b487b139)] -> xpath: .//word], [[AndroidDriver: chrome on ANDROID (51a5b69d350864e9562a2470b487b139)] -> xpath: .//word], [[AndroidDriver: chrome on ANDROID (51a5b69d350864e9562a2470b487b139)] -> xpath: .//word], [[AndroidDriver: chrome on ANDROID (51a5b69d350864e9562a2470b487b139)] -> xpath: .//word], [[AndroidDriver: chrome on ANDROID (51a5b69d350864e9562a2470b487b139)] -> xpath: .//word], [[AndroidDriver: chrome on ANDROID (51a5b69d350864e9562a2470b487b139)] -> xpath: .//word], [[AndroidDriver: chrome on ANDROID (51a5b69d350864e9562a2470b487b139)] -> xpath: .//word], [[AndroidDriver: chrome on ANDROID (51a5b69d350864e9562a2470b487b139)] -> xpath: .//word], [[AndroidDriver: chrome on ANDROID (51a5b69d350864e9562a2470b487b139)] -> xpath: .//word], [[AndroidDriver: chrome on ANDROID (51a5b69d350864e9562a2470b487b139)] -> xpath: .//word], [[AndroidDriver: chrome on ANDROID (51a5b69d350864e9562a2470b487b139)] -> xpath: .//word], [[AndroidDriver: chrome on ANDROID (51a5b69d350864e9562a2470b487b139)] -> xpath: .//word], [[AndroidDriver: chrome on ANDROID (51a5b69d350864e9562a2470b487b139)] -> xpath: .//word], [[AndroidDriver: chrome on ANDROID (51a5b69d350864e9562a2470b487b139)] -> xpath: .//word], [[AndroidDriver: chrome on ANDROID (51a5b69d350864e9562a2470b487b139)] -> xpath: .//word], [[AndroidDriver: chrome on ANDROID (51a5b69d350864e9562a2470b487b139)] -> xpath: .//word], [[AndroidDriver: chrome on ANDROID (51a5b69d350864e9562a2470b487b139)] -> xpath: .//word], [[AndroidDriver: chrome on ANDROID (51a5b69d350864e9562a2470b487b139)] -> xpath: .//word], [[AndroidDriver: chrome on ANDROID (51a5b69d350864e9562a2470b487b139)] -> xpath: .//word], [[AndroidDriver: chrome on ANDROID (51a5b69d350864e9562a2470b487b139)] -> xpath: .//word], [[AndroidDriver: chrome on ANDROID (51a5b69d350864e9562a2470b487b139)] -> xpath: .//word], [[AndroidDriver: chrome on ANDROID (51a5b69d350864e9562a2470b487b139)] -> xpath: .//word], [[AndroidDriver: chrome on ANDROID (51a5b69d350864e9562a2470b487b139)] -> xpath: .//word], [[AndroidDriver: chrome on ANDROID (51a5b69d350864e9562a2470b487b139)] -> xpath: .//word], [[AndroidDriver: chrome on ANDROID (51a5b69d350864e9562a2470b487b139)] -> xpath: .//word], [[AndroidDriver: chrome on ANDROID (51a5b69d350864e9562a2470b487b139)] -> xpath: .//word], [[AndroidDriver: chrome on ANDROID (51a5b69d350864e9562a2470b487b139)] -> xpath: .//word], [[AndroidDriver: chrome on ANDROID (51a5b69d350864e9562a2470b487b139)] -> xpath: .//word], [[AndroidDriver: chrome on ANDROID (51a5b69d350864e9562a2470b487b139)] -> xpath: .//word], [[AndroidDriver: chrome on ANDROID (51a5b69d350864e9562a2470b487b139)] -> xpath: .//word], [[AndroidDriver: chrome on ANDROID (51a5b69d350864e9562a2470b487b139)] -> xpath: .//word], [[AndroidDriver: chrome on ANDROID (51a5b69d350864e9562a2470b487b139)] -> xpath: .//word], [[AndroidDriver: chrome on ANDROID (51a5b69d350864e9562a2470b487b139)] -> xpath: .//word], [[AndroidDriver: chrome on ANDROID (51a5b69d350864e9562a2470b487b139)] -> xpath: .//word], [[AndroidDriver: chrome on ANDROID (51a5b69d350864e9562a2470b487b139)] -> xpath: .//word], [[AndroidDriver: chrome on ANDROID (51a5b69d350864e9562a2470b487b139)] -> xpath: .//word], [[AndroidDriver: chrome on ANDROID (51a5b69d350864e9562a2470b487b139)] -> xpath: .//word], [[AndroidDriver: chrome on ANDROID (51a5b69d350864e9562a2470b487b139)] -> xpath: .//word], [[AndroidDriver: chrome on ANDROID (51a5b69d350864e9562a2470b487b139)] -> xpath: .//word], [[AndroidDriver: chrome on ANDROID (51a5b69d350864e9562a2470b487b139)] -> xpath: .//word], [[AndroidDriver: chrome on ANDROID (51a5b69d350864e9562a2470b487b139)] -> xpath: .//word], [[AndroidDriver: chrome on ANDROID (51a5b69d350864e9562a2470b487b139)] -> xpath: .//word], [[AndroidDriver: chrome on ANDROID (51a5b69d350864e9562a2470b487b139)] -> xpath: .//word], [[AndroidDriver: chrome on ANDROID (51a5b69d350864e9562a2470b487b139)] -> xpath: .//word], [[AndroidDriver: chrome on ANDROID (51a5b69d350864e9562a2470b487b139)] -> xpath: .//word], [[AndroidDriver: chrome on ANDROID (51a5b69d350864e9562a2470b487b139)] -> xpath: .//word], [[AndroidDriver: chrome on ANDROID (51a5b69d350864e9562a2470b487b139)] -> xpath: .//word], [[AndroidDriver: chrome on ANDROID (51a5b69d350864e9562a2470b487b139)] -> xpath: .//word], [[AndroidDriver: chrome on ANDROID (51a5b69d350864e9562a2470b487b139)] -> xpath: .//word], [[AndroidDriver: chrome on ANDROID (51a5b69d350864e9562a2470b487b139)] -> xpath: .//word], [[AndroidDriver: chrome on ANDROID (51a5b69d350864e9562a2470b487b139)] -> xpath: .//word], [[AndroidDriver: chrome on ANDROID (51a5b69d350864e9562a2470b487b139)] -> xpath: .//word], [[AndroidDriver: chrome on ANDROID (51a5b69d350864e9562a2470b487b139)] -> xpath: .//word], [[AndroidDriver: chrome on ANDROID (51a5b69d350864e9562a2470b487b139)] -> xpath: .//word], [[AndroidDriver: chrome on ANDROID (51a5b69d350864e9562a2470b487b139)] -> xpath: .//word], [[AndroidDriver: chrome on ANDROID (51a5b69d350864e9562a2470b487b139)] -> xpath: .//word], [[AndroidDriver: chrome on ANDROID (51a5b69d350864e9562a2470b487b139)] -> xpath: .//word], [[AndroidDriver: chrome on ANDROID (51a5b69d350864e9562a2470b487b139)] -> xpath: .//word], [[AndroidDriver: chrome on ANDROID (51a5b69d350864e9562a2470b487b139)] -> xpath: .//word], [[AndroidDriver: chrome on ANDROID (51a5b69d350864e9562a2470b487b139)] -> xpath: .//word], [[AndroidDriver: chrome on ANDROID (51a5b69d350864e9562a2470b487b139)] -> xpath: .//word], [[AndroidDriver: chrome on ANDROID (51a5b69d350864e9562a2470b487b139)] -> xpath: .//word], [[AndroidDriver: chrome on ANDROID (51a5b69d350864e9562a2470b487b139)] -> xpath: .//word], [[AndroidDriver: chrome on ANDROID (51a5b69d350864e9562a2470b487b139)] -> xpath: .//word], [[AndroidDriver: chrome on ANDROID (51a5b69d350864e9562a2470b487b139)] -> xpath: .//word], [[AndroidDriver: chrome on ANDROID (51a5b69d350864e9562a2470b487b139)] -> xpath: .//word], [[AndroidDriver: chrome on ANDROID (51a5b69d350864e9562a2470b487b139)] -> xpath: .//word], [[AndroidDriver: chrome on ANDROID (51a5b69d350864e9562a2470b487b139)] -> xpath: .//word], [[AndroidDriver: chrome on ANDROID (51a5b69d350864e9562a2470b487b139)] -> xpath: .//word], [[AndroidDriver: chrome on ANDROID (51a5b69d350864e9562a2470b487b139)] -> xpath: .//word], [[AndroidDriver: chrome on ANDROID (51a5b69d350864e9562a2470b487b139)] -> xpath: .//word], [[AndroidDriver: chrome on ANDROID (51a5b69d350864e9562a2470b487b139)] -> xpath: .//word], [[AndroidDriver: chrome on ANDROID (51a5b69d350864e9562a2470b487b139)] -> xpath: .//word], [[AndroidDriver: chrome on ANDROID (51a5b69d350864e9562a2470b487b139)] -> xpath: .//word], [[AndroidDriver: chrome on ANDROID (51a5b69d350864e9562a2470b487b139)] -> xpath: .//word], [[AndroidDriver: chrome on ANDROID (51a5b69d350864e9562a2470b487b139)] -> xpath: .//word], [[AndroidDriver: chrome on ANDROID (51a5b69d350864e9562a2470b487b139)] -> xpath: .//word], [[AndroidDriver: chrome on ANDROID (51a5b69d350864e9562a2470b487b139)] -> xpath: .//word], [[AndroidDriver: chrome on ANDROID (51a5b69d350864e9562a2470b487b139)] -> xpath: .//word], [[AndroidDriver: chrome on ANDROID (51a5b69d350864e9562a2470b487b139)] -> xpath: .//word], [[AndroidDriver: chrome on ANDROID (51a5b69d350864e9562a2470b487b139)] -> xpath: .//word], [[AndroidDriver: chrome on ANDROID (51a5b69d350864e9562a2470b487b139)] -> xpath: .//word], [[AndroidDriver: chrome on ANDROID (51a5b69d350864e9562a2470b487b139)] -> xpath: .//word], [[AndroidDriver: chrome on ANDROID (51a5b69d350864e9562a2470b487b139)] -> xpath: .//word], [[AndroidDriver: chrome on ANDROID (51a5b69d350864e9562a2470b487b139)] -> xpath: .//word], [[AndroidDriver: chrome on ANDROID (51a5b69d350864e9562a2470b487b139)] -> xpath: .//word], [[AndroidDriver: chrome on ANDROID (51a5b69d350864e9562a2470b487b139)] -> xpath: .//word], [[AndroidDriver: chrome on ANDROID (51a5b69d350864e9562a2470b487b139)] -> xpath: .//word], [[AndroidDriver: chrome on ANDROID (51a5b69d350864e9562a2470b487b139)] -> xpath: .//word], [[AndroidDriver: chrome on ANDROID (51a5b69d350864e9562a2470b487b139)] -> xpath: .//word], [[AndroidDriver: chrome on ANDROID (51a5b69d350864e9562a2470b487b139)] -> xpath: .//word], [[AndroidDriver: chrome on ANDROID (51a5b69d350864e9562a2470b487b139)] -> xpath: .//word], [[AndroidDriver: chrome on ANDROID (51a5b69d350864e9562a2470b487b139)] -> xpath: .//word], [[AndroidDriver: chrome on ANDROID (51a5b69d350864e9562a2470b487b139)] -> xpath: .//word], [[AndroidDriver: chrome on ANDROID (51a5b69d350864e9562a2470b487b139)] -> xpath: .//word], [[AndroidDriver: chrome on ANDROID (51a5b69d350864e9562a2470b487b139)] -> xpath: .//word], [[AndroidDriver: chrome on ANDROID (51a5b69d350864e9562a2470b487b139)] -> xpath: .//word], [[AndroidDriver: chrome on ANDROID (51a5b69d350864e9562a2470b487b139)] -> xpath: .//word], [[AndroidDriver: chrome on ANDROID (51a5b69d350864e9562a2470b487b139)] -> xpath: .//word], [[AndroidDriver: chrome on ANDROID (51a5b69d350864e9562a2470b487b139)] -> xpath: .//word], [[AndroidDriver: chrome on ANDROID (51a5b69d350864e9562a2470b487b139)] -> xpath: .//word], [[AndroidDriver: chrome on ANDROID (51a5b69d350864e9562a2470b487b139)] -> xpath: .//word], [[AndroidDriver: chrome on ANDROID (51a5b69d350864e9562a2470b487b139)] -> xpath: .//word], [[AndroidDriver: chrome on ANDROID (51a5b69d350864e9562a2470b487b139)] -> xpath: .//word], [[AndroidDriver: chrome on ANDROID (51a5b69d350864e9562a2470b487b139)] -> xpath: .//word], [[AndroidDriver: chrome on ANDROID (51a5b69d350864e9562a2470b487b139)] -> xpath: .//word], [[AndroidDriver: chrome on ANDROID (51a5b69d350864e9562a2470b487b139)] -> xpath: .//word], [[AndroidDriver: chrome on ANDROID (51a5b69d350864e9562a2470b487b139)] -> xpath: .//word], [[AndroidDriver: chrome on ANDROID (51a5b69d350864e9562a2470b487b139)] -> xpath: .//word], [[AndroidDriver: chrome on ANDROID (51a5b69d350864e9562a2470b487b139)] -> xpath: .//word], [[AndroidDriver: chrome on ANDROID (51a5b69d350864e9562a2470b487b139)] -> xpath: .//word], [[AndroidDriver: chrome on ANDROID (51a5b69d350864e9562a2470b487b139)] -> xpath: .//word], [[AndroidDriver: chrome on ANDROID (51a5b69d350864e9562a2470b487b139)] -> xpath: .//word], [[AndroidDriver: chrome on ANDROID (51a5b69d350864e9562a2470b487b139)] -> xpath: .//word], [[AndroidDriver: chrome on ANDROID (51a5b69d350864e9562a2470b487b139)] -> xpath: .//word], [[AndroidDriver: chrome on ANDROID (51a5b69d350864e9562a2470b487b139)] -> xpath: .//word], [[AndroidDriver: chrome on ANDROID (51a5b69d350864e9562a2470b487b139)] -> xpath: .//word], [[AndroidDriver: chrome on ANDROID (51a5b69d350864e9562a2470b487b139)] -> xpath: .//word], [[AndroidDriver: chrome on ANDROID (51a5b69d350864e9562a2470b487b139)] -> xpath: .//word], [[AndroidDriver: chrome on ANDROID (51a5b69d350864e9562a2470b487b139)] -> xpath: .//word], [[AndroidDriver: chrome on ANDROID (51a5b69d350864e9562a2470b487b139)] -> xpath: .//word], [[AndroidDriver: chrome on ANDROID (51a5b69d350864e9562a2470b487b139)] -> xpath: .//word], [[AndroidDriver: chrome on ANDROID (51a5b69d350864e9562a2470b487b139)] -> xpath: .//word], [[AndroidDriver: chrome on ANDROID (51a5b69d350864e9562a2470b487b139)] -> xpath: .//word], [[AndroidDriver: chrome on ANDROID (51a5b69d350864e9562a2470b487b139)] -> xpath: .//word], [[AndroidDriver: chrome on ANDROID (51a5b69d350864e9562a2470b487b139)] -> xpath: .//word], [[AndroidDriver: chrome on ANDROID (51a5b69d350864e9562a2470b487b139)] -> xpath: .//word], [[AndroidDriver: chrome on ANDROID (51a5b69d350864e9562a2470b487b139)] -> xpath: .//word], [[AndroidDriver: chrome on ANDROID (51a5b69d350864e9562a2470b487b139)] -> xpath: .//word], [[AndroidDriver: chrome on ANDROID (51a5b69d350864e9562a2470b487b139)] -> xpath: .//word], [[AndroidDriver: chrome on ANDROID (51a5b69d350864e9562a2470b487b139)] -> xpath: .//word], [[AndroidDriver: chrome on ANDROID (51a5b69d350864e9562a2470b487b139)] -> xpath: .//word], [[AndroidDriver: chrome on ANDROID (51a5b69d350864e9562a2470b487b139)] -> xpath: .//word], [[AndroidDriver: chrome on ANDROID (51a5b69d350864e9562a2470b487b139)] -> xpath: .//word], [[AndroidDriver: chrome on ANDROID (51a5b69d350864e9562a2470b487b139)] -> xpath: .//word], [[AndroidDriver: chrome on ANDROID (51a5b69d350864e9562a2470b487b139)] -> xpath: .//word], [[AndroidDriver: chrome on ANDROID (51a5b69d350864e9562a2470b487b139)] -> xpath: .//word], [[AndroidDriver: chrome on ANDROID (51a5b69d350864e9562a2470b487b139)] -> xpath: .//word], [[AndroidDriver: chrome on ANDROID (51a5b69d350864e9562a2470b487b139)] -> xpath: .//word], [[AndroidDriver: chrome on ANDROID (51a5b69d350864e9562a2470b487b139)] -> xpath: .//word], [[AndroidDriver: chrome on ANDROID (51a5b69d350864e9562a2470b487b139)] -> xpath: .//word], [[AndroidDriver: chrome on ANDROID (51a5b69d350864e9562a2470b487b139)] -> xpath: .//word], [[AndroidDriver: chrome on ANDROID (51a5b69d350864e9562a2470b487b139)] -> xpath: .//word], [[AndroidDriver: chrome on ANDROID (51a5b69d350864e9562a2470b487b139)] -> xpath: .//word], [[AndroidDriver: chrome on ANDROID (51a5b69d350864e9562a2470b487b139)] -> xpath: .//word], [[AndroidDriver: chrome on ANDROID (51a5b69d350864e9562a2470b487b139)] -> xpath: .//word], [[AndroidDriver: chrome on ANDROID (51a5b69d350864e9562a2470b487b139)] -> xpath: .//word], [[AndroidDriver: chrome on ANDROID (51a5b69d350864e9562a2470b487b139)] -> xpath: .//word], [[AndroidDriver: chrome on ANDROID (51a5b69d350864e9562a2470b487b139)] -> xpath: .//word], [[AndroidDriver: chrome on ANDROID (51a5b69d350864e9562a2470b487b139)] -> xpath: .//word], [[AndroidDriver: chrome on ANDROID (51a5b69d350864e9562a2470b487b139)] -> xpath: .//word], [[AndroidDriver: chrome on ANDROID (51a5b69d350864e9562a2470b487b139)] -> xpath: .//word], [[AndroidDriver: chrome on ANDROID (51a5b69d350864e9562a2470b487b139)] -> xpath: .//word], [[AndroidDriver: chrome on ANDROID (51a5b69d350864e9562a2470b487b139)] -> xpath: .//word], [[AndroidDriver: chrome on ANDROID (51a5b69d350864e9562a2470b487b139)] -> xpath: .//word], [[AndroidDriver: chrome on ANDROID (51a5b69d350864e9562a2470b487b139)] -> xpath: .//word], [[AndroidDriver: chrome on ANDROID (51a5b69d350864e9562a2470b487b139)] -> xpath: .//word], [[AndroidDriver: chrome on ANDROID (51a5b69d350864e9562a2470b487b139)] -> xpath: .//word], [[AndroidDriver: chrome on ANDROID (51a5b69d350864e9562a2470b487b139)] -> xpath: .//word], [[AndroidDriver: chrome on ANDROID (51a5b69d350864e9562a2470b487b139)] -> xpath: .//word], [[AndroidDriver: chrome on ANDROID (51a5b69d350864e9562a2470b487b139)] -> xpath: .//word], [[AndroidDriver: chrome on ANDROID (51a5b69d350864e9562a2470b487b139)] -> xpath: .//word], [[AndroidDriver: chrome on ANDROID (51a5b69d350864e9562a2470b487b139)] -> xpath: .//word], [[AndroidDriver: chrome on ANDROID (51a5b69d350864e9562a2470b487b139)] -> xpath: .//word], [[AndroidDriver: chrome on ANDROID (51a5b69d350864e9562a2470b487b139)] -> xpath: .//word], [[AndroidDriver: chrome on ANDROID (51a5b69d350864e9562a2470b487b139)] -> xpath: .//word], [[AndroidDriver: chrome on ANDROID (51a5b69d350864e9562a2470b487b139)] -> xpath: .//word], [[AndroidDriver: chrome on ANDROID (51a5b69d350864e9562a2470b487b139)] -> xpath: .//word], [[AndroidDriver: chrome on ANDROID (51a5b69d350864e9562a2470b487b139)] -> xpath: .//word], [[AndroidDriver: chrome on ANDROID (51a5b69d350864e9562a2470b487b139)] -> xpath: .//word], [[AndroidDriver: chrome on ANDROID (51a5b69d350864e9562a2470b487b139)] -> xpath: .//word], [[AndroidDriver: chrome on ANDROID (51a5b69d350864e9562a2470b487b139)] -> xpath: .//word], [[AndroidDriver: chrome on ANDROID (51a5b69d350864e9562a2470b487b139)] -> xpath: .//word], [[AndroidDriver: chrome on ANDROID (51a5b69d350864e9562a2470b487b139)] -> xpath: .//word], [[AndroidDriver: chrome on ANDROID (51a5b69d350864e9562a2470b487b139)] -> xpath: .//word], [[AndroidDriver: chrome on ANDROID (51a5b69d350864e9562a2470b487b139)] -> xpath: .//word], [[AndroidDriver: chrome on ANDROID (51a5b69d350864e9562a2470b487b139)] -> xpath: .//word], [[AndroidDriver: chrome on ANDROID (51a5b69d350864e9562a2470b487b139)] -> xpath: .//word], [[AndroidDriver: chrome on ANDROID (51a5b69d350864e9562a2470b487b139)] -> xpath: .//word], [[AndroidDriver: chrome on ANDROID (51a5b69d350864e9562a2470b487b139)] -> xpath: .//word], [[AndroidDriver: chrome on ANDROID (51a5b69d350864e9562a2470b487b139)] -> xpath: .//word], [[AndroidDriver: chrome on ANDROID (51a5b69d350864e9562a2470b487b139)] -> xpath: .//word], [[AndroidDriver: chrome on ANDROID (51a5b69d350864e9562a2470b487b139)] -> xpath: .//word], [[AndroidDriver: chrome on ANDROID (51a5b69d350864e9562a2470b487b139)] -> xpath: .//word], [[AndroidDriver: chrome on ANDROID (51a5b69d350864e9562a2470b487b139)] -> xpath: .//word], [[AndroidDriver: chrome on ANDROID (51a5b69d350864e9562a2470b487b139)] -> xpath: .//word], [[AndroidDriver: chrome on ANDROID (51a5b69d350864e9562a2470b487b139)] -> xpath: .//word], [[AndroidDriver: chrome on ANDROID (51a5b69d350864e9562a2470b487b139)] -> xpath: .//word], [[AndroidDriver: chrome on ANDROID (51a5b69d350864e9562a2470b487b139)] -> xpath: .//word], [[AndroidDriver: chrome on ANDROID (51a5b69d350864e9562a2470b487b139)] -> xpath: .//word], [[AndroidDriver: chrome on ANDROID (51a5b69d350864e9562a2470b487b139)] -> xpath: .//word], [[AndroidDriver: chrome on ANDROID (51a5b69d350864e9562a2470b487b139)] -> xpath: .//word], [[AndroidDriver: chrome on ANDROID (51a5b69d350864e9562a2470b487b139)] -> xpath: .//word], [[AndroidDriver: chrome on ANDROID (51a5b69d350864e9562a2470b487b139)] -> xpath: .//word], [[AndroidDriver: chrome on ANDROID (51a5b69d350864e9562a2470b487b139)] -> xpath: .//word], [[AndroidDriver: chrome on ANDROID (51a5b69d350864e9562a2470b487b139)] -> xpath: .//word], [[AndroidDriver: chrome on ANDROID (51a5b69d350864e9562a2470b487b139)] -> xpath: .//word], [[AndroidDriver: chrome on ANDROID (51a5b69d350864e9562a2470b487b139)] -> xpath: .//word], [[AndroidDriver: chrome on ANDROID (51a5b69d350864e9562a2470b487b139)] -> xpath: .//word], [[AndroidDriver: chrome on ANDROID (51a5b69d350864e9562a2470b487b139)] -> xpath: .//word], [[AndroidDriver: chrome on ANDROID (51a5b69d350864e9562a2470b487b139)] -> xpath: .//word], [[AndroidDriver: chrome on ANDROID (51a5b69d350864e9562a2470b487b139)] -> xpath: .//word], [[AndroidDriver: chrome on ANDROID (51a5b69d350864e9562a2470b487b139)] -> xpath: .//word], [[AndroidDriver: chrome on ANDROID (51a5b69d350864e9562a2470b487b139)] -> xpath: .//word], [[AndroidDriver: chrome on ANDROID (51a5b69d350864e9562a2470b487b139)] -> xpath: .//word], [[AndroidDriver: chrome on ANDROID (51a5b69d350864e9562a2470b487b139)] -> xpath: .//word], [[AndroidDriver: chrome on ANDROID (51a5b69d350864e9562a2470b487b139)] -> xpath: .//word], [[AndroidDriver: chrome on ANDROID (51a5b69d350864e9562a2470b487b139)] -> xpath: .//word], [[AndroidDriver: chrome on ANDROID (51a5b69d350864e9562a2470b487b139)] -> xpath: .//word], [[AndroidDriver: chrome on ANDROID (51a5b69d350864e9562a2470b487b139)] -> xpath: .//word], [[AndroidDriver: chrome on ANDROID (51a5b69d350864e9562a2470b487b139)] -> xpath: .//word], [[AndroidDriver: chrome on ANDROID (51a5b69d350864e9562a2470b487b139)] -> xpath: .//word], [[AndroidDriver: chrome on ANDROID (51a5b69d350864e9562a2470b487b139)] -> xpath: .//word], [[AndroidDriver: chrome on ANDROID (51a5b69d350864e9562a2470b487b139)] -> xpath: .//word], [[AndroidDriver: chrome on ANDROID (51a5b69d350864e9562a2470b487b139)] -> xpath: .//word], [[AndroidDriver: chrome on ANDROID (51a5b69d350864e9562a2470b487b139)] -> xpath: .//word], [[AndroidDriver: chrome on ANDROID (51a5b69d350864e9562a2470b487b139)] -> xpath: .//word], [[AndroidDriver: chrome on ANDROID (51a5b69d350864e9562a2470b487b139)] -> xpath: .//word], [[AndroidDriver: chrome on ANDROID (51a5b69d350864e9562a2470b487b139)] -> xpath: .//word], [[AndroidDriver: chrome on ANDROID (51a5b69d350864e9562a2470b487b139)] -> xpath: .//word], [[AndroidDriver: chrome on ANDROID (51a5b69d350864e9562a2470b487b139)] -> xpath: .//word], [[AndroidDriver: chrome on ANDROID (51a5b69d350864e9562a2470b487b139)] -> xpath: .//word], [[AndroidDriver: chrome on ANDROID (51a5b69d350864e9562a2470b487b139)] -> xpath: .//word], [[AndroidDriver: chrome on ANDROID (51a5b69d350864e9562a2470b487b139)] -> xpath: .//word], [[AndroidDriver: chrome on ANDROID (51a5b69d350864e9562a2470b487b139)] -> xpath: .//word], [[AndroidDriver: chrome on ANDROID (51a5b69d350864e9562a2470b487b139)] -> xpath: .//word], [[AndroidDriver: chrome on ANDROID (51a5b69d350864e9562a2470b487b139)] -> xpath: .//word], [[AndroidDriver: chrome on ANDROID (51a5b69d350864e9562a2470b487b139)] -> xpath: .//word], [[AndroidDriver: chrome on ANDROID (51a5b69d350864e9562a2470b487b139)] -> xpath: .//word], [[AndroidDriver: chrome on ANDROID (51a5b69d350864e9562a2470b487b139)] -> xpath: .//word], [[AndroidDriver: chrome on ANDROID (51a5b69d350864e9562a2470b487b139)] -> xpath: .//word], [[AndroidDriver: chrome on ANDROID (51a5b69d350864e9562a2470b487b139)] -> xpath: .//word], [[AndroidDriver: chrome on ANDROID (51a5b69d350864e9562a2470b487b139)] -> xpath: .//word], [[AndroidDriver: chrome on ANDROID (51a5b69d350864e9562a2470b487b139)] -> xpath: .//word], [[AndroidDriver: chrome on ANDROID (51a5b69d350864e9562a2470b487b139)] -> xpath: .//word], [[AndroidDriver: chrome on ANDROID (51a5b69d350864e9562a2470b487b139)] -> xpath: .//word], [[AndroidDriver: chrome on ANDROID (51a5b69d350864e9562a2470b487b139)] -> xpath: .//word], [[AndroidDriver: chrome on ANDROID (51a5b69d350864e9562a2470b487b139)] -> xpath: .//word], [[AndroidDriver: chrome on ANDROID (51a5b69d350864e9562a2470b487b139)] -> xpath: .//word], [[AndroidDriver: chrome on ANDROID (51a5b69d350864e9562a2470b487b139)] -> xpath: .//word], [[AndroidDriver: chrome on ANDROID (51a5b69d350864e9562a2470b487b139)] -> xpath: .//word], [[AndroidDriver: chrome on ANDROID (51a5b69d350864e9562a2470b487b139)] -> xpath: .//word], [[AndroidDriver: chrome on ANDROID (51a5b69d350864e9562a2470b487b139)] -> xpath: .//word], [[AndroidDriver: chrome on ANDROID (51a5b69d350864e9562a2470b487b139)] -> xpath: .//word], [[AndroidDriver: chrome on ANDROID (51a5b69d350864e9562a2470b487b139)] -> xpath: .//word], [[AndroidDriver: chrome on ANDROID (51a5b69d350864e9562a2470b487b139)] -> xpath: .//word], [[AndroidDriver: chrome on ANDROID (51a5b69d350864e9562a2470b487b139)] -> xpath: .//word], [[AndroidDriver: chrome on ANDROID (51a5b69d350864e9562a2470b487b139)] -> xpath: .//word], [[AndroidDriver: chrome on ANDROID (51a5b69d350864e9562a2470b487b139)] -> xpath: .//word], [[AndroidDriver: chrome on ANDROID (51a5b69d350864e9562a2470b487b139)] -> xpath: .//word], [[AndroidDriver: chrome on ANDROID (51a5b69d350864e9562a2470b487b139)] -> xpath: .//word], [[AndroidDriver: chrome on ANDROID (51a5b69d350864e9562a2470b487b139)] -> xpath: .//word], [[AndroidDriver: chrome on ANDROID (51a5b69d350864e9562a2470b487b139)] -> xpath: .//word], [[AndroidDriver: chrome on ANDROID (51a5b69d350864e9562a2470b487b139)] -> xpath: .//word], [[AndroidDriver: chrome on ANDROID (51a5b69d350864e9562a2470b487b139)] -> xpath: .//word], [[AndroidDriver: chrome on ANDROID (51a5b69d350864e9562a2470b487b139)] -> xpath: .//word], [[AndroidDriver: chrome on ANDROID (51a5b69d350864e9562a2470b487b139)] -> xpath: .//word], [[AndroidDriver: chrome on ANDROID (51a5b69d350864e9562a2470b487b139)] -> xpath: .//word], [[AndroidDriver: chrome on ANDROID (51a5b69d350864e9562a2470b487b139)] -> xpath: .//word], [[AndroidDriver: chrome on ANDROID (51a5b69d350864e9562a2470b487b139)] -> xpath: .//word], [[AndroidDriver: chrome on ANDROID (51a5b69d350864e9562a2470b487b139)] -> xpath: .//word], [[AndroidDriver: chrome on ANDROID (51a5b69d350864e9562a2470b487b139)] -> xpath: .//word], [[AndroidDriver: chrome on ANDROID (51a5b69d350864e9562a2470b487b139)] -> xpath: .//word], [[AndroidDriver: chrome on ANDROID (51a5b69d350864e9562a2470b487b139)] -> xpath: .//word], [[AndroidDriver: chrome on ANDROID (51a5b69d350864e9562a2470b487b139)] -> xpath: .//word], [[AndroidDriver: chrome on ANDROID (51a5b69d350864e9562a2470b487b139)] -> xpath: .//word], [[AndroidDriver: chrome on ANDROID (51a5b69d350864e9562a2470b487b139)] -> xpath: .//word], [[AndroidDriver: chrome on ANDROID (51a5b69d350864e9562a2470b487b139)] -> xpath: .//word], [[AndroidDriver: chrome on ANDROID (51a5b69d350864e9562a2470b487b139)] -> xpath: .//word], [[AndroidDriver: chrome on ANDROID (51a5b69d350864e9562a2470b487b139)] -> xpath: .//word], [[AndroidDriver: chrome on ANDROID (51a5b69d350864e9562a2470b487b139)] -> xpath: .//word], [[AndroidDriver: chrome on ANDROID (51a5b69d350864e9562a2470b487b139)] -> xpath: .//word], [[AndroidDriver: chrome on ANDROID (51a5b69d350864e9562a2470b487b139)] -> xpath: .//word], [[AndroidDriver: chrome on ANDROID (51a5b69d350864e9562a2470b487b139)] -> xpath: .//word], [[AndroidDriver: chrome on ANDROID (51a5b69d350864e9562a2470b487b139)] -> xpath: .//word], [[AndroidDriver: chrome on ANDROID (51a5b69d350864e9562a2470b487b139)] -> xpath: .//word], [[AndroidDriver: chrome on ANDROID (51a5b69d350864e9562a2470b487b139)] -> xpath: .//word], [[AndroidDriver: chrome on ANDROID (51a5b69d350864e9562a2470b487b139)] -> xpath: .//word], [[AndroidDriver: chrome on ANDROID (51a5b69d350864e9562a2470b487b139)] -> xpath: .//word], [[AndroidDriver: chrome on ANDROID (51a5b69d350864e9562a2470b487b139)] -> xpath: .//word], [[AndroidDriver: chrome on ANDROID (51a5b69d350864e9562a2470b487b139)] -> xpath: .//word], [[AndroidDriver: chrome on ANDROID (51a5b69d350864e9562a2470b487b139)] -> xpath: .//word], [[AndroidDriver: chrome on ANDROID (51a5b69d350864e9562a2470b487b139)] -> xpath: .//word], [[AndroidDriver: chrome on ANDROID (51a5b69d350864e9562a2470b487b139)] -> xpath: .//word], [[AndroidDriver: chrome on ANDROID (51a5b69d350864e9562a2470b487b139)] -> xpath: .//word], [[AndroidDriver: chrome on ANDROID (51a5b69d350864e9562a2470b487b139)] -> xpath: .//word], [[AndroidDriver: chrome on ANDROID (51a5b69d350864e9562a2470b487b139)] -> xpath: .//word], [[AndroidDriver: chrome on ANDROID (51a5b69d350864e9562a2470b487b139)] -> xpath: .//word], [[AndroidDriver: chrome on ANDROID (51a5b69d350864e9562a2470b487b139)] -> xpath: .//word], [[AndroidDriver: chrome on ANDROID (51a5b69d350864e9562a2470b487b139)] -> xpath: .//word], [[AndroidDriver: chrome on ANDROID (51a5b69d350864e9562a2470b487b139)] -> xpath: .//word], [[AndroidDriver: chrome on ANDROID (51a5b69d350864e9562a2470b487b139)] -> xpath: .//word], [[AndroidDriver: chrome on ANDROID (51a5b69d350864e9562a2470b487b139)] -> xpath: .//word], [[AndroidDriver: chrome on ANDROID (51a5b69d350864e9562a2470b487b139)] -> xpath: .//word], [[AndroidDriver: chrome on ANDROID (51a5b69d350864e9562a2470b487b139)] -> xpath: .//word], [[AndroidDriver: chrome on ANDROID (51a5b69d350864e9562a2470b487b139)] -> xpath: .//word], [[AndroidDriver: chrome on ANDROID (51a5b69d350864e9562a2470b487b139)] -> xpath: .//word], [[AndroidDriver: chrome on ANDROID (51a5b69d350864e9562a2470b487b139)] -> xpath: .//word], [[AndroidDriver: chrome on ANDROID (51a5b69d350864e9562a2470b487b139)] -> xpath: .//word], [[AndroidDriver: chrome on ANDROID (51a5b69d350864e9562a2470b487b139)] -> xpath: .//word], [[AndroidDriver: chrome on ANDROID (51a5b69d350864e9562a2470b487b139)] -> xpath: .//word], [[AndroidDriver: chrome on ANDROID (51a5b69d350864e9562a2470b487b139)] -> xpath: .//word], [[AndroidDriver: chrome on ANDROID (51a5b69d350864e9562a2470b487b139)] -> xpath: .//word], [[AndroidDriver: chrome on ANDROID (51a5b69d350864e9562a2470b487b139)] -> xpath: .//word], [[AndroidDriver: chrome on ANDROID (51a5b69d350864e9562a2470b487b139)] -> xpath: .//word], [[AndroidDriver: chrome on ANDROID (51a5b69d350864e9562a2470b487b139)] -> xpath: .//word], [[AndroidDriver: chrome on ANDROID (51a5b69d350864e9562a2470b487b139)] -> xpath: .//word], [[AndroidDriver: chrome on ANDROID (51a5b69d350864e9562a2470b487b139)] -> xpath: .//word], [[AndroidDriver: chrome on ANDROID (51a5b69d350864e9562a2470b487b139)] -> xpath: .//word], [[AndroidDriver: chrome on ANDROID (51a5b69d350864e9562a2470b487b139)] -> xpath: .//word], [[AndroidDriver: chrome on ANDROID (51a5b69d350864e9562a2470b487b139)] -> xpath: .//word], [[AndroidDriver: chrome on ANDROID (51a5b69d350864e9562a2470b487b139)] -> xpath: .//word], [[AndroidDriver: chrome on ANDROID (51a5b69d350864e9562a2470b487b139)] -> xpath: .//word], [[AndroidDriver: chrome on ANDROID (51a5b69d350864e9562a2470b487b139)] -> xpath: .//word], [[AndroidDriver: chrome on ANDROID (51a5b69d350864e9562a2470b487b139)] -> xpath: .//word], [[AndroidDriver: chrome on ANDROID (51a5b69d350864e9562a2470b487b139)] -> xpath: .//word], [[AndroidDriver: chrome on ANDROID (51a5b69d350864e9562a2470b487b139)] -> xpath: .//word], [[AndroidDriver: chrome on ANDROID (51a5b69d350864e9562a2470b487b139)] -> xpath: .//word], [[AndroidDriver: chrome on ANDROID (51a5b69d350864e9562a2470b487b139)] -> xpath: .//word], [[AndroidDriver: chrome on ANDROID (51a5b69d350864e9562a2470b487b139)] -> xpath: .//word], [[AndroidDriver: chrome on ANDROID (51a5b69d350864e9562a2470b487b139)] -> xpath: .//word], [[AndroidDriver: chrome on ANDROID (51a5b69d350864e9562a2470b487b139)] -> xpath: .//word], [[AndroidDriver: chrome on ANDROID (51a5b69d350864e9562a2470b487b139)] -> xpath: .//word], [[AndroidDriver: chrome on ANDROID (51a5b69d350864e9562a2470b487b139)] -> xpath: .//word], [[AndroidDriver: chrome on ANDROID (51a5b69d350864e9562a2470b487b139)] -> xpath: .//word], [[AndroidDriver: chrome on ANDROID (51a5b69d350864e9562a2470b487b139)] -> xpath: .//word], [[AndroidDriver: chrome on ANDROID (51a5b69d350864e9562a2470b487b139)] -> xpath: .//word], [[AndroidDriver: chrome on ANDROID (51a5b69d350864e9562a2470b487b139)] -> xpath: .//word], [[AndroidDriver: chrome on ANDROID (51a5b69d350864e9562a2470b487b139)] -> xpath: .//word], [[AndroidDriver: chrome on ANDROID (51a5b69d350864e9562a2470b487b139)] -> xpath: .//word], [[AndroidDriver: chrome on ANDROID (51a5b69d350864e9562a2470b487b139)] -> xpath: .//word], [[AndroidDriver: chrome on ANDROID (51a5b69d350864e9562a2470b487b139)] -> xpath: .//word], [[AndroidDriver: chrome on ANDROID (51a5b69d350864e9562a2470b487b139)] -> xpath: .//word], [[AndroidDriver: chrome on ANDROID (51a5b69d350864e9562a2470b487b139)] -> xpath: .//word], [[AndroidDriver: chrome on ANDROID (51a5b69d350864e9562a2470b487b139)] -> xpath: .//word], [[AndroidDriver: chrome on ANDROID (51a5b69d350864e9562a2470b487b139)] -> xpath: .//word], [[AndroidDriver: chrome on ANDROID (51a5b69d350864e9562a2470b487b139)] -> xpath: .//word], [[AndroidDriver: chrome on ANDROID (51a5b69d350864e9562a2470b487b139)] -> xpath: .//word], [[AndroidDriver: chrome on ANDROID (51a5b69d350864e9562a2470b487b139)] -> xpath: .//word], [[AndroidDriver: chrome on ANDROID (51a5b69d350864e9562a2470b487b139)] -> xpath: .//word], [[AndroidDriver: chrome on ANDROID (51a5b69d350864e9562a2470b487b139)] -> xpath: .//word], [[AndroidDriver: chrome on ANDROID (51a5b69d350864e9562a2470b487b139)] -> xpath: .//word], [[AndroidDriver: chrome on ANDROID (51a5b69d350864e9562a2470b487b139)] -> xpath: .//word], [[AndroidDriver: chrome on ANDROID (51a5b69d350864e9562a2470b487b139)] -> xpath: .//word], [[AndroidDriver: chrome on ANDROID (51a5b69d350864e9562a2470b487b139)] -> xpath: .//word], [[AndroidDriver: chrome on ANDROID (51a5b69d350864e9562a2470b487b139)] -> xpath: .//word], [[AndroidDriver: chrome on ANDROID (51a5b69d350864e9562a2470b487b139)] -> xpath: .//word], [[AndroidDriver: chrome on ANDROID (51a5b69d350864e9562a2470b487b139)] -> xpath: .//word], [[AndroidDriver: chrome on ANDROID (51a5b69d350864e9562a2470b487b139)] -> xpath: .//word], [[AndroidDriver: chrome on ANDROID (51a5b69d350864e9562a2470b487b139)] -> xpath: .//word], [[AndroidDriver: chrome on ANDROID (51a5b69d350864e9562a2470b487b139)] -> xpath: .//word], [[AndroidDriver: chrome on ANDROID (51a5b69d350864e9562a2470b487b139)] -> xpath: .//word], [[AndroidDriver: chrome on ANDROID (51a5b69d350864e9562a2470b487b139)] -> xpath: .//word], [[AndroidDriver: chrome on ANDROID (51a5b69d350864e9562a2470b487b139)] -> xpath: .//word], [[AndroidDriver: chrome on ANDROID (51a5b69d350864e9562a2470b487b139)] -> xpath: .//word], [[AndroidDriver: chrome on ANDROID (51a5b69d350864e9562a2470b487b139)] -> xpath: .//word], [[AndroidDriver: chrome on ANDROID (51a5b69d350864e9562a2470b487b139)] -> xpath: .//word], [[AndroidDriver: chrome on ANDROID (51a5b69d350864e9562a2470b487b139)] -> xpath: .//word], [[AndroidDriver: chrome on ANDROID (51a5b69d350864e9562a2470b487b139)] -> xpath: .//word], [[AndroidDriver: chrome on ANDROID (51a5b69d350864e9562a2470b487b139)] -> xpath: .//word], [[AndroidDriver: chrome on ANDROID (51a5b69d350864e9562a2470b487b139)] -> xpath: .//word], [[AndroidDriver: chrome on ANDROID (51a5b69d350864e9562a2470b487b139)] -> xpath: .//word], [[AndroidDriver: chrome on ANDROID (51a5b69d350864e9562a2470b487b139)] -> xpath: .//word], [[AndroidDriver: chrome on ANDROID (51a5b69d350864e9562a2470b487b139)] -> xpath: .//word], [[AndroidDriver: chrome on ANDROID (51a5b69d350864e9562a2470b487b139)] -> xpath: .//word], [[AndroidDriver: chrome on ANDROID (51a5b69d350864e9562a2470b487b139)] -> xpath: .//word], [[AndroidDriver: chrome on ANDROID (51a5b69d350864e9562a2470b487b139)] -> xpath: .//word], [[AndroidDriver: chrome on ANDROID (51a5b69d350864e9562a2470b487b139)] -> xpath: .//word], [[AndroidDriver: chrome on ANDROID (51a5b69d350864e9562a2470b487b139)] -> xpath: .//word], [[AndroidDriver: chrome on ANDROID (51a5b69d350864e9562a2470b487b139)] -> xpath: .//word], [[AndroidDriver: chrome on ANDROID (51a5b69d350864e9562a2470b487b139)] -> xpath: .//word], [[AndroidDriver: chrome on ANDROID (51a5b69d350864e9562a2470b487b139)] -> xpath: .//word], [[AndroidDriver: chrome on ANDROID (51a5b69d350864e9562a2470b487b139)] -> xpath: .//word], [[AndroidDriver: chrome on ANDROID (51a5b69d350864e9562a2470b487b139)] -> xpath: .//word], [[AndroidDriver: chrome on ANDROID (51a5b69d350864e9562a2470b487b139)] -> xpath: .//word], [[AndroidDriver: chrome on ANDROID (51a5b69d350864e9562a2470b487b139)] -> xpath: .//word], [[AndroidDriver: chrome on ANDROID (51a5b69d350864e9562a2470b487b139)] -> xpath: .//word], [[AndroidDriver: chrome on ANDROID (51a5b69d350864e9562a2470b487b139)] -> xpath: .//word], [[AndroidDriver: chrome on ANDROID (51a5b69d350864e9562a2470b487b139)] -> xpath: .//word], [[AndroidDriver: chrome on ANDROID (51a5b69d350864e9562a2470b487b139)] -> xpath: .//word], [[AndroidDriver: chrome on ANDROID (51a5b69d350864e9562a2470b487b139)] -> xpath: .//word], [[AndroidDriver: chrome on ANDROID (51a5b69d350864e9562a2470b487b139)] -> xpath: .//word], [[AndroidDriver: chrome on ANDROID (51a5b69d350864e9562a2470b487b139)] -> xpath: .//word], [[AndroidDriver: chrome on ANDROID (51a5b69d350864e9562a2470b487b139)] -> xpath: .//word], [[AndroidDriver: chrome on ANDROID (51a5b69d350864e9562a2470b487b139)] -> xpath: .//word], [[AndroidDriver: chrome on ANDROID (51a5b69d350864e9562a2470b487b139)] -> xpath: .//word], [[AndroidDriver: chrome on ANDROID (51a5b69d350864e9562a2470b487b139)] -> xpath: .//word], [[AndroidDriver: chrome on ANDROID (51a5b69d350864e9562a2470b487b139)] -> xpath: .//word], [[AndroidDriver: chrome on ANDROID (51a5b69d350864e9562a2470b487b139)] -> xpath: .//word], [[AndroidDriver: chrome on ANDROID (51a5b69d350864e9562a2470b487b139)] -> xpath: .//word], [[AndroidDriver: chrome on ANDROID (51a5b69d350864e9562a2470b487b139)] -> xpath: .//word], [[AndroidDriver: chrome on ANDROID (51a5b69d350864e9562a2470b487b139)] -> xpath: .//word], [[AndroidDriver: chrome on ANDROID (51a5b69d350864e9562a2470b487b139)] -> xpath: .//word], [[AndroidDriver: chrome on ANDROID (51a5b69d350864e9562a2470b487b139)] -> xpath: .//word], [[AndroidDriver: chrome on ANDROID (51a5b69d350864e9562a2470b487b139)] -> xpath: .//word], [[AndroidDriver: chrome on ANDROID (51a5b69d350864e9562a2470b487b139)] -> xpath: .//word], [[AndroidDriver: chrome on ANDROID (51a5b69d350864e9562a2470b487b139)] -> xpath: .//word], [[AndroidDriver: chrome on ANDROID (51a5b69d350864e9562a2470b487b139)] -> xpath: .//word], [[AndroidDriver: chrome on ANDROID (51a5b69d350864e9562a2470b487b139)] -> xpath: .//word], [[AndroidDriver: chrome on ANDROID (51a5b69d350864e9562a2470b487b139)] -> xpath: .//word], [[AndroidDriver: chrome on ANDROID (51a5b69d350864e9562a2470b487b139)] -> xpath: .//word], [[AndroidDriver: chrome on ANDROID (51a5b69d350864e9562a2470b487b139)] -> xpath: .//word], [[AndroidDriver: chrome on ANDROID (51a5b69d350864e9562a2470b487b139)] -> xpath: .//word], [[AndroidDriver: chrome on ANDROID (51a5b69d350864e9562a2470b487b139)] -> xpath: .//word], [[AndroidDriver: chrome on ANDROID (51a5b69d350864e9562a2470b487b139)] -> xpath: .//word], [[AndroidDriver: chrome on ANDROID (51a5b69d350864e9562a2470b487b139)] -> xpath: .//word], [[AndroidDriver: chrome on ANDROID (51a5b69d350864e9562a2470b487b139)] -> xpath: .//word], [[AndroidDriver: chrome on ANDROID (51a5b69d350864e9562a2470b487b139)] -> xpath: .//word], [[AndroidDriver: chrome on ANDROID (51a5b69d350864e9562a2470b487b139)] -> xpath: .//word], [[AndroidDriver: chrome on ANDROID (51a5b69d350864e9562a2470b487b139)] -> xpath: .//word], [[AndroidDriver: chrome on ANDROID (51a5b69d350864e9562a2470b487b139)] -> xpath: .//word], [[AndroidDriver: chrome on ANDROID (51a5b69d350864e9562a2470b487b139)] -> xpath: .//word], [[AndroidDriver: chrome on ANDROID (51a5b69d350864e9562a2470b487b139)] -> xpath: .//word], [[AndroidDriver: chrome on ANDROID (51a5b69d350864e9562a2470b487b139)] -> xpath: .//word], [[AndroidDriver: chrome on ANDROID (51a5b69d350864e9562a2470b487b139)] -> xpath: .//word], [[AndroidDriver: chrome on ANDROID (51a5b69d350864e9562a2470b487b139)] -> xpath: .//word], [[AndroidDriver: chrome on ANDROID (51a5b69d350864e9562a2470b487b139)] -> xpath: .//word], [[AndroidDriver: chrome on ANDROID (51a5b69d350864e9562a2470b487b139)] -> xpath: .//word], [[AndroidDriver: chrome on ANDROID (51a5b69d350864e9562a2470b487b139)] -> xpath: .//word], [[AndroidDriver: chrome on ANDROID (51a5b69d350864e9562a2470b487b139)] -> xpath: .//word], [[AndroidDriver: chrome on ANDROID (51a5b69d350864e9562a2470b487b139)] -> xpath: .//word], [[AndroidDriver: chrome on ANDROID (51a5b69d350864e9562a2470b487b139)] -> xpath: .//word], [[AndroidDriver: chrome on ANDROID (51a5b69d350864e9562a2470b487b139)] -> xpath: .//word], [[AndroidDriver: chrome on ANDROID (51a5b69d350864e9562a2470b487b139)] -> xpath: .//word], [[AndroidDriver: chrome on ANDROID (51a5b69d350864e9562a2470b487b139)] -> xpath: .//word], [[AndroidDriver: chrome on ANDROID (51a5b69d350864e9562a2470b487b139)] -> xpath: .//word], [[AndroidDriver: chrome on ANDROID (51a5b69d350864e9562a2470b487b139)] -> xpath: .//word], [[AndroidDriver: chrome on ANDROID (51a5b69d350864e9562a2470b487b139)] -> xpath: .//word], [[AndroidDriver: chrome on ANDROID (51a5b69d350864e9562a2470b487b139)] -> xpath: .//word], [[AndroidDriver: chrome on ANDROID (51a5b69d350864e9562a2470b487b139)] -> xpath: .//word], [[AndroidDriver: chrome on ANDROID (51a5b69d350864e9562a2470b487b139)] -> xpath: .//word], [[AndroidDriver: chrome on ANDROID (51a5b69d350864e9562a2470b487b139)] -> xpath: .//word], [[AndroidDriver: chrome on ANDROID (51a5b69d350864e9562a2470b487b139)] -> xpath: .//word], [[AndroidDriver: chrome on ANDROID (51a5b69d350864e9562a2470b487b139)] -> xpath: .//word], [[AndroidDriver: chrome on ANDROID (51a5b69d350864e9562a2470b487b139)] -> xpath: .//word], [[AndroidDriver: chrome on ANDROID (51a5b69d350864e9562a2470b487b139)] -> xpath: .//word], [[AndroidDriver: chrome on ANDROID (51a5b69d350864e9562a2470b487b139)] -> xpath: .//word], [[AndroidDriver: chrome on ANDROID (51a5b69d350864e9562a2470b487b139)] -> xpath: .//word], [[AndroidDriver: chrome on ANDROID (51a5b69d350864e9562a2470b487b139)] -> xpath: .//word], [[AndroidDriver: chrome on ANDROID (51a5b69d350864e9562a2470b487b139)] -> xpath: .//word], [[AndroidDriver: chrome on ANDROID (51a5b69d350864e9562a2470b487b139)] -> xpath: .//word], [[AndroidDriver: chrome on ANDROID (51a5b69d350864e9562a2470b487b139)] -> xpath: .//word], [[AndroidDriver: chrome on ANDROID (51a5b69d350864e9562a2470b487b139)] -> xpath: .//word], [[AndroidDriver: chrome on ANDROID (51a5b69d350864e9562a2470b487b139)] -> xpath: .//word], [[AndroidDriver: chrome on ANDROID (51a5b69d350864e9562a2470b487b139)] -> xpath: .//word], [[AndroidDriver: chrome on ANDROID (51a5b69d350864e9562a2470b487b139)] -> xpath: .//word], [[AndroidDriver: chrome on ANDROID (51a5b69d350864e9562a2470b487b139)] -> xpath: .//word], [[AndroidDriver: chrome on ANDROID (51a5b69d350864e9562a2470b487b139)] -> xpath: .//word], [[AndroidDriver: chrome on ANDROID (51a5b69d350864e9562a2470b487b139)] -> xpath: .//word], [[AndroidDriver: chrome on ANDROID (51a5b69d350864e9562a2470b487b139)] -> xpath: .//word], [[AndroidDriver: chrome on ANDROID (51a5b69d350864e9562a2470b487b139)] -> xpath: .//word], [[AndroidDriver: chrome on ANDROID (51a5b69d350864e9562a2470b487b139)] -> xpath: .//word], [[AndroidDriver: chrome on ANDROID (51a5b69d350864e9562a2470b487b139)] -> xpath: .//word], [[AndroidDriver: chrome on ANDROID (51a5b69d350864e9562a2470b487b139)] -> xpath: .//word], [[AndroidDriver: chrome on ANDROID (51a5b69d350864e9562a2470b487b139)] -> xpath: .//word], [[AndroidDriver: chrome on ANDROID (51a5b69d350864e9562a2470b487b139)] -> xpath: .//word], [[AndroidDriver: chrome on ANDROID (51a5b69d350864e9562a2470b487b139)] -> xpath: .//word], [[AndroidDriver: chrome on ANDROID (51a5b69d350864e9562a2470b487b139)] -> xpath: .//word], [[AndroidDriver: chrome on ANDROID (51a5b69d350864e9562a2470b487b139)] -> xpath: .//word], [[AndroidDriver: chrome on ANDROID (51a5b69d350864e9562a2470b487b139)] -> xpath: .//word], [[AndroidDriver: chrome on ANDROID (51a5b69d350864e9562a2470b487b139)] -> xpath: .//word], [[AndroidDriver: chrome on ANDROID (51a5b69d350864e9562a2470b487b139)] -> xpath: .//word], [[AndroidDriver: chrome on ANDROID (51a5b69d350864e9562a2470b487b139)] -> xpath: .//word], [[AndroidDriver: chrome on ANDROID (51a5b69d350864e9562a2470b487b139)] -> xpath: .//word], [[AndroidDriver: chrome on ANDROID (51a5b69d350864e9562a2470b487b139)] -> xpath: .//word], [[AndroidDriver: chrome on ANDROID (51a5b69d350864e9562a2470b487b139)] -> xpath: .//word], [[AndroidDriver: chrome on ANDROID (51a5b69d350864e9562a2470b487b139)] -> xpath: .//word], [[AndroidDriver: chrome on ANDROID (51a5b69d350864e9562a2470b487b139)] -> xpath: .//word], [[AndroidDriver: chrome on ANDROID (51a5b69d350864e9562a2470b487b139)] -> xpath: .//word], [[AndroidDriver: chrome on ANDROID (51a5b69d350864e9562a2470b487b139)] -> xpath: .//word], [[AndroidDriver: chrome on ANDROID (51a5b69d350864e9562a2470b487b139)] -> xpath: .//word], [[AndroidDriver: chrome on ANDROID (51a5b69d350864e9562a2470b487b139)] -> xpath: .//word], [[AndroidDriver: chrome on ANDROID (51a5b69d350864e9562a2470b487b139)] -> xpath: .//word], [[AndroidDriver: chrome on ANDROID (51a5b69d350864e9562a2470b487b139)] -> xpath: .//word], [[AndroidDriver: chrome on ANDROID (51a5b69d350864e9562a2470b487b139)] -> xpath: .//word], [[AndroidDriver: chrome on ANDROID (51a5b69d350864e9562a2470b487b139)] -> xpath: .//word], [[AndroidDriver: chrome on ANDROID (51a5b69d350864e9562a2470b487b139)] -> xpath: .//word], [[AndroidDriver: chrome on ANDROID (51a5b69d350864e9562a2470b487b139)] -> xpath: .//word], [[AndroidDriver: chrome on ANDROID (51a5b69d350864e9562a2470b487b139)] -> xpath: .//word], [[AndroidDriver: chrome on ANDROID (51a5b69d350864e9562a2470b487b139)] -> xpath: .//word], [[AndroidDriver: chrome on ANDROID (51a5b69d350864e9562a2470b487b139)] -> xpath: .//word], [[AndroidDriver: chrome on ANDROID (51a5b69d350864e9562a2470b487b139)] -> xpath: .//word], [[AndroidDriver: chrome on ANDROID (51a5b69d350864e9562a2470b487b139)] -> xpath: .//word], [[AndroidDriver: chrome on ANDROID (51a5b69d350864e9562a2470b487b139)] -> xpath: .//word], [[AndroidDriver: chrome on ANDROID (51a5b69d350864e9562a2470b487b139)] -> xpath: .//word], [[AndroidDriver: chrome on ANDROID (51a5b69d350864e9562a2470b487b139)] -> xpath: .//word], [[AndroidDriver: chrome on ANDROID (51a5b69d350864e9562a2470b487b139)] -> xpath: .//word], [[AndroidDriver: chrome on ANDROID (51a5b69d350864e9562a2470b487b139)] -> xpath: .//word], [[AndroidDriver: chrome on ANDROID (51a5b69d350864e9562a2470b487b139)] -> xpath: .//word], [[AndroidDriver: chrome on ANDROID (51a5b69d350864e9562a2470b487b139)] -> xpath: .//word], [[AndroidDriver: chrome on ANDROID (51a5b69d350864e9562a2470b487b139)] -> xpath: .//word], [[AndroidDriver: chrome on ANDROID (51a5b69d350864e9562a2470b487b139)] -> xpath: .//word], [[AndroidDriver: chrome on ANDROID (51a5b69d350864e9562a2470b487b139)] -> xpath: .//word], [[AndroidDriver: chrome on ANDROID (51a5b69d350864e9562a2470b487b139)] -> xpath: .//word], [[AndroidDriver: chrome on ANDROID (51a5b69d350864e9562a2470b487b139)] -> xpath: .//word], [[AndroidDriver: chrome on ANDROID (51a5b69d350864e9562a2470b487b139)] -> xpath: .//word], [[AndroidDriver: chrome on ANDROID (51a5b69d350864e9562a2470b487b139)] -> xpath: .//word], [[AndroidDriver: chrome on ANDROID (51a5b69d350864e9562a2470b487b139)] -> xpath: .//word], [[AndroidDriver: chrome on ANDROID (51a5b69d350864e9562a2470b487b139)] -> xpath: .//word], [[AndroidDriver: chrome on ANDROID (51a5b69d350864e9562a2470b487b139)] -> xpath: .//word], [[AndroidDriver: chrome on ANDROID (51a5b69d350864e9562a2470b487b139)] -> xpath: .//word], [[AndroidDriver: chrome on ANDROID (51a5b69d350864e9562a2470b487b139)] -> xpath: .//word], [[AndroidDriver: chrome on ANDROID (51a5b69d350864e9562a2470b487b139)] -> xpath: .//word], [[AndroidDriver: chrome on ANDROID (51a5b69d350864e9562a2470b487b139)] -> xpath: .//word], [[AndroidDriver: chrome on ANDROID (51a5b69d350864e9562a2470b487b139)] -> xpath: .//word], [[AndroidDriver: chrome on ANDROID (51a5b69d350864e9562a2470b487b139)] -> xpath: .//word], [[AndroidDriver: chrome on ANDROID (51a5b69d350864e9562a2470b487b139)] -> xpath: .//word], [[AndroidDriver: chrome on ANDROID (51a5b69d350864e9562a2470b487b139)] -> xpath: .//word], [[AndroidDriver: chrome on ANDROID (51a5b69d350864e9562a2470b487b139)] -> xpath: .//word], [[AndroidDriver: chrome on ANDROID (51a5b69d350864e9562a2470b487b139)] -> xpath: .//word], [[AndroidDriver: chrome on ANDROID (51a5b69d350864e9562a2470b487b139)] -> xpath: .//word], [[AndroidDriver: chrome on ANDROID (51a5b69d350864e9562a2470b487b139)] -> xpath: .//word], [[AndroidDriver: chrome on ANDROID (51a5b69d350864e9562a2470b487b139)] -> xpath: .//word], [[AndroidDriver: chrome on ANDROID (51a5b69d350864e9562a2470b487b139)] -> xpath: .//word], [[AndroidDriver: chrome on ANDROID (51a5b69d350864e9562a2470b487b139)] -> xpath: .//word], [[AndroidDriver: chrome on ANDROID (51a5b69d350864e9562a2470b487b139)] -> xpath: .//word], [[AndroidDriver: chrome on ANDROID (51a5b69d350864e9562a2470b487b139)] -> xpath: .//word], [[AndroidDriver: chrome on ANDROID (51a5b69d350864e9562a2470b487b139)] -> xpath: .//word], [[AndroidDriver: chrome on ANDROID (51a5b69d350864e9562a2470b487b139)] -> xpath: .//word], [[AndroidDriver: chrome on ANDROID (51a5b69d350864e9562a2470b487b139)] -> xpath: .//word], [[AndroidDriver: chrome on ANDROID (51a5b69d350864e9562a2470b487b139)] -> xpath: .//word], [[AndroidDriver: chrome on ANDROID (51a5b69d350864e9562a2470b487b139)] -> xpath: .//word], [[AndroidDriver: chrome on ANDROID (51a5b69d350864e9562a2470b487b139)] -> xpath: .//word], [[AndroidDriver: chrome on ANDROID (51a5b69d350864e9562a2470b487b139)] -> xpath: .//word], [[AndroidDriver: chrome on ANDROID (51a5b69d350864e9562a2470b487b139)] -> xpath: .//word], [[AndroidDriver: chrome on ANDROID (51a5b69d350864e9562a2470b487b139)] -> xpath: .//word], [[AndroidDriver: chrome on ANDROID (51a5b69d350864e9562a2470b487b139)] -> xpath: .//word], [[AndroidDriver: chrome on ANDROID (51a5b69d350864e9562a2470b487b139)] -> xpath: .//word], [[AndroidDriver: chrome on ANDROID (51a5b69d350864e9562a2470b487b139)] -> xpath: .//word], [[AndroidDriver: chrome on ANDROID (51a5b69d350864e9562a2470b487b139)] -> xpath: .//word], [[AndroidDriver: chrome on ANDROID (51a5b69d350864e9562a2470b487b139)] -> xpath: .//word], [[AndroidDriver: chrome on ANDROID (51a5b69d350864e9562a2470b487b139)] -> xpath: .//word], [[AndroidDriver: chrome on ANDROID (51a5b69d350864e9562a2470b487b139)] -> xpath: .//word], [[AndroidDriver: chrome on ANDROID (51a5b69d350864e9562a2470b487b139)] -> xpath: .//word], [[AndroidDriver: chrome on ANDROID (51a5b69d350864e9562a2470b487b139)] -> xpath: .//word], [[AndroidDriver: chrome on ANDROID (51a5b69d350864e9562a2470b487b139)] -> xpath: .//word], [[AndroidDriver: chrome on ANDROID (51a5b69d350864e9562a2470b487b139)] -> xpath: .//word], [[AndroidDriver: chrome on ANDROID (51a5b69d350864e9562a2470b487b139)] -> xpath: .//word], [[AndroidDriver: chrome on ANDROID (51a5b69d350864e9562a2470b487b139)] -> xpath: .//word], [[AndroidDriver: chrome on ANDROID (51a5b69d350864e9562a2470b487b139)] -> xpath: .//word], [[AndroidDriver: chrome on ANDROID (51a5b69d350864e9562a2470b487b139)] -> xpath: .//word], [[AndroidDriver: chrome on ANDROID (51a5b69d350864e9562a2470b487b139)] -> xpath: .//word], [[AndroidDriver: chrome on ANDROID (51a5b69d350864e9562a2470b487b139)] -> xpath: .//word], [[AndroidDriver: chrome on ANDROID (51a5b69d350864e9562a2470b487b139)] -> xpath: .//word], [[AndroidDriver: chrome on ANDROID (51a5b69d350864e9562a2470b487b139)] -> xpath: .//word], [[AndroidDriver: chrome on ANDROID (51a5b69d350864e9562a2470b487b139)] -> xpath: .//word], [[AndroidDriver: chrome on ANDROID (51a5b69d350864e9562a2470b487b139)] -> xpath: .//word], [[AndroidDriver: chrome on ANDROID (51a5b69d350864e9562a2470b487b139)] -> xpath: .//word], [[AndroidDriver: chrome on ANDROID (51a5b69d350864e9562a2470b487b139)] -> xpath: .//word], [[AndroidDriver: chrome on ANDROID (51a5b69d350864e9562a2470b487b139)] -> xpath: .//word], [[AndroidDriver: chrome on ANDROID (51a5b69d350864e9562a2470b487b139)] -> xpath: .//word], [[AndroidDriver: chrome on ANDROID (51a5b69d350864e9562a2470b487b139)] -> xpath: .//word], [[AndroidDriver: chrome on ANDROID (51a5b69d350864e9562a2470b487b139)] -> xpath: .//word], [[AndroidDriver: chrome on ANDROID (51a5b69d350864e9562a2470b487b139)] -> xpath: .//word], [[AndroidDriver: chrome on ANDROID (51a5b69d350864e9562a2470b487b139)] -> xpath: .//word], [[AndroidDriver: chrome on ANDROID (51a5b69d350864e9562a2470b487b139)] -> xpath: .//word], [[AndroidDriver: chrome on ANDROID (51a5b69d350864e9562a2470b487b139)] -> xpath: .//word], [[AndroidDriver: chrome on ANDROID (51a5b69d350864e9562a2470b487b139)] -> xpath: .//word], [[AndroidDriver: chrome on ANDROID (51a5b69d350864e9562a2470b487b139)] -> xpath: .//word], [[AndroidDriver: chrome on ANDROID (51a5b69d350864e9562a2470b487b139)] -> xpath: .//word], [[AndroidDriver: chrome on ANDROID (51a5b69d350864e9562a2470b487b139)] -> xpath: .//word], [[AndroidDriver: chrome on ANDROID (51a5b69d350864e9562a2470b487b139)] -> xpath: .//word], [[AndroidDriver: chrome on ANDROID (51a5b69d350864e9562a2470b487b139)] -> xpath: .//word], [[AndroidDriver: chrome on ANDROID (51a5b69d350864e9562a2470b487b139)] -> xpath: .//word], [[AndroidDriver: chrome on ANDROID (51a5b69d350864e9562a2470b487b139)] -> xpath: .//word], [[AndroidDriver: chrome on ANDROID (51a5b69d350864e9562a2470b487b139)] -> xpath: .//word], [[AndroidDriver: chrome on ANDROID (51a5b69d350864e9562a2470b487b139)] -> xpath: .//word], [[AndroidDriver: chrome on ANDROID (51a5b69d350864e9562a2470b487b139)] -> xpath: .//word], [[AndroidDriver: chrome on ANDROID (51a5b69d350864e9562a2470b487b139)] -> xpath: .//word], [[AndroidDriver: chrome on ANDROID (51a5b69d350864e9562a2470b487b139)] -> xpath: .//word], [[AndroidDriver: chrome on ANDROID (51a5b69d350864e9562a2470b487b139)] -> xpath: .//word], [[AndroidDriver: chrome on ANDROID (51a5b69d350864e9562a2470b487b139)] -> xpath: .//word], [[AndroidDriver: chrome on ANDROID (51a5b69d350864e9562a2470b487b139)] -> xpath: .//word], [[AndroidDriver: chrome on ANDROID (51a5b69d350864e9562a2470b487b139)] -> xpath: .//word], [[AndroidDriver: chrome on ANDROID (51a5b69d350864e9562a2470b487b139)] -> xpath: .//word], [[AndroidDriver: chrome on ANDROID (51a5b69d350864e9562a2470b487b139)] -> xpath: .//word], [[AndroidDriver: chrome on ANDROID (51a5b69d350864e9562a2470b487b139)] -> xpath: .//word], [[AndroidDriver: chrome on ANDROID (51a5b69d350864e9562a2470b487b139)] -> xpath: .//word], [[AndroidDriver: chrome on ANDROID (51a5b69d350864e9562a2470b487b139)] -> xpath: .//word], [[AndroidDriver: chrome on ANDROID (51a5b69d350864e9562a2470b487b139)] -> xpath: .//word], [[AndroidDriver: chrome on ANDROID (51a5b69d350864e9562a2470b487b139)] -> xpath: .//word], [[AndroidDriver: chrome on ANDROID (51a5b69d350864e9562a2470b487b139)] -> xpath: .//word], [[AndroidDriver: chrome on ANDROID (51a5b69d350864e9562a2470b487b139)] -> xpath: .//word], [[AndroidDriver: chrome on ANDROID (51a5b69d350864e9562a2470b487b139)] -> xpath: .//word], [[AndroidDriver: chrome on ANDROID (51a5b69d350864e9562a2470b487b139)] -> xpath: .//word], [[AndroidDriver: chrome on ANDROID (51a5b69d350864e9562a2470b487b139)] -> xpath: .//word], [[AndroidDriver: chrome on ANDROID (51a5b69d350864e9562a2470b487b139)] -> xpath: .//word], [[AndroidDriver: chrome on ANDROID (51a5b69d350864e9562a2470b487b139)] -> xpath: .//word], [[AndroidDriver: chrome on ANDROID (51a5b69d350864e9562a2470b487b139)] -> xpath: .//word], [[AndroidDriver: chrome on ANDROID (51a5b69d350864e9562a2470b487b139)] -> xpath: .//word], [[AndroidDriver: chrome on ANDROID (51a5b69d350864e9562a2470b487b139)] -> xpath: .//word], [[AndroidDriver: chrome on ANDROID (51a5b69d350864e9562a2470b487b139)] -> xpath: .//word], [[AndroidDriver: chrome on ANDROID (51a5b69d350864e9562a2470b487b139)] -> xpath: .//word], [[AndroidDriver: chrome on ANDROID (51a5b69d350864e9562a2470b487b139)] -> xpath: .//word], [[AndroidDriver: chrome on ANDROID (51a5b69d350864e9562a2470b487b139)] -> xpath: .//word], [[AndroidDriver: chrome on ANDROID (51a5b69d350864e9562a2470b487b139)] -> xpath: .//word], [[AndroidDriver: chrome on ANDROID (51a5b69d350864e9562a2470b487b139)] -> xpath: .//word], [[AndroidDriver: chrome on ANDROID (51a5b69d350864e9562a2470b487b139)] -> xpath: .//word], [[AndroidDriver: chrome on ANDROID (51a5b69d350864e9562a2470b487b139)] -> xpath: .//word], [[AndroidDriver: chrome on ANDROID (51a5b69d350864e9562a2470b487b139)] -> xpath: .//word], [[AndroidDriver: chrome on ANDROID (51a5b69d350864e9562a2470b487b139)] -> xpath: .//word], [[AndroidDriver: chrome on ANDROID (51a5b69d350864e9562a2470b487b139)] -> xpath: .//word], [[AndroidDriver: chrome on ANDROID (51a5b69d350864e9562a2470b487b139)] -> xpath: .//word], [[AndroidDriver: chrome on ANDROID (51a5b69d350864e9562a2470b487b139)] -> xpath: .//word], [[AndroidDriver: chrome on ANDROID (51a5b69d350864e9562a2470b487b139)] -> xpath: .//word], [[AndroidDriver: chrome on ANDROID (51a5b69d350864e9562a2470b487b139)] -> xpath: .//word], [[AndroidDriver: chrome on ANDROID (51a5b69d350864e9562a2470b487b139)] -> xpath: .//word], [[AndroidDriver: chrome on ANDROID (51a5b69d350864e9562a2470b487b139)] -> xpath: .//word], [[AndroidDriver: chrome on ANDROID (51a5b69d350864e9562a2470b487b139)] -> xpath: .//word], [[AndroidDriver: chrome on ANDROID (51a5b69d350864e9562a2470b487b139)] -> xpath: .//word], [[AndroidDriver: chrome on ANDROID (51a5b69d350864e9562a2470b487b139)] -> xpath: .//word], [[AndroidDriver: chrome on ANDROID (51a5b69d350864e9562a2470b487b139)] -> xpath: .//word], [[AndroidDriver: chrome on ANDROID (51a5b69d350864e9562a2470b487b139)] -> xpath: .//word], [[AndroidDriver: chrome on ANDROID (51a5b69d350864e9562a2470b487b139)] -> xpath: .//word], [[AndroidDriver: chrome on ANDROID (51a5b69d350864e9562a2470b487b139)] -> xpath: .//word], [[AndroidDriver: chrome on ANDROID (51a5b69d350864e9562a2470b487b139)] -> xpath: .//word], [[AndroidDriver: chrome on ANDROID (51a5b69d350864e9562a2470b487b139)] -> xpath: .//word], [[AndroidDriver: chrome on ANDROID (51a5b69d350864e9562a2470b487b139)] -> xpath: .//word], [[AndroidDriver: chrome on ANDROID (51a5b69d350864e9562a2470b487b139)] -> xpath: .//word], [[AndroidDriver: chrome on ANDROID (51a5b69d350864e9562a2470b487b139)] -> xpath: .//word], [[AndroidDriver: chrome on ANDROID (51a5b69d350864e9562a2470b487b139)] -> xpath: .//word], [[AndroidDriver: chrome on ANDROID (51a5b69d350864e9562a2470b487b139)] -> xpath: .//word], [[AndroidDriver: chrome on ANDROID (51a5b69d350864e9562a2470b487b139)] -> xpath: .//word], [[AndroidDriver: chrome on ANDROID (51a5b69d350864e9562a2470b487b139)] -> xpath: .//word], [[AndroidDriver: chrome on ANDROID (51a5b69d350864e9562a2470b487b139)] -> xpath: .//word], [[AndroidDriver: chrome on ANDROID (51a5b69d350864e9562a2470b487b139)] -> xpath: .//word], [[AndroidDriver: chrome on ANDROID (51a5b69d350864e9562a2470b487b139)] -> xpath: .//word], [[AndroidDriver: chrome on ANDROID (51a5b69d350864e9562a2470b487b139)] -> xpath: .//word], [[AndroidDriver: chrome on ANDROID (51a5b69d350864e9562a2470b487b139)] -> xpath: .//word], [[AndroidDriver: chrome on ANDROID (51a5b69d350864e9562a2470b487b139)] -> xpath: .//word], [[AndroidDriver: chrome on ANDROID (51a5b69d350864e9562a2470b487b139)] -> xpath: .//word], [[AndroidDriver: chrome on ANDROID (51a5b69d350864e9562a2470b487b139)] -> xpath: .//word], [[AndroidDriver: chrome on ANDROID (51a5b69d350864e9562a2470b487b139)] -> xpath: .//word], [[AndroidDriver: chrome on ANDROID (51a5b69d350864e9562a2470b487b139)] -> xpath: .//word], [[AndroidDriver: chrome on ANDROID (51a5b69d350864e9562a2470b487b139)] -> xpath: .//word], [[AndroidDriver: chrome on ANDROID (51a5b69d350864e9562a2470b487b139)] -> xpath: .//word], [[AndroidDriver: chrome on ANDROID (51a5b69d350864e9562a2470b487b139)] -> xpath: .//word], [[AndroidDriver: chrome on ANDROID (51a5b69d350864e9562a2470b487b139)] -> xpath: .//word], [[AndroidDriver: chrome on ANDROID (51a5b69d350864e9562a2470b487b139)] -> xpath: .//word], [[AndroidDriver: chrome on ANDROID (51a5b69d350864e9562a2470b487b139)] -> xpath: .//word], [[AndroidDriver: chrome on ANDROID (51a5b69d350864e9562a2470b487b139)] -> xpath: .//word], [[AndroidDriver: chrome on ANDROID (51a5b69d350864e9562a2470b487b139)] -> xpath: .//word], [[AndroidDriver: chrome on ANDROID (51a5b69d350864e9562a2470b487b139)] -> xpath: .//word], [[AndroidDriver: chrome on ANDROID (51a5b69d350864e9562a2470b487b139)] -> xpath: .//word], [[AndroidDriver: chrome on ANDROID (51a5b69d350864e9562a2470b487b139)] -> xpath: .//word], [[AndroidDriver: chrome on ANDROID (51a5b69d350864e9562a2470b487b139)] -> xpath: .//word], [[AndroidDriver: chrome on ANDROID (51a5b69d350864e9562a2470b487b139)] -> xpath: .//word], [[AndroidDriver: chrome on ANDROID (51a5b69d350864e9562a2470b487b139)] -> xpath: .//word], [[AndroidDriver: chrome on ANDROID (51a5b69d350864e9562a2470b487b139)] -> xpath: .//word], [[AndroidDriver: chrome on ANDROID (51a5b69d350864e9562a2470b487b139)] -> xpath: .//word], [[AndroidDriver: chrome on ANDROID (51a5b69d350864e9562a2470b487b139)] -> xpath: .//word], [[AndroidDriver: chrome on ANDROID (51a5b69d350864e9562a2470b487b139)] -> xpath: .//word], [[AndroidDriver: chrome on ANDROID (51a5b69d350864e9562a2470b487b139)] -> xpath: .//word], [[AndroidDriver: chrome on ANDROID (51a5b69d350864e9562a2470b487b139)] -> xpath: .//word], [[AndroidDriver: chrome on ANDROID (51a5b69d350864e9562a2470b487b139)] -> xpath: .//word], [[AndroidDriver: chrome on ANDROID (51a5b69d350864e9562a2470b487b139)] -> xpath: .//word], [[AndroidDriver: chrome on ANDROID (51a5b69d350864e9562a2470b487b139)] -> xpath: .//word], [[AndroidDriver: chrome on ANDROID (51a5b69d350864e9562a2470b487b139)] -> xpath: .//word], [[AndroidDriver: chrome on ANDROID (51a5b69d350864e9562a2470b487b139)] -> xpath: .//word], [[AndroidDriver: chrome on ANDROID (51a5b69d350864e9562a2470b487b139)] -> xpath: .//word], [[AndroidDriver: chrome on ANDROID (51a5b69d350864e9562a2470b487b139)] -> xpath: .//word], [[AndroidDriver: chrome on ANDROID (51a5b69d350864e9562a2470b487b139)] -> xpath: .//word], [[AndroidDriver: chrome on ANDROID (51a5b69d350864e9562a2470b487b139)] -> xpath: .//word], [[AndroidDriver: chrome on ANDROID (51a5b69d350864e9562a2470b487b139)] -> xpath: .//word], [[AndroidDriver: chrome on ANDROID (51a5b69d350864e9562a2470b487b139)] -> xpath: .//word], [[AndroidDriver: chrome on ANDROID (51a5b69d350864e9562a2470b487b139)] -> xpath: .//word], [[AndroidDriver: chrome on ANDROID (51a5b69d350864e9562a2470b487b139)] -> xpath: .//word], [[AndroidDriver: chrome on ANDROID (51a5b69d350864e9562a2470b487b139)] -> xpath: .//word], [[AndroidDriver: chrome on ANDROID (51a5b69d350864e9562a2470b487b139)] -> xpath: .//word], [[AndroidDriver: chrome on ANDROID (51a5b69d350864e9562a2470b487b139)] -> xpath: .//word], [[AndroidDriver: chrome on ANDROID (51a5b69d350864e9562a2470b487b139)] -> xpath: .//word], [[AndroidDriver: chrome on ANDROID (51a5b69d350864e9562a2470b487b139)] -> xpath: .//word], [[AndroidDriver: chrome on ANDROID (51a5b69d350864e9562a2470b487b139)] -> xpath: .//word], [[AndroidDriver: chrome on ANDROID (51a5b69d350864e9562a2470b487b139)] -> xpath: .//word], [[AndroidDriver: chrome on ANDROID (51a5b69d350864e9562a2470b487b139)] -> xpath: .//word], [[AndroidDriver: chrome on ANDROID (51a5b69d350864e9562a2470b487b139)] -> xpath: .//word], [[AndroidDriver: chrome on ANDROID (51a5b69d350864e9562a2470b487b139)] -> xpath: .//word], [[AndroidDriver: chrome on ANDROID (51a5b69d350864e9562a2470b487b139)] -> xpath: .//word], [[AndroidDriver: chrome on ANDROID (51a5b69d350864e9562a2470b487b139)] -> xpath: .//word], [[AndroidDriver: chrome on ANDROID (51a5b69d350864e9562a2470b487b139)] -> xpath: .//word], [[AndroidDriver: chrome on ANDROID (51a5b69d350864e9562a2470b487b139)] -> xpath: .//word], [[AndroidDriver: chrome on ANDROID (51a5b69d350864e9562a2470b487b139)] -> xpath: .//word], [[AndroidDriver: chrome on ANDROID (51a5b69d350864e9562a2470b487b139)] -> xpath: .//word], [[AndroidDriver: chrome on ANDROID (51a5b69d350864e9562a2470b487b139)] -> xpath: .//word], [[AndroidDriver: chrome on ANDROID (51a5b69d350864e9562a2470b487b139)] -> xpath: .//word], [[AndroidDriver: chrome on ANDROID (51a5b69d350864e9562a2470b487b139)] -> xpath: .//word], [[AndroidDriver: chrome on ANDROID (51a5b69d350864e9562a2470b487b139)] -> xpath: .//word], [[AndroidDriver: chrome on ANDROID (51a5b69d350864e9562a2470b487b139)] -> xpath: .//word], [[AndroidDriver: chrome on ANDROID (51a5b69d350864e9562a2470b487b139)] -> xpath: .//word], [[AndroidDriver: chrome on ANDROID (51a5b69d350864e9562a2470b487b139)] -> xpath: .//word], [[AndroidDriver: chrome on ANDROID (51a5b69d350864e9562a2470b487b139)] -> xpath: .//word], [[AndroidDriver: chrome on ANDROID (51a5b69d350864e9562a2470b487b139)] -> xpath: .//word], [[AndroidDriver: chrome on ANDROID (51a5b69d350864e9562a2470b487b139)] -> xpath: .//word], [[AndroidDriver: chrome on ANDROID (51a5b69d350864e9562a2470b487b139)] -> xpath: .//word], [[AndroidDriver: chrome on ANDROID (51a5b69d350864e9562a2470b487b139)] -> xpath: .//word], [[AndroidDriver: chrome on ANDROID (51a5b69d350864e9562a2470b487b139)] -> xpath: .//word], [[AndroidDriver: chrome on ANDROID (51a5b69d350864e9562a2470b487b139)] -> xpath: .//word], [[AndroidDriver: chrome on ANDROID (51a5b69d350864e9562a2470b487b139)] -> xpath: .//word], [[AndroidDriver: chrome on ANDROID (51a5b69d350864e9562a2470b487b139)] -> xpath: .//word], [[AndroidDriver: chrome on ANDROID (51a5b69d350864e9562a2470b487b139)] -> xpath: .//word], [[AndroidDriver: chrome on ANDROID (51a5b69d350864e9562a2470b487b139)] -> xpath: .//word], [[AndroidDriver: chrome on ANDROID (51a5b69d350864e9562a2470b487b139)] -> xpath: .//word], [[AndroidDriver: chrome on ANDROID (51a5b69d350864e9562a2470b487b139)] -> xpath: .//word], [[AndroidDriver: chrome on ANDROID (51a5b69d350864e9562a2470b487b139)] -> xpath: .//word], [[AndroidDriver: chrome on ANDROID (51a5b69d350864e9562a2470b487b139)] -> xpath: .//word], [[AndroidDriver: chrome on ANDROID (51a5b69d350864e9562a2470b487b139)] -> xpath: .//word], [[AndroidDriver: chrome on ANDROID (51a5b69d350864e9562a2470b487b139)] -> xpath: .//word], [[AndroidDriver: chrome on ANDROID (51a5b69d350864e9562a2470b487b139)] -> xpath: .//word], [[AndroidDriver: chrome on ANDROID (51a5b69d350864e9562a2470b487b139)] -> xpath: .//word], [[AndroidDriver: chrome on ANDROID (51a5b69d350864e9562a2470b487b139)] -> xpath: .//word], [[AndroidDriver: chrome on ANDROID (51a5b69d350864e9562a2470b487b139)] -> xpath: .//word], [[AndroidDriver: chrome on ANDROID (51a5b69d350864e9562a2470b487b139)] -> xpath: .//word], [[AndroidDriver: chrome on ANDROID (51a5b69d350864e9562a2470b487b139)] -> xpath: .//word], [[AndroidDriver: chrome on ANDROID (51a5b69d350864e9562a2470b487b139)] -> xpath: .//word], [[AndroidDriver: chrome on ANDROID (51a5b69d350864e9562a2470b487b139)] -> xpath: .//word], [[AndroidDriver: chrome on ANDROID (51a5b69d350864e9562a2470b487b139)] -> xpath: .//word], [[AndroidDriver: chrome on ANDROID (51a5b69d350864e9562a2470b487b139)] -> xpath: .//word], [[AndroidDriver: chrome on ANDROID (51a5b69d350864e9562a2470b487b139)] -> xpath: .//word], [[AndroidDriver: chrome on ANDROID (51a5b69d350864e9562a2470b487b139)] -> xpath: .//word], [[AndroidDriver: chrome on ANDROID (51a5b69d350864e9562a2470b487b139)] -> xpath: .//word], [[AndroidDriver: chrome on ANDROID (51a5b69d350864e9562a2470b487b139)] -> xpath: .//word], [[AndroidDriver: chrome on ANDROID (51a5b69d350864e9562a2470b487b139)] -> xpath: .//word], [[AndroidDriver: chrome on ANDROID (51a5b69d350864e9562a2470b487b139)] -> xpath: .//word], [[AndroidDriver: chrome on ANDROID (51a5b69d350864e9562a2470b487b139)] -> xpath: .//word], [[AndroidDriver: chrome on ANDROID (51a5b69d350864e9562a2470b487b139)] -> xpath: .//word], [[AndroidDriver: chrome on ANDROID (51a5b69d350864e9562a2470b487b139)] -> xpath: .//word], [[AndroidDriver: chrome on ANDROID (51a5b69d350864e9562a2470b487b139)] -> xpath: .//word], [[AndroidDriver: chrome on ANDROID (51a5b69d350864e9562a2470b487b139)] -> xpath: .//word], [[AndroidDriver: chrome on ANDROID (51a5b69d350864e9562a2470b487b139)] -> xpath: .//word], [[AndroidDriver: chrome on ANDROID (51a5b69d350864e9562a2470b487b139)] -> xpath: .//word], [[AndroidDriver: chrome on ANDROID (51a5b69d350864e9562a2470b487b139)] -> xpath: .//word], [[AndroidDriver: chrome on ANDROID (51a5b69d350864e9562a2470b487b139)] -> xpath: .//word], [[AndroidDriver: chrome on ANDROID (51a5b69d350864e9562a2470b487b139)] -> xpath: .//word], [[AndroidDriver: chrome on ANDROID (51a5b69d350864e9562a2470b487b139)] -> xpath: .//word], [[AndroidDriver: chrome on ANDROID (51a5b69d350864e9562a2470b487b139)] -> xpath: .//word], [[AndroidDriver: chrome on ANDROID (51a5b69d350864e9562a2470b487b139)] -> xpath: .//word], [[AndroidDriver: chrome on ANDROID (51a5b69d350864e9562a2470b487b139)] -> xpath: .//word], [[AndroidDriver: chrome on ANDROID (51a5b69d350864e9562a2470b487b139)] -> xpath: .//word], [[AndroidDriver: chrome on ANDROID (51a5b69d350864e9562a2470b487b139)] -> xpath: .//word], [[AndroidDriver: chrome on ANDROID (51a5b69d350864e9562a2470b487b139)] -> xpath: .//word], [[AndroidDriver: chrome on ANDROID (51a5b69d350864e9562a2470b487b139)] -> xpath: .//word], [[AndroidDriver: chrome on ANDROID (51a5b69d350864e9562a2470b487b139)] -> xpath: .//word], [[AndroidDriver: chrome on ANDROID (51a5b69d350864e9562a2470b487b139)] -> xpath: .//word], [[AndroidDriver: chrome on ANDROID (51a5b69d350864e9562a2470b487b139)] -> xpath: .//word], [[AndroidDriver: chrome on ANDROID (51a5b69d350864e9562a2470b487b139)] -> xpath: .//word], [[AndroidDriver: chrome on ANDROID (51a5b69d350864e9562a2470b487b139)] -> xpath: .//word], [[AndroidDriver: chrome on ANDROID (51a5b69d350864e9562a2470b487b139)] -> xpath: .//word], [[AndroidDriver: chrome on ANDROID (51a5b69d350864e9562a2470b487b139)] -> xpath: .//word], [[AndroidDriver: chrome on ANDROID (51a5b69d350864e9562a2470b487b139)] -> xpath: .//word], [[AndroidDriver: chrome on ANDROID (51a5b69d350864e9562a2470b487b139)] -> xpath: .//word], [[AndroidDriver: chrome on ANDROID (51a5b69d350864e9562a2470b487b139)] -> xpath: .//word], [[AndroidDriver: chrome on ANDROID (51a5b69d350864e9562a2470b487b139)] -> xpath: .//word], [[AndroidDriver: chrome on ANDROID (51a5b69d350864e9562a2470b487b139)] -> xpath: .//word], [[AndroidDriver: chrome on ANDROID (51a5b69d350864e9562a2470b487b139)] -> xpath: .//word], [[AndroidDriver: chrome on ANDROID (51a5b69d350864e9562a2470b487b139)] -> xpath: .//word], [[AndroidDriver: chrome on ANDROID (51a5b69d350864e9562a2470b487b139)] -> xpath: .//word], [[AndroidDriver: chrome on ANDROID (51a5b69d350864e9562a2470b487b139)] -> xpath: .//word], [[AndroidDriver: chrome on ANDROID (51a5b69d350864e9562a2470b487b139)] -> xpath: .//word], [[AndroidDriver: chrome on ANDROID (51a5b69d350864e9562a2470b487b139)] -> xpath: .//word], [[AndroidDriver: chrome on ANDROID (51a5b69d350864e9562a2470b487b139)] -> xpath: .//word], [[AndroidDriver: chrome on ANDROID (51a5b69d350864e9562a2470b487b139)] -> xpath: .//word], [[AndroidDriver: chrome on ANDROID (51a5b69d350864e9562a2470b487b139)] -> xpath: .//word], [[AndroidDriver: chrome on ANDROID (51a5b69d350864e9562a2470b487b139)] -> xpath: .//word], [[AndroidDriver: chrome on ANDROID (51a5b69d350864e9562a2470b487b139)] -> xpath: .//word], [[AndroidDriver: chrome on ANDROID (51a5b69d350864e9562a2470b487b139)] -> xpath: .//word], [[AndroidDriver: chrome on ANDROID (51a5b69d350864e9562a2470b487b139)] -> xpath: .//word], [[AndroidDriver: chrome on ANDROID (51a5b69d350864e9562a2470b487b139)] -> xpath: .//word], [[AndroidDriver: chrome on ANDROID (51a5b69d350864e9562a2470b487b139)] -> xpath: .//word], [[AndroidDriver: chrome on ANDROID (51a5b69d350864e9562a2470b487b139)] -> xpath: .//word], [[AndroidDriver: chrome on ANDROID (51a5b69d350864e9562a2470b487b139)] -> xpath: .//word], [[AndroidDriver: chrome on ANDROID (51a5b69d350864e9562a2470b487b139)] -> xpath: .//word], [[AndroidDriver: chrome on ANDROID (51a5b69d350864e9562a2470b487b139)] -> xpath: .//word], [[AndroidDriver: chrome on ANDROID (51a5b69d350864e9562a2470b487b139)] -> xpath: .//word], [[AndroidDriver: chrome on ANDROID (51a5b69d350864e9562a2470b487b139)] -> xpath: .//word], [[AndroidDriver: chrome on ANDROID (51a5b69d350864e9562a2470b487b139)] -> xpath: .//word], [[AndroidDriver: chrome on ANDROID (51a5b69d350864e9562a2470b487b139)] -> xpath: .//word], [[AndroidDriver: chrome on ANDROID (51a5b69d350864e9562a2470b487b139)] -> xpath: .//word], [[AndroidDriver: chrome on ANDROID (51a5b69d350864e9562a2470b487b139)] -> xpath: .//word], [[AndroidDriver: chrome on ANDROID (51a5b69d350864e9562a2470b487b139)] -> xpath: .//word], [[AndroidDriver: chrome on ANDROID (51a5b69d350864e9562a2470b487b139)] -> xpath: .//word], [[AndroidDriver: chrome on ANDROID (51a5b69d350864e9562a2470b487b139)] -> xpath: .//word], [[AndroidDriver: chrome on ANDROID (51a5b69d350864e9562a2470b487b139)] -> xpath: .//word], [[AndroidDriver: chrome on ANDROID (51a5b69d350864e9562a2470b487b139)] -> xpath: .//word], [[AndroidDriver: chrome on ANDROID (51a5b69d350864e9562a2470b487b139)] -> xpath: .//word], [[AndroidDriver: chrome on ANDROID (51a5b69d350864e9562a2470b487b139)] -> xpath: .//word], [[AndroidDriver: chrome on ANDROID (51a5b69d350864e9562a2470b487b139)] -> xpath: .//word], [[AndroidDriver: chrome on ANDROID (51a5b69d350864e9562a2470b487b139)] -> xpath: .//word], [[AndroidDriver: chrome on ANDROID (51a5b69d350864e9562a2470b487b139)] -> xpath: .//word], [[AndroidDriver: chrome on ANDROID (51a5b69d350864e9562a2470b487b139)] -> xpath: .//word], [[AndroidDriver: chrome on ANDROID (51a5b69d350864e9562a2470b487b139)] -> xpath: .//word], [[AndroidDriver: chrome on ANDROID (51a5b69d350864e9562a2470b487b139)] -> xpath: .//word], [[AndroidDriver: chrome on ANDROID (51a5b69d350864e9562a2470b487b139)] -> xpath: .//word], [[AndroidDriver: chrome on ANDROID (51a5b69d350864e9562a2470b487b139)] -> xpath: .//word], [[AndroidDriver: chrome on ANDROID (51a5b69d350864e9562a2470b487b139)] -> xpath: .//word], [[AndroidDriver: chrome on ANDROID (51a5b69d350864e9562a2470b487b139)] -> xpath: .//word], [[AndroidDriver: chrome on ANDROID (51a5b69d350864e9562a2470b487b139)] -> xpath: .//word], [[AndroidDriver: chrome on ANDROID (51a5b69d350864e9562a2470b487b139)] -> xpath: .//word], [[AndroidDriver: chrome on ANDROID (51a5b69d350864e9562a2470b487b139)] -> xpath: .//word], [[AndroidDriver: chrome on ANDROID (51a5b69d350864e9562a2470b487b139)] -> xpath: .//word], [[AndroidDriver: chrome on ANDROID (51a5b69d350864e9562a2470b487b139)] -> xpath: .//word], [[AndroidDriver: chrome on ANDROID (51a5b69d350864e9562a2470b487b139)] -> xpath: .//word], [[AndroidDriver: chrome on ANDROID (51a5b69d350864e9562a2470b487b139)] -> xpath: .//word], [[AndroidDriver: chrome on ANDROID (51a5b69d350864e9562a2470b487b139)] -> xpath: .//word], [[AndroidDriver: chrome on ANDROID (51a5b69d350864e9562a2470b487b139)] -> xpath: .//word], [[AndroidDriver: chrome on ANDROID (51a5b69d350864e9562a2470b487b139)] -> xpath: .//word], [[AndroidDriver: chrome on ANDROID (51a5b69d350864e9562a2470b487b139)] -> xpath: .//word], [[AndroidDriver: chrome on ANDROID (51a5b69d350864e9562a2470b487b139)] -> xpath: .//word], [[AndroidDriver: chrome on ANDROID (51a5b69d350864e9562a2470b487b139)] -> xpath: .//word], [[AndroidDriver: chrome on ANDROID (51a5b69d350864e9562a2470b487b139)] -> xpath: .//word], [[AndroidDriver: chrome on ANDROID (51a5b69d350864e9562a2470b487b139)] -> xpath: .//word], [[AndroidDriver: chrome on ANDROID (51a5b69d350864e9562a2470b487b139)] -> xpath: .//word], [[AndroidDriver: chrome on ANDROID (51a5b69d350864e9562a2470b487b139)] -> xpath: .//word], [[AndroidDriver: chrome on ANDROID (51a5b69d350864e9562a2470b487b139)] -> xpath: .//word], [[AndroidDriver: chrome on ANDROID (51a5b69d350864e9562a2470b487b139)] -> xpath: .//word], [[AndroidDriver: chrome on ANDROID (51a5b69d350864e9562a2470b487b139)] -> xpath: .//word], [[AndroidDriver: chrome on ANDROID (51a5b69d350864e9562a2470b487b139)] -> xpath: .//word], [[AndroidDriver: chrome on ANDROID (51a5b69d350864e9562a2470b487b139)] -> xpath: .//word], [[AndroidDriver: chrome on ANDROID (51a5b69d350864e9562a2470b487b139)] -> xpath: .//word], [[AndroidDriver: chrome on ANDROID (51a5b69d350864e9562a2470b487b139)] -> xpath: .//word], [[AndroidDriver: chrome on ANDROID (51a5b69d350864e9562a2470b487b139)] -> xpath: .//word], [[AndroidDriver: chrome on ANDROID (51a5b69d350864e9562a2470b487b139)] -> xpath: .//word], [[AndroidDriver: chrome on ANDROID (51a5b69d350864e9562a2470b487b139)] -> xpath: .//word], [[AndroidDriver: chrome on ANDROID (51a5b69d350864e9562a2470b487b139)] -> xpath: .//word], [[AndroidDriver: chrome on ANDROID (51a5b69d350864e9562a2470b487b139)] -> xpath: .//word], [[AndroidDriver: chrome on ANDROID (51a5b69d350864e9562a2470b487b139)] -> xpath: .//word], [[AndroidDriver: chrome on ANDROID (51a5b69d350864e9562a2470b487b139)] -> xpath: .//word], [[AndroidDriver: chrome on ANDROID (51a5b69d350864e9562a2470b487b139)] -> xpath: .//word], [[AndroidDriver: chrome on ANDROID (51a5b69d350864e9562a2470b487b139)] -> xpath: .//word], [[AndroidDriver: chrome on ANDROID (51a5b69d350864e9562a2470b487b139)] -> xpath: .//word], [[AndroidDriver: chrome on ANDROID (51a5b69d350864e9562a2470b487b139)] -> xpath: .//word], [[AndroidDriver: chrome on ANDROID (51a5b69d350864e9562a2470b487b139)] -> xpath: .//word], [[AndroidDriver: chrome on ANDROID (51a5b69d350864e9562a2470b487b139)] -> xpath: .//word], [[AndroidDriver: chrome on ANDROID (51a5b69d350864e9562a2470b487b139)] -> xpath: .//word], [[AndroidDriver: chrome on ANDROID (51a5b69d350864e9562a2470b487b139)] -> xpath: .//word], [[AndroidDriver: chrome on ANDROID (51a5b69d350864e9562a2470b487b139)] -> xpath: .//word], [[AndroidDriver: chrome on ANDROID (51a5b69d350864e9562a2470b487b139)] -> xpath: .//word], [[AndroidDriver: chrome on ANDROID (51a5b69d350864e9562a2470b487b139)] -> xpath: .//word], [[AndroidDriver: chrome on ANDROID (51a5b69d350864e9562a2470b487b139)] -> xpath: .//word], [[AndroidDriver: chrome on ANDROID (51a5b69d350864e9562a2470b487b139)] -> xpath: .//word], [[AndroidDriver: chrome on ANDROID (51a5b69d350864e9562a2470b487b139)] -> xpath: .//word], [[AndroidDriver: chrome on ANDROID (51a5b69d350864e9562a2470b487b139)] -> xpath: .//word], [[AndroidDriver: chrome on ANDROID (51a5b69d350864e9562a2470b487b139)] -> xpath: .//word], [[AndroidDriver: chrome on ANDROID (51a5b69d350864e9562a2470b487b139)] -> xpath: .//word], [[AndroidDriver: chrome on ANDROID (51a5b69d350864e9562a2470b487b139)] -> xpath: .//word], [[AndroidDriver: chrome on ANDROID (51a5b69d350864e9562a2470b487b139)] -> xpath: .//word], [[AndroidDriver: chrome on ANDROID (51a5b69d350864e9562a2470b487b139)] -> xpath: .//word], [[AndroidDriver: chrome on ANDROID (51a5b69d350864e9562a2470b487b139)] -> xpath: .//word], [[AndroidDriver: chrome on ANDROID (51a5b69d350864e9562a2470b487b139)] -> xpath: .//word], [[AndroidDriver: chrome on ANDROID (51a5b69d350864e9562a2470b487b139)] -> xpath: .//word], [[AndroidDriver: chrome on ANDROID (51a5b69d350864e9562a2470b487b139)] -> xpath: .//word], [[AndroidDriver: chrome on ANDROID (51a5b69d350864e9562a2470b487b139)] -> xpath: .//word], [[AndroidDriver: chrome on ANDROID (51a5b69d350864e9562a2470b487b139)] -> xpath: .//word], [[AndroidDriver: chrome on ANDROID (51a5b69d350864e9562a2470b487b139)] -> xpath: .//word], [[AndroidDriver: chrome on ANDROID (51a5b69d350864e9562a2470b487b139)] -> xpath: .//word], [[AndroidDriver: chrome on ANDROID (51a5b69d350864e9562a2470b487b139)] -> xpath: .//word], [[AndroidDriver: chrome on ANDROID (51a5b69d350864e9562a2470b487b139)] -> xpath: .//word], [[AndroidDriver: chrome on ANDROID (51a5b69d350864e9562a2470b487b139)] -> xpath: .//word], [[AndroidDriver: chrome on ANDROID (51a5b69d350864e9562a2470b487b139)] -> xpath: .//word], [[AndroidDriver: chrome on ANDROID (51a5b69d350864e9562a2470b487b139)] -> xpath: .//word], [[AndroidDriver: chrome on ANDROID (51a5b69d350864e9562a2470b487b139)] -> xpath: .//word], [[AndroidDriver: chrome on ANDROID (51a5b69d350864e9562a2470b487b139)] -> xpath: .//word], [[AndroidDriver: chrome on ANDROID (51a5b69d350864e9562a2470b487b139)] -> xpath: .//word], [[AndroidDriver: chrome on ANDROID (51a5b69d350864e9562a2470b487b139)] -> xpath: .//word], [[AndroidDriver: chrome on ANDROID (51a5b69d350864e9562a2470b487b139)] -> xpath: .//word], [[AndroidDriver: chrome on ANDROID (51a5b69d350864e9562a2470b487b139)] -> xpath: .//word], [[AndroidDriver: chrome on ANDROID (51a5b69d350864e9562a2470b487b139)] -> xpath: .//word], [[AndroidDriver: chrome on ANDROID (51a5b69d350864e9562a2470b487b139)] -> xpath: .//word], [[AndroidDriver: chrome on ANDROID (51a5b69d350864e9562a2470b487b139)] -> xpath: .//word], [[AndroidDriver: chrome on ANDROID (51a5b69d350864e9562a2470b487b139)] -> xpath: .//word], [[AndroidDriver: chrome on ANDROID (51a5b69d350864e9562a2470b487b139)] -> xpath: .//word], [[AndroidDriver: chrome on ANDROID (51a5b69d350864e9562a2470b487b139)] -> xpath: .//word], [[AndroidDriver: chrome on ANDROID (51a5b69d350864e9562a2470b487b139)] -> xpath: .//word], [[AndroidDriver: chrome on ANDROID (51a5b69d350864e9562a2470b487b139)] -> xpath: .//word], [[AndroidDriver: chrome on ANDROID (51a5b69d350864e9562a2470b487b139)] -> xpath: .//word], [[AndroidDriver: chrome on ANDROID (51a5b69d350864e9562a2470b487b139)] -> xpath: .//word], [[AndroidDriver: chrome on ANDROID (51a5b69d350864e9562a2470b487b139)] -> xpath: .//word], [[AndroidDriver: chrome on ANDROID (51a5b69d350864e9562a2470b487b139)] -> xpath: .//word], [[AndroidDriver: chrome on ANDROID (51a5b69d350864e9562a2470b487b139)] -> xpath: .//word], [[AndroidDriver: chrome on ANDROID (51a5b69d350864e9562a2470b487b139)] -> xpath: .//word], [[AndroidDriver: chrome on ANDROID (51a5b69d350864e9562a2470b487b139)] -> xpath: .//word], [[AndroidDriver: chrome on ANDROID (51a5b69d350864e9562a2470b487b139)] -> xpath: .//word], [[AndroidDriver: chrome on ANDROID (51a5b69d350864e9562a2470b487b139)] -> xpath: .//word], [[AndroidDriver: chrome on ANDROID (51a5b69d350864e9562a2470b487b139)] -> xpath: .//word], [[AndroidDriver: chrome on ANDROID (51a5b69d350864e9562a2470b487b139)] -> xpath: .//word], [[AndroidDriver: chrome on ANDROID (51a5b69d350864e9562a2470b487b139)] -> xpath: .//word], [[AndroidDriver: chrome on ANDROID (51a5b69d350864e9562a2470b487b139)] -> xpath: .//word], [[AndroidDriver: chrome on ANDROID (51a5b69d350864e9562a2470b487b139)] -> xpath: .//word], [[AndroidDriver: chrome on ANDROID (51a5b69d350864e9562a2470b487b139)] -> xpath: .//word], [[AndroidDriver: chrome on ANDROID (51a5b69d350864e9562a2470b487b139)] -> xpath: .//word], [[AndroidDriver: chrome on ANDROID (51a5b69d350864e9562a2470b487b139)] -> xpath: .//word], [[AndroidDriver: chrome on ANDROID (51a5b69d350864e9562a2470b487b139)] -> xpath: .//word], [[AndroidDriver: chrome on ANDROID (51a5b69d350864e9562a2470b487b139)] -> xpath: .//word], [[AndroidDriver: chrome on ANDROID (51a5b69d350864e9562a2470b487b139)] -> xpath: .//word], [[AndroidDriver: chrome on ANDROID (51a5b69d350864e9562a2470b487b139)] -> xpath: .//word], [[AndroidDriver: chrome on ANDROID (51a5b69d350864e9562a2470b487b139)] -> xpath: .//word], [[AndroidDriver: chrome on ANDROID (51a5b69d350864e9562a2470b487b139)] -> xpath: .//word], [[AndroidDriver: chrome on ANDROID (51a5b69d350864e9562a2470b487b139)] -> xpath: .//word], [[AndroidDriver: chrome on ANDROID (51a5b69d350864e9562a2470b487b139)] -> xpath: .//word], [[AndroidDriver: chrome on ANDROID (51a5b69d350864e9562a2470b487b139)] -> xpath: .//word], [[AndroidDriver: chrome on ANDROID (51a5b69d350864e9562a2470b487b139)] -> xpath: .//word], [[AndroidDriver: chrome on ANDROID (51a5b69d350864e9562a2470b487b139)] -> xpath: .//word], [[AndroidDriver: chrome on ANDROID (51a5b69d350864e9562a2470b487b139)] -> xpath: .//word], [[AndroidDriver: chrome on ANDROID (51a5b69d350864e9562a2470b487b139)] -> xpath: .//word], [[AndroidDriver: chrome on ANDROID (51a5b69d350864e9562a2470b487b139)] -> xpath: .//word], [[AndroidDriver: chrome on ANDROID (51a5b69d350864e9562a2470b487b139)] -> xpath: .//word], [[AndroidDriver: chrome on ANDROID (51a5b69d350864e9562a2470b487b139)] -> xpath: .//word], [[AndroidDriver: chrome on ANDROID (51a5b69d350864e9562a2470b487b139)] -> xpath: .//word], [[AndroidDriver: chrome on ANDROID (51a5b69d350864e9562a2470b487b139)] -> xpath: .//word], [[AndroidDriver: chrome on ANDROID (51a5b69d350864e9562a2470b487b139)] -> xpath: .//word], [[AndroidDriver: chrome on ANDROID (51a5b69d350864e9562a2470b487b139)] -> xpath: .//word], [[AndroidDriver: chrome on ANDROID (51a5b69d350864e9562a2470b487b139)] -> xpath: .//word], [[AndroidDriver: chrome on ANDROID (51a5b69d350864e9562a2470b487b139)] -> xpath: .//word], [[AndroidDriver: chrome on ANDROID (51a5b69d350864e9562a2470b487b139)] -> xpath: .//word], [[AndroidDriver: chrome on ANDROID (51a5b69d350864e9562a2470b487b139)] -> xpath: .//word], [[AndroidDriver: chrome on ANDROID (51a5b69d350864e9562a2470b487b139)] -> xpath: .//word], [[AndroidDriver: chrome on ANDROID (51a5b69d350864e9562a2470b487b139)] -> xpath: .//word], [[AndroidDriver: chrome on ANDROID (51a5b69d350864e9562a2470b487b139)] -> xpath: .//word], [[AndroidDriver: chrome on ANDROID (51a5b69d350864e9562a2470b487b139)] -> xpath: .//word], [[AndroidDriver: chrome on ANDROID (51a5b69d350864e9562a2470b487b139)] -> xpath: .//word], [[AndroidDriver: chrome on ANDROID (51a5b69d350864e9562a2470b487b139)] -> xpath: .//word], [[AndroidDriver: chrome on ANDROID (51a5b69d350864e9562a2470b487b139)] -> xpath: .//word], [[AndroidDriver: chrome on ANDROID (51a5b69d350864e9562a2470b487b139)] -> xpath: .//word], [[AndroidDriver: chrome on ANDROID (51a5b69d350864e9562a2470b487b139)] -> xpath: .//word], [[AndroidDriver: chrome on ANDROID (51a5b69d350864e9562a2470b487b139)] -> xpath: .//word], [[AndroidDriver: chrome on ANDROID (51a5b69d350864e9562a2470b487b139)] -> xpath: .//word], [[AndroidDriver: chrome on ANDROID (51a5b69d350864e9562a2470b487b139)] -> xpath: .//word], [[AndroidDriver: chrome on ANDROID (51a5b69d350864e9562a2470b487b139)] -> xpath: .//word], [[AndroidDriver: chrome on ANDROID (51a5b69d350864e9562a2470b487b139)] -> xpath: .//word], [[AndroidDriver: chrome on ANDROID (51a5b69d350864e9562a2470b487b139)] -> xpath: .//word], [[AndroidDriver: chrome on ANDROID (51a5b69d350864e9562a2470b487b139)] -> xpath: .//word], [[AndroidDriver: chrome on ANDROID (51a5b69d350864e9562a2470b487b139)] -> xpath: .//word], [[AndroidDriver: chrome on ANDROID (51a5b69d350864e9562a2470b487b139)] -> xpath: .//word], [[AndroidDriver: chrome on ANDROID (51a5b69d350864e9562a2470b487b139)] -> xpath: .//word], [[AndroidDriver: chrome on ANDROID (51a5b69d350864e9562a2470b487b139)] -> xpath: .//word], [[AndroidDriver: chrome on ANDROID (51a5b69d350864e9562a2470b487b139)] -> xpath: .//word], [[AndroidDriver: chrome on ANDROID (51a5b69d350864e9562a2470b487b139)] -> xpath: .//word], [[AndroidDriver: chrome on ANDROID (51a5b69d350864e9562a2470b487b139)] -> xpath: .//word], [[AndroidDriver: chrome on ANDROID (51a5b69d350864e9562a2470b487b139)] -> xpath: .//word], [[AndroidDriver: chrome on ANDROID (51a5b69d350864e9562a2470b487b139)] -> xpath: .//word], [[AndroidDriver: chrome on ANDROID (51a5b69d350864e9562a2470b487b139)] -> xpath: .//word], [[AndroidDriver: chrome on ANDROID (51a5b69d350864e9562a2470b487b139)] -> xpath: .//word], [[AndroidDriver: chrome on ANDROID (51a5b69d350864e9562a2470b487b139)] -> xpath: .//word], [[AndroidDriver: chrome on ANDROID (51a5b69d350864e9562a2470b487b139)] -> xpath: .//word], [[AndroidDriver: chrome on ANDROID (51a5b69d350864e9562a2470b487b139)] -> xpath: .//word], [[AndroidDriver: chrome on ANDROID (51a5b69d350864e9562a2470b487b139)] -> xpath: .//word], [[AndroidDriver: chrome on ANDROID (51a5b69d350864e9562a2470b487b139)] -> xpath: .//word], [[AndroidDriver: chrome on ANDROID (51a5b69d350864e9562a2470b487b139)] -> xpath: .//word], [[AndroidDriver: chrome on ANDROID (51a5b69d350864e9562a2470b487b139)] -> xpath: .//word], [[AndroidDriver: chrome on ANDROID (51a5b69d350864e9562a2470b487b139)] -> xpath: .//word], [[AndroidDriver: chrome on ANDROID (51a5b69d350864e9562a2470b487b139)] -> xpath: .//word], [[AndroidDriver: chrome on ANDROID (51a5b69d350864e9562a2470b487b139)] -> xpath: .//word], [[AndroidDriver: chrome on ANDROID (51a5b69d350864e9562a2470b487b139)] -> xpath: .//word], [[AndroidDriver: chrome on ANDROID (51a5b69d350864e9562a2470b487b139)] -> xpath: .//word], [[AndroidDriver: chrome on ANDROID (51a5b69d350864e9562a2470b487b139)] -> xpath: .//word], [[AndroidDriver: chrome on ANDROID (51a5b69d350864e9562a2470b487b139)] -> xpath: .//word], [[AndroidDriver: chrome on ANDROID (51a5b69d350864e9562a2470b487b139)] -> xpath: .//word], [[AndroidDriver: chrome on ANDROID (51a5b69d350864e9562a2470b487b139)] -> xpath: .//word], [[AndroidDriver: chrome on ANDROID (51a5b69d350864e9562a2470b487b139)] -> xpath: .//word], [[AndroidDriver: chrome on ANDROID (51a5b69d350864e9562a2470b487b139)] -> xpath: .//word], [[AndroidDriver: chrome on ANDROID (51a5b69d350864e9562a2470b487b139)] -> xpath: .//word], [[AndroidDriver: chrome on ANDROID (51a5b69d350864e9562a2470b487b139)] -> xpath: .//word], [[AndroidDriver: chrome on ANDROID (51a5b69d350864e9562a2470b487b139)] -> xpath: .//word], [[AndroidDriver: chrome on ANDROID (51a5b69d350864e9562a2470b487b139)] -> xpath: .//word], [[AndroidDriver: chrome on ANDROID (51a5b69d350864e9562a2470b487b139)] -> xpath: .//word], [[AndroidDriver: chrome on ANDROID (51a5b69d350864e9562a2470b487b139)] -> xpath: .//word], [[AndroidDriver: chrome on ANDROID (51a5b69d350864e9562a2470b487b139)] -> xpath: .//word], [[AndroidDriver: chrome on ANDROID (51a5b69d350864e9562a2470b487b139)] -> xpath: .//word], [[AndroidDriver: chrome on ANDROID (51a5b69d350864e9562a2470b487b139)] -> xpath: .//word], [[AndroidDriver: chrome on ANDROID (51a5b69d350864e9562a2470b487b139)] -> xpath: .//word], [[AndroidDriver: chrome on ANDROID (51a5b69d350864e9562a2470b487b139)] -> xpath: .//word], [[AndroidDriver: chrome on ANDROID (51a5b69d350864e9562a2470b487b139)] -> xpath: .//word], [[AndroidDriver: chrome on ANDROID (51a5b69d350864e9562a2470b487b139)] -> xpath: .//word], [[AndroidDriver: chrome on ANDROID (51a5b69d350864e9562a2470b487b139)] -> xpath: .//word], [[AndroidDriver: chrome on ANDROID (51a5b69d350864e9562a2470b487b139)] -> xpath: .//word], [[AndroidDriver: chrome on ANDROID (51a5b69d350864e9562a2470b487b139)] -> xpath: .//word], [[AndroidDriver: chrome on ANDROID (51a5b69d350864e9562a2470b487b139)] -> xpath: .//word], [[AndroidDriver: chrome on ANDROID (51a5b69d350864e9562a2470b487b139)] -> xpath: .//word], [[AndroidDriver: chrome on ANDROID (51a5b69d350864e9562a2470b487b139)] -> xpath: .//word], [[AndroidDriver: chrome on ANDROID (51a5b69d350864e9562a2470b487b139)] -> xpath: .//word], [[AndroidDriver: chrome on ANDROID (51a5b69d350864e9562a2470b487b139)] -> xpath: .//word], [[AndroidDriver: chrome on ANDROID (51a5b69d350864e9562a2470b487b139)] -> xpath: .//word], [[AndroidDriver: chrome on ANDROID (51a5b69d350864e9562a2470b487b139)] -> xpath: .//word], [[AndroidDriver: chrome on ANDROID (51a5b69d350864e9562a2470b487b139)] -> xpath: .//word], [[AndroidDriver: chrome on ANDROID (51a5b69d350864e9562a2470b487b139)] -> xpath: .//word], [[AndroidDriver: chrome on ANDROID (51a5b69d350864e9562a2470b487b139)] -> xpath: .//word], [[AndroidDriver: chrome on ANDROID (51a5b69d350864e9562a2470b487b139)] -> xpath: .//word], [[AndroidDriver: chrome on ANDROID (51a5b69d350864e9562a2470b487b139)] -> xpath: .//word], [[AndroidDriver: chrome on ANDROID (51a5b69d350864e9562a2470b487b139)] -> xpath: .//word], [[AndroidDriver: chrome on ANDROID (51a5b69d350864e9562a2470b487b139)] -> xpath: .//word], [[AndroidDriver: chrome on ANDROID (51a5b69d350864e9562a2470b487b139)] -> xpath: .//word], [[AndroidDriver: chrome on ANDROID (51a5b69d350864e9562a2470b487b139)] -> xpath: .//word], [[AndroidDriver: chrome on ANDROID (51a5b69d350864e9562a2470b487b139)] -> xpath: .//word], [[AndroidDriver: chrome on ANDROID (51a5b69d350864e9562a2470b487b139)] -> xpath: .//word], [[AndroidDriver: chrome on ANDROID (51a5b69d350864e9562a2470b487b139)] -> xpath: .//word], [[AndroidDriver: chrome on ANDROID (51a5b69d350864e9562a2470b487b139)] -> xpath: .//word], [[AndroidDriver: chrome on ANDROID (51a5b69d350864e9562a2470b487b139)] -> xpath: .//word], [[AndroidDriver: chrome on ANDROID (51a5b69d350864e9562a2470b487b139)] -> xpath: .//word], [[AndroidDriver: chrome on ANDROID (51a5b69d350864e9562a2470b487b139)] -> xpath: .//word], [[AndroidDriver: chrome on ANDROID (51a5b69d350864e9562a2470b487b139)] -> xpath: .//word], [[AndroidDriver: chrome on ANDROID (51a5b69d350864e9562a2470b487b139)] -> xpath: .//word], [[AndroidDriver: chrome on ANDROID (51a5b69d350864e9562a2470b487b139)] -> xpath: .//word], [[AndroidDriver: chrome on ANDROID (51a5b69d350864e9562a2470b487b139)] -> xpath: .//word], [[AndroidDriver: chrome on ANDROID (51a5b69d350864e9562a2470b487b139)] -> xpath: .//word], [[AndroidDriver: chrome on ANDROID (51a5b69d350864e9562a2470b487b139)] -> xpath: .//word], [[AndroidDriver: chrome on ANDROID (51a5b69d350864e9562a2470b487b139)] -> xpath: .//word], [[AndroidDriver: chrome on ANDROID (51a5b69d350864e9562a2470b487b139)] -> xpath: .//word], [[AndroidDriver: chrome on ANDROID (51a5b69d350864e9562a2470b487b139)] -> xpath: .//word], [[AndroidDriver: chrome on ANDROID (51a5b69d350864e9562a2470b487b139)] -> xpath: .//word], [[AndroidDriver: chrome on ANDROID (51a5b69d350864e9562a2470b487b139)] -> xpath: .//word], [[AndroidDriver: chrome on ANDROID (51a5b69d350864e9562a2470b487b139)] -> xpath: .//word], [[AndroidDriver: chrome on ANDROID (51a5b69d350864e9562a2470b487b139)] -> xpath: .//word], [[AndroidDriver: chrome on ANDROID (51a5b69d350864e9562a2470b487b139)] -> xpath: .//word], [[AndroidDriver: chrome on ANDROID (51a5b69d350864e9562a2470b487b139)] -> xpath: .//word], [[AndroidDriver: chrome on ANDROID (51a5b69d350864e9562a2470b487b139)] -> xpath: .//word], [[AndroidDriver: chrome on ANDROID (51a5b69d350864e9562a2470b487b139)] -> xpath: .//word], [[AndroidDriver: chrome on ANDROID (51a5b69d350864e9562a2470b487b139)] -> xpath: .//word], [[AndroidDriver: chrome on ANDROID (51a5b69d350864e9562a2470b487b139)] -> xpath: .//word], [[AndroidDriver: chrome on ANDROID (51a5b69d350864e9562a2470b487b139)] -> xpath: .//word], [[AndroidDriver: chrome on ANDROID (51a5b69d350864e9562a2470b487b139)] -> xpath: .//word], [[AndroidDriver: chrome on ANDROID (51a5b69d350864e9562a2470b487b139)] -> xpath: .//word], [[AndroidDriver: chrome on ANDROID (51a5b69d350864e9562a2470b487b139)] -> xpath: .//word], [[AndroidDriver: chrome on ANDROID (51a5b69d350864e9562a2470b487b139)] -> xpath: .//word], [[AndroidDriver: chrome on ANDROID (51a5b69d350864e9562a2470b487b139)] -> xpath: .//word], [[AndroidDriver: chrome on ANDROID (51a5b69d350864e9562a2470b487b139)] -> xpath: .//word], [[AndroidDriver: chrome on ANDROID (51a5b69d350864e9562a2470b487b139)] -> xpath: .//word], [[AndroidDriver: chrome on ANDROID (51a5b69d350864e9562a2470b487b139)] -> xpath: .//word], [[AndroidDriver: chrome on ANDROID (51a5b69d350864e9562a2470b487b139)] -> xpath: .//word], [[AndroidDriver: chrome on ANDROID (51a5b69d350864e9562a2470b487b139)] -> xpath: .//word], [[AndroidDriver: chrome on ANDROID (51a5b69d350864e9562a2470b487b139)] -> xpath: .//word], [[AndroidDriver: chrome on ANDROID (51a5b69d350864e9562a2470b487b139)] -> xpath: .//word], [[AndroidDriver: chrome on ANDROID (51a5b69d350864e9562a2470b487b139)] -> xpath: .//word], [[AndroidDriver: chrome on ANDROID (51a5b69d350864e9562a2470b487b139)] -> xpath: .//word], [[AndroidDriver: chrome on ANDROID (51a5b69d350864e9562a2470b487b139)] -> xpath: .//word], [[AndroidDriver: chrome on ANDROID (51a5b69d350864e9562a2470b487b139)] -> xpath: .//word], [[AndroidDriver: chrome on ANDROID (51a5b69d350864e9562a2470b487b139)] -> xpath: .//word], [[AndroidDriver: chrome on ANDROID (51a5b69d350864e9562a2470b487b139)] -> xpath: .//word], [[AndroidDriver: chrome on ANDROID (51a5b69d350864e9562a2470b487b139)] -> xpath: .//word], [[AndroidDriver: chrome on ANDROID (51a5b69d350864e9562a2470b487b139)] -> xpath: .//word], [[AndroidDriver: chrome on ANDROID (51a5b69d350864e9562a2470b487b139)] -> xpath: .//word], [[AndroidDriver: chrome on ANDROID (51a5b69d350864e9562a2470b487b139)] -> xpath: .//word], [[AndroidDriver: chrome on ANDROID (51a5b69d350864e9562a2470b487b139)] -> xpath: .//word], [[AndroidDriver: chrome on ANDROID (51a5b69d350864e9562a2470b487b139)] -> xpath: .//word], [[AndroidDriver: chrome on ANDROID (51a5b69d350864e9562a2470b487b139)] -> xpath: .//word], [[AndroidDriver: chrome on ANDROID (51a5b69d350864e9562a2470b487b139)] -> xpath: .//word], [[AndroidDriver: chrome on ANDROID (51a5b69d350864e9562a2470b487b139)] -> xpath: .//word], [[AndroidDriver: chrome on ANDROID (51a5b69d350864e9562a2470b487b139)] -> xpath: .//word], [[AndroidDriver: chrome on ANDROID (51a5b69d350864e9562a2470b487b139)] -> xpath: .//word], [[AndroidDriver: chrome on ANDROID (51a5b69d350864e9562a2470b487b139)] -> xpath: .//word], [[AndroidDriver: chrome on ANDROID (51a5b69d350864e9562a2470b487b139)] -> xpath: .//word], [[AndroidDriver: chrome on ANDROID (51a5b69d350864e9562a2470b487b139)] -> xpath: .//word], [[AndroidDriver: chrome on ANDROID (51a5b69d350864e9562a2470b487b139)] -> xpath: .//word], [[AndroidDriver: chrome on ANDROID (51a5b69d350864e9562a2470b487b139)] -> xpath: .//word], [[AndroidDriver: chrome on ANDROID (51a5b69d350864e9562a2470b487b139)] -> xpath: .//word], [[AndroidDriver: chrome on ANDROID (51a5b69d350864e9562a2470b487b139)] -> xpath: .//word], [[AndroidDriver: chrome on ANDROID (51a5b69d350864e9562a2470b487b139)] -> xpath: .//word], [[AndroidDriver: chrome on ANDROID (51a5b69d350864e9562a2470b487b139)] -> xpath: .//word], [[AndroidDriver: chrome on ANDROID (51a5b69d350864e9562a2470b487b139)] -> xpath: .//word], [[AndroidDriver: chrome on ANDROID (51a5b69d350864e9562a2470b487b139)] -> xpath: .//word], [[AndroidDriver: chrome on ANDROID (51a5b69d350864e9562a2470b487b139)] -> xpath: .//word], [[AndroidDriver: chrome on ANDROID (51a5b69d350864e9562a2470b487b139)] -> xpath: .//word], [[AndroidDriver: chrome on ANDROID (51a5b69d350864e9562a2470b487b139)] -> xpath: .//word], [[AndroidDriver: chrome on ANDROID (51a5b69d350864e9562a2470b487b139)] -> xpath: .//word], [[AndroidDriver: chrome on ANDROID (51a5b69d350864e9562a2470b487b139)] -> xpath: .//word], [[AndroidDriver: chrome on ANDROID (51a5b69d350864e9562a2470b487b139)] -> xpath: .//word], [[AndroidDriver: chrome on ANDROID (51a5b69d350864e9562a2470b487b139)] -> xpath: .//word], [[AndroidDriver: chrome on ANDROID (51a5b69d350864e9562a2470b487b139)] -> xpath: .//word], [[AndroidDriver: chrome on ANDROID (51a5b69d350864e9562a2470b487b139)] -> xpath: .//word], [[AndroidDriver: chrome on ANDROID (51a5b69d350864e9562a2470b487b139)] -> xpath: .//word], [[AndroidDriver: chrome on ANDROID (51a5b69d350864e9562a2470b487b139)] -> xpath: .//word], [[AndroidDriver: chrome on ANDROID (51a5b69d350864e9562a2470b487b139)] -> xpath: .//word], [[AndroidDriver: chrome on ANDROID (51a5b69d350864e9562a2470b487b139)] -> xpath: .//word], [[AndroidDriver: chrome on ANDROID (51a5b69d350864e9562a2470b487b139)] -> xpath: .//word], [[AndroidDriver: chrome on ANDROID (51a5b69d350864e9562a2470b487b139)] -> xpath: .//word], [[AndroidDriver: chrome on ANDROID (51a5b69d350864e9562a2470b487b139)] -> xpath: .//word], [[AndroidDriver: chrome on ANDROID (51a5b69d350864e9562a2470b487b139)] -> xpath: .//word], [[AndroidDriver: chrome on ANDROID (51a5b69d350864e9562a2470b487b139)] -> xpath: .//word], [[AndroidDriver: chrome on ANDROID (51a5b69d350864e9562a2470b487b139)] -> xpath: .//word], [[AndroidDriver: chrome on ANDROID (51a5b69d350864e9562a2470b487b139)] -> xpath: .//word], [[AndroidDriver: chrome on ANDROID (51a5b69d350864e9562a2470b487b139)] -> xpath: .//word], [[AndroidDriver: chrome on ANDROID (51a5b69d350864e9562a2470b487b139)] -> xpath: .//word], [[AndroidDriver: chrome on ANDROID (51a5b69d350864e9562a2470b487b139)] -> xpath: .//word], [[AndroidDriver: chrome on ANDROID (51a5b69d350864e9562a2470b487b139)] -> xpath: .//word], [[AndroidDriver: chrome on ANDROID (51a5b69d350864e9562a2470b487b139)] -> xpath: .//word], [[AndroidDriver: chrome on ANDROID (51a5b69d350864e9562a2470b487b139)] -> xpath: .//word], [[AndroidDriver: chrome on ANDROID (51a5b69d350864e9562a2470b487b139)] -> xpath: .//word], [[AndroidDriver: chrome on ANDROID (51a5b69d350864e9562a2470b487b139)] -> xpath: .//word], [[AndroidDriver: chrome on ANDROID (51a5b69d350864e9562a2470b487b139)] -> xpath: .//word], [[AndroidDriver: chrome on ANDROID (51a5b69d350864e9562a2470b487b139)] -> xpath: .//word], [[AndroidDriver: chrome on ANDROID (51a5b69d350864e9562a2470b487b139)] -> xpath: .//word], [[AndroidDriver: chrome on ANDROID (51a5b69d350864e9562a2470b487b139)] -> xpath: .//word], [[AndroidDriver: chrome on ANDROID (51a5b69d350864e9562a2470b487b139)] -> xpath: .//word], [[AndroidDriver: chrome on ANDROID (51a5b69d350864e9562a2470b487b139)] -> xpath: .//word], [[AndroidDriver: chrome on ANDROID (51a5b69d350864e9562a2470b487b139)] -> xpath: .//word], [[AndroidDriver: chrome on ANDROID (51a5b69d350864e9562a2470b487b139)] -> xpath: .//word], [[AndroidDriver: chrome on ANDROID (51a5b69d350864e9562a2470b487b139)] -> xpath: .//word], [[AndroidDriver: chrome on ANDROID (51a5b69d350864e9562a2470b487b139)] -> xpath: .//word], [[AndroidDriver: chrome on ANDROID (51a5b69d350864e9562a2470b487b139)] -> xpath: .//word], [[AndroidDriver: chrome on ANDROID (51a5b69d350864e9562a2470b487b139)] -> xpath: .//word], [[AndroidDriver: chrome on ANDROID (51a5b69d350864e9562a2470b487b139)] -> xpath: .//word], [[AndroidDriver: chrome on ANDROID (51a5b69d350864e9562a2470b487b139)] -> xpath: .//word], [[AndroidDriver: chrome on ANDROID (51a5b69d350864e9562a2470b487b139)] -> xpath: .//word], [[AndroidDriver: chrome on ANDROID (51a5b69d350864e9562a2470b487b139)] -> xpath: .//word], [[AndroidDriver: chrome on ANDROID (51a5b69d350864e9562a2470b487b139)] -> xpath: .//word], [[AndroidDriver: chrome on ANDROID (51a5b69d350864e9562a2470b487b139)] -> xpath: .//word], [[AndroidDriver: chrome on ANDROID (51a5b69d350864e9562a2470b487b139)] -> xpath: .//word], [[AndroidDriver: chrome on ANDROID (51a5b69d350864e9562a2470b487b139)] -> xpath: .//word], [[AndroidDriver: chrome on ANDROID (51a5b69d350864e9562a2470b487b139)] -> xpath: .//word], [[AndroidDriver: chrome on ANDROID (51a5b69d350864e9562a2470b487b139)] -> xpath: .//word], [[AndroidDriver: chrome on ANDROID (51a5b69d350864e9562a2470b487b139)] -> xpath: .//word], [[AndroidDriver: chrome on ANDROID (51a5b69d350864e9562a2470b487b139)] -> xpath: .//word], [[AndroidDriver: chrome on ANDROID (51a5b69d350864e9562a2470b487b139)] -> xpath: .//word], [[AndroidDriver: chrome on ANDROID (51a5b69d350864e9562a2470b487b139)] -> xpath: .//word], [[AndroidDriver: chrome on ANDROID (51a5b69d350864e9562a2470b487b139)] -> xpath: .//word], [[AndroidDriver: chrome on ANDROID (51a5b69d350864e9562a2470b487b139)] -> xpath: .//word], [[AndroidDriver: chrome on ANDROID (51a5b69d350864e9562a2470b487b139)] -> xpath: .//word], [[AndroidDriver: chrome on ANDROID (51a5b69d350864e9562a2470b487b139)] -> xpath: .//word], [[AndroidDriver: chrome on ANDROID (51a5b69d350864e9562a2470b487b139)] -> xpath: .//word], [[AndroidDriver: chrome on ANDROID (51a5b69d350864e9562a2470b487b139)] -> xpath: .//word], [[AndroidDriver: chrome on ANDROID (51a5b69d350864e9562a2470b487b139)] -> xpath: .//word], [[AndroidDriver: chrome on ANDROID (51a5b69d350864e9562a2470b487b139)] -> xpath: .//word], [[AndroidDriver: chrome on ANDROID (51a5b69d350864e9562a2470b487b139)] -> xpath: .//word], [[AndroidDriver: chrome on ANDROID (51a5b69d350864e9562a2470b487b139)] -> xpath: .//word], [[AndroidDriver: chrome on ANDROID (51a5b69d350864e9562a2470b487b139)] -> xpath: .//word], [[AndroidDriver: chrome on ANDROID (51a5b69d350864e9562a2470b487b139)] -> xpath: .//word], [[AndroidDriver: chrome on ANDROID (51a5b69d350864e9562a2470b487b139)] -> xpath: .//word], [[AndroidDriver: chrome on ANDROID (51a5b69d350864e9562a2470b487b139)] -> xpath: .//word], [[AndroidDriver: chrome on ANDROID (51a5b69d350864e9562a2470b487b139)] -> xpath: .//word], [[AndroidDriver: chrome on ANDROID (51a5b69d350864e9562a2470b487b139)] -> xpath: .//word], [[AndroidDriver: chrome on ANDROID (51a5b69d350864e9562a2470b487b139)] -> xpath: .//word], [[AndroidDriver: chrome on ANDROID (51a5b69d350864e9562a2470b487b139)] -> xpath: .//word], [[AndroidDriver: chrome on ANDROID (51a5b69d350864e9562a2470b487b139)] -> xpath: .//word], [[AndroidDriver: chrome on ANDROID (51a5b69d350864e9562a2470b487b139)] -> xpath: .//word], [[AndroidDriver: chrome on ANDROID (51a5b69d350864e9562a2470b487b139)] -> xpath: .//word], [[AndroidDriver: chrome on ANDROID (51a5b69d350864e9562a2470b487b139)] -> xpath: .//word], [[AndroidDriver: chrome on ANDROID (51a5b69d350864e9562a2470b487b139)] -> xpath: .//word], [[AndroidDriver: chrome on ANDROID (51a5b69d350864e9562a2470b487b139)] -> xpath: .//word], [[AndroidDriver: chrome on ANDROID (51a5b69d350864e9562a2470b487b139)] -> xpath: .//word], [[AndroidDriver: chrome on ANDROID (51a5b69d350864e9562a2470b487b139)] -> xpath: .//word], [[AndroidDriver: chrome on ANDROID (51a5b69d350864e9562a2470b487b139)] -> xpath: .//word], [[AndroidDriver: chrome on ANDROID (51a5b69d350864e9562a2470b487b139)] -> xpath: .//word], [[AndroidDriver: chrome on ANDROID (51a5b69d350864e9562a2470b487b139)] -> xpath: .//word], [[AndroidDriver: chrome on ANDROID (51a5b69d350864e9562a2470b487b139)] -> xpath: .//word], [[AndroidDriver: chrome on ANDROID (51a5b69d350864e9562a2470b487b139)] -> xpath: .//word], [[AndroidDriver: chrome on ANDROID (51a5b69d350864e9562a2470b487b139)] -> xpath: .//word], [[AndroidDriver: chrome on ANDROID (51a5b69d350864e9562a2470b487b139)] -> xpath: .//word], [[AndroidDriver: chrome on ANDROID (51a5b69d350864e9562a2470b487b139)] -> xpath: .//word], [[AndroidDriver: chrome on ANDROID (51a5b69d350864e9562a2470b487b139)] -> xpath: .//word], [[AndroidDriver: chrome on ANDROID (51a5b69d350864e9562a2470b487b139)] -> xpath: .//word], [[AndroidDriver: chrome on ANDROID (51a5b69d350864e9562a2470b487b139)] -> xpath: .//word], [[AndroidDriver: chrome on ANDROID (51a5b69d350864e9562a2470b487b139)] -> xpath: .//word], [[AndroidDriver: chrome on ANDROID (51a5b69d350864e9562a2470b487b139)] -> xpath: .//word], [[AndroidDriver: chrome on ANDROID (51a5b69d350864e9562a2470b487b139)] -> xpath: .//word], [[AndroidDriver: chrome on ANDROID (51a5b69d350864e9562a2470b487b139)] -> xpath: .//word], [[AndroidDriver: chrome on ANDROID (51a5b69d350864e9562a2470b487b139)] -> xpath: .//word], [[AndroidDriver: chrome on ANDROID (51a5b69d350864e9562a2470b487b139)] -> xpath: .//word], [[AndroidDriver: chrome on ANDROID (51a5b69d350864e9562a2470b487b139)] -> xpath: .//word], [[AndroidDriver: chrome on ANDROID (51a5b69d350864e9562a2470b487b139)] -> xpath: .//word], [[AndroidDriver: chrome on ANDROID (51a5b69d350864e9562a2470b487b139)] -> xpath: .//word], [[AndroidDriver: chrome on ANDROID (51a5b69d350864e9562a2470b487b139)] -> xpath: .//word], [[AndroidDriver: chrome on ANDROID (51a5b69d350864e9562a2470b487b139)] -> xpath: .//word], [[AndroidDriver: chrome on ANDROID (51a5b69d350864e9562a2470b487b139)] -> xpath: .//word], [[AndroidDriver: chrome on ANDROID (51a5b69d350864e9562a2470b487b139)] -> xpath: .//word], [[AndroidDriver: chrome on ANDROID (51a5b69d350864e9562a2470b487b139)] -> xpath: .//word], [[AndroidDriver: chrome on ANDROID (51a5b69d350864e9562a2470b487b139)] -> xpath: .//word], [[AndroidDriver: chrome on ANDROID (51a5b69d350864e9562a2470b487b139)] -> xpath: .//word], [[AndroidDriver: chrome on ANDROID (51a5b69d350864e9562a2470b487b139)] -> xpath: .//word], [[AndroidDriver: chrome on ANDROID (51a5b69d350864e9562a2470b487b139)] -> xpath: .//word], [[AndroidDriver: chrome on ANDROID (51a5b69d350864e9562a2470b487b139)] -> xpath: .//word], [[AndroidDriver: chrome on ANDROID (51a5b69d350864e9562a2470b487b139)] -> xpath: .//word], [[AndroidDriver: chrome on ANDROID (51a5b69d350864e9562a2470b487b139)] -> xpath: .//word], [[AndroidDriver: chrome on ANDROID (51a5b69d350864e9562a2470b487b139)] -> xpath: .//word], [[AndroidDriver: chrome on ANDROID (51a5b69d350864e9562a2470b487b139)] -> xpath: .//word], [[AndroidDriver: chrome on ANDROID (51a5b69d350864e9562a2470b487b139)] -> xpath: .//word], [[AndroidDriver: chrome on ANDROID (51a5b69d350864e9562a2470b487b139)] -> xpath: .//word], [[AndroidDriver: chrome on ANDROID (51a5b69d350864e9562a2470b487b139)] -> xpath: .//word], [[AndroidDriver: chrome on ANDROID (51a5b69d350864e9562a2470b487b139)] -> xpath: .//word], [[AndroidDriver: chrome on ANDROID (51a5b69d350864e9562a2470b487b139)] -> xpath: .//word], [[AndroidDriver: chrome on ANDROID (51a5b69d350864e9562a2470b487b139)] -> xpath: .//word], [[AndroidDriver: chrome on ANDROID (51a5b69d350864e9562a2470b487b139)] -> xpath: .//word], [[AndroidDriver: chrome on ANDROID (51a5b69d350864e9562a2470b487b139)] -> xpath: .//word], [[AndroidDriver: chrome on ANDROID (51a5b69d350864e9562a2470b487b139)] -> xpath: .//word], [[AndroidDriver: chrome on ANDROID (51a5b69d350864e9562a2470b487b139)] -> xpath: .//word], [[AndroidDriver: chrome on ANDROID (51a5b69d350864e9562a2470b487b139)] -> xpath: .//word], [[AndroidDriver: chrome on ANDROID (51a5b69d350864e9562a2470b487b139)] -> xpath: .//word], [[AndroidDriver: chrome on ANDROID (51a5b69d350864e9562a2470b487b139)] -> xpath: .//word], [[AndroidDriver: chrome on ANDROID (51a5b69d350864e9562a2470b487b139)] -> xpath: .//word], [[AndroidDriver: chrome on ANDROID (51a5b69d350864e9562a2470b487b139)] -> xpath: .//word], [[AndroidDriver: chrome on ANDROID (51a5b69d350864e9562a2470b487b139)] -> xpath: .//word], [[AndroidDriver: chrome on ANDROID (51a5b69d350864e9562a2470b487b139)] -> xpath: .//word], [[AndroidDriver: chrome on ANDROID (51a5b69d350864e9562a2470b487b139)] -> xpath: .//word], [[AndroidDriver: chrome on ANDROID (51a5b69d350864e9562a2470b487b139)] -> xpath: .//word], [[AndroidDriver: chrome on ANDROID (51a5b69d350864e9562a2470b487b139)] -> xpath: .//word], [[AndroidDriver: chrome on ANDROID (51a5b69d350864e9562a2470b487b139)] -> xpath: .//word], [[AndroidDriver: chrome on ANDROID (51a5b69d350864e9562a2470b487b139)] -> xpath: .//word], [[AndroidDriver: chrome on ANDROID (51a5b69d350864e9562a2470b487b139)] -> xpath: .//word], [[AndroidDriver: chrome on ANDROID (51a5b69d350864e9562a2470b487b139)] -> xpath: .//word], [[AndroidDriver: chrome on ANDROID (51a5b69d350864e9562a2470b487b139)] -> xpath: .//word], [[AndroidDriver: chrome on ANDROID (51a5b69d350864e9562a2470b487b139)] -> xpath: .//word], [[AndroidDriver: chrome on ANDROID (51a5b69d350864e9562a2470b487b139)] -> xpath: .//word], [[AndroidDriver: chrome on ANDROID (51a5b69d350864e9562a2470b487b139)] -> xpath: .//word], [[AndroidDriver: chrome on ANDROID (51a5b69d350864e9562a2470b487b139)] -> xpath: .//word], [[AndroidDriver: chrome on ANDROID (51a5b69d350864e9562a2470b487b139)] -> xpath: .//word], [[AndroidDriver: chrome on ANDROID (51a5b69d350864e9562a2470b487b139)] -> xpath: .//word], [[AndroidDriver: chrome on ANDROID (51a5b69d350864e9562a2470b487b139)] -> xpath: .//word], [[AndroidDriver: chrome on ANDROID (51a5b69d350864e9562a2470b487b139)] -> xpath: .//word], [[AndroidDriver: chrome on ANDROID (51a5b69d350864e9562a2470b487b139)] -> xpath: .//word], [[AndroidDriver: chrome on ANDROID (51a5b69d350864e9562a2470b487b139)] -> xpath: .//word], [[AndroidDriver: chrome on ANDROID (51a5b69d350864e9562a2470b487b139)] -> xpath: .//word], [[AndroidDriver: chrome on ANDROID (51a5b69d350864e9562a2470b487b139)] -> xpath: .//word], [[AndroidDriver: chrome on ANDROID (51a5b69d350864e9562a2470b487b139)] -> xpath: .//word], [[AndroidDriver: chrome on ANDROID (51a5b69d350864e9562a2470b487b139)] -> xpath: .//word], [[AndroidDriver: chrome on ANDROID (51a5b69d350864e9562a2470b487b139)] -> xpath: .//word], [[AndroidDriver: chrome on ANDROID (51a5b69d350864e9562a2470b487b139)] -> xpath: .//word], [[AndroidDriver: chrome on ANDROID (51a5b69d350864e9562a2470b487b139)] -> xpath: .//word], [[AndroidDriver: chrome on ANDROID (51a5b69d350864e9562a2470b487b139)] -> xpath: .//word], [[AndroidDriver: chrome on ANDROID (51a5b69d350864e9562a2470b487b139)] -> xpath: .//word], [[AndroidDriver: chrome on ANDROID (51a5b69d350864e9562a2470b487b139)] -> xpath: .//word], [[AndroidDriver: chrome on ANDROID (51a5b69d350864e9562a2470b487b139)] -> xpath: .//word], [[AndroidDriver: chrome on ANDROID (51a5b69d350864e9562a2470b487b139)] -> xpath: .//word], [[AndroidDriver: chrome on ANDROID (51a5b69d350864e9562a2470b487b139)] -> xpath: .//word], [[AndroidDriver: chrome on ANDROID (51a5b69d350864e9562a2470b487b139)] -> xpath: .//word], [[AndroidDriver: chrome on ANDROID (51a5b69d350864e9562a2470b487b139)] -> xpath: .//word], [[AndroidDriver: chrome on ANDROID (51a5b69d350864e9562a2470b487b139)] -> xpath: .//word], [[AndroidDriver: chrome on ANDROID (51a5b69d350864e9562a2470b487b139)] -> xpath: .//word], [[AndroidDriver: chrome on ANDROID (51a5b69d350864e9562a2470b487b139)] -> xpath: .//word], [[AndroidDriver: chrome on ANDROID (51a5b69d350864e9562a2470b487b139)] -> xpath: .//word], [[AndroidDriver: chrome on ANDROID (51a5b69d350864e9562a2470b487b139)] -> xpath: .//word], [[AndroidDriver: chrome on ANDROID (51a5b69d350864e9562a2470b487b139)] -> xpath: .//word], [[AndroidDriver: chrome on ANDROID (51a5b69d350864e9562a2470b487b139)] -> xpath: .//word], [[AndroidDriver: chrome on ANDROID (51a5b69d350864e9562a2470b487b139)] -> xpath: .//word], [[AndroidDriver: chrome on ANDROID (51a5b69d350864e9562a2470b487b139)] -> xpath: .//word], [[AndroidDriver: chrome on ANDROID (51a5b69d350864e9562a2470b487b139)] -> xpath: .//word], [[AndroidDriver: chrome on ANDROID (51a5b69d350864e9562a2470b487b139)] -> xpath: .//word], [[AndroidDriver: chrome on ANDROID (51a5b69d350864e9562a2470b487b139)] -> xpath: .//word], [[AndroidDriver: chrome on ANDROID (51a5b69d350864e9562a2470b487b139)] -> xpath: .//word], [[AndroidDriver: chrome on ANDROID (51a5b69d350864e9562a2470b487b139)] -> xpath: .//word], [[AndroidDriver: chrome on ANDROID (51a5b69d350864e9562a2470b487b139)] -> xpath: .//word], [[AndroidDriver: chrome on ANDROID (51a5b69d350864e9562a2470b487b139)] -> xpath: .//word], [[AndroidDriver: chrome on ANDROID (51a5b69d350864e9562a2470b487b139)] -> xpath: .//word], [[AndroidDriver: chrome on ANDROID (51a5b69d350864e9562a2470b487b139)] -> xpath: .//word], [[AndroidDriver: chrome on ANDROID (51a5b69d350864e9562a2470b487b139)] -> xpath: .//word], [[AndroidDriver: chrome on ANDROID (51a5b69d350864e9562a2470b487b139)] -> xpath: .//word], [[AndroidDriver: chrome on ANDROID (51a5b69d350864e9562a2470b487b139)] -> xpath: .//word], [[AndroidDriver: chrome on ANDROID (51a5b69d350864e9562a2470b487b139)] -> xpath: .//word], [[AndroidDriver: chrome on ANDROID (51a5b69d350864e9562a2470b487b139)] -> xpath: .//word], [[AndroidDriver: chrome on ANDROID (51a5b69d350864e9562a2470b487b139)] -> xpath: .//word], [[AndroidDriver: chrome on ANDROID (51a5b69d350864e9562a2470b487b139)] -> xpath: .//word], [[AndroidDriver: chrome on ANDROID (51a5b69d350864e9562a2470b487b139)] -> xpath: .//word], [[AndroidDriver: chrome on ANDROID (51a5b69d350864e9562a2470b487b139)] -> xpath: .//word], [[AndroidDriver: chrome on ANDROID (51a5b69d350864e9562a2470b487b139)] -> xpath: .//word], [[AndroidDriver: chrome on ANDROID (51a5b69d350864e9562a2470b487b139)] -> xpath: .//word], [[AndroidDriver: chrome on ANDROID (51a5b69d350864e9562a2470b487b139)] -> xpath: .//word], [[AndroidDriver: chrome on ANDROID (51a5b69d350864e9562a2470b487b139)] -> xpath: .//word], [[AndroidDriver: chrome on ANDROID (51a5b69d350864e9562a2470b487b139)] -> xpath: .//word], [[AndroidDriver: chrome on ANDROID (51a5b69d350864e9562a2470b487b139)] -> xpath: .//word], [[AndroidDriver: chrome on ANDROID (51a5b69d350864e9562a2470b487b139)] -> xpath: .//word], [[AndroidDriver: chrome on ANDROID (51a5b69d350864e9562a2470b487b139)] -> xpath: .//word], [[AndroidDriver: chrome on ANDROID (51a5b69d350864e9562a2470b487b139)] -> xpath: .//word], [[AndroidDriver: chrome on ANDROID (51a5b69d350864e9562a2470b487b139)] -> xpath: .//word], [[AndroidDriver: chrome on ANDROID (51a5b69d350864e9562a2470b487b139)] -> xpath: .//word], [[AndroidDriver: chrome on ANDROID (51a5b69d350864e9562a2470b487b139)] -> xpath: .//word], [[AndroidDriver: chrome on ANDROID (51a5b69d350864e9562a2470b487b139)] -> xpath: .//word], [[AndroidDriver: chrome on ANDROID (51a5b69d350864e9562a2470b487b139)] -> xpath: .//word], [[AndroidDriver: chrome on ANDROID (51a5b69d350864e9562a2470b487b139)] -> xpath: .//word], [[AndroidDriver: chrome on ANDROID (51a5b69d350864e9562a2470b487b139)] -> xpath: .//word], [[AndroidDriver: chrome on ANDROID (51a5b69d350864e9562a2470b487b139)] -> xpath: .//word], [[AndroidDriver: chrome on ANDROID (51a5b69d350864e9562a2470b487b139)] -> xpath: .//word], [[AndroidDriver: chrome on ANDROID (51a5b69d350864e9562a2470b487b139)] -> xpath: .//word], [[AndroidDriver: chrome on ANDROID (51a5b69d350864e9562a2470b487b139)] -> xpath: .//word], [[AndroidDriver: chrome on ANDROID (51a5b69d350864e9562a2470b487b139)] -> xpath: .//word], [[AndroidDriver: chrome on ANDROID (51a5b69d350864e9562a2470b487b139)] -> xpath: .//word], [[AndroidDriver: chrome on ANDROID (51a5b69d350864e9562a2470b487b139)] -> xpath: .//word], [[AndroidDriver: chrome on ANDROID (51a5b69d350864e9562a2470b487b139)] -> xpath: .//word], [[AndroidDriver: chrome on ANDROID (51a5b69d350864e9562a2470b487b139)] -> xpath: .//word], [[AndroidDriver: chrome on ANDROID (51a5b69d350864e9562a2470b487b139)] -> xpath: .//word], [[AndroidDriver: chrome on ANDROID (51a5b69d350864e9562a2470b487b139)] -> xpath: .//word], [[AndroidDriver: chrome on ANDROID (51a5b69d350864e9562a2470b487b139)] -> xpath: .//word], [[AndroidDriver: chrome on ANDROID (51a5b69d350864e9562a2470b487b139)] -> xpath: .//word], [[AndroidDriver: chrome on ANDROID (51a5b69d350864e9562a2470b487b139)] -> xpath: .//word], [[AndroidDriver: chrome on ANDROID (51a5b69d350864e9562a2470b487b139)] -> xpath: .//word], [[AndroidDriver: chrome on ANDROID (51a5b69d350864e9562a2470b487b139)] -> xpath: .//word], [[AndroidDriver: chrome on ANDROID (51a5b69d350864e9562a2470b487b139)] -> xpath: .//word], [[AndroidDriver: chrome on ANDROID (51a5b69d350864e9562a2470b487b139)] -> xpath: .//word], [[AndroidDriver: chrome on ANDROID (51a5b69d350864e9562a2470b487b139)] -> xpath: .//word], [[AndroidDriver: chrome on ANDROID (51a5b69d350864e9562a2470b487b139)] -> xpath: .//word], [[AndroidDriver: chrome on ANDROID (51a5b69d350864e9562a2470b487b139)] -> xpath: .//word], [[AndroidDriver: chrome on ANDROID (51a5b69d350864e9562a2470b487b139)] -> xpath: .//word], [[AndroidDriver: chrome on ANDROID (51a5b69d350864e9562a2470b487b139)] -> xpath: .//word], [[AndroidDriver: chrome on ANDROID (51a5b69d350864e9562a2470b487b139)] -> xpath: .//word], [[AndroidDriver: chrome on ANDROID (51a5b69d350864e9562a2470b487b139)] -> xpath: .//word], [[AndroidDriver: chrome on ANDROID (51a5b69d350864e9562a2470b487b139)] -> xpath: .//word], [[AndroidDriver: chrome on ANDROID (51a5b69d350864e9562a2470b487b139)] -> xpath: .//word], [[AndroidDriver: chrome on ANDROID (51a5b69d350864e9562a2470b487b139)] -> xpath: .//word], [[AndroidDriver: chrome on ANDROID (51a5b69d350864e9562a2470b487b139)] -> xpath: .//word], [[AndroidDriver: chrome on ANDROID (51a5b69d350864e9562a2470b487b139)] -> xpath: .//word], [[AndroidDriver: chrome on ANDROID (51a5b69d350864e9562a2470b487b139)] -> xpath: .//word], [[AndroidDriver: chrome on ANDROID (51a5b69d350864e9562a2470b487b139)] -> xpath: .//word], [[AndroidDriver: chrome on ANDROID (51a5b69d350864e9562a2470b487b139)] -> xpath: .//word], [[AndroidDriver: chrome on ANDROID (51a5b69d350864e9562a2470b487b139)] -> xpath: .//word], [[AndroidDriver: chrome on ANDROID (51a5b69d350864e9562a2470b487b139)] -> xpath: .//word], [[AndroidDriver: chrome on ANDROID (51a5b69d350864e9562a2470b487b139)] -> xpath: .//word], [[AndroidDriver: chrome on ANDROID (51a5b69d350864e9562a2470b487b139)] -> xpath: .//word], [[AndroidDriver: chrome on ANDROID (51a5b69d350864e9562a2470b487b139)] -> xpath: .//word], [[AndroidDriver: chrome on ANDROID (51a5b69d350864e9562a2470b487b139)] -> xpath: .//word], [[AndroidDriver: chrome on ANDROID (51a5b69d350864e9562a2470b487b139)] -> xpath: .//word], [[AndroidDriver: chrome on ANDROID (51a5b69d350864e9562a2470b487b139)] -> xpath: .//word], [[AndroidDriver: chrome on ANDROID (51a5b69d350864e9562a2470b487b139)] -> xpath: .//word], [[AndroidDriver: chrome on ANDROID (51a5b69d350864e9562a2470b487b139)] -> xpath: .//word], [[AndroidDriver: chrome on ANDROID (51a5b69d350864e9562a2470b487b139)] -> xpath: .//word], [[AndroidDriver: chrome on ANDROID (51a5b69d350864e9562a2470b487b139)] -> xpath: .//word], [[AndroidDriver: chrome on ANDROID (51a5b69d350864e9562a2470b487b139)] -> xpath: .//word], [[AndroidDriver: chrome on ANDROID (51a5b69d350864e9562a2470b487b139)] -> xpath: .//word], [[AndroidDriver: chrome on ANDROID (51a5b69d350864e9562a2470b487b139)] -> xpath: .//word], [[AndroidDriver: chrome on ANDROID (51a5b69d350864e9562a2470b487b139)] -> xpath: .//word], [[AndroidDriver: chrome on ANDROID (51a5b69d350864e9562a2470b487b139)] -> xpath: .//word], [[AndroidDriver: chrome on ANDROID (51a5b69d350864e9562a2470b487b139)] -> xpath: .//word], [[AndroidDriver: chrome on ANDROID (51a5b69d350864e9562a2470b487b139)] -> xpath: .//word], [[AndroidDriver: chrome on ANDROID (51a5b69d350864e9562a2470b487b139)] -> xpath: .//word], [[AndroidDriver: chrome on ANDROID (51a5b69d350864e9562a2470b487b139)] -> xpath: .//word], [[AndroidDriver: chrome on ANDROID (51a5b69d350864e9562a2470b487b139)] -> xpath: .//word], [[AndroidDriver: chrome on ANDROID (51a5b69d350864e9562a2470b487b139)] -> xpath: .//word], [[AndroidDriver: chrome on ANDROID (51a5b69d350864e9562a2470b487b139)] -> xpath: .//word], [[AndroidDriver: chrome on ANDROID (51a5b69d350864e9562a2470b487b139)] -> xpath: .//word], [[AndroidDriver: chrome on ANDROID (51a5b69d350864e9562a2470b487b139)] -> xpath: .//word], [[AndroidDriver: chrome on ANDROID (51a5b69d350864e9562a2470b487b139)] -> xpath: .//word], [[AndroidDriver: chrome on ANDROID (51a5b69d350864e9562a2470b487b139)] -> xpath: .//word], [[AndroidDriver: chrome on ANDROID (51a5b69d350864e9562a2470b487b139)] -> xpath: .//word], [[AndroidDriver: chrome on ANDROID (51a5b69d350864e9562a2470b487b139)] -> xpath: .//word], [[AndroidDriver: chrome on ANDROID (51a5b69d350864e9562a2470b487b139)] -> xpath: .//word], [[AndroidDriver: chrome on ANDROID (51a5b69d350864e9562a2470b487b139)] -> xpath: .//word], [[AndroidDriver: chrome on ANDROID (51a5b69d350864e9562a2470b487b139)] -> xpath: .//word], [[AndroidDriver: chrome on ANDROID (51a5b69d350864e9562a2470b487b139)] -> xpath: .//word], [[AndroidDriver: chrome on ANDROID (51a5b69d350864e9562a2470b487b139)] -> xpath: .//word], [[AndroidDriver: chrome on ANDROID (51a5b69d350864e9562a2470b487b139)] -> xpath: .//word], [[AndroidDriver: chrome on ANDROID (51a5b69d350864e9562a2470b487b139)] -> xpath: .//word], [[AndroidDriver: chrome on ANDROID (51a5b69d350864e9562a2470b487b139)] -> xpath: .//word], [[AndroidDriver: chrome on ANDROID (51a5b69d350864e9562a2470b487b139)] -> xpath: .//word], [[AndroidDriver: chrome on ANDROID (51a5b69d350864e9562a2470b487b139)] -> xpath: .//word], [[AndroidDriver: chrome on ANDROID (51a5b69d350864e9562a2470b487b139)] -> xpath: .//word], [[AndroidDriver: chrome on ANDROID (51a5b69d350864e9562a2470b487b139)] -> xpath: .//word], [[AndroidDriver: chrome on ANDROID (51a5b69d350864e9562a2470b487b139)] -> xpath: .//word], [[AndroidDriver: chrome on ANDROID (51a5b69d350864e9562a2470b487b139)] -> xpath: .//word], [[AndroidDriver: chrome on ANDROID (51a5b69d350864e9562a2470b487b139)] -> xpath: .//word], [[AndroidDriver: chrome on ANDROID (51a5b69d350864e9562a2470b487b139)] -> xpath: .//word], [[AndroidDriver: chrome on ANDROID (51a5b69d350864e9562a2470b487b139)] -> xpath: .//word], [[AndroidDriver: chrome on ANDROID (51a5b69d350864e9562a2470b487b139)] -> xpath: .//word], [[AndroidDriver: chrome on ANDROID (51a5b69d350864e9562a2470b487b139)] -> xpath: .//word], [[AndroidDriver: chrome on ANDROID (51a5b69d350864e9562a2470b487b139)] -> xpath: .//word], [[AndroidDriver: chrome on ANDROID (51a5b69d350864e9562a2470b487b139)] -> xpath: .//word], [[AndroidDriver: chrome on ANDROID (51a5b69d350864e9562a2470b487b139)] -> xpath: .//word], [[AndroidDriver: chrome on ANDROID (51a5b69d350864e9562a2470b487b139)] -> xpath: .//word], [[AndroidDriver: chrome on ANDROID (51a5b69d350864e9562a2470b487b139)] -> xpath: .//word], [[AndroidDriver: chrome on ANDROID (51a5b69d350864e9562a2470b487b139)] -> xpath: .//word], [[AndroidDriver: chrome on ANDROID (51a5b69d350864e9562a2470b487b139)] -> xpath: .//word], [[AndroidDriver: chrome on ANDROID (51a5b69d350864e9562a2470b487b139)] -> xpath: .//word], [[AndroidDriver: chrome on ANDROID (51a5b69d350864e9562a2470b487b139)] -> xpath: .//word], [[AndroidDriver: chrome on ANDROID (51a5b69d350864e9562a2470b487b139)] -> xpath: .//word], [[AndroidDriver: chrome on ANDROID (51a5b69d350864e9562a2470b487b139)] -> xpath: .//word], [[AndroidDriver: chrome on ANDROID (51a5b69d350864e9562a2470b487b139)] -> xpath: .//word], [[AndroidDriver: chrome on ANDROID (51a5b69d350864e9562a2470b487b139)] -> xpath: .//word], [[AndroidDriver: chrome on ANDROID (51a5b69d350864e9562a2470b487b139)] -> xpath: .//word], [[AndroidDriver: chrome on ANDROID (51a5b69d350864e9562a2470b487b139)] -> xpath: .//word], [[AndroidDriver: chrome on ANDROID (51a5b69d350864e9562a2470b487b139)] -> xpath: .//word], [[AndroidDriver: chrome on ANDROID (51a5b69d350864e9562a2470b487b139)] -> xpath: .//word], [[AndroidDriver: chrome on ANDROID (51a5b69d350864e9562a2470b487b139)] -> xpath: .//word], [[AndroidDriver: chrome on ANDROID (51a5b69d350864e9562a2470b487b139)] -> xpath: .//word], [[AndroidDriver: chrome on ANDROID (51a5b69d350864e9562a2470b487b139)] -> xpath: .//word], [[AndroidDriver: chrome on ANDROID (51a5b69d350864e9562a2470b487b139)] -> xpath: .//word], [[AndroidDriver: chrome on ANDROID (51a5b69d350864e9562a2470b487b139)] -> xpath: .//word], [[AndroidDriver: chrome on ANDROID (51a5b69d350864e9562a2470b487b139)] -> xpath: .//word], [[AndroidDriver: chrome on ANDROID (51a5b69d350864e9562a2470b487b139)] -> xpath: .//word], [[AndroidDriver: chrome on ANDROID (51a5b69d350864e9562a2470b487b139)] -> xpath: .//word], [[AndroidDriver: chrome on ANDROID (51a5b69d350864e9562a2470b487b139)] -> xpath: .//word], [[AndroidDriver: chrome on ANDROID (51a5b69d350864e9562a2470b487b139)] -> xpath: .//word], [[AndroidDriver: chrome on ANDROID (51a5b69d350864e9562a2470b487b139)] -> xpath: .//word], [[AndroidDriver: chrome on ANDROID (51a5b69d350864e9562a2470b487b139)] -> xpath: .//word], [[AndroidDriver: chrome on ANDROID (51a5b69d350864e9562a2470b487b139)] -> xpath: .//word], [[AndroidDriver: chrome on ANDROID (51a5b69d350864e9562a2470b487b139)] -> xpath: .//word], [[AndroidDriver: chrome on ANDROID (51a5b69d350864e9562a2470b487b139)] -> xpath: .//word], [[AndroidDriver: chrome on ANDROID (51a5b69d350864e9562a2470b487b139)] -> xpath: .//word], [[AndroidDriver: chrome on ANDROID (51a5b69d350864e9562a2470b487b139)] -> xpath: .//word], [[AndroidDriver: chrome on ANDROID (51a5b69d350864e9562a2470b487b139)] -> xpath: .//word], [[AndroidDriver: chrome on ANDROID (51a5b69d350864e9562a2470b487b139)] -> xpath: .//word], [[AndroidDriver: chrome on ANDROID (51a5b69d350864e9562a2470b487b139)] -> xpath: .//word], [[AndroidDriver: chrome on ANDROID (51a5b69d350864e9562a2470b487b139)] -> xpath: .//word], [[AndroidDriver: chrome on ANDROID (51a5b69d350864e9562a2470b487b139)] -> xpath: .//word], [[AndroidDriver: chrome on ANDROID (51a5b69d350864e9562a2470b487b139)] -> xpath: .//word], [[AndroidDriver: chrome on ANDROID (51a5b69d350864e9562a2470b487b139)] -> xpath: .//word], [[AndroidDriver: chrome on ANDROID (51a5b69d350864e9562a2470b487b139)] -> xpath: .//word], [[AndroidDriver: chrome on ANDROID (51a5b69d350864e9562a2470b487b139)] -> xpath: .//word], [[AndroidDriver: chrome on ANDROID (51a5b69d350864e9562a2470b487b139)] -> xpath: .//word], [[AndroidDriver: chrome on ANDROID (51a5b69d350864e9562a2470b487b139)] -> xpath: .//word], [[AndroidDriver: chrome on ANDROID (51a5b69d350864e9562a2470b487b139)] -> xpath: .//word], [[AndroidDriver: chrome on ANDROID (51a5b69d350864e9562a2470b487b139)] -> xpath: .//word], [[AndroidDriver: chrome on ANDROID (51a5b69d350864e9562a2470b487b139)] -> xpath: .//word], [[AndroidDriver: chrome on ANDROID (51a5b69d350864e9562a2470b487b139)] -> xpath: .//word], [[AndroidDriver: chrome on ANDROID (51a5b69d350864e9562a2470b487b139)] -> xpath: .//word], [[AndroidDriver: chrome on ANDROID (51a5b69d350864e9562a2470b487b139)] -> xpath: .//word], [[AndroidDriver: chrome on ANDROID (51a5b69d350864e9562a2470b487b139)] -> xpath: .//word], [[AndroidDriver: chrome on ANDROID (51a5b69d350864e9562a2470b487b139)] -> xpath: .//word], [[AndroidDriver: chrome on ANDROID (51a5b69d350864e9562a2470b487b139)] -> xpath: .//word], [[AndroidDriver: chrome on ANDROID (51a5b69d350864e9562a2470b487b139)] -> xpath: .//word], [[AndroidDriver: chrome on ANDROID (51a5b69d350864e9562a2470b487b139)] -> xpath: .//word], [[AndroidDriver: chrome on ANDROID (51a5b69d350864e9562a2470b487b139)] -> xpath: .//word], [[AndroidDriver: chrome on ANDROID (51a5b69d350864e9562a2470b487b139)] -> xpath: .//word], [[AndroidDriver: chrome on ANDROID (51a5b69d350864e9562a2470b487b139)] -> xpath: .//word], [[AndroidDriver: chrome on ANDROID (51a5b69d350864e9562a2470b487b139)] -> xpath: .//word], [[AndroidDriver: chrome on ANDROID (51a5b69d350864e9562a2470b487b139)] -> xpath: .//word], [[AndroidDriver: chrome on ANDROID (51a5b69d350864e9562a2470b487b139)] -> xpath: .//word], [[AndroidDriver: chrome on ANDROID (51a5b69d350864e9562a2470b487b139)] -> xpath: .//word], [[AndroidDriver: chrome on ANDROID (51a5b69d350864e9562a2470b487b139)] -> xpath: .//word], [[AndroidDriver: chrome on ANDROID (51a5b69d350864e9562a2470b487b139)] -> xpath: .//word], [[AndroidDriver: chrome on ANDROID (51a5b69d350864e9562a2470b487b139)] -> xpath: .//word], [[AndroidDriver: chrome on ANDROID (51a5b69d350864e9562a2470b487b139)] -> xpath: .//word], [[AndroidDriver: chrome on ANDROID (51a5b69d350864e9562a2470b487b139)] -> xpath: .//word], [[AndroidDriver: chrome on ANDROID (51a5b69d350864e9562a2470b487b139)] -> xpath: .//word], [[AndroidDriver: chrome on ANDROID (51a5b69d350864e9562a2470b487b139)] -> xpath: .//word], [[AndroidDriver: chrome on ANDROID (51a5b69d350864e9562a2470b487b139)] -> xpath: .//word], [[AndroidDriver: chrome on ANDROID (51a5b69d350864e9562a2470b487b139)] -> xpath: .//word], [[AndroidDriver: chrome on ANDROID (51a5b69d350864e9562a2470b487b139)] -> xpath: .//word], [[AndroidDriver: chrome on ANDROID (51a5b69d350864e9562a2470b487b139)] -> xpath: .//word], [[AndroidDriver: chrome on ANDROID (51a5b69d350864e9562a2470b487b139)] -> xpath: .//word], [[AndroidDriver: chrome on ANDROID (51a5b69d350864e9562a2470b487b139)] -> xpath: .//word], [[AndroidDriver: chrome on ANDROID (51a5b69d350864e9562a2470b487b139)] -> xpath: .//word], [[AndroidDriver: chrome on ANDROID (51a5b69d350864e9562a2470b487b139)] -> xpath: .//word], [[AndroidDriver: chrome on ANDROID (51a5b69d350864e9562a2470b487b139)] -> xpath: .//word], [[AndroidDriver: chrome on ANDROID (51a5b69d350864e9562a2470b487b139)] -> xpath: .//word], [[AndroidDriver: chrome on ANDROID (51a5b69d350864e9562a2470b487b139)] -> xpath: .//word], [[AndroidDriver: chrome on ANDROID (51a5b69d350864e9562a2470b487b139)] -> xpath: .//word], [[AndroidDriver: chrome on ANDROID (51a5b69d350864e9562a2470b487b139)] -> xpath: .//word], [[AndroidDriver: chrome on ANDROID (51a5b69d350864e9562a2470b487b139)] -> xpath: .//word], [[AndroidDriver: chrome on ANDROID (51a5b69d350864e9562a2470b487b139)] -> xpath: .//word], [[AndroidDriver: chrome on ANDROID (51a5b69d350864e9562a2470b487b139)] -> xpath: .//word], [[AndroidDriver: chrome on ANDROID (51a5b69d350864e9562a2470b487b139)] -> xpath: .//word], [[AndroidDriver: chrome on ANDROID (51a5b69d350864e9562a2470b487b139)] -> xpath: .//word], [[AndroidDriver: chrome on ANDROID (51a5b69d350864e9562a2470b487b139)] -> xpath: .//word], [[AndroidDriver: chrome on ANDROID (51a5b69d350864e9562a2470b487b139)] -> xpath: .//word], [[AndroidDriver: chrome on ANDROID (51a5b69d350864e9562a2470b487b139)] -> xpath: .//word], [[AndroidDriver: chrome on ANDROID (51a5b69d350864e9562a2470b487b139)] -> xpath: .//word], [[AndroidDriver: chrome on ANDROID (51a5b69d350864e9562a2470b487b139)] -> xpath: .//word], [[AndroidDriver: chrome on ANDROID (51a5b69d350864e9562a2470b487b139)] -> xpath: .//word], [[AndroidDriver: chrome on ANDROID (51a5b69d350864e9562a2470b487b139)] -> xpath: .//word], [[AndroidDriver: chrome on ANDROID (51a5b69d350864e9562a2470b487b139)] -> xpath: .//word], [[AndroidDriver: chrome on ANDROID (51a5b69d350864e9562a2470b487b139)] -> xpath: .//word], [[AndroidDriver: chrome on ANDROID (51a5b69d350864e9562a2470b487b139)] -> xpath: .//word], [[AndroidDriver: chrome on ANDROID (51a5b69d350864e9562a2470b487b139)] -> xpath: .//word], [[AndroidDriver: chrome on ANDROID (51a5b69d350864e9562a2470b487b139)] -> xpath: .//word], [[AndroidDriver: chrome on ANDROID (51a5b69d350864e9562a2470b487b139)] -> xpath: .//word], [[AndroidDriver: chrome on ANDROID (51a5b69d350864e9562a2470b487b139)] -> xpath: .//word], [[AndroidDriver: chrome on ANDROID (51a5b69d350864e9562a2470b487b139)] -> xpath: .//word], [[AndroidDriver: chrome on ANDROID (51a5b69d350864e9562a2470b487b139)] -> xpath: .//word], [[AndroidDriver: chrome on ANDROID (51a5b69d350864e9562a2470b487b139)] -> xpath: .//word], [[AndroidDriver: chrome on ANDROID (51a5b69d350864e9562a2470b487b139)] -> xpath: .//word], [[AndroidDriver: chrome on ANDROID (51a5b69d350864e9562a2470b487b139)] -> xpath: .//word], [[AndroidDriver: chrome on ANDROID (51a5b69d350864e9562a2470b487b139)] -> xpath: .//word], [[AndroidDriver: chrome on ANDROID (51a5b69d350864e9562a2470b487b139)] -> xpath: .//word], [[AndroidDriver: chrome on ANDROID (51a5b69d350864e9562a2470b487b139)] -> xpath: .//word], [[AndroidDriver: chrome on ANDROID (51a5b69d350864e9562a2470b487b139)] -> xpath: .//word], [[AndroidDriver: chrome on ANDROID (51a5b69d350864e9562a2470b487b139)] -> xpath: .//word], [[AndroidDriver: chrome on ANDROID (51a5b69d350864e9562a2470b487b139)] -> xpath: .//word], [[AndroidDriver: chrome on ANDROID (51a5b69d350864e9562a2470b487b139)] -> xpath: .//word], [[AndroidDriver: chrome on ANDROID (51a5b69d350864e9562a2470b487b139)] -> xpath: .//word], [[AndroidDriver: chrome on ANDROID (51a5b69d350864e9562a2470b487b139)] -> xpath: .//word], [[AndroidDriver: chrome on ANDROID (51a5b69d350864e9562a2470b487b139)] -> xpath: .//word], [[AndroidDriver: chrome on ANDROID (51a5b69d350864e9562a2470b487b139)] -> xpath: .//word], [[AndroidDriver: chrome on ANDROID (51a5b69d350864e9562a2470b487b139)] -> xpath: .//word], [[AndroidDriver: chrome on ANDROID (51a5b69d350864e9562a2470b487b139)] -> xpath: .//word], [[AndroidDriver: chrome on ANDROID (51a5b69d350864e9562a2470b487b139)] -> xpath: .//word], [[AndroidDriver: chrome on ANDROID (51a5b69d350864e9562a2470b487b139)] -> xpath: .//word], [[AndroidDriver: chrome on ANDROID (51a5b69d350864e9562a2470b487b139)] -> xpath: .//word], [[AndroidDriver: chrome on ANDROID (51a5b69d350864e9562a2470b487b139)] -> xpath: .//word], [[AndroidDriver: chrome on ANDROID (51a5b69d350864e9562a2470b487b139)] -> xpath: .//word], [[AndroidDriver: chrome on ANDROID (51a5b69d350864e9562a2470b487b139)] -> xpath: .//word], [[AndroidDriver: chrome on ANDROID (51a5b69d350864e9562a2470b487b139)] -> xpath: .//word], [[AndroidDriver: chrome on ANDROID (51a5b69d350864e9562a2470b487b139)] -> xpath: .//word], [[AndroidDriver: chrome on ANDROID (51a5b69d350864e9562a2470b487b139)] -> xpath: .//word], [[AndroidDriver: chrome on ANDROID (51a5b69d350864e9562a2470b487b139)] -> xpath: .//word], [[AndroidDriver: chrome on ANDROID (51a5b69d350864e9562a2470b487b139)] -> xpath: .//word], [[AndroidDriver: chrome on ANDROID (51a5b69d350864e9562a2470b487b139)] -> xpath: .//word], [[AndroidDriver: chrome on ANDROID (51a5b69d350864e9562a2470b487b139)] -> xpath: .//word], [[AndroidDriver: chrome on ANDROID (51a5b69d350864e9562a2470b487b139)] -> xpath: .//word], [[AndroidDriver: chrome on ANDROID (51a5b69d350864e9562a2470b487b139)] -> xpath: .//word], [[AndroidDriver: chrome on ANDROID (51a5b69d350864e9562a2470b487b139)] -> xpath: .//word], [[AndroidDriver: chrome on ANDROID (51a5b69d350864e9562a2470b487b139)] -> xpath: .//word], [[AndroidDriver: chrome on ANDROID (51a5b69d350864e9562a2470b487b139)] -> xpath: .//word], [[AndroidDriver: chrome on ANDROID (51a5b69d350864e9562a2470b487b139)] -> xpath: .//word], [[AndroidDriver: chrome on ANDROID (51a5b69d350864e9562a2470b487b139)] -> xpath: .//word], [[AndroidDriver: chrome on ANDROID (51a5b69d350864e9562a2470b487b139)] -> xpath: .//word], [[AndroidDriver: chrome on ANDROID (51a5b69d350864e9562a2470b487b139)] -> xpath: .//word], [[AndroidDriver: chrome on ANDROID (51a5b69d350864e9562a2470b487b139)] -> xpath: .//word], [[AndroidDriver: chrome on ANDROID (51a5b69d350864e9562a2470b487b139)] -> xpath: .//word], [[AndroidDriver: chrome on ANDROID (51a5b69d350864e9562a2470b487b139)] -> xpath: .//word], [[AndroidDriver: chrome on ANDROID (51a5b69d350864e9562a2470b487b139)] -> xpath: .//word], [[AndroidDriver: chrome on ANDROID (51a5b69d350864e9562a2470b487b139)] -> xpath: .//word], [[AndroidDriver: chrome on ANDROID (51a5b69d350864e9562a2470b487b139)] -> xpath: .//word], [[AndroidDriver: chrome on ANDROID (51a5b69d350864e9562a2470b487b139)] -> xpath: .//word], [[AndroidDriver: chrome on ANDROID (51a5b69d350864e9562a2470b487b139)] -> xpath: .//word], [[AndroidDriver: chrome on ANDROID (51a5b69d350864e9562a2470b487b139)] -> xpath: .//word], [[AndroidDriver: chrome on ANDROID (51a5b69d350864e9562a2470b487b139)] -> xpath: .//word], [[AndroidDriver: chrome on ANDROID (51a5b69d350864e9562a2470b487b139)] -> xpath: .//word], [[AndroidDriver: chrome on ANDROID (51a5b69d350864e9562a2470b487b139)] -> xpath: .//word], [[AndroidDriver: chrome on ANDROID (51a5b69d350864e9562a2470b487b139)] -> xpath: .//word], [[AndroidDriver: chrome on ANDROID (51a5b69d350864e9562a2470b487b139)] -> xpath: .//word], [[AndroidDriver: chrome on ANDROID (51a5b69d350864e9562a2470b487b139)] -> xpath: .//word], [[AndroidDriver: chrome on ANDROID (51a5b69d350864e9562a2470b487b139)] -> xpath: .//word], [[AndroidDriver: chrome on ANDROID (51a5b69d350864e9562a2470b487b139)] -> xpath: .//word], [[AndroidDriver: chrome on ANDROID (51a5b69d350864e9562a2470b487b139)] -> xpath: .//word], [[AndroidDriver: chrome on ANDROID (51a5b69d350864e9562a2470b487b139)] -> xpath: .//word], [[AndroidDriver: chrome on ANDROID (51a5b69d350864e9562a2470b487b139)] -> xpath: .//word], [[AndroidDriver: chrome on ANDROID (51a5b69d350864e9562a2470b487b139)] -> xpath: .//word], [[AndroidDriver: chrome on ANDROID (51a5b69d350864e9562a2470b487b139)] -> xpath: .//word], [[AndroidDriver: chrome on ANDROID (51a5b69d350864e9562a2470b487b139)] -> xpath: .//word], [[AndroidDriver: chrome on ANDROID (51a5b69d350864e9562a2470b487b139)] -> xpath: .//word], [[AndroidDriver: chrome on ANDROID (51a5b69d350864e9562a2470b487b139)] -> xpath: .//word], [[AndroidDriver: chrome on ANDROID (51a5b69d350864e9562a2470b487b139)] -> xpath: .//word], [[AndroidDriver: chrome on ANDROID (51a5b69d350864e9562a2470b487b139)] -> xpath: .//word], [[AndroidDriver: chrome on ANDROID (51a5b69d350864e9562a2470b487b139)] -> xpath: .//word], [[AndroidDriver: chrome on ANDROID (51a5b69d350864e9562a2470b487b139)] -> xpath: .//word], [[AndroidDriver: chrome on ANDROID (51a5b69d350864e9562a2470b487b139)] -> xpath: .//word], [[AndroidDriver: chrome on ANDROID (51a5b69d350864e9562a2470b487b139)] -> xpath: .//word], [[AndroidDriver: chrome on ANDROID (51a5b69d350864e9562a2470b487b139)] -> xpath: .//word], [[AndroidDriver: chrome on ANDROID (51a5b69d350864e9562a2470b487b139)] -> xpath: .//word], [[AndroidDriver: chrome on ANDROID (51a5b69d350864e9562a2470b487b139)] -> xpath: .//word], [[AndroidDriver: chrome on ANDROID (51a5b69d350864e9562a2470b487b139)] -> xpath: .//word], [[AndroidDriver: chrome on ANDROID (51a5b69d350864e9562a2470b487b139)] -> xpath: .//word], [[AndroidDriver: chrome on ANDROID (51a5b69d350864e9562a2470b487b139)] -> xpath: .//word], [[AndroidDriver: chrome on ANDROID (51a5b69d350864e9562a2470b487b139)] -> xpath: .//word], [[AndroidDriver: chrome on ANDROID (51a5b69d350864e9562a2470b487b139)] -> xpath: .//word], [[AndroidDriver: chrome on ANDROID (51a5b69d350864e9562a2470b487b139)] -> xpath: .//word], [[AndroidDriver: chrome on ANDROID (51a5b69d350864e9562a2470b487b139)] -> xpath: .//word], [[AndroidDriver: chrome on ANDROID (51a5b69d350864e9562a2470b487b139)] -> xpath: .//word], [[AndroidDriver: chrome on ANDROID (51a5b69d350864e9562a2470b487b139)] -> xpath: .//word], [[AndroidDriver: chrome on ANDROID (51a5b69d350864e9562a2470b487b139)] -> xpath: .//word], [[AndroidDriver: chrome on ANDROID (51a5b69d350864e9562a2470b487b139)] -> xpath: .//word], [[AndroidDriver: chrome on ANDROID (51a5b69d350864e9562a2470b487b139)] -> xpath: .//word], [[AndroidDriver: chrome on ANDROID (51a5b69d350864e9562a2470b487b139)] -> xpath: .//word], [[AndroidDriver: chrome on ANDROID (51a5b69d350864e9562a2470b487b139)] -> xpath: .//word], [[AndroidDriver: chrome on ANDROID (51a5b69d350864e9562a2470b487b139)] -> xpath: .//word], [[AndroidDriver: chrome on ANDROID (51a5b69d350864e9562a2470b487b139)] -> xpath: .//word], [[AndroidDriver: chrome on ANDROID (51a5b69d350864e9562a2470b487b139)] -> xpath: .//word], [[AndroidDriver: chrome on ANDROID (51a5b69d350864e9562a2470b487b139)] -> xpath: .//word], [[AndroidDriver: chrome on ANDROID (51a5b69d350864e9562a2470b487b139)] -> xpath: .//word], [[AndroidDriver: chrome on ANDROID (51a5b69d350864e9562a2470b487b139)] -> xpath: .//word], [[AndroidDriver: chrome on ANDROID (51a5b69d350864e9562a2470b487b139)] -> xpath: .//word], [[AndroidDriver: chrome on ANDROID (51a5b69d350864e9562a2470b487b139)] -> xpath: .//word], [[AndroidDriver: chrome on ANDROID (51a5b69d350864e9562a2470b487b139)] -> xpath: .//word], [[AndroidDriver: chrome on ANDROID (51a5b69d350864e9562a2470b487b139)] -> xpath: .//word], [[AndroidDriver: chrome on ANDROID (51a5b69d350864e9562a2470b487b139)] -> xpath: .//word], [[AndroidDriver: chrome on ANDROID (51a5b69d350864e9562a2470b487b139)] -> xpath: .//word], [[AndroidDriver: chrome on ANDROID (51a5b69d350864e9562a2470b487b139)] -> xpath: .//word], [[AndroidDriver: chrome on ANDROID (51a5b69d350864e9562a2470b487b139)] -> xpath: .//word], [[AndroidDriver: chrome on ANDROID (51a5b69d350864e9562a2470b487b139)] -> xpath: .//word], [[AndroidDriver: chrome on ANDROID (51a5b69d350864e9562a2470b487b139)] -> xpath: .//word], [[AndroidDriver: chrome on ANDROID (51a5b69d350864e9562a2470b487b139)] -> xpath: .//word], [[AndroidDriver: chrome on ANDROID (51a5b69d350864e9562a2470b487b139)] -> xpath: .//word], [[AndroidDriver: chrome on ANDROID (51a5b69d350864e9562a2470b487b139)] -> xpath: .//word], [[AndroidDriver: chrome on ANDROID (51a5b69d350864e9562a2470b487b139)] -> xpath: .//word], [[AndroidDriver: chrome on ANDROID (51a5b69d350864e9562a2470b487b139)] -> xpath: .//word], [[AndroidDriver: chrome on ANDROID (51a5b69d350864e9562a2470b487b139)] -> xpath: .//word], [[AndroidDriver: chrome on ANDROID (51a5b69d350864e9562a2470b487b139)] -> xpath: .//word], [[AndroidDriver: chrome on ANDROID (51a5b69d350864e9562a2470b487b139)] -> xpath: .//word], [[AndroidDriver: chrome on ANDROID (51a5b69d350864e9562a2470b487b139)] -> xpath: .//word], [[AndroidDriver: chrome on ANDROID (51a5b69d350864e9562a2470b487b139)] -> xpath: .//word], [[AndroidDriver: chrome on ANDROID (51a5b69d350864e9562a2470b487b139)] -> xpath: .//word], [[AndroidDriver: chrome on ANDROID (51a5b69d350864e9562a2470b487b139)] -> xpath: .//word], [[AndroidDriver: chrome on ANDROID (51a5b69d350864e9562a2470b487b139)] -> xpath: .//word], [[AndroidDriver: chrome on ANDROID (51a5b69d350864e9562a2470b487b139)] -> xpath: .//word], [[AndroidDriver: chrome on ANDROID (51a5b69d350864e9562a2470b487b139)] -> xpath: .//word], [[AndroidDriver: chrome on ANDROID (51a5b69d350864e9562a2470b487b139)] -> xpath: .//word], [[AndroidDriver: chrome on ANDROID (51a5b69d350864e9562a2470b487b139)] -> xpath: .//word], [[AndroidDriver: chrome on ANDROID (51a5b69d350864e9562a2470b487b139)] -> xpath: .//word], [[AndroidDriver: chrome on ANDROID (51a5b69d350864e9562a2470b487b139)] -> xpath: .//word], [[AndroidDriver: chrome on ANDROID (51a5b69d350864e9562a2470b487b139)] -> xpath: .//word], [[AndroidDriver: chrome on ANDROID (51a5b69d350864e9562a2470b487b139)] -> xpath: .//word], [[AndroidDriver: chrome on ANDROID (51a5b69d350864e9562a2470b487b139)] -> xpath: .//word], [[AndroidDriver: chrome on ANDROID (51a5b69d350864e9562a2470b487b139)] -> xpath: .//word], [[AndroidDriver: chrome on ANDROID (51a5b69d350864e9562a2470b487b139)] -> xpath: .//word], [[AndroidDriver: chrome on ANDROID (51a5b69d350864e9562a2470b487b139)] -> xpath: .//word], [[AndroidDriver: chrome on ANDROID (51a5b69d350864e9562a2470b487b139)] -> xpath: .//word], [[AndroidDriver: chrome on ANDROID (51a5b69d350864e9562a2470b487b139)] -> xpath: .//word], [[AndroidDriver: chrome on ANDROID (51a5b69d350864e9562a2470b487b139)] -> xpath: .//word], [[AndroidDriver: chrome on ANDROID (51a5b69d350864e9562a2470b487b139)] -> xpath: .//word], [[AndroidDriver: chrome on ANDROID (51a5b69d350864e9562a2470b487b139)] -> xpath: .//word], [[AndroidDriver: chrome on ANDROID (51a5b69d350864e9562a2470b487b139)] -> xpath: .//word], [[AndroidDriver: chrome on ANDROID (51a5b69d350864e9562a2470b487b139)] -> xpath: .//word], [[AndroidDriver: chrome on ANDROID (51a5b69d350864e9562a2470b487b139)] -> xpath: .//word], [[AndroidDriver: chrome on ANDROID (51a5b69d350864e9562a2470b487b139)] -> xpath: .//word], [[AndroidDriver: chrome on ANDROID (51a5b69d350864e9562a2470b487b139)] -> xpath: .//word], [[AndroidDriver: chrome on ANDROID (51a5b69d350864e9562a2470b487b139)] -> xpath: .//word], [[AndroidDriver: chrome on ANDROID (51a5b69d350864e9562a2470b487b139)] -> xpath: .//word], [[AndroidDriver: chrome on ANDROID (51a5b69d350864e9562a2470b487b139)] -> xpath: .//word], [[AndroidDriver: chrome on ANDROID (51a5b69d350864e9562a2470b487b139)] -> xpath: .//word], [[AndroidDriver: chrome on ANDROID (51a5b69d350864e9562a2470b487b139)] -> xpath: .//word], [[AndroidDriver: chrome on ANDROID (51a5b69d350864e9562a2470b487b139)] -> xpath: .//word], [[AndroidDriver: chrome on ANDROID (51a5b69d350864e9562a2470b487b139)] -> xpath: .//word], [[AndroidDriver: chrome on ANDROID (51a5b69d350864e9562a2470b487b139)] -> xpath: .//word], [[AndroidDriver: chrome on ANDROID (51a5b69d350864e9562a2470b487b139)] -> xpath: .//word], [[AndroidDriver: chrome on ANDROID (51a5b69d350864e9562a2470b487b139)] -> xpath: .//word], [[AndroidDriver: chrome on ANDROID (51a5b69d350864e9562a2470b487b139)] -> xpath: .//word], [[AndroidDriver: chrome on ANDROID (51a5b69d350864e9562a2470b487b139)] -> xpath: .//word], [[AndroidDriver: chrome on ANDROID (51a5b69d350864e9562a2470b487b139)] -> xpath: .//word], [[AndroidDriver: chrome on ANDROID (51a5b69d350864e9562a2470b487b139)] -> xpath: .//word], [[AndroidDriver: chrome on ANDROID (51a5b69d350864e9562a2470b487b139)] -> xpath: .//word], [[AndroidDriver: chrome on ANDROID (51a5b69d350864e9562a2470b487b139)] -> xpath: .//word], [[AndroidDriver: chrome on ANDROID (51a5b69d350864e9562a2470b487b139)] -> xpath: .//word], [[AndroidDriver: chrome on ANDROID (51a5b69d350864e9562a2470b487b139)] -> xpath: .//word], [[AndroidDriver: chrome on ANDROID (51a5b69d350864e9562a2470b487b139)] -> xpath: .//word], [[AndroidDriver: chrome on ANDROID (51a5b69d350864e9562a2470b487b139)] -> xpath: .//word], [[AndroidDriver: chrome on ANDROID (51a5b69d350864e9562a2470b487b139)] -> xpath: .//word], [[AndroidDriver: chrome on ANDROID (51a5b69d350864e9562a2470b487b139)] -> xpath: .//word], [[AndroidDriver: chrome on ANDROID (51a5b69d350864e9562a2470b487b139)] -> xpath: .//word], [[AndroidDriver: chrome on ANDROID (51a5b69d350864e9562a2470b487b139)] -> xpath: .//word], [[AndroidDriver: chrome on ANDROID (51a5b69d350864e9562a2470b487b139)] -> xpath: .//word], [[AndroidDriver: chrome on ANDROID (51a5b69d350864e9562a2470b487b139)] -> xpath: .//word], [[AndroidDriver: chrome on ANDROID (51a5b69d350864e9562a2470b487b139)] -> xpath: .//word], [[AndroidDriver: chrome on ANDROID (51a5b69d350864e9562a2470b487b139)] -> xpath: .//word], [[AndroidDriver: chrome on ANDROID (51a5b69d350864e9562a2470b487b139)] -> xpath: .//word], [[AndroidDriver: chrome on ANDROID (51a5b69d350864e9562a2470b487b139)] -> xpath: .//word], [[AndroidDriver: chrome on ANDROID (51a5b69d350864e9562a2470b487b139)] -> xpath: .//word], [[AndroidDriver: chrome on ANDROID (51a5b69d350864e9562a2470b487b139)] -> xpath: .//word], [[AndroidDriver: chrome on ANDROID (51a5b69d350864e9562a2470b487b139)] -> xpath: .//word], [[AndroidDriver: chrome on ANDROID (51a5b69d350864e9562a2470b487b139)] -> xpath: .//word], [[AndroidDriver: chrome on ANDROID (51a5b69d350864e9562a2470b487b139)] -> xpath: .//word], [[AndroidDriver: chrome on ANDROID (51a5b69d350864e9562a2470b487b139)] -> xpath: .//word], [[AndroidDriver: chrome on ANDROID (51a5b69d350864e9562a2470b487b139)] -> xpath: .//word], [[AndroidDriver: chrome on ANDROID (51a5b69d350864e9562a2470b487b139)] -> xpath: .//word], [[AndroidDriver: chrome on ANDROID (51a5b69d350864e9562a2470b487b139)] -> xpath: .//word], [[AndroidDriver: chrome on ANDROID (51a5b69d350864e9562a2470b487b139)] -> xpath: .//word], [[AndroidDriver: chrome on ANDROID (51a5b69d350864e9562a2470b487b139)] -> xpath: .//word], [[AndroidDriver: chrome on ANDROID (51a5b69d350864e9562a2470b487b139)] -> xpath: .//word], [[AndroidDriver: chrome on ANDROID (51a5b69d350864e9562a2470b487b139)] -> xpath: .//word], [[AndroidDriver: chrome on ANDROID (51a5b69d350864e9562a2470b487b139)] -> xpath: .//word], [[AndroidDriver: chrome on ANDROID (51a5b69d350864e9562a2470b487b139)] -> xpath: .//word], [[AndroidDriver: chrome on ANDROID (51a5b69d350864e9562a2470b487b139)] -> xpath: .//word], [[AndroidDriver: chrome on ANDROID (51a5b69d350864e9562a2470b487b139)] -> xpath: .//word], [[AndroidDriver: chrome on ANDROID (51a5b69d350864e9562a2470b487b139)] -> xpath: .//word], [[AndroidDriver: chrome on ANDROID (51a5b69d350864e9562a2470b487b139)] -> xpath: .//word], [[AndroidDriver: chrome on ANDROID (51a5b69d350864e9562a2470b487b139)] -> xpath: .//word], [[AndroidDriver: chrome on ANDROID (51a5b69d350864e9562a2470b487b139)] -> xpath: .//word], [[AndroidDriver: chrome on ANDROID (51a5b69d350864e9562a2470b487b139)] -> xpath: .//word], [[AndroidDriver: chrome on ANDROID (51a5b69d350864e9562a2470b487b139)] -> xpath: .//word], [[AndroidDriver: chrome on ANDROID (51a5b69d350864e9562a2470b487b139)] -> xpath: .//word], [[AndroidDriver: chrome on ANDROID (51a5b69d350864e9562a2470b487b139)] -> xpath: .//word], [[AndroidDriver: chrome on ANDROID (51a5b69d350864e9562a2470b487b139)] -> xpath: .//word], [[AndroidDriver: chrome on ANDROID (51a5b69d350864e9562a2470b487b139)] -> xpath: .//word], [[AndroidDriver: chrome on ANDROID (51a5b69d350864e9562a2470b487b139)] -> xpath: .//word], [[AndroidDriver: chrome on ANDROID (51a5b69d350864e9562a2470b487b139)] -> xpath: .//word], [[AndroidDriver: chrome on ANDROID (51a5b69d350864e9562a2470b487b139)] -> xpath: .//word], [[AndroidDriver: chrome on ANDROID (51a5b69d350864e9562a2470b487b139)] -> xpath: .//word], [[AndroidDriver: chrome on ANDROID (51a5b69d350864e9562a2470b487b139)] -> xpath: .//word], [[AndroidDriver: chrome on ANDROID (51a5b69d350864e9562a2470b487b139)] -> xpath: .//word], [[AndroidDriver: chrome on ANDROID (51a5b69d350864e9562a2470b487b139)] -> xpath: .//word], [[AndroidDriver: chrome on ANDROID (51a5b69d350864e9562a2470b487b139)] -> xpath: .//word], [[AndroidDriver: chrome on ANDROID (51a5b69d350864e9562a2470b487b139)] -> xpath: .//word], [[AndroidDriver: chrome on ANDROID (51a5b69d350864e9562a2470b487b139)] -> xpath: .//word], [[AndroidDriver: chrome on ANDROID (51a5b69d350864e9562a2470b487b139)] -> xpath: .//word], [[AndroidDriver: chrome on ANDROID (51a5b69d350864e9562a2470b487b139)] -> xpath: .//word], [[AndroidDriver: chrome on ANDROID (51a5b69d350864e9562a2470b487b139)] -> xpath: .//word], [[AndroidDriver: chrome on ANDROID (51a5b69d350864e9562a2470b487b139)] -> xpath: .//word], [[AndroidDriver: chrome on ANDROID (51a5b69d350864e9562a2470b487b139)] -> xpath: .//word], [[AndroidDriver: chrome on ANDROID (51a5b69d350864e9562a2470b487b139)] -> xpath: .//word], [[AndroidDriver: chrome on ANDROID (51a5b69d350864e9562a2470b487b139)] -> xpath: .//word], [[AndroidDriver: chrome on ANDROID (51a5b69d350864e9562a2470b487b139)] -> xpath: .//word], [[AndroidDriver: chrome on ANDROID (51a5b69d350864e9562a2470b487b139)] -> xpath: .//word], [[AndroidDriver: chrome on ANDROID (51a5b69d350864e9562a2470b487b139)] -> xpath: .//word], [[AndroidDriver: chrome on ANDROID (51a5b69d350864e9562a2470b487b139)] -> xpath: .//word], [[AndroidDriver: chrome on ANDROID (51a5b69d350864e9562a2470b487b139)] -> xpath: .//word], [[AndroidDriver: chrome on ANDROID (51a5b69d350864e9562a2470b487b139)] -> xpath: .//word], [[AndroidDriver: chrome on ANDROID (51a5b69d350864e9562a2470b487b139)] -> xpath: .//word], [[AndroidDriver: chrome on ANDROID (51a5b69d350864e9562a2470b487b139)] -> xpath: .//word], [[AndroidDriver: chrome on ANDROID (51a5b69d350864e9562a2470b487b139)] -> xpath: .//word], [[AndroidDriver: chrome on ANDROID (51a5b69d350864e9562a2470b487b139)] -> xpath: .//word], [[AndroidDriver: chrome on ANDROID (51a5b69d350864e9562a2470b487b139)] -> xpath: .//word], [[AndroidDriver: chrome on ANDROID (51a5b69d350864e9562a2470b487b139)] -> xpath: .//word], [[AndroidDriver: chrome on ANDROID (51a5b69d350864e9562a2470b487b139)] -> xpath: .//word], [[AndroidDriver: chrome on ANDROID (51a5b69d350864e9562a2470b487b139)] -> xpath: .//word], [[AndroidDriver: chrome on ANDROID (51a5b69d350864e9562a2470b487b139)] -> xpath: .//word], [[AndroidDriver: chrome on ANDROID (51a5b69d350864e9562a2470b487b139)] -> xpath: .//word], [[AndroidDriver: chrome on ANDROID (51a5b69d350864e9562a2470b487b139)] -> xpath: .//word], [[AndroidDriver: chrome on ANDROID (51a5b69d350864e9562a2470b487b139)] -> xpath: .//word], [[AndroidDriver: chrome on ANDROID (51a5b69d350864e9562a2470b487b139)] -> xpath: .//word], [[AndroidDriver: chrome on ANDROID (51a5b69d350864e9562a2470b487b139)] -> xpath: .//word], [[AndroidDriver: chrome on ANDROID (51a5b69d350864e9562a2470b487b139)] -> xpath: .//word], [[AndroidDriver: chrome on ANDROID (51a5b69d350864e9562a2470b487b139)] -> xpath: .//word], [[AndroidDriver: chrome on ANDROID (51a5b69d350864e9562a2470b487b139)] -> xpath: .//word], [[AndroidDriver: chrome on ANDROID (51a5b69d350864e9562a2470b487b139)] -> xpath: .//word], [[AndroidDriver: chrome on ANDROID (51a5b69d350864e9562a2470b487b139)] -> xpath: .//word], [[AndroidDriver: chrome on ANDROID (51a5b69d350864e9562a2470b487b139)] -> xpath: .//word], [[AndroidDriver: chrome on ANDROID (51a5b69d350864e9562a2470b487b139)] -> xpath: .//word], [[AndroidDriver: chrome on ANDROID (51a5b69d350864e9562a2470b487b139)] -> xpath: .//word], [[AndroidDriver: chrome on ANDROID (51a5b69d350864e9562a2470b487b139)] -> xpath: .//word], [[AndroidDriver: chrome on ANDROID (51a5b69d350864e9562a2470b487b139)] -> xpath: .//word], [[AndroidDriver: chrome on ANDROID (51a5b69d350864e9562a2470b487b139)] -> xpath: .//word], [[AndroidDriver: chrome on ANDROID (51a5b69d350864e9562a2470b487b139)] -> xpath: .//word], [[AndroidDriver: chrome on ANDROID (51a5b69d350864e9562a2470b487b139)] -> xpath: .//word], [[AndroidDriver: chrome on ANDROID (51a5b69d350864e9562a2470b487b139)] -> xpath: .//word], [[AndroidDriver: chrome on ANDROID (51a5b69d350864e9562a2470b487b139)] -> xpath: .//word], [[AndroidDriver: chrome on ANDROID (51a5b69d350864e9562a2470b487b139)] -> xpath: .//word], [[AndroidDriver: chrome on ANDROID (51a5b69d350864e9562a2470b487b139)] -> xpath: .//word], [[AndroidDriver: chrome on ANDROID (51a5b69d350864e9562a2470b487b139)] -> xpath: .//word], [[AndroidDriver: chrome on ANDROID (51a5b69d350864e9562a2470b487b139)] -> xpath: .//word], [[AndroidDriver: chrome on ANDROID (51a5b69d350864e9562a2470b487b139)] -> xpath: .//word], [[AndroidDriver: chrome on ANDROID (51a5b69d350864e9562a2470b487b139)] -> xpath: .//word], [[AndroidDriver: chrome on ANDROID (51a5b69d350864e9562a2470b487b139)] -> xpath: .//word], [[AndroidDriver: chrome on ANDROID (51a5b69d350864e9562a2470b487b139)] -> xpath: .//word], [[AndroidDriver: chrome on ANDROID (51a5b69d350864e9562a2470b487b139)] -> xpath: .//word]]
Build info: version: '2.52.0', revision: '4c2593cfc3689a7fcd7be52549167e5ccc93ad28', time: '2016-02-11 11:22:43'
System info: host: 'DLLA1458', ip: '10.0.22.138', os.name: 'Windows 8.1', os.arch: 'amd64', os.version: '6.3', java.version: '1.8.0_91'
Driver info: io.appium.java_client.android.AndroidDriver
Capabilities [{applicationCacheEnabled=false, rotatable=false, mobileEmulationEnabled=false, chrome={}, takesHeapSnapshot=true, databaseEnabled=false, handlesAlerts=true, hasTouchScreen=true, version=51.0.2704.81, platform=ANDROID, browserConnectionEnabled=false, nativeEvents=true, acceptSslCerts=true, locationContextEnabled=true, webStorageEnabled=true, browserName=chrome, takesScreenshot=true, javascriptEnabled=true, cssSelectorsEnabled=true}]
Session ID: 51a5b69d350864e9562a2470b487b139
	at org.openqa.selenium.support.ui.WebDriverWait.timeoutException(WebDriverWait.java:80)
	at org.openqa.selenium.support.ui.FluentWait.until(FluentWait.java:261)
	at com.qait.hbp.automation.utils.SeleniumWait.waitForElementsToBeVisible(SeleniumWait.java:77)
	at com.qait.hbp.automation.getpageobjects.GetPage.elements(GetPage.java:507)
	at com.qait.hbp.automation.getpageobjects.GetPage.elements(GetPage.java:519)
	at com.qait.hbp.ereader.keywords.AnnotationHighlightActions.verify_Notes_Pane_Opens_On_Clicking_Annotate_Of_highlight(AnnotationHighlightActions.java:1874)
	at com.qait.hbp.ereader.tests.Search_Notes_Test.Test0281_Verify_On_Clicking_highlightedText_In_Content_Notes_Pane_Opens_With_Related_Annotation_Text(Search_Notes_Test.java:325)
>>>>>>> 745e4fc0f1529382b857c58bba83ed3ab4386143
	at sun.reflect.NativeMethodAccessorImpl.invoke0(Native Method)
	at sun.reflect.NativeMethodAccessorImpl.invoke(Unknown Source)
	at sun.reflect.DelegatingMethodAccessorImpl.invoke(Unknown Source)
	at java.lang.reflect.Method.invoke(Unknown Source)
<<<<<<< HEAD
=======
=======
	at java.util.concurrent.ThreadPoolExecutor.runWorker(ThreadPoolExecutor.java:1142)
	at java.util.concurrent.ThreadPoolExecutor$Worker.run(ThreadPoolExecutor.java:617)
	at java.lang.Thread.run(Thread.java:745)
]]>
    </failure>
  </testcase> <!-- Test0281_Verify_On_Clicking_highlightedText_In_Content_Notes_Pane_Opens_With_Related_Annotation_Text -->
  <testcase name="Test0222_Verify_User_Is_able_to_Close_Notes_Pane" time="3.755" classname="com.qait.hbp.ereader.tests.Search_Notes_Test"/>
  <testcase name="Test005_Verify_User_Is_Able_To_Select_Paragraph" time="7.724" classname="com.qait.hbp.ereader.tests.Search_Notes_Test"/>
  <testcase name="Test006_Verify_User_Is_Able_To_Highlight_Paragraph" time="0.178" classname="com.qait.hbp.ereader.tests.Search_Notes_Test"/>
  <testcase name="Test00212_Verify_User_Is_Able_To_Sync_Annotations_On_First_Time_Landing" time="61.071" classname="com.qait.hbp.ereader.tests.Search_Notes_Test"/>
  <testcase name="Test010_Verify_User_Is_Able_To_Select_Paragraph" time="5.743" classname="com.qait.hbp.ereader.tests.Search_Notes_Test"/>
  <testcase name="Test0010_Launch_Login_URL" time="6.710" classname="com.qait.hbp.ereader.tests.Search_Notes_Test"/>
  <testcase name="Test0031_Delete_all_Notes_From_eReader" time="1.282" classname="com.qait.hbp.ereader.tests.Search_Notes_Test"/>
  <testcase name="Test0200_Verify_User_Is_Able_To_Enter_Text_In_Search_Notes_Field" time="1.211" classname="com.qait.hbp.ereader.tests.Search_Notes_Test"/>
  <testcase name="Test0013_Verify_User_Is_Able_To_Navigate_to_eReader_Course" time="14.580" classname="com.qait.hbp.ereader.tests.Search_Notes_Test"/>
  <testcase name="Test013_Verify_User_Is_Able_To_Highlight_Paragraph" time="0.533" classname="com.qait.hbp.ereader.tests.Search_Notes_Test"/>
  <testcase name="Test029_Verify_That_On_Clicking_Cross_Icon_Search_Gets_Deleted" time="30.073" classname="com.qait.hbp.ereader.tests.Search_Notes_Test">
    <failure type="org.openqa.selenium.TimeoutException" message="Timed out after 30 seconds waiting for presence of any elements located by By.xpath: //div[contains(@class,&#039;annotations-wrapper &#039;)]//div[contains(@class,&#039;annotation-card&#039;)]/parent::div
Build info: version: &#039;2.52.0&#039;, revision: &#039;4c2593cfc3689a7fcd7be52549167e5ccc93ad28&#039;, time: &#039;2016-02-11 11:22:43&#039;
System info: host: &#039;asda0064&#039;, ip: &#039;127.0.1.1&#039;, os.name: &#039;Linux&#039;, os.arch: &#039;amd64&#039;, os.version: &#039;3.13.0-88-generic&#039;, java.version: &#039;1.8.0_91&#039;
Driver info: org.openqa.selenium.firefox.FirefoxDriver
Capabilities [{applicationCacheEnabled=true, rotatable=false, handlesAlerts=true, databaseEnabled=true, version=46.0, platform=LINUX, nativeEvents=false, acceptSslCerts=true, webStorageEnabled=true, locationContextEnabled=true, browserName=firefox, takesScreenshot=true, javascriptEnabled=true, cssSelectorsEnabled=true}]
Session ID: 358f877c-4143-452f-ab4d-589327eb2715">
      <![CDATA[org.openqa.selenium.TimeoutException: Timed out after 30 seconds waiting for presence of any elements located by By.xpath: //div[contains(@class,'annotations-wrapper ')]//div[contains(@class,'annotation-card')]/parent::div
Build info: version: '2.52.0', revision: '4c2593cfc3689a7fcd7be52549167e5ccc93ad28', time: '2016-02-11 11:22:43'
System info: host: 'asda0064', ip: '127.0.1.1', os.name: 'Linux', os.arch: 'amd64', os.version: '3.13.0-88-generic', java.version: '1.8.0_91'
Driver info: org.openqa.selenium.firefox.FirefoxDriver
Capabilities [{applicationCacheEnabled=true, rotatable=false, handlesAlerts=true, databaseEnabled=true, version=46.0, platform=LINUX, nativeEvents=false, acceptSslCerts=true, webStorageEnabled=true, locationContextEnabled=true, browserName=firefox, takesScreenshot=true, javascriptEnabled=true, cssSelectorsEnabled=true}]
Session ID: 358f877c-4143-452f-ab4d-589327eb2715
	at org.openqa.selenium.support.ui.WebDriverWait.timeoutException(WebDriverWait.java:80)
	at org.openqa.selenium.support.ui.FluentWait.until(FluentWait.java:261)
	at com.qait.hbp.automation.utils.SeleniumWait.checkPresenceOfElementsInDom(SeleniumWait.java:151)
	at com.qait.hbp.automation.getpageobjects.GetPage.elementsPresent(GetPage.java:366)
	at com.qait.hbp.automation.getpageobjects.GetPage.elementsPresent(GetPage.java:342)
	at com.qait.hbp.ereader.keywords.AnnotationHighlightActions.get_number_Of_Visible_Cards(AnnotationHighlightActions.java:1502)
	at com.qait.hbp.ereader.keywords.AnnotationHighlightActions.is_User_Able_To_Enter_Text_In_Search_Notes_Field(AnnotationHighlightActions.java:882)
	at com.qait.hbp.ereader.tests.Search_Notes_Test.Test029_Verify_That_On_Clicking_Cross_Icon_Search_Gets_Deleted(Search_Notes_Test.java:333)
	at sun.reflect.NativeMethodAccessorImpl.invoke0(Native Method)
	at sun.reflect.NativeMethodAccessorImpl.invoke(NativeMethodAccessorImpl.java:62)
	at sun.reflect.DelegatingMethodAccessorImpl.invoke(DelegatingMethodAccessorImpl.java:43)
	at java.lang.reflect.Method.invoke(Method.java:498)
>>>>>>> 8c85882fc963d15e2380aa72416ca80fe3360065
>>>>>>> 745e4fc0f1529382b857c58bba83ed3ab4386143
	at org.testng.internal.MethodInvocationHelper.invokeMethod(MethodInvocationHelper.java:84)
	at org.testng.internal.Invoker.invokeMethod(Invoker.java:714)
	at org.testng.internal.Invoker.invokeTestMethod(Invoker.java:901)
	at org.testng.internal.Invoker.invokeTestMethods(Invoker.java:1231)
	at org.testng.internal.TestMethodWorker.invokeTestMethods(TestMethodWorker.java:127)
	at org.testng.internal.TestMethodWorker.run(TestMethodWorker.java:111)
<<<<<<< HEAD
=======
<<<<<<< HEAD
>>>>>>> 745e4fc0f1529382b857c58bba83ed3ab4386143
	at org.testng.TestRunner.privateRun(TestRunner.java:767)
	at org.testng.TestRunner.run(TestRunner.java:617)
	at org.testng.SuiteRunner.runTest(SuiteRunner.java:334)
	at org.testng.SuiteRunner.runSequentially(SuiteRunner.java:329)
	at org.testng.SuiteRunner.privateRun(SuiteRunner.java:291)
	at org.testng.SuiteRunner.run(SuiteRunner.java:240)
	at org.testng.SuiteRunnerWorker.runSuite(SuiteRunnerWorker.java:52)
	at org.testng.SuiteRunnerWorker.run(SuiteRunnerWorker.java:86)
	at org.testng.TestNG.runSuitesSequentially(TestNG.java:1224)
	at org.testng.TestNG.runSuitesLocally(TestNG.java:1149)
	at org.testng.TestNG.run(TestNG.java:1057)
	at org.testng.remote.AbstractRemoteTestNG.run(AbstractRemoteTestNG.java:126)
	at org.testng.remote.RemoteTestNG.initAndRun(RemoteTestNG.java:137)
	at org.testng.remote.RemoteTestNG.main(RemoteTestNG.java:58)
]]>
    </failure>
<<<<<<< HEAD
  </testcase> <!-- Test025_Verify_Highlighted_Notes_Are_Displayed_In_Serial_Order_Of_Page_Number -->
  <testcase name="Test0191_Verify_On_Clicking_Result_Card_User_Is_Navigated_To_Correct_Location" time="2.499" classname="com.qait.hbp.ereader.tests.Search_Notes_Test"/>
  <testcase name="Test0121_Verify_User_Is_Able_To_Select_Paragraph" time="64.747" classname="com.qait.hbp.ereader.tests.Search_Notes_Test"/>
  <testcase name="Test018_Verify_User_Is_Able_To_Enter_Text_In_Search_Notes_Field" time="3.337" classname="com.qait.hbp.ereader.tests.Search_Notes_Test"/>
  <testcase name="Test00211_Click_Not_Now" time="0.809" classname="com.qait.hbp.ereader.tests.Search_Notes_Test"/>
  <testcase name="Test0011_Verify_User_Is_Able_To_Login_Into_Application" time="17.164" classname="com.qait.hbp.ereader.tests.Search_Notes_Test"/>
  <testcase name="Test016_Verify_Results_Are_Displayed_On_Selecting_Multiple_Color_Filters" time="10.053" classname="com.qait.hbp.ereader.tests.Search_Notes_Test"/>
  <testcase name="Test0192_Verify_Notes_Pane_Opens_When_User_Clicks_Notes_Icon" time="1.405" classname="com.qait.hbp.ereader.tests.Search_Notes_Test"/>
  <testcase name="Test0211_Click_Back_Button_For_Handheld" time="3.120" classname="com.qait.hbp.ereader.tests.Search_Notes_Test"/>
  <testcase name="Test0221_Click_Back_Button_For_Handheld" time="3.367" classname="com.qait.hbp.ereader.tests.Search_Notes_Test"/>
  <testcase name="Test004_Verify_On_Clicking_Annotate_Mode_Icon_Annotate_Mode_Is_Active" time="2.342" classname="com.qait.hbp.ereader.tests.Search_Notes_Test"/>
  <testcase name="Test008_Verify_User_Is_Able_To_Highlight_Paragraph" time="1.744" classname="com.qait.hbp.ereader.tests.Search_Notes_Test"/>
  <testcase name="Test010_Verify_User_Is_Able_To_Select_Paragraph" time="9.721" classname="com.qait.hbp.ereader.tests.Search_Notes_Test"/>
  <testcase name="Test0033_Click_Back_Button_For_Handheld" time="3.650" classname="com.qait.hbp.ereader.tests.Search_Notes_Test"/>
  <testcase name="Test0231_Select_Pieces_Of_Text_And_Highlight_Them" time="82.732" classname="com.qait.hbp.ereader.tests.Search_Notes_Test"/>
  <testcase name="Test0020_Switch_To_the_eReader_Window" time="31.876" classname="com.qait.hbp.ereader.tests.Search_Notes_Test"/>
  <testcase name="Test0200_Verify_User_Is_Able_To_Enter_Text_In_Search_Notes_Field" time="3.066" classname="com.qait.hbp.ereader.tests.Search_Notes_Test"/>
  <testcase name="Test0280_Verify_User_Is_Able_To_Switch_Off_Annotate_Mode" time="2.779" classname="com.qait.hbp.ereader.tests.Search_Notes_Test"/>
  <testcase name="Test033_Verify_That_Search_Results_Are_Not_Retained_once_User_Performs_Any_Activity_And_ReVisits_Notes_Pane" time="2.537" classname="com.qait.hbp.ereader.tests.Search_Notes_Test"/>
  <testcase name="Test006_Verify_User_Is_Able_To_Highlight_Paragraph" time="1.108" classname="com.qait.hbp.ereader.tests.Search_Notes_Test"/>
  <testcase name="Test0073_Verify_User_Is_Able_To_Select_Paragraph" time="8.389" classname="com.qait.hbp.ereader.tests.Search_Notes_Test"/>
  <testcase name="Test029_Verify_That_On_Clicking_Cross_Icon_Search_Gets_Deleted" time="30.165" classname="com.qait.hbp.ereader.tests.Search_Notes_Test">
    <failure type="org.openqa.selenium.TimeoutException" message="Timed out after 30 seconds waiting for presence of any elements located by By.xpath: //div[contains(@class,&#039;annotations-wrapper &#039;)]//div[contains(@class,&#039;annotation-card&#039;)]/parent::div
Build info: version: &#039;2.52.0&#039;, revision: &#039;4c2593cfc3689a7fcd7be52549167e5ccc93ad28&#039;, time: &#039;2016-02-11 11:22:43&#039;
System info: host: &#039;DLLA1462&#039;, ip: &#039;10.0.13.14&#039;, os.name: &#039;Windows 8.1&#039;, os.arch: &#039;amd64&#039;, os.version: &#039;6.3&#039;, java.version: &#039;1.8.0_73&#039;
Driver info: io.appium.java_client.android.AndroidDriver
Capabilities [{applicationCacheEnabled=false, rotatable=false, mobileEmulationEnabled=false, chrome={}, takesHeapSnapshot=true, databaseEnabled=false, handlesAlerts=true, hasTouchScreen=true, version=51.0.2704.81, platform=ANDROID, browserConnectionEnabled=false, nativeEvents=true, acceptSslCerts=true, locationContextEnabled=true, webStorageEnabled=true, browserName=chrome, takesScreenshot=true, javascriptEnabled=true, cssSelectorsEnabled=true}]
Session ID: 62e88494c1dbcb366d86a4960534f35b">
      <![CDATA[org.openqa.selenium.TimeoutException: Timed out after 30 seconds waiting for presence of any elements located by By.xpath: //div[contains(@class,'annotations-wrapper ')]//div[contains(@class,'annotation-card')]/parent::div
Build info: version: '2.52.0', revision: '4c2593cfc3689a7fcd7be52549167e5ccc93ad28', time: '2016-02-11 11:22:43'
System info: host: 'DLLA1462', ip: '10.0.13.14', os.name: 'Windows 8.1', os.arch: 'amd64', os.version: '6.3', java.version: '1.8.0_73'
Driver info: io.appium.java_client.android.AndroidDriver
Capabilities [{applicationCacheEnabled=false, rotatable=false, mobileEmulationEnabled=false, chrome={}, takesHeapSnapshot=true, databaseEnabled=false, handlesAlerts=true, hasTouchScreen=true, version=51.0.2704.81, platform=ANDROID, browserConnectionEnabled=false, nativeEvents=true, acceptSslCerts=true, locationContextEnabled=true, webStorageEnabled=true, browserName=chrome, takesScreenshot=true, javascriptEnabled=true, cssSelectorsEnabled=true}]
Session ID: 62e88494c1dbcb366d86a4960534f35b
=======
  </testcase> <!-- Test0281_Verify_On_Clicking_highlightedText_In_Content_Notes_Pane_Opens_With_Related_Annotation_Text -->
  <testcase name="Test015_Verify_Result_Is_Displayed_As_Per_The_Filter_Selected" time="8.208" classname="com.qait.hbp.ereader.tests.Search_Notes_Test"/>
  <testcase name="Test018_Verify_User_Is_Able_To_Enter_Text_In_Search_Notes_Field" time="3.467" classname="com.qait.hbp.ereader.tests.Search_Notes_Test"/>
  <testcase name="Test026_Click_Back_Button_For_Handheld" time="4.284" classname="com.qait.hbp.ereader.tests.Search_Notes_Test"/>
  <testcase name="Test029_Verify_That_On_Clicking_Cross_Icon_Search_Gets_Deleted" time="30.124" classname="com.qait.hbp.ereader.tests.Search_Notes_Test">
    <failure type="org.openqa.selenium.TimeoutException" message="Timed out after 30 seconds waiting for presence of any elements located by By.xpath: //div[contains(@class,&#039;annotations-wrapper &#039;)]//div[contains(@class,&#039;annotation-card&#039;)]/parent::div
Build info: version: &#039;2.52.0&#039;, revision: &#039;4c2593cfc3689a7fcd7be52549167e5ccc93ad28&#039;, time: &#039;2016-02-11 11:22:43&#039;
System info: host: &#039;DLLA1458&#039;, ip: &#039;10.0.22.138&#039;, os.name: &#039;Windows 8.1&#039;, os.arch: &#039;amd64&#039;, os.version: &#039;6.3&#039;, java.version: &#039;1.8.0_91&#039;
Driver info: io.appium.java_client.android.AndroidDriver
Capabilities [{applicationCacheEnabled=false, rotatable=false, mobileEmulationEnabled=false, chrome={}, takesHeapSnapshot=true, databaseEnabled=false, handlesAlerts=true, hasTouchScreen=true, version=51.0.2704.81, platform=ANDROID, browserConnectionEnabled=false, nativeEvents=true, acceptSslCerts=true, locationContextEnabled=true, webStorageEnabled=true, browserName=chrome, takesScreenshot=true, javascriptEnabled=true, cssSelectorsEnabled=true}]
Session ID: 51a5b69d350864e9562a2470b487b139">
      <![CDATA[org.openqa.selenium.TimeoutException: Timed out after 30 seconds waiting for presence of any elements located by By.xpath: //div[contains(@class,'annotations-wrapper ')]//div[contains(@class,'annotation-card')]/parent::div
Build info: version: '2.52.0', revision: '4c2593cfc3689a7fcd7be52549167e5ccc93ad28', time: '2016-02-11 11:22:43'
System info: host: 'DLLA1458', ip: '10.0.22.138', os.name: 'Windows 8.1', os.arch: 'amd64', os.version: '6.3', java.version: '1.8.0_91'
Driver info: io.appium.java_client.android.AndroidDriver
Capabilities [{applicationCacheEnabled=false, rotatable=false, mobileEmulationEnabled=false, chrome={}, takesHeapSnapshot=true, databaseEnabled=false, handlesAlerts=true, hasTouchScreen=true, version=51.0.2704.81, platform=ANDROID, browserConnectionEnabled=false, nativeEvents=true, acceptSslCerts=true, locationContextEnabled=true, webStorageEnabled=true, browserName=chrome, takesScreenshot=true, javascriptEnabled=true, cssSelectorsEnabled=true}]
Session ID: 51a5b69d350864e9562a2470b487b139
=======
	at java.util.concurrent.ThreadPoolExecutor.runWorker(ThreadPoolExecutor.java:1142)
	at java.util.concurrent.ThreadPoolExecutor$Worker.run(ThreadPoolExecutor.java:617)
	at java.lang.Thread.run(Thread.java:745)
]]>
    </failure>
  </testcase> <!-- Test029_Verify_That_On_Clicking_Cross_Icon_Search_Gets_Deleted -->
  <testcase name="Test0012_Verify_User_Is_Able_To_Navigate_to_CoursePacks_Page" time="3.206" classname="com.qait.hbp.ereader.tests.Search_Notes_Test"/>
  <testcase name="Test0014_Verify_User_Is_Able_To_Navigate_to_Launch_eReader" time="0.241" classname="com.qait.hbp.ereader.tests.Search_Notes_Test"/>
  <testcase name="Test017_Verify_Filter_Resets_Back_On_Selecting_All_Four_Colors" time="5.529" classname="com.qait.hbp.ereader.tests.Search_Notes_Test"/>
  <testcase name="Test014_Verify_Notes_Pane_Opens_When_User_Clicks_Notes_Icon" time="1.473" classname="com.qait.hbp.ereader.tests.Search_Notes_Test"/>
  <testcase name="Test0210_Verify_Notes_Pane_Closes_When_User_Clicks_Notes_Icon_Again" time="2.304" classname="com.qait.hbp.ereader.tests.Search_Notes_Test"/>
  <testcase name="Test0220_Delete_all_Notes_From_eReader" time="2.302" classname="com.qait.hbp.ereader.tests.Search_Notes_Test"/>
  <testcase name="Test00210_Verify_User_Is_Able_To_Navigate_Through_The_WalkThrough" time="2.696" classname="com.qait.hbp.ereader.tests.Search_Notes_Test"/>
  <testcase name="Test0230_Navigate_To_Page_1_For_Firefox_browser" time="2.086" classname="com.qait.hbp.ereader.tests.Search_Notes_Test"/>
  <testcase name="Test0191_Verify_On_Clicking_Result_Card_User_Is_Navigated_To_Correct_Location" time="1.252" classname="com.qait.hbp.ereader.tests.Search_Notes_Test"/>
  <testcase name="Test0020_Switch_To_the_eReader_Window" time="22.083" classname="com.qait.hbp.ereader.tests.Search_Notes_Test"/>
  <testcase name="Test016_Verify_Results_Are_Displayed_On_Selecting_Multiple_Color_Filters" time="6.539" classname="com.qait.hbp.ereader.tests.Search_Notes_Test"/>
  <testcase name="Test0022_Close_Notes_Pane_And_Navigate_To_First_Page" time="2.363" classname="com.qait.hbp.ereader.tests.Search_Notes_Test"/>
  <testcase name="Test0011_Verify_User_Is_Able_To_Login_Into_Application" time="7.500" classname="com.qait.hbp.ereader.tests.Search_Notes_Test"/>
  <testcase name="Test030_Verify_That_User_Is_Able_To_Enter_Text_In_Search_Notes_Field" time="30.057" classname="com.qait.hbp.ereader.tests.Search_Notes_Test">
    <failure type="org.openqa.selenium.TimeoutException" message="Timed out after 30 seconds waiting for presence of any elements located by By.xpath: //div[contains(@class,&#039;annotations-wrapper &#039;)]//div[contains(@class,&#039;annotation-card&#039;)]/parent::div
Build info: version: &#039;2.52.0&#039;, revision: &#039;4c2593cfc3689a7fcd7be52549167e5ccc93ad28&#039;, time: &#039;2016-02-11 11:22:43&#039;
System info: host: &#039;asda0064&#039;, ip: &#039;127.0.1.1&#039;, os.name: &#039;Linux&#039;, os.arch: &#039;amd64&#039;, os.version: &#039;3.13.0-88-generic&#039;, java.version: &#039;1.8.0_91&#039;
Driver info: org.openqa.selenium.firefox.FirefoxDriver
Capabilities [{applicationCacheEnabled=true, rotatable=false, handlesAlerts=true, databaseEnabled=true, version=46.0, platform=LINUX, nativeEvents=false, acceptSslCerts=true, webStorageEnabled=true, locationContextEnabled=true, browserName=firefox, takesScreenshot=true, javascriptEnabled=true, cssSelectorsEnabled=true}]
Session ID: 358f877c-4143-452f-ab4d-589327eb2715">
      <![CDATA[org.openqa.selenium.TimeoutException: Timed out after 30 seconds waiting for presence of any elements located by By.xpath: //div[contains(@class,'annotations-wrapper ')]//div[contains(@class,'annotation-card')]/parent::div
Build info: version: '2.52.0', revision: '4c2593cfc3689a7fcd7be52549167e5ccc93ad28', time: '2016-02-11 11:22:43'
System info: host: 'asda0064', ip: '127.0.1.1', os.name: 'Linux', os.arch: 'amd64', os.version: '3.13.0-88-generic', java.version: '1.8.0_91'
Driver info: org.openqa.selenium.firefox.FirefoxDriver
Capabilities [{applicationCacheEnabled=true, rotatable=false, handlesAlerts=true, databaseEnabled=true, version=46.0, platform=LINUX, nativeEvents=false, acceptSslCerts=true, webStorageEnabled=true, locationContextEnabled=true, browserName=firefox, takesScreenshot=true, javascriptEnabled=true, cssSelectorsEnabled=true}]
Session ID: 358f877c-4143-452f-ab4d-589327eb2715
>>>>>>> 8c85882fc963d15e2380aa72416ca80fe3360065
>>>>>>> 745e4fc0f1529382b857c58bba83ed3ab4386143
	at org.openqa.selenium.support.ui.WebDriverWait.timeoutException(WebDriverWait.java:80)
	at org.openqa.selenium.support.ui.FluentWait.until(FluentWait.java:261)
	at com.qait.hbp.automation.utils.SeleniumWait.checkPresenceOfElementsInDom(SeleniumWait.java:151)
	at com.qait.hbp.automation.getpageobjects.GetPage.elementsPresent(GetPage.java:366)
	at com.qait.hbp.automation.getpageobjects.GetPage.elementsPresent(GetPage.java:342)
<<<<<<< HEAD
	at com.qait.hbp.ereader.keywords.AnnotationHighlightActions.get_number_Of_Visible_Cards(AnnotationHighlightActions.java:1509)
	at com.qait.hbp.ereader.keywords.AnnotationHighlightActions.is_User_Able_To_Enter_Text_In_Search_Notes_Field(AnnotationHighlightActions.java:888)
=======
<<<<<<< HEAD
	at com.qait.hbp.ereader.keywords.AnnotationHighlightActions.get_number_Of_Visible_Cards(AnnotationHighlightActions.java:1515)
	at com.qait.hbp.ereader.keywords.AnnotationHighlightActions.is_User_Able_To_Enter_Text_In_Search_Notes_Field(AnnotationHighlightActions.java:895)
>>>>>>> 745e4fc0f1529382b857c58bba83ed3ab4386143
	at com.qait.hbp.ereader.tests.Search_Notes_Test.Test029_Verify_That_On_Clicking_Cross_Icon_Search_Gets_Deleted(Search_Notes_Test.java:333)
	at sun.reflect.NativeMethodAccessorImpl.invoke0(Native Method)
	at sun.reflect.NativeMethodAccessorImpl.invoke(Unknown Source)
	at sun.reflect.DelegatingMethodAccessorImpl.invoke(Unknown Source)
	at java.lang.reflect.Method.invoke(Unknown Source)
<<<<<<< HEAD
=======
=======
	at com.qait.hbp.ereader.keywords.AnnotationHighlightActions.get_number_Of_Visible_Cards(AnnotationHighlightActions.java:1502)
	at com.qait.hbp.ereader.keywords.AnnotationHighlightActions.is_User_Able_To_Enter_Text_In_Search_Notes_Field(AnnotationHighlightActions.java:882)
	at com.qait.hbp.ereader.tests.Search_Notes_Test.Test030_Verify_That_User_Is_Able_To_Enter_Text_In_Search_Notes_Field(Search_Notes_Test.java:340)
	at sun.reflect.NativeMethodAccessorImpl.invoke0(Native Method)
	at sun.reflect.NativeMethodAccessorImpl.invoke(NativeMethodAccessorImpl.java:62)
	at sun.reflect.DelegatingMethodAccessorImpl.invoke(DelegatingMethodAccessorImpl.java:43)
	at java.lang.reflect.Method.invoke(Method.java:498)
>>>>>>> 8c85882fc963d15e2380aa72416ca80fe3360065
>>>>>>> 745e4fc0f1529382b857c58bba83ed3ab4386143
	at org.testng.internal.MethodInvocationHelper.invokeMethod(MethodInvocationHelper.java:84)
	at org.testng.internal.Invoker.invokeMethod(Invoker.java:714)
	at org.testng.internal.Invoker.invokeTestMethod(Invoker.java:901)
	at org.testng.internal.Invoker.invokeTestMethods(Invoker.java:1231)
	at org.testng.internal.TestMethodWorker.invokeTestMethods(TestMethodWorker.java:127)
	at org.testng.internal.TestMethodWorker.run(TestMethodWorker.java:111)
<<<<<<< HEAD
=======
<<<<<<< HEAD
>>>>>>> 745e4fc0f1529382b857c58bba83ed3ab4386143
	at org.testng.TestRunner.privateRun(TestRunner.java:767)
	at org.testng.TestRunner.run(TestRunner.java:617)
	at org.testng.SuiteRunner.runTest(SuiteRunner.java:334)
	at org.testng.SuiteRunner.runSequentially(SuiteRunner.java:329)
	at org.testng.SuiteRunner.privateRun(SuiteRunner.java:291)
	at org.testng.SuiteRunner.run(SuiteRunner.java:240)
	at org.testng.SuiteRunnerWorker.runSuite(SuiteRunnerWorker.java:52)
	at org.testng.SuiteRunnerWorker.run(SuiteRunnerWorker.java:86)
	at org.testng.TestNG.runSuitesSequentially(TestNG.java:1224)
	at org.testng.TestNG.runSuitesLocally(TestNG.java:1149)
	at org.testng.TestNG.run(TestNG.java:1057)
	at org.testng.remote.AbstractRemoteTestNG.run(AbstractRemoteTestNG.java:126)
	at org.testng.remote.RemoteTestNG.initAndRun(RemoteTestNG.java:137)
	at org.testng.remote.RemoteTestNG.main(RemoteTestNG.java:58)
]]>
    </failure>
  </testcase> <!-- Test029_Verify_That_On_Clicking_Cross_Icon_Search_Gets_Deleted -->
<<<<<<< HEAD
  <testcase name="Test0014_Verify_User_Is_Able_To_Navigate_to_Launch_eReader" time="1.479" classname="com.qait.hbp.ereader.tests.Search_Notes_Test"/>
  <testcase name="Test0013_Verify_User_Is_Able_To_Navigate_to_eReader_Course" time="19.739" classname="com.qait.hbp.ereader.tests.Search_Notes_Test"/>
  <testcase name="Test0281_Verify_On_Clicking_highlightedText_In_Content_Notes_Pane_Opens_With_Related_Annotation_Text" time="686.108" classname="com.qait.hbp.ereader.tests.Search_Notes_Test">
    <failure type="org.openqa.selenium.TimeoutException" message="Timed out after 30 seconds waiting for visibility of all [[[AndroidDriver: chrome on ANDROID (62e88494c1dbcb366d86a4960534f35b)] -&gt; xpath: .//word], [[AndroidDriver: chrome on ANDROID (62e88494c1dbcb366d86a4960534f35b)] -&gt; xpath: .//word], [[AndroidDriver: chrome on ANDROID (62e88494c1dbcb366d86a4960534f35b)] -&gt; xpath: .//word], [[AndroidDriver: chrome on ANDROID (62e88494c1dbcb366d86a4960534f35b)] -&gt; xpath: .//word], [[AndroidDriver: chrome on ANDROID (62e88494c1dbcb366d86a4960534f35b)] -&gt; xpath: .//word], [[AndroidDriver: chrome on ANDROID (62e88494c1dbcb366d86a4960534f35b)] -&gt; xpath: .//word], [[AndroidDriver: chrome on ANDROID (62e88494c1dbcb366d86a4960534f35b)] -&gt; xpath: .//word], [[AndroidDriver: chrome on ANDROID (62e88494c1dbcb366d86a4960534f35b)] -&gt; xpath: .//word], [[AndroidDriver: chrome on ANDROID (62e88494c1dbcb366d86a4960534f35b)] -&gt; xpath: .//word], [[AndroidDriver: chrome on ANDROID (62e88494c1dbcb366d86a4960534f35b)] -&gt; xpath: .//word], [[AndroidDriver: chrome on ANDROID (62e88494c1dbcb366d86a4960534f35b)] -&gt; xpath: .//word], [[AndroidDriver: chrome on ANDROID (62e88494c1dbcb366d86a4960534f35b)] -&gt; xpath: .//word], [[AndroidDriver: chrome on ANDROID (62e88494c1dbcb366d86a4960534f35b)] -&gt; xpath: .//word], [[AndroidDriver: chrome on ANDROID (62e88494c1dbcb366d86a4960534f35b)] -&gt; xpath: .//word], [[AndroidDriver: chrome on ANDROID (62e88494c1dbcb366d86a4960534f35b)] -&gt; xpath: .//word], [[AndroidDriver: chrome on ANDROID (62e88494c1dbcb366d86a4960534f35b)] -&gt; xpath: .//word], [[AndroidDriver: chrome on ANDROID (62e88494c1dbcb366d86a4960534f35b)] -&gt; xpath: .//word], [[AndroidDriver: chrome on ANDROID (62e88494c1dbcb366d86a4960534f35b)] -&gt; xpath: .//word], [[AndroidDriver: chrome on ANDROID (62e88494c1dbcb366d86a4960534f35b)] -&gt; xpath: .//word], [[AndroidDriver: chrome on ANDROID (62e88494c1dbcb366d86a4960534f35b)] -&gt; xpath: .//word], [[AndroidDriver: chrome on ANDROID (62e88494c1dbcb366d86a4960534f35b)] -&gt; xpath: .//word], [[AndroidDriver: chrome on ANDROID (62e88494c1dbcb366d86a4960534f35b)] -&gt; xpath: .//word], [[AndroidDriver: chrome on ANDROID (62e88494c1dbcb366d86a4960534f35b)] -&gt; xpath: .//word], [[AndroidDriver: chrome on ANDROID (62e88494c1dbcb366d86a4960534f35b)] -&gt; xpath: .//word], [[AndroidDriver: chrome on ANDROID (62e88494c1dbcb366d86a4960534f35b)] -&gt; xpath: .//word], [[AndroidDriver: chrome on ANDROID (62e88494c1dbcb366d86a4960534f35b)] -&gt; xpath: .//word], [[AndroidDriver: chrome on ANDROID (62e88494c1dbcb366d86a4960534f35b)] -&gt; xpath: .//word], [[AndroidDriver: chrome on ANDROID (62e88494c1dbcb366d86a4960534f35b)] -&gt; xpath: .//word], [[AndroidDriver: chrome on ANDROID (62e88494c1dbcb366d86a4960534f35b)] -&gt; xpath: .//word], [[AndroidDriver: chrome on ANDROID (62e88494c1dbcb366d86a4960534f35b)] -&gt; xpath: .//word], [[AndroidDriver: chrome on ANDROID (62e88494c1dbcb366d86a4960534f35b)] -&gt; xpath: .//word], [[AndroidDriver: chrome on ANDROID (62e88494c1dbcb366d86a4960534f35b)] -&gt; xpath: .//word], [[AndroidDriver: chrome on ANDROID (62e88494c1dbcb366d86a4960534f35b)] -&gt; xpath: .//word], [[AndroidDriver: chrome on ANDROID (62e88494c1dbcb366d86a4960534f35b)] -&gt; xpath: .//word], [[AndroidDriver: chrome on ANDROID (62e88494c1dbcb366d86a4960534f35b)] -&gt; xpath: .//word], [[AndroidDriver: chrome on ANDROID (62e88494c1dbcb366d86a4960534f35b)] -&gt; xpath: .//word], [[AndroidDriver: chrome on ANDROID (62e88494c1dbcb366d86a4960534f35b)] -&gt; xpath: .//word], [[AndroidDriver: chrome on ANDROID (62e88494c1dbcb366d86a4960534f35b)] -&gt; xpath: .//word], [[AndroidDriver: chrome on ANDROID (62e88494c1dbcb366d86a4960534f35b)] -&gt; xpath: .//word], [[AndroidDriver: chrome on ANDROID (62e88494c1dbcb366d86a4960534f35b)] -&gt; xpath: .//word], [[AndroidDriver: chrome on ANDROID (62e88494c1dbcb366d86a4960534f35b)] -&gt; xpath: .//word], [[AndroidDriver: chrome on ANDROID (62e88494c1dbcb366d86a4960534f35b)] -&gt; xpath: .//word], [[AndroidDriver: chrome on ANDROID (62e88494c1dbcb366d86a4960534f35b)] -&gt; xpath: .//word], [[AndroidDriver: chrome on ANDROID (62e88494c1dbcb366d86a4960534f35b)] -&gt; xpath: .//word], [[AndroidDriver: chrome on ANDROID (62e88494c1dbcb366d86a4960534f35b)] -&gt; xpath: .//word], [[AndroidDriver: chrome on ANDROID (62e88494c1dbcb366d86a4960534f35b)] -&gt; xpath: .//word], [[AndroidDriver: chrome on ANDROID (62e88494c1dbcb366d86a4960534f35b)] -&gt; xpath: .//word], [[AndroidDriver: chrome on ANDROID (62e88494c1dbcb366d86a4960534f35b)] -&gt; xpath: .//word], [[AndroidDriver: chrome on ANDROID (62e88494c1dbcb366d86a4960534f35b)] -&gt; xpath: .//word], [[AndroidDriver: chrome on ANDROID (62e88494c1dbcb366d86a4960534f35b)] -&gt; xpath: .//word], [[AndroidDriver: chrome on ANDROID (62e88494c1dbcb366d86a4960534f35b)] -&gt; xpath: .//word], [[AndroidDriver: chrome on ANDROID (62e88494c1dbcb366d86a4960534f35b)] -&gt; xpath: .//word], [[AndroidDriver: chrome on ANDROID (62e88494c1dbcb366d86a4960534f35b)] -&gt; xpath: .//word], [[AndroidDriver: chrome on ANDROID (62e88494c1dbcb366d86a4960534f35b)] -&gt; xpath: .//word], [[AndroidDriver: chrome on ANDROID (62e88494c1dbcb366d86a4960534f35b)] -&gt; xpath: .//word], [[AndroidDriver: chrome on ANDROID (62e88494c1dbcb366d86a4960534f35b)] -&gt; xpath: .//word], [[AndroidDriver: chrome on ANDROID (62e88494c1dbcb366d86a4960534f35b)] -&gt; xpath: .//word], [[AndroidDriver: chrome on ANDROID (62e88494c1dbcb366d86a4960534f35b)] -&gt; xpath: .//word], [[AndroidDriver: chrome on ANDROID (62e88494c1dbcb366d86a4960534f35b)] -&gt; xpath: .//word], [[AndroidDriver: chrome on ANDROID (62e88494c1dbcb366d86a4960534f35b)] -&gt; xpath: .//word], [[AndroidDriver: chrome on ANDROID (62e88494c1dbcb366d86a4960534f35b)] -&gt; xpath: .//word], [[AndroidDriver: chrome on ANDROID (62e88494c1dbcb366d86a4960534f35b)] -&gt; xpath: .//word], [[AndroidDriver: chrome on ANDROID (62e88494c1dbcb366d86a4960534f35b)] -&gt; xpath: .//word], [[AndroidDriver: chrome on ANDROID (62e88494c1dbcb366d86a4960534f35b)] -&gt; xpath: .//word], [[AndroidDriver: chrome on ANDROID (62e88494c1dbcb366d86a4960534f35b)] -&gt; xpath: .//word], [[AndroidDriver: chrome on ANDROID (62e88494c1dbcb366d86a4960534f35b)] -&gt; xpath: .//word], [[AndroidDriver: chrome on ANDROID (62e88494c1dbcb366d86a4960534f35b)] -&gt; xpath: .//word], [[AndroidDriver: chrome on ANDROID (62e88494c1dbcb366d86a4960534f35b)] -&gt; xpath: .//word], [[AndroidDriver: chrome on ANDROID (62e88494c1dbcb366d86a4960534f35b)] -&gt; xpath: .//word], [[AndroidDriver: chrome on ANDROID (62e88494c1dbcb366d86a4960534f35b)] -&gt; xpath: .//word], [[AndroidDriver: chrome on ANDROID (62e88494c1dbcb366d86a4960534f35b)] -&gt; xpath: .//word], [[AndroidDriver: chrome on ANDROID (62e88494c1dbcb366d86a4960534f35b)] -&gt; xpath: .//word], [[AndroidDriver: chrome on ANDROID (62e88494c1dbcb366d86a4960534f35b)] -&gt; xpath: .//word], [[AndroidDriver: chrome on ANDROID (62e88494c1dbcb366d86a4960534f35b)] -&gt; xpath: .//word], [[AndroidDriver: chrome on ANDROID (62e88494c1dbcb366d86a4960534f35b)] -&gt; xpath: .//word], [[AndroidDriver: chrome on ANDROID (62e88494c1dbcb366d86a4960534f35b)] -&gt; xpath: .//word], [[AndroidDriver: chrome on ANDROID (62e88494c1dbcb366d86a4960534f35b)] -&gt; xpath: .//word], [[AndroidDriver: chrome on ANDROID (62e88494c1dbcb366d86a4960534f35b)] -&gt; xpath: .//word], [[AndroidDriver: chrome on ANDROID (62e88494c1dbcb366d86a4960534f35b)] -&gt; xpath: .//word], [[AndroidDriver: chrome on ANDROID (62e88494c1dbcb366d86a4960534f35b)] -&gt; xpath: .//word], [[AndroidDriver: chrome on ANDROID (62e88494c1dbcb366d86a4960534f35b)] -&gt; xpath: .//word], [[AndroidDriver: chrome on ANDROID (62e88494c1dbcb366d86a4960534f35b)] -&gt; xpath: .//word], [[AndroidDriver: chrome on ANDROID (62e88494c1dbcb366d86a4960534f35b)] -&gt; xpath: .//word], [[AndroidDriver: chrome on ANDROID (62e88494c1dbcb366d86a4960534f35b)] -&gt; xpath: .//word], [[AndroidDriver: chrome on ANDROID (62e88494c1dbcb366d86a4960534f35b)] -&gt; xpath: .//word], [[AndroidDriver: chrome on ANDROID (62e88494c1dbcb366d86a4960534f35b)] -&gt; xpath: .//word], [[AndroidDriver: chrome on ANDROID (62e88494c1dbcb366d86a4960534f35b)] -&gt; xpath: .//word], [[AndroidDriver: chrome on ANDROID (62e88494c1dbcb366d86a4960534f35b)] -&gt; xpath: .//word], [[AndroidDriver: chrome on ANDROID (62e88494c1dbcb366d86a4960534f35b)] -&gt; xpath: .//word], [[AndroidDriver: chrome on ANDROID (62e88494c1dbcb366d86a4960534f35b)] -&gt; xpath: .//word], [[AndroidDriver: chrome on ANDROID (62e88494c1dbcb366d86a4960534f35b)] -&gt; xpath: .//word], [[AndroidDriver: chrome on ANDROID (62e88494c1dbcb366d86a4960534f35b)] -&gt; xpath: .//word], [[AndroidDriver: chrome on ANDROID (62e88494c1dbcb366d86a4960534f35b)] -&gt; xpath: .//word], [[AndroidDriver: chrome on ANDROID (62e88494c1dbcb366d86a4960534f35b)] -&gt; xpath: .//word], [[AndroidDriver: chrome on ANDROID (62e88494c1dbcb366d86a4960534f35b)] -&gt; xpath: .//word], [[AndroidDriver: chrome on ANDROID (62e88494c1dbcb366d86a4960534f35b)] -&gt; xpath: .//word], [[AndroidDriver: chrome on ANDROID (62e88494c1dbcb366d86a4960534f35b)] -&gt; xpath: .//word], [[AndroidDriver: chrome on ANDROID (62e88494c1dbcb366d86a4960534f35b)] -&gt; xpath: .//word], [[AndroidDriver: chrome on ANDROID (62e88494c1dbcb366d86a4960534f35b)] -&gt; xpath: .//word], [[AndroidDriver: chrome on ANDROID (62e88494c1dbcb366d86a4960534f35b)] -&gt; xpath: .//word], [[AndroidDriver: chrome on ANDROID (62e88494c1dbcb366d86a4960534f35b)] -&gt; xpath: .//word], [[AndroidDriver: chrome on ANDROID (62e88494c1dbcb366d86a4960534f35b)] -&gt; xpath: .//word], [[AndroidDriver: chrome on ANDROID (62e88494c1dbcb366d86a4960534f35b)] -&gt; xpath: .//word], [[AndroidDriver: chrome on ANDROID (62e88494c1dbcb366d86a4960534f35b)] -&gt; xpath: .//word], [[AndroidDriver: chrome on ANDROID (62e88494c1dbcb366d86a4960534f35b)] -&gt; xpath: .//word], [[AndroidDriver: chrome on ANDROID (62e88494c1dbcb366d86a4960534f35b)] -&gt; xpath: .//word], [[AndroidDriver: chrome on ANDROID (62e88494c1dbcb366d86a4960534f35b)] -&gt; xpath: .//word], [[AndroidDriver: chrome on ANDROID (62e88494c1dbcb366d86a4960534f35b)] -&gt; xpath: .//word], [[AndroidDriver: chrome on ANDROID (62e88494c1dbcb366d86a4960534f35b)] -&gt; xpath: .//word], [[AndroidDriver: chrome on ANDROID (62e88494c1dbcb366d86a4960534f35b)] -&gt; xpath: .//word], [[AndroidDriver: chrome on ANDROID (62e88494c1dbcb366d86a4960534f35b)] -&gt; xpath: .//word], [[AndroidDriver: chrome on ANDROID (62e88494c1dbcb366d86a4960534f35b)] -&gt; xpath: .//word], [[AndroidDriver: chrome on ANDROID (62e88494c1dbcb366d86a4960534f35b)] -&gt; xpath: .//word], [[AndroidDriver: chrome on ANDROID (62e88494c1dbcb366d86a4960534f35b)] -&gt; xpath: .//word], [[AndroidDriver: chrome on ANDROID (62e88494c1dbcb366d86a4960534f35b)] -&gt; xpath: .//word], [[AndroidDriver: chrome on ANDROID (62e88494c1dbcb366d86a4960534f35b)] -&gt; xpath: .//word], [[AndroidDriver: chrome on ANDROID (62e88494c1dbcb366d86a4960534f35b)] -&gt; xpath: .//word], [[AndroidDriver: chrome on ANDROID (62e88494c1dbcb366d86a4960534f35b)] -&gt; xpath: .//word], [[AndroidDriver: chrome on ANDROID (62e88494c1dbcb366d86a4960534f35b)] -&gt; xpath: .//word], [[AndroidDriver: chrome on ANDROID (62e88494c1dbcb366d86a4960534f35b)] -&gt; xpath: .//word], [[AndroidDriver: chrome on ANDROID (62e88494c1dbcb366d86a4960534f35b)] -&gt; xpath: .//word], [[AndroidDriver: chrome on ANDROID (62e88494c1dbcb366d86a4960534f35b)] -&gt; xpath: .//word], [[AndroidDriver: chrome on ANDROID (62e88494c1dbcb366d86a4960534f35b)] -&gt; xpath: .//word], [[AndroidDriver: chrome on ANDROID (62e88494c1dbcb366d86a4960534f35b)] -&gt; xpath: .//word], [[AndroidDriver: chrome on ANDROID (62e88494c1dbcb366d86a4960534f35b)] -&gt; xpath: .//word], [[AndroidDriver: chrome on ANDROID (62e88494c1dbcb366d86a4960534f35b)] -&gt; xpath: .//word], [[AndroidDriver: chrome on ANDROID (62e88494c1dbcb366d86a4960534f35b)] -&gt; xpath: .//word], [[AndroidDriver: chrome on ANDROID (62e88494c1dbcb366d86a4960534f35b)] -&gt; xpath: .//word], [[AndroidDriver: chrome on ANDROID (62e88494c1dbcb366d86a4960534f35b)] -&gt; xpath: .//word], [[AndroidDriver: chrome on ANDROID (62e88494c1dbcb366d86a4960534f35b)] -&gt; xpath: .//word], [[AndroidDriver: chrome on ANDROID (62e88494c1dbcb366d86a4960534f35b)] -&gt; xpath: .//word], [[AndroidDriver: chrome on ANDROID (62e88494c1dbcb366d86a4960534f35b)] -&gt; xpath: .//word], [[AndroidDriver: chrome on ANDROID (62e88494c1dbcb366d86a4960534f35b)] -&gt; xpath: .//word], [[AndroidDriver: chrome on ANDROID (62e88494c1dbcb366d86a4960534f35b)] -&gt; xpath: .//word], [[AndroidDriver: chrome on ANDROID (62e88494c1dbcb366d86a4960534f35b)] -&gt; xpath: .//word], [[AndroidDriver: chrome on ANDROID (62e88494c1dbcb366d86a4960534f35b)] -&gt; xpath: .//word], [[AndroidDriver: chrome on ANDROID (62e88494c1dbcb366d86a4960534f35b)] -&gt; xpath: .//word], [[AndroidDriver: chrome on ANDROID (62e88494c1dbcb366d86a4960534f35b)] -&gt; xpath: .//word], [[AndroidDriver: chrome on ANDROID (62e88494c1dbcb366d86a4960534f35b)] -&gt; xpath: .//word], [[AndroidDriver: chrome on ANDROID (62e88494c1dbcb366d86a4960534f35b)] -&gt; xpath: .//word], [[AndroidDriver: chrome on ANDROID (62e88494c1dbcb366d86a4960534f35b)] -&gt; xpath: .//word], [[AndroidDriver: chrome on ANDROID (62e88494c1dbcb366d86a4960534f35b)] -&gt; xpath: .//word], [[AndroidDriver: chrome on ANDROID (62e88494c1dbcb366d86a4960534f35b)] -&gt; xpath: .//word], [[AndroidDriver: chrome on ANDROID (62e88494c1dbcb366d86a4960534f35b)] -&gt; xpath: .//word], [[AndroidDriver: chrome on ANDROID (62e88494c1dbcb366d86a4960534f35b)] -&gt; xpath: .//word], [[AndroidDriver: chrome on ANDROID (62e88494c1dbcb366d86a4960534f35b)] -&gt; xpath: .//word], [[AndroidDriver: chrome on ANDROID (62e88494c1dbcb366d86a4960534f35b)] -&gt; xpath: .//word], [[AndroidDriver: chrome on ANDROID (62e88494c1dbcb366d86a4960534f35b)] -&gt; xpath: .//word], [[AndroidDriver: chrome on ANDROID (62e88494c1dbcb366d86a4960534f35b)] -&gt; xpath: .//word], [[AndroidDriver: chrome on ANDROID (62e88494c1dbcb366d86a4960534f35b)] -&gt; xpath: .//word], [[AndroidDriver: chrome on ANDROID (62e88494c1dbcb366d86a4960534f35b)] -&gt; xpath: .//word], [[AndroidDriver: chrome on ANDROID (62e88494c1dbcb366d86a4960534f35b)] -&gt; xpath: .//word], [[AndroidDriver: chrome on ANDROID (62e88494c1dbcb366d86a4960534f35b)] -&gt; xpath: .//word], [[AndroidDriver: chrome on ANDROID (62e88494c1dbcb366d86a4960534f35b)] -&gt; xpath: .//word], [[AndroidDriver: chrome on ANDROID (62e88494c1dbcb366d86a4960534f35b)] -&gt; xpath: .//word], [[AndroidDriver: chrome on ANDROID (62e88494c1dbcb366d86a4960534f35b)] -&gt; xpath: .//word], [[AndroidDriver: chrome on ANDROID (62e88494c1dbcb366d86a4960534f35b)] -&gt; xpath: .//word], [[AndroidDriver: chrome on ANDROID (62e88494c1dbcb366d86a4960534f35b)] -&gt; xpath: .//word], [[AndroidDriver: chrome on ANDROID (62e88494c1dbcb366d86a4960534f35b)] -&gt; xpath: .//word], [[AndroidDriver: chrome on ANDROID (62e88494c1dbcb366d86a4960534f35b)] -&gt; xpath: .//word], [[AndroidDriver: chrome on ANDROID (62e88494c1dbcb366d86a4960534f35b)] -&gt; xpath: .//word], [[AndroidDriver: chrome on ANDROID (62e88494c1dbcb366d86a4960534f35b)] -&gt; xpath: .//word], [[AndroidDriver: chrome on ANDROID (62e88494c1dbcb366d86a4960534f35b)] -&gt; xpath: .//word], [[AndroidDriver: chrome on ANDROID (62e88494c1dbcb366d86a4960534f35b)] -&gt; xpath: .//word], [[AndroidDriver: chrome on ANDROID (62e88494c1dbcb366d86a4960534f35b)] -&gt; xpath: .//word], [[AndroidDriver: chrome on ANDROID (62e88494c1dbcb366d86a4960534f35b)] -&gt; xpath: .//word], [[AndroidDriver: chrome on ANDROID (62e88494c1dbcb366d86a4960534f35b)] -&gt; xpath: .//word], [[AndroidDriver: chrome on ANDROID (62e88494c1dbcb366d86a4960534f35b)] -&gt; xpath: .//word], [[AndroidDriver: chrome on ANDROID (62e88494c1dbcb366d86a4960534f35b)] -&gt; xpath: .//word], [[AndroidDriver: chrome on ANDROID (62e88494c1dbcb366d86a4960534f35b)] -&gt; xpath: .//word], [[AndroidDriver: chrome on ANDROID (62e88494c1dbcb366d86a4960534f35b)] -&gt; xpath: .//word], [[AndroidDriver: chrome on ANDROID (62e88494c1dbcb366d86a4960534f35b)] -&gt; xpath: .//word], [[AndroidDriver: chrome on ANDROID (62e88494c1dbcb366d86a4960534f35b)] -&gt; xpath: .//word], [[AndroidDriver: chrome on ANDROID (62e88494c1dbcb366d86a4960534f35b)] -&gt; xpath: .//word], [[AndroidDriver: chrome on ANDROID (62e88494c1dbcb366d86a4960534f35b)] -&gt; xpath: .//word], [[AndroidDriver: chrome on ANDROID (62e88494c1dbcb366d86a4960534f35b)] -&gt; xpath: .//word], [[AndroidDriver: chrome on ANDROID (62e88494c1dbcb366d86a4960534f35b)] -&gt; xpath: .//word], [[AndroidDriver: chrome on ANDROID (62e88494c1dbcb366d86a4960534f35b)] -&gt; xpath: .//word], [[AndroidDriver: chrome on ANDROID (62e88494c1dbcb366d86a4960534f35b)] -&gt; xpath: .//word], [[AndroidDriver: chrome on ANDROID (62e88494c1dbcb366d86a4960534f35b)] -&gt; xpath: .//word], [[AndroidDriver: chrome on ANDROID (62e88494c1dbcb366d86a4960534f35b)] -&gt; xpath: .//word], [[AndroidDriver: chrome on ANDROID (62e88494c1dbcb366d86a4960534f35b)] -&gt; xpath: .//word], [[AndroidDriver: chrome on ANDROID (62e88494c1dbcb366d86a4960534f35b)] -&gt; xpath: .//word], [[AndroidDriver: chrome on ANDROID (62e88494c1dbcb366d86a4960534f35b)] -&gt; xpath: .//word], [[AndroidDriver: chrome on ANDROID (62e88494c1dbcb366d86a4960534f35b)] -&gt; xpath: .//word], [[AndroidDriver: chrome on ANDROID (62e88494c1dbcb366d86a4960534f35b)] -&gt; xpath: .//word], [[AndroidDriver: chrome on ANDROID (62e88494c1dbcb366d86a4960534f35b)] -&gt; xpath: .//word], [[AndroidDriver: chrome on ANDROID (62e88494c1dbcb366d86a4960534f35b)] -&gt; xpath: .//word], [[AndroidDriver: chrome on ANDROID (62e88494c1dbcb366d86a4960534f35b)] -&gt; xpath: .//word], [[AndroidDriver: chrome on ANDROID (62e88494c1dbcb366d86a4960534f35b)] -&gt; xpath: .//word], [[AndroidDriver: chrome on ANDROID (62e88494c1dbcb366d86a4960534f35b)] -&gt; xpath: .//word], [[AndroidDriver: chrome on ANDROID (62e88494c1dbcb366d86a4960534f35b)] -&gt; xpath: .//word], [[AndroidDriver: chrome on ANDROID (62e88494c1dbcb366d86a4960534f35b)] -&gt; xpath: .//word], [[AndroidDriver: chrome on ANDROID (62e88494c1dbcb366d86a4960534f35b)] -&gt; xpath: .//word], [[AndroidDriver: chrome on ANDROID (62e88494c1dbcb366d86a4960534f35b)] -&gt; xpath: .//word], [[AndroidDriver: chrome on ANDROID (62e88494c1dbcb366d86a4960534f35b)] -&gt; xpath: .//word], [[AndroidDriver: chrome on ANDROID (62e88494c1dbcb366d86a4960534f35b)] -&gt; xpath: .//word], [[AndroidDriver: chrome on ANDROID (62e88494c1dbcb366d86a4960534f35b)] -&gt; xpath: .//word], [[AndroidDriver: chrome on ANDROID (62e88494c1dbcb366d86a4960534f35b)] -&gt; xpath: .//word], [[AndroidDriver: chrome on ANDROID (62e88494c1dbcb366d86a4960534f35b)] -&gt; xpath: .//word], [[AndroidDriver: chrome on ANDROID (62e88494c1dbcb366d86a4960534f35b)] -&gt; xpath: .//word], [[AndroidDriver: chrome on ANDROID (62e88494c1dbcb366d86a4960534f35b)] -&gt; xpath: .//word], [[AndroidDriver: chrome on ANDROID (62e88494c1dbcb366d86a4960534f35b)] -&gt; xpath: .//word], [[AndroidDriver: chrome on ANDROID (62e88494c1dbcb366d86a4960534f35b)] -&gt; xpath: .//word], [[AndroidDriver: chrome on ANDROID (62e88494c1dbcb366d86a4960534f35b)] -&gt; xpath: .//word], [[AndroidDriver: chrome on ANDROID (62e88494c1dbcb366d86a4960534f35b)] -&gt; xpath: .//word], [[AndroidDriver: chrome on ANDROID (62e88494c1dbcb366d86a4960534f35b)] -&gt; xpath: .//word], [[AndroidDriver: chrome on ANDROID (62e88494c1dbcb366d86a4960534f35b)] -&gt; xpath: .//word], [[AndroidDriver: chrome on ANDROID (62e88494c1dbcb366d86a4960534f35b)] -&gt; xpath: .//word], [[AndroidDriver: chrome on ANDROID (62e88494c1dbcb366d86a4960534f35b)] -&gt; xpath: .//word], [[AndroidDriver: chrome on ANDROID (62e88494c1dbcb366d86a4960534f35b)] -&gt; xpath: .//word], [[AndroidDriver: chrome on ANDROID (62e88494c1dbcb366d86a4960534f35b)] -&gt; xpath: .//word], [[AndroidDriver: chrome on ANDROID (62e88494c1dbcb366d86a4960534f35b)] -&gt; xpath: .//word], [[AndroidDriver: chrome on ANDROID (62e88494c1dbcb366d86a4960534f35b)] -&gt; xpath: .//word], [[AndroidDriver: chrome on ANDROID (62e88494c1dbcb366d86a4960534f35b)] -&gt; xpath: .//word], [[AndroidDriver: chrome on ANDROID (62e88494c1dbcb366d86a4960534f35b)] -&gt; xpath: .//word], [[AndroidDriver: chrome on ANDROID (62e88494c1dbcb366d86a4960534f35b)] -&gt; xpath: .//word], [[AndroidDriver: chrome on ANDROID (62e88494c1dbcb366d86a4960534f35b)] -&gt; xpath: .//word], [[AndroidDriver: chrome on ANDROID (62e88494c1dbcb366d86a4960534f35b)] -&gt; xpath: .//word], [[AndroidDriver: chrome on ANDROID (62e88494c1dbcb366d86a4960534f35b)] -&gt; xpath: .//word], [[AndroidDriver: chrome on ANDROID (62e88494c1dbcb366d86a4960534f35b)] -&gt; xpath: .//word], [[AndroidDriver: chrome on ANDROID (62e88494c1dbcb366d86a4960534f35b)] -&gt; xpath: .//word], [[AndroidDriver: chrome on ANDROID (62e88494c1dbcb366d86a4960534f35b)] -&gt; xpath: .//word], [[AndroidDriver: chrome on ANDROID (62e88494c1dbcb366d86a4960534f35b)] -&gt; xpath: .//word], [[AndroidDriver: chrome on ANDROID (62e88494c1dbcb366d86a4960534f35b)] -&gt; xpath: .//word], [[AndroidDriver: chrome on ANDROID (62e88494c1dbcb366d86a4960534f35b)] -&gt; xpath: .//word], [[AndroidDriver: chrome on ANDROID (62e88494c1dbcb366d86a4960534f35b)] -&gt; xpath: .//word], [[AndroidDriver: chrome on ANDROID (62e88494c1dbcb366d86a4960534f35b)] -&gt; xpath: .//word], [[AndroidDriver: chrome on ANDROID (62e88494c1dbcb366d86a4960534f35b)] -&gt; xpath: .//word], [[AndroidDriver: chrome on ANDROID (62e88494c1dbcb366d86a4960534f35b)] -&gt; xpath: .//word], [[AndroidDriver: chrome on ANDROID (62e88494c1dbcb366d86a4960534f35b)] -&gt; xpath: .//word], [[AndroidDriver: chrome on ANDROID (62e88494c1dbcb366d86a4960534f35b)] -&gt; xpath: .//word], [[AndroidDriver: chrome on ANDROID (62e88494c1dbcb366d86a4960534f35b)] -&gt; xpath: .//word], [[AndroidDriver: chrome on ANDROID (62e88494c1dbcb366d86a4960534f35b)] -&gt; xpath: .//word], [[AndroidDriver: chrome on ANDROID (62e88494c1dbcb366d86a4960534f35b)] -&gt; xpath: .//word], [[AndroidDriver: chrome on ANDROID (62e88494c1dbcb366d86a4960534f35b)] -&gt; xpath: .//word], [[AndroidDriver: chrome on ANDROID (62e88494c1dbcb366d86a4960534f35b)] -&gt; xpath: .//word], [[AndroidDriver: chrome on ANDROID (62e88494c1dbcb366d86a4960534f35b)] -&gt; xpath: .//word], [[AndroidDriver: chrome on ANDROID (62e88494c1dbcb366d86a4960534f35b)] -&gt; xpath: .//word], [[AndroidDriver: chrome on ANDROID (62e88494c1dbcb366d86a4960534f35b)] -&gt; xpath: .//word], [[AndroidDriver: chrome on ANDROID (62e88494c1dbcb366d86a4960534f35b)] -&gt; xpath: .//word], [[AndroidDriver: chrome on ANDROID (62e88494c1dbcb366d86a4960534f35b)] -&gt; xpath: .//word], [[AndroidDriver: chrome on ANDROID (62e88494c1dbcb366d86a4960534f35b)] -&gt; xpath: .//word], [[AndroidDriver: chrome on ANDROID (62e88494c1dbcb366d86a4960534f35b)] -&gt; xpath: .//word], [[AndroidDriver: chrome on ANDROID (62e88494c1dbcb366d86a4960534f35b)] -&gt; xpath: .//word], [[AndroidDriver: chrome on ANDROID (62e88494c1dbcb366d86a4960534f35b)] -&gt; xpath: .//word], [[AndroidDriver: chrome on ANDROID (62e88494c1dbcb366d86a4960534f35b)] -&gt; xpath: .//word], [[AndroidDriver: chrome on ANDROID (62e88494c1dbcb366d86a4960534f35b)] -&gt; xpath: .//word], [[AndroidDriver: chrome on ANDROID (62e88494c1dbcb366d86a4960534f35b)] -&gt; xpath: .//word], [[AndroidDriver: chrome on ANDROID (62e88494c1dbcb366d86a4960534f35b)] -&gt; xpath: .//word], [[AndroidDriver: chrome on ANDROID (62e88494c1dbcb366d86a4960534f35b)] -&gt; xpath: .//word], [[AndroidDriver: chrome on ANDROID (62e88494c1dbcb366d86a4960534f35b)] -&gt; xpath: .//word], [[AndroidDriver: chrome on ANDROID (62e88494c1dbcb366d86a4960534f35b)] -&gt; xpath: .//word], [[AndroidDriver: chrome on ANDROID (62e88494c1dbcb366d86a4960534f35b)] -&gt; xpath: .//word], [[AndroidDriver: chrome on ANDROID (62e88494c1dbcb366d86a4960534f35b)] -&gt; xpath: .//word], [[AndroidDriver: chrome on ANDROID (62e88494c1dbcb366d86a4960534f35b)] -&gt; xpath: .//word], [[AndroidDriver: chrome on ANDROID (62e88494c1dbcb366d86a4960534f35b)] -&gt; xpath: .//word], [[AndroidDriver: chrome on ANDROID (62e88494c1dbcb366d86a4960534f35b)] -&gt; xpath: .//word], [[AndroidDriver: chrome on ANDROID (62e88494c1dbcb366d86a4960534f35b)] -&gt; xpath: .//word], [[AndroidDriver: chrome on ANDROID (62e88494c1dbcb366d86a4960534f35b)] -&gt; xpath: .//word], [[AndroidDriver: chrome on ANDROID (62e88494c1dbcb366d86a4960534f35b)] -&gt; xpath: .//word], [[AndroidDriver: chrome on ANDROID (62e88494c1dbcb366d86a4960534f35b)] -&gt; xpath: .//word], [[AndroidDriver: chrome on ANDROID (62e88494c1dbcb366d86a4960534f35b)] -&gt; xpath: .//word], [[AndroidDriver: chrome on ANDROID (62e88494c1dbcb366d86a4960534f35b)] -&gt; xpath: .//word], [[AndroidDriver: chrome on ANDROID (62e88494c1dbcb366d86a4960534f35b)] -&gt; xpath: .//word], [[AndroidDriver: chrome on ANDROID (62e88494c1dbcb366d86a4960534f35b)] -&gt; xpath: .//word], [[AndroidDriver: chrome on ANDROID (62e88494c1dbcb366d86a4960534f35b)] -&gt; xpath: .//word], [[AndroidDriver: chrome on ANDROID (62e88494c1dbcb366d86a4960534f35b)] -&gt; xpath: .//word], [[AndroidDriver: chrome on ANDROID (62e88494c1dbcb366d86a4960534f35b)] -&gt; xpath: .//word], [[AndroidDriver: chrome on ANDROID (62e88494c1dbcb366d86a4960534f35b)] -&gt; xpath: .//word], [[AndroidDriver: chrome on ANDROID (62e88494c1dbcb366d86a4960534f35b)] -&gt; xpath: .//word], [[AndroidDriver: chrome on ANDROID (62e88494c1dbcb366d86a4960534f35b)] -&gt; xpath: .//word], [[AndroidDriver: chrome on ANDROID (62e88494c1dbcb366d86a4960534f35b)] -&gt; xpath: .//word], [[AndroidDriver: chrome on ANDROID (62e88494c1dbcb366d86a4960534f35b)] -&gt; xpath: .//word], [[AndroidDriver: chrome on ANDROID (62e88494c1dbcb366d86a4960534f35b)] -&gt; xpath: .//word], [[AndroidDriver: chrome on ANDROID (62e88494c1dbcb366d86a4960534f35b)] -&gt; xpath: .//word], [[AndroidDriver: chrome on ANDROID (62e88494c1dbcb366d86a4960534f35b)] -&gt; xpath: .//word], [[AndroidDriver: chrome on ANDROID (62e88494c1dbcb366d86a4960534f35b)] -&gt; xpath: .//word], [[AndroidDriver: chrome on ANDROID (62e88494c1dbcb366d86a4960534f35b)] -&gt; xpath: .//word], [[AndroidDriver: chrome on ANDROID (62e88494c1dbcb366d86a4960534f35b)] -&gt; xpath: .//word], [[AndroidDriver: chrome on ANDROID (62e88494c1dbcb366d86a4960534f35b)] -&gt; xpath: .//word], [[AndroidDriver: chrome on ANDROID (62e88494c1dbcb366d86a4960534f35b)] -&gt; xpath: .//word], [[AndroidDriver: chrome on ANDROID (62e88494c1dbcb366d86a4960534f35b)] -&gt; xpath: .//word], [[AndroidDriver: chrome on ANDROID (62e88494c1dbcb366d86a4960534f35b)] -&gt; xpath: .//word], [[AndroidDriver: chrome on ANDROID (62e88494c1dbcb366d86a4960534f35b)] -&gt; xpath: .//word], [[AndroidDriver: chrome on ANDROID (62e88494c1dbcb366d86a4960534f35b)] -&gt; xpath: .//word], [[AndroidDriver: chrome on ANDROID (62e88494c1dbcb366d86a4960534f35b)] -&gt; xpath: .//word], [[AndroidDriver: chrome on ANDROID (62e88494c1dbcb366d86a4960534f35b)] -&gt; xpath: .//word], [[AndroidDriver: chrome on ANDROID (62e88494c1dbcb366d86a4960534f35b)] -&gt; xpath: .//word], [[AndroidDriver: chrome on ANDROID (62e88494c1dbcb366d86a4960534f35b)] -&gt; xpath: .//word], [[AndroidDriver: chrome on ANDROID (62e88494c1dbcb366d86a4960534f35b)] -&gt; xpath: .//word], [[AndroidDriver: chrome on ANDROID (62e88494c1dbcb366d86a4960534f35b)] -&gt; xpath: .//word], [[AndroidDriver: chrome on ANDROID (62e88494c1dbcb366d86a4960534f35b)] -&gt; xpath: .//word], [[AndroidDriver: chrome on ANDROID (62e88494c1dbcb366d86a4960534f35b)] -&gt; xpath: .//word], [[AndroidDriver: chrome on ANDROID (62e88494c1dbcb366d86a4960534f35b)] -&gt; xpath: .//word], [[AndroidDriver: chrome on ANDROID (62e88494c1dbcb366d86a4960534f35b)] -&gt; xpath: .//word], [[AndroidDriver: chrome on ANDROID (62e88494c1dbcb366d86a4960534f35b)] -&gt; xpath: .//word], [[AndroidDriver: chrome on ANDROID (62e88494c1dbcb366d86a4960534f35b)] -&gt; xpath: .//word], [[AndroidDriver: chrome on ANDROID (62e88494c1dbcb366d86a4960534f35b)] -&gt; xpath: .//word], [[AndroidDriver: chrome on ANDROID (62e88494c1dbcb366d86a4960534f35b)] -&gt; xpath: .//word], [[AndroidDriver: chrome on ANDROID (62e88494c1dbcb366d86a4960534f35b)] -&gt; xpath: .//word], [[AndroidDriver: chrome on ANDROID (62e88494c1dbcb366d86a4960534f35b)] -&gt; xpath: .//word], [[AndroidDriver: chrome on ANDROID (62e88494c1dbcb366d86a4960534f35b)] -&gt; xpath: .//word], [[AndroidDriver: chrome on ANDROID (62e88494c1dbcb366d86a4960534f35b)] -&gt; xpath: .//word], [[AndroidDriver: chrome on ANDROID (62e88494c1dbcb366d86a4960534f35b)] -&gt; xpath: .//word], [[AndroidDriver: chrome on ANDROID (62e88494c1dbcb366d86a4960534f35b)] -&gt; xpath: .//word], [[AndroidDriver: chrome on ANDROID (62e88494c1dbcb366d86a4960534f35b)] -&gt; xpath: .//word], [[AndroidDriver: chrome on ANDROID (62e88494c1dbcb366d86a4960534f35b)] -&gt; xpath: .//word], [[AndroidDriver: chrome on ANDROID (62e88494c1dbcb366d86a4960534f35b)] -&gt; xpath: .//word], [[AndroidDriver: chrome on ANDROID (62e88494c1dbcb366d86a4960534f35b)] -&gt; xpath: .//word], [[AndroidDriver: chrome on ANDROID (62e88494c1dbcb366d86a4960534f35b)] -&gt; xpath: .//word], [[AndroidDriver: chrome on ANDROID (62e88494c1dbcb366d86a4960534f35b)] -&gt; xpath: .//word], [[AndroidDriver: chrome on ANDROID (62e88494c1dbcb366d86a4960534f35b)] -&gt; xpath: .//word], [[AndroidDriver: chrome on ANDROID (62e88494c1dbcb366d86a4960534f35b)] -&gt; xpath: .//word], [[AndroidDriver: chrome on ANDROID (62e88494c1dbcb366d86a4960534f35b)] -&gt; xpath: .//word], [[AndroidDriver: chrome on ANDROID (62e88494c1dbcb366d86a4960534f35b)] -&gt; xpath: .//word], [[AndroidDriver: chrome on ANDROID (62e88494c1dbcb366d86a4960534f35b)] -&gt; xpath: .//word], [[AndroidDriver: chrome on ANDROID (62e88494c1dbcb366d86a4960534f35b)] -&gt; xpath: .//word], [[AndroidDriver: chrome on ANDROID (62e88494c1dbcb366d86a4960534f35b)] -&gt; xpath: .//word], [[AndroidDriver: chrome on ANDROID (62e88494c1dbcb366d86a4960534f35b)] -&gt; xpath: .//word], [[AndroidDriver: chrome on ANDROID (62e88494c1dbcb366d86a4960534f35b)] -&gt; xpath: .//word], [[AndroidDriver: chrome on ANDROID (62e88494c1dbcb366d86a4960534f35b)] -&gt; xpath: .//word], [[AndroidDriver: chrome on ANDROID (62e88494c1dbcb366d86a4960534f35b)] -&gt; xpath: .//word], [[AndroidDriver: chrome on ANDROID (62e88494c1dbcb366d86a4960534f35b)] -&gt; xpath: .//word], [[AndroidDriver: chrome on ANDROID (62e88494c1dbcb366d86a4960534f35b)] -&gt; xpath: .//word], [[AndroidDriver: chrome on ANDROID (62e88494c1dbcb366d86a4960534f35b)] -&gt; xpath: .//word], [[AndroidDriver: chrome on ANDROID (62e88494c1dbcb366d86a4960534f35b)] -&gt; xpath: .//word], [[AndroidDriver: chrome on ANDROID (62e88494c1dbcb366d86a4960534f35b)] -&gt; xpath: .//word], [[AndroidDriver: chrome on ANDROID (62e88494c1dbcb366d86a4960534f35b)] -&gt; xpath: .//word], [[AndroidDriver: chrome on ANDROID (62e88494c1dbcb366d86a4960534f35b)] -&gt; xpath: .//word], [[AndroidDriver: chrome on ANDROID (62e88494c1dbcb366d86a4960534f35b)] -&gt; xpath: .//word], [[AndroidDriver: chrome on ANDROID (62e88494c1dbcb366d86a4960534f35b)] -&gt; xpath: .//word], [[AndroidDriver: chrome on ANDROID (62e88494c1dbcb366d86a4960534f35b)] -&gt; xpath: .//word], [[AndroidDriver: chrome on ANDROID (62e88494c1dbcb366d86a4960534f35b)] -&gt; xpath: .//word], [[AndroidDriver: chrome on ANDROID (62e88494c1dbcb366d86a4960534f35b)] -&gt; xpath: .//word], [[AndroidDriver: chrome on ANDROID (62e88494c1dbcb366d86a4960534f35b)] -&gt; xpath: .//word], [[AndroidDriver: chrome on ANDROID (62e88494c1dbcb366d86a4960534f35b)] -&gt; xpath: .//word], [[AndroidDriver: chrome on ANDROID (62e88494c1dbcb366d86a4960534f35b)] -&gt; xpath: .//word], [[AndroidDriver: chrome on ANDROID (62e88494c1dbcb366d86a4960534f35b)] -&gt; xpath: .//word], [[AndroidDriver: chrome on ANDROID (62e88494c1dbcb366d86a4960534f35b)] -&gt; xpath: .//word], [[AndroidDriver: chrome on ANDROID (62e88494c1dbcb366d86a4960534f35b)] -&gt; xpath: .//word], [[AndroidDriver: chrome on ANDROID (62e88494c1dbcb366d86a4960534f35b)] -&gt; xpath: .//word], [[AndroidDriver: chrome on ANDROID (62e88494c1dbcb366d86a4960534f35b)] -&gt; xpath: .//word], [[AndroidDriver: chrome on ANDROID (62e88494c1dbcb366d86a4960534f35b)] -&gt; xpath: .//word], [[AndroidDriver: chrome on ANDROID (62e88494c1dbcb366d86a4960534f35b)] -&gt; xpath: .//word], [[AndroidDriver: chrome on ANDROID (62e88494c1dbcb366d86a4960534f35b)] -&gt; xpath: .//word], [[AndroidDriver: chrome on ANDROID (62e88494c1dbcb366d86a4960534f35b)] -&gt; xpath: .//word], [[AndroidDriver: chrome on ANDROID (62e88494c1dbcb366d86a4960534f35b)] -&gt; xpath: .//word], [[AndroidDriver: chrome on ANDROID (62e88494c1dbcb366d86a4960534f35b)] -&gt; xpath: .//word], [[AndroidDriver: chrome on ANDROID (62e88494c1dbcb366d86a4960534f35b)] -&gt; xpath: .//word], [[AndroidDriver: chrome on ANDROID (62e88494c1dbcb366d86a4960534f35b)] -&gt; xpath: .//word], [[AndroidDriver: chrome on ANDROID (62e88494c1dbcb366d86a4960534f35b)] -&gt; xpath: .//word], [[AndroidDriver: chrome on ANDROID (62e88494c1dbcb366d86a4960534f35b)] -&gt; xpath: .//word], [[AndroidDriver: chrome on ANDROID (62e88494c1dbcb366d86a4960534f35b)] -&gt; xpath: .//word], [[AndroidDriver: chrome on ANDROID (62e88494c1dbcb366d86a4960534f35b)] -&gt; xpath: .//word], [[AndroidDriver: chrome on ANDROID (62e88494c1dbcb366d86a4960534f35b)] -&gt; xpath: .//word], [[AndroidDriver: chrome on ANDROID (62e88494c1dbcb366d86a4960534f35b)] -&gt; xpath: .//word], [[AndroidDriver: chrome on ANDROID (62e88494c1dbcb366d86a4960534f35b)] -&gt; xpath: .//word], [[AndroidDriver: chrome on ANDROID (62e88494c1dbcb366d86a4960534f35b)] -&gt; xpath: .//word], [[AndroidDriver: chrome on ANDROID (62e88494c1dbcb366d86a4960534f35b)] -&gt; xpath: .//word], [[AndroidDriver: chrome on ANDROID (62e88494c1dbcb366d86a4960534f35b)] -&gt; xpath: .//word], [[AndroidDriver: chrome on ANDROID (62e88494c1dbcb366d86a4960534f35b)] -&gt; xpath: .//word], [[AndroidDriver: chrome on ANDROID (62e88494c1dbcb366d86a4960534f35b)] -&gt; xpath: .//word], [[AndroidDriver: chrome on ANDROID (62e88494c1dbcb366d86a4960534f35b)] -&gt; xpath: .//word], [[AndroidDriver: chrome on ANDROID (62e88494c1dbcb366d86a4960534f35b)] -&gt; xpath: .//word], [[AndroidDriver: chrome on ANDROID (62e88494c1dbcb366d86a4960534f35b)] -&gt; xpath: .//word], [[AndroidDriver: chrome on ANDROID (62e88494c1dbcb366d86a4960534f35b)] -&gt; xpath: .//word], [[AndroidDriver: chrome on ANDROID (62e88494c1dbcb366d86a4960534f35b)] -&gt; xpath: .//word], [[AndroidDriver: chrome on ANDROID (62e88494c1dbcb366d86a4960534f35b)] -&gt; xpath: .//word], [[AndroidDriver: chrome on ANDROID (62e88494c1dbcb366d86a4960534f35b)] -&gt; xpath: .//word], [[AndroidDriver: chrome on ANDROID (62e88494c1dbcb366d86a4960534f35b)] -&gt; xpath: .//word], [[AndroidDriver: chrome on ANDROID (62e88494c1dbcb366d86a4960534f35b)] -&gt; xpath: .//word], [[AndroidDriver: chrome on ANDROID (62e88494c1dbcb366d86a4960534f35b)] -&gt; xpath: .//word], [[AndroidDriver: chrome on ANDROID (62e88494c1dbcb366d86a4960534f35b)] -&gt; xpath: .//word], [[AndroidDriver: chrome on ANDROID (62e88494c1dbcb366d86a4960534f35b)] -&gt; xpath: .//word], [[AndroidDriver: chrome on ANDROID (62e88494c1dbcb366d86a4960534f35b)] -&gt; xpath: .//word], [[AndroidDriver: chrome on ANDROID (62e88494c1dbcb366d86a4960534f35b)] -&gt; xpath: .//word], [[AndroidDriver: chrome on ANDROID (62e88494c1dbcb366d86a4960534f35b)] -&gt; xpath: .//word], [[AndroidDriver: chrome on ANDROID (62e88494c1dbcb366d86a4960534f35b)] -&gt; xpath: .//word], [[AndroidDriver: chrome on ANDROID (62e88494c1dbcb366d86a4960534f35b)] -&gt; xpath: .//word], [[AndroidDriver: chrome on ANDROID (62e88494c1dbcb366d86a4960534f35b)] -&gt; xpath: .//word], [[AndroidDriver: chrome on ANDROID (62e88494c1dbcb366d86a4960534f35b)] -&gt; xpath: .//word], [[AndroidDriver: chrome on ANDROID (62e88494c1dbcb366d86a4960534f35b)] -&gt; xpath: .//word], [[AndroidDriver: chrome on ANDROID (62e88494c1dbcb366d86a4960534f35b)] -&gt; xpath: .//word], [[AndroidDriver: chrome on ANDROID (62e88494c1dbcb366d86a4960534f35b)] -&gt; xpath: .//word], [[AndroidDriver: chrome on ANDROID (62e88494c1dbcb366d86a4960534f35b)] -&gt; xpath: .//word], [[AndroidDriver: chrome on ANDROID (62e88494c1dbcb366d86a4960534f35b)] -&gt; xpath: .//word], [[AndroidDriver: chrome on ANDROID (62e88494c1dbcb366d86a4960534f35b)] -&gt; xpath: .//word], [[AndroidDriver: chrome on ANDROID (62e88494c1dbcb366d86a4960534f35b)] -&gt; xpath: .//word], [[AndroidDriver: chrome on ANDROID (62e88494c1dbcb366d86a4960534f35b)] -&gt; xpath: .//word], [[AndroidDriver: chrome on ANDROID (62e88494c1dbcb366d86a4960534f35b)] -&gt; xpath: .//word], [[AndroidDriver: chrome on ANDROID (62e88494c1dbcb366d86a4960534f35b)] -&gt; xpath: .//word], [[AndroidDriver: chrome on ANDROID (62e88494c1dbcb366d86a4960534f35b)] -&gt; xpath: .//word], [[AndroidDriver: chrome on ANDROID (62e88494c1dbcb366d86a4960534f35b)] -&gt; xpath: .//word], [[AndroidDriver: chrome on ANDROID (62e88494c1dbcb366d86a4960534f35b)] -&gt; xpath: .//word], [[AndroidDriver: chrome on ANDROID (62e88494c1dbcb366d86a4960534f35b)] -&gt; xpath: .//word], [[AndroidDriver: chrome on ANDROID (62e88494c1dbcb366d86a4960534f35b)] -&gt; xpath: .//word], [[AndroidDriver: chrome on ANDROID (62e88494c1dbcb366d86a4960534f35b)] -&gt; xpath: .//word], [[AndroidDriver: chrome on ANDROID (62e88494c1dbcb366d86a4960534f35b)] -&gt; xpath: .//word], [[AndroidDriver: chrome on ANDROID (62e88494c1dbcb366d86a4960534f35b)] -&gt; xpath: .//word], [[AndroidDriver: chrome on ANDROID (62e88494c1dbcb366d86a4960534f35b)] -&gt; xpath: .//word], [[AndroidDriver: chrome on ANDROID (62e88494c1dbcb366d86a4960534f35b)] -&gt; xpath: .//word], [[AndroidDriver: chrome on ANDROID (62e88494c1dbcb366d86a4960534f35b)] -&gt; xpath: .//word], [[AndroidDriver: chrome on ANDROID (62e88494c1dbcb366d86a4960534f35b)] -&gt; xpath: .//word], [[AndroidDriver: chrome on ANDROID (62e88494c1dbcb366d86a4960534f35b)] -&gt; xpath: .//word], [[AndroidDriver: chrome on ANDROID (62e88494c1dbcb366d86a4960534f35b)] -&gt; xpath: .//word], [[AndroidDriver: chrome on ANDROID (62e88494c1dbcb366d86a4960534f35b)] -&gt; xpath: .//word], [[AndroidDriver: chrome on ANDROID (62e88494c1dbcb366d86a4960534f35b)] -&gt; xpath: .//word], [[AndroidDriver: chrome on ANDROID (62e88494c1dbcb366d86a4960534f35b)] -&gt; xpath: .//word], [[AndroidDriver: chrome on ANDROID (62e88494c1dbcb366d86a4960534f35b)] -&gt; xpath: .//word], [[AndroidDriver: chrome on ANDROID (62e88494c1dbcb366d86a4960534f35b)] -&gt; xpath: .//word], [[AndroidDriver: chrome on ANDROID (62e88494c1dbcb366d86a4960534f35b)] -&gt; xpath: .//word], [[AndroidDriver: chrome on ANDROID (62e88494c1dbcb366d86a4960534f35b)] -&gt; xpath: .//word], [[AndroidDriver: chrome on ANDROID (62e88494c1dbcb366d86a4960534f35b)] -&gt; xpath: .//word], [[AndroidDriver: chrome on ANDROID (62e88494c1dbcb366d86a4960534f35b)] -&gt; xpath: .//word], [[AndroidDriver: chrome on ANDROID (62e88494c1dbcb366d86a4960534f35b)] -&gt; xpath: .//word], [[AndroidDriver: chrome on ANDROID (62e88494c1dbcb366d86a4960534f35b)] -&gt; xpath: .//word], [[AndroidDriver: chrome on ANDROID (62e88494c1dbcb366d86a4960534f35b)] -&gt; xpath: .//word], [[AndroidDriver: chrome on ANDROID (62e88494c1dbcb366d86a4960534f35b)] -&gt; xpath: .//word], [[AndroidDriver: chrome on ANDROID (62e88494c1dbcb366d86a4960534f35b)] -&gt; xpath: .//word], [[AndroidDriver: chrome on ANDROID (62e88494c1dbcb366d86a4960534f35b)] -&gt; xpath: .//word], [[AndroidDriver: chrome on ANDROID (62e88494c1dbcb366d86a4960534f35b)] -&gt; xpath: .//word], [[AndroidDriver: chrome on ANDROID (62e88494c1dbcb366d86a4960534f35b)] -&gt; xpath: .//word], [[AndroidDriver: chrome on ANDROID (62e88494c1dbcb366d86a4960534f35b)] -&gt; xpath: .//word], [[AndroidDriver: chrome on ANDROID (62e88494c1dbcb366d86a4960534f35b)] -&gt; xpath: .//word], [[AndroidDriver: chrome on ANDROID (62e88494c1dbcb366d86a4960534f35b)] -&gt; xpath: .//word], [[AndroidDriver: chrome on ANDROID (62e88494c1dbcb366d86a4960534f35b)] -&gt; xpath: .//word], [[AndroidDriver: chrome on ANDROID (62e88494c1dbcb366d86a4960534f35b)] -&gt; xpath: .//word], [[AndroidDriver: chrome on ANDROID (62e88494c1dbcb366d86a4960534f35b)] -&gt; xpath: .//word], [[AndroidDriver: chrome on ANDROID (62e88494c1dbcb366d86a4960534f35b)] -&gt; xpath: .//word], [[AndroidDriver: chrome on ANDROID (62e88494c1dbcb366d86a4960534f35b)] -&gt; xpath: .//word], [[AndroidDriver: chrome on ANDROID (62e88494c1dbcb366d86a4960534f35b)] -&gt; xpath: .//word], [[AndroidDriver: chrome on ANDROID (62e88494c1dbcb366d86a4960534f35b)] -&gt; xpath: .//word], [[AndroidDriver: chrome on ANDROID (62e88494c1dbcb366d86a4960534f35b)] -&gt; xpath: .//word], [[AndroidDriver: chrome on ANDROID (62e88494c1dbcb366d86a4960534f35b)] -&gt; xpath: .//word], [[AndroidDriver: chrome on ANDROID (62e88494c1dbcb366d86a4960534f35b)] -&gt; xpath: .//word], [[AndroidDriver: chrome on ANDROID (62e88494c1dbcb366d86a4960534f35b)] -&gt; xpath: .//word], [[AndroidDriver: chrome on ANDROID (62e88494c1dbcb366d86a4960534f35b)] -&gt; xpath: .//word], [[AndroidDriver: chrome on ANDROID (62e88494c1dbcb366d86a4960534f35b)] -&gt; xpath: .//word], [[AndroidDriver: chrome on ANDROID (62e88494c1dbcb366d86a4960534f35b)] -&gt; xpath: .//word], [[AndroidDriver: chrome on ANDROID (62e88494c1dbcb366d86a4960534f35b)] -&gt; xpath: .//word], [[AndroidDriver: chrome on ANDROID (62e88494c1dbcb366d86a4960534f35b)] -&gt; xpath: .//word], [[AndroidDriver: chrome on ANDROID (62e88494c1dbcb366d86a4960534f35b)] -&gt; xpath: .//word], [[AndroidDriver: chrome on ANDROID (62e88494c1dbcb366d86a4960534f35b)] -&gt; xpath: .//word], [[AndroidDriver: chrome on ANDROID (62e88494c1dbcb366d86a4960534f35b)] -&gt; xpath: .//word], [[AndroidDriver: chrome on ANDROID (62e88494c1dbcb366d86a4960534f35b)] -&gt; xpath: .//word], [[AndroidDriver: chrome on ANDROID (62e88494c1dbcb366d86a4960534f35b)] -&gt; xpath: .//word], [[AndroidDriver: chrome on ANDROID (62e88494c1dbcb366d86a4960534f35b)] -&gt; xpath: .//word], [[AndroidDriver: chrome on ANDROID (62e88494c1dbcb366d86a4960534f35b)] -&gt; xpath: .//word], [[AndroidDriver: chrome on ANDROID (62e88494c1dbcb366d86a4960534f35b)] -&gt; xpath: .//word], [[AndroidDriver: chrome on ANDROID (62e88494c1dbcb366d86a4960534f35b)] -&gt; xpath: .//word], [[AndroidDriver: chrome on ANDROID (62e88494c1dbcb366d86a4960534f35b)] -&gt; xpath: .//word], [[AndroidDriver: chrome on ANDROID (62e88494c1dbcb366d86a4960534f35b)] -&gt; xpath: .//word], [[AndroidDriver: chrome on ANDROID (62e88494c1dbcb366d86a4960534f35b)] -&gt; xpath: .//word], [[AndroidDriver: chrome on ANDROID (62e88494c1dbcb366d86a4960534f35b)] -&gt; xpath: .//word], [[AndroidDriver: chrome on ANDROID (62e88494c1dbcb366d86a4960534f35b)] -&gt; xpath: .//word], [[AndroidDriver: chrome on ANDROID (62e88494c1dbcb366d86a4960534f35b)] -&gt; xpath: .//word], [[AndroidDriver: chrome on ANDROID (62e88494c1dbcb366d86a4960534f35b)] -&gt; xpath: .//word], [[AndroidDriver: chrome on ANDROID (62e88494c1dbcb366d86a4960534f35b)] -&gt; xpath: .//word], [[AndroidDriver: chrome on ANDROID (62e88494c1dbcb366d86a4960534f35b)] -&gt; xpath: .//word], [[AndroidDriver: chrome on ANDROID (62e88494c1dbcb366d86a4960534f35b)] -&gt; xpath: .//word], [[AndroidDriver: chrome on ANDROID (62e88494c1dbcb366d86a4960534f35b)] -&gt; xpath: .//word], [[AndroidDriver: chrome on ANDROID (62e88494c1dbcb366d86a4960534f35b)] -&gt; xpath: .//word], [[AndroidDriver: chrome on ANDROID (62e88494c1dbcb366d86a4960534f35b)] -&gt; xpath: .//word], [[AndroidDriver: chrome on ANDROID (62e88494c1dbcb366d86a4960534f35b)] -&gt; xpath: .//word], [[AndroidDriver: chrome on ANDROID (62e88494c1dbcb366d86a4960534f35b)] -&gt; xpath: .//word], [[AndroidDriver: chrome on ANDROID (62e88494c1dbcb366d86a4960534f35b)] -&gt; xpath: .//word], [[AndroidDriver: chrome on ANDROID (62e88494c1dbcb366d86a4960534f35b)] -&gt; xpath: .//word], [[AndroidDriver: chrome on ANDROID (62e88494c1dbcb366d86a4960534f35b)] -&gt; xpath: .//word], [[AndroidDriver: chrome on ANDROID (62e88494c1dbcb366d86a4960534f35b)] -&gt; xpath: .//word], [[AndroidDriver: chrome on ANDROID (62e88494c1dbcb366d86a4960534f35b)] -&gt; xpath: .//word], [[AndroidDriver: chrome on ANDROID (62e88494c1dbcb366d86a4960534f35b)] -&gt; xpath: .//word], [[AndroidDriver: chrome on ANDROID (62e88494c1dbcb366d86a4960534f35b)] -&gt; xpath: .//word], [[AndroidDriver: chrome on ANDROID (62e88494c1dbcb366d86a4960534f35b)] -&gt; xpath: .//word], [[AndroidDriver: chrome on ANDROID (62e88494c1dbcb366d86a4960534f35b)] -&gt; xpath: .//word], [[AndroidDriver: chrome on ANDROID (62e88494c1dbcb366d86a4960534f35b)] -&gt; xpath: .//word], [[AndroidDriver: chrome on ANDROID (62e88494c1dbcb366d86a4960534f35b)] -&gt; xpath: .//word], [[AndroidDriver: chrome on ANDROID (62e88494c1dbcb366d86a4960534f35b)] -&gt; xpath: .//word], [[AndroidDriver: chrome on ANDROID (62e88494c1dbcb366d86a4960534f35b)] -&gt; xpath: .//word], [[AndroidDriver: chrome on ANDROID (62e88494c1dbcb366d86a4960534f35b)] -&gt; xpath: .//word], [[AndroidDriver: chrome on ANDROID (62e88494c1dbcb366d86a4960534f35b)] -&gt; xpath: .//word], [[AndroidDriver: chrome on ANDROID (62e88494c1dbcb366d86a4960534f35b)] -&gt; xpath: .//word], [[AndroidDriver: chrome on ANDROID (62e88494c1dbcb366d86a4960534f35b)] -&gt; xpath: .//word], [[AndroidDriver: chrome on ANDROID (62e88494c1dbcb366d86a4960534f35b)] -&gt; xpath: .//word], [[AndroidDriver: chrome on ANDROID (62e88494c1dbcb366d86a4960534f35b)] -&gt; xpath: .//word], [[AndroidDriver: chrome on ANDROID (62e88494c1dbcb366d86a4960534f35b)] -&gt; xpath: .//word], [[AndroidDriver: chrome on ANDROID (62e88494c1dbcb366d86a4960534f35b)] -&gt; xpath: .//word], [[AndroidDriver: chrome on ANDROID (62e88494c1dbcb366d86a4960534f35b)] -&gt; xpath: .//word], [[AndroidDriver: chrome on ANDROID (62e88494c1dbcb366d86a4960534f35b)] -&gt; xpath: .//word], [[AndroidDriver: chrome on ANDROID (62e88494c1dbcb366d86a4960534f35b)] -&gt; xpath: .//word], [[AndroidDriver: chrome on ANDROID (62e88494c1dbcb366d86a4960534f35b)] -&gt; xpath: .//word], [[AndroidDriver: chrome on ANDROID (62e88494c1dbcb366d86a4960534f35b)] -&gt; xpath: .//word], [[AndroidDriver: chrome on ANDROID (62e88494c1dbcb366d86a4960534f35b)] -&gt; xpath: .//word], [[AndroidDriver: chrome on ANDROID (62e88494c1dbcb366d86a4960534f35b)] -&gt; xpath: .//word], [[AndroidDriver: chrome on ANDROID (62e88494c1dbcb366d86a4960534f35b)] -&gt; xpath: .//word], [[AndroidDriver: chrome on ANDROID (62e88494c1dbcb366d86a4960534f35b)] -&gt; xpath: .//word], [[AndroidDriver: chrome on ANDROID (62e88494c1dbcb366d86a4960534f35b)] -&gt; xpath: .//word], [[AndroidDriver: chrome on ANDROID (62e88494c1dbcb366d86a4960534f35b)] -&gt; xpath: .//word], [[AndroidDriver: chrome on ANDROID (62e88494c1dbcb366d86a4960534f35b)] -&gt; xpath: .//word], [[AndroidDriver: chrome on ANDROID (62e88494c1dbcb366d86a4960534f35b)] -&gt; xpath: .//word], [[AndroidDriver: chrome on ANDROID (62e88494c1dbcb366d86a4960534f35b)] -&gt; xpath: .//word], [[AndroidDriver: chrome on ANDROID (62e88494c1dbcb366d86a4960534f35b)] -&gt; xpath: .//word], [[AndroidDriver: chrome on ANDROID (62e88494c1dbcb366d86a4960534f35b)] -&gt; xpath: .//word], [[AndroidDriver: chrome on ANDROID (62e88494c1dbcb366d86a4960534f35b)] -&gt; xpath: .//word], [[AndroidDriver: chrome on ANDROID (62e88494c1dbcb366d86a4960534f35b)] -&gt; xpath: .//word], [[AndroidDriver: chrome on ANDROID (62e88494c1dbcb366d86a4960534f35b)] -&gt; xpath: .//word], [[AndroidDriver: chrome on ANDROID (62e88494c1dbcb366d86a4960534f35b)] -&gt; xpath: .//word], [[AndroidDriver: chrome on ANDROID (62e88494c1dbcb366d86a4960534f35b)] -&gt; xpath: .//word], [[AndroidDriver: chrome on ANDROID (62e88494c1dbcb366d86a4960534f35b)] -&gt; xpath: .//word], [[AndroidDriver: chrome on ANDROID (62e88494c1dbcb366d86a4960534f35b)] -&gt; xpath: .//word], [[AndroidDriver: chrome on ANDROID (62e88494c1dbcb366d86a4960534f35b)] -&gt; xpath: .//word], [[AndroidDriver: chrome on ANDROID (62e88494c1dbcb366d86a4960534f35b)] -&gt; xpath: .//word], [[AndroidDriver: chrome on ANDROID (62e88494c1dbcb366d86a4960534f35b)] -&gt; xpath: .//word], [[AndroidDriver: chrome on ANDROID (62e88494c1dbcb366d86a4960534f35b)] -&gt; xpath: .//word], [[AndroidDriver: chrome on ANDROID (62e88494c1dbcb366d86a4960534f35b)] -&gt; xpath: .//word], [[AndroidDriver: chrome on ANDROID (62e88494c1dbcb366d86a4960534f35b)] -&gt; xpath: .//word], [[AndroidDriver: chrome on ANDROID (62e88494c1dbcb366d86a4960534f35b)] -&gt; xpath: .//word], [[AndroidDriver: chrome on ANDROID (62e88494c1dbcb366d86a4960534f35b)] -&gt; xpath: .//word], [[AndroidDriver: chrome on ANDROID (62e88494c1dbcb366d86a4960534f35b)] -&gt; xpath: .//word], [[AndroidDriver: chrome on ANDROID (62e88494c1dbcb366d86a4960534f35b)] -&gt; xpath: .//word], [[AndroidDriver: chrome on ANDROID (62e88494c1dbcb366d86a4960534f35b)] -&gt; xpath: .//word], [[AndroidDriver: chrome on ANDROID (62e88494c1dbcb366d86a4960534f35b)] -&gt; xpath: .//word], [[AndroidDriver: chrome on ANDROID (62e88494c1dbcb366d86a4960534f35b)] -&gt; xpath: .//word], [[AndroidDriver: chrome on ANDROID (62e88494c1dbcb366d86a4960534f35b)] -&gt; xpath: .//word], [[AndroidDriver: chrome on ANDROID (62e88494c1dbcb366d86a4960534f35b)] -&gt; xpath: .//word], [[AndroidDriver: chrome on ANDROID (62e88494c1dbcb366d86a4960534f35b)] -&gt; xpath: .//word], [[AndroidDriver: chrome on ANDROID (62e88494c1dbcb366d86a4960534f35b)] -&gt; xpath: .//word], [[AndroidDriver: chrome on ANDROID (62e88494c1dbcb366d86a4960534f35b)] -&gt; xpath: .//word], [[AndroidDriver: chrome on ANDROID (62e88494c1dbcb366d86a4960534f35b)] -&gt; xpath: .//word], [[AndroidDriver: chrome on ANDROID (62e88494c1dbcb366d86a4960534f35b)] -&gt; xpath: .//word], [[AndroidDriver: chrome on ANDROID (62e88494c1dbcb366d86a4960534f35b)] -&gt; xpath: .//word], [[AndroidDriver: chrome on ANDROID (62e88494c1dbcb366d86a4960534f35b)] -&gt; xpath: .//word], [[AndroidDriver: chrome on ANDROID (62e88494c1dbcb366d86a4960534f35b)] -&gt; xpath: .//word], [[AndroidDriver: chrome on ANDROID (62e88494c1dbcb366d86a4960534f35b)] -&gt; xpath: .//word], [[AndroidDriver: chrome on ANDROID (62e88494c1dbcb366d86a4960534f35b)] -&gt; xpath: .//word], [[AndroidDriver: chrome on ANDROID (62e88494c1dbcb366d86a4960534f35b)] -&gt; xpath: .//word], [[AndroidDriver: chrome on ANDROID (62e88494c1dbcb366d86a4960534f35b)] -&gt; xpath: .//word], [[AndroidDriver: chrome on ANDROID (62e88494c1dbcb366d86a4960534f35b)] -&gt; xpath: .//word], [[AndroidDriver: chrome on ANDROID (62e88494c1dbcb366d86a4960534f35b)] -&gt; xpath: .//word], [[AndroidDriver: chrome on ANDROID (62e88494c1dbcb366d86a4960534f35b)] -&gt; xpath: .//word], [[AndroidDriver: chrome on ANDROID (62e88494c1dbcb366d86a4960534f35b)] -&gt; xpath: .//word], [[AndroidDriver: chrome on ANDROID (62e88494c1dbcb366d86a4960534f35b)] -&gt; xpath: .//word], [[AndroidDriver: chrome on ANDROID (62e88494c1dbcb366d86a4960534f35b)] -&gt; xpath: .//word], [[AndroidDriver: chrome on ANDROID (62e88494c1dbcb366d86a4960534f35b)] -&gt; xpath: .//word], [[AndroidDriver: chrome on ANDROID (62e88494c1dbcb366d86a4960534f35b)] -&gt; xpath: .//word], [[AndroidDriver: chrome on ANDROID (62e88494c1dbcb366d86a4960534f35b)] -&gt; xpath: .//word], [[AndroidDriver: chrome on ANDROID (62e88494c1dbcb366d86a4960534f35b)] -&gt; xpath: .//word], [[AndroidDriver: chrome on ANDROID (62e88494c1dbcb366d86a4960534f35b)] -&gt; xpath: .//word], [[AndroidDriver: chrome on ANDROID (62e88494c1dbcb366d86a4960534f35b)] -&gt; xpath: .//word], [[AndroidDriver: chrome on ANDROID (62e88494c1dbcb366d86a4960534f35b)] -&gt; xpath: .//word], [[AndroidDriver: chrome on ANDROID (62e88494c1dbcb366d86a4960534f35b)] -&gt; xpath: .//word], [[AndroidDriver: chrome on ANDROID (62e88494c1dbcb366d86a4960534f35b)] -&gt; xpath: .//word], [[AndroidDriver: chrome on ANDROID (62e88494c1dbcb366d86a4960534f35b)] -&gt; xpath: .//word], [[AndroidDriver: chrome on ANDROID (62e88494c1dbcb366d86a4960534f35b)] -&gt; xpath: .//word], [[AndroidDriver: chrome on ANDROID (62e88494c1dbcb366d86a4960534f35b)] -&gt; xpath: .//word], [[AndroidDriver: chrome on ANDROID (62e88494c1dbcb366d86a4960534f35b)] -&gt; xpath: .//word], [[AndroidDriver: chrome on ANDROID (62e88494c1dbcb366d86a4960534f35b)] -&gt; xpath: .//word], [[AndroidDriver: chrome on ANDROID (62e88494c1dbcb366d86a4960534f35b)] -&gt; xpath: .//word], [[AndroidDriver: chrome on ANDROID (62e88494c1dbcb366d86a4960534f35b)] -&gt; xpath: .//word], [[AndroidDriver: chrome on ANDROID (62e88494c1dbcb366d86a4960534f35b)] -&gt; xpath: .//word], [[AndroidDriver: chrome on ANDROID (62e88494c1dbcb366d86a4960534f35b)] -&gt; xpath: .//word], [[AndroidDriver: chrome on ANDROID (62e88494c1dbcb366d86a4960534f35b)] -&gt; xpath: .//word], [[AndroidDriver: chrome on ANDROID (62e88494c1dbcb366d86a4960534f35b)] -&gt; xpath: .//word], [[AndroidDriver: chrome on ANDROID (62e88494c1dbcb366d86a4960534f35b)] -&gt; xpath: .//word], [[AndroidDriver: chrome on ANDROID (62e88494c1dbcb366d86a4960534f35b)] -&gt; xpath: .//word], [[AndroidDriver: chrome on ANDROID (62e88494c1dbcb366d86a4960534f35b)] -&gt; xpath: .//word], [[AndroidDriver: chrome on ANDROID (62e88494c1dbcb366d86a4960534f35b)] -&gt; xpath: .//word], [[AndroidDriver: chrome on ANDROID (62e88494c1dbcb366d86a4960534f35b)] -&gt; xpath: .//word], [[AndroidDriver: chrome on ANDROID (62e88494c1dbcb366d86a4960534f35b)] -&gt; xpath: .//word], [[AndroidDriver: chrome on ANDROID (62e88494c1dbcb366d86a4960534f35b)] -&gt; xpath: .//word], [[AndroidDriver: chrome on ANDROID (62e88494c1dbcb366d86a4960534f35b)] -&gt; xpath: .//word], [[AndroidDriver: chrome on ANDROID (62e88494c1dbcb366d86a4960534f35b)] -&gt; xpath: .//word], [[AndroidDriver: chrome on ANDROID (62e88494c1dbcb366d86a4960534f35b)] -&gt; xpath: .//word], [[AndroidDriver: chrome on ANDROID (62e88494c1dbcb366d86a4960534f35b)] -&gt; xpath: .//word], [[AndroidDriver: chrome on ANDROID (62e88494c1dbcb366d86a4960534f35b)] -&gt; xpath: .//word], [[AndroidDriver: chrome on ANDROID (62e88494c1dbcb366d86a4960534f35b)] -&gt; xpath: .//word], [[AndroidDriver: chrome on ANDROID (62e88494c1dbcb366d86a4960534f35b)] -&gt; xpath: .//word], [[AndroidDriver: chrome on ANDROID (62e88494c1dbcb366d86a4960534f35b)] -&gt; xpath: .//word], [[AndroidDriver: chrome on ANDROID (62e88494c1dbcb366d86a4960534f35b)] -&gt; xpath: .//word], [[AndroidDriver: chrome on ANDROID (62e88494c1dbcb366d86a4960534f35b)] -&gt; xpath: .//word], [[AndroidDriver: chrome on ANDROID (62e88494c1dbcb366d86a4960534f35b)] -&gt; xpath: .//word], [[AndroidDriver: chrome on ANDROID (62e88494c1dbcb366d86a4960534f35b)] -&gt; xpath: .//word], [[AndroidDriver: chrome on ANDROID (62e88494c1dbcb366d86a4960534f35b)] -&gt; xpath: .//word], [[AndroidDriver: chrome on ANDROID (62e88494c1dbcb366d86a4960534f35b)] -&gt; xpath: .//word], [[AndroidDriver: chrome on ANDROID (62e88494c1dbcb366d86a4960534f35b)] -&gt; xpath: .//word], [[AndroidDriver: chrome on ANDROID (62e88494c1dbcb366d86a4960534f35b)] -&gt; xpath: .//word], [[AndroidDriver: chrome on ANDROID (62e88494c1dbcb366d86a4960534f35b)] -&gt; xpath: .//word], [[AndroidDriver: chrome on ANDROID (62e88494c1dbcb366d86a4960534f35b)] -&gt; xpath: .//word], [[AndroidDriver: chrome on ANDROID (62e88494c1dbcb366d86a4960534f35b)] -&gt; xpath: .//word], [[AndroidDriver: chrome on ANDROID (62e88494c1dbcb366d86a4960534f35b)] -&gt; xpath: .//word], [[AndroidDriver: chrome on ANDROID (62e88494c1dbcb366d86a4960534f35b)] -&gt; xpath: .//word], [[AndroidDriver: chrome on ANDROID (62e88494c1dbcb366d86a4960534f35b)] -&gt; xpath: .//word], [[AndroidDriver: chrome on ANDROID (62e88494c1dbcb366d86a4960534f35b)] -&gt; xpath: .//word], [[AndroidDriver: chrome on ANDROID (62e88494c1dbcb366d86a4960534f35b)] -&gt; xpath: .//word], [[AndroidDriver: chrome on ANDROID (62e88494c1dbcb366d86a4960534f35b)] -&gt; xpath: .//word], [[AndroidDriver: chrome on ANDROID (62e88494c1dbcb366d86a4960534f35b)] -&gt; xpath: .//word], [[AndroidDriver: chrome on ANDROID (62e88494c1dbcb366d86a4960534f35b)] -&gt; xpath: .//word], [[AndroidDriver: chrome on ANDROID (62e88494c1dbcb366d86a4960534f35b)] -&gt; xpath: .//word], [[AndroidDriver: chrome on ANDROID (62e88494c1dbcb366d86a4960534f35b)] -&gt; xpath: .//word], [[AndroidDriver: chrome on ANDROID (62e88494c1dbcb366d86a4960534f35b)] -&gt; xpath: .//word], [[AndroidDriver: chrome on ANDROID (62e88494c1dbcb366d86a4960534f35b)] -&gt; xpath: .//word], [[AndroidDriver: chrome on ANDROID (62e88494c1dbcb366d86a4960534f35b)] -&gt; xpath: .//word], [[AndroidDriver: chrome on ANDROID (62e88494c1dbcb366d86a4960534f35b)] -&gt; xpath: .//word], [[AndroidDriver: chrome on ANDROID (62e88494c1dbcb366d86a4960534f35b)] -&gt; xpath: .//word], [[AndroidDriver: chrome on ANDROID (62e88494c1dbcb366d86a4960534f35b)] -&gt; xpath: .//word], [[AndroidDriver: chrome on ANDROID (62e88494c1dbcb366d86a4960534f35b)] -&gt; xpath: .//word], [[AndroidDriver: chrome on ANDROID (62e88494c1dbcb366d86a4960534f35b)] -&gt; xpath: .//word], [[AndroidDriver: chrome on ANDROID (62e88494c1dbcb366d86a4960534f35b)] -&gt; xpath: .//word], [[AndroidDriver: chrome on ANDROID (62e88494c1dbcb366d86a4960534f35b)] -&gt; xpath: .//word], [[AndroidDriver: chrome on ANDROID (62e88494c1dbcb366d86a4960534f35b)] -&gt; xpath: .//word], [[AndroidDriver: chrome on ANDROID (62e88494c1dbcb366d86a4960534f35b)] -&gt; xpath: .//word], [[AndroidDriver: chrome on ANDROID (62e88494c1dbcb366d86a4960534f35b)] -&gt; xpath: .//word], [[AndroidDriver: chrome on ANDROID (62e88494c1dbcb366d86a4960534f35b)] -&gt; xpath: .//word], [[AndroidDriver: chrome on ANDROID (62e88494c1dbcb366d86a4960534f35b)] -&gt; xpath: .//word], [[AndroidDriver: chrome on ANDROID (62e88494c1dbcb366d86a4960534f35b)] -&gt; xpath: .//word], [[AndroidDriver: chrome on ANDROID (62e88494c1dbcb366d86a4960534f35b)] -&gt; xpath: .//word], [[AndroidDriver: chrome on ANDROID (62e88494c1dbcb366d86a4960534f35b)] -&gt; xpath: .//word], [[AndroidDriver: chrome on ANDROID (62e88494c1dbcb366d86a4960534f35b)] -&gt; xpath: .//word], [[AndroidDriver: chrome on ANDROID (62e88494c1dbcb366d86a4960534f35b)] -&gt; xpath: .//word], [[AndroidDriver: chrome on ANDROID (62e88494c1dbcb366d86a4960534f35b)] -&gt; xpath: .//word], [[AndroidDriver: chrome on ANDROID (62e88494c1dbcb366d86a4960534f35b)] -&gt; xpath: .//word], [[AndroidDriver: chrome on ANDROID (62e88494c1dbcb366d86a4960534f35b)] -&gt; xpath: .//word], [[AndroidDriver: chrome on ANDROID (62e88494c1dbcb366d86a4960534f35b)] -&gt; xpath: .//word], [[AndroidDriver: chrome on ANDROID (62e88494c1dbcb366d86a4960534f35b)] -&gt; xpath: .//word], [[AndroidDriver: chrome on ANDROID (62e88494c1dbcb366d86a4960534f35b)] -&gt; xpath: .//word], [[AndroidDriver: chrome on ANDROID (62e88494c1dbcb366d86a4960534f35b)] -&gt; xpath: .//word], [[AndroidDriver: chrome on ANDROID (62e88494c1dbcb366d86a4960534f35b)] -&gt; xpath: .//word], [[AndroidDriver: chrome on ANDROID (62e88494c1dbcb366d86a4960534f35b)] -&gt; xpath: .//word], [[AndroidDriver: chrome on ANDROID (62e88494c1dbcb366d86a4960534f35b)] -&gt; xpath: .//word], [[AndroidDriver: chrome on ANDROID (62e88494c1dbcb366d86a4960534f35b)] -&gt; xpath: .//word], [[AndroidDriver: chrome on ANDROID (62e88494c1dbcb366d86a4960534f35b)] -&gt; xpath: .//word], [[AndroidDriver: chrome on ANDROID (62e88494c1dbcb366d86a4960534f35b)] -&gt; xpath: .//word], [[AndroidDriver: chrome on ANDROID (62e88494c1dbcb366d86a4960534f35b)] -&gt; xpath: .//word], [[AndroidDriver: chrome on ANDROID (62e88494c1dbcb366d86a4960534f35b)] -&gt; xpath: .//word], [[AndroidDriver: chrome on ANDROID (62e88494c1dbcb366d86a4960534f35b)] -&gt; xpath: .//word], [[AndroidDriver: chrome on ANDROID (62e88494c1dbcb366d86a4960534f35b)] -&gt; xpath: .//word], [[AndroidDriver: chrome on ANDROID (62e88494c1dbcb366d86a4960534f35b)] -&gt; xpath: .//word], [[AndroidDriver: chrome on ANDROID (62e88494c1dbcb366d86a4960534f35b)] -&gt; xpath: .//word], [[AndroidDriver: chrome on ANDROID (62e88494c1dbcb366d86a4960534f35b)] -&gt; xpath: .//word], [[AndroidDriver: chrome on ANDROID (62e88494c1dbcb366d86a4960534f35b)] -&gt; xpath: .//word], [[AndroidDriver: chrome on ANDROID (62e88494c1dbcb366d86a4960534f35b)] -&gt; xpath: .//word], [[AndroidDriver: chrome on ANDROID (62e88494c1dbcb366d86a4960534f35b)] -&gt; xpath: .//word], [[AndroidDriver: chrome on ANDROID (62e88494c1dbcb366d86a4960534f35b)] -&gt; xpath: .//word], [[AndroidDriver: chrome on ANDROID (62e88494c1dbcb366d86a4960534f35b)] -&gt; xpath: .//word], [[AndroidDriver: chrome on ANDROID (62e88494c1dbcb366d86a4960534f35b)] -&gt; xpath: .//word], [[AndroidDriver: chrome on ANDROID (62e88494c1dbcb366d86a4960534f35b)] -&gt; xpath: .//word], [[AndroidDriver: chrome on ANDROID (62e88494c1dbcb366d86a4960534f35b)] -&gt; xpath: .//word], [[AndroidDriver: chrome on ANDROID (62e88494c1dbcb366d86a4960534f35b)] -&gt; xpath: .//word], [[AndroidDriver: chrome on ANDROID (62e88494c1dbcb366d86a4960534f35b)] -&gt; xpath: .//word], [[AndroidDriver: chrome on ANDROID (62e88494c1dbcb366d86a4960534f35b)] -&gt; xpath: .//word], [[AndroidDriver: chrome on ANDROID (62e88494c1dbcb366d86a4960534f35b)] -&gt; xpath: .//word], [[AndroidDriver: chrome on ANDROID (62e88494c1dbcb366d86a4960534f35b)] -&gt; xpath: .//word], [[AndroidDriver: chrome on ANDROID (62e88494c1dbcb366d86a4960534f35b)] -&gt; xpath: .//word], [[AndroidDriver: chrome on ANDROID (62e88494c1dbcb366d86a4960534f35b)] -&gt; xpath: .//word], [[AndroidDriver: chrome on ANDROID (62e88494c1dbcb366d86a4960534f35b)] -&gt; xpath: .//word], [[AndroidDriver: chrome on ANDROID (62e88494c1dbcb366d86a4960534f35b)] -&gt; xpath: .//word], [[AndroidDriver: chrome on ANDROID (62e88494c1dbcb366d86a4960534f35b)] -&gt; xpath: .//word], [[AndroidDriver: chrome on ANDROID (62e88494c1dbcb366d86a4960534f35b)] -&gt; xpath: .//word], [[AndroidDriver: chrome on ANDROID (62e88494c1dbcb366d86a4960534f35b)] -&gt; xpath: .//word], [[AndroidDriver: chrome on ANDROID (62e88494c1dbcb366d86a4960534f35b)] -&gt; xpath: .//word], [[AndroidDriver: chrome on ANDROID (62e88494c1dbcb366d86a4960534f35b)] -&gt; xpath: .//word], [[AndroidDriver: chrome on ANDROID (62e88494c1dbcb366d86a4960534f35b)] -&gt; xpath: .//word], [[AndroidDriver: chrome on ANDROID (62e88494c1dbcb366d86a4960534f35b)] -&gt; xpath: .//word], [[AndroidDriver: chrome on ANDROID (62e88494c1dbcb366d86a4960534f35b)] -&gt; xpath: .//word], [[AndroidDriver: chrome on ANDROID (62e88494c1dbcb366d86a4960534f35b)] -&gt; xpath: .//word], [[AndroidDriver: chrome on ANDROID (62e88494c1dbcb366d86a4960534f35b)] -&gt; xpath: .//word], [[AndroidDriver: chrome on ANDROID (62e88494c1dbcb366d86a4960534f35b)] -&gt; xpath: .//word], [[AndroidDriver: chrome on ANDROID (62e88494c1dbcb366d86a4960534f35b)] -&gt; xpath: .//word], [[AndroidDriver: chrome on ANDROID (62e88494c1dbcb366d86a4960534f35b)] -&gt; xpath: .//word], [[AndroidDriver: chrome on ANDROID (62e88494c1dbcb366d86a4960534f35b)] -&gt; xpath: .//word], [[AndroidDriver: chrome on ANDROID (62e88494c1dbcb366d86a4960534f35b)] -&gt; xpath: .//word], [[AndroidDriver: chrome on ANDROID (62e88494c1dbcb366d86a4960534f35b)] -&gt; xpath: .//word], [[AndroidDriver: chrome on ANDROID (62e88494c1dbcb366d86a4960534f35b)] -&gt; xpath: .//word], [[AndroidDriver: chrome on ANDROID (62e88494c1dbcb366d86a4960534f35b)] -&gt; xpath: .//word], [[AndroidDriver: chrome on ANDROID (62e88494c1dbcb366d86a4960534f35b)] -&gt; xpath: .//word], [[AndroidDriver: chrome on ANDROID (62e88494c1dbcb366d86a4960534f35b)] -&gt; xpath: .//word], [[AndroidDriver: chrome on ANDROID (62e88494c1dbcb366d86a4960534f35b)] -&gt; xpath: .//word], [[AndroidDriver: chrome on ANDROID (62e88494c1dbcb366d86a4960534f35b)] -&gt; xpath: .//word], [[AndroidDriver: chrome on ANDROID (62e88494c1dbcb366d86a4960534f35b)] -&gt; xpath: .//word], [[AndroidDriver: chrome on ANDROID (62e88494c1dbcb366d86a4960534f35b)] -&gt; xpath: .//word], [[AndroidDriver: chrome on ANDROID (62e88494c1dbcb366d86a4960534f35b)] -&gt; xpath: .//word], [[AndroidDriver: chrome on ANDROID (62e88494c1dbcb366d86a4960534f35b)] -&gt; xpath: .//word], [[AndroidDriver: chrome on ANDROID (62e88494c1dbcb366d86a4960534f35b)] -&gt; xpath: .//word], [[AndroidDriver: chrome on ANDROID (62e88494c1dbcb366d86a4960534f35b)] -&gt; xpath: .//word], [[AndroidDriver: chrome on ANDROID (62e88494c1dbcb366d86a4960534f35b)] -&gt; xpath: .//word], [[AndroidDriver: chrome on ANDROID (62e88494c1dbcb366d86a4960534f35b)] -&gt; xpath: .//word], [[AndroidDriver: chrome on ANDROID (62e88494c1dbcb366d86a4960534f35b)] -&gt; xpath: .//word], [[AndroidDriver: chrome on ANDROID (62e88494c1dbcb366d86a4960534f35b)] -&gt; xpath: .//word], [[AndroidDriver: chrome on ANDROID (62e88494c1dbcb366d86a4960534f35b)] -&gt; xpath: .//word], [[AndroidDriver: chrome on ANDROID (62e88494c1dbcb366d86a4960534f35b)] -&gt; xpath: .//word], [[AndroidDriver: chrome on ANDROID (62e88494c1dbcb366d86a4960534f35b)] -&gt; xpath: .//word], [[AndroidDriver: chrome on ANDROID (62e88494c1dbcb366d86a4960534f35b)] -&gt; xpath: .//word], [[AndroidDriver: chrome on ANDROID (62e88494c1dbcb366d86a4960534f35b)] -&gt; xpath: .//word], [[AndroidDriver: chrome on ANDROID (62e88494c1dbcb366d86a4960534f35b)] -&gt; xpath: .//word], [[AndroidDriver: chrome on ANDROID (62e88494c1dbcb366d86a4960534f35b)] -&gt; xpath: .//word], [[AndroidDriver: chrome on ANDROID (62e88494c1dbcb366d86a4960534f35b)] -&gt; xpath: .//word], [[AndroidDriver: chrome on ANDROID (62e88494c1dbcb366d86a4960534f35b)] -&gt; xpath: .//word], [[AndroidDriver: chrome on ANDROID (62e88494c1dbcb366d86a4960534f35b)] -&gt; xpath: .//word], [[AndroidDriver: chrome on ANDROID (62e88494c1dbcb366d86a4960534f35b)] -&gt; xpath: .//word], [[AndroidDriver: chrome on ANDROID (62e88494c1dbcb366d86a4960534f35b)] -&gt; xpath: .//word], [[AndroidDriver: chrome on ANDROID (62e88494c1dbcb366d86a4960534f35b)] -&gt; xpath: .//word], [[AndroidDriver: chrome on ANDROID (62e88494c1dbcb366d86a4960534f35b)] -&gt; xpath: .//word], [[AndroidDriver: chrome on ANDROID (62e88494c1dbcb366d86a4960534f35b)] -&gt; xpath: .//word], [[AndroidDriver: chrome on ANDROID (62e88494c1dbcb366d86a4960534f35b)] -&gt; xpath: .//word], [[AndroidDriver: chrome on ANDROID (62e88494c1dbcb366d86a4960534f35b)] -&gt; xpath: .//word], [[AndroidDriver: chrome on ANDROID (62e88494c1dbcb366d86a4960534f35b)] -&gt; xpath: .//word], [[AndroidDriver: chrome on ANDROID (62e88494c1dbcb366d86a4960534f35b)] -&gt; xpath: .//word], [[AndroidDriver: chrome on ANDROID (62e88494c1dbcb366d86a4960534f35b)] -&gt; xpath: .//word], [[AndroidDriver: chrome on ANDROID (62e88494c1dbcb366d86a4960534f35b)] -&gt; xpath: .//word], [[AndroidDriver: chrome on ANDROID (62e88494c1dbcb366d86a4960534f35b)] -&gt; xpath: .//word], [[AndroidDriver: chrome on ANDROID (62e88494c1dbcb366d86a4960534f35b)] -&gt; xpath: .//word], [[AndroidDriver: chrome on ANDROID (62e88494c1dbcb366d86a4960534f35b)] -&gt; xpath: .//word], [[AndroidDriver: chrome on ANDROID (62e88494c1dbcb366d86a4960534f35b)] -&gt; xpath: .//word], [[AndroidDriver: chrome on ANDROID (62e88494c1dbcb366d86a4960534f35b)] -&gt; xpath: .//word], [[AndroidDriver: chrome on ANDROID (62e88494c1dbcb366d86a4960534f35b)] -&gt; xpath: .//word], [[AndroidDriver: chrome on ANDROID (62e88494c1dbcb366d86a4960534f35b)] -&gt; xpath: .//word], [[AndroidDriver: chrome on ANDROID (62e88494c1dbcb366d86a4960534f35b)] -&gt; xpath: .//word], [[AndroidDriver: chrome on ANDROID (62e88494c1dbcb366d86a4960534f35b)] -&gt; xpath: .//word], [[AndroidDriver: chrome on ANDROID (62e88494c1dbcb366d86a4960534f35b)] -&gt; xpath: .//word], [[AndroidDriver: chrome on ANDROID (62e88494c1dbcb366d86a4960534f35b)] -&gt; xpath: .//word], [[AndroidDriver: chrome on ANDROID (62e88494c1dbcb366d86a4960534f35b)] -&gt; xpath: .//word], [[AndroidDriver: chrome on ANDROID (62e88494c1dbcb366d86a4960534f35b)] -&gt; xpath: .//word], [[AndroidDriver: chrome on ANDROID (62e88494c1dbcb366d86a4960534f35b)] -&gt; xpath: .//word], [[AndroidDriver: chrome on ANDROID (62e88494c1dbcb366d86a4960534f35b)] -&gt; xpath: .//word], [[AndroidDriver: chrome on ANDROID (62e88494c1dbcb366d86a4960534f35b)] -&gt; xpath: .//word], [[AndroidDriver: chrome on ANDROID (62e88494c1dbcb366d86a4960534f35b)] -&gt; xpath: .//word], [[AndroidDriver: chrome on ANDROID (62e88494c1dbcb366d86a4960534f35b)] -&gt; xpath: .//word], [[AndroidDriver: chrome on ANDROID (62e88494c1dbcb366d86a4960534f35b)] -&gt; xpath: .//word], [[AndroidDriver: chrome on ANDROID (62e88494c1dbcb366d86a4960534f35b)] -&gt; xpath: .//word], [[AndroidDriver: chrome on ANDROID (62e88494c1dbcb366d86a4960534f35b)] -&gt; xpath: .//word], [[AndroidDriver: chrome on ANDROID (62e88494c1dbcb366d86a4960534f35b)] -&gt; xpath: .//word], [[AndroidDriver: chrome on ANDROID (62e88494c1dbcb366d86a4960534f35b)] -&gt; xpath: .//word], [[AndroidDriver: chrome on ANDROID (62e88494c1dbcb366d86a4960534f35b)] -&gt; xpath: .//word], [[AndroidDriver: chrome on ANDROID (62e88494c1dbcb366d86a4960534f35b)] -&gt; xpath: .//word], [[AndroidDriver: chrome on ANDROID (62e88494c1dbcb366d86a4960534f35b)] -&gt; xpath: .//word], [[AndroidDriver: chrome on ANDROID (62e88494c1dbcb366d86a4960534f35b)] -&gt; xpath: .//word], [[AndroidDriver: chrome on ANDROID (62e88494c1dbcb366d86a4960534f35b)] -&gt; xpath: .//word], [[AndroidDriver: chrome on ANDROID (62e88494c1dbcb366d86a4960534f35b)] -&gt; xpath: .//word], [[AndroidDriver: chrome on ANDROID (62e88494c1dbcb366d86a4960534f35b)] -&gt; xpath: .//word], [[AndroidDriver: chrome on ANDROID (62e88494c1dbcb366d86a4960534f35b)] -&gt; xpath: .//word], [[AndroidDriver: chrome on ANDROID (62e88494c1dbcb366d86a4960534f35b)] -&gt; xpath: .//word], [[AndroidDriver: chrome on ANDROID (62e88494c1dbcb366d86a4960534f35b)] -&gt; xpath: .//word], [[AndroidDriver: chrome on ANDROID (62e88494c1dbcb366d86a4960534f35b)] -&gt; xpath: .//word], [[AndroidDriver: chrome on ANDROID (62e88494c1dbcb366d86a4960534f35b)] -&gt; xpath: .//word], [[AndroidDriver: chrome on ANDROID (62e88494c1dbcb366d86a4960534f35b)] -&gt; xpath: .//word], [[AndroidDriver: chrome on ANDROID (62e88494c1dbcb366d86a4960534f35b)] -&gt; xpath: .//word], [[AndroidDriver: chrome on ANDROID (62e88494c1dbcb366d86a4960534f35b)] -&gt; xpath: .//word], [[AndroidDriver: chrome on ANDROID (62e88494c1dbcb366d86a4960534f35b)] -&gt; xpath: .//word], [[AndroidDriver: chrome on ANDROID (62e88494c1dbcb366d86a4960534f35b)] -&gt; xpath: .//word], [[AndroidDriver: chrome on ANDROID (62e88494c1dbcb366d86a4960534f35b)] -&gt; xpath: .//word], [[AndroidDriver: chrome on ANDROID (62e88494c1dbcb366d86a4960534f35b)] -&gt; xpath: .//word], [[AndroidDriver: chrome on ANDROID (62e88494c1dbcb366d86a4960534f35b)] -&gt; xpath: .//word], [[AndroidDriver: chrome on ANDROID (62e88494c1dbcb366d86a4960534f35b)] -&gt; xpath: .//word], [[AndroidDriver: chrome on ANDROID (62e88494c1dbcb366d86a4960534f35b)] -&gt; xpath: .//word], [[AndroidDriver: chrome on ANDROID (62e88494c1dbcb366d86a4960534f35b)] -&gt; xpath: .//word], [[AndroidDriver: chrome on ANDROID (62e88494c1dbcb366d86a4960534f35b)] -&gt; xpath: .//word], [[AndroidDriver: chrome on ANDROID (62e88494c1dbcb366d86a4960534f35b)] -&gt; xpath: .//word], [[AndroidDriver: chrome on ANDROID (62e88494c1dbcb366d86a4960534f35b)] -&gt; xpath: .//word], [[AndroidDriver: chrome on ANDROID (62e88494c1dbcb366d86a4960534f35b)] -&gt; xpath: .//word], [[AndroidDriver: chrome on ANDROID (62e88494c1dbcb366d86a4960534f35b)] -&gt; xpath: .//word], [[AndroidDriver: chrome on ANDROID (62e88494c1dbcb366d86a4960534f35b)] -&gt; xpath: .//word], [[AndroidDriver: chrome on ANDROID (62e88494c1dbcb366d86a4960534f35b)] -&gt; xpath: .//word], [[AndroidDriver: chrome on ANDROID (62e88494c1dbcb366d86a4960534f35b)] -&gt; xpath: .//word], [[AndroidDriver: chrome on ANDROID (62e88494c1dbcb366d86a4960534f35b)] -&gt; xpath: .//word], [[AndroidDriver: chrome on ANDROID (62e88494c1dbcb366d86a4960534f35b)] -&gt; xpath: .//word], [[AndroidDriver: chrome on ANDROID (62e88494c1dbcb366d86a4960534f35b)] -&gt; xpath: .//word], [[AndroidDriver: chrome on ANDROID (62e88494c1dbcb366d86a4960534f35b)] -&gt; xpath: .//word], [[AndroidDriver: chrome on ANDROID (62e88494c1dbcb366d86a4960534f35b)] -&gt; xpath: .//word], [[AndroidDriver: chrome on ANDROID (62e88494c1dbcb366d86a4960534f35b)] -&gt; xpath: .//word], [[AndroidDriver: chrome on ANDROID (62e88494c1dbcb366d86a4960534f35b)] -&gt; xpath: .//word], [[AndroidDriver: chrome on ANDROID (62e88494c1dbcb366d86a4960534f35b)] -&gt; xpath: .//word], [[AndroidDriver: chrome on ANDROID (62e88494c1dbcb366d86a4960534f35b)] -&gt; xpath: .//word], [[AndroidDriver: chrome on ANDROID (62e88494c1dbcb366d86a4960534f35b)] -&gt; xpath: .//word], [[AndroidDriver: chrome on ANDROID (62e88494c1dbcb366d86a4960534f35b)] -&gt; xpath: .//word], [[AndroidDriver: chrome on ANDROID (62e88494c1dbcb366d86a4960534f35b)] -&gt; xpath: .//word], [[AndroidDriver: chrome on ANDROID (62e88494c1dbcb366d86a4960534f35b)] -&gt; xpath: .//word], [[AndroidDriver: chrome on ANDROID (62e88494c1dbcb366d86a4960534f35b)] -&gt; xpath: .//word], [[AndroidDriver: chrome on ANDROID (62e88494c1dbcb366d86a4960534f35b)] -&gt; xpath: .//word], [[AndroidDriver: chrome on ANDROID (62e88494c1dbcb366d86a4960534f35b)] -&gt; xpath: .//word], [[AndroidDriver: chrome on ANDROID (62e88494c1dbcb366d86a4960534f35b)] -&gt; xpath: .//word], [[AndroidDriver: chrome on ANDROID (62e88494c1dbcb366d86a4960534f35b)] -&gt; xpath: .//word], [[AndroidDriver: chrome on ANDROID (62e88494c1dbcb366d86a4960534f35b)] -&gt; xpath: .//word], [[AndroidDriver: chrome on ANDROID (62e88494c1dbcb366d86a4960534f35b)] -&gt; xpath: .//word], [[AndroidDriver: chrome on ANDROID (62e88494c1dbcb366d86a4960534f35b)] -&gt; xpath: .//word], [[AndroidDriver: chrome on ANDROID (62e88494c1dbcb366d86a4960534f35b)] -&gt; xpath: .//word], [[AndroidDriver: chrome on ANDROID (62e88494c1dbcb366d86a4960534f35b)] -&gt; xpath: .//word], [[AndroidDriver: chrome on ANDROID (62e88494c1dbcb366d86a4960534f35b)] -&gt; xpath: .//word], [[AndroidDriver: chrome on ANDROID (62e88494c1dbcb366d86a4960534f35b)] -&gt; xpath: .//word], [[AndroidDriver: chrome on ANDROID (62e88494c1dbcb366d86a4960534f35b)] -&gt; xpath: .//word], [[AndroidDriver: chrome on ANDROID (62e88494c1dbcb366d86a4960534f35b)] -&gt; xpath: .//word], [[AndroidDriver: chrome on ANDROID (62e88494c1dbcb366d86a4960534f35b)] -&gt; xpath: .//word], [[AndroidDriver: chrome on ANDROID (62e88494c1dbcb366d86a4960534f35b)] -&gt; xpath: .//word], [[AndroidDriver: chrome on ANDROID (62e88494c1dbcb366d86a4960534f35b)] -&gt; xpath: .//word], [[AndroidDriver: chrome on ANDROID (62e88494c1dbcb366d86a4960534f35b)] -&gt; xpath: .//word], [[AndroidDriver: chrome on ANDROID (62e88494c1dbcb366d86a4960534f35b)] -&gt; xpath: .//word], [[AndroidDriver: chrome on ANDROID (62e88494c1dbcb366d86a4960534f35b)] -&gt; xpath: .//word], [[AndroidDriver: chrome on ANDROID (62e88494c1dbcb366d86a4960534f35b)] -&gt; xpath: .//word], [[AndroidDriver: chrome on ANDROID (62e88494c1dbcb366d86a4960534f35b)] -&gt; xpath: .//word], [[AndroidDriver: chrome on ANDROID (62e88494c1dbcb366d86a4960534f35b)] -&gt; xpath: .//word], [[AndroidDriver: chrome on ANDROID (62e88494c1dbcb366d86a4960534f35b)] -&gt; xpath: .//word], [[AndroidDriver: chrome on ANDROID (62e88494c1dbcb366d86a4960534f35b)] -&gt; xpath: .//word], [[AndroidDriver: chrome on ANDROID (62e88494c1dbcb366d86a4960534f35b)] -&gt; xpath: .//word], [[AndroidDriver: chrome on ANDROID (62e88494c1dbcb366d86a4960534f35b)] -&gt; xpath: .//word], [[AndroidDriver: chrome on ANDROID (62e88494c1dbcb366d86a4960534f35b)] -&gt; xpath: .//word], [[AndroidDriver: chrome on ANDROID (62e88494c1dbcb366d86a4960534f35b)] -&gt; xpath: .//word], [[AndroidDriver: chrome on ANDROID (62e88494c1dbcb366d86a4960534f35b)] -&gt; xpath: .//word], [[AndroidDriver: chrome on ANDROID (62e88494c1dbcb366d86a4960534f35b)] -&gt; xpath: .//word], [[AndroidDriver: chrome on ANDROID (62e88494c1dbcb366d86a4960534f35b)] -&gt; xpath: .//word], [[AndroidDriver: chrome on ANDROID (62e88494c1dbcb366d86a4960534f35b)] -&gt; xpath: .//word], [[AndroidDriver: chrome on ANDROID (62e88494c1dbcb366d86a4960534f35b)] -&gt; xpath: .//word], [[AndroidDriver: chrome on ANDROID (62e88494c1dbcb366d86a4960534f35b)] -&gt; xpath: .//word], [[AndroidDriver: chrome on ANDROID (62e88494c1dbcb366d86a4960534f35b)] -&gt; xpath: .//word], [[AndroidDriver: chrome on ANDROID (62e88494c1dbcb366d86a4960534f35b)] -&gt; xpath: .//word], [[AndroidDriver: chrome on ANDROID (62e88494c1dbcb366d86a4960534f35b)] -&gt; xpath: .//word], [[AndroidDriver: chrome on ANDROID (62e88494c1dbcb366d86a4960534f35b)] -&gt; xpath: .//word], [[AndroidDriver: chrome on ANDROID (62e88494c1dbcb366d86a4960534f35b)] -&gt; xpath: .//word], [[AndroidDriver: chrome on ANDROID (62e88494c1dbcb366d86a4960534f35b)] -&gt; xpath: .//word], [[AndroidDriver: chrome on ANDROID (62e88494c1dbcb366d86a4960534f35b)] -&gt; xpath: .//word], [[AndroidDriver: chrome on ANDROID (62e88494c1dbcb366d86a4960534f35b)] -&gt; xpath: .//word], [[AndroidDriver: chrome on ANDROID (62e88494c1dbcb366d86a4960534f35b)] -&gt; xpath: .//word], [[AndroidDriver: chrome on ANDROID (62e88494c1dbcb366d86a4960534f35b)] -&gt; xpath: .//word], [[AndroidDriver: chrome on ANDROID (62e88494c1dbcb366d86a4960534f35b)] -&gt; xpath: .//word], [[AndroidDriver: chrome on ANDROID (62e88494c1dbcb366d86a4960534f35b)] -&gt; xpath: .//word], [[AndroidDriver: chrome on ANDROID (62e88494c1dbcb366d86a4960534f35b)] -&gt; xpath: .//word], [[AndroidDriver: chrome on ANDROID (62e88494c1dbcb366d86a4960534f35b)] -&gt; xpath: .//word], [[AndroidDriver: chrome on ANDROID (62e88494c1dbcb366d86a4960534f35b)] -&gt; xpath: .//word], [[AndroidDriver: chrome on ANDROID (62e88494c1dbcb366d86a4960534f35b)] -&gt; xpath: .//word], [[AndroidDriver: chrome on ANDROID (62e88494c1dbcb366d86a4960534f35b)] -&gt; xpath: .//word], [[AndroidDriver: chrome on ANDROID (62e88494c1dbcb366d86a4960534f35b)] -&gt; xpath: .//word], [[AndroidDriver: chrome on ANDROID (62e88494c1dbcb366d86a4960534f35b)] -&gt; xpath: .//word], [[AndroidDriver: chrome on ANDROID (62e88494c1dbcb366d86a4960534f35b)] -&gt; xpath: .//word], [[AndroidDriver: chrome on ANDROID (62e88494c1dbcb366d86a4960534f35b)] -&gt; xpath: .//word], [[AndroidDriver: chrome on ANDROID (62e88494c1dbcb366d86a4960534f35b)] -&gt; xpath: .//word], [[AndroidDriver: chrome on ANDROID (62e88494c1dbcb366d86a4960534f35b)] -&gt; xpath: .//word], [[AndroidDriver: chrome on ANDROID (62e88494c1dbcb366d86a4960534f35b)] -&gt; xpath: .//word], [[AndroidDriver: chrome on ANDROID (62e88494c1dbcb366d86a4960534f35b)] -&gt; xpath: .//word], [[AndroidDriver: chrome on ANDROID (62e88494c1dbcb366d86a4960534f35b)] -&gt; xpath: .//word], [[AndroidDriver: chrome on ANDROID (62e88494c1dbcb366d86a4960534f35b)] -&gt; xpath: .//word], [[AndroidDriver: chrome on ANDROID (62e88494c1dbcb366d86a4960534f35b)] -&gt; xpath: .//word], [[AndroidDriver: chrome on ANDROID (62e88494c1dbcb366d86a4960534f35b)] -&gt; xpath: .//word], [[AndroidDriver: chrome on ANDROID (62e88494c1dbcb366d86a4960534f35b)] -&gt; xpath: .//word], [[AndroidDriver: chrome on ANDROID (62e88494c1dbcb366d86a4960534f35b)] -&gt; xpath: .//word], [[AndroidDriver: chrome on ANDROID (62e88494c1dbcb366d86a4960534f35b)] -&gt; xpath: .//word], [[AndroidDriver: chrome on ANDROID (62e88494c1dbcb366d86a4960534f35b)] -&gt; xpath: .//word], [[AndroidDriver: chrome on ANDROID (62e88494c1dbcb366d86a4960534f35b)] -&gt; xpath: .//word], [[AndroidDriver: chrome on ANDROID (62e88494c1dbcb366d86a4960534f35b)] -&gt; xpath: .//word], [[AndroidDriver: chrome on ANDROID (62e88494c1dbcb366d86a4960534f35b)] -&gt; xpath: .//word], [[AndroidDriver: chrome on ANDROID (62e88494c1dbcb366d86a4960534f35b)] -&gt; xpath: .//word], [[AndroidDriver: chrome on ANDROID (62e88494c1dbcb366d86a4960534f35b)] -&gt; xpath: .//word], [[AndroidDriver: chrome on ANDROID (62e88494c1dbcb366d86a4960534f35b)] -&gt; xpath: .//word], [[AndroidDriver: chrome on ANDROID (62e88494c1dbcb366d86a4960534f35b)] -&gt; xpath: .//word], [[AndroidDriver: chrome on ANDROID (62e88494c1dbcb366d86a4960534f35b)] -&gt; xpath: .//word], [[AndroidDriver: chrome on ANDROID (62e88494c1dbcb366d86a4960534f35b)] -&gt; xpath: .//word], [[AndroidDriver: chrome on ANDROID (62e88494c1dbcb366d86a4960534f35b)] -&gt; xpath: .//word], [[AndroidDriver: chrome on ANDROID (62e88494c1dbcb366d86a4960534f35b)] -&gt; xpath: .//word], [[AndroidDriver: chrome on ANDROID (62e88494c1dbcb366d86a4960534f35b)] -&gt; xpath: .//word], [[AndroidDriver: chrome on ANDROID (62e88494c1dbcb366d86a4960534f35b)] -&gt; xpath: .//word], [[AndroidDriver: chrome on ANDROID (62e88494c1dbcb366d86a4960534f35b)] -&gt; xpath: .//word], [[AndroidDriver: chrome on ANDROID (62e88494c1dbcb366d86a4960534f35b)] -&gt; xpath: .//word], [[AndroidDriver: chrome on ANDROID (62e88494c1dbcb366d86a4960534f35b)] -&gt; xpath: .//word], [[AndroidDriver: chrome on ANDROID (62e88494c1dbcb366d86a4960534f35b)] -&gt; xpath: .//word], [[AndroidDriver: chrome on ANDROID (62e88494c1dbcb366d86a4960534f35b)] -&gt; xpath: .//word], [[AndroidDriver: chrome on ANDROID (62e88494c1dbcb366d86a4960534f35b)] -&gt; xpath: .//word], [[AndroidDriver: chrome on ANDROID (62e88494c1dbcb366d86a4960534f35b)] -&gt; xpath: .//word], [[AndroidDriver: chrome on ANDROID (62e88494c1dbcb366d86a4960534f35b)] -&gt; xpath: .//word], [[AndroidDriver: chrome on ANDROID (62e88494c1dbcb366d86a4960534f35b)] -&gt; xpath: .//word], [[AndroidDriver: chrome on ANDROID (62e88494c1dbcb366d86a4960534f35b)] -&gt; xpath: .//word], [[AndroidDriver: chrome on ANDROID (62e88494c1dbcb366d86a4960534f35b)] -&gt; xpath: .//word], [[AndroidDriver: chrome on ANDROID (62e88494c1dbcb366d86a4960534f35b)] -&gt; xpath: .//word], [[AndroidDriver: chrome on ANDROID (62e88494c1dbcb366d86a4960534f35b)] -&gt; xpath: .//word], [[AndroidDriver: chrome on ANDROID (62e88494c1dbcb366d86a4960534f35b)] -&gt; xpath: .//word], [[AndroidDriver: chrome on ANDROID (62e88494c1dbcb366d86a4960534f35b)] -&gt; xpath: .//word], [[AndroidDriver: chrome on ANDROID (62e88494c1dbcb366d86a4960534f35b)] -&gt; xpath: .//word], [[AndroidDriver: chrome on ANDROID (62e88494c1dbcb366d86a4960534f35b)] -&gt; xpath: .//word], [[AndroidDriver: chrome on ANDROID (62e88494c1dbcb366d86a4960534f35b)] -&gt; xpath: .//word], [[AndroidDriver: chrome on ANDROID (62e88494c1dbcb366d86a4960534f35b)] -&gt; xpath: .//word], [[AndroidDriver: chrome on ANDROID (62e88494c1dbcb366d86a4960534f35b)] -&gt; xpath: .//word], [[AndroidDriver: chrome on ANDROID (62e88494c1dbcb366d86a4960534f35b)] -&gt; xpath: .//word], [[AndroidDriver: chrome on ANDROID (62e88494c1dbcb366d86a4960534f35b)] -&gt; xpath: .//word], [[AndroidDriver: chrome on ANDROID (62e88494c1dbcb366d86a4960534f35b)] -&gt; xpath: .//word], [[AndroidDriver: chrome on ANDROID (62e88494c1dbcb366d86a4960534f35b)] -&gt; xpath: .//word], [[AndroidDriver: chrome on ANDROID (62e88494c1dbcb366d86a4960534f35b)] -&gt; xpath: .//word], [[AndroidDriver: chrome on ANDROID (62e88494c1dbcb366d86a4960534f35b)] -&gt; xpath: .//word], [[AndroidDriver: chrome on ANDROID (62e88494c1dbcb366d86a4960534f35b)] -&gt; xpath: .//word], [[AndroidDriver: chrome on ANDROID (62e88494c1dbcb366d86a4960534f35b)] -&gt; xpath: .//word], [[AndroidDriver: chrome on ANDROID (62e88494c1dbcb366d86a4960534f35b)] -&gt; xpath: .//word], [[AndroidDriver: chrome on ANDROID (62e88494c1dbcb366d86a4960534f35b)] -&gt; xpath: .//word], [[AndroidDriver: chrome on ANDROID (62e88494c1dbcb366d86a4960534f35b)] -&gt; xpath: .//word], [[AndroidDriver: chrome on ANDROID (62e88494c1dbcb366d86a4960534f35b)] -&gt; xpath: .//word], [[AndroidDriver: chrome on ANDROID (62e88494c1dbcb366d86a4960534f35b)] -&gt; xpath: .//word], [[AndroidDriver: chrome on ANDROID (62e88494c1dbcb366d86a4960534f35b)] -&gt; xpath: .//word], [[AndroidDriver: chrome on ANDROID (62e88494c1dbcb366d86a4960534f35b)] -&gt; xpath: .//word], [[AndroidDriver: chrome on ANDROID (62e88494c1dbcb366d86a4960534f35b)] -&gt; xpath: .//word], [[AndroidDriver: chrome on ANDROID (62e88494c1dbcb366d86a4960534f35b)] -&gt; xpath: .//word], [[AndroidDriver: chrome on ANDROID (62e88494c1dbcb366d86a4960534f35b)] -&gt; xpath: .//word], [[AndroidDriver: chrome on ANDROID (62e88494c1dbcb366d86a4960534f35b)] -&gt; xpath: .//word], [[AndroidDriver: chrome on ANDROID (62e88494c1dbcb366d86a4960534f35b)] -&gt; xpath: .//word], [[AndroidDriver: chrome on ANDROID (62e88494c1dbcb366d86a4960534f35b)] -&gt; xpath: .//word], [[AndroidDriver: chrome on ANDROID (62e88494c1dbcb366d86a4960534f35b)] -&gt; xpath: .//word], [[AndroidDriver: chrome on ANDROID (62e88494c1dbcb366d86a4960534f35b)] -&gt; xpath: .//word], [[AndroidDriver: chrome on ANDROID (62e88494c1dbcb366d86a4960534f35b)] -&gt; xpath: .//word], [[AndroidDriver: chrome on ANDROID (62e88494c1dbcb366d86a4960534f35b)] -&gt; xpath: .//word], [[AndroidDriver: chrome on ANDROID (62e88494c1dbcb366d86a4960534f35b)] -&gt; xpath: .//word], [[AndroidDriver: chrome on ANDROID (62e88494c1dbcb366d86a4960534f35b)] -&gt; xpath: .//word], [[AndroidDriver: chrome on ANDROID (62e88494c1dbcb366d86a4960534f35b)] -&gt; xpath: .//word], [[AndroidDriver: chrome on ANDROID (62e88494c1dbcb366d86a4960534f35b)] -&gt; xpath: .//word], [[AndroidDriver: chrome on ANDROID (62e88494c1dbcb366d86a4960534f35b)] -&gt; xpath: .//word], [[AndroidDriver: chrome on ANDROID (62e88494c1dbcb366d86a4960534f35b)] -&gt; xpath: .//word], [[AndroidDriver: chrome on ANDROID (62e88494c1dbcb366d86a4960534f35b)] -&gt; xpath: .//word], [[AndroidDriver: chrome on ANDROID (62e88494c1dbcb366d86a4960534f35b)] -&gt; xpath: .//word], [[AndroidDriver: chrome on ANDROID (62e88494c1dbcb366d86a4960534f35b)] -&gt; xpath: .//word], [[AndroidDriver: chrome on ANDROID (62e88494c1dbcb366d86a4960534f35b)] -&gt; xpath: .//word], [[AndroidDriver: chrome on ANDROID (62e88494c1dbcb366d86a4960534f35b)] -&gt; xpath: .//word], [[AndroidDriver: chrome on ANDROID (62e88494c1dbcb366d86a4960534f35b)] -&gt; xpath: .//word], [[AndroidDriver: chrome on ANDROID (62e88494c1dbcb366d86a4960534f35b)] -&gt; xpath: .//word], [[AndroidDriver: chrome on ANDROID (62e88494c1dbcb366d86a4960534f35b)] -&gt; xpath: .//word], [[AndroidDriver: chrome on ANDROID (62e88494c1dbcb366d86a4960534f35b)] -&gt; xpath: .//word], [[AndroidDriver: chrome on ANDROID (62e88494c1dbcb366d86a4960534f35b)] -&gt; xpath: .//word], [[AndroidDriver: chrome on ANDROID (62e88494c1dbcb366d86a4960534f35b)] -&gt; xpath: .//word], [[AndroidDriver: chrome on ANDROID (62e88494c1dbcb366d86a4960534f35b)] -&gt; xpath: .//word], [[AndroidDriver: chrome on ANDROID (62e88494c1dbcb366d86a4960534f35b)] -&gt; xpath: .//word], [[AndroidDriver: chrome on ANDROID (62e88494c1dbcb366d86a4960534f35b)] -&gt; xpath: .//word], [[AndroidDriver: chrome on ANDROID (62e88494c1dbcb366d86a4960534f35b)] -&gt; xpath: .//word], [[AndroidDriver: chrome on ANDROID (62e88494c1dbcb366d86a4960534f35b)] -&gt; xpath: .//word], [[AndroidDriver: chrome on ANDROID (62e88494c1dbcb366d86a4960534f35b)] -&gt; xpath: .//word], [[AndroidDriver: chrome on ANDROID (62e88494c1dbcb366d86a4960534f35b)] -&gt; xpath: .//word], [[AndroidDriver: chrome on ANDROID (62e88494c1dbcb366d86a4960534f35b)] -&gt; xpath: .//word], [[AndroidDriver: chrome on ANDROID (62e88494c1dbcb366d86a4960534f35b)] -&gt; xpath: .//word], [[AndroidDriver: chrome on ANDROID (62e88494c1dbcb366d86a4960534f35b)] -&gt; xpath: .//word], [[AndroidDriver: chrome on ANDROID (62e88494c1dbcb366d86a4960534f35b)] -&gt; xpath: .//word], [[AndroidDriver: chrome on ANDROID (62e88494c1dbcb366d86a4960534f35b)] -&gt; xpath: .//word], [[AndroidDriver: chrome on ANDROID (62e88494c1dbcb366d86a4960534f35b)] -&gt; xpath: .//word], [[AndroidDriver: chrome on ANDROID (62e88494c1dbcb366d86a4960534f35b)] -&gt; xpath: .//word], [[AndroidDriver: chrome on ANDROID (62e88494c1dbcb366d86a4960534f35b)] -&gt; xpath: .//word], [[AndroidDriver: chrome on ANDROID (62e88494c1dbcb366d86a4960534f35b)] -&gt; xpath: .//word], [[AndroidDriver: chrome on ANDROID (62e88494c1dbcb366d86a4960534f35b)] -&gt; xpath: .//word], [[AndroidDriver: chrome on ANDROID (62e88494c1dbcb366d86a4960534f35b)] -&gt; xpath: .//word], [[AndroidDriver: chrome on ANDROID (62e88494c1dbcb366d86a4960534f35b)] -&gt; xpath: .//word], [[AndroidDriver: chrome on ANDROID (62e88494c1dbcb366d86a4960534f35b)] -&gt; xpath: .//word], [[AndroidDriver: chrome on ANDROID (62e88494c1dbcb366d86a4960534f35b)] -&gt; xpath: .//word], [[AndroidDriver: chrome on ANDROID (62e88494c1dbcb366d86a4960534f35b)] -&gt; xpath: .//word], [[AndroidDriver: chrome on ANDROID (62e88494c1dbcb366d86a4960534f35b)] -&gt; xpath: .//word], [[AndroidDriver: chrome on ANDROID (62e88494c1dbcb366d86a4960534f35b)] -&gt; xpath: .//word], [[AndroidDriver: chrome on ANDROID (62e88494c1dbcb366d86a4960534f35b)] -&gt; xpath: .//word], [[AndroidDriver: chrome on ANDROID (62e88494c1dbcb366d86a4960534f35b)] -&gt; xpath: .//word], [[AndroidDriver: chrome on ANDROID (62e88494c1dbcb366d86a4960534f35b)] -&gt; xpath: .//word], [[AndroidDriver: chrome on ANDROID (62e88494c1dbcb366d86a4960534f35b)] -&gt; xpath: .//word], [[AndroidDriver: chrome on ANDROID (62e88494c1dbcb366d86a4960534f35b)] -&gt; xpath: .//word], [[AndroidDriver: chrome on ANDROID (62e88494c1dbcb366d86a4960534f35b)] -&gt; xpath: .//word], [[AndroidDriver: chrome on ANDROID (62e88494c1dbcb366d86a4960534f35b)] -&gt; xpath: .//word], [[AndroidDriver: chrome on ANDROID (62e88494c1dbcb366d86a4960534f35b)] -&gt; xpath: .//word], [[AndroidDriver: chrome on ANDROID (62e88494c1dbcb366d86a4960534f35b)] -&gt; xpath: .//word], [[AndroidDriver: chrome on ANDROID (62e88494c1dbcb366d86a4960534f35b)] -&gt; xpath: .//word], [[AndroidDriver: chrome on ANDROID (62e88494c1dbcb366d86a4960534f35b)] -&gt; xpath: .//word], [[AndroidDriver: chrome on ANDROID (62e88494c1dbcb366d86a4960534f35b)] -&gt; xpath: .//word], [[AndroidDriver: chrome on ANDROID (62e88494c1dbcb366d86a4960534f35b)] -&gt; xpath: .//word], [[AndroidDriver: chrome on ANDROID (62e88494c1dbcb366d86a4960534f35b)] -&gt; xpath: .//word], [[AndroidDriver: chrome on ANDROID (62e88494c1dbcb366d86a4960534f35b)] -&gt; xpath: .//word], [[AndroidDriver: chrome on ANDROID (62e88494c1dbcb366d86a4960534f35b)] -&gt; xpath: .//word], [[AndroidDriver: chrome on ANDROID (62e88494c1dbcb366d86a4960534f35b)] -&gt; xpath: .//word], [[AndroidDriver: chrome on ANDROID (62e88494c1dbcb366d86a4960534f35b)] -&gt; xpath: .//word], [[AndroidDriver: chrome on ANDROID (62e88494c1dbcb366d86a4960534f35b)] -&gt; xpath: .//word], [[AndroidDriver: chrome on ANDROID (62e88494c1dbcb366d86a4960534f35b)] -&gt; xpath: .//word], [[AndroidDriver: chrome on ANDROID (62e88494c1dbcb366d86a4960534f35b)] -&gt; xpath: .//word], [[AndroidDriver: chrome on ANDROID (62e88494c1dbcb366d86a4960534f35b)] -&gt; xpath: .//word], [[AndroidDriver: chrome on ANDROID (62e88494c1dbcb366d86a4960534f35b)] -&gt; xpath: .//word], [[AndroidDriver: chrome on ANDROID (62e88494c1dbcb366d86a4960534f35b)] -&gt; xpath: .//word], [[AndroidDriver: chrome on ANDROID (62e88494c1dbcb366d86a4960534f35b)] -&gt; xpath: .//word], [[AndroidDriver: chrome on ANDROID (62e88494c1dbcb366d86a4960534f35b)] -&gt; xpath: .//word], [[AndroidDriver: chrome on ANDROID (62e88494c1dbcb366d86a4960534f35b)] -&gt; xpath: .//word], [[AndroidDriver: chrome on ANDROID (62e88494c1dbcb366d86a4960534f35b)] -&gt; xpath: .//word], [[AndroidDriver: chrome on ANDROID (62e88494c1dbcb366d86a4960534f35b)] -&gt; xpath: .//word], [[AndroidDriver: chrome on ANDROID (62e88494c1dbcb366d86a4960534f35b)] -&gt; xpath: .//word], [[AndroidDriver: chrome on ANDROID (62e88494c1dbcb366d86a4960534f35b)] -&gt; xpath: .//word], [[AndroidDriver: chrome on ANDROID (62e88494c1dbcb366d86a4960534f35b)] -&gt; xpath: .//word], [[AndroidDriver: chrome on ANDROID (62e88494c1dbcb366d86a4960534f35b)] -&gt; xpath: .//word], [[AndroidDriver: chrome on ANDROID (62e88494c1dbcb366d86a4960534f35b)] -&gt; xpath: .//word], [[AndroidDriver: chrome on ANDROID (62e88494c1dbcb366d86a4960534f35b)] -&gt; xpath: .//word], [[AndroidDriver: chrome on ANDROID (62e88494c1dbcb366d86a4960534f35b)] -&gt; xpath: .//word], [[AndroidDriver: chrome on ANDROID (62e88494c1dbcb366d86a4960534f35b)] -&gt; xpath: .//word], [[AndroidDriver: chrome on ANDROID (62e88494c1dbcb366d86a4960534f35b)] -&gt; xpath: .//word], [[AndroidDriver: chrome on ANDROID (62e88494c1dbcb366d86a4960534f35b)] -&gt; xpath: .//word], [[AndroidDriver: chrome on ANDROID (62e88494c1dbcb366d86a4960534f35b)] -&gt; xpath: .//word], [[AndroidDriver: chrome on ANDROID (62e88494c1dbcb366d86a4960534f35b)] -&gt; xpath: .//word], [[AndroidDriver: chrome on ANDROID (62e88494c1dbcb366d86a4960534f35b)] -&gt; xpath: .//word], [[AndroidDriver: chrome on ANDROID (62e88494c1dbcb366d86a4960534f35b)] -&gt; xpath: .//word], [[AndroidDriver: chrome on ANDROID (62e88494c1dbcb366d86a4960534f35b)] -&gt; xpath: .//word], [[AndroidDriver: chrome on ANDROID (62e88494c1dbcb366d86a4960534f35b)] -&gt; xpath: .//word], [[AndroidDriver: chrome on ANDROID (62e88494c1dbcb366d86a4960534f35b)] -&gt; xpath: .//word], [[AndroidDriver: chrome on ANDROID (62e88494c1dbcb366d86a4960534f35b)] -&gt; xpath: .//word], [[AndroidDriver: chrome on ANDROID (62e88494c1dbcb366d86a4960534f35b)] -&gt; xpath: .//word], [[AndroidDriver: chrome on ANDROID (62e88494c1dbcb366d86a4960534f35b)] -&gt; xpath: .//word], [[AndroidDriver: chrome on ANDROID (62e88494c1dbcb366d86a4960534f35b)] -&gt; xpath: .//word], [[AndroidDriver: chrome on ANDROID (62e88494c1dbcb366d86a4960534f35b)] -&gt; xpath: .//word], [[AndroidDriver: chrome on ANDROID (62e88494c1dbcb366d86a4960534f35b)] -&gt; xpath: .//word], [[AndroidDriver: chrome on ANDROID (62e88494c1dbcb366d86a4960534f35b)] -&gt; xpath: .//word], [[AndroidDriver: chrome on ANDROID (62e88494c1dbcb366d86a4960534f35b)] -&gt; xpath: .//word], [[AndroidDriver: chrome on ANDROID (62e88494c1dbcb366d86a4960534f35b)] -&gt; xpath: .//word], [[AndroidDriver: chrome on ANDROID (62e88494c1dbcb366d86a4960534f35b)] -&gt; xpath: .//word], [[AndroidDriver: chrome on ANDROID (62e88494c1dbcb366d86a4960534f35b)] -&gt; xpath: .//word], [[AndroidDriver: chrome on ANDROID (62e88494c1dbcb366d86a4960534f35b)] -&gt; xpath: .//word], [[AndroidDriver: chrome on ANDROID (62e88494c1dbcb366d86a4960534f35b)] -&gt; xpath: .//word], [[AndroidDriver: chrome on ANDROID (62e88494c1dbcb366d86a4960534f35b)] -&gt; xpath: .//word], [[AndroidDriver: chrome on ANDROID (62e88494c1dbcb366d86a4960534f35b)] -&gt; xpath: .//word], [[AndroidDriver: chrome on ANDROID (62e88494c1dbcb366d86a4960534f35b)] -&gt; xpath: .//word], [[AndroidDriver: chrome on ANDROID (62e88494c1dbcb366d86a4960534f35b)] -&gt; xpath: .//word], [[AndroidDriver: chrome on ANDROID (62e88494c1dbcb366d86a4960534f35b)] -&gt; xpath: .//word], [[AndroidDriver: chrome on ANDROID (62e88494c1dbcb366d86a4960534f35b)] -&gt; xpath: .//word], [[AndroidDriver: chrome on ANDROID (62e88494c1dbcb366d86a4960534f35b)] -&gt; xpath: .//word], [[AndroidDriver: chrome on ANDROID (62e88494c1dbcb366d86a4960534f35b)] -&gt; xpath: .//word], [[AndroidDriver: chrome on ANDROID (62e88494c1dbcb366d86a4960534f35b)] -&gt; xpath: .//word], [[AndroidDriver: chrome on ANDROID (62e88494c1dbcb366d86a4960534f35b)] -&gt; xpath: .//word], [[AndroidDriver: chrome on ANDROID (62e88494c1dbcb366d86a4960534f35b)] -&gt; xpath: .//word], [[AndroidDriver: chrome on ANDROID (62e88494c1dbcb366d86a4960534f35b)] -&gt; xpath: .//word], [[AndroidDriver: chrome on ANDROID (62e88494c1dbcb366d86a4960534f35b)] -&gt; xpath: .//word], [[AndroidDriver: chrome on ANDROID (62e88494c1dbcb366d86a4960534f35b)] -&gt; xpath: .//word], [[AndroidDriver: chrome on ANDROID (62e88494c1dbcb366d86a4960534f35b)] -&gt; xpath: .//word], [[AndroidDriver: chrome on ANDROID (62e88494c1dbcb366d86a4960534f35b)] -&gt; xpath: .//word], [[AndroidDriver: chrome on ANDROID (62e88494c1dbcb366d86a4960534f35b)] -&gt; xpath: .//word], [[AndroidDriver: chrome on ANDROID (62e88494c1dbcb366d86a4960534f35b)] -&gt; xpath: .//word], [[AndroidDriver: chrome on ANDROID (62e88494c1dbcb366d86a4960534f35b)] -&gt; xpath: .//word], [[AndroidDriver: chrome on ANDROID (62e88494c1dbcb366d86a4960534f35b)] -&gt; xpath: .//word], [[AndroidDriver: chrome on ANDROID (62e88494c1dbcb366d86a4960534f35b)] -&gt; xpath: .//word], [[AndroidDriver: chrome on ANDROID (62e88494c1dbcb366d86a4960534f35b)] -&gt; xpath: .//word], [[AndroidDriver: chrome on ANDROID (62e88494c1dbcb366d86a4960534f35b)] -&gt; xpath: .//word], [[AndroidDriver: chrome on ANDROID (62e88494c1dbcb366d86a4960534f35b)] -&gt; xpath: .//word], [[AndroidDriver: chrome on ANDROID (62e88494c1dbcb366d86a4960534f35b)] -&gt; xpath: .//word], [[AndroidDriver: chrome on ANDROID (62e88494c1dbcb366d86a4960534f35b)] -&gt; xpath: .//word], [[AndroidDriver: chrome on ANDROID (62e88494c1dbcb366d86a4960534f35b)] -&gt; xpath: .//word], [[AndroidDriver: chrome on ANDROID (62e88494c1dbcb366d86a4960534f35b)] -&gt; xpath: .//word], [[AndroidDriver: chrome on ANDROID (62e88494c1dbcb366d86a4960534f35b)] -&gt; xpath: .//word], [[AndroidDriver: chrome on ANDROID (62e88494c1dbcb366d86a4960534f35b)] -&gt; xpath: .//word], [[AndroidDriver: chrome on ANDROID (62e88494c1dbcb366d86a4960534f35b)] -&gt; xpath: .//word], [[AndroidDriver: chrome on ANDROID (62e88494c1dbcb366d86a4960534f35b)] -&gt; xpath: .//word], [[AndroidDriver: chrome on ANDROID (62e88494c1dbcb366d86a4960534f35b)] -&gt; xpath: .//word], [[AndroidDriver: chrome on ANDROID (62e88494c1dbcb366d86a4960534f35b)] -&gt; xpath: .//word], [[AndroidDriver: chrome on ANDROID (62e88494c1dbcb366d86a4960534f35b)] -&gt; xpath: .//word], [[AndroidDriver: chrome on ANDROID (62e88494c1dbcb366d86a4960534f35b)] -&gt; xpath: .//word], [[AndroidDriver: chrome on ANDROID (62e88494c1dbcb366d86a4960534f35b)] -&gt; xpath: .//word], [[AndroidDriver: chrome on ANDROID (62e88494c1dbcb366d86a4960534f35b)] -&gt; xpath: .//word], [[AndroidDriver: chrome on ANDROID (62e88494c1dbcb366d86a4960534f35b)] -&gt; xpath: .//word], [[AndroidDriver: chrome on ANDROID (62e88494c1dbcb366d86a4960534f35b)] -&gt; xpath: .//word], [[AndroidDriver: chrome on ANDROID (62e88494c1dbcb366d86a4960534f35b)] -&gt; xpath: .//word], [[AndroidDriver: chrome on ANDROID (62e88494c1dbcb366d86a4960534f35b)] -&gt; xpath: .//word], [[AndroidDriver: chrome on ANDROID (62e88494c1dbcb366d86a4960534f35b)] -&gt; xpath: .//word], [[AndroidDriver: chrome on ANDROID (62e88494c1dbcb366d86a4960534f35b)] -&gt; xpath: .//word], [[AndroidDriver: chrome on ANDROID (62e88494c1dbcb366d86a4960534f35b)] -&gt; xpath: .//word], [[AndroidDriver: chrome on ANDROID (62e88494c1dbcb366d86a4960534f35b)] -&gt; xpath: .//word], [[AndroidDriver: chrome on ANDROID (62e88494c1dbcb366d86a4960534f35b)] -&gt; xpath: .//word], [[AndroidDriver: chrome on ANDROID (62e88494c1dbcb366d86a4960534f35b)] -&gt; xpath: .//word], [[AndroidDriver: chrome on ANDROID (62e88494c1dbcb366d86a4960534f35b)] -&gt; xpath: .//word], [[AndroidDriver: chrome on ANDROID (62e88494c1dbcb366d86a4960534f35b)] -&gt; xpath: .//word], [[AndroidDriver: chrome on ANDROID (62e88494c1dbcb366d86a4960534f35b)] -&gt; xpath: .//word], [[AndroidDriver: chrome on ANDROID (62e88494c1dbcb366d86a4960534f35b)] -&gt; xpath: .//word], [[AndroidDriver: chrome on ANDROID (62e88494c1dbcb366d86a4960534f35b)] -&gt; xpath: .//word], [[AndroidDriver: chrome on ANDROID (62e88494c1dbcb366d86a4960534f35b)] -&gt; xpath: .//word], [[AndroidDriver: chrome on ANDROID (62e88494c1dbcb366d86a4960534f35b)] -&gt; xpath: .//word], [[AndroidDriver: chrome on ANDROID (62e88494c1dbcb366d86a4960534f35b)] -&gt; xpath: .//word], [[AndroidDriver: chrome on ANDROID (62e88494c1dbcb366d86a4960534f35b)] -&gt; xpath: .//word], [[AndroidDriver: chrome on ANDROID (62e88494c1dbcb366d86a4960534f35b)] -&gt; xpath: .//word], [[AndroidDriver: chrome on ANDROID (62e88494c1dbcb366d86a4960534f35b)] -&gt; xpath: .//word], [[AndroidDriver: chrome on ANDROID (62e88494c1dbcb366d86a4960534f35b)] -&gt; xpath: .//word], [[AndroidDriver: chrome on ANDROID (62e88494c1dbcb366d86a4960534f35b)] -&gt; xpath: .//word], [[AndroidDriver: chrome on ANDROID (62e88494c1dbcb366d86a4960534f35b)] -&gt; xpath: .//word], [[AndroidDriver: chrome on ANDROID (62e88494c1dbcb366d86a4960534f35b)] -&gt; xpath: .//word], [[AndroidDriver: chrome on ANDROID (62e88494c1dbcb366d86a4960534f35b)] -&gt; xpath: .//word], [[AndroidDriver: chrome on ANDROID (62e88494c1dbcb366d86a4960534f35b)] -&gt; xpath: .//word], [[AndroidDriver: chrome on ANDROID (62e88494c1dbcb366d86a4960534f35b)] -&gt; xpath: .//word], [[AndroidDriver: chrome on ANDROID (62e88494c1dbcb366d86a4960534f35b)] -&gt; xpath: .//word], [[AndroidDriver: chrome on ANDROID (62e88494c1dbcb366d86a4960534f35b)] -&gt; xpath: .//word], [[AndroidDriver: chrome on ANDROID (62e88494c1dbcb366d86a4960534f35b)] -&gt; xpath: .//word], [[AndroidDriver: chrome on ANDROID (62e88494c1dbcb366d86a4960534f35b)] -&gt; xpath: .//word], [[AndroidDriver: chrome on ANDROID (62e88494c1dbcb366d86a4960534f35b)] -&gt; xpath: .//word], [[AndroidDriver: chrome on ANDROID (62e88494c1dbcb366d86a4960534f35b)] -&gt; xpath: .//word], [[AndroidDriver: chrome on ANDROID (62e88494c1dbcb366d86a4960534f35b)] -&gt; xpath: .//word], [[AndroidDriver: chrome on ANDROID (62e88494c1dbcb366d86a4960534f35b)] -&gt; xpath: .//word], [[AndroidDriver: chrome on ANDROID (62e88494c1dbcb366d86a4960534f35b)] -&gt; xpath: .//word], [[AndroidDriver: chrome on ANDROID (62e88494c1dbcb366d86a4960534f35b)] -&gt; xpath: .//word], [[AndroidDriver: chrome on ANDROID (62e88494c1dbcb366d86a4960534f35b)] -&gt; xpath: .//word], [[AndroidDriver: chrome on ANDROID (62e88494c1dbcb366d86a4960534f35b)] -&gt; xpath: .//word], [[AndroidDriver: chrome on ANDROID (62e88494c1dbcb366d86a4960534f35b)] -&gt; xpath: .//word], [[AndroidDriver: chrome on ANDROID (62e88494c1dbcb366d86a4960534f35b)] -&gt; xpath: .//word], [[AndroidDriver: chrome on ANDROID (62e88494c1dbcb366d86a4960534f35b)] -&gt; xpath: .//word], [[AndroidDriver: chrome on ANDROID (62e88494c1dbcb366d86a4960534f35b)] -&gt; xpath: .//word], [[AndroidDriver: chrome on ANDROID (62e88494c1dbcb366d86a4960534f35b)] -&gt; xpath: .//word], [[AndroidDriver: chrome on ANDROID (62e88494c1dbcb366d86a4960534f35b)] -&gt; xpath: .//word], [[AndroidDriver: chrome on ANDROID (62e88494c1dbcb366d86a4960534f35b)] -&gt; xpath: .//word], [[AndroidDriver: chrome on ANDROID (62e88494c1dbcb366d86a4960534f35b)] -&gt; xpath: .//word], [[AndroidDriver: chrome on ANDROID (62e88494c1dbcb366d86a4960534f35b)] -&gt; xpath: .//word], [[AndroidDriver: chrome on ANDROID (62e88494c1dbcb366d86a4960534f35b)] -&gt; xpath: .//word], [[AndroidDriver: chrome on ANDROID (62e88494c1dbcb366d86a4960534f35b)] -&gt; xpath: .//word], [[AndroidDriver: chrome on ANDROID (62e88494c1dbcb366d86a4960534f35b)] -&gt; xpath: .//word], [[AndroidDriver: chrome on ANDROID (62e88494c1dbcb366d86a4960534f35b)] -&gt; xpath: .//word], [[AndroidDriver: chrome on ANDROID (62e88494c1dbcb366d86a4960534f35b)] -&gt; xpath: .//word], [[AndroidDriver: chrome on ANDROID (62e88494c1dbcb366d86a4960534f35b)] -&gt; xpath: .//word], [[AndroidDriver: chrome on ANDROID (62e88494c1dbcb366d86a4960534f35b)] -&gt; xpath: .//word], [[AndroidDriver: chrome on ANDROID (62e88494c1dbcb366d86a4960534f35b)] -&gt; xpath: .//word], [[AndroidDriver: chrome on ANDROID (62e88494c1dbcb366d86a4960534f35b)] -&gt; xpath: .//word], [[AndroidDriver: chrome on ANDROID (62e88494c1dbcb366d86a4960534f35b)] -&gt; xpath: .//word], [[AndroidDriver: chrome on ANDROID (62e88494c1dbcb366d86a4960534f35b)] -&gt; xpath: .//word], [[AndroidDriver: chrome on ANDROID (62e88494c1dbcb366d86a4960534f35b)] -&gt; xpath: .//word], [[AndroidDriver: chrome on ANDROID (62e88494c1dbcb366d86a4960534f35b)] -&gt; xpath: .//word], [[AndroidDriver: chrome on ANDROID (62e88494c1dbcb366d86a4960534f35b)] -&gt; xpath: .//word], [[AndroidDriver: chrome on ANDROID (62e88494c1dbcb366d86a4960534f35b)] -&gt; xpath: .//word], [[AndroidDriver: chrome on ANDROID (62e88494c1dbcb366d86a4960534f35b)] -&gt; xpath: .//word], [[AndroidDriver: chrome on ANDROID (62e88494c1dbcb366d86a4960534f35b)] -&gt; xpath: .//word], [[AndroidDriver: chrome on ANDROID (62e88494c1dbcb366d86a4960534f35b)] -&gt; xpath: .//word], [[AndroidDriver: chrome on ANDROID (62e88494c1dbcb366d86a4960534f35b)] -&gt; xpath: .//word], [[AndroidDriver: chrome on ANDROID (62e88494c1dbcb366d86a4960534f35b)] -&gt; xpath: .//word], [[AndroidDriver: chrome on ANDROID (62e88494c1dbcb366d86a4960534f35b)] -&gt; xpath: .//word], [[AndroidDriver: chrome on ANDROID (62e88494c1dbcb366d86a4960534f35b)] -&gt; xpath: .//word], [[AndroidDriver: chrome on ANDROID (62e88494c1dbcb366d86a4960534f35b)] -&gt; xpath: .//word], [[AndroidDriver: chrome on ANDROID (62e88494c1dbcb366d86a4960534f35b)] -&gt; xpath: .//word], [[AndroidDriver: chrome on ANDROID (62e88494c1dbcb366d86a4960534f35b)] -&gt; xpath: .//word], [[AndroidDriver: chrome on ANDROID (62e88494c1dbcb366d86a4960534f35b)] -&gt; xpath: .//word], [[AndroidDriver: chrome on ANDROID (62e88494c1dbcb366d86a4960534f35b)] -&gt; xpath: .//word], [[AndroidDriver: chrome on ANDROID (62e88494c1dbcb366d86a4960534f35b)] -&gt; xpath: .//word], [[AndroidDriver: chrome on ANDROID (62e88494c1dbcb366d86a4960534f35b)] -&gt; xpath: .//word], [[AndroidDriver: chrome on ANDROID (62e88494c1dbcb366d86a4960534f35b)] -&gt; xpath: .//word], [[AndroidDriver: chrome on ANDROID (62e88494c1dbcb366d86a4960534f35b)] -&gt; xpath: .//word], [[AndroidDriver: chrome on ANDROID (62e88494c1dbcb366d86a4960534f35b)] -&gt; xpath: .//word], [[AndroidDriver: chrome on ANDROID (62e88494c1dbcb366d86a4960534f35b)] -&gt; xpath: .//word], [[AndroidDriver: chrome on ANDROID (62e88494c1dbcb366d86a4960534f35b)] -&gt; xpath: .//word], [[AndroidDriver: chrome on ANDROID (62e88494c1dbcb366d86a4960534f35b)] -&gt; xpath: .//word], [[AndroidDriver: chrome on ANDROID (62e88494c1dbcb366d86a4960534f35b)] -&gt; xpath: .//word], [[AndroidDriver: chrome on ANDROID (62e88494c1dbcb366d86a4960534f35b)] -&gt; xpath: .//word], [[AndroidDriver: chrome on ANDROID (62e88494c1dbcb366d86a4960534f35b)] -&gt; xpath: .//word], [[AndroidDriver: chrome on ANDROID (62e88494c1dbcb366d86a4960534f35b)] -&gt; xpath: .//word], [[AndroidDriver: chrome on ANDROID (62e88494c1dbcb366d86a4960534f35b)] -&gt; xpath: .//word], [[AndroidDriver: chrome on ANDROID (62e88494c1dbcb366d86a4960534f35b)] -&gt; xpath: .//word], [[AndroidDriver: chrome on ANDROID (62e88494c1dbcb366d86a4960534f35b)] -&gt; xpath: .//word], [[AndroidDriver: chrome on ANDROID (62e88494c1dbcb366d86a4960534f35b)] -&gt; xpath: .//word], [[AndroidDriver: chrome on ANDROID (62e88494c1dbcb366d86a4960534f35b)] -&gt; xpath: .//word], [[AndroidDriver: chrome on ANDROID (62e88494c1dbcb366d86a4960534f35b)] -&gt; xpath: .//word], [[AndroidDriver: chrome on ANDROID (62e88494c1dbcb366d86a4960534f35b)] -&gt; xpath: .//word], [[AndroidDriver: chrome on ANDROID (62e88494c1dbcb366d86a4960534f35b)] -&gt; xpath: .//word], [[AndroidDriver: chrome on ANDROID (62e88494c1dbcb366d86a4960534f35b)] -&gt; xpath: .//word], [[AndroidDriver: chrome on ANDROID (62e88494c1dbcb366d86a4960534f35b)] -&gt; xpath: .//word], [[AndroidDriver: chrome on ANDROID (62e88494c1dbcb366d86a4960534f35b)] -&gt; xpath: .//word], [[AndroidDriver: chrome on ANDROID (62e88494c1dbcb366d86a4960534f35b)] -&gt; xpath: .//word], [[AndroidDriver: chrome on ANDROID (62e88494c1dbcb366d86a4960534f35b)] -&gt; xpath: .//word], [[AndroidDriver: chrome on ANDROID (62e88494c1dbcb366d86a4960534f35b)] -&gt; xpath: .//word], [[AndroidDriver: chrome on ANDROID (62e88494c1dbcb366d86a4960534f35b)] -&gt; xpath: .//word], [[AndroidDriver: chrome on ANDROID (62e88494c1dbcb366d86a4960534f35b)] -&gt; xpath: .//word], [[AndroidDriver: chrome on ANDROID (62e88494c1dbcb366d86a4960534f35b)] -&gt; xpath: .//word], [[AndroidDriver: chrome on ANDROID (62e88494c1dbcb366d86a4960534f35b)] -&gt; xpath: .//word], [[AndroidDriver: chrome on ANDROID (62e88494c1dbcb366d86a4960534f35b)] -&gt; xpath: .//word], [[AndroidDriver: chrome on ANDROID (62e88494c1dbcb366d86a4960534f35b)] -&gt; xpath: .//word], [[AndroidDriver: chrome on ANDROID (62e88494c1dbcb366d86a4960534f35b)] -&gt; xpath: .//word], [[AndroidDriver: chrome on ANDROID (62e88494c1dbcb366d86a4960534f35b)] -&gt; xpath: .//word], [[AndroidDriver: chrome on ANDROID (62e88494c1dbcb366d86a4960534f35b)] -&gt; xpath: .//word], [[AndroidDriver: chrome on ANDROID (62e88494c1dbcb366d86a4960534f35b)] -&gt; xpath: .//word], [[AndroidDriver: chrome on ANDROID (62e88494c1dbcb366d86a4960534f35b)] -&gt; xpath: .//word], [[AndroidDriver: chrome on ANDROID (62e88494c1dbcb366d86a4960534f35b)] -&gt; xpath: .//word], [[AndroidDriver: chrome on ANDROID (62e88494c1dbcb366d86a4960534f35b)] -&gt; xpath: .//word], [[AndroidDriver: chrome on ANDROID (62e88494c1dbcb366d86a4960534f35b)] -&gt; xpath: .//word], [[AndroidDriver: chrome on ANDROID (62e88494c1dbcb366d86a4960534f35b)] -&gt; xpath: .//word], [[AndroidDriver: chrome on ANDROID (62e88494c1dbcb366d86a4960534f35b)] -&gt; xpath: .//word], [[AndroidDriver: chrome on ANDROID (62e88494c1dbcb366d86a4960534f35b)] -&gt; xpath: .//word], [[AndroidDriver: chrome on ANDROID (62e88494c1dbcb366d86a4960534f35b)] -&gt; xpath: .//word], [[AndroidDriver: chrome on ANDROID (62e88494c1dbcb366d86a4960534f35b)] -&gt; xpath: .//word], [[AndroidDriver: chrome on ANDROID (62e88494c1dbcb366d86a4960534f35b)] -&gt; xpath: .//word], [[AndroidDriver: chrome on ANDROID (62e88494c1dbcb366d86a4960534f35b)] -&gt; xpath: .//word], [[AndroidDriver: chrome on ANDROID (62e88494c1dbcb366d86a4960534f35b)] -&gt; xpath: .//word], [[AndroidDriver: chrome on ANDROID (62e88494c1dbcb366d86a4960534f35b)] -&gt; xpath: .//word], [[AndroidDriver: chrome on ANDROID (62e88494c1dbcb366d86a4960534f35b)] -&gt; xpath: .//word], [[AndroidDriver: chrome on ANDROID (62e88494c1dbcb366d86a4960534f35b)] -&gt; xpath: .//word], [[AndroidDriver: chrome on ANDROID (62e88494c1dbcb366d86a4960534f35b)] -&gt; xpath: .//word], [[AndroidDriver: chrome on ANDROID (62e88494c1dbcb366d86a4960534f35b)] -&gt; xpath: .//word], [[AndroidDriver: chrome on ANDROID (62e88494c1dbcb366d86a4960534f35b)] -&gt; xpath: .//word], [[AndroidDriver: chrome on ANDROID (62e88494c1dbcb366d86a4960534f35b)] -&gt; xpath: .//word], [[AndroidDriver: chrome on ANDROID (62e88494c1dbcb366d86a4960534f35b)] -&gt; xpath: .//word], [[AndroidDriver: chrome on ANDROID (62e88494c1dbcb366d86a4960534f35b)] -&gt; xpath: .//word], [[AndroidDriver: chrome on ANDROID (62e88494c1dbcb366d86a4960534f35b)] -&gt; xpath: .//word], [[AndroidDriver: chrome on ANDROID (62e88494c1dbcb366d86a4960534f35b)] -&gt; xpath: .//word], [[AndroidDriver: chrome on ANDROID (62e88494c1dbcb366d86a4960534f35b)] -&gt; xpath: .//word], [[AndroidDriver: chrome on ANDROID (62e88494c1dbcb366d86a4960534f35b)] -&gt; xpath: .//word], [[AndroidDriver: chrome on ANDROID (62e88494c1dbcb366d86a4960534f35b)] -&gt; xpath: .//word], [[AndroidDriver: chrome on ANDROID (62e88494c1dbcb366d86a4960534f35b)] -&gt; xpath: .//word], [[AndroidDriver: chrome on ANDROID (62e88494c1dbcb366d86a4960534f35b)] -&gt; xpath: .//word], [[AndroidDriver: chrome on ANDROID (62e88494c1dbcb366d86a4960534f35b)] -&gt; xpath: .//word], [[AndroidDriver: chrome on ANDROID (62e88494c1dbcb366d86a4960534f35b)] -&gt; xpath: .//word], [[AndroidDriver: chrome on ANDROID (62e88494c1dbcb366d86a4960534f35b)] -&gt; xpath: .//word], [[AndroidDriver: chrome on ANDROID (62e88494c1dbcb366d86a4960534f35b)] -&gt; xpath: .//word], [[AndroidDriver: chrome on ANDROID (62e88494c1dbcb366d86a4960534f35b)] -&gt; xpath: .//word], [[AndroidDriver: chrome on ANDROID (62e88494c1dbcb366d86a4960534f35b)] -&gt; xpath: .//word], [[AndroidDriver: chrome on ANDROID (62e88494c1dbcb366d86a4960534f35b)] -&gt; xpath: .//word], [[AndroidDriver: chrome on ANDROID (62e88494c1dbcb366d86a4960534f35b)] -&gt; xpath: .//word], [[AndroidDriver: chrome on ANDROID (62e88494c1dbcb366d86a4960534f35b)] -&gt; xpath: .//word], [[AndroidDriver: chrome on ANDROID (62e88494c1dbcb366d86a4960534f35b)] -&gt; xpath: .//word], [[AndroidDriver: chrome on ANDROID (62e88494c1dbcb366d86a4960534f35b)] -&gt; xpath: .//word], [[AndroidDriver: chrome on ANDROID (62e88494c1dbcb366d86a4960534f35b)] -&gt; xpath: .//word], [[AndroidDriver: chrome on ANDROID (62e88494c1dbcb366d86a4960534f35b)] -&gt; xpath: .//word], [[AndroidDriver: chrome on ANDROID (62e88494c1dbcb366d86a4960534f35b)] -&gt; xpath: .//word], [[AndroidDriver: chrome on ANDROID (62e88494c1dbcb366d86a4960534f35b)] -&gt; xpath: .//word], [[AndroidDriver: chrome on ANDROID (62e88494c1dbcb366d86a4960534f35b)] -&gt; xpath: .//word], [[AndroidDriver: chrome on ANDROID (62e88494c1dbcb366d86a4960534f35b)] -&gt; xpath: .//word], [[AndroidDriver: chrome on ANDROID (62e88494c1dbcb366d86a4960534f35b)] -&gt; xpath: .//word], [[AndroidDriver: chrome on ANDROID (62e88494c1dbcb366d86a4960534f35b)] -&gt; xpath: .//word], [[AndroidDriver: chrome on ANDROID (62e88494c1dbcb366d86a4960534f35b)] -&gt; xpath: .//word], [[AndroidDriver: chrome on ANDROID (62e88494c1dbcb366d86a4960534f35b)] -&gt; xpath: .//word], [[AndroidDriver: chrome on ANDROID (62e88494c1dbcb366d86a4960534f35b)] -&gt; xpath: .//word], [[AndroidDriver: chrome on ANDROID (62e88494c1dbcb366d86a4960534f35b)] -&gt; xpath: .//word], [[AndroidDriver: chrome on ANDROID (62e88494c1dbcb366d86a4960534f35b)] -&gt; xpath: .//word], [[AndroidDriver: chrome on ANDROID (62e88494c1dbcb366d86a4960534f35b)] -&gt; xpath: .//word], [[AndroidDriver: chrome on ANDROID (62e88494c1dbcb366d86a4960534f35b)] -&gt; xpath: .//word], [[AndroidDriver: chrome on ANDROID (62e88494c1dbcb366d86a4960534f35b)] -&gt; xpath: .//word], [[AndroidDriver: chrome on ANDROID (62e88494c1dbcb366d86a4960534f35b)] -&gt; xpath: .//word], [[AndroidDriver: chrome on ANDROID (62e88494c1dbcb366d86a4960534f35b)] -&gt; xpath: .//word], [[AndroidDriver: chrome on ANDROID (62e88494c1dbcb366d86a4960534f35b)] -&gt; xpath: .//word], [[AndroidDriver: chrome on ANDROID (62e88494c1dbcb366d86a4960534f35b)] -&gt; xpath: .//word], [[AndroidDriver: chrome on ANDROID (62e88494c1dbcb366d86a4960534f35b)] -&gt; xpath: .//word], [[AndroidDriver: chrome on ANDROID (62e88494c1dbcb366d86a4960534f35b)] -&gt; xpath: .//word], [[AndroidDriver: chrome on ANDROID (62e88494c1dbcb366d86a4960534f35b)] -&gt; xpath: .//word], [[AndroidDriver: chrome on ANDROID (62e88494c1dbcb366d86a4960534f35b)] -&gt; xpath: .//word], [[AndroidDriver: chrome on ANDROID (62e88494c1dbcb366d86a4960534f35b)] -&gt; xpath: .//word], [[AndroidDriver: chrome on ANDROID (62e88494c1dbcb366d86a4960534f35b)] -&gt; xpath: .//word], [[AndroidDriver: chrome on ANDROID (62e88494c1dbcb366d86a4960534f35b)] -&gt; xpath: .//word], [[AndroidDriver: chrome on ANDROID (62e88494c1dbcb366d86a4960534f35b)] -&gt; xpath: .//word], [[AndroidDriver: chrome on ANDROID (62e88494c1dbcb366d86a4960534f35b)] -&gt; xpath: .//word], [[AndroidDriver: chrome on ANDROID (62e88494c1dbcb366d86a4960534f35b)] -&gt; xpath: .//word], [[AndroidDriver: chrome on ANDROID (62e88494c1dbcb366d86a4960534f35b)] -&gt; xpath: .//word], [[AndroidDriver: chrome on ANDROID (62e88494c1dbcb366d86a4960534f35b)] -&gt; xpath: .//word], [[AndroidDriver: chrome on ANDROID (62e88494c1dbcb366d86a4960534f35b)] -&gt; xpath: .//word], [[AndroidDriver: chrome on ANDROID (62e88494c1dbcb366d86a4960534f35b)] -&gt; xpath: .//word], [[AndroidDriver: chrome on ANDROID (62e88494c1dbcb366d86a4960534f35b)] -&gt; xpath: .//word], [[AndroidDriver: chrome on ANDROID (62e88494c1dbcb366d86a4960534f35b)] -&gt; xpath: .//word], [[AndroidDriver: chrome on ANDROID (62e88494c1dbcb366d86a4960534f35b)] -&gt; xpath: .//word], [[AndroidDriver: chrome on ANDROID (62e88494c1dbcb366d86a4960534f35b)] -&gt; xpath: .//word], [[AndroidDriver: chrome on ANDROID (62e88494c1dbcb366d86a4960534f35b)] -&gt; xpath: .//word], [[AndroidDriver: chrome on ANDROID (62e88494c1dbcb366d86a4960534f35b)] -&gt; xpath: .//word], [[AndroidDriver: chrome on ANDROID (62e88494c1dbcb366d86a4960534f35b)] -&gt; xpath: .//word], [[AndroidDriver: chrome on ANDROID (62e88494c1dbcb366d86a4960534f35b)] -&gt; xpath: .//word], [[AndroidDriver: chrome on ANDROID (62e88494c1dbcb366d86a4960534f35b)] -&gt; xpath: .//word], [[AndroidDriver: chrome on ANDROID (62e88494c1dbcb366d86a4960534f35b)] -&gt; xpath: .//word], [[AndroidDriver: chrome on ANDROID (62e88494c1dbcb366d86a4960534f35b)] -&gt; xpath: .//word], [[AndroidDriver: chrome on ANDROID (62e88494c1dbcb366d86a4960534f35b)] -&gt; xpath: .//word], [[AndroidDriver: chrome on ANDROID (62e88494c1dbcb366d86a4960534f35b)] -&gt; xpath: .//word], [[AndroidDriver: chrome on ANDROID (62e88494c1dbcb366d86a4960534f35b)] -&gt; xpath: .//word], [[AndroidDriver: chrome on ANDROID (62e88494c1dbcb366d86a4960534f35b)] -&gt; xpath: .//word], [[AndroidDriver: chrome on ANDROID (62e88494c1dbcb366d86a4960534f35b)] -&gt; xpath: .//word], [[AndroidDriver: chrome on ANDROID (62e88494c1dbcb366d86a4960534f35b)] -&gt; xpath: .//word], [[AndroidDriver: chrome on ANDROID (62e88494c1dbcb366d86a4960534f35b)] -&gt; xpath: .//word], [[AndroidDriver: chrome on ANDROID (62e88494c1dbcb366d86a4960534f35b)] -&gt; xpath: .//word], [[AndroidDriver: chrome on ANDROID (62e88494c1dbcb366d86a4960534f35b)] -&gt; xpath: .//word], [[AndroidDriver: chrome on ANDROID (62e88494c1dbcb366d86a4960534f35b)] -&gt; xpath: .//word], [[AndroidDriver: chrome on ANDROID (62e88494c1dbcb366d86a4960534f35b)] -&gt; xpath: .//word], [[AndroidDriver: chrome on ANDROID (62e88494c1dbcb366d86a4960534f35b)] -&gt; xpath: .//word], [[AndroidDriver: chrome on ANDROID (62e88494c1dbcb366d86a4960534f35b)] -&gt; xpath: .//word], [[AndroidDriver: chrome on ANDROID (62e88494c1dbcb366d86a4960534f35b)] -&gt; xpath: .//word], [[AndroidDriver: chrome on ANDROID (62e88494c1dbcb366d86a4960534f35b)] -&gt; xpath: .//word], [[AndroidDriver: chrome on ANDROID (62e88494c1dbcb366d86a4960534f35b)] -&gt; xpath: .//word], [[AndroidDriver: chrome on ANDROID (62e88494c1dbcb366d86a4960534f35b)] -&gt; xpath: .//word], [[AndroidDriver: chrome on ANDROID (62e88494c1dbcb366d86a4960534f35b)] -&gt; xpath: .//word], [[AndroidDriver: chrome on ANDROID (62e88494c1dbcb366d86a4960534f35b)] -&gt; xpath: .//word], [[AndroidDriver: chrome on ANDROID (62e88494c1dbcb366d86a4960534f35b)] -&gt; xpath: .//word], [[AndroidDriver: chrome on ANDROID (62e88494c1dbcb366d86a4960534f35b)] -&gt; xpath: .//word], [[AndroidDriver: chrome on ANDROID (62e88494c1dbcb366d86a4960534f35b)] -&gt; xpath: .//word], [[AndroidDriver: chrome on ANDROID (62e88494c1dbcb366d86a4960534f35b)] -&gt; xpath: .//word], [[AndroidDriver: chrome on ANDROID (62e88494c1dbcb366d86a4960534f35b)] -&gt; xpath: .//word], [[AndroidDriver: chrome on ANDROID (62e88494c1dbcb366d86a4960534f35b)] -&gt; xpath: .//word], [[AndroidDriver: chrome on ANDROID (62e88494c1dbcb366d86a4960534f35b)] -&gt; xpath: .//word], [[AndroidDriver: chrome on ANDROID (62e88494c1dbcb366d86a4960534f35b)] -&gt; xpath: .//word], [[AndroidDriver: chrome on ANDROID (62e88494c1dbcb366d86a4960534f35b)] -&gt; xpath: .//word], [[AndroidDriver: chrome on ANDROID (62e88494c1dbcb366d86a4960534f35b)] -&gt; xpath: .//word], [[AndroidDriver: chrome on ANDROID (62e88494c1dbcb366d86a4960534f35b)] -&gt; xpath: .//word], [[AndroidDriver: chrome on ANDROID (62e88494c1dbcb366d86a4960534f35b)] -&gt; xpath: .//word], [[AndroidDriver: chrome on ANDROID (62e88494c1dbcb366d86a4960534f35b)] -&gt; xpath: .//word], [[AndroidDriver: chrome on ANDROID (62e88494c1dbcb366d86a4960534f35b)] -&gt; xpath: .//word], [[AndroidDriver: chrome on ANDROID (62e88494c1dbcb366d86a4960534f35b)] -&gt; xpath: .//word], [[AndroidDriver: chrome on ANDROID (62e88494c1dbcb366d86a4960534f35b)] -&gt; xpath: .//word], [[AndroidDriver: chrome on ANDROID (62e88494c1dbcb366d86a4960534f35b)] -&gt; xpath: .//word], [[AndroidDriver: chrome on ANDROID (62e88494c1dbcb366d86a4960534f35b)] -&gt; xpath: .//word], [[AndroidDriver: chrome on ANDROID (62e88494c1dbcb366d86a4960534f35b)] -&gt; xpath: .//word], [[AndroidDriver: chrome on ANDROID (62e88494c1dbcb366d86a4960534f35b)] -&gt; xpath: .//word], [[AndroidDriver: chrome on ANDROID (62e88494c1dbcb366d86a4960534f35b)] -&gt; xpath: .//word], [[AndroidDriver: chrome on ANDROID (62e88494c1dbcb366d86a4960534f35b)] -&gt; xpath: .//word], [[AndroidDriver: chrome on ANDROID (62e88494c1dbcb366d86a4960534f35b)] -&gt; xpath: .//word], [[AndroidDriver: chrome on ANDROID (62e88494c1dbcb366d86a4960534f35b)] -&gt; xpath: .//word], [[AndroidDriver: chrome on ANDROID (62e88494c1dbcb366d86a4960534f35b)] -&gt; xpath: .//word], [[AndroidDriver: chrome on ANDROID (62e88494c1dbcb366d86a4960534f35b)] -&gt; xpath: .//word], [[AndroidDriver: chrome on ANDROID (62e88494c1dbcb366d86a4960534f35b)] -&gt; xpath: .//word], [[AndroidDriver: chrome on ANDROID (62e88494c1dbcb366d86a4960534f35b)] -&gt; xpath: .//word], [[AndroidDriver: chrome on ANDROID (62e88494c1dbcb366d86a4960534f35b)] -&gt; xpath: .//word], [[AndroidDriver: chrome on ANDROID (62e88494c1dbcb366d86a4960534f35b)] -&gt; xpath: .//word], [[AndroidDriver: chrome on ANDROID (62e88494c1dbcb366d86a4960534f35b)] -&gt; xpath: .//word], [[AndroidDriver: chrome on ANDROID (62e88494c1dbcb366d86a4960534f35b)] -&gt; xpath: .//word], [[AndroidDriver: chrome on ANDROID (62e88494c1dbcb366d86a4960534f35b)] -&gt; xpath: .//word], [[AndroidDriver: chrome on ANDROID (62e88494c1dbcb366d86a4960534f35b)] -&gt; xpath: .//word], [[AndroidDriver: chrome on ANDROID (62e88494c1dbcb366d86a4960534f35b)] -&gt; xpath: .//word], [[AndroidDriver: chrome on ANDROID (62e88494c1dbcb366d86a4960534f35b)] -&gt; xpath: .//word], [[AndroidDriver: chrome on ANDROID (62e88494c1dbcb366d86a4960534f35b)] -&gt; xpath: .//word], [[AndroidDriver: chrome on ANDROID (62e88494c1dbcb366d86a4960534f35b)] -&gt; xpath: .//word], [[AndroidDriver: chrome on ANDROID (62e88494c1dbcb366d86a4960534f35b)] -&gt; xpath: .//word], [[AndroidDriver: chrome on ANDROID (62e88494c1dbcb366d86a4960534f35b)] -&gt; xpath: .//word], [[AndroidDriver: chrome on ANDROID (62e88494c1dbcb366d86a4960534f35b)] -&gt; xpath: .//word], [[AndroidDriver: chrome on ANDROID (62e88494c1dbcb366d86a4960534f35b)] -&gt; xpath: .//word], [[AndroidDriver: chrome on ANDROID (62e88494c1dbcb366d86a4960534f35b)] -&gt; xpath: .//word], [[AndroidDriver: chrome on ANDROID (62e88494c1dbcb366d86a4960534f35b)] -&gt; xpath: .//word], [[AndroidDriver: chrome on ANDROID (62e88494c1dbcb366d86a4960534f35b)] -&gt; xpath: .//word], [[AndroidDriver: chrome on ANDROID (62e88494c1dbcb366d86a4960534f35b)] -&gt; xpath: .//word], [[AndroidDriver: chrome on ANDROID (62e88494c1dbcb366d86a4960534f35b)] -&gt; xpath: .//word], [[AndroidDriver: chrome on ANDROID (62e88494c1dbcb366d86a4960534f35b)] -&gt; xpath: .//word], [[AndroidDriver: chrome on ANDROID (62e88494c1dbcb366d86a4960534f35b)] -&gt; xpath: .//word], [[AndroidDriver: chrome on ANDROID (62e88494c1dbcb366d86a4960534f35b)] -&gt; xpath: .//word], [[AndroidDriver: chrome on ANDROID (62e88494c1dbcb366d86a4960534f35b)] -&gt; xpath: .//word], [[AndroidDriver: chrome on ANDROID (62e88494c1dbcb366d86a4960534f35b)] -&gt; xpath: .//word], [[AndroidDriver: chrome on ANDROID (62e88494c1dbcb366d86a4960534f35b)] -&gt; xpath: .//word], [[AndroidDriver: chrome on ANDROID (62e88494c1dbcb366d86a4960534f35b)] -&gt; xpath: .//word], [[AndroidDriver: chrome on ANDROID (62e88494c1dbcb366d86a4960534f35b)] -&gt; xpath: .//word], [[AndroidDriver: chrome on ANDROID (62e88494c1dbcb366d86a4960534f35b)] -&gt; xpath: .//word], [[AndroidDriver: chrome on ANDROID (62e88494c1dbcb366d86a4960534f35b)] -&gt; xpath: .//word], [[AndroidDriver: chrome on ANDROID (62e88494c1dbcb366d86a4960534f35b)] -&gt; xpath: .//word], [[AndroidDriver: chrome on ANDROID (62e88494c1dbcb366d86a4960534f35b)] -&gt; xpath: .//word], [[AndroidDriver: chrome on ANDROID (62e88494c1dbcb366d86a4960534f35b)] -&gt; xpath: .//word], [[AndroidDriver: chrome on ANDROID (62e88494c1dbcb366d86a4960534f35b)] -&gt; xpath: .//word], [[AndroidDriver: chrome on ANDROID (62e88494c1dbcb366d86a4960534f35b)] -&gt; xpath: .//word], [[AndroidDriver: chrome on ANDROID (62e88494c1dbcb366d86a4960534f35b)] -&gt; xpath: .//word], [[AndroidDriver: chrome on ANDROID (62e88494c1dbcb366d86a4960534f35b)] -&gt; xpath: .//word], [[AndroidDriver: chrome on ANDROID (62e88494c1dbcb366d86a4960534f35b)] -&gt; xpath: .//word], [[AndroidDriver: chrome on ANDROID (62e88494c1dbcb366d86a4960534f35b)] -&gt; xpath: .//word], [[AndroidDriver: chrome on ANDROID (62e88494c1dbcb366d86a4960534f35b)] -&gt; xpath: .//word], [[AndroidDriver: chrome on ANDROID (62e88494c1dbcb366d86a4960534f35b)] -&gt; xpath: .//word], [[AndroidDriver: chrome on ANDROID (62e88494c1dbcb366d86a4960534f35b)] -&gt; xpath: .//word], [[AndroidDriver: chrome on ANDROID (62e88494c1dbcb366d86a4960534f35b)] -&gt; xpath: .//word], [[AndroidDriver: chrome on ANDROID (62e88494c1dbcb366d86a4960534f35b)] -&gt; xpath: .//word], [[AndroidDriver: chrome on ANDROID (62e88494c1dbcb366d86a4960534f35b)] -&gt; xpath: .//word], [[AndroidDriver: chrome on ANDROID (62e88494c1dbcb366d86a4960534f35b)] -&gt; xpath: .//word], [[AndroidDriver: chrome on ANDROID (62e88494c1dbcb366d86a4960534f35b)] -&gt; xpath: .//word], [[AndroidDriver: chrome on ANDROID (62e88494c1dbcb366d86a4960534f35b)] -&gt; xpath: .//word], [[AndroidDriver: chrome on ANDROID (62e88494c1dbcb366d86a4960534f35b)] -&gt; xpath: .//word], [[AndroidDriver: chrome on ANDROID (62e88494c1dbcb366d86a4960534f35b)] -&gt; xpath: .//word], [[AndroidDriver: chrome on ANDROID (62e88494c1dbcb366d86a4960534f35b)] -&gt; xpath: .//word], [[AndroidDriver: chrome on ANDROID (62e88494c1dbcb366d86a4960534f35b)] -&gt; xpath: .//word], [[AndroidDriver: chrome on ANDROID (62e88494c1dbcb366d86a4960534f35b)] -&gt; xpath: .//word], [[AndroidDriver: chrome on ANDROID (62e88494c1dbcb366d86a4960534f35b)] -&gt; xpath: .//word], [[AndroidDriver: chrome on ANDROID (62e88494c1dbcb366d86a4960534f35b)] -&gt; xpath: .//word], [[AndroidDriver: chrome on ANDROID (62e88494c1dbcb366d86a4960534f35b)] -&gt; xpath: .//word], [[AndroidDriver: chrome on ANDROID (62e88494c1dbcb366d86a4960534f35b)] -&gt; xpath: .//word], [[AndroidDriver: chrome on ANDROID (62e88494c1dbcb366d86a4960534f35b)] -&gt; xpath: .//word], [[AndroidDriver: chrome on ANDROID (62e88494c1dbcb366d86a4960534f35b)] -&gt; xpath: .//word], [[AndroidDriver: chrome on ANDROID (62e88494c1dbcb366d86a4960534f35b)] -&gt; xpath: .//word], [[AndroidDriver: chrome on ANDROID (62e88494c1dbcb366d86a4960534f35b)] -&gt; xpath: .//word], [[AndroidDriver: chrome on ANDROID (62e88494c1dbcb366d86a4960534f35b)] -&gt; xpath: .//word], [[AndroidDriver: chrome on ANDROID (62e88494c1dbcb366d86a4960534f35b)] -&gt; xpath: .//word], [[AndroidDriver: chrome on ANDROID (62e88494c1dbcb366d86a4960534f35b)] -&gt; xpath: .//word], [[AndroidDriver: chrome on ANDROID (62e88494c1dbcb366d86a4960534f35b)] -&gt; xpath: .//word], [[AndroidDriver: chrome on ANDROID (62e88494c1dbcb366d86a4960534f35b)] -&gt; xpath: .//word], [[AndroidDriver: chrome on ANDROID (62e88494c1dbcb366d86a4960534f35b)] -&gt; xpath: .//word], [[AndroidDriver: chrome on ANDROID (62e88494c1dbcb366d86a4960534f35b)] -&gt; xpath: .//word], [[AndroidDriver: chrome on ANDROID (62e88494c1dbcb366d86a4960534f35b)] -&gt; xpath: .//word], [[AndroidDriver: chrome on ANDROID (62e88494c1dbcb366d86a4960534f35b)] -&gt; xpath: .//word], [[AndroidDriver: chrome on ANDROID (62e88494c1dbcb366d86a4960534f35b)] -&gt; xpath: .//word], [[AndroidDriver: chrome on ANDROID (62e88494c1dbcb366d86a4960534f35b)] -&gt; xpath: .//word], [[AndroidDriver: chrome on ANDROID (62e88494c1dbcb366d86a4960534f35b)] -&gt; xpath: .//word], [[AndroidDriver: chrome on ANDROID (62e88494c1dbcb366d86a4960534f35b)] -&gt; xpath: .//word], [[AndroidDriver: chrome on ANDROID (62e88494c1dbcb366d86a4960534f35b)] -&gt; xpath: .//word], [[AndroidDriver: chrome on ANDROID (62e88494c1dbcb366d86a4960534f35b)] -&gt; xpath: .//word], [[AndroidDriver: chrome on ANDROID (62e88494c1dbcb366d86a4960534f35b)] -&gt; xpath: .//word], [[AndroidDriver: chrome on ANDROID (62e88494c1dbcb366d86a4960534f35b)] -&gt; xpath: .//word], [[AndroidDriver: chrome on ANDROID (62e88494c1dbcb366d86a4960534f35b)] -&gt; xpath: .//word], [[AndroidDriver: chrome on ANDROID (62e88494c1dbcb366d86a4960534f35b)] -&gt; xpath: .//word], [[AndroidDriver: chrome on ANDROID (62e88494c1dbcb366d86a4960534f35b)] -&gt; xpath: .//word], [[AndroidDriver: chrome on ANDROID (62e88494c1dbcb366d86a4960534f35b)] -&gt; xpath: .//word], [[AndroidDriver: chrome on ANDROID (62e88494c1dbcb366d86a4960534f35b)] -&gt; xpath: .//word], [[AndroidDriver: chrome on ANDROID (62e88494c1dbcb366d86a4960534f35b)] -&gt; xpath: .//word], [[AndroidDriver: chrome on ANDROID (62e88494c1dbcb366d86a4960534f35b)] -&gt; xpath: .//word], [[AndroidDriver: chrome on ANDROID (62e88494c1dbcb366d86a4960534f35b)] -&gt; xpath: .//word], [[AndroidDriver: chrome on ANDROID (62e88494c1dbcb366d86a4960534f35b)] -&gt; xpath: .//word], [[AndroidDriver: chrome on ANDROID (62e88494c1dbcb366d86a4960534f35b)] -&gt; xpath: .//word], [[AndroidDriver: chrome on ANDROID (62e88494c1dbcb366d86a4960534f35b)] -&gt; xpath: .//word], [[AndroidDriver: chrome on ANDROID (62e88494c1dbcb366d86a4960534f35b)] -&gt; xpath: .//word], [[AndroidDriver: chrome on ANDROID (62e88494c1dbcb366d86a4960534f35b)] -&gt; xpath: .//word], [[AndroidDriver: chrome on ANDROID (62e88494c1dbcb366d86a4960534f35b)] -&gt; xpath: .//word], [[AndroidDriver: chrome on ANDROID (62e88494c1dbcb366d86a4960534f35b)] -&gt; xpath: .//word], [[AndroidDriver: chrome on ANDROID (62e88494c1dbcb366d86a4960534f35b)] -&gt; xpath: .//word], [[AndroidDriver: chrome on ANDROID (62e88494c1dbcb366d86a4960534f35b)] -&gt; xpath: .//word], [[AndroidDriver: chrome on ANDROID (62e88494c1dbcb366d86a4960534f35b)] -&gt; xpath: .//word], [[AndroidDriver: chrome on ANDROID (62e88494c1dbcb366d86a4960534f35b)] -&gt; xpath: .//word], [[AndroidDriver: chrome on ANDROID (62e88494c1dbcb366d86a4960534f35b)] -&gt; xpath: .//word], [[AndroidDriver: chrome on ANDROID (62e88494c1dbcb366d86a4960534f35b)] -&gt; xpath: .//word], [[AndroidDriver: chrome on ANDROID (62e88494c1dbcb366d86a4960534f35b)] -&gt; xpath: .//word], [[AndroidDriver: chrome on ANDROID (62e88494c1dbcb366d86a4960534f35b)] -&gt; xpath: .//word], [[AndroidDriver: chrome on ANDROID (62e88494c1dbcb366d86a4960534f35b)] -&gt; xpath: .//word], [[AndroidDriver: chrome on ANDROID (62e88494c1dbcb366d86a4960534f35b)] -&gt; xpath: .//word], [[AndroidDriver: chrome on ANDROID (62e88494c1dbcb366d86a4960534f35b)] -&gt; xpath: .//word], [[AndroidDriver: chrome on ANDROID (62e88494c1dbcb366d86a4960534f35b)] -&gt; xpath: .//word], [[AndroidDriver: chrome on ANDROID (62e88494c1dbcb366d86a4960534f35b)] -&gt; xpath: .//word], [[AndroidDriver: chrome on ANDROID (62e88494c1dbcb366d86a4960534f35b)] -&gt; xpath: .//word], [[AndroidDriver: chrome on ANDROID (62e88494c1dbcb366d86a4960534f35b)] -&gt; xpath: .//word], [[AndroidDriver: chrome on ANDROID (62e88494c1dbcb366d86a4960534f35b)] -&gt; xpath: .//word], [[AndroidDriver: chrome on ANDROID (62e88494c1dbcb366d86a4960534f35b)] -&gt; xpath: .//word], [[AndroidDriver: chrome on ANDROID (62e88494c1dbcb366d86a4960534f35b)] -&gt; xpath: .//word], [[AndroidDriver: chrome on ANDROID (62e88494c1dbcb366d86a4960534f35b)] -&gt; xpath: .//word], [[AndroidDriver: chrome on ANDROID (62e88494c1dbcb366d86a4960534f35b)] -&gt; xpath: .//word], [[AndroidDriver: chrome on ANDROID (62e88494c1dbcb366d86a4960534f35b)] -&gt; xpath: .//word], [[AndroidDriver: chrome on ANDROID (62e88494c1dbcb366d86a4960534f35b)] -&gt; xpath: .//word], [[AndroidDriver: chrome on ANDROID (62e88494c1dbcb366d86a4960534f35b)] -&gt; xpath: .//word], [[AndroidDriver: chrome on ANDROID (62e88494c1dbcb366d86a4960534f35b)] -&gt; xpath: .//word], [[AndroidDriver: chrome on ANDROID (62e88494c1dbcb366d86a4960534f35b)] -&gt; xpath: .//word], [[AndroidDriver: chrome on ANDROID (62e88494c1dbcb366d86a4960534f35b)] -&gt; xpath: .//word], [[AndroidDriver: chrome on ANDROID (62e88494c1dbcb366d86a4960534f35b)] -&gt; xpath: .//word], [[AndroidDriver: chrome on ANDROID (62e88494c1dbcb366d86a4960534f35b)] -&gt; xpath: .//word], [[AndroidDriver: chrome on ANDROID (62e88494c1dbcb366d86a4960534f35b)] -&gt; xpath: .//word], [[AndroidDriver: chrome on ANDROID (62e88494c1dbcb366d86a4960534f35b)] -&gt; xpath: .//word], [[AndroidDriver: chrome on ANDROID (62e88494c1dbcb366d86a4960534f35b)] -&gt; xpath: .//word], [[AndroidDriver: chrome on ANDROID (62e88494c1dbcb366d86a4960534f35b)] -&gt; xpath: .//word], [[AndroidDriver: chrome on ANDROID (62e88494c1dbcb366d86a4960534f35b)] -&gt; xpath: .//word], [[AndroidDriver: chrome on ANDROID (62e88494c1dbcb366d86a4960534f35b)] -&gt; xpath: .//word], [[AndroidDriver: chrome on ANDROID (62e88494c1dbcb366d86a4960534f35b)] -&gt; xpath: .//word], [[AndroidDriver: chrome on ANDROID (62e88494c1dbcb366d86a4960534f35b)] -&gt; xpath: .//word], [[AndroidDriver: chrome on ANDROID (62e88494c1dbcb366d86a4960534f35b)] -&gt; xpath: .//word], [[AndroidDriver: chrome on ANDROID (62e88494c1dbcb366d86a4960534f35b)] -&gt; xpath: .//word], [[AndroidDriver: chrome on ANDROID (62e88494c1dbcb366d86a4960534f35b)] -&gt; xpath: .//word], [[AndroidDriver: chrome on ANDROID (62e88494c1dbcb366d86a4960534f35b)] -&gt; xpath: .//word], [[AndroidDriver: chrome on ANDROID (62e88494c1dbcb366d86a4960534f35b)] -&gt; xpath: .//word], [[AndroidDriver: chrome on ANDROID (62e88494c1dbcb366d86a4960534f35b)] -&gt; xpath: .//word], [[AndroidDriver: chrome on ANDROID (62e88494c1dbcb366d86a4960534f35b)] -&gt; xpath: .//word], [[AndroidDriver: chrome on ANDROID (62e88494c1dbcb366d86a4960534f35b)] -&gt; xpath: .//word], [[AndroidDriver: chrome on ANDROID (62e88494c1dbcb366d86a4960534f35b)] -&gt; xpath: .//word], [[AndroidDriver: chrome on ANDROID (62e88494c1dbcb366d86a4960534f35b)] -&gt; xpath: .//word], [[AndroidDriver: chrome on ANDROID (62e88494c1dbcb366d86a4960534f35b)] -&gt; xpath: .//word], [[AndroidDriver: chrome on ANDROID (62e88494c1dbcb366d86a4960534f35b)] -&gt; xpath: .//word], [[AndroidDriver: chrome on ANDROID (62e88494c1dbcb366d86a4960534f35b)] -&gt; xpath: .//word], [[AndroidDriver: chrome on ANDROID (62e88494c1dbcb366d86a4960534f35b)] -&gt; xpath: .//word], [[AndroidDriver: chrome on ANDROID (62e88494c1dbcb366d86a4960534f35b)] -&gt; xpath: .//word], [[AndroidDriver: chrome on ANDROID (62e88494c1dbcb366d86a4960534f35b)] -&gt; xpath: .//word], [[AndroidDriver: chrome on ANDROID (62e88494c1dbcb366d86a4960534f35b)] -&gt; xpath: .//word], [[AndroidDriver: chrome on ANDROID (62e88494c1dbcb366d86a4960534f35b)] -&gt; xpath: .//word], [[AndroidDriver: chrome on ANDROID (62e88494c1dbcb366d86a4960534f35b)] -&gt; xpath: .//word], [[AndroidDriver: chrome on ANDROID (62e88494c1dbcb366d86a4960534f35b)] -&gt; xpath: .//word], [[AndroidDriver: chrome on ANDROID (62e88494c1dbcb366d86a4960534f35b)] -&gt; xpath: .//word], [[AndroidDriver: chrome on ANDROID (62e88494c1dbcb366d86a4960534f35b)] -&gt; xpath: .//word], [[AndroidDriver: chrome on ANDROID (62e88494c1dbcb366d86a4960534f35b)] -&gt; xpath: .//word], [[AndroidDriver: chrome on ANDROID (62e88494c1dbcb366d86a4960534f35b)] -&gt; xpath: .//word], [[AndroidDriver: chrome on ANDROID (62e88494c1dbcb366d86a4960534f35b)] -&gt; xpath: .//word], [[AndroidDriver: chrome on ANDROID (62e88494c1dbcb366d86a4960534f35b)] -&gt; xpath: .//word], [[AndroidDriver: chrome on ANDROID (62e88494c1dbcb366d86a4960534f35b)] -&gt; xpath: .//word], [[AndroidDriver: chrome on ANDROID (62e88494c1dbcb366d86a4960534f35b)] -&gt; xpath: .//word], [[AndroidDriver: chrome on ANDROID (62e88494c1dbcb366d86a4960534f35b)] -&gt; xpath: .//word], [[AndroidDriver: chrome on ANDROID (62e88494c1dbcb366d86a4960534f35b)] -&gt; xpath: .//word], [[AndroidDriver: chrome on ANDROID (62e88494c1dbcb366d86a4960534f35b)] -&gt; xpath: .//word], [[AndroidDriver: chrome on ANDROID (62e88494c1dbcb366d86a4960534f35b)] -&gt; xpath: .//word], [[AndroidDriver: chrome on ANDROID (62e88494c1dbcb366d86a4960534f35b)] -&gt; xpath: .//word], [[AndroidDriver: chrome on ANDROID (62e88494c1dbcb366d86a4960534f35b)] -&gt; xpath: .//word], [[AndroidDriver: chrome on ANDROID (62e88494c1dbcb366d86a4960534f35b)] -&gt; xpath: .//word], [[AndroidDriver: chrome on ANDROID (62e88494c1dbcb366d86a4960534f35b)] -&gt; xpath: .//word], [[AndroidDriver: chrome on ANDROID (62e88494c1dbcb366d86a4960534f35b)] -&gt; xpath: .//word], [[AndroidDriver: chrome on ANDROID (62e88494c1dbcb366d86a4960534f35b)] -&gt; xpath: .//word], [[AndroidDriver: chrome on ANDROID (62e88494c1dbcb366d86a4960534f35b)] -&gt; xpath: .//word], [[AndroidDriver: chrome on ANDROID (62e88494c1dbcb366d86a4960534f35b)] -&gt; xpath: .//word], [[AndroidDriver: chrome on ANDROID (62e88494c1dbcb366d86a4960534f35b)] -&gt; xpath: .//word], [[AndroidDriver: chrome on ANDROID (62e88494c1dbcb366d86a4960534f35b)] -&gt; xpath: .//word], [[AndroidDriver: chrome on ANDROID (62e88494c1dbcb366d86a4960534f35b)] -&gt; xpath: .//word], [[AndroidDriver: chrome on ANDROID (62e88494c1dbcb366d86a4960534f35b)] -&gt; xpath: .//word], [[AndroidDriver: chrome on ANDROID (62e88494c1dbcb366d86a4960534f35b)] -&gt; xpath: .//word], [[AndroidDriver: chrome on ANDROID (62e88494c1dbcb366d86a4960534f35b)] -&gt; xpath: .//word], [[AndroidDriver: chrome on ANDROID (62e88494c1dbcb366d86a4960534f35b)] -&gt; xpath: .//word], [[AndroidDriver: chrome on ANDROID (62e88494c1dbcb366d86a4960534f35b)] -&gt; xpath: .//word], [[AndroidDriver: chrome on ANDROID (62e88494c1dbcb366d86a4960534f35b)] -&gt; xpath: .//word], [[AndroidDriver: chrome on ANDROID (62e88494c1dbcb366d86a4960534f35b)] -&gt; xpath: .//word], [[AndroidDriver: chrome on ANDROID (62e88494c1dbcb366d86a4960534f35b)] -&gt; xpath: .//word], [[AndroidDriver: chrome on ANDROID (62e88494c1dbcb366d86a4960534f35b)] -&gt; xpath: .//word], [[AndroidDriver: chrome on ANDROID (62e88494c1dbcb366d86a4960534f35b)] -&gt; xpath: .//word], [[AndroidDriver: chrome on ANDROID (62e88494c1dbcb366d86a4960534f35b)] -&gt; xpath: .//word], [[AndroidDriver: chrome on ANDROID (62e88494c1dbcb366d86a4960534f35b)] -&gt; xpath: .//word], [[AndroidDriver: chrome on ANDROID (62e88494c1dbcb366d86a4960534f35b)] -&gt; xpath: .//word], [[AndroidDriver: chrome on ANDROID (62e88494c1dbcb366d86a4960534f35b)] -&gt; xpath: .//word], [[AndroidDriver: chrome on ANDROID (62e88494c1dbcb366d86a4960534f35b)] -&gt; xpath: .//word], [[AndroidDriver: chrome on ANDROID (62e88494c1dbcb366d86a4960534f35b)] -&gt; xpath: .//word], [[AndroidDriver: chrome on ANDROID (62e88494c1dbcb366d86a4960534f35b)] -&gt; xpath: .//word], [[AndroidDriver: chrome on ANDROID (62e88494c1dbcb366d86a4960534f35b)] -&gt; xpath: .//word], [[AndroidDriver: chrome on ANDROID (62e88494c1dbcb366d86a4960534f35b)] -&gt; xpath: .//word], [[AndroidDriver: chrome on ANDROID (62e88494c1dbcb366d86a4960534f35b)] -&gt; xpath: .//word], [[AndroidDriver: chrome on ANDROID (62e88494c1dbcb366d86a4960534f35b)] -&gt; xpath: .//word], [[AndroidDriver: chrome on ANDROID (62e88494c1dbcb366d86a4960534f35b)] -&gt; xpath: .//word], [[AndroidDriver: chrome on ANDROID (62e88494c1dbcb366d86a4960534f35b)] -&gt; xpath: .//word], [[AndroidDriver: chrome on ANDROID (62e88494c1dbcb366d86a4960534f35b)] -&gt; xpath: .//word], [[AndroidDriver: chrome on ANDROID (62e88494c1dbcb366d86a4960534f35b)] -&gt; xpath: .//word], [[AndroidDriver: chrome on ANDROID (62e88494c1dbcb366d86a4960534f35b)] -&gt; xpath: .//word], [[AndroidDriver: chrome on ANDROID (62e88494c1dbcb366d86a4960534f35b)] -&gt; xpath: .//word], [[AndroidDriver: chrome on ANDROID (62e88494c1dbcb366d86a4960534f35b)] -&gt; xpath: .//word], [[AndroidDriver: chrome on ANDROID (62e88494c1dbcb366d86a4960534f35b)] -&gt; xpath: .//word], [[AndroidDriver: chrome on ANDROID (62e88494c1dbcb366d86a4960534f35b)] -&gt; xpath: .//word], [[AndroidDriver: chrome on ANDROID (62e88494c1dbcb366d86a4960534f35b)] -&gt; xpath: .//word], [[AndroidDriver: chrome on ANDROID (62e88494c1dbcb366d86a4960534f35b)] -&gt; xpath: .//word], [[AndroidDriver: chrome on ANDROID (62e88494c1dbcb366d86a4960534f35b)] -&gt; xpath: .//word], [[AndroidDriver: chrome on ANDROID (62e88494c1dbcb366d86a4960534f35b)] -&gt; xpath: .//word], [[AndroidDriver: chrome on ANDROID (62e88494c1dbcb366d86a4960534f35b)] -&gt; xpath: .//word], [[AndroidDriver: chrome on ANDROID (62e88494c1dbcb366d86a4960534f35b)] -&gt; xpath: .//word], [[AndroidDriver: chrome on ANDROID (62e88494c1dbcb366d86a4960534f35b)] -&gt; xpath: .//word], [[AndroidDriver: chrome on ANDROID (62e88494c1dbcb366d86a4960534f35b)] -&gt; xpath: .//word], [[AndroidDriver: chrome on ANDROID (62e88494c1dbcb366d86a4960534f35b)] -&gt; xpath: .//word], [[AndroidDriver: chrome on ANDROID (62e88494c1dbcb366d86a4960534f35b)] -&gt; xpath: .//word], [[AndroidDriver: chrome on ANDROID (62e88494c1dbcb366d86a4960534f35b)] -&gt; xpath: .//word], [[AndroidDriver: chrome on ANDROID (62e88494c1dbcb366d86a4960534f35b)] -&gt; xpath: .//word], [[AndroidDriver: chrome on ANDROID (62e88494c1dbcb366d86a4960534f35b)] -&gt; xpath: .//word], [[AndroidDriver: chrome on ANDROID (62e88494c1dbcb366d86a4960534f35b)] -&gt; xpath: .//word], [[AndroidDriver: chrome on ANDROID (62e88494c1dbcb366d86a4960534f35b)] -&gt; xpath: .//word], [[AndroidDriver: chrome on ANDROID (62e88494c1dbcb366d86a4960534f35b)] -&gt; xpath: .//word], [[AndroidDriver: chrome on ANDROID (62e88494c1dbcb366d86a4960534f35b)] -&gt; xpath: .//word], [[AndroidDriver: chrome on ANDROID (62e88494c1dbcb366d86a4960534f35b)] -&gt; xpath: .//word], [[AndroidDriver: chrome on ANDROID (62e88494c1dbcb366d86a4960534f35b)] -&gt; xpath: .//word], [[AndroidDriver: chrome on ANDROID (62e88494c1dbcb366d86a4960534f35b)] -&gt; xpath: .//word], [[AndroidDriver: chrome on ANDROID (62e88494c1dbcb366d86a4960534f35b)] -&gt; xpath: .//word], [[AndroidDriver: chrome on ANDROID (62e88494c1dbcb366d86a4960534f35b)] -&gt; xpath: .//word], [[AndroidDriver: chrome on ANDROID (62e88494c1dbcb366d86a4960534f35b)] -&gt; xpath: .//word], [[AndroidDriver: chrome on ANDROID (62e88494c1dbcb366d86a4960534f35b)] -&gt; xpath: .//word], [[AndroidDriver: chrome on ANDROID (62e88494c1dbcb366d86a4960534f35b)] -&gt; xpath: .//word], [[AndroidDriver: chrome on ANDROID (62e88494c1dbcb366d86a4960534f35b)] -&gt; xpath: .//word], [[AndroidDriver: chrome on ANDROID (62e88494c1dbcb366d86a4960534f35b)] -&gt; xpath: .//word], [[AndroidDriver: chrome on ANDROID (62e88494c1dbcb366d86a4960534f35b)] -&gt; xpath: .//word], [[AndroidDriver: chrome on ANDROID (62e88494c1dbcb366d86a4960534f35b)] -&gt; xpath: .//word], [[AndroidDriver: chrome on ANDROID (62e88494c1dbcb366d86a4960534f35b)] -&gt; xpath: .//word], [[AndroidDriver: chrome on ANDROID (62e88494c1dbcb366d86a4960534f35b)] -&gt; xpath: .//word], [[AndroidDriver: chrome on ANDROID (62e88494c1dbcb366d86a4960534f35b)] -&gt; xpath: .//word], [[AndroidDriver: chrome on ANDROID (62e88494c1dbcb366d86a4960534f35b)] -&gt; xpath: .//word], [[AndroidDriver: chrome on ANDROID (62e88494c1dbcb366d86a4960534f35b)] -&gt; xpath: .//word], [[AndroidDriver: chrome on ANDROID (62e88494c1dbcb366d86a4960534f35b)] -&gt; xpath: .//word], [[AndroidDriver: chrome on ANDROID (62e88494c1dbcb366d86a4960534f35b)] -&gt; xpath: .//word], [[AndroidDriver: chrome on ANDROID (62e88494c1dbcb366d86a4960534f35b)] -&gt; xpath: .//word], [[AndroidDriver: chrome on ANDROID (62e88494c1dbcb366d86a4960534f35b)] -&gt; xpath: .//word], [[AndroidDriver: chrome on ANDROID (62e88494c1dbcb366d86a4960534f35b)] -&gt; xpath: .//word], [[AndroidDriver: chrome on ANDROID (62e88494c1dbcb366d86a4960534f35b)] -&gt; xpath: .//word], [[AndroidDriver: chrome on ANDROID (62e88494c1dbcb366d86a4960534f35b)] -&gt; xpath: .//word], [[AndroidDriver: chrome on ANDROID (62e88494c1dbcb366d86a4960534f35b)] -&gt; xpath: .//word], [[AndroidDriver: chrome on ANDROID (62e88494c1dbcb366d86a4960534f35b)] -&gt; xpath: .//word], [[AndroidDriver: chrome on ANDROID (62e88494c1dbcb366d86a4960534f35b)] -&gt; xpath: .//word], [[AndroidDriver: chrome on ANDROID (62e88494c1dbcb366d86a4960534f35b)] -&gt; xpath: .//word], [[AndroidDriver: chrome on ANDROID (62e88494c1dbcb366d86a4960534f35b)] -&gt; xpath: .//word], [[AndroidDriver: chrome on ANDROID (62e88494c1dbcb366d86a4960534f35b)] -&gt; xpath: .//word], [[AndroidDriver: chrome on ANDROID (62e88494c1dbcb366d86a4960534f35b)] -&gt; xpath: .//word], [[AndroidDriver: chrome on ANDROID (62e88494c1dbcb366d86a4960534f35b)] -&gt; xpath: .//word], [[AndroidDriver: chrome on ANDROID (62e88494c1dbcb366d86a4960534f35b)] -&gt; xpath: .//word], [[AndroidDriver: chrome on ANDROID (62e88494c1dbcb366d86a4960534f35b)] -&gt; xpath: .//word], [[AndroidDriver: chrome on ANDROID (62e88494c1dbcb366d86a4960534f35b)] -&gt; xpath: .//word], [[AndroidDriver: chrome on ANDROID (62e88494c1dbcb366d86a4960534f35b)] -&gt; xpath: .//word], [[AndroidDriver: chrome on ANDROID (62e88494c1dbcb366d86a4960534f35b)] -&gt; xpath: .//word], [[AndroidDriver: chrome on ANDROID (62e88494c1dbcb366d86a4960534f35b)] -&gt; xpath: .//word], [[AndroidDriver: chrome on ANDROID (62e88494c1dbcb366d86a4960534f35b)] -&gt; xpath: .//word], [[AndroidDriver: chrome on ANDROID (62e88494c1dbcb366d86a4960534f35b)] -&gt; xpath: .//word], [[AndroidDriver: chrome on ANDROID (62e88494c1dbcb366d86a4960534f35b)] -&gt; xpath: .//word], [[AndroidDriver: chrome on ANDROID (62e88494c1dbcb366d86a4960534f35b)] -&gt; xpath: .//word], [[AndroidDriver: chrome on ANDROID (62e88494c1dbcb366d86a4960534f35b)] -&gt; xpath: .//word], [[AndroidDriver: chrome on ANDROID (62e88494c1dbcb366d86a4960534f35b)] -&gt; xpath: .//word], [[AndroidDriver: chrome on ANDROID (62e88494c1dbcb366d86a4960534f35b)] -&gt; xpath: .//word], [[AndroidDriver: chrome on ANDROID (62e88494c1dbcb366d86a4960534f35b)] -&gt; xpath: .//word], [[AndroidDriver: chrome on ANDROID (62e88494c1dbcb366d86a4960534f35b)] -&gt; xpath: .//word], [[AndroidDriver: chrome on ANDROID (62e88494c1dbcb366d86a4960534f35b)] -&gt; xpath: .//word], [[AndroidDriver: chrome on ANDROID (62e88494c1dbcb366d86a4960534f35b)] -&gt; xpath: .//word], [[AndroidDriver: chrome on ANDROID (62e88494c1dbcb366d86a4960534f35b)] -&gt; xpath: .//word], [[AndroidDriver: chrome on ANDROID (62e88494c1dbcb366d86a4960534f35b)] -&gt; xpath: .//word], [[AndroidDriver: chrome on ANDROID (62e88494c1dbcb366d86a4960534f35b)] -&gt; xpath: .//word], [[AndroidDriver: chrome on ANDROID (62e88494c1dbcb366d86a4960534f35b)] -&gt; xpath: .//word], [[AndroidDriver: chrome on ANDROID (62e88494c1dbcb366d86a4960534f35b)] -&gt; xpath: .//word], [[AndroidDriver: chrome on ANDROID (62e88494c1dbcb366d86a4960534f35b)] -&gt; xpath: .//word], [[AndroidDriver: chrome on ANDROID (62e88494c1dbcb366d86a4960534f35b)] -&gt; xpath: .//word], [[AndroidDriver: chrome on ANDROID (62e88494c1dbcb366d86a4960534f35b)] -&gt; xpath: .//word], [[AndroidDriver: chrome on ANDROID (62e88494c1dbcb366d86a4960534f35b)] -&gt; xpath: .//word], [[AndroidDriver: chrome on ANDROID (62e88494c1dbcb366d86a4960534f35b)] -&gt; xpath: .//word], [[AndroidDriver: chrome on ANDROID (62e88494c1dbcb366d86a4960534f35b)] -&gt; xpath: .//word], [[AndroidDriver: chrome on ANDROID (62e88494c1dbcb366d86a4960534f35b)] -&gt; xpath: .//word], [[AndroidDriver: chrome on ANDROID (62e88494c1dbcb366d86a4960534f35b)] -&gt; xpath: .//word], [[AndroidDriver: chrome on ANDROID (62e88494c1dbcb366d86a4960534f35b)] -&gt; xpath: .//word], [[AndroidDriver: chrome on ANDROID (62e88494c1dbcb366d86a4960534f35b)] -&gt; xpath: .//word], [[AndroidDriver: chrome on ANDROID (62e88494c1dbcb366d86a4960534f35b)] -&gt; xpath: .//word], [[AndroidDriver: chrome on ANDROID (62e88494c1dbcb366d86a4960534f35b)] -&gt; xpath: .//word], [[AndroidDriver: chrome on ANDROID (62e88494c1dbcb366d86a4960534f35b)] -&gt; xpath: .//word], [[AndroidDriver: chrome on ANDROID (62e88494c1dbcb366d86a4960534f35b)] -&gt; xpath: .//word], [[AndroidDriver: chrome on ANDROID (62e88494c1dbcb366d86a4960534f35b)] -&gt; xpath: .//word], [[AndroidDriver: chrome on ANDROID (62e88494c1dbcb366d86a4960534f35b)] -&gt; xpath: .//word], [[AndroidDriver: chrome on ANDROID (62e88494c1dbcb366d86a4960534f35b)] -&gt; xpath: .//word], [[AndroidDriver: chrome on ANDROID (62e88494c1dbcb366d86a4960534f35b)] -&gt; xpath: .//word], [[AndroidDriver: chrome on ANDROID (62e88494c1dbcb366d86a4960534f35b)] -&gt; xpath: .//word], [[AndroidDriver: chrome on ANDROID (62e88494c1dbcb366d86a4960534f35b)] -&gt; xpath: .//word], [[AndroidDriver: chrome on ANDROID (62e88494c1dbcb366d86a4960534f35b)] -&gt; xpath: .//word], [[AndroidDriver: chrome on ANDROID (62e88494c1dbcb366d86a4960534f35b)] -&gt; xpath: .//word], [[AndroidDriver: chrome on ANDROID (62e88494c1dbcb366d86a4960534f35b)] -&gt; xpath: .//word], [[AndroidDriver: chrome on ANDROID (62e88494c1dbcb366d86a4960534f35b)] -&gt; xpath: .//word], [[AndroidDriver: chrome on ANDROID (62e88494c1dbcb366d86a4960534f35b)] -&gt; xpath: .//word], [[AndroidDriver: chrome on ANDROID (62e88494c1dbcb366d86a4960534f35b)] -&gt; xpath: .//word], [[AndroidDriver: chrome on ANDROID (62e88494c1dbcb366d86a4960534f35b)] -&gt; xpath: .//word], [[AndroidDriver: chrome on ANDROID (62e88494c1dbcb366d86a4960534f35b)] -&gt; xpath: .//word], [[AndroidDriver: chrome on ANDROID (62e88494c1dbcb366d86a4960534f35b)] -&gt; xpath: .//word], [[AndroidDriver: chrome on ANDROID (62e88494c1dbcb366d86a4960534f35b)] -&gt; xpath: .//word], [[AndroidDriver: chrome on ANDROID (62e88494c1dbcb366d86a4960534f35b)] -&gt; xpath: .//word], [[AndroidDriver: chrome on ANDROID (62e88494c1dbcb366d86a4960534f35b)] -&gt; xpath: .//word], [[AndroidDriver: chrome on ANDROID (62e88494c1dbcb366d86a4960534f35b)] -&gt; xpath: .//word], [[AndroidDriver: chrome on ANDROID (62e88494c1dbcb366d86a4960534f35b)] -&gt; xpath: .//word], [[AndroidDriver: chrome on ANDROID (62e88494c1dbcb366d86a4960534f35b)] -&gt; xpath: .//word], [[AndroidDriver: chrome on ANDROID (62e88494c1dbcb366d86a4960534f35b)] -&gt; xpath: .//word], [[AndroidDriver: chrome on ANDROID (62e88494c1dbcb366d86a4960534f35b)] -&gt; xpath: .//word], [[AndroidDriver: chrome on ANDROID (62e88494c1dbcb366d86a4960534f35b)] -&gt; xpath: .//word], [[AndroidDriver: chrome on ANDROID (62e88494c1dbcb366d86a4960534f35b)] -&gt; xpath: .//word], [[AndroidDriver: chrome on ANDROID (62e88494c1dbcb366d86a4960534f35b)] -&gt; xpath: .//word], [[AndroidDriver: chrome on ANDROID (62e88494c1dbcb366d86a4960534f35b)] -&gt; xpath: .//word], [[AndroidDriver: chrome on ANDROID (62e88494c1dbcb366d86a4960534f35b)] -&gt; xpath: .//word], [[AndroidDriver: chrome on ANDROID (62e88494c1dbcb366d86a4960534f35b)] -&gt; xpath: .//word], [[AndroidDriver: chrome on ANDROID (62e88494c1dbcb366d86a4960534f35b)] -&gt; xpath: .//word], [[AndroidDriver: chrome on ANDROID (62e88494c1dbcb366d86a4960534f35b)] -&gt; xpath: .//word], [[AndroidDriver: chrome on ANDROID (62e88494c1dbcb366d86a4960534f35b)] -&gt; xpath: .//word], [[AndroidDriver: chrome on ANDROID (62e88494c1dbcb366d86a4960534f35b)] -&gt; xpath: .//word], [[AndroidDriver: chrome on ANDROID (62e88494c1dbcb366d86a4960534f35b)] -&gt; xpath: .//word], [[AndroidDriver: chrome on ANDROID (62e88494c1dbcb366d86a4960534f35b)] -&gt; xpath: .//word], [[AndroidDriver: chrome on ANDROID (62e88494c1dbcb366d86a4960534f35b)] -&gt; xpath: .//word], [[AndroidDriver: chrome on ANDROID (62e88494c1dbcb366d86a4960534f35b)] -&gt; xpath: .//word], [[AndroidDriver: chrome on ANDROID (62e88494c1dbcb366d86a4960534f35b)] -&gt; xpath: .//word], [[AndroidDriver: chrome on ANDROID (62e88494c1dbcb366d86a4960534f35b)] -&gt; xpath: .//word], [[AndroidDriver: chrome on ANDROID (62e88494c1dbcb366d86a4960534f35b)] -&gt; xpath: .//word], [[AndroidDriver: chrome on ANDROID (62e88494c1dbcb366d86a4960534f35b)] -&gt; xpath: .//word], [[AndroidDriver: chrome on ANDROID (62e88494c1dbcb366d86a4960534f35b)] -&gt; xpath: .//word], [[AndroidDriver: chrome on ANDROID (62e88494c1dbcb366d86a4960534f35b)] -&gt; xpath: .//word], [[AndroidDriver: chrome on ANDROID (62e88494c1dbcb366d86a4960534f35b)] -&gt; xpath: .//word], [[AndroidDriver: chrome on ANDROID (62e88494c1dbcb366d86a4960534f35b)] -&gt; xpath: .//word], [[AndroidDriver: chrome on ANDROID (62e88494c1dbcb366d86a4960534f35b)] -&gt; xpath: .//word], [[AndroidDriver: chrome on ANDROID (62e88494c1dbcb366d86a4960534f35b)] -&gt; xpath: .//word], [[AndroidDriver: chrome on ANDROID (62e88494c1dbcb366d86a4960534f35b)] -&gt; xpath: .//word], [[AndroidDriver: chrome on ANDROID (62e88494c1dbcb366d86a4960534f35b)] -&gt; xpath: .//word], [[AndroidDriver: chrome on ANDROID (62e88494c1dbcb366d86a4960534f35b)] -&gt; xpath: .//word], [[AndroidDriver: chrome on ANDROID (62e88494c1dbcb366d86a4960534f35b)] -&gt; xpath: .//word], [[AndroidDriver: chrome on ANDROID (62e88494c1dbcb366d86a4960534f35b)] -&gt; xpath: .//word], [[AndroidDriver: chrome on ANDROID (62e88494c1dbcb366d86a4960534f35b)] -&gt; xpath: .//word], [[AndroidDriver: chrome on ANDROID (62e88494c1dbcb366d86a4960534f35b)] -&gt; xpath: .//word], [[AndroidDriver: chrome on ANDROID (62e88494c1dbcb366d86a4960534f35b)] -&gt; xpath: .//word], [[AndroidDriver: chrome on ANDROID (62e88494c1dbcb366d86a4960534f35b)] -&gt; xpath: .//word], [[AndroidDriver: chrome on ANDROID (62e88494c1dbcb366d86a4960534f35b)] -&gt; xpath: .//word], [[AndroidDriver: chrome on ANDROID (62e88494c1dbcb366d86a4960534f35b)] -&gt; xpath: .//word], [[AndroidDriver: chrome on ANDROID (62e88494c1dbcb366d86a4960534f35b)] -&gt; xpath: .//word], [[AndroidDriver: chrome on ANDROID (62e88494c1dbcb366d86a4960534f35b)] -&gt; xpath: .//word], [[AndroidDriver: chrome on ANDROID (62e88494c1dbcb366d86a4960534f35b)] -&gt; xpath: .//word], [[AndroidDriver: chrome on ANDROID (62e88494c1dbcb366d86a4960534f35b)] -&gt; xpath: .//word], [[AndroidDriver: chrome on ANDROID (62e88494c1dbcb366d86a4960534f35b)] -&gt; xpath: .//word], [[AndroidDriver: chrome on ANDROID (62e88494c1dbcb366d86a4960534f35b)] -&gt; xpath: .//word], [[AndroidDriver: chrome on ANDROID (62e88494c1dbcb366d86a4960534f35b)] -&gt; xpath: .//word], [[AndroidDriver: chrome on ANDROID (62e88494c1dbcb366d86a4960534f35b)] -&gt; xpath: .//word], [[AndroidDriver: chrome on ANDROID (62e88494c1dbcb366d86a4960534f35b)] -&gt; xpath: .//word], [[AndroidDriver: chrome on ANDROID (62e88494c1dbcb366d86a4960534f35b)] -&gt; xpath: .//word], [[AndroidDriver: chrome on ANDROID (62e88494c1dbcb366d86a4960534f35b)] -&gt; xpath: .//word], [[AndroidDriver: chrome on ANDROID (62e88494c1dbcb366d86a4960534f35b)] -&gt; xpath: .//word], [[AndroidDriver: chrome on ANDROID (62e88494c1dbcb366d86a4960534f35b)] -&gt; xpath: .//word], [[AndroidDriver: chrome on ANDROID (62e88494c1dbcb366d86a4960534f35b)] -&gt; xpath: .//word], [[AndroidDriver: chrome on ANDROID (62e88494c1dbcb366d86a4960534f35b)] -&gt; xpath: .//word], [[AndroidDriver: chrome on ANDROID (62e88494c1dbcb366d86a4960534f35b)] -&gt; xpath: .//word], [[AndroidDriver: chrome on ANDROID (62e88494c1dbcb366d86a4960534f35b)] -&gt; xpath: .//word], [[AndroidDriver: chrome on ANDROID (62e88494c1dbcb366d86a4960534f35b)] -&gt; xpath: .//word], [[AndroidDriver: chrome on ANDROID (62e88494c1dbcb366d86a4960534f35b)] -&gt; xpath: .//word], [[AndroidDriver: chrome on ANDROID (62e88494c1dbcb366d86a4960534f35b)] -&gt; xpath: .//word], [[AndroidDriver: chrome on ANDROID (62e88494c1dbcb366d86a4960534f35b)] -&gt; xpath: .//word], [[AndroidDriver: chrome on ANDROID (62e88494c1dbcb366d86a4960534f35b)] -&gt; xpath: .//word], [[AndroidDriver: chrome on ANDROID (62e88494c1dbcb366d86a4960534f35b)] -&gt; xpath: .//word], [[AndroidDriver: chrome on ANDROID (62e88494c1dbcb366d86a4960534f35b)] -&gt; xpath: .//word], [[AndroidDriver: chrome on ANDROID (62e88494c1dbcb366d86a4960534f35b)] -&gt; xpath: .//word], [[AndroidDriver: chrome on ANDROID (62e88494c1dbcb366d86a4960534f35b)] -&gt; xpath: .//word], [[AndroidDriver: chrome on ANDROID (62e88494c1dbcb366d86a4960534f35b)] -&gt; xpath: .//word], [[AndroidDriver: chrome on ANDROID (62e88494c1dbcb366d86a4960534f35b)] -&gt; xpath: .//word], [[AndroidDriver: chrome on ANDROID (62e88494c1dbcb366d86a4960534f35b)] -&gt; xpath: .//word], [[AndroidDriver: chrome on ANDROID (62e88494c1dbcb366d86a4960534f35b)] -&gt; xpath: .//word], [[AndroidDriver: chrome on ANDROID (62e88494c1dbcb366d86a4960534f35b)] -&gt; xpath: .//word], [[AndroidDriver: chrome on ANDROID (62e88494c1dbcb366d86a4960534f35b)] -&gt; xpath: .//word], [[AndroidDriver: chrome on ANDROID (62e88494c1dbcb366d86a4960534f35b)] -&gt; xpath: .//word], [[AndroidDriver: chrome on ANDROID (62e88494c1dbcb366d86a4960534f35b)] -&gt; xpath: .//word], [[AndroidDriver: chrome on ANDROID (62e88494c1dbcb366d86a4960534f35b)] -&gt; xpath: .//word], [[AndroidDriver: chrome on ANDROID (62e88494c1dbcb366d86a4960534f35b)] -&gt; xpath: .//word], [[AndroidDriver: chrome on ANDROID (62e88494c1dbcb366d86a4960534f35b)] -&gt; xpath: .//word], [[AndroidDriver: chrome on ANDROID (62e88494c1dbcb366d86a4960534f35b)] -&gt; xpath: .//word], [[AndroidDriver: chrome on ANDROID (62e88494c1dbcb366d86a4960534f35b)] -&gt; xpath: .//word], [[AndroidDriver: chrome on ANDROID (62e88494c1dbcb366d86a4960534f35b)] -&gt; xpath: .//word], [[AndroidDriver: chrome on ANDROID (62e88494c1dbcb366d86a4960534f35b)] -&gt; xpath: .//word], [[AndroidDriver: chrome on ANDROID (62e88494c1dbcb366d86a4960534f35b)] -&gt; xpath: .//word], [[AndroidDriver: chrome on ANDROID (62e88494c1dbcb366d86a4960534f35b)] -&gt; xpath: .//word], [[AndroidDriver: chrome on ANDROID (62e88494c1dbcb366d86a4960534f35b)] -&gt; xpath: .//word], [[AndroidDriver: chrome on ANDROID (62e88494c1dbcb366d86a4960534f35b)] -&gt; xpath: .//word], [[AndroidDriver: chrome on ANDROID (62e88494c1dbcb366d86a4960534f35b)] -&gt; xpath: .//word], [[AndroidDriver: chrome on ANDROID (62e88494c1dbcb366d86a4960534f35b)] -&gt; xpath: .//word], [[AndroidDriver: chrome on ANDROID (62e88494c1dbcb366d86a4960534f35b)] -&gt; xpath: .//word], [[AndroidDriver: chrome on ANDROID (62e88494c1dbcb366d86a4960534f35b)] -&gt; xpath: .//word], [[AndroidDriver: chrome on ANDROID (62e88494c1dbcb366d86a4960534f35b)] -&gt; xpath: .//word], [[AndroidDriver: chrome on ANDROID (62e88494c1dbcb366d86a4960534f35b)] -&gt; xpath: .//word], [[AndroidDriver: chrome on ANDROID (62e88494c1dbcb366d86a4960534f35b)] -&gt; xpath: .//word], [[AndroidDriver: chrome on ANDROID (62e88494c1dbcb366d86a4960534f35b)] -&gt; xpath: .//word], [[AndroidDriver: chrome on ANDROID (62e88494c1dbcb366d86a4960534f35b)] -&gt; xpath: .//word], [[AndroidDriver: chrome on ANDROID (62e88494c1dbcb366d86a4960534f35b)] -&gt; xpath: .//word], [[AndroidDriver: chrome on ANDROID (62e88494c1dbcb366d86a4960534f35b)] -&gt; xpath: .//word], [[AndroidDriver: chrome on ANDROID (62e88494c1dbcb366d86a4960534f35b)] -&gt; xpath: .//word], [[AndroidDriver: chrome on ANDROID (62e88494c1dbcb366d86a4960534f35b)] -&gt; xpath: .//word], [[AndroidDriver: chrome on ANDROID (62e88494c1dbcb366d86a4960534f35b)] -&gt; xpath: .//word], [[AndroidDriver: chrome on ANDROID (62e88494c1dbcb366d86a4960534f35b)] -&gt; xpath: .//word], [[AndroidDriver: chrome on ANDROID (62e88494c1dbcb366d86a4960534f35b)] -&gt; xpath: .//word], [[AndroidDriver: chrome on ANDROID (62e88494c1dbcb366d86a4960534f35b)] -&gt; xpath: .//word], [[AndroidDriver: chrome on ANDROID (62e88494c1dbcb366d86a4960534f35b)] -&gt; xpath: .//word], [[AndroidDriver: chrome on ANDROID (62e88494c1dbcb366d86a4960534f35b)] -&gt; xpath: .//word], [[AndroidDriver: chrome on ANDROID (62e88494c1dbcb366d86a4960534f35b)] -&gt; xpath: .//word], [[AndroidDriver: chrome on ANDROID (62e88494c1dbcb366d86a4960534f35b)] -&gt; xpath: .//word], [[AndroidDriver: chrome on ANDROID (62e88494c1dbcb366d86a4960534f35b)] -&gt; xpath: .//word], [[AndroidDriver: chrome on ANDROID (62e88494c1dbcb366d86a4960534f35b)] -&gt; xpath: .//word], [[AndroidDriver: chrome on ANDROID (62e88494c1dbcb366d86a4960534f35b)] -&gt; xpath: .//word], [[AndroidDriver: chrome on ANDROID (62e88494c1dbcb366d86a4960534f35b)] -&gt; xpath: .//word], [[AndroidDriver: chrome on ANDROID (62e88494c1dbcb366d86a4960534f35b)] -&gt; xpath: .//word], [[AndroidDriver: chrome on ANDROID (62e88494c1dbcb366d86a4960534f35b)] -&gt; xpath: .//word], [[AndroidDriver: chrome on ANDROID (62e88494c1dbcb366d86a4960534f35b)] -&gt; xpath: .//word], [[AndroidDriver: chrome on ANDROID (62e88494c1dbcb366d86a4960534f35b)] -&gt; xpath: .//word], [[AndroidDriver: chrome on ANDROID (62e88494c1dbcb366d86a4960534f35b)] -&gt; xpath: .//word], [[AndroidDriver: chrome on ANDROID (62e88494c1dbcb366d86a4960534f35b)] -&gt; xpath: .//word], [[AndroidDriver: chrome on ANDROID (62e88494c1dbcb366d86a4960534f35b)] -&gt; xpath: .//word], [[AndroidDriver: chrome on ANDROID (62e88494c1dbcb366d86a4960534f35b)] -&gt; xpath: .//word], [[AndroidDriver: chrome on ANDROID (62e88494c1dbcb366d86a4960534f35b)] -&gt; xpath: .//word], [[AndroidDriver: chrome on ANDROID (62e88494c1dbcb366d86a4960534f35b)] -&gt; xpath: .//word], [[AndroidDriver: chrome on ANDROID (62e88494c1dbcb366d86a4960534f35b)] -&gt; xpath: .//word], [[AndroidDriver: chrome on ANDROID (62e88494c1dbcb366d86a4960534f35b)] -&gt; xpath: .//word], [[AndroidDriver: chrome on ANDROID (62e88494c1dbcb366d86a4960534f35b)] -&gt; xpath: .//word], [[AndroidDriver: chrome on ANDROID (62e88494c1dbcb366d86a4960534f35b)] -&gt; xpath: .//word], [[AndroidDriver: chrome on ANDROID (62e88494c1dbcb366d86a4960534f35b)] -&gt; xpath: .//word], [[AndroidDriver: chrome on ANDROID (62e88494c1dbcb366d86a4960534f35b)] -&gt; xpath: .//word], [[AndroidDriver: chrome on ANDROID (62e88494c1dbcb366d86a4960534f35b)] -&gt; xpath: .//word], [[AndroidDriver: chrome on ANDROID (62e88494c1dbcb366d86a4960534f35b)] -&gt; xpath: .//word], [[AndroidDriver: chrome on ANDROID (62e88494c1dbcb366d86a4960534f35b)] -&gt; xpath: .//word], [[AndroidDriver: chrome on ANDROID (62e88494c1dbcb366d86a4960534f35b)] -&gt; xpath: .//word], [[AndroidDriver: chrome on ANDROID (62e88494c1dbcb366d86a4960534f35b)] -&gt; xpath: .//word], [[AndroidDriver: chrome on ANDROID (62e88494c1dbcb366d86a4960534f35b)] -&gt; xpath: .//word], [[AndroidDriver: chrome on ANDROID (62e88494c1dbcb366d86a4960534f35b)] -&gt; xpath: .//word], [[AndroidDriver: chrome on ANDROID (62e88494c1dbcb366d86a4960534f35b)] -&gt; xpath: .//word], [[AndroidDriver: chrome on ANDROID (62e88494c1dbcb366d86a4960534f35b)] -&gt; xpath: .//word], [[AndroidDriver: chrome on ANDROID (62e88494c1dbcb366d86a4960534f35b)] -&gt; xpath: .//word], [[AndroidDriver: chrome on ANDROID (62e88494c1dbcb366d86a4960534f35b)] -&gt; xpath: .//word], [[AndroidDriver: chrome on ANDROID (62e88494c1dbcb366d86a4960534f35b)] -&gt; xpath: .//word], [[AndroidDriver: chrome on ANDROID (62e88494c1dbcb366d86a4960534f35b)] -&gt; xpath: .//word], [[AndroidDriver: chrome on ANDROID (62e88494c1dbcb366d86a4960534f35b)] -&gt; xpath: .//word], [[AndroidDriver: chrome on ANDROID (62e88494c1dbcb366d86a4960534f35b)] -&gt; xpath: .//word], [[AndroidDriver: chrome on ANDROID (62e88494c1dbcb366d86a4960534f35b)] -&gt; xpath: .//word], [[AndroidDriver: chrome on ANDROID (62e88494c1dbcb366d86a4960534f35b)] -&gt; xpath: .//word], [[AndroidDriver: chrome on ANDROID (62e88494c1dbcb366d86a4960534f35b)] -&gt; xpath: .//word], [[AndroidDriver: chrome on ANDROID (62e88494c1dbcb366d86a4960534f35b)] -&gt; xpath: .//word], [[AndroidDriver: chrome on ANDROID (62e88494c1dbcb366d86a4960534f35b)] -&gt; xpath: .//word], [[AndroidDriver: chrome on ANDROID (62e88494c1dbcb366d86a4960534f35b)] -&gt; xpath: .//word], [[AndroidDriver: chrome on ANDROID (62e88494c1dbcb366d86a4960534f35b)] -&gt; xpath: .//word], [[AndroidDriver: chrome on ANDROID (62e88494c1dbcb366d86a4960534f35b)] -&gt; xpath: .//word], [[AndroidDriver: chrome on ANDROID (62e88494c1dbcb366d86a4960534f35b)] -&gt; xpath: .//word], [[AndroidDriver: chrome on ANDROID (62e88494c1dbcb366d86a4960534f35b)] -&gt; xpath: .//word], [[AndroidDriver: chrome on ANDROID (62e88494c1dbcb366d86a4960534f35b)] -&gt; xpath: .//word], [[AndroidDriver: chrome on ANDROID (62e88494c1dbcb366d86a4960534f35b)] -&gt; xpath: .//word], [[AndroidDriver: chrome on ANDROID (62e88494c1dbcb366d86a4960534f35b)] -&gt; xpath: .//word], [[AndroidDriver: chrome on ANDROID (62e88494c1dbcb366d86a4960534f35b)] -&gt; xpath: .//word], [[AndroidDriver: chrome on ANDROID (62e88494c1dbcb366d86a4960534f35b)] -&gt; xpath: .//word], [[AndroidDriver: chrome on ANDROID (62e88494c1dbcb366d86a4960534f35b)] -&gt; xpath: .//word], [[AndroidDriver: chrome on ANDROID (62e88494c1dbcb366d86a4960534f35b)] -&gt; xpath: .//word], [[AndroidDriver: chrome on ANDROID (62e88494c1dbcb366d86a4960534f35b)] -&gt; xpath: .//word], [[AndroidDriver: chrome on ANDROID (62e88494c1dbcb366d86a4960534f35b)] -&gt; xpath: .//word], [[AndroidDriver: chrome on ANDROID (62e88494c1dbcb366d86a4960534f35b)] -&gt; xpath: .//word], [[AndroidDriver: chrome on ANDROID (62e88494c1dbcb366d86a4960534f35b)] -&gt; xpath: .//word], [[AndroidDriver: chrome on ANDROID (62e88494c1dbcb366d86a4960534f35b)] -&gt; xpath: .//word], [[AndroidDriver: chrome on ANDROID (62e88494c1dbcb366d86a4960534f35b)] -&gt; xpath: .//word], [[AndroidDriver: chrome on ANDROID (62e88494c1dbcb366d86a4960534f35b)] -&gt; xpath: .//word], [[AndroidDriver: chrome on ANDROID (62e88494c1dbcb366d86a4960534f35b)] -&gt; xpath: .//word], [[AndroidDriver: chrome on ANDROID (62e88494c1dbcb366d86a4960534f35b)] -&gt; xpath: .//word], [[AndroidDriver: chrome on ANDROID (62e88494c1dbcb366d86a4960534f35b)] -&gt; xpath: .//word], [[AndroidDriver: chrome on ANDROID (62e88494c1dbcb366d86a4960534f35b)] -&gt; xpath: .//word], [[AndroidDriver: chrome on ANDROID (62e88494c1dbcb366d86a4960534f35b)] -&gt; xpath: .//word], [[AndroidDriver: chrome on ANDROID (62e88494c1dbcb366d86a4960534f35b)] -&gt; xpath: .//word], [[AndroidDriver: chrome on ANDROID (62e88494c1dbcb366d86a4960534f35b)] -&gt; xpath: .//word], [[AndroidDriver: chrome on ANDROID (62e88494c1dbcb366d86a4960534f35b)] -&gt; xpath: .//word], [[AndroidDriver: chrome on ANDROID (62e88494c1dbcb366d86a4960534f35b)] -&gt; xpath: .//word], [[AndroidDriver: chrome on ANDROID (62e88494c1dbcb366d86a4960534f35b)] -&gt; xpath: .//word], [[AndroidDriver: chrome on ANDROID (62e88494c1dbcb366d86a4960534f35b)] -&gt; xpath: .//word], [[AndroidDriver: chrome on ANDROID (62e88494c1dbcb366d86a4960534f35b)] -&gt; xpath: .//word], [[AndroidDriver: chrome on ANDROID (62e88494c1dbcb366d86a4960534f35b)] -&gt; xpath: .//word], [[AndroidDriver: chrome on ANDROID (62e88494c1dbcb366d86a4960534f35b)] -&gt; xpath: .//word], [[AndroidDriver: chrome on ANDROID (62e88494c1dbcb366d86a4960534f35b)] -&gt; xpath: .//word], [[AndroidDriver: chrome on ANDROID (62e88494c1dbcb366d86a4960534f35b)] -&gt; xpath: .//word], [[AndroidDriver: chrome on ANDROID (62e88494c1dbcb366d86a4960534f35b)] -&gt; xpath: .//word], [[AndroidDriver: chrome on ANDROID (62e88494c1dbcb366d86a4960534f35b)] -&gt; xpath: .//word], [[AndroidDriver: chrome on ANDROID (62e88494c1dbcb366d86a4960534f35b)] -&gt; xpath: .//word], [[AndroidDriver: chrome on ANDROID (62e88494c1dbcb366d86a4960534f35b)] -&gt; xpath: .//word], [[AndroidDriver: chrome on ANDROID (62e88494c1dbcb366d86a4960534f35b)] -&gt; xpath: .//word], [[AndroidDriver: chrome on ANDROID (62e88494c1dbcb366d86a4960534f35b)] -&gt; xpath: .//word], [[AndroidDriver: chrome on ANDROID (62e88494c1dbcb366d86a4960534f35b)] -&gt; xpath: .//word], [[AndroidDriver: chrome on ANDROID (62e88494c1dbcb366d86a4960534f35b)] -&gt; xpath: .//word], [[AndroidDriver: chrome on ANDROID (62e88494c1dbcb366d86a4960534f35b)] -&gt; xpath: .//word], [[AndroidDriver: chrome on ANDROID (62e88494c1dbcb366d86a4960534f35b)] -&gt; xpath: .//word], [[AndroidDriver: chrome on ANDROID (62e88494c1dbcb366d86a4960534f35b)] -&gt; xpath: .//word], [[AndroidDriver: chrome on ANDROID (62e88494c1dbcb366d86a4960534f35b)] -&gt; xpath: .//word], [[AndroidDriver: chrome on ANDROID (62e88494c1dbcb366d86a4960534f35b)] -&gt; xpath: .//word], [[AndroidDriver: chrome on ANDROID (62e88494c1dbcb366d86a4960534f35b)] -&gt; xpath: .//word], [[AndroidDriver: chrome on ANDROID (62e88494c1dbcb366d86a4960534f35b)] -&gt; xpath: .//word], [[AndroidDriver: chrome on ANDROID (62e88494c1dbcb366d86a4960534f35b)] -&gt; xpath: .//word], [[AndroidDriver: chrome on ANDROID (62e88494c1dbcb366d86a4960534f35b)] -&gt; xpath: .//word], [[AndroidDriver: chrome on ANDROID (62e88494c1dbcb366d86a4960534f35b)] -&gt; xpath: .//word], [[AndroidDriver: chrome on ANDROID (62e88494c1dbcb366d86a4960534f35b)] -&gt; xpath: .//word], [[AndroidDriver: chrome on ANDROID (62e88494c1dbcb366d86a4960534f35b)] -&gt; xpath: .//word], [[AndroidDriver: chrome on ANDROID (62e88494c1dbcb366d86a4960534f35b)] -&gt; xpath: .//word], [[AndroidDriver: chrome on ANDROID (62e88494c1dbcb366d86a4960534f35b)] -&gt; xpath: .//word], [[AndroidDriver: chrome on ANDROID (62e88494c1dbcb366d86a4960534f35b)] -&gt; xpath: .//word], [[AndroidDriver: chrome on ANDROID (62e88494c1dbcb366d86a4960534f35b)] -&gt; xpath: .//word], [[AndroidDriver: chrome on ANDROID (62e88494c1dbcb366d86a4960534f35b)] -&gt; xpath: .//word], [[AndroidDriver: chrome on ANDROID (62e88494c1dbcb366d86a4960534f35b)] -&gt; xpath: .//word], [[AndroidDriver: chrome on ANDROID (62e88494c1dbcb366d86a4960534f35b)] -&gt; xpath: .//word], [[AndroidDriver: chrome on ANDROID (62e88494c1dbcb366d86a4960534f35b)] -&gt; xpath: .//word], [[AndroidDriver: chrome on ANDROID (62e88494c1dbcb366d86a4960534f35b)] -&gt; xpath: .//word], [[AndroidDriver: chrome on ANDROID (62e88494c1dbcb366d86a4960534f35b)] -&gt; xpath: .//word], [[AndroidDriver: chrome on ANDROID (62e88494c1dbcb366d86a4960534f35b)] -&gt; xpath: .//word], [[AndroidDriver: chrome on ANDROID (62e88494c1dbcb366d86a4960534f35b)] -&gt; xpath: .//word], [[AndroidDriver: chrome on ANDROID (62e88494c1dbcb366d86a4960534f35b)] -&gt; xpath: .//word], [[AndroidDriver: chrome on ANDROID (62e88494c1dbcb366d86a4960534f35b)] -&gt; xpath: .//word], [[AndroidDriver: chrome on ANDROID (62e88494c1dbcb366d86a4960534f35b)] -&gt; xpath: .//word], [[AndroidDriver: chrome on ANDROID (62e88494c1dbcb366d86a4960534f35b)] -&gt; xpath: .//word], [[AndroidDriver: chrome on ANDROID (62e88494c1dbcb366d86a4960534f35b)] -&gt; xpath: .//word], [[AndroidDriver: chrome on ANDROID (62e88494c1dbcb366d86a4960534f35b)] -&gt; xpath: .//word], [[AndroidDriver: chrome on ANDROID (62e88494c1dbcb366d86a4960534f35b)] -&gt; xpath: .//word], [[AndroidDriver: chrome on ANDROID (62e88494c1dbcb366d86a4960534f35b)] -&gt; xpath: .//word], [[AndroidDriver: chrome on ANDROID (62e88494c1dbcb366d86a4960534f35b)] -&gt; xpath: .//word], [[AndroidDriver: chrome on ANDROID (62e88494c1dbcb366d86a4960534f35b)] -&gt; xpath: .//word], [[AndroidDriver: chrome on ANDROID (62e88494c1dbcb366d86a4960534f35b)] -&gt; xpath: .//word], [[AndroidDriver: chrome on ANDROID (62e88494c1dbcb366d86a4960534f35b)] -&gt; xpath: .//word], [[AndroidDriver: chrome on ANDROID (62e88494c1dbcb366d86a4960534f35b)] -&gt; xpath: .//word], [[AndroidDriver: chrome on ANDROID (62e88494c1dbcb366d86a4960534f35b)] -&gt; xpath: .//word], [[AndroidDriver: chrome on ANDROID (62e88494c1dbcb366d86a4960534f35b)] -&gt; xpath: .//word], [[AndroidDriver: chrome on ANDROID (62e88494c1dbcb366d86a4960534f35b)] -&gt; xpath: .//word], [[AndroidDriver: chrome on ANDROID (62e88494c1dbcb366d86a4960534f35b)] -&gt; xpath: .//word], [[AndroidDriver: chrome on ANDROID (62e88494c1dbcb366d86a4960534f35b)] -&gt; xpath: .//word], [[AndroidDriver: chrome on ANDROID (62e88494c1dbcb366d86a4960534f35b)] -&gt; xpath: .//word], [[AndroidDriver: chrome on ANDROID (62e88494c1dbcb366d86a4960534f35b)] -&gt; xpath: .//word], [[AndroidDriver: chrome on ANDROID (62e88494c1dbcb366d86a4960534f35b)] -&gt; xpath: .//word], [[AndroidDriver: chrome on ANDROID (62e88494c1dbcb366d86a4960534f35b)] -&gt; xpath: .//word], [[AndroidDriver: chrome on ANDROID (62e88494c1dbcb366d86a4960534f35b)] -&gt; xpath: .//word], [[AndroidDriver: chrome on ANDROID (62e88494c1dbcb366d86a4960534f35b)] -&gt; xpath: .//word], [[AndroidDriver: chrome on ANDROID (62e88494c1dbcb366d86a4960534f35b)] -&gt; xpath: .//word], [[AndroidDriver: chrome on ANDROID (62e88494c1dbcb366d86a4960534f35b)] -&gt; xpath: .//word], [[AndroidDriver: chrome on ANDROID (62e88494c1dbcb366d86a4960534f35b)] -&gt; xpath: .//word], [[AndroidDriver: chrome on ANDROID (62e88494c1dbcb366d86a4960534f35b)] -&gt; xpath: .//word], [[AndroidDriver: chrome on ANDROID (62e88494c1dbcb366d86a4960534f35b)] -&gt; xpath: .//word], [[AndroidDriver: chrome on ANDROID (62e88494c1dbcb366d86a4960534f35b)] -&gt; xpath: .//word], [[AndroidDriver: chrome on ANDROID (62e88494c1dbcb366d86a4960534f35b)] -&gt; xpath: .//word], [[AndroidDriver: chrome on ANDROID (62e88494c1dbcb366d86a4960534f35b)] -&gt; xpath: .//word], [[AndroidDriver: chrome on ANDROID (62e88494c1dbcb366d86a4960534f35b)] -&gt; xpath: .//word], [[AndroidDriver: chrome on ANDROID (62e88494c1dbcb366d86a4960534f35b)] -&gt; xpath: .//word], [[AndroidDriver: chrome on ANDROID (62e88494c1dbcb366d86a4960534f35b)] -&gt; xpath: .//word], [[AndroidDriver: chrome on ANDROID (62e88494c1dbcb366d86a4960534f35b)] -&gt; xpath: .//word], [[AndroidDriver: chrome on ANDROID (62e88494c1dbcb366d86a4960534f35b)] -&gt; xpath: .//word], [[AndroidDriver: chrome on ANDROID (62e88494c1dbcb366d86a4960534f35b)] -&gt; xpath: .//word], [[AndroidDriver: chrome on ANDROID (62e88494c1dbcb366d86a4960534f35b)] -&gt; xpath: .//word], [[AndroidDriver: chrome on ANDROID (62e88494c1dbcb366d86a4960534f35b)] -&gt; xpath: .//word], [[AndroidDriver: chrome on ANDROID (62e88494c1dbcb366d86a4960534f35b)] -&gt; xpath: .//word], [[AndroidDriver: chrome on ANDROID (62e88494c1dbcb366d86a4960534f35b)] -&gt; xpath: .//word], [[AndroidDriver: chrome on ANDROID (62e88494c1dbcb366d86a4960534f35b)] -&gt; xpath: .//word], [[AndroidDriver: chrome on ANDROID (62e88494c1dbcb366d86a4960534f35b)] -&gt; xpath: .//word], [[AndroidDriver: chrome on ANDROID (62e88494c1dbcb366d86a4960534f35b)] -&gt; xpath: .//word], [[AndroidDriver: chrome on ANDROID (62e88494c1dbcb366d86a4960534f35b)] -&gt; xpath: .//word], [[AndroidDriver: chrome on ANDROID (62e88494c1dbcb366d86a4960534f35b)] -&gt; xpath: .//word], [[AndroidDriver: chrome on ANDROID (62e88494c1dbcb366d86a4960534f35b)] -&gt; xpath: .//word], [[AndroidDriver: chrome on ANDROID (62e88494c1dbcb366d86a4960534f35b)] -&gt; xpath: .//word], [[AndroidDriver: chrome on ANDROID (62e88494c1dbcb366d86a4960534f35b)] -&gt; xpath: .//word], [[AndroidDriver: chrome on ANDROID (62e88494c1dbcb366d86a4960534f35b)] -&gt; xpath: .//word], [[AndroidDriver: chrome on ANDROID (62e88494c1dbcb366d86a4960534f35b)] -&gt; xpath: .//word], [[AndroidDriver: chrome on ANDROID (62e88494c1dbcb366d86a4960534f35b)] -&gt; xpath: .//word], [[AndroidDriver: chrome on ANDROID (62e88494c1dbcb366d86a4960534f35b)] -&gt; xpath: .//word], [[AndroidDriver: chrome on ANDROID (62e88494c1dbcb366d86a4960534f35b)] -&gt; xpath: .//word], [[AndroidDriver: chrome on ANDROID (62e88494c1dbcb366d86a4960534f35b)] -&gt; xpath: .//word], [[AndroidDriver: chrome on ANDROID (62e88494c1dbcb366d86a4960534f35b)] -&gt; xpath: .//word], [[AndroidDriver: chrome on ANDROID (62e88494c1dbcb366d86a4960534f35b)] -&gt; xpath: .//word], [[AndroidDriver: chrome on ANDROID (62e88494c1dbcb366d86a4960534f35b)] -&gt; xpath: .//word], [[AndroidDriver: chrome on ANDROID (62e88494c1dbcb366d86a4960534f35b)] -&gt; xpath: .//word], [[AndroidDriver: chrome on ANDROID (62e88494c1dbcb366d86a4960534f35b)] -&gt; xpath: .//word], [[AndroidDriver: chrome on ANDROID (62e88494c1dbcb366d86a4960534f35b)] -&gt; xpath: .//word], [[AndroidDriver: chrome on ANDROID (62e88494c1dbcb366d86a4960534f35b)] -&gt; xpath: .//word], [[AndroidDriver: chrome on ANDROID (62e88494c1dbcb366d86a4960534f35b)] -&gt; xpath: .//word], [[AndroidDriver: chrome on ANDROID (62e88494c1dbcb366d86a4960534f35b)] -&gt; xpath: .//word], [[AndroidDriver: chrome on ANDROID (62e88494c1dbcb366d86a4960534f35b)] -&gt; xpath: .//word], [[AndroidDriver: chrome on ANDROID (62e88494c1dbcb366d86a4960534f35b)] -&gt; xpath: .//word], [[AndroidDriver: chrome on ANDROID (62e88494c1dbcb366d86a4960534f35b)] -&gt; xpath: .//word], [[AndroidDriver: chrome on ANDROID (62e88494c1dbcb366d86a4960534f35b)] -&gt; xpath: .//word], [[AndroidDriver: chrome on ANDROID (62e88494c1dbcb366d86a4960534f35b)] -&gt; xpath: .//word], [[AndroidDriver: chrome on ANDROID (62e88494c1dbcb366d86a4960534f35b)] -&gt; xpath: .//word], [[AndroidDriver: chrome on ANDROID (62e88494c1dbcb366d86a4960534f35b)] -&gt; xpath: .//word], [[AndroidDriver: chrome on ANDROID (62e88494c1dbcb366d86a4960534f35b)] -&gt; xpath: .//word], [[AndroidDriver: chrome on ANDROID (62e88494c1dbcb366d86a4960534f35b)] -&gt; xpath: .//word], [[AndroidDriver: chrome on ANDROID (62e88494c1dbcb366d86a4960534f35b)] -&gt; xpath: .//word], [[AndroidDriver: chrome on ANDROID (62e88494c1dbcb366d86a4960534f35b)] -&gt; xpath: .//word], [[AndroidDriver: chrome on ANDROID (62e88494c1dbcb366d86a4960534f35b)] -&gt; xpath: .//word], [[AndroidDriver: chrome on ANDROID (62e88494c1dbcb366d86a4960534f35b)] -&gt; xpath: .//word], [[AndroidDriver: chrome on ANDROID (62e88494c1dbcb366d86a4960534f35b)] -&gt; xpath: .//word], [[AndroidDriver: chrome on ANDROID (62e88494c1dbcb366d86a4960534f35b)] -&gt; xpath: .//word], [[AndroidDriver: chrome on ANDROID (62e88494c1dbcb366d86a4960534f35b)] -&gt; xpath: .//word], [[AndroidDriver: chrome on ANDROID (62e88494c1dbcb366d86a4960534f35b)] -&gt; xpath: .//word], [[AndroidDriver: chrome on ANDROID (62e88494c1dbcb366d86a4960534f35b)] -&gt; xpath: .//word], [[AndroidDriver: chrome on ANDROID (62e88494c1dbcb366d86a4960534f35b)] -&gt; xpath: .//word], [[AndroidDriver: chrome on ANDROID (62e88494c1dbcb366d86a4960534f35b)] -&gt; xpath: .//word], [[AndroidDriver: chrome on ANDROID (62e88494c1dbcb366d86a4960534f35b)] -&gt; xpath: .//word], [[AndroidDriver: chrome on ANDROID (62e88494c1dbcb366d86a4960534f35b)] -&gt; xpath: .//word], [[AndroidDriver: chrome on ANDROID (62e88494c1dbcb366d86a4960534f35b)] -&gt; xpath: .//word], [[AndroidDriver: chrome on ANDROID (62e88494c1dbcb366d86a4960534f35b)] -&gt; xpath: .//word], [[AndroidDriver: chrome on ANDROID (62e88494c1dbcb366d86a4960534f35b)] -&gt; xpath: .//word], [[AndroidDriver: chrome on ANDROID (62e88494c1dbcb366d86a4960534f35b)] -&gt; xpath: .//word], [[AndroidDriver: chrome on ANDROID (62e88494c1dbcb366d86a4960534f35b)] -&gt; xpath: .//word], [[AndroidDriver: chrome on ANDROID (62e88494c1dbcb366d86a4960534f35b)] -&gt; xpath: .//word], [[AndroidDriver: chrome on ANDROID (62e88494c1dbcb366d86a4960534f35b)] -&gt; xpath: .//word], [[AndroidDriver: chrome on ANDROID (62e88494c1dbcb366d86a4960534f35b)] -&gt; xpath: .//word], [[AndroidDriver: chrome on ANDROID (62e88494c1dbcb366d86a4960534f35b)] -&gt; xpath: .//word], [[AndroidDriver: chrome on ANDROID (62e88494c1dbcb366d86a4960534f35b)] -&gt; xpath: .//word], [[AndroidDriver: chrome on ANDROID (62e88494c1dbcb366d86a4960534f35b)] -&gt; xpath: .//word], [[AndroidDriver: chrome on ANDROID (62e88494c1dbcb366d86a4960534f35b)] -&gt; xpath: .//word], [[AndroidDriver: chrome on ANDROID (62e88494c1dbcb366d86a4960534f35b)] -&gt; xpath: .//word], [[AndroidDriver: chrome on ANDROID (62e88494c1dbcb366d86a4960534f35b)] -&gt; xpath: .//word], [[AndroidDriver: chrome on ANDROID (62e88494c1dbcb366d86a4960534f35b)] -&gt; xpath: .//word], [[AndroidDriver: chrome on ANDROID (62e88494c1dbcb366d86a4960534f35b)] -&gt; xpath: .//word], [[AndroidDriver: chrome on ANDROID (62e88494c1dbcb366d86a4960534f35b)] -&gt; xpath: .//word], [[AndroidDriver: chrome on ANDROID (62e88494c1dbcb366d86a4960534f35b)] -&gt; xpath: .//word], [[AndroidDriver: chrome on ANDROID (62e88494c1dbcb366d86a4960534f35b)] -&gt; xpath: .//word], [[AndroidDriver: chrome on ANDROID (62e88494c1dbcb366d86a4960534f35b)] -&gt; xpath: .//word], [[AndroidDriver: chrome on ANDROID (62e88494c1dbcb366d86a4960534f35b)] -&gt; xpath: .//word], [[AndroidDriver: chrome on ANDROID (62e88494c1dbcb366d86a4960534f35b)] -&gt; xpath: .//word], [[AndroidDriver: chrome on ANDROID (62e88494c1dbcb366d86a4960534f35b)] -&gt; xpath: .//word], [[AndroidDriver: chrome on ANDROID (62e88494c1dbcb366d86a4960534f35b)] -&gt; xpath: .//word], [[AndroidDriver: chrome on ANDROID (62e88494c1dbcb366d86a4960534f35b)] -&gt; xpath: .//word], [[AndroidDriver: chrome on ANDROID (62e88494c1dbcb366d86a4960534f35b)] -&gt; xpath: .//word], [[AndroidDriver: chrome on ANDROID (62e88494c1dbcb366d86a4960534f35b)] -&gt; xpath: .//word], [[AndroidDriver: chrome on ANDROID (62e88494c1dbcb366d86a4960534f35b)] -&gt; xpath: .//word], [[AndroidDriver: chrome on ANDROID (62e88494c1dbcb366d86a4960534f35b)] -&gt; xpath: .//word], [[AndroidDriver: chrome on ANDROID (62e88494c1dbcb366d86a4960534f35b)] -&gt; xpath: .//word], [[AndroidDriver: chrome on ANDROID (62e88494c1dbcb366d86a4960534f35b)] -&gt; xpath: .//word], [[AndroidDriver: chrome on ANDROID (62e88494c1dbcb366d86a4960534f35b)] -&gt; xpath: .//word], [[AndroidDriver: chrome on ANDROID (62e88494c1dbcb366d86a4960534f35b)] -&gt; xpath: .//word], [[AndroidDriver: chrome on ANDROID (62e88494c1dbcb366d86a4960534f35b)] -&gt; xpath: .//word], [[AndroidDriver: chrome on ANDROID (62e88494c1dbcb366d86a4960534f35b)] -&gt; xpath: .//word], [[AndroidDriver: chrome on ANDROID (62e88494c1dbcb366d86a4960534f35b)] -&gt; xpath: .//word], [[AndroidDriver: chrome on ANDROID (62e88494c1dbcb366d86a4960534f35b)] -&gt; xpath: .//word], [[AndroidDriver: chrome on ANDROID (62e88494c1dbcb366d86a4960534f35b)] -&gt; xpath: .//word], [[AndroidDriver: chrome on ANDROID (62e88494c1dbcb366d86a4960534f35b)] -&gt; xpath: .//word], [[AndroidDriver: chrome on ANDROID (62e88494c1dbcb366d86a4960534f35b)] -&gt; xpath: .//word], [[AndroidDriver: chrome on ANDROID (62e88494c1dbcb366d86a4960534f35b)] -&gt; xpath: .//word], [[AndroidDriver: chrome on ANDROID (62e88494c1dbcb366d86a4960534f35b)] -&gt; xpath: .//word], [[AndroidDriver: chrome on ANDROID (62e88494c1dbcb366d86a4960534f35b)] -&gt; xpath: .//word], [[AndroidDriver: chrome on ANDROID (62e88494c1dbcb366d86a4960534f35b)] -&gt; xpath: .//word], [[AndroidDriver: chrome on ANDROID (62e88494c1dbcb366d86a4960534f35b)] -&gt; xpath: .//word], [[AndroidDriver: chrome on ANDROID (62e88494c1dbcb366d86a4960534f35b)] -&gt; xpath: .//word], [[AndroidDriver: chrome on ANDROID (62e88494c1dbcb366d86a4960534f35b)] -&gt; xpath: .//word], [[AndroidDriver: chrome on ANDROID (62e88494c1dbcb366d86a4960534f35b)] -&gt; xpath: .//word], [[AndroidDriver: chrome on ANDROID (62e88494c1dbcb366d86a4960534f35b)] -&gt; xpath: .//word], [[AndroidDriver: chrome on ANDROID (62e88494c1dbcb366d86a4960534f35b)] -&gt; xpath: .//word], [[AndroidDriver: chrome on ANDROID (62e88494c1dbcb366d86a4960534f35b)] -&gt; xpath: .//word], [[AndroidDriver: chrome on ANDROID (62e88494c1dbcb366d86a4960534f35b)] -&gt; xpath: .//word], [[AndroidDriver: chrome on ANDROID (62e88494c1dbcb366d86a4960534f35b)] -&gt; xpath: .//word], [[AndroidDriver: chrome on ANDROID (62e88494c1dbcb366d86a4960534f35b)] -&gt; xpath: .//word], [[AndroidDriver: chrome on ANDROID (62e88494c1dbcb366d86a4960534f35b)] -&gt; xpath: .//word], [[AndroidDriver: chrome on ANDROID (62e88494c1dbcb366d86a4960534f35b)] -&gt; xpath: .//word], [[AndroidDriver: chrome on ANDROID (62e88494c1dbcb366d86a4960534f35b)] -&gt; xpath: .//word], [[AndroidDriver: chrome on ANDROID (62e88494c1dbcb366d86a4960534f35b)] -&gt; xpath: .//word], [[AndroidDriver: chrome on ANDROID (62e88494c1dbcb366d86a4960534f35b)] -&gt; xpath: .//word], [[AndroidDriver: chrome on ANDROID (62e88494c1dbcb366d86a4960534f35b)] -&gt; xpath: .//word], [[AndroidDriver: chrome on ANDROID (62e88494c1dbcb366d86a4960534f35b)] -&gt; xpath: .//word], [[AndroidDriver: chrome on ANDROID (62e88494c1dbcb366d86a4960534f35b)] -&gt; xpath: .//word], [[AndroidDriver: chrome on ANDROID (62e88494c1dbcb366d86a4960534f35b)] -&gt; xpath: .//word], [[AndroidDriver: chrome on ANDROID (62e88494c1dbcb366d86a4960534f35b)] -&gt; xpath: .//word], [[AndroidDriver: chrome on ANDROID (62e88494c1dbcb366d86a4960534f35b)] -&gt; xpath: .//word], [[AndroidDriver: chrome on ANDROID (62e88494c1dbcb366d86a4960534f35b)] -&gt; xpath: .//word], [[AndroidDriver: chrome on ANDROID (62e88494c1dbcb366d86a4960534f35b)] -&gt; xpath: .//word], [[AndroidDriver: chrome on ANDROID (62e88494c1dbcb366d86a4960534f35b)] -&gt; xpath: .//word], [[AndroidDriver: chrome on ANDROID (62e88494c1dbcb366d86a4960534f35b)] -&gt; xpath: .//word], [[AndroidDriver: chrome on ANDROID (62e88494c1dbcb366d86a4960534f35b)] -&gt; xpath: .//word], [[AndroidDriver: chrome on ANDROID (62e88494c1dbcb366d86a4960534f35b)] -&gt; xpath: .//word], [[AndroidDriver: chrome on ANDROID (62e88494c1dbcb366d86a4960534f35b)] -&gt; xpath: .//word], [[AndroidDriver: chrome on ANDROID (62e88494c1dbcb366d86a4960534f35b)] -&gt; xpath: .//word], [[AndroidDriver: chrome on ANDROID (62e88494c1dbcb366d86a4960534f35b)] -&gt; xpath: .//word], [[AndroidDriver: chrome on ANDROID (62e88494c1dbcb366d86a4960534f35b)] -&gt; xpath: .//word], [[AndroidDriver: chrome on ANDROID (62e88494c1dbcb366d86a4960534f35b)] -&gt; xpath: .//word], [[AndroidDriver: chrome on ANDROID (62e88494c1dbcb366d86a4960534f35b)] -&gt; xpath: .//word], [[AndroidDriver: chrome on ANDROID (62e88494c1dbcb366d86a4960534f35b)] -&gt; xpath: .//word], [[AndroidDriver: chrome on ANDROID (62e88494c1dbcb366d86a4960534f35b)] -&gt; xpath: .//word], [[AndroidDriver: chrome on ANDROID (62e88494c1dbcb366d86a4960534f35b)] -&gt; xpath: .//word], [[AndroidDriver: chrome on ANDROID (62e88494c1dbcb366d86a4960534f35b)] -&gt; xpath: .//word], [[AndroidDriver: chrome on ANDROID (62e88494c1dbcb366d86a4960534f35b)] -&gt; xpath: .//word], [[AndroidDriver: chrome on ANDROID (62e88494c1dbcb366d86a4960534f35b)] -&gt; xpath: .//word], [[AndroidDriver: chrome on ANDROID (62e88494c1dbcb366d86a4960534f35b)] -&gt; xpath: .//word], [[AndroidDriver: chrome on ANDROID (62e88494c1dbcb366d86a4960534f35b)] -&gt; xpath: .//word], [[AndroidDriver: chrome on ANDROID (62e88494c1dbcb366d86a4960534f35b)] -&gt; xpath: .//word], [[AndroidDriver: chrome on ANDROID (62e88494c1dbcb366d86a4960534f35b)] -&gt; xpath: .//word], [[AndroidDriver: chrome on ANDROID (62e88494c1dbcb366d86a4960534f35b)] -&gt; xpath: .//word], [[AndroidDriver: chrome on ANDROID (62e88494c1dbcb366d86a4960534f35b)] -&gt; xpath: .//word], [[AndroidDriver: chrome on ANDROID (62e88494c1dbcb366d86a4960534f35b)] -&gt; xpath: .//word], [[AndroidDriver: chrome on ANDROID (62e88494c1dbcb366d86a4960534f35b)] -&gt; xpath: .//word], [[AndroidDriver: chrome on ANDROID (62e88494c1dbcb366d86a4960534f35b)] -&gt; xpath: .//word], [[AndroidDriver: chrome on ANDROID (62e88494c1dbcb366d86a4960534f35b)] -&gt; xpath: .//word], [[AndroidDriver: chrome on ANDROID (62e88494c1dbcb366d86a4960534f35b)] -&gt; xpath: .//word], [[AndroidDriver: chrome on ANDROID (62e88494c1dbcb366d86a4960534f35b)] -&gt; xpath: .//word], [[AndroidDriver: chrome on ANDROID (62e88494c1dbcb366d86a4960534f35b)] -&gt; xpath: .//word], [[AndroidDriver: chrome on ANDROID (62e88494c1dbcb366d86a4960534f35b)] -&gt; xpath: .//word], [[AndroidDriver: chrome on ANDROID (62e88494c1dbcb366d86a4960534f35b)] -&gt; xpath: .//word], [[AndroidDriver: chrome on ANDROID (62e88494c1dbcb366d86a4960534f35b)] -&gt; xpath: .//word], [[AndroidDriver: chrome on ANDROID (62e88494c1dbcb366d86a4960534f35b)] -&gt; xpath: .//word], [[AndroidDriver: chrome on ANDROID (62e88494c1dbcb366d86a4960534f35b)] -&gt; xpath: .//word], [[AndroidDriver: chrome on ANDROID (62e88494c1dbcb366d86a4960534f35b)] -&gt; xpath: .//word], [[AndroidDriver: chrome on ANDROID (62e88494c1dbcb366d86a4960534f35b)] -&gt; xpath: .//word], [[AndroidDriver: chrome on ANDROID (62e88494c1dbcb366d86a4960534f35b)] -&gt; xpath: .//word], [[AndroidDriver: chrome on ANDROID (62e88494c1dbcb366d86a4960534f35b)] -&gt; xpath: .//word], [[AndroidDriver: chrome on ANDROID (62e88494c1dbcb366d86a4960534f35b)] -&gt; xpath: .//word], [[AndroidDriver: chrome on ANDROID (62e88494c1dbcb366d86a4960534f35b)] -&gt; xpath: .//word], [[AndroidDriver: chrome on ANDROID (62e88494c1dbcb366d86a4960534f35b)] -&gt; xpath: .//word], [[AndroidDriver: chrome on ANDROID (62e88494c1dbcb366d86a4960534f35b)] -&gt; xpath: .//word], [[AndroidDriver: chrome on ANDROID (62e88494c1dbcb366d86a4960534f35b)] -&gt; xpath: .//word], [[AndroidDriver: chrome on ANDROID (62e88494c1dbcb366d86a4960534f35b)] -&gt; xpath: .//word], [[AndroidDriver: chrome on ANDROID (62e88494c1dbcb366d86a4960534f35b)] -&gt; xpath: .//word], [[AndroidDriver: chrome on ANDROID (62e88494c1dbcb366d86a4960534f35b)] -&gt; xpath: .//word], [[AndroidDriver: chrome on ANDROID (62e88494c1dbcb366d86a4960534f35b)] -&gt; xpath: .//word], [[AndroidDriver: chrome on ANDROID (62e88494c1dbcb366d86a4960534f35b)] -&gt; xpath: .//word], [[AndroidDriver: chrome on ANDROID (62e88494c1dbcb366d86a4960534f35b)] -&gt; xpath: .//word], [[AndroidDriver: chrome on ANDROID (62e88494c1dbcb366d86a4960534f35b)] -&gt; xpath: .//word], [[AndroidDriver: chrome on ANDROID (62e88494c1dbcb366d86a4960534f35b)] -&gt; xpath: .//word], [[AndroidDriver: chrome on ANDROID (62e88494c1dbcb366d86a4960534f35b)] -&gt; xpath: .//word], [[AndroidDriver: chrome on ANDROID (62e88494c1dbcb366d86a4960534f35b)] -&gt; xpath: .//word], [[AndroidDriver: chrome on ANDROID (62e88494c1dbcb366d86a4960534f35b)] -&gt; xpath: .//word], [[AndroidDriver: chrome on ANDROID (62e88494c1dbcb366d86a4960534f35b)] -&gt; xpath: .//word], [[AndroidDriver: chrome on ANDROID (62e88494c1dbcb366d86a4960534f35b)] -&gt; xpath: .//word], [[AndroidDriver: chrome on ANDROID (62e88494c1dbcb366d86a4960534f35b)] -&gt; xpath: .//word], [[AndroidDriver: chrome on ANDROID (62e88494c1dbcb366d86a4960534f35b)] -&gt; xpath: .//word], [[AndroidDriver: chrome on ANDROID (62e88494c1dbcb366d86a4960534f35b)] -&gt; xpath: .//word], [[AndroidDriver: chrome on ANDROID (62e88494c1dbcb366d86a4960534f35b)] -&gt; xpath: .//word], [[AndroidDriver: chrome on ANDROID (62e88494c1dbcb366d86a4960534f35b)] -&gt; xpath: .//word], [[AndroidDriver: chrome on ANDROID (62e88494c1dbcb366d86a4960534f35b)] -&gt; xpath: .//word], [[AndroidDriver: chrome on ANDROID (62e88494c1dbcb366d86a4960534f35b)] -&gt; xpath: .//word], [[AndroidDriver: chrome on ANDROID (62e88494c1dbcb366d86a4960534f35b)] -&gt; xpath: .//word], [[AndroidDriver: chrome on ANDROID (62e88494c1dbcb366d86a4960534f35b)] -&gt; xpath: .//word], [[AndroidDriver: chrome on ANDROID (62e88494c1dbcb366d86a4960534f35b)] -&gt; xpath: .//word], [[AndroidDriver: chrome on ANDROID (62e88494c1dbcb366d86a4960534f35b)] -&gt; xpath: .//word], [[AndroidDriver: chrome on ANDROID (62e88494c1dbcb366d86a4960534f35b)] -&gt; xpath: .//word], [[AndroidDriver: chrome on ANDROID (62e88494c1dbcb366d86a4960534f35b)] -&gt; xpath: .//word], [[AndroidDriver: chrome on ANDROID (62e88494c1dbcb366d86a4960534f35b)] -&gt; xpath: .//word], [[AndroidDriver: chrome on ANDROID (62e88494c1dbcb366d86a4960534f35b)] -&gt; xpath: .//word], [[AndroidDriver: chrome on ANDROID (62e88494c1dbcb366d86a4960534f35b)] -&gt; xpath: .//word], [[AndroidDriver: chrome on ANDROID (62e88494c1dbcb366d86a4960534f35b)] -&gt; xpath: .//word], [[AndroidDriver: chrome on ANDROID (62e88494c1dbcb366d86a4960534f35b)] -&gt; xpath: .//word], [[AndroidDriver: chrome on ANDROID (62e88494c1dbcb366d86a4960534f35b)] -&gt; xpath: .//word], [[AndroidDriver: chrome on ANDROID (62e88494c1dbcb366d86a4960534f35b)] -&gt; xpath: .//word], [[AndroidDriver: chrome on ANDROID (62e88494c1dbcb366d86a4960534f35b)] -&gt; xpath: .//word], [[AndroidDriver: chrome on ANDROID (62e88494c1dbcb366d86a4960534f35b)] -&gt; xpath: .//word], [[AndroidDriver: chrome on ANDROID (62e88494c1dbcb366d86a4960534f35b)] -&gt; xpath: .//word], [[AndroidDriver: chrome on ANDROID (62e88494c1dbcb366d86a4960534f35b)] -&gt; xpath: .//word], [[AndroidDriver: chrome on ANDROID (62e88494c1dbcb366d86a4960534f35b)] -&gt; xpath: .//word], [[AndroidDriver: chrome on ANDROID (62e88494c1dbcb366d86a4960534f35b)] -&gt; xpath: .//word], [[AndroidDriver: chrome on ANDROID (62e88494c1dbcb366d86a4960534f35b)] -&gt; xpath: .//word], [[AndroidDriver: chrome on ANDROID (62e88494c1dbcb366d86a4960534f35b)] -&gt; xpath: .//word], [[AndroidDriver: chrome on ANDROID (62e88494c1dbcb366d86a4960534f35b)] -&gt; xpath: .//word], [[AndroidDriver: chrome on ANDROID (62e88494c1dbcb366d86a4960534f35b)] -&gt; xpath: .//word], [[AndroidDriver: chrome on ANDROID (62e88494c1dbcb366d86a4960534f35b)] -&gt; xpath: .//word], [[AndroidDriver: chrome on ANDROID (62e88494c1dbcb366d86a4960534f35b)] -&gt; xpath: .//word], [[AndroidDriver: chrome on ANDROID (62e88494c1dbcb366d86a4960534f35b)] -&gt; xpath: .//word], [[AndroidDriver: chrome on ANDROID (62e88494c1dbcb366d86a4960534f35b)] -&gt; xpath: .//word], [[AndroidDriver: chrome on ANDROID (62e88494c1dbcb366d86a4960534f35b)] -&gt; xpath: .//word], [[AndroidDriver: chrome on ANDROID (62e88494c1dbcb366d86a4960534f35b)] -&gt; xpath: .//word], [[AndroidDriver: chrome on ANDROID (62e88494c1dbcb366d86a4960534f35b)] -&gt; xpath: .//word], [[AndroidDriver: chrome on ANDROID (62e88494c1dbcb366d86a4960534f35b)] -&gt; xpath: .//word], [[AndroidDriver: chrome on ANDROID (62e88494c1dbcb366d86a4960534f35b)] -&gt; xpath: .//word], [[AndroidDriver: chrome on ANDROID (62e88494c1dbcb366d86a4960534f35b)] -&gt; xpath: .//word], [[AndroidDriver: chrome on ANDROID (62e88494c1dbcb366d86a4960534f35b)] -&gt; xpath: .//word], [[AndroidDriver: chrome on ANDROID (62e88494c1dbcb366d86a4960534f35b)] -&gt; xpath: .//word], [[AndroidDriver: chrome on ANDROID (62e88494c1dbcb366d86a4960534f35b)] -&gt; xpath: .//word], [[AndroidDriver: chrome on ANDROID (62e88494c1dbcb366d86a4960534f35b)] -&gt; xpath: .//word], [[AndroidDriver: chrome on ANDROID (62e88494c1dbcb366d86a4960534f35b)] -&gt; xpath: .//word], [[AndroidDriver: chrome on ANDROID (62e88494c1dbcb366d86a4960534f35b)] -&gt; xpath: .//word], [[AndroidDriver: chrome on ANDROID (62e88494c1dbcb366d86a4960534f35b)] -&gt; xpath: .//word], [[AndroidDriver: chrome on ANDROID (62e88494c1dbcb366d86a4960534f35b)] -&gt; xpath: .//word], [[AndroidDriver: chrome on ANDROID (62e88494c1dbcb366d86a4960534f35b)] -&gt; xpath: .//word], [[AndroidDriver: chrome on ANDROID (62e88494c1dbcb366d86a4960534f35b)] -&gt; xpath: .//word], [[AndroidDriver: chrome on ANDROID (62e88494c1dbcb366d86a4960534f35b)] -&gt; xpath: .//word], [[AndroidDriver: chrome on ANDROID (62e88494c1dbcb366d86a4960534f35b)] -&gt; xpath: .//word], [[AndroidDriver: chrome on ANDROID (62e88494c1dbcb366d86a4960534f35b)] -&gt; xpath: .//word], [[AndroidDriver: chrome on ANDROID (62e88494c1dbcb366d86a4960534f35b)] -&gt; xpath: .//word], [[AndroidDriver: chrome on ANDROID (62e88494c1dbcb366d86a4960534f35b)] -&gt; xpath: .//word], [[AndroidDriver: chrome on ANDROID (62e88494c1dbcb366d86a4960534f35b)] -&gt; xpath: .//word], [[AndroidDriver: chrome on ANDROID (62e88494c1dbcb366d86a4960534f35b)] -&gt; xpath: .//word], [[AndroidDriver: chrome on ANDROID (62e88494c1dbcb366d86a4960534f35b)] -&gt; xpath: .//word], [[AndroidDriver: chrome on ANDROID (62e88494c1dbcb366d86a4960534f35b)] -&gt; xpath: .//word], [[AndroidDriver: chrome on ANDROID (62e88494c1dbcb366d86a4960534f35b)] -&gt; xpath: .//word], [[AndroidDriver: chrome on ANDROID (62e88494c1dbcb366d86a4960534f35b)] -&gt; xpath: .//word], [[AndroidDriver: chrome on ANDROID (62e88494c1dbcb366d86a4960534f35b)] -&gt; xpath: .//word], [[AndroidDriver: chrome on ANDROID (62e88494c1dbcb366d86a4960534f35b)] -&gt; xpath: .//word], [[AndroidDriver: chrome on ANDROID (62e88494c1dbcb366d86a4960534f35b)] -&gt; xpath: .//word], [[AndroidDriver: chrome on ANDROID (62e88494c1dbcb366d86a4960534f35b)] -&gt; xpath: .//word], [[AndroidDriver: chrome on ANDROID (62e88494c1dbcb366d86a4960534f35b)] -&gt; xpath: .//word], [[AndroidDriver: chrome on ANDROID (62e88494c1dbcb366d86a4960534f35b)] -&gt; xpath: .//word], [[AndroidDriver: chrome on ANDROID (62e88494c1dbcb366d86a4960534f35b)] -&gt; xpath: .//word], [[AndroidDriver: chrome on ANDROID (62e88494c1dbcb366d86a4960534f35b)] -&gt; xpath: .//word], [[AndroidDriver: chrome on ANDROID (62e88494c1dbcb366d86a4960534f35b)] -&gt; xpath: .//word], [[AndroidDriver: chrome on ANDROID (62e88494c1dbcb366d86a4960534f35b)] -&gt; xpath: .//word], [[AndroidDriver: chrome on ANDROID (62e88494c1dbcb366d86a4960534f35b)] -&gt; xpath: .//word], [[AndroidDriver: chrome on ANDROID (62e88494c1dbcb366d86a4960534f35b)] -&gt; xpath: .//word], [[AndroidDriver: chrome on ANDROID (62e88494c1dbcb366d86a4960534f35b)] -&gt; xpath: .//word], [[AndroidDriver: chrome on ANDROID (62e88494c1dbcb366d86a4960534f35b)] -&gt; xpath: .//word], [[AndroidDriver: chrome on ANDROID (62e88494c1dbcb366d86a4960534f35b)] -&gt; xpath: .//word], [[AndroidDriver: chrome on ANDROID (62e88494c1dbcb366d86a4960534f35b)] -&gt; xpath: .//word], [[AndroidDriver: chrome on ANDROID (62e88494c1dbcb366d86a4960534f35b)] -&gt; xpath: .//word], [[AndroidDriver: chrome on ANDROID (62e88494c1dbcb366d86a4960534f35b)] -&gt; xpath: .//word], [[AndroidDriver: chrome on ANDROID (62e88494c1dbcb366d86a4960534f35b)] -&gt; xpath: .//word], [[AndroidDriver: chrome on ANDROID (62e88494c1dbcb366d86a4960534f35b)] -&gt; xpath: .//word], [[AndroidDriver: chrome on ANDROID (62e88494c1dbcb366d86a4960534f35b)] -&gt; xpath: .//word], [[AndroidDriver: chrome on ANDROID (62e88494c1dbcb366d86a4960534f35b)] -&gt; xpath: .//word], [[AndroidDriver: chrome on ANDROID (62e88494c1dbcb366d86a4960534f35b)] -&gt; xpath: .//word], [[AndroidDriver: chrome on ANDROID (62e88494c1dbcb366d86a4960534f35b)] -&gt; xpath: .//word], [[AndroidDriver: chrome on ANDROID (62e88494c1dbcb366d86a4960534f35b)] -&gt; xpath: .//word], [[AndroidDriver: chrome on ANDROID (62e88494c1dbcb366d86a4960534f35b)] -&gt; xpath: .//word], [[AndroidDriver: chrome on ANDROID (62e88494c1dbcb366d86a4960534f35b)] -&gt; xpath: .//word], [[AndroidDriver: chrome on ANDROID (62e88494c1dbcb366d86a4960534f35b)] -&gt; xpath: .//word], [[AndroidDriver: chrome on ANDROID (62e88494c1dbcb366d86a4960534f35b)] -&gt; xpath: .//word], [[AndroidDriver: chrome on ANDROID (62e88494c1dbcb366d86a4960534f35b)] -&gt; xpath: .//word], [[AndroidDriver: chrome on ANDROID (62e88494c1dbcb366d86a4960534f35b)] -&gt; xpath: .//word], [[AndroidDriver: chrome on ANDROID (62e88494c1dbcb366d86a4960534f35b)] -&gt; xpath: .//word], [[AndroidDriver: chrome on ANDROID (62e88494c1dbcb366d86a4960534f35b)] -&gt; xpath: .//word], [[AndroidDriver: chrome on ANDROID (62e88494c1dbcb366d86a4960534f35b)] -&gt; xpath: .//word], [[AndroidDriver: chrome on ANDROID (62e88494c1dbcb366d86a4960534f35b)] -&gt; xpath: .//word], [[AndroidDriver: chrome on ANDROID (62e88494c1dbcb366d86a4960534f35b)] -&gt; xpath: .//word], [[AndroidDriver: chrome on ANDROID (62e88494c1dbcb366d86a4960534f35b)] -&gt; xpath: .//word], [[AndroidDriver: chrome on ANDROID (62e88494c1dbcb366d86a4960534f35b)] -&gt; xpath: .//word], [[AndroidDriver: chrome on ANDROID (62e88494c1dbcb366d86a4960534f35b)] -&gt; xpath: .//word], [[AndroidDriver: chrome on ANDROID (62e88494c1dbcb366d86a4960534f35b)] -&gt; xpath: .//word], [[AndroidDriver: chrome on ANDROID (62e88494c1dbcb366d86a4960534f35b)] -&gt; xpath: .//word], [[AndroidDriver: chrome on ANDROID (62e88494c1dbcb366d86a4960534f35b)] -&gt; xpath: .//word], [[AndroidDriver: chrome on ANDROID (62e88494c1dbcb366d86a4960534f35b)] -&gt; xpath: .//word], [[AndroidDriver: chrome on ANDROID (62e88494c1dbcb366d86a4960534f35b)] -&gt; xpath: .//word], [[AndroidDriver: chrome on ANDROID (62e88494c1dbcb366d86a4960534f35b)] -&gt; xpath: .//word], [[AndroidDriver: chrome on ANDROID (62e88494c1dbcb366d86a4960534f35b)] -&gt; xpath: .//word], [[AndroidDriver: chrome on ANDROID (62e88494c1dbcb366d86a4960534f35b)] -&gt; xpath: .//word], [[AndroidDriver: chrome on ANDROID (62e88494c1dbcb366d86a4960534f35b)] -&gt; xpath: .//word], [[AndroidDriver: chrome on ANDROID (62e88494c1dbcb366d86a4960534f35b)] -&gt; xpath: .//word], [[AndroidDriver: chrome on ANDROID (62e88494c1dbcb366d86a4960534f35b)] -&gt; xpath: .//word], [[AndroidDriver: chrome on ANDROID (62e88494c1dbcb366d86a4960534f35b)] -&gt; xpath: .//word], [[AndroidDriver: chrome on ANDROID (62e88494c1dbcb366d86a4960534f35b)] -&gt; xpath: .//word], [[AndroidDriver: chrome on ANDROID (62e88494c1dbcb366d86a4960534f35b)] -&gt; xpath: .//word], [[AndroidDriver: chrome on ANDROID (62e88494c1dbcb366d86a4960534f35b)] -&gt; xpath: .//word], [[AndroidDriver: chrome on ANDROID (62e88494c1dbcb366d86a4960534f35b)] -&gt; xpath: .//word], [[AndroidDriver: chrome on ANDROID (62e88494c1dbcb366d86a4960534f35b)] -&gt; xpath: .//word], [[AndroidDriver: chrome on ANDROID (62e88494c1dbcb366d86a4960534f35b)] -&gt; xpath: .//word], [[AndroidDriver: chrome on ANDROID (62e88494c1dbcb366d86a4960534f35b)] -&gt; xpath: .//word], [[AndroidDriver: chrome on ANDROID (62e88494c1dbcb366d86a4960534f35b)] -&gt; xpath: .//word], [[AndroidDriver: chrome on ANDROID (62e88494c1dbcb366d86a4960534f35b)] -&gt; xpath: .//word], [[AndroidDriver: chrome on ANDROID (62e88494c1dbcb366d86a4960534f35b)] -&gt; xpath: .//word], [[AndroidDriver: chrome on ANDROID (62e88494c1dbcb366d86a4960534f35b)] -&gt; xpath: .//word], [[AndroidDriver: chrome on ANDROID (62e88494c1dbcb366d86a4960534f35b)] -&gt; xpath: .//word], [[AndroidDriver: chrome on ANDROID (62e88494c1dbcb366d86a4960534f35b)] -&gt; xpath: .//word], [[AndroidDriver: chrome on ANDROID (62e88494c1dbcb366d86a4960534f35b)] -&gt; xpath: .//word], [[AndroidDriver: chrome on ANDROID (62e88494c1dbcb366d86a4960534f35b)] -&gt; xpath: .//word], [[AndroidDriver: chrome on ANDROID (62e88494c1dbcb366d86a4960534f35b)] -&gt; xpath: .//word], [[AndroidDriver: chrome on ANDROID (62e88494c1dbcb366d86a4960534f35b)] -&gt; xpath: .//word], [[AndroidDriver: chrome on ANDROID (62e88494c1dbcb366d86a4960534f35b)] -&gt; xpath: .//word], [[AndroidDriver: chrome on ANDROID (62e88494c1dbcb366d86a4960534f35b)] -&gt; xpath: .//word], [[AndroidDriver: chrome on ANDROID (62e88494c1dbcb366d86a4960534f35b)] -&gt; xpath: .//word], [[AndroidDriver: chrome on ANDROID (62e88494c1dbcb366d86a4960534f35b)] -&gt; xpath: .//word], [[AndroidDriver: chrome on ANDROID (62e88494c1dbcb366d86a4960534f35b)] -&gt; xpath: .//word], [[AndroidDriver: chrome on ANDROID (62e88494c1dbcb366d86a4960534f35b)] -&gt; xpath: .//word], [[AndroidDriver: chrome on ANDROID (62e88494c1dbcb366d86a4960534f35b)] -&gt; xpath: .//word], [[AndroidDriver: chrome on ANDROID (62e88494c1dbcb366d86a4960534f35b)] -&gt; xpath: .//word], [[AndroidDriver: chrome on ANDROID (62e88494c1dbcb366d86a4960534f35b)] -&gt; xpath: .//word], [[AndroidDriver: chrome on ANDROID (62e88494c1dbcb366d86a4960534f35b)] -&gt; xpath: .//word], [[AndroidDriver: chrome on ANDROID (62e88494c1dbcb366d86a4960534f35b)] -&gt; xpath: .//word], [[AndroidDriver: chrome on ANDROID (62e88494c1dbcb366d86a4960534f35b)] -&gt; xpath: .//word], [[AndroidDriver: chrome on ANDROID (62e88494c1dbcb366d86a4960534f35b)] -&gt; xpath: .//word], [[AndroidDriver: chrome on ANDROID (62e88494c1dbcb366d86a4960534f35b)] -&gt; xpath: .//word], [[AndroidDriver: chrome on ANDROID (62e88494c1dbcb366d86a4960534f35b)] -&gt; xpath: .//word], [[AndroidDriver: chrome on ANDROID (62e88494c1dbcb366d86a4960534f35b)] -&gt; xpath: .//word], [[AndroidDriver: chrome on ANDROID (62e88494c1dbcb366d86a4960534f35b)] -&gt; xpath: .//word], [[AndroidDriver: chrome on ANDROID (62e88494c1dbcb366d86a4960534f35b)] -&gt; xpath: .//word], [[AndroidDriver: chrome on ANDROID (62e88494c1dbcb366d86a4960534f35b)] -&gt; xpath: .//word], [[AndroidDriver: chrome on ANDROID (62e88494c1dbcb366d86a4960534f35b)] -&gt; xpath: .//word], [[AndroidDriver: chrome on ANDROID (62e88494c1dbcb366d86a4960534f35b)] -&gt; xpath: .//word], [[AndroidDriver: chrome on ANDROID (62e88494c1dbcb366d86a4960534f35b)] -&gt; xpath: .//word], [[AndroidDriver: chrome on ANDROID (62e88494c1dbcb366d86a4960534f35b)] -&gt; xpath: .//word], [[AndroidDriver: chrome on ANDROID (62e88494c1dbcb366d86a4960534f35b)] -&gt; xpath: .//word], [[AndroidDriver: chrome on ANDROID (62e88494c1dbcb366d86a4960534f35b)] -&gt; xpath: .//word], [[AndroidDriver: chrome on ANDROID (62e88494c1dbcb366d86a4960534f35b)] -&gt; xpath: .//word], [[AndroidDriver: chrome on ANDROID (62e88494c1dbcb366d86a4960534f35b)] -&gt; xpath: .//word], [[AndroidDriver: chrome on ANDROID (62e88494c1dbcb366d86a4960534f35b)] -&gt; xpath: .//word], [[AndroidDriver: chrome on ANDROID (62e88494c1dbcb366d86a4960534f35b)] -&gt; xpath: .//word], [[AndroidDriver: chrome on ANDROID (62e88494c1dbcb366d86a4960534f35b)] -&gt; xpath: .//word], [[AndroidDriver: chrome on ANDROID (62e88494c1dbcb366d86a4960534f35b)] -&gt; xpath: .//word], [[AndroidDriver: chrome on ANDROID (62e88494c1dbcb366d86a4960534f35b)] -&gt; xpath: .//word], [[AndroidDriver: chrome on ANDROID (62e88494c1dbcb366d86a4960534f35b)] -&gt; xpath: .//word], [[AndroidDriver: chrome on ANDROID (62e88494c1dbcb366d86a4960534f35b)] -&gt; xpath: .//word], [[AndroidDriver: chrome on ANDROID (62e88494c1dbcb366d86a4960534f35b)] -&gt; xpath: .//word], [[AndroidDriver: chrome on ANDROID (62e88494c1dbcb366d86a4960534f35b)] -&gt; xpath: .//word], [[AndroidDriver: chrome on ANDROID (62e88494c1dbcb366d86a4960534f35b)] -&gt; xpath: .//word], [[AndroidDriver: chrome on ANDROID (62e88494c1dbcb366d86a4960534f35b)] -&gt; xpath: .//word], [[AndroidDriver: chrome on ANDROID (62e88494c1dbcb366d86a4960534f35b)] -&gt; xpath: .//word], [[AndroidDriver: chrome on ANDROID (62e88494c1dbcb366d86a4960534f35b)] -&gt; xpath: .//word], [[AndroidDriver: chrome on ANDROID (62e88494c1dbcb366d86a4960534f35b)] -&gt; xpath: .//word], [[AndroidDriver: chrome on ANDROID (62e88494c1dbcb366d86a4960534f35b)] -&gt; xpath: .//word], [[AndroidDriver: chrome on ANDROID (62e88494c1dbcb366d86a4960534f35b)] -&gt; xpath: .//word], [[AndroidDriver: chrome on ANDROID (62e88494c1dbcb366d86a4960534f35b)] -&gt; xpath: .//word], [[AndroidDriver: chrome on ANDROID (62e88494c1dbcb366d86a4960534f35b)] -&gt; xpath: .//word], [[AndroidDriver: chrome on ANDROID (62e88494c1dbcb366d86a4960534f35b)] -&gt; xpath: .//word], [[AndroidDriver: chrome on ANDROID (62e88494c1dbcb366d86a4960534f35b)] -&gt; xpath: .//word], [[AndroidDriver: chrome on ANDROID (62e88494c1dbcb366d86a4960534f35b)] -&gt; xpath: .//word], [[AndroidDriver: chrome on ANDROID (62e88494c1dbcb366d86a4960534f35b)] -&gt; xpath: .//word], [[AndroidDriver: chrome on ANDROID (62e88494c1dbcb366d86a4960534f35b)] -&gt; xpath: .//word], [[AndroidDriver: chrome on ANDROID (62e88494c1dbcb366d86a4960534f35b)] -&gt; xpath: .//word], [[AndroidDriver: chrome on ANDROID (62e88494c1dbcb366d86a4960534f35b)] -&gt; xpath: .//word], [[AndroidDriver: chrome on ANDROID (62e88494c1dbcb366d86a4960534f35b)] -&gt; xpath: .//word], [[AndroidDriver: chrome on ANDROID (62e88494c1dbcb366d86a4960534f35b)] -&gt; xpath: .//word], [[AndroidDriver: chrome on ANDROID (62e88494c1dbcb366d86a4960534f35b)] -&gt; xpath: .//word], [[AndroidDriver: chrome on ANDROID (62e88494c1dbcb366d86a4960534f35b)] -&gt; xpath: .//word], [[AndroidDriver: chrome on ANDROID (62e88494c1dbcb366d86a4960534f35b)] -&gt; xpath: .//word], [[AndroidDriver: chrome on ANDROID (62e88494c1dbcb366d86a4960534f35b)] -&gt; xpath: .//word], [[AndroidDriver: chrome on ANDROID (62e88494c1dbcb366d86a4960534f35b)] -&gt; xpath: .//word], [[AndroidDriver: chrome on ANDROID (62e88494c1dbcb366d86a4960534f35b)] -&gt; xpath: .//word], [[AndroidDriver: chrome on ANDROID (62e88494c1dbcb366d86a4960534f35b)] -&gt; xpath: .//word], [[AndroidDriver: chrome on ANDROID (62e88494c1dbcb366d86a4960534f35b)] -&gt; xpath: .//word], [[AndroidDriver: chrome on ANDROID (62e88494c1dbcb366d86a4960534f35b)] -&gt; xpath: .//word], [[AndroidDriver: chrome on ANDROID (62e88494c1dbcb366d86a4960534f35b)] -&gt; xpath: .//word], [[AndroidDriver: chrome on ANDROID (62e88494c1dbcb366d86a4960534f35b)] -&gt; xpath: .//word], [[AndroidDriver: chrome on ANDROID (62e88494c1dbcb366d86a4960534f35b)] -&gt; xpath: .//word], [[AndroidDriver: chrome on ANDROID (62e88494c1dbcb366d86a4960534f35b)] -&gt; xpath: .//word], [[AndroidDriver: chrome on ANDROID (62e88494c1dbcb366d86a4960534f35b)] -&gt; xpath: .//word], [[AndroidDriver: chrome on ANDROID (62e88494c1dbcb366d86a4960534f35b)] -&gt; xpath: .//word], [[AndroidDriver: chrome on ANDROID (62e88494c1dbcb366d86a4960534f35b)] -&gt; xpath: .//word], [[AndroidDriver: chrome on ANDROID (62e88494c1dbcb366d86a4960534f35b)] -&gt; xpath: .//word], [[AndroidDriver: chrome on ANDROID (62e88494c1dbcb366d86a4960534f35b)] -&gt; xpath: .//word], [[AndroidDriver: chrome on ANDROID (62e88494c1dbcb366d86a4960534f35b)] -&gt; xpath: .//word], [[AndroidDriver: chrome on ANDROID (62e88494c1dbcb366d86a4960534f35b)] -&gt; xpath: .//word], [[AndroidDriver: chrome on ANDROID (62e88494c1dbcb366d86a4960534f35b)] -&gt; xpath: .//word], [[AndroidDriver: chrome on ANDROID (62e88494c1dbcb366d86a4960534f35b)] -&gt; xpath: .//word], [[AndroidDriver: chrome on ANDROID (62e88494c1dbcb366d86a4960534f35b)] -&gt; xpath: .//word], [[AndroidDriver: chrome on ANDROID (62e88494c1dbcb366d86a4960534f35b)] -&gt; xpath: .//word], [[AndroidDriver: chrome on ANDROID (62e88494c1dbcb366d86a4960534f35b)] -&gt; xpath: .//word], [[AndroidDriver: chrome on ANDROID (62e88494c1dbcb366d86a4960534f35b)] -&gt; xpath: .//word], [[AndroidDriver: chrome on ANDROID (62e88494c1dbcb366d86a4960534f35b)] -&gt; xpath: .//word], [[AndroidDriver: chrome on ANDROID (62e88494c1dbcb366d86a4960534f35b)] -&gt; xpath: .//word], [[AndroidDriver: chrome on ANDROID (62e88494c1dbcb366d86a4960534f35b)] -&gt; xpath: .//word], [[AndroidDriver: chrome on ANDROID (62e88494c1dbcb366d86a4960534f35b)] -&gt; xpath: .//word], [[AndroidDriver: chrome on ANDROID (62e88494c1dbcb366d86a4960534f35b)] -&gt; xpath: .//word], [[AndroidDriver: chrome on ANDROID (62e88494c1dbcb366d86a4960534f35b)] -&gt; xpath: .//word], [[AndroidDriver: chrome on ANDROID (62e88494c1dbcb366d86a4960534f35b)] -&gt; xpath: .//word], [[AndroidDriver: chrome on ANDROID (62e88494c1dbcb366d86a4960534f35b)] -&gt; xpath: .//word], [[AndroidDriver: chrome on ANDROID (62e88494c1dbcb366d86a4960534f35b)] -&gt; xpath: .//word], [[AndroidDriver: chrome on ANDROID (62e88494c1dbcb366d86a4960534f35b)] -&gt; xpath: .//word], [[AndroidDriver: chrome on ANDROID (62e88494c1dbcb366d86a4960534f35b)] -&gt; xpath: .//word], [[AndroidDriver: chrome on ANDROID (62e88494c1dbcb366d86a4960534f35b)] -&gt; xpath: .//word], [[AndroidDriver: chrome on ANDROID (62e88494c1dbcb366d86a4960534f35b)] -&gt; xpath: .//word], [[AndroidDriver: chrome on ANDROID (62e88494c1dbcb366d86a4960534f35b)] -&gt; xpath: .//word], [[AndroidDriver: chrome on ANDROID (62e88494c1dbcb366d86a4960534f35b)] -&gt; xpath: .//word], [[AndroidDriver: chrome on ANDROID (62e88494c1dbcb366d86a4960534f35b)] -&gt; xpath: .//word], [[AndroidDriver: chrome on ANDROID (62e88494c1dbcb366d86a4960534f35b)] -&gt; xpath: .//word], [[AndroidDriver: chrome on ANDROID (62e88494c1dbcb366d86a4960534f35b)] -&gt; xpath: .//word], [[AndroidDriver: chrome on ANDROID (62e88494c1dbcb366d86a4960534f35b)] -&gt; xpath: .//word], [[AndroidDriver: chrome on ANDROID (62e88494c1dbcb366d86a4960534f35b)] -&gt; xpath: .//word], [[AndroidDriver: chrome on ANDROID (62e88494c1dbcb366d86a4960534f35b)] -&gt; xpath: .//word], [[AndroidDriver: chrome on ANDROID (62e88494c1dbcb366d86a4960534f35b)] -&gt; xpath: .//word], [[AndroidDriver: chrome on ANDROID (62e88494c1dbcb366d86a4960534f35b)] -&gt; xpath: .//word], [[AndroidDriver: chrome on ANDROID (62e88494c1dbcb366d86a4960534f35b)] -&gt; xpath: .//word], [[AndroidDriver: chrome on ANDROID (62e88494c1dbcb366d86a4960534f35b)] -&gt; xpath: .//word], [[AndroidDriver: chrome on ANDROID (62e88494c1dbcb366d86a4960534f35b)] -&gt; xpath: .//word], [[AndroidDriver: chrome on ANDROID (62e88494c1dbcb366d86a4960534f35b)] -&gt; xpath: .//word], [[AndroidDriver: chrome on ANDROID (62e88494c1dbcb366d86a4960534f35b)] -&gt; xpath: .//word], [[AndroidDriver: chrome on ANDROID (62e88494c1dbcb366d86a4960534f35b)] -&gt; xpath: .//word], [[AndroidDriver: chrome on ANDROID (62e88494c1dbcb366d86a4960534f35b)] -&gt; xpath: .//word], [[AndroidDriver: chrome on ANDROID (62e88494c1dbcb366d86a4960534f35b)] -&gt; xpath: .//word], [[AndroidDriver: chrome on ANDROID (62e88494c1dbcb366d86a4960534f35b)] -&gt; xpath: .//word], [[AndroidDriver: chrome on ANDROID (62e88494c1dbcb366d86a4960534f35b)] -&gt; xpath: .//word], [[AndroidDriver: chrome on ANDROID (62e88494c1dbcb366d86a4960534f35b)] -&gt; xpath: .//word], [[AndroidDriver: chrome on ANDROID (62e88494c1dbcb366d86a4960534f35b)] -&gt; xpath: .//word], [[AndroidDriver: chrome on ANDROID (62e88494c1dbcb366d86a4960534f35b)] -&gt; xpath: .//word], [[AndroidDriver: chrome on ANDROID (62e88494c1dbcb366d86a4960534f35b)] -&gt; xpath: .//word], [[AndroidDriver: chrome on ANDROID (62e88494c1dbcb366d86a4960534f35b)] -&gt; xpath: .//word], [[AndroidDriver: chrome on ANDROID (62e88494c1dbcb366d86a4960534f35b)] -&gt; xpath: .//word], [[AndroidDriver: chrome on ANDROID (62e88494c1dbcb366d86a4960534f35b)] -&gt; xpath: .//word], [[AndroidDriver: chrome on ANDROID (62e88494c1dbcb366d86a4960534f35b)] -&gt; xpath: .//word], [[AndroidDriver: chrome on ANDROID (62e88494c1dbcb366d86a4960534f35b)] -&gt; xpath: .//word], [[AndroidDriver: chrome on ANDROID (62e88494c1dbcb366d86a4960534f35b)] -&gt; xpath: .//word], [[AndroidDriver: chrome on ANDROID (62e88494c1dbcb366d86a4960534f35b)] -&gt; xpath: .//word], [[AndroidDriver: chrome on ANDROID (62e88494c1dbcb366d86a4960534f35b)] -&gt; xpath: .//word], [[AndroidDriver: chrome on ANDROID (62e88494c1dbcb366d86a4960534f35b)] -&gt; xpath: .//word], [[AndroidDriver: chrome on ANDROID (62e88494c1dbcb366d86a4960534f35b)] -&gt; xpath: .//word], [[AndroidDriver: chrome on ANDROID (62e88494c1dbcb366d86a4960534f35b)] -&gt; xpath: .//word], [[AndroidDriver: chrome on ANDROID (62e88494c1dbcb366d86a4960534f35b)] -&gt; xpath: .//word], [[AndroidDriver: chrome on ANDROID (62e88494c1dbcb366d86a4960534f35b)] -&gt; xpath: .//word], [[AndroidDriver: chrome on ANDROID (62e88494c1dbcb366d86a4960534f35b)] -&gt; xpath: .//word], [[AndroidDriver: chrome on ANDROID (62e88494c1dbcb366d86a4960534f35b)] -&gt; xpath: .//word], [[AndroidDriver: chrome on ANDROID (62e88494c1dbcb366d86a4960534f35b)] -&gt; xpath: .//word], [[AndroidDriver: chrome on ANDROID (62e88494c1dbcb366d86a4960534f35b)] -&gt; xpath: .//word], [[AndroidDriver: chrome on ANDROID (62e88494c1dbcb366d86a4960534f35b)] -&gt; xpath: .//word], [[AndroidDriver: chrome on ANDROID (62e88494c1dbcb366d86a4960534f35b)] -&gt; xpath: .//word], [[AndroidDriver: chrome on ANDROID (62e88494c1dbcb366d86a4960534f35b)] -&gt; xpath: .//word], [[AndroidDriver: chrome on ANDROID (62e88494c1dbcb366d86a4960534f35b)] -&gt; xpath: .//word], [[AndroidDriver: chrome on ANDROID (62e88494c1dbcb366d86a4960534f35b)] -&gt; xpath: .//word], [[AndroidDriver: chrome on ANDROID (62e88494c1dbcb366d86a4960534f35b)] -&gt; xpath: .//word], [[AndroidDriver: chrome on ANDROID (62e88494c1dbcb366d86a4960534f35b)] -&gt; xpath: .//word], [[AndroidDriver: chrome on ANDROID (62e88494c1dbcb366d86a4960534f35b)] -&gt; xpath: .//word], [[AndroidDriver: chrome on ANDROID (62e88494c1dbcb366d86a4960534f35b)] -&gt; xpath: .//word], [[AndroidDriver: chrome on ANDROID (62e88494c1dbcb366d86a4960534f35b)] -&gt; xpath: .//word], [[AndroidDriver: chrome on ANDROID (62e88494c1dbcb366d86a4960534f35b)] -&gt; xpath: .//word], [[AndroidDriver: chrome on ANDROID (62e88494c1dbcb366d86a4960534f35b)] -&gt; xpath: .//word], [[AndroidDriver: chrome on ANDROID (62e88494c1dbcb366d86a4960534f35b)] -&gt; xpath: .//word], [[AndroidDriver: chrome on ANDROID (62e88494c1dbcb366d86a4960534f35b)] -&gt; xpath: .//word], [[AndroidDriver: chrome on ANDROID (62e88494c1dbcb366d86a4960534f35b)] -&gt; xpath: .//word], [[AndroidDriver: chrome on ANDROID (62e88494c1dbcb366d86a4960534f35b)] -&gt; xpath: .//word], [[AndroidDriver: chrome on ANDROID (62e88494c1dbcb366d86a4960534f35b)] -&gt; xpath: .//word], [[AndroidDriver: chrome on ANDROID (62e88494c1dbcb366d86a4960534f35b)] -&gt; xpath: .//word], [[AndroidDriver: chrome on ANDROID (62e88494c1dbcb366d86a4960534f35b)] -&gt; xpath: .//word], [[AndroidDriver: chrome on ANDROID (62e88494c1dbcb366d86a4960534f35b)] -&gt; xpath: .//word], [[AndroidDriver: chrome on ANDROID (62e88494c1dbcb366d86a4960534f35b)] -&gt; xpath: .//word], [[AndroidDriver: chrome on ANDROID (62e88494c1dbcb366d86a4960534f35b)] -&gt; xpath: .//word], [[AndroidDriver: chrome on ANDROID (62e88494c1dbcb366d86a4960534f35b)] -&gt; xpath: .//word], [[AndroidDriver: chrome on ANDROID (62e88494c1dbcb366d86a4960534f35b)] -&gt; xpath: .//word], [[AndroidDriver: chrome on ANDROID (62e88494c1dbcb366d86a4960534f35b)] -&gt; xpath: .//word], [[AndroidDriver: chrome on ANDROID (62e88494c1dbcb366d86a4960534f35b)] -&gt; xpath: .//word], [[AndroidDriver: chrome on ANDROID (62e88494c1dbcb366d86a4960534f35b)] -&gt; xpath: .//word], [[AndroidDriver: chrome on ANDROID (62e88494c1dbcb366d86a4960534f35b)] -&gt; xpath: .//word], [[AndroidDriver: chrome on ANDROID (62e88494c1dbcb366d86a4960534f35b)] -&gt; xpath: .//word], [[AndroidDriver: chrome on ANDROID (62e88494c1dbcb366d86a4960534f35b)] -&gt; xpath: .//word], [[AndroidDriver: chrome on ANDROID (62e88494c1dbcb366d86a4960534f35b)] -&gt; xpath: .//word], [[AndroidDriver: chrome on ANDROID (62e88494c1dbcb366d86a4960534f35b)] -&gt; xpath: .//word], [[AndroidDriver: chrome on ANDROID (62e88494c1dbcb366d86a4960534f35b)] -&gt; xpath: .//word], [[AndroidDriver: chrome on ANDROID (62e88494c1dbcb366d86a4960534f35b)] -&gt; xpath: .//word], [[AndroidDriver: chrome on ANDROID (62e88494c1dbcb366d86a4960534f35b)] -&gt; xpath: .//word], [[AndroidDriver: chrome on ANDROID (62e88494c1dbcb366d86a4960534f35b)] -&gt; xpath: .//word], [[AndroidDriver: chrome on ANDROID (62e88494c1dbcb366d86a4960534f35b)] -&gt; xpath: .//word], [[AndroidDriver: chrome on ANDROID (62e88494c1dbcb366d86a4960534f35b)] -&gt; xpath: .//word], [[AndroidDriver: chrome on ANDROID (62e88494c1dbcb366d86a4960534f35b)] -&gt; xpath: .//word], [[AndroidDriver: chrome on ANDROID (62e88494c1dbcb366d86a4960534f35b)] -&gt; xpath: .//word], [[AndroidDriver: chrome on ANDROID (62e88494c1dbcb366d86a4960534f35b)] -&gt; xpath: .//word], [[AndroidDriver: chrome on ANDROID (62e88494c1dbcb366d86a4960534f35b)] -&gt; xpath: .//word], [[AndroidDriver: chrome on ANDROID (62e88494c1dbcb366d86a4960534f35b)] -&gt; xpath: .//word], [[AndroidDriver: chrome on ANDROID (62e88494c1dbcb366d86a4960534f35b)] -&gt; xpath: .//word], [[AndroidDriver: chrome on ANDROID (62e88494c1dbcb366d86a4960534f35b)] -&gt; xpath: .//word], [[AndroidDriver: chrome on ANDROID (62e88494c1dbcb366d86a4960534f35b)] -&gt; xpath: .//word], [[AndroidDriver: chrome on ANDROID (62e88494c1dbcb366d86a4960534f35b)] -&gt; xpath: .//word], [[AndroidDriver: chrome on ANDROID (62e88494c1dbcb366d86a4960534f35b)] -&gt; xpath: .//word], [[AndroidDriver: chrome on ANDROID (62e88494c1dbcb366d86a4960534f35b)] -&gt; xpath: .//word], [[AndroidDriver: chrome on ANDROID (62e88494c1dbcb366d86a4960534f35b)] -&gt; xpath: .//word], [[AndroidDriver: chrome on ANDROID (62e88494c1dbcb366d86a4960534f35b)] -&gt; xpath: .//word], [[AndroidDriver: chrome on ANDROID (62e88494c1dbcb366d86a4960534f35b)] -&gt; xpath: .//word], [[AndroidDriver: chrome on ANDROID (62e88494c1dbcb366d86a4960534f35b)] -&gt; xpath: .//word], [[AndroidDriver: chrome on ANDROID (62e88494c1dbcb366d86a4960534f35b)] -&gt; xpath: .//word], [[AndroidDriver: chrome on ANDROID (62e88494c1dbcb366d86a4960534f35b)] -&gt; xpath: .//word], [[AndroidDriver: chrome on ANDROID (62e88494c1dbcb366d86a4960534f35b)] -&gt; xpath: .//word], [[AndroidDriver: chrome on ANDROID (62e88494c1dbcb366d86a4960534f35b)] -&gt; xpath: .//word], [[AndroidDriver: chrome on ANDROID (62e88494c1dbcb366d86a4960534f35b)] -&gt; xpath: .//word], [[AndroidDriver: chrome on ANDROID (62e88494c1dbcb366d86a4960534f35b)] -&gt; xpath: .//word], [[AndroidDriver: chrome on ANDROID (62e88494c1dbcb366d86a4960534f35b)] -&gt; xpath: .//word], [[AndroidDriver: chrome on ANDROID (62e88494c1dbcb366d86a4960534f35b)] -&gt; xpath: .//word], [[AndroidDriver: chrome on ANDROID (62e88494c1dbcb366d86a4960534f35b)] -&gt; xpath: .//word], [[AndroidDriver: chrome on ANDROID (62e88494c1dbcb366d86a4960534f35b)] -&gt; xpath: .//word], [[AndroidDriver: chrome on ANDROID (62e88494c1dbcb366d86a4960534f35b)] -&gt; xpath: .//word], [[AndroidDriver: chrome on ANDROID (62e88494c1dbcb366d86a4960534f35b)] -&gt; xpath: .//word], [[AndroidDriver: chrome on ANDROID (62e88494c1dbcb366d86a4960534f35b)] -&gt; xpath: .//word], [[AndroidDriver: chrome on ANDROID (62e88494c1dbcb366d86a4960534f35b)] -&gt; xpath: .//word], [[AndroidDriver: chrome on ANDROID (62e88494c1dbcb366d86a4960534f35b)] -&gt; xpath: .//word], [[AndroidDriver: chrome on ANDROID (62e88494c1dbcb366d86a4960534f35b)] -&gt; xpath: .//word], [[AndroidDriver: chrome on ANDROID (62e88494c1dbcb366d86a4960534f35b)] -&gt; xpath: .//word], [[AndroidDriver: chrome on ANDROID (62e88494c1dbcb366d86a4960534f35b)] -&gt; xpath: .//word], [[AndroidDriver: chrome on ANDROID (62e88494c1dbcb366d86a4960534f35b)] -&gt; xpath: .//word], [[AndroidDriver: chrome on ANDROID (62e88494c1dbcb366d86a4960534f35b)] -&gt; xpath: .//word], [[AndroidDriver: chrome on ANDROID (62e88494c1dbcb366d86a4960534f35b)] -&gt; xpath: .//word], [[AndroidDriver: chrome on ANDROID (62e88494c1dbcb366d86a4960534f35b)] -&gt; xpath: .//word], [[AndroidDriver: chrome on ANDROID (62e88494c1dbcb366d86a4960534f35b)] -&gt; xpath: .//word], [[AndroidDriver: chrome on ANDROID (62e88494c1dbcb366d86a4960534f35b)] -&gt; xpath: .//word], [[AndroidDriver: chrome on ANDROID (62e88494c1dbcb366d86a4960534f35b)] -&gt; xpath: .//word], [[AndroidDriver: chrome on ANDROID (62e88494c1dbcb366d86a4960534f35b)] -&gt; xpath: .//word], [[AndroidDriver: chrome on ANDROID (62e88494c1dbcb366d86a4960534f35b)] -&gt; xpath: .//word], [[AndroidDriver: chrome on ANDROID (62e88494c1dbcb366d86a4960534f35b)] -&gt; xpath: .//word], [[AndroidDriver: chrome on ANDROID (62e88494c1dbcb366d86a4960534f35b)] -&gt; xpath: .//word], [[AndroidDriver: chrome on ANDROID (62e88494c1dbcb366d86a4960534f35b)] -&gt; xpath: .//word], [[AndroidDriver: chrome on ANDROID (62e88494c1dbcb366d86a4960534f35b)] -&gt; xpath: .//word], [[AndroidDriver: chrome on ANDROID (62e88494c1dbcb366d86a4960534f35b)] -&gt; xpath: .//word], [[AndroidDriver: chrome on ANDROID (62e88494c1dbcb366d86a4960534f35b)] -&gt; xpath: .//word], [[AndroidDriver: chrome on ANDROID (62e88494c1dbcb366d86a4960534f35b)] -&gt; xpath: .//word], [[AndroidDriver: chrome on ANDROID (62e88494c1dbcb366d86a4960534f35b)] -&gt; xpath: .//word], [[AndroidDriver: chrome on ANDROID (62e88494c1dbcb366d86a4960534f35b)] -&gt; xpath: .//word], [[AndroidDriver: chrome on ANDROID (62e88494c1dbcb366d86a4960534f35b)] -&gt; xpath: .//word], [[AndroidDriver: chrome on ANDROID (62e88494c1dbcb366d86a4960534f35b)] -&gt; xpath: .//word], [[AndroidDriver: chrome on ANDROID (62e88494c1dbcb366d86a4960534f35b)] -&gt; xpath: .//word], [[AndroidDriver: chrome on ANDROID (62e88494c1dbcb366d86a4960534f35b)] -&gt; xpath: .//word], [[AndroidDriver: chrome on ANDROID (62e88494c1dbcb366d86a4960534f35b)] -&gt; xpath: .//word], [[AndroidDriver: chrome on ANDROID (62e88494c1dbcb366d86a4960534f35b)] -&gt; xpath: .//word], [[AndroidDriver: chrome on ANDROID (62e88494c1dbcb366d86a4960534f35b)] -&gt; xpath: .//word], [[AndroidDriver: chrome on ANDROID (62e88494c1dbcb366d86a4960534f35b)] -&gt; xpath: .//word], [[AndroidDriver: chrome on ANDROID (62e88494c1dbcb366d86a4960534f35b)] -&gt; xpath: .//word], [[AndroidDriver: chrome on ANDROID (62e88494c1dbcb366d86a4960534f35b)] -&gt; xpath: .//word], [[AndroidDriver: chrome on ANDROID (62e88494c1dbcb366d86a4960534f35b)] -&gt; xpath: .//word], [[AndroidDriver: chrome on ANDROID (62e88494c1dbcb366d86a4960534f35b)] -&gt; xpath: .//word], [[AndroidDriver: chrome on ANDROID (62e88494c1dbcb366d86a4960534f35b)] -&gt; xpath: .//word], [[AndroidDriver: chrome on ANDROID (62e88494c1dbcb366d86a4960534f35b)] -&gt; xpath: .//word], [[AndroidDriver: chrome on ANDROID (62e88494c1dbcb366d86a4960534f35b)] -&gt; xpath: .//word], [[AndroidDriver: chrome on ANDROID (62e88494c1dbcb366d86a4960534f35b)] -&gt; xpath: .//word], [[AndroidDriver: chrome on ANDROID (62e88494c1dbcb366d86a4960534f35b)] -&gt; xpath: .//word], [[AndroidDriver: chrome on ANDROID (62e88494c1dbcb366d86a4960534f35b)] -&gt; xpath: .//word], [[AndroidDriver: chrome on ANDROID (62e88494c1dbcb366d86a4960534f35b)] -&gt; xpath: .//word], [[AndroidDriver: chrome on ANDROID (62e88494c1dbcb366d86a4960534f35b)] -&gt; xpath: .//word], [[AndroidDriver: chrome on ANDROID (62e88494c1dbcb366d86a4960534f35b)] -&gt; xpath: .//word], [[AndroidDriver: chrome on ANDROID (62e88494c1dbcb366d86a4960534f35b)] -&gt; xpath: .//word], [[AndroidDriver: chrome on ANDROID (62e88494c1dbcb366d86a4960534f35b)] -&gt; xpath: .//word], [[AndroidDriver: chrome on ANDROID (62e88494c1dbcb366d86a4960534f35b)] -&gt; xpath: .//word], [[AndroidDriver: chrome on ANDROID (62e88494c1dbcb366d86a4960534f35b)] -&gt; xpath: .//word], [[AndroidDriver: chrome on ANDROID (62e88494c1dbcb366d86a4960534f35b)] -&gt; xpath: .//word], [[AndroidDriver: chrome on ANDROID (62e88494c1dbcb366d86a4960534f35b)] -&gt; xpath: .//word], [[AndroidDriver: chrome on ANDROID (62e88494c1dbcb366d86a4960534f35b)] -&gt; xpath: .//word], [[AndroidDriver: chrome on ANDROID (62e88494c1dbcb366d86a4960534f35b)] -&gt; xpath: .//word], [[AndroidDriver: chrome on ANDROID (62e88494c1dbcb366d86a4960534f35b)] -&gt; xpath: .//word], [[AndroidDriver: chrome on ANDROID (62e88494c1dbcb366d86a4960534f35b)] -&gt; xpath: .//word], [[AndroidDriver: chrome on ANDROID (62e88494c1dbcb366d86a4960534f35b)] -&gt; xpath: .//word], [[AndroidDriver: chrome on ANDROID (62e88494c1dbcb366d86a4960534f35b)] -&gt; xpath: .//word], [[AndroidDriver: chrome on ANDROID (62e88494c1dbcb366d86a4960534f35b)] -&gt; xpath: .//word], [[AndroidDriver: chrome on ANDROID (62e88494c1dbcb366d86a4960534f35b)] -&gt; xpath: .//word], [[AndroidDriver: chrome on ANDROID (62e88494c1dbcb366d86a4960534f35b)] -&gt; xpath: .//word], [[AndroidDriver: chrome on ANDROID (62e88494c1dbcb366d86a4960534f35b)] -&gt; xpath: .//word], [[AndroidDriver: chrome on ANDROID (62e88494c1dbcb366d86a4960534f35b)] -&gt; xpath: .//word], [[AndroidDriver: chrome on ANDROID (62e88494c1dbcb366d86a4960534f35b)] -&gt; xpath: .//word], [[AndroidDriver: chrome on ANDROID (62e88494c1dbcb366d86a4960534f35b)] -&gt; xpath: .//word], [[AndroidDriver: chrome on ANDROID (62e88494c1dbcb366d86a4960534f35b)] -&gt; xpath: .//word], [[AndroidDriver: chrome on ANDROID (62e88494c1dbcb366d86a4960534f35b)] -&gt; xpath: .//word], [[AndroidDriver: chrome on ANDROID (62e88494c1dbcb366d86a4960534f35b)] -&gt; xpath: .//word], [[AndroidDriver: chrome on ANDROID (62e88494c1dbcb366d86a4960534f35b)] -&gt; xpath: .//word], [[AndroidDriver: chrome on ANDROID (62e88494c1dbcb366d86a4960534f35b)] -&gt; xpath: .//word], [[AndroidDriver: chrome on ANDROID (62e88494c1dbcb366d86a4960534f35b)] -&gt; xpath: .//word], [[AndroidDriver: chrome on ANDROID (62e88494c1dbcb366d86a4960534f35b)] -&gt; xpath: .//word], [[AndroidDriver: chrome on ANDROID (62e88494c1dbcb366d86a4960534f35b)] -&gt; xpath: .//word], [[AndroidDriver: chrome on ANDROID (62e88494c1dbcb366d86a4960534f35b)] -&gt; xpath: .//word], [[AndroidDriver: chrome on ANDROID (62e88494c1dbcb366d86a4960534f35b)] -&gt; xpath: .//word], [[AndroidDriver: chrome on ANDROID (62e88494c1dbcb366d86a4960534f35b)] -&gt; xpath: .//word], [[AndroidDriver: chrome on ANDROID (62e88494c1dbcb366d86a4960534f35b)] -&gt; xpath: .//word], [[AndroidDriver: chrome on ANDROID (62e88494c1dbcb366d86a4960534f35b)] -&gt; xpath: .//word], [[AndroidDriver: chrome on ANDROID (62e88494c1dbcb366d86a4960534f35b)] -&gt; xpath: .//word], [[AndroidDriver: chrome on ANDROID (62e88494c1dbcb366d86a4960534f35b)] -&gt; xpath: .//word], [[AndroidDriver: chrome on ANDROID (62e88494c1dbcb366d86a4960534f35b)] -&gt; xpath: .//word], [[AndroidDriver: chrome on ANDROID (62e88494c1dbcb366d86a4960534f35b)] -&gt; xpath: .//word], [[AndroidDriver: chrome on ANDROID (62e88494c1dbcb366d86a4960534f35b)] -&gt; xpath: .//word], [[AndroidDriver: chrome on ANDROID (62e88494c1dbcb366d86a4960534f35b)] -&gt; xpath: .//word], [[AndroidDriver: chrome on ANDROID (62e88494c1dbcb366d86a4960534f35b)] -&gt; xpath: .//word], [[AndroidDriver: chrome on ANDROID (62e88494c1dbcb366d86a4960534f35b)] -&gt; xpath: .//word], [[AndroidDriver: chrome on ANDROID (62e88494c1dbcb366d86a4960534f35b)] -&gt; xpath: .//word], [[AndroidDriver: chrome on ANDROID (62e88494c1dbcb366d86a4960534f35b)] -&gt; xpath: .//word], [[AndroidDriver: chrome on ANDROID (62e88494c1dbcb366d86a4960534f35b)] -&gt; xpath: .//word], [[AndroidDriver: chrome on ANDROID (62e88494c1dbcb366d86a4960534f35b)] -&gt; xpath: .//word], [[AndroidDriver: chrome on ANDROID (62e88494c1dbcb366d86a4960534f35b)] -&gt; xpath: .//word], [[AndroidDriver: chrome on ANDROID (62e88494c1dbcb366d86a4960534f35b)] -&gt; xpath: .//word], [[AndroidDriver: chrome on ANDROID (62e88494c1dbcb366d86a4960534f35b)] -&gt; xpath: .//word], [[AndroidDriver: chrome on ANDROID (62e88494c1dbcb366d86a4960534f35b)] -&gt; xpath: .//word], [[AndroidDriver: chrome on ANDROID (62e88494c1dbcb366d86a4960534f35b)] -&gt; xpath: .//word], [[AndroidDriver: chrome on ANDROID (62e88494c1dbcb366d86a4960534f35b)] -&gt; xpath: .//word], [[AndroidDriver: chrome on ANDROID (62e88494c1dbcb366d86a4960534f35b)] -&gt; xpath: .//word], [[AndroidDriver: chrome on ANDROID (62e88494c1dbcb366d86a4960534f35b)] -&gt; xpath: .//word], [[AndroidDriver: chrome on ANDROID (62e88494c1dbcb366d86a4960534f35b)] -&gt; xpath: .//word], [[AndroidDriver: chrome on ANDROID (62e88494c1dbcb366d86a4960534f35b)] -&gt; xpath: .//word], [[AndroidDriver: chrome on ANDROID (62e88494c1dbcb366d86a4960534f35b)] -&gt; xpath: .//word], [[AndroidDriver: chrome on ANDROID (62e88494c1dbcb366d86a4960534f35b)] -&gt; xpath: .//word], [[AndroidDriver: chrome on ANDROID (62e88494c1dbcb366d86a4960534f35b)] -&gt; xpath: .//word], [[AndroidDriver: chrome on ANDROID (62e88494c1dbcb366d86a4960534f35b)] -&gt; xpath: .//word], [[AndroidDriver: chrome on ANDROID (62e88494c1dbcb366d86a4960534f35b)] -&gt; xpath: .//word], [[AndroidDriver: chrome on ANDROID (62e88494c1dbcb366d86a4960534f35b)] -&gt; xpath: .//word], [[AndroidDriver: chrome on ANDROID (62e88494c1dbcb366d86a4960534f35b)] -&gt; xpath: .//word], [[AndroidDriver: chrome on ANDROID (62e88494c1dbcb366d86a4960534f35b)] -&gt; xpath: .//word], [[AndroidDriver: chrome on ANDROID (62e88494c1dbcb366d86a4960534f35b)] -&gt; xpath: .//word], [[AndroidDriver: chrome on ANDROID (62e88494c1dbcb366d86a4960534f35b)] -&gt; xpath: .//word], [[AndroidDriver: chrome on ANDROID (62e88494c1dbcb366d86a4960534f35b)] -&gt; xpath: .//word], [[AndroidDriver: chrome on ANDROID (62e88494c1dbcb366d86a4960534f35b)] -&gt; xpath: .//word], [[AndroidDriver: chrome on ANDROID (62e88494c1dbcb366d86a4960534f35b)] -&gt; xpath: .//word], [[AndroidDriver: chrome on ANDROID (62e88494c1dbcb366d86a4960534f35b)] -&gt; xpath: .//word], [[AndroidDriver: chrome on ANDROID (62e88494c1dbcb366d86a4960534f35b)] -&gt; xpath: .//word], [[AndroidDriver: chrome on ANDROID (62e88494c1dbcb366d86a4960534f35b)] -&gt; xpath: .//word], [[AndroidDriver: chrome on ANDROID (62e88494c1dbcb366d86a4960534f35b)] -&gt; xpath: .//word], [[AndroidDriver: chrome on ANDROID (62e88494c1dbcb366d86a4960534f35b)] -&gt; xpath: .//word], [[AndroidDriver: chrome on ANDROID (62e88494c1dbcb366d86a4960534f35b)] -&gt; xpath: .//word], [[AndroidDriver: chrome on ANDROID (62e88494c1dbcb366d86a4960534f35b)] -&gt; xpath: .//word], [[AndroidDriver: chrome on ANDROID (62e88494c1dbcb366d86a4960534f35b)] -&gt; xpath: .//word], [[AndroidDriver: chrome on ANDROID (62e88494c1dbcb366d86a4960534f35b)] -&gt; xpath: .//word], [[AndroidDriver: chrome on ANDROID (62e88494c1dbcb366d86a4960534f35b)] -&gt; xpath: .//word], [[AndroidDriver: chrome on ANDROID (62e88494c1dbcb366d86a4960534f35b)] -&gt; xpath: .//word], [[AndroidDriver: chrome on ANDROID (62e88494c1dbcb366d86a4960534f35b)] -&gt; xpath: .//word], [[AndroidDriver: chrome on ANDROID (62e88494c1dbcb366d86a4960534f35b)] -&gt; xpath: .//word], [[AndroidDriver: chrome on ANDROID (62e88494c1dbcb366d86a4960534f35b)] -&gt; xpath: .//word], [[AndroidDriver: chrome on ANDROID (62e88494c1dbcb366d86a4960534f35b)] -&gt; xpath: .//word], [[AndroidDriver: chrome on ANDROID (62e88494c1dbcb366d86a4960534f35b)] -&gt; xpath: .//word], [[AndroidDriver: chrome on ANDROID (62e88494c1dbcb366d86a4960534f35b)] -&gt; xpath: .//word], [[AndroidDriver: chrome on ANDROID (62e88494c1dbcb366d86a4960534f35b)] -&gt; xpath: .//word], [[AndroidDriver: chrome on ANDROID (62e88494c1dbcb366d86a4960534f35b)] -&gt; xpath: .//word], [[AndroidDriver: chrome on ANDROID (62e88494c1dbcb366d86a4960534f35b)] -&gt; xpath: .//word], [[AndroidDriver: chrome on ANDROID (62e88494c1dbcb366d86a4960534f35b)] -&gt; xpath: .//word], [[AndroidDriver: chrome on ANDROID (62e88494c1dbcb366d86a4960534f35b)] -&gt; xpath: .//word], [[AndroidDriver: chrome on ANDROID (62e88494c1dbcb366d86a4960534f35b)] -&gt; xpath: .//word], [[AndroidDriver: chrome on ANDROID (62e88494c1dbcb366d86a4960534f35b)] -&gt; xpath: .//word], [[AndroidDriver: chrome on ANDROID (62e88494c1dbcb366d86a4960534f35b)] -&gt; xpath: .//word], [[AndroidDriver: chrome on ANDROID (62e88494c1dbcb366d86a4960534f35b)] -&gt; xpath: .//word], [[AndroidDriver: chrome on ANDROID (62e88494c1dbcb366d86a4960534f35b)] -&gt; xpath: .//word], [[AndroidDriver: chrome on ANDROID (62e88494c1dbcb366d86a4960534f35b)] -&gt; xpath: .//word], [[AndroidDriver: chrome on ANDROID (62e88494c1dbcb366d86a4960534f35b)] -&gt; xpath: .//word], [[AndroidDriver: chrome on ANDROID (62e88494c1dbcb366d86a4960534f35b)] -&gt; xpath: .//word], [[AndroidDriver: chrome on ANDROID (62e88494c1dbcb366d86a4960534f35b)] -&gt; xpath: .//word], [[AndroidDriver: chrome on ANDROID (62e88494c1dbcb366d86a4960534f35b)] -&gt; xpath: .//word], [[AndroidDriver: chrome on ANDROID (62e88494c1dbcb366d86a4960534f35b)] -&gt; xpath: .//word], [[AndroidDriver: chrome on ANDROID (62e88494c1dbcb366d86a4960534f35b)] -&gt; xpath: .//word], [[AndroidDriver: chrome on ANDROID (62e88494c1dbcb366d86a4960534f35b)] -&gt; xpath: .//word], [[AndroidDriver: chrome on ANDROID (62e88494c1dbcb366d86a4960534f35b)] -&gt; xpath: .//word], [[AndroidDriver: chrome on ANDROID (62e88494c1dbcb366d86a4960534f35b)] -&gt; xpath: .//word], [[AndroidDriver: chrome on ANDROID (62e88494c1dbcb366d86a4960534f35b)] -&gt; xpath: .//word], [[AndroidDriver: chrome on ANDROID (62e88494c1dbcb366d86a4960534f35b)] -&gt; xpath: .//word], [[AndroidDriver: chrome on ANDROID (62e88494c1dbcb366d86a4960534f35b)] -&gt; xpath: .//word], [[AndroidDriver: chrome on ANDROID (62e88494c1dbcb366d86a4960534f35b)] -&gt; xpath: .//word], [[AndroidDriver: chrome on ANDROID (62e88494c1dbcb366d86a4960534f35b)] -&gt; xpath: .//word], [[AndroidDriver: chrome on ANDROID (62e88494c1dbcb366d86a4960534f35b)] -&gt; xpath: .//word], [[AndroidDriver: chrome on ANDROID (62e88494c1dbcb366d86a4960534f35b)] -&gt; xpath: .//word], [[AndroidDriver: chrome on ANDROID (62e88494c1dbcb366d86a4960534f35b)] -&gt; xpath: .//word], [[AndroidDriver: chrome on ANDROID (62e88494c1dbcb366d86a4960534f35b)] -&gt; xpath: .//word], [[AndroidDriver: chrome on ANDROID (62e88494c1dbcb366d86a4960534f35b)] -&gt; xpath: .//word], [[AndroidDriver: chrome on ANDROID (62e88494c1dbcb366d86a4960534f35b)] -&gt; xpath: .//word], [[AndroidDriver: chrome on ANDROID (62e88494c1dbcb366d86a4960534f35b)] -&gt; xpath: .//word], [[AndroidDriver: chrome on ANDROID (62e88494c1dbcb366d86a4960534f35b)] -&gt; xpath: .//word], [[AndroidDriver: chrome on ANDROID (62e88494c1dbcb366d86a4960534f35b)] -&gt; xpath: .//word], [[AndroidDriver: chrome on ANDROID (62e88494c1dbcb366d86a4960534f35b)] -&gt; xpath: .//word], [[AndroidDriver: chrome on ANDROID (62e88494c1dbcb366d86a4960534f35b)] -&gt; xpath: .//word], [[AndroidDriver: chrome on ANDROID (62e88494c1dbcb366d86a4960534f35b)] -&gt; xpath: .//word], [[AndroidDriver: chrome on ANDROID (62e88494c1dbcb366d86a4960534f35b)] -&gt; xpath: .//word], [[AndroidDriver: chrome on ANDROID (62e88494c1dbcb366d86a4960534f35b)] -&gt; xpath: .//word], [[AndroidDriver: chrome on ANDROID (62e88494c1dbcb366d86a4960534f35b)] -&gt; xpath: .//word], [[AndroidDriver: chrome on ANDROID (62e88494c1dbcb366d86a4960534f35b)] -&gt; xpath: .//word], [[AndroidDriver: chrome on ANDROID (62e88494c1dbcb366d86a4960534f35b)] -&gt; xpath: .//word], [[AndroidDriver: chrome on ANDROID (62e88494c1dbcb366d86a4960534f35b)] -&gt; xpath: .//word], [[AndroidDriver: chrome on ANDROID (62e88494c1dbcb366d86a4960534f35b)] -&gt; xpath: .//word], [[AndroidDriver: chrome on ANDROID (62e88494c1dbcb366d86a4960534f35b)] -&gt; xpath: .//word], [[AndroidDriver: chrome on ANDROID (62e88494c1dbcb366d86a4960534f35b)] -&gt; xpath: .//word], [[AndroidDriver: chrome on ANDROID (62e88494c1dbcb366d86a4960534f35b)] -&gt; xpath: .//word], [[AndroidDriver: chrome on ANDROID (62e88494c1dbcb366d86a4960534f35b)] -&gt; xpath: .//word], [[AndroidDriver: chrome on ANDROID (62e88494c1dbcb366d86a4960534f35b)] -&gt; xpath: .//word], [[AndroidDriver: chrome on ANDROID (62e88494c1dbcb366d86a4960534f35b)] -&gt; xpath: .//word], [[AndroidDriver: chrome on ANDROID (62e88494c1dbcb366d86a4960534f35b)] -&gt; xpath: .//word], [[AndroidDriver: chrome on ANDROID (62e88494c1dbcb366d86a4960534f35b)] -&gt; xpath: .//word], [[AndroidDriver: chrome on ANDROID (62e88494c1dbcb366d86a4960534f35b)] -&gt; xpath: .//word], [[AndroidDriver: chrome on ANDROID (62e88494c1dbcb366d86a4960534f35b)] -&gt; xpath: .//word], [[AndroidDriver: chrome on ANDROID (62e88494c1dbcb366d86a4960534f35b)] -&gt; xpath: .//word], [[AndroidDriver: chrome on ANDROID (62e88494c1dbcb366d86a4960534f35b)] -&gt; xpath: .//word], [[AndroidDriver: chrome on ANDROID (62e88494c1dbcb366d86a4960534f35b)] -&gt; xpath: .//word], [[AndroidDriver: chrome on ANDROID (62e88494c1dbcb366d86a4960534f35b)] -&gt; xpath: .//word], [[AndroidDriver: chrome on ANDROID (62e88494c1dbcb366d86a4960534f35b)] -&gt; xpath: .//word], [[AndroidDriver: chrome on ANDROID (62e88494c1dbcb366d86a4960534f35b)] -&gt; xpath: .//word], [[AndroidDriver: chrome on ANDROID (62e88494c1dbcb366d86a4960534f35b)] -&gt; xpath: .//word], [[AndroidDriver: chrome on ANDROID (62e88494c1dbcb366d86a4960534f35b)] -&gt; xpath: .//word], [[AndroidDriver: chrome on ANDROID (62e88494c1dbcb366d86a4960534f35b)] -&gt; xpath: .//word], [[AndroidDriver: chrome on ANDROID (62e88494c1dbcb366d86a4960534f35b)] -&gt; xpath: .//word], [[AndroidDriver: chrome on ANDROID (62e88494c1dbcb366d86a4960534f35b)] -&gt; xpath: .//word], [[AndroidDriver: chrome on ANDROID (62e88494c1dbcb366d86a4960534f35b)] -&gt; xpath: .//word], [[AndroidDriver: chrome on ANDROID (62e88494c1dbcb366d86a4960534f35b)] -&gt; xpath: .//word], [[AndroidDriver: chrome on ANDROID (62e88494c1dbcb366d86a4960534f35b)] -&gt; xpath: .//word], [[AndroidDriver: chrome on ANDROID (62e88494c1dbcb366d86a4960534f35b)] -&gt; xpath: .//word], [[AndroidDriver: chrome on ANDROID (62e88494c1dbcb366d86a4960534f35b)] -&gt; xpath: .//word], [[AndroidDriver: chrome on ANDROID (62e88494c1dbcb366d86a4960534f35b)] -&gt; xpath: .//word], [[AndroidDriver: chrome on ANDROID (62e88494c1dbcb366d86a4960534f35b)] -&gt; xpath: .//word], [[AndroidDriver: chrome on ANDROID (62e88494c1dbcb366d86a4960534f35b)] -&gt; xpath: .//word], [[AndroidDriver: chrome on ANDROID (62e88494c1dbcb366d86a4960534f35b)] -&gt; xpath: .//word], [[AndroidDriver: chrome on ANDROID (62e88494c1dbcb366d86a4960534f35b)] -&gt; xpath: .//word], [[AndroidDriver: chrome on ANDROID (62e88494c1dbcb366d86a4960534f35b)] -&gt; xpath: .//word], [[AndroidDriver: chrome on ANDROID (62e88494c1dbcb366d86a4960534f35b)] -&gt; xpath: .//word], [[AndroidDriver: chrome on ANDROID (62e88494c1dbcb366d86a4960534f35b)] -&gt; xpath: .//word], [[AndroidDriver: chrome on ANDROID (62e88494c1dbcb366d86a4960534f35b)] -&gt; xpath: .//word], [[AndroidDriver: chrome on ANDROID (62e88494c1dbcb366d86a4960534f35b)] -&gt; xpath: .//word], [[AndroidDriver: chrome on ANDROID (62e88494c1dbcb366d86a4960534f35b)] -&gt; xpath: .//word], [[AndroidDriver: chrome on ANDROID (62e88494c1dbcb366d86a4960534f35b)] -&gt; xpath: .//word], [[AndroidDriver: chrome on ANDROID (62e88494c1dbcb366d86a4960534f35b)] -&gt; xpath: .//word], [[AndroidDriver: chrome on ANDROID (62e88494c1dbcb366d86a4960534f35b)] -&gt; xpath: .//word], [[AndroidDriver: chrome on ANDROID (62e88494c1dbcb366d86a4960534f35b)] -&gt; xpath: .//word], [[AndroidDriver: chrome on ANDROID (62e88494c1dbcb366d86a4960534f35b)] -&gt; xpath: .//word], [[AndroidDriver: chrome on ANDROID (62e88494c1dbcb366d86a4960534f35b)] -&gt; xpath: .//word], [[AndroidDriver: chrome on ANDROID (62e88494c1dbcb366d86a4960534f35b)] -&gt; xpath: .//word], [[AndroidDriver: chrome on ANDROID (62e88494c1dbcb366d86a4960534f35b)] -&gt; xpath: .//word], [[AndroidDriver: chrome on ANDROID (62e88494c1dbcb366d86a4960534f35b)] -&gt; xpath: .//word], [[AndroidDriver: chrome on ANDROID (62e88494c1dbcb366d86a4960534f35b)] -&gt; xpath: .//word], [[AndroidDriver: chrome on ANDROID (62e88494c1dbcb366d86a4960534f35b)] -&gt; xpath: .//word], [[AndroidDriver: chrome on ANDROID (62e88494c1dbcb366d86a4960534f35b)] -&gt; xpath: .//word], [[AndroidDriver: chrome on ANDROID (62e88494c1dbcb366d86a4960534f35b)] -&gt; xpath: .//word], [[AndroidDriver: chrome on ANDROID (62e88494c1dbcb366d86a4960534f35b)] -&gt; xpath: .//word], [[AndroidDriver: chrome on ANDROID (62e88494c1dbcb366d86a4960534f35b)] -&gt; xpath: .//word], [[AndroidDriver: chrome on ANDROID (62e88494c1dbcb366d86a4960534f35b)] -&gt; xpath: .//word], [[AndroidDriver: chrome on ANDROID (62e88494c1dbcb366d86a4960534f35b)] -&gt; xpath: .//word], [[AndroidDriver: chrome on ANDROID (62e88494c1dbcb366d86a4960534f35b)] -&gt; xpath: .//word], [[AndroidDriver: chrome on ANDROID (62e88494c1dbcb366d86a4960534f35b)] -&gt; xpath: .//word], [[AndroidDriver: chrome on ANDROID (62e88494c1dbcb366d86a4960534f35b)] -&gt; xpath: .//word], [[AndroidDriver: chrome on ANDROID (62e88494c1dbcb366d86a4960534f35b)] -&gt; xpath: .//word], [[AndroidDriver: chrome on ANDROID (62e88494c1dbcb366d86a4960534f35b)] -&gt; xpath: .//word], [[AndroidDriver: chrome on ANDROID (62e88494c1dbcb366d86a4960534f35b)] -&gt; xpath: .//word], [[AndroidDriver: chrome on ANDROID (62e88494c1dbcb366d86a4960534f35b)] -&gt; xpath: .//word], [[AndroidDriver: chrome on ANDROID (62e88494c1dbcb366d86a4960534f35b)] -&gt; xpath: .//word], [[AndroidDriver: chrome on ANDROID (62e88494c1dbcb366d86a4960534f35b)] -&gt; xpath: .//word], [[AndroidDriver: chrome on ANDROID (62e88494c1dbcb366d86a4960534f35b)] -&gt; xpath: .//word], [[AndroidDriver: chrome on ANDROID (62e88494c1dbcb366d86a4960534f35b)] -&gt; xpath: .//word], [[AndroidDriver: chrome on ANDROID (62e88494c1dbcb366d86a4960534f35b)] -&gt; xpath: .//word], [[AndroidDriver: chrome on ANDROID (62e88494c1dbcb366d86a4960534f35b)] -&gt; xpath: .//word], [[AndroidDriver: chrome on ANDROID (62e88494c1dbcb366d86a4960534f35b)] -&gt; xpath: .//word], [[AndroidDriver: chrome on ANDROID (62e88494c1dbcb366d86a4960534f35b)] -&gt; xpath: .//word], [[AndroidDriver: chrome on ANDROID (62e88494c1dbcb366d86a4960534f35b)] -&gt; xpath: .//word], [[AndroidDriver: chrome on ANDROID (62e88494c1dbcb366d86a4960534f35b)] -&gt; xpath: .//word], [[AndroidDriver: chrome on ANDROID (62e88494c1dbcb366d86a4960534f35b)] -&gt; xpath: .//word], [[AndroidDriver: chrome on ANDROID (62e88494c1dbcb366d86a4960534f35b)] -&gt; xpath: .//word], [[AndroidDriver: chrome on ANDROID (62e88494c1dbcb366d86a4960534f35b)] -&gt; xpath: .//word], [[AndroidDriver: chrome on ANDROID (62e88494c1dbcb366d86a4960534f35b)] -&gt; xpath: .//word], [[AndroidDriver: chrome on ANDROID (62e88494c1dbcb366d86a4960534f35b)] -&gt; xpath: .//word], [[AndroidDriver: chrome on ANDROID (62e88494c1dbcb366d86a4960534f35b)] -&gt; xpath: .//word], [[AndroidDriver: chrome on ANDROID (62e88494c1dbcb366d86a4960534f35b)] -&gt; xpath: .//word], [[AndroidDriver: chrome on ANDROID (62e88494c1dbcb366d86a4960534f35b)] -&gt; xpath: .//word], [[AndroidDriver: chrome on ANDROID (62e88494c1dbcb366d86a4960534f35b)] -&gt; xpath: .//word], [[AndroidDriver: chrome on ANDROID (62e88494c1dbcb366d86a4960534f35b)] -&gt; xpath: .//word], [[AndroidDriver: chrome on ANDROID (62e88494c1dbcb366d86a4960534f35b)] -&gt; xpath: .//word], [[AndroidDriver: chrome on ANDROID (62e88494c1dbcb366d86a4960534f35b)] -&gt; xpath: .//word], [[AndroidDriver: chrome on ANDROID (62e88494c1dbcb366d86a4960534f35b)] -&gt; xpath: .//word], [[AndroidDriver: chrome on ANDROID (62e88494c1dbcb366d86a4960534f35b)] -&gt; xpath: .//word], [[AndroidDriver: chrome on ANDROID (62e88494c1dbcb366d86a4960534f35b)] -&gt; xpath: .//word], [[AndroidDriver: chrome on ANDROID (62e88494c1dbcb366d86a4960534f35b)] -&gt; xpath: .//word], [[AndroidDriver: chrome on ANDROID (62e88494c1dbcb366d86a4960534f35b)] -&gt; xpath: .//word], [[AndroidDriver: chrome on ANDROID (62e88494c1dbcb366d86a4960534f35b)] -&gt; xpath: .//word], [[AndroidDriver: chrome on ANDROID (62e88494c1dbcb366d86a4960534f35b)] -&gt; xpath: .//word], [[AndroidDriver: chrome on ANDROID (62e88494c1dbcb366d86a4960534f35b)] -&gt; xpath: .//word], [[AndroidDriver: chrome on ANDROID (62e88494c1dbcb366d86a4960534f35b)] -&gt; xpath: .//word], [[AndroidDriver: chrome on ANDROID (62e88494c1dbcb366d86a4960534f35b)] -&gt; xpath: .//word], [[AndroidDriver: chrome on ANDROID (62e88494c1dbcb366d86a4960534f35b)] -&gt; xpath: .//word], [[AndroidDriver: chrome on ANDROID (62e88494c1dbcb366d86a4960534f35b)] -&gt; xpath: .//word], [[AndroidDriver: chrome on ANDROID (62e88494c1dbcb366d86a4960534f35b)] -&gt; xpath: .//word], [[AndroidDriver: chrome on ANDROID (62e88494c1dbcb366d86a4960534f35b)] -&gt; xpath: .//word], [[AndroidDriver: chrome on ANDROID (62e88494c1dbcb366d86a4960534f35b)] -&gt; xpath: .//word], [[AndroidDriver: chrome on ANDROID (62e88494c1dbcb366d86a4960534f35b)] -&gt; xpath: .//word], [[AndroidDriver: chrome on ANDROID (62e88494c1dbcb366d86a4960534f35b)] -&gt; xpath: .//word], [[AndroidDriver: chrome on ANDROID (62e88494c1dbcb366d86a4960534f35b)] -&gt; xpath: .//word], [[AndroidDriver: chrome on ANDROID (62e88494c1dbcb366d86a4960534f35b)] -&gt; xpath: .//word], [[AndroidDriver: chrome on ANDROID (62e88494c1dbcb366d86a4960534f35b)] -&gt; xpath: .//word], [[AndroidDriver: chrome on ANDROID (62e88494c1dbcb366d86a4960534f35b)] -&gt; xpath: .//word], [[AndroidDriver: chrome on ANDROID (62e88494c1dbcb366d86a4960534f35b)] -&gt; xpath: .//word], [[AndroidDriver: chrome on ANDROID (62e88494c1dbcb366d86a4960534f35b)] -&gt; xpath: .//word], [[AndroidDriver: chrome on ANDROID (62e88494c1dbcb366d86a4960534f35b)] -&gt; xpath: .//word], [[AndroidDriver: chrome on ANDROID (62e88494c1dbcb366d86a4960534f35b)] -&gt; xpath: .//word], [[AndroidDriver: chrome on ANDROID (62e88494c1dbcb366d86a4960534f35b)] -&gt; xpath: .//word], [[AndroidDriver: chrome on ANDROID (62e88494c1dbcb366d86a4960534f35b)] -&gt; xpath: .//word], [[AndroidDriver: chrome on ANDROID (62e88494c1dbcb366d86a4960534f35b)] -&gt; xpath: .//word], [[AndroidDriver: chrome on ANDROID (62e88494c1dbcb366d86a4960534f35b)] -&gt; xpath: .//word], [[AndroidDriver: chrome on ANDROID (62e88494c1dbcb366d86a4960534f35b)] -&gt; xpath: .//word], [[AndroidDriver: chrome on ANDROID (62e88494c1dbcb366d86a4960534f35b)] -&gt; xpath: .//word], [[AndroidDriver: chrome on ANDROID (62e88494c1dbcb366d86a4960534f35b)] -&gt; xpath: .//word], [[AndroidDriver: chrome on ANDROID (62e88494c1dbcb366d86a4960534f35b)] -&gt; xpath: .//word], [[AndroidDriver: chrome on ANDROID (62e88494c1dbcb366d86a4960534f35b)] -&gt; xpath: .//word], [[AndroidDriver: chrome on ANDROID (62e88494c1dbcb366d86a4960534f35b)] -&gt; xpath: .//word], [[AndroidDriver: chrome on ANDROID (62e88494c1dbcb366d86a4960534f35b)] -&gt; xpath: .//word], [[AndroidDriver: chrome on ANDROID (62e88494c1dbcb366d86a4960534f35b)] -&gt; xpath: .//word], [[AndroidDriver: chrome on ANDROID (62e88494c1dbcb366d86a4960534f35b)] -&gt; xpath: .//word], [[AndroidDriver: chrome on ANDROID (62e88494c1dbcb366d86a4960534f35b)] -&gt; xpath: .//word], [[AndroidDriver: chrome on ANDROID (62e88494c1dbcb366d86a4960534f35b)] -&gt; xpath: .//word], [[AndroidDriver: chrome on ANDROID (62e88494c1dbcb366d86a4960534f35b)] -&gt; xpath: .//word], [[AndroidDriver: chrome on ANDROID (62e88494c1dbcb366d86a4960534f35b)] -&gt; xpath: .//word], [[AndroidDriver: chrome on ANDROID (62e88494c1dbcb366d86a4960534f35b)] -&gt; xpath: .//word], [[AndroidDriver: chrome on ANDROID (62e88494c1dbcb366d86a4960534f35b)] -&gt; xpath: .//word], [[AndroidDriver: chrome on ANDROID (62e88494c1dbcb366d86a4960534f35b)] -&gt; xpath: .//word], [[AndroidDriver: chrome on ANDROID (62e88494c1dbcb366d86a4960534f35b)] -&gt; xpath: .//word], [[AndroidDriver: chrome on ANDROID (62e88494c1dbcb366d86a4960534f35b)] -&gt; xpath: .//word], [[AndroidDriver: chrome on ANDROID (62e88494c1dbcb366d86a4960534f35b)] -&gt; xpath: .//word], [[AndroidDriver: chrome on ANDROID (62e88494c1dbcb366d86a4960534f35b)] -&gt; xpath: .//word], [[AndroidDriver: chrome on ANDROID (62e88494c1dbcb366d86a4960534f35b)] -&gt; xpath: .//word], [[AndroidDriver: chrome on ANDROID (62e88494c1dbcb366d86a4960534f35b)] -&gt; xpath: .//word], [[AndroidDriver: chrome on ANDROID (62e88494c1dbcb366d86a4960534f35b)] -&gt; xpath: .//word], [[AndroidDriver: chrome on ANDROID (62e88494c1dbcb366d86a4960534f35b)] -&gt; xpath: .//word], [[AndroidDriver: chrome on ANDROID (62e88494c1dbcb366d86a4960534f35b)] -&gt; xpath: .//word], [[AndroidDriver: chrome on ANDROID (62e88494c1dbcb366d86a4960534f35b)] -&gt; xpath: .//word], [[AndroidDriver: chrome on ANDROID (62e88494c1dbcb366d86a4960534f35b)] -&gt; xpath: .//word], [[AndroidDriver: chrome on ANDROID (62e88494c1dbcb366d86a4960534f35b)] -&gt; xpath: .//word], [[AndroidDriver: chrome on ANDROID (62e88494c1dbcb366d86a4960534f35b)] -&gt; xpath: .//word], [[AndroidDriver: chrome on ANDROID (62e88494c1dbcb366d86a4960534f35b)] -&gt; xpath: .//word], [[AndroidDriver: chrome on ANDROID (62e88494c1dbcb366d86a4960534f35b)] -&gt; xpath: .//word], [[AndroidDriver: chrome on ANDROID (62e88494c1dbcb366d86a4960534f35b)] -&gt; xpath: .//word], [[AndroidDriver: chrome on ANDROID (62e88494c1dbcb366d86a4960534f35b)] -&gt; xpath: .//word], [[AndroidDriver: chrome on ANDROID (62e88494c1dbcb366d86a4960534f35b)] -&gt; xpath: .//word], [[AndroidDriver: chrome on ANDROID (62e88494c1dbcb366d86a4960534f35b)] -&gt; xpath: .//word], [[AndroidDriver: chrome on ANDROID (62e88494c1dbcb366d86a4960534f35b)] -&gt; xpath: .//word], [[AndroidDriver: chrome on ANDROID (62e88494c1dbcb366d86a4960534f35b)] -&gt; xpath: .//word], [[AndroidDriver: chrome on ANDROID (62e88494c1dbcb366d86a4960534f35b)] -&gt; xpath: .//word], [[AndroidDriver: chrome on ANDROID (62e88494c1dbcb366d86a4960534f35b)] -&gt; xpath: .//word], [[AndroidDriver: chrome on ANDROID (62e88494c1dbcb366d86a4960534f35b)] -&gt; xpath: .//word], [[AndroidDriver: chrome on ANDROID (62e88494c1dbcb366d86a4960534f35b)] -&gt; xpath: .//word], [[AndroidDriver: chrome on ANDROID (62e88494c1dbcb366d86a4960534f35b)] -&gt; xpath: .//word], [[AndroidDriver: chrome on ANDROID (62e88494c1dbcb366d86a4960534f35b)] -&gt; xpath: .//word], [[AndroidDriver: chrome on ANDROID (62e88494c1dbcb366d86a4960534f35b)] -&gt; xpath: .//word], [[AndroidDriver: chrome on ANDROID (62e88494c1dbcb366d86a4960534f35b)] -&gt; xpath: .//word], [[AndroidDriver: chrome on ANDROID (62e88494c1dbcb366d86a4960534f35b)] -&gt; xpath: .//word], [[AndroidDriver: chrome on ANDROID (62e88494c1dbcb366d86a4960534f35b)] -&gt; xpath: .//word], [[AndroidDriver: chrome on ANDROID (62e88494c1dbcb366d86a4960534f35b)] -&gt; xpath: .//word], [[AndroidDriver: chrome on ANDROID (62e88494c1dbcb366d86a4960534f35b)] -&gt; xpath: .//word], [[AndroidDriver: chrome on ANDROID (62e88494c1dbcb366d86a4960534f35b)] -&gt; xpath: .//word], [[AndroidDriver: chrome on ANDROID (62e88494c1dbcb366d86a4960534f35b)] -&gt; xpath: .//word], [[AndroidDriver: chrome on ANDROID (62e88494c1dbcb366d86a4960534f35b)] -&gt; xpath: .//word], [[AndroidDriver: chrome on ANDROID (62e88494c1dbcb366d86a4960534f35b)] -&gt; xpath: .//word], [[AndroidDriver: chrome on ANDROID (62e88494c1dbcb366d86a4960534f35b)] -&gt; xpath: .//word], [[AndroidDriver: chrome on ANDROID (62e88494c1dbcb366d86a4960534f35b)] -&gt; xpath: .//word], [[AndroidDriver: chrome on ANDROID (62e88494c1dbcb366d86a4960534f35b)] -&gt; xpath: .//word], [[AndroidDriver: chrome on ANDROID (62e88494c1dbcb366d86a4960534f35b)] -&gt; xpath: .//word], [[AndroidDriver: chrome on ANDROID (62e88494c1dbcb366d86a4960534f35b)] -&gt; xpath: .//word], [[AndroidDriver: chrome on ANDROID (62e88494c1dbcb366d86a4960534f35b)] -&gt; xpath: .//word], [[AndroidDriver: chrome on ANDROID (62e88494c1dbcb366d86a4960534f35b)] -&gt; xpath: .//word], [[AndroidDriver: chrome on ANDROID (62e88494c1dbcb366d86a4960534f35b)] -&gt; xpath: .//word], [[AndroidDriver: chrome on ANDROID (62e88494c1dbcb366d86a4960534f35b)] -&gt; xpath: .//word], [[AndroidDriver: chrome on ANDROID (62e88494c1dbcb366d86a4960534f35b)] -&gt; xpath: .//word], [[AndroidDriver: chrome on ANDROID (62e88494c1dbcb366d86a4960534f35b)] -&gt; xpath: .//word], [[AndroidDriver: chrome on ANDROID (62e88494c1dbcb366d86a4960534f35b)] -&gt; xpath: .//word], [[AndroidDriver: chrome on ANDROID (62e88494c1dbcb366d86a4960534f35b)] -&gt; xpath: .//word], [[AndroidDriver: chrome on ANDROID (62e88494c1dbcb366d86a4960534f35b)] -&gt; xpath: .//word], [[AndroidDriver: chrome on ANDROID (62e88494c1dbcb366d86a4960534f35b)] -&gt; xpath: .//word], [[AndroidDriver: chrome on ANDROID (62e88494c1dbcb366d86a4960534f35b)] -&gt; xpath: .//word], [[AndroidDriver: chrome on ANDROID (62e88494c1dbcb366d86a4960534f35b)] -&gt; xpath: .//word], [[AndroidDriver: chrome on ANDROID (62e88494c1dbcb366d86a4960534f35b)] -&gt; xpath: .//word], [[AndroidDriver: chrome on ANDROID (62e88494c1dbcb366d86a4960534f35b)] -&gt; xpath: .//word], [[AndroidDriver: chrome on ANDROID (62e88494c1dbcb366d86a4960534f35b)] -&gt; xpath: .//word], [[AndroidDriver: chrome on ANDROID (62e88494c1dbcb366d86a4960534f35b)] -&gt; xpath: .//word], [[AndroidDriver: chrome on ANDROID (62e88494c1dbcb366d86a4960534f35b)] -&gt; xpath: .//word], [[AndroidDriver: chrome on ANDROID (62e88494c1dbcb366d86a4960534f35b)] -&gt; xpath: .//word], [[AndroidDriver: chrome on ANDROID (62e88494c1dbcb366d86a4960534f35b)] -&gt; xpath: .//word], [[AndroidDriver: chrome on ANDROID (62e88494c1dbcb366d86a4960534f35b)] -&gt; xpath: .//word], [[AndroidDriver: chrome on ANDROID (62e88494c1dbcb366d86a4960534f35b)] -&gt; xpath: .//word], [[AndroidDriver: chrome on ANDROID (62e88494c1dbcb366d86a4960534f35b)] -&gt; xpath: .//word], [[AndroidDriver: chrome on ANDROID (62e88494c1dbcb366d86a4960534f35b)] -&gt; xpath: .//word], [[AndroidDriver: chrome on ANDROID (62e88494c1dbcb366d86a4960534f35b)] -&gt; xpath: .//word], [[AndroidDriver: chrome on ANDROID (62e88494c1dbcb366d86a4960534f35b)] -&gt; xpath: .//word], [[AndroidDriver: chrome on ANDROID (62e88494c1dbcb366d86a4960534f35b)] -&gt; xpath: .//word], [[AndroidDriver: chrome on ANDROID (62e88494c1dbcb366d86a4960534f35b)] -&gt; xpath: .//word], [[AndroidDriver: chrome on ANDROID (62e88494c1dbcb366d86a4960534f35b)] -&gt; xpath: .//word], [[AndroidDriver: chrome on ANDROID (62e88494c1dbcb366d86a4960534f35b)] -&gt; xpath: .//word], [[AndroidDriver: chrome on ANDROID (62e88494c1dbcb366d86a4960534f35b)] -&gt; xpath: .//word], [[AndroidDriver: chrome on ANDROID (62e88494c1dbcb366d86a4960534f35b)] -&gt; xpath: .//word], [[AndroidDriver: chrome on ANDROID (62e88494c1dbcb366d86a4960534f35b)] -&gt; xpath: .//word], [[AndroidDriver: chrome on ANDROID (62e88494c1dbcb366d86a4960534f35b)] -&gt; xpath: .//word], [[AndroidDriver: chrome on ANDROID (62e88494c1dbcb366d86a4960534f35b)] -&gt; xpath: .//word], [[AndroidDriver: chrome on ANDROID (62e88494c1dbcb366d86a4960534f35b)] -&gt; xpath: .//word], [[AndroidDriver: chrome on ANDROID (62e88494c1dbcb366d86a4960534f35b)] -&gt; xpath: .//word], [[AndroidDriver: chrome on ANDROID (62e88494c1dbcb366d86a4960534f35b)] -&gt; xpath: .//word], [[AndroidDriver: chrome on ANDROID (62e88494c1dbcb366d86a4960534f35b)] -&gt; xpath: .//word], [[AndroidDriver: chrome on ANDROID (62e88494c1dbcb366d86a4960534f35b)] -&gt; xpath: .//word], [[AndroidDriver: chrome on ANDROID (62e88494c1dbcb366d86a4960534f35b)] -&gt; xpath: .//word], [[AndroidDriver: chrome on ANDROID (62e88494c1dbcb366d86a4960534f35b)] -&gt; xpath: .//word], [[AndroidDriver: chrome on ANDROID (62e88494c1dbcb366d86a4960534f35b)] -&gt; xpath: .//word], [[AndroidDriver: chrome on ANDROID (62e88494c1dbcb366d86a4960534f35b)] -&gt; xpath: .//word], [[AndroidDriver: chrome on ANDROID (62e88494c1dbcb366d86a4960534f35b)] -&gt; xpath: .//word], [[AndroidDriver: chrome on ANDROID (62e88494c1dbcb366d86a4960534f35b)] -&gt; xpath: .//word], [[AndroidDriver: chrome on ANDROID (62e88494c1dbcb366d86a4960534f35b)] -&gt; xpath: .//word], [[AndroidDriver: chrome on ANDROID (62e88494c1dbcb366d86a4960534f35b)] -&gt; xpath: .//word], [[AndroidDriver: chrome on ANDROID (62e88494c1dbcb366d86a4960534f35b)] -&gt; xpath: .//word], [[AndroidDriver: chrome on ANDROID (62e88494c1dbcb366d86a4960534f35b)] -&gt; xpath: .//word], [[AndroidDriver: chrome on ANDROID (62e88494c1dbcb366d86a4960534f35b)] -&gt; xpath: .//word], [[AndroidDriver: chrome on ANDROID (62e88494c1dbcb366d86a4960534f35b)] -&gt; xpath: .//word], [[AndroidDriver: chrome on ANDROID (62e88494c1dbcb366d86a4960534f35b)] -&gt; xpath: .//word], [[AndroidDriver: chrome on ANDROID (62e88494c1dbcb366d86a4960534f35b)] -&gt; xpath: .//word], [[AndroidDriver: chrome on ANDROID (62e88494c1dbcb366d86a4960534f35b)] -&gt; xpath: .//word], [[AndroidDriver: chrome on ANDROID (62e88494c1dbcb366d86a4960534f35b)] -&gt; xpath: .//word], [[AndroidDriver: chrome on ANDROID (62e88494c1dbcb366d86a4960534f35b)] -&gt; xpath: .//word], [[AndroidDriver: chrome on ANDROID (62e88494c1dbcb366d86a4960534f35b)] -&gt; xpath: .//word], [[AndroidDriver: chrome on ANDROID (62e88494c1dbcb366d86a4960534f35b)] -&gt; xpath: .//word], [[AndroidDriver: chrome on ANDROID (62e88494c1dbcb366d86a4960534f35b)] -&gt; xpath: .//word], [[AndroidDriver: chrome on ANDROID (62e88494c1dbcb366d86a4960534f35b)] -&gt; xpath: .//word], [[AndroidDriver: chrome on ANDROID (62e88494c1dbcb366d86a4960534f35b)] -&gt; xpath: .//word], [[AndroidDriver: chrome on ANDROID (62e88494c1dbcb366d86a4960534f35b)] -&gt; xpath: .//word], [[AndroidDriver: chrome on ANDROID (62e88494c1dbcb366d86a4960534f35b)] -&gt; xpath: .//word], [[AndroidDriver: chrome on ANDROID (62e88494c1dbcb366d86a4960534f35b)] -&gt; xpath: .//word], [[AndroidDriver: chrome on ANDROID (62e88494c1dbcb366d86a4960534f35b)] -&gt; xpath: .//word], [[AndroidDriver: chrome on ANDROID (62e88494c1dbcb366d86a4960534f35b)] -&gt; xpath: .//word], [[AndroidDriver: chrome on ANDROID (62e88494c1dbcb366d86a4960534f35b)] -&gt; xpath: .//word], [[AndroidDriver: chrome on ANDROID (62e88494c1dbcb366d86a4960534f35b)] -&gt; xpath: .//word], [[AndroidDriver: chrome on ANDROID (62e88494c1dbcb366d86a4960534f35b)] -&gt; xpath: .//word], [[AndroidDriver: chrome on ANDROID (62e88494c1dbcb366d86a4960534f35b)] -&gt; xpath: .//word], [[AndroidDriver: chrome on ANDROID (62e88494c1dbcb366d86a4960534f35b)] -&gt; xpath: .//word], [[AndroidDriver: chrome on ANDROID (62e88494c1dbcb366d86a4960534f35b)] -&gt; xpath: .//word], [[AndroidDriver: chrome on ANDROID (62e88494c1dbcb366d86a4960534f35b)] -&gt; xpath: .//word], [[AndroidDriver: chrome on ANDROID (62e88494c1dbcb366d86a4960534f35b)] -&gt; xpath: .//word], [[AndroidDriver: chrome on ANDROID (62e88494c1dbcb366d86a4960534f35b)] -&gt; xpath: .//word], [[AndroidDriver: chrome on ANDROID (62e88494c1dbcb366d86a4960534f35b)] -&gt; xpath: .//word], [[AndroidDriver: chrome on ANDROID (62e88494c1dbcb366d86a4960534f35b)] -&gt; xpath: .//word], [[AndroidDriver: chrome on ANDROID (62e88494c1dbcb366d86a4960534f35b)] -&gt; xpath: .//word], [[AndroidDriver: chrome on ANDROID (62e88494c1dbcb366d86a4960534f35b)] -&gt; xpath: .//word], [[AndroidDriver: chrome on ANDROID (62e88494c1dbcb366d86a4960534f35b)] -&gt; xpath: .//word], [[AndroidDriver: chrome on ANDROID (62e88494c1dbcb366d86a4960534f35b)] -&gt; xpath: .//word], [[AndroidDriver: chrome on ANDROID (62e88494c1dbcb366d86a4960534f35b)] -&gt; xpath: .//word], [[AndroidDriver: chrome on ANDROID (62e88494c1dbcb366d86a4960534f35b)] -&gt; xpath: .//word], [[AndroidDriver: chrome on ANDROID (62e88494c1dbcb366d86a4960534f35b)] -&gt; xpath: .//word], [[AndroidDriver: chrome on ANDROID (62e88494c1dbcb366d86a4960534f35b)] -&gt; xpath: .//word], [[AndroidDriver: chrome on ANDROID (62e88494c1dbcb366d86a4960534f35b)] -&gt; xpath: .//word], [[AndroidDriver: chrome on ANDROID (62e88494c1dbcb366d86a4960534f35b)] -&gt; xpath: .//word], [[AndroidDriver: chrome on ANDROID (62e88494c1dbcb366d86a4960534f35b)] -&gt; xpath: .//word], [[AndroidDriver: chrome on ANDROID (62e88494c1dbcb366d86a4960534f35b)] -&gt; xpath: .//word], [[AndroidDriver: chrome on ANDROID (62e88494c1dbcb366d86a4960534f35b)] -&gt; xpath: .//word], [[AndroidDriver: chrome on ANDROID (62e88494c1dbcb366d86a4960534f35b)] -&gt; xpath: .//word], [[AndroidDriver: chrome on ANDROID (62e88494c1dbcb366d86a4960534f35b)] -&gt; xpath: .//word], [[AndroidDriver: chrome on ANDROID (62e88494c1dbcb366d86a4960534f35b)] -&gt; xpath: .//word], [[AndroidDriver: chrome on ANDROID (62e88494c1dbcb366d86a4960534f35b)] -&gt; xpath: .//word], [[AndroidDriver: chrome on ANDROID (62e88494c1dbcb366d86a4960534f35b)] -&gt; xpath: .//word], [[AndroidDriver: chrome on ANDROID (62e88494c1dbcb366d86a4960534f35b)] -&gt; xpath: .//word], [[AndroidDriver: chrome on ANDROID (62e88494c1dbcb366d86a4960534f35b)] -&gt; xpath: .//word], [[AndroidDriver: chrome on ANDROID (62e88494c1dbcb366d86a4960534f35b)] -&gt; xpath: .//word], [[AndroidDriver: chrome on ANDROID (62e88494c1dbcb366d86a4960534f35b)] -&gt; xpath: .//word], [[AndroidDriver: chrome on ANDROID (62e88494c1dbcb366d86a4960534f35b)] -&gt; xpath: .//word], [[AndroidDriver: chrome on ANDROID (62e88494c1dbcb366d86a4960534f35b)] -&gt; xpath: .//word], [[AndroidDriver: chrome on ANDROID (62e88494c1dbcb366d86a4960534f35b)] -&gt; xpath: .//word], [[AndroidDriver: chrome on ANDROID (62e88494c1dbcb366d86a4960534f35b)] -&gt; xpath: .//word], [[AndroidDriver: chrome on ANDROID (62e88494c1dbcb366d86a4960534f35b)] -&gt; xpath: .//word], [[AndroidDriver: chrome on ANDROID (62e88494c1dbcb366d86a4960534f35b)] -&gt; xpath: .//word], [[AndroidDriver: chrome on ANDROID (62e88494c1dbcb366d86a4960534f35b)] -&gt; xpath: .//word], [[AndroidDriver: chrome on ANDROID (62e88494c1dbcb366d86a4960534f35b)] -&gt; xpath: .//word], [[AndroidDriver: chrome on ANDROID (62e88494c1dbcb366d86a4960534f35b)] -&gt; xpath: .//word], [[AndroidDriver: chrome on ANDROID (62e88494c1dbcb366d86a4960534f35b)] -&gt; xpath: .//word], [[AndroidDriver: chrome on ANDROID (62e88494c1dbcb366d86a4960534f35b)] -&gt; xpath: .//word], [[AndroidDriver: chrome on ANDROID (62e88494c1dbcb366d86a4960534f35b)] -&gt; xpath: .//word], [[AndroidDriver: chrome on ANDROID (62e88494c1dbcb366d86a4960534f35b)] -&gt; xpath: .//word], [[AndroidDriver: chrome on ANDROID (62e88494c1dbcb366d86a4960534f35b)] -&gt; xpath: .//word], [[AndroidDriver: chrome on ANDROID (62e88494c1dbcb366d86a4960534f35b)] -&gt; xpath: .//word], [[AndroidDriver: chrome on ANDROID (62e88494c1dbcb366d86a4960534f35b)] -&gt; xpath: .//word], [[AndroidDriver: chrome on ANDROID (62e88494c1dbcb366d86a4960534f35b)] -&gt; xpath: .//word], [[AndroidDriver: chrome on ANDROID (62e88494c1dbcb366d86a4960534f35b)] -&gt; xpath: .//word], [[AndroidDriver: chrome on ANDROID (62e88494c1dbcb366d86a4960534f35b)] -&gt; xpath: .//word], [[AndroidDriver: chrome on ANDROID (62e88494c1dbcb366d86a4960534f35b)] -&gt; xpath: .//word], [[AndroidDriver: chrome on ANDROID (62e88494c1dbcb366d86a4960534f35b)] -&gt; xpath: .//word], [[AndroidDriver: chrome on ANDROID (62e88494c1dbcb366d86a4960534f35b)] -&gt; xpath: .//word], [[AndroidDriver: chrome on ANDROID (62e88494c1dbcb366d86a4960534f35b)] -&gt; xpath: .//word], [[AndroidDriver: chrome on ANDROID (62e88494c1dbcb366d86a4960534f35b)] -&gt; xpath: .//word], [[AndroidDriver: chrome on ANDROID (62e88494c1dbcb366d86a4960534f35b)] -&gt; xpath: .//word], [[AndroidDriver: chrome on ANDROID (62e88494c1dbcb366d86a4960534f35b)] -&gt; xpath: .//word], [[AndroidDriver: chrome on ANDROID (62e88494c1dbcb366d86a4960534f35b)] -&gt; xpath: .//word], [[AndroidDriver: chrome on ANDROID (62e88494c1dbcb366d86a4960534f35b)] -&gt; xpath: .//word], [[AndroidDriver: chrome on ANDROID (62e88494c1dbcb366d86a4960534f35b)] -&gt; xpath: .//word], [[AndroidDriver: chrome on ANDROID (62e88494c1dbcb366d86a4960534f35b)] -&gt; xpath: .//word], [[AndroidDriver: chrome on ANDROID (62e88494c1dbcb366d86a4960534f35b)] -&gt; xpath: .//word], [[AndroidDriver: chrome on ANDROID (62e88494c1dbcb366d86a4960534f35b)] -&gt; xpath: .//word], [[AndroidDriver: chrome on ANDROID (62e88494c1dbcb366d86a4960534f35b)] -&gt; xpath: .//word], [[AndroidDriver: chrome on ANDROID (62e88494c1dbcb366d86a4960534f35b)] -&gt; xpath: .//word], [[AndroidDriver: chrome on ANDROID (62e88494c1dbcb366d86a4960534f35b)] -&gt; xpath: .//word], [[AndroidDriver: chrome on ANDROID (62e88494c1dbcb366d86a4960534f35b)] -&gt; xpath: .//word], [[AndroidDriver: chrome on ANDROID (62e88494c1dbcb366d86a4960534f35b)] -&gt; xpath: .//word], [[AndroidDriver: chrome on ANDROID (62e88494c1dbcb366d86a4960534f35b)] -&gt; xpath: .//word], [[AndroidDriver: chrome on ANDROID (62e88494c1dbcb366d86a4960534f35b)] -&gt; xpath: .//word], [[AndroidDriver: chrome on ANDROID (62e88494c1dbcb366d86a4960534f35b)] -&gt; xpath: .//word], [[AndroidDriver: chrome on ANDROID (62e88494c1dbcb366d86a4960534f35b)] -&gt; xpath: .//word], [[AndroidDriver: chrome on ANDROID (62e88494c1dbcb366d86a4960534f35b)] -&gt; xpath: .//word], [[AndroidDriver: chrome on ANDROID (62e88494c1dbcb366d86a4960534f35b)] -&gt; xpath: .//word], [[AndroidDriver: chrome on ANDROID (62e88494c1dbcb366d86a4960534f35b)] -&gt; xpath: .//word], [[AndroidDriver: chrome on ANDROID (62e88494c1dbcb366d86a4960534f35b)] -&gt; xpath: .//word], [[AndroidDriver: chrome on ANDROID (62e88494c1dbcb366d86a4960534f35b)] -&gt; xpath: .//word], [[AndroidDriver: chrome on ANDROID (62e88494c1dbcb366d86a4960534f35b)] -&gt; xpath: .//word], [[AndroidDriver: chrome on ANDROID (62e88494c1dbcb366d86a4960534f35b)] -&gt; xpath: .//word], [[AndroidDriver: chrome on ANDROID (62e88494c1dbcb366d86a4960534f35b)] -&gt; xpath: .//word], [[AndroidDriver: chrome on ANDROID (62e88494c1dbcb366d86a4960534f35b)] -&gt; xpath: .//word], [[AndroidDriver: chrome on ANDROID (62e88494c1dbcb366d86a4960534f35b)] -&gt; xpath: .//word], [[AndroidDriver: chrome on ANDROID (62e88494c1dbcb366d86a4960534f35b)] -&gt; xpath: .//word], [[AndroidDriver: chrome on ANDROID (62e88494c1dbcb366d86a4960534f35b)] -&gt; xpath: .//word], [[AndroidDriver: chrome on ANDROID (62e88494c1dbcb366d86a4960534f35b)] -&gt; xpath: .//word], [[AndroidDriver: chrome on ANDROID (62e88494c1dbcb366d86a4960534f35b)] -&gt; xpath: .//word], [[AndroidDriver: chrome on ANDROID (62e88494c1dbcb366d86a4960534f35b)] -&gt; xpath: .//word], [[AndroidDriver: chrome on ANDROID (62e88494c1dbcb366d86a4960534f35b)] -&gt; xpath: .//word], [[AndroidDriver: chrome on ANDROID (62e88494c1dbcb366d86a4960534f35b)] -&gt; xpath: .//word], [[AndroidDriver: chrome on ANDROID (62e88494c1dbcb366d86a4960534f35b)] -&gt; xpath: .//word], [[AndroidDriver: chrome on ANDROID (62e88494c1dbcb366d86a4960534f35b)] -&gt; xpath: .//word], [[AndroidDriver: chrome on ANDROID (62e88494c1dbcb366d86a4960534f35b)] -&gt; xpath: .//word], [[AndroidDriver: chrome on ANDROID (62e88494c1dbcb366d86a4960534f35b)] -&gt; xpath: .//word], [[AndroidDriver: chrome on ANDROID (62e88494c1dbcb366d86a4960534f35b)] -&gt; xpath: .//word], [[AndroidDriver: chrome on ANDROID (62e88494c1dbcb366d86a4960534f35b)] -&gt; xpath: .//word], [[AndroidDriver: chrome on ANDROID (62e88494c1dbcb366d86a4960534f35b)] -&gt; xpath: .//word], [[AndroidDriver: chrome on ANDROID (62e88494c1dbcb366d86a4960534f35b)] -&gt; xpath: .//word], [[AndroidDriver: chrome on ANDROID (62e88494c1dbcb366d86a4960534f35b)] -&gt; xpath: .//word], [[AndroidDriver: chrome on ANDROID (62e88494c1dbcb366d86a4960534f35b)] -&gt; xpath: .//word], [[AndroidDriver: chrome on ANDROID (62e88494c1dbcb366d86a4960534f35b)] -&gt; xpath: .//word], [[AndroidDriver: chrome on ANDROID (62e88494c1dbcb366d86a4960534f35b)] -&gt; xpath: .//word], [[AndroidDriver: chrome on ANDROID (62e88494c1dbcb366d86a4960534f35b)] -&gt; xpath: .//word], [[AndroidDriver: chrome on ANDROID (62e88494c1dbcb366d86a4960534f35b)] -&gt; xpath: .//word], [[AndroidDriver: chrome on ANDROID (62e88494c1dbcb366d86a4960534f35b)] -&gt; xpath: .//word], [[AndroidDriver: chrome on ANDROID (62e88494c1dbcb366d86a4960534f35b)] -&gt; xpath: .//word], [[AndroidDriver: chrome on ANDROID (62e88494c1dbcb366d86a4960534f35b)] -&gt; xpath: .//word], [[AndroidDriver: chrome on ANDROID (62e88494c1dbcb366d86a4960534f35b)] -&gt; xpath: .//word], [[AndroidDriver: chrome on ANDROID (62e88494c1dbcb366d86a4960534f35b)] -&gt; xpath: .//word], [[AndroidDriver: chrome on ANDROID (62e88494c1dbcb366d86a4960534f35b)] -&gt; xpath: .//word], [[AndroidDriver: chrome on ANDROID (62e88494c1dbcb366d86a4960534f35b)] -&gt; xpath: .//word], [[AndroidDriver: chrome on ANDROID (62e88494c1dbcb366d86a4960534f35b)] -&gt; xpath: .//word], [[AndroidDriver: chrome on ANDROID (62e88494c1dbcb366d86a4960534f35b)] -&gt; xpath: .//word], [[AndroidDriver: chrome on ANDROID (62e88494c1dbcb366d86a4960534f35b)] -&gt; xpath: .//word], [[AndroidDriver: chrome on ANDROID (62e88494c1dbcb366d86a4960534f35b)] -&gt; xpath: .//word], [[AndroidDriver: chrome on ANDROID (62e88494c1dbcb366d86a4960534f35b)] -&gt; xpath: .//word], [[AndroidDriver: chrome on ANDROID (62e88494c1dbcb366d86a4960534f35b)] -&gt; xpath: .//word], [[AndroidDriver: chrome on ANDROID (62e88494c1dbcb366d86a4960534f35b)] -&gt; xpath: .//word], [[AndroidDriver: chrome on ANDROID (62e88494c1dbcb366d86a4960534f35b)] -&gt; xpath: .//word], [[AndroidDriver: chrome on ANDROID (62e88494c1dbcb366d86a4960534f35b)] -&gt; xpath: .//word], [[AndroidDriver: chrome on ANDROID (62e88494c1dbcb366d86a4960534f35b)] -&gt; xpath: .//word], [[AndroidDriver: chrome on ANDROID (62e88494c1dbcb366d86a4960534f35b)] -&gt; xpath: .//word], [[AndroidDriver: chrome on ANDROID (62e88494c1dbcb366d86a4960534f35b)] -&gt; xpath: .//word], [[AndroidDriver: chrome on ANDROID (62e88494c1dbcb366d86a4960534f35b)] -&gt; xpath: .//word], [[AndroidDriver: chrome on ANDROID (62e88494c1dbcb366d86a4960534f35b)] -&gt; xpath: .//word], [[AndroidDriver: chrome on ANDROID (62e88494c1dbcb366d86a4960534f35b)] -&gt; xpath: .//word], [[AndroidDriver: chrome on ANDROID (62e88494c1dbcb366d86a4960534f35b)] -&gt; xpath: .//word], [[AndroidDriver: chrome on ANDROID (62e88494c1dbcb366d86a4960534f35b)] -&gt; xpath: .//word], [[AndroidDriver: chrome on ANDROID (62e88494c1dbcb366d86a4960534f35b)] -&gt; xpath: .//word], [[AndroidDriver: chrome on ANDROID (62e88494c1dbcb366d86a4960534f35b)] -&gt; xpath: .//word], [[AndroidDriver: chrome on ANDROID (62e88494c1dbcb366d86a4960534f35b)] -&gt; xpath: .//word], [[AndroidDriver: chrome on ANDROID (62e88494c1dbcb366d86a4960534f35b)] -&gt; xpath: .//word], [[AndroidDriver: chrome on ANDROID (62e88494c1dbcb366d86a4960534f35b)] -&gt; xpath: .//word], [[AndroidDriver: chrome on ANDROID (62e88494c1dbcb366d86a4960534f35b)] -&gt; xpath: .//word], [[AndroidDriver: chrome on ANDROID (62e88494c1dbcb366d86a4960534f35b)] -&gt; xpath: .//word], [[AndroidDriver: chrome on ANDROID (62e88494c1dbcb366d86a4960534f35b)] -&gt; xpath: .//word], [[AndroidDriver: chrome on ANDROID (62e88494c1dbcb366d86a4960534f35b)] -&gt; xpath: .//word], [[AndroidDriver: chrome on ANDROID (62e88494c1dbcb366d86a4960534f35b)] -&gt; xpath: .//word], [[AndroidDriver: chrome on ANDROID (62e88494c1dbcb366d86a4960534f35b)] -&gt; xpath: .//word], [[AndroidDriver: chrome on ANDROID (62e88494c1dbcb366d86a4960534f35b)] -&gt; xpath: .//word], [[AndroidDriver: chrome on ANDROID (62e88494c1dbcb366d86a4960534f35b)] -&gt; xpath: .//word], [[AndroidDriver: chrome on ANDROID (62e88494c1dbcb366d86a4960534f35b)] -&gt; xpath: .//word], [[AndroidDriver: chrome on ANDROID (62e88494c1dbcb366d86a4960534f35b)] -&gt; xpath: .//word], [[AndroidDriver: chrome on ANDROID (62e88494c1dbcb366d86a4960534f35b)] -&gt; xpath: .//word], [[AndroidDriver: chrome on ANDROID (62e88494c1dbcb366d86a4960534f35b)] -&gt; xpath: .//word], [[AndroidDriver: chrome on ANDROID (62e88494c1dbcb366d86a4960534f35b)] -&gt; xpath: .//word], [[AndroidDriver: chrome on ANDROID (62e88494c1dbcb366d86a4960534f35b)] -&gt; xpath: .//word], [[AndroidDriver: chrome on ANDROID (62e88494c1dbcb366d86a4960534f35b)] -&gt; xpath: .//word], [[AndroidDriver: chrome on ANDROID (62e88494c1dbcb366d86a4960534f35b)] -&gt; xpath: .//word], [[AndroidDriver: chrome on ANDROID (62e88494c1dbcb366d86a4960534f35b)] -&gt; xpath: .//word], [[AndroidDriver: chrome on ANDROID (62e88494c1dbcb366d86a4960534f35b)] -&gt; xpath: .//word], [[AndroidDriver: chrome on ANDROID (62e88494c1dbcb366d86a4960534f35b)] -&gt; xpath: .//word], [[AndroidDriver: chrome on ANDROID (62e88494c1dbcb366d86a4960534f35b)] -&gt; xpath: .//word], [[AndroidDriver: chrome on ANDROID (62e88494c1dbcb366d86a4960534f35b)] -&gt; xpath: .//word], [[AndroidDriver: chrome on ANDROID (62e88494c1dbcb366d86a4960534f35b)] -&gt; xpath: .//word], [[AndroidDriver: chrome on ANDROID (62e88494c1dbcb366d86a4960534f35b)] -&gt; xpath: .//word], [[AndroidDriver: chrome on ANDROID (62e88494c1dbcb366d86a4960534f35b)] -&gt; xpath: .//word], [[AndroidDriver: chrome on ANDROID (62e88494c1dbcb366d86a4960534f35b)] -&gt; xpath: .//word], [[AndroidDriver: chrome on ANDROID (62e88494c1dbcb366d86a4960534f35b)] -&gt; xpath: .//word], [[AndroidDriver: chrome on ANDROID (62e88494c1dbcb366d86a4960534f35b)] -&gt; xpath: .//word], [[AndroidDriver: chrome on ANDROID (62e88494c1dbcb366d86a4960534f35b)] -&gt; xpath: .//word], [[AndroidDriver: chrome on ANDROID (62e88494c1dbcb366d86a4960534f35b)] -&gt; xpath: .//word], [[AndroidDriver: chrome on ANDROID (62e88494c1dbcb366d86a4960534f35b)] -&gt; xpath: .//word], [[AndroidDriver: chrome on ANDROID (62e88494c1dbcb366d86a4960534f35b)] -&gt; xpath: .//word], [[AndroidDriver: chrome on ANDROID (62e88494c1dbcb366d86a4960534f35b)] -&gt; xpath: .//word], [[AndroidDriver: chrome on ANDROID (62e88494c1dbcb366d86a4960534f35b)] -&gt; xpath: .//word], [[AndroidDriver: chrome on ANDROID (62e88494c1dbcb366d86a4960534f35b)] -&gt; xpath: .//word], [[AndroidDriver: chrome on ANDROID (62e88494c1dbcb366d86a4960534f35b)] -&gt; xpath: .//word], [[AndroidDriver: chrome on ANDROID (62e88494c1dbcb366d86a4960534f35b)] -&gt; xpath: .//word], [[AndroidDriver: chrome on ANDROID (62e88494c1dbcb366d86a4960534f35b)] -&gt; xpath: .//word], [[AndroidDriver: chrome on ANDROID (62e88494c1dbcb366d86a4960534f35b)] -&gt; xpath: .//word], [[AndroidDriver: chrome on ANDROID (62e88494c1dbcb366d86a4960534f35b)] -&gt; xpath: .//word], [[AndroidDriver: chrome on ANDROID (62e88494c1dbcb366d86a4960534f35b)] -&gt; xpath: .//word], [[AndroidDriver: chrome on ANDROID (62e88494c1dbcb366d86a4960534f35b)] -&gt; xpath: .//word], [[AndroidDriver: chrome on ANDROID (62e88494c1dbcb366d86a4960534f35b)] -&gt; xpath: .//word], [[AndroidDriver: chrome on ANDROID (62e88494c1dbcb366d86a4960534f35b)] -&gt; xpath: .//word], [[AndroidDriver: chrome on ANDROID (62e88494c1dbcb366d86a4960534f35b)] -&gt; xpath: .//word], [[AndroidDriver: chrome on ANDROID (62e88494c1dbcb366d86a4960534f35b)] -&gt; xpath: .//word], [[AndroidDriver: chrome on ANDROID (62e88494c1dbcb366d86a4960534f35b)] -&gt; xpath: .//word], [[AndroidDriver: chrome on ANDROID (62e88494c1dbcb366d86a4960534f35b)] -&gt; xpath: .//word], [[AndroidDriver: chrome on ANDROID (62e88494c1dbcb366d86a4960534f35b)] -&gt; xpath: .//word], [[AndroidDriver: chrome on ANDROID (62e88494c1dbcb366d86a4960534f35b)] -&gt; xpath: .//word], [[AndroidDriver: chrome on ANDROID (62e88494c1dbcb366d86a4960534f35b)] -&gt; xpath: .//word], [[AndroidDriver: chrome on ANDROID (62e88494c1dbcb366d86a4960534f35b)] -&gt; xpath: .//word], [[AndroidDriver: chrome on ANDROID (62e88494c1dbcb366d86a4960534f35b)] -&gt; xpath: .//word], [[AndroidDriver: chrome on ANDROID (62e88494c1dbcb366d86a4960534f35b)] -&gt; xpath: .//word], [[AndroidDriver: chrome on ANDROID (62e88494c1dbcb366d86a4960534f35b)] -&gt; xpath: .//word], [[AndroidDriver: chrome on ANDROID (62e88494c1dbcb366d86a4960534f35b)] -&gt; xpath: .//word], [[AndroidDriver: chrome on ANDROID (62e88494c1dbcb366d86a4960534f35b)] -&gt; xpath: .//word], [[AndroidDriver: chrome on ANDROID (62e88494c1dbcb366d86a4960534f35b)] -&gt; xpath: .//word], [[AndroidDriver: chrome on ANDROID (62e88494c1dbcb366d86a4960534f35b)] -&gt; xpath: .//word], [[AndroidDriver: chrome on ANDROID (62e88494c1dbcb366d86a4960534f35b)] -&gt; xpath: .//word], [[AndroidDriver: chrome on ANDROID (62e88494c1dbcb366d86a4960534f35b)] -&gt; xpath: .//word], [[AndroidDriver: chrome on ANDROID (62e88494c1dbcb366d86a4960534f35b)] -&gt; xpath: .//word], [[AndroidDriver: chrome on ANDROID (62e88494c1dbcb366d86a4960534f35b)] -&gt; xpath: .//word], [[AndroidDriver: chrome on ANDROID (62e88494c1dbcb366d86a4960534f35b)] -&gt; xpath: .//word], [[AndroidDriver: chrome on ANDROID (62e88494c1dbcb366d86a4960534f35b)] -&gt; xpath: .//word], [[AndroidDriver: chrome on ANDROID (62e88494c1dbcb366d86a4960534f35b)] -&gt; xpath: .//word], [[AndroidDriver: chrome on ANDROID (62e88494c1dbcb366d86a4960534f35b)] -&gt; xpath: .//word], [[AndroidDriver: chrome on ANDROID (62e88494c1dbcb366d86a4960534f35b)] -&gt; xpath: .//word], [[AndroidDriver: chrome on ANDROID (62e88494c1dbcb366d86a4960534f35b)] -&gt; xpath: .//word], [[AndroidDriver: chrome on ANDROID (62e88494c1dbcb366d86a4960534f35b)] -&gt; xpath: .//word], [[AndroidDriver: chrome on ANDROID (62e88494c1dbcb366d86a4960534f35b)] -&gt; xpath: .//word], [[AndroidDriver: chrome on ANDROID (62e88494c1dbcb366d86a4960534f35b)] -&gt; xpath: .//word], [[AndroidDriver: chrome on ANDROID (62e88494c1dbcb366d86a4960534f35b)] -&gt; xpath: .//word], [[AndroidDriver: chrome on ANDROID (62e88494c1dbcb366d86a4960534f35b)] -&gt; xpath: .//word], [[AndroidDriver: chrome on ANDROID (62e88494c1dbcb366d86a4960534f35b)] -&gt; xpath: .//word], [[AndroidDriver: chrome on ANDROID (62e88494c1dbcb366d86a4960534f35b)] -&gt; xpath: .//word], [[AndroidDriver: chrome on ANDROID (62e88494c1dbcb366d86a4960534f35b)] -&gt; xpath: .//word], [[AndroidDriver: chrome on ANDROID (62e88494c1dbcb366d86a4960534f35b)] -&gt; xpath: .//word], [[AndroidDriver: chrome on ANDROID (62e88494c1dbcb366d86a4960534f35b)] -&gt; xpath: .//word], [[AndroidDriver: chrome on ANDROID (62e88494c1dbcb366d86a4960534f35b)] -&gt; xpath: .//word], [[AndroidDriver: chrome on ANDROID (62e88494c1dbcb366d86a4960534f35b)] -&gt; xpath: .//word], [[AndroidDriver: chrome on ANDROID (62e88494c1dbcb366d86a4960534f35b)] -&gt; xpath: .//word], [[AndroidDriver: chrome on ANDROID (62e88494c1dbcb366d86a4960534f35b)] -&gt; xpath: .//word], [[AndroidDriver: chrome on ANDROID (62e88494c1dbcb366d86a4960534f35b)] -&gt; xpath: .//word], [[AndroidDriver: chrome on ANDROID (62e88494c1dbcb366d86a4960534f35b)] -&gt; xpath: .//word], [[AndroidDriver: chrome on ANDROID (62e88494c1dbcb366d86a4960534f35b)] -&gt; xpath: .//word], [[AndroidDriver: chrome on ANDROID (62e88494c1dbcb366d86a4960534f35b)] -&gt; xpath: .//word], [[AndroidDriver: chrome on ANDROID (62e88494c1dbcb366d86a4960534f35b)] -&gt; xpath: .//word], [[AndroidDriver: chrome on ANDROID (62e88494c1dbcb366d86a4960534f35b)] -&gt; xpath: .//word], [[AndroidDriver: chrome on ANDROID (62e88494c1dbcb366d86a4960534f35b)] -&gt; xpath: .//word], [[AndroidDriver: chrome on ANDROID (62e88494c1dbcb366d86a4960534f35b)] -&gt; xpath: .//word], [[AndroidDriver: chrome on ANDROID (62e88494c1dbcb366d86a4960534f35b)] -&gt; xpath: .//word], [[AndroidDriver: chrome on ANDROID (62e88494c1dbcb366d86a4960534f35b)] -&gt; xpath: .//word], [[AndroidDriver: chrome on ANDROID (62e88494c1dbcb366d86a4960534f35b)] -&gt; xpath: .//word], [[AndroidDriver: chrome on ANDROID (62e88494c1dbcb366d86a4960534f35b)] -&gt; xpath: .//word], [[AndroidDriver: chrome on ANDROID (62e88494c1dbcb366d86a4960534f35b)] -&gt; xpath: .//word], [[AndroidDriver: chrome on ANDROID (62e88494c1dbcb366d86a4960534f35b)] -&gt; xpath: .//word], [[AndroidDriver: chrome on ANDROID (62e88494c1dbcb366d86a4960534f35b)] -&gt; xpath: .//word], [[AndroidDriver: chrome on ANDROID (62e88494c1dbcb366d86a4960534f35b)] -&gt; xpath: .//word], [[AndroidDriver: chrome on ANDROID (62e88494c1dbcb366d86a4960534f35b)] -&gt; xpath: .//word], [[AndroidDriver: chrome on ANDROID (62e88494c1dbcb366d86a4960534f35b)] -&gt; xpath: .//word], [[AndroidDriver: chrome on ANDROID (62e88494c1dbcb366d86a4960534f35b)] -&gt; xpath: .//word], [[AndroidDriver: chrome on ANDROID (62e88494c1dbcb366d86a4960534f35b)] -&gt; xpath: .//word], [[AndroidDriver: chrome on ANDROID (62e88494c1dbcb366d86a4960534f35b)] -&gt; xpath: .//word], [[AndroidDriver: chrome on ANDROID (62e88494c1dbcb366d86a4960534f35b)] -&gt; xpath: .//word], [[AndroidDriver: chrome on ANDROID (62e88494c1dbcb366d86a4960534f35b)] -&gt; xpath: .//word], [[AndroidDriver: chrome on ANDROID (62e88494c1dbcb366d86a4960534f35b)] -&gt; xpath: .//word], [[AndroidDriver: chrome on ANDROID (62e88494c1dbcb366d86a4960534f35b)] -&gt; xpath: .//word], [[AndroidDriver: chrome on ANDROID (62e88494c1dbcb366d86a4960534f35b)] -&gt; xpath: .//word], [[AndroidDriver: chrome on ANDROID (62e88494c1dbcb366d86a4960534f35b)] -&gt; xpath: .//word], [[AndroidDriver: chrome on ANDROID (62e88494c1dbcb366d86a4960534f35b)] -&gt; xpath: .//word], [[AndroidDriver: chrome on ANDROID (62e88494c1dbcb366d86a4960534f35b)] -&gt; xpath: .//word], [[AndroidDriver: chrome on ANDROID (62e88494c1dbcb366d86a4960534f35b)] -&gt; xpath: .//word], [[AndroidDriver: chrome on ANDROID (62e88494c1dbcb366d86a4960534f35b)] -&gt; xpath: .//word], [[AndroidDriver: chrome on ANDROID (62e88494c1dbcb366d86a4960534f35b)] -&gt; xpath: .//word], [[AndroidDriver: chrome on ANDROID (62e88494c1dbcb366d86a4960534f35b)] -&gt; xpath: .//word], [[AndroidDriver: chrome on ANDROID (62e88494c1dbcb366d86a4960534f35b)] -&gt; xpath: .//word], [[AndroidDriver: chrome on ANDROID (62e88494c1dbcb366d86a4960534f35b)] -&gt; xpath: .//word], [[AndroidDriver: chrome on ANDROID (62e88494c1dbcb366d86a4960534f35b)] -&gt; xpath: .//word], [[AndroidDriver: chrome on ANDROID (62e88494c1dbcb366d86a4960534f35b)] -&gt; xpath: .//word], [[AndroidDriver: chrome on ANDROID (62e88494c1dbcb366d86a4960534f35b)] -&gt; xpath: .//word], [[AndroidDriver: chrome on ANDROID (62e88494c1dbcb366d86a4960534f35b)] -&gt; xpath: .//word], [[AndroidDriver: chrome on ANDROID (62e88494c1dbcb366d86a4960534f35b)] -&gt; xpath: .//word], [[AndroidDriver: chrome on ANDROID (62e88494c1dbcb366d86a4960534f35b)] -&gt; xpath: .//word], [[AndroidDriver: chrome on ANDROID (62e88494c1dbcb366d86a4960534f35b)] -&gt; xpath: .//word], [[AndroidDriver: chrome on ANDROID (62e88494c1dbcb366d86a4960534f35b)] -&gt; xpath: .//word], [[AndroidDriver: chrome on ANDROID (62e88494c1dbcb366d86a4960534f35b)] -&gt; xpath: .//word], [[AndroidDriver: chrome on ANDROID (62e88494c1dbcb366d86a4960534f35b)] -&gt; xpath: .//word], [[AndroidDriver: chrome on ANDROID (62e88494c1dbcb366d86a4960534f35b)] -&gt; xpath: .//word], [[AndroidDriver: chrome on ANDROID (62e88494c1dbcb366d86a4960534f35b)] -&gt; xpath: .//word], [[AndroidDriver: chrome on ANDROID (62e88494c1dbcb366d86a4960534f35b)] -&gt; xpath: .//word], [[AndroidDriver: chrome on ANDROID (62e88494c1dbcb366d86a4960534f35b)] -&gt; xpath: .//word], [[AndroidDriver: chrome on ANDROID (62e88494c1dbcb366d86a4960534f35b)] -&gt; xpath: .//word], [[AndroidDriver: chrome on ANDROID (62e88494c1dbcb366d86a4960534f35b)] -&gt; xpath: .//word], [[AndroidDriver: chrome on ANDROID (62e88494c1dbcb366d86a4960534f35b)] -&gt; xpath: .//word], [[AndroidDriver: chrome on ANDROID (62e88494c1dbcb366d86a4960534f35b)] -&gt; xpath: .//word], [[AndroidDriver: chrome on ANDROID (62e88494c1dbcb366d86a4960534f35b)] -&gt; xpath: .//word], [[AndroidDriver: chrome on ANDROID (62e88494c1dbcb366d86a4960534f35b)] -&gt; xpath: .//word], [[AndroidDriver: chrome on ANDROID (62e88494c1dbcb366d86a4960534f35b)] -&gt; xpath: .//word], [[AndroidDriver: chrome on ANDROID (62e88494c1dbcb366d86a4960534f35b)] -&gt; xpath: .//word], [[AndroidDriver: chrome on ANDROID (62e88494c1dbcb366d86a4960534f35b)] -&gt; xpath: .//word], [[AndroidDriver: chrome on ANDROID (62e88494c1dbcb366d86a4960534f35b)] -&gt; xpath: .//word], [[AndroidDriver: chrome on ANDROID (62e88494c1dbcb366d86a4960534f35b)] -&gt; xpath: .//word], [[AndroidDriver: chrome on ANDROID (62e88494c1dbcb366d86a4960534f35b)] -&gt; xpath: .//word], [[AndroidDriver: chrome on ANDROID (62e88494c1dbcb366d86a4960534f35b)] -&gt; xpath: .//word], [[AndroidDriver: chrome on ANDROID (62e88494c1dbcb366d86a4960534f35b)] -&gt; xpath: .//word], [[AndroidDriver: chrome on ANDROID (62e88494c1dbcb366d86a4960534f35b)] -&gt; xpath: .//word], [[AndroidDriver: chrome on ANDROID (62e88494c1dbcb366d86a4960534f35b)] -&gt; xpath: .//word], [[AndroidDriver: chrome on ANDROID (62e88494c1dbcb366d86a4960534f35b)] -&gt; xpath: .//word], [[AndroidDriver: chrome on ANDROID (62e88494c1dbcb366d86a4960534f35b)] -&gt; xpath: .//word], [[AndroidDriver: chrome on ANDROID (62e88494c1dbcb366d86a4960534f35b)] -&gt; xpath: .//word], [[AndroidDriver: chrome on ANDROID (62e88494c1dbcb366d86a4960534f35b)] -&gt; xpath: .//word], [[AndroidDriver: chrome on ANDROID (62e88494c1dbcb366d86a4960534f35b)] -&gt; xpath: .//word], [[AndroidDriver: chrome on ANDROID (62e88494c1dbcb366d86a4960534f35b)] -&gt; xpath: .//word], [[AndroidDriver: chrome on ANDROID (62e88494c1dbcb366d86a4960534f35b)] -&gt; xpath: .//word], [[AndroidDriver: chrome on ANDROID (62e88494c1dbcb366d86a4960534f35b)] -&gt; xpath: .//word], [[AndroidDriver: chrome on ANDROID (62e88494c1dbcb366d86a4960534f35b)] -&gt; xpath: .//word], [[AndroidDriver: chrome on ANDROID (62e88494c1dbcb366d86a4960534f35b)] -&gt; xpath: .//word], [[AndroidDriver: chrome on ANDROID (62e88494c1dbcb366d86a4960534f35b)] -&gt; xpath: .//word], [[AndroidDriver: chrome on ANDROID (62e88494c1dbcb366d86a4960534f35b)] -&gt; xpath: .//word], [[AndroidDriver: chrome on ANDROID (62e88494c1dbcb366d86a4960534f35b)] -&gt; xpath: .//word], [[AndroidDriver: chrome on ANDROID (62e88494c1dbcb366d86a4960534f35b)] -&gt; xpath: .//word], [[AndroidDriver: chrome on ANDROID (62e88494c1dbcb366d86a4960534f35b)] -&gt; xpath: .//word], [[AndroidDriver: chrome on ANDROID (62e88494c1dbcb366d86a4960534f35b)] -&gt; xpath: .//word], [[AndroidDriver: chrome on ANDROID (62e88494c1dbcb366d86a4960534f35b)] -&gt; xpath: .//word], [[AndroidDriver: chrome on ANDROID (62e88494c1dbcb366d86a4960534f35b)] -&gt; xpath: .//word], [[AndroidDriver: chrome on ANDROID (62e88494c1dbcb366d86a4960534f35b)] -&gt; xpath: .//word], [[AndroidDriver: chrome on ANDROID (62e88494c1dbcb366d86a4960534f35b)] -&gt; xpath: .//word], [[AndroidDriver: chrome on ANDROID (62e88494c1dbcb366d86a4960534f35b)] -&gt; xpath: .//word], [[AndroidDriver: chrome on ANDROID (62e88494c1dbcb366d86a4960534f35b)] -&gt; xpath: .//word], [[AndroidDriver: chrome on ANDROID (62e88494c1dbcb366d86a4960534f35b)] -&gt; xpath: .//word], [[AndroidDriver: chrome on ANDROID (62e88494c1dbcb366d86a4960534f35b)] -&gt; xpath: .//word], [[AndroidDriver: chrome on ANDROID (62e88494c1dbcb366d86a4960534f35b)] -&gt; xpath: .//word], [[AndroidDriver: chrome on ANDROID (62e88494c1dbcb366d86a4960534f35b)] -&gt; xpath: .//word], [[AndroidDriver: chrome on ANDROID (62e88494c1dbcb366d86a4960534f35b)] -&gt; xpath: .//word], [[AndroidDriver: chrome on ANDROID (62e88494c1dbcb366d86a4960534f35b)] -&gt; xpath: .//word], [[AndroidDriver: chrome on ANDROID (62e88494c1dbcb366d86a4960534f35b)] -&gt; xpath: .//word], [[AndroidDriver: chrome on ANDROID (62e88494c1dbcb366d86a4960534f35b)] -&gt; xpath: .//word], [[AndroidDriver: chrome on ANDROID (62e88494c1dbcb366d86a4960534f35b)] -&gt; xpath: .//word], [[AndroidDriver: chrome on ANDROID (62e88494c1dbcb366d86a4960534f35b)] -&gt; xpath: .//word], [[AndroidDriver: chrome on ANDROID (62e88494c1dbcb366d86a4960534f35b)] -&gt; xpath: .//word], [[AndroidDriver: chrome on ANDROID (62e88494c1dbcb366d86a4960534f35b)] -&gt; xpath: .//word], [[AndroidDriver: chrome on ANDROID (62e88494c1dbcb366d86a4960534f35b)] -&gt; xpath: .//word], [[AndroidDriver: chrome on ANDROID (62e88494c1dbcb366d86a4960534f35b)] -&gt; xpath: .//word], [[AndroidDriver: chrome on ANDROID (62e88494c1dbcb366d86a4960534f35b)] -&gt; xpath: .//word], [[AndroidDriver: chrome on ANDROID (62e88494c1dbcb366d86a4960534f35b)] -&gt; xpath: .//word], [[AndroidDriver: chrome on ANDROID (62e88494c1dbcb366d86a4960534f35b)] -&gt; xpath: .//word], [[AndroidDriver: chrome on ANDROID (62e88494c1dbcb366d86a4960534f35b)] -&gt; xpath: .//word], [[AndroidDriver: chrome on ANDROID (62e88494c1dbcb366d86a4960534f35b)] -&gt; xpath: .//word], [[AndroidDriver: chrome on ANDROID (62e88494c1dbcb366d86a4960534f35b)] -&gt; xpath: .//word], [[AndroidDriver: chrome on ANDROID (62e88494c1dbcb366d86a4960534f35b)] -&gt; xpath: .//word], [[AndroidDriver: chrome on ANDROID (62e88494c1dbcb366d86a4960534f35b)] -&gt; xpath: .//word], [[AndroidDriver: chrome on ANDROID (62e88494c1dbcb366d86a4960534f35b)] -&gt; xpath: .//word], [[AndroidDriver: chrome on ANDROID (62e88494c1dbcb366d86a4960534f35b)] -&gt; xpath: .//word], [[AndroidDriver: chrome on ANDROID (62e88494c1dbcb366d86a4960534f35b)] -&gt; xpath: .//word], [[AndroidDriver: chrome on ANDROID (62e88494c1dbcb366d86a4960534f35b)] -&gt; xpath: .//word], [[AndroidDriver: chrome on ANDROID (62e88494c1dbcb366d86a4960534f35b)] -&gt; xpath: .//word], [[AndroidDriver: chrome on ANDROID (62e88494c1dbcb366d86a4960534f35b)] -&gt; xpath: .//word], [[AndroidDriver: chrome on ANDROID (62e88494c1dbcb366d86a4960534f35b)] -&gt; xpath: .//word], [[AndroidDriver: chrome on ANDROID (62e88494c1dbcb366d86a4960534f35b)] -&gt; xpath: .//word], [[AndroidDriver: chrome on ANDROID (62e88494c1dbcb366d86a4960534f35b)] -&gt; xpath: .//word], [[AndroidDriver: chrome on ANDROID (62e88494c1dbcb366d86a4960534f35b)] -&gt; xpath: .//word], [[AndroidDriver: chrome on ANDROID (62e88494c1dbcb366d86a4960534f35b)] -&gt; xpath: .//word], [[AndroidDriver: chrome on ANDROID (62e88494c1dbcb366d86a4960534f35b)] -&gt; xpath: .//word], [[AndroidDriver: chrome on ANDROID (62e88494c1dbcb366d86a4960534f35b)] -&gt; xpath: .//word], [[AndroidDriver: chrome on ANDROID (62e88494c1dbcb366d86a4960534f35b)] -&gt; xpath: .//word], [[AndroidDriver: chrome on ANDROID (62e88494c1dbcb366d86a4960534f35b)] -&gt; xpath: .//word], [[AndroidDriver: chrome on ANDROID (62e88494c1dbcb366d86a4960534f35b)] -&gt; xpath: .//word], [[AndroidDriver: chrome on ANDROID (62e88494c1dbcb366d86a4960534f35b)] -&gt; xpath: .//word], [[AndroidDriver: chrome on ANDROID (62e88494c1dbcb366d86a4960534f35b)] -&gt; xpath: .//word], [[AndroidDriver: chrome on ANDROID (62e88494c1dbcb366d86a4960534f35b)] -&gt; xpath: .//word], [[AndroidDriver: chrome on ANDROID (62e88494c1dbcb366d86a4960534f35b)] -&gt; xpath: .//word], [[AndroidDriver: chrome on ANDROID (62e88494c1dbcb366d86a4960534f35b)] -&gt; xpath: .//word], [[AndroidDriver: chrome on ANDROID (62e88494c1dbcb366d86a4960534f35b)] -&gt; xpath: .//word], [[AndroidDriver: chrome on ANDROID (62e88494c1dbcb366d86a4960534f35b)] -&gt; xpath: .//word], [[AndroidDriver: chrome on ANDROID (62e88494c1dbcb366d86a4960534f35b)] -&gt; xpath: .//word], [[AndroidDriver: chrome on ANDROID (62e88494c1dbcb366d86a4960534f35b)] -&gt; xpath: .//word], [[AndroidDriver: chrome on ANDROID (62e88494c1dbcb366d86a4960534f35b)] -&gt; xpath: .//word], [[AndroidDriver: chrome on ANDROID (62e88494c1dbcb366d86a4960534f35b)] -&gt; xpath: .//word], [[AndroidDriver: chrome on ANDROID (62e88494c1dbcb366d86a4960534f35b)] -&gt; xpath: .//word], [[AndroidDriver: chrome on ANDROID (62e88494c1dbcb366d86a4960534f35b)] -&gt; xpath: .//word], [[AndroidDriver: chrome on ANDROID (62e88494c1dbcb366d86a4960534f35b)] -&gt; xpath: .//word], [[AndroidDriver: chrome on ANDROID (62e88494c1dbcb366d86a4960534f35b)] -&gt; xpath: .//word], [[AndroidDriver: chrome on ANDROID (62e88494c1dbcb366d86a4960534f35b)] -&gt; xpath: .//word], [[AndroidDriver: chrome on ANDROID (62e88494c1dbcb366d86a4960534f35b)] -&gt; xpath: .//word], [[AndroidDriver: chrome on ANDROID (62e88494c1dbcb366d86a4960534f35b)] -&gt; xpath: .//word], [[AndroidDriver: chrome on ANDROID (62e88494c1dbcb366d86a4960534f35b)] -&gt; xpath: .//word], [[AndroidDriver: chrome on ANDROID (62e88494c1dbcb366d86a4960534f35b)] -&gt; xpath: .//word], [[AndroidDriver: chrome on ANDROID (62e88494c1dbcb366d86a4960534f35b)] -&gt; xpath: .//word], [[AndroidDriver: chrome on ANDROID (62e88494c1dbcb366d86a4960534f35b)] -&gt; xpath: .//word], [[AndroidDriver: chrome on ANDROID (62e88494c1dbcb366d86a4960534f35b)] -&gt; xpath: .//word], [[AndroidDriver: chrome on ANDROID (62e88494c1dbcb366d86a4960534f35b)] -&gt; xpath: .//word], [[AndroidDriver: chrome on ANDROID (62e88494c1dbcb366d86a4960534f35b)] -&gt; xpath: .//word], [[AndroidDriver: chrome on ANDROID (62e88494c1dbcb366d86a4960534f35b)] -&gt; xpath: .//word], [[AndroidDriver: chrome on ANDROID (62e88494c1dbcb366d86a4960534f35b)] -&gt; xpath: .//word], [[AndroidDriver: chrome on ANDROID (62e88494c1dbcb366d86a4960534f35b)] -&gt; xpath: .//word], [[AndroidDriver: chrome on ANDROID (62e88494c1dbcb366d86a4960534f35b)] -&gt; xpath: .//word], [[AndroidDriver: chrome on ANDROID (62e88494c1dbcb366d86a4960534f35b)] -&gt; xpath: .//word], [[AndroidDriver: chrome on ANDROID (62e88494c1dbcb366d86a4960534f35b)] -&gt; xpath: .//word], [[AndroidDriver: chrome on ANDROID (62e88494c1dbcb366d86a4960534f35b)] -&gt; xpath: .//word], [[AndroidDriver: chrome on ANDROID (62e88494c1dbcb366d86a4960534f35b)] -&gt; xpath: .//word], [[AndroidDriver: chrome on ANDROID (62e88494c1dbcb366d86a4960534f35b)] -&gt; xpath: .//word], [[AndroidDriver: chrome on ANDROID (62e88494c1dbcb366d86a4960534f35b)] -&gt; xpath: .//word], [[AndroidDriver: chrome on ANDROID (62e88494c1dbcb366d86a4960534f35b)] -&gt; xpath: .//word], [[AndroidDriver: chrome on ANDROID (62e88494c1dbcb366d86a4960534f35b)] -&gt; xpath: .//word], [[AndroidDriver: chrome on ANDROID (62e88494c1dbcb366d86a4960534f35b)] -&gt; xpath: .//word], [[AndroidDriver: chrome on ANDROID (62e88494c1dbcb366d86a4960534f35b)] -&gt; xpath: .//word], [[AndroidDriver: chrome on ANDROID (62e88494c1dbcb366d86a4960534f35b)] -&gt; xpath: .//word], [[AndroidDriver: chrome on ANDROID (62e88494c1dbcb366d86a4960534f35b)] -&gt; xpath: .//word], [[AndroidDriver: chrome on ANDROID (62e88494c1dbcb366d86a4960534f35b)] -&gt; xpath: .//word], [[AndroidDriver: chrome on ANDROID (62e88494c1dbcb366d86a4960534f35b)] -&gt; xpath: .//word], [[AndroidDriver: chrome on ANDROID (62e88494c1dbcb366d86a4960534f35b)] -&gt; xpath: .//word], [[AndroidDriver: chrome on ANDROID (62e88494c1dbcb366d86a4960534f35b)] -&gt; xpath: .//word], [[AndroidDriver: chrome on ANDROID (62e88494c1dbcb366d86a4960534f35b)] -&gt; xpath: .//word], [[AndroidDriver: chrome on ANDROID (62e88494c1dbcb366d86a4960534f35b)] -&gt; xpath: .//word], [[AndroidDriver: chrome on ANDROID (62e88494c1dbcb366d86a4960534f35b)] -&gt; xpath: .//word], [[AndroidDriver: chrome on ANDROID (62e88494c1dbcb366d86a4960534f35b)] -&gt; xpath: .//word], [[AndroidDriver: chrome on ANDROID (62e88494c1dbcb366d86a4960534f35b)] -&gt; xpath: .//word], [[AndroidDriver: chrome on ANDROID (62e88494c1dbcb366d86a4960534f35b)] -&gt; xpath: .//word], [[AndroidDriver: chrome on ANDROID (62e88494c1dbcb366d86a4960534f35b)] -&gt; xpath: .//word], [[AndroidDriver: chrome on ANDROID (62e88494c1dbcb366d86a4960534f35b)] -&gt; xpath: .//word], [[AndroidDriver: chrome on ANDROID (62e88494c1dbcb366d86a4960534f35b)] -&gt; xpath: .//word], [[AndroidDriver: chrome on ANDROID (62e88494c1dbcb366d86a4960534f35b)] -&gt; xpath: .//word], [[AndroidDriver: chrome on ANDROID (62e88494c1dbcb366d86a4960534f35b)] -&gt; xpath: .//word], [[AndroidDriver: chrome on ANDROID (62e88494c1dbcb366d86a4960534f35b)] -&gt; xpath: .//word], [[AndroidDriver: chrome on ANDROID (62e88494c1dbcb366d86a4960534f35b)] -&gt; xpath: .//word], [[AndroidDriver: chrome on ANDROID (62e88494c1dbcb366d86a4960534f35b)] -&gt; xpath: .//word], [[AndroidDriver: chrome on ANDROID (62e88494c1dbcb366d86a4960534f35b)] -&gt; xpath: .//word], [[AndroidDriver: chrome on ANDROID (62e88494c1dbcb366d86a4960534f35b)] -&gt; xpath: .//word], [[AndroidDriver: chrome on ANDROID (62e88494c1dbcb366d86a4960534f35b)] -&gt; xpath: .//word], [[AndroidDriver: chrome on ANDROID (62e88494c1dbcb366d86a4960534f35b)] -&gt; xpath: .//word], [[AndroidDriver: chrome on ANDROID (62e88494c1dbcb366d86a4960534f35b)] -&gt; xpath: .//word], [[AndroidDriver: chrome on ANDROID (62e88494c1dbcb366d86a4960534f35b)] -&gt; xpath: .//word], [[AndroidDriver: chrome on ANDROID (62e88494c1dbcb366d86a4960534f35b)] -&gt; xpath: .//word], [[AndroidDriver: chrome on ANDROID (62e88494c1dbcb366d86a4960534f35b)] -&gt; xpath: .//word], [[AndroidDriver: chrome on ANDROID (62e88494c1dbcb366d86a4960534f35b)] -&gt; xpath: .//word], [[AndroidDriver: chrome on ANDROID (62e88494c1dbcb366d86a4960534f35b)] -&gt; xpath: .//word], [[AndroidDriver: chrome on ANDROID (62e88494c1dbcb366d86a4960534f35b)] -&gt; xpath: .//word], [[AndroidDriver: chrome on ANDROID (62e88494c1dbcb366d86a4960534f35b)] -&gt; xpath: .//word], [[AndroidDriver: chrome on ANDROID (62e88494c1dbcb366d86a4960534f35b)] -&gt; xpath: .//word], [[AndroidDriver: chrome on ANDROID (62e88494c1dbcb366d86a4960534f35b)] -&gt; xpath: .//word], [[AndroidDriver: chrome on ANDROID (62e88494c1dbcb366d86a4960534f35b)] -&gt; xpath: .//word], [[AndroidDriver: chrome on ANDROID (62e88494c1dbcb366d86a4960534f35b)] -&gt; xpath: .//word], [[AndroidDriver: chrome on ANDROID (62e88494c1dbcb366d86a4960534f35b)] -&gt; xpath: .//word], [[AndroidDriver: chrome on ANDROID (62e88494c1dbcb366d86a4960534f35b)] -&gt; xpath: .//word], [[AndroidDriver: chrome on ANDROID (62e88494c1dbcb366d86a4960534f35b)] -&gt; xpath: .//word], [[AndroidDriver: chrome on ANDROID (62e88494c1dbcb366d86a4960534f35b)] -&gt; xpath: .//word], [[AndroidDriver: chrome on ANDROID (62e88494c1dbcb366d86a4960534f35b)] -&gt; xpath: .//word], [[AndroidDriver: chrome on ANDROID (62e88494c1dbcb366d86a4960534f35b)] -&gt; xpath: .//word], [[AndroidDriver: chrome on ANDROID (62e88494c1dbcb366d86a4960534f35b)] -&gt; xpath: .//word], [[AndroidDriver: chrome on ANDROID (62e88494c1dbcb366d86a4960534f35b)] -&gt; xpath: .//word], [[AndroidDriver: chrome on ANDROID (62e88494c1dbcb366d86a4960534f35b)] -&gt; xpath: .//word], [[AndroidDriver: chrome on ANDROID (62e88494c1dbcb366d86a4960534f35b)] -&gt; xpath: .//word], [[AndroidDriver: chrome on ANDROID (62e88494c1dbcb366d86a4960534f35b)] -&gt; xpath: .//word], [[AndroidDriver: chrome on ANDROID (62e88494c1dbcb366d86a4960534f35b)] -&gt; xpath: .//word], [[AndroidDriver: chrome on ANDROID (62e88494c1dbcb366d86a4960534f35b)] -&gt; xpath: .//word], [[AndroidDriver: chrome on ANDROID (62e88494c1dbcb366d86a4960534f35b)] -&gt; xpath: .//word], [[AndroidDriver: chrome on ANDROID (62e88494c1dbcb366d86a4960534f35b)] -&gt; xpath: .//word], [[AndroidDriver: chrome on ANDROID (62e88494c1dbcb366d86a4960534f35b)] -&gt; xpath: .//word], [[AndroidDriver: chrome on ANDROID (62e88494c1dbcb366d86a4960534f35b)] -&gt; xpath: .//word], [[AndroidDriver: chrome on ANDROID (62e88494c1dbcb366d86a4960534f35b)] -&gt; xpath: .//word], [[AndroidDriver: chrome on ANDROID (62e88494c1dbcb366d86a4960534f35b)] -&gt; xpath: .//word], [[AndroidDriver: chrome on ANDROID (62e88494c1dbcb366d86a4960534f35b)] -&gt; xpath: .//word], [[AndroidDriver: chrome on ANDROID (62e88494c1dbcb366d86a4960534f35b)] -&gt; xpath: .//word], [[AndroidDriver: chrome on ANDROID (62e88494c1dbcb366d86a4960534f35b)] -&gt; xpath: .//word], [[AndroidDriver: chrome on ANDROID (62e88494c1dbcb366d86a4960534f35b)] -&gt; xpath: .//word], [[AndroidDriver: chrome on ANDROID (62e88494c1dbcb366d86a4960534f35b)] -&gt; xpath: .//word], [[AndroidDriver: chrome on ANDROID (62e88494c1dbcb366d86a4960534f35b)] -&gt; xpath: .//word], [[AndroidDriver: chrome on ANDROID (62e88494c1dbcb366d86a4960534f35b)] -&gt; xpath: .//word], [[AndroidDriver: chrome on ANDROID (62e88494c1dbcb366d86a4960534f35b)] -&gt; xpath: .//word], [[AndroidDriver: chrome on ANDROID (62e88494c1dbcb366d86a4960534f35b)] -&gt; xpath: .//word], [[AndroidDriver: chrome on ANDROID (62e88494c1dbcb366d86a4960534f35b)] -&gt; xpath: .//word], [[AndroidDriver: chrome on ANDROID (62e88494c1dbcb366d86a4960534f35b)] -&gt; xpath: .//word], [[AndroidDriver: chrome on ANDROID (62e88494c1dbcb366d86a4960534f35b)] -&gt; xpath: .//word], [[AndroidDriver: chrome on ANDROID (62e88494c1dbcb366d86a4960534f35b)] -&gt; xpath: .//word], [[AndroidDriver: chrome on ANDROID (62e88494c1dbcb366d86a4960534f35b)] -&gt; xpath: .//word], [[AndroidDriver: chrome on ANDROID (62e88494c1dbcb366d86a4960534f35b)] -&gt; xpath: .//word], [[AndroidDriver: chrome on ANDROID (62e88494c1dbcb366d86a4960534f35b)] -&gt; xpath: .//word], [[AndroidDriver: chrome on ANDROID (62e88494c1dbcb366d86a4960534f35b)] -&gt; xpath: .//word], [[AndroidDriver: chrome on ANDROID (62e88494c1dbcb366d86a4960534f35b)] -&gt; xpath: .//word], [[AndroidDriver: chrome on ANDROID (62e88494c1dbcb366d86a4960534f35b)] -&gt; xpath: .//word], [[AndroidDriver: chrome on ANDROID (62e88494c1dbcb366d86a4960534f35b)] -&gt; xpath: .//word], [[AndroidDriver: chrome on ANDROID (62e88494c1dbcb366d86a4960534f35b)] -&gt; xpath: .//word], [[AndroidDriver: chrome on ANDROID (62e88494c1dbcb366d86a4960534f35b)] -&gt; xpath: .//word], [[AndroidDriver: chrome on ANDROID (62e88494c1dbcb366d86a4960534f35b)] -&gt; xpath: .//word], [[AndroidDriver: chrome on ANDROID (62e88494c1dbcb366d86a4960534f35b)] -&gt; xpath: .//word], [[AndroidDriver: chrome on ANDROID (62e88494c1dbcb366d86a4960534f35b)] -&gt; xpath: .//word], [[AndroidDriver: chrome on ANDROID (62e88494c1dbcb366d86a4960534f35b)] -&gt; xpath: .//word], [[AndroidDriver: chrome on ANDROID (62e88494c1dbcb366d86a4960534f35b)] -&gt; xpath: .//word], [[AndroidDriver: chrome on ANDROID (62e88494c1dbcb366d86a4960534f35b)] -&gt; xpath: .//word], [[AndroidDriver: chrome on ANDROID (62e88494c1dbcb366d86a4960534f35b)] -&gt; xpath: .//word], [[AndroidDriver: chrome on ANDROID (62e88494c1dbcb366d86a4960534f35b)] -&gt; xpath: .//word], [[AndroidDriver: chrome on ANDROID (62e88494c1dbcb366d86a4960534f35b)] -&gt; xpath: .//word], [[AndroidDriver: chrome on ANDROID (62e88494c1dbcb366d86a4960534f35b)] -&gt; xpath: .//word], [[AndroidDriver: chrome on ANDROID (62e88494c1dbcb366d86a4960534f35b)] -&gt; xpath: .//word], [[AndroidDriver: chrome on ANDROID (62e88494c1dbcb366d86a4960534f35b)] -&gt; xpath: .//word], [[AndroidDriver: chrome on ANDROID (62e88494c1dbcb366d86a4960534f35b)] -&gt; xpath: .//word], [[AndroidDriver: chrome on ANDROID (62e88494c1dbcb366d86a4960534f35b)] -&gt; xpath: .//word], [[AndroidDriver: chrome on ANDROID (62e88494c1dbcb366d86a4960534f35b)] -&gt; xpath: .//word], [[AndroidDriver: chrome on ANDROID (62e88494c1dbcb366d86a4960534f35b)] -&gt; xpath: .//word], [[AndroidDriver: chrome on ANDROID (62e88494c1dbcb366d86a4960534f35b)] -&gt; xpath: .//word], [[AndroidDriver: chrome on ANDROID (62e88494c1dbcb366d86a4960534f35b)] -&gt; xpath: .//word], [[AndroidDriver: chrome on ANDROID (62e88494c1dbcb366d86a4960534f35b)] -&gt; xpath: .//word], [[AndroidDriver: chrome on ANDROID (62e88494c1dbcb366d86a4960534f35b)] -&gt; xpath: .//word], [[AndroidDriver: chrome on ANDROID (62e88494c1dbcb366d86a4960534f35b)] -&gt; xpath: .//word], [[AndroidDriver: chrome on ANDROID (62e88494c1dbcb366d86a4960534f35b)] -&gt; xpath: .//word], [[AndroidDriver: chrome on ANDROID (62e88494c1dbcb366d86a4960534f35b)] -&gt; xpath: .//word], [[AndroidDriver: chrome on ANDROID (62e88494c1dbcb366d86a4960534f35b)] -&gt; xpath: .//word], [[AndroidDriver: chrome on ANDROID (62e88494c1dbcb366d86a4960534f35b)] -&gt; xpath: .//word], [[AndroidDriver: chrome on ANDROID (62e88494c1dbcb366d86a4960534f35b)] -&gt; xpath: .//word], [[AndroidDriver: chrome on ANDROID (62e88494c1dbcb366d86a4960534f35b)] -&gt; xpath: .//word], [[AndroidDriver: chrome on ANDROID (62e88494c1dbcb366d86a4960534f35b)] -&gt; xpath: .//word], [[AndroidDriver: chrome on ANDROID (62e88494c1dbcb366d86a4960534f35b)] -&gt; xpath: .//word], [[AndroidDriver: chrome on ANDROID (62e88494c1dbcb366d86a4960534f35b)] -&gt; xpath: .//word], [[AndroidDriver: chrome on ANDROID (62e88494c1dbcb366d86a4960534f35b)] -&gt; xpath: .//word], [[AndroidDriver: chrome on ANDROID (62e88494c1dbcb366d86a4960534f35b)] -&gt; xpath: .//word], [[AndroidDriver: chrome on ANDROID (62e88494c1dbcb366d86a4960534f35b)] -&gt; xpath: .//word], [[AndroidDriver: chrome on ANDROID (62e88494c1dbcb366d86a4960534f35b)] -&gt; xpath: .//word], [[AndroidDriver: chrome on ANDROID (62e88494c1dbcb366d86a4960534f35b)] -&gt; xpath: .//word], [[AndroidDriver: chrome on ANDROID (62e88494c1dbcb366d86a4960534f35b)] -&gt; xpath: .//word], [[AndroidDriver: chrome on ANDROID (62e88494c1dbcb366d86a4960534f35b)] -&gt; xpath: .//word], [[AndroidDriver: chrome on ANDROID (62e88494c1dbcb366d86a4960534f35b)] -&gt; xpath: .//word], [[AndroidDriver: chrome on ANDROID (62e88494c1dbcb366d86a4960534f35b)] -&gt; xpath: .//word], [[AndroidDriver: chrome on ANDROID (62e88494c1dbcb366d86a4960534f35b)] -&gt; xpath: .//word], [[AndroidDriver: chrome on ANDROID (62e88494c1dbcb366d86a4960534f35b)] -&gt; xpath: .//word], [[AndroidDriver: chrome on ANDROID (62e88494c1dbcb366d86a4960534f35b)] -&gt; xpath: .//word], [[AndroidDriver: chrome on ANDROID (62e88494c1dbcb366d86a4960534f35b)] -&gt; xpath: .//word], [[AndroidDriver: chrome on ANDROID (62e88494c1dbcb366d86a4960534f35b)] -&gt; xpath: .//word], [[AndroidDriver: chrome on ANDROID (62e88494c1dbcb366d86a4960534f35b)] -&gt; xpath: .//word], [[AndroidDriver: chrome on ANDROID (62e88494c1dbcb366d86a4960534f35b)] -&gt; xpath: .//word], [[AndroidDriver: chrome on ANDROID (62e88494c1dbcb366d86a4960534f35b)] -&gt; xpath: .//word], [[AndroidDriver: chrome on ANDROID (62e88494c1dbcb366d86a4960534f35b)] -&gt; xpath: .//word], [[AndroidDriver: chrome on ANDROID (62e88494c1dbcb366d86a4960534f35b)] -&gt; xpath: .//word], [[AndroidDriver: chrome on ANDROID (62e88494c1dbcb366d86a4960534f35b)] -&gt; xpath: .//word], [[AndroidDriver: chrome on ANDROID (62e88494c1dbcb366d86a4960534f35b)] -&gt; xpath: .//word], [[AndroidDriver: chrome on ANDROID (62e88494c1dbcb366d86a4960534f35b)] -&gt; xpath: .//word], [[AndroidDriver: chrome on ANDROID (62e88494c1dbcb366d86a4960534f35b)] -&gt; xpath: .//word], [[AndroidDriver: chrome on ANDROID (62e88494c1dbcb366d86a4960534f35b)] -&gt; xpath: .//word], [[AndroidDriver: chrome on ANDROID (62e88494c1dbcb366d86a4960534f35b)] -&gt; xpath: .//word], [[AndroidDriver: chrome on ANDROID (62e88494c1dbcb366d86a4960534f35b)] -&gt; xpath: .//word], [[AndroidDriver: chrome on ANDROID (62e88494c1dbcb366d86a4960534f35b)] -&gt; xpath: .//word], [[AndroidDriver: chrome on ANDROID (62e88494c1dbcb366d86a4960534f35b)] -&gt; xpath: .//word], [[AndroidDriver: chrome on ANDROID (62e88494c1dbcb366d86a4960534f35b)] -&gt; xpath: .//word], [[AndroidDriver: chrome on ANDROID (62e88494c1dbcb366d86a4960534f35b)] -&gt; xpath: .//word], [[AndroidDriver: chrome on ANDROID (62e88494c1dbcb366d86a4960534f35b)] -&gt; xpath: .//word], [[AndroidDriver: chrome on ANDROID (62e88494c1dbcb366d86a4960534f35b)] -&gt; xpath: .//word], [[AndroidDriver: chrome on ANDROID (62e88494c1dbcb366d86a4960534f35b)] -&gt; xpath: .//word], [[AndroidDriver: chrome on ANDROID (62e88494c1dbcb366d86a4960534f35b)] -&gt; xpath: .//word], [[AndroidDriver: chrome on ANDROID (62e88494c1dbcb366d86a4960534f35b)] -&gt; xpath: .//word], [[AndroidDriver: chrome on ANDROID (62e88494c1dbcb366d86a4960534f35b)] -&gt; xpath: .//word], [[AndroidDriver: chrome on ANDROID (62e88494c1dbcb366d86a4960534f35b)] -&gt; xpath: .//word], [[AndroidDriver: chrome on ANDROID (62e88494c1dbcb366d86a4960534f35b)] -&gt; xpath: .//word], [[AndroidDriver: chrome on ANDROID (62e88494c1dbcb366d86a4960534f35b)] -&gt; xpath: .//word], [[AndroidDriver: chrome on ANDROID (62e88494c1dbcb366d86a4960534f35b)] -&gt; xpath: .//word], [[AndroidDriver: chrome on ANDROID (62e88494c1dbcb366d86a4960534f35b)] -&gt; xpath: .//word], [[AndroidDriver: chrome on ANDROID (62e88494c1dbcb366d86a4960534f35b)] -&gt; xpath: .//word], [[AndroidDriver: chrome on ANDROID (62e88494c1dbcb366d86a4960534f35b)] -&gt; xpath: .//word], [[AndroidDriver: chrome on ANDROID (62e88494c1dbcb366d86a4960534f35b)] -&gt; xpath: .//word], [[AndroidDriver: chrome on ANDROID (62e88494c1dbcb366d86a4960534f35b)] -&gt; xpath: .//word], [[AndroidDriver: chrome on ANDROID (62e88494c1dbcb366d86a4960534f35b)] -&gt; xpath: .//word], [[AndroidDriver: chrome on ANDROID (62e88494c1dbcb366d86a4960534f35b)] -&gt; xpath: .//word], [[AndroidDriver: chrome on ANDROID (62e88494c1dbcb366d86a4960534f35b)] -&gt; xpath: .//word], [[AndroidDriver: chrome on ANDROID (62e88494c1dbcb366d86a4960534f35b)] -&gt; xpath: .//word], [[AndroidDriver: chrome on ANDROID (62e88494c1dbcb366d86a4960534f35b)] -&gt; xpath: .//word], [[AndroidDriver: chrome on ANDROID (62e88494c1dbcb366d86a4960534f35b)] -&gt; xpath: .//word], [[AndroidDriver: chrome on ANDROID (62e88494c1dbcb366d86a4960534f35b)] -&gt; xpath: .//word], [[AndroidDriver: chrome on ANDROID (62e88494c1dbcb366d86a4960534f35b)] -&gt; xpath: .//word], [[AndroidDriver: chrome on ANDROID (62e88494c1dbcb366d86a4960534f35b)] -&gt; xpath: .//word], [[AndroidDriver: chrome on ANDROID (62e88494c1dbcb366d86a4960534f35b)] -&gt; xpath: .//word], [[AndroidDriver: chrome on ANDROID (62e88494c1dbcb366d86a4960534f35b)] -&gt; xpath: .//word], [[AndroidDriver: chrome on ANDROID (62e88494c1dbcb366d86a4960534f35b)] -&gt; xpath: .//word], [[AndroidDriver: chrome on ANDROID (62e88494c1dbcb366d86a4960534f35b)] -&gt; xpath: .//word], [[AndroidDriver: chrome on ANDROID (62e88494c1dbcb366d86a4960534f35b)] -&gt; xpath: .//word], [[AndroidDriver: chrome on ANDROID (62e88494c1dbcb366d86a4960534f35b)] -&gt; xpath: .//word], [[AndroidDriver: chrome on ANDROID (62e88494c1dbcb366d86a4960534f35b)] -&gt; xpath: .//word], [[AndroidDriver: chrome on ANDROID (62e88494c1dbcb366d86a4960534f35b)] -&gt; xpath: .//word], [[AndroidDriver: chrome on ANDROID (62e88494c1dbcb366d86a4960534f35b)] -&gt; xpath: .//word], [[AndroidDriver: chrome on ANDROID (62e88494c1dbcb366d86a4960534f35b)] -&gt; xpath: .//word], [[AndroidDriver: chrome on ANDROID (62e88494c1dbcb366d86a4960534f35b)] -&gt; xpath: .//word], [[AndroidDriver: chrome on ANDROID (62e88494c1dbcb366d86a4960534f35b)] -&gt; xpath: .//word], [[AndroidDriver: chrome on ANDROID (62e88494c1dbcb366d86a4960534f35b)] -&gt; xpath: .//word], [[AndroidDriver: chrome on ANDROID (62e88494c1dbcb366d86a4960534f35b)] -&gt; xpath: .//word], [[AndroidDriver: chrome on ANDROID (62e88494c1dbcb366d86a4960534f35b)] -&gt; xpath: .//word], [[AndroidDriver: chrome on ANDROID (62e88494c1dbcb366d86a4960534f35b)] -&gt; xpath: .//word], [[AndroidDriver: chrome on ANDROID (62e88494c1dbcb366d86a4960534f35b)] -&gt; xpath: .//word], [[AndroidDriver: chrome on ANDROID (62e88494c1dbcb366d86a4960534f35b)] -&gt; xpath: .//word], [[AndroidDriver: chrome on ANDROID (62e88494c1dbcb366d86a4960534f35b)] -&gt; xpath: .//word], [[AndroidDriver: chrome on ANDROID (62e88494c1dbcb366d86a4960534f35b)] -&gt; xpath: .//word], [[AndroidDriver: chrome on ANDROID (62e88494c1dbcb366d86a4960534f35b)] -&gt; xpath: .//word], [[AndroidDriver: chrome on ANDROID (62e88494c1dbcb366d86a4960534f35b)] -&gt; xpath: .//word], [[AndroidDriver: chrome on ANDROID (62e88494c1dbcb366d86a4960534f35b)] -&gt; xpath: .//word], [[AndroidDriver: chrome on ANDROID (62e88494c1dbcb366d86a4960534f35b)] -&gt; xpath: .//word], [[AndroidDriver: chrome on ANDROID (62e88494c1dbcb366d86a4960534f35b)] -&gt; xpath: .//word], [[AndroidDriver: chrome on ANDROID (62e88494c1dbcb366d86a4960534f35b)] -&gt; xpath: .//word], [[AndroidDriver: chrome on ANDROID (62e88494c1dbcb366d86a4960534f35b)] -&gt; xpath: .//word], [[AndroidDriver: chrome on ANDROID (62e88494c1dbcb366d86a4960534f35b)] -&gt; xpath: .//word], [[AndroidDriver: chrome on ANDROID (62e88494c1dbcb366d86a4960534f35b)] -&gt; xpath: .//word], [[AndroidDriver: chrome on ANDROID (62e88494c1dbcb366d86a4960534f35b)] -&gt; xpath: .//word], [[AndroidDriver: chrome on ANDROID (62e88494c1dbcb366d86a4960534f35b)] -&gt; xpath: .//word], [[AndroidDriver: chrome on ANDROID (62e88494c1dbcb366d86a4960534f35b)] -&gt; xpath: .//word], [[AndroidDriver: chrome on ANDROID (62e88494c1dbcb366d86a4960534f35b)] -&gt; xpath: .//word], [[AndroidDriver: chrome on ANDROID (62e88494c1dbcb366d86a4960534f35b)] -&gt; xpath: .//word], [[AndroidDriver: chrome on ANDROID (62e88494c1dbcb366d86a4960534f35b)] -&gt; xpath: .//word], [[AndroidDriver: chrome on ANDROID (62e88494c1dbcb366d86a4960534f35b)] -&gt; xpath: .//word], [[AndroidDriver: chrome on ANDROID (62e88494c1dbcb366d86a4960534f35b)] -&gt; xpath: .//word], [[AndroidDriver: chrome on ANDROID (62e88494c1dbcb366d86a4960534f35b)] -&gt; xpath: .//word], [[AndroidDriver: chrome on ANDROID (62e88494c1dbcb366d86a4960534f35b)] -&gt; xpath: .//word], [[AndroidDriver: chrome on ANDROID (62e88494c1dbcb366d86a4960534f35b)] -&gt; xpath: .//word], [[AndroidDriver: chrome on ANDROID (62e88494c1dbcb366d86a4960534f35b)] -&gt; xpath: .//word], [[AndroidDriver: chrome on ANDROID (62e88494c1dbcb366d86a4960534f35b)] -&gt; xpath: .//word], [[AndroidDriver: chrome on ANDROID (62e88494c1dbcb366d86a4960534f35b)] -&gt; xpath: .//word], [[AndroidDriver: chrome on ANDROID (62e88494c1dbcb366d86a4960534f35b)] -&gt; xpath: .//word], [[AndroidDriver: chrome on ANDROID (62e88494c1dbcb366d86a4960534f35b)] -&gt; xpath: .//word], [[AndroidDriver: chrome on ANDROID (62e88494c1dbcb366d86a4960534f35b)] -&gt; xpath: .//word], [[AndroidDriver: chrome on ANDROID (62e88494c1dbcb366d86a4960534f35b)] -&gt; xpath: .//word], [[AndroidDriver: chrome on ANDROID (62e88494c1dbcb366d86a4960534f35b)] -&gt; xpath: .//word], [[AndroidDriver: chrome on ANDROID (62e88494c1dbcb366d86a4960534f35b)] -&gt; xpath: .//word], [[AndroidDriver: chrome on ANDROID (62e88494c1dbcb366d86a4960534f35b)] -&gt; xpath: .//word], [[AndroidDriver: chrome on ANDROID (62e88494c1dbcb366d86a4960534f35b)] -&gt; xpath: .//word], [[AndroidDriver: chrome on ANDROID (62e88494c1dbcb366d86a4960534f35b)] -&gt; xpath: .//word], [[AndroidDriver: chrome on ANDROID (62e88494c1dbcb366d86a4960534f35b)] -&gt; xpath: .//word], [[AndroidDriver: chrome on ANDROID (62e88494c1dbcb366d86a4960534f35b)] -&gt; xpath: .//word], [[AndroidDriver: chrome on ANDROID (62e88494c1dbcb366d86a4960534f35b)] -&gt; xpath: .//word], [[AndroidDriver: chrome on ANDROID (62e88494c1dbcb366d86a4960534f35b)] -&gt; xpath: .//word], [[AndroidDriver: chrome on ANDROID (62e88494c1dbcb366d86a4960534f35b)] -&gt; xpath: .//word], [[AndroidDriver: chrome on ANDROID (62e88494c1dbcb366d86a4960534f35b)] -&gt; xpath: .//word], [[AndroidDriver: chrome on ANDROID (62e88494c1dbcb366d86a4960534f35b)] -&gt; xpath: .//word], [[AndroidDriver: chrome on ANDROID (62e88494c1dbcb366d86a4960534f35b)] -&gt; xpath: .//word], [[AndroidDriver: chrome on ANDROID (62e88494c1dbcb366d86a4960534f35b)] -&gt; xpath: .//word], [[AndroidDriver: chrome on ANDROID (62e88494c1dbcb366d86a4960534f35b)] -&gt; xpath: .//word], [[AndroidDriver: chrome on ANDROID (62e88494c1dbcb366d86a4960534f35b)] -&gt; xpath: .//word], [[AndroidDriver: chrome on ANDROID (62e88494c1dbcb366d86a4960534f35b)] -&gt; xpath: .//word], [[AndroidDriver: chrome on ANDROID (62e88494c1dbcb366d86a4960534f35b)] -&gt; xpath: .//word], [[AndroidDriver: chrome on ANDROID (62e88494c1dbcb366d86a4960534f35b)] -&gt; xpath: .//word], [[AndroidDriver: chrome on ANDROID (62e88494c1dbcb366d86a4960534f35b)] -&gt; xpath: .//word], [[AndroidDriver: chrome on ANDROID (62e88494c1dbcb366d86a4960534f35b)] -&gt; xpath: .//word], [[AndroidDriver: chrome on ANDROID (62e88494c1dbcb366d86a4960534f35b)] -&gt; xpath: .//word], [[AndroidDriver: chrome on ANDROID (62e88494c1dbcb366d86a4960534f35b)] -&gt; xpath: .//word], [[AndroidDriver: chrome on ANDROID (62e88494c1dbcb366d86a4960534f35b)] -&gt; xpath: .//word], [[AndroidDriver: chrome on ANDROID (62e88494c1dbcb366d86a4960534f35b)] -&gt; xpath: .//word], [[AndroidDriver: chrome on ANDROID (62e88494c1dbcb366d86a4960534f35b)] -&gt; xpath: .//word], [[AndroidDriver: chrome on ANDROID (62e88494c1dbcb366d86a4960534f35b)] -&gt; xpath: .//word], [[AndroidDriver: chrome on ANDROID (62e88494c1dbcb366d86a4960534f35b)] -&gt; xpath: .//word], [[AndroidDriver: chrome on ANDROID (62e88494c1dbcb366d86a4960534f35b)] -&gt; xpath: .//word], [[AndroidDriver: chrome on ANDROID (62e88494c1dbcb366d86a4960534f35b)] -&gt; xpath: .//word], [[AndroidDriver: chrome on ANDROID (62e88494c1dbcb366d86a4960534f35b)] -&gt; xpath: .//word], [[AndroidDriver: chrome on ANDROID (62e88494c1dbcb366d86a4960534f35b)] -&gt; xpath: .//word], [[AndroidDriver: chrome on ANDROID (62e88494c1dbcb366d86a4960534f35b)] -&gt; xpath: .//word], [[AndroidDriver: chrome on ANDROID (62e88494c1dbcb366d86a4960534f35b)] -&gt; xpath: .//word], [[AndroidDriver: chrome on ANDROID (62e88494c1dbcb366d86a4960534f35b)] -&gt; xpath: .//word], [[AndroidDriver: chrome on ANDROID (62e88494c1dbcb366d86a4960534f35b)] -&gt; xpath: .//word], [[AndroidDriver: chrome on ANDROID (62e88494c1dbcb366d86a4960534f35b)] -&gt; xpath: .//word], [[AndroidDriver: chrome on ANDROID (62e88494c1dbcb366d86a4960534f35b)] -&gt; xpath: .//word], [[AndroidDriver: chrome on ANDROID (62e88494c1dbcb366d86a4960534f35b)] -&gt; xpath: .//word], [[AndroidDriver: chrome on ANDROID (62e88494c1dbcb366d86a4960534f35b)] -&gt; xpath: .//word], [[AndroidDriver: chrome on ANDROID (62e88494c1dbcb366d86a4960534f35b)] -&gt; xpath: .//word], [[AndroidDriver: chrome on ANDROID (62e88494c1dbcb366d86a4960534f35b)] -&gt; xpath: .//word], [[AndroidDriver: chrome on ANDROID (62e88494c1dbcb366d86a4960534f35b)] -&gt; xpath: .//word], [[AndroidDriver: chrome on ANDROID (62e88494c1dbcb366d86a4960534f35b)] -&gt; xpath: .//word], [[AndroidDriver: chrome on ANDROID (62e88494c1dbcb366d86a4960534f35b)] -&gt; xpath: .//word], [[AndroidDriver: chrome on ANDROID (62e88494c1dbcb366d86a4960534f35b)] -&gt; xpath: .//word], [[AndroidDriver: chrome on ANDROID (62e88494c1dbcb366d86a4960534f35b)] -&gt; xpath: .//word], [[AndroidDriver: chrome on ANDROID (62e88494c1dbcb366d86a4960534f35b)] -&gt; xpath: .//word], [[AndroidDriver: chrome on ANDROID (62e88494c1dbcb366d86a4960534f35b)] -&gt; xpath: .//word], [[AndroidDriver: chrome on ANDROID (62e88494c1dbcb366d86a4960534f35b)] -&gt; xpath: .//word], [[AndroidDriver: chrome on ANDROID (62e88494c1dbcb366d86a4960534f35b)] -&gt; xpath: .//word], [[AndroidDriver: chrome on ANDROID (62e88494c1dbcb366d86a4960534f35b)] -&gt; xpath: .//word], [[AndroidDriver: chrome on ANDROID (62e88494c1dbcb366d86a4960534f35b)] -&gt; xpath: .//word], [[AndroidDriver: chrome on ANDROID (62e88494c1dbcb366d86a4960534f35b)] -&gt; xpath: .//word], [[AndroidDriver: chrome on ANDROID (62e88494c1dbcb366d86a4960534f35b)] -&gt; xpath: .//word], [[AndroidDriver: chrome on ANDROID (62e88494c1dbcb366d86a4960534f35b)] -&gt; xpath: .//word], [[AndroidDriver: chrome on ANDROID (62e88494c1dbcb366d86a4960534f35b)] -&gt; xpath: .//word], [[AndroidDriver: chrome on ANDROID (62e88494c1dbcb366d86a4960534f35b)] -&gt; xpath: .//word], [[AndroidDriver: chrome on ANDROID (62e88494c1dbcb366d86a4960534f35b)] -&gt; xpath: .//word], [[AndroidDriver: chrome on ANDROID (62e88494c1dbcb366d86a4960534f35b)] -&gt; xpath: .//word], [[AndroidDriver: chrome on ANDROID (62e88494c1dbcb366d86a4960534f35b)] -&gt; xpath: .//word], [[AndroidDriver: chrome on ANDROID (62e88494c1dbcb366d86a4960534f35b)] -&gt; xpath: .//word], [[AndroidDriver: chrome on ANDROID (62e88494c1dbcb366d86a4960534f35b)] -&gt; xpath: .//word], [[AndroidDriver: chrome on ANDROID (62e88494c1dbcb366d86a4960534f35b)] -&gt; xpath: .//word], [[AndroidDriver: chrome on ANDROID (62e88494c1dbcb366d86a4960534f35b)] -&gt; xpath: .//word], [[AndroidDriver: chrome on ANDROID (62e88494c1dbcb366d86a4960534f35b)] -&gt; xpath: .//word], [[AndroidDriver: chrome on ANDROID (62e88494c1dbcb366d86a4960534f35b)] -&gt; xpath: .//word], [[AndroidDriver: chrome on ANDROID (62e88494c1dbcb366d86a4960534f35b)] -&gt; xpath: .//word], [[AndroidDriver: chrome on ANDROID (62e88494c1dbcb366d86a4960534f35b)] -&gt; xpath: .//word], [[AndroidDriver: chrome on ANDROID (62e88494c1dbcb366d86a4960534f35b)] -&gt; xpath: .//word], [[AndroidDriver: chrome on ANDROID (62e88494c1dbcb366d86a4960534f35b)] -&gt; xpath: .//word], [[AndroidDriver: chrome on ANDROID (62e88494c1dbcb366d86a4960534f35b)] -&gt; xpath: .//word], [[AndroidDriver: chrome on ANDROID (62e88494c1dbcb366d86a4960534f35b)] -&gt; xpath: .//word], [[AndroidDriver: chrome on ANDROID (62e88494c1dbcb366d86a4960534f35b)] -&gt; xpath: .//word], [[AndroidDriver: chrome on ANDROID (62e88494c1dbcb366d86a4960534f35b)] -&gt; xpath: .//word], [[AndroidDriver: chrome on ANDROID (62e88494c1dbcb366d86a4960534f35b)] -&gt; xpath: .//word], [[AndroidDriver: chrome on ANDROID (62e88494c1dbcb366d86a4960534f35b)] -&gt; xpath: .//word], [[AndroidDriver: chrome on ANDROID (62e88494c1dbcb366d86a4960534f35b)] -&gt; xpath: .//word], [[AndroidDriver: chrome on ANDROID (62e88494c1dbcb366d86a4960534f35b)] -&gt; xpath: .//word], [[AndroidDriver: chrome on ANDROID (62e88494c1dbcb366d86a4960534f35b)] -&gt; xpath: .//word], [[AndroidDriver: chrome on ANDROID (62e88494c1dbcb366d86a4960534f35b)] -&gt; xpath: .//word], [[AndroidDriver: chrome on ANDROID (62e88494c1dbcb366d86a4960534f35b)] -&gt; xpath: .//word], [[AndroidDriver: chrome on ANDROID (62e88494c1dbcb366d86a4960534f35b)] -&gt; xpath: .//word], [[AndroidDriver: chrome on ANDROID (62e88494c1dbcb366d86a4960534f35b)] -&gt; xpath: .//word], [[AndroidDriver: chrome on ANDROID (62e88494c1dbcb366d86a4960534f35b)] -&gt; xpath: .//word], [[AndroidDriver: chrome on ANDROID (62e88494c1dbcb366d86a4960534f35b)] -&gt; xpath: .//word], [[AndroidDriver: chrome on ANDROID (62e88494c1dbcb366d86a4960534f35b)] -&gt; xpath: .//word], [[AndroidDriver: chrome on ANDROID (62e88494c1dbcb366d86a4960534f35b)] -&gt; xpath: .//word], [[AndroidDriver: chrome on ANDROID (62e88494c1dbcb366d86a4960534f35b)] -&gt; xpath: .//word], [[AndroidDriver: chrome on ANDROID (62e88494c1dbcb366d86a4960534f35b)] -&gt; xpath: .//word], [[AndroidDriver: chrome on ANDROID (62e88494c1dbcb366d86a4960534f35b)] -&gt; xpath: .//word], [[AndroidDriver: chrome on ANDROID (62e88494c1dbcb366d86a4960534f35b)] -&gt; xpath: .//word], [[AndroidDriver: chrome on ANDROID (62e88494c1dbcb366d86a4960534f35b)] -&gt; xpath: .//word], [[AndroidDriver: chrome on ANDROID (62e88494c1dbcb366d86a4960534f35b)] -&gt; xpath: .//word], [[AndroidDriver: chrome on ANDROID (62e88494c1dbcb366d86a4960534f35b)] -&gt; xpath: .//word], [[AndroidDriver: chrome on ANDROID (62e88494c1dbcb366d86a4960534f35b)] -&gt; xpath: .//word], [[AndroidDriver: chrome on ANDROID (62e88494c1dbcb366d86a4960534f35b)] -&gt; xpath: .//word], [[AndroidDriver: chrome on ANDROID (62e88494c1dbcb366d86a4960534f35b)] -&gt; xpath: .//word], [[AndroidDriver: chrome on ANDROID (62e88494c1dbcb366d86a4960534f35b)] -&gt; xpath: .//word], [[AndroidDriver: chrome on ANDROID (62e88494c1dbcb366d86a4960534f35b)] -&gt; xpath: .//word], [[AndroidDriver: chrome on ANDROID (62e88494c1dbcb366d86a4960534f35b)] -&gt; xpath: .//word], [[AndroidDriver: chrome on ANDROID (62e88494c1dbcb366d86a4960534f35b)] -&gt; xpath: .//word], [[AndroidDriver: chrome on ANDROID (62e88494c1dbcb366d86a4960534f35b)] -&gt; xpath: .//word], [[AndroidDriver: chrome on ANDROID (62e88494c1dbcb366d86a4960534f35b)] -&gt; xpath: .//word], [[AndroidDriver: chrome on ANDROID (62e88494c1dbcb366d86a4960534f35b)] -&gt; xpath: .//word], [[AndroidDriver: chrome on ANDROID (62e88494c1dbcb366d86a4960534f35b)] -&gt; xpath: .//word], [[AndroidDriver: chrome on ANDROID (62e88494c1dbcb366d86a4960534f35b)] -&gt; xpath: .//word], [[AndroidDriver: chrome on ANDROID (62e88494c1dbcb366d86a4960534f35b)] -&gt; xpath: .//word], [[AndroidDriver: chrome on ANDROID (62e88494c1dbcb366d86a4960534f35b)] -&gt; xpath: .//word], [[AndroidDriver: chrome on ANDROID (62e88494c1dbcb366d86a4960534f35b)] -&gt; xpath: .//word], [[AndroidDriver: chrome on ANDROID (62e88494c1dbcb366d86a4960534f35b)] -&gt; xpath: .//word], [[AndroidDriver: chrome on ANDROID (62e88494c1dbcb366d86a4960534f35b)] -&gt; xpath: .//word], [[AndroidDriver: chrome on ANDROID (62e88494c1dbcb366d86a4960534f35b)] -&gt; xpath: .//word], [[AndroidDriver: chrome on ANDROID (62e88494c1dbcb366d86a4960534f35b)] -&gt; xpath: .//word], [[AndroidDriver: chrome on ANDROID (62e88494c1dbcb366d86a4960534f35b)] -&gt; xpath: .//word], [[AndroidDriver: chrome on ANDROID (62e88494c1dbcb366d86a4960534f35b)] -&gt; xpath: .//word], [[AndroidDriver: chrome on ANDROID (62e88494c1dbcb366d86a4960534f35b)] -&gt; xpath: .//word], [[AndroidDriver: chrome on ANDROID (62e88494c1dbcb366d86a4960534f35b)] -&gt; xpath: .//word], [[AndroidDriver: chrome on ANDROID (62e88494c1dbcb366d86a4960534f35b)] -&gt; xpath: .//word], [[AndroidDriver: chrome on ANDROID (62e88494c1dbcb366d86a4960534f35b)] -&gt; xpath: .//word], [[AndroidDriver: chrome on ANDROID (62e88494c1dbcb366d86a4960534f35b)] -&gt; xpath: .//word], [[AndroidDriver: chrome on ANDROID (62e88494c1dbcb366d86a4960534f35b)] -&gt; xpath: .//word], [[AndroidDriver: chrome on ANDROID (62e88494c1dbcb366d86a4960534f35b)] -&gt; xpath: .//word], [[AndroidDriver: chrome on ANDROID (62e88494c1dbcb366d86a4960534f35b)] -&gt; xpath: .//word], [[AndroidDriver: chrome on ANDROID (62e88494c1dbcb366d86a4960534f35b)] -&gt; xpath: .//word], [[AndroidDriver: chrome on ANDROID (62e88494c1dbcb366d86a4960534f35b)] -&gt; xpath: .//word], [[AndroidDriver: chrome on ANDROID (62e88494c1dbcb366d86a4960534f35b)] -&gt; xpath: .//word], [[AndroidDriver: chrome on ANDROID (62e88494c1dbcb366d86a4960534f35b)] -&gt; xpath: .//word], [[AndroidDriver: chrome on ANDROID (62e88494c1dbcb366d86a4960534f35b)] -&gt; xpath: .//word], [[AndroidDriver: chrome on ANDROID (62e88494c1dbcb366d86a4960534f35b)] -&gt; xpath: .//word], [[AndroidDriver: chrome on ANDROID (62e88494c1dbcb366d86a4960534f35b)] -&gt; xpath: .//word], [[AndroidDriver: chrome on ANDROID (62e88494c1dbcb366d86a4960534f35b)] -&gt; xpath: .//word], [[AndroidDriver: chrome on ANDROID (62e88494c1dbcb366d86a4960534f35b)] -&gt; xpath: .//word], [[AndroidDriver: chrome on ANDROID (62e88494c1dbcb366d86a4960534f35b)] -&gt; xpath: .//word], [[AndroidDriver: chrome on ANDROID (62e88494c1dbcb366d86a4960534f35b)] -&gt; xpath: .//word], [[AndroidDriver: chrome on ANDROID (62e88494c1dbcb366d86a4960534f35b)] -&gt; xpath: .//word], [[AndroidDriver: chrome on ANDROID (62e88494c1dbcb366d86a4960534f35b)] -&gt; xpath: .//word], [[AndroidDriver: chrome on ANDROID (62e88494c1dbcb366d86a4960534f35b)] -&gt; xpath: .//word], [[AndroidDriver: chrome on ANDROID (62e88494c1dbcb366d86a4960534f35b)] -&gt; xpath: .//word], [[AndroidDriver: chrome on ANDROID (62e88494c1dbcb366d86a4960534f35b)] -&gt; xpath: .//word], [[AndroidDriver: chrome on ANDROID (62e88494c1dbcb366d86a4960534f35b)] -&gt; xpath: .//word], [[AndroidDriver: chrome on ANDROID (62e88494c1dbcb366d86a4960534f35b)] -&gt; xpath: .//word], [[AndroidDriver: chrome on ANDROID (62e88494c1dbcb366d86a4960534f35b)] -&gt; xpath: .//word], [[AndroidDriver: chrome on ANDROID (62e88494c1dbcb366d86a4960534f35b)] -&gt; xpath: .//word], [[AndroidDriver: chrome on ANDROID (62e88494c1dbcb366d86a4960534f35b)] -&gt; xpath: .//word], [[AndroidDriver: chrome on ANDROID (62e88494c1dbcb366d86a4960534f35b)] -&gt; xpath: .//word], [[AndroidDriver: chrome on ANDROID (62e88494c1dbcb366d86a4960534f35b)] -&gt; xpath: .//word], [[AndroidDriver: chrome on ANDROID (62e88494c1dbcb366d86a4960534f35b)] -&gt; xpath: .//word], [[AndroidDriver: chrome on ANDROID (62e88494c1dbcb366d86a4960534f35b)] -&gt; xpath: .//word], [[AndroidDriver: chrome on ANDROID (62e88494c1dbcb366d86a4960534f35b)] -&gt; xpath: .//word], [[AndroidDriver: chrome on ANDROID (62e88494c1dbcb366d86a4960534f35b)] -&gt; xpath: .//word], [[AndroidDriver: chrome on ANDROID (62e88494c1dbcb366d86a4960534f35b)] -&gt; xpath: .//word], [[AndroidDriver: chrome on ANDROID (62e88494c1dbcb366d86a4960534f35b)] -&gt; xpath: .//word], [[AndroidDriver: chrome on ANDROID (62e88494c1dbcb366d86a4960534f35b)] -&gt; xpath: .//word], [[AndroidDriver: chrome on ANDROID (62e88494c1dbcb366d86a4960534f35b)] -&gt; xpath: .//word], [[AndroidDriver: chrome on ANDROID (62e88494c1dbcb366d86a4960534f35b)] -&gt; xpath: .//word], [[AndroidDriver: chrome on ANDROID (62e88494c1dbcb366d86a4960534f35b)] -&gt; xpath: .//word], [[AndroidDriver: chrome on ANDROID (62e88494c1dbcb366d86a4960534f35b)] -&gt; xpath: .//word], [[AndroidDriver: chrome on ANDROID (62e88494c1dbcb366d86a4960534f35b)] -&gt; xpath: .//word], [[AndroidDriver: chrome on ANDROID (62e88494c1dbcb366d86a4960534f35b)] -&gt; xpath: .//word], [[AndroidDriver: chrome on ANDROID (62e88494c1dbcb366d86a4960534f35b)] -&gt; xpath: .//word], [[AndroidDriver: chrome on ANDROID (62e88494c1dbcb366d86a4960534f35b)] -&gt; xpath: .//word], [[AndroidDriver: chrome on ANDROID (62e88494c1dbcb366d86a4960534f35b)] -&gt; xpath: .//word], [[AndroidDriver: chrome on ANDROID (62e88494c1dbcb366d86a4960534f35b)] -&gt; xpath: .//word], [[AndroidDriver: chrome on ANDROID (62e88494c1dbcb366d86a4960534f35b)] -&gt; xpath: .//word], [[AndroidDriver: chrome on ANDROID (62e88494c1dbcb366d86a4960534f35b)] -&gt; xpath: .//word], [[AndroidDriver: chrome on ANDROID (62e88494c1dbcb366d86a4960534f35b)] -&gt; xpath: .//word], [[AndroidDriver: chrome on ANDROID (62e88494c1dbcb366d86a4960534f35b)] -&gt; xpath: .//word], [[AndroidDriver: chrome on ANDROID (62e88494c1dbcb366d86a4960534f35b)] -&gt; xpath: .//word], [[AndroidDriver: chrome on ANDROID (62e88494c1dbcb366d86a4960534f35b)] -&gt; xpath: .//word], [[AndroidDriver: chrome on ANDROID (62e88494c1dbcb366d86a4960534f35b)] -&gt; xpath: .//word], [[AndroidDriver: chrome on ANDROID (62e88494c1dbcb366d86a4960534f35b)] -&gt; xpath: .//word], [[AndroidDriver: chrome on ANDROID (62e88494c1dbcb366d86a4960534f35b)] -&gt; xpath: .//word], [[AndroidDriver: chrome on ANDROID (62e88494c1dbcb366d86a4960534f35b)] -&gt; xpath: .//word], [[AndroidDriver: chrome on ANDROID (62e88494c1dbcb366d86a4960534f35b)] -&gt; xpath: .//word], [[AndroidDriver: chrome on ANDROID (62e88494c1dbcb366d86a4960534f35b)] -&gt; xpath: .//word], [[AndroidDriver: chrome on ANDROID (62e88494c1dbcb366d86a4960534f35b)] -&gt; xpath: .//word], [[AndroidDriver: chrome on ANDROID (62e88494c1dbcb366d86a4960534f35b)] -&gt; xpath: .//word], [[AndroidDriver: chrome on ANDROID (62e88494c1dbcb366d86a4960534f35b)] -&gt; xpath: .//word], [[AndroidDriver: chrome on ANDROID (62e88494c1dbcb366d86a4960534f35b)] -&gt; xpath: .//word], [[AndroidDriver: chrome on ANDROID (62e88494c1dbcb366d86a4960534f35b)] -&gt; xpath: .//word], [[AndroidDriver: chrome on ANDROID (62e88494c1dbcb366d86a4960534f35b)] -&gt; xpath: .//word], [[AndroidDriver: chrome on ANDROID (62e88494c1dbcb366d86a4960534f35b)] -&gt; xpath: .//word], [[AndroidDriver: chrome on ANDROID (62e88494c1dbcb366d86a4960534f35b)] -&gt; xpath: .//word], [[AndroidDriver: chrome on ANDROID (62e88494c1dbcb366d86a4960534f35b)] -&gt; xpath: .//word], [[AndroidDriver: chrome on ANDROID (62e88494c1dbcb366d86a4960534f35b)] -&gt; xpath: .//word], [[AndroidDriver: chrome on ANDROID (62e88494c1dbcb366d86a4960534f35b)] -&gt; xpath: .//word], [[AndroidDriver: chrome on ANDROID (62e88494c1dbcb366d86a4960534f35b)] -&gt; xpath: .//word], [[AndroidDriver: chrome on ANDROID (62e88494c1dbcb366d86a4960534f35b)] -&gt; xpath: .//word], [[AndroidDriver: chrome on ANDROID (62e88494c1dbcb366d86a4960534f35b)] -&gt; xpath: .//word], [[AndroidDriver: chrome on ANDROID (62e88494c1dbcb366d86a4960534f35b)] -&gt; xpath: .//word], [[AndroidDriver: chrome on ANDROID (62e88494c1dbcb366d86a4960534f35b)] -&gt; xpath: .//word], [[AndroidDriver: chrome on ANDROID (62e88494c1dbcb366d86a4960534f35b)] -&gt; xpath: .//word], [[AndroidDriver: chrome on ANDROID (62e88494c1dbcb366d86a4960534f35b)] -&gt; xpath: .//word], [[AndroidDriver: chrome on ANDROID (62e88494c1dbcb366d86a4960534f35b)] -&gt; xpath: .//word], [[AndroidDriver: chrome on ANDROID (62e88494c1dbcb366d86a4960534f35b)] -&gt; xpath: .//word], [[AndroidDriver: chrome on ANDROID (62e88494c1dbcb366d86a4960534f35b)] -&gt; xpath: .//word], [[AndroidDriver: chrome on ANDROID (62e88494c1dbcb366d86a4960534f35b)] -&gt; xpath: .//word], [[AndroidDriver: chrome on ANDROID (62e88494c1dbcb366d86a4960534f35b)] -&gt; xpath: .//word], [[AndroidDriver: chrome on ANDROID (62e88494c1dbcb366d86a4960534f35b)] -&gt; xpath: .//word], [[AndroidDriver: chrome on ANDROID (62e88494c1dbcb366d86a4960534f35b)] -&gt; xpath: .//word], [[AndroidDriver: chrome on ANDROID (62e88494c1dbcb366d86a4960534f35b)] -&gt; xpath: .//word], [[AndroidDriver: chrome on ANDROID (62e88494c1dbcb366d86a4960534f35b)] -&gt; xpath: .//word], [[AndroidDriver: chrome on ANDROID (62e88494c1dbcb366d86a4960534f35b)] -&gt; xpath: .//word], [[AndroidDriver: chrome on ANDROID (62e88494c1dbcb366d86a4960534f35b)] -&gt; xpath: .//word], [[AndroidDriver: chrome on ANDROID (62e88494c1dbcb366d86a4960534f35b)] -&gt; xpath: .//word], [[AndroidDriver: chrome on ANDROID (62e88494c1dbcb366d86a4960534f35b)] -&gt; xpath: .//word], [[AndroidDriver: chrome on ANDROID (62e88494c1dbcb366d86a4960534f35b)] -&gt; xpath: .//word], [[AndroidDriver: chrome on ANDROID (62e88494c1dbcb366d86a4960534f35b)] -&gt; xpath: .//word], [[AndroidDriver: chrome on ANDROID (62e88494c1dbcb366d86a4960534f35b)] -&gt; xpath: .//word], [[AndroidDriver: chrome on ANDROID (62e88494c1dbcb366d86a4960534f35b)] -&gt; xpath: .//word], [[AndroidDriver: chrome on ANDROID (62e88494c1dbcb366d86a4960534f35b)] -&gt; xpath: .//word], [[AndroidDriver: chrome on ANDROID (62e88494c1dbcb366d86a4960534f35b)] -&gt; xpath: .//word], [[AndroidDriver: chrome on ANDROID (62e88494c1dbcb366d86a4960534f35b)] -&gt; xpath: .//word], [[AndroidDriver: chrome on ANDROID (62e88494c1dbcb366d86a4960534f35b)] -&gt; xpath: .//word], [[AndroidDriver: chrome on ANDROID (62e88494c1dbcb366d86a4960534f35b)] -&gt; xpath: .//word], [[AndroidDriver: chrome on ANDROID (62e88494c1dbcb366d86a4960534f35b)] -&gt; xpath: .//word], [[AndroidDriver: chrome on ANDROID (62e88494c1dbcb366d86a4960534f35b)] -&gt; xpath: .//word], [[AndroidDriver: chrome on ANDROID (62e88494c1dbcb366d86a4960534f35b)] -&gt; xpath: .//word], [[AndroidDriver: chrome on ANDROID (62e88494c1dbcb366d86a4960534f35b)] -&gt; xpath: .//word], [[AndroidDriver: chrome on ANDROID (62e88494c1dbcb366d86a4960534f35b)] -&gt; xpath: .//word], [[AndroidDriver: chrome on ANDROID (62e88494c1dbcb366d86a4960534f35b)] -&gt; xpath: .//word], [[AndroidDriver: chrome on ANDROID (62e88494c1dbcb366d86a4960534f35b)] -&gt; xpath: .//word], [[AndroidDriver: chrome on ANDROID (62e88494c1dbcb366d86a4960534f35b)] -&gt; xpath: .//word], [[AndroidDriver: chrome on ANDROID (62e88494c1dbcb366d86a4960534f35b)] -&gt; xpath: .//word], [[AndroidDriver: chrome on ANDROID (62e88494c1dbcb366d86a4960534f35b)] -&gt; xpath: .//word], [[AndroidDriver: chrome on ANDROID (62e88494c1dbcb366d86a4960534f35b)] -&gt; xpath: .//word], [[AndroidDriver: chrome on ANDROID (62e88494c1dbcb366d86a4960534f35b)] -&gt; xpath: .//word], [[AndroidDriver: chrome on ANDROID (62e88494c1dbcb366d86a4960534f35b)] -&gt; xpath: .//word], [[AndroidDriver: chrome on ANDROID (62e88494c1dbcb366d86a4960534f35b)] -&gt; xpath: .//word], [[AndroidDriver: chrome on ANDROID (62e88494c1dbcb366d86a4960534f35b)] -&gt; xpath: .//word], [[AndroidDriver: chrome on ANDROID (62e88494c1dbcb366d86a4960534f35b)] -&gt; xpath: .//word], [[AndroidDriver: chrome on ANDROID (62e88494c1dbcb366d86a4960534f35b)] -&gt; xpath: .//word], [[AndroidDriver: chrome on ANDROID (62e88494c1dbcb366d86a4960534f35b)] -&gt; xpath: .//word], [[AndroidDriver: chrome on ANDROID (62e88494c1dbcb366d86a4960534f35b)] -&gt; xpath: .//word], [[AndroidDriver: chrome on ANDROID (62e88494c1dbcb366d86a4960534f35b)] -&gt; xpath: .//word], [[AndroidDriver: chrome on ANDROID (62e88494c1dbcb366d86a4960534f35b)] -&gt; xpath: .//word], [[AndroidDriver: chrome on ANDROID (62e88494c1dbcb366d86a4960534f35b)] -&gt; xpath: .//word], [[AndroidDriver: chrome on ANDROID (62e88494c1dbcb366d86a4960534f35b)] -&gt; xpath: .//word], [[AndroidDriver: chrome on ANDROID (62e88494c1dbcb366d86a4960534f35b)] -&gt; xpath: .//word], [[AndroidDriver: chrome on ANDROID (62e88494c1dbcb366d86a4960534f35b)] -&gt; xpath: .//word], [[AndroidDriver: chrome on ANDROID (62e88494c1dbcb366d86a4960534f35b)] -&gt; xpath: .//word], [[AndroidDriver: chrome on ANDROID (62e88494c1dbcb366d86a4960534f35b)] -&gt; xpath: .//word], [[AndroidDriver: chrome on ANDROID (62e88494c1dbcb366d86a4960534f35b)] -&gt; xpath: .//word], [[AndroidDriver: chrome on ANDROID (62e88494c1dbcb366d86a4960534f35b)] -&gt; xpath: .//word], [[AndroidDriver: chrome on ANDROID (62e88494c1dbcb366d86a4960534f35b)] -&gt; xpath: .//word], [[AndroidDriver: chrome on ANDROID (62e88494c1dbcb366d86a4960534f35b)] -&gt; xpath: .//word], [[AndroidDriver: chrome on ANDROID (62e88494c1dbcb366d86a4960534f35b)] -&gt; xpath: .//word], [[AndroidDriver: chrome on ANDROID (62e88494c1dbcb366d86a4960534f35b)] -&gt; xpath: .//word], [[AndroidDriver: chrome on ANDROID (62e88494c1dbcb366d86a4960534f35b)] -&gt; xpath: .//word], [[AndroidDriver: chrome on ANDROID (62e88494c1dbcb366d86a4960534f35b)] -&gt; xpath: .//word], [[AndroidDriver: chrome on ANDROID (62e88494c1dbcb366d86a4960534f35b)] -&gt; xpath: .//word], [[AndroidDriver: chrome on ANDROID (62e88494c1dbcb366d86a4960534f35b)] -&gt; xpath: .//word], [[AndroidDriver: chrome on ANDROID (62e88494c1dbcb366d86a4960534f35b)] -&gt; xpath: .//word], [[AndroidDriver: chrome on ANDROID (62e88494c1dbcb366d86a4960534f35b)] -&gt; xpath: .//word], [[AndroidDriver: chrome on ANDROID (62e88494c1dbcb366d86a4960534f35b)] -&gt; xpath: .//word], [[AndroidDriver: chrome on ANDROID (62e88494c1dbcb366d86a4960534f35b)] -&gt; xpath: .//word], [[AndroidDriver: chrome on ANDROID (62e88494c1dbcb366d86a4960534f35b)] -&gt; xpath: .//word], [[AndroidDriver: chrome on ANDROID (62e88494c1dbcb366d86a4960534f35b)] -&gt; xpath: .//word], [[AndroidDriver: chrome on ANDROID (62e88494c1dbcb366d86a4960534f35b)] -&gt; xpath: .//word], [[AndroidDriver: chrome on ANDROID (62e88494c1dbcb366d86a4960534f35b)] -&gt; xpath: .//word], [[AndroidDriver: chrome on ANDROID (62e88494c1dbcb366d86a4960534f35b)] -&gt; xpath: .//word], [[AndroidDriver: chrome on ANDROID (62e88494c1dbcb366d86a4960534f35b)] -&gt; xpath: .//word], [[AndroidDriver: chrome on ANDROID (62e88494c1dbcb366d86a4960534f35b)] -&gt; xpath: .//word], [[AndroidDriver: chrome on ANDROID (62e88494c1dbcb366d86a4960534f35b)] -&gt; xpath: .//word], [[AndroidDriver: chrome on ANDROID (62e88494c1dbcb366d86a4960534f35b)] -&gt; xpath: .//word], [[AndroidDriver: chrome on ANDROID (62e88494c1dbcb366d86a4960534f35b)] -&gt; xpath: .//word], [[AndroidDriver: chrome on ANDROID (62e88494c1dbcb366d86a4960534f35b)] -&gt; xpath: .//word], [[AndroidDriver: chrome on ANDROID (62e88494c1dbcb366d86a4960534f35b)] -&gt; xpath: .//word], [[AndroidDriver: chrome on ANDROID (62e88494c1dbcb366d86a4960534f35b)] -&gt; xpath: .//word], [[AndroidDriver: chrome on ANDROID (62e88494c1dbcb366d86a4960534f35b)] -&gt; xpath: .//word], [[AndroidDriver: chrome on ANDROID (62e88494c1dbcb366d86a4960534f35b)] -&gt; xpath: .//word], [[AndroidDriver: chrome on ANDROID (62e88494c1dbcb366d86a4960534f35b)] -&gt; xpath: .//word], [[AndroidDriver: chrome on ANDROID (62e88494c1dbcb366d86a4960534f35b)] -&gt; xpath: .//word], [[AndroidDriver: chrome on ANDROID (62e88494c1dbcb366d86a4960534f35b)] -&gt; xpath: .//word], [[AndroidDriver: chrome on ANDROID (62e88494c1dbcb366d86a4960534f35b)] -&gt; xpath: .//word], [[AndroidDriver: chrome on ANDROID (62e88494c1dbcb366d86a4960534f35b)] -&gt; xpath: .//word], [[AndroidDriver: chrome on ANDROID (62e88494c1dbcb366d86a4960534f35b)] -&gt; xpath: .//word]]
Build info: version: &#039;2.52.0&#039;, revision: &#039;4c2593cfc3689a7fcd7be52549167e5ccc93ad28&#039;, time: &#039;2016-02-11 11:22:43&#039;
System info: host: &#039;DLLA1462&#039;, ip: &#039;10.0.13.14&#039;, os.name: &#039;Windows 8.1&#039;, os.arch: &#039;amd64&#039;, os.version: &#039;6.3&#039;, java.version: &#039;1.8.0_73&#039;
Driver info: io.appium.java_client.android.AndroidDriver
Capabilities [{applicationCacheEnabled=false, rotatable=false, mobileEmulationEnabled=false, chrome={}, takesHeapSnapshot=true, databaseEnabled=false, handlesAlerts=true, hasTouchScreen=true, version=51.0.2704.81, platform=ANDROID, browserConnectionEnabled=false, nativeEvents=true, acceptSslCerts=true, locationContextEnabled=true, webStorageEnabled=true, browserName=chrome, takesScreenshot=true, javascriptEnabled=true, cssSelectorsEnabled=true}]
Session ID: 62e88494c1dbcb366d86a4960534f35b">
      <![CDATA[org.openqa.selenium.TimeoutException: Timed out after 30 seconds waiting for visibility of all [[[AndroidDriver: chrome on ANDROID (62e88494c1dbcb366d86a4960534f35b)] -> xpath: .//word], [[AndroidDriver: chrome on ANDROID (62e88494c1dbcb366d86a4960534f35b)] -> xpath: .//word], [[AndroidDriver: chrome on ANDROID (62e88494c1dbcb366d86a4960534f35b)] -> xpath: .//word], [[AndroidDriver: chrome on ANDROID (62e88494c1dbcb366d86a4960534f35b)] -> xpath: .//word], [[AndroidDriver: chrome on ANDROID (62e88494c1dbcb366d86a4960534f35b)] -> xpath: .//word], [[AndroidDriver: chrome on ANDROID (62e88494c1dbcb366d86a4960534f35b)] -> xpath: .//word], [[AndroidDriver: chrome on ANDROID (62e88494c1dbcb366d86a4960534f35b)] -> xpath: .//word], [[AndroidDriver: chrome on ANDROID (62e88494c1dbcb366d86a4960534f35b)] -> xpath: .//word], [[AndroidDriver: chrome on ANDROID (62e88494c1dbcb366d86a4960534f35b)] -> xpath: .//word], [[AndroidDriver: chrome on ANDROID (62e88494c1dbcb366d86a4960534f35b)] -> xpath: .//word], [[AndroidDriver: chrome on ANDROID (62e88494c1dbcb366d86a4960534f35b)] -> xpath: .//word], [[AndroidDriver: chrome on ANDROID (62e88494c1dbcb366d86a4960534f35b)] -> xpath: .//word], [[AndroidDriver: chrome on ANDROID (62e88494c1dbcb366d86a4960534f35b)] -> xpath: .//word], [[AndroidDriver: chrome on ANDROID (62e88494c1dbcb366d86a4960534f35b)] -> xpath: .//word], [[AndroidDriver: chrome on ANDROID (62e88494c1dbcb366d86a4960534f35b)] -> xpath: .//word], [[AndroidDriver: chrome on ANDROID (62e88494c1dbcb366d86a4960534f35b)] -> xpath: .//word], [[AndroidDriver: chrome on ANDROID (62e88494c1dbcb366d86a4960534f35b)] -> xpath: .//word], [[AndroidDriver: chrome on ANDROID (62e88494c1dbcb366d86a4960534f35b)] -> xpath: .//word], [[AndroidDriver: chrome on ANDROID (62e88494c1dbcb366d86a4960534f35b)] -> xpath: .//word], [[AndroidDriver: chrome on ANDROID (62e88494c1dbcb366d86a4960534f35b)] -> xpath: .//word], [[AndroidDriver: chrome on ANDROID (62e88494c1dbcb366d86a4960534f35b)] -> xpath: .//word], [[AndroidDriver: chrome on ANDROID (62e88494c1dbcb366d86a4960534f35b)] -> xpath: .//word], [[AndroidDriver: chrome on ANDROID (62e88494c1dbcb366d86a4960534f35b)] -> xpath: .//word], [[AndroidDriver: chrome on ANDROID (62e88494c1dbcb366d86a4960534f35b)] -> xpath: .//word], [[AndroidDriver: chrome on ANDROID (62e88494c1dbcb366d86a4960534f35b)] -> xpath: .//word], [[AndroidDriver: chrome on ANDROID (62e88494c1dbcb366d86a4960534f35b)] -> xpath: .//word], [[AndroidDriver: chrome on ANDROID (62e88494c1dbcb366d86a4960534f35b)] -> xpath: .//word], [[AndroidDriver: chrome on ANDROID (62e88494c1dbcb366d86a4960534f35b)] -> xpath: .//word], [[AndroidDriver: chrome on ANDROID (62e88494c1dbcb366d86a4960534f35b)] -> xpath: .//word], [[AndroidDriver: chrome on ANDROID (62e88494c1dbcb366d86a4960534f35b)] -> xpath: .//word], [[AndroidDriver: chrome on ANDROID (62e88494c1dbcb366d86a4960534f35b)] -> xpath: .//word], [[AndroidDriver: chrome on ANDROID (62e88494c1dbcb366d86a4960534f35b)] -> xpath: .//word], [[AndroidDriver: chrome on ANDROID (62e88494c1dbcb366d86a4960534f35b)] -> xpath: .//word], [[AndroidDriver: chrome on ANDROID (62e88494c1dbcb366d86a4960534f35b)] -> xpath: .//word], [[AndroidDriver: chrome on ANDROID (62e88494c1dbcb366d86a4960534f35b)] -> xpath: .//word], [[AndroidDriver: chrome on ANDROID (62e88494c1dbcb366d86a4960534f35b)] -> xpath: .//word], [[AndroidDriver: chrome on ANDROID (62e88494c1dbcb366d86a4960534f35b)] -> xpath: .//word], [[AndroidDriver: chrome on ANDROID (62e88494c1dbcb366d86a4960534f35b)] -> xpath: .//word], [[AndroidDriver: chrome on ANDROID (62e88494c1dbcb366d86a4960534f35b)] -> xpath: .//word], [[AndroidDriver: chrome on ANDROID (62e88494c1dbcb366d86a4960534f35b)] -> xpath: .//word], [[AndroidDriver: chrome on ANDROID (62e88494c1dbcb366d86a4960534f35b)] -> xpath: .//word], [[AndroidDriver: chrome on ANDROID (62e88494c1dbcb366d86a4960534f35b)] -> xpath: .//word], [[AndroidDriver: chrome on ANDROID (62e88494c1dbcb366d86a4960534f35b)] -> xpath: .//word], [[AndroidDriver: chrome on ANDROID (62e88494c1dbcb366d86a4960534f35b)] -> xpath: .//word], [[AndroidDriver: chrome on ANDROID (62e88494c1dbcb366d86a4960534f35b)] -> xpath: .//word], [[AndroidDriver: chrome on ANDROID (62e88494c1dbcb366d86a4960534f35b)] -> xpath: .//word], [[AndroidDriver: chrome on ANDROID (62e88494c1dbcb366d86a4960534f35b)] -> xpath: .//word], [[AndroidDriver: chrome on ANDROID (62e88494c1dbcb366d86a4960534f35b)] -> xpath: .//word], [[AndroidDriver: chrome on ANDROID (62e88494c1dbcb366d86a4960534f35b)] -> xpath: .//word], [[AndroidDriver: chrome on ANDROID (62e88494c1dbcb366d86a4960534f35b)] -> xpath: .//word], [[AndroidDriver: chrome on ANDROID (62e88494c1dbcb366d86a4960534f35b)] -> xpath: .//word], [[AndroidDriver: chrome on ANDROID (62e88494c1dbcb366d86a4960534f35b)] -> xpath: .//word], [[AndroidDriver: chrome on ANDROID (62e88494c1dbcb366d86a4960534f35b)] -> xpath: .//word], [[AndroidDriver: chrome on ANDROID (62e88494c1dbcb366d86a4960534f35b)] -> xpath: .//word], [[AndroidDriver: chrome on ANDROID (62e88494c1dbcb366d86a4960534f35b)] -> xpath: .//word], [[AndroidDriver: chrome on ANDROID (62e88494c1dbcb366d86a4960534f35b)] -> xpath: .//word], [[AndroidDriver: chrome on ANDROID (62e88494c1dbcb366d86a4960534f35b)] -> xpath: .//word], [[AndroidDriver: chrome on ANDROID (62e88494c1dbcb366d86a4960534f35b)] -> xpath: .//word], [[AndroidDriver: chrome on ANDROID (62e88494c1dbcb366d86a4960534f35b)] -> xpath: .//word], [[AndroidDriver: chrome on ANDROID (62e88494c1dbcb366d86a4960534f35b)] -> xpath: .//word], [[AndroidDriver: chrome on ANDROID (62e88494c1dbcb366d86a4960534f35b)] -> xpath: .//word], [[AndroidDriver: chrome on ANDROID (62e88494c1dbcb366d86a4960534f35b)] -> xpath: .//word], [[AndroidDriver: chrome on ANDROID (62e88494c1dbcb366d86a4960534f35b)] -> xpath: .//word], [[AndroidDriver: chrome on ANDROID (62e88494c1dbcb366d86a4960534f35b)] -> xpath: .//word], [[AndroidDriver: chrome on ANDROID (62e88494c1dbcb366d86a4960534f35b)] -> xpath: .//word], [[AndroidDriver: chrome on ANDROID (62e88494c1dbcb366d86a4960534f35b)] -> xpath: .//word], [[AndroidDriver: chrome on ANDROID (62e88494c1dbcb366d86a4960534f35b)] -> xpath: .//word], [[AndroidDriver: chrome on ANDROID (62e88494c1dbcb366d86a4960534f35b)] -> xpath: .//word], [[AndroidDriver: chrome on ANDROID (62e88494c1dbcb366d86a4960534f35b)] -> xpath: .//word], [[AndroidDriver: chrome on ANDROID (62e88494c1dbcb366d86a4960534f35b)] -> xpath: .//word], [[AndroidDriver: chrome on ANDROID (62e88494c1dbcb366d86a4960534f35b)] -> xpath: .//word], [[AndroidDriver: chrome on ANDROID (62e88494c1dbcb366d86a4960534f35b)] -> xpath: .//word], [[AndroidDriver: chrome on ANDROID (62e88494c1dbcb366d86a4960534f35b)] -> xpath: .//word], [[AndroidDriver: chrome on ANDROID (62e88494c1dbcb366d86a4960534f35b)] -> xpath: .//word], [[AndroidDriver: chrome on ANDROID (62e88494c1dbcb366d86a4960534f35b)] -> xpath: .//word], [[AndroidDriver: chrome on ANDROID (62e88494c1dbcb366d86a4960534f35b)] -> xpath: .//word], [[AndroidDriver: chrome on ANDROID (62e88494c1dbcb366d86a4960534f35b)] -> xpath: .//word], [[AndroidDriver: chrome on ANDROID (62e88494c1dbcb366d86a4960534f35b)] -> xpath: .//word], [[AndroidDriver: chrome on ANDROID (62e88494c1dbcb366d86a4960534f35b)] -> xpath: .//word], [[AndroidDriver: chrome on ANDROID (62e88494c1dbcb366d86a4960534f35b)] -> xpath: .//word], [[AndroidDriver: chrome on ANDROID (62e88494c1dbcb366d86a4960534f35b)] -> xpath: .//word], [[AndroidDriver: chrome on ANDROID (62e88494c1dbcb366d86a4960534f35b)] -> xpath: .//word], [[AndroidDriver: chrome on ANDROID (62e88494c1dbcb366d86a4960534f35b)] -> xpath: .//word], [[AndroidDriver: chrome on ANDROID (62e88494c1dbcb366d86a4960534f35b)] -> xpath: .//word], [[AndroidDriver: chrome on ANDROID (62e88494c1dbcb366d86a4960534f35b)] -> xpath: .//word], [[AndroidDriver: chrome on ANDROID (62e88494c1dbcb366d86a4960534f35b)] -> xpath: .//word], [[AndroidDriver: chrome on ANDROID (62e88494c1dbcb366d86a4960534f35b)] -> xpath: .//word], [[AndroidDriver: chrome on ANDROID (62e88494c1dbcb366d86a4960534f35b)] -> xpath: .//word], [[AndroidDriver: chrome on ANDROID (62e88494c1dbcb366d86a4960534f35b)] -> xpath: .//word], [[AndroidDriver: chrome on ANDROID (62e88494c1dbcb366d86a4960534f35b)] -> xpath: .//word], [[AndroidDriver: chrome on ANDROID (62e88494c1dbcb366d86a4960534f35b)] -> xpath: .//word], [[AndroidDriver: chrome on ANDROID (62e88494c1dbcb366d86a4960534f35b)] -> xpath: .//word], [[AndroidDriver: chrome on ANDROID (62e88494c1dbcb366d86a4960534f35b)] -> xpath: .//word], [[AndroidDriver: chrome on ANDROID (62e88494c1dbcb366d86a4960534f35b)] -> xpath: .//word], [[AndroidDriver: chrome on ANDROID (62e88494c1dbcb366d86a4960534f35b)] -> xpath: .//word], [[AndroidDriver: chrome on ANDROID (62e88494c1dbcb366d86a4960534f35b)] -> xpath: .//word], [[AndroidDriver: chrome on ANDROID (62e88494c1dbcb366d86a4960534f35b)] -> xpath: .//word], [[AndroidDriver: chrome on ANDROID (62e88494c1dbcb366d86a4960534f35b)] -> xpath: .//word], [[AndroidDriver: chrome on ANDROID (62e88494c1dbcb366d86a4960534f35b)] -> xpath: .//word], [[AndroidDriver: chrome on ANDROID (62e88494c1dbcb366d86a4960534f35b)] -> xpath: .//word], [[AndroidDriver: chrome on ANDROID (62e88494c1dbcb366d86a4960534f35b)] -> xpath: .//word], [[AndroidDriver: chrome on ANDROID (62e88494c1dbcb366d86a4960534f35b)] -> xpath: .//word], [[AndroidDriver: chrome on ANDROID (62e88494c1dbcb366d86a4960534f35b)] -> xpath: .//word], [[AndroidDriver: chrome on ANDROID (62e88494c1dbcb366d86a4960534f35b)] -> xpath: .//word], [[AndroidDriver: chrome on ANDROID (62e88494c1dbcb366d86a4960534f35b)] -> xpath: .//word], [[AndroidDriver: chrome on ANDROID (62e88494c1dbcb366d86a4960534f35b)] -> xpath: .//word], [[AndroidDriver: chrome on ANDROID (62e88494c1dbcb366d86a4960534f35b)] -> xpath: .//word], [[AndroidDriver: chrome on ANDROID (62e88494c1dbcb366d86a4960534f35b)] -> xpath: .//word], [[AndroidDriver: chrome on ANDROID (62e88494c1dbcb366d86a4960534f35b)] -> xpath: .//word], [[AndroidDriver: chrome on ANDROID (62e88494c1dbcb366d86a4960534f35b)] -> xpath: .//word], [[AndroidDriver: chrome on ANDROID (62e88494c1dbcb366d86a4960534f35b)] -> xpath: .//word], [[AndroidDriver: chrome on ANDROID (62e88494c1dbcb366d86a4960534f35b)] -> xpath: .//word], [[AndroidDriver: chrome on ANDROID (62e88494c1dbcb366d86a4960534f35b)] -> xpath: .//word], [[AndroidDriver: chrome on ANDROID (62e88494c1dbcb366d86a4960534f35b)] -> xpath: .//word], [[AndroidDriver: chrome on ANDROID (62e88494c1dbcb366d86a4960534f35b)] -> xpath: .//word], [[AndroidDriver: chrome on ANDROID (62e88494c1dbcb366d86a4960534f35b)] -> xpath: .//word], [[AndroidDriver: chrome on ANDROID (62e88494c1dbcb366d86a4960534f35b)] -> xpath: .//word], [[AndroidDriver: chrome on ANDROID (62e88494c1dbcb366d86a4960534f35b)] -> xpath: .//word], [[AndroidDriver: chrome on ANDROID (62e88494c1dbcb366d86a4960534f35b)] -> xpath: .//word], [[AndroidDriver: chrome on ANDROID (62e88494c1dbcb366d86a4960534f35b)] -> xpath: .//word], [[AndroidDriver: chrome on ANDROID (62e88494c1dbcb366d86a4960534f35b)] -> xpath: .//word], [[AndroidDriver: chrome on ANDROID (62e88494c1dbcb366d86a4960534f35b)] -> xpath: .//word], [[AndroidDriver: chrome on ANDROID (62e88494c1dbcb366d86a4960534f35b)] -> xpath: .//word], [[AndroidDriver: chrome on ANDROID (62e88494c1dbcb366d86a4960534f35b)] -> xpath: .//word], [[AndroidDriver: chrome on ANDROID (62e88494c1dbcb366d86a4960534f35b)] -> xpath: .//word], [[AndroidDriver: chrome on ANDROID (62e88494c1dbcb366d86a4960534f35b)] -> xpath: .//word], [[AndroidDriver: chrome on ANDROID (62e88494c1dbcb366d86a4960534f35b)] -> xpath: .//word], [[AndroidDriver: chrome on ANDROID (62e88494c1dbcb366d86a4960534f35b)] -> xpath: .//word], [[AndroidDriver: chrome on ANDROID (62e88494c1dbcb366d86a4960534f35b)] -> xpath: .//word], [[AndroidDriver: chrome on ANDROID (62e88494c1dbcb366d86a4960534f35b)] -> xpath: .//word], [[AndroidDriver: chrome on ANDROID (62e88494c1dbcb366d86a4960534f35b)] -> xpath: .//word], [[AndroidDriver: chrome on ANDROID (62e88494c1dbcb366d86a4960534f35b)] -> xpath: .//word], [[AndroidDriver: chrome on ANDROID (62e88494c1dbcb366d86a4960534f35b)] -> xpath: .//word], [[AndroidDriver: chrome on ANDROID (62e88494c1dbcb366d86a4960534f35b)] -> xpath: .//word], [[AndroidDriver: chrome on ANDROID (62e88494c1dbcb366d86a4960534f35b)] -> xpath: .//word], [[AndroidDriver: chrome on ANDROID (62e88494c1dbcb366d86a4960534f35b)] -> xpath: .//word], [[AndroidDriver: chrome on ANDROID (62e88494c1dbcb366d86a4960534f35b)] -> xpath: .//word], [[AndroidDriver: chrome on ANDROID (62e88494c1dbcb366d86a4960534f35b)] -> xpath: .//word], [[AndroidDriver: chrome on ANDROID (62e88494c1dbcb366d86a4960534f35b)] -> xpath: .//word], [[AndroidDriver: chrome on ANDROID (62e88494c1dbcb366d86a4960534f35b)] -> xpath: .//word], [[AndroidDriver: chrome on ANDROID (62e88494c1dbcb366d86a4960534f35b)] -> xpath: .//word], [[AndroidDriver: chrome on ANDROID (62e88494c1dbcb366d86a4960534f35b)] -> xpath: .//word], [[AndroidDriver: chrome on ANDROID (62e88494c1dbcb366d86a4960534f35b)] -> xpath: .//word], [[AndroidDriver: chrome on ANDROID (62e88494c1dbcb366d86a4960534f35b)] -> xpath: .//word], [[AndroidDriver: chrome on ANDROID (62e88494c1dbcb366d86a4960534f35b)] -> xpath: .//word], [[AndroidDriver: chrome on ANDROID (62e88494c1dbcb366d86a4960534f35b)] -> xpath: .//word], [[AndroidDriver: chrome on ANDROID (62e88494c1dbcb366d86a4960534f35b)] -> xpath: .//word], [[AndroidDriver: chrome on ANDROID (62e88494c1dbcb366d86a4960534f35b)] -> xpath: .//word], [[AndroidDriver: chrome on ANDROID (62e88494c1dbcb366d86a4960534f35b)] -> xpath: .//word], [[AndroidDriver: chrome on ANDROID (62e88494c1dbcb366d86a4960534f35b)] -> xpath: .//word], [[AndroidDriver: chrome on ANDROID (62e88494c1dbcb366d86a4960534f35b)] -> xpath: .//word], [[AndroidDriver: chrome on ANDROID (62e88494c1dbcb366d86a4960534f35b)] -> xpath: .//word], [[AndroidDriver: chrome on ANDROID (62e88494c1dbcb366d86a4960534f35b)] -> xpath: .//word], [[AndroidDriver: chrome on ANDROID (62e88494c1dbcb366d86a4960534f35b)] -> xpath: .//word], [[AndroidDriver: chrome on ANDROID (62e88494c1dbcb366d86a4960534f35b)] -> xpath: .//word], [[AndroidDriver: chrome on ANDROID (62e88494c1dbcb366d86a4960534f35b)] -> xpath: .//word], [[AndroidDriver: chrome on ANDROID (62e88494c1dbcb366d86a4960534f35b)] -> xpath: .//word], [[AndroidDriver: chrome on ANDROID (62e88494c1dbcb366d86a4960534f35b)] -> xpath: .//word], [[AndroidDriver: chrome on ANDROID (62e88494c1dbcb366d86a4960534f35b)] -> xpath: .//word], [[AndroidDriver: chrome on ANDROID (62e88494c1dbcb366d86a4960534f35b)] -> xpath: .//word], [[AndroidDriver: chrome on ANDROID (62e88494c1dbcb366d86a4960534f35b)] -> xpath: .//word], [[AndroidDriver: chrome on ANDROID (62e88494c1dbcb366d86a4960534f35b)] -> xpath: .//word], [[AndroidDriver: chrome on ANDROID (62e88494c1dbcb366d86a4960534f35b)] -> xpath: .//word], [[AndroidDriver: chrome on ANDROID (62e88494c1dbcb366d86a4960534f35b)] -> xpath: .//word], [[AndroidDriver: chrome on ANDROID (62e88494c1dbcb366d86a4960534f35b)] -> xpath: .//word], [[AndroidDriver: chrome on ANDROID (62e88494c1dbcb366d86a4960534f35b)] -> xpath: .//word], [[AndroidDriver: chrome on ANDROID (62e88494c1dbcb366d86a4960534f35b)] -> xpath: .//word], [[AndroidDriver: chrome on ANDROID (62e88494c1dbcb366d86a4960534f35b)] -> xpath: .//word], [[AndroidDriver: chrome on ANDROID (62e88494c1dbcb366d86a4960534f35b)] -> xpath: .//word], [[AndroidDriver: chrome on ANDROID (62e88494c1dbcb366d86a4960534f35b)] -> xpath: .//word], [[AndroidDriver: chrome on ANDROID (62e88494c1dbcb366d86a4960534f35b)] -> xpath: .//word], [[AndroidDriver: chrome on ANDROID (62e88494c1dbcb366d86a4960534f35b)] -> xpath: .//word], [[AndroidDriver: chrome on ANDROID (62e88494c1dbcb366d86a4960534f35b)] -> xpath: .//word], [[AndroidDriver: chrome on ANDROID (62e88494c1dbcb366d86a4960534f35b)] -> xpath: .//word], [[AndroidDriver: chrome on ANDROID (62e88494c1dbcb366d86a4960534f35b)] -> xpath: .//word], [[AndroidDriver: chrome on ANDROID (62e88494c1dbcb366d86a4960534f35b)] -> xpath: .//word], [[AndroidDriver: chrome on ANDROID (62e88494c1dbcb366d86a4960534f35b)] -> xpath: .//word], [[AndroidDriver: chrome on ANDROID (62e88494c1dbcb366d86a4960534f35b)] -> xpath: .//word], [[AndroidDriver: chrome on ANDROID (62e88494c1dbcb366d86a4960534f35b)] -> xpath: .//word], [[AndroidDriver: chrome on ANDROID (62e88494c1dbcb366d86a4960534f35b)] -> xpath: .//word], [[AndroidDriver: chrome on ANDROID (62e88494c1dbcb366d86a4960534f35b)] -> xpath: .//word], [[AndroidDriver: chrome on ANDROID (62e88494c1dbcb366d86a4960534f35b)] -> xpath: .//word], [[AndroidDriver: chrome on ANDROID (62e88494c1dbcb366d86a4960534f35b)] -> xpath: .//word], [[AndroidDriver: chrome on ANDROID (62e88494c1dbcb366d86a4960534f35b)] -> xpath: .//word], [[AndroidDriver: chrome on ANDROID (62e88494c1dbcb366d86a4960534f35b)] -> xpath: .//word], [[AndroidDriver: chrome on ANDROID (62e88494c1dbcb366d86a4960534f35b)] -> xpath: .//word], [[AndroidDriver: chrome on ANDROID (62e88494c1dbcb366d86a4960534f35b)] -> xpath: .//word], [[AndroidDriver: chrome on ANDROID (62e88494c1dbcb366d86a4960534f35b)] -> xpath: .//word], [[AndroidDriver: chrome on ANDROID (62e88494c1dbcb366d86a4960534f35b)] -> xpath: .//word], [[AndroidDriver: chrome on ANDROID (62e88494c1dbcb366d86a4960534f35b)] -> xpath: .//word], [[AndroidDriver: chrome on ANDROID (62e88494c1dbcb366d86a4960534f35b)] -> xpath: .//word], [[AndroidDriver: chrome on ANDROID (62e88494c1dbcb366d86a4960534f35b)] -> xpath: .//word], [[AndroidDriver: chrome on ANDROID (62e88494c1dbcb366d86a4960534f35b)] -> xpath: .//word], [[AndroidDriver: chrome on ANDROID (62e88494c1dbcb366d86a4960534f35b)] -> xpath: .//word], [[AndroidDriver: chrome on ANDROID (62e88494c1dbcb366d86a4960534f35b)] -> xpath: .//word], [[AndroidDriver: chrome on ANDROID (62e88494c1dbcb366d86a4960534f35b)] -> xpath: .//word], [[AndroidDriver: chrome on ANDROID (62e88494c1dbcb366d86a4960534f35b)] -> xpath: .//word], [[AndroidDriver: chrome on ANDROID (62e88494c1dbcb366d86a4960534f35b)] -> xpath: .//word], [[AndroidDriver: chrome on ANDROID (62e88494c1dbcb366d86a4960534f35b)] -> xpath: .//word], [[AndroidDriver: chrome on ANDROID (62e88494c1dbcb366d86a4960534f35b)] -> xpath: .//word], [[AndroidDriver: chrome on ANDROID (62e88494c1dbcb366d86a4960534f35b)] -> xpath: .//word], [[AndroidDriver: chrome on ANDROID (62e88494c1dbcb366d86a4960534f35b)] -> xpath: .//word], [[AndroidDriver: chrome on ANDROID (62e88494c1dbcb366d86a4960534f35b)] -> xpath: .//word], [[AndroidDriver: chrome on ANDROID (62e88494c1dbcb366d86a4960534f35b)] -> xpath: .//word], [[AndroidDriver: chrome on ANDROID (62e88494c1dbcb366d86a4960534f35b)] -> xpath: .//word], [[AndroidDriver: chrome on ANDROID (62e88494c1dbcb366d86a4960534f35b)] -> xpath: .//word], [[AndroidDriver: chrome on ANDROID (62e88494c1dbcb366d86a4960534f35b)] -> xpath: .//word], [[AndroidDriver: chrome on ANDROID (62e88494c1dbcb366d86a4960534f35b)] -> xpath: .//word], [[AndroidDriver: chrome on ANDROID (62e88494c1dbcb366d86a4960534f35b)] -> xpath: .//word], [[AndroidDriver: chrome on ANDROID (62e88494c1dbcb366d86a4960534f35b)] -> xpath: .//word], [[AndroidDriver: chrome on ANDROID (62e88494c1dbcb366d86a4960534f35b)] -> xpath: .//word], [[AndroidDriver: chrome on ANDROID (62e88494c1dbcb366d86a4960534f35b)] -> xpath: .//word], [[AndroidDriver: chrome on ANDROID (62e88494c1dbcb366d86a4960534f35b)] -> xpath: .//word], [[AndroidDriver: chrome on ANDROID (62e88494c1dbcb366d86a4960534f35b)] -> xpath: .//word], [[AndroidDriver: chrome on ANDROID (62e88494c1dbcb366d86a4960534f35b)] -> xpath: .//word], [[AndroidDriver: chrome on ANDROID (62e88494c1dbcb366d86a4960534f35b)] -> xpath: .//word], [[AndroidDriver: chrome on ANDROID (62e88494c1dbcb366d86a4960534f35b)] -> xpath: .//word], [[AndroidDriver: chrome on ANDROID (62e88494c1dbcb366d86a4960534f35b)] -> xpath: .//word], [[AndroidDriver: chrome on ANDROID (62e88494c1dbcb366d86a4960534f35b)] -> xpath: .//word], [[AndroidDriver: chrome on ANDROID (62e88494c1dbcb366d86a4960534f35b)] -> xpath: .//word], [[AndroidDriver: chrome on ANDROID (62e88494c1dbcb366d86a4960534f35b)] -> xpath: .//word], [[AndroidDriver: chrome on ANDROID (62e88494c1dbcb366d86a4960534f35b)] -> xpath: .//word], [[AndroidDriver: chrome on ANDROID (62e88494c1dbcb366d86a4960534f35b)] -> xpath: .//word], [[AndroidDriver: chrome on ANDROID (62e88494c1dbcb366d86a4960534f35b)] -> xpath: .//word], [[AndroidDriver: chrome on ANDROID (62e88494c1dbcb366d86a4960534f35b)] -> xpath: .//word], [[AndroidDriver: chrome on ANDROID (62e88494c1dbcb366d86a4960534f35b)] -> xpath: .//word], [[AndroidDriver: chrome on ANDROID (62e88494c1dbcb366d86a4960534f35b)] -> xpath: .//word], [[AndroidDriver: chrome on ANDROID (62e88494c1dbcb366d86a4960534f35b)] -> xpath: .//word], [[AndroidDriver: chrome on ANDROID (62e88494c1dbcb366d86a4960534f35b)] -> xpath: .//word], [[AndroidDriver: chrome on ANDROID (62e88494c1dbcb366d86a4960534f35b)] -> xpath: .//word], [[AndroidDriver: chrome on ANDROID (62e88494c1dbcb366d86a4960534f35b)] -> xpath: .//word], [[AndroidDriver: chrome on ANDROID (62e88494c1dbcb366d86a4960534f35b)] -> xpath: .//word], [[AndroidDriver: chrome on ANDROID (62e88494c1dbcb366d86a4960534f35b)] -> xpath: .//word], [[AndroidDriver: chrome on ANDROID (62e88494c1dbcb366d86a4960534f35b)] -> xpath: .//word], [[AndroidDriver: chrome on ANDROID (62e88494c1dbcb366d86a4960534f35b)] -> xpath: .//word], [[AndroidDriver: chrome on ANDROID (62e88494c1dbcb366d86a4960534f35b)] -> xpath: .//word], [[AndroidDriver: chrome on ANDROID (62e88494c1dbcb366d86a4960534f35b)] -> xpath: .//word], [[AndroidDriver: chrome on ANDROID (62e88494c1dbcb366d86a4960534f35b)] -> xpath: .//word], [[AndroidDriver: chrome on ANDROID (62e88494c1dbcb366d86a4960534f35b)] -> xpath: .//word], [[AndroidDriver: chrome on ANDROID (62e88494c1dbcb366d86a4960534f35b)] -> xpath: .//word], [[AndroidDriver: chrome on ANDROID (62e88494c1dbcb366d86a4960534f35b)] -> xpath: .//word], [[AndroidDriver: chrome on ANDROID (62e88494c1dbcb366d86a4960534f35b)] -> xpath: .//word], [[AndroidDriver: chrome on ANDROID (62e88494c1dbcb366d86a4960534f35b)] -> xpath: .//word], [[AndroidDriver: chrome on ANDROID (62e88494c1dbcb366d86a4960534f35b)] -> xpath: .//word], [[AndroidDriver: chrome on ANDROID (62e88494c1dbcb366d86a4960534f35b)] -> xpath: .//word], [[AndroidDriver: chrome on ANDROID (62e88494c1dbcb366d86a4960534f35b)] -> xpath: .//word], [[AndroidDriver: chrome on ANDROID (62e88494c1dbcb366d86a4960534f35b)] -> xpath: .//word], [[AndroidDriver: chrome on ANDROID (62e88494c1dbcb366d86a4960534f35b)] -> xpath: .//word], [[AndroidDriver: chrome on ANDROID (62e88494c1dbcb366d86a4960534f35b)] -> xpath: .//word], [[AndroidDriver: chrome on ANDROID (62e88494c1dbcb366d86a4960534f35b)] -> xpath: .//word], [[AndroidDriver: chrome on ANDROID (62e88494c1dbcb366d86a4960534f35b)] -> xpath: .//word], [[AndroidDriver: chrome on ANDROID (62e88494c1dbcb366d86a4960534f35b)] -> xpath: .//word], [[AndroidDriver: chrome on ANDROID (62e88494c1dbcb366d86a4960534f35b)] -> xpath: .//word], [[AndroidDriver: chrome on ANDROID (62e88494c1dbcb366d86a4960534f35b)] -> xpath: .//word], [[AndroidDriver: chrome on ANDROID (62e88494c1dbcb366d86a4960534f35b)] -> xpath: .//word], [[AndroidDriver: chrome on ANDROID (62e88494c1dbcb366d86a4960534f35b)] -> xpath: .//word], [[AndroidDriver: chrome on ANDROID (62e88494c1dbcb366d86a4960534f35b)] -> xpath: .//word], [[AndroidDriver: chrome on ANDROID (62e88494c1dbcb366d86a4960534f35b)] -> xpath: .//word], [[AndroidDriver: chrome on ANDROID (62e88494c1dbcb366d86a4960534f35b)] -> xpath: .//word], [[AndroidDriver: chrome on ANDROID (62e88494c1dbcb366d86a4960534f35b)] -> xpath: .//word], [[AndroidDriver: chrome on ANDROID (62e88494c1dbcb366d86a4960534f35b)] -> xpath: .//word], [[AndroidDriver: chrome on ANDROID (62e88494c1dbcb366d86a4960534f35b)] -> xpath: .//word], [[AndroidDriver: chrome on ANDROID (62e88494c1dbcb366d86a4960534f35b)] -> xpath: .//word], [[AndroidDriver: chrome on ANDROID (62e88494c1dbcb366d86a4960534f35b)] -> xpath: .//word], [[AndroidDriver: chrome on ANDROID (62e88494c1dbcb366d86a4960534f35b)] -> xpath: .//word], [[AndroidDriver: chrome on ANDROID (62e88494c1dbcb366d86a4960534f35b)] -> xpath: .//word], [[AndroidDriver: chrome on ANDROID (62e88494c1dbcb366d86a4960534f35b)] -> xpath: .//word], [[AndroidDriver: chrome on ANDROID (62e88494c1dbcb366d86a4960534f35b)] -> xpath: .//word], [[AndroidDriver: chrome on ANDROID (62e88494c1dbcb366d86a4960534f35b)] -> xpath: .//word], [[AndroidDriver: chrome on ANDROID (62e88494c1dbcb366d86a4960534f35b)] -> xpath: .//word], [[AndroidDriver: chrome on ANDROID (62e88494c1dbcb366d86a4960534f35b)] -> xpath: .//word], [[AndroidDriver: chrome on ANDROID (62e88494c1dbcb366d86a4960534f35b)] -> xpath: .//word], [[AndroidDriver: chrome on ANDROID (62e88494c1dbcb366d86a4960534f35b)] -> xpath: .//word], [[AndroidDriver: chrome on ANDROID (62e88494c1dbcb366d86a4960534f35b)] -> xpath: .//word], [[AndroidDriver: chrome on ANDROID (62e88494c1dbcb366d86a4960534f35b)] -> xpath: .//word], [[AndroidDriver: chrome on ANDROID (62e88494c1dbcb366d86a4960534f35b)] -> xpath: .//word], [[AndroidDriver: chrome on ANDROID (62e88494c1dbcb366d86a4960534f35b)] -> xpath: .//word], [[AndroidDriver: chrome on ANDROID (62e88494c1dbcb366d86a4960534f35b)] -> xpath: .//word], [[AndroidDriver: chrome on ANDROID (62e88494c1dbcb366d86a4960534f35b)] -> xpath: .//word], [[AndroidDriver: chrome on ANDROID (62e88494c1dbcb366d86a4960534f35b)] -> xpath: .//word], [[AndroidDriver: chrome on ANDROID (62e88494c1dbcb366d86a4960534f35b)] -> xpath: .//word], [[AndroidDriver: chrome on ANDROID (62e88494c1dbcb366d86a4960534f35b)] -> xpath: .//word], [[AndroidDriver: chrome on ANDROID (62e88494c1dbcb366d86a4960534f35b)] -> xpath: .//word], [[AndroidDriver: chrome on ANDROID (62e88494c1dbcb366d86a4960534f35b)] -> xpath: .//word], [[AndroidDriver: chrome on ANDROID (62e88494c1dbcb366d86a4960534f35b)] -> xpath: .//word], [[AndroidDriver: chrome on ANDROID (62e88494c1dbcb366d86a4960534f35b)] -> xpath: .//word], [[AndroidDriver: chrome on ANDROID (62e88494c1dbcb366d86a4960534f35b)] -> xpath: .//word], [[AndroidDriver: chrome on ANDROID (62e88494c1dbcb366d86a4960534f35b)] -> xpath: .//word], [[AndroidDriver: chrome on ANDROID (62e88494c1dbcb366d86a4960534f35b)] -> xpath: .//word], [[AndroidDriver: chrome on ANDROID (62e88494c1dbcb366d86a4960534f35b)] -> xpath: .//word], [[AndroidDriver: chrome on ANDROID (62e88494c1dbcb366d86a4960534f35b)] -> xpath: .//word], [[AndroidDriver: chrome on ANDROID (62e88494c1dbcb366d86a4960534f35b)] -> xpath: .//word], [[AndroidDriver: chrome on ANDROID (62e88494c1dbcb366d86a4960534f35b)] -> xpath: .//word], [[AndroidDriver: chrome on ANDROID (62e88494c1dbcb366d86a4960534f35b)] -> xpath: .//word], [[AndroidDriver: chrome on ANDROID (62e88494c1dbcb366d86a4960534f35b)] -> xpath: .//word], [[AndroidDriver: chrome on ANDROID (62e88494c1dbcb366d86a4960534f35b)] -> xpath: .//word], [[AndroidDriver: chrome on ANDROID (62e88494c1dbcb366d86a4960534f35b)] -> xpath: .//word], [[AndroidDriver: chrome on ANDROID (62e88494c1dbcb366d86a4960534f35b)] -> xpath: .//word], [[AndroidDriver: chrome on ANDROID (62e88494c1dbcb366d86a4960534f35b)] -> xpath: .//word], [[AndroidDriver: chrome on ANDROID (62e88494c1dbcb366d86a4960534f35b)] -> xpath: .//word], [[AndroidDriver: chrome on ANDROID (62e88494c1dbcb366d86a4960534f35b)] -> xpath: .//word], [[AndroidDriver: chrome on ANDROID (62e88494c1dbcb366d86a4960534f35b)] -> xpath: .//word], [[AndroidDriver: chrome on ANDROID (62e88494c1dbcb366d86a4960534f35b)] -> xpath: .//word], [[AndroidDriver: chrome on ANDROID (62e88494c1dbcb366d86a4960534f35b)] -> xpath: .//word], [[AndroidDriver: chrome on ANDROID (62e88494c1dbcb366d86a4960534f35b)] -> xpath: .//word], [[AndroidDriver: chrome on ANDROID (62e88494c1dbcb366d86a4960534f35b)] -> xpath: .//word], [[AndroidDriver: chrome on ANDROID (62e88494c1dbcb366d86a4960534f35b)] -> xpath: .//word], [[AndroidDriver: chrome on ANDROID (62e88494c1dbcb366d86a4960534f35b)] -> xpath: .//word], [[AndroidDriver: chrome on ANDROID (62e88494c1dbcb366d86a4960534f35b)] -> xpath: .//word], [[AndroidDriver: chrome on ANDROID (62e88494c1dbcb366d86a4960534f35b)] -> xpath: .//word], [[AndroidDriver: chrome on ANDROID (62e88494c1dbcb366d86a4960534f35b)] -> xpath: .//word], [[AndroidDriver: chrome on ANDROID (62e88494c1dbcb366d86a4960534f35b)] -> xpath: .//word], [[AndroidDriver: chrome on ANDROID (62e88494c1dbcb366d86a4960534f35b)] -> xpath: .//word], [[AndroidDriver: chrome on ANDROID (62e88494c1dbcb366d86a4960534f35b)] -> xpath: .//word], [[AndroidDriver: chrome on ANDROID (62e88494c1dbcb366d86a4960534f35b)] -> xpath: .//word], [[AndroidDriver: chrome on ANDROID (62e88494c1dbcb366d86a4960534f35b)] -> xpath: .//word], [[AndroidDriver: chrome on ANDROID (62e88494c1dbcb366d86a4960534f35b)] -> xpath: .//word], [[AndroidDriver: chrome on ANDROID (62e88494c1dbcb366d86a4960534f35b)] -> xpath: .//word], [[AndroidDriver: chrome on ANDROID (62e88494c1dbcb366d86a4960534f35b)] -> xpath: .//word], [[AndroidDriver: chrome on ANDROID (62e88494c1dbcb366d86a4960534f35b)] -> xpath: .//word], [[AndroidDriver: chrome on ANDROID (62e88494c1dbcb366d86a4960534f35b)] -> xpath: .//word], [[AndroidDriver: chrome on ANDROID (62e88494c1dbcb366d86a4960534f35b)] -> xpath: .//word], [[AndroidDriver: chrome on ANDROID (62e88494c1dbcb366d86a4960534f35b)] -> xpath: .//word], [[AndroidDriver: chrome on ANDROID (62e88494c1dbcb366d86a4960534f35b)] -> xpath: .//word], [[AndroidDriver: chrome on ANDROID (62e88494c1dbcb366d86a4960534f35b)] -> xpath: .//word], [[AndroidDriver: chrome on ANDROID (62e88494c1dbcb366d86a4960534f35b)] -> xpath: .//word], [[AndroidDriver: chrome on ANDROID (62e88494c1dbcb366d86a4960534f35b)] -> xpath: .//word], [[AndroidDriver: chrome on ANDROID (62e88494c1dbcb366d86a4960534f35b)] -> xpath: .//word], [[AndroidDriver: chrome on ANDROID (62e88494c1dbcb366d86a4960534f35b)] -> xpath: .//word], [[AndroidDriver: chrome on ANDROID (62e88494c1dbcb366d86a4960534f35b)] -> xpath: .//word], [[AndroidDriver: chrome on ANDROID (62e88494c1dbcb366d86a4960534f35b)] -> xpath: .//word], [[AndroidDriver: chrome on ANDROID (62e88494c1dbcb366d86a4960534f35b)] -> xpath: .//word], [[AndroidDriver: chrome on ANDROID (62e88494c1dbcb366d86a4960534f35b)] -> xpath: .//word], [[AndroidDriver: chrome on ANDROID (62e88494c1dbcb366d86a4960534f35b)] -> xpath: .//word], [[AndroidDriver: chrome on ANDROID (62e88494c1dbcb366d86a4960534f35b)] -> xpath: .//word], [[AndroidDriver: chrome on ANDROID (62e88494c1dbcb366d86a4960534f35b)] -> xpath: .//word], [[AndroidDriver: chrome on ANDROID (62e88494c1dbcb366d86a4960534f35b)] -> xpath: .//word], [[AndroidDriver: chrome on ANDROID (62e88494c1dbcb366d86a4960534f35b)] -> xpath: .//word], [[AndroidDriver: chrome on ANDROID (62e88494c1dbcb366d86a4960534f35b)] -> xpath: .//word], [[AndroidDriver: chrome on ANDROID (62e88494c1dbcb366d86a4960534f35b)] -> xpath: .//word], [[AndroidDriver: chrome on ANDROID (62e88494c1dbcb366d86a4960534f35b)] -> xpath: .//word], [[AndroidDriver: chrome on ANDROID (62e88494c1dbcb366d86a4960534f35b)] -> xpath: .//word], [[AndroidDriver: chrome on ANDROID (62e88494c1dbcb366d86a4960534f35b)] -> xpath: .//word], [[AndroidDriver: chrome on ANDROID (62e88494c1dbcb366d86a4960534f35b)] -> xpath: .//word], [[AndroidDriver: chrome on ANDROID (62e88494c1dbcb366d86a4960534f35b)] -> xpath: .//word], [[AndroidDriver: chrome on ANDROID (62e88494c1dbcb366d86a4960534f35b)] -> xpath: .//word], [[AndroidDriver: chrome on ANDROID (62e88494c1dbcb366d86a4960534f35b)] -> xpath: .//word], [[AndroidDriver: chrome on ANDROID (62e88494c1dbcb366d86a4960534f35b)] -> xpath: .//word], [[AndroidDriver: chrome on ANDROID (62e88494c1dbcb366d86a4960534f35b)] -> xpath: .//word], [[AndroidDriver: chrome on ANDROID (62e88494c1dbcb366d86a4960534f35b)] -> xpath: .//word], [[AndroidDriver: chrome on ANDROID (62e88494c1dbcb366d86a4960534f35b)] -> xpath: .//word], [[AndroidDriver: chrome on ANDROID (62e88494c1dbcb366d86a4960534f35b)] -> xpath: .//word], [[AndroidDriver: chrome on ANDROID (62e88494c1dbcb366d86a4960534f35b)] -> xpath: .//word], [[AndroidDriver: chrome on ANDROID (62e88494c1dbcb366d86a4960534f35b)] -> xpath: .//word], [[AndroidDriver: chrome on ANDROID (62e88494c1dbcb366d86a4960534f35b)] -> xpath: .//word], [[AndroidDriver: chrome on ANDROID (62e88494c1dbcb366d86a4960534f35b)] -> xpath: .//word], [[AndroidDriver: chrome on ANDROID (62e88494c1dbcb366d86a4960534f35b)] -> xpath: .//word], [[AndroidDriver: chrome on ANDROID (62e88494c1dbcb366d86a4960534f35b)] -> xpath: .//word], [[AndroidDriver: chrome on ANDROID (62e88494c1dbcb366d86a4960534f35b)] -> xpath: .//word], [[AndroidDriver: chrome on ANDROID (62e88494c1dbcb366d86a4960534f35b)] -> xpath: .//word], [[AndroidDriver: chrome on ANDROID (62e88494c1dbcb366d86a4960534f35b)] -> xpath: .//word], [[AndroidDriver: chrome on ANDROID (62e88494c1dbcb366d86a4960534f35b)] -> xpath: .//word], [[AndroidDriver: chrome on ANDROID (62e88494c1dbcb366d86a4960534f35b)] -> xpath: .//word], [[AndroidDriver: chrome on ANDROID (62e88494c1dbcb366d86a4960534f35b)] -> xpath: .//word], [[AndroidDriver: chrome on ANDROID (62e88494c1dbcb366d86a4960534f35b)] -> xpath: .//word], [[AndroidDriver: chrome on ANDROID (62e88494c1dbcb366d86a4960534f35b)] -> xpath: .//word], [[AndroidDriver: chrome on ANDROID (62e88494c1dbcb366d86a4960534f35b)] -> xpath: .//word], [[AndroidDriver: chrome on ANDROID (62e88494c1dbcb366d86a4960534f35b)] -> xpath: .//word], [[AndroidDriver: chrome on ANDROID (62e88494c1dbcb366d86a4960534f35b)] -> xpath: .//word], [[AndroidDriver: chrome on ANDROID (62e88494c1dbcb366d86a4960534f35b)] -> xpath: .//word], [[AndroidDriver: chrome on ANDROID (62e88494c1dbcb366d86a4960534f35b)] -> xpath: .//word], [[AndroidDriver: chrome on ANDROID (62e88494c1dbcb366d86a4960534f35b)] -> xpath: .//word], [[AndroidDriver: chrome on ANDROID (62e88494c1dbcb366d86a4960534f35b)] -> xpath: .//word], [[AndroidDriver: chrome on ANDROID (62e88494c1dbcb366d86a4960534f35b)] -> xpath: .//word], [[AndroidDriver: chrome on ANDROID (62e88494c1dbcb366d86a4960534f35b)] -> xpath: .//word], [[AndroidDriver: chrome on ANDROID (62e88494c1dbcb366d86a4960534f35b)] -> xpath: .//word], [[AndroidDriver: chrome on ANDROID (62e88494c1dbcb366d86a4960534f35b)] -> xpath: .//word], [[AndroidDriver: chrome on ANDROID (62e88494c1dbcb366d86a4960534f35b)] -> xpath: .//word], [[AndroidDriver: chrome on ANDROID (62e88494c1dbcb366d86a4960534f35b)] -> xpath: .//word], [[AndroidDriver: chrome on ANDROID (62e88494c1dbcb366d86a4960534f35b)] -> xpath: .//word], [[AndroidDriver: chrome on ANDROID (62e88494c1dbcb366d86a4960534f35b)] -> xpath: .//word], [[AndroidDriver: chrome on ANDROID (62e88494c1dbcb366d86a4960534f35b)] -> xpath: .//word], [[AndroidDriver: chrome on ANDROID (62e88494c1dbcb366d86a4960534f35b)] -> xpath: .//word], [[AndroidDriver: chrome on ANDROID (62e88494c1dbcb366d86a4960534f35b)] -> xpath: .//word], [[AndroidDriver: chrome on ANDROID (62e88494c1dbcb366d86a4960534f35b)] -> xpath: .//word], [[AndroidDriver: chrome on ANDROID (62e88494c1dbcb366d86a4960534f35b)] -> xpath: .//word], [[AndroidDriver: chrome on ANDROID (62e88494c1dbcb366d86a4960534f35b)] -> xpath: .//word], [[AndroidDriver: chrome on ANDROID (62e88494c1dbcb366d86a4960534f35b)] -> xpath: .//word], [[AndroidDriver: chrome on ANDROID (62e88494c1dbcb366d86a4960534f35b)] -> xpath: .//word], [[AndroidDriver: chrome on ANDROID (62e88494c1dbcb366d86a4960534f35b)] -> xpath: .//word], [[AndroidDriver: chrome on ANDROID (62e88494c1dbcb366d86a4960534f35b)] -> xpath: .//word], [[AndroidDriver: chrome on ANDROID (62e88494c1dbcb366d86a4960534f35b)] -> xpath: .//word], [[AndroidDriver: chrome on ANDROID (62e88494c1dbcb366d86a4960534f35b)] -> xpath: .//word], [[AndroidDriver: chrome on ANDROID (62e88494c1dbcb366d86a4960534f35b)] -> xpath: .//word], [[AndroidDriver: chrome on ANDROID (62e88494c1dbcb366d86a4960534f35b)] -> xpath: .//word], [[AndroidDriver: chrome on ANDROID (62e88494c1dbcb366d86a4960534f35b)] -> xpath: .//word], [[AndroidDriver: chrome on ANDROID (62e88494c1dbcb366d86a4960534f35b)] -> xpath: .//word], [[AndroidDriver: chrome on ANDROID (62e88494c1dbcb366d86a4960534f35b)] -> xpath: .//word], [[AndroidDriver: chrome on ANDROID (62e88494c1dbcb366d86a4960534f35b)] -> xpath: .//word], [[AndroidDriver: chrome on ANDROID (62e88494c1dbcb366d86a4960534f35b)] -> xpath: .//word], [[AndroidDriver: chrome on ANDROID (62e88494c1dbcb366d86a4960534f35b)] -> xpath: .//word], [[AndroidDriver: chrome on ANDROID (62e88494c1dbcb366d86a4960534f35b)] -> xpath: .//word], [[AndroidDriver: chrome on ANDROID (62e88494c1dbcb366d86a4960534f35b)] -> xpath: .//word], [[AndroidDriver: chrome on ANDROID (62e88494c1dbcb366d86a4960534f35b)] -> xpath: .//word], [[AndroidDriver: chrome on ANDROID (62e88494c1dbcb366d86a4960534f35b)] -> xpath: .//word], [[AndroidDriver: chrome on ANDROID (62e88494c1dbcb366d86a4960534f35b)] -> xpath: .//word], [[AndroidDriver: chrome on ANDROID (62e88494c1dbcb366d86a4960534f35b)] -> xpath: .//word], [[AndroidDriver: chrome on ANDROID (62e88494c1dbcb366d86a4960534f35b)] -> xpath: .//word], [[AndroidDriver: chrome on ANDROID (62e88494c1dbcb366d86a4960534f35b)] -> xpath: .//word], [[AndroidDriver: chrome on ANDROID (62e88494c1dbcb366d86a4960534f35b)] -> xpath: .//word], [[AndroidDriver: chrome on ANDROID (62e88494c1dbcb366d86a4960534f35b)] -> xpath: .//word], [[AndroidDriver: chrome on ANDROID (62e88494c1dbcb366d86a4960534f35b)] -> xpath: .//word], [[AndroidDriver: chrome on ANDROID (62e88494c1dbcb366d86a4960534f35b)] -> xpath: .//word], [[AndroidDriver: chrome on ANDROID (62e88494c1dbcb366d86a4960534f35b)] -> xpath: .//word], [[AndroidDriver: chrome on ANDROID (62e88494c1dbcb366d86a4960534f35b)] -> xpath: .//word], [[AndroidDriver: chrome on ANDROID (62e88494c1dbcb366d86a4960534f35b)] -> xpath: .//word], [[AndroidDriver: chrome on ANDROID (62e88494c1dbcb366d86a4960534f35b)] -> xpath: .//word], [[AndroidDriver: chrome on ANDROID (62e88494c1dbcb366d86a4960534f35b)] -> xpath: .//word], [[AndroidDriver: chrome on ANDROID (62e88494c1dbcb366d86a4960534f35b)] -> xpath: .//word], [[AndroidDriver: chrome on ANDROID (62e88494c1dbcb366d86a4960534f35b)] -> xpath: .//word], [[AndroidDriver: chrome on ANDROID (62e88494c1dbcb366d86a4960534f35b)] -> xpath: .//word], [[AndroidDriver: chrome on ANDROID (62e88494c1dbcb366d86a4960534f35b)] -> xpath: .//word], [[AndroidDriver: chrome on ANDROID (62e88494c1dbcb366d86a4960534f35b)] -> xpath: .//word], [[AndroidDriver: chrome on ANDROID (62e88494c1dbcb366d86a4960534f35b)] -> xpath: .//word], [[AndroidDriver: chrome on ANDROID (62e88494c1dbcb366d86a4960534f35b)] -> xpath: .//word], [[AndroidDriver: chrome on ANDROID (62e88494c1dbcb366d86a4960534f35b)] -> xpath: .//word], [[AndroidDriver: chrome on ANDROID (62e88494c1dbcb366d86a4960534f35b)] -> xpath: .//word], [[AndroidDriver: chrome on ANDROID (62e88494c1dbcb366d86a4960534f35b)] -> xpath: .//word], [[AndroidDriver: chrome on ANDROID (62e88494c1dbcb366d86a4960534f35b)] -> xpath: .//word], [[AndroidDriver: chrome on ANDROID (62e88494c1dbcb366d86a4960534f35b)] -> xpath: .//word], [[AndroidDriver: chrome on ANDROID (62e88494c1dbcb366d86a4960534f35b)] -> xpath: .//word], [[AndroidDriver: chrome on ANDROID (62e88494c1dbcb366d86a4960534f35b)] -> xpath: .//word], [[AndroidDriver: chrome on ANDROID (62e88494c1dbcb366d86a4960534f35b)] -> xpath: .//word], [[AndroidDriver: chrome on ANDROID (62e88494c1dbcb366d86a4960534f35b)] -> xpath: .//word], [[AndroidDriver: chrome on ANDROID (62e88494c1dbcb366d86a4960534f35b)] -> xpath: .//word], [[AndroidDriver: chrome on ANDROID (62e88494c1dbcb366d86a4960534f35b)] -> xpath: .//word], [[AndroidDriver: chrome on ANDROID (62e88494c1dbcb366d86a4960534f35b)] -> xpath: .//word], [[AndroidDriver: chrome on ANDROID (62e88494c1dbcb366d86a4960534f35b)] -> xpath: .//word], [[AndroidDriver: chrome on ANDROID (62e88494c1dbcb366d86a4960534f35b)] -> xpath: .//word], [[AndroidDriver: chrome on ANDROID (62e88494c1dbcb366d86a4960534f35b)] -> xpath: .//word], [[AndroidDriver: chrome on ANDROID (62e88494c1dbcb366d86a4960534f35b)] -> xpath: .//word], [[AndroidDriver: chrome on ANDROID (62e88494c1dbcb366d86a4960534f35b)] -> xpath: .//word], [[AndroidDriver: chrome on ANDROID (62e88494c1dbcb366d86a4960534f35b)] -> xpath: .//word], [[AndroidDriver: chrome on ANDROID (62e88494c1dbcb366d86a4960534f35b)] -> xpath: .//word], [[AndroidDriver: chrome on ANDROID (62e88494c1dbcb366d86a4960534f35b)] -> xpath: .//word], [[AndroidDriver: chrome on ANDROID (62e88494c1dbcb366d86a4960534f35b)] -> xpath: .//word], [[AndroidDriver: chrome on ANDROID (62e88494c1dbcb366d86a4960534f35b)] -> xpath: .//word], [[AndroidDriver: chrome on ANDROID (62e88494c1dbcb366d86a4960534f35b)] -> xpath: .//word], [[AndroidDriver: chrome on ANDROID (62e88494c1dbcb366d86a4960534f35b)] -> xpath: .//word], [[AndroidDriver: chrome on ANDROID (62e88494c1dbcb366d86a4960534f35b)] -> xpath: .//word], [[AndroidDriver: chrome on ANDROID (62e88494c1dbcb366d86a4960534f35b)] -> xpath: .//word], [[AndroidDriver: chrome on ANDROID (62e88494c1dbcb366d86a4960534f35b)] -> xpath: .//word], [[AndroidDriver: chrome on ANDROID (62e88494c1dbcb366d86a4960534f35b)] -> xpath: .//word], [[AndroidDriver: chrome on ANDROID (62e88494c1dbcb366d86a4960534f35b)] -> xpath: .//word], [[AndroidDriver: chrome on ANDROID (62e88494c1dbcb366d86a4960534f35b)] -> xpath: .//word], [[AndroidDriver: chrome on ANDROID (62e88494c1dbcb366d86a4960534f35b)] -> xpath: .//word], [[AndroidDriver: chrome on ANDROID (62e88494c1dbcb366d86a4960534f35b)] -> xpath: .//word], [[AndroidDriver: chrome on ANDROID (62e88494c1dbcb366d86a4960534f35b)] -> xpath: .//word], [[AndroidDriver: chrome on ANDROID (62e88494c1dbcb366d86a4960534f35b)] -> xpath: .//word], [[AndroidDriver: chrome on ANDROID (62e88494c1dbcb366d86a4960534f35b)] -> xpath: .//word], [[AndroidDriver: chrome on ANDROID (62e88494c1dbcb366d86a4960534f35b)] -> xpath: .//word], [[AndroidDriver: chrome on ANDROID (62e88494c1dbcb366d86a4960534f35b)] -> xpath: .//word], [[AndroidDriver: chrome on ANDROID (62e88494c1dbcb366d86a4960534f35b)] -> xpath: .//word], [[AndroidDriver: chrome on ANDROID (62e88494c1dbcb366d86a4960534f35b)] -> xpath: .//word], [[AndroidDriver: chrome on ANDROID (62e88494c1dbcb366d86a4960534f35b)] -> xpath: .//word], [[AndroidDriver: chrome on ANDROID (62e88494c1dbcb366d86a4960534f35b)] -> xpath: .//word], [[AndroidDriver: chrome on ANDROID (62e88494c1dbcb366d86a4960534f35b)] -> xpath: .//word], [[AndroidDriver: chrome on ANDROID (62e88494c1dbcb366d86a4960534f35b)] -> xpath: .//word], [[AndroidDriver: chrome on ANDROID (62e88494c1dbcb366d86a4960534f35b)] -> xpath: .//word], [[AndroidDriver: chrome on ANDROID (62e88494c1dbcb366d86a4960534f35b)] -> xpath: .//word], [[AndroidDriver: chrome on ANDROID (62e88494c1dbcb366d86a4960534f35b)] -> xpath: .//word], [[AndroidDriver: chrome on ANDROID (62e88494c1dbcb366d86a4960534f35b)] -> xpath: .//word], [[AndroidDriver: chrome on ANDROID (62e88494c1dbcb366d86a4960534f35b)] -> xpath: .//word], [[AndroidDriver: chrome on ANDROID (62e88494c1dbcb366d86a4960534f35b)] -> xpath: .//word], [[AndroidDriver: chrome on ANDROID (62e88494c1dbcb366d86a4960534f35b)] -> xpath: .//word], [[AndroidDriver: chrome on ANDROID (62e88494c1dbcb366d86a4960534f35b)] -> xpath: .//word], [[AndroidDriver: chrome on ANDROID (62e88494c1dbcb366d86a4960534f35b)] -> xpath: .//word], [[AndroidDriver: chrome on ANDROID (62e88494c1dbcb366d86a4960534f35b)] -> xpath: .//word], [[AndroidDriver: chrome on ANDROID (62e88494c1dbcb366d86a4960534f35b)] -> xpath: .//word], [[AndroidDriver: chrome on ANDROID (62e88494c1dbcb366d86a4960534f35b)] -> xpath: .//word], [[AndroidDriver: chrome on ANDROID (62e88494c1dbcb366d86a4960534f35b)] -> xpath: .//word], [[AndroidDriver: chrome on ANDROID (62e88494c1dbcb366d86a4960534f35b)] -> xpath: .//word], [[AndroidDriver: chrome on ANDROID (62e88494c1dbcb366d86a4960534f35b)] -> xpath: .//word], [[AndroidDriver: chrome on ANDROID (62e88494c1dbcb366d86a4960534f35b)] -> xpath: .//word], [[AndroidDriver: chrome on ANDROID (62e88494c1dbcb366d86a4960534f35b)] -> xpath: .//word], [[AndroidDriver: chrome on ANDROID (62e88494c1dbcb366d86a4960534f35b)] -> xpath: .//word], [[AndroidDriver: chrome on ANDROID (62e88494c1dbcb366d86a4960534f35b)] -> xpath: .//word], [[AndroidDriver: chrome on ANDROID (62e88494c1dbcb366d86a4960534f35b)] -> xpath: .//word], [[AndroidDriver: chrome on ANDROID (62e88494c1dbcb366d86a4960534f35b)] -> xpath: .//word], [[AndroidDriver: chrome on ANDROID (62e88494c1dbcb366d86a4960534f35b)] -> xpath: .//word], [[AndroidDriver: chrome on ANDROID (62e88494c1dbcb366d86a4960534f35b)] -> xpath: .//word], [[AndroidDriver: chrome on ANDROID (62e88494c1dbcb366d86a4960534f35b)] -> xpath: .//word], [[AndroidDriver: chrome on ANDROID (62e88494c1dbcb366d86a4960534f35b)] -> xpath: .//word], [[AndroidDriver: chrome on ANDROID (62e88494c1dbcb366d86a4960534f35b)] -> xpath: .//word], [[AndroidDriver: chrome on ANDROID (62e88494c1dbcb366d86a4960534f35b)] -> xpath: .//word], [[AndroidDriver: chrome on ANDROID (62e88494c1dbcb366d86a4960534f35b)] -> xpath: .//word], [[AndroidDriver: chrome on ANDROID (62e88494c1dbcb366d86a4960534f35b)] -> xpath: .//word], [[AndroidDriver: chrome on ANDROID (62e88494c1dbcb366d86a4960534f35b)] -> xpath: .//word], [[AndroidDriver: chrome on ANDROID (62e88494c1dbcb366d86a4960534f35b)] -> xpath: .//word], [[AndroidDriver: chrome on ANDROID (62e88494c1dbcb366d86a4960534f35b)] -> xpath: .//word], [[AndroidDriver: chrome on ANDROID (62e88494c1dbcb366d86a4960534f35b)] -> xpath: .//word], [[AndroidDriver: chrome on ANDROID (62e88494c1dbcb366d86a4960534f35b)] -> xpath: .//word], [[AndroidDriver: chrome on ANDROID (62e88494c1dbcb366d86a4960534f35b)] -> xpath: .//word], [[AndroidDriver: chrome on ANDROID (62e88494c1dbcb366d86a4960534f35b)] -> xpath: .//word], [[AndroidDriver: chrome on ANDROID (62e88494c1dbcb366d86a4960534f35b)] -> xpath: .//word], [[AndroidDriver: chrome on ANDROID (62e88494c1dbcb366d86a4960534f35b)] -> xpath: .//word], [[AndroidDriver: chrome on ANDROID (62e88494c1dbcb366d86a4960534f35b)] -> xpath: .//word], [[AndroidDriver: chrome on ANDROID (62e88494c1dbcb366d86a4960534f35b)] -> xpath: .//word], [[AndroidDriver: chrome on ANDROID (62e88494c1dbcb366d86a4960534f35b)] -> xpath: .//word], [[AndroidDriver: chrome on ANDROID (62e88494c1dbcb366d86a4960534f35b)] -> xpath: .//word], [[AndroidDriver: chrome on ANDROID (62e88494c1dbcb366d86a4960534f35b)] -> xpath: .//word], [[AndroidDriver: chrome on ANDROID (62e88494c1dbcb366d86a4960534f35b)] -> xpath: .//word], [[AndroidDriver: chrome on ANDROID (62e88494c1dbcb366d86a4960534f35b)] -> xpath: .//word], [[AndroidDriver: chrome on ANDROID (62e88494c1dbcb366d86a4960534f35b)] -> xpath: .//word], [[AndroidDriver: chrome on ANDROID (62e88494c1dbcb366d86a4960534f35b)] -> xpath: .//word], [[AndroidDriver: chrome on ANDROID (62e88494c1dbcb366d86a4960534f35b)] -> xpath: .//word], [[AndroidDriver: chrome on ANDROID (62e88494c1dbcb366d86a4960534f35b)] -> xpath: .//word], [[AndroidDriver: chrome on ANDROID (62e88494c1dbcb366d86a4960534f35b)] -> xpath: .//word], [[AndroidDriver: chrome on ANDROID (62e88494c1dbcb366d86a4960534f35b)] -> xpath: .//word], [[AndroidDriver: chrome on ANDROID (62e88494c1dbcb366d86a4960534f35b)] -> xpath: .//word], [[AndroidDriver: chrome on ANDROID (62e88494c1dbcb366d86a4960534f35b)] -> xpath: .//word], [[AndroidDriver: chrome on ANDROID (62e88494c1dbcb366d86a4960534f35b)] -> xpath: .//word], [[AndroidDriver: chrome on ANDROID (62e88494c1dbcb366d86a4960534f35b)] -> xpath: .//word], [[AndroidDriver: chrome on ANDROID (62e88494c1dbcb366d86a4960534f35b)] -> xpath: .//word], [[AndroidDriver: chrome on ANDROID (62e88494c1dbcb366d86a4960534f35b)] -> xpath: .//word], [[AndroidDriver: chrome on ANDROID (62e88494c1dbcb366d86a4960534f35b)] -> xpath: .//word], [[AndroidDriver: chrome on ANDROID (62e88494c1dbcb366d86a4960534f35b)] -> xpath: .//word], [[AndroidDriver: chrome on ANDROID (62e88494c1dbcb366d86a4960534f35b)] -> xpath: .//word], [[AndroidDriver: chrome on ANDROID (62e88494c1dbcb366d86a4960534f35b)] -> xpath: .//word], [[AndroidDriver: chrome on ANDROID (62e88494c1dbcb366d86a4960534f35b)] -> xpath: .//word], [[AndroidDriver: chrome on ANDROID (62e88494c1dbcb366d86a4960534f35b)] -> xpath: .//word], [[AndroidDriver: chrome on ANDROID (62e88494c1dbcb366d86a4960534f35b)] -> xpath: .//word], [[AndroidDriver: chrome on ANDROID (62e88494c1dbcb366d86a4960534f35b)] -> xpath: .//word], [[AndroidDriver: chrome on ANDROID (62e88494c1dbcb366d86a4960534f35b)] -> xpath: .//word], [[AndroidDriver: chrome on ANDROID (62e88494c1dbcb366d86a4960534f35b)] -> xpath: .//word], [[AndroidDriver: chrome on ANDROID (62e88494c1dbcb366d86a4960534f35b)] -> xpath: .//word], [[AndroidDriver: chrome on ANDROID (62e88494c1dbcb366d86a4960534f35b)] -> xpath: .//word], [[AndroidDriver: chrome on ANDROID (62e88494c1dbcb366d86a4960534f35b)] -> xpath: .//word], [[AndroidDriver: chrome on ANDROID (62e88494c1dbcb366d86a4960534f35b)] -> xpath: .//word], [[AndroidDriver: chrome on ANDROID (62e88494c1dbcb366d86a4960534f35b)] -> xpath: .//word], [[AndroidDriver: chrome on ANDROID (62e88494c1dbcb366d86a4960534f35b)] -> xpath: .//word], [[AndroidDriver: chrome on ANDROID (62e88494c1dbcb366d86a4960534f35b)] -> xpath: .//word], [[AndroidDriver: chrome on ANDROID (62e88494c1dbcb366d86a4960534f35b)] -> xpath: .//word], [[AndroidDriver: chrome on ANDROID (62e88494c1dbcb366d86a4960534f35b)] -> xpath: .//word], [[AndroidDriver: chrome on ANDROID (62e88494c1dbcb366d86a4960534f35b)] -> xpath: .//word], [[AndroidDriver: chrome on ANDROID (62e88494c1dbcb366d86a4960534f35b)] -> xpath: .//word], [[AndroidDriver: chrome on ANDROID (62e88494c1dbcb366d86a4960534f35b)] -> xpath: .//word], [[AndroidDriver: chrome on ANDROID (62e88494c1dbcb366d86a4960534f35b)] -> xpath: .//word], [[AndroidDriver: chrome on ANDROID (62e88494c1dbcb366d86a4960534f35b)] -> xpath: .//word], [[AndroidDriver: chrome on ANDROID (62e88494c1dbcb366d86a4960534f35b)] -> xpath: .//word], [[AndroidDriver: chrome on ANDROID (62e88494c1dbcb366d86a4960534f35b)] -> xpath: .//word], [[AndroidDriver: chrome on ANDROID (62e88494c1dbcb366d86a4960534f35b)] -> xpath: .//word], [[AndroidDriver: chrome on ANDROID (62e88494c1dbcb366d86a4960534f35b)] -> xpath: .//word], [[AndroidDriver: chrome on ANDROID (62e88494c1dbcb366d86a4960534f35b)] -> xpath: .//word], [[AndroidDriver: chrome on ANDROID (62e88494c1dbcb366d86a4960534f35b)] -> xpath: .//word], [[AndroidDriver: chrome on ANDROID (62e88494c1dbcb366d86a4960534f35b)] -> xpath: .//word], [[AndroidDriver: chrome on ANDROID (62e88494c1dbcb366d86a4960534f35b)] -> xpath: .//word], [[AndroidDriver: chrome on ANDROID (62e88494c1dbcb366d86a4960534f35b)] -> xpath: .//word], [[AndroidDriver: chrome on ANDROID (62e88494c1dbcb366d86a4960534f35b)] -> xpath: .//word], [[AndroidDriver: chrome on ANDROID (62e88494c1dbcb366d86a4960534f35b)] -> xpath: .//word], [[AndroidDriver: chrome on ANDROID (62e88494c1dbcb366d86a4960534f35b)] -> xpath: .//word], [[AndroidDriver: chrome on ANDROID (62e88494c1dbcb366d86a4960534f35b)] -> xpath: .//word], [[AndroidDriver: chrome on ANDROID (62e88494c1dbcb366d86a4960534f35b)] -> xpath: .//word], [[AndroidDriver: chrome on ANDROID (62e88494c1dbcb366d86a4960534f35b)] -> xpath: .//word], [[AndroidDriver: chrome on ANDROID (62e88494c1dbcb366d86a4960534f35b)] -> xpath: .//word], [[AndroidDriver: chrome on ANDROID (62e88494c1dbcb366d86a4960534f35b)] -> xpath: .//word], [[AndroidDriver: chrome on ANDROID (62e88494c1dbcb366d86a4960534f35b)] -> xpath: .//word], [[AndroidDriver: chrome on ANDROID (62e88494c1dbcb366d86a4960534f35b)] -> xpath: .//word], [[AndroidDriver: chrome on ANDROID (62e88494c1dbcb366d86a4960534f35b)] -> xpath: .//word], [[AndroidDriver: chrome on ANDROID (62e88494c1dbcb366d86a4960534f35b)] -> xpath: .//word], [[AndroidDriver: chrome on ANDROID (62e88494c1dbcb366d86a4960534f35b)] -> xpath: .//word], [[AndroidDriver: chrome on ANDROID (62e88494c1dbcb366d86a4960534f35b)] -> xpath: .//word], [[AndroidDriver: chrome on ANDROID (62e88494c1dbcb366d86a4960534f35b)] -> xpath: .//word], [[AndroidDriver: chrome on ANDROID (62e88494c1dbcb366d86a4960534f35b)] -> xpath: .//word], [[AndroidDriver: chrome on ANDROID (62e88494c1dbcb366d86a4960534f35b)] -> xpath: .//word], [[AndroidDriver: chrome on ANDROID (62e88494c1dbcb366d86a4960534f35b)] -> xpath: .//word], [[AndroidDriver: chrome on ANDROID (62e88494c1dbcb366d86a4960534f35b)] -> xpath: .//word], [[AndroidDriver: chrome on ANDROID (62e88494c1dbcb366d86a4960534f35b)] -> xpath: .//word], [[AndroidDriver: chrome on ANDROID (62e88494c1dbcb366d86a4960534f35b)] -> xpath: .//word], [[AndroidDriver: chrome on ANDROID (62e88494c1dbcb366d86a4960534f35b)] -> xpath: .//word], [[AndroidDriver: chrome on ANDROID (62e88494c1dbcb366d86a4960534f35b)] -> xpath: .//word], [[AndroidDriver: chrome on ANDROID (62e88494c1dbcb366d86a4960534f35b)] -> xpath: .//word], [[AndroidDriver: chrome on ANDROID (62e88494c1dbcb366d86a4960534f35b)] -> xpath: .//word], [[AndroidDriver: chrome on ANDROID (62e88494c1dbcb366d86a4960534f35b)] -> xpath: .//word], [[AndroidDriver: chrome on ANDROID (62e88494c1dbcb366d86a4960534f35b)] -> xpath: .//word], [[AndroidDriver: chrome on ANDROID (62e88494c1dbcb366d86a4960534f35b)] -> xpath: .//word], [[AndroidDriver: chrome on ANDROID (62e88494c1dbcb366d86a4960534f35b)] -> xpath: .//word], [[AndroidDriver: chrome on ANDROID (62e88494c1dbcb366d86a4960534f35b)] -> xpath: .//word], [[AndroidDriver: chrome on ANDROID (62e88494c1dbcb366d86a4960534f35b)] -> xpath: .//word], [[AndroidDriver: chrome on ANDROID (62e88494c1dbcb366d86a4960534f35b)] -> xpath: .//word], [[AndroidDriver: chrome on ANDROID (62e88494c1dbcb366d86a4960534f35b)] -> xpath: .//word], [[AndroidDriver: chrome on ANDROID (62e88494c1dbcb366d86a4960534f35b)] -> xpath: .//word], [[AndroidDriver: chrome on ANDROID (62e88494c1dbcb366d86a4960534f35b)] -> xpath: .//word], [[AndroidDriver: chrome on ANDROID (62e88494c1dbcb366d86a4960534f35b)] -> xpath: .//word], [[AndroidDriver: chrome on ANDROID (62e88494c1dbcb366d86a4960534f35b)] -> xpath: .//word], [[AndroidDriver: chrome on ANDROID (62e88494c1dbcb366d86a4960534f35b)] -> xpath: .//word], [[AndroidDriver: chrome on ANDROID (62e88494c1dbcb366d86a4960534f35b)] -> xpath: .//word], [[AndroidDriver: chrome on ANDROID (62e88494c1dbcb366d86a4960534f35b)] -> xpath: .//word], [[AndroidDriver: chrome on ANDROID (62e88494c1dbcb366d86a4960534f35b)] -> xpath: .//word], [[AndroidDriver: chrome on ANDROID (62e88494c1dbcb366d86a4960534f35b)] -> xpath: .//word], [[AndroidDriver: chrome on ANDROID (62e88494c1dbcb366d86a4960534f35b)] -> xpath: .//word], [[AndroidDriver: chrome on ANDROID (62e88494c1dbcb366d86a4960534f35b)] -> xpath: .//word], [[AndroidDriver: chrome on ANDROID (62e88494c1dbcb366d86a4960534f35b)] -> xpath: .//word], [[AndroidDriver: chrome on ANDROID (62e88494c1dbcb366d86a4960534f35b)] -> xpath: .//word], [[AndroidDriver: chrome on ANDROID (62e88494c1dbcb366d86a4960534f35b)] -> xpath: .//word], [[AndroidDriver: chrome on ANDROID (62e88494c1dbcb366d86a4960534f35b)] -> xpath: .//word], [[AndroidDriver: chrome on ANDROID (62e88494c1dbcb366d86a4960534f35b)] -> xpath: .//word], [[AndroidDriver: chrome on ANDROID (62e88494c1dbcb366d86a4960534f35b)] -> xpath: .//word], [[AndroidDriver: chrome on ANDROID (62e88494c1dbcb366d86a4960534f35b)] -> xpath: .//word], [[AndroidDriver: chrome on ANDROID (62e88494c1dbcb366d86a4960534f35b)] -> xpath: .//word], [[AndroidDriver: chrome on ANDROID (62e88494c1dbcb366d86a4960534f35b)] -> xpath: .//word], [[AndroidDriver: chrome on ANDROID (62e88494c1dbcb366d86a4960534f35b)] -> xpath: .//word], [[AndroidDriver: chrome on ANDROID (62e88494c1dbcb366d86a4960534f35b)] -> xpath: .//word], [[AndroidDriver: chrome on ANDROID (62e88494c1dbcb366d86a4960534f35b)] -> xpath: .//word], [[AndroidDriver: chrome on ANDROID (62e88494c1dbcb366d86a4960534f35b)] -> xpath: .//word], [[AndroidDriver: chrome on ANDROID (62e88494c1dbcb366d86a4960534f35b)] -> xpath: .//word], [[AndroidDriver: chrome on ANDROID (62e88494c1dbcb366d86a4960534f35b)] -> xpath: .//word], [[AndroidDriver: chrome on ANDROID (62e88494c1dbcb366d86a4960534f35b)] -> xpath: .//word], [[AndroidDriver: chrome on ANDROID (62e88494c1dbcb366d86a4960534f35b)] -> xpath: .//word], [[AndroidDriver: chrome on ANDROID (62e88494c1dbcb366d86a4960534f35b)] -> xpath: .//word], [[AndroidDriver: chrome on ANDROID (62e88494c1dbcb366d86a4960534f35b)] -> xpath: .//word], [[AndroidDriver: chrome on ANDROID (62e88494c1dbcb366d86a4960534f35b)] -> xpath: .//word], [[AndroidDriver: chrome on ANDROID (62e88494c1dbcb366d86a4960534f35b)] -> xpath: .//word], [[AndroidDriver: chrome on ANDROID (62e88494c1dbcb366d86a4960534f35b)] -> xpath: .//word], [[AndroidDriver: chrome on ANDROID (62e88494c1dbcb366d86a4960534f35b)] -> xpath: .//word], [[AndroidDriver: chrome on ANDROID (62e88494c1dbcb366d86a4960534f35b)] -> xpath: .//word], [[AndroidDriver: chrome on ANDROID (62e88494c1dbcb366d86a4960534f35b)] -> xpath: .//word], [[AndroidDriver: chrome on ANDROID (62e88494c1dbcb366d86a4960534f35b)] -> xpath: .//word], [[AndroidDriver: chrome on ANDROID (62e88494c1dbcb366d86a4960534f35b)] -> xpath: .//word], [[AndroidDriver: chrome on ANDROID (62e88494c1dbcb366d86a4960534f35b)] -> xpath: .//word], [[AndroidDriver: chrome on ANDROID (62e88494c1dbcb366d86a4960534f35b)] -> xpath: .//word], [[AndroidDriver: chrome on ANDROID (62e88494c1dbcb366d86a4960534f35b)] -> xpath: .//word], [[AndroidDriver: chrome on ANDROID (62e88494c1dbcb366d86a4960534f35b)] -> xpath: .//word], [[AndroidDriver: chrome on ANDROID (62e88494c1dbcb366d86a4960534f35b)] -> xpath: .//word], [[AndroidDriver: chrome on ANDROID (62e88494c1dbcb366d86a4960534f35b)] -> xpath: .//word], [[AndroidDriver: chrome on ANDROID (62e88494c1dbcb366d86a4960534f35b)] -> xpath: .//word], [[AndroidDriver: chrome on ANDROID (62e88494c1dbcb366d86a4960534f35b)] -> xpath: .//word], [[AndroidDriver: chrome on ANDROID (62e88494c1dbcb366d86a4960534f35b)] -> xpath: .//word], [[AndroidDriver: chrome on ANDROID (62e88494c1dbcb366d86a4960534f35b)] -> xpath: .//word], [[AndroidDriver: chrome on ANDROID (62e88494c1dbcb366d86a4960534f35b)] -> xpath: .//word], [[AndroidDriver: chrome on ANDROID (62e88494c1dbcb366d86a4960534f35b)] -> xpath: .//word], [[AndroidDriver: chrome on ANDROID (62e88494c1dbcb366d86a4960534f35b)] -> xpath: .//word], [[AndroidDriver: chrome on ANDROID (62e88494c1dbcb366d86a4960534f35b)] -> xpath: .//word], [[AndroidDriver: chrome on ANDROID (62e88494c1dbcb366d86a4960534f35b)] -> xpath: .//word], [[AndroidDriver: chrome on ANDROID (62e88494c1dbcb366d86a4960534f35b)] -> xpath: .//word], [[AndroidDriver: chrome on ANDROID (62e88494c1dbcb366d86a4960534f35b)] -> xpath: .//word], [[AndroidDriver: chrome on ANDROID (62e88494c1dbcb366d86a4960534f35b)] -> xpath: .//word], [[AndroidDriver: chrome on ANDROID (62e88494c1dbcb366d86a4960534f35b)] -> xpath: .//word], [[AndroidDriver: chrome on ANDROID (62e88494c1dbcb366d86a4960534f35b)] -> xpath: .//word], [[AndroidDriver: chrome on ANDROID (62e88494c1dbcb366d86a4960534f35b)] -> xpath: .//word], [[AndroidDriver: chrome on ANDROID (62e88494c1dbcb366d86a4960534f35b)] -> xpath: .//word], [[AndroidDriver: chrome on ANDROID (62e88494c1dbcb366d86a4960534f35b)] -> xpath: .//word], [[AndroidDriver: chrome on ANDROID (62e88494c1dbcb366d86a4960534f35b)] -> xpath: .//word], [[AndroidDriver: chrome on ANDROID (62e88494c1dbcb366d86a4960534f35b)] -> xpath: .//word], [[AndroidDriver: chrome on ANDROID (62e88494c1dbcb366d86a4960534f35b)] -> xpath: .//word], [[AndroidDriver: chrome on ANDROID (62e88494c1dbcb366d86a4960534f35b)] -> xpath: .//word], [[AndroidDriver: chrome on ANDROID (62e88494c1dbcb366d86a4960534f35b)] -> xpath: .//word], [[AndroidDriver: chrome on ANDROID (62e88494c1dbcb366d86a4960534f35b)] -> xpath: .//word], [[AndroidDriver: chrome on ANDROID (62e88494c1dbcb366d86a4960534f35b)] -> xpath: .//word], [[AndroidDriver: chrome on ANDROID (62e88494c1dbcb366d86a4960534f35b)] -> xpath: .//word], [[AndroidDriver: chrome on ANDROID (62e88494c1dbcb366d86a4960534f35b)] -> xpath: .//word], [[AndroidDriver: chrome on ANDROID (62e88494c1dbcb366d86a4960534f35b)] -> xpath: .//word], [[AndroidDriver: chrome on ANDROID (62e88494c1dbcb366d86a4960534f35b)] -> xpath: .//word], [[AndroidDriver: chrome on ANDROID (62e88494c1dbcb366d86a4960534f35b)] -> xpath: .//word], [[AndroidDriver: chrome on ANDROID (62e88494c1dbcb366d86a4960534f35b)] -> xpath: .//word], [[AndroidDriver: chrome on ANDROID (62e88494c1dbcb366d86a4960534f35b)] -> xpath: .//word], [[AndroidDriver: chrome on ANDROID (62e88494c1dbcb366d86a4960534f35b)] -> xpath: .//word], [[AndroidDriver: chrome on ANDROID (62e88494c1dbcb366d86a4960534f35b)] -> xpath: .//word], [[AndroidDriver: chrome on ANDROID (62e88494c1dbcb366d86a4960534f35b)] -> xpath: .//word], [[AndroidDriver: chrome on ANDROID (62e88494c1dbcb366d86a4960534f35b)] -> xpath: .//word], [[AndroidDriver: chrome on ANDROID (62e88494c1dbcb366d86a4960534f35b)] -> xpath: .//word], [[AndroidDriver: chrome on ANDROID (62e88494c1dbcb366d86a4960534f35b)] -> xpath: .//word], [[AndroidDriver: chrome on ANDROID (62e88494c1dbcb366d86a4960534f35b)] -> xpath: .//word], [[AndroidDriver: chrome on ANDROID (62e88494c1dbcb366d86a4960534f35b)] -> xpath: .//word], [[AndroidDriver: chrome on ANDROID (62e88494c1dbcb366d86a4960534f35b)] -> xpath: .//word], [[AndroidDriver: chrome on ANDROID (62e88494c1dbcb366d86a4960534f35b)] -> xpath: .//word], [[AndroidDriver: chrome on ANDROID (62e88494c1dbcb366d86a4960534f35b)] -> xpath: .//word], [[AndroidDriver: chrome on ANDROID (62e88494c1dbcb366d86a4960534f35b)] -> xpath: .//word], [[AndroidDriver: chrome on ANDROID (62e88494c1dbcb366d86a4960534f35b)] -> xpath: .//word], [[AndroidDriver: chrome on ANDROID (62e88494c1dbcb366d86a4960534f35b)] -> xpath: .//word], [[AndroidDriver: chrome on ANDROID (62e88494c1dbcb366d86a4960534f35b)] -> xpath: .//word], [[AndroidDriver: chrome on ANDROID (62e88494c1dbcb366d86a4960534f35b)] -> xpath: .//word], [[AndroidDriver: chrome on ANDROID (62e88494c1dbcb366d86a4960534f35b)] -> xpath: .//word], [[AndroidDriver: chrome on ANDROID (62e88494c1dbcb366d86a4960534f35b)] -> xpath: .//word], [[AndroidDriver: chrome on ANDROID (62e88494c1dbcb366d86a4960534f35b)] -> xpath: .//word], [[AndroidDriver: chrome on ANDROID (62e88494c1dbcb366d86a4960534f35b)] -> xpath: .//word], [[AndroidDriver: chrome on ANDROID (62e88494c1dbcb366d86a4960534f35b)] -> xpath: .//word], [[AndroidDriver: chrome on ANDROID (62e88494c1dbcb366d86a4960534f35b)] -> xpath: .//word], [[AndroidDriver: chrome on ANDROID (62e88494c1dbcb366d86a4960534f35b)] -> xpath: .//word], [[AndroidDriver: chrome on ANDROID (62e88494c1dbcb366d86a4960534f35b)] -> xpath: .//word], [[AndroidDriver: chrome on ANDROID (62e88494c1dbcb366d86a4960534f35b)] -> xpath: .//word], [[AndroidDriver: chrome on ANDROID (62e88494c1dbcb366d86a4960534f35b)] -> xpath: .//word], [[AndroidDriver: chrome on ANDROID (62e88494c1dbcb366d86a4960534f35b)] -> xpath: .//word], [[AndroidDriver: chrome on ANDROID (62e88494c1dbcb366d86a4960534f35b)] -> xpath: .//word], [[AndroidDriver: chrome on ANDROID (62e88494c1dbcb366d86a4960534f35b)] -> xpath: .//word], [[AndroidDriver: chrome on ANDROID (62e88494c1dbcb366d86a4960534f35b)] -> xpath: .//word], [[AndroidDriver: chrome on ANDROID (62e88494c1dbcb366d86a4960534f35b)] -> xpath: .//word], [[AndroidDriver: chrome on ANDROID (62e88494c1dbcb366d86a4960534f35b)] -> xpath: .//word], [[AndroidDriver: chrome on ANDROID (62e88494c1dbcb366d86a4960534f35b)] -> xpath: .//word], [[AndroidDriver: chrome on ANDROID (62e88494c1dbcb366d86a4960534f35b)] -> xpath: .//word], [[AndroidDriver: chrome on ANDROID (62e88494c1dbcb366d86a4960534f35b)] -> xpath: .//word], [[AndroidDriver: chrome on ANDROID (62e88494c1dbcb366d86a4960534f35b)] -> xpath: .//word], [[AndroidDriver: chrome on ANDROID (62e88494c1dbcb366d86a4960534f35b)] -> xpath: .//word], [[AndroidDriver: chrome on ANDROID (62e88494c1dbcb366d86a4960534f35b)] -> xpath: .//word], [[AndroidDriver: chrome on ANDROID (62e88494c1dbcb366d86a4960534f35b)] -> xpath: .//word], [[AndroidDriver: chrome on ANDROID (62e88494c1dbcb366d86a4960534f35b)] -> xpath: .//word], [[AndroidDriver: chrome on ANDROID (62e88494c1dbcb366d86a4960534f35b)] -> xpath: .//word], [[AndroidDriver: chrome on ANDROID (62e88494c1dbcb366d86a4960534f35b)] -> xpath: .//word], [[AndroidDriver: chrome on ANDROID (62e88494c1dbcb366d86a4960534f35b)] -> xpath: .//word], [[AndroidDriver: chrome on ANDROID (62e88494c1dbcb366d86a4960534f35b)] -> xpath: .//word], [[AndroidDriver: chrome on ANDROID (62e88494c1dbcb366d86a4960534f35b)] -> xpath: .//word], [[AndroidDriver: chrome on ANDROID (62e88494c1dbcb366d86a4960534f35b)] -> xpath: .//word], [[AndroidDriver: chrome on ANDROID (62e88494c1dbcb366d86a4960534f35b)] -> xpath: .//word], [[AndroidDriver: chrome on ANDROID (62e88494c1dbcb366d86a4960534f35b)] -> xpath: .//word], [[AndroidDriver: chrome on ANDROID (62e88494c1dbcb366d86a4960534f35b)] -> xpath: .//word], [[AndroidDriver: chrome on ANDROID (62e88494c1dbcb366d86a4960534f35b)] -> xpath: .//word], [[AndroidDriver: chrome on ANDROID (62e88494c1dbcb366d86a4960534f35b)] -> xpath: .//word], [[AndroidDriver: chrome on ANDROID (62e88494c1dbcb366d86a4960534f35b)] -> xpath: .//word], [[AndroidDriver: chrome on ANDROID (62e88494c1dbcb366d86a4960534f35b)] -> xpath: .//word], [[AndroidDriver: chrome on ANDROID (62e88494c1dbcb366d86a4960534f35b)] -> xpath: .//word], [[AndroidDriver: chrome on ANDROID (62e88494c1dbcb366d86a4960534f35b)] -> xpath: .//word], [[AndroidDriver: chrome on ANDROID (62e88494c1dbcb366d86a4960534f35b)] -> xpath: .//word], [[AndroidDriver: chrome on ANDROID (62e88494c1dbcb366d86a4960534f35b)] -> xpath: .//word], [[AndroidDriver: chrome on ANDROID (62e88494c1dbcb366d86a4960534f35b)] -> xpath: .//word], [[AndroidDriver: chrome on ANDROID (62e88494c1dbcb366d86a4960534f35b)] -> xpath: .//word], [[AndroidDriver: chrome on ANDROID (62e88494c1dbcb366d86a4960534f35b)] -> xpath: .//word], [[AndroidDriver: chrome on ANDROID (62e88494c1dbcb366d86a4960534f35b)] -> xpath: .//word], [[AndroidDriver: chrome on ANDROID (62e88494c1dbcb366d86a4960534f35b)] -> xpath: .//word], [[AndroidDriver: chrome on ANDROID (62e88494c1dbcb366d86a4960534f35b)] -> xpath: .//word], [[AndroidDriver: chrome on ANDROID (62e88494c1dbcb366d86a4960534f35b)] -> xpath: .//word], [[AndroidDriver: chrome on ANDROID (62e88494c1dbcb366d86a4960534f35b)] -> xpath: .//word], [[AndroidDriver: chrome on ANDROID (62e88494c1dbcb366d86a4960534f35b)] -> xpath: .//word], [[AndroidDriver: chrome on ANDROID (62e88494c1dbcb366d86a4960534f35b)] -> xpath: .//word], [[AndroidDriver: chrome on ANDROID (62e88494c1dbcb366d86a4960534f35b)] -> xpath: .//word], [[AndroidDriver: chrome on ANDROID (62e88494c1dbcb366d86a4960534f35b)] -> xpath: .//word], [[AndroidDriver: chrome on ANDROID (62e88494c1dbcb366d86a4960534f35b)] -> xpath: .//word], [[AndroidDriver: chrome on ANDROID (62e88494c1dbcb366d86a4960534f35b)] -> xpath: .//word], [[AndroidDriver: chrome on ANDROID (62e88494c1dbcb366d86a4960534f35b)] -> xpath: .//word], [[AndroidDriver: chrome on ANDROID (62e88494c1dbcb366d86a4960534f35b)] -> xpath: .//word], [[AndroidDriver: chrome on ANDROID (62e88494c1dbcb366d86a4960534f35b)] -> xpath: .//word], [[AndroidDriver: chrome on ANDROID (62e88494c1dbcb366d86a4960534f35b)] -> xpath: .//word], [[AndroidDriver: chrome on ANDROID (62e88494c1dbcb366d86a4960534f35b)] -> xpath: .//word], [[AndroidDriver: chrome on ANDROID (62e88494c1dbcb366d86a4960534f35b)] -> xpath: .//word], [[AndroidDriver: chrome on ANDROID (62e88494c1dbcb366d86a4960534f35b)] -> xpath: .//word], [[AndroidDriver: chrome on ANDROID (62e88494c1dbcb366d86a4960534f35b)] -> xpath: .//word], [[AndroidDriver: chrome on ANDROID (62e88494c1dbcb366d86a4960534f35b)] -> xpath: .//word], [[AndroidDriver: chrome on ANDROID (62e88494c1dbcb366d86a4960534f35b)] -> xpath: .//word], [[AndroidDriver: chrome on ANDROID (62e88494c1dbcb366d86a4960534f35b)] -> xpath: .//word], [[AndroidDriver: chrome on ANDROID (62e88494c1dbcb366d86a4960534f35b)] -> xpath: .//word], [[AndroidDriver: chrome on ANDROID (62e88494c1dbcb366d86a4960534f35b)] -> xpath: .//word], [[AndroidDriver: chrome on ANDROID (62e88494c1dbcb366d86a4960534f35b)] -> xpath: .//word], [[AndroidDriver: chrome on ANDROID (62e88494c1dbcb366d86a4960534f35b)] -> xpath: .//word], [[AndroidDriver: chrome on ANDROID (62e88494c1dbcb366d86a4960534f35b)] -> xpath: .//word], [[AndroidDriver: chrome on ANDROID (62e88494c1dbcb366d86a4960534f35b)] -> xpath: .//word], [[AndroidDriver: chrome on ANDROID (62e88494c1dbcb366d86a4960534f35b)] -> xpath: .//word], [[AndroidDriver: chrome on ANDROID (62e88494c1dbcb366d86a4960534f35b)] -> xpath: .//word], [[AndroidDriver: chrome on ANDROID (62e88494c1dbcb366d86a4960534f35b)] -> xpath: .//word], [[AndroidDriver: chrome on ANDROID (62e88494c1dbcb366d86a4960534f35b)] -> xpath: .//word], [[AndroidDriver: chrome on ANDROID (62e88494c1dbcb366d86a4960534f35b)] -> xpath: .//word], [[AndroidDriver: chrome on ANDROID (62e88494c1dbcb366d86a4960534f35b)] -> xpath: .//word], [[AndroidDriver: chrome on ANDROID (62e88494c1dbcb366d86a4960534f35b)] -> xpath: .//word], [[AndroidDriver: chrome on ANDROID (62e88494c1dbcb366d86a4960534f35b)] -> xpath: .//word], [[AndroidDriver: chrome on ANDROID (62e88494c1dbcb366d86a4960534f35b)] -> xpath: .//word], [[AndroidDriver: chrome on ANDROID (62e88494c1dbcb366d86a4960534f35b)] -> xpath: .//word], [[AndroidDriver: chrome on ANDROID (62e88494c1dbcb366d86a4960534f35b)] -> xpath: .//word], [[AndroidDriver: chrome on ANDROID (62e88494c1dbcb366d86a4960534f35b)] -> xpath: .//word], [[AndroidDriver: chrome on ANDROID (62e88494c1dbcb366d86a4960534f35b)] -> xpath: .//word], [[AndroidDriver: chrome on ANDROID (62e88494c1dbcb366d86a4960534f35b)] -> xpath: .//word], [[AndroidDriver: chrome on ANDROID (62e88494c1dbcb366d86a4960534f35b)] -> xpath: .//word], [[AndroidDriver: chrome on ANDROID (62e88494c1dbcb366d86a4960534f35b)] -> xpath: .//word], [[AndroidDriver: chrome on ANDROID (62e88494c1dbcb366d86a4960534f35b)] -> xpath: .//word], [[AndroidDriver: chrome on ANDROID (62e88494c1dbcb366d86a4960534f35b)] -> xpath: .//word], [[AndroidDriver: chrome on ANDROID (62e88494c1dbcb366d86a4960534f35b)] -> xpath: .//word], [[AndroidDriver: chrome on ANDROID (62e88494c1dbcb366d86a4960534f35b)] -> xpath: .//word], [[AndroidDriver: chrome on ANDROID (62e88494c1dbcb366d86a4960534f35b)] -> xpath: .//word], [[AndroidDriver: chrome on ANDROID (62e88494c1dbcb366d86a4960534f35b)] -> xpath: .//word], [[AndroidDriver: chrome on ANDROID (62e88494c1dbcb366d86a4960534f35b)] -> xpath: .//word], [[AndroidDriver: chrome on ANDROID (62e88494c1dbcb366d86a4960534f35b)] -> xpath: .//word], [[AndroidDriver: chrome on ANDROID (62e88494c1dbcb366d86a4960534f35b)] -> xpath: .//word], [[AndroidDriver: chrome on ANDROID (62e88494c1dbcb366d86a4960534f35b)] -> xpath: .//word], [[AndroidDriver: chrome on ANDROID (62e88494c1dbcb366d86a4960534f35b)] -> xpath: .//word], [[AndroidDriver: chrome on ANDROID (62e88494c1dbcb366d86a4960534f35b)] -> xpath: .//word], [[AndroidDriver: chrome on ANDROID (62e88494c1dbcb366d86a4960534f35b)] -> xpath: .//word], [[AndroidDriver: chrome on ANDROID (62e88494c1dbcb366d86a4960534f35b)] -> xpath: .//word], [[AndroidDriver: chrome on ANDROID (62e88494c1dbcb366d86a4960534f35b)] -> xpath: .//word], [[AndroidDriver: chrome on ANDROID (62e88494c1dbcb366d86a4960534f35b)] -> xpath: .//word], [[AndroidDriver: chrome on ANDROID (62e88494c1dbcb366d86a4960534f35b)] -> xpath: .//word], [[AndroidDriver: chrome on ANDROID (62e88494c1dbcb366d86a4960534f35b)] -> xpath: .//word], [[AndroidDriver: chrome on ANDROID (62e88494c1dbcb366d86a4960534f35b)] -> xpath: .//word], [[AndroidDriver: chrome on ANDROID (62e88494c1dbcb366d86a4960534f35b)] -> xpath: .//word], [[AndroidDriver: chrome on ANDROID (62e88494c1dbcb366d86a4960534f35b)] -> xpath: .//word], [[AndroidDriver: chrome on ANDROID (62e88494c1dbcb366d86a4960534f35b)] -> xpath: .//word], [[AndroidDriver: chrome on ANDROID (62e88494c1dbcb366d86a4960534f35b)] -> xpath: .//word], [[AndroidDriver: chrome on ANDROID (62e88494c1dbcb366d86a4960534f35b)] -> xpath: .//word], [[AndroidDriver: chrome on ANDROID (62e88494c1dbcb366d86a4960534f35b)] -> xpath: .//word], [[AndroidDriver: chrome on ANDROID (62e88494c1dbcb366d86a4960534f35b)] -> xpath: .//word], [[AndroidDriver: chrome on ANDROID (62e88494c1dbcb366d86a4960534f35b)] -> xpath: .//word], [[AndroidDriver: chrome on ANDROID (62e88494c1dbcb366d86a4960534f35b)] -> xpath: .//word], [[AndroidDriver: chrome on ANDROID (62e88494c1dbcb366d86a4960534f35b)] -> xpath: .//word], [[AndroidDriver: chrome on ANDROID (62e88494c1dbcb366d86a4960534f35b)] -> xpath: .//word], [[AndroidDriver: chrome on ANDROID (62e88494c1dbcb366d86a4960534f35b)] -> xpath: .//word], [[AndroidDriver: chrome on ANDROID (62e88494c1dbcb366d86a4960534f35b)] -> xpath: .//word], [[AndroidDriver: chrome on ANDROID (62e88494c1dbcb366d86a4960534f35b)] -> xpath: .//word], [[AndroidDriver: chrome on ANDROID (62e88494c1dbcb366d86a4960534f35b)] -> xpath: .//word], [[AndroidDriver: chrome on ANDROID (62e88494c1dbcb366d86a4960534f35b)] -> xpath: .//word], [[AndroidDriver: chrome on ANDROID (62e88494c1dbcb366d86a4960534f35b)] -> xpath: .//word], [[AndroidDriver: chrome on ANDROID (62e88494c1dbcb366d86a4960534f35b)] -> xpath: .//word], [[AndroidDriver: chrome on ANDROID (62e88494c1dbcb366d86a4960534f35b)] -> xpath: .//word], [[AndroidDriver: chrome on ANDROID (62e88494c1dbcb366d86a4960534f35b)] -> xpath: .//word], [[AndroidDriver: chrome on ANDROID (62e88494c1dbcb366d86a4960534f35b)] -> xpath: .//word], [[AndroidDriver: chrome on ANDROID (62e88494c1dbcb366d86a4960534f35b)] -> xpath: .//word], [[AndroidDriver: chrome on ANDROID (62e88494c1dbcb366d86a4960534f35b)] -> xpath: .//word], [[AndroidDriver: chrome on ANDROID (62e88494c1dbcb366d86a4960534f35b)] -> xpath: .//word], [[AndroidDriver: chrome on ANDROID (62e88494c1dbcb366d86a4960534f35b)] -> xpath: .//word], [[AndroidDriver: chrome on ANDROID (62e88494c1dbcb366d86a4960534f35b)] -> xpath: .//word], [[AndroidDriver: chrome on ANDROID (62e88494c1dbcb366d86a4960534f35b)] -> xpath: .//word], [[AndroidDriver: chrome on ANDROID (62e88494c1dbcb366d86a4960534f35b)] -> xpath: .//word], [[AndroidDriver: chrome on ANDROID (62e88494c1dbcb366d86a4960534f35b)] -> xpath: .//word], [[AndroidDriver: chrome on ANDROID (62e88494c1dbcb366d86a4960534f35b)] -> xpath: .//word], [[AndroidDriver: chrome on ANDROID (62e88494c1dbcb366d86a4960534f35b)] -> xpath: .//word], [[AndroidDriver: chrome on ANDROID (62e88494c1dbcb366d86a4960534f35b)] -> xpath: .//word], [[AndroidDriver: chrome on ANDROID (62e88494c1dbcb366d86a4960534f35b)] -> xpath: .//word], [[AndroidDriver: chrome on ANDROID (62e88494c1dbcb366d86a4960534f35b)] -> xpath: .//word], [[AndroidDriver: chrome on ANDROID (62e88494c1dbcb366d86a4960534f35b)] -> xpath: .//word], [[AndroidDriver: chrome on ANDROID (62e88494c1dbcb366d86a4960534f35b)] -> xpath: .//word], [[AndroidDriver: chrome on ANDROID (62e88494c1dbcb366d86a4960534f35b)] -> xpath: .//word], [[AndroidDriver: chrome on ANDROID (62e88494c1dbcb366d86a4960534f35b)] -> xpath: .//word], [[AndroidDriver: chrome on ANDROID (62e88494c1dbcb366d86a4960534f35b)] -> xpath: .//word], [[AndroidDriver: chrome on ANDROID (62e88494c1dbcb366d86a4960534f35b)] -> xpath: .//word], [[AndroidDriver: chrome on ANDROID (62e88494c1dbcb366d86a4960534f35b)] -> xpath: .//word], [[AndroidDriver: chrome on ANDROID (62e88494c1dbcb366d86a4960534f35b)] -> xpath: .//word], [[AndroidDriver: chrome on ANDROID (62e88494c1dbcb366d86a4960534f35b)] -> xpath: .//word], [[AndroidDriver: chrome on ANDROID (62e88494c1dbcb366d86a4960534f35b)] -> xpath: .//word], [[AndroidDriver: chrome on ANDROID (62e88494c1dbcb366d86a4960534f35b)] -> xpath: .//word], [[AndroidDriver: chrome on ANDROID (62e88494c1dbcb366d86a4960534f35b)] -> xpath: .//word], [[AndroidDriver: chrome on ANDROID (62e88494c1dbcb366d86a4960534f35b)] -> xpath: .//word], [[AndroidDriver: chrome on ANDROID (62e88494c1dbcb366d86a4960534f35b)] -> xpath: .//word], [[AndroidDriver: chrome on ANDROID (62e88494c1dbcb366d86a4960534f35b)] -> xpath: .//word], [[AndroidDriver: chrome on ANDROID (62e88494c1dbcb366d86a4960534f35b)] -> xpath: .//word], [[AndroidDriver: chrome on ANDROID (62e88494c1dbcb366d86a4960534f35b)] -> xpath: .//word], [[AndroidDriver: chrome on ANDROID (62e88494c1dbcb366d86a4960534f35b)] -> xpath: .//word], [[AndroidDriver: chrome on ANDROID (62e88494c1dbcb366d86a4960534f35b)] -> xpath: .//word], [[AndroidDriver: chrome on ANDROID (62e88494c1dbcb366d86a4960534f35b)] -> xpath: .//word], [[AndroidDriver: chrome on ANDROID (62e88494c1dbcb366d86a4960534f35b)] -> xpath: .//word], [[AndroidDriver: chrome on ANDROID (62e88494c1dbcb366d86a4960534f35b)] -> xpath: .//word], [[AndroidDriver: chrome on ANDROID (62e88494c1dbcb366d86a4960534f35b)] -> xpath: .//word], [[AndroidDriver: chrome on ANDROID (62e88494c1dbcb366d86a4960534f35b)] -> xpath: .//word], [[AndroidDriver: chrome on ANDROID (62e88494c1dbcb366d86a4960534f35b)] -> xpath: .//word], [[AndroidDriver: chrome on ANDROID (62e88494c1dbcb366d86a4960534f35b)] -> xpath: .//word], [[AndroidDriver: chrome on ANDROID (62e88494c1dbcb366d86a4960534f35b)] -> xpath: .//word], [[AndroidDriver: chrome on ANDROID (62e88494c1dbcb366d86a4960534f35b)] -> xpath: .//word], [[AndroidDriver: chrome on ANDROID (62e88494c1dbcb366d86a4960534f35b)] -> xpath: .//word], [[AndroidDriver: chrome on ANDROID (62e88494c1dbcb366d86a4960534f35b)] -> xpath: .//word], [[AndroidDriver: chrome on ANDROID (62e88494c1dbcb366d86a4960534f35b)] -> xpath: .//word], [[AndroidDriver: chrome on ANDROID (62e88494c1dbcb366d86a4960534f35b)] -> xpath: .//word], [[AndroidDriver: chrome on ANDROID (62e88494c1dbcb366d86a4960534f35b)] -> xpath: .//word], [[AndroidDriver: chrome on ANDROID (62e88494c1dbcb366d86a4960534f35b)] -> xpath: .//word], [[AndroidDriver: chrome on ANDROID (62e88494c1dbcb366d86a4960534f35b)] -> xpath: .//word], [[AndroidDriver: chrome on ANDROID (62e88494c1dbcb366d86a4960534f35b)] -> xpath: .//word], [[AndroidDriver: chrome on ANDROID (62e88494c1dbcb366d86a4960534f35b)] -> xpath: .//word], [[AndroidDriver: chrome on ANDROID (62e88494c1dbcb366d86a4960534f35b)] -> xpath: .//word], [[AndroidDriver: chrome on ANDROID (62e88494c1dbcb366d86a4960534f35b)] -> xpath: .//word], [[AndroidDriver: chrome on ANDROID (62e88494c1dbcb366d86a4960534f35b)] -> xpath: .//word], [[AndroidDriver: chrome on ANDROID (62e88494c1dbcb366d86a4960534f35b)] -> xpath: .//word], [[AndroidDriver: chrome on ANDROID (62e88494c1dbcb366d86a4960534f35b)] -> xpath: .//word], [[AndroidDriver: chrome on ANDROID (62e88494c1dbcb366d86a4960534f35b)] -> xpath: .//word], [[AndroidDriver: chrome on ANDROID (62e88494c1dbcb366d86a4960534f35b)] -> xpath: .//word], [[AndroidDriver: chrome on ANDROID (62e88494c1dbcb366d86a4960534f35b)] -> xpath: .//word], [[AndroidDriver: chrome on ANDROID (62e88494c1dbcb366d86a4960534f35b)] -> xpath: .//word], [[AndroidDriver: chrome on ANDROID (62e88494c1dbcb366d86a4960534f35b)] -> xpath: .//word], [[AndroidDriver: chrome on ANDROID (62e88494c1dbcb366d86a4960534f35b)] -> xpath: .//word], [[AndroidDriver: chrome on ANDROID (62e88494c1dbcb366d86a4960534f35b)] -> xpath: .//word], [[AndroidDriver: chrome on ANDROID (62e88494c1dbcb366d86a4960534f35b)] -> xpath: .//word], [[AndroidDriver: chrome on ANDROID (62e88494c1dbcb366d86a4960534f35b)] -> xpath: .//word], [[AndroidDriver: chrome on ANDROID (62e88494c1dbcb366d86a4960534f35b)] -> xpath: .//word], [[AndroidDriver: chrome on ANDROID (62e88494c1dbcb366d86a4960534f35b)] -> xpath: .//word], [[AndroidDriver: chrome on ANDROID (62e88494c1dbcb366d86a4960534f35b)] -> xpath: .//word], [[AndroidDriver: chrome on ANDROID (62e88494c1dbcb366d86a4960534f35b)] -> xpath: .//word], [[AndroidDriver: chrome on ANDROID (62e88494c1dbcb366d86a4960534f35b)] -> xpath: .//word], [[AndroidDriver: chrome on ANDROID (62e88494c1dbcb366d86a4960534f35b)] -> xpath: .//word], [[AndroidDriver: chrome on ANDROID (62e88494c1dbcb366d86a4960534f35b)] -> xpath: .//word], [[AndroidDriver: chrome on ANDROID (62e88494c1dbcb366d86a4960534f35b)] -> xpath: .//word], [[AndroidDriver: chrome on ANDROID (62e88494c1dbcb366d86a4960534f35b)] -> xpath: .//word], [[AndroidDriver: chrome on ANDROID (62e88494c1dbcb366d86a4960534f35b)] -> xpath: .//word], [[AndroidDriver: chrome on ANDROID (62e88494c1dbcb366d86a4960534f35b)] -> xpath: .//word], [[AndroidDriver: chrome on ANDROID (62e88494c1dbcb366d86a4960534f35b)] -> xpath: .//word], [[AndroidDriver: chrome on ANDROID (62e88494c1dbcb366d86a4960534f35b)] -> xpath: .//word], [[AndroidDriver: chrome on ANDROID (62e88494c1dbcb366d86a4960534f35b)] -> xpath: .//word], [[AndroidDriver: chrome on ANDROID (62e88494c1dbcb366d86a4960534f35b)] -> xpath: .//word], [[AndroidDriver: chrome on ANDROID (62e88494c1dbcb366d86a4960534f35b)] -> xpath: .//word], [[AndroidDriver: chrome on ANDROID (62e88494c1dbcb366d86a4960534f35b)] -> xpath: .//word], [[AndroidDriver: chrome on ANDROID (62e88494c1dbcb366d86a4960534f35b)] -> xpath: .//word], [[AndroidDriver: chrome on ANDROID (62e88494c1dbcb366d86a4960534f35b)] -> xpath: .//word], [[AndroidDriver: chrome on ANDROID (62e88494c1dbcb366d86a4960534f35b)] -> xpath: .//word], [[AndroidDriver: chrome on ANDROID (62e88494c1dbcb366d86a4960534f35b)] -> xpath: .//word], [[AndroidDriver: chrome on ANDROID (62e88494c1dbcb366d86a4960534f35b)] -> xpath: .//word], [[AndroidDriver: chrome on ANDROID (62e88494c1dbcb366d86a4960534f35b)] -> xpath: .//word], [[AndroidDriver: chrome on ANDROID (62e88494c1dbcb366d86a4960534f35b)] -> xpath: .//word], [[AndroidDriver: chrome on ANDROID (62e88494c1dbcb366d86a4960534f35b)] -> xpath: .//word], [[AndroidDriver: chrome on ANDROID (62e88494c1dbcb366d86a4960534f35b)] -> xpath: .//word], [[AndroidDriver: chrome on ANDROID (62e88494c1dbcb366d86a4960534f35b)] -> xpath: .//word], [[AndroidDriver: chrome on ANDROID (62e88494c1dbcb366d86a4960534f35b)] -> xpath: .//word], [[AndroidDriver: chrome on ANDROID (62e88494c1dbcb366d86a4960534f35b)] -> xpath: .//word], [[AndroidDriver: chrome on ANDROID (62e88494c1dbcb366d86a4960534f35b)] -> xpath: .//word], [[AndroidDriver: chrome on ANDROID (62e88494c1dbcb366d86a4960534f35b)] -> xpath: .//word], [[AndroidDriver: chrome on ANDROID (62e88494c1dbcb366d86a4960534f35b)] -> xpath: .//word], [[AndroidDriver: chrome on ANDROID (62e88494c1dbcb366d86a4960534f35b)] -> xpath: .//word], [[AndroidDriver: chrome on ANDROID (62e88494c1dbcb366d86a4960534f35b)] -> xpath: .//word], [[AndroidDriver: chrome on ANDROID (62e88494c1dbcb366d86a4960534f35b)] -> xpath: .//word], [[AndroidDriver: chrome on ANDROID (62e88494c1dbcb366d86a4960534f35b)] -> xpath: .//word], [[AndroidDriver: chrome on ANDROID (62e88494c1dbcb366d86a4960534f35b)] -> xpath: .//word], [[AndroidDriver: chrome on ANDROID (62e88494c1dbcb366d86a4960534f35b)] -> xpath: .//word], [[AndroidDriver: chrome on ANDROID (62e88494c1dbcb366d86a4960534f35b)] -> xpath: .//word], [[AndroidDriver: chrome on ANDROID (62e88494c1dbcb366d86a4960534f35b)] -> xpath: .//word], [[AndroidDriver: chrome on ANDROID (62e88494c1dbcb366d86a4960534f35b)] -> xpath: .//word], [[AndroidDriver: chrome on ANDROID (62e88494c1dbcb366d86a4960534f35b)] -> xpath: .//word], [[AndroidDriver: chrome on ANDROID (62e88494c1dbcb366d86a4960534f35b)] -> xpath: .//word], [[AndroidDriver: chrome on ANDROID (62e88494c1dbcb366d86a4960534f35b)] -> xpath: .//word], [[AndroidDriver: chrome on ANDROID (62e88494c1dbcb366d86a4960534f35b)] -> xpath: .//word], [[AndroidDriver: chrome on ANDROID (62e88494c1dbcb366d86a4960534f35b)] -> xpath: .//word], [[AndroidDriver: chrome on ANDROID (62e88494c1dbcb366d86a4960534f35b)] -> xpath: .//word], [[AndroidDriver: chrome on ANDROID (62e88494c1dbcb366d86a4960534f35b)] -> xpath: .//word], [[AndroidDriver: chrome on ANDROID (62e88494c1dbcb366d86a4960534f35b)] -> xpath: .//word], [[AndroidDriver: chrome on ANDROID (62e88494c1dbcb366d86a4960534f35b)] -> xpath: .//word], [[AndroidDriver: chrome on ANDROID (62e88494c1dbcb366d86a4960534f35b)] -> xpath: .//word], [[AndroidDriver: chrome on ANDROID (62e88494c1dbcb366d86a4960534f35b)] -> xpath: .//word], [[AndroidDriver: chrome on ANDROID (62e88494c1dbcb366d86a4960534f35b)] -> xpath: .//word], [[AndroidDriver: chrome on ANDROID (62e88494c1dbcb366d86a4960534f35b)] -> xpath: .//word], [[AndroidDriver: chrome on ANDROID (62e88494c1dbcb366d86a4960534f35b)] -> xpath: .//word], [[AndroidDriver: chrome on ANDROID (62e88494c1dbcb366d86a4960534f35b)] -> xpath: .//word], [[AndroidDriver: chrome on ANDROID (62e88494c1dbcb366d86a4960534f35b)] -> xpath: .//word], [[AndroidDriver: chrome on ANDROID (62e88494c1dbcb366d86a4960534f35b)] -> xpath: .//word], [[AndroidDriver: chrome on ANDROID (62e88494c1dbcb366d86a4960534f35b)] -> xpath: .//word], [[AndroidDriver: chrome on ANDROID (62e88494c1dbcb366d86a4960534f35b)] -> xpath: .//word], [[AndroidDriver: chrome on ANDROID (62e88494c1dbcb366d86a4960534f35b)] -> xpath: .//word], [[AndroidDriver: chrome on ANDROID (62e88494c1dbcb366d86a4960534f35b)] -> xpath: .//word], [[AndroidDriver: chrome on ANDROID (62e88494c1dbcb366d86a4960534f35b)] -> xpath: .//word], [[AndroidDriver: chrome on ANDROID (62e88494c1dbcb366d86a4960534f35b)] -> xpath: .//word], [[AndroidDriver: chrome on ANDROID (62e88494c1dbcb366d86a4960534f35b)] -> xpath: .//word], [[AndroidDriver: chrome on ANDROID (62e88494c1dbcb366d86a4960534f35b)] -> xpath: .//word], [[AndroidDriver: chrome on ANDROID (62e88494c1dbcb366d86a4960534f35b)] -> xpath: .//word], [[AndroidDriver: chrome on ANDROID (62e88494c1dbcb366d86a4960534f35b)] -> xpath: .//word], [[AndroidDriver: chrome on ANDROID (62e88494c1dbcb366d86a4960534f35b)] -> xpath: .//word], [[AndroidDriver: chrome on ANDROID (62e88494c1dbcb366d86a4960534f35b)] -> xpath: .//word], [[AndroidDriver: chrome on ANDROID (62e88494c1dbcb366d86a4960534f35b)] -> xpath: .//word], [[AndroidDriver: chrome on ANDROID (62e88494c1dbcb366d86a4960534f35b)] -> xpath: .//word], [[AndroidDriver: chrome on ANDROID (62e88494c1dbcb366d86a4960534f35b)] -> xpath: .//word], [[AndroidDriver: chrome on ANDROID (62e88494c1dbcb366d86a4960534f35b)] -> xpath: .//word], [[AndroidDriver: chrome on ANDROID (62e88494c1dbcb366d86a4960534f35b)] -> xpath: .//word], [[AndroidDriver: chrome on ANDROID (62e88494c1dbcb366d86a4960534f35b)] -> xpath: .//word], [[AndroidDriver: chrome on ANDROID (62e88494c1dbcb366d86a4960534f35b)] -> xpath: .//word], [[AndroidDriver: chrome on ANDROID (62e88494c1dbcb366d86a4960534f35b)] -> xpath: .//word], [[AndroidDriver: chrome on ANDROID (62e88494c1dbcb366d86a4960534f35b)] -> xpath: .//word], [[AndroidDriver: chrome on ANDROID (62e88494c1dbcb366d86a4960534f35b)] -> xpath: .//word], [[AndroidDriver: chrome on ANDROID (62e88494c1dbcb366d86a4960534f35b)] -> xpath: .//word], [[AndroidDriver: chrome on ANDROID (62e88494c1dbcb366d86a4960534f35b)] -> xpath: .//word], [[AndroidDriver: chrome on ANDROID (62e88494c1dbcb366d86a4960534f35b)] -> xpath: .//word], [[AndroidDriver: chrome on ANDROID (62e88494c1dbcb366d86a4960534f35b)] -> xpath: .//word], [[AndroidDriver: chrome on ANDROID (62e88494c1dbcb366d86a4960534f35b)] -> xpath: .//word], [[AndroidDriver: chrome on ANDROID (62e88494c1dbcb366d86a4960534f35b)] -> xpath: .//word], [[AndroidDriver: chrome on ANDROID (62e88494c1dbcb366d86a4960534f35b)] -> xpath: .//word], [[AndroidDriver: chrome on ANDROID (62e88494c1dbcb366d86a4960534f35b)] -> xpath: .//word], [[AndroidDriver: chrome on ANDROID (62e88494c1dbcb366d86a4960534f35b)] -> xpath: .//word], [[AndroidDriver: chrome on ANDROID (62e88494c1dbcb366d86a4960534f35b)] -> xpath: .//word], [[AndroidDriver: chrome on ANDROID (62e88494c1dbcb366d86a4960534f35b)] -> xpath: .//word], [[AndroidDriver: chrome on ANDROID (62e88494c1dbcb366d86a4960534f35b)] -> xpath: .//word], [[AndroidDriver: chrome on ANDROID (62e88494c1dbcb366d86a4960534f35b)] -> xpath: .//word], [[AndroidDriver: chrome on ANDROID (62e88494c1dbcb366d86a4960534f35b)] -> xpath: .//word], [[AndroidDriver: chrome on ANDROID (62e88494c1dbcb366d86a4960534f35b)] -> xpath: .//word], [[AndroidDriver: chrome on ANDROID (62e88494c1dbcb366d86a4960534f35b)] -> xpath: .//word], [[AndroidDriver: chrome on ANDROID (62e88494c1dbcb366d86a4960534f35b)] -> xpath: .//word], [[AndroidDriver: chrome on ANDROID (62e88494c1dbcb366d86a4960534f35b)] -> xpath: .//word], [[AndroidDriver: chrome on ANDROID (62e88494c1dbcb366d86a4960534f35b)] -> xpath: .//word], [[AndroidDriver: chrome on ANDROID (62e88494c1dbcb366d86a4960534f35b)] -> xpath: .//word], [[AndroidDriver: chrome on ANDROID (62e88494c1dbcb366d86a4960534f35b)] -> xpath: .//word], [[AndroidDriver: chrome on ANDROID (62e88494c1dbcb366d86a4960534f35b)] -> xpath: .//word], [[AndroidDriver: chrome on ANDROID (62e88494c1dbcb366d86a4960534f35b)] -> xpath: .//word], [[AndroidDriver: chrome on ANDROID (62e88494c1dbcb366d86a4960534f35b)] -> xpath: .//word], [[AndroidDriver: chrome on ANDROID (62e88494c1dbcb366d86a4960534f35b)] -> xpath: .//word], [[AndroidDriver: chrome on ANDROID (62e88494c1dbcb366d86a4960534f35b)] -> xpath: .//word], [[AndroidDriver: chrome on ANDROID (62e88494c1dbcb366d86a4960534f35b)] -> xpath: .//word], [[AndroidDriver: chrome on ANDROID (62e88494c1dbcb366d86a4960534f35b)] -> xpath: .//word], [[AndroidDriver: chrome on ANDROID (62e88494c1dbcb366d86a4960534f35b)] -> xpath: .//word], [[AndroidDriver: chrome on ANDROID (62e88494c1dbcb366d86a4960534f35b)] -> xpath: .//word], [[AndroidDriver: chrome on ANDROID (62e88494c1dbcb366d86a4960534f35b)] -> xpath: .//word], [[AndroidDriver: chrome on ANDROID (62e88494c1dbcb366d86a4960534f35b)] -> xpath: .//word], [[AndroidDriver: chrome on ANDROID (62e88494c1dbcb366d86a4960534f35b)] -> xpath: .//word], [[AndroidDriver: chrome on ANDROID (62e88494c1dbcb366d86a4960534f35b)] -> xpath: .//word], [[AndroidDriver: chrome on ANDROID (62e88494c1dbcb366d86a4960534f35b)] -> xpath: .//word], [[AndroidDriver: chrome on ANDROID (62e88494c1dbcb366d86a4960534f35b)] -> xpath: .//word], [[AndroidDriver: chrome on ANDROID (62e88494c1dbcb366d86a4960534f35b)] -> xpath: .//word], [[AndroidDriver: chrome on ANDROID (62e88494c1dbcb366d86a4960534f35b)] -> xpath: .//word], [[AndroidDriver: chrome on ANDROID (62e88494c1dbcb366d86a4960534f35b)] -> xpath: .//word], [[AndroidDriver: chrome on ANDROID (62e88494c1dbcb366d86a4960534f35b)] -> xpath: .//word], [[AndroidDriver: chrome on ANDROID (62e88494c1dbcb366d86a4960534f35b)] -> xpath: .//word], [[AndroidDriver: chrome on ANDROID (62e88494c1dbcb366d86a4960534f35b)] -> xpath: .//word], [[AndroidDriver: chrome on ANDROID (62e88494c1dbcb366d86a4960534f35b)] -> xpath: .//word], [[AndroidDriver: chrome on ANDROID (62e88494c1dbcb366d86a4960534f35b)] -> xpath: .//word], [[AndroidDriver: chrome on ANDROID (62e88494c1dbcb366d86a4960534f35b)] -> xpath: .//word], [[AndroidDriver: chrome on ANDROID (62e88494c1dbcb366d86a4960534f35b)] -> xpath: .//word], [[AndroidDriver: chrome on ANDROID (62e88494c1dbcb366d86a4960534f35b)] -> xpath: .//word], [[AndroidDriver: chrome on ANDROID (62e88494c1dbcb366d86a4960534f35b)] -> xpath: .//word], [[AndroidDriver: chrome on ANDROID (62e88494c1dbcb366d86a4960534f35b)] -> xpath: .//word], [[AndroidDriver: chrome on ANDROID (62e88494c1dbcb366d86a4960534f35b)] -> xpath: .//word], [[AndroidDriver: chrome on ANDROID (62e88494c1dbcb366d86a4960534f35b)] -> xpath: .//word], [[AndroidDriver: chrome on ANDROID (62e88494c1dbcb366d86a4960534f35b)] -> xpath: .//word], [[AndroidDriver: chrome on ANDROID (62e88494c1dbcb366d86a4960534f35b)] -> xpath: .//word], [[AndroidDriver: chrome on ANDROID (62e88494c1dbcb366d86a4960534f35b)] -> xpath: .//word], [[AndroidDriver: chrome on ANDROID (62e88494c1dbcb366d86a4960534f35b)] -> xpath: .//word], [[AndroidDriver: chrome on ANDROID (62e88494c1dbcb366d86a4960534f35b)] -> xpath: .//word], [[AndroidDriver: chrome on ANDROID (62e88494c1dbcb366d86a4960534f35b)] -> xpath: .//word], [[AndroidDriver: chrome on ANDROID (62e88494c1dbcb366d86a4960534f35b)] -> xpath: .//word], [[AndroidDriver: chrome on ANDROID (62e88494c1dbcb366d86a4960534f35b)] -> xpath: .//word], [[AndroidDriver: chrome on ANDROID (62e88494c1dbcb366d86a4960534f35b)] -> xpath: .//word], [[AndroidDriver: chrome on ANDROID (62e88494c1dbcb366d86a4960534f35b)] -> xpath: .//word], [[AndroidDriver: chrome on ANDROID (62e88494c1dbcb366d86a4960534f35b)] -> xpath: .//word], [[AndroidDriver: chrome on ANDROID (62e88494c1dbcb366d86a4960534f35b)] -> xpath: .//word], [[AndroidDriver: chrome on ANDROID (62e88494c1dbcb366d86a4960534f35b)] -> xpath: .//word], [[AndroidDriver: chrome on ANDROID (62e88494c1dbcb366d86a4960534f35b)] -> xpath: .//word], [[AndroidDriver: chrome on ANDROID (62e88494c1dbcb366d86a4960534f35b)] -> xpath: .//word], [[AndroidDriver: chrome on ANDROID (62e88494c1dbcb366d86a4960534f35b)] -> xpath: .//word], [[AndroidDriver: chrome on ANDROID (62e88494c1dbcb366d86a4960534f35b)] -> xpath: .//word], [[AndroidDriver: chrome on ANDROID (62e88494c1dbcb366d86a4960534f35b)] -> xpath: .//word], [[AndroidDriver: chrome on ANDROID (62e88494c1dbcb366d86a4960534f35b)] -> xpath: .//word], [[AndroidDriver: chrome on ANDROID (62e88494c1dbcb366d86a4960534f35b)] -> xpath: .//word], [[AndroidDriver: chrome on ANDROID (62e88494c1dbcb366d86a4960534f35b)] -> xpath: .//word], [[AndroidDriver: chrome on ANDROID (62e88494c1dbcb366d86a4960534f35b)] -> xpath: .//word], [[AndroidDriver: chrome on ANDROID (62e88494c1dbcb366d86a4960534f35b)] -> xpath: .//word], [[AndroidDriver: chrome on ANDROID (62e88494c1dbcb366d86a4960534f35b)] -> xpath: .//word], [[AndroidDriver: chrome on ANDROID (62e88494c1dbcb366d86a4960534f35b)] -> xpath: .//word], [[AndroidDriver: chrome on ANDROID (62e88494c1dbcb366d86a4960534f35b)] -> xpath: .//word], [[AndroidDriver: chrome on ANDROID (62e88494c1dbcb366d86a4960534f35b)] -> xpath: .//word], [[AndroidDriver: chrome on ANDROID (62e88494c1dbcb366d86a4960534f35b)] -> xpath: .//word], [[AndroidDriver: chrome on ANDROID (62e88494c1dbcb366d86a4960534f35b)] -> xpath: .//word], [[AndroidDriver: chrome on ANDROID (62e88494c1dbcb366d86a4960534f35b)] -> xpath: .//word], [[AndroidDriver: chrome on ANDROID (62e88494c1dbcb366d86a4960534f35b)] -> xpath: .//word], [[AndroidDriver: chrome on ANDROID (62e88494c1dbcb366d86a4960534f35b)] -> xpath: .//word], [[AndroidDriver: chrome on ANDROID (62e88494c1dbcb366d86a4960534f35b)] -> xpath: .//word], [[AndroidDriver: chrome on ANDROID (62e88494c1dbcb366d86a4960534f35b)] -> xpath: .//word], [[AndroidDriver: chrome on ANDROID (62e88494c1dbcb366d86a4960534f35b)] -> xpath: .//word], [[AndroidDriver: chrome on ANDROID (62e88494c1dbcb366d86a4960534f35b)] -> xpath: .//word], [[AndroidDriver: chrome on ANDROID (62e88494c1dbcb366d86a4960534f35b)] -> xpath: .//word], [[AndroidDriver: chrome on ANDROID (62e88494c1dbcb366d86a4960534f35b)] -> xpath: .//word], [[AndroidDriver: chrome on ANDROID (62e88494c1dbcb366d86a4960534f35b)] -> xpath: .//word], [[AndroidDriver: chrome on ANDROID (62e88494c1dbcb366d86a4960534f35b)] -> xpath: .//word], [[AndroidDriver: chrome on ANDROID (62e88494c1dbcb366d86a4960534f35b)] -> xpath: .//word], [[AndroidDriver: chrome on ANDROID (62e88494c1dbcb366d86a4960534f35b)] -> xpath: .//word], [[AndroidDriver: chrome on ANDROID (62e88494c1dbcb366d86a4960534f35b)] -> xpath: .//word], [[AndroidDriver: chrome on ANDROID (62e88494c1dbcb366d86a4960534f35b)] -> xpath: .//word], [[AndroidDriver: chrome on ANDROID (62e88494c1dbcb366d86a4960534f35b)] -> xpath: .//word], [[AndroidDriver: chrome on ANDROID (62e88494c1dbcb366d86a4960534f35b)] -> xpath: .//word], [[AndroidDriver: chrome on ANDROID (62e88494c1dbcb366d86a4960534f35b)] -> xpath: .//word], [[AndroidDriver: chrome on ANDROID (62e88494c1dbcb366d86a4960534f35b)] -> xpath: .//word], [[AndroidDriver: chrome on ANDROID (62e88494c1dbcb366d86a4960534f35b)] -> xpath: .//word], [[AndroidDriver: chrome on ANDROID (62e88494c1dbcb366d86a4960534f35b)] -> xpath: .//word], [[AndroidDriver: chrome on ANDROID (62e88494c1dbcb366d86a4960534f35b)] -> xpath: .//word], [[AndroidDriver: chrome on ANDROID (62e88494c1dbcb366d86a4960534f35b)] -> xpath: .//word], [[AndroidDriver: chrome on ANDROID (62e88494c1dbcb366d86a4960534f35b)] -> xpath: .//word], [[AndroidDriver: chrome on ANDROID (62e88494c1dbcb366d86a4960534f35b)] -> xpath: .//word], [[AndroidDriver: chrome on ANDROID (62e88494c1dbcb366d86a4960534f35b)] -> xpath: .//word], [[AndroidDriver: chrome on ANDROID (62e88494c1dbcb366d86a4960534f35b)] -> xpath: .//word], [[AndroidDriver: chrome on ANDROID (62e88494c1dbcb366d86a4960534f35b)] -> xpath: .//word], [[AndroidDriver: chrome on ANDROID (62e88494c1dbcb366d86a4960534f35b)] -> xpath: .//word], [[AndroidDriver: chrome on ANDROID (62e88494c1dbcb366d86a4960534f35b)] -> xpath: .//word], [[AndroidDriver: chrome on ANDROID (62e88494c1dbcb366d86a4960534f35b)] -> xpath: .//word], [[AndroidDriver: chrome on ANDROID (62e88494c1dbcb366d86a4960534f35b)] -> xpath: .//word], [[AndroidDriver: chrome on ANDROID (62e88494c1dbcb366d86a4960534f35b)] -> xpath: .//word], [[AndroidDriver: chrome on ANDROID (62e88494c1dbcb366d86a4960534f35b)] -> xpath: .//word], [[AndroidDriver: chrome on ANDROID (62e88494c1dbcb366d86a4960534f35b)] -> xpath: .//word], [[AndroidDriver: chrome on ANDROID (62e88494c1dbcb366d86a4960534f35b)] -> xpath: .//word], [[AndroidDriver: chrome on ANDROID (62e88494c1dbcb366d86a4960534f35b)] -> xpath: .//word], [[AndroidDriver: chrome on ANDROID (62e88494c1dbcb366d86a4960534f35b)] -> xpath: .//word], [[AndroidDriver: chrome on ANDROID (62e88494c1dbcb366d86a4960534f35b)] -> xpath: .//word], [[AndroidDriver: chrome on ANDROID (62e88494c1dbcb366d86a4960534f35b)] -> xpath: .//word], [[AndroidDriver: chrome on ANDROID (62e88494c1dbcb366d86a4960534f35b)] -> xpath: .//word], [[AndroidDriver: chrome on ANDROID (62e88494c1dbcb366d86a4960534f35b)] -> xpath: .//word], [[AndroidDriver: chrome on ANDROID (62e88494c1dbcb366d86a4960534f35b)] -> xpath: .//word], [[AndroidDriver: chrome on ANDROID (62e88494c1dbcb366d86a4960534f35b)] -> xpath: .//word], [[AndroidDriver: chrome on ANDROID (62e88494c1dbcb366d86a4960534f35b)] -> xpath: .//word], [[AndroidDriver: chrome on ANDROID (62e88494c1dbcb366d86a4960534f35b)] -> xpath: .//word], [[AndroidDriver: chrome on ANDROID (62e88494c1dbcb366d86a4960534f35b)] -> xpath: .//word], [[AndroidDriver: chrome on ANDROID (62e88494c1dbcb366d86a4960534f35b)] -> xpath: .//word], [[AndroidDriver: chrome on ANDROID (62e88494c1dbcb366d86a4960534f35b)] -> xpath: .//word], [[AndroidDriver: chrome on ANDROID (62e88494c1dbcb366d86a4960534f35b)] -> xpath: .//word], [[AndroidDriver: chrome on ANDROID (62e88494c1dbcb366d86a4960534f35b)] -> xpath: .//word], [[AndroidDriver: chrome on ANDROID (62e88494c1dbcb366d86a4960534f35b)] -> xpath: .//word], [[AndroidDriver: chrome on ANDROID (62e88494c1dbcb366d86a4960534f35b)] -> xpath: .//word], [[AndroidDriver: chrome on ANDROID (62e88494c1dbcb366d86a4960534f35b)] -> xpath: .//word], [[AndroidDriver: chrome on ANDROID (62e88494c1dbcb366d86a4960534f35b)] -> xpath: .//word], [[AndroidDriver: chrome on ANDROID (62e88494c1dbcb366d86a4960534f35b)] -> xpath: .//word], [[AndroidDriver: chrome on ANDROID (62e88494c1dbcb366d86a4960534f35b)] -> xpath: .//word], [[AndroidDriver: chrome on ANDROID (62e88494c1dbcb366d86a4960534f35b)] -> xpath: .//word], [[AndroidDriver: chrome on ANDROID (62e88494c1dbcb366d86a4960534f35b)] -> xpath: .//word], [[AndroidDriver: chrome on ANDROID (62e88494c1dbcb366d86a4960534f35b)] -> xpath: .//word], [[AndroidDriver: chrome on ANDROID (62e88494c1dbcb366d86a4960534f35b)] -> xpath: .//word], [[AndroidDriver: chrome on ANDROID (62e88494c1dbcb366d86a4960534f35b)] -> xpath: .//word], [[AndroidDriver: chrome on ANDROID (62e88494c1dbcb366d86a4960534f35b)] -> xpath: .//word], [[AndroidDriver: chrome on ANDROID (62e88494c1dbcb366d86a4960534f35b)] -> xpath: .//word], [[AndroidDriver: chrome on ANDROID (62e88494c1dbcb366d86a4960534f35b)] -> xpath: .//word], [[AndroidDriver: chrome on ANDROID (62e88494c1dbcb366d86a4960534f35b)] -> xpath: .//word], [[AndroidDriver: chrome on ANDROID (62e88494c1dbcb366d86a4960534f35b)] -> xpath: .//word], [[AndroidDriver: chrome on ANDROID (62e88494c1dbcb366d86a4960534f35b)] -> xpath: .//word], [[AndroidDriver: chrome on ANDROID (62e88494c1dbcb366d86a4960534f35b)] -> xpath: .//word], [[AndroidDriver: chrome on ANDROID (62e88494c1dbcb366d86a4960534f35b)] -> xpath: .//word], [[AndroidDriver: chrome on ANDROID (62e88494c1dbcb366d86a4960534f35b)] -> xpath: .//word], [[AndroidDriver: chrome on ANDROID (62e88494c1dbcb366d86a4960534f35b)] -> xpath: .//word], [[AndroidDriver: chrome on ANDROID (62e88494c1dbcb366d86a4960534f35b)] -> xpath: .//word], [[AndroidDriver: chrome on ANDROID (62e88494c1dbcb366d86a4960534f35b)] -> xpath: .//word], [[AndroidDriver: chrome on ANDROID (62e88494c1dbcb366d86a4960534f35b)] -> xpath: .//word], [[AndroidDriver: chrome on ANDROID (62e88494c1dbcb366d86a4960534f35b)] -> xpath: .//word], [[AndroidDriver: chrome on ANDROID (62e88494c1dbcb366d86a4960534f35b)] -> xpath: .//word], [[AndroidDriver: chrome on ANDROID (62e88494c1dbcb366d86a4960534f35b)] -> xpath: .//word], [[AndroidDriver: chrome on ANDROID (62e88494c1dbcb366d86a4960534f35b)] -> xpath: .//word], [[AndroidDriver: chrome on ANDROID (62e88494c1dbcb366d86a4960534f35b)] -> xpath: .//word], [[AndroidDriver: chrome on ANDROID (62e88494c1dbcb366d86a4960534f35b)] -> xpath: .//word], [[AndroidDriver: chrome on ANDROID (62e88494c1dbcb366d86a4960534f35b)] -> xpath: .//word], [[AndroidDriver: chrome on ANDROID (62e88494c1dbcb366d86a4960534f35b)] -> xpath: .//word], [[AndroidDriver: chrome on ANDROID (62e88494c1dbcb366d86a4960534f35b)] -> xpath: .//word], [[AndroidDriver: chrome on ANDROID (62e88494c1dbcb366d86a4960534f35b)] -> xpath: .//word], [[AndroidDriver: chrome on ANDROID (62e88494c1dbcb366d86a4960534f35b)] -> xpath: .//word], [[AndroidDriver: chrome on ANDROID (62e88494c1dbcb366d86a4960534f35b)] -> xpath: .//word], [[AndroidDriver: chrome on ANDROID (62e88494c1dbcb366d86a4960534f35b)] -> xpath: .//word], [[AndroidDriver: chrome on ANDROID (62e88494c1dbcb366d86a4960534f35b)] -> xpath: .//word], [[AndroidDriver: chrome on ANDROID (62e88494c1dbcb366d86a4960534f35b)] -> xpath: .//word], [[AndroidDriver: chrome on ANDROID (62e88494c1dbcb366d86a4960534f35b)] -> xpath: .//word], [[AndroidDriver: chrome on ANDROID (62e88494c1dbcb366d86a4960534f35b)] -> xpath: .//word], [[AndroidDriver: chrome on ANDROID (62e88494c1dbcb366d86a4960534f35b)] -> xpath: .//word], [[AndroidDriver: chrome on ANDROID (62e88494c1dbcb366d86a4960534f35b)] -> xpath: .//word], [[AndroidDriver: chrome on ANDROID (62e88494c1dbcb366d86a4960534f35b)] -> xpath: .//word], [[AndroidDriver: chrome on ANDROID (62e88494c1dbcb366d86a4960534f35b)] -> xpath: .//word], [[AndroidDriver: chrome on ANDROID (62e88494c1dbcb366d86a4960534f35b)] -> xpath: .//word], [[AndroidDriver: chrome on ANDROID (62e88494c1dbcb366d86a4960534f35b)] -> xpath: .//word], [[AndroidDriver: chrome on ANDROID (62e88494c1dbcb366d86a4960534f35b)] -> xpath: .//word], [[AndroidDriver: chrome on ANDROID (62e88494c1dbcb366d86a4960534f35b)] -> xpath: .//word], [[AndroidDriver: chrome on ANDROID (62e88494c1dbcb366d86a4960534f35b)] -> xpath: .//word], [[AndroidDriver: chrome on ANDROID (62e88494c1dbcb366d86a4960534f35b)] -> xpath: .//word], [[AndroidDriver: chrome on ANDROID (62e88494c1dbcb366d86a4960534f35b)] -> xpath: .//word], [[AndroidDriver: chrome on ANDROID (62e88494c1dbcb366d86a4960534f35b)] -> xpath: .//word], [[AndroidDriver: chrome on ANDROID (62e88494c1dbcb366d86a4960534f35b)] -> xpath: .//word], [[AndroidDriver: chrome on ANDROID (62e88494c1dbcb366d86a4960534f35b)] -> xpath: .//word], [[AndroidDriver: chrome on ANDROID (62e88494c1dbcb366d86a4960534f35b)] -> xpath: .//word], [[AndroidDriver: chrome on ANDROID (62e88494c1dbcb366d86a4960534f35b)] -> xpath: .//word], [[AndroidDriver: chrome on ANDROID (62e88494c1dbcb366d86a4960534f35b)] -> xpath: .//word], [[AndroidDriver: chrome on ANDROID (62e88494c1dbcb366d86a4960534f35b)] -> xpath: .//word], [[AndroidDriver: chrome on ANDROID (62e88494c1dbcb366d86a4960534f35b)] -> xpath: .//word], [[AndroidDriver: chrome on ANDROID (62e88494c1dbcb366d86a4960534f35b)] -> xpath: .//word], [[AndroidDriver: chrome on ANDROID (62e88494c1dbcb366d86a4960534f35b)] -> xpath: .//word], [[AndroidDriver: chrome on ANDROID (62e88494c1dbcb366d86a4960534f35b)] -> xpath: .//word], [[AndroidDriver: chrome on ANDROID (62e88494c1dbcb366d86a4960534f35b)] -> xpath: .//word], [[AndroidDriver: chrome on ANDROID (62e88494c1dbcb366d86a4960534f35b)] -> xpath: .//word], [[AndroidDriver: chrome on ANDROID (62e88494c1dbcb366d86a4960534f35b)] -> xpath: .//word], [[AndroidDriver: chrome on ANDROID (62e88494c1dbcb366d86a4960534f35b)] -> xpath: .//word], [[AndroidDriver: chrome on ANDROID (62e88494c1dbcb366d86a4960534f35b)] -> xpath: .//word], [[AndroidDriver: chrome on ANDROID (62e88494c1dbcb366d86a4960534f35b)] -> xpath: .//word], [[AndroidDriver: chrome on ANDROID (62e88494c1dbcb366d86a4960534f35b)] -> xpath: .//word], [[AndroidDriver: chrome on ANDROID (62e88494c1dbcb366d86a4960534f35b)] -> xpath: .//word], [[AndroidDriver: chrome on ANDROID (62e88494c1dbcb366d86a4960534f35b)] -> xpath: .//word], [[AndroidDriver: chrome on ANDROID (62e88494c1dbcb366d86a4960534f35b)] -> xpath: .//word], [[AndroidDriver: chrome on ANDROID (62e88494c1dbcb366d86a4960534f35b)] -> xpath: .//word], [[AndroidDriver: chrome on ANDROID (62e88494c1dbcb366d86a4960534f35b)] -> xpath: .//word], [[AndroidDriver: chrome on ANDROID (62e88494c1dbcb366d86a4960534f35b)] -> xpath: .//word], [[AndroidDriver: chrome on ANDROID (62e88494c1dbcb366d86a4960534f35b)] -> xpath: .//word], [[AndroidDriver: chrome on ANDROID (62e88494c1dbcb366d86a4960534f35b)] -> xpath: .//word], [[AndroidDriver: chrome on ANDROID (62e88494c1dbcb366d86a4960534f35b)] -> xpath: .//word], [[AndroidDriver: chrome on ANDROID (62e88494c1dbcb366d86a4960534f35b)] -> xpath: .//word], [[AndroidDriver: chrome on ANDROID (62e88494c1dbcb366d86a4960534f35b)] -> xpath: .//word], [[AndroidDriver: chrome on ANDROID (62e88494c1dbcb366d86a4960534f35b)] -> xpath: .//word], [[AndroidDriver: chrome on ANDROID (62e88494c1dbcb366d86a4960534f35b)] -> xpath: .//word], [[AndroidDriver: chrome on ANDROID (62e88494c1dbcb366d86a4960534f35b)] -> xpath: .//word], [[AndroidDriver: chrome on ANDROID (62e88494c1dbcb366d86a4960534f35b)] -> xpath: .//word], [[AndroidDriver: chrome on ANDROID (62e88494c1dbcb366d86a4960534f35b)] -> xpath: .//word], [[AndroidDriver: chrome on ANDROID (62e88494c1dbcb366d86a4960534f35b)] -> xpath: .//word], [[AndroidDriver: chrome on ANDROID (62e88494c1dbcb366d86a4960534f35b)] -> xpath: .//word], [[AndroidDriver: chrome on ANDROID (62e88494c1dbcb366d86a4960534f35b)] -> xpath: .//word], [[AndroidDriver: chrome on ANDROID (62e88494c1dbcb366d86a4960534f35b)] -> xpath: .//word], [[AndroidDriver: chrome on ANDROID (62e88494c1dbcb366d86a4960534f35b)] -> xpath: .//word], [[AndroidDriver: chrome on ANDROID (62e88494c1dbcb366d86a4960534f35b)] -> xpath: .//word], [[AndroidDriver: chrome on ANDROID (62e88494c1dbcb366d86a4960534f35b)] -> xpath: .//word], [[AndroidDriver: chrome on ANDROID (62e88494c1dbcb366d86a4960534f35b)] -> xpath: .//word], [[AndroidDriver: chrome on ANDROID (62e88494c1dbcb366d86a4960534f35b)] -> xpath: .//word], [[AndroidDriver: chrome on ANDROID (62e88494c1dbcb366d86a4960534f35b)] -> xpath: .//word], [[AndroidDriver: chrome on ANDROID (62e88494c1dbcb366d86a4960534f35b)] -> xpath: .//word], [[AndroidDriver: chrome on ANDROID (62e88494c1dbcb366d86a4960534f35b)] -> xpath: .//word], [[AndroidDriver: chrome on ANDROID (62e88494c1dbcb366d86a4960534f35b)] -> xpath: .//word], [[AndroidDriver: chrome on ANDROID (62e88494c1dbcb366d86a4960534f35b)] -> xpath: .//word], [[AndroidDriver: chrome on ANDROID (62e88494c1dbcb366d86a4960534f35b)] -> xpath: .//word], [[AndroidDriver: chrome on ANDROID (62e88494c1dbcb366d86a4960534f35b)] -> xpath: .//word], [[AndroidDriver: chrome on ANDROID (62e88494c1dbcb366d86a4960534f35b)] -> xpath: .//word], [[AndroidDriver: chrome on ANDROID (62e88494c1dbcb366d86a4960534f35b)] -> xpath: .//word], [[AndroidDriver: chrome on ANDROID (62e88494c1dbcb366d86a4960534f35b)] -> xpath: .//word], [[AndroidDriver: chrome on ANDROID (62e88494c1dbcb366d86a4960534f35b)] -> xpath: .//word], [[AndroidDriver: chrome on ANDROID (62e88494c1dbcb366d86a4960534f35b)] -> xpath: .//word], [[AndroidDriver: chrome on ANDROID (62e88494c1dbcb366d86a4960534f35b)] -> xpath: .//word], [[AndroidDriver: chrome on ANDROID (62e88494c1dbcb366d86a4960534f35b)] -> xpath: .//word], [[AndroidDriver: chrome on ANDROID (62e88494c1dbcb366d86a4960534f35b)] -> xpath: .//word], [[AndroidDriver: chrome on ANDROID (62e88494c1dbcb366d86a4960534f35b)] -> xpath: .//word], [[AndroidDriver: chrome on ANDROID (62e88494c1dbcb366d86a4960534f35b)] -> xpath: .//word], [[AndroidDriver: chrome on ANDROID (62e88494c1dbcb366d86a4960534f35b)] -> xpath: .//word], [[AndroidDriver: chrome on ANDROID (62e88494c1dbcb366d86a4960534f35b)] -> xpath: .//word], [[AndroidDriver: chrome on ANDROID (62e88494c1dbcb366d86a4960534f35b)] -> xpath: .//word], [[AndroidDriver: chrome on ANDROID (62e88494c1dbcb366d86a4960534f35b)] -> xpath: .//word], [[AndroidDriver: chrome on ANDROID (62e88494c1dbcb366d86a4960534f35b)] -> xpath: .//word], [[AndroidDriver: chrome on ANDROID (62e88494c1dbcb366d86a4960534f35b)] -> xpath: .//word], [[AndroidDriver: chrome on ANDROID (62e88494c1dbcb366d86a4960534f35b)] -> xpath: .//word], [[AndroidDriver: chrome on ANDROID (62e88494c1dbcb366d86a4960534f35b)] -> xpath: .//word], [[AndroidDriver: chrome on ANDROID (62e88494c1dbcb366d86a4960534f35b)] -> xpath: .//word], [[AndroidDriver: chrome on ANDROID (62e88494c1dbcb366d86a4960534f35b)] -> xpath: .//word], [[AndroidDriver: chrome on ANDROID (62e88494c1dbcb366d86a4960534f35b)] -> xpath: .//word], [[AndroidDriver: chrome on ANDROID (62e88494c1dbcb366d86a4960534f35b)] -> xpath: .//word], [[AndroidDriver: chrome on ANDROID (62e88494c1dbcb366d86a4960534f35b)] -> xpath: .//word], [[AndroidDriver: chrome on ANDROID (62e88494c1dbcb366d86a4960534f35b)] -> xpath: .//word], [[AndroidDriver: chrome on ANDROID (62e88494c1dbcb366d86a4960534f35b)] -> xpath: .//word], [[AndroidDriver: chrome on ANDROID (62e88494c1dbcb366d86a4960534f35b)] -> xpath: .//word], [[AndroidDriver: chrome on ANDROID (62e88494c1dbcb366d86a4960534f35b)] -> xpath: .//word], [[AndroidDriver: chrome on ANDROID (62e88494c1dbcb366d86a4960534f35b)] -> xpath: .//word], [[AndroidDriver: chrome on ANDROID (62e88494c1dbcb366d86a4960534f35b)] -> xpath: .//word], [[AndroidDriver: chrome on ANDROID (62e88494c1dbcb366d86a4960534f35b)] -> xpath: .//word], [[AndroidDriver: chrome on ANDROID (62e88494c1dbcb366d86a4960534f35b)] -> xpath: .//word], [[AndroidDriver: chrome on ANDROID (62e88494c1dbcb366d86a4960534f35b)] -> xpath: .//word], [[AndroidDriver: chrome on ANDROID (62e88494c1dbcb366d86a4960534f35b)] -> xpath: .//word], [[AndroidDriver: chrome on ANDROID (62e88494c1dbcb366d86a4960534f35b)] -> xpath: .//word], [[AndroidDriver: chrome on ANDROID (62e88494c1dbcb366d86a4960534f35b)] -> xpath: .//word], [[AndroidDriver: chrome on ANDROID (62e88494c1dbcb366d86a4960534f35b)] -> xpath: .//word], [[AndroidDriver: chrome on ANDROID (62e88494c1dbcb366d86a4960534f35b)] -> xpath: .//word], [[AndroidDriver: chrome on ANDROID (62e88494c1dbcb366d86a4960534f35b)] -> xpath: .//word], [[AndroidDriver: chrome on ANDROID (62e88494c1dbcb366d86a4960534f35b)] -> xpath: .//word], [[AndroidDriver: chrome on ANDROID (62e88494c1dbcb366d86a4960534f35b)] -> xpath: .//word], [[AndroidDriver: chrome on ANDROID (62e88494c1dbcb366d86a4960534f35b)] -> xpath: .//word], [[AndroidDriver: chrome on ANDROID (62e88494c1dbcb366d86a4960534f35b)] -> xpath: .//word], [[AndroidDriver: chrome on ANDROID (62e88494c1dbcb366d86a4960534f35b)] -> xpath: .//word], [[AndroidDriver: chrome on ANDROID (62e88494c1dbcb366d86a4960534f35b)] -> xpath: .//word], [[AndroidDriver: chrome on ANDROID (62e88494c1dbcb366d86a4960534f35b)] -> xpath: .//word], [[AndroidDriver: chrome on ANDROID (62e88494c1dbcb366d86a4960534f35b)] -> xpath: .//word], [[AndroidDriver: chrome on ANDROID (62e88494c1dbcb366d86a4960534f35b)] -> xpath: .//word], [[AndroidDriver: chrome on ANDROID (62e88494c1dbcb366d86a4960534f35b)] -> xpath: .//word], [[AndroidDriver: chrome on ANDROID (62e88494c1dbcb366d86a4960534f35b)] -> xpath: .//word], [[AndroidDriver: chrome on ANDROID (62e88494c1dbcb366d86a4960534f35b)] -> xpath: .//word], [[AndroidDriver: chrome on ANDROID (62e88494c1dbcb366d86a4960534f35b)] -> xpath: .//word], [[AndroidDriver: chrome on ANDROID (62e88494c1dbcb366d86a4960534f35b)] -> xpath: .//word], [[AndroidDriver: chrome on ANDROID (62e88494c1dbcb366d86a4960534f35b)] -> xpath: .//word], [[AndroidDriver: chrome on ANDROID (62e88494c1dbcb366d86a4960534f35b)] -> xpath: .//word], [[AndroidDriver: chrome on ANDROID (62e88494c1dbcb366d86a4960534f35b)] -> xpath: .//word], [[AndroidDriver: chrome on ANDROID (62e88494c1dbcb366d86a4960534f35b)] -> xpath: .//word], [[AndroidDriver: chrome on ANDROID (62e88494c1dbcb366d86a4960534f35b)] -> xpath: .//word], [[AndroidDriver: chrome on ANDROID (62e88494c1dbcb366d86a4960534f35b)] -> xpath: .//word], [[AndroidDriver: chrome on ANDROID (62e88494c1dbcb366d86a4960534f35b)] -> xpath: .//word], [[AndroidDriver: chrome on ANDROID (62e88494c1dbcb366d86a4960534f35b)] -> xpath: .//word], [[AndroidDriver: chrome on ANDROID (62e88494c1dbcb366d86a4960534f35b)] -> xpath: .//word], [[AndroidDriver: chrome on ANDROID (62e88494c1dbcb366d86a4960534f35b)] -> xpath: .//word], [[AndroidDriver: chrome on ANDROID (62e88494c1dbcb366d86a4960534f35b)] -> xpath: .//word], [[AndroidDriver: chrome on ANDROID (62e88494c1dbcb366d86a4960534f35b)] -> xpath: .//word], [[AndroidDriver: chrome on ANDROID (62e88494c1dbcb366d86a4960534f35b)] -> xpath: .//word], [[AndroidDriver: chrome on ANDROID (62e88494c1dbcb366d86a4960534f35b)] -> xpath: .//word], [[AndroidDriver: chrome on ANDROID (62e88494c1dbcb366d86a4960534f35b)] -> xpath: .//word], [[AndroidDriver: chrome on ANDROID (62e88494c1dbcb366d86a4960534f35b)] -> xpath: .//word], [[AndroidDriver: chrome on ANDROID (62e88494c1dbcb366d86a4960534f35b)] -> xpath: .//word], [[AndroidDriver: chrome on ANDROID (62e88494c1dbcb366d86a4960534f35b)] -> xpath: .//word], [[AndroidDriver: chrome on ANDROID (62e88494c1dbcb366d86a4960534f35b)] -> xpath: .//word], [[AndroidDriver: chrome on ANDROID (62e88494c1dbcb366d86a4960534f35b)] -> xpath: .//word], [[AndroidDriver: chrome on ANDROID (62e88494c1dbcb366d86a4960534f35b)] -> xpath: .//word], [[AndroidDriver: chrome on ANDROID (62e88494c1dbcb366d86a4960534f35b)] -> xpath: .//word], [[AndroidDriver: chrome on ANDROID (62e88494c1dbcb366d86a4960534f35b)] -> xpath: .//word], [[AndroidDriver: chrome on ANDROID (62e88494c1dbcb366d86a4960534f35b)] -> xpath: .//word], [[AndroidDriver: chrome on ANDROID (62e88494c1dbcb366d86a4960534f35b)] -> xpath: .//word], [[AndroidDriver: chrome on ANDROID (62e88494c1dbcb366d86a4960534f35b)] -> xpath: .//word], [[AndroidDriver: chrome on ANDROID (62e88494c1dbcb366d86a4960534f35b)] -> xpath: .//word], [[AndroidDriver: chrome on ANDROID (62e88494c1dbcb366d86a4960534f35b)] -> xpath: .//word], [[AndroidDriver: chrome on ANDROID (62e88494c1dbcb366d86a4960534f35b)] -> xpath: .//word], [[AndroidDriver: chrome on ANDROID (62e88494c1dbcb366d86a4960534f35b)] -> xpath: .//word], [[AndroidDriver: chrome on ANDROID (62e88494c1dbcb366d86a4960534f35b)] -> xpath: .//word], [[AndroidDriver: chrome on ANDROID (62e88494c1dbcb366d86a4960534f35b)] -> xpath: .//word], [[AndroidDriver: chrome on ANDROID (62e88494c1dbcb366d86a4960534f35b)] -> xpath: .//word], [[AndroidDriver: chrome on ANDROID (62e88494c1dbcb366d86a4960534f35b)] -> xpath: .//word], [[AndroidDriver: chrome on ANDROID (62e88494c1dbcb366d86a4960534f35b)] -> xpath: .//word], [[AndroidDriver: chrome on ANDROID (62e88494c1dbcb366d86a4960534f35b)] -> xpath: .//word], [[AndroidDriver: chrome on ANDROID (62e88494c1dbcb366d86a4960534f35b)] -> xpath: .//word], [[AndroidDriver: chrome on ANDROID (62e88494c1dbcb366d86a4960534f35b)] -> xpath: .//word], [[AndroidDriver: chrome on ANDROID (62e88494c1dbcb366d86a4960534f35b)] -> xpath: .//word], [[AndroidDriver: chrome on ANDROID (62e88494c1dbcb366d86a4960534f35b)] -> xpath: .//word], [[AndroidDriver: chrome on ANDROID (62e88494c1dbcb366d86a4960534f35b)] -> xpath: .//word], [[AndroidDriver: chrome on ANDROID (62e88494c1dbcb366d86a4960534f35b)] -> xpath: .//word], [[AndroidDriver: chrome on ANDROID (62e88494c1dbcb366d86a4960534f35b)] -> xpath: .//word], [[AndroidDriver: chrome on ANDROID (62e88494c1dbcb366d86a4960534f35b)] -> xpath: .//word], [[AndroidDriver: chrome on ANDROID (62e88494c1dbcb366d86a4960534f35b)] -> xpath: .//word], [[AndroidDriver: chrome on ANDROID (62e88494c1dbcb366d86a4960534f35b)] -> xpath: .//word], [[AndroidDriver: chrome on ANDROID (62e88494c1dbcb366d86a4960534f35b)] -> xpath: .//word], [[AndroidDriver: chrome on ANDROID (62e88494c1dbcb366d86a4960534f35b)] -> xpath: .//word], [[AndroidDriver: chrome on ANDROID (62e88494c1dbcb366d86a4960534f35b)] -> xpath: .//word], [[AndroidDriver: chrome on ANDROID (62e88494c1dbcb366d86a4960534f35b)] -> xpath: .//word], [[AndroidDriver: chrome on ANDROID (62e88494c1dbcb366d86a4960534f35b)] -> xpath: .//word], [[AndroidDriver: chrome on ANDROID (62e88494c1dbcb366d86a4960534f35b)] -> xpath: .//word], [[AndroidDriver: chrome on ANDROID (62e88494c1dbcb366d86a4960534f35b)] -> xpath: .//word], [[AndroidDriver: chrome on ANDROID (62e88494c1dbcb366d86a4960534f35b)] -> xpath: .//word], [[AndroidDriver: chrome on ANDROID (62e88494c1dbcb366d86a4960534f35b)] -> xpath: .//word], [[AndroidDriver: chrome on ANDROID (62e88494c1dbcb366d86a4960534f35b)] -> xpath: .//word], [[AndroidDriver: chrome on ANDROID (62e88494c1dbcb366d86a4960534f35b)] -> xpath: .//word], [[AndroidDriver: chrome on ANDROID (62e88494c1dbcb366d86a4960534f35b)] -> xpath: .//word], [[AndroidDriver: chrome on ANDROID (62e88494c1dbcb366d86a4960534f35b)] -> xpath: .//word], [[AndroidDriver: chrome on ANDROID (62e88494c1dbcb366d86a4960534f35b)] -> xpath: .//word], [[AndroidDriver: chrome on ANDROID (62e88494c1dbcb366d86a4960534f35b)] -> xpath: .//word], [[AndroidDriver: chrome on ANDROID (62e88494c1dbcb366d86a4960534f35b)] -> xpath: .//word], [[AndroidDriver: chrome on ANDROID (62e88494c1dbcb366d86a4960534f35b)] -> xpath: .//word], [[AndroidDriver: chrome on ANDROID (62e88494c1dbcb366d86a4960534f35b)] -> xpath: .//word], [[AndroidDriver: chrome on ANDROID (62e88494c1dbcb366d86a4960534f35b)] -> xpath: .//word], [[AndroidDriver: chrome on ANDROID (62e88494c1dbcb366d86a4960534f35b)] -> xpath: .//word], [[AndroidDriver: chrome on ANDROID (62e88494c1dbcb366d86a4960534f35b)] -> xpath: .//word], [[AndroidDriver: chrome on ANDROID (62e88494c1dbcb366d86a4960534f35b)] -> xpath: .//word], [[AndroidDriver: chrome on ANDROID (62e88494c1dbcb366d86a4960534f35b)] -> xpath: .//word], [[AndroidDriver: chrome on ANDROID (62e88494c1dbcb366d86a4960534f35b)] -> xpath: .//word], [[AndroidDriver: chrome on ANDROID (62e88494c1dbcb366d86a4960534f35b)] -> xpath: .//word], [[AndroidDriver: chrome on ANDROID (62e88494c1dbcb366d86a4960534f35b)] -> xpath: .//word], [[AndroidDriver: chrome on ANDROID (62e88494c1dbcb366d86a4960534f35b)] -> xpath: .//word], [[AndroidDriver: chrome on ANDROID (62e88494c1dbcb366d86a4960534f35b)] -> xpath: .//word], [[AndroidDriver: chrome on ANDROID (62e88494c1dbcb366d86a4960534f35b)] -> xpath: .//word], [[AndroidDriver: chrome on ANDROID (62e88494c1dbcb366d86a4960534f35b)] -> xpath: .//word], [[AndroidDriver: chrome on ANDROID (62e88494c1dbcb366d86a4960534f35b)] -> xpath: .//word], [[AndroidDriver: chrome on ANDROID (62e88494c1dbcb366d86a4960534f35b)] -> xpath: .//word], [[AndroidDriver: chrome on ANDROID (62e88494c1dbcb366d86a4960534f35b)] -> xpath: .//word], [[AndroidDriver: chrome on ANDROID (62e88494c1dbcb366d86a4960534f35b)] -> xpath: .//word], [[AndroidDriver: chrome on ANDROID (62e88494c1dbcb366d86a4960534f35b)] -> xpath: .//word], [[AndroidDriver: chrome on ANDROID (62e88494c1dbcb366d86a4960534f35b)] -> xpath: .//word], [[AndroidDriver: chrome on ANDROID (62e88494c1dbcb366d86a4960534f35b)] -> xpath: .//word], [[AndroidDriver: chrome on ANDROID (62e88494c1dbcb366d86a4960534f35b)] -> xpath: .//word], [[AndroidDriver: chrome on ANDROID (62e88494c1dbcb366d86a4960534f35b)] -> xpath: .//word], [[AndroidDriver: chrome on ANDROID (62e88494c1dbcb366d86a4960534f35b)] -> xpath: .//word], [[AndroidDriver: chrome on ANDROID (62e88494c1dbcb366d86a4960534f35b)] -> xpath: .//word], [[AndroidDriver: chrome on ANDROID (62e88494c1dbcb366d86a4960534f35b)] -> xpath: .//word], [[AndroidDriver: chrome on ANDROID (62e88494c1dbcb366d86a4960534f35b)] -> xpath: .//word], [[AndroidDriver: chrome on ANDROID (62e88494c1dbcb366d86a4960534f35b)] -> xpath: .//word], [[AndroidDriver: chrome on ANDROID (62e88494c1dbcb366d86a4960534f35b)] -> xpath: .//word], [[AndroidDriver: chrome on ANDROID (62e88494c1dbcb366d86a4960534f35b)] -> xpath: .//word], [[AndroidDriver: chrome on ANDROID (62e88494c1dbcb366d86a4960534f35b)] -> xpath: .//word], [[AndroidDriver: chrome on ANDROID (62e88494c1dbcb366d86a4960534f35b)] -> xpath: .//word], [[AndroidDriver: chrome on ANDROID (62e88494c1dbcb366d86a4960534f35b)] -> xpath: .//word], [[AndroidDriver: chrome on ANDROID (62e88494c1dbcb366d86a4960534f35b)] -> xpath: .//word], [[AndroidDriver: chrome on ANDROID (62e88494c1dbcb366d86a4960534f35b)] -> xpath: .//word], [[AndroidDriver: chrome on ANDROID (62e88494c1dbcb366d86a4960534f35b)] -> xpath: .//word], [[AndroidDriver: chrome on ANDROID (62e88494c1dbcb366d86a4960534f35b)] -> xpath: .//word], [[AndroidDriver: chrome on ANDROID (62e88494c1dbcb366d86a4960534f35b)] -> xpath: .//word], [[AndroidDriver: chrome on ANDROID (62e88494c1dbcb366d86a4960534f35b)] -> xpath: .//word], [[AndroidDriver: chrome on ANDROID (62e88494c1dbcb366d86a4960534f35b)] -> xpath: .//word], [[AndroidDriver: chrome on ANDROID (62e88494c1dbcb366d86a4960534f35b)] -> xpath: .//word], [[AndroidDriver: chrome on ANDROID (62e88494c1dbcb366d86a4960534f35b)] -> xpath: .//word], [[AndroidDriver: chrome on ANDROID (62e88494c1dbcb366d86a4960534f35b)] -> xpath: .//word], [[AndroidDriver: chrome on ANDROID (62e88494c1dbcb366d86a4960534f35b)] -> xpath: .//word], [[AndroidDriver: chrome on ANDROID (62e88494c1dbcb366d86a4960534f35b)] -> xpath: .//word], [[AndroidDriver: chrome on ANDROID (62e88494c1dbcb366d86a4960534f35b)] -> xpath: .//word], [[AndroidDriver: chrome on ANDROID (62e88494c1dbcb366d86a4960534f35b)] -> xpath: .//word], [[AndroidDriver: chrome on ANDROID (62e88494c1dbcb366d86a4960534f35b)] -> xpath: .//word], [[AndroidDriver: chrome on ANDROID (62e88494c1dbcb366d86a4960534f35b)] -> xpath: .//word], [[AndroidDriver: chrome on ANDROID (62e88494c1dbcb366d86a4960534f35b)] -> xpath: .//word], [[AndroidDriver: chrome on ANDROID (62e88494c1dbcb366d86a4960534f35b)] -> xpath: .//word], [[AndroidDriver: chrome on ANDROID (62e88494c1dbcb366d86a4960534f35b)] -> xpath: .//word], [[AndroidDriver: chrome on ANDROID (62e88494c1dbcb366d86a4960534f35b)] -> xpath: .//word], [[AndroidDriver: chrome on ANDROID (62e88494c1dbcb366d86a4960534f35b)] -> xpath: .//word], [[AndroidDriver: chrome on ANDROID (62e88494c1dbcb366d86a4960534f35b)] -> xpath: .//word], [[AndroidDriver: chrome on ANDROID (62e88494c1dbcb366d86a4960534f35b)] -> xpath: .//word], [[AndroidDriver: chrome on ANDROID (62e88494c1dbcb366d86a4960534f35b)] -> xpath: .//word], [[AndroidDriver: chrome on ANDROID (62e88494c1dbcb366d86a4960534f35b)] -> xpath: .//word], [[AndroidDriver: chrome on ANDROID (62e88494c1dbcb366d86a4960534f35b)] -> xpath: .//word], [[AndroidDriver: chrome on ANDROID (62e88494c1dbcb366d86a4960534f35b)] -> xpath: .//word], [[AndroidDriver: chrome on ANDROID (62e88494c1dbcb366d86a4960534f35b)] -> xpath: .//word], [[AndroidDriver: chrome on ANDROID (62e88494c1dbcb366d86a4960534f35b)] -> xpath: .//word], [[AndroidDriver: chrome on ANDROID (62e88494c1dbcb366d86a4960534f35b)] -> xpath: .//word], [[AndroidDriver: chrome on ANDROID (62e88494c1dbcb366d86a4960534f35b)] -> xpath: .//word], [[AndroidDriver: chrome on ANDROID (62e88494c1dbcb366d86a4960534f35b)] -> xpath: .//word], [[AndroidDriver: chrome on ANDROID (62e88494c1dbcb366d86a4960534f35b)] -> xpath: .//word], [[AndroidDriver: chrome on ANDROID (62e88494c1dbcb366d86a4960534f35b)] -> xpath: .//word], [[AndroidDriver: chrome on ANDROID (62e88494c1dbcb366d86a4960534f35b)] -> xpath: .//word], [[AndroidDriver: chrome on ANDROID (62e88494c1dbcb366d86a4960534f35b)] -> xpath: .//word], [[AndroidDriver: chrome on ANDROID (62e88494c1dbcb366d86a4960534f35b)] -> xpath: .//word], [[AndroidDriver: chrome on ANDROID (62e88494c1dbcb366d86a4960534f35b)] -> xpath: .//word], [[AndroidDriver: chrome on ANDROID (62e88494c1dbcb366d86a4960534f35b)] -> xpath: .//word], [[AndroidDriver: chrome on ANDROID (62e88494c1dbcb366d86a4960534f35b)] -> xpath: .//word], [[AndroidDriver: chrome on ANDROID (62e88494c1dbcb366d86a4960534f35b)] -> xpath: .//word], [[AndroidDriver: chrome on ANDROID (62e88494c1dbcb366d86a4960534f35b)] -> xpath: .//word], [[AndroidDriver: chrome on ANDROID (62e88494c1dbcb366d86a4960534f35b)] -> xpath: .//word], [[AndroidDriver: chrome on ANDROID (62e88494c1dbcb366d86a4960534f35b)] -> xpath: .//word], [[AndroidDriver: chrome on ANDROID (62e88494c1dbcb366d86a4960534f35b)] -> xpath: .//word], [[AndroidDriver: chrome on ANDROID (62e88494c1dbcb366d86a4960534f35b)] -> xpath: .//word], [[AndroidDriver: chrome on ANDROID (62e88494c1dbcb366d86a4960534f35b)] -> xpath: .//word], [[AndroidDriver: chrome on ANDROID (62e88494c1dbcb366d86a4960534f35b)] -> xpath: .//word], [[AndroidDriver: chrome on ANDROID (62e88494c1dbcb366d86a4960534f35b)] -> xpath: .//word], [[AndroidDriver: chrome on ANDROID (62e88494c1dbcb366d86a4960534f35b)] -> xpath: .//word], [[AndroidDriver: chrome on ANDROID (62e88494c1dbcb366d86a4960534f35b)] -> xpath: .//word], [[AndroidDriver: chrome on ANDROID (62e88494c1dbcb366d86a4960534f35b)] -> xpath: .//word], [[AndroidDriver: chrome on ANDROID (62e88494c1dbcb366d86a4960534f35b)] -> xpath: .//word], [[AndroidDriver: chrome on ANDROID (62e88494c1dbcb366d86a4960534f35b)] -> xpath: .//word], [[AndroidDriver: chrome on ANDROID (62e88494c1dbcb366d86a4960534f35b)] -> xpath: .//word], [[AndroidDriver: chrome on ANDROID (62e88494c1dbcb366d86a4960534f35b)] -> xpath: .//word], [[AndroidDriver: chrome on ANDROID (62e88494c1dbcb366d86a4960534f35b)] -> xpath: .//word], [[AndroidDriver: chrome on ANDROID (62e88494c1dbcb366d86a4960534f35b)] -> xpath: .//word], [[AndroidDriver: chrome on ANDROID (62e88494c1dbcb366d86a4960534f35b)] -> xpath: .//word], [[AndroidDriver: chrome on ANDROID (62e88494c1dbcb366d86a4960534f35b)] -> xpath: .//word], [[AndroidDriver: chrome on ANDROID (62e88494c1dbcb366d86a4960534f35b)] -> xpath: .//word], [[AndroidDriver: chrome on ANDROID (62e88494c1dbcb366d86a4960534f35b)] -> xpath: .//word], [[AndroidDriver: chrome on ANDROID (62e88494c1dbcb366d86a4960534f35b)] -> xpath: .//word], [[AndroidDriver: chrome on ANDROID (62e88494c1dbcb366d86a4960534f35b)] -> xpath: .//word], [[AndroidDriver: chrome on ANDROID (62e88494c1dbcb366d86a4960534f35b)] -> xpath: .//word], [[AndroidDriver: chrome on ANDROID (62e88494c1dbcb366d86a4960534f35b)] -> xpath: .//word], [[AndroidDriver: chrome on ANDROID (62e88494c1dbcb366d86a4960534f35b)] -> xpath: .//word], [[AndroidDriver: chrome on ANDROID (62e88494c1dbcb366d86a4960534f35b)] -> xpath: .//word], [[AndroidDriver: chrome on ANDROID (62e88494c1dbcb366d86a4960534f35b)] -> xpath: .//word], [[AndroidDriver: chrome on ANDROID (62e88494c1dbcb366d86a4960534f35b)] -> xpath: .//word], [[AndroidDriver: chrome on ANDROID (62e88494c1dbcb366d86a4960534f35b)] -> xpath: .//word], [[AndroidDriver: chrome on ANDROID (62e88494c1dbcb366d86a4960534f35b)] -> xpath: .//word], [[AndroidDriver: chrome on ANDROID (62e88494c1dbcb366d86a4960534f35b)] -> xpath: .//word], [[AndroidDriver: chrome on ANDROID (62e88494c1dbcb366d86a4960534f35b)] -> xpath: .//word], [[AndroidDriver: chrome on ANDROID (62e88494c1dbcb366d86a4960534f35b)] -> xpath: .//word], [[AndroidDriver: chrome on ANDROID (62e88494c1dbcb366d86a4960534f35b)] -> xpath: .//word], [[AndroidDriver: chrome on ANDROID (62e88494c1dbcb366d86a4960534f35b)] -> xpath: .//word], [[AndroidDriver: chrome on ANDROID (62e88494c1dbcb366d86a4960534f35b)] -> xpath: .//word], [[AndroidDriver: chrome on ANDROID (62e88494c1dbcb366d86a4960534f35b)] -> xpath: .//word], [[AndroidDriver: chrome on ANDROID (62e88494c1dbcb366d86a4960534f35b)] -> xpath: .//word], [[AndroidDriver: chrome on ANDROID (62e88494c1dbcb366d86a4960534f35b)] -> xpath: .//word], [[AndroidDriver: chrome on ANDROID (62e88494c1dbcb366d86a4960534f35b)] -> xpath: .//word], [[AndroidDriver: chrome on ANDROID (62e88494c1dbcb366d86a4960534f35b)] -> xpath: .//word], [[AndroidDriver: chrome on ANDROID (62e88494c1dbcb366d86a4960534f35b)] -> xpath: .//word], [[AndroidDriver: chrome on ANDROID (62e88494c1dbcb366d86a4960534f35b)] -> xpath: .//word], [[AndroidDriver: chrome on ANDROID (62e88494c1dbcb366d86a4960534f35b)] -> xpath: .//word], [[AndroidDriver: chrome on ANDROID (62e88494c1dbcb366d86a4960534f35b)] -> xpath: .//word], [[AndroidDriver: chrome on ANDROID (62e88494c1dbcb366d86a4960534f35b)] -> xpath: .//word], [[AndroidDriver: chrome on ANDROID (62e88494c1dbcb366d86a4960534f35b)] -> xpath: .//word], [[AndroidDriver: chrome on ANDROID (62e88494c1dbcb366d86a4960534f35b)] -> xpath: .//word], [[AndroidDriver: chrome on ANDROID (62e88494c1dbcb366d86a4960534f35b)] -> xpath: .//word], [[AndroidDriver: chrome on ANDROID (62e88494c1dbcb366d86a4960534f35b)] -> xpath: .//word], [[AndroidDriver: chrome on ANDROID (62e88494c1dbcb366d86a4960534f35b)] -> xpath: .//word], [[AndroidDriver: chrome on ANDROID (62e88494c1dbcb366d86a4960534f35b)] -> xpath: .//word], [[AndroidDriver: chrome on ANDROID (62e88494c1dbcb366d86a4960534f35b)] -> xpath: .//word], [[AndroidDriver: chrome on ANDROID (62e88494c1dbcb366d86a4960534f35b)] -> xpath: .//word], [[AndroidDriver: chrome on ANDROID (62e88494c1dbcb366d86a4960534f35b)] -> xpath: .//word], [[AndroidDriver: chrome on ANDROID (62e88494c1dbcb366d86a4960534f35b)] -> xpath: .//word], [[AndroidDriver: chrome on ANDROID (62e88494c1dbcb366d86a4960534f35b)] -> xpath: .//word], [[AndroidDriver: chrome on ANDROID (62e88494c1dbcb366d86a4960534f35b)] -> xpath: .//word], [[AndroidDriver: chrome on ANDROID (62e88494c1dbcb366d86a4960534f35b)] -> xpath: .//word], [[AndroidDriver: chrome on ANDROID (62e88494c1dbcb366d86a4960534f35b)] -> xpath: .//word], [[AndroidDriver: chrome on ANDROID (62e88494c1dbcb366d86a4960534f35b)] -> xpath: .//word], [[AndroidDriver: chrome on ANDROID (62e88494c1dbcb366d86a4960534f35b)] -> xpath: .//word], [[AndroidDriver: chrome on ANDROID (62e88494c1dbcb366d86a4960534f35b)] -> xpath: .//word], [[AndroidDriver: chrome on ANDROID (62e88494c1dbcb366d86a4960534f35b)] -> xpath: .//word], [[AndroidDriver: chrome on ANDROID (62e88494c1dbcb366d86a4960534f35b)] -> xpath: .//word], [[AndroidDriver: chrome on ANDROID (62e88494c1dbcb366d86a4960534f35b)] -> xpath: .//word], [[AndroidDriver: chrome on ANDROID (62e88494c1dbcb366d86a4960534f35b)] -> xpath: .//word], [[AndroidDriver: chrome on ANDROID (62e88494c1dbcb366d86a4960534f35b)] -> xpath: .//word], [[AndroidDriver: chrome on ANDROID (62e88494c1dbcb366d86a4960534f35b)] -> xpath: .//word], [[AndroidDriver: chrome on ANDROID (62e88494c1dbcb366d86a4960534f35b)] -> xpath: .//word], [[AndroidDriver: chrome on ANDROID (62e88494c1dbcb366d86a4960534f35b)] -> xpath: .//word], [[AndroidDriver: chrome on ANDROID (62e88494c1dbcb366d86a4960534f35b)] -> xpath: .//word], [[AndroidDriver: chrome on ANDROID (62e88494c1dbcb366d86a4960534f35b)] -> xpath: .//word], [[AndroidDriver: chrome on ANDROID (62e88494c1dbcb366d86a4960534f35b)] -> xpath: .//word], [[AndroidDriver: chrome on ANDROID (62e88494c1dbcb366d86a4960534f35b)] -> xpath: .//word], [[AndroidDriver: chrome on ANDROID (62e88494c1dbcb366d86a4960534f35b)] -> xpath: .//word], [[AndroidDriver: chrome on ANDROID (62e88494c1dbcb366d86a4960534f35b)] -> xpath: .//word], [[AndroidDriver: chrome on ANDROID (62e88494c1dbcb366d86a4960534f35b)] -> xpath: .//word], [[AndroidDriver: chrome on ANDROID (62e88494c1dbcb366d86a4960534f35b)] -> xpath: .//word], [[AndroidDriver: chrome on ANDROID (62e88494c1dbcb366d86a4960534f35b)] -> xpath: .//word], [[AndroidDriver: chrome on ANDROID (62e88494c1dbcb366d86a4960534f35b)] -> xpath: .//word], [[AndroidDriver: chrome on ANDROID (62e88494c1dbcb366d86a4960534f35b)] -> xpath: .//word], [[AndroidDriver: chrome on ANDROID (62e88494c1dbcb366d86a4960534f35b)] -> xpath: .//word], [[AndroidDriver: chrome on ANDROID (62e88494c1dbcb366d86a4960534f35b)] -> xpath: .//word], [[AndroidDriver: chrome on ANDROID (62e88494c1dbcb366d86a4960534f35b)] -> xpath: .//word], [[AndroidDriver: chrome on ANDROID (62e88494c1dbcb366d86a4960534f35b)] -> xpath: .//word], [[AndroidDriver: chrome on ANDROID (62e88494c1dbcb366d86a4960534f35b)] -> xpath: .//word], [[AndroidDriver: chrome on ANDROID (62e88494c1dbcb366d86a4960534f35b)] -> xpath: .//word], [[AndroidDriver: chrome on ANDROID (62e88494c1dbcb366d86a4960534f35b)] -> xpath: .//word], [[AndroidDriver: chrome on ANDROID (62e88494c1dbcb366d86a4960534f35b)] -> xpath: .//word], [[AndroidDriver: chrome on ANDROID (62e88494c1dbcb366d86a4960534f35b)] -> xpath: .//word], [[AndroidDriver: chrome on ANDROID (62e88494c1dbcb366d86a4960534f35b)] -> xpath: .//word], [[AndroidDriver: chrome on ANDROID (62e88494c1dbcb366d86a4960534f35b)] -> xpath: .//word], [[AndroidDriver: chrome on ANDROID (62e88494c1dbcb366d86a4960534f35b)] -> xpath: .//word], [[AndroidDriver: chrome on ANDROID (62e88494c1dbcb366d86a4960534f35b)] -> xpath: .//word], [[AndroidDriver: chrome on ANDROID (62e88494c1dbcb366d86a4960534f35b)] -> xpath: .//word], [[AndroidDriver: chrome on ANDROID (62e88494c1dbcb366d86a4960534f35b)] -> xpath: .//word], [[AndroidDriver: chrome on ANDROID (62e88494c1dbcb366d86a4960534f35b)] -> xpath: .//word], [[AndroidDriver: chrome on ANDROID (62e88494c1dbcb366d86a4960534f35b)] -> xpath: .//word], [[AndroidDriver: chrome on ANDROID (62e88494c1dbcb366d86a4960534f35b)] -> xpath: .//word], [[AndroidDriver: chrome on ANDROID (62e88494c1dbcb366d86a4960534f35b)] -> xpath: .//word], [[AndroidDriver: chrome on ANDROID (62e88494c1dbcb366d86a4960534f35b)] -> xpath: .//word], [[AndroidDriver: chrome on ANDROID (62e88494c1dbcb366d86a4960534f35b)] -> xpath: .//word], [[AndroidDriver: chrome on ANDROID (62e88494c1dbcb366d86a4960534f35b)] -> xpath: .//word], [[AndroidDriver: chrome on ANDROID (62e88494c1dbcb366d86a4960534f35b)] -> xpath: .//word], [[AndroidDriver: chrome on ANDROID (62e88494c1dbcb366d86a4960534f35b)] -> xpath: .//word], [[AndroidDriver: chrome on ANDROID (62e88494c1dbcb366d86a4960534f35b)] -> xpath: .//word], [[AndroidDriver: chrome on ANDROID (62e88494c1dbcb366d86a4960534f35b)] -> xpath: .//word], [[AndroidDriver: chrome on ANDROID (62e88494c1dbcb366d86a4960534f35b)] -> xpath: .//word], [[AndroidDriver: chrome on ANDROID (62e88494c1dbcb366d86a4960534f35b)] -> xpath: .//word], [[AndroidDriver: chrome on ANDROID (62e88494c1dbcb366d86a4960534f35b)] -> xpath: .//word], [[AndroidDriver: chrome on ANDROID (62e88494c1dbcb366d86a4960534f35b)] -> xpath: .//word], [[AndroidDriver: chrome on ANDROID (62e88494c1dbcb366d86a4960534f35b)] -> xpath: .//word], [[AndroidDriver: chrome on ANDROID (62e88494c1dbcb366d86a4960534f35b)] -> xpath: .//word], [[AndroidDriver: chrome on ANDROID (62e88494c1dbcb366d86a4960534f35b)] -> xpath: .//word], [[AndroidDriver: chrome on ANDROID (62e88494c1dbcb366d86a4960534f35b)] -> xpath: .//word], [[AndroidDriver: chrome on ANDROID (62e88494c1dbcb366d86a4960534f35b)] -> xpath: .//word], [[AndroidDriver: chrome on ANDROID (62e88494c1dbcb366d86a4960534f35b)] -> xpath: .//word], [[AndroidDriver: chrome on ANDROID (62e88494c1dbcb366d86a4960534f35b)] -> xpath: .//word], [[AndroidDriver: chrome on ANDROID (62e88494c1dbcb366d86a4960534f35b)] -> xpath: .//word], [[AndroidDriver: chrome on ANDROID (62e88494c1dbcb366d86a4960534f35b)] -> xpath: .//word], [[AndroidDriver: chrome on ANDROID (62e88494c1dbcb366d86a4960534f35b)] -> xpath: .//word], [[AndroidDriver: chrome on ANDROID (62e88494c1dbcb366d86a4960534f35b)] -> xpath: .//word], [[AndroidDriver: chrome on ANDROID (62e88494c1dbcb366d86a4960534f35b)] -> xpath: .//word], [[AndroidDriver: chrome on ANDROID (62e88494c1dbcb366d86a4960534f35b)] -> xpath: .//word], [[AndroidDriver: chrome on ANDROID (62e88494c1dbcb366d86a4960534f35b)] -> xpath: .//word], [[AndroidDriver: chrome on ANDROID (62e88494c1dbcb366d86a4960534f35b)] -> xpath: .//word], [[AndroidDriver: chrome on ANDROID (62e88494c1dbcb366d86a4960534f35b)] -> xpath: .//word], [[AndroidDriver: chrome on ANDROID (62e88494c1dbcb366d86a4960534f35b)] -> xpath: .//word], [[AndroidDriver: chrome on ANDROID (62e88494c1dbcb366d86a4960534f35b)] -> xpath: .//word], [[AndroidDriver: chrome on ANDROID (62e88494c1dbcb366d86a4960534f35b)] -> xpath: .//word], [[AndroidDriver: chrome on ANDROID (62e88494c1dbcb366d86a4960534f35b)] -> xpath: .//word], [[AndroidDriver: chrome on ANDROID (62e88494c1dbcb366d86a4960534f35b)] -> xpath: .//word], [[AndroidDriver: chrome on ANDROID (62e88494c1dbcb366d86a4960534f35b)] -> xpath: .//word], [[AndroidDriver: chrome on ANDROID (62e88494c1dbcb366d86a4960534f35b)] -> xpath: .//word], [[AndroidDriver: chrome on ANDROID (62e88494c1dbcb366d86a4960534f35b)] -> xpath: .//word], [[AndroidDriver: chrome on ANDROID (62e88494c1dbcb366d86a4960534f35b)] -> xpath: .//word], [[AndroidDriver: chrome on ANDROID (62e88494c1dbcb366d86a4960534f35b)] -> xpath: .//word], [[AndroidDriver: chrome on ANDROID (62e88494c1dbcb366d86a4960534f35b)] -> xpath: .//word], [[AndroidDriver: chrome on ANDROID (62e88494c1dbcb366d86a4960534f35b)] -> xpath: .//word], [[AndroidDriver: chrome on ANDROID (62e88494c1dbcb366d86a4960534f35b)] -> xpath: .//word], [[AndroidDriver: chrome on ANDROID (62e88494c1dbcb366d86a4960534f35b)] -> xpath: .//word], [[AndroidDriver: chrome on ANDROID (62e88494c1dbcb366d86a4960534f35b)] -> xpath: .//word], [[AndroidDriver: chrome on ANDROID (62e88494c1dbcb366d86a4960534f35b)] -> xpath: .//word], [[AndroidDriver: chrome on ANDROID (62e88494c1dbcb366d86a4960534f35b)] -> xpath: .//word], [[AndroidDriver: chrome on ANDROID (62e88494c1dbcb366d86a4960534f35b)] -> xpath: .//word], [[AndroidDriver: chrome on ANDROID (62e88494c1dbcb366d86a4960534f35b)] -> xpath: .//word], [[AndroidDriver: chrome on ANDROID (62e88494c1dbcb366d86a4960534f35b)] -> xpath: .//word], [[AndroidDriver: chrome on ANDROID (62e88494c1dbcb366d86a4960534f35b)] -> xpath: .//word], [[AndroidDriver: chrome on ANDROID (62e88494c1dbcb366d86a4960534f35b)] -> xpath: .//word], [[AndroidDriver: chrome on ANDROID (62e88494c1dbcb366d86a4960534f35b)] -> xpath: .//word], [[AndroidDriver: chrome on ANDROID (62e88494c1dbcb366d86a4960534f35b)] -> xpath: .//word], [[AndroidDriver: chrome on ANDROID (62e88494c1dbcb366d86a4960534f35b)] -> xpath: .//word], [[AndroidDriver: chrome on ANDROID (62e88494c1dbcb366d86a4960534f35b)] -> xpath: .//word], [[AndroidDriver: chrome on ANDROID (62e88494c1dbcb366d86a4960534f35b)] -> xpath: .//word], [[AndroidDriver: chrome on ANDROID (62e88494c1dbcb366d86a4960534f35b)] -> xpath: .//word], [[AndroidDriver: chrome on ANDROID (62e88494c1dbcb366d86a4960534f35b)] -> xpath: .//word], [[AndroidDriver: chrome on ANDROID (62e88494c1dbcb366d86a4960534f35b)] -> xpath: .//word], [[AndroidDriver: chrome on ANDROID (62e88494c1dbcb366d86a4960534f35b)] -> xpath: .//word], [[AndroidDriver: chrome on ANDROID (62e88494c1dbcb366d86a4960534f35b)] -> xpath: .//word], [[AndroidDriver: chrome on ANDROID (62e88494c1dbcb366d86a4960534f35b)] -> xpath: .//word], [[AndroidDriver: chrome on ANDROID (62e88494c1dbcb366d86a4960534f35b)] -> xpath: .//word], [[AndroidDriver: chrome on ANDROID (62e88494c1dbcb366d86a4960534f35b)] -> xpath: .//word], [[AndroidDriver: chrome on ANDROID (62e88494c1dbcb366d86a4960534f35b)] -> xpath: .//word], [[AndroidDriver: chrome on ANDROID (62e88494c1dbcb366d86a4960534f35b)] -> xpath: .//word], [[AndroidDriver: chrome on ANDROID (62e88494c1dbcb366d86a4960534f35b)] -> xpath: .//word], [[AndroidDriver: chrome on ANDROID (62e88494c1dbcb366d86a4960534f35b)] -> xpath: .//word], [[AndroidDriver: chrome on ANDROID (62e88494c1dbcb366d86a4960534f35b)] -> xpath: .//word], [[AndroidDriver: chrome on ANDROID (62e88494c1dbcb366d86a4960534f35b)] -> xpath: .//word], [[AndroidDriver: chrome on ANDROID (62e88494c1dbcb366d86a4960534f35b)] -> xpath: .//word], [[AndroidDriver: chrome on ANDROID (62e88494c1dbcb366d86a4960534f35b)] -> xpath: .//word], [[AndroidDriver: chrome on ANDROID (62e88494c1dbcb366d86a4960534f35b)] -> xpath: .//word], [[AndroidDriver: chrome on ANDROID (62e88494c1dbcb366d86a4960534f35b)] -> xpath: .//word], [[AndroidDriver: chrome on ANDROID (62e88494c1dbcb366d86a4960534f35b)] -> xpath: .//word], [[AndroidDriver: chrome on ANDROID (62e88494c1dbcb366d86a4960534f35b)] -> xpath: .//word], [[AndroidDriver: chrome on ANDROID (62e88494c1dbcb366d86a4960534f35b)] -> xpath: .//word], [[AndroidDriver: chrome on ANDROID (62e88494c1dbcb366d86a4960534f35b)] -> xpath: .//word], [[AndroidDriver: chrome on ANDROID (62e88494c1dbcb366d86a4960534f35b)] -> xpath: .//word], [[AndroidDriver: chrome on ANDROID (62e88494c1dbcb366d86a4960534f35b)] -> xpath: .//word], [[AndroidDriver: chrome on ANDROID (62e88494c1dbcb366d86a4960534f35b)] -> xpath: .//word], [[AndroidDriver: chrome on ANDROID (62e88494c1dbcb366d86a4960534f35b)] -> xpath: .//word], [[AndroidDriver: chrome on ANDROID (62e88494c1dbcb366d86a4960534f35b)] -> xpath: .//word], [[AndroidDriver: chrome on ANDROID (62e88494c1dbcb366d86a4960534f35b)] -> xpath: .//word], [[AndroidDriver: chrome on ANDROID (62e88494c1dbcb366d86a4960534f35b)] -> xpath: .//word], [[AndroidDriver: chrome on ANDROID (62e88494c1dbcb366d86a4960534f35b)] -> xpath: .//word], [[AndroidDriver: chrome on ANDROID (62e88494c1dbcb366d86a4960534f35b)] -> xpath: .//word], [[AndroidDriver: chrome on ANDROID (62e88494c1dbcb366d86a4960534f35b)] -> xpath: .//word], [[AndroidDriver: chrome on ANDROID (62e88494c1dbcb366d86a4960534f35b)] -> xpath: .//word], [[AndroidDriver: chrome on ANDROID (62e88494c1dbcb366d86a4960534f35b)] -> xpath: .//word], [[AndroidDriver: chrome on ANDROID (62e88494c1dbcb366d86a4960534f35b)] -> xpath: .//word], [[AndroidDriver: chrome on ANDROID (62e88494c1dbcb366d86a4960534f35b)] -> xpath: .//word], [[AndroidDriver: chrome on ANDROID (62e88494c1dbcb366d86a4960534f35b)] -> xpath: .//word], [[AndroidDriver: chrome on ANDROID (62e88494c1dbcb366d86a4960534f35b)] -> xpath: .//word], [[AndroidDriver: chrome on ANDROID (62e88494c1dbcb366d86a4960534f35b)] -> xpath: .//word], [[AndroidDriver: chrome on ANDROID (62e88494c1dbcb366d86a4960534f35b)] -> xpath: .//word], [[AndroidDriver: chrome on ANDROID (62e88494c1dbcb366d86a4960534f35b)] -> xpath: .//word], [[AndroidDriver: chrome on ANDROID (62e88494c1dbcb366d86a4960534f35b)] -> xpath: .//word], [[AndroidDriver: chrome on ANDROID (62e88494c1dbcb366d86a4960534f35b)] -> xpath: .//word], [[AndroidDriver: chrome on ANDROID (62e88494c1dbcb366d86a4960534f35b)] -> xpath: .//word], [[AndroidDriver: chrome on ANDROID (62e88494c1dbcb366d86a4960534f35b)] -> xpath: .//word], [[AndroidDriver: chrome on ANDROID (62e88494c1dbcb366d86a4960534f35b)] -> xpath: .//word], [[AndroidDriver: chrome on ANDROID (62e88494c1dbcb366d86a4960534f35b)] -> xpath: .//word], [[AndroidDriver: chrome on ANDROID (62e88494c1dbcb366d86a4960534f35b)] -> xpath: .//word], [[AndroidDriver: chrome on ANDROID (62e88494c1dbcb366d86a4960534f35b)] -> xpath: .//word], [[AndroidDriver: chrome on ANDROID (62e88494c1dbcb366d86a4960534f35b)] -> xpath: .//word], [[AndroidDriver: chrome on ANDROID (62e88494c1dbcb366d86a4960534f35b)] -> xpath: .//word], [[AndroidDriver: chrome on ANDROID (62e88494c1dbcb366d86a4960534f35b)] -> xpath: .//word], [[AndroidDriver: chrome on ANDROID (62e88494c1dbcb366d86a4960534f35b)] -> xpath: .//word], [[AndroidDriver: chrome on ANDROID (62e88494c1dbcb366d86a4960534f35b)] -> xpath: .//word], [[AndroidDriver: chrome on ANDROID (62e88494c1dbcb366d86a4960534f35b)] -> xpath: .//word], [[AndroidDriver: chrome on ANDROID (62e88494c1dbcb366d86a4960534f35b)] -> xpath: .//word], [[AndroidDriver: chrome on ANDROID (62e88494c1dbcb366d86a4960534f35b)] -> xpath: .//word], [[AndroidDriver: chrome on ANDROID (62e88494c1dbcb366d86a4960534f35b)] -> xpath: .//word], [[AndroidDriver: chrome on ANDROID (62e88494c1dbcb366d86a4960534f35b)] -> xpath: .//word], [[AndroidDriver: chrome on ANDROID (62e88494c1dbcb366d86a4960534f35b)] -> xpath: .//word], [[AndroidDriver: chrome on ANDROID (62e88494c1dbcb366d86a4960534f35b)] -> xpath: .//word], [[AndroidDriver: chrome on ANDROID (62e88494c1dbcb366d86a4960534f35b)] -> xpath: .//word], [[AndroidDriver: chrome on ANDROID (62e88494c1dbcb366d86a4960534f35b)] -> xpath: .//word], [[AndroidDriver: chrome on ANDROID (62e88494c1dbcb366d86a4960534f35b)] -> xpath: .//word], [[AndroidDriver: chrome on ANDROID (62e88494c1dbcb366d86a4960534f35b)] -> xpath: .//word], [[AndroidDriver: chrome on ANDROID (62e88494c1dbcb366d86a4960534f35b)] -> xpath: .//word], [[AndroidDriver: chrome on ANDROID (62e88494c1dbcb366d86a4960534f35b)] -> xpath: .//word], [[AndroidDriver: chrome on ANDROID (62e88494c1dbcb366d86a4960534f35b)] -> xpath: .//word], [[AndroidDriver: chrome on ANDROID (62e88494c1dbcb366d86a4960534f35b)] -> xpath: .//word], [[AndroidDriver: chrome on ANDROID (62e88494c1dbcb366d86a4960534f35b)] -> xpath: .//word], [[AndroidDriver: chrome on ANDROID (62e88494c1dbcb366d86a4960534f35b)] -> xpath: .//word], [[AndroidDriver: chrome on ANDROID (62e88494c1dbcb366d86a4960534f35b)] -> xpath: .//word], [[AndroidDriver: chrome on ANDROID (62e88494c1dbcb366d86a4960534f35b)] -> xpath: .//word], [[AndroidDriver: chrome on ANDROID (62e88494c1dbcb366d86a4960534f35b)] -> xpath: .//word], [[AndroidDriver: chrome on ANDROID (62e88494c1dbcb366d86a4960534f35b)] -> xpath: .//word], [[AndroidDriver: chrome on ANDROID (62e88494c1dbcb366d86a4960534f35b)] -> xpath: .//word], [[AndroidDriver: chrome on ANDROID (62e88494c1dbcb366d86a4960534f35b)] -> xpath: .//word], [[AndroidDriver: chrome on ANDROID (62e88494c1dbcb366d86a4960534f35b)] -> xpath: .//word], [[AndroidDriver: chrome on ANDROID (62e88494c1dbcb366d86a4960534f35b)] -> xpath: .//word], [[AndroidDriver: chrome on ANDROID (62e88494c1dbcb366d86a4960534f35b)] -> xpath: .//word], [[AndroidDriver: chrome on ANDROID (62e88494c1dbcb366d86a4960534f35b)] -> xpath: .//word], [[AndroidDriver: chrome on ANDROID (62e88494c1dbcb366d86a4960534f35b)] -> xpath: .//word], [[AndroidDriver: chrome on ANDROID (62e88494c1dbcb366d86a4960534f35b)] -> xpath: .//word], [[AndroidDriver: chrome on ANDROID (62e88494c1dbcb366d86a4960534f35b)] -> xpath: .//word], [[AndroidDriver: chrome on ANDROID (62e88494c1dbcb366d86a4960534f35b)] -> xpath: .//word], [[AndroidDriver: chrome on ANDROID (62e88494c1dbcb366d86a4960534f35b)] -> xpath: .//word], [[AndroidDriver: chrome on ANDROID (62e88494c1dbcb366d86a4960534f35b)] -> xpath: .//word], [[AndroidDriver: chrome on ANDROID (62e88494c1dbcb366d86a4960534f35b)] -> xpath: .//word], [[AndroidDriver: chrome on ANDROID (62e88494c1dbcb366d86a4960534f35b)] -> xpath: .//word], [[AndroidDriver: chrome on ANDROID (62e88494c1dbcb366d86a4960534f35b)] -> xpath: .//word], [[AndroidDriver: chrome on ANDROID (62e88494c1dbcb366d86a4960534f35b)] -> xpath: .//word], [[AndroidDriver: chrome on ANDROID (62e88494c1dbcb366d86a4960534f35b)] -> xpath: .//word], [[AndroidDriver: chrome on ANDROID (62e88494c1dbcb366d86a4960534f35b)] -> xpath: .//word], [[AndroidDriver: chrome on ANDROID (62e88494c1dbcb366d86a4960534f35b)] -> xpath: .//word], [[AndroidDriver: chrome on ANDROID (62e88494c1dbcb366d86a4960534f35b)] -> xpath: .//word], [[AndroidDriver: chrome on ANDROID (62e88494c1dbcb366d86a4960534f35b)] -> xpath: .//word], [[AndroidDriver: chrome on ANDROID (62e88494c1dbcb366d86a4960534f35b)] -> xpath: .//word], [[AndroidDriver: chrome on ANDROID (62e88494c1dbcb366d86a4960534f35b)] -> xpath: .//word], [[AndroidDriver: chrome on ANDROID (62e88494c1dbcb366d86a4960534f35b)] -> xpath: .//word], [[AndroidDriver: chrome on ANDROID (62e88494c1dbcb366d86a4960534f35b)] -> xpath: .//word], [[AndroidDriver: chrome on ANDROID (62e88494c1dbcb366d86a4960534f35b)] -> xpath: .//word], [[AndroidDriver: chrome on ANDROID (62e88494c1dbcb366d86a4960534f35b)] -> xpath: .//word], [[AndroidDriver: chrome on ANDROID (62e88494c1dbcb366d86a4960534f35b)] -> xpath: .//word], [[AndroidDriver: chrome on ANDROID (62e88494c1dbcb366d86a4960534f35b)] -> xpath: .//word], [[AndroidDriver: chrome on ANDROID (62e88494c1dbcb366d86a4960534f35b)] -> xpath: .//word], [[AndroidDriver: chrome on ANDROID (62e88494c1dbcb366d86a4960534f35b)] -> xpath: .//word], [[AndroidDriver: chrome on ANDROID (62e88494c1dbcb366d86a4960534f35b)] -> xpath: .//word], [[AndroidDriver: chrome on ANDROID (62e88494c1dbcb366d86a4960534f35b)] -> xpath: .//word], [[AndroidDriver: chrome on ANDROID (62e88494c1dbcb366d86a4960534f35b)] -> xpath: .//word], [[AndroidDriver: chrome on ANDROID (62e88494c1dbcb366d86a4960534f35b)] -> xpath: .//word], [[AndroidDriver: chrome on ANDROID (62e88494c1dbcb366d86a4960534f35b)] -> xpath: .//word], [[AndroidDriver: chrome on ANDROID (62e88494c1dbcb366d86a4960534f35b)] -> xpath: .//word], [[AndroidDriver: chrome on ANDROID (62e88494c1dbcb366d86a4960534f35b)] -> xpath: .//word], [[AndroidDriver: chrome on ANDROID (62e88494c1dbcb366d86a4960534f35b)] -> xpath: .//word], [[AndroidDriver: chrome on ANDROID (62e88494c1dbcb366d86a4960534f35b)] -> xpath: .//word], [[AndroidDriver: chrome on ANDROID (62e88494c1dbcb366d86a4960534f35b)] -> xpath: .//word], [[AndroidDriver: chrome on ANDROID (62e88494c1dbcb366d86a4960534f35b)] -> xpath: .//word], [[AndroidDriver: chrome on ANDROID (62e88494c1dbcb366d86a4960534f35b)] -> xpath: .//word], [[AndroidDriver: chrome on ANDROID (62e88494c1dbcb366d86a4960534f35b)] -> xpath: .//word], [[AndroidDriver: chrome on ANDROID (62e88494c1dbcb366d86a4960534f35b)] -> xpath: .//word], [[AndroidDriver: chrome on ANDROID (62e88494c1dbcb366d86a4960534f35b)] -> xpath: .//word], [[AndroidDriver: chrome on ANDROID (62e88494c1dbcb366d86a4960534f35b)] -> xpath: .//word], [[AndroidDriver: chrome on ANDROID (62e88494c1dbcb366d86a4960534f35b)] -> xpath: .//word], [[AndroidDriver: chrome on ANDROID (62e88494c1dbcb366d86a4960534f35b)] -> xpath: .//word], [[AndroidDriver: chrome on ANDROID (62e88494c1dbcb366d86a4960534f35b)] -> xpath: .//word], [[AndroidDriver: chrome on ANDROID (62e88494c1dbcb366d86a4960534f35b)] -> xpath: .//word], [[AndroidDriver: chrome on ANDROID (62e88494c1dbcb366d86a4960534f35b)] -> xpath: .//word], [[AndroidDriver: chrome on ANDROID (62e88494c1dbcb366d86a4960534f35b)] -> xpath: .//word], [[AndroidDriver: chrome on ANDROID (62e88494c1dbcb366d86a4960534f35b)] -> xpath: .//word], [[AndroidDriver: chrome on ANDROID (62e88494c1dbcb366d86a4960534f35b)] -> xpath: .//word], [[AndroidDriver: chrome on ANDROID (62e88494c1dbcb366d86a4960534f35b)] -> xpath: .//word], [[AndroidDriver: chrome on ANDROID (62e88494c1dbcb366d86a4960534f35b)] -> xpath: .//word], [[AndroidDriver: chrome on ANDROID (62e88494c1dbcb366d86a4960534f35b)] -> xpath: .//word], [[AndroidDriver: chrome on ANDROID (62e88494c1dbcb366d86a4960534f35b)] -> xpath: .//word], [[AndroidDriver: chrome on ANDROID (62e88494c1dbcb366d86a4960534f35b)] -> xpath: .//word], [[AndroidDriver: chrome on ANDROID (62e88494c1dbcb366d86a4960534f35b)] -> xpath: .//word], [[AndroidDriver: chrome on ANDROID (62e88494c1dbcb366d86a4960534f35b)] -> xpath: .//word], [[AndroidDriver: chrome on ANDROID (62e88494c1dbcb366d86a4960534f35b)] -> xpath: .//word], [[AndroidDriver: chrome on ANDROID (62e88494c1dbcb366d86a4960534f35b)] -> xpath: .//word], [[AndroidDriver: chrome on ANDROID (62e88494c1dbcb366d86a4960534f35b)] -> xpath: .//word], [[AndroidDriver: chrome on ANDROID (62e88494c1dbcb366d86a4960534f35b)] -> xpath: .//word], [[AndroidDriver: chrome on ANDROID (62e88494c1dbcb366d86a4960534f35b)] -> xpath: .//word], [[AndroidDriver: chrome on ANDROID (62e88494c1dbcb366d86a4960534f35b)] -> xpath: .//word], [[AndroidDriver: chrome on ANDROID (62e88494c1dbcb366d86a4960534f35b)] -> xpath: .//word], [[AndroidDriver: chrome on ANDROID (62e88494c1dbcb366d86a4960534f35b)] -> xpath: .//word], [[AndroidDriver: chrome on ANDROID (62e88494c1dbcb366d86a4960534f35b)] -> xpath: .//word], [[AndroidDriver: chrome on ANDROID (62e88494c1dbcb366d86a4960534f35b)] -> xpath: .//word], [[AndroidDriver: chrome on ANDROID (62e88494c1dbcb366d86a4960534f35b)] -> xpath: .//word], [[AndroidDriver: chrome on ANDROID (62e88494c1dbcb366d86a4960534f35b)] -> xpath: .//word], [[AndroidDriver: chrome on ANDROID (62e88494c1dbcb366d86a4960534f35b)] -> xpath: .//word], [[AndroidDriver: chrome on ANDROID (62e88494c1dbcb366d86a4960534f35b)] -> xpath: .//word], [[AndroidDriver: chrome on ANDROID (62e88494c1dbcb366d86a4960534f35b)] -> xpath: .//word], [[AndroidDriver: chrome on ANDROID (62e88494c1dbcb366d86a4960534f35b)] -> xpath: .//word], [[AndroidDriver: chrome on ANDROID (62e88494c1dbcb366d86a4960534f35b)] -> xpath: .//word], [[AndroidDriver: chrome on ANDROID (62e88494c1dbcb366d86a4960534f35b)] -> xpath: .//word], [[AndroidDriver: chrome on ANDROID (62e88494c1dbcb366d86a4960534f35b)] -> xpath: .//word], [[AndroidDriver: chrome on ANDROID (62e88494c1dbcb366d86a4960534f35b)] -> xpath: .//word], [[AndroidDriver: chrome on ANDROID (62e88494c1dbcb366d86a4960534f35b)] -> xpath: .//word], [[AndroidDriver: chrome on ANDROID (62e88494c1dbcb366d86a4960534f35b)] -> xpath: .//word], [[AndroidDriver: chrome on ANDROID (62e88494c1dbcb366d86a4960534f35b)] -> xpath: .//word], [[AndroidDriver: chrome on ANDROID (62e88494c1dbcb366d86a4960534f35b)] -> xpath: .//word], [[AndroidDriver: chrome on ANDROID (62e88494c1dbcb366d86a4960534f35b)] -> xpath: .//word], [[AndroidDriver: chrome on ANDROID (62e88494c1dbcb366d86a4960534f35b)] -> xpath: .//word], [[AndroidDriver: chrome on ANDROID (62e88494c1dbcb366d86a4960534f35b)] -> xpath: .//word], [[AndroidDriver: chrome on ANDROID (62e88494c1dbcb366d86a4960534f35b)] -> xpath: .//word], [[AndroidDriver: chrome on ANDROID (62e88494c1dbcb366d86a4960534f35b)] -> xpath: .//word], [[AndroidDriver: chrome on ANDROID (62e88494c1dbcb366d86a4960534f35b)] -> xpath: .//word], [[AndroidDriver: chrome on ANDROID (62e88494c1dbcb366d86a4960534f35b)] -> xpath: .//word], [[AndroidDriver: chrome on ANDROID (62e88494c1dbcb366d86a4960534f35b)] -> xpath: .//word], [[AndroidDriver: chrome on ANDROID (62e88494c1dbcb366d86a4960534f35b)] -> xpath: .//word], [[AndroidDriver: chrome on ANDROID (62e88494c1dbcb366d86a4960534f35b)] -> xpath: .//word], [[AndroidDriver: chrome on ANDROID (62e88494c1dbcb366d86a4960534f35b)] -> xpath: .//word], [[AndroidDriver: chrome on ANDROID (62e88494c1dbcb366d86a4960534f35b)] -> xpath: .//word], [[AndroidDriver: chrome on ANDROID (62e88494c1dbcb366d86a4960534f35b)] -> xpath: .//word], [[AndroidDriver: chrome on ANDROID (62e88494c1dbcb366d86a4960534f35b)] -> xpath: .//word], [[AndroidDriver: chrome on ANDROID (62e88494c1dbcb366d86a4960534f35b)] -> xpath: .//word], [[AndroidDriver: chrome on ANDROID (62e88494c1dbcb366d86a4960534f35b)] -> xpath: .//word], [[AndroidDriver: chrome on ANDROID (62e88494c1dbcb366d86a4960534f35b)] -> xpath: .//word], [[AndroidDriver: chrome on ANDROID (62e88494c1dbcb366d86a4960534f35b)] -> xpath: .//word], [[AndroidDriver: chrome on ANDROID (62e88494c1dbcb366d86a4960534f35b)] -> xpath: .//word], [[AndroidDriver: chrome on ANDROID (62e88494c1dbcb366d86a4960534f35b)] -> xpath: .//word], [[AndroidDriver: chrome on ANDROID (62e88494c1dbcb366d86a4960534f35b)] -> xpath: .//word], [[AndroidDriver: chrome on ANDROID (62e88494c1dbcb366d86a4960534f35b)] -> xpath: .//word], [[AndroidDriver: chrome on ANDROID (62e88494c1dbcb366d86a4960534f35b)] -> xpath: .//word], [[AndroidDriver: chrome on ANDROID (62e88494c1dbcb366d86a4960534f35b)] -> xpath: .//word], [[AndroidDriver: chrome on ANDROID (62e88494c1dbcb366d86a4960534f35b)] -> xpath: .//word], [[AndroidDriver: chrome on ANDROID (62e88494c1dbcb366d86a4960534f35b)] -> xpath: .//word], [[AndroidDriver: chrome on ANDROID (62e88494c1dbcb366d86a4960534f35b)] -> xpath: .//word], [[AndroidDriver: chrome on ANDROID (62e88494c1dbcb366d86a4960534f35b)] -> xpath: .//word], [[AndroidDriver: chrome on ANDROID (62e88494c1dbcb366d86a4960534f35b)] -> xpath: .//word], [[AndroidDriver: chrome on ANDROID (62e88494c1dbcb366d86a4960534f35b)] -> xpath: .//word], [[AndroidDriver: chrome on ANDROID (62e88494c1dbcb366d86a4960534f35b)] -> xpath: .//word], [[AndroidDriver: chrome on ANDROID (62e88494c1dbcb366d86a4960534f35b)] -> xpath: .//word], [[AndroidDriver: chrome on ANDROID (62e88494c1dbcb366d86a4960534f35b)] -> xpath: .//word], [[AndroidDriver: chrome on ANDROID (62e88494c1dbcb366d86a4960534f35b)] -> xpath: .//word], [[AndroidDriver: chrome on ANDROID (62e88494c1dbcb366d86a4960534f35b)] -> xpath: .//word], [[AndroidDriver: chrome on ANDROID (62e88494c1dbcb366d86a4960534f35b)] -> xpath: .//word], [[AndroidDriver: chrome on ANDROID (62e88494c1dbcb366d86a4960534f35b)] -> xpath: .//word], [[AndroidDriver: chrome on ANDROID (62e88494c1dbcb366d86a4960534f35b)] -> xpath: .//word], [[AndroidDriver: chrome on ANDROID (62e88494c1dbcb366d86a4960534f35b)] -> xpath: .//word], [[AndroidDriver: chrome on ANDROID (62e88494c1dbcb366d86a4960534f35b)] -> xpath: .//word], [[AndroidDriver: chrome on ANDROID (62e88494c1dbcb366d86a4960534f35b)] -> xpath: .//word], [[AndroidDriver: chrome on ANDROID (62e88494c1dbcb366d86a4960534f35b)] -> xpath: .//word], [[AndroidDriver: chrome on ANDROID (62e88494c1dbcb366d86a4960534f35b)] -> xpath: .//word], [[AndroidDriver: chrome on ANDROID (62e88494c1dbcb366d86a4960534f35b)] -> xpath: .//word], [[AndroidDriver: chrome on ANDROID (62e88494c1dbcb366d86a4960534f35b)] -> xpath: .//word], [[AndroidDriver: chrome on ANDROID (62e88494c1dbcb366d86a4960534f35b)] -> xpath: .//word], [[AndroidDriver: chrome on ANDROID (62e88494c1dbcb366d86a4960534f35b)] -> xpath: .//word], [[AndroidDriver: chrome on ANDROID (62e88494c1dbcb366d86a4960534f35b)] -> xpath: .//word], [[AndroidDriver: chrome on ANDROID (62e88494c1dbcb366d86a4960534f35b)] -> xpath: .//word], [[AndroidDriver: chrome on ANDROID (62e88494c1dbcb366d86a4960534f35b)] -> xpath: .//word], [[AndroidDriver: chrome on ANDROID (62e88494c1dbcb366d86a4960534f35b)] -> xpath: .//word], [[AndroidDriver: chrome on ANDROID (62e88494c1dbcb366d86a4960534f35b)] -> xpath: .//word], [[AndroidDriver: chrome on ANDROID (62e88494c1dbcb366d86a4960534f35b)] -> xpath: .//word], [[AndroidDriver: chrome on ANDROID (62e88494c1dbcb366d86a4960534f35b)] -> xpath: .//word], [[AndroidDriver: chrome on ANDROID (62e88494c1dbcb366d86a4960534f35b)] -> xpath: .//word], [[AndroidDriver: chrome on ANDROID (62e88494c1dbcb366d86a4960534f35b)] -> xpath: .//word], [[AndroidDriver: chrome on ANDROID (62e88494c1dbcb366d86a4960534f35b)] -> xpath: .//word], [[AndroidDriver: chrome on ANDROID (62e88494c1dbcb366d86a4960534f35b)] -> xpath: .//word], [[AndroidDriver: chrome on ANDROID (62e88494c1dbcb366d86a4960534f35b)] -> xpath: .//word], [[AndroidDriver: chrome on ANDROID (62e88494c1dbcb366d86a4960534f35b)] -> xpath: .//word], [[AndroidDriver: chrome on ANDROID (62e88494c1dbcb366d86a4960534f35b)] -> xpath: .//word], [[AndroidDriver: chrome on ANDROID (62e88494c1dbcb366d86a4960534f35b)] -> xpath: .//word], [[AndroidDriver: chrome on ANDROID (62e88494c1dbcb366d86a4960534f35b)] -> xpath: .//word], [[AndroidDriver: chrome on ANDROID (62e88494c1dbcb366d86a4960534f35b)] -> xpath: .//word], [[AndroidDriver: chrome on ANDROID (62e88494c1dbcb366d86a4960534f35b)] -> xpath: .//word], [[AndroidDriver: chrome on ANDROID (62e88494c1dbcb366d86a4960534f35b)] -> xpath: .//word], [[AndroidDriver: chrome on ANDROID (62e88494c1dbcb366d86a4960534f35b)] -> xpath: .//word], [[AndroidDriver: chrome on ANDROID (62e88494c1dbcb366d86a4960534f35b)] -> xpath: .//word], [[AndroidDriver: chrome on ANDROID (62e88494c1dbcb366d86a4960534f35b)] -> xpath: .//word], [[AndroidDriver: chrome on ANDROID (62e88494c1dbcb366d86a4960534f35b)] -> xpath: .//word], [[AndroidDriver: chrome on ANDROID (62e88494c1dbcb366d86a4960534f35b)] -> xpath: .//word], [[AndroidDriver: chrome on ANDROID (62e88494c1dbcb366d86a4960534f35b)] -> xpath: .//word], [[AndroidDriver: chrome on ANDROID (62e88494c1dbcb366d86a4960534f35b)] -> xpath: .//word], [[AndroidDriver: chrome on ANDROID (62e88494c1dbcb366d86a4960534f35b)] -> xpath: .//word], [[AndroidDriver: chrome on ANDROID (62e88494c1dbcb366d86a4960534f35b)] -> xpath: .//word], [[AndroidDriver: chrome on ANDROID (62e88494c1dbcb366d86a4960534f35b)] -> xpath: .//word], [[AndroidDriver: chrome on ANDROID (62e88494c1dbcb366d86a4960534f35b)] -> xpath: .//word], [[AndroidDriver: chrome on ANDROID (62e88494c1dbcb366d86a4960534f35b)] -> xpath: .//word], [[AndroidDriver: chrome on ANDROID (62e88494c1dbcb366d86a4960534f35b)] -> xpath: .//word], [[AndroidDriver: chrome on ANDROID (62e88494c1dbcb366d86a4960534f35b)] -> xpath: .//word], [[AndroidDriver: chrome on ANDROID (62e88494c1dbcb366d86a4960534f35b)] -> xpath: .//word], [[AndroidDriver: chrome on ANDROID (62e88494c1dbcb366d86a4960534f35b)] -> xpath: .//word], [[AndroidDriver: chrome on ANDROID (62e88494c1dbcb366d86a4960534f35b)] -> xpath: .//word], [[AndroidDriver: chrome on ANDROID (62e88494c1dbcb366d86a4960534f35b)] -> xpath: .//word], [[AndroidDriver: chrome on ANDROID (62e88494c1dbcb366d86a4960534f35b)] -> xpath: .//word], [[AndroidDriver: chrome on ANDROID (62e88494c1dbcb366d86a4960534f35b)] -> xpath: .//word], [[AndroidDriver: chrome on ANDROID (62e88494c1dbcb366d86a4960534f35b)] -> xpath: .//word], [[AndroidDriver: chrome on ANDROID (62e88494c1dbcb366d86a4960534f35b)] -> xpath: .//word], [[AndroidDriver: chrome on ANDROID (62e88494c1dbcb366d86a4960534f35b)] -> xpath: .//word], [[AndroidDriver: chrome on ANDROID (62e88494c1dbcb366d86a4960534f35b)] -> xpath: .//word], [[AndroidDriver: chrome on ANDROID (62e88494c1dbcb366d86a4960534f35b)] -> xpath: .//word], [[AndroidDriver: chrome on ANDROID (62e88494c1dbcb366d86a4960534f35b)] -> xpath: .//word], [[AndroidDriver: chrome on ANDROID (62e88494c1dbcb366d86a4960534f35b)] -> xpath: .//word], [[AndroidDriver: chrome on ANDROID (62e88494c1dbcb366d86a4960534f35b)] -> xpath: .//word], [[AndroidDriver: chrome on ANDROID (62e88494c1dbcb366d86a4960534f35b)] -> xpath: .//word], [[AndroidDriver: chrome on ANDROID (62e88494c1dbcb366d86a4960534f35b)] -> xpath: .//word], [[AndroidDriver: chrome on ANDROID (62e88494c1dbcb366d86a4960534f35b)] -> xpath: .//word], [[AndroidDriver: chrome on ANDROID (62e88494c1dbcb366d86a4960534f35b)] -> xpath: .//word], [[AndroidDriver: chrome on ANDROID (62e88494c1dbcb366d86a4960534f35b)] -> xpath: .//word], [[AndroidDriver: chrome on ANDROID (62e88494c1dbcb366d86a4960534f35b)] -> xpath: .//word], [[AndroidDriver: chrome on ANDROID (62e88494c1dbcb366d86a4960534f35b)] -> xpath: .//word], [[AndroidDriver: chrome on ANDROID (62e88494c1dbcb366d86a4960534f35b)] -> xpath: .//word], [[AndroidDriver: chrome on ANDROID (62e88494c1dbcb366d86a4960534f35b)] -> xpath: .//word], [[AndroidDriver: chrome on ANDROID (62e88494c1dbcb366d86a4960534f35b)] -> xpath: .//word], [[AndroidDriver: chrome on ANDROID (62e88494c1dbcb366d86a4960534f35b)] -> xpath: .//word], [[AndroidDriver: chrome on ANDROID (62e88494c1dbcb366d86a4960534f35b)] -> xpath: .//word], [[AndroidDriver: chrome on ANDROID (62e88494c1dbcb366d86a4960534f35b)] -> xpath: .//word], [[AndroidDriver: chrome on ANDROID (62e88494c1dbcb366d86a4960534f35b)] -> xpath: .//word], [[AndroidDriver: chrome on ANDROID (62e88494c1dbcb366d86a4960534f35b)] -> xpath: .//word], [[AndroidDriver: chrome on ANDROID (62e88494c1dbcb366d86a4960534f35b)] -> xpath: .//word], [[AndroidDriver: chrome on ANDROID (62e88494c1dbcb366d86a4960534f35b)] -> xpath: .//word], [[AndroidDriver: chrome on ANDROID (62e88494c1dbcb366d86a4960534f35b)] -> xpath: .//word], [[AndroidDriver: chrome on ANDROID (62e88494c1dbcb366d86a4960534f35b)] -> xpath: .//word], [[AndroidDriver: chrome on ANDROID (62e88494c1dbcb366d86a4960534f35b)] -> xpath: .//word], [[AndroidDriver: chrome on ANDROID (62e88494c1dbcb366d86a4960534f35b)] -> xpath: .//word], [[AndroidDriver: chrome on ANDROID (62e88494c1dbcb366d86a4960534f35b)] -> xpath: .//word], [[AndroidDriver: chrome on ANDROID (62e88494c1dbcb366d86a4960534f35b)] -> xpath: .//word], [[AndroidDriver: chrome on ANDROID (62e88494c1dbcb366d86a4960534f35b)] -> xpath: .//word], [[AndroidDriver: chrome on ANDROID (62e88494c1dbcb366d86a4960534f35b)] -> xpath: .//word], [[AndroidDriver: chrome on ANDROID (62e88494c1dbcb366d86a4960534f35b)] -> xpath: .//word], [[AndroidDriver: chrome on ANDROID (62e88494c1dbcb366d86a4960534f35b)] -> xpath: .//word], [[AndroidDriver: chrome on ANDROID (62e88494c1dbcb366d86a4960534f35b)] -> xpath: .//word], [[AndroidDriver: chrome on ANDROID (62e88494c1dbcb366d86a4960534f35b)] -> xpath: .//word], [[AndroidDriver: chrome on ANDROID (62e88494c1dbcb366d86a4960534f35b)] -> xpath: .//word], [[AndroidDriver: chrome on ANDROID (62e88494c1dbcb366d86a4960534f35b)] -> xpath: .//word], [[AndroidDriver: chrome on ANDROID (62e88494c1dbcb366d86a4960534f35b)] -> xpath: .//word], [[AndroidDriver: chrome on ANDROID (62e88494c1dbcb366d86a4960534f35b)] -> xpath: .//word], [[AndroidDriver: chrome on ANDROID (62e88494c1dbcb366d86a4960534f35b)] -> xpath: .//word], [[AndroidDriver: chrome on ANDROID (62e88494c1dbcb366d86a4960534f35b)] -> xpath: .//word], [[AndroidDriver: chrome on ANDROID (62e88494c1dbcb366d86a4960534f35b)] -> xpath: .//word], [[AndroidDriver: chrome on ANDROID (62e88494c1dbcb366d86a4960534f35b)] -> xpath: .//word], [[AndroidDriver: chrome on ANDROID (62e88494c1dbcb366d86a4960534f35b)] -> xpath: .//word], [[AndroidDriver: chrome on ANDROID (62e88494c1dbcb366d86a4960534f35b)] -> xpath: .//word], [[AndroidDriver: chrome on ANDROID (62e88494c1dbcb366d86a4960534f35b)] -> xpath: .//word], [[AndroidDriver: chrome on ANDROID (62e88494c1dbcb366d86a4960534f35b)] -> xpath: .//word], [[AndroidDriver: chrome on ANDROID (62e88494c1dbcb366d86a4960534f35b)] -> xpath: .//word], [[AndroidDriver: chrome on ANDROID (62e88494c1dbcb366d86a4960534f35b)] -> xpath: .//word], [[AndroidDriver: chrome on ANDROID (62e88494c1dbcb366d86a4960534f35b)] -> xpath: .//word], [[AndroidDriver: chrome on ANDROID (62e88494c1dbcb366d86a4960534f35b)] -> xpath: .//word], [[AndroidDriver: chrome on ANDROID (62e88494c1dbcb366d86a4960534f35b)] -> xpath: .//word], [[AndroidDriver: chrome on ANDROID (62e88494c1dbcb366d86a4960534f35b)] -> xpath: .//word], [[AndroidDriver: chrome on ANDROID (62e88494c1dbcb366d86a4960534f35b)] -> xpath: .//word], [[AndroidDriver: chrome on ANDROID (62e88494c1dbcb366d86a4960534f35b)] -> xpath: .//word], [[AndroidDriver: chrome on ANDROID (62e88494c1dbcb366d86a4960534f35b)] -> xpath: .//word], [[AndroidDriver: chrome on ANDROID (62e88494c1dbcb366d86a4960534f35b)] -> xpath: .//word], [[AndroidDriver: chrome on ANDROID (62e88494c1dbcb366d86a4960534f35b)] -> xpath: .//word], [[AndroidDriver: chrome on ANDROID (62e88494c1dbcb366d86a4960534f35b)] -> xpath: .//word], [[AndroidDriver: chrome on ANDROID (62e88494c1dbcb366d86a4960534f35b)] -> xpath: .//word], [[AndroidDriver: chrome on ANDROID (62e88494c1dbcb366d86a4960534f35b)] -> xpath: .//word], [[AndroidDriver: chrome on ANDROID (62e88494c1dbcb366d86a4960534f35b)] -> xpath: .//word], [[AndroidDriver: chrome on ANDROID (62e88494c1dbcb366d86a4960534f35b)] -> xpath: .//word], [[AndroidDriver: chrome on ANDROID (62e88494c1dbcb366d86a4960534f35b)] -> xpath: .//word], [[AndroidDriver: chrome on ANDROID (62e88494c1dbcb366d86a4960534f35b)] -> xpath: .//word], [[AndroidDriver: chrome on ANDROID (62e88494c1dbcb366d86a4960534f35b)] -> xpath: .//word], [[AndroidDriver: chrome on ANDROID (62e88494c1dbcb366d86a4960534f35b)] -> xpath: .//word], [[AndroidDriver: chrome on ANDROID (62e88494c1dbcb366d86a4960534f35b)] -> xpath: .//word], [[AndroidDriver: chrome on ANDROID (62e88494c1dbcb366d86a4960534f35b)] -> xpath: .//word], [[AndroidDriver: chrome on ANDROID (62e88494c1dbcb366d86a4960534f35b)] -> xpath: .//word], [[AndroidDriver: chrome on ANDROID (62e88494c1dbcb366d86a4960534f35b)] -> xpath: .//word], [[AndroidDriver: chrome on ANDROID (62e88494c1dbcb366d86a4960534f35b)] -> xpath: .//word], [[AndroidDriver: chrome on ANDROID (62e88494c1dbcb366d86a4960534f35b)] -> xpath: .//word], [[AndroidDriver: chrome on ANDROID (62e88494c1dbcb366d86a4960534f35b)] -> xpath: .//word], [[AndroidDriver: chrome on ANDROID (62e88494c1dbcb366d86a4960534f35b)] -> xpath: .//word], [[AndroidDriver: chrome on ANDROID (62e88494c1dbcb366d86a4960534f35b)] -> xpath: .//word], [[AndroidDriver: chrome on ANDROID (62e88494c1dbcb366d86a4960534f35b)] -> xpath: .//word], [[AndroidDriver: chrome on ANDROID (62e88494c1dbcb366d86a4960534f35b)] -> xpath: .//word], [[AndroidDriver: chrome on ANDROID (62e88494c1dbcb366d86a4960534f35b)] -> xpath: .//word], [[AndroidDriver: chrome on ANDROID (62e88494c1dbcb366d86a4960534f35b)] -> xpath: .//word], [[AndroidDriver: chrome on ANDROID (62e88494c1dbcb366d86a4960534f35b)] -> xpath: .//word], [[AndroidDriver: chrome on ANDROID (62e88494c1dbcb366d86a4960534f35b)] -> xpath: .//word], [[AndroidDriver: chrome on ANDROID (62e88494c1dbcb366d86a4960534f35b)] -> xpath: .//word], [[AndroidDriver: chrome on ANDROID (62e88494c1dbcb366d86a4960534f35b)] -> xpath: .//word], [[AndroidDriver: chrome on ANDROID (62e88494c1dbcb366d86a4960534f35b)] -> xpath: .//word], [[AndroidDriver: chrome on ANDROID (62e88494c1dbcb366d86a4960534f35b)] -> xpath: .//word], [[AndroidDriver: chrome on ANDROID (62e88494c1dbcb366d86a4960534f35b)] -> xpath: .//word], [[AndroidDriver: chrome on ANDROID (62e88494c1dbcb366d86a4960534f35b)] -> xpath: .//word], [[AndroidDriver: chrome on ANDROID (62e88494c1dbcb366d86a4960534f35b)] -> xpath: .//word], [[AndroidDriver: chrome on ANDROID (62e88494c1dbcb366d86a4960534f35b)] -> xpath: .//word], [[AndroidDriver: chrome on ANDROID (62e88494c1dbcb366d86a4960534f35b)] -> xpath: .//word], [[AndroidDriver: chrome on ANDROID (62e88494c1dbcb366d86a4960534f35b)] -> xpath: .//word], [[AndroidDriver: chrome on ANDROID (62e88494c1dbcb366d86a4960534f35b)] -> xpath: .//word], [[AndroidDriver: chrome on ANDROID (62e88494c1dbcb366d86a4960534f35b)] -> xpath: .//word], [[AndroidDriver: chrome on ANDROID (62e88494c1dbcb366d86a4960534f35b)] -> xpath: .//word], [[AndroidDriver: chrome on ANDROID (62e88494c1dbcb366d86a4960534f35b)] -> xpath: .//word], [[AndroidDriver: chrome on ANDROID (62e88494c1dbcb366d86a4960534f35b)] -> xpath: .//word], [[AndroidDriver: chrome on ANDROID (62e88494c1dbcb366d86a4960534f35b)] -> xpath: .//word], [[AndroidDriver: chrome on ANDROID (62e88494c1dbcb366d86a4960534f35b)] -> xpath: .//word], [[AndroidDriver: chrome on ANDROID (62e88494c1dbcb366d86a4960534f35b)] -> xpath: .//word], [[AndroidDriver: chrome on ANDROID (62e88494c1dbcb366d86a4960534f35b)] -> xpath: .//word], [[AndroidDriver: chrome on ANDROID (62e88494c1dbcb366d86a4960534f35b)] -> xpath: .//word], [[AndroidDriver: chrome on ANDROID (62e88494c1dbcb366d86a4960534f35b)] -> xpath: .//word], [[AndroidDriver: chrome on ANDROID (62e88494c1dbcb366d86a4960534f35b)] -> xpath: .//word], [[AndroidDriver: chrome on ANDROID (62e88494c1dbcb366d86a4960534f35b)] -> xpath: .//word], [[AndroidDriver: chrome on ANDROID (62e88494c1dbcb366d86a4960534f35b)] -> xpath: .//word], [[AndroidDriver: chrome on ANDROID (62e88494c1dbcb366d86a4960534f35b)] -> xpath: .//word], [[AndroidDriver: chrome on ANDROID (62e88494c1dbcb366d86a4960534f35b)] -> xpath: .//word], [[AndroidDriver: chrome on ANDROID (62e88494c1dbcb366d86a4960534f35b)] -> xpath: .//word], [[AndroidDriver: chrome on ANDROID (62e88494c1dbcb366d86a4960534f35b)] -> xpath: .//word], [[AndroidDriver: chrome on ANDROID (62e88494c1dbcb366d86a4960534f35b)] -> xpath: .//word], [[AndroidDriver: chrome on ANDROID (62e88494c1dbcb366d86a4960534f35b)] -> xpath: .//word], [[AndroidDriver: chrome on ANDROID (62e88494c1dbcb366d86a4960534f35b)] -> xpath: .//word], [[AndroidDriver: chrome on ANDROID (62e88494c1dbcb366d86a4960534f35b)] -> xpath: .//word], [[AndroidDriver: chrome on ANDROID (62e88494c1dbcb366d86a4960534f35b)] -> xpath: .//word], [[AndroidDriver: chrome on ANDROID (62e88494c1dbcb366d86a4960534f35b)] -> xpath: .//word], [[AndroidDriver: chrome on ANDROID (62e88494c1dbcb366d86a4960534f35b)] -> xpath: .//word], [[AndroidDriver: chrome on ANDROID (62e88494c1dbcb366d86a4960534f35b)] -> xpath: .//word], [[AndroidDriver: chrome on ANDROID (62e88494c1dbcb366d86a4960534f35b)] -> xpath: .//word], [[AndroidDriver: chrome on ANDROID (62e88494c1dbcb366d86a4960534f35b)] -> xpath: .//word], [[AndroidDriver: chrome on ANDROID (62e88494c1dbcb366d86a4960534f35b)] -> xpath: .//word], [[AndroidDriver: chrome on ANDROID (62e88494c1dbcb366d86a4960534f35b)] -> xpath: .//word], [[AndroidDriver: chrome on ANDROID (62e88494c1dbcb366d86a4960534f35b)] -> xpath: .//word], [[AndroidDriver: chrome on ANDROID (62e88494c1dbcb366d86a4960534f35b)] -> xpath: .//word], [[AndroidDriver: chrome on ANDROID (62e88494c1dbcb366d86a4960534f35b)] -> xpath: .//word], [[AndroidDriver: chrome on ANDROID (62e88494c1dbcb366d86a4960534f35b)] -> xpath: .//word], [[AndroidDriver: chrome on ANDROID (62e88494c1dbcb366d86a4960534f35b)] -> xpath: .//word], [[AndroidDriver: chrome on ANDROID (62e88494c1dbcb366d86a4960534f35b)] -> xpath: .//word], [[AndroidDriver: chrome on ANDROID (62e88494c1dbcb366d86a4960534f35b)] -> xpath: .//word], [[AndroidDriver: chrome on ANDROID (62e88494c1dbcb366d86a4960534f35b)] -> xpath: .//word], [[AndroidDriver: chrome on ANDROID (62e88494c1dbcb366d86a4960534f35b)] -> xpath: .//word], [[AndroidDriver: chrome on ANDROID (62e88494c1dbcb366d86a4960534f35b)] -> xpath: .//word], [[AndroidDriver: chrome on ANDROID (62e88494c1dbcb366d86a4960534f35b)] -> xpath: .//word], [[AndroidDriver: chrome on ANDROID (62e88494c1dbcb366d86a4960534f35b)] -> xpath: .//word], [[AndroidDriver: chrome on ANDROID (62e88494c1dbcb366d86a4960534f35b)] -> xpath: .//word], [[AndroidDriver: chrome on ANDROID (62e88494c1dbcb366d86a4960534f35b)] -> xpath: .//word], [[AndroidDriver: chrome on ANDROID (62e88494c1dbcb366d86a4960534f35b)] -> xpath: .//word], [[AndroidDriver: chrome on ANDROID (62e88494c1dbcb366d86a4960534f35b)] -> xpath: .//word], [[AndroidDriver: chrome on ANDROID (62e88494c1dbcb366d86a4960534f35b)] -> xpath: .//word], [[AndroidDriver: chrome on ANDROID (62e88494c1dbcb366d86a4960534f35b)] -> xpath: .//word], [[AndroidDriver: chrome on ANDROID (62e88494c1dbcb366d86a4960534f35b)] -> xpath: .//word], [[AndroidDriver: chrome on ANDROID (62e88494c1dbcb366d86a4960534f35b)] -> xpath: .//word], [[AndroidDriver: chrome on ANDROID (62e88494c1dbcb366d86a4960534f35b)] -> xpath: .//word], [[AndroidDriver: chrome on ANDROID (62e88494c1dbcb366d86a4960534f35b)] -> xpath: .//word], [[AndroidDriver: chrome on ANDROID (62e88494c1dbcb366d86a4960534f35b)] -> xpath: .//word], [[AndroidDriver: chrome on ANDROID (62e88494c1dbcb366d86a4960534f35b)] -> xpath: .//word], [[AndroidDriver: chrome on ANDROID (62e88494c1dbcb366d86a4960534f35b)] -> xpath: .//word], [[AndroidDriver: chrome on ANDROID (62e88494c1dbcb366d86a4960534f35b)] -> xpath: .//word], [[AndroidDriver: chrome on ANDROID (62e88494c1dbcb366d86a4960534f35b)] -> xpath: .//word], [[AndroidDriver: chrome on ANDROID (62e88494c1dbcb366d86a4960534f35b)] -> xpath: .//word], [[AndroidDriver: chrome on ANDROID (62e88494c1dbcb366d86a4960534f35b)] -> xpath: .//word], [[AndroidDriver: chrome on ANDROID (62e88494c1dbcb366d86a4960534f35b)] -> xpath: .//word], [[AndroidDriver: chrome on ANDROID (62e88494c1dbcb366d86a4960534f35b)] -> xpath: .//word], [[AndroidDriver: chrome on ANDROID (62e88494c1dbcb366d86a4960534f35b)] -> xpath: .//word], [[AndroidDriver: chrome on ANDROID (62e88494c1dbcb366d86a4960534f35b)] -> xpath: .//word], [[AndroidDriver: chrome on ANDROID (62e88494c1dbcb366d86a4960534f35b)] -> xpath: .//word], [[AndroidDriver: chrome on ANDROID (62e88494c1dbcb366d86a4960534f35b)] -> xpath: .//word], [[AndroidDriver: chrome on ANDROID (62e88494c1dbcb366d86a4960534f35b)] -> xpath: .//word], [[AndroidDriver: chrome on ANDROID (62e88494c1dbcb366d86a4960534f35b)] -> xpath: .//word], [[AndroidDriver: chrome on ANDROID (62e88494c1dbcb366d86a4960534f35b)] -> xpath: .//word], [[AndroidDriver: chrome on ANDROID (62e88494c1dbcb366d86a4960534f35b)] -> xpath: .//word], [[AndroidDriver: chrome on ANDROID (62e88494c1dbcb366d86a4960534f35b)] -> xpath: .//word], [[AndroidDriver: chrome on ANDROID (62e88494c1dbcb366d86a4960534f35b)] -> xpath: .//word], [[AndroidDriver: chrome on ANDROID (62e88494c1dbcb366d86a4960534f35b)] -> xpath: .//word], [[AndroidDriver: chrome on ANDROID (62e88494c1dbcb366d86a4960534f35b)] -> xpath: .//word], [[AndroidDriver: chrome on ANDROID (62e88494c1dbcb366d86a4960534f35b)] -> xpath: .//word], [[AndroidDriver: chrome on ANDROID (62e88494c1dbcb366d86a4960534f35b)] -> xpath: .//word], [[AndroidDriver: chrome on ANDROID (62e88494c1dbcb366d86a4960534f35b)] -> xpath: .//word], [[AndroidDriver: chrome on ANDROID (62e88494c1dbcb366d86a4960534f35b)] -> xpath: .//word], [[AndroidDriver: chrome on ANDROID (62e88494c1dbcb366d86a4960534f35b)] -> xpath: .//word], [[AndroidDriver: chrome on ANDROID (62e88494c1dbcb366d86a4960534f35b)] -> xpath: .//word], [[AndroidDriver: chrome on ANDROID (62e88494c1dbcb366d86a4960534f35b)] -> xpath: .//word], [[AndroidDriver: chrome on ANDROID (62e88494c1dbcb366d86a4960534f35b)] -> xpath: .//word], [[AndroidDriver: chrome on ANDROID (62e88494c1dbcb366d86a4960534f35b)] -> xpath: .//word], [[AndroidDriver: chrome on ANDROID (62e88494c1dbcb366d86a4960534f35b)] -> xpath: .//word], [[AndroidDriver: chrome on ANDROID (62e88494c1dbcb366d86a4960534f35b)] -> xpath: .//word], [[AndroidDriver: chrome on ANDROID (62e88494c1dbcb366d86a4960534f35b)] -> xpath: .//word], [[AndroidDriver: chrome on ANDROID (62e88494c1dbcb366d86a4960534f35b)] -> xpath: .//word], [[AndroidDriver: chrome on ANDROID (62e88494c1dbcb366d86a4960534f35b)] -> xpath: .//word], [[AndroidDriver: chrome on ANDROID (62e88494c1dbcb366d86a4960534f35b)] -> xpath: .//word], [[AndroidDriver: chrome on ANDROID (62e88494c1dbcb366d86a4960534f35b)] -> xpath: .//word], [[AndroidDriver: chrome on ANDROID (62e88494c1dbcb366d86a4960534f35b)] -> xpath: .//word], [[AndroidDriver: chrome on ANDROID (62e88494c1dbcb366d86a4960534f35b)] -> xpath: .//word], [[AndroidDriver: chrome on ANDROID (62e88494c1dbcb366d86a4960534f35b)] -> xpath: .//word], [[AndroidDriver: chrome on ANDROID (62e88494c1dbcb366d86a4960534f35b)] -> xpath: .//word], [[AndroidDriver: chrome on ANDROID (62e88494c1dbcb366d86a4960534f35b)] -> xpath: .//word], [[AndroidDriver: chrome on ANDROID (62e88494c1dbcb366d86a4960534f35b)] -> xpath: .//word], [[AndroidDriver: chrome on ANDROID (62e88494c1dbcb366d86a4960534f35b)] -> xpath: .//word], [[AndroidDriver: chrome on ANDROID (62e88494c1dbcb366d86a4960534f35b)] -> xpath: .//word], [[AndroidDriver: chrome on ANDROID (62e88494c1dbcb366d86a4960534f35b)] -> xpath: .//word], [[AndroidDriver: chrome on ANDROID (62e88494c1dbcb366d86a4960534f35b)] -> xpath: .//word], [[AndroidDriver: chrome on ANDROID (62e88494c1dbcb366d86a4960534f35b)] -> xpath: .//word], [[AndroidDriver: chrome on ANDROID (62e88494c1dbcb366d86a4960534f35b)] -> xpath: .//word], [[AndroidDriver: chrome on ANDROID (62e88494c1dbcb366d86a4960534f35b)] -> xpath: .//word], [[AndroidDriver: chrome on ANDROID (62e88494c1dbcb366d86a4960534f35b)] -> xpath: .//word], [[AndroidDriver: chrome on ANDROID (62e88494c1dbcb366d86a4960534f35b)] -> xpath: .//word], [[AndroidDriver: chrome on ANDROID (62e88494c1dbcb366d86a4960534f35b)] -> xpath: .//word], [[AndroidDriver: chrome on ANDROID (62e88494c1dbcb366d86a4960534f35b)] -> xpath: .//word], [[AndroidDriver: chrome on ANDROID (62e88494c1dbcb366d86a4960534f35b)] -> xpath: .//word], [[AndroidDriver: chrome on ANDROID (62e88494c1dbcb366d86a4960534f35b)] -> xpath: .//word], [[AndroidDriver: chrome on ANDROID (62e88494c1dbcb366d86a4960534f35b)] -> xpath: .//word], [[AndroidDriver: chrome on ANDROID (62e88494c1dbcb366d86a4960534f35b)] -> xpath: .//word], [[AndroidDriver: chrome on ANDROID (62e88494c1dbcb366d86a4960534f35b)] -> xpath: .//word], [[AndroidDriver: chrome on ANDROID (62e88494c1dbcb366d86a4960534f35b)] -> xpath: .//word], [[AndroidDriver: chrome on ANDROID (62e88494c1dbcb366d86a4960534f35b)] -> xpath: .//word], [[AndroidDriver: chrome on ANDROID (62e88494c1dbcb366d86a4960534f35b)] -> xpath: .//word], [[AndroidDriver: chrome on ANDROID (62e88494c1dbcb366d86a4960534f35b)] -> xpath: .//word], [[AndroidDriver: chrome on ANDROID (62e88494c1dbcb366d86a4960534f35b)] -> xpath: .//word], [[AndroidDriver: chrome on ANDROID (62e88494c1dbcb366d86a4960534f35b)] -> xpath: .//word], [[AndroidDriver: chrome on ANDROID (62e88494c1dbcb366d86a4960534f35b)] -> xpath: .//word], [[AndroidDriver: chrome on ANDROID (62e88494c1dbcb366d86a4960534f35b)] -> xpath: .//word], [[AndroidDriver: chrome on ANDROID (62e88494c1dbcb366d86a4960534f35b)] -> xpath: .//word], [[AndroidDriver: chrome on ANDROID (62e88494c1dbcb366d86a4960534f35b)] -> xpath: .//word], [[AndroidDriver: chrome on ANDROID (62e88494c1dbcb366d86a4960534f35b)] -> xpath: .//word], [[AndroidDriver: chrome on ANDROID (62e88494c1dbcb366d86a4960534f35b)] -> xpath: .//word], [[AndroidDriver: chrome on ANDROID (62e88494c1dbcb366d86a4960534f35b)] -> xpath: .//word], [[AndroidDriver: chrome on ANDROID (62e88494c1dbcb366d86a4960534f35b)] -> xpath: .//word], [[AndroidDriver: chrome on ANDROID (62e88494c1dbcb366d86a4960534f35b)] -> xpath: .//word], [[AndroidDriver: chrome on ANDROID (62e88494c1dbcb366d86a4960534f35b)] -> xpath: .//word], [[AndroidDriver: chrome on ANDROID (62e88494c1dbcb366d86a4960534f35b)] -> xpath: .//word], [[AndroidDriver: chrome on ANDROID (62e88494c1dbcb366d86a4960534f35b)] -> xpath: .//word], [[AndroidDriver: chrome on ANDROID (62e88494c1dbcb366d86a4960534f35b)] -> xpath: .//word], [[AndroidDriver: chrome on ANDROID (62e88494c1dbcb366d86a4960534f35b)] -> xpath: .//word], [[AndroidDriver: chrome on ANDROID (62e88494c1dbcb366d86a4960534f35b)] -> xpath: .//word], [[AndroidDriver: chrome on ANDROID (62e88494c1dbcb366d86a4960534f35b)] -> xpath: .//word], [[AndroidDriver: chrome on ANDROID (62e88494c1dbcb366d86a4960534f35b)] -> xpath: .//word], [[AndroidDriver: chrome on ANDROID (62e88494c1dbcb366d86a4960534f35b)] -> xpath: .//word], [[AndroidDriver: chrome on ANDROID (62e88494c1dbcb366d86a4960534f35b)] -> xpath: .//word], [[AndroidDriver: chrome on ANDROID (62e88494c1dbcb366d86a4960534f35b)] -> xpath: .//word], [[AndroidDriver: chrome on ANDROID (62e88494c1dbcb366d86a4960534f35b)] -> xpath: .//word], [[AndroidDriver: chrome on ANDROID (62e88494c1dbcb366d86a4960534f35b)] -> xpath: .//word], [[AndroidDriver: chrome on ANDROID (62e88494c1dbcb366d86a4960534f35b)] -> xpath: .//word], [[AndroidDriver: chrome on ANDROID (62e88494c1dbcb366d86a4960534f35b)] -> xpath: .//word], [[AndroidDriver: chrome on ANDROID (62e88494c1dbcb366d86a4960534f35b)] -> xpath: .//word], [[AndroidDriver: chrome on ANDROID (62e88494c1dbcb366d86a4960534f35b)] -> xpath: .//word], [[AndroidDriver: chrome on ANDROID (62e88494c1dbcb366d86a4960534f35b)] -> xpath: .//word], [[AndroidDriver: chrome on ANDROID (62e88494c1dbcb366d86a4960534f35b)] -> xpath: .//word], [[AndroidDriver: chrome on ANDROID (62e88494c1dbcb366d86a4960534f35b)] -> xpath: .//word], [[AndroidDriver: chrome on ANDROID (62e88494c1dbcb366d86a4960534f35b)] -> xpath: .//word], [[AndroidDriver: chrome on ANDROID (62e88494c1dbcb366d86a4960534f35b)] -> xpath: .//word], [[AndroidDriver: chrome on ANDROID (62e88494c1dbcb366d86a4960534f35b)] -> xpath: .//word], [[AndroidDriver: chrome on ANDROID (62e88494c1dbcb366d86a4960534f35b)] -> xpath: .//word], [[AndroidDriver: chrome on ANDROID (62e88494c1dbcb366d86a4960534f35b)] -> xpath: .//word], [[AndroidDriver: chrome on ANDROID (62e88494c1dbcb366d86a4960534f35b)] -> xpath: .//word], [[AndroidDriver: chrome on ANDROID (62e88494c1dbcb366d86a4960534f35b)] -> xpath: .//word], [[AndroidDriver: chrome on ANDROID (62e88494c1dbcb366d86a4960534f35b)] -> xpath: .//word], [[AndroidDriver: chrome on ANDROID (62e88494c1dbcb366d86a4960534f35b)] -> xpath: .//word], [[AndroidDriver: chrome on ANDROID (62e88494c1dbcb366d86a4960534f35b)] -> xpath: .//word], [[AndroidDriver: chrome on ANDROID (62e88494c1dbcb366d86a4960534f35b)] -> xpath: .//word], [[AndroidDriver: chrome on ANDROID (62e88494c1dbcb366d86a4960534f35b)] -> xpath: .//word], [[AndroidDriver: chrome on ANDROID (62e88494c1dbcb366d86a4960534f35b)] -> xpath: .//word], [[AndroidDriver: chrome on ANDROID (62e88494c1dbcb366d86a4960534f35b)] -> xpath: .//word], [[AndroidDriver: chrome on ANDROID (62e88494c1dbcb366d86a4960534f35b)] -> xpath: .//word], [[AndroidDriver: chrome on ANDROID (62e88494c1dbcb366d86a4960534f35b)] -> xpath: .//word], [[AndroidDriver: chrome on ANDROID (62e88494c1dbcb366d86a4960534f35b)] -> xpath: .//word], [[AndroidDriver: chrome on ANDROID (62e88494c1dbcb366d86a4960534f35b)] -> xpath: .//word], [[AndroidDriver: chrome on ANDROID (62e88494c1dbcb366d86a4960534f35b)] -> xpath: .//word], [[AndroidDriver: chrome on ANDROID (62e88494c1dbcb366d86a4960534f35b)] -> xpath: .//word], [[AndroidDriver: chrome on ANDROID (62e88494c1dbcb366d86a4960534f35b)] -> xpath: .//word], [[AndroidDriver: chrome on ANDROID (62e88494c1dbcb366d86a4960534f35b)] -> xpath: .//word], [[AndroidDriver: chrome on ANDROID (62e88494c1dbcb366d86a4960534f35b)] -> xpath: .//word], [[AndroidDriver: chrome on ANDROID (62e88494c1dbcb366d86a4960534f35b)] -> xpath: .//word], [[AndroidDriver: chrome on ANDROID (62e88494c1dbcb366d86a4960534f35b)] -> xpath: .//word], [[AndroidDriver: chrome on ANDROID (62e88494c1dbcb366d86a4960534f35b)] -> xpath: .//word], [[AndroidDriver: chrome on ANDROID (62e88494c1dbcb366d86a4960534f35b)] -> xpath: .//word], [[AndroidDriver: chrome on ANDROID (62e88494c1dbcb366d86a4960534f35b)] -> xpath: .//word], [[AndroidDriver: chrome on ANDROID (62e88494c1dbcb366d86a4960534f35b)] -> xpath: .//word], [[AndroidDriver: chrome on ANDROID (62e88494c1dbcb366d86a4960534f35b)] -> xpath: .//word], [[AndroidDriver: chrome on ANDROID (62e88494c1dbcb366d86a4960534f35b)] -> xpath: .//word], [[AndroidDriver: chrome on ANDROID (62e88494c1dbcb366d86a4960534f35b)] -> xpath: .//word], [[AndroidDriver: chrome on ANDROID (62e88494c1dbcb366d86a4960534f35b)] -> xpath: .//word], [[AndroidDriver: chrome on ANDROID (62e88494c1dbcb366d86a4960534f35b)] -> xpath: .//word], [[AndroidDriver: chrome on ANDROID (62e88494c1dbcb366d86a4960534f35b)] -> xpath: .//word], [[AndroidDriver: chrome on ANDROID (62e88494c1dbcb366d86a4960534f35b)] -> xpath: .//word], [[AndroidDriver: chrome on ANDROID (62e88494c1dbcb366d86a4960534f35b)] -> xpath: .//word], [[AndroidDriver: chrome on ANDROID (62e88494c1dbcb366d86a4960534f35b)] -> xpath: .//word], [[AndroidDriver: chrome on ANDROID (62e88494c1dbcb366d86a4960534f35b)] -> xpath: .//word], [[AndroidDriver: chrome on ANDROID (62e88494c1dbcb366d86a4960534f35b)] -> xpath: .//word], [[AndroidDriver: chrome on ANDROID (62e88494c1dbcb366d86a4960534f35b)] -> xpath: .//word], [[AndroidDriver: chrome on ANDROID (62e88494c1dbcb366d86a4960534f35b)] -> xpath: .//word], [[AndroidDriver: chrome on ANDROID (62e88494c1dbcb366d86a4960534f35b)] -> xpath: .//word], [[AndroidDriver: chrome on ANDROID (62e88494c1dbcb366d86a4960534f35b)] -> xpath: .//word], [[AndroidDriver: chrome on ANDROID (62e88494c1dbcb366d86a4960534f35b)] -> xpath: .//word], [[AndroidDriver: chrome on ANDROID (62e88494c1dbcb366d86a4960534f35b)] -> xpath: .//word], [[AndroidDriver: chrome on ANDROID (62e88494c1dbcb366d86a4960534f35b)] -> xpath: .//word], [[AndroidDriver: chrome on ANDROID (62e88494c1dbcb366d86a4960534f35b)] -> xpath: .//word], [[AndroidDriver: chrome on ANDROID (62e88494c1dbcb366d86a4960534f35b)] -> xpath: .//word], [[AndroidDriver: chrome on ANDROID (62e88494c1dbcb366d86a4960534f35b)] -> xpath: .//word], [[AndroidDriver: chrome on ANDROID (62e88494c1dbcb366d86a4960534f35b)] -> xpath: .//word], [[AndroidDriver: chrome on ANDROID (62e88494c1dbcb366d86a4960534f35b)] -> xpath: .//word], [[AndroidDriver: chrome on ANDROID (62e88494c1dbcb366d86a4960534f35b)] -> xpath: .//word], [[AndroidDriver: chrome on ANDROID (62e88494c1dbcb366d86a4960534f35b)] -> xpath: .//word], [[AndroidDriver: chrome on ANDROID (62e88494c1dbcb366d86a4960534f35b)] -> xpath: .//word], [[AndroidDriver: chrome on ANDROID (62e88494c1dbcb366d86a4960534f35b)] -> xpath: .//word], [[AndroidDriver: chrome on ANDROID (62e88494c1dbcb366d86a4960534f35b)] -> xpath: .//word], [[AndroidDriver: chrome on ANDROID (62e88494c1dbcb366d86a4960534f35b)] -> xpath: .//word], [[AndroidDriver: chrome on ANDROID (62e88494c1dbcb366d86a4960534f35b)] -> xpath: .//word], [[AndroidDriver: chrome on ANDROID (62e88494c1dbcb366d86a4960534f35b)] -> xpath: .//word], [[AndroidDriver: chrome on ANDROID (62e88494c1dbcb366d86a4960534f35b)] -> xpath: .//word], [[AndroidDriver: chrome on ANDROID (62e88494c1dbcb366d86a4960534f35b)] -> xpath: .//word], [[AndroidDriver: chrome on ANDROID (62e88494c1dbcb366d86a4960534f35b)] -> xpath: .//word], [[AndroidDriver: chrome on ANDROID (62e88494c1dbcb366d86a4960534f35b)] -> xpath: .//word], [[AndroidDriver: chrome on ANDROID (62e88494c1dbcb366d86a4960534f35b)] -> xpath: .//word], [[AndroidDriver: chrome on ANDROID (62e88494c1dbcb366d86a4960534f35b)] -> xpath: .//word], [[AndroidDriver: chrome on ANDROID (62e88494c1dbcb366d86a4960534f35b)] -> xpath: .//word], [[AndroidDriver: chrome on ANDROID (62e88494c1dbcb366d86a4960534f35b)] -> xpath: .//word], [[AndroidDriver: chrome on ANDROID (62e88494c1dbcb366d86a4960534f35b)] -> xpath: .//word], [[AndroidDriver: chrome on ANDROID (62e88494c1dbcb366d86a4960534f35b)] -> xpath: .//word], [[AndroidDriver: chrome on ANDROID (62e88494c1dbcb366d86a4960534f35b)] -> xpath: .//word], [[AndroidDriver: chrome on ANDROID (62e88494c1dbcb366d86a4960534f35b)] -> xpath: .//word], [[AndroidDriver: chrome on ANDROID (62e88494c1dbcb366d86a4960534f35b)] -> xpath: .//word], [[AndroidDriver: chrome on ANDROID (62e88494c1dbcb366d86a4960534f35b)] -> xpath: .//word], [[AndroidDriver: chrome on ANDROID (62e88494c1dbcb366d86a4960534f35b)] -> xpath: .//word], [[AndroidDriver: chrome on ANDROID (62e88494c1dbcb366d86a4960534f35b)] -> xpath: .//word], [[AndroidDriver: chrome on ANDROID (62e88494c1dbcb366d86a4960534f35b)] -> xpath: .//word], [[AndroidDriver: chrome on ANDROID (62e88494c1dbcb366d86a4960534f35b)] -> xpath: .//word], [[AndroidDriver: chrome on ANDROID (62e88494c1dbcb366d86a4960534f35b)] -> xpath: .//word], [[AndroidDriver: chrome on ANDROID (62e88494c1dbcb366d86a4960534f35b)] -> xpath: .//word], [[AndroidDriver: chrome on ANDROID (62e88494c1dbcb366d86a4960534f35b)] -> xpath: .//word], [[AndroidDriver: chrome on ANDROID (62e88494c1dbcb366d86a4960534f35b)] -> xpath: .//word], [[AndroidDriver: chrome on ANDROID (62e88494c1dbcb366d86a4960534f35b)] -> xpath: .//word], [[AndroidDriver: chrome on ANDROID (62e88494c1dbcb366d86a4960534f35b)] -> xpath: .//word], [[AndroidDriver: chrome on ANDROID (62e88494c1dbcb366d86a4960534f35b)] -> xpath: .//word], [[AndroidDriver: chrome on ANDROID (62e88494c1dbcb366d86a4960534f35b)] -> xpath: .//word], [[AndroidDriver: chrome on ANDROID (62e88494c1dbcb366d86a4960534f35b)] -> xpath: .//word], [[AndroidDriver: chrome on ANDROID (62e88494c1dbcb366d86a4960534f35b)] -> xpath: .//word], [[AndroidDriver: chrome on ANDROID (62e88494c1dbcb366d86a4960534f35b)] -> xpath: .//word], [[AndroidDriver: chrome on ANDROID (62e88494c1dbcb366d86a4960534f35b)] -> xpath: .//word], [[AndroidDriver: chrome on ANDROID (62e88494c1dbcb366d86a4960534f35b)] -> xpath: .//word], [[AndroidDriver: chrome on ANDROID (62e88494c1dbcb366d86a4960534f35b)] -> xpath: .//word], [[AndroidDriver: chrome on ANDROID (62e88494c1dbcb366d86a4960534f35b)] -> xpath: .//word], [[AndroidDriver: chrome on ANDROID (62e88494c1dbcb366d86a4960534f35b)] -> xpath: .//word], [[AndroidDriver: chrome on ANDROID (62e88494c1dbcb366d86a4960534f35b)] -> xpath: .//word], [[AndroidDriver: chrome on ANDROID (62e88494c1dbcb366d86a4960534f35b)] -> xpath: .//word], [[AndroidDriver: chrome on ANDROID (62e88494c1dbcb366d86a4960534f35b)] -> xpath: .//word], [[AndroidDriver: chrome on ANDROID (62e88494c1dbcb366d86a4960534f35b)] -> xpath: .//word], [[AndroidDriver: chrome on ANDROID (62e88494c1dbcb366d86a4960534f35b)] -> xpath: .//word], [[AndroidDriver: chrome on ANDROID (62e88494c1dbcb366d86a4960534f35b)] -> xpath: .//word], [[AndroidDriver: chrome on ANDROID (62e88494c1dbcb366d86a4960534f35b)] -> xpath: .//word], [[AndroidDriver: chrome on ANDROID (62e88494c1dbcb366d86a4960534f35b)] -> xpath: .//word], [[AndroidDriver: chrome on ANDROID (62e88494c1dbcb366d86a4960534f35b)] -> xpath: .//word], [[AndroidDriver: chrome on ANDROID (62e88494c1dbcb366d86a4960534f35b)] -> xpath: .//word], [[AndroidDriver: chrome on ANDROID (62e88494c1dbcb366d86a4960534f35b)] -> xpath: .//word], [[AndroidDriver: chrome on ANDROID (62e88494c1dbcb366d86a4960534f35b)] -> xpath: .//word], [[AndroidDriver: chrome on ANDROID (62e88494c1dbcb366d86a4960534f35b)] -> xpath: .//word], [[AndroidDriver: chrome on ANDROID (62e88494c1dbcb366d86a4960534f35b)] -> xpath: .//word], [[AndroidDriver: chrome on ANDROID (62e88494c1dbcb366d86a4960534f35b)] -> xpath: .//word], [[AndroidDriver: chrome on ANDROID (62e88494c1dbcb366d86a4960534f35b)] -> xpath: .//word], [[AndroidDriver: chrome on ANDROID (62e88494c1dbcb366d86a4960534f35b)] -> xpath: .//word], [[AndroidDriver: chrome on ANDROID (62e88494c1dbcb366d86a4960534f35b)] -> xpath: .//word], [[AndroidDriver: chrome on ANDROID (62e88494c1dbcb366d86a4960534f35b)] -> xpath: .//word], [[AndroidDriver: chrome on ANDROID (62e88494c1dbcb366d86a4960534f35b)] -> xpath: .//word], [[AndroidDriver: chrome on ANDROID (62e88494c1dbcb366d86a4960534f35b)] -> xpath: .//word], [[AndroidDriver: chrome on ANDROID (62e88494c1dbcb366d86a4960534f35b)] -> xpath: .//word], [[AndroidDriver: chrome on ANDROID (62e88494c1dbcb366d86a4960534f35b)] -> xpath: .//word], [[AndroidDriver: chrome on ANDROID (62e88494c1dbcb366d86a4960534f35b)] -> xpath: .//word], [[AndroidDriver: chrome on ANDROID (62e88494c1dbcb366d86a4960534f35b)] -> xpath: .//word], [[AndroidDriver: chrome on ANDROID (62e88494c1dbcb366d86a4960534f35b)] -> xpath: .//word], [[AndroidDriver: chrome on ANDROID (62e88494c1dbcb366d86a4960534f35b)] -> xpath: .//word], [[AndroidDriver: chrome on ANDROID (62e88494c1dbcb366d86a4960534f35b)] -> xpath: .//word], [[AndroidDriver: chrome on ANDROID (62e88494c1dbcb366d86a4960534f35b)] -> xpath: .//word], [[AndroidDriver: chrome on ANDROID (62e88494c1dbcb366d86a4960534f35b)] -> xpath: .//word], [[AndroidDriver: chrome on ANDROID (62e88494c1dbcb366d86a4960534f35b)] -> xpath: .//word], [[AndroidDriver: chrome on ANDROID (62e88494c1dbcb366d86a4960534f35b)] -> xpath: .//word], [[AndroidDriver: chrome on ANDROID (62e88494c1dbcb366d86a4960534f35b)] -> xpath: .//word], [[AndroidDriver: chrome on ANDROID (62e88494c1dbcb366d86a4960534f35b)] -> xpath: .//word], [[AndroidDriver: chrome on ANDROID (62e88494c1dbcb366d86a4960534f35b)] -> xpath: .//word], [[AndroidDriver: chrome on ANDROID (62e88494c1dbcb366d86a4960534f35b)] -> xpath: .//word], [[AndroidDriver: chrome on ANDROID (62e88494c1dbcb366d86a4960534f35b)] -> xpath: .//word], [[AndroidDriver: chrome on ANDROID (62e88494c1dbcb366d86a4960534f35b)] -> xpath: .//word], [[AndroidDriver: chrome on ANDROID (62e88494c1dbcb366d86a4960534f35b)] -> xpath: .//word], [[AndroidDriver: chrome on ANDROID (62e88494c1dbcb366d86a4960534f35b)] -> xpath: .//word], [[AndroidDriver: chrome on ANDROID (62e88494c1dbcb366d86a4960534f35b)] -> xpath: .//word], [[AndroidDriver: chrome on ANDROID (62e88494c1dbcb366d86a4960534f35b)] -> xpath: .//word], [[AndroidDriver: chrome on ANDROID (62e88494c1dbcb366d86a4960534f35b)] -> xpath: .//word], [[AndroidDriver: chrome on ANDROID (62e88494c1dbcb366d86a4960534f35b)] -> xpath: .//word], [[AndroidDriver: chrome on ANDROID (62e88494c1dbcb366d86a4960534f35b)] -> xpath: .//word], [[AndroidDriver: chrome on ANDROID (62e88494c1dbcb366d86a4960534f35b)] -> xpath: .//word], [[AndroidDriver: chrome on ANDROID (62e88494c1dbcb366d86a4960534f35b)] -> xpath: .//word], [[AndroidDriver: chrome on ANDROID (62e88494c1dbcb366d86a4960534f35b)] -> xpath: .//word], [[AndroidDriver: chrome on ANDROID (62e88494c1dbcb366d86a4960534f35b)] -> xpath: .//word], [[AndroidDriver: chrome on ANDROID (62e88494c1dbcb366d86a4960534f35b)] -> xpath: .//word], [[AndroidDriver: chrome on ANDROID (62e88494c1dbcb366d86a4960534f35b)] -> xpath: .//word], [[AndroidDriver: chrome on ANDROID (62e88494c1dbcb366d86a4960534f35b)] -> xpath: .//word], [[AndroidDriver: chrome on ANDROID (62e88494c1dbcb366d86a4960534f35b)] -> xpath: .//word], [[AndroidDriver: chrome on ANDROID (62e88494c1dbcb366d86a4960534f35b)] -> xpath: .//word], [[AndroidDriver: chrome on ANDROID (62e88494c1dbcb366d86a4960534f35b)] -> xpath: .//word], [[AndroidDriver: chrome on ANDROID (62e88494c1dbcb366d86a4960534f35b)] -> xpath: .//word], [[AndroidDriver: chrome on ANDROID (62e88494c1dbcb366d86a4960534f35b)] -> xpath: .//word], [[AndroidDriver: chrome on ANDROID (62e88494c1dbcb366d86a4960534f35b)] -> xpath: .//word], [[AndroidDriver: chrome on ANDROID (62e88494c1dbcb366d86a4960534f35b)] -> xpath: .//word], [[AndroidDriver: chrome on ANDROID (62e88494c1dbcb366d86a4960534f35b)] -> xpath: .//word], [[AndroidDriver: chrome on ANDROID (62e88494c1dbcb366d86a4960534f35b)] -> xpath: .//word], [[AndroidDriver: chrome on ANDROID (62e88494c1dbcb366d86a4960534f35b)] -> xpath: .//word], [[AndroidDriver: chrome on ANDROID (62e88494c1dbcb366d86a4960534f35b)] -> xpath: .//word], [[AndroidDriver: chrome on ANDROID (62e88494c1dbcb366d86a4960534f35b)] -> xpath: .//word], [[AndroidDriver: chrome on ANDROID (62e88494c1dbcb366d86a4960534f35b)] -> xpath: .//word], [[AndroidDriver: chrome on ANDROID (62e88494c1dbcb366d86a4960534f35b)] -> xpath: .//word], [[AndroidDriver: chrome on ANDROID (62e88494c1dbcb366d86a4960534f35b)] -> xpath: .//word], [[AndroidDriver: chrome on ANDROID (62e88494c1dbcb366d86a4960534f35b)] -> xpath: .//word], [[AndroidDriver: chrome on ANDROID (62e88494c1dbcb366d86a4960534f35b)] -> xpath: .//word], [[AndroidDriver: chrome on ANDROID (62e88494c1dbcb366d86a4960534f35b)] -> xpath: .//word], [[AndroidDriver: chrome on ANDROID (62e88494c1dbcb366d86a4960534f35b)] -> xpath: .//word], [[AndroidDriver: chrome on ANDROID (62e88494c1dbcb366d86a4960534f35b)] -> xpath: .//word], [[AndroidDriver: chrome on ANDROID (62e88494c1dbcb366d86a4960534f35b)] -> xpath: .//word], [[AndroidDriver: chrome on ANDROID (62e88494c1dbcb366d86a4960534f35b)] -> xpath: .//word], [[AndroidDriver: chrome on ANDROID (62e88494c1dbcb366d86a4960534f35b)] -> xpath: .//word], [[AndroidDriver: chrome on ANDROID (62e88494c1dbcb366d86a4960534f35b)] -> xpath: .//word], [[AndroidDriver: chrome on ANDROID (62e88494c1dbcb366d86a4960534f35b)] -> xpath: .//word], [[AndroidDriver: chrome on ANDROID (62e88494c1dbcb366d86a4960534f35b)] -> xpath: .//word], [[AndroidDriver: chrome on ANDROID (62e88494c1dbcb366d86a4960534f35b)] -> xpath: .//word], [[AndroidDriver: chrome on ANDROID (62e88494c1dbcb366d86a4960534f35b)] -> xpath: .//word], [[AndroidDriver: chrome on ANDROID (62e88494c1dbcb366d86a4960534f35b)] -> xpath: .//word], [[AndroidDriver: chrome on ANDROID (62e88494c1dbcb366d86a4960534f35b)] -> xpath: .//word], [[AndroidDriver: chrome on ANDROID (62e88494c1dbcb366d86a4960534f35b)] -> xpath: .//word], [[AndroidDriver: chrome on ANDROID (62e88494c1dbcb366d86a4960534f35b)] -> xpath: .//word], [[AndroidDriver: chrome on ANDROID (62e88494c1dbcb366d86a4960534f35b)] -> xpath: .//word], [[AndroidDriver: chrome on ANDROID (62e88494c1dbcb366d86a4960534f35b)] -> xpath: .//word], [[AndroidDriver: chrome on ANDROID (62e88494c1dbcb366d86a4960534f35b)] -> xpath: .//word], [[AndroidDriver: chrome on ANDROID (62e88494c1dbcb366d86a4960534f35b)] -> xpath: .//word], [[AndroidDriver: chrome on ANDROID (62e88494c1dbcb366d86a4960534f35b)] -> xpath: .//word], [[AndroidDriver: chrome on ANDROID (62e88494c1dbcb366d86a4960534f35b)] -> xpath: .//word], [[AndroidDriver: chrome on ANDROID (62e88494c1dbcb366d86a4960534f35b)] -> xpath: .//word], [[AndroidDriver: chrome on ANDROID (62e88494c1dbcb366d86a4960534f35b)] -> xpath: .//word], [[AndroidDriver: chrome on ANDROID (62e88494c1dbcb366d86a4960534f35b)] -> xpath: .//word], [[AndroidDriver: chrome on ANDROID (62e88494c1dbcb366d86a4960534f35b)] -> xpath: .//word], [[AndroidDriver: chrome on ANDROID (62e88494c1dbcb366d86a4960534f35b)] -> xpath: .//word], [[AndroidDriver: chrome on ANDROID (62e88494c1dbcb366d86a4960534f35b)] -> xpath: .//word], [[AndroidDriver: chrome on ANDROID (62e88494c1dbcb366d86a4960534f35b)] -> xpath: .//word], [[AndroidDriver: chrome on ANDROID (62e88494c1dbcb366d86a4960534f35b)] -> xpath: .//word], [[AndroidDriver: chrome on ANDROID (62e88494c1dbcb366d86a4960534f35b)] -> xpath: .//word], [[AndroidDriver: chrome on ANDROID (62e88494c1dbcb366d86a4960534f35b)] -> xpath: .//word], [[AndroidDriver: chrome on ANDROID (62e88494c1dbcb366d86a4960534f35b)] -> xpath: .//word], [[AndroidDriver: chrome on ANDROID (62e88494c1dbcb366d86a4960534f35b)] -> xpath: .//word], [[AndroidDriver: chrome on ANDROID (62e88494c1dbcb366d86a4960534f35b)] -> xpath: .//word], [[AndroidDriver: chrome on ANDROID (62e88494c1dbcb366d86a4960534f35b)] -> xpath: .//word], [[AndroidDriver: chrome on ANDROID (62e88494c1dbcb366d86a4960534f35b)] -> xpath: .//word], [[AndroidDriver: chrome on ANDROID (62e88494c1dbcb366d86a4960534f35b)] -> xpath: .//word], [[AndroidDriver: chrome on ANDROID (62e88494c1dbcb366d86a4960534f35b)] -> xpath: .//word], [[AndroidDriver: chrome on ANDROID (62e88494c1dbcb366d86a4960534f35b)] -> xpath: .//word], [[AndroidDriver: chrome on ANDROID (62e88494c1dbcb366d86a4960534f35b)] -> xpath: .//word], [[AndroidDriver: chrome on ANDROID (62e88494c1dbcb366d86a4960534f35b)] -> xpath: .//word], [[AndroidDriver: chrome on ANDROID (62e88494c1dbcb366d86a4960534f35b)] -> xpath: .//word], [[AndroidDriver: chrome on ANDROID (62e88494c1dbcb366d86a4960534f35b)] -> xpath: .//word], [[AndroidDriver: chrome on ANDROID (62e88494c1dbcb366d86a4960534f35b)] -> xpath: .//word], [[AndroidDriver: chrome on ANDROID (62e88494c1dbcb366d86a4960534f35b)] -> xpath: .//word], [[AndroidDriver: chrome on ANDROID (62e88494c1dbcb366d86a4960534f35b)] -> xpath: .//word], [[AndroidDriver: chrome on ANDROID (62e88494c1dbcb366d86a4960534f35b)] -> xpath: .//word], [[AndroidDriver: chrome on ANDROID (62e88494c1dbcb366d86a4960534f35b)] -> xpath: .//word], [[AndroidDriver: chrome on ANDROID (62e88494c1dbcb366d86a4960534f35b)] -> xpath: .//word], [[AndroidDriver: chrome on ANDROID (62e88494c1dbcb366d86a4960534f35b)] -> xpath: .//word], [[AndroidDriver: chrome on ANDROID (62e88494c1dbcb366d86a4960534f35b)] -> xpath: .//word], [[AndroidDriver: chrome on ANDROID (62e88494c1dbcb366d86a4960534f35b)] -> xpath: .//word], [[AndroidDriver: chrome on ANDROID (62e88494c1dbcb366d86a4960534f35b)] -> xpath: .//word], [[AndroidDriver: chrome on ANDROID (62e88494c1dbcb366d86a4960534f35b)] -> xpath: .//word], [[AndroidDriver: chrome on ANDROID (62e88494c1dbcb366d86a4960534f35b)] -> xpath: .//word], [[AndroidDriver: chrome on ANDROID (62e88494c1dbcb366d86a4960534f35b)] -> xpath: .//word], [[AndroidDriver: chrome on ANDROID (62e88494c1dbcb366d86a4960534f35b)] -> xpath: .//word], [[AndroidDriver: chrome on ANDROID (62e88494c1dbcb366d86a4960534f35b)] -> xpath: .//word], [[AndroidDriver: chrome on ANDROID (62e88494c1dbcb366d86a4960534f35b)] -> xpath: .//word], [[AndroidDriver: chrome on ANDROID (62e88494c1dbcb366d86a4960534f35b)] -> xpath: .//word], [[AndroidDriver: chrome on ANDROID (62e88494c1dbcb366d86a4960534f35b)] -> xpath: .//word], [[AndroidDriver: chrome on ANDROID (62e88494c1dbcb366d86a4960534f35b)] -> xpath: .//word], [[AndroidDriver: chrome on ANDROID (62e88494c1dbcb366d86a4960534f35b)] -> xpath: .//word], [[AndroidDriver: chrome on ANDROID (62e88494c1dbcb366d86a4960534f35b)] -> xpath: .//word], [[AndroidDriver: chrome on ANDROID (62e88494c1dbcb366d86a4960534f35b)] -> xpath: .//word], [[AndroidDriver: chrome on ANDROID (62e88494c1dbcb366d86a4960534f35b)] -> xpath: .//word], [[AndroidDriver: chrome on ANDROID (62e88494c1dbcb366d86a4960534f35b)] -> xpath: .//word], [[AndroidDriver: chrome on ANDROID (62e88494c1dbcb366d86a4960534f35b)] -> xpath: .//word], [[AndroidDriver: chrome on ANDROID (62e88494c1dbcb366d86a4960534f35b)] -> xpath: .//word], [[AndroidDriver: chrome on ANDROID (62e88494c1dbcb366d86a4960534f35b)] -> xpath: .//word], [[AndroidDriver: chrome on ANDROID (62e88494c1dbcb366d86a4960534f35b)] -> xpath: .//word], [[AndroidDriver: chrome on ANDROID (62e88494c1dbcb366d86a4960534f35b)] -> xpath: .//word], [[AndroidDriver: chrome on ANDROID (62e88494c1dbcb366d86a4960534f35b)] -> xpath: .//word], [[AndroidDriver: chrome on ANDROID (62e88494c1dbcb366d86a4960534f35b)] -> xpath: .//word], [[AndroidDriver: chrome on ANDROID (62e88494c1dbcb366d86a4960534f35b)] -> xpath: .//word], [[AndroidDriver: chrome on ANDROID (62e88494c1dbcb366d86a4960534f35b)] -> xpath: .//word], [[AndroidDriver: chrome on ANDROID (62e88494c1dbcb366d86a4960534f35b)] -> xpath: .//word], [[AndroidDriver: chrome on ANDROID (62e88494c1dbcb366d86a4960534f35b)] -> xpath: .//word], [[AndroidDriver: chrome on ANDROID (62e88494c1dbcb366d86a4960534f35b)] -> xpath: .//word], [[AndroidDriver: chrome on ANDROID (62e88494c1dbcb366d86a4960534f35b)] -> xpath: .//word], [[AndroidDriver: chrome on ANDROID (62e88494c1dbcb366d86a4960534f35b)] -> xpath: .//word], [[AndroidDriver: chrome on ANDROID (62e88494c1dbcb366d86a4960534f35b)] -> xpath: .//word], [[AndroidDriver: chrome on ANDROID (62e88494c1dbcb366d86a4960534f35b)] -> xpath: .//word], [[AndroidDriver: chrome on ANDROID (62e88494c1dbcb366d86a4960534f35b)] -> xpath: .//word], [[AndroidDriver: chrome on ANDROID (62e88494c1dbcb366d86a4960534f35b)] -> xpath: .//word], [[AndroidDriver: chrome on ANDROID (62e88494c1dbcb366d86a4960534f35b)] -> xpath: .//word], [[AndroidDriver: chrome on ANDROID (62e88494c1dbcb366d86a4960534f35b)] -> xpath: .//word], [[AndroidDriver: chrome on ANDROID (62e88494c1dbcb366d86a4960534f35b)] -> xpath: .//word], [[AndroidDriver: chrome on ANDROID (62e88494c1dbcb366d86a4960534f35b)] -> xpath: .//word], [[AndroidDriver: chrome on ANDROID (62e88494c1dbcb366d86a4960534f35b)] -> xpath: .//word], [[AndroidDriver: chrome on ANDROID (62e88494c1dbcb366d86a4960534f35b)] -> xpath: .//word], [[AndroidDriver: chrome on ANDROID (62e88494c1dbcb366d86a4960534f35b)] -> xpath: .//word], [[AndroidDriver: chrome on ANDROID (62e88494c1dbcb366d86a4960534f35b)] -> xpath: .//word], [[AndroidDriver: chrome on ANDROID (62e88494c1dbcb366d86a4960534f35b)] -> xpath: .//word], [[AndroidDriver: chrome on ANDROID (62e88494c1dbcb366d86a4960534f35b)] -> xpath: .//word], [[AndroidDriver: chrome on ANDROID (62e88494c1dbcb366d86a4960534f35b)] -> xpath: .//word], [[AndroidDriver: chrome on ANDROID (62e88494c1dbcb366d86a4960534f35b)] -> xpath: .//word], [[AndroidDriver: chrome on ANDROID (62e88494c1dbcb366d86a4960534f35b)] -> xpath: .//word], [[AndroidDriver: chrome on ANDROID (62e88494c1dbcb366d86a4960534f35b)] -> xpath: .//word], [[AndroidDriver: chrome on ANDROID (62e88494c1dbcb366d86a4960534f35b)] -> xpath: .//word], [[AndroidDriver: chrome on ANDROID (62e88494c1dbcb366d86a4960534f35b)] -> xpath: .//word], [[AndroidDriver: chrome on ANDROID (62e88494c1dbcb366d86a4960534f35b)] -> xpath: .//word], [[AndroidDriver: chrome on ANDROID (62e88494c1dbcb366d86a4960534f35b)] -> xpath: .//word], [[AndroidDriver: chrome on ANDROID (62e88494c1dbcb366d86a4960534f35b)] -> xpath: .//word], [[AndroidDriver: chrome on ANDROID (62e88494c1dbcb366d86a4960534f35b)] -> xpath: .//word], [[AndroidDriver: chrome on ANDROID (62e88494c1dbcb366d86a4960534f35b)] -> xpath: .//word], [[AndroidDriver: chrome on ANDROID (62e88494c1dbcb366d86a4960534f35b)] -> xpath: .//word], [[AndroidDriver: chrome on ANDROID (62e88494c1dbcb366d86a4960534f35b)] -> xpath: .//word], [[AndroidDriver: chrome on ANDROID (62e88494c1dbcb366d86a4960534f35b)] -> xpath: .//word], [[AndroidDriver: chrome on ANDROID (62e88494c1dbcb366d86a4960534f35b)] -> xpath: .//word], [[AndroidDriver: chrome on ANDROID (62e88494c1dbcb366d86a4960534f35b)] -> xpath: .//word], [[AndroidDriver: chrome on ANDROID (62e88494c1dbcb366d86a4960534f35b)] -> xpath: .//word], [[AndroidDriver: chrome on ANDROID (62e88494c1dbcb366d86a4960534f35b)] -> xpath: .//word], [[AndroidDriver: chrome on ANDROID (62e88494c1dbcb366d86a4960534f35b)] -> xpath: .//word], [[AndroidDriver: chrome on ANDROID (62e88494c1dbcb366d86a4960534f35b)] -> xpath: .//word], [[AndroidDriver: chrome on ANDROID (62e88494c1dbcb366d86a4960534f35b)] -> xpath: .//word], [[AndroidDriver: chrome on ANDROID (62e88494c1dbcb366d86a4960534f35b)] -> xpath: .//word], [[AndroidDriver: chrome on ANDROID (62e88494c1dbcb366d86a4960534f35b)] -> xpath: .//word], [[AndroidDriver: chrome on ANDROID (62e88494c1dbcb366d86a4960534f35b)] -> xpath: .//word], [[AndroidDriver: chrome on ANDROID (62e88494c1dbcb366d86a4960534f35b)] -> xpath: .//word], [[AndroidDriver: chrome on ANDROID (62e88494c1dbcb366d86a4960534f35b)] -> xpath: .//word], [[AndroidDriver: chrome on ANDROID (62e88494c1dbcb366d86a4960534f35b)] -> xpath: .//word], [[AndroidDriver: chrome on ANDROID (62e88494c1dbcb366d86a4960534f35b)] -> xpath: .//word], [[AndroidDriver: chrome on ANDROID (62e88494c1dbcb366d86a4960534f35b)] -> xpath: .//word], [[AndroidDriver: chrome on ANDROID (62e88494c1dbcb366d86a4960534f35b)] -> xpath: .//word], [[AndroidDriver: chrome on ANDROID (62e88494c1dbcb366d86a4960534f35b)] -> xpath: .//word], [[AndroidDriver: chrome on ANDROID (62e88494c1dbcb366d86a4960534f35b)] -> xpath: .//word], [[AndroidDriver: chrome on ANDROID (62e88494c1dbcb366d86a4960534f35b)] -> xpath: .//word], [[AndroidDriver: chrome on ANDROID (62e88494c1dbcb366d86a4960534f35b)] -> xpath: .//word], [[AndroidDriver: chrome on ANDROID (62e88494c1dbcb366d86a4960534f35b)] -> xpath: .//word], [[AndroidDriver: chrome on ANDROID (62e88494c1dbcb366d86a4960534f35b)] -> xpath: .//word], [[AndroidDriver: chrome on ANDROID (62e88494c1dbcb366d86a4960534f35b)] -> xpath: .//word], [[AndroidDriver: chrome on ANDROID (62e88494c1dbcb366d86a4960534f35b)] -> xpath: .//word], [[AndroidDriver: chrome on ANDROID (62e88494c1dbcb366d86a4960534f35b)] -> xpath: .//word], [[AndroidDriver: chrome on ANDROID (62e88494c1dbcb366d86a4960534f35b)] -> xpath: .//word], [[AndroidDriver: chrome on ANDROID (62e88494c1dbcb366d86a4960534f35b)] -> xpath: .//word], [[AndroidDriver: chrome on ANDROID (62e88494c1dbcb366d86a4960534f35b)] -> xpath: .//word], [[AndroidDriver: chrome on ANDROID (62e88494c1dbcb366d86a4960534f35b)] -> xpath: .//word], [[AndroidDriver: chrome on ANDROID (62e88494c1dbcb366d86a4960534f35b)] -> xpath: .//word], [[AndroidDriver: chrome on ANDROID (62e88494c1dbcb366d86a4960534f35b)] -> xpath: .//word], [[AndroidDriver: chrome on ANDROID (62e88494c1dbcb366d86a4960534f35b)] -> xpath: .//word], [[AndroidDriver: chrome on ANDROID (62e88494c1dbcb366d86a4960534f35b)] -> xpath: .//word], [[AndroidDriver: chrome on ANDROID (62e88494c1dbcb366d86a4960534f35b)] -> xpath: .//word], [[AndroidDriver: chrome on ANDROID (62e88494c1dbcb366d86a4960534f35b)] -> xpath: .//word], [[AndroidDriver: chrome on ANDROID (62e88494c1dbcb366d86a4960534f35b)] -> xpath: .//word], [[AndroidDriver: chrome on ANDROID (62e88494c1dbcb366d86a4960534f35b)] -> xpath: .//word], [[AndroidDriver: chrome on ANDROID (62e88494c1dbcb366d86a4960534f35b)] -> xpath: .//word], [[AndroidDriver: chrome on ANDROID (62e88494c1dbcb366d86a4960534f35b)] -> xpath: .//word], [[AndroidDriver: chrome on ANDROID (62e88494c1dbcb366d86a4960534f35b)] -> xpath: .//word], [[AndroidDriver: chrome on ANDROID (62e88494c1dbcb366d86a4960534f35b)] -> xpath: .//word], [[AndroidDriver: chrome on ANDROID (62e88494c1dbcb366d86a4960534f35b)] -> xpath: .//word], [[AndroidDriver: chrome on ANDROID (62e88494c1dbcb366d86a4960534f35b)] -> xpath: .//word], [[AndroidDriver: chrome on ANDROID (62e88494c1dbcb366d86a4960534f35b)] -> xpath: .//word], [[AndroidDriver: chrome on ANDROID (62e88494c1dbcb366d86a4960534f35b)] -> xpath: .//word], [[AndroidDriver: chrome on ANDROID (62e88494c1dbcb366d86a4960534f35b)] -> xpath: .//word], [[AndroidDriver: chrome on ANDROID (62e88494c1dbcb366d86a4960534f35b)] -> xpath: .//word], [[AndroidDriver: chrome on ANDROID (62e88494c1dbcb366d86a4960534f35b)] -> xpath: .//word], [[AndroidDriver: chrome on ANDROID (62e88494c1dbcb366d86a4960534f35b)] -> xpath: .//word], [[AndroidDriver: chrome on ANDROID (62e88494c1dbcb366d86a4960534f35b)] -> xpath: .//word], [[AndroidDriver: chrome on ANDROID (62e88494c1dbcb366d86a4960534f35b)] -> xpath: .//word], [[AndroidDriver: chrome on ANDROID (62e88494c1dbcb366d86a4960534f35b)] -> xpath: .//word], [[AndroidDriver: chrome on ANDROID (62e88494c1dbcb366d86a4960534f35b)] -> xpath: .//word], [[AndroidDriver: chrome on ANDROID (62e88494c1dbcb366d86a4960534f35b)] -> xpath: .//word], [[AndroidDriver: chrome on ANDROID (62e88494c1dbcb366d86a4960534f35b)] -> xpath: .//word], [[AndroidDriver: chrome on ANDROID (62e88494c1dbcb366d86a4960534f35b)] -> xpath: .//word], [[AndroidDriver: chrome on ANDROID (62e88494c1dbcb366d86a4960534f35b)] -> xpath: .//word], [[AndroidDriver: chrome on ANDROID (62e88494c1dbcb366d86a4960534f35b)] -> xpath: .//word], [[AndroidDriver: chrome on ANDROID (62e88494c1dbcb366d86a4960534f35b)] -> xpath: .//word], [[AndroidDriver: chrome on ANDROID (62e88494c1dbcb366d86a4960534f35b)] -> xpath: .//word], [[AndroidDriver: chrome on ANDROID (62e88494c1dbcb366d86a4960534f35b)] -> xpath: .//word], [[AndroidDriver: chrome on ANDROID (62e88494c1dbcb366d86a4960534f35b)] -> xpath: .//word], [[AndroidDriver: chrome on ANDROID (62e88494c1dbcb366d86a4960534f35b)] -> xpath: .//word], [[AndroidDriver: chrome on ANDROID (62e88494c1dbcb366d86a4960534f35b)] -> xpath: .//word], [[AndroidDriver: chrome on ANDROID (62e88494c1dbcb366d86a4960534f35b)] -> xpath: .//word], [[AndroidDriver: chrome on ANDROID (62e88494c1dbcb366d86a4960534f35b)] -> xpath: .//word], [[AndroidDriver: chrome on ANDROID (62e88494c1dbcb366d86a4960534f35b)] -> xpath: .//word], [[AndroidDriver: chrome on ANDROID (62e88494c1dbcb366d86a4960534f35b)] -> xpath: .//word], [[AndroidDriver: chrome on ANDROID (62e88494c1dbcb366d86a4960534f35b)] -> xpath: .//word], [[AndroidDriver: chrome on ANDROID (62e88494c1dbcb366d86a4960534f35b)] -> xpath: .//word], [[AndroidDriver: chrome on ANDROID (62e88494c1dbcb366d86a4960534f35b)] -> xpath: .//word], [[AndroidDriver: chrome on ANDROID (62e88494c1dbcb366d86a4960534f35b)] -> xpath: .//word], [[AndroidDriver: chrome on ANDROID (62e88494c1dbcb366d86a4960534f35b)] -> xpath: .//word], [[AndroidDriver: chrome on ANDROID (62e88494c1dbcb366d86a4960534f35b)] -> xpath: .//word], [[AndroidDriver: chrome on ANDROID (62e88494c1dbcb366d86a4960534f35b)] -> xpath: .//word], [[AndroidDriver: chrome on ANDROID (62e88494c1dbcb366d86a4960534f35b)] -> xpath: .//word], [[AndroidDriver: chrome on ANDROID (62e88494c1dbcb366d86a4960534f35b)] -> xpath: .//word], [[AndroidDriver: chrome on ANDROID (62e88494c1dbcb366d86a4960534f35b)] -> xpath: .//word], [[AndroidDriver: chrome on ANDROID (62e88494c1dbcb366d86a4960534f35b)] -> xpath: .//word], [[AndroidDriver: chrome on ANDROID (62e88494c1dbcb366d86a4960534f35b)] -> xpath: .//word], [[AndroidDriver: chrome on ANDROID (62e88494c1dbcb366d86a4960534f35b)] -> xpath: .//word], [[AndroidDriver: chrome on ANDROID (62e88494c1dbcb366d86a4960534f35b)] -> xpath: .//word], [[AndroidDriver: chrome on ANDROID (62e88494c1dbcb366d86a4960534f35b)] -> xpath: .//word], [[AndroidDriver: chrome on ANDROID (62e88494c1dbcb366d86a4960534f35b)] -> xpath: .//word], [[AndroidDriver: chrome on ANDROID (62e88494c1dbcb366d86a4960534f35b)] -> xpath: .//word], [[AndroidDriver: chrome on ANDROID (62e88494c1dbcb366d86a4960534f35b)] -> xpath: .//word], [[AndroidDriver: chrome on ANDROID (62e88494c1dbcb366d86a4960534f35b)] -> xpath: .//word], [[AndroidDriver: chrome on ANDROID (62e88494c1dbcb366d86a4960534f35b)] -> xpath: .//word], [[AndroidDriver: chrome on ANDROID (62e88494c1dbcb366d86a4960534f35b)] -> xpath: .//word], [[AndroidDriver: chrome on ANDROID (62e88494c1dbcb366d86a4960534f35b)] -> xpath: .//word], [[AndroidDriver: chrome on ANDROID (62e88494c1dbcb366d86a4960534f35b)] -> xpath: .//word], [[AndroidDriver: chrome on ANDROID (62e88494c1dbcb366d86a4960534f35b)] -> xpath: .//word], [[AndroidDriver: chrome on ANDROID (62e88494c1dbcb366d86a4960534f35b)] -> xpath: .//word], [[AndroidDriver: chrome on ANDROID (62e88494c1dbcb366d86a4960534f35b)] -> xpath: .//word], [[AndroidDriver: chrome on ANDROID (62e88494c1dbcb366d86a4960534f35b)] -> xpath: .//word], [[AndroidDriver: chrome on ANDROID (62e88494c1dbcb366d86a4960534f35b)] -> xpath: .//word], [[AndroidDriver: chrome on ANDROID (62e88494c1dbcb366d86a4960534f35b)] -> xpath: .//word], [[AndroidDriver: chrome on ANDROID (62e88494c1dbcb366d86a4960534f35b)] -> xpath: .//word], [[AndroidDriver: chrome on ANDROID (62e88494c1dbcb366d86a4960534f35b)] -> xpath: .//word], [[AndroidDriver: chrome on ANDROID (62e88494c1dbcb366d86a4960534f35b)] -> xpath: .//word], [[AndroidDriver: chrome on ANDROID (62e88494c1dbcb366d86a4960534f35b)] -> xpath: .//word], [[AndroidDriver: chrome on ANDROID (62e88494c1dbcb366d86a4960534f35b)] -> xpath: .//word], [[AndroidDriver: chrome on ANDROID (62e88494c1dbcb366d86a4960534f35b)] -> xpath: .//word], [[AndroidDriver: chrome on ANDROID (62e88494c1dbcb366d86a4960534f35b)] -> xpath: .//word], [[AndroidDriver: chrome on ANDROID (62e88494c1dbcb366d86a4960534f35b)] -> xpath: .//word], [[AndroidDriver: chrome on ANDROID (62e88494c1dbcb366d86a4960534f35b)] -> xpath: .//word], [[AndroidDriver: chrome on ANDROID (62e88494c1dbcb366d86a4960534f35b)] -> xpath: .//word], [[AndroidDriver: chrome on ANDROID (62e88494c1dbcb366d86a4960534f35b)] -> xpath: .//word], [[AndroidDriver: chrome on ANDROID (62e88494c1dbcb366d86a4960534f35b)] -> xpath: .//word], [[AndroidDriver: chrome on ANDROID (62e88494c1dbcb366d86a4960534f35b)] -> xpath: .//word], [[AndroidDriver: chrome on ANDROID (62e88494c1dbcb366d86a4960534f35b)] -> xpath: .//word], [[AndroidDriver: chrome on ANDROID (62e88494c1dbcb366d86a4960534f35b)] -> xpath: .//word], [[AndroidDriver: chrome on ANDROID (62e88494c1dbcb366d86a4960534f35b)] -> xpath: .//word], [[AndroidDriver: chrome on ANDROID (62e88494c1dbcb366d86a4960534f35b)] -> xpath: .//word], [[AndroidDriver: chrome on ANDROID (62e88494c1dbcb366d86a4960534f35b)] -> xpath: .//word], [[AndroidDriver: chrome on ANDROID (62e88494c1dbcb366d86a4960534f35b)] -> xpath: .//word], [[AndroidDriver: chrome on ANDROID (62e88494c1dbcb366d86a4960534f35b)] -> xpath: .//word], [[AndroidDriver: chrome on ANDROID (62e88494c1dbcb366d86a4960534f35b)] -> xpath: .//word], [[AndroidDriver: chrome on ANDROID (62e88494c1dbcb366d86a4960534f35b)] -> xpath: .//word], [[AndroidDriver: chrome on ANDROID (62e88494c1dbcb366d86a4960534f35b)] -> xpath: .//word], [[AndroidDriver: chrome on ANDROID (62e88494c1dbcb366d86a4960534f35b)] -> xpath: .//word], [[AndroidDriver: chrome on ANDROID (62e88494c1dbcb366d86a4960534f35b)] -> xpath: .//word], [[AndroidDriver: chrome on ANDROID (62e88494c1dbcb366d86a4960534f35b)] -> xpath: .//word], [[AndroidDriver: chrome on ANDROID (62e88494c1dbcb366d86a4960534f35b)] -> xpath: .//word], [[AndroidDriver: chrome on ANDROID (62e88494c1dbcb366d86a4960534f35b)] -> xpath: .//word], [[AndroidDriver: chrome on ANDROID (62e88494c1dbcb366d86a4960534f35b)] -> xpath: .//word], [[AndroidDriver: chrome on ANDROID (62e88494c1dbcb366d86a4960534f35b)] -> xpath: .//word], [[AndroidDriver: chrome on ANDROID (62e88494c1dbcb366d86a4960534f35b)] -> xpath: .//word], [[AndroidDriver: chrome on ANDROID (62e88494c1dbcb366d86a4960534f35b)] -> xpath: .//word], [[AndroidDriver: chrome on ANDROID (62e88494c1dbcb366d86a4960534f35b)] -> xpath: .//word], [[AndroidDriver: chrome on ANDROID (62e88494c1dbcb366d86a4960534f35b)] -> xpath: .//word], [[AndroidDriver: chrome on ANDROID (62e88494c1dbcb366d86a4960534f35b)] -> xpath: .//word], [[AndroidDriver: chrome on ANDROID (62e88494c1dbcb366d86a4960534f35b)] -> xpath: .//word], [[AndroidDriver: chrome on ANDROID (62e88494c1dbcb366d86a4960534f35b)] -> xpath: .//word], [[AndroidDriver: chrome on ANDROID (62e88494c1dbcb366d86a4960534f35b)] -> xpath: .//word], [[AndroidDriver: chrome on ANDROID (62e88494c1dbcb366d86a4960534f35b)] -> xpath: .//word], [[AndroidDriver: chrome on ANDROID (62e88494c1dbcb366d86a4960534f35b)] -> xpath: .//word], [[AndroidDriver: chrome on ANDROID (62e88494c1dbcb366d86a4960534f35b)] -> xpath: .//word], [[AndroidDriver: chrome on ANDROID (62e88494c1dbcb366d86a4960534f35b)] -> xpath: .//word], [[AndroidDriver: chrome on ANDROID (62e88494c1dbcb366d86a4960534f35b)] -> xpath: .//word], [[AndroidDriver: chrome on ANDROID (62e88494c1dbcb366d86a4960534f35b)] -> xpath: .//word], [[AndroidDriver: chrome on ANDROID (62e88494c1dbcb366d86a4960534f35b)] -> xpath: .//word], [[AndroidDriver: chrome on ANDROID (62e88494c1dbcb366d86a4960534f35b)] -> xpath: .//word], [[AndroidDriver: chrome on ANDROID (62e88494c1dbcb366d86a4960534f35b)] -> xpath: .//word], [[AndroidDriver: chrome on ANDROID (62e88494c1dbcb366d86a4960534f35b)] -> xpath: .//word], [[AndroidDriver: chrome on ANDROID (62e88494c1dbcb366d86a4960534f35b)] -> xpath: .//word], [[AndroidDriver: chrome on ANDROID (62e88494c1dbcb366d86a4960534f35b)] -> xpath: .//word], [[AndroidDriver: chrome on ANDROID (62e88494c1dbcb366d86a4960534f35b)] -> xpath: .//word], [[AndroidDriver: chrome on ANDROID (62e88494c1dbcb366d86a4960534f35b)] -> xpath: .//word], [[AndroidDriver: chrome on ANDROID (62e88494c1dbcb366d86a4960534f35b)] -> xpath: .//word], [[AndroidDriver: chrome on ANDROID (62e88494c1dbcb366d86a4960534f35b)] -> xpath: .//word], [[AndroidDriver: chrome on ANDROID (62e88494c1dbcb366d86a4960534f35b)] -> xpath: .//word], [[AndroidDriver: chrome on ANDROID (62e88494c1dbcb366d86a4960534f35b)] -> xpath: .//word], [[AndroidDriver: chrome on ANDROID (62e88494c1dbcb366d86a4960534f35b)] -> xpath: .//word], [[AndroidDriver: chrome on ANDROID (62e88494c1dbcb366d86a4960534f35b)] -> xpath: .//word], [[AndroidDriver: chrome on ANDROID (62e88494c1dbcb366d86a4960534f35b)] -> xpath: .//word], [[AndroidDriver: chrome on ANDROID (62e88494c1dbcb366d86a4960534f35b)] -> xpath: .//word], [[AndroidDriver: chrome on ANDROID (62e88494c1dbcb366d86a4960534f35b)] -> xpath: .//word], [[AndroidDriver: chrome on ANDROID (62e88494c1dbcb366d86a4960534f35b)] -> xpath: .//word], [[AndroidDriver: chrome on ANDROID (62e88494c1dbcb366d86a4960534f35b)] -> xpath: .//word], [[AndroidDriver: chrome on ANDROID (62e88494c1dbcb366d86a4960534f35b)] -> xpath: .//word], [[AndroidDriver: chrome on ANDROID (62e88494c1dbcb366d86a4960534f35b)] -> xpath: .//word], [[AndroidDriver: chrome on ANDROID (62e88494c1dbcb366d86a4960534f35b)] -> xpath: .//word], [[AndroidDriver: chrome on ANDROID (62e88494c1dbcb366d86a4960534f35b)] -> xpath: .//word], [[AndroidDriver: chrome on ANDROID (62e88494c1dbcb366d86a4960534f35b)] -> xpath: .//word], [[AndroidDriver: chrome on ANDROID (62e88494c1dbcb366d86a4960534f35b)] -> xpath: .//word], [[AndroidDriver: chrome on ANDROID (62e88494c1dbcb366d86a4960534f35b)] -> xpath: .//word], [[AndroidDriver: chrome on ANDROID (62e88494c1dbcb366d86a4960534f35b)] -> xpath: .//word], [[AndroidDriver: chrome on ANDROID (62e88494c1dbcb366d86a4960534f35b)] -> xpath: .//word], [[AndroidDriver: chrome on ANDROID (62e88494c1dbcb366d86a4960534f35b)] -> xpath: .//word], [[AndroidDriver: chrome on ANDROID (62e88494c1dbcb366d86a4960534f35b)] -> xpath: .//word], [[AndroidDriver: chrome on ANDROID (62e88494c1dbcb366d86a4960534f35b)] -> xpath: .//word], [[AndroidDriver: chrome on ANDROID (62e88494c1dbcb366d86a4960534f35b)] -> xpath: .//word], [[AndroidDriver: chrome on ANDROID (62e88494c1dbcb366d86a4960534f35b)] -> xpath: .//word], [[AndroidDriver: chrome on ANDROID (62e88494c1dbcb366d86a4960534f35b)] -> xpath: .//word], [[AndroidDriver: chrome on ANDROID (62e88494c1dbcb366d86a4960534f35b)] -> xpath: .//word], [[AndroidDriver: chrome on ANDROID (62e88494c1dbcb366d86a4960534f35b)] -> xpath: .//word], [[AndroidDriver: chrome on ANDROID (62e88494c1dbcb366d86a4960534f35b)] -> xpath: .//word], [[AndroidDriver: chrome on ANDROID (62e88494c1dbcb366d86a4960534f35b)] -> xpath: .//word], [[AndroidDriver: chrome on ANDROID (62e88494c1dbcb366d86a4960534f35b)] -> xpath: .//word], [[AndroidDriver: chrome on ANDROID (62e88494c1dbcb366d86a4960534f35b)] -> xpath: .//word], [[AndroidDriver: chrome on ANDROID (62e88494c1dbcb366d86a4960534f35b)] -> xpath: .//word], [[AndroidDriver: chrome on ANDROID (62e88494c1dbcb366d86a4960534f35b)] -> xpath: .//word], [[AndroidDriver: chrome on ANDROID (62e88494c1dbcb366d86a4960534f35b)] -> xpath: .//word], [[AndroidDriver: chrome on ANDROID (62e88494c1dbcb366d86a4960534f35b)] -> xpath: .//word], [[AndroidDriver: chrome on ANDROID (62e88494c1dbcb366d86a4960534f35b)] -> xpath: .//word], [[AndroidDriver: chrome on ANDROID (62e88494c1dbcb366d86a4960534f35b)] -> xpath: .//word], [[AndroidDriver: chrome on ANDROID (62e88494c1dbcb366d86a4960534f35b)] -> xpath: .//word], [[AndroidDriver: chrome on ANDROID (62e88494c1dbcb366d86a4960534f35b)] -> xpath: .//word], [[AndroidDriver: chrome on ANDROID (62e88494c1dbcb366d86a4960534f35b)] -> xpath: .//word], [[AndroidDriver: chrome on ANDROID (62e88494c1dbcb366d86a4960534f35b)] -> xpath: .//word], [[AndroidDriver: chrome on ANDROID (62e88494c1dbcb366d86a4960534f35b)] -> xpath: .//word], [[AndroidDriver: chrome on ANDROID (62e88494c1dbcb366d86a4960534f35b)] -> xpath: .//word], [[AndroidDriver: chrome on ANDROID (62e88494c1dbcb366d86a4960534f35b)] -> xpath: .//word], [[AndroidDriver: chrome on ANDROID (62e88494c1dbcb366d86a4960534f35b)] -> xpath: .//word], [[AndroidDriver: chrome on ANDROID (62e88494c1dbcb366d86a4960534f35b)] -> xpath: .//word], [[AndroidDriver: chrome on ANDROID (62e88494c1dbcb366d86a4960534f35b)] -> xpath: .//word], [[AndroidDriver: chrome on ANDROID (62e88494c1dbcb366d86a4960534f35b)] -> xpath: .//word], [[AndroidDriver: chrome on ANDROID (62e88494c1dbcb366d86a4960534f35b)] -> xpath: .//word], [[AndroidDriver: chrome on ANDROID (62e88494c1dbcb366d86a4960534f35b)] -> xpath: .//word], [[AndroidDriver: chrome on ANDROID (62e88494c1dbcb366d86a4960534f35b)] -> xpath: .//word], [[AndroidDriver: chrome on ANDROID (62e88494c1dbcb366d86a4960534f35b)] -> xpath: .//word], [[AndroidDriver: chrome on ANDROID (62e88494c1dbcb366d86a4960534f35b)] -> xpath: .//word], [[AndroidDriver: chrome on ANDROID (62e88494c1dbcb366d86a4960534f35b)] -> xpath: .//word], [[AndroidDriver: chrome on ANDROID (62e88494c1dbcb366d86a4960534f35b)] -> xpath: .//word], [[AndroidDriver: chrome on ANDROID (62e88494c1dbcb366d86a4960534f35b)] -> xpath: .//word], [[AndroidDriver: chrome on ANDROID (62e88494c1dbcb366d86a4960534f35b)] -> xpath: .//word], [[AndroidDriver: chrome on ANDROID (62e88494c1dbcb366d86a4960534f35b)] -> xpath: .//word], [[AndroidDriver: chrome on ANDROID (62e88494c1dbcb366d86a4960534f35b)] -> xpath: .//word], [[AndroidDriver: chrome on ANDROID (62e88494c1dbcb366d86a4960534f35b)] -> xpath: .//word], [[AndroidDriver: chrome on ANDROID (62e88494c1dbcb366d86a4960534f35b)] -> xpath: .//word], [[AndroidDriver: chrome on ANDROID (62e88494c1dbcb366d86a4960534f35b)] -> xpath: .//word], [[AndroidDriver: chrome on ANDROID (62e88494c1dbcb366d86a4960534f35b)] -> xpath: .//word], [[AndroidDriver: chrome on ANDROID (62e88494c1dbcb366d86a4960534f35b)] -> xpath: .//word], [[AndroidDriver: chrome on ANDROID (62e88494c1dbcb366d86a4960534f35b)] -> xpath: .//word], [[AndroidDriver: chrome on ANDROID (62e88494c1dbcb366d86a4960534f35b)] -> xpath: .//word], [[AndroidDriver: chrome on ANDROID (62e88494c1dbcb366d86a4960534f35b)] -> xpath: .//word], [[AndroidDriver: chrome on ANDROID (62e88494c1dbcb366d86a4960534f35b)] -> xpath: .//word], [[AndroidDriver: chrome on ANDROID (62e88494c1dbcb366d86a4960534f35b)] -> xpath: .//word], [[AndroidDriver: chrome on ANDROID (62e88494c1dbcb366d86a4960534f35b)] -> xpath: .//word], [[AndroidDriver: chrome on ANDROID (62e88494c1dbcb366d86a4960534f35b)] -> xpath: .//word], [[AndroidDriver: chrome on ANDROID (62e88494c1dbcb366d86a4960534f35b)] -> xpath: .//word], [[AndroidDriver: chrome on ANDROID (62e88494c1dbcb366d86a4960534f35b)] -> xpath: .//word], [[AndroidDriver: chrome on ANDROID (62e88494c1dbcb366d86a4960534f35b)] -> xpath: .//word], [[AndroidDriver: chrome on ANDROID (62e88494c1dbcb366d86a4960534f35b)] -> xpath: .//word], [[AndroidDriver: chrome on ANDROID (62e88494c1dbcb366d86a4960534f35b)] -> xpath: .//word], [[AndroidDriver: chrome on ANDROID (62e88494c1dbcb366d86a4960534f35b)] -> xpath: .//word], [[AndroidDriver: chrome on ANDROID (62e88494c1dbcb366d86a4960534f35b)] -> xpath: .//word], [[AndroidDriver: chrome on ANDROID (62e88494c1dbcb366d86a4960534f35b)] -> xpath: .//word], [[AndroidDriver: chrome on ANDROID (62e88494c1dbcb366d86a4960534f35b)] -> xpath: .//word], [[AndroidDriver: chrome on ANDROID (62e88494c1dbcb366d86a4960534f35b)] -> xpath: .//word], [[AndroidDriver: chrome on ANDROID (62e88494c1dbcb366d86a4960534f35b)] -> xpath: .//word], [[AndroidDriver: chrome on ANDROID (62e88494c1dbcb366d86a4960534f35b)] -> xpath: .//word], [[AndroidDriver: chrome on ANDROID (62e88494c1dbcb366d86a4960534f35b)] -> xpath: .//word], [[AndroidDriver: chrome on ANDROID (62e88494c1dbcb366d86a4960534f35b)] -> xpath: .//word], [[AndroidDriver: chrome on ANDROID (62e88494c1dbcb366d86a4960534f35b)] -> xpath: .//word], [[AndroidDriver: chrome on ANDROID (62e88494c1dbcb366d86a4960534f35b)] -> xpath: .//word], [[AndroidDriver: chrome on ANDROID (62e88494c1dbcb366d86a4960534f35b)] -> xpath: .//word], [[AndroidDriver: chrome on ANDROID (62e88494c1dbcb366d86a4960534f35b)] -> xpath: .//word], [[AndroidDriver: chrome on ANDROID (62e88494c1dbcb366d86a4960534f35b)] -> xpath: .//word], [[AndroidDriver: chrome on ANDROID (62e88494c1dbcb366d86a4960534f35b)] -> xpath: .//word], [[AndroidDriver: chrome on ANDROID (62e88494c1dbcb366d86a4960534f35b)] -> xpath: .//word], [[AndroidDriver: chrome on ANDROID (62e88494c1dbcb366d86a4960534f35b)] -> xpath: .//word], [[AndroidDriver: chrome on ANDROID (62e88494c1dbcb366d86a4960534f35b)] -> xpath: .//word], [[AndroidDriver: chrome on ANDROID (62e88494c1dbcb366d86a4960534f35b)] -> xpath: .//word], [[AndroidDriver: chrome on ANDROID (62e88494c1dbcb366d86a4960534f35b)] -> xpath: .//word], [[AndroidDriver: chrome on ANDROID (62e88494c1dbcb366d86a4960534f35b)] -> xpath: .//word], [[AndroidDriver: chrome on ANDROID (62e88494c1dbcb366d86a4960534f35b)] -> xpath: .//word], [[AndroidDriver: chrome on ANDROID (62e88494c1dbcb366d86a4960534f35b)] -> xpath: .//word], [[AndroidDriver: chrome on ANDROID (62e88494c1dbcb366d86a4960534f35b)] -> xpath: .//word], [[AndroidDriver: chrome on ANDROID (62e88494c1dbcb366d86a4960534f35b)] -> xpath: .//word], [[AndroidDriver: chrome on ANDROID (62e88494c1dbcb366d86a4960534f35b)] -> xpath: .//word], [[AndroidDriver: chrome on ANDROID (62e88494c1dbcb366d86a4960534f35b)] -> xpath: .//word], [[AndroidDriver: chrome on ANDROID (62e88494c1dbcb366d86a4960534f35b)] -> xpath: .//word], [[AndroidDriver: chrome on ANDROID (62e88494c1dbcb366d86a4960534f35b)] -> xpath: .//word], [[AndroidDriver: chrome on ANDROID (62e88494c1dbcb366d86a4960534f35b)] -> xpath: .//word], [[AndroidDriver: chrome on ANDROID (62e88494c1dbcb366d86a4960534f35b)] -> xpath: .//word], [[AndroidDriver: chrome on ANDROID (62e88494c1dbcb366d86a4960534f35b)] -> xpath: .//word], [[AndroidDriver: chrome on ANDROID (62e88494c1dbcb366d86a4960534f35b)] -> xpath: .//word], [[AndroidDriver: chrome on ANDROID (62e88494c1dbcb366d86a4960534f35b)] -> xpath: .//word], [[AndroidDriver: chrome on ANDROID (62e88494c1dbcb366d86a4960534f35b)] -> xpath: .//word], [[AndroidDriver: chrome on ANDROID (62e88494c1dbcb366d86a4960534f35b)] -> xpath: .//word], [[AndroidDriver: chrome on ANDROID (62e88494c1dbcb366d86a4960534f35b)] -> xpath: .//word], [[AndroidDriver: chrome on ANDROID (62e88494c1dbcb366d86a4960534f35b)] -> xpath: .//word], [[AndroidDriver: chrome on ANDROID (62e88494c1dbcb366d86a4960534f35b)] -> xpath: .//word], [[AndroidDriver: chrome on ANDROID (62e88494c1dbcb366d86a4960534f35b)] -> xpath: .//word], [[AndroidDriver: chrome on ANDROID (62e88494c1dbcb366d86a4960534f35b)] -> xpath: .//word], [[AndroidDriver: chrome on ANDROID (62e88494c1dbcb366d86a4960534f35b)] -> xpath: .//word], [[AndroidDriver: chrome on ANDROID (62e88494c1dbcb366d86a4960534f35b)] -> xpath: .//word], [[AndroidDriver: chrome on ANDROID (62e88494c1dbcb366d86a4960534f35b)] -> xpath: .//word], [[AndroidDriver: chrome on ANDROID (62e88494c1dbcb366d86a4960534f35b)] -> xpath: .//word], [[AndroidDriver: chrome on ANDROID (62e88494c1dbcb366d86a4960534f35b)] -> xpath: .//word], [[AndroidDriver: chrome on ANDROID (62e88494c1dbcb366d86a4960534f35b)] -> xpath: .//word], [[AndroidDriver: chrome on ANDROID (62e88494c1dbcb366d86a4960534f35b)] -> xpath: .//word], [[AndroidDriver: chrome on ANDROID (62e88494c1dbcb366d86a4960534f35b)] -> xpath: .//word], [[AndroidDriver: chrome on ANDROID (62e88494c1dbcb366d86a4960534f35b)] -> xpath: .//word], [[AndroidDriver: chrome on ANDROID (62e88494c1dbcb366d86a4960534f35b)] -> xpath: .//word], [[AndroidDriver: chrome on ANDROID (62e88494c1dbcb366d86a4960534f35b)] -> xpath: .//word], [[AndroidDriver: chrome on ANDROID (62e88494c1dbcb366d86a4960534f35b)] -> xpath: .//word], [[AndroidDriver: chrome on ANDROID (62e88494c1dbcb366d86a4960534f35b)] -> xpath: .//word], [[AndroidDriver: chrome on ANDROID (62e88494c1dbcb366d86a4960534f35b)] -> xpath: .//word], [[AndroidDriver: chrome on ANDROID (62e88494c1dbcb366d86a4960534f35b)] -> xpath: .//word], [[AndroidDriver: chrome on ANDROID (62e88494c1dbcb366d86a4960534f35b)] -> xpath: .//word], [[AndroidDriver: chrome on ANDROID (62e88494c1dbcb366d86a4960534f35b)] -> xpath: .//word], [[AndroidDriver: chrome on ANDROID (62e88494c1dbcb366d86a4960534f35b)] -> xpath: .//word], [[AndroidDriver: chrome on ANDROID (62e88494c1dbcb366d86a4960534f35b)] -> xpath: .//word], [[AndroidDriver: chrome on ANDROID (62e88494c1dbcb366d86a4960534f35b)] -> xpath: .//word], [[AndroidDriver: chrome on ANDROID (62e88494c1dbcb366d86a4960534f35b)] -> xpath: .//word], [[AndroidDriver: chrome on ANDROID (62e88494c1dbcb366d86a4960534f35b)] -> xpath: .//word], [[AndroidDriver: chrome on ANDROID (62e88494c1dbcb366d86a4960534f35b)] -> xpath: .//word], [[AndroidDriver: chrome on ANDROID (62e88494c1dbcb366d86a4960534f35b)] -> xpath: .//word], [[AndroidDriver: chrome on ANDROID (62e88494c1dbcb366d86a4960534f35b)] -> xpath: .//word], [[AndroidDriver: chrome on ANDROID (62e88494c1dbcb366d86a4960534f35b)] -> xpath: .//word], [[AndroidDriver: chrome on ANDROID (62e88494c1dbcb366d86a4960534f35b)] -> xpath: .//word], [[AndroidDriver: chrome on ANDROID (62e88494c1dbcb366d86a4960534f35b)] -> xpath: .//word], [[AndroidDriver: chrome on ANDROID (62e88494c1dbcb366d86a4960534f35b)] -> xpath: .//word], [[AndroidDriver: chrome on ANDROID (62e88494c1dbcb366d86a4960534f35b)] -> xpath: .//word], [[AndroidDriver: chrome on ANDROID (62e88494c1dbcb366d86a4960534f35b)] -> xpath: .//word], [[AndroidDriver: chrome on ANDROID (62e88494c1dbcb366d86a4960534f35b)] -> xpath: .//word], [[AndroidDriver: chrome on ANDROID (62e88494c1dbcb366d86a4960534f35b)] -> xpath: .//word], [[AndroidDriver: chrome on ANDROID (62e88494c1dbcb366d86a4960534f35b)] -> xpath: .//word], [[AndroidDriver: chrome on ANDROID (62e88494c1dbcb366d86a4960534f35b)] -> xpath: .//word], [[AndroidDriver: chrome on ANDROID (62e88494c1dbcb366d86a4960534f35b)] -> xpath: .//word], [[AndroidDriver: chrome on ANDROID (62e88494c1dbcb366d86a4960534f35b)] -> xpath: .//word], [[AndroidDriver: chrome on ANDROID (62e88494c1dbcb366d86a4960534f35b)] -> xpath: .//word], [[AndroidDriver: chrome on ANDROID (62e88494c1dbcb366d86a4960534f35b)] -> xpath: .//word], [[AndroidDriver: chrome on ANDROID (62e88494c1dbcb366d86a4960534f35b)] -> xpath: .//word], [[AndroidDriver: chrome on ANDROID (62e88494c1dbcb366d86a4960534f35b)] -> xpath: .//word], [[AndroidDriver: chrome on ANDROID (62e88494c1dbcb366d86a4960534f35b)] -> xpath: .//word], [[AndroidDriver: chrome on ANDROID (62e88494c1dbcb366d86a4960534f35b)] -> xpath: .//word], [[AndroidDriver: chrome on ANDROID (62e88494c1dbcb366d86a4960534f35b)] -> xpath: .//word], [[AndroidDriver: chrome on ANDROID (62e88494c1dbcb366d86a4960534f35b)] -> xpath: .//word], [[AndroidDriver: chrome on ANDROID (62e88494c1dbcb366d86a4960534f35b)] -> xpath: .//word], [[AndroidDriver: chrome on ANDROID (62e88494c1dbcb366d86a4960534f35b)] -> xpath: .//word], [[AndroidDriver: chrome on ANDROID (62e88494c1dbcb366d86a4960534f35b)] -> xpath: .//word], [[AndroidDriver: chrome on ANDROID (62e88494c1dbcb366d86a4960534f35b)] -> xpath: .//word], [[AndroidDriver: chrome on ANDROID (62e88494c1dbcb366d86a4960534f35b)] -> xpath: .//word], [[AndroidDriver: chrome on ANDROID (62e88494c1dbcb366d86a4960534f35b)] -> xpath: .//word], [[AndroidDriver: chrome on ANDROID (62e88494c1dbcb366d86a4960534f35b)] -> xpath: .//word], [[AndroidDriver: chrome on ANDROID (62e88494c1dbcb366d86a4960534f35b)] -> xpath: .//word], [[AndroidDriver: chrome on ANDROID (62e88494c1dbcb366d86a4960534f35b)] -> xpath: .//word], [[AndroidDriver: chrome on ANDROID (62e88494c1dbcb366d86a4960534f35b)] -> xpath: .//word], [[AndroidDriver: chrome on ANDROID (62e88494c1dbcb366d86a4960534f35b)] -> xpath: .//word], [[AndroidDriver: chrome on ANDROID (62e88494c1dbcb366d86a4960534f35b)] -> xpath: .//word], [[AndroidDriver: chrome on ANDROID (62e88494c1dbcb366d86a4960534f35b)] -> xpath: .//word], [[AndroidDriver: chrome on ANDROID (62e88494c1dbcb366d86a4960534f35b)] -> xpath: .//word], [[AndroidDriver: chrome on ANDROID (62e88494c1dbcb366d86a4960534f35b)] -> xpath: .//word], [[AndroidDriver: chrome on ANDROID (62e88494c1dbcb366d86a4960534f35b)] -> xpath: .//word], [[AndroidDriver: chrome on ANDROID (62e88494c1dbcb366d86a4960534f35b)] -> xpath: .//word], [[AndroidDriver: chrome on ANDROID (62e88494c1dbcb366d86a4960534f35b)] -> xpath: .//word], [[AndroidDriver: chrome on ANDROID (62e88494c1dbcb366d86a4960534f35b)] -> xpath: .//word], [[AndroidDriver: chrome on ANDROID (62e88494c1dbcb366d86a4960534f35b)] -> xpath: .//word], [[AndroidDriver: chrome on ANDROID (62e88494c1dbcb366d86a4960534f35b)] -> xpath: .//word], [[AndroidDriver: chrome on ANDROID (62e88494c1dbcb366d86a4960534f35b)] -> xpath: .//word], [[AndroidDriver: chrome on ANDROID (62e88494c1dbcb366d86a4960534f35b)] -> xpath: .//word], [[AndroidDriver: chrome on ANDROID (62e88494c1dbcb366d86a4960534f35b)] -> xpath: .//word], [[AndroidDriver: chrome on ANDROID (62e88494c1dbcb366d86a4960534f35b)] -> xpath: .//word], [[AndroidDriver: chrome on ANDROID (62e88494c1dbcb366d86a4960534f35b)] -> xpath: .//word], [[AndroidDriver: chrome on ANDROID (62e88494c1dbcb366d86a4960534f35b)] -> xpath: .//word], [[AndroidDriver: chrome on ANDROID (62e88494c1dbcb366d86a4960534f35b)] -> xpath: .//word], [[AndroidDriver: chrome on ANDROID (62e88494c1dbcb366d86a4960534f35b)] -> xpath: .//word], [[AndroidDriver: chrome on ANDROID (62e88494c1dbcb366d86a4960534f35b)] -> xpath: .//word], [[AndroidDriver: chrome on ANDROID (62e88494c1dbcb366d86a4960534f35b)] -> xpath: .//word], [[AndroidDriver: chrome on ANDROID (62e88494c1dbcb366d86a4960534f35b)] -> xpath: .//word], [[AndroidDriver: chrome on ANDROID (62e88494c1dbcb366d86a4960534f35b)] -> xpath: .//word], [[AndroidDriver: chrome on ANDROID (62e88494c1dbcb366d86a4960534f35b)] -> xpath: .//word], [[AndroidDriver: chrome on ANDROID (62e88494c1dbcb366d86a4960534f35b)] -> xpath: .//word], [[AndroidDriver: chrome on ANDROID (62e88494c1dbcb366d86a4960534f35b)] -> xpath: .//word], [[AndroidDriver: chrome on ANDROID (62e88494c1dbcb366d86a4960534f35b)] -> xpath: .//word], [[AndroidDriver: chrome on ANDROID (62e88494c1dbcb366d86a4960534f35b)] -> xpath: .//word], [[AndroidDriver: chrome on ANDROID (62e88494c1dbcb366d86a4960534f35b)] -> xpath: .//word], [[AndroidDriver: chrome on ANDROID (62e88494c1dbcb366d86a4960534f35b)] -> xpath: .//word], [[AndroidDriver: chrome on ANDROID (62e88494c1dbcb366d86a4960534f35b)] -> xpath: .//word], [[AndroidDriver: chrome on ANDROID (62e88494c1dbcb366d86a4960534f35b)] -> xpath: .//word], [[AndroidDriver: chrome on ANDROID (62e88494c1dbcb366d86a4960534f35b)] -> xpath: .//word], [[AndroidDriver: chrome on ANDROID (62e88494c1dbcb366d86a4960534f35b)] -> xpath: .//word], [[AndroidDriver: chrome on ANDROID (62e88494c1dbcb366d86a4960534f35b)] -> xpath: .//word], [[AndroidDriver: chrome on ANDROID (62e88494c1dbcb366d86a4960534f35b)] -> xpath: .//word], [[AndroidDriver: chrome on ANDROID (62e88494c1dbcb366d86a4960534f35b)] -> xpath: .//word], [[AndroidDriver: chrome on ANDROID (62e88494c1dbcb366d86a4960534f35b)] -> xpath: .//word], [[AndroidDriver: chrome on ANDROID (62e88494c1dbcb366d86a4960534f35b)] -> xpath: .//word], [[AndroidDriver: chrome on ANDROID (62e88494c1dbcb366d86a4960534f35b)] -> xpath: .//word], [[AndroidDriver: chrome on ANDROID (62e88494c1dbcb366d86a4960534f35b)] -> xpath: .//word], [[AndroidDriver: chrome on ANDROID (62e88494c1dbcb366d86a4960534f35b)] -> xpath: .//word], [[AndroidDriver: chrome on ANDROID (62e88494c1dbcb366d86a4960534f35b)] -> xpath: .//word], [[AndroidDriver: chrome on ANDROID (62e88494c1dbcb366d86a4960534f35b)] -> xpath: .//word], [[AndroidDriver: chrome on ANDROID (62e88494c1dbcb366d86a4960534f35b)] -> xpath: .//word], [[AndroidDriver: chrome on ANDROID (62e88494c1dbcb366d86a4960534f35b)] -> xpath: .//word], [[AndroidDriver: chrome on ANDROID (62e88494c1dbcb366d86a4960534f35b)] -> xpath: .//word], [[AndroidDriver: chrome on ANDROID (62e88494c1dbcb366d86a4960534f35b)] -> xpath: .//word], [[AndroidDriver: chrome on ANDROID (62e88494c1dbcb366d86a4960534f35b)] -> xpath: .//word], [[AndroidDriver: chrome on ANDROID (62e88494c1dbcb366d86a4960534f35b)] -> xpath: .//word], [[AndroidDriver: chrome on ANDROID (62e88494c1dbcb366d86a4960534f35b)] -> xpath: .//word], [[AndroidDriver: chrome on ANDROID (62e88494c1dbcb366d86a4960534f35b)] -> xpath: .//word], [[AndroidDriver: chrome on ANDROID (62e88494c1dbcb366d86a4960534f35b)] -> xpath: .//word], [[AndroidDriver: chrome on ANDROID (62e88494c1dbcb366d86a4960534f35b)] -> xpath: .//word], [[AndroidDriver: chrome on ANDROID (62e88494c1dbcb366d86a4960534f35b)] -> xpath: .//word], [[AndroidDriver: chrome on ANDROID (62e88494c1dbcb366d86a4960534f35b)] -> xpath: .//word], [[AndroidDriver: chrome on ANDROID (62e88494c1dbcb366d86a4960534f35b)] -> xpath: .//word], [[AndroidDriver: chrome on ANDROID (62e88494c1dbcb366d86a4960534f35b)] -> xpath: .//word], [[AndroidDriver: chrome on ANDROID (62e88494c1dbcb366d86a4960534f35b)] -> xpath: .//word], [[AndroidDriver: chrome on ANDROID (62e88494c1dbcb366d86a4960534f35b)] -> xpath: .//word], [[AndroidDriver: chrome on ANDROID (62e88494c1dbcb366d86a4960534f35b)] -> xpath: .//word], [[AndroidDriver: chrome on ANDROID (62e88494c1dbcb366d86a4960534f35b)] -> xpath: .//word], [[AndroidDriver: chrome on ANDROID (62e88494c1dbcb366d86a4960534f35b)] -> xpath: .//word], [[AndroidDriver: chrome on ANDROID (62e88494c1dbcb366d86a4960534f35b)] -> xpath: .//word], [[AndroidDriver: chrome on ANDROID (62e88494c1dbcb366d86a4960534f35b)] -> xpath: .//word], [[AndroidDriver: chrome on ANDROID (62e88494c1dbcb366d86a4960534f35b)] -> xpath: .//word], [[AndroidDriver: chrome on ANDROID (62e88494c1dbcb366d86a4960534f35b)] -> xpath: .//word], [[AndroidDriver: chrome on ANDROID (62e88494c1dbcb366d86a4960534f35b)] -> xpath: .//word], [[AndroidDriver: chrome on ANDROID (62e88494c1dbcb366d86a4960534f35b)] -> xpath: .//word], [[AndroidDriver: chrome on ANDROID (62e88494c1dbcb366d86a4960534f35b)] -> xpath: .//word], [[AndroidDriver: chrome on ANDROID (62e88494c1dbcb366d86a4960534f35b)] -> xpath: .//word], [[AndroidDriver: chrome on ANDROID (62e88494c1dbcb366d86a4960534f35b)] -> xpath: .//word], [[AndroidDriver: chrome on ANDROID (62e88494c1dbcb366d86a4960534f35b)] -> xpath: .//word], [[AndroidDriver: chrome on ANDROID (62e88494c1dbcb366d86a4960534f35b)] -> xpath: .//word], [[AndroidDriver: chrome on ANDROID (62e88494c1dbcb366d86a4960534f35b)] -> xpath: .//word], [[AndroidDriver: chrome on ANDROID (62e88494c1dbcb366d86a4960534f35b)] -> xpath: .//word], [[AndroidDriver: chrome on ANDROID (62e88494c1dbcb366d86a4960534f35b)] -> xpath: .//word], [[AndroidDriver: chrome on ANDROID (62e88494c1dbcb366d86a4960534f35b)] -> xpath: .//word], [[AndroidDriver: chrome on ANDROID (62e88494c1dbcb366d86a4960534f35b)] -> xpath: .//word], [[AndroidDriver: chrome on ANDROID (62e88494c1dbcb366d86a4960534f35b)] -> xpath: .//word], [[AndroidDriver: chrome on ANDROID (62e88494c1dbcb366d86a4960534f35b)] -> xpath: .//word], [[AndroidDriver: chrome on ANDROID (62e88494c1dbcb366d86a4960534f35b)] -> xpath: .//word], [[AndroidDriver: chrome on ANDROID (62e88494c1dbcb366d86a4960534f35b)] -> xpath: .//word], [[AndroidDriver: chrome on ANDROID (62e88494c1dbcb366d86a4960534f35b)] -> xpath: .//word], [[AndroidDriver: chrome on ANDROID (62e88494c1dbcb366d86a4960534f35b)] -> xpath: .//word], [[AndroidDriver: chrome on ANDROID (62e88494c1dbcb366d86a4960534f35b)] -> xpath: .//word], [[AndroidDriver: chrome on ANDROID (62e88494c1dbcb366d86a4960534f35b)] -> xpath: .//word], [[AndroidDriver: chrome on ANDROID (62e88494c1dbcb366d86a4960534f35b)] -> xpath: .//word], [[AndroidDriver: chrome on ANDROID (62e88494c1dbcb366d86a4960534f35b)] -> xpath: .//word], [[AndroidDriver: chrome on ANDROID (62e88494c1dbcb366d86a4960534f35b)] -> xpath: .//word], [[AndroidDriver: chrome on ANDROID (62e88494c1dbcb366d86a4960534f35b)] -> xpath: .//word], [[AndroidDriver: chrome on ANDROID (62e88494c1dbcb366d86a4960534f35b)] -> xpath: .//word], [[AndroidDriver: chrome on ANDROID (62e88494c1dbcb366d86a4960534f35b)] -> xpath: .//word], [[AndroidDriver: chrome on ANDROID (62e88494c1dbcb366d86a4960534f35b)] -> xpath: .//word], [[AndroidDriver: chrome on ANDROID (62e88494c1dbcb366d86a4960534f35b)] -> xpath: .//word], [[AndroidDriver: chrome on ANDROID (62e88494c1dbcb366d86a4960534f35b)] -> xpath: .//word], [[AndroidDriver: chrome on ANDROID (62e88494c1dbcb366d86a4960534f35b)] -> xpath: .//word], [[AndroidDriver: chrome on ANDROID (62e88494c1dbcb366d86a4960534f35b)] -> xpath: .//word], [[AndroidDriver: chrome on ANDROID (62e88494c1dbcb366d86a4960534f35b)] -> xpath: .//word], [[AndroidDriver: chrome on ANDROID (62e88494c1dbcb366d86a4960534f35b)] -> xpath: .//word], [[AndroidDriver: chrome on ANDROID (62e88494c1dbcb366d86a4960534f35b)] -> xpath: .//word], [[AndroidDriver: chrome on ANDROID (62e88494c1dbcb366d86a4960534f35b)] -> xpath: .//word], [[AndroidDriver: chrome on ANDROID (62e88494c1dbcb366d86a4960534f35b)] -> xpath: .//word], [[AndroidDriver: chrome on ANDROID (62e88494c1dbcb366d86a4960534f35b)] -> xpath: .//word], [[AndroidDriver: chrome on ANDROID (62e88494c1dbcb366d86a4960534f35b)] -> xpath: .//word], [[AndroidDriver: chrome on ANDROID (62e88494c1dbcb366d86a4960534f35b)] -> xpath: .//word], [[AndroidDriver: chrome on ANDROID (62e88494c1dbcb366d86a4960534f35b)] -> xpath: .//word], [[AndroidDriver: chrome on ANDROID (62e88494c1dbcb366d86a4960534f35b)] -> xpath: .//word], [[AndroidDriver: chrome on ANDROID (62e88494c1dbcb366d86a4960534f35b)] -> xpath: .//word], [[AndroidDriver: chrome on ANDROID (62e88494c1dbcb366d86a4960534f35b)] -> xpath: .//word], [[AndroidDriver: chrome on ANDROID (62e88494c1dbcb366d86a4960534f35b)] -> xpath: .//word], [[AndroidDriver: chrome on ANDROID (62e88494c1dbcb366d86a4960534f35b)] -> xpath: .//word], [[AndroidDriver: chrome on ANDROID (62e88494c1dbcb366d86a4960534f35b)] -> xpath: .//word], [[AndroidDriver: chrome on ANDROID (62e88494c1dbcb366d86a4960534f35b)] -> xpath: .//word], [[AndroidDriver: chrome on ANDROID (62e88494c1dbcb366d86a4960534f35b)] -> xpath: .//word], [[AndroidDriver: chrome on ANDROID (62e88494c1dbcb366d86a4960534f35b)] -> xpath: .//word], [[AndroidDriver: chrome on ANDROID (62e88494c1dbcb366d86a4960534f35b)] -> xpath: .//word], [[AndroidDriver: chrome on ANDROID (62e88494c1dbcb366d86a4960534f35b)] -> xpath: .//word], [[AndroidDriver: chrome on ANDROID (62e88494c1dbcb366d86a4960534f35b)] -> xpath: .//word], [[AndroidDriver: chrome on ANDROID (62e88494c1dbcb366d86a4960534f35b)] -> xpath: .//word], [[AndroidDriver: chrome on ANDROID (62e88494c1dbcb366d86a4960534f35b)] -> xpath: .//word], [[AndroidDriver: chrome on ANDROID (62e88494c1dbcb366d86a4960534f35b)] -> xpath: .//word], [[AndroidDriver: chrome on ANDROID (62e88494c1dbcb366d86a4960534f35b)] -> xpath: .//word], [[AndroidDriver: chrome on ANDROID (62e88494c1dbcb366d86a4960534f35b)] -> xpath: .//word], [[AndroidDriver: chrome on ANDROID (62e88494c1dbcb366d86a4960534f35b)] -> xpath: .//word], [[AndroidDriver: chrome on ANDROID (62e88494c1dbcb366d86a4960534f35b)] -> xpath: .//word], [[AndroidDriver: chrome on ANDROID (62e88494c1dbcb366d86a4960534f35b)] -> xpath: .//word], [[AndroidDriver: chrome on ANDROID (62e88494c1dbcb366d86a4960534f35b)] -> xpath: .//word], [[AndroidDriver: chrome on ANDROID (62e88494c1dbcb366d86a4960534f35b)] -> xpath: .//word], [[AndroidDriver: chrome on ANDROID (62e88494c1dbcb366d86a4960534f35b)] -> xpath: .//word], [[AndroidDriver: chrome on ANDROID (62e88494c1dbcb366d86a4960534f35b)] -> xpath: .//word], [[AndroidDriver: chrome on ANDROID (62e88494c1dbcb366d86a4960534f35b)] -> xpath: .//word], [[AndroidDriver: chrome on ANDROID (62e88494c1dbcb366d86a4960534f35b)] -> xpath: .//word], [[AndroidDriver: chrome on ANDROID (62e88494c1dbcb366d86a4960534f35b)] -> xpath: .//word], [[AndroidDriver: chrome on ANDROID (62e88494c1dbcb366d86a4960534f35b)] -> xpath: .//word], [[AndroidDriver: chrome on ANDROID (62e88494c1dbcb366d86a4960534f35b)] -> xpath: .//word], [[AndroidDriver: chrome on ANDROID (62e88494c1dbcb366d86a4960534f35b)] -> xpath: .//word], [[AndroidDriver: chrome on ANDROID (62e88494c1dbcb366d86a4960534f35b)] -> xpath: .//word], [[AndroidDriver: chrome on ANDROID (62e88494c1dbcb366d86a4960534f35b)] -> xpath: .//word], [[AndroidDriver: chrome on ANDROID (62e88494c1dbcb366d86a4960534f35b)] -> xpath: .//word], [[AndroidDriver: chrome on ANDROID (62e88494c1dbcb366d86a4960534f35b)] -> xpath: .//word], [[AndroidDriver: chrome on ANDROID (62e88494c1dbcb366d86a4960534f35b)] -> xpath: .//word], [[AndroidDriver: chrome on ANDROID (62e88494c1dbcb366d86a4960534f35b)] -> xpath: .//word], [[AndroidDriver: chrome on ANDROID (62e88494c1dbcb366d86a4960534f35b)] -> xpath: .//word], [[AndroidDriver: chrome on ANDROID (62e88494c1dbcb366d86a4960534f35b)] -> xpath: .//word], [[AndroidDriver: chrome on ANDROID (62e88494c1dbcb366d86a4960534f35b)] -> xpath: .//word], [[AndroidDriver: chrome on ANDROID (62e88494c1dbcb366d86a4960534f35b)] -> xpath: .//word], [[AndroidDriver: chrome on ANDROID (62e88494c1dbcb366d86a4960534f35b)] -> xpath: .//word], [[AndroidDriver: chrome on ANDROID (62e88494c1dbcb366d86a4960534f35b)] -> xpath: .//word], [[AndroidDriver: chrome on ANDROID (62e88494c1dbcb366d86a4960534f35b)] -> xpath: .//word], [[AndroidDriver: chrome on ANDROID (62e88494c1dbcb366d86a4960534f35b)] -> xpath: .//word], [[AndroidDriver: chrome on ANDROID (62e88494c1dbcb366d86a4960534f35b)] -> xpath: .//word], [[AndroidDriver: chrome on ANDROID (62e88494c1dbcb366d86a4960534f35b)] -> xpath: .//word], [[AndroidDriver: chrome on ANDROID (62e88494c1dbcb366d86a4960534f35b)] -> xpath: .//word], [[AndroidDriver: chrome on ANDROID (62e88494c1dbcb366d86a4960534f35b)] -> xpath: .//word], [[AndroidDriver: chrome on ANDROID (62e88494c1dbcb366d86a4960534f35b)] -> xpath: .//word], [[AndroidDriver: chrome on ANDROID (62e88494c1dbcb366d86a4960534f35b)] -> xpath: .//word], [[AndroidDriver: chrome on ANDROID (62e88494c1dbcb366d86a4960534f35b)] -> xpath: .//word], [[AndroidDriver: chrome on ANDROID (62e88494c1dbcb366d86a4960534f35b)] -> xpath: .//word], [[AndroidDriver: chrome on ANDROID (62e88494c1dbcb366d86a4960534f35b)] -> xpath: .//word], [[AndroidDriver: chrome on ANDROID (62e88494c1dbcb366d86a4960534f35b)] -> xpath: .//word], [[AndroidDriver: chrome on ANDROID (62e88494c1dbcb366d86a4960534f35b)] -> xpath: .//word], [[AndroidDriver: chrome on ANDROID (62e88494c1dbcb366d86a4960534f35b)] -> xpath: .//word], [[AndroidDriver: chrome on ANDROID (62e88494c1dbcb366d86a4960534f35b)] -> xpath: .//word], [[AndroidDriver: chrome on ANDROID (62e88494c1dbcb366d86a4960534f35b)] -> xpath: .//word], [[AndroidDriver: chrome on ANDROID (62e88494c1dbcb366d86a4960534f35b)] -> xpath: .//word], [[AndroidDriver: chrome on ANDROID (62e88494c1dbcb366d86a4960534f35b)] -> xpath: .//word], [[AndroidDriver: chrome on ANDROID (62e88494c1dbcb366d86a4960534f35b)] -> xpath: .//word], [[AndroidDriver: chrome on ANDROID (62e88494c1dbcb366d86a4960534f35b)] -> xpath: .//word], [[AndroidDriver: chrome on ANDROID (62e88494c1dbcb366d86a4960534f35b)] -> xpath: .//word], [[AndroidDriver: chrome on ANDROID (62e88494c1dbcb366d86a4960534f35b)] -> xpath: .//word], [[AndroidDriver: chrome on ANDROID (62e88494c1dbcb366d86a4960534f35b)] -> xpath: .//word], [[AndroidDriver: chrome on ANDROID (62e88494c1dbcb366d86a4960534f35b)] -> xpath: .//word], [[AndroidDriver: chrome on ANDROID (62e88494c1dbcb366d86a4960534f35b)] -> xpath: .//word], [[AndroidDriver: chrome on ANDROID (62e88494c1dbcb366d86a4960534f35b)] -> xpath: .//word], [[AndroidDriver: chrome on ANDROID (62e88494c1dbcb366d86a4960534f35b)] -> xpath: .//word], [[AndroidDriver: chrome on ANDROID (62e88494c1dbcb366d86a4960534f35b)] -> xpath: .//word], [[AndroidDriver: chrome on ANDROID (62e88494c1dbcb366d86a4960534f35b)] -> xpath: .//word], [[AndroidDriver: chrome on ANDROID (62e88494c1dbcb366d86a4960534f35b)] -> xpath: .//word], [[AndroidDriver: chrome on ANDROID (62e88494c1dbcb366d86a4960534f35b)] -> xpath: .//word], [[AndroidDriver: chrome on ANDROID (62e88494c1dbcb366d86a4960534f35b)] -> xpath: .//word], [[AndroidDriver: chrome on ANDROID (62e88494c1dbcb366d86a4960534f35b)] -> xpath: .//word], [[AndroidDriver: chrome on ANDROID (62e88494c1dbcb366d86a4960534f35b)] -> xpath: .//word], [[AndroidDriver: chrome on ANDROID (62e88494c1dbcb366d86a4960534f35b)] -> xpath: .//word], [[AndroidDriver: chrome on ANDROID (62e88494c1dbcb366d86a4960534f35b)] -> xpath: .//word], [[AndroidDriver: chrome on ANDROID (62e88494c1dbcb366d86a4960534f35b)] -> xpath: .//word], [[AndroidDriver: chrome on ANDROID (62e88494c1dbcb366d86a4960534f35b)] -> xpath: .//word], [[AndroidDriver: chrome on ANDROID (62e88494c1dbcb366d86a4960534f35b)] -> xpath: .//word], [[AndroidDriver: chrome on ANDROID (62e88494c1dbcb366d86a4960534f35b)] -> xpath: .//word], [[AndroidDriver: chrome on ANDROID (62e88494c1dbcb366d86a4960534f35b)] -> xpath: .//word], [[AndroidDriver: chrome on ANDROID (62e88494c1dbcb366d86a4960534f35b)] -> xpath: .//word], [[AndroidDriver: chrome on ANDROID (62e88494c1dbcb366d86a4960534f35b)] -> xpath: .//word], [[AndroidDriver: chrome on ANDROID (62e88494c1dbcb366d86a4960534f35b)] -> xpath: .//word], [[AndroidDriver: chrome on ANDROID (62e88494c1dbcb366d86a4960534f35b)] -> xpath: .//word], [[AndroidDriver: chrome on ANDROID (62e88494c1dbcb366d86a4960534f35b)] -> xpath: .//word], [[AndroidDriver: chrome on ANDROID (62e88494c1dbcb366d86a4960534f35b)] -> xpath: .//word], [[AndroidDriver: chrome on ANDROID (62e88494c1dbcb366d86a4960534f35b)] -> xpath: .//word], [[AndroidDriver: chrome on ANDROID (62e88494c1dbcb366d86a4960534f35b)] -> xpath: .//word], [[AndroidDriver: chrome on ANDROID (62e88494c1dbcb366d86a4960534f35b)] -> xpath: .//word], [[AndroidDriver: chrome on ANDROID (62e88494c1dbcb366d86a4960534f35b)] -> xpath: .//word], [[AndroidDriver: chrome on ANDROID (62e88494c1dbcb366d86a4960534f35b)] -> xpath: .//word], [[AndroidDriver: chrome on ANDROID (62e88494c1dbcb366d86a4960534f35b)] -> xpath: .//word], [[AndroidDriver: chrome on ANDROID (62e88494c1dbcb366d86a4960534f35b)] -> xpath: .//word], [[AndroidDriver: chrome on ANDROID (62e88494c1dbcb366d86a4960534f35b)] -> xpath: .//word], [[AndroidDriver: chrome on ANDROID (62e88494c1dbcb366d86a4960534f35b)] -> xpath: .//word], [[AndroidDriver: chrome on ANDROID (62e88494c1dbcb366d86a4960534f35b)] -> xpath: .//word], [[AndroidDriver: chrome on ANDROID (62e88494c1dbcb366d86a4960534f35b)] -> xpath: .//word], [[AndroidDriver: chrome on ANDROID (62e88494c1dbcb366d86a4960534f35b)] -> xpath: .//word], [[AndroidDriver: chrome on ANDROID (62e88494c1dbcb366d86a4960534f35b)] -> xpath: .//word], [[AndroidDriver: chrome on ANDROID (62e88494c1dbcb366d86a4960534f35b)] -> xpath: .//word], [[AndroidDriver: chrome on ANDROID (62e88494c1dbcb366d86a4960534f35b)] -> xpath: .//word], [[AndroidDriver: chrome on ANDROID (62e88494c1dbcb366d86a4960534f35b)] -> xpath: .//word], [[AndroidDriver: chrome on ANDROID (62e88494c1dbcb366d86a4960534f35b)] -> xpath: .//word], [[AndroidDriver: chrome on ANDROID (62e88494c1dbcb366d86a4960534f35b)] -> xpath: .//word], [[AndroidDriver: chrome on ANDROID (62e88494c1dbcb366d86a4960534f35b)] -> xpath: .//word], [[AndroidDriver: chrome on ANDROID (62e88494c1dbcb366d86a4960534f35b)] -> xpath: .//word], [[AndroidDriver: chrome on ANDROID (62e88494c1dbcb366d86a4960534f35b)] -> xpath: .//word], [[AndroidDriver: chrome on ANDROID (62e88494c1dbcb366d86a4960534f35b)] -> xpath: .//word], [[AndroidDriver: chrome on ANDROID (62e88494c1dbcb366d86a4960534f35b)] -> xpath: .//word], [[AndroidDriver: chrome on ANDROID (62e88494c1dbcb366d86a4960534f35b)] -> xpath: .//word], [[AndroidDriver: chrome on ANDROID (62e88494c1dbcb366d86a4960534f35b)] -> xpath: .//word], [[AndroidDriver: chrome on ANDROID (62e88494c1dbcb366d86a4960534f35b)] -> xpath: .//word], [[AndroidDriver: chrome on ANDROID (62e88494c1dbcb366d86a4960534f35b)] -> xpath: .//word], [[AndroidDriver: chrome on ANDROID (62e88494c1dbcb366d86a4960534f35b)] -> xpath: .//word], [[AndroidDriver: chrome on ANDROID (62e88494c1dbcb366d86a4960534f35b)] -> xpath: .//word], [[AndroidDriver: chrome on ANDROID (62e88494c1dbcb366d86a4960534f35b)] -> xpath: .//word], [[AndroidDriver: chrome on ANDROID (62e88494c1dbcb366d86a4960534f35b)] -> xpath: .//word], [[AndroidDriver: chrome on ANDROID (62e88494c1dbcb366d86a4960534f35b)] -> xpath: .//word], [[AndroidDriver: chrome on ANDROID (62e88494c1dbcb366d86a4960534f35b)] -> xpath: .//word], [[AndroidDriver: chrome on ANDROID (62e88494c1dbcb366d86a4960534f35b)] -> xpath: .//word], [[AndroidDriver: chrome on ANDROID (62e88494c1dbcb366d86a4960534f35b)] -> xpath: .//word], [[AndroidDriver: chrome on ANDROID (62e88494c1dbcb366d86a4960534f35b)] -> xpath: .//word], [[AndroidDriver: chrome on ANDROID (62e88494c1dbcb366d86a4960534f35b)] -> xpath: .//word], [[AndroidDriver: chrome on ANDROID (62e88494c1dbcb366d86a4960534f35b)] -> xpath: .//word], [[AndroidDriver: chrome on ANDROID (62e88494c1dbcb366d86a4960534f35b)] -> xpath: .//word], [[AndroidDriver: chrome on ANDROID (62e88494c1dbcb366d86a4960534f35b)] -> xpath: .//word], [[AndroidDriver: chrome on ANDROID (62e88494c1dbcb366d86a4960534f35b)] -> xpath: .//word], [[AndroidDriver: chrome on ANDROID (62e88494c1dbcb366d86a4960534f35b)] -> xpath: .//word], [[AndroidDriver: chrome on ANDROID (62e88494c1dbcb366d86a4960534f35b)] -> xpath: .//word], [[AndroidDriver: chrome on ANDROID (62e88494c1dbcb366d86a4960534f35b)] -> xpath: .//word], [[AndroidDriver: chrome on ANDROID (62e88494c1dbcb366d86a4960534f35b)] -> xpath: .//word], [[AndroidDriver: chrome on ANDROID (62e88494c1dbcb366d86a4960534f35b)] -> xpath: .//word], [[AndroidDriver: chrome on ANDROID (62e88494c1dbcb366d86a4960534f35b)] -> xpath: .//word], [[AndroidDriver: chrome on ANDROID (62e88494c1dbcb366d86a4960534f35b)] -> xpath: .//word], [[AndroidDriver: chrome on ANDROID (62e88494c1dbcb366d86a4960534f35b)] -> xpath: .//word], [[AndroidDriver: chrome on ANDROID (62e88494c1dbcb366d86a4960534f35b)] -> xpath: .//word], [[AndroidDriver: chrome on ANDROID (62e88494c1dbcb366d86a4960534f35b)] -> xpath: .//word], [[AndroidDriver: chrome on ANDROID (62e88494c1dbcb366d86a4960534f35b)] -> xpath: .//word], [[AndroidDriver: chrome on ANDROID (62e88494c1dbcb366d86a4960534f35b)] -> xpath: .//word], [[AndroidDriver: chrome on ANDROID (62e88494c1dbcb366d86a4960534f35b)] -> xpath: .//word], [[AndroidDriver: chrome on ANDROID (62e88494c1dbcb366d86a4960534f35b)] -> xpath: .//word], [[AndroidDriver: chrome on ANDROID (62e88494c1dbcb366d86a4960534f35b)] -> xpath: .//word], [[AndroidDriver: chrome on ANDROID (62e88494c1dbcb366d86a4960534f35b)] -> xpath: .//word], [[AndroidDriver: chrome on ANDROID (62e88494c1dbcb366d86a4960534f35b)] -> xpath: .//word], [[AndroidDriver: chrome on ANDROID (62e88494c1dbcb366d86a4960534f35b)] -> xpath: .//word], [[AndroidDriver: chrome on ANDROID (62e88494c1dbcb366d86a4960534f35b)] -> xpath: .//word], [[AndroidDriver: chrome on ANDROID (62e88494c1dbcb366d86a4960534f35b)] -> xpath: .//word], [[AndroidDriver: chrome on ANDROID (62e88494c1dbcb366d86a4960534f35b)] -> xpath: .//word], [[AndroidDriver: chrome on ANDROID (62e88494c1dbcb366d86a4960534f35b)] -> xpath: .//word], [[AndroidDriver: chrome on ANDROID (62e88494c1dbcb366d86a4960534f35b)] -> xpath: .//word], [[AndroidDriver: chrome on ANDROID (62e88494c1dbcb366d86a4960534f35b)] -> xpath: .//word], [[AndroidDriver: chrome on ANDROID (62e88494c1dbcb366d86a4960534f35b)] -> xpath: .//word], [[AndroidDriver: chrome on ANDROID (62e88494c1dbcb366d86a4960534f35b)] -> xpath: .//word], [[AndroidDriver: chrome on ANDROID (62e88494c1dbcb366d86a4960534f35b)] -> xpath: .//word], [[AndroidDriver: chrome on ANDROID (62e88494c1dbcb366d86a4960534f35b)] -> xpath: .//word], [[AndroidDriver: chrome on ANDROID (62e88494c1dbcb366d86a4960534f35b)] -> xpath: .//word], [[AndroidDriver: chrome on ANDROID (62e88494c1dbcb366d86a4960534f35b)] -> xpath: .//word], [[AndroidDriver: chrome on ANDROID (62e88494c1dbcb366d86a4960534f35b)] -> xpath: .//word], [[AndroidDriver: chrome on ANDROID (62e88494c1dbcb366d86a4960534f35b)] -> xpath: .//word], [[AndroidDriver: chrome on ANDROID (62e88494c1dbcb366d86a4960534f35b)] -> xpath: .//word], [[AndroidDriver: chrome on ANDROID (62e88494c1dbcb366d86a4960534f35b)] -> xpath: .//word], [[AndroidDriver: chrome on ANDROID (62e88494c1dbcb366d86a4960534f35b)] -> xpath: .//word], [[AndroidDriver: chrome on ANDROID (62e88494c1dbcb366d86a4960534f35b)] -> xpath: .//word], [[AndroidDriver: chrome on ANDROID (62e88494c1dbcb366d86a4960534f35b)] -> xpath: .//word], [[AndroidDriver: chrome on ANDROID (62e88494c1dbcb366d86a4960534f35b)] -> xpath: .//word], [[AndroidDriver: chrome on ANDROID (62e88494c1dbcb366d86a4960534f35b)] -> xpath: .//word], [[AndroidDriver: chrome on ANDROID (62e88494c1dbcb366d86a4960534f35b)] -> xpath: .//word], [[AndroidDriver: chrome on ANDROID (62e88494c1dbcb366d86a4960534f35b)] -> xpath: .//word], [[AndroidDriver: chrome on ANDROID (62e88494c1dbcb366d86a4960534f35b)] -> xpath: .//word], [[AndroidDriver: chrome on ANDROID (62e88494c1dbcb366d86a4960534f35b)] -> xpath: .//word], [[AndroidDriver: chrome on ANDROID (62e88494c1dbcb366d86a4960534f35b)] -> xpath: .//word], [[AndroidDriver: chrome on ANDROID (62e88494c1dbcb366d86a4960534f35b)] -> xpath: .//word], [[AndroidDriver: chrome on ANDROID (62e88494c1dbcb366d86a4960534f35b)] -> xpath: .//word], [[AndroidDriver: chrome on ANDROID (62e88494c1dbcb366d86a4960534f35b)] -> xpath: .//word], [[AndroidDriver: chrome on ANDROID (62e88494c1dbcb366d86a4960534f35b)] -> xpath: .//word], [[AndroidDriver: chrome on ANDROID (62e88494c1dbcb366d86a4960534f35b)] -> xpath: .//word], [[AndroidDriver: chrome on ANDROID (62e88494c1dbcb366d86a4960534f35b)] -> xpath: .//word], [[AndroidDriver: chrome on ANDROID (62e88494c1dbcb366d86a4960534f35b)] -> xpath: .//word], [[AndroidDriver: chrome on ANDROID (62e88494c1dbcb366d86a4960534f35b)] -> xpath: .//word], [[AndroidDriver: chrome on ANDROID (62e88494c1dbcb366d86a4960534f35b)] -> xpath: .//word], [[AndroidDriver: chrome on ANDROID (62e88494c1dbcb366d86a4960534f35b)] -> xpath: .//word], [[AndroidDriver: chrome on ANDROID (62e88494c1dbcb366d86a4960534f35b)] -> xpath: .//word], [[AndroidDriver: chrome on ANDROID (62e88494c1dbcb366d86a4960534f35b)] -> xpath: .//word], [[AndroidDriver: chrome on ANDROID (62e88494c1dbcb366d86a4960534f35b)] -> xpath: .//word], [[AndroidDriver: chrome on ANDROID (62e88494c1dbcb366d86a4960534f35b)] -> xpath: .//word], [[AndroidDriver: chrome on ANDROID (62e88494c1dbcb366d86a4960534f35b)] -> xpath: .//word], [[AndroidDriver: chrome on ANDROID (62e88494c1dbcb366d86a4960534f35b)] -> xpath: .//word], [[AndroidDriver: chrome on ANDROID (62e88494c1dbcb366d86a4960534f35b)] -> xpath: .//word], [[AndroidDriver: chrome on ANDROID (62e88494c1dbcb366d86a4960534f35b)] -> xpath: .//word], [[AndroidDriver: chrome on ANDROID (62e88494c1dbcb366d86a4960534f35b)] -> xpath: .//word], [[AndroidDriver: chrome on ANDROID (62e88494c1dbcb366d86a4960534f35b)] -> xpath: .//word], [[AndroidDriver: chrome on ANDROID (62e88494c1dbcb366d86a4960534f35b)] -> xpath: .//word], [[AndroidDriver: chrome on ANDROID (62e88494c1dbcb366d86a4960534f35b)] -> xpath: .//word], [[AndroidDriver: chrome on ANDROID (62e88494c1dbcb366d86a4960534f35b)] -> xpath: .//word], [[AndroidDriver: chrome on ANDROID (62e88494c1dbcb366d86a4960534f35b)] -> xpath: .//word], [[AndroidDriver: chrome on ANDROID (62e88494c1dbcb366d86a4960534f35b)] -> xpath: .//word], [[AndroidDriver: chrome on ANDROID (62e88494c1dbcb366d86a4960534f35b)] -> xpath: .//word], [[AndroidDriver: chrome on ANDROID (62e88494c1dbcb366d86a4960534f35b)] -> xpath: .//word], [[AndroidDriver: chrome on ANDROID (62e88494c1dbcb366d86a4960534f35b)] -> xpath: .//word], [[AndroidDriver: chrome on ANDROID (62e88494c1dbcb366d86a4960534f35b)] -> xpath: .//word], [[AndroidDriver: chrome on ANDROID (62e88494c1dbcb366d86a4960534f35b)] -> xpath: .//word], [[AndroidDriver: chrome on ANDROID (62e88494c1dbcb366d86a4960534f35b)] -> xpath: .//word], [[AndroidDriver: chrome on ANDROID (62e88494c1dbcb366d86a4960534f35b)] -> xpath: .//word], [[AndroidDriver: chrome on ANDROID (62e88494c1dbcb366d86a4960534f35b)] -> xpath: .//word], [[AndroidDriver: chrome on ANDROID (62e88494c1dbcb366d86a4960534f35b)] -> xpath: .//word], [[AndroidDriver: chrome on ANDROID (62e88494c1dbcb366d86a4960534f35b)] -> xpath: .//word], [[AndroidDriver: chrome on ANDROID (62e88494c1dbcb366d86a4960534f35b)] -> xpath: .//word], [[AndroidDriver: chrome on ANDROID (62e88494c1dbcb366d86a4960534f35b)] -> xpath: .//word], [[AndroidDriver: chrome on ANDROID (62e88494c1dbcb366d86a4960534f35b)] -> xpath: .//word], [[AndroidDriver: chrome on ANDROID (62e88494c1dbcb366d86a4960534f35b)] -> xpath: .//word], [[AndroidDriver: chrome on ANDROID (62e88494c1dbcb366d86a4960534f35b)] -> xpath: .//word], [[AndroidDriver: chrome on ANDROID (62e88494c1dbcb366d86a4960534f35b)] -> xpath: .//word], [[AndroidDriver: chrome on ANDROID (62e88494c1dbcb366d86a4960534f35b)] -> xpath: .//word], [[AndroidDriver: chrome on ANDROID (62e88494c1dbcb366d86a4960534f35b)] -> xpath: .//word], [[AndroidDriver: chrome on ANDROID (62e88494c1dbcb366d86a4960534f35b)] -> xpath: .//word], [[AndroidDriver: chrome on ANDROID (62e88494c1dbcb366d86a4960534f35b)] -> xpath: .//word], [[AndroidDriver: chrome on ANDROID (62e88494c1dbcb366d86a4960534f35b)] -> xpath: .//word], [[AndroidDriver: chrome on ANDROID (62e88494c1dbcb366d86a4960534f35b)] -> xpath: .//word], [[AndroidDriver: chrome on ANDROID (62e88494c1dbcb366d86a4960534f35b)] -> xpath: .//word], [[AndroidDriver: chrome on ANDROID (62e88494c1dbcb366d86a4960534f35b)] -> xpath: .//word], [[AndroidDriver: chrome on ANDROID (62e88494c1dbcb366d86a4960534f35b)] -> xpath: .//word], [[AndroidDriver: chrome on ANDROID (62e88494c1dbcb366d86a4960534f35b)] -> xpath: .//word], [[AndroidDriver: chrome on ANDROID (62e88494c1dbcb366d86a4960534f35b)] -> xpath: .//word], [[AndroidDriver: chrome on ANDROID (62e88494c1dbcb366d86a4960534f35b)] -> xpath: .//word], [[AndroidDriver: chrome on ANDROID (62e88494c1dbcb366d86a4960534f35b)] -> xpath: .//word], [[AndroidDriver: chrome on ANDROID (62e88494c1dbcb366d86a4960534f35b)] -> xpath: .//word], [[AndroidDriver: chrome on ANDROID (62e88494c1dbcb366d86a4960534f35b)] -> xpath: .//word], [[AndroidDriver: chrome on ANDROID (62e88494c1dbcb366d86a4960534f35b)] -> xpath: .//word], [[AndroidDriver: chrome on ANDROID (62e88494c1dbcb366d86a4960534f35b)] -> xpath: .//word], [[AndroidDriver: chrome on ANDROID (62e88494c1dbcb366d86a4960534f35b)] -> xpath: .//word], [[AndroidDriver: chrome on ANDROID (62e88494c1dbcb366d86a4960534f35b)] -> xpath: .//word], [[AndroidDriver: chrome on ANDROID (62e88494c1dbcb366d86a4960534f35b)] -> xpath: .//word], [[AndroidDriver: chrome on ANDROID (62e88494c1dbcb366d86a4960534f35b)] -> xpath: .//word], [[AndroidDriver: chrome on ANDROID (62e88494c1dbcb366d86a4960534f35b)] -> xpath: .//word], [[AndroidDriver: chrome on ANDROID (62e88494c1dbcb366d86a4960534f35b)] -> xpath: .//word], [[AndroidDriver: chrome on ANDROID (62e88494c1dbcb366d86a4960534f35b)] -> xpath: .//word], [[AndroidDriver: chrome on ANDROID (62e88494c1dbcb366d86a4960534f35b)] -> xpath: .//word], [[AndroidDriver: chrome on ANDROID (62e88494c1dbcb366d86a4960534f35b)] -> xpath: .//word], [[AndroidDriver: chrome on ANDROID (62e88494c1dbcb366d86a4960534f35b)] -> xpath: .//word], [[AndroidDriver: chrome on ANDROID (62e88494c1dbcb366d86a4960534f35b)] -> xpath: .//word], [[AndroidDriver: chrome on ANDROID (62e88494c1dbcb366d86a4960534f35b)] -> xpath: .//word], [[AndroidDriver: chrome on ANDROID (62e88494c1dbcb366d86a4960534f35b)] -> xpath: .//word], [[AndroidDriver: chrome on ANDROID (62e88494c1dbcb366d86a4960534f35b)] -> xpath: .//word], [[AndroidDriver: chrome on ANDROID (62e88494c1dbcb366d86a4960534f35b)] -> xpath: .//word], [[AndroidDriver: chrome on ANDROID (62e88494c1dbcb366d86a4960534f35b)] -> xpath: .//word], [[AndroidDriver: chrome on ANDROID (62e88494c1dbcb366d86a4960534f35b)] -> xpath: .//word], [[AndroidDriver: chrome on ANDROID (62e88494c1dbcb366d86a4960534f35b)] -> xpath: .//word], [[AndroidDriver: chrome on ANDROID (62e88494c1dbcb366d86a4960534f35b)] -> xpath: .//word], [[AndroidDriver: chrome on ANDROID (62e88494c1dbcb366d86a4960534f35b)] -> xpath: .//word], [[AndroidDriver: chrome on ANDROID (62e88494c1dbcb366d86a4960534f35b)] -> xpath: .//word], [[AndroidDriver: chrome on ANDROID (62e88494c1dbcb366d86a4960534f35b)] -> xpath: .//word], [[AndroidDriver: chrome on ANDROID (62e88494c1dbcb366d86a4960534f35b)] -> xpath: .//word], [[AndroidDriver: chrome on ANDROID (62e88494c1dbcb366d86a4960534f35b)] -> xpath: .//word], [[AndroidDriver: chrome on ANDROID (62e88494c1dbcb366d86a4960534f35b)] -> xpath: .//word], [[AndroidDriver: chrome on ANDROID (62e88494c1dbcb366d86a4960534f35b)] -> xpath: .//word], [[AndroidDriver: chrome on ANDROID (62e88494c1dbcb366d86a4960534f35b)] -> xpath: .//word], [[AndroidDriver: chrome on ANDROID (62e88494c1dbcb366d86a4960534f35b)] -> xpath: .//word], [[AndroidDriver: chrome on ANDROID (62e88494c1dbcb366d86a4960534f35b)] -> xpath: .//word], [[AndroidDriver: chrome on ANDROID (62e88494c1dbcb366d86a4960534f35b)] -> xpath: .//word], [[AndroidDriver: chrome on ANDROID (62e88494c1dbcb366d86a4960534f35b)] -> xpath: .//word], [[AndroidDriver: chrome on ANDROID (62e88494c1dbcb366d86a4960534f35b)] -> xpath: .//word], [[AndroidDriver: chrome on ANDROID (62e88494c1dbcb366d86a4960534f35b)] -> xpath: .//word], [[AndroidDriver: chrome on ANDROID (62e88494c1dbcb366d86a4960534f35b)] -> xpath: .//word], [[AndroidDriver: chrome on ANDROID (62e88494c1dbcb366d86a4960534f35b)] -> xpath: .//word], [[AndroidDriver: chrome on ANDROID (62e88494c1dbcb366d86a4960534f35b)] -> xpath: .//word], [[AndroidDriver: chrome on ANDROID (62e88494c1dbcb366d86a4960534f35b)] -> xpath: .//word], [[AndroidDriver: chrome on ANDROID (62e88494c1dbcb366d86a4960534f35b)] -> xpath: .//word], [[AndroidDriver: chrome on ANDROID (62e88494c1dbcb366d86a4960534f35b)] -> xpath: .//word], [[AndroidDriver: chrome on ANDROID (62e88494c1dbcb366d86a4960534f35b)] -> xpath: .//word], [[AndroidDriver: chrome on ANDROID (62e88494c1dbcb366d86a4960534f35b)] -> xpath: .//word], [[AndroidDriver: chrome on ANDROID (62e88494c1dbcb366d86a4960534f35b)] -> xpath: .//word], [[AndroidDriver: chrome on ANDROID (62e88494c1dbcb366d86a4960534f35b)] -> xpath: .//word], [[AndroidDriver: chrome on ANDROID (62e88494c1dbcb366d86a4960534f35b)] -> xpath: .//word], [[AndroidDriver: chrome on ANDROID (62e88494c1dbcb366d86a4960534f35b)] -> xpath: .//word], [[AndroidDriver: chrome on ANDROID (62e88494c1dbcb366d86a4960534f35b)] -> xpath: .//word], [[AndroidDriver: chrome on ANDROID (62e88494c1dbcb366d86a4960534f35b)] -> xpath: .//word], [[AndroidDriver: chrome on ANDROID (62e88494c1dbcb366d86a4960534f35b)] -> xpath: .//word], [[AndroidDriver: chrome on ANDROID (62e88494c1dbcb366d86a4960534f35b)] -> xpath: .//word], [[AndroidDriver: chrome on ANDROID (62e88494c1dbcb366d86a4960534f35b)] -> xpath: .//word], [[AndroidDriver: chrome on ANDROID (62e88494c1dbcb366d86a4960534f35b)] -> xpath: .//word], [[AndroidDriver: chrome on ANDROID (62e88494c1dbcb366d86a4960534f35b)] -> xpath: .//word], [[AndroidDriver: chrome on ANDROID (62e88494c1dbcb366d86a4960534f35b)] -> xpath: .//word], [[AndroidDriver: chrome on ANDROID (62e88494c1dbcb366d86a4960534f35b)] -> xpath: .//word], [[AndroidDriver: chrome on ANDROID (62e88494c1dbcb366d86a4960534f35b)] -> xpath: .//word], [[AndroidDriver: chrome on ANDROID (62e88494c1dbcb366d86a4960534f35b)] -> xpath: .//word], [[AndroidDriver: chrome on ANDROID (62e88494c1dbcb366d86a4960534f35b)] -> xpath: .//word], [[AndroidDriver: chrome on ANDROID (62e88494c1dbcb366d86a4960534f35b)] -> xpath: .//word], [[AndroidDriver: chrome on ANDROID (62e88494c1dbcb366d86a4960534f35b)] -> xpath: .//word], [[AndroidDriver: chrome on ANDROID (62e88494c1dbcb366d86a4960534f35b)] -> xpath: .//word], [[AndroidDriver: chrome on ANDROID (62e88494c1dbcb366d86a4960534f35b)] -> xpath: .//word], [[AndroidDriver: chrome on ANDROID (62e88494c1dbcb366d86a4960534f35b)] -> xpath: .//word], [[AndroidDriver: chrome on ANDROID (62e88494c1dbcb366d86a4960534f35b)] -> xpath: .//word], [[AndroidDriver: chrome on ANDROID (62e88494c1dbcb366d86a4960534f35b)] -> xpath: .//word], [[AndroidDriver: chrome on ANDROID (62e88494c1dbcb366d86a4960534f35b)] -> xpath: .//word], [[AndroidDriver: chrome on ANDROID (62e88494c1dbcb366d86a4960534f35b)] -> xpath: .//word], [[AndroidDriver: chrome on ANDROID (62e88494c1dbcb366d86a4960534f35b)] -> xpath: .//word], [[AndroidDriver: chrome on ANDROID (62e88494c1dbcb366d86a4960534f35b)] -> xpath: .//word], [[AndroidDriver: chrome on ANDROID (62e88494c1dbcb366d86a4960534f35b)] -> xpath: .//word], [[AndroidDriver: chrome on ANDROID (62e88494c1dbcb366d86a4960534f35b)] -> xpath: .//word], [[AndroidDriver: chrome on ANDROID (62e88494c1dbcb366d86a4960534f35b)] -> xpath: .//word], [[AndroidDriver: chrome on ANDROID (62e88494c1dbcb366d86a4960534f35b)] -> xpath: .//word], [[AndroidDriver: chrome on ANDROID (62e88494c1dbcb366d86a4960534f35b)] -> xpath: .//word], [[AndroidDriver: chrome on ANDROID (62e88494c1dbcb366d86a4960534f35b)] -> xpath: .//word], [[AndroidDriver: chrome on ANDROID (62e88494c1dbcb366d86a4960534f35b)] -> xpath: .//word], [[AndroidDriver: chrome on ANDROID (62e88494c1dbcb366d86a4960534f35b)] -> xpath: .//word], [[AndroidDriver: chrome on ANDROID (62e88494c1dbcb366d86a4960534f35b)] -> xpath: .//word], [[AndroidDriver: chrome on ANDROID (62e88494c1dbcb366d86a4960534f35b)] -> xpath: .//word], [[AndroidDriver: chrome on ANDROID (62e88494c1dbcb366d86a4960534f35b)] -> xpath: .//word], [[AndroidDriver: chrome on ANDROID (62e88494c1dbcb366d86a4960534f35b)] -> xpath: .//word], [[AndroidDriver: chrome on ANDROID (62e88494c1dbcb366d86a4960534f35b)] -> xpath: .//word], [[AndroidDriver: chrome on ANDROID (62e88494c1dbcb366d86a4960534f35b)] -> xpath: .//word], [[AndroidDriver: chrome on ANDROID (62e88494c1dbcb366d86a4960534f35b)] -> xpath: .//word], [[AndroidDriver: chrome on ANDROID (62e88494c1dbcb366d86a4960534f35b)] -> xpath: .//word], [[AndroidDriver: chrome on ANDROID (62e88494c1dbcb366d86a4960534f35b)] -> xpath: .//word], [[AndroidDriver: chrome on ANDROID (62e88494c1dbcb366d86a4960534f35b)] -> xpath: .//word], [[AndroidDriver: chrome on ANDROID (62e88494c1dbcb366d86a4960534f35b)] -> xpath: .//word], [[AndroidDriver: chrome on ANDROID (62e88494c1dbcb366d86a4960534f35b)] -> xpath: .//word], [[AndroidDriver: chrome on ANDROID (62e88494c1dbcb366d86a4960534f35b)] -> xpath: .//word], [[AndroidDriver: chrome on ANDROID (62e88494c1dbcb366d86a4960534f35b)] -> xpath: .//word], [[AndroidDriver: chrome on ANDROID (62e88494c1dbcb366d86a4960534f35b)] -> xpath: .//word], [[AndroidDriver: chrome on ANDROID (62e88494c1dbcb366d86a4960534f35b)] -> xpath: .//word], [[AndroidDriver: chrome on ANDROID (62e88494c1dbcb366d86a4960534f35b)] -> xpath: .//word], [[AndroidDriver: chrome on ANDROID (62e88494c1dbcb366d86a4960534f35b)] -> xpath: .//word], [[AndroidDriver: chrome on ANDROID (62e88494c1dbcb366d86a4960534f35b)] -> xpath: .//word], [[AndroidDriver: chrome on ANDROID (62e88494c1dbcb366d86a4960534f35b)] -> xpath: .//word], [[AndroidDriver: chrome on ANDROID (62e88494c1dbcb366d86a4960534f35b)] -> xpath: .//word], [[AndroidDriver: chrome on ANDROID (62e88494c1dbcb366d86a4960534f35b)] -> xpath: .//word], [[AndroidDriver: chrome on ANDROID (62e88494c1dbcb366d86a4960534f35b)] -> xpath: .//word], [[AndroidDriver: chrome on ANDROID (62e88494c1dbcb366d86a4960534f35b)] -> xpath: .//word], [[AndroidDriver: chrome on ANDROID (62e88494c1dbcb366d86a4960534f35b)] -> xpath: .//word], [[AndroidDriver: chrome on ANDROID (62e88494c1dbcb366d86a4960534f35b)] -> xpath: .//word], [[AndroidDriver: chrome on ANDROID (62e88494c1dbcb366d86a4960534f35b)] -> xpath: .//word], [[AndroidDriver: chrome on ANDROID (62e88494c1dbcb366d86a4960534f35b)] -> xpath: .//word], [[AndroidDriver: chrome on ANDROID (62e88494c1dbcb366d86a4960534f35b)] -> xpath: .//word], [[AndroidDriver: chrome on ANDROID (62e88494c1dbcb366d86a4960534f35b)] -> xpath: .//word], [[AndroidDriver: chrome on ANDROID (62e88494c1dbcb366d86a4960534f35b)] -> xpath: .//word], [[AndroidDriver: chrome on ANDROID (62e88494c1dbcb366d86a4960534f35b)] -> xpath: .//word], [[AndroidDriver: chrome on ANDROID (62e88494c1dbcb366d86a4960534f35b)] -> xpath: .//word], [[AndroidDriver: chrome on ANDROID (62e88494c1dbcb366d86a4960534f35b)] -> xpath: .//word], [[AndroidDriver: chrome on ANDROID (62e88494c1dbcb366d86a4960534f35b)] -> xpath: .//word], [[AndroidDriver: chrome on ANDROID (62e88494c1dbcb366d86a4960534f35b)] -> xpath: .//word], [[AndroidDriver: chrome on ANDROID (62e88494c1dbcb366d86a4960534f35b)] -> xpath: .//word], [[AndroidDriver: chrome on ANDROID (62e88494c1dbcb366d86a4960534f35b)] -> xpath: .//word], [[AndroidDriver: chrome on ANDROID (62e88494c1dbcb366d86a4960534f35b)] -> xpath: .//word], [[AndroidDriver: chrome on ANDROID (62e88494c1dbcb366d86a4960534f35b)] -> xpath: .//word], [[AndroidDriver: chrome on ANDROID (62e88494c1dbcb366d86a4960534f35b)] -> xpath: .//word], [[AndroidDriver: chrome on ANDROID (62e88494c1dbcb366d86a4960534f35b)] -> xpath: .//word], [[AndroidDriver: chrome on ANDROID (62e88494c1dbcb366d86a4960534f35b)] -> xpath: .//word], [[AndroidDriver: chrome on ANDROID (62e88494c1dbcb366d86a4960534f35b)] -> xpath: .//word], [[AndroidDriver: chrome on ANDROID (62e88494c1dbcb366d86a4960534f35b)] -> xpath: .//word], [[AndroidDriver: chrome on ANDROID (62e88494c1dbcb366d86a4960534f35b)] -> xpath: .//word], [[AndroidDriver: chrome on ANDROID (62e88494c1dbcb366d86a4960534f35b)] -> xpath: .//word], [[AndroidDriver: chrome on ANDROID (62e88494c1dbcb366d86a4960534f35b)] -> xpath: .//word], [[AndroidDriver: chrome on ANDROID (62e88494c1dbcb366d86a4960534f35b)] -> xpath: .//word], [[AndroidDriver: chrome on ANDROID (62e88494c1dbcb366d86a4960534f35b)] -> xpath: .//word], [[AndroidDriver: chrome on ANDROID (62e88494c1dbcb366d86a4960534f35b)] -> xpath: .//word], [[AndroidDriver: chrome on ANDROID (62e88494c1dbcb366d86a4960534f35b)] -> xpath: .//word], [[AndroidDriver: chrome on ANDROID (62e88494c1dbcb366d86a4960534f35b)] -> xpath: .//word], [[AndroidDriver: chrome on ANDROID (62e88494c1dbcb366d86a4960534f35b)] -> xpath: .//word], [[AndroidDriver: chrome on ANDROID (62e88494c1dbcb366d86a4960534f35b)] -> xpath: .//word], [[AndroidDriver: chrome on ANDROID (62e88494c1dbcb366d86a4960534f35b)] -> xpath: .//word], [[AndroidDriver: chrome on ANDROID (62e88494c1dbcb366d86a4960534f35b)] -> xpath: .//word], [[AndroidDriver: chrome on ANDROID (62e88494c1dbcb366d86a4960534f35b)] -> xpath: .//word], [[AndroidDriver: chrome on ANDROID (62e88494c1dbcb366d86a4960534f35b)] -> xpath: .//word], [[AndroidDriver: chrome on ANDROID (62e88494c1dbcb366d86a4960534f35b)] -> xpath: .//word], [[AndroidDriver: chrome on ANDROID (62e88494c1dbcb366d86a4960534f35b)] -> xpath: .//word], [[AndroidDriver: chrome on ANDROID (62e88494c1dbcb366d86a4960534f35b)] -> xpath: .//word], [[AndroidDriver: chrome on ANDROID (62e88494c1dbcb366d86a4960534f35b)] -> xpath: .//word], [[AndroidDriver: chrome on ANDROID (62e88494c1dbcb366d86a4960534f35b)] -> xpath: .//word], [[AndroidDriver: chrome on ANDROID (62e88494c1dbcb366d86a4960534f35b)] -> xpath: .//word], [[AndroidDriver: chrome on ANDROID (62e88494c1dbcb366d86a4960534f35b)] -> xpath: .//word], [[AndroidDriver: chrome on ANDROID (62e88494c1dbcb366d86a4960534f35b)] -> xpath: .//word], [[AndroidDriver: chrome on ANDROID (62e88494c1dbcb366d86a4960534f35b)] -> xpath: .//word], [[AndroidDriver: chrome on ANDROID (62e88494c1dbcb366d86a4960534f35b)] -> xpath: .//word], [[AndroidDriver: chrome on ANDROID (62e88494c1dbcb366d86a4960534f35b)] -> xpath: .//word], [[AndroidDriver: chrome on ANDROID (62e88494c1dbcb366d86a4960534f35b)] -> xpath: .//word], [[AndroidDriver: chrome on ANDROID (62e88494c1dbcb366d86a4960534f35b)] -> xpath: .//word], [[AndroidDriver: chrome on ANDROID (62e88494c1dbcb366d86a4960534f35b)] -> xpath: .//word], [[AndroidDriver: chrome on ANDROID (62e88494c1dbcb366d86a4960534f35b)] -> xpath: .//word], [[AndroidDriver: chrome on ANDROID (62e88494c1dbcb366d86a4960534f35b)] -> xpath: .//word], [[AndroidDriver: chrome on ANDROID (62e88494c1dbcb366d86a4960534f35b)] -> xpath: .//word], [[AndroidDriver: chrome on ANDROID (62e88494c1dbcb366d86a4960534f35b)] -> xpath: .//word], [[AndroidDriver: chrome on ANDROID (62e88494c1dbcb366d86a4960534f35b)] -> xpath: .//word], [[AndroidDriver: chrome on ANDROID (62e88494c1dbcb366d86a4960534f35b)] -> xpath: .//word], [[AndroidDriver: chrome on ANDROID (62e88494c1dbcb366d86a4960534f35b)] -> xpath: .//word], [[AndroidDriver: chrome on ANDROID (62e88494c1dbcb366d86a4960534f35b)] -> xpath: .//word], [[AndroidDriver: chrome on ANDROID (62e88494c1dbcb366d86a4960534f35b)] -> xpath: .//word], [[AndroidDriver: chrome on ANDROID (62e88494c1dbcb366d86a4960534f35b)] -> xpath: .//word], [[AndroidDriver: chrome on ANDROID (62e88494c1dbcb366d86a4960534f35b)] -> xpath: .//word], [[AndroidDriver: chrome on ANDROID (62e88494c1dbcb366d86a4960534f35b)] -> xpath: .//word], [[AndroidDriver: chrome on ANDROID (62e88494c1dbcb366d86a4960534f35b)] -> xpath: .//word], [[AndroidDriver: chrome on ANDROID (62e88494c1dbcb366d86a4960534f35b)] -> xpath: .//word], [[AndroidDriver: chrome on ANDROID (62e88494c1dbcb366d86a4960534f35b)] -> xpath: .//word], [[AndroidDriver: chrome on ANDROID (62e88494c1dbcb366d86a4960534f35b)] -> xpath: .//word], [[AndroidDriver: chrome on ANDROID (62e88494c1dbcb366d86a4960534f35b)] -> xpath: .//word], [[AndroidDriver: chrome on ANDROID (62e88494c1dbcb366d86a4960534f35b)] -> xpath: .//word], [[AndroidDriver: chrome on ANDROID (62e88494c1dbcb366d86a4960534f35b)] -> xpath: .//word], [[AndroidDriver: chrome on ANDROID (62e88494c1dbcb366d86a4960534f35b)] -> xpath: .//word], [[AndroidDriver: chrome on ANDROID (62e88494c1dbcb366d86a4960534f35b)] -> xpath: .//word], [[AndroidDriver: chrome on ANDROID (62e88494c1dbcb366d86a4960534f35b)] -> xpath: .//word], [[AndroidDriver: chrome on ANDROID (62e88494c1dbcb366d86a4960534f35b)] -> xpath: .//word], [[AndroidDriver: chrome on ANDROID (62e88494c1dbcb366d86a4960534f35b)] -> xpath: .//word], [[AndroidDriver: chrome on ANDROID (62e88494c1dbcb366d86a4960534f35b)] -> xpath: .//word], [[AndroidDriver: chrome on ANDROID (62e88494c1dbcb366d86a4960534f35b)] -> xpath: .//word], [[AndroidDriver: chrome on ANDROID (62e88494c1dbcb366d86a4960534f35b)] -> xpath: .//word], [[AndroidDriver: chrome on ANDROID (62e88494c1dbcb366d86a4960534f35b)] -> xpath: .//word], [[AndroidDriver: chrome on ANDROID (62e88494c1dbcb366d86a4960534f35b)] -> xpath: .//word], [[AndroidDriver: chrome on ANDROID (62e88494c1dbcb366d86a4960534f35b)] -> xpath: .//word], [[AndroidDriver: chrome on ANDROID (62e88494c1dbcb366d86a4960534f35b)] -> xpath: .//word], [[AndroidDriver: chrome on ANDROID (62e88494c1dbcb366d86a4960534f35b)] -> xpath: .//word], [[AndroidDriver: chrome on ANDROID (62e88494c1dbcb366d86a4960534f35b)] -> xpath: .//word], [[AndroidDriver: chrome on ANDROID (62e88494c1dbcb366d86a4960534f35b)] -> xpath: .//word], [[AndroidDriver: chrome on ANDROID (62e88494c1dbcb366d86a4960534f35b)] -> xpath: .//word], [[AndroidDriver: chrome on ANDROID (62e88494c1dbcb366d86a4960534f35b)] -> xpath: .//word], [[AndroidDriver: chrome on ANDROID (62e88494c1dbcb366d86a4960534f35b)] -> xpath: .//word], [[AndroidDriver: chrome on ANDROID (62e88494c1dbcb366d86a4960534f35b)] -> xpath: .//word], [[AndroidDriver: chrome on ANDROID (62e88494c1dbcb366d86a4960534f35b)] -> xpath: .//word], [[AndroidDriver: chrome on ANDROID (62e88494c1dbcb366d86a4960534f35b)] -> xpath: .//word], [[AndroidDriver: chrome on ANDROID (62e88494c1dbcb366d86a4960534f35b)] -> xpath: .//word], [[AndroidDriver: chrome on ANDROID (62e88494c1dbcb366d86a4960534f35b)] -> xpath: .//word], [[AndroidDriver: chrome on ANDROID (62e88494c1dbcb366d86a4960534f35b)] -> xpath: .//word], [[AndroidDriver: chrome on ANDROID (62e88494c1dbcb366d86a4960534f35b)] -> xpath: .//word], [[AndroidDriver: chrome on ANDROID (62e88494c1dbcb366d86a4960534f35b)] -> xpath: .//word], [[AndroidDriver: chrome on ANDROID (62e88494c1dbcb366d86a4960534f35b)] -> xpath: .//word], [[AndroidDriver: chrome on ANDROID (62e88494c1dbcb366d86a4960534f35b)] -> xpath: .//word], [[AndroidDriver: chrome on ANDROID (62e88494c1dbcb366d86a4960534f35b)] -> xpath: .//word], [[AndroidDriver: chrome on ANDROID (62e88494c1dbcb366d86a4960534f35b)] -> xpath: .//word], [[AndroidDriver: chrome on ANDROID (62e88494c1dbcb366d86a4960534f35b)] -> xpath: .//word], [[AndroidDriver: chrome on ANDROID (62e88494c1dbcb366d86a4960534f35b)] -> xpath: .//word], [[AndroidDriver: chrome on ANDROID (62e88494c1dbcb366d86a4960534f35b)] -> xpath: .//word], [[AndroidDriver: chrome on ANDROID (62e88494c1dbcb366d86a4960534f35b)] -> xpath: .//word], [[AndroidDriver: chrome on ANDROID (62e88494c1dbcb366d86a4960534f35b)] -> xpath: .//word], [[AndroidDriver: chrome on ANDROID (62e88494c1dbcb366d86a4960534f35b)] -> xpath: .//word], [[AndroidDriver: chrome on ANDROID (62e88494c1dbcb366d86a4960534f35b)] -> xpath: .//word], [[AndroidDriver: chrome on ANDROID (62e88494c1dbcb366d86a4960534f35b)] -> xpath: .//word], [[AndroidDriver: chrome on ANDROID (62e88494c1dbcb366d86a4960534f35b)] -> xpath: .//word], [[AndroidDriver: chrome on ANDROID (62e88494c1dbcb366d86a4960534f35b)] -> xpath: .//word], [[AndroidDriver: chrome on ANDROID (62e88494c1dbcb366d86a4960534f35b)] -> xpath: .//word], [[AndroidDriver: chrome on ANDROID (62e88494c1dbcb366d86a4960534f35b)] -> xpath: .//word], [[AndroidDriver: chrome on ANDROID (62e88494c1dbcb366d86a4960534f35b)] -> xpath: .//word], [[AndroidDriver: chrome on ANDROID (62e88494c1dbcb366d86a4960534f35b)] -> xpath: .//word], [[AndroidDriver: chrome on ANDROID (62e88494c1dbcb366d86a4960534f35b)] -> xpath: .//word], [[AndroidDriver: chrome on ANDROID (62e88494c1dbcb366d86a4960534f35b)] -> xpath: .//word], [[AndroidDriver: chrome on ANDROID (62e88494c1dbcb366d86a4960534f35b)] -> xpath: .//word], [[AndroidDriver: chrome on ANDROID (62e88494c1dbcb366d86a4960534f35b)] -> xpath: .//word], [[AndroidDriver: chrome on ANDROID (62e88494c1dbcb366d86a4960534f35b)] -> xpath: .//word], [[AndroidDriver: chrome on ANDROID (62e88494c1dbcb366d86a4960534f35b)] -> xpath: .//word], [[AndroidDriver: chrome on ANDROID (62e88494c1dbcb366d86a4960534f35b)] -> xpath: .//word], [[AndroidDriver: chrome on ANDROID (62e88494c1dbcb366d86a4960534f35b)] -> xpath: .//word], [[AndroidDriver: chrome on ANDROID (62e88494c1dbcb366d86a4960534f35b)] -> xpath: .//word], [[AndroidDriver: chrome on ANDROID (62e88494c1dbcb366d86a4960534f35b)] -> xpath: .//word], [[AndroidDriver: chrome on ANDROID (62e88494c1dbcb366d86a4960534f35b)] -> xpath: .//word], [[AndroidDriver: chrome on ANDROID (62e88494c1dbcb366d86a4960534f35b)] -> xpath: .//word], [[AndroidDriver: chrome on ANDROID (62e88494c1dbcb366d86a4960534f35b)] -> xpath: .//word], [[AndroidDriver: chrome on ANDROID (62e88494c1dbcb366d86a4960534f35b)] -> xpath: .//word], [[AndroidDriver: chrome on ANDROID (62e88494c1dbcb366d86a4960534f35b)] -> xpath: .//word], [[AndroidDriver: chrome on ANDROID (62e88494c1dbcb366d86a4960534f35b)] -> xpath: .//word], [[AndroidDriver: chrome on ANDROID (62e88494c1dbcb366d86a4960534f35b)] -> xpath: .//word], [[AndroidDriver: chrome on ANDROID (62e88494c1dbcb366d86a4960534f35b)] -> xpath: .//word], [[AndroidDriver: chrome on ANDROID (62e88494c1dbcb366d86a4960534f35b)] -> xpath: .//word], [[AndroidDriver: chrome on ANDROID (62e88494c1dbcb366d86a4960534f35b)] -> xpath: .//word], [[AndroidDriver: chrome on ANDROID (62e88494c1dbcb366d86a4960534f35b)] -> xpath: .//word], [[AndroidDriver: chrome on ANDROID (62e88494c1dbcb366d86a4960534f35b)] -> xpath: .//word], [[AndroidDriver: chrome on ANDROID (62e88494c1dbcb366d86a4960534f35b)] -> xpath: .//word], [[AndroidDriver: chrome on ANDROID (62e88494c1dbcb366d86a4960534f35b)] -> xpath: .//word], [[AndroidDriver: chrome on ANDROID (62e88494c1dbcb366d86a4960534f35b)] -> xpath: .//word], [[AndroidDriver: chrome on ANDROID (62e88494c1dbcb366d86a4960534f35b)] -> xpath: .//word], [[AndroidDriver: chrome on ANDROID (62e88494c1dbcb366d86a4960534f35b)] -> xpath: .//word], [[AndroidDriver: chrome on ANDROID (62e88494c1dbcb366d86a4960534f35b)] -> xpath: .//word], [[AndroidDriver: chrome on ANDROID (62e88494c1dbcb366d86a4960534f35b)] -> xpath: .//word], [[AndroidDriver: chrome on ANDROID (62e88494c1dbcb366d86a4960534f35b)] -> xpath: .//word], [[AndroidDriver: chrome on ANDROID (62e88494c1dbcb366d86a4960534f35b)] -> xpath: .//word], [[AndroidDriver: chrome on ANDROID (62e88494c1dbcb366d86a4960534f35b)] -> xpath: .//word], [[AndroidDriver: chrome on ANDROID (62e88494c1dbcb366d86a4960534f35b)] -> xpath: .//word], [[AndroidDriver: chrome on ANDROID (62e88494c1dbcb366d86a4960534f35b)] -> xpath: .//word], [[AndroidDriver: chrome on ANDROID (62e88494c1dbcb366d86a4960534f35b)] -> xpath: .//word], [[AndroidDriver: chrome on ANDROID (62e88494c1dbcb366d86a4960534f35b)] -> xpath: .//word], [[AndroidDriver: chrome on ANDROID (62e88494c1dbcb366d86a4960534f35b)] -> xpath: .//word], [[AndroidDriver: chrome on ANDROID (62e88494c1dbcb366d86a4960534f35b)] -> xpath: .//word], [[AndroidDriver: chrome on ANDROID (62e88494c1dbcb366d86a4960534f35b)] -> xpath: .//word], [[AndroidDriver: chrome on ANDROID (62e88494c1dbcb366d86a4960534f35b)] -> xpath: .//word], [[AndroidDriver: chrome on ANDROID (62e88494c1dbcb366d86a4960534f35b)] -> xpath: .//word], [[AndroidDriver: chrome on ANDROID (62e88494c1dbcb366d86a4960534f35b)] -> xpath: .//word], [[AndroidDriver: chrome on ANDROID (62e88494c1dbcb366d86a4960534f35b)] -> xpath: .//word], [[AndroidDriver: chrome on ANDROID (62e88494c1dbcb366d86a4960534f35b)] -> xpath: .//word], [[AndroidDriver: chrome on ANDROID (62e88494c1dbcb366d86a4960534f35b)] -> xpath: .//word], [[AndroidDriver: chrome on ANDROID (62e88494c1dbcb366d86a4960534f35b)] -> xpath: .//word], [[AndroidDriver: chrome on ANDROID (62e88494c1dbcb366d86a4960534f35b)] -> xpath: .//word], [[AndroidDriver: chrome on ANDROID (62e88494c1dbcb366d86a4960534f35b)] -> xpath: .//word], [[AndroidDriver: chrome on ANDROID (62e88494c1dbcb366d86a4960534f35b)] -> xpath: .//word], [[AndroidDriver: chrome on ANDROID (62e88494c1dbcb366d86a4960534f35b)] -> xpath: .//word], [[AndroidDriver: chrome on ANDROID (62e88494c1dbcb366d86a4960534f35b)] -> xpath: .//word], [[AndroidDriver: chrome on ANDROID (62e88494c1dbcb366d86a4960534f35b)] -> xpath: .//word], [[AndroidDriver: chrome on ANDROID (62e88494c1dbcb366d86a4960534f35b)] -> xpath: .//word], [[AndroidDriver: chrome on ANDROID (62e88494c1dbcb366d86a4960534f35b)] -> xpath: .//word], [[AndroidDriver: chrome on ANDROID (62e88494c1dbcb366d86a4960534f35b)] -> xpath: .//word], [[AndroidDriver: chrome on ANDROID (62e88494c1dbcb366d86a4960534f35b)] -> xpath: .//word], [[AndroidDriver: chrome on ANDROID (62e88494c1dbcb366d86a4960534f35b)] -> xpath: .//word], [[AndroidDriver: chrome on ANDROID (62e88494c1dbcb366d86a4960534f35b)] -> xpath: .//word], [[AndroidDriver: chrome on ANDROID (62e88494c1dbcb366d86a4960534f35b)] -> xpath: .//word], [[AndroidDriver: chrome on ANDROID (62e88494c1dbcb366d86a4960534f35b)] -> xpath: .//word], [[AndroidDriver: chrome on ANDROID (62e88494c1dbcb366d86a4960534f35b)] -> xpath: .//word], [[AndroidDriver: chrome on ANDROID (62e88494c1dbcb366d86a4960534f35b)] -> xpath: .//word], [[AndroidDriver: chrome on ANDROID (62e88494c1dbcb366d86a4960534f35b)] -> xpath: .//word], [[AndroidDriver: chrome on ANDROID (62e88494c1dbcb366d86a4960534f35b)] -> xpath: .//word], [[AndroidDriver: chrome on ANDROID (62e88494c1dbcb366d86a4960534f35b)] -> xpath: .//word], [[AndroidDriver: chrome on ANDROID (62e88494c1dbcb366d86a4960534f35b)] -> xpath: .//word], [[AndroidDriver: chrome on ANDROID (62e88494c1dbcb366d86a4960534f35b)] -> xpath: .//word], [[AndroidDriver: chrome on ANDROID (62e88494c1dbcb366d86a4960534f35b)] -> xpath: .//word], [[AndroidDriver: chrome on ANDROID (62e88494c1dbcb366d86a4960534f35b)] -> xpath: .//word], [[AndroidDriver: chrome on ANDROID (62e88494c1dbcb366d86a4960534f35b)] -> xpath: .//word], [[AndroidDriver: chrome on ANDROID (62e88494c1dbcb366d86a4960534f35b)] -> xpath: .//word], [[AndroidDriver: chrome on ANDROID (62e88494c1dbcb366d86a4960534f35b)] -> xpath: .//word], [[AndroidDriver: chrome on ANDROID (62e88494c1dbcb366d86a4960534f35b)] -> xpath: .//word], [[AndroidDriver: chrome on ANDROID (62e88494c1dbcb366d86a4960534f35b)] -> xpath: .//word], [[AndroidDriver: chrome on ANDROID (62e88494c1dbcb366d86a4960534f35b)] -> xpath: .//word], [[AndroidDriver: chrome on ANDROID (62e88494c1dbcb366d86a4960534f35b)] -> xpath: .//word], [[AndroidDriver: chrome on ANDROID (62e88494c1dbcb366d86a4960534f35b)] -> xpath: .//word], [[AndroidDriver: chrome on ANDROID (62e88494c1dbcb366d86a4960534f35b)] -> xpath: .//word], [[AndroidDriver: chrome on ANDROID (62e88494c1dbcb366d86a4960534f35b)] -> xpath: .//word], [[AndroidDriver: chrome on ANDROID (62e88494c1dbcb366d86a4960534f35b)] -> xpath: .//word], [[AndroidDriver: chrome on ANDROID (62e88494c1dbcb366d86a4960534f35b)] -> xpath: .//word], [[AndroidDriver: chrome on ANDROID (62e88494c1dbcb366d86a4960534f35b)] -> xpath: .//word], [[AndroidDriver: chrome on ANDROID (62e88494c1dbcb366d86a4960534f35b)] -> xpath: .//word], [[AndroidDriver: chrome on ANDROID (62e88494c1dbcb366d86a4960534f35b)] -> xpath: .//word], [[AndroidDriver: chrome on ANDROID (62e88494c1dbcb366d86a4960534f35b)] -> xpath: .//word], [[AndroidDriver: chrome on ANDROID (62e88494c1dbcb366d86a4960534f35b)] -> xpath: .//word], [[AndroidDriver: chrome on ANDROID (62e88494c1dbcb366d86a4960534f35b)] -> xpath: .//word], [[AndroidDriver: chrome on ANDROID (62e88494c1dbcb366d86a4960534f35b)] -> xpath: .//word], [[AndroidDriver: chrome on ANDROID (62e88494c1dbcb366d86a4960534f35b)] -> xpath: .//word], [[AndroidDriver: chrome on ANDROID (62e88494c1dbcb366d86a4960534f35b)] -> xpath: .//word], [[AndroidDriver: chrome on ANDROID (62e88494c1dbcb366d86a4960534f35b)] -> xpath: .//word], [[AndroidDriver: chrome on ANDROID (62e88494c1dbcb366d86a4960534f35b)] -> xpath: .//word], [[AndroidDriver: chrome on ANDROID (62e88494c1dbcb366d86a4960534f35b)] -> xpath: .//word], [[AndroidDriver: chrome on ANDROID (62e88494c1dbcb366d86a4960534f35b)] -> xpath: .//word], [[AndroidDriver: chrome on ANDROID (62e88494c1dbcb366d86a4960534f35b)] -> xpath: .//word], [[AndroidDriver: chrome on ANDROID (62e88494c1dbcb366d86a4960534f35b)] -> xpath: .//word], [[AndroidDriver: chrome on ANDROID (62e88494c1dbcb366d86a4960534f35b)] -> xpath: .//word], [[AndroidDriver: chrome on ANDROID (62e88494c1dbcb366d86a4960534f35b)] -> xpath: .//word], [[AndroidDriver: chrome on ANDROID (62e88494c1dbcb366d86a4960534f35b)] -> xpath: .//word], [[AndroidDriver: chrome on ANDROID (62e88494c1dbcb366d86a4960534f35b)] -> xpath: .//word], [[AndroidDriver: chrome on ANDROID (62e88494c1dbcb366d86a4960534f35b)] -> xpath: .//word], [[AndroidDriver: chrome on ANDROID (62e88494c1dbcb366d86a4960534f35b)] -> xpath: .//word], [[AndroidDriver: chrome on ANDROID (62e88494c1dbcb366d86a4960534f35b)] -> xpath: .//word], [[AndroidDriver: chrome on ANDROID (62e88494c1dbcb366d86a4960534f35b)] -> xpath: .//word], [[AndroidDriver: chrome on ANDROID (62e88494c1dbcb366d86a4960534f35b)] -> xpath: .//word], [[AndroidDriver: chrome on ANDROID (62e88494c1dbcb366d86a4960534f35b)] -> xpath: .//word], [[AndroidDriver: chrome on ANDROID (62e88494c1dbcb366d86a4960534f35b)] -> xpath: .//word], [[AndroidDriver: chrome on ANDROID (62e88494c1dbcb366d86a4960534f35b)] -> xpath: .//word], [[AndroidDriver: chrome on ANDROID (62e88494c1dbcb366d86a4960534f35b)] -> xpath: .//word], [[AndroidDriver: chrome on ANDROID (62e88494c1dbcb366d86a4960534f35b)] -> xpath: .//word], [[AndroidDriver: chrome on ANDROID (62e88494c1dbcb366d86a4960534f35b)] -> xpath: .//word], [[AndroidDriver: chrome on ANDROID (62e88494c1dbcb366d86a4960534f35b)] -> xpath: .//word], [[AndroidDriver: chrome on ANDROID (62e88494c1dbcb366d86a4960534f35b)] -> xpath: .//word], [[AndroidDriver: chrome on ANDROID (62e88494c1dbcb366d86a4960534f35b)] -> xpath: .//word], [[AndroidDriver: chrome on ANDROID (62e88494c1dbcb366d86a4960534f35b)] -> xpath: .//word], [[AndroidDriver: chrome on ANDROID (62e88494c1dbcb366d86a4960534f35b)] -> xpath: .//word], [[AndroidDriver: chrome on ANDROID (62e88494c1dbcb366d86a4960534f35b)] -> xpath: .//word], [[AndroidDriver: chrome on ANDROID (62e88494c1dbcb366d86a4960534f35b)] -> xpath: .//word], [[AndroidDriver: chrome on ANDROID (62e88494c1dbcb366d86a4960534f35b)] -> xpath: .//word], [[AndroidDriver: chrome on ANDROID (62e88494c1dbcb366d86a4960534f35b)] -> xpath: .//word], [[AndroidDriver: chrome on ANDROID (62e88494c1dbcb366d86a4960534f35b)] -> xpath: .//word], [[AndroidDriver: chrome on ANDROID (62e88494c1dbcb366d86a4960534f35b)] -> xpath: .//word], [[AndroidDriver: chrome on ANDROID (62e88494c1dbcb366d86a4960534f35b)] -> xpath: .//word], [[AndroidDriver: chrome on ANDROID (62e88494c1dbcb366d86a4960534f35b)] -> xpath: .//word], [[AndroidDriver: chrome on ANDROID (62e88494c1dbcb366d86a4960534f35b)] -> xpath: .//word], [[AndroidDriver: chrome on ANDROID (62e88494c1dbcb366d86a4960534f35b)] -> xpath: .//word], [[AndroidDriver: chrome on ANDROID (62e88494c1dbcb366d86a4960534f35b)] -> xpath: .//word], [[AndroidDriver: chrome on ANDROID (62e88494c1dbcb366d86a4960534f35b)] -> xpath: .//word], [[AndroidDriver: chrome on ANDROID (62e88494c1dbcb366d86a4960534f35b)] -> xpath: .//word], [[AndroidDriver: chrome on ANDROID (62e88494c1dbcb366d86a4960534f35b)] -> xpath: .//word], [[AndroidDriver: chrome on ANDROID (62e88494c1dbcb366d86a4960534f35b)] -> xpath: .//word], [[AndroidDriver: chrome on ANDROID (62e88494c1dbcb366d86a4960534f35b)] -> xpath: .//word], [[AndroidDriver: chrome on ANDROID (62e88494c1dbcb366d86a4960534f35b)] -> xpath: .//word], [[AndroidDriver: chrome on ANDROID (62e88494c1dbcb366d86a4960534f35b)] -> xpath: .//word], [[AndroidDriver: chrome on ANDROID (62e88494c1dbcb366d86a4960534f35b)] -> xpath: .//word], [[AndroidDriver: chrome on ANDROID (62e88494c1dbcb366d86a4960534f35b)] -> xpath: .//word], [[AndroidDriver: chrome on ANDROID (62e88494c1dbcb366d86a4960534f35b)] -> xpath: .//word], [[AndroidDriver: chrome on ANDROID (62e88494c1dbcb366d86a4960534f35b)] -> xpath: .//word], [[AndroidDriver: chrome on ANDROID (62e88494c1dbcb366d86a4960534f35b)] -> xpath: .//word], [[AndroidDriver: chrome on ANDROID (62e88494c1dbcb366d86a4960534f35b)] -> xpath: .//word], [[AndroidDriver: chrome on ANDROID (62e88494c1dbcb366d86a4960534f35b)] -> xpath: .//word], [[AndroidDriver: chrome on ANDROID (62e88494c1dbcb366d86a4960534f35b)] -> xpath: .//word], [[AndroidDriver: chrome on ANDROID (62e88494c1dbcb366d86a4960534f35b)] -> xpath: .//word], [[AndroidDriver: chrome on ANDROID (62e88494c1dbcb366d86a4960534f35b)] -> xpath: .//word], [[AndroidDriver: chrome on ANDROID (62e88494c1dbcb366d86a4960534f35b)] -> xpath: .//word], [[AndroidDriver: chrome on ANDROID (62e88494c1dbcb366d86a4960534f35b)] -> xpath: .//word], [[AndroidDriver: chrome on ANDROID (62e88494c1dbcb366d86a4960534f35b)] -> xpath: .//word], [[AndroidDriver: chrome on ANDROID (62e88494c1dbcb366d86a4960534f35b)] -> xpath: .//word], [[AndroidDriver: chrome on ANDROID (62e88494c1dbcb366d86a4960534f35b)] -> xpath: .//word], [[AndroidDriver: chrome on ANDROID (62e88494c1dbcb366d86a4960534f35b)] -> xpath: .//word], [[AndroidDriver: chrome on ANDROID (62e88494c1dbcb366d86a4960534f35b)] -> xpath: .//word], [[AndroidDriver: chrome on ANDROID (62e88494c1dbcb366d86a4960534f35b)] -> xpath: .//word], [[AndroidDriver: chrome on ANDROID (62e88494c1dbcb366d86a4960534f35b)] -> xpath: .//word], [[AndroidDriver: chrome on ANDROID (62e88494c1dbcb366d86a4960534f35b)] -> xpath: .//word], [[AndroidDriver: chrome on ANDROID (62e88494c1dbcb366d86a4960534f35b)] -> xpath: .//word], [[AndroidDriver: chrome on ANDROID (62e88494c1dbcb366d86a4960534f35b)] -> xpath: .//word], [[AndroidDriver: chrome on ANDROID (62e88494c1dbcb366d86a4960534f35b)] -> xpath: .//word], [[AndroidDriver: chrome on ANDROID (62e88494c1dbcb366d86a4960534f35b)] -> xpath: .//word], [[AndroidDriver: chrome on ANDROID (62e88494c1dbcb366d86a4960534f35b)] -> xpath: .//word], [[AndroidDriver: chrome on ANDROID (62e88494c1dbcb366d86a4960534f35b)] -> xpath: .//word], [[AndroidDriver: chrome on ANDROID (62e88494c1dbcb366d86a4960534f35b)] -> xpath: .//word], [[AndroidDriver: chrome on ANDROID (62e88494c1dbcb366d86a4960534f35b)] -> xpath: .//word], [[AndroidDriver: chrome on ANDROID (62e88494c1dbcb366d86a4960534f35b)] -> xpath: .//word], [[AndroidDriver: chrome on ANDROID (62e88494c1dbcb366d86a4960534f35b)] -> xpath: .//word], [[AndroidDriver: chrome on ANDROID (62e88494c1dbcb366d86a4960534f35b)] -> xpath: .//word], [[AndroidDriver: chrome on ANDROID (62e88494c1dbcb366d86a4960534f35b)] -> xpath: .//word], [[AndroidDriver: chrome on ANDROID (62e88494c1dbcb366d86a4960534f35b)] -> xpath: .//word], [[AndroidDriver: chrome on ANDROID (62e88494c1dbcb366d86a4960534f35b)] -> xpath: .//word], [[AndroidDriver: chrome on ANDROID (62e88494c1dbcb366d86a4960534f35b)] -> xpath: .//word], [[AndroidDriver: chrome on ANDROID (62e88494c1dbcb366d86a4960534f35b)] -> xpath: .//word], [[AndroidDriver: chrome on ANDROID (62e88494c1dbcb366d86a4960534f35b)] -> xpath: .//word], [[AndroidDriver: chrome on ANDROID (62e88494c1dbcb366d86a4960534f35b)] -> xpath: .//word], [[AndroidDriver: chrome on ANDROID (62e88494c1dbcb366d86a4960534f35b)] -> xpath: .//word], [[AndroidDriver: chrome on ANDROID (62e88494c1dbcb366d86a4960534f35b)] -> xpath: .//word], [[AndroidDriver: chrome on ANDROID (62e88494c1dbcb366d86a4960534f35b)] -> xpath: .//word], [[AndroidDriver: chrome on ANDROID (62e88494c1dbcb366d86a4960534f35b)] -> xpath: .//word], [[AndroidDriver: chrome on ANDROID (62e88494c1dbcb366d86a4960534f35b)] -> xpath: .//word], [[AndroidDriver: chrome on ANDROID (62e88494c1dbcb366d86a4960534f35b)] -> xpath: .//word], [[AndroidDriver: chrome on ANDROID (62e88494c1dbcb366d86a4960534f35b)] -> xpath: .//word], [[AndroidDriver: chrome on ANDROID (62e88494c1dbcb366d86a4960534f35b)] -> xpath: .//word], [[AndroidDriver: chrome on ANDROID (62e88494c1dbcb366d86a4960534f35b)] -> xpath: .//word], [[AndroidDriver: chrome on ANDROID (62e88494c1dbcb366d86a4960534f35b)] -> xpath: .//word], [[AndroidDriver: chrome on ANDROID (62e88494c1dbcb366d86a4960534f35b)] -> xpath: .//word], [[AndroidDriver: chrome on ANDROID (62e88494c1dbcb366d86a4960534f35b)] -> xpath: .//word], [[AndroidDriver: chrome on ANDROID (62e88494c1dbcb366d86a4960534f35b)] -> xpath: .//word], [[AndroidDriver: chrome on ANDROID (62e88494c1dbcb366d86a4960534f35b)] -> xpath: .//word], [[AndroidDriver: chrome on ANDROID (62e88494c1dbcb366d86a4960534f35b)] -> xpath: .//word], [[AndroidDriver: chrome on ANDROID (62e88494c1dbcb366d86a4960534f35b)] -> xpath: .//word], [[AndroidDriver: chrome on ANDROID (62e88494c1dbcb366d86a4960534f35b)] -> xpath: .//word], [[AndroidDriver: chrome on ANDROID (62e88494c1dbcb366d86a4960534f35b)] -> xpath: .//word], [[AndroidDriver: chrome on ANDROID (62e88494c1dbcb366d86a4960534f35b)] -> xpath: .//word], [[AndroidDriver: chrome on ANDROID (62e88494c1dbcb366d86a4960534f35b)] -> xpath: .//word], [[AndroidDriver: chrome on ANDROID (62e88494c1dbcb366d86a4960534f35b)] -> xpath: .//word], [[AndroidDriver: chrome on ANDROID (62e88494c1dbcb366d86a4960534f35b)] -> xpath: .//word], [[AndroidDriver: chrome on ANDROID (62e88494c1dbcb366d86a4960534f35b)] -> xpath: .//word], [[AndroidDriver: chrome on ANDROID (62e88494c1dbcb366d86a4960534f35b)] -> xpath: .//word], [[AndroidDriver: chrome on ANDROID (62e88494c1dbcb366d86a4960534f35b)] -> xpath: .//word], [[AndroidDriver: chrome on ANDROID (62e88494c1dbcb366d86a4960534f35b)] -> xpath: .//word], [[AndroidDriver: chrome on ANDROID (62e88494c1dbcb366d86a4960534f35b)] -> xpath: .//word], [[AndroidDriver: chrome on ANDROID (62e88494c1dbcb366d86a4960534f35b)] -> xpath: .//word], [[AndroidDriver: chrome on ANDROID (62e88494c1dbcb366d86a4960534f35b)] -> xpath: .//word], [[AndroidDriver: chrome on ANDROID (62e88494c1dbcb366d86a4960534f35b)] -> xpath: .//word], [[AndroidDriver: chrome on ANDROID (62e88494c1dbcb366d86a4960534f35b)] -> xpath: .//word], [[AndroidDriver: chrome on ANDROID (62e88494c1dbcb366d86a4960534f35b)] -> xpath: .//word], [[AndroidDriver: chrome on ANDROID (62e88494c1dbcb366d86a4960534f35b)] -> xpath: .//word], [[AndroidDriver: chrome on ANDROID (62e88494c1dbcb366d86a4960534f35b)] -> xpath: .//word], [[AndroidDriver: chrome on ANDROID (62e88494c1dbcb366d86a4960534f35b)] -> xpath: .//word], [[AndroidDriver: chrome on ANDROID (62e88494c1dbcb366d86a4960534f35b)] -> xpath: .//word], [[AndroidDriver: chrome on ANDROID (62e88494c1dbcb366d86a4960534f35b)] -> xpath: .//word], [[AndroidDriver: chrome on ANDROID (62e88494c1dbcb366d86a4960534f35b)] -> xpath: .//word], [[AndroidDriver: chrome on ANDROID (62e88494c1dbcb366d86a4960534f35b)] -> xpath: .//word], [[AndroidDriver: chrome on ANDROID (62e88494c1dbcb366d86a4960534f35b)] -> xpath: .//word], [[AndroidDriver: chrome on ANDROID (62e88494c1dbcb366d86a4960534f35b)] -> xpath: .//word], [[AndroidDriver: chrome on ANDROID (62e88494c1dbcb366d86a4960534f35b)] -> xpath: .//word], [[AndroidDriver: chrome on ANDROID (62e88494c1dbcb366d86a4960534f35b)] -> xpath: .//word], [[AndroidDriver: chrome on ANDROID (62e88494c1dbcb366d86a4960534f35b)] -> xpath: .//word], [[AndroidDriver: chrome on ANDROID (62e88494c1dbcb366d86a4960534f35b)] -> xpath: .//word], [[AndroidDriver: chrome on ANDROID (62e88494c1dbcb366d86a4960534f35b)] -> xpath: .//word], [[AndroidDriver: chrome on ANDROID (62e88494c1dbcb366d86a4960534f35b)] -> xpath: .//word], [[AndroidDriver: chrome on ANDROID (62e88494c1dbcb366d86a4960534f35b)] -> xpath: .//word], [[AndroidDriver: chrome on ANDROID (62e88494c1dbcb366d86a4960534f35b)] -> xpath: .//word], [[AndroidDriver: chrome on ANDROID (62e88494c1dbcb366d86a4960534f35b)] -> xpath: .//word], [[AndroidDriver: chrome on ANDROID (62e88494c1dbcb366d86a4960534f35b)] -> xpath: .//word], [[AndroidDriver: chrome on ANDROID (62e88494c1dbcb366d86a4960534f35b)] -> xpath: .//word], [[AndroidDriver: chrome on ANDROID (62e88494c1dbcb366d86a4960534f35b)] -> xpath: .//word], [[AndroidDriver: chrome on ANDROID (62e88494c1dbcb366d86a4960534f35b)] -> xpath: .//word], [[AndroidDriver: chrome on ANDROID (62e88494c1dbcb366d86a4960534f35b)] -> xpath: .//word], [[AndroidDriver: chrome on ANDROID (62e88494c1dbcb366d86a4960534f35b)] -> xpath: .//word], [[AndroidDriver: chrome on ANDROID (62e88494c1dbcb366d86a4960534f35b)] -> xpath: .//word], [[AndroidDriver: chrome on ANDROID (62e88494c1dbcb366d86a4960534f35b)] -> xpath: .//word], [[AndroidDriver: chrome on ANDROID (62e88494c1dbcb366d86a4960534f35b)] -> xpath: .//word], [[AndroidDriver: chrome on ANDROID (62e88494c1dbcb366d86a4960534f35b)] -> xpath: .//word], [[AndroidDriver: chrome on ANDROID (62e88494c1dbcb366d86a4960534f35b)] -> xpath: .//word], [[AndroidDriver: chrome on ANDROID (62e88494c1dbcb366d86a4960534f35b)] -> xpath: .//word], [[AndroidDriver: chrome on ANDROID (62e88494c1dbcb366d86a4960534f35b)] -> xpath: .//word], [[AndroidDriver: chrome on ANDROID (62e88494c1dbcb366d86a4960534f35b)] -> xpath: .//word], [[AndroidDriver: chrome on ANDROID (62e88494c1dbcb366d86a4960534f35b)] -> xpath: .//word], [[AndroidDriver: chrome on ANDROID (62e88494c1dbcb366d86a4960534f35b)] -> xpath: .//word], [[AndroidDriver: chrome on ANDROID (62e88494c1dbcb366d86a4960534f35b)] -> xpath: .//word], [[AndroidDriver: chrome on ANDROID (62e88494c1dbcb366d86a4960534f35b)] -> xpath: .//word], [[AndroidDriver: chrome on ANDROID (62e88494c1dbcb366d86a4960534f35b)] -> xpath: .//word], [[AndroidDriver: chrome on ANDROID (62e88494c1dbcb366d86a4960534f35b)] -> xpath: .//word], [[AndroidDriver: chrome on ANDROID (62e88494c1dbcb366d86a4960534f35b)] -> xpath: .//word], [[AndroidDriver: chrome on ANDROID (62e88494c1dbcb366d86a4960534f35b)] -> xpath: .//word], [[AndroidDriver: chrome on ANDROID (62e88494c1dbcb366d86a4960534f35b)] -> xpath: .//word], [[AndroidDriver: chrome on ANDROID (62e88494c1dbcb366d86a4960534f35b)] -> xpath: .//word], [[AndroidDriver: chrome on ANDROID (62e88494c1dbcb366d86a4960534f35b)] -> xpath: .//word], [[AndroidDriver: chrome on ANDROID (62e88494c1dbcb366d86a4960534f35b)] -> xpath: .//word], [[AndroidDriver: chrome on ANDROID (62e88494c1dbcb366d86a4960534f35b)] -> xpath: .//word], [[AndroidDriver: chrome on ANDROID (62e88494c1dbcb366d86a4960534f35b)] -> xpath: .//word], [[AndroidDriver: chrome on ANDROID (62e88494c1dbcb366d86a4960534f35b)] -> xpath: .//word], [[AndroidDriver: chrome on ANDROID (62e88494c1dbcb366d86a4960534f35b)] -> xpath: .//word], [[AndroidDriver: chrome on ANDROID (62e88494c1dbcb366d86a4960534f35b)] -> xpath: .//word], [[AndroidDriver: chrome on ANDROID (62e88494c1dbcb366d86a4960534f35b)] -> xpath: .//word], [[AndroidDriver: chrome on ANDROID (62e88494c1dbcb366d86a4960534f35b)] -> xpath: .//word], [[AndroidDriver: chrome on ANDROID (62e88494c1dbcb366d86a4960534f35b)] -> xpath: .//word], [[AndroidDriver: chrome on ANDROID (62e88494c1dbcb366d86a4960534f35b)] -> xpath: .//word], [[AndroidDriver: chrome on ANDROID (62e88494c1dbcb366d86a4960534f35b)] -> xpath: .//word], [[AndroidDriver: chrome on ANDROID (62e88494c1dbcb366d86a4960534f35b)] -> xpath: .//word], [[AndroidDriver: chrome on ANDROID (62e88494c1dbcb366d86a4960534f35b)] -> xpath: .//word], [[AndroidDriver: chrome on ANDROID (62e88494c1dbcb366d86a4960534f35b)] -> xpath: .//word], [[AndroidDriver: chrome on ANDROID (62e88494c1dbcb366d86a4960534f35b)] -> xpath: .//word], [[AndroidDriver: chrome on ANDROID (62e88494c1dbcb366d86a4960534f35b)] -> xpath: .//word], [[AndroidDriver: chrome on ANDROID (62e88494c1dbcb366d86a4960534f35b)] -> xpath: .//word], [[AndroidDriver: chrome on ANDROID (62e88494c1dbcb366d86a4960534f35b)] -> xpath: .//word], [[AndroidDriver: chrome on ANDROID (62e88494c1dbcb366d86a4960534f35b)] -> xpath: .//word], [[AndroidDriver: chrome on ANDROID (62e88494c1dbcb366d86a4960534f35b)] -> xpath: .//word], [[AndroidDriver: chrome on ANDROID (62e88494c1dbcb366d86a4960534f35b)] -> xpath: .//word], [[AndroidDriver: chrome on ANDROID (62e88494c1dbcb366d86a4960534f35b)] -> xpath: .//word], [[AndroidDriver: chrome on ANDROID (62e88494c1dbcb366d86a4960534f35b)] -> xpath: .//word], [[AndroidDriver: chrome on ANDROID (62e88494c1dbcb366d86a4960534f35b)] -> xpath: .//word], [[AndroidDriver: chrome on ANDROID (62e88494c1dbcb366d86a4960534f35b)] -> xpath: .//word], [[AndroidDriver: chrome on ANDROID (62e88494c1dbcb366d86a4960534f35b)] -> xpath: .//word], [[AndroidDriver: chrome on ANDROID (62e88494c1dbcb366d86a4960534f35b)] -> xpath: .//word], [[AndroidDriver: chrome on ANDROID (62e88494c1dbcb366d86a4960534f35b)] -> xpath: .//word], [[AndroidDriver: chrome on ANDROID (62e88494c1dbcb366d86a4960534f35b)] -> xpath: .//word], [[AndroidDriver: chrome on ANDROID (62e88494c1dbcb366d86a4960534f35b)] -> xpath: .//word], [[AndroidDriver: chrome on ANDROID (62e88494c1dbcb366d86a4960534f35b)] -> xpath: .//word], [[AndroidDriver: chrome on ANDROID (62e88494c1dbcb366d86a4960534f35b)] -> xpath: .//word], [[AndroidDriver: chrome on ANDROID (62e88494c1dbcb366d86a4960534f35b)] -> xpath: .//word], [[AndroidDriver: chrome on ANDROID (62e88494c1dbcb366d86a4960534f35b)] -> xpath: .//word], [[AndroidDriver: chrome on ANDROID (62e88494c1dbcb366d86a4960534f35b)] -> xpath: .//word], [[AndroidDriver: chrome on ANDROID (62e88494c1dbcb366d86a4960534f35b)] -> xpath: .//word], [[AndroidDriver: chrome on ANDROID (62e88494c1dbcb366d86a4960534f35b)] -> xpath: .//word], [[AndroidDriver: chrome on ANDROID (62e88494c1dbcb366d86a4960534f35b)] -> xpath: .//word], [[AndroidDriver: chrome on ANDROID (62e88494c1dbcb366d86a4960534f35b)] -> xpath: .//word], [[AndroidDriver: chrome on ANDROID (62e88494c1dbcb366d86a4960534f35b)] -> xpath: .//word], [[AndroidDriver: chrome on ANDROID (62e88494c1dbcb366d86a4960534f35b)] -> xpath: .//word], [[AndroidDriver: chrome on ANDROID (62e88494c1dbcb366d86a4960534f35b)] -> xpath: .//word], [[AndroidDriver: chrome on ANDROID (62e88494c1dbcb366d86a4960534f35b)] -> xpath: .//word], [[AndroidDriver: chrome on ANDROID (62e88494c1dbcb366d86a4960534f35b)] -> xpath: .//word], [[AndroidDriver: chrome on ANDROID (62e88494c1dbcb366d86a4960534f35b)] -> xpath: .//word], [[AndroidDriver: chrome on ANDROID (62e88494c1dbcb366d86a4960534f35b)] -> xpath: .//word], [[AndroidDriver: chrome on ANDROID (62e88494c1dbcb366d86a4960534f35b)] -> xpath: .//word], [[AndroidDriver: chrome on ANDROID (62e88494c1dbcb366d86a4960534f35b)] -> xpath: .//word], [[AndroidDriver: chrome on ANDROID (62e88494c1dbcb366d86a4960534f35b)] -> xpath: .//word], [[AndroidDriver: chrome on ANDROID (62e88494c1dbcb366d86a4960534f35b)] -> xpath: .//word], [[AndroidDriver: chrome on ANDROID (62e88494c1dbcb366d86a4960534f35b)] -> xpath: .//word], [[AndroidDriver: chrome on ANDROID (62e88494c1dbcb366d86a4960534f35b)] -> xpath: .//word], [[AndroidDriver: chrome on ANDROID (62e88494c1dbcb366d86a4960534f35b)] -> xpath: .//word], [[AndroidDriver: chrome on ANDROID (62e88494c1dbcb366d86a4960534f35b)] -> xpath: .//word], [[AndroidDriver: chrome on ANDROID (62e88494c1dbcb366d86a4960534f35b)] -> xpath: .//word], [[AndroidDriver: chrome on ANDROID (62e88494c1dbcb366d86a4960534f35b)] -> xpath: .//word], [[AndroidDriver: chrome on ANDROID (62e88494c1dbcb366d86a4960534f35b)] -> xpath: .//word], [[AndroidDriver: chrome on ANDROID (62e88494c1dbcb366d86a4960534f35b)] -> xpath: .//word], [[AndroidDriver: chrome on ANDROID (62e88494c1dbcb366d86a4960534f35b)] -> xpath: .//word], [[AndroidDriver: chrome on ANDROID (62e88494c1dbcb366d86a4960534f35b)] -> xpath: .//word], [[AndroidDriver: chrome on ANDROID (62e88494c1dbcb366d86a4960534f35b)] -> xpath: .//word], [[AndroidDriver: chrome on ANDROID (62e88494c1dbcb366d86a4960534f35b)] -> xpath: .//word], [[AndroidDriver: chrome on ANDROID (62e88494c1dbcb366d86a4960534f35b)] -> xpath: .//word], [[AndroidDriver: chrome on ANDROID (62e88494c1dbcb366d86a4960534f35b)] -> xpath: .//word], [[AndroidDriver: chrome on ANDROID (62e88494c1dbcb366d86a4960534f35b)] -> xpath: .//word], [[AndroidDriver: chrome on ANDROID (62e88494c1dbcb366d86a4960534f35b)] -> xpath: .//word], [[AndroidDriver: chrome on ANDROID (62e88494c1dbcb366d86a4960534f35b)] -> xpath: .//word], [[AndroidDriver: chrome on ANDROID (62e88494c1dbcb366d86a4960534f35b)] -> xpath: .//word], [[AndroidDriver: chrome on ANDROID (62e88494c1dbcb366d86a4960534f35b)] -> xpath: .//word], [[AndroidDriver: chrome on ANDROID (62e88494c1dbcb366d86a4960534f35b)] -> xpath: .//word], [[AndroidDriver: chrome on ANDROID (62e88494c1dbcb366d86a4960534f35b)] -> xpath: .//word], [[AndroidDriver: chrome on ANDROID (62e88494c1dbcb366d86a4960534f35b)] -> xpath: .//word], [[AndroidDriver: chrome on ANDROID (62e88494c1dbcb366d86a4960534f35b)] -> xpath: .//word], [[AndroidDriver: chrome on ANDROID (62e88494c1dbcb366d86a4960534f35b)] -> xpath: .//word], [[AndroidDriver: chrome on ANDROID (62e88494c1dbcb366d86a4960534f35b)] -> xpath: .//word], [[AndroidDriver: chrome on ANDROID (62e88494c1dbcb366d86a4960534f35b)] -> xpath: .//word], [[AndroidDriver: chrome on ANDROID (62e88494c1dbcb366d86a4960534f35b)] -> xpath: .//word], [[AndroidDriver: chrome on ANDROID (62e88494c1dbcb366d86a4960534f35b)] -> xpath: .//word], [[AndroidDriver: chrome on ANDROID (62e88494c1dbcb366d86a4960534f35b)] -> xpath: .//word], [[AndroidDriver: chrome on ANDROID (62e88494c1dbcb366d86a4960534f35b)] -> xpath: .//word], [[AndroidDriver: chrome on ANDROID (62e88494c1dbcb366d86a4960534f35b)] -> xpath: .//word], [[AndroidDriver: chrome on ANDROID (62e88494c1dbcb366d86a4960534f35b)] -> xpath: .//word], [[AndroidDriver: chrome on ANDROID (62e88494c1dbcb366d86a4960534f35b)] -> xpath: .//word], [[AndroidDriver: chrome on ANDROID (62e88494c1dbcb366d86a4960534f35b)] -> xpath: .//word], [[AndroidDriver: chrome on ANDROID (62e88494c1dbcb366d86a4960534f35b)] -> xpath: .//word], [[AndroidDriver: chrome on ANDROID (62e88494c1dbcb366d86a4960534f35b)] -> xpath: .//word], [[AndroidDriver: chrome on ANDROID (62e88494c1dbcb366d86a4960534f35b)] -> xpath: .//word], [[AndroidDriver: chrome on ANDROID (62e88494c1dbcb366d86a4960534f35b)] -> xpath: .//word], [[AndroidDriver: chrome on ANDROID (62e88494c1dbcb366d86a4960534f35b)] -> xpath: .//word], [[AndroidDriver: chrome on ANDROID (62e88494c1dbcb366d86a4960534f35b)] -> xpath: .//word], [[AndroidDriver: chrome on ANDROID (62e88494c1dbcb366d86a4960534f35b)] -> xpath: .//word], [[AndroidDriver: chrome on ANDROID (62e88494c1dbcb366d86a4960534f35b)] -> xpath: .//word], [[AndroidDriver: chrome on ANDROID (62e88494c1dbcb366d86a4960534f35b)] -> xpath: .//word], [[AndroidDriver: chrome on ANDROID (62e88494c1dbcb366d86a4960534f35b)] -> xpath: .//word], [[AndroidDriver: chrome on ANDROID (62e88494c1dbcb366d86a4960534f35b)] -> xpath: .//word], [[AndroidDriver: chrome on ANDROID (62e88494c1dbcb366d86a4960534f35b)] -> xpath: .//word], [[AndroidDriver: chrome on ANDROID (62e88494c1dbcb366d86a4960534f35b)] -> xpath: .//word], [[AndroidDriver: chrome on ANDROID (62e88494c1dbcb366d86a4960534f35b)] -> xpath: .//word], [[AndroidDriver: chrome on ANDROID (62e88494c1dbcb366d86a4960534f35b)] -> xpath: .//word], [[AndroidDriver: chrome on ANDROID (62e88494c1dbcb366d86a4960534f35b)] -> xpath: .//word], [[AndroidDriver: chrome on ANDROID (62e88494c1dbcb366d86a4960534f35b)] -> xpath: .//word], [[AndroidDriver: chrome on ANDROID (62e88494c1dbcb366d86a4960534f35b)] -> xpath: .//word], [[AndroidDriver: chrome on ANDROID (62e88494c1dbcb366d86a4960534f35b)] -> xpath: .//word], [[AndroidDriver: chrome on ANDROID (62e88494c1dbcb366d86a4960534f35b)] -> xpath: .//word], [[AndroidDriver: chrome on ANDROID (62e88494c1dbcb366d86a4960534f35b)] -> xpath: .//word], [[AndroidDriver: chrome on ANDROID (62e88494c1dbcb366d86a4960534f35b)] -> xpath: .//word], [[AndroidDriver: chrome on ANDROID (62e88494c1dbcb366d86a4960534f35b)] -> xpath: .//word], [[AndroidDriver: chrome on ANDROID (62e88494c1dbcb366d86a4960534f35b)] -> xpath: .//word], [[AndroidDriver: chrome on ANDROID (62e88494c1dbcb366d86a4960534f35b)] -> xpath: .//word], [[AndroidDriver: chrome on ANDROID (62e88494c1dbcb366d86a4960534f35b)] -> xpath: .//word], [[AndroidDriver: chrome on ANDROID (62e88494c1dbcb366d86a4960534f35b)] -> xpath: .//word], [[AndroidDriver: chrome on ANDROID (62e88494c1dbcb366d86a4960534f35b)] -> xpath: .//word], [[AndroidDriver: chrome on ANDROID (62e88494c1dbcb366d86a4960534f35b)] -> xpath: .//word], [[AndroidDriver: chrome on ANDROID (62e88494c1dbcb366d86a4960534f35b)] -> xpath: .//word], [[AndroidDriver: chrome on ANDROID (62e88494c1dbcb366d86a4960534f35b)] -> xpath: .//word], [[AndroidDriver: chrome on ANDROID (62e88494c1dbcb366d86a4960534f35b)] -> xpath: .//word], [[AndroidDriver: chrome on ANDROID (62e88494c1dbcb366d86a4960534f35b)] -> xpath: .//word], [[AndroidDriver: chrome on ANDROID (62e88494c1dbcb366d86a4960534f35b)] -> xpath: .//word], [[AndroidDriver: chrome on ANDROID (62e88494c1dbcb366d86a4960534f35b)] -> xpath: .//word], [[AndroidDriver: chrome on ANDROID (62e88494c1dbcb366d86a4960534f35b)] -> xpath: .//word], [[AndroidDriver: chrome on ANDROID (62e88494c1dbcb366d86a4960534f35b)] -> xpath: .//word], [[AndroidDriver: chrome on ANDROID (62e88494c1dbcb366d86a4960534f35b)] -> xpath: .//word], [[AndroidDriver: chrome on ANDROID (62e88494c1dbcb366d86a4960534f35b)] -> xpath: .//word], [[AndroidDriver: chrome on ANDROID (62e88494c1dbcb366d86a4960534f35b)] -> xpath: .//word], [[AndroidDriver: chrome on ANDROID (62e88494c1dbcb366d86a4960534f35b)] -> xpath: .//word], [[AndroidDriver: chrome on ANDROID (62e88494c1dbcb366d86a4960534f35b)] -> xpath: .//word], [[AndroidDriver: chrome on ANDROID (62e88494c1dbcb366d86a4960534f35b)] -> xpath: .//word], [[AndroidDriver: chrome on ANDROID (62e88494c1dbcb366d86a4960534f35b)] -> xpath: .//word], [[AndroidDriver: chrome on ANDROID (62e88494c1dbcb366d86a4960534f35b)] -> xpath: .//word], [[AndroidDriver: chrome on ANDROID (62e88494c1dbcb366d86a4960534f35b)] -> xpath: .//word], [[AndroidDriver: chrome on ANDROID (62e88494c1dbcb366d86a4960534f35b)] -> xpath: .//word], [[AndroidDriver: chrome on ANDROID (62e88494c1dbcb366d86a4960534f35b)] -> xpath: .//word], [[AndroidDriver: chrome on ANDROID (62e88494c1dbcb366d86a4960534f35b)] -> xpath: .//word], [[AndroidDriver: chrome on ANDROID (62e88494c1dbcb366d86a4960534f35b)] -> xpath: .//word], [[AndroidDriver: chrome on ANDROID (62e88494c1dbcb366d86a4960534f35b)] -> xpath: .//word], [[AndroidDriver: chrome on ANDROID (62e88494c1dbcb366d86a4960534f35b)] -> xpath: .//word], [[AndroidDriver: chrome on ANDROID (62e88494c1dbcb366d86a4960534f35b)] -> xpath: .//word], [[AndroidDriver: chrome on ANDROID (62e88494c1dbcb366d86a4960534f35b)] -> xpath: .//word], [[AndroidDriver: chrome on ANDROID (62e88494c1dbcb366d86a4960534f35b)] -> xpath: .//word], [[AndroidDriver: chrome on ANDROID (62e88494c1dbcb366d86a4960534f35b)] -> xpath: .//word], [[AndroidDriver: chrome on ANDROID (62e88494c1dbcb366d86a4960534f35b)] -> xpath: .//word], [[AndroidDriver: chrome on ANDROID (62e88494c1dbcb366d86a4960534f35b)] -> xpath: .//word], [[AndroidDriver: chrome on ANDROID (62e88494c1dbcb366d86a4960534f35b)] -> xpath: .//word], [[AndroidDriver: chrome on ANDROID (62e88494c1dbcb366d86a4960534f35b)] -> xpath: .//word], [[AndroidDriver: chrome on ANDROID (62e88494c1dbcb366d86a4960534f35b)] -> xpath: .//word], [[AndroidDriver: chrome on ANDROID (62e88494c1dbcb366d86a4960534f35b)] -> xpath: .//word], [[AndroidDriver: chrome on ANDROID (62e88494c1dbcb366d86a4960534f35b)] -> xpath: .//word], [[AndroidDriver: chrome on ANDROID (62e88494c1dbcb366d86a4960534f35b)] -> xpath: .//word], [[AndroidDriver: chrome on ANDROID (62e88494c1dbcb366d86a4960534f35b)] -> xpath: .//word], [[AndroidDriver: chrome on ANDROID (62e88494c1dbcb366d86a4960534f35b)] -> xpath: .//word], [[AndroidDriver: chrome on ANDROID (62e88494c1dbcb366d86a4960534f35b)] -> xpath: .//word], [[AndroidDriver: chrome on ANDROID (62e88494c1dbcb366d86a4960534f35b)] -> xpath: .//word], [[AndroidDriver: chrome on ANDROID (62e88494c1dbcb366d86a4960534f35b)] -> xpath: .//word], [[AndroidDriver: chrome on ANDROID (62e88494c1dbcb366d86a4960534f35b)] -> xpath: .//word], [[AndroidDriver: chrome on ANDROID (62e88494c1dbcb366d86a4960534f35b)] -> xpath: .//word], [[AndroidDriver: chrome on ANDROID (62e88494c1dbcb366d86a4960534f35b)] -> xpath: .//word], [[AndroidDriver: chrome on ANDROID (62e88494c1dbcb366d86a4960534f35b)] -> xpath: .//word], [[AndroidDriver: chrome on ANDROID (62e88494c1dbcb366d86a4960534f35b)] -> xpath: .//word], [[AndroidDriver: chrome on ANDROID (62e88494c1dbcb366d86a4960534f35b)] -> xpath: .//word], [[AndroidDriver: chrome on ANDROID (62e88494c1dbcb366d86a4960534f35b)] -> xpath: .//word], [[AndroidDriver: chrome on ANDROID (62e88494c1dbcb366d86a4960534f35b)] -> xpath: .//word], [[AndroidDriver: chrome on ANDROID (62e88494c1dbcb366d86a4960534f35b)] -> xpath: .//word], [[AndroidDriver: chrome on ANDROID (62e88494c1dbcb366d86a4960534f35b)] -> xpath: .//word], [[AndroidDriver: chrome on ANDROID (62e88494c1dbcb366d86a4960534f35b)] -> xpath: .//word], [[AndroidDriver: chrome on ANDROID (62e88494c1dbcb366d86a4960534f35b)] -> xpath: .//word], [[AndroidDriver: chrome on ANDROID (62e88494c1dbcb366d86a4960534f35b)] -> xpath: .//word], [[AndroidDriver: chrome on ANDROID (62e88494c1dbcb366d86a4960534f35b)] -> xpath: .//word], [[AndroidDriver: chrome on ANDROID (62e88494c1dbcb366d86a4960534f35b)] -> xpath: .//word], [[AndroidDriver: chrome on ANDROID (62e88494c1dbcb366d86a4960534f35b)] -> xpath: .//word], [[AndroidDriver: chrome on ANDROID (62e88494c1dbcb366d86a4960534f35b)] -> xpath: .//word], [[AndroidDriver: chrome on ANDROID (62e88494c1dbcb366d86a4960534f35b)] -> xpath: .//word], [[AndroidDriver: chrome on ANDROID (62e88494c1dbcb366d86a4960534f35b)] -> xpath: .//word], [[AndroidDriver: chrome on ANDROID (62e88494c1dbcb366d86a4960534f35b)] -> xpath: .//word], [[AndroidDriver: chrome on ANDROID (62e88494c1dbcb366d86a4960534f35b)] -> xpath: .//word], [[AndroidDriver: chrome on ANDROID (62e88494c1dbcb366d86a4960534f35b)] -> xpath: .//word], [[AndroidDriver: chrome on ANDROID (62e88494c1dbcb366d86a4960534f35b)] -> xpath: .//word], [[AndroidDriver: chrome on ANDROID (62e88494c1dbcb366d86a4960534f35b)] -> xpath: .//word], [[AndroidDriver: chrome on ANDROID (62e88494c1dbcb366d86a4960534f35b)] -> xpath: .//word], [[AndroidDriver: chrome on ANDROID (62e88494c1dbcb366d86a4960534f35b)] -> xpath: .//word], [[AndroidDriver: chrome on ANDROID (62e88494c1dbcb366d86a4960534f35b)] -> xpath: .//word], [[AndroidDriver: chrome on ANDROID (62e88494c1dbcb366d86a4960534f35b)] -> xpath: .//word], [[AndroidDriver: chrome on ANDROID (62e88494c1dbcb366d86a4960534f35b)] -> xpath: .//word], [[AndroidDriver: chrome on ANDROID (62e88494c1dbcb366d86a4960534f35b)] -> xpath: .//word], [[AndroidDriver: chrome on ANDROID (62e88494c1dbcb366d86a4960534f35b)] -> xpath: .//word], [[AndroidDriver: chrome on ANDROID (62e88494c1dbcb366d86a4960534f35b)] -> xpath: .//word], [[AndroidDriver: chrome on ANDROID (62e88494c1dbcb366d86a4960534f35b)] -> xpath: .//word], [[AndroidDriver: chrome on ANDROID (62e88494c1dbcb366d86a4960534f35b)] -> xpath: .//word], [[AndroidDriver: chrome on ANDROID (62e88494c1dbcb366d86a4960534f35b)] -> xpath: .//word], [[AndroidDriver: chrome on ANDROID (62e88494c1dbcb366d86a4960534f35b)] -> xpath: .//word], [[AndroidDriver: chrome on ANDROID (62e88494c1dbcb366d86a4960534f35b)] -> xpath: .//word], [[AndroidDriver: chrome on ANDROID (62e88494c1dbcb366d86a4960534f35b)] -> xpath: .//word], [[AndroidDriver: chrome on ANDROID (62e88494c1dbcb366d86a4960534f35b)] -> xpath: .//word], [[AndroidDriver: chrome on ANDROID (62e88494c1dbcb366d86a4960534f35b)] -> xpath: .//word], [[AndroidDriver: chrome on ANDROID (62e88494c1dbcb366d86a4960534f35b)] -> xpath: .//word], [[AndroidDriver: chrome on ANDROID (62e88494c1dbcb366d86a4960534f35b)] -> xpath: .//word], [[AndroidDriver: chrome on ANDROID (62e88494c1dbcb366d86a4960534f35b)] -> xpath: .//word], [[AndroidDriver: chrome on ANDROID (62e88494c1dbcb366d86a4960534f35b)] -> xpath: .//word], [[AndroidDriver: chrome on ANDROID (62e88494c1dbcb366d86a4960534f35b)] -> xpath: .//word], [[AndroidDriver: chrome on ANDROID (62e88494c1dbcb366d86a4960534f35b)] -> xpath: .//word], [[AndroidDriver: chrome on ANDROID (62e88494c1dbcb366d86a4960534f35b)] -> xpath: .//word], [[AndroidDriver: chrome on ANDROID (62e88494c1dbcb366d86a4960534f35b)] -> xpath: .//word], [[AndroidDriver: chrome on ANDROID (62e88494c1dbcb366d86a4960534f35b)] -> xpath: .//word], [[AndroidDriver: chrome on ANDROID (62e88494c1dbcb366d86a4960534f35b)] -> xpath: .//word]]
Build info: version: '2.52.0', revision: '4c2593cfc3689a7fcd7be52549167e5ccc93ad28', time: '2016-02-11 11:22:43'
System info: host: 'DLLA1462', ip: '10.0.13.14', os.name: 'Windows 8.1', os.arch: 'amd64', os.version: '6.3', java.version: '1.8.0_73'
Driver info: io.appium.java_client.android.AndroidDriver
Capabilities [{applicationCacheEnabled=false, rotatable=false, mobileEmulationEnabled=false, chrome={}, takesHeapSnapshot=true, databaseEnabled=false, handlesAlerts=true, hasTouchScreen=true, version=51.0.2704.81, platform=ANDROID, browserConnectionEnabled=false, nativeEvents=true, acceptSslCerts=true, locationContextEnabled=true, webStorageEnabled=true, browserName=chrome, takesScreenshot=true, javascriptEnabled=true, cssSelectorsEnabled=true}]
Session ID: 62e88494c1dbcb366d86a4960534f35b
	at org.openqa.selenium.support.ui.WebDriverWait.timeoutException(WebDriverWait.java:80)
	at org.openqa.selenium.support.ui.FluentWait.until(FluentWait.java:261)
	at com.qait.hbp.automation.utils.SeleniumWait.waitForElementsToBeVisible(SeleniumWait.java:77)
	at com.qait.hbp.automation.getpageobjects.GetPage.elements(GetPage.java:507)
	at com.qait.hbp.automation.getpageobjects.GetPage.elements(GetPage.java:519)
	at com.qait.hbp.ereader.keywords.AnnotationHighlightActions.verify_Notes_Pane_Opens_On_Clicking_Annotate_Of_highlight(AnnotationHighlightActions.java:1868)
	at com.qait.hbp.ereader.tests.Search_Notes_Test.Test0281_Verify_On_Clicking_highlightedText_In_Content_Notes_Pane_Opens_With_Related_Annotation_Text(Search_Notes_Test.java:325)
	at sun.reflect.NativeMethodAccessorImpl.invoke0(Native Method)
	at sun.reflect.NativeMethodAccessorImpl.invoke(Unknown Source)
	at sun.reflect.DelegatingMethodAccessorImpl.invoke(Unknown Source)
	at java.lang.reflect.Method.invoke(Unknown Source)
=======
  <testcase name="Test0231_Select_Pieces_Of_Text_And_Highlight_Them" time="282.606" classname="com.qait.hbp.ereader.tests.Search_Notes_Test"/>
  <testcase name="Test033_Verify_That_Search_Results_Are_Not_Retained_once_User_Performs_Any_Activity_And_ReVisits_Notes_Pane" time="2.810" classname="com.qait.hbp.ereader.tests.Search_Notes_Test"/>
  <testcase name="Test0221_Click_Back_Button_For_Handheld" time="4.101" classname="com.qait.hbp.ereader.tests.Search_Notes_Test"/>
  <testcase name="Test0121_Verify_User_Is_Able_To_Select_Paragraph" time="168.545" classname="com.qait.hbp.ereader.tests.Search_Notes_Test"/>
  <testcase name="Test024_Verify_Ghost_Text_Appears_In_Notes_Pane" time="3.086" classname="com.qait.hbp.ereader.tests.Search_Notes_Test"/>
  <testcase name="Test00211_Click_Not_Now" time="0.831" classname="com.qait.hbp.ereader.tests.Search_Notes_Test"/>
  <testcase name="Test0011_Verify_User_Is_Able_To_Login_Into_Application" time="14.202" classname="com.qait.hbp.ereader.tests.Search_Notes_Test"/>
  <testcase name="Test0220_Delete_all_Notes_From_eReader" time="6.235" classname="com.qait.hbp.ereader.tests.Search_Notes_Test"/>
  <testcase name="Test016_Verify_Results_Are_Displayed_On_Selecting_Multiple_Color_Filters" time="12.022" classname="com.qait.hbp.ereader.tests.Search_Notes_Test"/>
  <testcase name="Test0280_Verify_User_Is_Able_To_Switch_Off_Annotate_Mode" time="3.023" classname="com.qait.hbp.ereader.tests.Search_Notes_Test"/>
  <testcase name="Test0200_Verify_User_Is_Able_To_Enter_Text_In_Search_Notes_Field" time="5.225" classname="com.qait.hbp.ereader.tests.Search_Notes_Test"/>
  <testcase name="Test004_Verify_On_Clicking_Annotate_Mode_Icon_Annotate_Mode_Is_Active" time="2.254" classname="com.qait.hbp.ereader.tests.Search_Notes_Test"/>
  <testcase name="Test008_Verify_User_Is_Able_To_Highlight_Paragraph" time="1.634" classname="com.qait.hbp.ereader.tests.Search_Notes_Test"/>
  <testcase name="Test010_Verify_User_Is_Able_To_Select_Paragraph" time="9.791" classname="com.qait.hbp.ereader.tests.Search_Notes_Test"/>
  <testcase name="Test0033_Click_Back_Button_For_Handheld" time="4.428" classname="com.qait.hbp.ereader.tests.Search_Notes_Test"/>
  <testcase name="Test0020_Switch_To_the_eReader_Window" time="189.430" classname="com.qait.hbp.ereader.tests.Search_Notes_Test"/>
  <testcase name="Test032_Click_Back_Button_For_Handheld" time="30.065" classname="com.qait.hbp.ereader.tests.Search_Notes_Test">
    <error type="java.lang.AssertionError" message="[ASSERT FAILED]: Element bodyElement not found on the eReader/AnnotationHighlights !!!">
      <![CDATA[java.lang.AssertionError: [ASSERT FAILED]: Element bodyElement not found on the eReader/AnnotationHighlights !!!
	at org.testng.Assert.fail(Assert.java:94)
	at com.qait.hbp.automation.getpageobjects.GetPage.element(GetPage.java:387)
	at com.qait.hbp.automation.getpageobjects.GetPage.element(GetPage.java:331)
	at com.qait.hbp.ereader.keywords.AnnotationHighlightActions.click_Back_Button(AnnotationHighlightActions.java:805)
	at com.qait.hbp.ereader.tests.Search_Notes_Test.Test032_Click_Back_Button_For_Handheld(Search_Notes_Test.java:352)
	at sun.reflect.NativeMethodAccessorImpl.invoke0(Native Method)
	at sun.reflect.NativeMethodAccessorImpl.invoke(Unknown Source)
	at sun.reflect.DelegatingMethodAccessorImpl.invoke(Unknown Source)
	at java.lang.reflect.Method.invoke(Unknown Source)
=======
	at java.util.concurrent.ThreadPoolExecutor.runWorker(ThreadPoolExecutor.java:1142)
	at java.util.concurrent.ThreadPoolExecutor$Worker.run(ThreadPoolExecutor.java:617)
	at java.lang.Thread.run(Thread.java:745)
]]>
    </failure>
  </testcase> <!-- Test030_Verify_That_User_Is_Able_To_Enter_Text_In_Search_Notes_Field -->
  <testcase name="Test0201_Verify_User_Is_Able_To_Cancel_Search" time="0.085" classname="com.qait.hbp.ereader.tests.Search_Notes_Test"/>
  <testcase name="Test018_Verify_User_Is_Able_To_Enter_Text_In_Search_Notes_Field" time="1.207" classname="com.qait.hbp.ereader.tests.Search_Notes_Test"/>
  <testcase name="Test0034_Verify_Notes_Pane_Closes_When_User_Clicks_Notes_Icon_Again" time="3.232" classname="com.qait.hbp.ereader.tests.Search_Notes_Test"/>
  <testcase name="Test025_Verify_Highlighted_Notes_Are_Displayed_In_Serial_Order_Of_Page_Number" time="2.307" classname="com.qait.hbp.ereader.tests.Search_Notes_Test"/>
  <testcase name="Test031_Verify_User_Is_Able_To_close_Search_Pane" time="30.082" classname="com.qait.hbp.ereader.tests.Search_Notes_Test">
    <failure type="org.openqa.selenium.TimeoutException" message="Timed out after 30 seconds waiting for presence of element located by: By.xpath: //div[@class=&#039;sidebar&#039;]/div[contains(@class,&#039;sidebar-notes&#039;)]
Build info: version: &#039;2.52.0&#039;, revision: &#039;4c2593cfc3689a7fcd7be52549167e5ccc93ad28&#039;, time: &#039;2016-02-11 11:22:43&#039;
System info: host: &#039;asda0064&#039;, ip: &#039;127.0.1.1&#039;, os.name: &#039;Linux&#039;, os.arch: &#039;amd64&#039;, os.version: &#039;3.13.0-88-generic&#039;, java.version: &#039;1.8.0_91&#039;
Driver info: org.openqa.selenium.firefox.FirefoxDriver
Capabilities [{applicationCacheEnabled=true, rotatable=false, handlesAlerts=true, databaseEnabled=true, version=46.0, platform=LINUX, nativeEvents=false, acceptSslCerts=true, webStorageEnabled=true, locationContextEnabled=true, browserName=firefox, takesScreenshot=true, javascriptEnabled=true, cssSelectorsEnabled=true}]
Session ID: 358f877c-4143-452f-ab4d-589327eb2715">
      <![CDATA[org.openqa.selenium.TimeoutException: Timed out after 30 seconds waiting for presence of element located by: By.xpath: //div[@class='sidebar']/div[contains(@class,'sidebar-notes')]
Build info: version: '2.52.0', revision: '4c2593cfc3689a7fcd7be52549167e5ccc93ad28', time: '2016-02-11 11:22:43'
System info: host: 'asda0064', ip: '127.0.1.1', os.name: 'Linux', os.arch: 'amd64', os.version: '3.13.0-88-generic', java.version: '1.8.0_91'
Driver info: org.openqa.selenium.firefox.FirefoxDriver
Capabilities [{applicationCacheEnabled=true, rotatable=false, handlesAlerts=true, databaseEnabled=true, version=46.0, platform=LINUX, nativeEvents=false, acceptSslCerts=true, webStorageEnabled=true, locationContextEnabled=true, browserName=firefox, takesScreenshot=true, javascriptEnabled=true, cssSelectorsEnabled=true}]
Session ID: 358f877c-4143-452f-ab4d-589327eb2715
	at org.openqa.selenium.support.ui.WebDriverWait.timeoutException(WebDriverWait.java:80)
	at org.openqa.selenium.support.ui.FluentWait.until(FluentWait.java:261)
	at com.qait.hbp.automation.utils.SeleniumWait.checkPresenceOfElementInDom(SeleniumWait.java:145)
	at com.qait.hbp.automation.getpageobjects.GetPage.elementPresent(GetPage.java:349)
	at com.qait.hbp.automation.getpageobjects.GetPage.elementPresent(GetPage.java:336)
	at com.qait.hbp.ereader.keywords.AnnotationHighlightActions.verify_User_Is_Able_To_Close_Notes_Pane(AnnotationHighlightActions.java:834)
	at com.qait.hbp.ereader.tests.Search_Notes_Test.Test031_Verify_User_Is_Able_To_close_Search_Pane(Search_Notes_Test.java:346)
	at sun.reflect.NativeMethodAccessorImpl.invoke0(Native Method)
	at sun.reflect.NativeMethodAccessorImpl.invoke(NativeMethodAccessorImpl.java:62)
	at sun.reflect.DelegatingMethodAccessorImpl.invoke(DelegatingMethodAccessorImpl.java:43)
	at java.lang.reflect.Method.invoke(Method.java:498)
	at org.testng.internal.MethodInvocationHelper.invokeMethod(MethodInvocationHelper.java:84)
	at org.testng.internal.Invoker.invokeMethod(Invoker.java:714)
	at org.testng.internal.Invoker.invokeTestMethod(Invoker.java:901)
	at org.testng.internal.Invoker.invokeTestMethods(Invoker.java:1231)
	at org.testng.internal.TestMethodWorker.invokeTestMethods(TestMethodWorker.java:127)
	at org.testng.internal.TestMethodWorker.run(TestMethodWorker.java:111)
	at java.util.concurrent.ThreadPoolExecutor.runWorker(ThreadPoolExecutor.java:1142)
	at java.util.concurrent.ThreadPoolExecutor$Worker.run(ThreadPoolExecutor.java:617)
	at java.lang.Thread.run(Thread.java:745)
Caused by: org.openqa.selenium.NoSuchElementException: Unable to locate element: {"method":"xpath","selector":"//div[@class='sidebar']/div[contains(@class,'sidebar-notes')]"}
Command duration or timeout: 30.06 seconds
For documentation on this error, please visit: http://seleniumhq.org/exceptions/no_such_element.html
Build info: version: '2.52.0', revision: '4c2593cfc3689a7fcd7be52549167e5ccc93ad28', time: '2016-02-11 11:22:43'
System info: host: 'asda0064', ip: '127.0.1.1', os.name: 'Linux', os.arch: 'amd64', os.version: '3.13.0-88-generic', java.version: '1.8.0_91'
Driver info: org.openqa.selenium.firefox.FirefoxDriver
Capabilities [{applicationCacheEnabled=true, rotatable=false, handlesAlerts=true, databaseEnabled=true, version=46.0, platform=LINUX, nativeEvents=false, acceptSslCerts=true, webStorageEnabled=true, locationContextEnabled=true, browserName=firefox, takesScreenshot=true, javascriptEnabled=true, cssSelectorsEnabled=true}]
Session ID: 358f877c-4143-452f-ab4d-589327eb2715
*** Element info: {Using=xpath, value=//div[@class='sidebar']/div[contains(@class,'sidebar-notes')]}
	at sun.reflect.NativeConstructorAccessorImpl.newInstance0(Native Method)
	at sun.reflect.NativeConstructorAccessorImpl.newInstance(NativeConstructorAccessorImpl.java:62)
	at sun.reflect.DelegatingConstructorAccessorImpl.newInstance(DelegatingConstructorAccessorImpl.java:45)
	at java.lang.reflect.Constructor.newInstance(Constructor.java:423)
	at org.openqa.selenium.remote.ErrorHandler.createThrowable(ErrorHandler.java:206)
	at org.openqa.selenium.remote.ErrorHandler.throwIfResponseFailed(ErrorHandler.java:158)
	at org.openqa.selenium.remote.RemoteWebDriver.execute(RemoteWebDriver.java:678)
	at org.openqa.selenium.remote.RemoteWebDriver.findElement(RemoteWebDriver.java:363)
	at org.openqa.selenium.remote.RemoteWebDriver.findElementByXPath(RemoteWebDriver.java:500)
	at org.openqa.selenium.By$ByXPath.findElement(By.java:361)
	at org.openqa.selenium.remote.RemoteWebDriver.findElement(RemoteWebDriver.java:355)
	at org.openqa.selenium.support.ui.ExpectedConditions.findElement(ExpectedConditions.java:911)
	at org.openqa.selenium.support.ui.ExpectedConditions.access$000(ExpectedConditions.java:41)
	at org.openqa.selenium.support.ui.ExpectedConditions$6.apply(ExpectedConditions.java:181)
	at org.openqa.selenium.support.ui.ExpectedConditions$6.apply(ExpectedConditions.java:178)
	at org.openqa.selenium.support.ui.FluentWait.until(FluentWait.java:238)
	... 18 more
Caused by: org.openqa.selenium.NoSuchElementException: Unable to locate element: {"method":"xpath","selector":"//div[@class='sidebar']/div[contains(@class,'sidebar-notes')]"}
For documentation on this error, please visit: http://seleniumhq.org/exceptions/no_such_element.html
Build info: version: '2.52.0', revision: '4c2593cfc3689a7fcd7be52549167e5ccc93ad28', time: '2016-02-11 11:22:43'
System info: host: 'asda0064', ip: '127.0.1.1', os.name: 'Linux', os.arch: 'amd64', os.version: '3.13.0-88-generic', java.version: '1.8.0_91'
Driver info: driver.version: unknown
	at <anonymous class>.FirefoxDriver.prototype.findElementInternal_(file:///tmp/anonymous3024957455446736031webdriver-profile/extensions/fxdriver@googlecode.com/components/driver-component.js:10723)
	at <anonymous class>.fxdriver.Timer.prototype.setTimeout/<.notify(file:///tmp/anonymous3024957455446736031webdriver-profile/extensions/fxdriver@googlecode.com/components/driver-component.js:623)
]]>
    </failure>
  </testcase> <!-- Test031_Verify_User_Is_Able_To_close_Search_Pane -->
  <testcase name="Test0110_Verify_User_Is_Able_To_Highlight_Paragraph" time="0.228" classname="com.qait.hbp.ereader.tests.Search_Notes_Test"/>
  <testcase name="Test033_Verify_That_Search_Results_Are_Not_Retained_once_User_Performs_Any_Activity_And_ReVisits_Notes_Pane" time="30.087" classname="com.qait.hbp.ereader.tests.Search_Notes_Test">
    <error type="java.lang.AssertionError" message="[ASSERT FAILED]: Element right_chevron_icon not found on the eReader/TableOfContents !!!">
      <![CDATA[java.lang.AssertionError: [ASSERT FAILED]: Element right_chevron_icon not found on the eReader/TableOfContents !!!
	at org.testng.Assert.fail(Assert.java:94)
	at com.qait.hbp.automation.getpageobjects.GetPage.element(GetPage.java:387)
	at com.qait.hbp.automation.getpageobjects.GetPage.element(GetPage.java:331)
	at com.qait.hbp.ereader.keywords.NavigationActions.click_On_Right_chevron_Icon(NavigationActions.java:686)
	at com.qait.hbp.ereader.tests.Search_Notes_Test.Test033_Verify_That_Search_Results_Are_Not_Retained_once_User_Performs_Any_Activity_And_ReVisits_Notes_Pane(Search_Notes_Test.java:359)
	at sun.reflect.NativeMethodAccessorImpl.invoke0(Native Method)
	at sun.reflect.NativeMethodAccessorImpl.invoke(NativeMethodAccessorImpl.java:62)
	at sun.reflect.DelegatingMethodAccessorImpl.invoke(DelegatingMethodAccessorImpl.java:43)
	at java.lang.reflect.Method.invoke(Method.java:498)
>>>>>>> 8c85882fc963d15e2380aa72416ca80fe3360065
>>>>>>> 745e4fc0f1529382b857c58bba83ed3ab4386143
	at org.testng.internal.MethodInvocationHelper.invokeMethod(MethodInvocationHelper.java:84)
	at org.testng.internal.Invoker.invokeMethod(Invoker.java:714)
	at org.testng.internal.Invoker.invokeTestMethod(Invoker.java:901)
	at org.testng.internal.Invoker.invokeTestMethods(Invoker.java:1231)
	at org.testng.internal.TestMethodWorker.invokeTestMethods(TestMethodWorker.java:127)
	at org.testng.internal.TestMethodWorker.run(TestMethodWorker.java:111)
<<<<<<< HEAD
=======
<<<<<<< HEAD
>>>>>>> 745e4fc0f1529382b857c58bba83ed3ab4386143
	at org.testng.TestRunner.privateRun(TestRunner.java:767)
	at org.testng.TestRunner.run(TestRunner.java:617)
	at org.testng.SuiteRunner.runTest(SuiteRunner.java:334)
	at org.testng.SuiteRunner.runSequentially(SuiteRunner.java:329)
	at org.testng.SuiteRunner.privateRun(SuiteRunner.java:291)
	at org.testng.SuiteRunner.run(SuiteRunner.java:240)
	at org.testng.SuiteRunnerWorker.runSuite(SuiteRunnerWorker.java:52)
	at org.testng.SuiteRunnerWorker.run(SuiteRunnerWorker.java:86)
	at org.testng.TestNG.runSuitesSequentially(TestNG.java:1224)
	at org.testng.TestNG.runSuitesLocally(TestNG.java:1149)
	at org.testng.TestNG.run(TestNG.java:1057)
	at org.testng.remote.AbstractRemoteTestNG.run(AbstractRemoteTestNG.java:126)
	at org.testng.remote.RemoteTestNG.initAndRun(RemoteTestNG.java:137)
	at org.testng.remote.RemoteTestNG.main(RemoteTestNG.java:58)
]]>
<<<<<<< HEAD
    </failure>
  </testcase> <!-- Test0281_Verify_On_Clicking_highlightedText_In_Content_Notes_Pane_Opens_With_Related_Annotation_Text -->
  <testcase name="Test013_Verify_User_Is_Able_To_Highlight_Paragraph" time="2.208" classname="com.qait.hbp.ereader.tests.Search_Notes_Test"/>
  <testcase name="Test024_Verify_Ghost_Text_Appears_In_Notes_Pane" time="2.016" classname="com.qait.hbp.ereader.tests.Search_Notes_Test"/>
=======
    </error>
  </testcase> <!-- Test032_Click_Back_Button_For_Handheld -->
  <testcase name="Test006_Verify_User_Is_Able_To_Highlight_Paragraph" time="1.771" classname="com.qait.hbp.ereader.tests.Search_Notes_Test"/>
  <testcase name="Test0073_Verify_User_Is_Able_To_Select_Paragraph" time="10.931" classname="com.qait.hbp.ereader.tests.Search_Notes_Test"/>
  <testcase name="Test0211_Click_Back_Button_For_Handheld" time="4.272" classname="com.qait.hbp.ereader.tests.Search_Notes_Test"/>
  <testcase name="Test0201_Verify_User_Is_Able_To_Cancel_Search" time="0.867" classname="com.qait.hbp.ereader.tests.Search_Notes_Test"/>
  <testcase name="Test0192_Verify_Notes_Pane_Opens_When_User_Clicks_Notes_Icon" time="6.635" classname="com.qait.hbp.ereader.tests.Search_Notes_Test"/>
  <testcase name="Test0014_Verify_User_Is_Able_To_Navigate_to_Launch_eReader" time="1.517" classname="com.qait.hbp.ereader.tests.Search_Notes_Test"/>
  <testcase name="Test025_Verify_Highlighted_Notes_Are_Displayed_In_Serial_Order_Of_Page_Number" time="7.016" classname="com.qait.hbp.ereader.tests.Search_Notes_Test"/>
  <testcase name="Test0013_Verify_User_Is_Able_To_Navigate_to_eReader_Course" time="8.244" classname="com.qait.hbp.ereader.tests.Search_Notes_Test"/>
  <testcase name="Test013_Verify_User_Is_Able_To_Highlight_Paragraph" time="3.220" classname="com.qait.hbp.ereader.tests.Search_Notes_Test"/>
=======
	at java.util.concurrent.ThreadPoolExecutor.runWorker(ThreadPoolExecutor.java:1142)
	at java.util.concurrent.ThreadPoolExecutor$Worker.run(ThreadPoolExecutor.java:617)
	at java.lang.Thread.run(Thread.java:745)
]]>
    </error>
  </testcase> <!-- Test033_Verify_That_Search_Results_Are_Not_Retained_once_User_Performs_Any_Activity_And_ReVisits_Notes_Pane -->
  <testcase name="Test024_Verify_Ghost_Text_Appears_In_Notes_Pane" time="1.247" classname="com.qait.hbp.ereader.tests.Search_Notes_Test"/>
  <testcase name="Test027_Verify_Notes_Pane_Closes_When_User_Clicks_Notes_Icon_Again" time="2.305" classname="com.qait.hbp.ereader.tests.Search_Notes_Test"/>
  <testcase name="Test008_Verify_User_Is_Able_To_Highlight_Paragraph" time="0.181" classname="com.qait.hbp.ereader.tests.Search_Notes_Test"/>
  <testcase name="Test0121_Verify_User_Is_Able_To_Select_Paragraph" time="24.951" classname="com.qait.hbp.ereader.tests.Search_Notes_Test"/>
>>>>>>> 8c85882fc963d15e2380aa72416ca80fe3360065
>>>>>>> 745e4fc0f1529382b857c58bba83ed3ab4386143
</testsuite> <!-- com.qait.hbp.ereader.tests.Search_Notes_Test -->
