<?xml version="1.0" encoding="UTF-8"?>
<!-- Generated by org.testng.reporters.JUnitReportReporter -->
<testsuite hostname="DLLA1414" name="com.qait.hbp.testBuilder.tests.Create_New_Test_Bank_Test" tests="8" failures="0" timestamp="10 Aug 2016 04:36:01 GMT" time="54.600" errors="0">
  <testcase name="Test006_Verify_Form_Field_Heading" time="0.125" classname="com.qait.hbp.testBuilder.tests.Create_New_Test_Bank_Test"/>
  <testcase name="Test007_Verify_Test_Bank_Saves_Without_Selecting_Questions" time="1.693" classname="com.qait.hbp.testBuilder.tests.Create_New_Test_Bank_Test"/>
  <testcase name="Test004_Verify_User_Is_Able_To_Navigate_To_Test_Builder_Page" time="7.150" classname="com.qait.hbp.testBuilder.tests.Create_New_Test_Bank_Test"/>
  <testcase name="Test005_Verify_User_Is_Able_To_Navigate_To_Edit_Test_Page" time="9.800" classname="com.qait.hbp.testBuilder.tests.Create_New_Test_Bank_Test"/>
  <testcase name="Test003_Verify_User_Is_Able_To_Search_The_Product" time="11.315" classname="com.qait.hbp.testBuilder.tests.Create_New_Test_Bank_Test"/>
  <testcase name="Test0001_Launch_Login_URL" time="13.432" classname="com.qait.hbp.testBuilder.tests.Create_New_Test_Bank_Test"/>
  <testcase name="Test002_Verify_User_Is_Able_To_Login_Into_Application" time="10.587" classname="com.qait.hbp.testBuilder.tests.Create_New_Test_Bank_Test"/>
  <testcase name="Test008_Verify_Added_Discipline_Showsup_In_Build_New_Test_Dropdown" time="0.498" classname="com.qait.hbp.testBuilder.tests.Create_New_Test_Bank_Test"/>
</testsuite> <!-- com.qait.hbp.testBuilder.tests.Create_New_Test_Bank_Test -->
