<?xml version="1.0" encoding="UTF-8"?>
<!-- Generated by org.testng.reporters.JUnitReportReporter -->
<<<<<<< HEAD
<testsuite hostname="DLLA1462" name="com.qait.hbp.ereader.tests.Search_Text_Test" tests="24" failures="0" timestamp="29 Jul 2016 09:27:55 GMT" time="311.979" errors="0">
  <testcase name="Test0022_Verify_Correct_Messaging_Is_Displayed_On_Read_Offline_PopUp" time="0.696" classname="com.qait.hbp.ereader.tests.Search_Text_Test"/>
  <testcase name="Test0032_Verify_Focus_Of_The_Cursor_Is_On_Search_Publication_Text_Box" time="0.760" classname="com.qait.hbp.ereader.tests.Search_Text_Test"/>
  <testcase name="Test0010_Launch_Login_URL" time="7.893" classname="com.qait.hbp.ereader.tests.Search_Text_Test"/>
  <testcase name="Test009_Verify_User_Is_Able_To_Open_Search_Text_Pane" time="3.487" classname="com.qait.hbp.ereader.tests.Search_Text_Test"/>
  <testcase name="Test014_Verify_Search_Results_Count_Is_Displayed_Along_With_Search_Results_On_entering_Search_Term" time="31.558" classname="com.qait.hbp.ereader.tests.Search_Text_Test"/>
  <testcase name="Test020_Verify_That_Search_Results_Are_Retained_once_User_Performs_Any_Activity_And_ReVisits_Search_Pane" time="40.425" classname="com.qait.hbp.ereader.tests.Search_Text_Test"/>
  <testcase name="Test004_Verify_User_Is_Able_To_Enter_Search_Term" time="33.670" classname="com.qait.hbp.ereader.tests.Search_Text_Test"/>
  <testcase name="Test0014_Verify_User_Is_Able_To_Navigate_to_Launch_eReader" time="1.496" classname="com.qait.hbp.ereader.tests.Search_Text_Test"/>
  <testcase name="Test018_Click_Back_Button_For_Handheld" time="0.312" classname="com.qait.hbp.ereader.tests.Search_Text_Test"/>
  <testcase name="Test0011_Verify_User_Is_Able_To_Login_Into_Application" time="14.803" classname="com.qait.hbp.ereader.tests.Search_Text_Test"/>
  <testcase name="Test0013_Verify_User_Is_Able_To_Navigate_to_eReader_Course" time="17.898" classname="com.qait.hbp.ereader.tests.Search_Text_Test"/>
  <testcase name="Test005_Verify_Page_Number_Is_Displayed_In_Searched_Results" time="8.312" classname="com.qait.hbp.ereader.tests.Search_Text_Test"/>
  <testcase name="Test015_Verify_That_On_Clicking_Cross_Icon_In_Search_Bar_Search_Gets_Deleted" time="24.109" classname="com.qait.hbp.ereader.tests.Search_Text_Test"/>
  <testcase name="Test0033_Verify_That_Informatory_Message_Is_Displayed_Under_Search_Bar" time="1.082" classname="com.qait.hbp.ereader.tests.Search_Text_Test"/>
  <testcase name="Test008_Verify_Searched_Content_Is_Highlighted" time="0.966" classname="com.qait.hbp.ereader.tests.Search_Text_Test"/>
  <testcase name="Test016_Verify_That_No_Results_Found_Is_Displayed_When_There_Are_No_Appropriate_Results" time="71.944" classname="com.qait.hbp.ereader.tests.Search_Text_Test"/>
  <testcase name="Test006_Verify_All_The_Searched_Results_Are_Highlighed" time="8.188" classname="com.qait.hbp.ereader.tests.Search_Text_Test"/>
  <testcase name="Test0031_Verify_Cross_Icon_Is_Not_Displayed_When_Search_Is_Empty" time="0.578" classname="com.qait.hbp.ereader.tests.Search_Text_Test"/>
  <testcase name="Test007_Verify_User_Is_Navigated_To_Correct_Searched_Result" time="5.344" classname="com.qait.hbp.ereader.tests.Search_Text_Test"/>
  <testcase name="Test0012_Verify_User_Is_Able_To_Navigate_to_CoursePacks_Page" time="6.964" classname="com.qait.hbp.ereader.tests.Search_Text_Test"/>
  <testcase name="Test0023_Click_Not_Now" time="0.771" classname="com.qait.hbp.ereader.tests.Search_Text_Test"/>
  <testcase name="Test0020_Switch_To_the_eReader_Window" time="26.330" classname="com.qait.hbp.ereader.tests.Search_Text_Test"/>
  <testcase name="Test0030_Verify_User_Is_Able_To_Click_And_Launch_Global_Search_Pane" time="3.877" classname="com.qait.hbp.ereader.tests.Search_Text_Test"/>
  <testcase name="Test012_Verify_That_Ghost_Text_Search_Publication_Is_Present_In_Search_Bar" time="0.516" classname="com.qait.hbp.ereader.tests.Search_Text_Test"/>
=======
<<<<<<< HEAD
<testsuite hostname="DLLA1458" name="com.qait.hbp.ereader.tests.Search_Text_Test" tests="25" failures="0" timestamp="27 Jul 2016 11:25:38 GMT" time="416.657" errors="0">
  <testcase name="Test008_Verify_Searched_Content_Is_Highlighted" time="0.239" classname="com.qait.hbp.ereader.tests.Search_Text_Test"/>
  <testcase name="Test017_Verify_User_Is_Able_To_close_Search_Pane" time="10.570" classname="com.qait.hbp.ereader.tests.Search_Text_Test"/>
  <testcase name="Test0014_Verify_User_Is_Able_To_Navigate_to_Launch_eReader" time="0.549" classname="com.qait.hbp.ereader.tests.Search_Text_Test"/>
  <testcase name="Test005_Verify_Page_Number_Is_Displayed_In_Searched_Results" time="1.308" classname="com.qait.hbp.ereader.tests.Search_Text_Test"/>
  <testcase name="Test0013_Verify_User_Is_Able_To_Navigate_to_eReader_Course" time="13.362" classname="com.qait.hbp.ereader.tests.Search_Text_Test"/>
  <testcase name="Test0020_Switch_To_the_eReader_Window" time="202.369" classname="com.qait.hbp.ereader.tests.Search_Text_Test"/>
  <testcase name="Test0030_Verify_User_Is_Able_To_Click_And_Launch_Global_Search_Pane" time="4.993" classname="com.qait.hbp.ereader.tests.Search_Text_Test"/>
  <testcase name="Test0033_Verify_That_Informatory_Message_Is_Displayed_Under_Search_Bar" time="0.296" classname="com.qait.hbp.ereader.tests.Search_Text_Test"/>
  <testcase name="Test004_Verify_User_Is_Able_To_Enter_Search_Term" time="25.744" classname="com.qait.hbp.ereader.tests.Search_Text_Test"/>
  <testcase name="Test0011_Verify_User_Is_Able_To_Login_Into_Application" time="15.633" classname="com.qait.hbp.ereader.tests.Search_Text_Test"/>
  <testcase name="Test0032_Verify_Focus_Of_The_Cursor_Is_On_Search_Publication_Text_Box" time="0.266" classname="com.qait.hbp.ereader.tests.Search_Text_Test"/>
  <testcase name="Test0010_Launch_Login_URL" time="15.997" classname="com.qait.hbp.ereader.tests.Search_Text_Test"/>
  <testcase name="Test011_Verify_User_Is_Able_To_Open_Global_Search_Icon" time="4.762" classname="com.qait.hbp.ereader.tests.Search_Text_Test"/>
  <testcase name="Test007_Verify_User_Is_Navigated_To_Correct_Searched_Result" time="2.846" classname="com.qait.hbp.ereader.tests.Search_Text_Test"/>
  <testcase name="Test006_Verify_All_The_Searched_Results_Are_Highlighed" time="0.498" classname="com.qait.hbp.ereader.tests.Search_Text_Test"/>
  <testcase name="Test012_Verify_That_Ghost_Text_Search_Publication_Is_Present_In_Search_Bar" time="0.307" classname="com.qait.hbp.ereader.tests.Search_Text_Test"/>
  <testcase name="Test0024_Close_Notes_Pane_And_Navigate_To_First_Page" time="4.693" classname="com.qait.hbp.ereader.tests.Search_Text_Test"/>
  <testcase name="Test014_Verify_Search_Results_Count_Is_Displayed_Along_With_Search_Results_On_entering_Search_Term" time="25.716" classname="com.qait.hbp.ereader.tests.Search_Text_Test"/>
  <testcase name="Test019_Verify_That_Search_Results_Are_Not_Retained_once_User_Performs_Any_Activity_And_ReVisits_Search_Pane" time="9.839" classname="com.qait.hbp.ereader.tests.Search_Text_Test"/>
  <testcase name="Test015_Verify_That_On_Clicking_Cross_Icon_In_Search_Bar_Search_Gets_Deleted" time="21.201" classname="com.qait.hbp.ereader.tests.Search_Text_Test"/>
  <testcase name="Test0021_Verify_User_Is_Able_To_Navigate_Through_The_WalkThrough" time="5.467" classname="com.qait.hbp.ereader.tests.Search_Text_Test"/>
  <testcase name="Test0031_Verify_Cross_Icon_Is_Not_Displayed_When_Search_Is_Empty" time="0.082" classname="com.qait.hbp.ereader.tests.Search_Text_Test"/>
  <testcase name="Test0012_Verify_User_Is_Able_To_Navigate_to_CoursePacks_Page" time="10.281" classname="com.qait.hbp.ereader.tests.Search_Text_Test"/>
  <testcase name="Test010_Verify_Search_Text_Pane_Gets_closed_On_Again_Clicking_On_Search_Icon" time="17.530" classname="com.qait.hbp.ereader.tests.Search_Text_Test"/>
  <testcase name="Test016_Verify_That_No_Results_Found_Is_Displayed_When_There_Are_No_Appropriate_Results" time="22.109" classname="com.qait.hbp.ereader.tests.Search_Text_Test"/>
=======
<testsuite hostname="asda0064" name="com.qait.hbp.ereader.tests.Search_Text_Test" tests="25" failures="0" timestamp="27 Jul 2016 09:02:55 GMT" time="140.887" errors="1">
  <testcase name="Test0030_Verify_User_Is_Able_To_Click_And_Launch_Global_Search_Pane" time="3.079" classname="com.qait.hbp.ereader.tests.Search_Text_Test"/>
  <testcase name="Test0014_Verify_User_Is_Able_To_Navigate_to_Launch_eReader" time="0.215" classname="com.qait.hbp.ereader.tests.Search_Text_Test"/>
  <testcase name="Test011_Verify_User_Is_Able_To_Open_Global_Search_Icon" time="3.047" classname="com.qait.hbp.ereader.tests.Search_Text_Test"/>
  <testcase name="Test0010_Launch_Login_URL" time="7.338" classname="com.qait.hbp.ereader.tests.Search_Text_Test"/>
  <testcase name="Test0011_Verify_User_Is_Able_To_Login_Into_Application" time="8.640" classname="com.qait.hbp.ereader.tests.Search_Text_Test"/>
  <testcase name="Test0020_Switch_To_the_eReader_Window" time="19.092" classname="com.qait.hbp.ereader.tests.Search_Text_Test"/>
  <testcase name="Test016_Verify_That_No_Results_Found_Is_Displayed_When_There_Are_No_Appropriate_Results" time="8.153" classname="com.qait.hbp.ereader.tests.Search_Text_Test"/>
  <testcase name="Test0021_Verify_User_Is_Able_To_Navigate_Through_The_WalkThrough" time="2.694" classname="com.qait.hbp.ereader.tests.Search_Text_Test"/>
  <testcase name="Test0031_Verify_Cross_Icon_Is_Not_Displayed_When_Search_Is_Empty" time="0.016" classname="com.qait.hbp.ereader.tests.Search_Text_Test"/>
  <testcase name="Test005_Verify_Page_Number_Is_Displayed_In_Searched_Results" time="1.074" classname="com.qait.hbp.ereader.tests.Search_Text_Test"/>
  <testcase name="Test004_Verify_User_Is_Able_To_Enter_Search_Term" time="12.869" classname="com.qait.hbp.ereader.tests.Search_Text_Test"/>
  <testcase name="Test0012_Verify_User_Is_Able_To_Navigate_to_CoursePacks_Page" time="3.224" classname="com.qait.hbp.ereader.tests.Search_Text_Test"/>
  <testcase name="Test007_Verify_User_Is_Navigated_To_Correct_Searched_Result" time="2.474" classname="com.qait.hbp.ereader.tests.Search_Text_Test"/>
  <testcase name="Test010_Verify_Search_Text_Pane_Gets_closed_On_Again_Clicking_On_Search_Icon" time="4.691" classname="com.qait.hbp.ereader.tests.Search_Text_Test"/>
  <testcase name="Test0013_Verify_User_Is_Able_To_Navigate_to_eReader_Course" time="15.627" classname="com.qait.hbp.ereader.tests.Search_Text_Test"/>
  <testcase name="Test0032_Verify_Focus_Of_The_Cursor_Is_On_Search_Publication_Text_Box" time="0.031" classname="com.qait.hbp.ereader.tests.Search_Text_Test">
    <error type="java.lang.AssertionError" message="expected [true] but found [false]">
      <![CDATA[java.lang.AssertionError: expected [true] but found [false]
	at org.testng.Assert.fail(Assert.java:94)
	at org.testng.Assert.failNotEquals(Assert.java:494)
	at org.testng.Assert.assertTrue(Assert.java:42)
	at org.testng.Assert.assertTrue(Assert.java:52)
	at com.qait.hbp.ereader.keywords.SearchTextActions.Is_Focus_Of_The_Cursor_On_Search_Publication_Text_Box(SearchTextActions.java:372)
	at com.qait.hbp.ereader.tests.Search_Text_Test.Test0032_Verify_Focus_Of_The_Cursor_Is_On_Search_Publication_Text_Box(Search_Text_Test.java:123)
	at sun.reflect.NativeMethodAccessorImpl.invoke0(Native Method)
	at sun.reflect.NativeMethodAccessorImpl.invoke(NativeMethodAccessorImpl.java:62)
	at sun.reflect.DelegatingMethodAccessorImpl.invoke(DelegatingMethodAccessorImpl.java:43)
	at java.lang.reflect.Method.invoke(Method.java:498)
	at org.testng.internal.MethodInvocationHelper.invokeMethod(MethodInvocationHelper.java:84)
	at org.testng.internal.Invoker.invokeMethod(Invoker.java:714)
	at org.testng.internal.Invoker.invokeTestMethod(Invoker.java:901)
	at org.testng.internal.Invoker.invokeTestMethods(Invoker.java:1231)
	at org.testng.internal.TestMethodWorker.invokeTestMethods(TestMethodWorker.java:127)
	at org.testng.internal.TestMethodWorker.run(TestMethodWorker.java:111)
	at java.util.concurrent.ThreadPoolExecutor.runWorker(ThreadPoolExecutor.java:1142)
	at java.util.concurrent.ThreadPoolExecutor$Worker.run(ThreadPoolExecutor.java:617)
	at java.lang.Thread.run(Thread.java:745)
]]>
    </error>
  </testcase> <!-- Test0032_Verify_Focus_Of_The_Cursor_Is_On_Search_Publication_Text_Box -->
  <testcase name="Test008_Verify_Searched_Content_Is_Highlighted" time="0.040" classname="com.qait.hbp.ereader.tests.Search_Text_Test"/>
  <testcase name="Test0024_Close_Notes_Pane_And_Navigate_To_First_Page" time="2.699" classname="com.qait.hbp.ereader.tests.Search_Text_Test"/>
  <testcase name="Test0033_Verify_That_Informatory_Message_Is_Displayed_Under_Search_Bar" time="0.073" classname="com.qait.hbp.ereader.tests.Search_Text_Test"/>
  <testcase name="Test006_Verify_All_The_Searched_Results_Are_Highlighed" time="0.774" classname="com.qait.hbp.ereader.tests.Search_Text_Test"/>
  <testcase name="Test012_Verify_That_Ghost_Text_Search_Publication_Is_Present_In_Search_Bar" time="0.054" classname="com.qait.hbp.ereader.tests.Search_Text_Test"/>
  <testcase name="Test017_Verify_User_Is_Able_To_close_Search_Pane" time="4.347" classname="com.qait.hbp.ereader.tests.Search_Text_Test"/>
  <testcase name="Test015_Verify_That_On_Clicking_Cross_Icon_In_Search_Bar_Search_Gets_Deleted" time="20.605" classname="com.qait.hbp.ereader.tests.Search_Text_Test"/>
  <testcase name="Test014_Verify_Search_Results_Count_Is_Displayed_Along_With_Search_Results_On_entering_Search_Term" time="12.826" classname="com.qait.hbp.ereader.tests.Search_Text_Test"/>
  <testcase name="Test019_Verify_That_Search_Results_Are_Not_Retained_once_User_Performs_Any_Activity_And_ReVisits_Search_Pane" time="7.205" classname="com.qait.hbp.ereader.tests.Search_Text_Test"/>
>>>>>>> 8c85882fc963d15e2380aa72416ca80fe3360065
>>>>>>> 745e4fc0f1529382b857c58bba83ed3ab4386143
</testsuite> <!-- com.qait.hbp.ereader.tests.Search_Text_Test -->
